5050
5050/
5050/spec-5050-56215-0001.fits
5050/spec-5050-56215-0002.fits
5050/spec-5050-56215-0003.fits
5050/spec-5050-56215-0004.fits
5050/spec-5050-56215-0005.fits
5050/spec-5050-56215-0006.fits
5050/spec-5050-56215-0007.fits
5050/spec-5050-56215-0008.fits
5050/spec-5050-56215-0009.fits
5050/spec-5050-56215-0010.fits
5050/spec-5050-56215-0011.fits
5050/spec-5050-56215-0012.fits
5050/spec-5050-56215-0013.fits
5050/spec-5050-56215-0014.fits
5050/spec-5050-56215-0015.fits
5050/spec-5050-56215-0016.fits
5050/spec-5050-56215-0017.fits
5050/spec-5050-56215-0018.fits
5050/spec-5050-56215-0019.fits
5050/spec-5050-56215-0020.fits
5050/spec-5050-56215-0021.fits
5050/spec-5050-56215-0022.fits
5050/spec-5050-56215-0023.fits
5050/spec-5050-56215-0024.fits
5050/spec-5050-56215-0025.fits
5050/spec-5050-56215-0026.fits
5050/spec-5050-56215-0027.fits
5050/spec-5050-56215-0028.fits
5050/spec-5050-56215-0029.fits
5050/spec-5050-56215-0030.fits
5050/spec-5050-56215-0031.fits
5050/spec-5050-56215-0032.fits
5050/spec-5050-56215-0033.fits
5050/spec-5050-56215-0034.fits
5050/spec-5050-56215-0035.fits
5050/spec-5050-56215-0036.fits
5050/spec-5050-56215-0037.fits
5050/spec-5050-56215-0038.fits
5050/spec-5050-56215-0039.fits
5050/spec-5050-56215-0040.fits
5050/spec-5050-56215-0041.fits
5050/spec-5050-56215-0042.fits
5050/spec-5050-56215-0043.fits
5050/spec-5050-56215-0044.fits
5050/spec-5050-56215-0045.fits
5050/spec-5050-56215-0046.fits
5050/spec-5050-56215-0047.fits
5050/spec-5050-56215-0048.fits
5050/spec-5050-56215-0049.fits
5050/spec-5050-56215-0050.fits
5050/spec-5050-56215-0051.fits
5050/spec-5050-56215-0052.fits
5050/spec-5050-56215-0053.fits
5050/spec-5050-56215-0054.fits
5050/spec-5050-56215-0055.fits
5050/spec-5050-56215-0056.fits
5050/spec-5050-56215-0057.fits
5050/spec-5050-56215-0058.fits
5050/spec-5050-56215-0059.fits
5050/spec-5050-56215-0060.fits
5050/spec-5050-56215-0061.fits
5050/spec-5050-56215-0062.fits
5050/spec-5050-56215-0063.fits
5050/spec-5050-56215-0064.fits
5050/spec-5050-56215-0065.fits
5050/spec-5050-56215-0066.fits
5050/spec-5050-56215-0067.fits
5050/spec-5050-56215-0068.fits
5050/spec-5050-56215-0069.fits
5050/spec-5050-56215-0070.fits
5050/spec-5050-56215-0071.fits
5050/spec-5050-56215-0072.fits
5050/spec-5050-56215-0073.fits
5050/spec-5050-56215-0074.fits
5050/spec-5050-56215-0075.fits
5050/spec-5050-56215-0076.fits
5050/spec-5050-56215-0077.fits
5050/spec-5050-56215-0078.fits
5050/spec-5050-56215-0079.fits
5050/spec-5050-56215-0080.fits
5050/spec-5050-56215-0081.fits
5050/spec-5050-56215-0082.fits
5050/spec-5050-56215-0083.fits
5050/spec-5050-56215-0084.fits
5050/spec-5050-56215-0085.fits
5050/spec-5050-56215-0086.fits
5050/spec-5050-56215-0087.fits
5050/spec-5050-56215-0088.fits
5050/spec-5050-56215-0089.fits
5050/spec-5050-56215-0090.fits
5050/spec-5050-56215-0091.fits
5050/spec-5050-56215-0092.fits
5050/spec-5050-56215-0093.fits
5050/spec-5050-56215-0094.fits
5050/spec-5050-56215-0095.fits
5050/spec-5050-56215-0096.fits
5050/spec-5050-56215-0097.fits
5050/spec-5050-56215-0098.fits
5050/spec-5050-56215-0099.fits
5050/spec-5050-56215-0100.fits
5050/spec-5050-56215-0101.fits
5050/spec-5050-56215-0102.fits
5050/spec-5050-56215-0103.fits
5050/spec-5050-56215-0104.fits
5050/spec-5050-56215-0105.fits
5050/spec-5050-56215-0106.fits
5050/spec-5050-56215-0107.fits
5050/spec-5050-56215-0108.fits
5050/spec-5050-56215-0109.fits
5050/spec-5050-56215-0110.fits
5050/spec-5050-56215-0111.fits
5050/spec-5050-56215-0112.fits
5050/spec-5050-56215-0113.fits
5050/spec-5050-56215-0114.fits
5050/spec-5050-56215-0115.fits
5050/spec-5050-56215-0116.fits
5050/spec-5050-56215-0117.fits
5050/spec-5050-56215-0118.fits
5050/spec-5050-56215-0119.fits
5050/spec-5050-56215-0120.fits
5050/spec-5050-56215-0121.fits
5050/spec-5050-56215-0122.fits
5050/spec-5050-56215-0123.fits
5050/spec-5050-56215-0124.fits
5050/spec-5050-56215-0125.fits
5050/spec-5050-56215-0126.fits
5050/spec-5050-56215-0127.fits
5050/spec-5050-56215-0128.fits
5050/spec-5050-56215-0129.fits
5050/spec-5050-56215-0130.fits
5050/spec-5050-56215-0131.fits
5050/spec-5050-56215-0132.fits
5050/spec-5050-56215-0133.fits
5050/spec-5050-56215-0134.fits
5050/spec-5050-56215-0135.fits
5050/spec-5050-56215-0136.fits
5050/spec-5050-56215-0137.fits
5050/spec-5050-56215-0138.fits
5050/spec-5050-56215-0139.fits
5050/spec-5050-56215-0140.fits
5050/spec-5050-56215-0141.fits
5050/spec-5050-56215-0142.fits
5050/spec-5050-56215-0143.fits
5050/spec-5050-56215-0144.fits
5050/spec-5050-56215-0145.fits
5050/spec-5050-56215-0146.fits
5050/spec-5050-56215-0147.fits
5050/spec-5050-56215-0148.fits
5050/spec-5050-56215-0149.fits
5050/spec-5050-56215-0150.fits
5050/spec-5050-56215-0151.fits
5050/spec-5050-56215-0152.fits
5050/spec-5050-56215-0153.fits
5050/spec-5050-56215-0154.fits
5050/spec-5050-56215-0155.fits
5050/spec-5050-56215-0156.fits
5050/spec-5050-56215-0157.fits
5050/spec-5050-56215-0158.fits
5050/spec-5050-56215-0159.fits
5050/spec-5050-56215-0160.fits
5050/spec-5050-56215-0161.fits
5050/spec-5050-56215-0162.fits
5050/spec-5050-56215-0163.fits
5050/spec-5050-56215-0164.fits
5050/spec-5050-56215-0165.fits
5050/spec-5050-56215-0166.fits
5050/spec-5050-56215-0167.fits
5050/spec-5050-56215-0168.fits
5050/spec-5050-56215-0169.fits
5050/spec-5050-56215-0170.fits
5050/spec-5050-56215-0171.fits
5050/spec-5050-56215-0172.fits
5050/spec-5050-56215-0173.fits
5050/spec-5050-56215-0174.fits
5050/spec-5050-56215-0175.fits
5050/spec-5050-56215-0176.fits
5050/spec-5050-56215-0177.fits
5050/spec-5050-56215-0178.fits
5050/spec-5050-56215-0179.fits
5050/spec-5050-56215-0180.fits
5050/spec-5050-56215-0181.fits
5050/spec-5050-56215-0182.fits
5050/spec-5050-56215-0183.fits
5050/spec-5050-56215-0184.fits
5050/spec-5050-56215-0185.fits
5050/spec-5050-56215-0186.fits
5050/spec-5050-56215-0187.fits
5050/spec-5050-56215-0188.fits
5050/spec-5050-56215-0189.fits
5050/spec-5050-56215-0190.fits
5050/spec-5050-56215-0191.fits
5050/spec-5050-56215-0192.fits
5050/spec-5050-56215-0193.fits
5050/spec-5050-56215-0194.fits
5050/spec-5050-56215-0195.fits
5050/spec-5050-56215-0196.fits
5050/spec-5050-56215-0197.fits
5050/spec-5050-56215-0198.fits
5050/spec-5050-56215-0199.fits
5050/spec-5050-56215-0200.fits
5050/spec-5050-56215-0201.fits
5050/spec-5050-56215-0202.fits
5050/spec-5050-56215-0203.fits
5050/spec-5050-56215-0204.fits
5050/spec-5050-56215-0205.fits
5050/spec-5050-56215-0206.fits
5050/spec-5050-56215-0207.fits
5050/spec-5050-56215-0208.fits
5050/spec-5050-56215-0209.fits
5050/spec-5050-56215-0210.fits
5050/spec-5050-56215-0211.fits
5050/spec-5050-56215-0212.fits
5050/spec-5050-56215-0213.fits
5050/spec-5050-56215-0214.fits
5050/spec-5050-56215-0215.fits
5050/spec-5050-56215-0216.fits
5050/spec-5050-56215-0217.fits
5050/spec-5050-56215-0218.fits
5050/spec-5050-56215-0219.fits
5050/spec-5050-56215-0220.fits
5050/spec-5050-56215-0221.fits
5050/spec-5050-56215-0222.fits
5050/spec-5050-56215-0223.fits
5050/spec-5050-56215-0224.fits
5050/spec-5050-56215-0225.fits
5050/spec-5050-56215-0226.fits
5050/spec-5050-56215-0227.fits
5050/spec-5050-56215-0228.fits
5050/spec-5050-56215-0229.fits
5050/spec-5050-56215-0230.fits
5050/spec-5050-56215-0231.fits
5050/spec-5050-56215-0232.fits
5050/spec-5050-56215-0233.fits
5050/spec-5050-56215-0234.fits
5050/spec-5050-56215-0235.fits
5050/spec-5050-56215-0236.fits
5050/spec-5050-56215-0237.fits
5050/spec-5050-56215-0238.fits
5050/spec-5050-56215-0239.fits
5050/spec-5050-56215-0240.fits
5050/spec-5050-56215-0241.fits
5050/spec-5050-56215-0242.fits
5050/spec-5050-56215-0243.fits
5050/spec-5050-56215-0244.fits
5050/spec-5050-56215-0245.fits
5050/spec-5050-56215-0246.fits
5050/spec-5050-56215-0247.fits
5050/spec-5050-56215-0248.fits
5050/spec-5050-56215-0249.fits
5050/spec-5050-56215-0250.fits
5050/spec-5050-56215-0251.fits
5050/spec-5050-56215-0252.fits
5050/spec-5050-56215-0253.fits
5050/spec-5050-56215-0254.fits
5050/spec-5050-56215-0255.fits
5050/spec-5050-56215-0256.fits
5050/spec-5050-56215-0257.fits
5050/spec-5050-56215-0258.fits
5050/spec-5050-56215-0259.fits
5050/spec-5050-56215-0260.fits
5050/spec-5050-56215-0261.fits
5050/spec-5050-56215-0262.fits
5050/spec-5050-56215-0263.fits
5050/spec-5050-56215-0264.fits
5050/spec-5050-56215-0265.fits
5050/spec-5050-56215-0266.fits
5050/spec-5050-56215-0267.fits
5050/spec-5050-56215-0268.fits
5050/spec-5050-56215-0269.fits
5050/spec-5050-56215-0270.fits
5050/spec-5050-56215-0271.fits
5050/spec-5050-56215-0272.fits
5050/spec-5050-56215-0273.fits
5050/spec-5050-56215-0274.fits
5050/spec-5050-56215-0275.fits
5050/spec-5050-56215-0276.fits
5050/spec-5050-56215-0277.fits
5050/spec-5050-56215-0278.fits
5050/spec-5050-56215-0279.fits
5050/spec-5050-56215-0280.fits
5050/spec-5050-56215-0281.fits
5050/spec-5050-56215-0282.fits
5050/spec-5050-56215-0283.fits
5050/spec-5050-56215-0284.fits
5050/spec-5050-56215-0285.fits
5050/spec-5050-56215-0286.fits
5050/spec-5050-56215-0287.fits
5050/spec-5050-56215-0288.fits
5050/spec-5050-56215-0289.fits
5050/spec-5050-56215-0290.fits
5050/spec-5050-56215-0291.fits
5050/spec-5050-56215-0292.fits
5050/spec-5050-56215-0293.fits
5050/spec-5050-56215-0294.fits
5050/spec-5050-56215-0295.fits
5050/spec-5050-56215-0296.fits
5050/spec-5050-56215-0297.fits
5050/spec-5050-56215-0298.fits
5050/spec-5050-56215-0299.fits
5050/spec-5050-56215-0300.fits
5050/spec-5050-56215-0301.fits
5050/spec-5050-56215-0302.fits
5050/spec-5050-56215-0303.fits
5050/spec-5050-56215-0304.fits
5050/spec-5050-56215-0305.fits
5050/spec-5050-56215-0306.fits
5050/spec-5050-56215-0307.fits
5050/spec-5050-56215-0308.fits
5050/spec-5050-56215-0309.fits
5050/spec-5050-56215-0310.fits
5050/spec-5050-56215-0311.fits
5050/spec-5050-56215-0312.fits
5050/spec-5050-56215-0313.fits
5050/spec-5050-56215-0314.fits
5050/spec-5050-56215-0315.fits
5050/spec-5050-56215-0316.fits
5050/spec-5050-56215-0317.fits
5050/spec-5050-56215-0318.fits
5050/spec-5050-56215-0319.fits
5050/spec-5050-56215-0320.fits
5050/spec-5050-56215-0321.fits
5050/spec-5050-56215-0322.fits
5050/spec-5050-56215-0323.fits
5050/spec-5050-56215-0324.fits
5050/spec-5050-56215-0325.fits
5050/spec-5050-56215-0326.fits
5050/spec-5050-56215-0327.fits
5050/spec-5050-56215-0328.fits
5050/spec-5050-56215-0329.fits
5050/spec-5050-56215-0330.fits
5050/spec-5050-56215-0331.fits
5050/spec-5050-56215-0332.fits
5050/spec-5050-56215-0333.fits
5050/spec-5050-56215-0334.fits
5050/spec-5050-56215-0335.fits
5050/spec-5050-56215-0336.fits
5050/spec-5050-56215-0337.fits
5050/spec-5050-56215-0338.fits
5050/spec-5050-56215-0339.fits
5050/spec-5050-56215-0340.fits
5050/spec-5050-56215-0341.fits
5050/spec-5050-56215-0342.fits
5050/spec-5050-56215-0343.fits
5050/spec-5050-56215-0344.fits
5050/spec-5050-56215-0345.fits
5050/spec-5050-56215-0346.fits
5050/spec-5050-56215-0347.fits
5050/spec-5050-56215-0348.fits
5050/spec-5050-56215-0349.fits
5050/spec-5050-56215-0350.fits
5050/spec-5050-56215-0351.fits
5050/spec-5050-56215-0352.fits
5050/spec-5050-56215-0353.fits
5050/spec-5050-56215-0354.fits
5050/spec-5050-56215-0355.fits
5050/spec-5050-56215-0356.fits
5050/spec-5050-56215-0357.fits
5050/spec-5050-56215-0358.fits
5050/spec-5050-56215-0359.fits
5050/spec-5050-56215-0360.fits
5050/spec-5050-56215-0361.fits
5050/spec-5050-56215-0362.fits
5050/spec-5050-56215-0363.fits
5050/spec-5050-56215-0364.fits
5050/spec-5050-56215-0365.fits
5050/spec-5050-56215-0366.fits
5050/spec-5050-56215-0367.fits
5050/spec-5050-56215-0368.fits
5050/spec-5050-56215-0369.fits
5050/spec-5050-56215-0370.fits
5050/spec-5050-56215-0371.fits
5050/spec-5050-56215-0372.fits
5050/spec-5050-56215-0373.fits
5050/spec-5050-56215-0374.fits
5050/spec-5050-56215-0375.fits
5050/spec-5050-56215-0376.fits
5050/spec-5050-56215-0377.fits
5050/spec-5050-56215-0378.fits
5050/spec-5050-56215-0379.fits
5050/spec-5050-56215-0380.fits
5050/spec-5050-56215-0381.fits
5050/spec-5050-56215-0382.fits
5050/spec-5050-56215-0383.fits
5050/spec-5050-56215-0384.fits
5050/spec-5050-56215-0385.fits
5050/spec-5050-56215-0386.fits
5050/spec-5050-56215-0387.fits
5050/spec-5050-56215-0388.fits
5050/spec-5050-56215-0389.fits
5050/spec-5050-56215-0390.fits
5050/spec-5050-56215-0391.fits
5050/spec-5050-56215-0392.fits
5050/spec-5050-56215-0393.fits
5050/spec-5050-56215-0394.fits
5050/spec-5050-56215-0395.fits
5050/spec-5050-56215-0396.fits
5050/spec-5050-56215-0397.fits
5050/spec-5050-56215-0398.fits
5050/spec-5050-56215-0399.fits
5050/spec-5050-56215-0400.fits
5050/spec-5050-56215-0401.fits
5050/spec-5050-56215-0402.fits
5050/spec-5050-56215-0403.fits
5050/spec-5050-56215-0404.fits
5050/spec-5050-56215-0405.fits
5050/spec-5050-56215-0406.fits
5050/spec-5050-56215-0407.fits
5050/spec-5050-56215-0408.fits
5050/spec-5050-56215-0409.fits
5050/spec-5050-56215-0410.fits
5050/spec-5050-56215-0411.fits
5050/spec-5050-56215-0412.fits
5050/spec-5050-56215-0413.fits
5050/spec-5050-56215-0414.fits
5050/spec-5050-56215-0415.fits
5050/spec-5050-56215-0416.fits
5050/spec-5050-56215-0417.fits
5050/spec-5050-56215-0418.fits
5050/spec-5050-56215-0419.fits
5050/spec-5050-56215-0420.fits
5050/spec-5050-56215-0421.fits
5050/spec-5050-56215-0422.fits
5050/spec-5050-56215-0423.fits
5050/spec-5050-56215-0424.fits
5050/spec-5050-56215-0425.fits
5050/spec-5050-56215-0426.fits
5050/spec-5050-56215-0427.fits
5050/spec-5050-56215-0428.fits
5050/spec-5050-56215-0429.fits
5050/spec-5050-56215-0430.fits
5050/spec-5050-56215-0431.fits
5050/spec-5050-56215-0432.fits
5050/spec-5050-56215-0433.fits
5050/spec-5050-56215-0434.fits
5050/spec-5050-56215-0435.fits
5050/spec-5050-56215-0436.fits
5050/spec-5050-56215-0437.fits
5050/spec-5050-56215-0438.fits
5050/spec-5050-56215-0439.fits
5050/spec-5050-56215-0440.fits
5050/spec-5050-56215-0441.fits
5050/spec-5050-56215-0442.fits
5050/spec-5050-56215-0443.fits
5050/spec-5050-56215-0444.fits
5050/spec-5050-56215-0445.fits
5050/spec-5050-56215-0446.fits
5050/spec-5050-56215-0447.fits
5050/spec-5050-56215-0448.fits
5050/spec-5050-56215-0449.fits
5050/spec-5050-56215-0450.fits
5050/spec-5050-56215-0451.fits
5050/spec-5050-56215-0452.fits
5050/spec-5050-56215-0453.fits
5050/spec-5050-56215-0454.fits
5050/spec-5050-56215-0455.fits
5050/spec-5050-56215-0456.fits
5050/spec-5050-56215-0457.fits
5050/spec-5050-56215-0458.fits
5050/spec-5050-56215-0459.fits
5050/spec-5050-56215-0460.fits
5050/spec-5050-56215-0461.fits
5050/spec-5050-56215-0462.fits
5050/spec-5050-56215-0463.fits
5050/spec-5050-56215-0464.fits
5050/spec-5050-56215-0465.fits
5050/spec-5050-56215-0466.fits
5050/spec-5050-56215-0467.fits
5050/spec-5050-56215-0468.fits
5050/spec-5050-56215-0469.fits
5050/spec-5050-56215-0470.fits
5050/spec-5050-56215-0471.fits
5050/spec-5050-56215-0472.fits
5050/spec-5050-56215-0473.fits
5050/spec-5050-56215-0474.fits
5050/spec-5050-56215-0475.fits
5050/spec-5050-56215-0476.fits
5050/spec-5050-56215-0477.fits
5050/spec-5050-56215-0478.fits
5050/spec-5050-56215-0479.fits
5050/spec-5050-56215-0480.fits
5050/spec-5050-56215-0481.fits
5050/spec-5050-56215-0482.fits
5050/spec-5050-56215-0483.fits
5050/spec-5050-56215-0484.fits
5050/spec-5050-56215-0485.fits
5050/spec-5050-56215-0486.fits
5050/spec-5050-56215-0487.fits
5050/spec-5050-56215-0488.fits
5050/spec-5050-56215-0489.fits
5050/spec-5050-56215-0490.fits
5050/spec-5050-56215-0491.fits
5050/spec-5050-56215-0492.fits
5050/spec-5050-56215-0493.fits
5050/spec-5050-56215-0494.fits
5050/spec-5050-56215-0495.fits
5050/spec-5050-56215-0496.fits
5050/spec-5050-56215-0497.fits
5050/spec-5050-56215-0498.fits
5050/spec-5050-56215-0499.fits
5050/spec-5050-56215-0500.fits
5050/spec-5050-56215-0501.fits
5050/spec-5050-56215-0502.fits
5050/spec-5050-56215-0503.fits
5050/spec-5050-56215-0504.fits
5050/spec-5050-56215-0505.fits
5050/spec-5050-56215-0506.fits
5050/spec-5050-56215-0507.fits
5050/spec-5050-56215-0508.fits
5050/spec-5050-56215-0509.fits
5050/spec-5050-56215-0510.fits
5050/spec-5050-56215-0511.fits
5050/spec-5050-56215-0512.fits
5050/spec-5050-56215-0513.fits
5050/spec-5050-56215-0514.fits
5050/spec-5050-56215-0515.fits
5050/spec-5050-56215-0516.fits
5050/spec-5050-56215-0517.fits
5050/spec-5050-56215-0518.fits
5050/spec-5050-56215-0519.fits
5050/spec-5050-56215-0520.fits
5050/spec-5050-56215-0521.fits
5050/spec-5050-56215-0522.fits
5050/spec-5050-56215-0523.fits
5050/spec-5050-56215-0524.fits
5050/spec-5050-56215-0525.fits
5050/spec-5050-56215-0526.fits
5050/spec-5050-56215-0527.fits
5050/spec-5050-56215-0528.fits
5050/spec-5050-56215-0529.fits
5050/spec-5050-56215-0530.fits
5050/spec-5050-56215-0531.fits
5050/spec-5050-56215-0532.fits
5050/spec-5050-56215-0533.fits
5050/spec-5050-56215-0534.fits
5050/spec-5050-56215-0535.fits
5050/spec-5050-56215-0536.fits
5050/spec-5050-56215-0537.fits
5050/spec-5050-56215-0538.fits
5050/spec-5050-56215-0539.fits
5050/spec-5050-56215-0540.fits
5050/spec-5050-56215-0541.fits
5050/spec-5050-56215-0542.fits
5050/spec-5050-56215-0543.fits
5050/spec-5050-56215-0544.fits
5050/spec-5050-56215-0545.fits
5050/spec-5050-56215-0546.fits
5050/spec-5050-56215-0547.fits
5050/spec-5050-56215-0548.fits
5050/spec-5050-56215-0549.fits
5050/spec-5050-56215-0550.fits
5050/spec-5050-56215-0551.fits
5050/spec-5050-56215-0552.fits
5050/spec-5050-56215-0553.fits
5050/spec-5050-56215-0554.fits
5050/spec-5050-56215-0555.fits
5050/spec-5050-56215-0556.fits
5050/spec-5050-56215-0557.fits
5050/spec-5050-56215-0558.fits
5050/spec-5050-56215-0559.fits
5050/spec-5050-56215-0560.fits
5050/spec-5050-56215-0561.fits
5050/spec-5050-56215-0562.fits
5050/spec-5050-56215-0563.fits
5050/spec-5050-56215-0564.fits
5050/spec-5050-56215-0565.fits
5050/spec-5050-56215-0566.fits
5050/spec-5050-56215-0567.fits
5050/spec-5050-56215-0568.fits
5050/spec-5050-56215-0569.fits
5050/spec-5050-56215-0570.fits
5050/spec-5050-56215-0571.fits
5050/spec-5050-56215-0572.fits
5050/spec-5050-56215-0573.fits
5050/spec-5050-56215-0574.fits
5050/spec-5050-56215-0575.fits
5050/spec-5050-56215-0576.fits
5050/spec-5050-56215-0577.fits
5050/spec-5050-56215-0578.fits
5050/spec-5050-56215-0579.fits
5050/spec-5050-56215-0580.fits
5050/spec-5050-56215-0581.fits
5050/spec-5050-56215-0582.fits
5050/spec-5050-56215-0583.fits
5050/spec-5050-56215-0584.fits
5050/spec-5050-56215-0585.fits
5050/spec-5050-56215-0586.fits
5050/spec-5050-56215-0587.fits
5050/spec-5050-56215-0588.fits
5050/spec-5050-56215-0589.fits
5050/spec-5050-56215-0590.fits
5050/spec-5050-56215-0591.fits
5050/spec-5050-56215-0592.fits
5050/spec-5050-56215-0593.fits
5050/spec-5050-56215-0594.fits
5050/spec-5050-56215-0595.fits
5050/spec-5050-56215-0596.fits
5050/spec-5050-56215-0597.fits
5050/spec-5050-56215-0598.fits
5050/spec-5050-56215-0599.fits
5050/spec-5050-56215-0600.fits
5050/spec-5050-56215-0601.fits
5050/spec-5050-56215-0602.fits
5050/spec-5050-56215-0603.fits
5050/spec-5050-56215-0604.fits
5050/spec-5050-56215-0605.fits
5050/spec-5050-56215-0606.fits
5050/spec-5050-56215-0607.fits
5050/spec-5050-56215-0608.fits
5050/spec-5050-56215-0609.fits
5050/spec-5050-56215-0610.fits
5050/spec-5050-56215-0611.fits
5050/spec-5050-56215-0612.fits
5050/spec-5050-56215-0613.fits
5050/spec-5050-56215-0614.fits
5050/spec-5050-56215-0615.fits
5050/spec-5050-56215-0616.fits
5050/spec-5050-56215-0617.fits
5050/spec-5050-56215-0618.fits
5050/spec-5050-56215-0619.fits
5050/spec-5050-56215-0620.fits
5050/spec-5050-56215-0621.fits
5050/spec-5050-56215-0622.fits
5050/spec-5050-56215-0623.fits
5050/spec-5050-56215-0624.fits
5050/spec-5050-56215-0625.fits
5050/spec-5050-56215-0626.fits
5050/spec-5050-56215-0627.fits
5050/spec-5050-56215-0628.fits
5050/spec-5050-56215-0629.fits
5050/spec-5050-56215-0630.fits
5050/spec-5050-56215-0631.fits
5050/spec-5050-56215-0632.fits
5050/spec-5050-56215-0633.fits
5050/spec-5050-56215-0634.fits
5050/spec-5050-56215-0635.fits
5050/spec-5050-56215-0636.fits
5050/spec-5050-56215-0637.fits
5050/spec-5050-56215-0638.fits
5050/spec-5050-56215-0639.fits
5050/spec-5050-56215-0640.fits
5050/spec-5050-56215-0641.fits
5050/spec-5050-56215-0642.fits
5050/spec-5050-56215-0643.fits
5050/spec-5050-56215-0644.fits
5050/spec-5050-56215-0645.fits
5050/spec-5050-56215-0646.fits
5050/spec-5050-56215-0647.fits
5050/spec-5050-56215-0648.fits
5050/spec-5050-56215-0649.fits
5050/spec-5050-56215-0650.fits
5050/spec-5050-56215-0651.fits
5050/spec-5050-56215-0652.fits
5050/spec-5050-56215-0653.fits
5050/spec-5050-56215-0654.fits
5050/spec-5050-56215-0655.fits
5050/spec-5050-56215-0656.fits
5050/spec-5050-56215-0657.fits
5050/spec-5050-56215-0658.fits
5050/spec-5050-56215-0659.fits
5050/spec-5050-56215-0660.fits
5050/spec-5050-56215-0661.fits
5050/spec-5050-56215-0662.fits
5050/spec-5050-56215-0663.fits
5050/spec-5050-56215-0664.fits
5050/spec-5050-56215-0665.fits
5050/spec-5050-56215-0666.fits
5050/spec-5050-56215-0667.fits
5050/spec-5050-56215-0668.fits
5050/spec-5050-56215-0669.fits
5050/spec-5050-56215-0670.fits
5050/spec-5050-56215-0671.fits
5050/spec-5050-56215-0672.fits
5050/spec-5050-56215-0673.fits
5050/spec-5050-56215-0674.fits
5050/spec-5050-56215-0675.fits
5050/spec-5050-56215-0676.fits
5050/spec-5050-56215-0677.fits
5050/spec-5050-56215-0678.fits
5050/spec-5050-56215-0679.fits
5050/spec-5050-56215-0680.fits
5050/spec-5050-56215-0681.fits
5050/spec-5050-56215-0682.fits
5050/spec-5050-56215-0683.fits
5050/spec-5050-56215-0684.fits
5050/spec-5050-56215-0685.fits
5050/spec-5050-56215-0686.fits
5050/spec-5050-56215-0687.fits
5050/spec-5050-56215-0688.fits
5050/spec-5050-56215-0689.fits
5050/spec-5050-56215-0690.fits
5050/spec-5050-56215-0691.fits
5050/spec-5050-56215-0692.fits
5050/spec-5050-56215-0693.fits
5050/spec-5050-56215-0694.fits
5050/spec-5050-56215-0695.fits
5050/spec-5050-56215-0696.fits
5050/spec-5050-56215-0697.fits
5050/spec-5050-56215-0698.fits
5050/spec-5050-56215-0699.fits
5050/spec-5050-56215-0700.fits
5050/spec-5050-56215-0701.fits
5050/spec-5050-56215-0702.fits
5050/spec-5050-56215-0703.fits
5050/spec-5050-56215-0704.fits
5050/spec-5050-56215-0705.fits
5050/spec-5050-56215-0706.fits
5050/spec-5050-56215-0707.fits
5050/spec-5050-56215-0708.fits
5050/spec-5050-56215-0709.fits
5050/spec-5050-56215-0710.fits
5050/spec-5050-56215-0711.fits
5050/spec-5050-56215-0712.fits
5050/spec-5050-56215-0713.fits
5050/spec-5050-56215-0714.fits
5050/spec-5050-56215-0715.fits
5050/spec-5050-56215-0716.fits
5050/spec-5050-56215-0717.fits
5050/spec-5050-56215-0718.fits
5050/spec-5050-56215-0719.fits
5050/spec-5050-56215-0720.fits
5050/spec-5050-56215-0721.fits
5050/spec-5050-56215-0722.fits
5050/spec-5050-56215-0723.fits
5050/spec-5050-56215-0724.fits
5050/spec-5050-56215-0725.fits
5050/spec-5050-56215-0726.fits
5050/spec-5050-56215-0727.fits
5050/spec-5050-56215-0728.fits
5050/spec-5050-56215-0729.fits
5050/spec-5050-56215-0730.fits
5050/spec-5050-56215-0731.fits
5050/spec-5050-56215-0732.fits
5050/spec-5050-56215-0733.fits
5050/spec-5050-56215-0734.fits
5050/spec-5050-56215-0735.fits
5050/spec-5050-56215-0736.fits
5050/spec-5050-56215-0737.fits
5050/spec-5050-56215-0738.fits
5050/spec-5050-56215-0739.fits
5050/spec-5050-56215-0740.fits
5050/spec-5050-56215-0741.fits
5050/spec-5050-56215-0742.fits
5050/spec-5050-56215-0743.fits
5050/spec-5050-56215-0744.fits
5050/spec-5050-56215-0745.fits
5050/spec-5050-56215-0746.fits
5050/spec-5050-56215-0747.fits
5050/spec-5050-56215-0748.fits
5050/spec-5050-56215-0749.fits
5050/spec-5050-56215-0750.fits
5050/spec-5050-56215-0751.fits
5050/spec-5050-56215-0752.fits
5050/spec-5050-56215-0753.fits
5050/spec-5050-56215-0754.fits
5050/spec-5050-56215-0755.fits
5050/spec-5050-56215-0756.fits
5050/spec-5050-56215-0757.fits
5050/spec-5050-56215-0758.fits
5050/spec-5050-56215-0759.fits
5050/spec-5050-56215-0760.fits
5050/spec-5050-56215-0761.fits
5050/spec-5050-56215-0762.fits
5050/spec-5050-56215-0763.fits
5050/spec-5050-56215-0764.fits
5050/spec-5050-56215-0765.fits
5050/spec-5050-56215-0766.fits
5050/spec-5050-56215-0767.fits
5050/spec-5050-56215-0768.fits
5050/spec-5050-56215-0769.fits
5050/spec-5050-56215-0770.fits
5050/spec-5050-56215-0771.fits
5050/spec-5050-56215-0772.fits
5050/spec-5050-56215-0773.fits
5050/spec-5050-56215-0774.fits
5050/spec-5050-56215-0775.fits
5050/spec-5050-56215-0776.fits
5050/spec-5050-56215-0777.fits
5050/spec-5050-56215-0778.fits
5050/spec-5050-56215-0779.fits
5050/spec-5050-56215-0780.fits
5050/spec-5050-56215-0781.fits
5050/spec-5050-56215-0782.fits
5050/spec-5050-56215-0783.fits
5050/spec-5050-56215-0784.fits
5050/spec-5050-56215-0785.fits
5050/spec-5050-56215-0786.fits
5050/spec-5050-56215-0787.fits
5050/spec-5050-56215-0788.fits
5050/spec-5050-56215-0789.fits
5050/spec-5050-56215-0790.fits
5050/spec-5050-56215-0791.fits
5050/spec-5050-56215-0792.fits
5050/spec-5050-56215-0793.fits
5050/spec-5050-56215-0794.fits
5050/spec-5050-56215-0795.fits
5050/spec-5050-56215-0796.fits
5050/spec-5050-56215-0797.fits
5050/spec-5050-56215-0798.fits
5050/spec-5050-56215-0799.fits
5050/spec-5050-56215-0800.fits
5050/spec-5050-56215-0801.fits
5050/spec-5050-56215-0802.fits
5050/spec-5050-56215-0803.fits
5050/spec-5050-56215-0804.fits
5050/spec-5050-56215-0805.fits
5050/spec-5050-56215-0806.fits
5050/spec-5050-56215-0807.fits
5050/spec-5050-56215-0808.fits
5050/spec-5050-56215-0809.fits
5050/spec-5050-56215-0810.fits
5050/spec-5050-56215-0811.fits
5050/spec-5050-56215-0812.fits
5050/spec-5050-56215-0813.fits
5050/spec-5050-56215-0814.fits
5050/spec-5050-56215-0815.fits
5050/spec-5050-56215-0816.fits
5050/spec-5050-56215-0817.fits
5050/spec-5050-56215-0818.fits
5050/spec-5050-56215-0819.fits
5050/spec-5050-56215-0820.fits
5050/spec-5050-56215-0821.fits
5050/spec-5050-56215-0822.fits
5050/spec-5050-56215-0823.fits
5050/spec-5050-56215-0824.fits
5050/spec-5050-56215-0825.fits
5050/spec-5050-56215-0826.fits
5050/spec-5050-56215-0827.fits
5050/spec-5050-56215-0828.fits
5050/spec-5050-56215-0829.fits
5050/spec-5050-56215-0830.fits
5050/spec-5050-56215-0831.fits
5050/spec-5050-56215-0832.fits
5050/spec-5050-56215-0833.fits
5050/spec-5050-56215-0834.fits
5050/spec-5050-56215-0835.fits
5050/spec-5050-56215-0836.fits
5050/spec-5050-56215-0837.fits
5050/spec-5050-56215-0838.fits
5050/spec-5050-56215-0839.fits
5050/spec-5050-56215-0840.fits
5050/spec-5050-56215-0841.fits
5050/spec-5050-56215-0842.fits
5050/spec-5050-56215-0843.fits
5050/spec-5050-56215-0844.fits
5050/spec-5050-56215-0845.fits
5050/spec-5050-56215-0846.fits
5050/spec-5050-56215-0847.fits
5050/spec-5050-56215-0848.fits
5050/spec-5050-56215-0849.fits
5050/spec-5050-56215-0850.fits
5050/spec-5050-56215-0851.fits
5050/spec-5050-56215-0852.fits
5050/spec-5050-56215-0853.fits
5050/spec-5050-56215-0854.fits
5050/spec-5050-56215-0855.fits
5050/spec-5050-56215-0856.fits
5050/spec-5050-56215-0857.fits
5050/spec-5050-56215-0858.fits
5050/spec-5050-56215-0859.fits
5050/spec-5050-56215-0860.fits
5050/spec-5050-56215-0861.fits
5050/spec-5050-56215-0862.fits
5050/spec-5050-56215-0863.fits
5050/spec-5050-56215-0864.fits
5050/spec-5050-56215-0865.fits
5050/spec-5050-56215-0866.fits
5050/spec-5050-56215-0867.fits
5050/spec-5050-56215-0868.fits
5050/spec-5050-56215-0869.fits
5050/spec-5050-56215-0870.fits
5050/spec-5050-56215-0871.fits
5050/spec-5050-56215-0872.fits
5050/spec-5050-56215-0873.fits
5050/spec-5050-56215-0874.fits
5050/spec-5050-56215-0875.fits
5050/spec-5050-56215-0876.fits
5050/spec-5050-56215-0877.fits
5050/spec-5050-56215-0878.fits
5050/spec-5050-56215-0879.fits
5050/spec-5050-56215-0880.fits
5050/spec-5050-56215-0881.fits
5050/spec-5050-56215-0882.fits
5050/spec-5050-56215-0883.fits
5050/spec-5050-56215-0884.fits
5050/spec-5050-56215-0885.fits
5050/spec-5050-56215-0886.fits
5050/spec-5050-56215-0887.fits
5050/spec-5050-56215-0888.fits
5050/spec-5050-56215-0889.fits
5050/spec-5050-56215-0890.fits
5050/spec-5050-56215-0891.fits
5050/spec-5050-56215-0892.fits
5050/spec-5050-56215-0893.fits
5050/spec-5050-56215-0894.fits
5050/spec-5050-56215-0895.fits
5050/spec-5050-56215-0896.fits
5050/spec-5050-56215-0897.fits
5050/spec-5050-56215-0898.fits
5050/spec-5050-56215-0899.fits
5050/spec-5050-56215-0900.fits
5050/spec-5050-56215-0901.fits
5050/spec-5050-56215-0902.fits
5050/spec-5050-56215-0903.fits
5050/spec-5050-56215-0904.fits
5050/spec-5050-56215-0905.fits
5050/spec-5050-56215-0906.fits
5050/spec-5050-56215-0907.fits
5050/spec-5050-56215-0908.fits
5050/spec-5050-56215-0909.fits
5050/spec-5050-56215-0910.fits
5050/spec-5050-56215-0911.fits
5050/spec-5050-56215-0912.fits
5050/spec-5050-56215-0913.fits
5050/spec-5050-56215-0914.fits
5050/spec-5050-56215-0915.fits
5050/spec-5050-56215-0916.fits
5050/spec-5050-56215-0917.fits
5050/spec-5050-56215-0918.fits
5050/spec-5050-56215-0919.fits
5050/spec-5050-56215-0920.fits
5050/spec-5050-56215-0921.fits
5050/spec-5050-56215-0922.fits
5050/spec-5050-56215-0923.fits
5050/spec-5050-56215-0924.fits
5050/spec-5050-56215-0925.fits
5050/spec-5050-56215-0926.fits
5050/spec-5050-56215-0927.fits
5050/spec-5050-56215-0928.fits
5050/spec-5050-56215-0929.fits
5050/spec-5050-56215-0930.fits
5050/spec-5050-56215-0931.fits
5050/spec-5050-56215-0932.fits
5050/spec-5050-56215-0933.fits
5050/spec-5050-56215-0934.fits
5050/spec-5050-56215-0935.fits
5050/spec-5050-56215-0936.fits
5050/spec-5050-56215-0937.fits
5050/spec-5050-56215-0938.fits
5050/spec-5050-56215-0939.fits
5050/spec-5050-56215-0940.fits
5050/spec-5050-56215-0941.fits
5050/spec-5050-56215-0942.fits
5050/spec-5050-56215-0943.fits
5050/spec-5050-56215-0944.fits
5050/spec-5050-56215-0945.fits
5050/spec-5050-56215-0946.fits
5050/spec-5050-56215-0947.fits
5050/spec-5050-56215-0948.fits
5050/spec-5050-56215-0949.fits
5050/spec-5050-56215-0950.fits
5050/spec-5050-56215-0951.fits
5050/spec-5050-56215-0952.fits
5050/spec-5050-56215-0953.fits
5050/spec-5050-56215-0954.fits
5050/spec-5050-56215-0955.fits
5050/spec-5050-56215-0956.fits
5050/spec-5050-56215-0957.fits
5050/spec-5050-56215-0958.fits
5050/spec-5050-56215-0959.fits
5050/spec-5050-56215-0960.fits
5050/spec-5050-56215-0961.fits
5050/spec-5050-56215-0962.fits
5050/spec-5050-56215-0963.fits
5050/spec-5050-56215-0964.fits
5050/spec-5050-56215-0965.fits
5050/spec-5050-56215-0966.fits
5050/spec-5050-56215-0967.fits
5050/spec-5050-56215-0968.fits
5050/spec-5050-56215-0969.fits
5050/spec-5050-56215-0970.fits
5050/spec-5050-56215-0971.fits
5050/spec-5050-56215-0972.fits
5050/spec-5050-56215-0973.fits
5050/spec-5050-56215-0974.fits
5050/spec-5050-56215-0975.fits
5050/spec-5050-56215-0976.fits
5050/spec-5050-56215-0977.fits
5050/spec-5050-56215-0978.fits
5050/spec-5050-56215-0979.fits
5050/spec-5050-56215-0980.fits
5050/spec-5050-56215-0981.fits
5050/spec-5050-56215-0982.fits
5050/spec-5050-56215-0983.fits
5050/spec-5050-56215-0984.fits
5050/spec-5050-56215-0985.fits
5050/spec-5050-56215-0986.fits
5050/spec-5050-56215-0987.fits
5050/spec-5050-56215-0988.fits
5050/spec-5050-56215-0989.fits
5050/spec-5050-56215-0990.fits
5050/spec-5050-56215-0991.fits
5050/spec-5050-56215-0992.fits
5050/spec-5050-56215-0993.fits
5050/spec-5050-56215-0994.fits
5050/spec-5050-56215-0995.fits
5050/spec-5050-56215-0996.fits
5050/spec-5050-56215-0997.fits
5050/spec-5050-56215-0998.fits
5050/spec-5050-56215-0999.fits
5050/spec-5050-56215-1000.fits
/var/lib/condor/execute/slot1/dir_35559
5050 5050.tgz R R361.tar.gz _condor_stderr _condor_stdout cB58_Lyman_break.fit condor_exec.exe hw4.R packages packages.tar.gz tmp var
[1] "Loaded package astro."
[1] 1000
5050 5050.csv 5050.tgz R R361.tar.gz _condor_stderr _condor_stdout cB58_Lyman_break.fit condor_exec.exe hw4.R packages packages.tar.gz tmp var
