5052
5052/
5052/spec-5052-55857-0001.fits
5052/spec-5052-55857-0002.fits
5052/spec-5052-55857-0003.fits
5052/spec-5052-55857-0004.fits
5052/spec-5052-55857-0005.fits
5052/spec-5052-55857-0006.fits
5052/spec-5052-55857-0007.fits
5052/spec-5052-55857-0008.fits
5052/spec-5052-55857-0009.fits
5052/spec-5052-55857-0010.fits
5052/spec-5052-55857-0011.fits
5052/spec-5052-55857-0012.fits
5052/spec-5052-55857-0013.fits
5052/spec-5052-55857-0014.fits
5052/spec-5052-55857-0015.fits
5052/spec-5052-55857-0016.fits
5052/spec-5052-55857-0017.fits
5052/spec-5052-55857-0018.fits
5052/spec-5052-55857-0019.fits
5052/spec-5052-55857-0020.fits
5052/spec-5052-55857-0021.fits
5052/spec-5052-55857-0022.fits
5052/spec-5052-55857-0023.fits
5052/spec-5052-55857-0024.fits
5052/spec-5052-55857-0025.fits
5052/spec-5052-55857-0026.fits
5052/spec-5052-55857-0027.fits
5052/spec-5052-55857-0028.fits
5052/spec-5052-55857-0029.fits
5052/spec-5052-55857-0030.fits
5052/spec-5052-55857-0031.fits
5052/spec-5052-55857-0032.fits
5052/spec-5052-55857-0033.fits
5052/spec-5052-55857-0034.fits
5052/spec-5052-55857-0035.fits
5052/spec-5052-55857-0036.fits
5052/spec-5052-55857-0037.fits
5052/spec-5052-55857-0038.fits
5052/spec-5052-55857-0039.fits
5052/spec-5052-55857-0040.fits
5052/spec-5052-55857-0041.fits
5052/spec-5052-55857-0042.fits
5052/spec-5052-55857-0043.fits
5052/spec-5052-55857-0044.fits
5052/spec-5052-55857-0045.fits
5052/spec-5052-55857-0046.fits
5052/spec-5052-55857-0047.fits
5052/spec-5052-55857-0048.fits
5052/spec-5052-55857-0049.fits
5052/spec-5052-55857-0050.fits
5052/spec-5052-55857-0051.fits
5052/spec-5052-55857-0052.fits
5052/spec-5052-55857-0053.fits
5052/spec-5052-55857-0054.fits
5052/spec-5052-55857-0055.fits
5052/spec-5052-55857-0056.fits
5052/spec-5052-55857-0057.fits
5052/spec-5052-55857-0058.fits
5052/spec-5052-55857-0059.fits
5052/spec-5052-55857-0060.fits
5052/spec-5052-55857-0061.fits
5052/spec-5052-55857-0062.fits
5052/spec-5052-55857-0063.fits
5052/spec-5052-55857-0064.fits
5052/spec-5052-55857-0065.fits
5052/spec-5052-55857-0066.fits
5052/spec-5052-55857-0067.fits
5052/spec-5052-55857-0068.fits
5052/spec-5052-55857-0069.fits
5052/spec-5052-55857-0070.fits
5052/spec-5052-55857-0071.fits
5052/spec-5052-55857-0072.fits
5052/spec-5052-55857-0073.fits
5052/spec-5052-55857-0074.fits
5052/spec-5052-55857-0075.fits
5052/spec-5052-55857-0076.fits
5052/spec-5052-55857-0077.fits
5052/spec-5052-55857-0078.fits
5052/spec-5052-55857-0079.fits
5052/spec-5052-55857-0080.fits
5052/spec-5052-55857-0081.fits
5052/spec-5052-55857-0082.fits
5052/spec-5052-55857-0083.fits
5052/spec-5052-55857-0084.fits
5052/spec-5052-55857-0085.fits
5052/spec-5052-55857-0086.fits
5052/spec-5052-55857-0087.fits
5052/spec-5052-55857-0088.fits
5052/spec-5052-55857-0089.fits
5052/spec-5052-55857-0090.fits
5052/spec-5052-55857-0091.fits
5052/spec-5052-55857-0092.fits
5052/spec-5052-55857-0093.fits
5052/spec-5052-55857-0094.fits
5052/spec-5052-55857-0095.fits
5052/spec-5052-55857-0096.fits
5052/spec-5052-55857-0097.fits
5052/spec-5052-55857-0098.fits
5052/spec-5052-55857-0099.fits
5052/spec-5052-55857-0100.fits
5052/spec-5052-55857-0101.fits
5052/spec-5052-55857-0102.fits
5052/spec-5052-55857-0103.fits
5052/spec-5052-55857-0104.fits
5052/spec-5052-55857-0105.fits
5052/spec-5052-55857-0106.fits
5052/spec-5052-55857-0107.fits
5052/spec-5052-55857-0108.fits
5052/spec-5052-55857-0109.fits
5052/spec-5052-55857-0110.fits
5052/spec-5052-55857-0111.fits
5052/spec-5052-55857-0112.fits
5052/spec-5052-55857-0113.fits
5052/spec-5052-55857-0114.fits
5052/spec-5052-55857-0115.fits
5052/spec-5052-55857-0116.fits
5052/spec-5052-55857-0117.fits
5052/spec-5052-55857-0118.fits
5052/spec-5052-55857-0119.fits
5052/spec-5052-55857-0120.fits
5052/spec-5052-55857-0121.fits
5052/spec-5052-55857-0122.fits
5052/spec-5052-55857-0123.fits
5052/spec-5052-55857-0124.fits
5052/spec-5052-55857-0125.fits
5052/spec-5052-55857-0126.fits
5052/spec-5052-55857-0127.fits
5052/spec-5052-55857-0128.fits
5052/spec-5052-55857-0129.fits
5052/spec-5052-55857-0130.fits
5052/spec-5052-55857-0131.fits
5052/spec-5052-55857-0132.fits
5052/spec-5052-55857-0133.fits
5052/spec-5052-55857-0134.fits
5052/spec-5052-55857-0135.fits
5052/spec-5052-55857-0136.fits
5052/spec-5052-55857-0137.fits
5052/spec-5052-55857-0138.fits
5052/spec-5052-55857-0139.fits
5052/spec-5052-55857-0140.fits
5052/spec-5052-55857-0141.fits
5052/spec-5052-55857-0142.fits
5052/spec-5052-55857-0143.fits
5052/spec-5052-55857-0144.fits
5052/spec-5052-55857-0145.fits
5052/spec-5052-55857-0146.fits
5052/spec-5052-55857-0147.fits
5052/spec-5052-55857-0148.fits
5052/spec-5052-55857-0149.fits
5052/spec-5052-55857-0150.fits
5052/spec-5052-55857-0151.fits
5052/spec-5052-55857-0152.fits
5052/spec-5052-55857-0153.fits
5052/spec-5052-55857-0154.fits
5052/spec-5052-55857-0155.fits
5052/spec-5052-55857-0156.fits
5052/spec-5052-55857-0157.fits
5052/spec-5052-55857-0158.fits
5052/spec-5052-55857-0159.fits
5052/spec-5052-55857-0160.fits
5052/spec-5052-55857-0161.fits
5052/spec-5052-55857-0162.fits
5052/spec-5052-55857-0163.fits
5052/spec-5052-55857-0164.fits
5052/spec-5052-55857-0165.fits
5052/spec-5052-55857-0166.fits
5052/spec-5052-55857-0167.fits
5052/spec-5052-55857-0168.fits
5052/spec-5052-55857-0169.fits
5052/spec-5052-55857-0170.fits
5052/spec-5052-55857-0171.fits
5052/spec-5052-55857-0172.fits
5052/spec-5052-55857-0173.fits
5052/spec-5052-55857-0174.fits
5052/spec-5052-55857-0175.fits
5052/spec-5052-55857-0176.fits
5052/spec-5052-55857-0177.fits
5052/spec-5052-55857-0178.fits
5052/spec-5052-55857-0179.fits
5052/spec-5052-55857-0180.fits
5052/spec-5052-55857-0181.fits
5052/spec-5052-55857-0182.fits
5052/spec-5052-55857-0183.fits
5052/spec-5052-55857-0184.fits
5052/spec-5052-55857-0185.fits
5052/spec-5052-55857-0186.fits
5052/spec-5052-55857-0187.fits
5052/spec-5052-55857-0188.fits
5052/spec-5052-55857-0189.fits
5052/spec-5052-55857-0190.fits
5052/spec-5052-55857-0191.fits
5052/spec-5052-55857-0192.fits
5052/spec-5052-55857-0193.fits
5052/spec-5052-55857-0194.fits
5052/spec-5052-55857-0195.fits
5052/spec-5052-55857-0196.fits
5052/spec-5052-55857-0197.fits
5052/spec-5052-55857-0198.fits
5052/spec-5052-55857-0199.fits
5052/spec-5052-55857-0200.fits
5052/spec-5052-55857-0201.fits
5052/spec-5052-55857-0202.fits
5052/spec-5052-55857-0203.fits
5052/spec-5052-55857-0204.fits
5052/spec-5052-55857-0205.fits
5052/spec-5052-55857-0206.fits
5052/spec-5052-55857-0207.fits
5052/spec-5052-55857-0208.fits
5052/spec-5052-55857-0209.fits
5052/spec-5052-55857-0210.fits
5052/spec-5052-55857-0211.fits
5052/spec-5052-55857-0212.fits
5052/spec-5052-55857-0213.fits
5052/spec-5052-55857-0214.fits
5052/spec-5052-55857-0215.fits
5052/spec-5052-55857-0216.fits
5052/spec-5052-55857-0217.fits
5052/spec-5052-55857-0218.fits
5052/spec-5052-55857-0219.fits
5052/spec-5052-55857-0220.fits
5052/spec-5052-55857-0221.fits
5052/spec-5052-55857-0222.fits
5052/spec-5052-55857-0223.fits
5052/spec-5052-55857-0224.fits
5052/spec-5052-55857-0225.fits
5052/spec-5052-55857-0226.fits
5052/spec-5052-55857-0227.fits
5052/spec-5052-55857-0228.fits
5052/spec-5052-55857-0229.fits
5052/spec-5052-55857-0230.fits
5052/spec-5052-55857-0231.fits
5052/spec-5052-55857-0232.fits
5052/spec-5052-55857-0233.fits
5052/spec-5052-55857-0234.fits
5052/spec-5052-55857-0235.fits
5052/spec-5052-55857-0236.fits
5052/spec-5052-55857-0237.fits
5052/spec-5052-55857-0238.fits
5052/spec-5052-55857-0239.fits
5052/spec-5052-55857-0240.fits
5052/spec-5052-55857-0241.fits
5052/spec-5052-55857-0242.fits
5052/spec-5052-55857-0243.fits
5052/spec-5052-55857-0244.fits
5052/spec-5052-55857-0245.fits
5052/spec-5052-55857-0246.fits
5052/spec-5052-55857-0247.fits
5052/spec-5052-55857-0248.fits
5052/spec-5052-55857-0249.fits
5052/spec-5052-55857-0250.fits
5052/spec-5052-55857-0251.fits
5052/spec-5052-55857-0252.fits
5052/spec-5052-55857-0253.fits
5052/spec-5052-55857-0254.fits
5052/spec-5052-55857-0255.fits
5052/spec-5052-55857-0256.fits
5052/spec-5052-55857-0257.fits
5052/spec-5052-55857-0258.fits
5052/spec-5052-55857-0259.fits
5052/spec-5052-55857-0260.fits
5052/spec-5052-55857-0261.fits
5052/spec-5052-55857-0262.fits
5052/spec-5052-55857-0263.fits
5052/spec-5052-55857-0264.fits
5052/spec-5052-55857-0265.fits
5052/spec-5052-55857-0266.fits
5052/spec-5052-55857-0267.fits
5052/spec-5052-55857-0268.fits
5052/spec-5052-55857-0269.fits
5052/spec-5052-55857-0270.fits
5052/spec-5052-55857-0271.fits
5052/spec-5052-55857-0272.fits
5052/spec-5052-55857-0273.fits
5052/spec-5052-55857-0274.fits
5052/spec-5052-55857-0275.fits
5052/spec-5052-55857-0276.fits
5052/spec-5052-55857-0277.fits
5052/spec-5052-55857-0278.fits
5052/spec-5052-55857-0279.fits
5052/spec-5052-55857-0280.fits
5052/spec-5052-55857-0281.fits
5052/spec-5052-55857-0282.fits
5052/spec-5052-55857-0283.fits
5052/spec-5052-55857-0284.fits
5052/spec-5052-55857-0285.fits
5052/spec-5052-55857-0286.fits
5052/spec-5052-55857-0287.fits
5052/spec-5052-55857-0288.fits
5052/spec-5052-55857-0289.fits
5052/spec-5052-55857-0290.fits
5052/spec-5052-55857-0291.fits
5052/spec-5052-55857-0292.fits
5052/spec-5052-55857-0293.fits
5052/spec-5052-55857-0294.fits
5052/spec-5052-55857-0295.fits
5052/spec-5052-55857-0296.fits
5052/spec-5052-55857-0297.fits
5052/spec-5052-55857-0298.fits
5052/spec-5052-55857-0299.fits
5052/spec-5052-55857-0300.fits
5052/spec-5052-55857-0301.fits
5052/spec-5052-55857-0302.fits
5052/spec-5052-55857-0303.fits
5052/spec-5052-55857-0304.fits
5052/spec-5052-55857-0305.fits
5052/spec-5052-55857-0306.fits
5052/spec-5052-55857-0307.fits
5052/spec-5052-55857-0308.fits
5052/spec-5052-55857-0309.fits
5052/spec-5052-55857-0310.fits
5052/spec-5052-55857-0311.fits
5052/spec-5052-55857-0312.fits
5052/spec-5052-55857-0313.fits
5052/spec-5052-55857-0314.fits
5052/spec-5052-55857-0315.fits
5052/spec-5052-55857-0316.fits
5052/spec-5052-55857-0317.fits
5052/spec-5052-55857-0318.fits
5052/spec-5052-55857-0319.fits
5052/spec-5052-55857-0320.fits
5052/spec-5052-55857-0321.fits
5052/spec-5052-55857-0322.fits
5052/spec-5052-55857-0323.fits
5052/spec-5052-55857-0324.fits
5052/spec-5052-55857-0325.fits
5052/spec-5052-55857-0326.fits
5052/spec-5052-55857-0327.fits
5052/spec-5052-55857-0328.fits
5052/spec-5052-55857-0329.fits
5052/spec-5052-55857-0330.fits
5052/spec-5052-55857-0331.fits
5052/spec-5052-55857-0332.fits
5052/spec-5052-55857-0333.fits
5052/spec-5052-55857-0334.fits
5052/spec-5052-55857-0335.fits
5052/spec-5052-55857-0336.fits
5052/spec-5052-55857-0337.fits
5052/spec-5052-55857-0338.fits
5052/spec-5052-55857-0339.fits
5052/spec-5052-55857-0340.fits
5052/spec-5052-55857-0341.fits
5052/spec-5052-55857-0342.fits
5052/spec-5052-55857-0343.fits
5052/spec-5052-55857-0344.fits
5052/spec-5052-55857-0345.fits
5052/spec-5052-55857-0346.fits
5052/spec-5052-55857-0347.fits
5052/spec-5052-55857-0348.fits
5052/spec-5052-55857-0349.fits
5052/spec-5052-55857-0350.fits
5052/spec-5052-55857-0351.fits
5052/spec-5052-55857-0352.fits
5052/spec-5052-55857-0353.fits
5052/spec-5052-55857-0354.fits
5052/spec-5052-55857-0355.fits
5052/spec-5052-55857-0356.fits
5052/spec-5052-55857-0357.fits
5052/spec-5052-55857-0358.fits
5052/spec-5052-55857-0359.fits
5052/spec-5052-55857-0360.fits
5052/spec-5052-55857-0361.fits
5052/spec-5052-55857-0362.fits
5052/spec-5052-55857-0363.fits
5052/spec-5052-55857-0364.fits
5052/spec-5052-55857-0365.fits
5052/spec-5052-55857-0366.fits
5052/spec-5052-55857-0367.fits
5052/spec-5052-55857-0368.fits
5052/spec-5052-55857-0369.fits
5052/spec-5052-55857-0370.fits
5052/spec-5052-55857-0371.fits
5052/spec-5052-55857-0372.fits
5052/spec-5052-55857-0373.fits
5052/spec-5052-55857-0374.fits
5052/spec-5052-55857-0375.fits
5052/spec-5052-55857-0376.fits
5052/spec-5052-55857-0377.fits
5052/spec-5052-55857-0378.fits
5052/spec-5052-55857-0379.fits
5052/spec-5052-55857-0380.fits
5052/spec-5052-55857-0381.fits
5052/spec-5052-55857-0382.fits
5052/spec-5052-55857-0383.fits
5052/spec-5052-55857-0384.fits
5052/spec-5052-55857-0385.fits
5052/spec-5052-55857-0386.fits
5052/spec-5052-55857-0387.fits
5052/spec-5052-55857-0388.fits
5052/spec-5052-55857-0389.fits
5052/spec-5052-55857-0390.fits
5052/spec-5052-55857-0391.fits
5052/spec-5052-55857-0392.fits
5052/spec-5052-55857-0393.fits
5052/spec-5052-55857-0394.fits
5052/spec-5052-55857-0395.fits
5052/spec-5052-55857-0396.fits
5052/spec-5052-55857-0397.fits
5052/spec-5052-55857-0398.fits
5052/spec-5052-55857-0399.fits
5052/spec-5052-55857-0400.fits
5052/spec-5052-55857-0401.fits
5052/spec-5052-55857-0402.fits
5052/spec-5052-55857-0403.fits
5052/spec-5052-55857-0404.fits
5052/spec-5052-55857-0405.fits
5052/spec-5052-55857-0406.fits
5052/spec-5052-55857-0407.fits
5052/spec-5052-55857-0408.fits
5052/spec-5052-55857-0409.fits
5052/spec-5052-55857-0410.fits
5052/spec-5052-55857-0411.fits
5052/spec-5052-55857-0412.fits
5052/spec-5052-55857-0413.fits
5052/spec-5052-55857-0414.fits
5052/spec-5052-55857-0415.fits
5052/spec-5052-55857-0416.fits
5052/spec-5052-55857-0417.fits
5052/spec-5052-55857-0418.fits
5052/spec-5052-55857-0419.fits
5052/spec-5052-55857-0420.fits
5052/spec-5052-55857-0421.fits
5052/spec-5052-55857-0422.fits
5052/spec-5052-55857-0423.fits
5052/spec-5052-55857-0424.fits
5052/spec-5052-55857-0425.fits
5052/spec-5052-55857-0426.fits
5052/spec-5052-55857-0427.fits
5052/spec-5052-55857-0428.fits
5052/spec-5052-55857-0429.fits
5052/spec-5052-55857-0430.fits
5052/spec-5052-55857-0431.fits
5052/spec-5052-55857-0432.fits
5052/spec-5052-55857-0433.fits
5052/spec-5052-55857-0434.fits
5052/spec-5052-55857-0435.fits
5052/spec-5052-55857-0436.fits
5052/spec-5052-55857-0437.fits
5052/spec-5052-55857-0438.fits
5052/spec-5052-55857-0439.fits
5052/spec-5052-55857-0440.fits
5052/spec-5052-55857-0441.fits
5052/spec-5052-55857-0442.fits
5052/spec-5052-55857-0443.fits
5052/spec-5052-55857-0444.fits
5052/spec-5052-55857-0445.fits
5052/spec-5052-55857-0446.fits
5052/spec-5052-55857-0447.fits
5052/spec-5052-55857-0448.fits
5052/spec-5052-55857-0449.fits
5052/spec-5052-55857-0450.fits
5052/spec-5052-55857-0451.fits
5052/spec-5052-55857-0452.fits
5052/spec-5052-55857-0453.fits
5052/spec-5052-55857-0454.fits
5052/spec-5052-55857-0455.fits
5052/spec-5052-55857-0456.fits
5052/spec-5052-55857-0457.fits
5052/spec-5052-55857-0458.fits
5052/spec-5052-55857-0459.fits
5052/spec-5052-55857-0460.fits
5052/spec-5052-55857-0461.fits
5052/spec-5052-55857-0462.fits
5052/spec-5052-55857-0463.fits
5052/spec-5052-55857-0464.fits
5052/spec-5052-55857-0465.fits
5052/spec-5052-55857-0466.fits
5052/spec-5052-55857-0467.fits
5052/spec-5052-55857-0468.fits
5052/spec-5052-55857-0469.fits
5052/spec-5052-55857-0470.fits
5052/spec-5052-55857-0471.fits
5052/spec-5052-55857-0472.fits
5052/spec-5052-55857-0473.fits
5052/spec-5052-55857-0474.fits
5052/spec-5052-55857-0475.fits
5052/spec-5052-55857-0476.fits
5052/spec-5052-55857-0477.fits
5052/spec-5052-55857-0478.fits
5052/spec-5052-55857-0479.fits
5052/spec-5052-55857-0480.fits
5052/spec-5052-55857-0481.fits
5052/spec-5052-55857-0482.fits
5052/spec-5052-55857-0483.fits
5052/spec-5052-55857-0484.fits
5052/spec-5052-55857-0485.fits
5052/spec-5052-55857-0486.fits
5052/spec-5052-55857-0487.fits
5052/spec-5052-55857-0488.fits
5052/spec-5052-55857-0489.fits
5052/spec-5052-55857-0490.fits
5052/spec-5052-55857-0491.fits
5052/spec-5052-55857-0492.fits
5052/spec-5052-55857-0493.fits
5052/spec-5052-55857-0494.fits
5052/spec-5052-55857-0495.fits
5052/spec-5052-55857-0496.fits
5052/spec-5052-55857-0497.fits
5052/spec-5052-55857-0498.fits
5052/spec-5052-55857-0499.fits
5052/spec-5052-55857-0500.fits
5052/spec-5052-55857-0501.fits
5052/spec-5052-55857-0502.fits
5052/spec-5052-55857-0503.fits
5052/spec-5052-55857-0504.fits
5052/spec-5052-55857-0505.fits
5052/spec-5052-55857-0506.fits
5052/spec-5052-55857-0507.fits
5052/spec-5052-55857-0508.fits
5052/spec-5052-55857-0509.fits
5052/spec-5052-55857-0510.fits
5052/spec-5052-55857-0511.fits
5052/spec-5052-55857-0512.fits
5052/spec-5052-55857-0513.fits
5052/spec-5052-55857-0514.fits
5052/spec-5052-55857-0515.fits
5052/spec-5052-55857-0516.fits
5052/spec-5052-55857-0517.fits
5052/spec-5052-55857-0518.fits
5052/spec-5052-55857-0519.fits
5052/spec-5052-55857-0520.fits
5052/spec-5052-55857-0521.fits
5052/spec-5052-55857-0522.fits
5052/spec-5052-55857-0523.fits
5052/spec-5052-55857-0524.fits
5052/spec-5052-55857-0525.fits
5052/spec-5052-55857-0526.fits
5052/spec-5052-55857-0527.fits
5052/spec-5052-55857-0528.fits
5052/spec-5052-55857-0529.fits
5052/spec-5052-55857-0530.fits
5052/spec-5052-55857-0531.fits
5052/spec-5052-55857-0532.fits
5052/spec-5052-55857-0533.fits
5052/spec-5052-55857-0534.fits
5052/spec-5052-55857-0535.fits
5052/spec-5052-55857-0536.fits
5052/spec-5052-55857-0537.fits
5052/spec-5052-55857-0538.fits
5052/spec-5052-55857-0539.fits
5052/spec-5052-55857-0540.fits
5052/spec-5052-55857-0541.fits
5052/spec-5052-55857-0542.fits
5052/spec-5052-55857-0543.fits
5052/spec-5052-55857-0544.fits
5052/spec-5052-55857-0545.fits
5052/spec-5052-55857-0546.fits
5052/spec-5052-55857-0547.fits
5052/spec-5052-55857-0548.fits
5052/spec-5052-55857-0549.fits
5052/spec-5052-55857-0550.fits
5052/spec-5052-55857-0551.fits
5052/spec-5052-55857-0552.fits
5052/spec-5052-55857-0553.fits
5052/spec-5052-55857-0554.fits
5052/spec-5052-55857-0555.fits
5052/spec-5052-55857-0556.fits
5052/spec-5052-55857-0557.fits
5052/spec-5052-55857-0558.fits
5052/spec-5052-55857-0559.fits
5052/spec-5052-55857-0560.fits
5052/spec-5052-55857-0561.fits
5052/spec-5052-55857-0562.fits
5052/spec-5052-55857-0563.fits
5052/spec-5052-55857-0564.fits
5052/spec-5052-55857-0565.fits
5052/spec-5052-55857-0566.fits
5052/spec-5052-55857-0567.fits
5052/spec-5052-55857-0568.fits
5052/spec-5052-55857-0569.fits
5052/spec-5052-55857-0570.fits
5052/spec-5052-55857-0571.fits
5052/spec-5052-55857-0572.fits
5052/spec-5052-55857-0573.fits
5052/spec-5052-55857-0574.fits
5052/spec-5052-55857-0575.fits
5052/spec-5052-55857-0576.fits
5052/spec-5052-55857-0577.fits
5052/spec-5052-55857-0578.fits
5052/spec-5052-55857-0579.fits
5052/spec-5052-55857-0580.fits
5052/spec-5052-55857-0581.fits
5052/spec-5052-55857-0582.fits
5052/spec-5052-55857-0583.fits
5052/spec-5052-55857-0584.fits
5052/spec-5052-55857-0585.fits
5052/spec-5052-55857-0586.fits
5052/spec-5052-55857-0587.fits
5052/spec-5052-55857-0588.fits
5052/spec-5052-55857-0589.fits
5052/spec-5052-55857-0590.fits
5052/spec-5052-55857-0591.fits
5052/spec-5052-55857-0592.fits
5052/spec-5052-55857-0593.fits
5052/spec-5052-55857-0594.fits
5052/spec-5052-55857-0595.fits
5052/spec-5052-55857-0596.fits
5052/spec-5052-55857-0597.fits
5052/spec-5052-55857-0598.fits
5052/spec-5052-55857-0599.fits
5052/spec-5052-55857-0600.fits
5052/spec-5052-55857-0601.fits
5052/spec-5052-55857-0602.fits
5052/spec-5052-55857-0603.fits
5052/spec-5052-55857-0604.fits
5052/spec-5052-55857-0605.fits
5052/spec-5052-55857-0606.fits
5052/spec-5052-55857-0607.fits
5052/spec-5052-55857-0608.fits
5052/spec-5052-55857-0609.fits
5052/spec-5052-55857-0610.fits
5052/spec-5052-55857-0611.fits
5052/spec-5052-55857-0612.fits
5052/spec-5052-55857-0613.fits
5052/spec-5052-55857-0614.fits
5052/spec-5052-55857-0615.fits
5052/spec-5052-55857-0616.fits
5052/spec-5052-55857-0617.fits
5052/spec-5052-55857-0618.fits
5052/spec-5052-55857-0619.fits
5052/spec-5052-55857-0620.fits
5052/spec-5052-55857-0621.fits
5052/spec-5052-55857-0622.fits
5052/spec-5052-55857-0623.fits
5052/spec-5052-55857-0624.fits
5052/spec-5052-55857-0625.fits
5052/spec-5052-55857-0626.fits
5052/spec-5052-55857-0627.fits
5052/spec-5052-55857-0628.fits
5052/spec-5052-55857-0629.fits
5052/spec-5052-55857-0630.fits
5052/spec-5052-55857-0631.fits
5052/spec-5052-55857-0632.fits
5052/spec-5052-55857-0633.fits
5052/spec-5052-55857-0634.fits
5052/spec-5052-55857-0635.fits
5052/spec-5052-55857-0636.fits
5052/spec-5052-55857-0637.fits
5052/spec-5052-55857-0638.fits
5052/spec-5052-55857-0639.fits
5052/spec-5052-55857-0640.fits
5052/spec-5052-55857-0641.fits
5052/spec-5052-55857-0642.fits
5052/spec-5052-55857-0643.fits
5052/spec-5052-55857-0644.fits
5052/spec-5052-55857-0645.fits
5052/spec-5052-55857-0646.fits
5052/spec-5052-55857-0647.fits
5052/spec-5052-55857-0648.fits
5052/spec-5052-55857-0649.fits
5052/spec-5052-55857-0650.fits
5052/spec-5052-55857-0651.fits
5052/spec-5052-55857-0652.fits
5052/spec-5052-55857-0653.fits
5052/spec-5052-55857-0654.fits
5052/spec-5052-55857-0655.fits
5052/spec-5052-55857-0656.fits
5052/spec-5052-55857-0657.fits
5052/spec-5052-55857-0658.fits
5052/spec-5052-55857-0659.fits
5052/spec-5052-55857-0660.fits
5052/spec-5052-55857-0661.fits
5052/spec-5052-55857-0662.fits
5052/spec-5052-55857-0663.fits
5052/spec-5052-55857-0664.fits
5052/spec-5052-55857-0665.fits
5052/spec-5052-55857-0666.fits
5052/spec-5052-55857-0667.fits
5052/spec-5052-55857-0668.fits
5052/spec-5052-55857-0669.fits
5052/spec-5052-55857-0670.fits
5052/spec-5052-55857-0671.fits
5052/spec-5052-55857-0672.fits
5052/spec-5052-55857-0673.fits
5052/spec-5052-55857-0674.fits
5052/spec-5052-55857-0675.fits
5052/spec-5052-55857-0676.fits
5052/spec-5052-55857-0677.fits
5052/spec-5052-55857-0678.fits
5052/spec-5052-55857-0679.fits
5052/spec-5052-55857-0680.fits
5052/spec-5052-55857-0681.fits
5052/spec-5052-55857-0682.fits
5052/spec-5052-55857-0683.fits
5052/spec-5052-55857-0684.fits
5052/spec-5052-55857-0685.fits
5052/spec-5052-55857-0686.fits
5052/spec-5052-55857-0687.fits
5052/spec-5052-55857-0688.fits
5052/spec-5052-55857-0689.fits
5052/spec-5052-55857-0690.fits
5052/spec-5052-55857-0691.fits
5052/spec-5052-55857-0692.fits
5052/spec-5052-55857-0693.fits
5052/spec-5052-55857-0694.fits
5052/spec-5052-55857-0695.fits
5052/spec-5052-55857-0696.fits
5052/spec-5052-55857-0697.fits
5052/spec-5052-55857-0698.fits
5052/spec-5052-55857-0699.fits
5052/spec-5052-55857-0700.fits
5052/spec-5052-55857-0701.fits
5052/spec-5052-55857-0702.fits
5052/spec-5052-55857-0703.fits
5052/spec-5052-55857-0704.fits
5052/spec-5052-55857-0705.fits
5052/spec-5052-55857-0706.fits
5052/spec-5052-55857-0707.fits
5052/spec-5052-55857-0708.fits
5052/spec-5052-55857-0709.fits
5052/spec-5052-55857-0710.fits
5052/spec-5052-55857-0711.fits
5052/spec-5052-55857-0712.fits
5052/spec-5052-55857-0713.fits
5052/spec-5052-55857-0714.fits
5052/spec-5052-55857-0715.fits
5052/spec-5052-55857-0716.fits
5052/spec-5052-55857-0717.fits
5052/spec-5052-55857-0718.fits
5052/spec-5052-55857-0719.fits
5052/spec-5052-55857-0720.fits
5052/spec-5052-55857-0721.fits
5052/spec-5052-55857-0722.fits
5052/spec-5052-55857-0723.fits
5052/spec-5052-55857-0724.fits
5052/spec-5052-55857-0725.fits
5052/spec-5052-55857-0726.fits
5052/spec-5052-55857-0727.fits
5052/spec-5052-55857-0728.fits
5052/spec-5052-55857-0729.fits
5052/spec-5052-55857-0730.fits
5052/spec-5052-55857-0731.fits
5052/spec-5052-55857-0732.fits
5052/spec-5052-55857-0733.fits
5052/spec-5052-55857-0734.fits
5052/spec-5052-55857-0735.fits
5052/spec-5052-55857-0736.fits
5052/spec-5052-55857-0737.fits
5052/spec-5052-55857-0738.fits
5052/spec-5052-55857-0739.fits
5052/spec-5052-55857-0740.fits
5052/spec-5052-55857-0741.fits
5052/spec-5052-55857-0742.fits
5052/spec-5052-55857-0743.fits
5052/spec-5052-55857-0744.fits
5052/spec-5052-55857-0745.fits
5052/spec-5052-55857-0746.fits
5052/spec-5052-55857-0747.fits
5052/spec-5052-55857-0748.fits
5052/spec-5052-55857-0749.fits
5052/spec-5052-55857-0750.fits
5052/spec-5052-55857-0751.fits
5052/spec-5052-55857-0752.fits
5052/spec-5052-55857-0753.fits
5052/spec-5052-55857-0754.fits
5052/spec-5052-55857-0755.fits
5052/spec-5052-55857-0756.fits
5052/spec-5052-55857-0757.fits
5052/spec-5052-55857-0758.fits
5052/spec-5052-55857-0759.fits
5052/spec-5052-55857-0760.fits
5052/spec-5052-55857-0761.fits
5052/spec-5052-55857-0762.fits
5052/spec-5052-55857-0763.fits
5052/spec-5052-55857-0764.fits
5052/spec-5052-55857-0765.fits
5052/spec-5052-55857-0766.fits
5052/spec-5052-55857-0767.fits
5052/spec-5052-55857-0768.fits
5052/spec-5052-55857-0769.fits
5052/spec-5052-55857-0770.fits
5052/spec-5052-55857-0771.fits
5052/spec-5052-55857-0772.fits
5052/spec-5052-55857-0773.fits
5052/spec-5052-55857-0774.fits
5052/spec-5052-55857-0775.fits
5052/spec-5052-55857-0776.fits
5052/spec-5052-55857-0777.fits
5052/spec-5052-55857-0778.fits
5052/spec-5052-55857-0779.fits
5052/spec-5052-55857-0780.fits
5052/spec-5052-55857-0781.fits
5052/spec-5052-55857-0782.fits
5052/spec-5052-55857-0783.fits
5052/spec-5052-55857-0784.fits
5052/spec-5052-55857-0785.fits
5052/spec-5052-55857-0786.fits
5052/spec-5052-55857-0787.fits
5052/spec-5052-55857-0788.fits
5052/spec-5052-55857-0789.fits
5052/spec-5052-55857-0790.fits
5052/spec-5052-55857-0791.fits
5052/spec-5052-55857-0792.fits
5052/spec-5052-55857-0793.fits
5052/spec-5052-55857-0794.fits
5052/spec-5052-55857-0795.fits
5052/spec-5052-55857-0796.fits
5052/spec-5052-55857-0797.fits
5052/spec-5052-55857-0798.fits
5052/spec-5052-55857-0799.fits
5052/spec-5052-55857-0800.fits
5052/spec-5052-55857-0801.fits
5052/spec-5052-55857-0802.fits
5052/spec-5052-55857-0803.fits
5052/spec-5052-55857-0804.fits
5052/spec-5052-55857-0805.fits
5052/spec-5052-55857-0806.fits
5052/spec-5052-55857-0807.fits
5052/spec-5052-55857-0808.fits
5052/spec-5052-55857-0809.fits
5052/spec-5052-55857-0810.fits
5052/spec-5052-55857-0811.fits
5052/spec-5052-55857-0812.fits
5052/spec-5052-55857-0813.fits
5052/spec-5052-55857-0814.fits
5052/spec-5052-55857-0815.fits
5052/spec-5052-55857-0816.fits
5052/spec-5052-55857-0817.fits
5052/spec-5052-55857-0818.fits
5052/spec-5052-55857-0819.fits
5052/spec-5052-55857-0820.fits
5052/spec-5052-55857-0821.fits
5052/spec-5052-55857-0822.fits
5052/spec-5052-55857-0823.fits
5052/spec-5052-55857-0824.fits
5052/spec-5052-55857-0825.fits
5052/spec-5052-55857-0826.fits
5052/spec-5052-55857-0827.fits
5052/spec-5052-55857-0828.fits
5052/spec-5052-55857-0829.fits
5052/spec-5052-55857-0830.fits
5052/spec-5052-55857-0831.fits
5052/spec-5052-55857-0832.fits
5052/spec-5052-55857-0833.fits
5052/spec-5052-55857-0834.fits
5052/spec-5052-55857-0835.fits
5052/spec-5052-55857-0836.fits
5052/spec-5052-55857-0837.fits
5052/spec-5052-55857-0838.fits
5052/spec-5052-55857-0839.fits
5052/spec-5052-55857-0840.fits
5052/spec-5052-55857-0841.fits
5052/spec-5052-55857-0842.fits
5052/spec-5052-55857-0843.fits
5052/spec-5052-55857-0844.fits
5052/spec-5052-55857-0845.fits
5052/spec-5052-55857-0846.fits
5052/spec-5052-55857-0847.fits
5052/spec-5052-55857-0848.fits
5052/spec-5052-55857-0849.fits
5052/spec-5052-55857-0850.fits
5052/spec-5052-55857-0851.fits
5052/spec-5052-55857-0852.fits
5052/spec-5052-55857-0853.fits
5052/spec-5052-55857-0854.fits
5052/spec-5052-55857-0855.fits
5052/spec-5052-55857-0856.fits
5052/spec-5052-55857-0857.fits
5052/spec-5052-55857-0858.fits
5052/spec-5052-55857-0859.fits
5052/spec-5052-55857-0860.fits
5052/spec-5052-55857-0861.fits
5052/spec-5052-55857-0862.fits
5052/spec-5052-55857-0863.fits
5052/spec-5052-55857-0864.fits
5052/spec-5052-55857-0865.fits
5052/spec-5052-55857-0866.fits
5052/spec-5052-55857-0867.fits
5052/spec-5052-55857-0868.fits
5052/spec-5052-55857-0869.fits
5052/spec-5052-55857-0870.fits
5052/spec-5052-55857-0871.fits
5052/spec-5052-55857-0872.fits
5052/spec-5052-55857-0873.fits
5052/spec-5052-55857-0874.fits
5052/spec-5052-55857-0875.fits
5052/spec-5052-55857-0876.fits
5052/spec-5052-55857-0877.fits
5052/spec-5052-55857-0878.fits
5052/spec-5052-55857-0879.fits
5052/spec-5052-55857-0880.fits
5052/spec-5052-55857-0881.fits
5052/spec-5052-55857-0882.fits
5052/spec-5052-55857-0883.fits
5052/spec-5052-55857-0884.fits
5052/spec-5052-55857-0885.fits
5052/spec-5052-55857-0886.fits
5052/spec-5052-55857-0887.fits
5052/spec-5052-55857-0888.fits
5052/spec-5052-55857-0889.fits
5052/spec-5052-55857-0890.fits
5052/spec-5052-55857-0891.fits
5052/spec-5052-55857-0892.fits
5052/spec-5052-55857-0893.fits
5052/spec-5052-55857-0894.fits
5052/spec-5052-55857-0895.fits
5052/spec-5052-55857-0896.fits
5052/spec-5052-55857-0897.fits
5052/spec-5052-55857-0898.fits
5052/spec-5052-55857-0899.fits
5052/spec-5052-55857-0900.fits
5052/spec-5052-55857-0901.fits
5052/spec-5052-55857-0902.fits
5052/spec-5052-55857-0903.fits
5052/spec-5052-55857-0904.fits
5052/spec-5052-55857-0905.fits
5052/spec-5052-55857-0906.fits
5052/spec-5052-55857-0907.fits
5052/spec-5052-55857-0908.fits
5052/spec-5052-55857-0909.fits
5052/spec-5052-55857-0910.fits
5052/spec-5052-55857-0911.fits
5052/spec-5052-55857-0912.fits
5052/spec-5052-55857-0913.fits
5052/spec-5052-55857-0914.fits
5052/spec-5052-55857-0915.fits
5052/spec-5052-55857-0916.fits
5052/spec-5052-55857-0917.fits
5052/spec-5052-55857-0918.fits
5052/spec-5052-55857-0919.fits
5052/spec-5052-55857-0920.fits
5052/spec-5052-55857-0921.fits
5052/spec-5052-55857-0922.fits
5052/spec-5052-55857-0923.fits
5052/spec-5052-55857-0924.fits
5052/spec-5052-55857-0925.fits
5052/spec-5052-55857-0926.fits
5052/spec-5052-55857-0927.fits
5052/spec-5052-55857-0928.fits
5052/spec-5052-55857-0929.fits
5052/spec-5052-55857-0930.fits
5052/spec-5052-55857-0931.fits
5052/spec-5052-55857-0932.fits
5052/spec-5052-55857-0933.fits
5052/spec-5052-55857-0934.fits
5052/spec-5052-55857-0935.fits
5052/spec-5052-55857-0936.fits
5052/spec-5052-55857-0937.fits
5052/spec-5052-55857-0938.fits
5052/spec-5052-55857-0939.fits
5052/spec-5052-55857-0940.fits
5052/spec-5052-55857-0941.fits
5052/spec-5052-55857-0942.fits
5052/spec-5052-55857-0943.fits
5052/spec-5052-55857-0944.fits
5052/spec-5052-55857-0945.fits
5052/spec-5052-55857-0946.fits
5052/spec-5052-55857-0947.fits
5052/spec-5052-55857-0948.fits
5052/spec-5052-55857-0949.fits
5052/spec-5052-55857-0950.fits
5052/spec-5052-55857-0951.fits
5052/spec-5052-55857-0952.fits
5052/spec-5052-55857-0953.fits
5052/spec-5052-55857-0954.fits
5052/spec-5052-55857-0955.fits
5052/spec-5052-55857-0956.fits
5052/spec-5052-55857-0957.fits
5052/spec-5052-55857-0958.fits
5052/spec-5052-55857-0959.fits
5052/spec-5052-55857-0960.fits
5052/spec-5052-55857-0961.fits
5052/spec-5052-55857-0962.fits
5052/spec-5052-55857-0963.fits
5052/spec-5052-55857-0964.fits
5052/spec-5052-55857-0965.fits
5052/spec-5052-55857-0966.fits
5052/spec-5052-55857-0967.fits
5052/spec-5052-55857-0968.fits
5052/spec-5052-55857-0969.fits
5052/spec-5052-55857-0970.fits
5052/spec-5052-55857-0971.fits
5052/spec-5052-55857-0972.fits
5052/spec-5052-55857-0973.fits
5052/spec-5052-55857-0974.fits
5052/spec-5052-55857-0975.fits
5052/spec-5052-55857-0976.fits
5052/spec-5052-55857-0977.fits
5052/spec-5052-55857-0978.fits
5052/spec-5052-55857-0979.fits
5052/spec-5052-55857-0980.fits
5052/spec-5052-55857-0981.fits
5052/spec-5052-55857-0982.fits
5052/spec-5052-55857-0983.fits
5052/spec-5052-55857-0984.fits
5052/spec-5052-55857-0985.fits
5052/spec-5052-55857-0986.fits
5052/spec-5052-55857-0987.fits
5052/spec-5052-55857-0988.fits
5052/spec-5052-55857-0989.fits
5052/spec-5052-55857-0990.fits
5052/spec-5052-55857-0991.fits
5052/spec-5052-55857-0992.fits
5052/spec-5052-55857-0993.fits
5052/spec-5052-55857-0994.fits
5052/spec-5052-55857-0995.fits
5052/spec-5052-55857-0996.fits
5052/spec-5052-55857-0997.fits
5052/spec-5052-55857-0998.fits
5052/spec-5052-55857-0999.fits
5052/spec-5052-55857-1000.fits
/var/lib/condor/execute/slot1/dir_17911
5052 5052.tgz R R361.tar.gz _condor_stderr _condor_stdout cB58_Lyman_break.fit condor_exec.exe hw4.R packages packages.tar.gz tmp var
[1] "Loaded package astro."
[1] 1000
5052 5052.csv 5052.tgz R R361.tar.gz _condor_stderr _condor_stdout cB58_Lyman_break.fit condor_exec.exe hw4.R packages packages.tar.gz tmp var
