5056
5056/
5056/spec-5056-55921-0001.fits
5056/spec-5056-55921-0002.fits
5056/spec-5056-55921-0003.fits
5056/spec-5056-55921-0004.fits
5056/spec-5056-55921-0005.fits
5056/spec-5056-55921-0006.fits
5056/spec-5056-55921-0007.fits
5056/spec-5056-55921-0008.fits
5056/spec-5056-55921-0009.fits
5056/spec-5056-55921-0010.fits
5056/spec-5056-55921-0011.fits
5056/spec-5056-55921-0012.fits
5056/spec-5056-55921-0013.fits
5056/spec-5056-55921-0014.fits
5056/spec-5056-55921-0015.fits
5056/spec-5056-55921-0016.fits
5056/spec-5056-55921-0017.fits
5056/spec-5056-55921-0018.fits
5056/spec-5056-55921-0019.fits
5056/spec-5056-55921-0020.fits
5056/spec-5056-55921-0021.fits
5056/spec-5056-55921-0022.fits
5056/spec-5056-55921-0023.fits
5056/spec-5056-55921-0024.fits
5056/spec-5056-55921-0025.fits
5056/spec-5056-55921-0026.fits
5056/spec-5056-55921-0027.fits
5056/spec-5056-55921-0028.fits
5056/spec-5056-55921-0029.fits
5056/spec-5056-55921-0030.fits
5056/spec-5056-55921-0031.fits
5056/spec-5056-55921-0032.fits
5056/spec-5056-55921-0033.fits
5056/spec-5056-55921-0034.fits
5056/spec-5056-55921-0035.fits
5056/spec-5056-55921-0036.fits
5056/spec-5056-55921-0037.fits
5056/spec-5056-55921-0038.fits
5056/spec-5056-55921-0039.fits
5056/spec-5056-55921-0040.fits
5056/spec-5056-55921-0041.fits
5056/spec-5056-55921-0042.fits
5056/spec-5056-55921-0043.fits
5056/spec-5056-55921-0044.fits
5056/spec-5056-55921-0045.fits
5056/spec-5056-55921-0046.fits
5056/spec-5056-55921-0047.fits
5056/spec-5056-55921-0048.fits
5056/spec-5056-55921-0049.fits
5056/spec-5056-55921-0050.fits
5056/spec-5056-55921-0051.fits
5056/spec-5056-55921-0052.fits
5056/spec-5056-55921-0053.fits
5056/spec-5056-55921-0054.fits
5056/spec-5056-55921-0055.fits
5056/spec-5056-55921-0056.fits
5056/spec-5056-55921-0057.fits
5056/spec-5056-55921-0058.fits
5056/spec-5056-55921-0059.fits
5056/spec-5056-55921-0060.fits
5056/spec-5056-55921-0061.fits
5056/spec-5056-55921-0062.fits
5056/spec-5056-55921-0063.fits
5056/spec-5056-55921-0064.fits
5056/spec-5056-55921-0065.fits
5056/spec-5056-55921-0066.fits
5056/spec-5056-55921-0067.fits
5056/spec-5056-55921-0068.fits
5056/spec-5056-55921-0069.fits
5056/spec-5056-55921-0070.fits
5056/spec-5056-55921-0071.fits
5056/spec-5056-55921-0072.fits
5056/spec-5056-55921-0073.fits
5056/spec-5056-55921-0074.fits
5056/spec-5056-55921-0075.fits
5056/spec-5056-55921-0076.fits
5056/spec-5056-55921-0077.fits
5056/spec-5056-55921-0078.fits
5056/spec-5056-55921-0079.fits
5056/spec-5056-55921-0080.fits
5056/spec-5056-55921-0081.fits
5056/spec-5056-55921-0082.fits
5056/spec-5056-55921-0083.fits
5056/spec-5056-55921-0084.fits
5056/spec-5056-55921-0085.fits
5056/spec-5056-55921-0086.fits
5056/spec-5056-55921-0087.fits
5056/spec-5056-55921-0088.fits
5056/spec-5056-55921-0089.fits
5056/spec-5056-55921-0090.fits
5056/spec-5056-55921-0091.fits
5056/spec-5056-55921-0092.fits
5056/spec-5056-55921-0093.fits
5056/spec-5056-55921-0094.fits
5056/spec-5056-55921-0095.fits
5056/spec-5056-55921-0096.fits
5056/spec-5056-55921-0097.fits
5056/spec-5056-55921-0098.fits
5056/spec-5056-55921-0099.fits
5056/spec-5056-55921-0100.fits
5056/spec-5056-55921-0101.fits
5056/spec-5056-55921-0102.fits
5056/spec-5056-55921-0103.fits
5056/spec-5056-55921-0104.fits
5056/spec-5056-55921-0105.fits
5056/spec-5056-55921-0106.fits
5056/spec-5056-55921-0107.fits
5056/spec-5056-55921-0108.fits
5056/spec-5056-55921-0109.fits
5056/spec-5056-55921-0110.fits
5056/spec-5056-55921-0111.fits
5056/spec-5056-55921-0112.fits
5056/spec-5056-55921-0113.fits
5056/spec-5056-55921-0114.fits
5056/spec-5056-55921-0115.fits
5056/spec-5056-55921-0116.fits
5056/spec-5056-55921-0117.fits
5056/spec-5056-55921-0118.fits
5056/spec-5056-55921-0119.fits
5056/spec-5056-55921-0120.fits
5056/spec-5056-55921-0121.fits
5056/spec-5056-55921-0122.fits
5056/spec-5056-55921-0123.fits
5056/spec-5056-55921-0124.fits
5056/spec-5056-55921-0125.fits
5056/spec-5056-55921-0126.fits
5056/spec-5056-55921-0127.fits
5056/spec-5056-55921-0128.fits
5056/spec-5056-55921-0129.fits
5056/spec-5056-55921-0130.fits
5056/spec-5056-55921-0131.fits
5056/spec-5056-55921-0132.fits
5056/spec-5056-55921-0133.fits
5056/spec-5056-55921-0134.fits
5056/spec-5056-55921-0135.fits
5056/spec-5056-55921-0136.fits
5056/spec-5056-55921-0137.fits
5056/spec-5056-55921-0138.fits
5056/spec-5056-55921-0139.fits
5056/spec-5056-55921-0140.fits
5056/spec-5056-55921-0141.fits
5056/spec-5056-55921-0142.fits
5056/spec-5056-55921-0143.fits
5056/spec-5056-55921-0144.fits
5056/spec-5056-55921-0145.fits
5056/spec-5056-55921-0146.fits
5056/spec-5056-55921-0147.fits
5056/spec-5056-55921-0148.fits
5056/spec-5056-55921-0149.fits
5056/spec-5056-55921-0150.fits
5056/spec-5056-55921-0151.fits
5056/spec-5056-55921-0152.fits
5056/spec-5056-55921-0153.fits
5056/spec-5056-55921-0154.fits
5056/spec-5056-55921-0155.fits
5056/spec-5056-55921-0156.fits
5056/spec-5056-55921-0157.fits
5056/spec-5056-55921-0158.fits
5056/spec-5056-55921-0159.fits
5056/spec-5056-55921-0160.fits
5056/spec-5056-55921-0161.fits
5056/spec-5056-55921-0162.fits
5056/spec-5056-55921-0163.fits
5056/spec-5056-55921-0164.fits
5056/spec-5056-55921-0165.fits
5056/spec-5056-55921-0166.fits
5056/spec-5056-55921-0167.fits
5056/spec-5056-55921-0168.fits
5056/spec-5056-55921-0169.fits
5056/spec-5056-55921-0170.fits
5056/spec-5056-55921-0171.fits
5056/spec-5056-55921-0172.fits
5056/spec-5056-55921-0173.fits
5056/spec-5056-55921-0174.fits
5056/spec-5056-55921-0175.fits
5056/spec-5056-55921-0176.fits
5056/spec-5056-55921-0177.fits
5056/spec-5056-55921-0178.fits
5056/spec-5056-55921-0179.fits
5056/spec-5056-55921-0180.fits
5056/spec-5056-55921-0181.fits
5056/spec-5056-55921-0182.fits
5056/spec-5056-55921-0183.fits
5056/spec-5056-55921-0184.fits
5056/spec-5056-55921-0185.fits
5056/spec-5056-55921-0186.fits
5056/spec-5056-55921-0187.fits
5056/spec-5056-55921-0188.fits
5056/spec-5056-55921-0189.fits
5056/spec-5056-55921-0190.fits
5056/spec-5056-55921-0191.fits
5056/spec-5056-55921-0192.fits
5056/spec-5056-55921-0193.fits
5056/spec-5056-55921-0194.fits
5056/spec-5056-55921-0195.fits
5056/spec-5056-55921-0196.fits
5056/spec-5056-55921-0197.fits
5056/spec-5056-55921-0198.fits
5056/spec-5056-55921-0199.fits
5056/spec-5056-55921-0200.fits
5056/spec-5056-55921-0201.fits
5056/spec-5056-55921-0202.fits
5056/spec-5056-55921-0203.fits
5056/spec-5056-55921-0204.fits
5056/spec-5056-55921-0205.fits
5056/spec-5056-55921-0206.fits
5056/spec-5056-55921-0207.fits
5056/spec-5056-55921-0208.fits
5056/spec-5056-55921-0209.fits
5056/spec-5056-55921-0210.fits
5056/spec-5056-55921-0211.fits
5056/spec-5056-55921-0212.fits
5056/spec-5056-55921-0213.fits
5056/spec-5056-55921-0214.fits
5056/spec-5056-55921-0215.fits
5056/spec-5056-55921-0216.fits
5056/spec-5056-55921-0217.fits
5056/spec-5056-55921-0218.fits
5056/spec-5056-55921-0219.fits
5056/spec-5056-55921-0220.fits
5056/spec-5056-55921-0221.fits
5056/spec-5056-55921-0222.fits
5056/spec-5056-55921-0223.fits
5056/spec-5056-55921-0224.fits
5056/spec-5056-55921-0225.fits
5056/spec-5056-55921-0226.fits
5056/spec-5056-55921-0227.fits
5056/spec-5056-55921-0228.fits
5056/spec-5056-55921-0229.fits
5056/spec-5056-55921-0230.fits
5056/spec-5056-55921-0231.fits
5056/spec-5056-55921-0232.fits
5056/spec-5056-55921-0233.fits
5056/spec-5056-55921-0234.fits
5056/spec-5056-55921-0235.fits
5056/spec-5056-55921-0236.fits
5056/spec-5056-55921-0237.fits
5056/spec-5056-55921-0238.fits
5056/spec-5056-55921-0239.fits
5056/spec-5056-55921-0240.fits
5056/spec-5056-55921-0241.fits
5056/spec-5056-55921-0242.fits
5056/spec-5056-55921-0243.fits
5056/spec-5056-55921-0244.fits
5056/spec-5056-55921-0245.fits
5056/spec-5056-55921-0246.fits
5056/spec-5056-55921-0247.fits
5056/spec-5056-55921-0248.fits
5056/spec-5056-55921-0249.fits
5056/spec-5056-55921-0250.fits
5056/spec-5056-55921-0251.fits
5056/spec-5056-55921-0252.fits
5056/spec-5056-55921-0253.fits
5056/spec-5056-55921-0254.fits
5056/spec-5056-55921-0255.fits
5056/spec-5056-55921-0256.fits
5056/spec-5056-55921-0257.fits
5056/spec-5056-55921-0258.fits
5056/spec-5056-55921-0259.fits
5056/spec-5056-55921-0260.fits
5056/spec-5056-55921-0261.fits
5056/spec-5056-55921-0262.fits
5056/spec-5056-55921-0263.fits
5056/spec-5056-55921-0264.fits
5056/spec-5056-55921-0265.fits
5056/spec-5056-55921-0266.fits
5056/spec-5056-55921-0267.fits
5056/spec-5056-55921-0268.fits
5056/spec-5056-55921-0269.fits
5056/spec-5056-55921-0270.fits
5056/spec-5056-55921-0271.fits
5056/spec-5056-55921-0272.fits
5056/spec-5056-55921-0273.fits
5056/spec-5056-55921-0274.fits
5056/spec-5056-55921-0275.fits
5056/spec-5056-55921-0276.fits
5056/spec-5056-55921-0277.fits
5056/spec-5056-55921-0278.fits
5056/spec-5056-55921-0279.fits
5056/spec-5056-55921-0280.fits
5056/spec-5056-55921-0281.fits
5056/spec-5056-55921-0282.fits
5056/spec-5056-55921-0283.fits
5056/spec-5056-55921-0284.fits
5056/spec-5056-55921-0285.fits
5056/spec-5056-55921-0286.fits
5056/spec-5056-55921-0287.fits
5056/spec-5056-55921-0288.fits
5056/spec-5056-55921-0289.fits
5056/spec-5056-55921-0290.fits
5056/spec-5056-55921-0291.fits
5056/spec-5056-55921-0292.fits
5056/spec-5056-55921-0293.fits
5056/spec-5056-55921-0294.fits
5056/spec-5056-55921-0295.fits
5056/spec-5056-55921-0296.fits
5056/spec-5056-55921-0297.fits
5056/spec-5056-55921-0298.fits
5056/spec-5056-55921-0299.fits
5056/spec-5056-55921-0300.fits
5056/spec-5056-55921-0301.fits
5056/spec-5056-55921-0302.fits
5056/spec-5056-55921-0303.fits
5056/spec-5056-55921-0304.fits
5056/spec-5056-55921-0305.fits
5056/spec-5056-55921-0306.fits
5056/spec-5056-55921-0307.fits
5056/spec-5056-55921-0308.fits
5056/spec-5056-55921-0309.fits
5056/spec-5056-55921-0310.fits
5056/spec-5056-55921-0311.fits
5056/spec-5056-55921-0312.fits
5056/spec-5056-55921-0313.fits
5056/spec-5056-55921-0314.fits
5056/spec-5056-55921-0315.fits
5056/spec-5056-55921-0316.fits
5056/spec-5056-55921-0317.fits
5056/spec-5056-55921-0318.fits
5056/spec-5056-55921-0319.fits
5056/spec-5056-55921-0320.fits
5056/spec-5056-55921-0321.fits
5056/spec-5056-55921-0322.fits
5056/spec-5056-55921-0323.fits
5056/spec-5056-55921-0324.fits
5056/spec-5056-55921-0325.fits
5056/spec-5056-55921-0326.fits
5056/spec-5056-55921-0327.fits
5056/spec-5056-55921-0328.fits
5056/spec-5056-55921-0329.fits
5056/spec-5056-55921-0330.fits
5056/spec-5056-55921-0331.fits
5056/spec-5056-55921-0332.fits
5056/spec-5056-55921-0333.fits
5056/spec-5056-55921-0334.fits
5056/spec-5056-55921-0335.fits
5056/spec-5056-55921-0336.fits
5056/spec-5056-55921-0337.fits
5056/spec-5056-55921-0338.fits
5056/spec-5056-55921-0339.fits
5056/spec-5056-55921-0340.fits
5056/spec-5056-55921-0341.fits
5056/spec-5056-55921-0342.fits
5056/spec-5056-55921-0343.fits
5056/spec-5056-55921-0344.fits
5056/spec-5056-55921-0345.fits
5056/spec-5056-55921-0346.fits
5056/spec-5056-55921-0347.fits
5056/spec-5056-55921-0348.fits
5056/spec-5056-55921-0349.fits
5056/spec-5056-55921-0350.fits
5056/spec-5056-55921-0351.fits
5056/spec-5056-55921-0352.fits
5056/spec-5056-55921-0353.fits
5056/spec-5056-55921-0354.fits
5056/spec-5056-55921-0355.fits
5056/spec-5056-55921-0356.fits
5056/spec-5056-55921-0357.fits
5056/spec-5056-55921-0358.fits
5056/spec-5056-55921-0359.fits
5056/spec-5056-55921-0360.fits
5056/spec-5056-55921-0361.fits
5056/spec-5056-55921-0362.fits
5056/spec-5056-55921-0363.fits
5056/spec-5056-55921-0364.fits
5056/spec-5056-55921-0365.fits
5056/spec-5056-55921-0366.fits
5056/spec-5056-55921-0367.fits
5056/spec-5056-55921-0368.fits
5056/spec-5056-55921-0369.fits
5056/spec-5056-55921-0370.fits
5056/spec-5056-55921-0371.fits
5056/spec-5056-55921-0372.fits
5056/spec-5056-55921-0373.fits
5056/spec-5056-55921-0374.fits
5056/spec-5056-55921-0375.fits
5056/spec-5056-55921-0376.fits
5056/spec-5056-55921-0377.fits
5056/spec-5056-55921-0378.fits
5056/spec-5056-55921-0379.fits
5056/spec-5056-55921-0380.fits
5056/spec-5056-55921-0381.fits
5056/spec-5056-55921-0382.fits
5056/spec-5056-55921-0383.fits
5056/spec-5056-55921-0384.fits
5056/spec-5056-55921-0385.fits
5056/spec-5056-55921-0386.fits
5056/spec-5056-55921-0387.fits
5056/spec-5056-55921-0388.fits
5056/spec-5056-55921-0389.fits
5056/spec-5056-55921-0390.fits
5056/spec-5056-55921-0391.fits
5056/spec-5056-55921-0392.fits
5056/spec-5056-55921-0393.fits
5056/spec-5056-55921-0394.fits
5056/spec-5056-55921-0395.fits
5056/spec-5056-55921-0396.fits
5056/spec-5056-55921-0397.fits
5056/spec-5056-55921-0398.fits
5056/spec-5056-55921-0399.fits
5056/spec-5056-55921-0400.fits
5056/spec-5056-55921-0401.fits
5056/spec-5056-55921-0402.fits
5056/spec-5056-55921-0403.fits
5056/spec-5056-55921-0404.fits
5056/spec-5056-55921-0405.fits
5056/spec-5056-55921-0406.fits
5056/spec-5056-55921-0407.fits
5056/spec-5056-55921-0408.fits
5056/spec-5056-55921-0409.fits
5056/spec-5056-55921-0410.fits
5056/spec-5056-55921-0411.fits
5056/spec-5056-55921-0412.fits
5056/spec-5056-55921-0413.fits
5056/spec-5056-55921-0414.fits
5056/spec-5056-55921-0415.fits
5056/spec-5056-55921-0416.fits
5056/spec-5056-55921-0417.fits
5056/spec-5056-55921-0418.fits
5056/spec-5056-55921-0419.fits
5056/spec-5056-55921-0420.fits
5056/spec-5056-55921-0421.fits
5056/spec-5056-55921-0422.fits
5056/spec-5056-55921-0423.fits
5056/spec-5056-55921-0424.fits
5056/spec-5056-55921-0425.fits
5056/spec-5056-55921-0426.fits
5056/spec-5056-55921-0427.fits
5056/spec-5056-55921-0428.fits
5056/spec-5056-55921-0429.fits
5056/spec-5056-55921-0430.fits
5056/spec-5056-55921-0431.fits
5056/spec-5056-55921-0432.fits
5056/spec-5056-55921-0433.fits
5056/spec-5056-55921-0434.fits
5056/spec-5056-55921-0435.fits
5056/spec-5056-55921-0436.fits
5056/spec-5056-55921-0437.fits
5056/spec-5056-55921-0438.fits
5056/spec-5056-55921-0439.fits
5056/spec-5056-55921-0440.fits
5056/spec-5056-55921-0441.fits
5056/spec-5056-55921-0442.fits
5056/spec-5056-55921-0443.fits
5056/spec-5056-55921-0444.fits
5056/spec-5056-55921-0445.fits
5056/spec-5056-55921-0446.fits
5056/spec-5056-55921-0447.fits
5056/spec-5056-55921-0448.fits
5056/spec-5056-55921-0449.fits
5056/spec-5056-55921-0450.fits
5056/spec-5056-55921-0451.fits
5056/spec-5056-55921-0452.fits
5056/spec-5056-55921-0453.fits
5056/spec-5056-55921-0454.fits
5056/spec-5056-55921-0455.fits
5056/spec-5056-55921-0456.fits
5056/spec-5056-55921-0457.fits
5056/spec-5056-55921-0458.fits
5056/spec-5056-55921-0459.fits
5056/spec-5056-55921-0460.fits
5056/spec-5056-55921-0461.fits
5056/spec-5056-55921-0462.fits
5056/spec-5056-55921-0463.fits
5056/spec-5056-55921-0464.fits
5056/spec-5056-55921-0465.fits
5056/spec-5056-55921-0466.fits
5056/spec-5056-55921-0467.fits
5056/spec-5056-55921-0468.fits
5056/spec-5056-55921-0469.fits
5056/spec-5056-55921-0470.fits
5056/spec-5056-55921-0471.fits
5056/spec-5056-55921-0472.fits
5056/spec-5056-55921-0473.fits
5056/spec-5056-55921-0474.fits
5056/spec-5056-55921-0475.fits
5056/spec-5056-55921-0476.fits
5056/spec-5056-55921-0477.fits
5056/spec-5056-55921-0478.fits
5056/spec-5056-55921-0479.fits
5056/spec-5056-55921-0480.fits
5056/spec-5056-55921-0481.fits
5056/spec-5056-55921-0482.fits
5056/spec-5056-55921-0483.fits
5056/spec-5056-55921-0484.fits
5056/spec-5056-55921-0485.fits
5056/spec-5056-55921-0486.fits
5056/spec-5056-55921-0487.fits
5056/spec-5056-55921-0488.fits
5056/spec-5056-55921-0489.fits
5056/spec-5056-55921-0490.fits
5056/spec-5056-55921-0491.fits
5056/spec-5056-55921-0492.fits
5056/spec-5056-55921-0493.fits
5056/spec-5056-55921-0494.fits
5056/spec-5056-55921-0495.fits
5056/spec-5056-55921-0496.fits
5056/spec-5056-55921-0497.fits
5056/spec-5056-55921-0498.fits
5056/spec-5056-55921-0499.fits
5056/spec-5056-55921-0500.fits
5056/spec-5056-55921-0501.fits
5056/spec-5056-55921-0502.fits
5056/spec-5056-55921-0503.fits
5056/spec-5056-55921-0504.fits
5056/spec-5056-55921-0505.fits
5056/spec-5056-55921-0506.fits
5056/spec-5056-55921-0507.fits
5056/spec-5056-55921-0508.fits
5056/spec-5056-55921-0509.fits
5056/spec-5056-55921-0510.fits
5056/spec-5056-55921-0511.fits
5056/spec-5056-55921-0512.fits
5056/spec-5056-55921-0513.fits
5056/spec-5056-55921-0514.fits
5056/spec-5056-55921-0515.fits
5056/spec-5056-55921-0516.fits
5056/spec-5056-55921-0517.fits
5056/spec-5056-55921-0518.fits
5056/spec-5056-55921-0519.fits
5056/spec-5056-55921-0520.fits
5056/spec-5056-55921-0521.fits
5056/spec-5056-55921-0522.fits
5056/spec-5056-55921-0523.fits
5056/spec-5056-55921-0524.fits
5056/spec-5056-55921-0525.fits
5056/spec-5056-55921-0526.fits
5056/spec-5056-55921-0527.fits
5056/spec-5056-55921-0528.fits
5056/spec-5056-55921-0529.fits
5056/spec-5056-55921-0530.fits
5056/spec-5056-55921-0531.fits
5056/spec-5056-55921-0532.fits
5056/spec-5056-55921-0533.fits
5056/spec-5056-55921-0534.fits
5056/spec-5056-55921-0535.fits
5056/spec-5056-55921-0536.fits
5056/spec-5056-55921-0537.fits
5056/spec-5056-55921-0538.fits
5056/spec-5056-55921-0539.fits
5056/spec-5056-55921-0540.fits
5056/spec-5056-55921-0541.fits
5056/spec-5056-55921-0542.fits
5056/spec-5056-55921-0543.fits
5056/spec-5056-55921-0544.fits
5056/spec-5056-55921-0545.fits
5056/spec-5056-55921-0546.fits
5056/spec-5056-55921-0547.fits
5056/spec-5056-55921-0548.fits
5056/spec-5056-55921-0549.fits
5056/spec-5056-55921-0550.fits
5056/spec-5056-55921-0551.fits
5056/spec-5056-55921-0552.fits
5056/spec-5056-55921-0553.fits
5056/spec-5056-55921-0554.fits
5056/spec-5056-55921-0555.fits
5056/spec-5056-55921-0556.fits
5056/spec-5056-55921-0557.fits
5056/spec-5056-55921-0558.fits
5056/spec-5056-55921-0559.fits
5056/spec-5056-55921-0560.fits
5056/spec-5056-55921-0561.fits
5056/spec-5056-55921-0562.fits
5056/spec-5056-55921-0563.fits
5056/spec-5056-55921-0564.fits
5056/spec-5056-55921-0565.fits
5056/spec-5056-55921-0566.fits
5056/spec-5056-55921-0567.fits
5056/spec-5056-55921-0568.fits
5056/spec-5056-55921-0569.fits
5056/spec-5056-55921-0570.fits
5056/spec-5056-55921-0571.fits
5056/spec-5056-55921-0572.fits
5056/spec-5056-55921-0573.fits
5056/spec-5056-55921-0574.fits
5056/spec-5056-55921-0575.fits
5056/spec-5056-55921-0576.fits
5056/spec-5056-55921-0577.fits
5056/spec-5056-55921-0578.fits
5056/spec-5056-55921-0579.fits
5056/spec-5056-55921-0580.fits
5056/spec-5056-55921-0581.fits
5056/spec-5056-55921-0582.fits
5056/spec-5056-55921-0583.fits
5056/spec-5056-55921-0584.fits
5056/spec-5056-55921-0585.fits
5056/spec-5056-55921-0586.fits
5056/spec-5056-55921-0587.fits
5056/spec-5056-55921-0588.fits
5056/spec-5056-55921-0589.fits
5056/spec-5056-55921-0590.fits
5056/spec-5056-55921-0591.fits
5056/spec-5056-55921-0592.fits
5056/spec-5056-55921-0593.fits
5056/spec-5056-55921-0594.fits
5056/spec-5056-55921-0595.fits
5056/spec-5056-55921-0596.fits
5056/spec-5056-55921-0597.fits
5056/spec-5056-55921-0598.fits
5056/spec-5056-55921-0599.fits
5056/spec-5056-55921-0600.fits
5056/spec-5056-55921-0601.fits
5056/spec-5056-55921-0602.fits
5056/spec-5056-55921-0603.fits
5056/spec-5056-55921-0604.fits
5056/spec-5056-55921-0605.fits
5056/spec-5056-55921-0606.fits
5056/spec-5056-55921-0607.fits
5056/spec-5056-55921-0608.fits
5056/spec-5056-55921-0609.fits
5056/spec-5056-55921-0610.fits
5056/spec-5056-55921-0611.fits
5056/spec-5056-55921-0612.fits
5056/spec-5056-55921-0613.fits
5056/spec-5056-55921-0614.fits
5056/spec-5056-55921-0615.fits
5056/spec-5056-55921-0616.fits
5056/spec-5056-55921-0617.fits
5056/spec-5056-55921-0618.fits
5056/spec-5056-55921-0619.fits
5056/spec-5056-55921-0620.fits
5056/spec-5056-55921-0621.fits
5056/spec-5056-55921-0622.fits
5056/spec-5056-55921-0623.fits
5056/spec-5056-55921-0624.fits
5056/spec-5056-55921-0625.fits
5056/spec-5056-55921-0626.fits
5056/spec-5056-55921-0627.fits
5056/spec-5056-55921-0628.fits
5056/spec-5056-55921-0629.fits
5056/spec-5056-55921-0630.fits
5056/spec-5056-55921-0631.fits
5056/spec-5056-55921-0632.fits
5056/spec-5056-55921-0633.fits
5056/spec-5056-55921-0634.fits
5056/spec-5056-55921-0635.fits
5056/spec-5056-55921-0636.fits
5056/spec-5056-55921-0637.fits
5056/spec-5056-55921-0638.fits
5056/spec-5056-55921-0639.fits
5056/spec-5056-55921-0640.fits
5056/spec-5056-55921-0641.fits
5056/spec-5056-55921-0642.fits
5056/spec-5056-55921-0643.fits
5056/spec-5056-55921-0644.fits
5056/spec-5056-55921-0645.fits
5056/spec-5056-55921-0646.fits
5056/spec-5056-55921-0647.fits
5056/spec-5056-55921-0648.fits
5056/spec-5056-55921-0649.fits
5056/spec-5056-55921-0650.fits
5056/spec-5056-55921-0651.fits
5056/spec-5056-55921-0652.fits
5056/spec-5056-55921-0653.fits
5056/spec-5056-55921-0654.fits
5056/spec-5056-55921-0655.fits
5056/spec-5056-55921-0656.fits
5056/spec-5056-55921-0657.fits
5056/spec-5056-55921-0658.fits
5056/spec-5056-55921-0659.fits
5056/spec-5056-55921-0660.fits
5056/spec-5056-55921-0661.fits
5056/spec-5056-55921-0662.fits
5056/spec-5056-55921-0663.fits
5056/spec-5056-55921-0664.fits
5056/spec-5056-55921-0665.fits
5056/spec-5056-55921-0666.fits
5056/spec-5056-55921-0667.fits
5056/spec-5056-55921-0668.fits
5056/spec-5056-55921-0669.fits
5056/spec-5056-55921-0670.fits
5056/spec-5056-55921-0671.fits
5056/spec-5056-55921-0672.fits
5056/spec-5056-55921-0673.fits
5056/spec-5056-55921-0674.fits
5056/spec-5056-55921-0675.fits
5056/spec-5056-55921-0676.fits
5056/spec-5056-55921-0677.fits
5056/spec-5056-55921-0678.fits
5056/spec-5056-55921-0679.fits
5056/spec-5056-55921-0680.fits
5056/spec-5056-55921-0681.fits
5056/spec-5056-55921-0682.fits
5056/spec-5056-55921-0683.fits
5056/spec-5056-55921-0684.fits
5056/spec-5056-55921-0685.fits
5056/spec-5056-55921-0686.fits
5056/spec-5056-55921-0687.fits
5056/spec-5056-55921-0688.fits
5056/spec-5056-55921-0689.fits
5056/spec-5056-55921-0690.fits
5056/spec-5056-55921-0691.fits
5056/spec-5056-55921-0692.fits
5056/spec-5056-55921-0693.fits
5056/spec-5056-55921-0694.fits
5056/spec-5056-55921-0695.fits
5056/spec-5056-55921-0696.fits
5056/spec-5056-55921-0697.fits
5056/spec-5056-55921-0698.fits
5056/spec-5056-55921-0699.fits
5056/spec-5056-55921-0700.fits
5056/spec-5056-55921-0701.fits
5056/spec-5056-55921-0702.fits
5056/spec-5056-55921-0703.fits
5056/spec-5056-55921-0704.fits
5056/spec-5056-55921-0705.fits
5056/spec-5056-55921-0706.fits
5056/spec-5056-55921-0707.fits
5056/spec-5056-55921-0708.fits
5056/spec-5056-55921-0709.fits
5056/spec-5056-55921-0710.fits
5056/spec-5056-55921-0711.fits
5056/spec-5056-55921-0712.fits
5056/spec-5056-55921-0713.fits
5056/spec-5056-55921-0714.fits
5056/spec-5056-55921-0715.fits
5056/spec-5056-55921-0716.fits
5056/spec-5056-55921-0717.fits
5056/spec-5056-55921-0718.fits
5056/spec-5056-55921-0719.fits
5056/spec-5056-55921-0720.fits
5056/spec-5056-55921-0721.fits
5056/spec-5056-55921-0722.fits
5056/spec-5056-55921-0723.fits
5056/spec-5056-55921-0724.fits
5056/spec-5056-55921-0725.fits
5056/spec-5056-55921-0726.fits
5056/spec-5056-55921-0727.fits
5056/spec-5056-55921-0728.fits
5056/spec-5056-55921-0729.fits
5056/spec-5056-55921-0730.fits
5056/spec-5056-55921-0731.fits
5056/spec-5056-55921-0732.fits
5056/spec-5056-55921-0733.fits
5056/spec-5056-55921-0734.fits
5056/spec-5056-55921-0735.fits
5056/spec-5056-55921-0736.fits
5056/spec-5056-55921-0737.fits
5056/spec-5056-55921-0738.fits
5056/spec-5056-55921-0739.fits
5056/spec-5056-55921-0740.fits
5056/spec-5056-55921-0741.fits
5056/spec-5056-55921-0742.fits
5056/spec-5056-55921-0743.fits
5056/spec-5056-55921-0744.fits
5056/spec-5056-55921-0745.fits
5056/spec-5056-55921-0746.fits
5056/spec-5056-55921-0747.fits
5056/spec-5056-55921-0748.fits
5056/spec-5056-55921-0749.fits
5056/spec-5056-55921-0750.fits
5056/spec-5056-55921-0751.fits
5056/spec-5056-55921-0752.fits
5056/spec-5056-55921-0753.fits
5056/spec-5056-55921-0754.fits
5056/spec-5056-55921-0755.fits
5056/spec-5056-55921-0756.fits
5056/spec-5056-55921-0757.fits
5056/spec-5056-55921-0758.fits
5056/spec-5056-55921-0759.fits
5056/spec-5056-55921-0760.fits
5056/spec-5056-55921-0761.fits
5056/spec-5056-55921-0762.fits
5056/spec-5056-55921-0763.fits
5056/spec-5056-55921-0764.fits
5056/spec-5056-55921-0765.fits
5056/spec-5056-55921-0766.fits
5056/spec-5056-55921-0767.fits
5056/spec-5056-55921-0768.fits
5056/spec-5056-55921-0769.fits
5056/spec-5056-55921-0770.fits
5056/spec-5056-55921-0771.fits
5056/spec-5056-55921-0772.fits
5056/spec-5056-55921-0773.fits
5056/spec-5056-55921-0774.fits
5056/spec-5056-55921-0775.fits
5056/spec-5056-55921-0776.fits
5056/spec-5056-55921-0777.fits
5056/spec-5056-55921-0778.fits
5056/spec-5056-55921-0779.fits
5056/spec-5056-55921-0780.fits
5056/spec-5056-55921-0781.fits
5056/spec-5056-55921-0782.fits
5056/spec-5056-55921-0783.fits
5056/spec-5056-55921-0784.fits
5056/spec-5056-55921-0785.fits
5056/spec-5056-55921-0786.fits
5056/spec-5056-55921-0787.fits
5056/spec-5056-55921-0788.fits
5056/spec-5056-55921-0789.fits
5056/spec-5056-55921-0790.fits
5056/spec-5056-55921-0791.fits
5056/spec-5056-55921-0792.fits
5056/spec-5056-55921-0793.fits
5056/spec-5056-55921-0794.fits
5056/spec-5056-55921-0795.fits
5056/spec-5056-55921-0796.fits
5056/spec-5056-55921-0797.fits
5056/spec-5056-55921-0798.fits
5056/spec-5056-55921-0799.fits
5056/spec-5056-55921-0800.fits
5056/spec-5056-55921-0801.fits
5056/spec-5056-55921-0802.fits
5056/spec-5056-55921-0803.fits
5056/spec-5056-55921-0804.fits
5056/spec-5056-55921-0805.fits
5056/spec-5056-55921-0806.fits
5056/spec-5056-55921-0807.fits
5056/spec-5056-55921-0808.fits
5056/spec-5056-55921-0809.fits
5056/spec-5056-55921-0810.fits
5056/spec-5056-55921-0811.fits
5056/spec-5056-55921-0812.fits
5056/spec-5056-55921-0813.fits
5056/spec-5056-55921-0814.fits
5056/spec-5056-55921-0815.fits
5056/spec-5056-55921-0816.fits
5056/spec-5056-55921-0817.fits
5056/spec-5056-55921-0818.fits
5056/spec-5056-55921-0819.fits
5056/spec-5056-55921-0820.fits
5056/spec-5056-55921-0821.fits
5056/spec-5056-55921-0822.fits
5056/spec-5056-55921-0823.fits
5056/spec-5056-55921-0824.fits
5056/spec-5056-55921-0825.fits
5056/spec-5056-55921-0826.fits
5056/spec-5056-55921-0827.fits
5056/spec-5056-55921-0828.fits
5056/spec-5056-55921-0829.fits
5056/spec-5056-55921-0830.fits
5056/spec-5056-55921-0831.fits
5056/spec-5056-55921-0832.fits
5056/spec-5056-55921-0833.fits
5056/spec-5056-55921-0834.fits
5056/spec-5056-55921-0835.fits
5056/spec-5056-55921-0836.fits
5056/spec-5056-55921-0837.fits
5056/spec-5056-55921-0838.fits
5056/spec-5056-55921-0839.fits
5056/spec-5056-55921-0840.fits
5056/spec-5056-55921-0841.fits
5056/spec-5056-55921-0842.fits
5056/spec-5056-55921-0843.fits
5056/spec-5056-55921-0844.fits
5056/spec-5056-55921-0845.fits
5056/spec-5056-55921-0846.fits
5056/spec-5056-55921-0847.fits
5056/spec-5056-55921-0848.fits
5056/spec-5056-55921-0849.fits
5056/spec-5056-55921-0850.fits
5056/spec-5056-55921-0851.fits
5056/spec-5056-55921-0852.fits
5056/spec-5056-55921-0853.fits
5056/spec-5056-55921-0854.fits
5056/spec-5056-55921-0855.fits
5056/spec-5056-55921-0856.fits
5056/spec-5056-55921-0857.fits
5056/spec-5056-55921-0858.fits
5056/spec-5056-55921-0859.fits
5056/spec-5056-55921-0860.fits
5056/spec-5056-55921-0861.fits
5056/spec-5056-55921-0862.fits
5056/spec-5056-55921-0863.fits
5056/spec-5056-55921-0864.fits
5056/spec-5056-55921-0865.fits
5056/spec-5056-55921-0866.fits
5056/spec-5056-55921-0867.fits
5056/spec-5056-55921-0868.fits
5056/spec-5056-55921-0869.fits
5056/spec-5056-55921-0870.fits
5056/spec-5056-55921-0871.fits
5056/spec-5056-55921-0872.fits
5056/spec-5056-55921-0873.fits
5056/spec-5056-55921-0874.fits
5056/spec-5056-55921-0875.fits
5056/spec-5056-55921-0876.fits
5056/spec-5056-55921-0877.fits
5056/spec-5056-55921-0878.fits
5056/spec-5056-55921-0879.fits
5056/spec-5056-55921-0880.fits
5056/spec-5056-55921-0881.fits
5056/spec-5056-55921-0882.fits
5056/spec-5056-55921-0883.fits
5056/spec-5056-55921-0884.fits
5056/spec-5056-55921-0885.fits
5056/spec-5056-55921-0886.fits
5056/spec-5056-55921-0887.fits
5056/spec-5056-55921-0888.fits
5056/spec-5056-55921-0889.fits
5056/spec-5056-55921-0890.fits
5056/spec-5056-55921-0891.fits
5056/spec-5056-55921-0892.fits
5056/spec-5056-55921-0893.fits
5056/spec-5056-55921-0894.fits
5056/spec-5056-55921-0895.fits
5056/spec-5056-55921-0896.fits
5056/spec-5056-55921-0897.fits
5056/spec-5056-55921-0898.fits
5056/spec-5056-55921-0899.fits
5056/spec-5056-55921-0900.fits
5056/spec-5056-55921-0901.fits
5056/spec-5056-55921-0902.fits
5056/spec-5056-55921-0903.fits
5056/spec-5056-55921-0904.fits
5056/spec-5056-55921-0905.fits
5056/spec-5056-55921-0906.fits
5056/spec-5056-55921-0907.fits
5056/spec-5056-55921-0908.fits
5056/spec-5056-55921-0909.fits
5056/spec-5056-55921-0910.fits
5056/spec-5056-55921-0911.fits
5056/spec-5056-55921-0912.fits
5056/spec-5056-55921-0913.fits
5056/spec-5056-55921-0914.fits
5056/spec-5056-55921-0915.fits
5056/spec-5056-55921-0916.fits
5056/spec-5056-55921-0917.fits
5056/spec-5056-55921-0918.fits
5056/spec-5056-55921-0919.fits
5056/spec-5056-55921-0920.fits
5056/spec-5056-55921-0921.fits
5056/spec-5056-55921-0922.fits
5056/spec-5056-55921-0923.fits
5056/spec-5056-55921-0924.fits
5056/spec-5056-55921-0925.fits
5056/spec-5056-55921-0926.fits
5056/spec-5056-55921-0927.fits
5056/spec-5056-55921-0928.fits
5056/spec-5056-55921-0929.fits
5056/spec-5056-55921-0930.fits
5056/spec-5056-55921-0931.fits
5056/spec-5056-55921-0932.fits
5056/spec-5056-55921-0933.fits
5056/spec-5056-55921-0934.fits
5056/spec-5056-55921-0935.fits
5056/spec-5056-55921-0936.fits
5056/spec-5056-55921-0937.fits
5056/spec-5056-55921-0938.fits
5056/spec-5056-55921-0939.fits
5056/spec-5056-55921-0940.fits
5056/spec-5056-55921-0941.fits
5056/spec-5056-55921-0942.fits
5056/spec-5056-55921-0943.fits
5056/spec-5056-55921-0944.fits
5056/spec-5056-55921-0945.fits
5056/spec-5056-55921-0946.fits
5056/spec-5056-55921-0947.fits
5056/spec-5056-55921-0948.fits
5056/spec-5056-55921-0949.fits
5056/spec-5056-55921-0950.fits
5056/spec-5056-55921-0951.fits
5056/spec-5056-55921-0952.fits
5056/spec-5056-55921-0953.fits
5056/spec-5056-55921-0954.fits
5056/spec-5056-55921-0955.fits
5056/spec-5056-55921-0956.fits
5056/spec-5056-55921-0957.fits
5056/spec-5056-55921-0958.fits
5056/spec-5056-55921-0959.fits
5056/spec-5056-55921-0960.fits
5056/spec-5056-55921-0961.fits
5056/spec-5056-55921-0962.fits
5056/spec-5056-55921-0963.fits
5056/spec-5056-55921-0964.fits
5056/spec-5056-55921-0965.fits
5056/spec-5056-55921-0966.fits
5056/spec-5056-55921-0967.fits
5056/spec-5056-55921-0968.fits
5056/spec-5056-55921-0969.fits
5056/spec-5056-55921-0970.fits
5056/spec-5056-55921-0971.fits
5056/spec-5056-55921-0972.fits
5056/spec-5056-55921-0973.fits
5056/spec-5056-55921-0974.fits
5056/spec-5056-55921-0975.fits
5056/spec-5056-55921-0976.fits
5056/spec-5056-55921-0977.fits
5056/spec-5056-55921-0978.fits
5056/spec-5056-55921-0979.fits
5056/spec-5056-55921-0980.fits
5056/spec-5056-55921-0981.fits
5056/spec-5056-55921-0982.fits
5056/spec-5056-55921-0983.fits
5056/spec-5056-55921-0984.fits
5056/spec-5056-55921-0985.fits
5056/spec-5056-55921-0986.fits
5056/spec-5056-55921-0987.fits
5056/spec-5056-55921-0988.fits
5056/spec-5056-55921-0989.fits
5056/spec-5056-55921-0990.fits
5056/spec-5056-55921-0991.fits
5056/spec-5056-55921-0992.fits
5056/spec-5056-55921-0993.fits
5056/spec-5056-55921-0994.fits
5056/spec-5056-55921-0995.fits
5056/spec-5056-55921-0996.fits
5056/spec-5056-55921-0997.fits
5056/spec-5056-55921-0998.fits
5056/spec-5056-55921-0999.fits
5056/spec-5056-55921-1000.fits
/var/lib/condor/execute/slot1/dir_27435
5056 5056.tgz R R361.tar.gz _condor_stderr _condor_stdout cB58_Lyman_break.fit condor_exec.exe hw4.R packages packages.tar.gz tmp var
[1] "Loaded package astro."
[1] 1000
5056 5056.csv 5056.tgz R R361.tar.gz _condor_stderr _condor_stdout cB58_Lyman_break.fit condor_exec.exe hw4.R packages packages.tar.gz tmp var
