3801
3801/
3801/spec-3801-55509-0001.fits
3801/spec-3801-55509-0002.fits
3801/spec-3801-55509-0003.fits
3801/spec-3801-55509-0004.fits
3801/spec-3801-55509-0005.fits
3801/spec-3801-55509-0006.fits
3801/spec-3801-55509-0007.fits
3801/spec-3801-55509-0008.fits
3801/spec-3801-55509-0009.fits
3801/spec-3801-55509-0010.fits
3801/spec-3801-55509-0011.fits
3801/spec-3801-55509-0012.fits
3801/spec-3801-55509-0013.fits
3801/spec-3801-55509-0014.fits
3801/spec-3801-55509-0015.fits
3801/spec-3801-55509-0016.fits
3801/spec-3801-55509-0017.fits
3801/spec-3801-55509-0018.fits
3801/spec-3801-55509-0019.fits
3801/spec-3801-55509-0020.fits
3801/spec-3801-55509-0021.fits
3801/spec-3801-55509-0022.fits
3801/spec-3801-55509-0023.fits
3801/spec-3801-55509-0024.fits
3801/spec-3801-55509-0025.fits
3801/spec-3801-55509-0026.fits
3801/spec-3801-55509-0027.fits
3801/spec-3801-55509-0028.fits
3801/spec-3801-55509-0029.fits
3801/spec-3801-55509-0030.fits
3801/spec-3801-55509-0031.fits
3801/spec-3801-55509-0032.fits
3801/spec-3801-55509-0033.fits
3801/spec-3801-55509-0034.fits
3801/spec-3801-55509-0035.fits
3801/spec-3801-55509-0036.fits
3801/spec-3801-55509-0037.fits
3801/spec-3801-55509-0038.fits
3801/spec-3801-55509-0039.fits
3801/spec-3801-55509-0040.fits
3801/spec-3801-55509-0041.fits
3801/spec-3801-55509-0042.fits
3801/spec-3801-55509-0043.fits
3801/spec-3801-55509-0044.fits
3801/spec-3801-55509-0045.fits
3801/spec-3801-55509-0046.fits
3801/spec-3801-55509-0047.fits
3801/spec-3801-55509-0048.fits
3801/spec-3801-55509-0049.fits
3801/spec-3801-55509-0050.fits
3801/spec-3801-55509-0051.fits
3801/spec-3801-55509-0052.fits
3801/spec-3801-55509-0053.fits
3801/spec-3801-55509-0054.fits
3801/spec-3801-55509-0055.fits
3801/spec-3801-55509-0056.fits
3801/spec-3801-55509-0057.fits
3801/spec-3801-55509-0058.fits
3801/spec-3801-55509-0059.fits
3801/spec-3801-55509-0060.fits
3801/spec-3801-55509-0061.fits
3801/spec-3801-55509-0062.fits
3801/spec-3801-55509-0063.fits
3801/spec-3801-55509-0064.fits
3801/spec-3801-55509-0065.fits
3801/spec-3801-55509-0066.fits
3801/spec-3801-55509-0067.fits
3801/spec-3801-55509-0068.fits
3801/spec-3801-55509-0069.fits
3801/spec-3801-55509-0070.fits
3801/spec-3801-55509-0071.fits
3801/spec-3801-55509-0072.fits
3801/spec-3801-55509-0073.fits
3801/spec-3801-55509-0074.fits
3801/spec-3801-55509-0075.fits
3801/spec-3801-55509-0076.fits
3801/spec-3801-55509-0077.fits
3801/spec-3801-55509-0078.fits
3801/spec-3801-55509-0079.fits
3801/spec-3801-55509-0080.fits
3801/spec-3801-55509-0081.fits
3801/spec-3801-55509-0082.fits
3801/spec-3801-55509-0083.fits
3801/spec-3801-55509-0084.fits
3801/spec-3801-55509-0085.fits
3801/spec-3801-55509-0086.fits
3801/spec-3801-55509-0087.fits
3801/spec-3801-55509-0088.fits
3801/spec-3801-55509-0089.fits
3801/spec-3801-55509-0090.fits
3801/spec-3801-55509-0091.fits
3801/spec-3801-55509-0092.fits
3801/spec-3801-55509-0093.fits
3801/spec-3801-55509-0094.fits
3801/spec-3801-55509-0095.fits
3801/spec-3801-55509-0096.fits
3801/spec-3801-55509-0097.fits
3801/spec-3801-55509-0098.fits
3801/spec-3801-55509-0099.fits
3801/spec-3801-55509-0100.fits
3801/spec-3801-55509-0101.fits
3801/spec-3801-55509-0102.fits
3801/spec-3801-55509-0103.fits
3801/spec-3801-55509-0104.fits
3801/spec-3801-55509-0105.fits
3801/spec-3801-55509-0106.fits
3801/spec-3801-55509-0107.fits
3801/spec-3801-55509-0108.fits
3801/spec-3801-55509-0109.fits
3801/spec-3801-55509-0110.fits
3801/spec-3801-55509-0111.fits
3801/spec-3801-55509-0112.fits
3801/spec-3801-55509-0113.fits
3801/spec-3801-55509-0114.fits
3801/spec-3801-55509-0115.fits
3801/spec-3801-55509-0116.fits
3801/spec-3801-55509-0117.fits
3801/spec-3801-55509-0118.fits
3801/spec-3801-55509-0119.fits
3801/spec-3801-55509-0120.fits
3801/spec-3801-55509-0121.fits
3801/spec-3801-55509-0122.fits
3801/spec-3801-55509-0123.fits
3801/spec-3801-55509-0124.fits
3801/spec-3801-55509-0125.fits
3801/spec-3801-55509-0126.fits
3801/spec-3801-55509-0127.fits
3801/spec-3801-55509-0128.fits
3801/spec-3801-55509-0129.fits
3801/spec-3801-55509-0130.fits
3801/spec-3801-55509-0131.fits
3801/spec-3801-55509-0132.fits
3801/spec-3801-55509-0133.fits
3801/spec-3801-55509-0134.fits
3801/spec-3801-55509-0135.fits
3801/spec-3801-55509-0136.fits
3801/spec-3801-55509-0137.fits
3801/spec-3801-55509-0138.fits
3801/spec-3801-55509-0139.fits
3801/spec-3801-55509-0140.fits
3801/spec-3801-55509-0141.fits
3801/spec-3801-55509-0142.fits
3801/spec-3801-55509-0143.fits
3801/spec-3801-55509-0144.fits
3801/spec-3801-55509-0145.fits
3801/spec-3801-55509-0146.fits
3801/spec-3801-55509-0147.fits
3801/spec-3801-55509-0148.fits
3801/spec-3801-55509-0149.fits
3801/spec-3801-55509-0150.fits
3801/spec-3801-55509-0151.fits
3801/spec-3801-55509-0152.fits
3801/spec-3801-55509-0153.fits
3801/spec-3801-55509-0154.fits
3801/spec-3801-55509-0155.fits
3801/spec-3801-55509-0156.fits
3801/spec-3801-55509-0157.fits
3801/spec-3801-55509-0158.fits
3801/spec-3801-55509-0159.fits
3801/spec-3801-55509-0160.fits
3801/spec-3801-55509-0161.fits
3801/spec-3801-55509-0162.fits
3801/spec-3801-55509-0163.fits
3801/spec-3801-55509-0164.fits
3801/spec-3801-55509-0165.fits
3801/spec-3801-55509-0166.fits
3801/spec-3801-55509-0167.fits
3801/spec-3801-55509-0168.fits
3801/spec-3801-55509-0169.fits
3801/spec-3801-55509-0170.fits
3801/spec-3801-55509-0171.fits
3801/spec-3801-55509-0172.fits
3801/spec-3801-55509-0173.fits
3801/spec-3801-55509-0174.fits
3801/spec-3801-55509-0175.fits
3801/spec-3801-55509-0176.fits
3801/spec-3801-55509-0177.fits
3801/spec-3801-55509-0178.fits
3801/spec-3801-55509-0179.fits
3801/spec-3801-55509-0180.fits
3801/spec-3801-55509-0181.fits
3801/spec-3801-55509-0182.fits
3801/spec-3801-55509-0183.fits
3801/spec-3801-55509-0184.fits
3801/spec-3801-55509-0185.fits
3801/spec-3801-55509-0186.fits
3801/spec-3801-55509-0187.fits
3801/spec-3801-55509-0188.fits
3801/spec-3801-55509-0189.fits
3801/spec-3801-55509-0190.fits
3801/spec-3801-55509-0191.fits
3801/spec-3801-55509-0192.fits
3801/spec-3801-55509-0193.fits
3801/spec-3801-55509-0194.fits
3801/spec-3801-55509-0195.fits
3801/spec-3801-55509-0196.fits
3801/spec-3801-55509-0197.fits
3801/spec-3801-55509-0198.fits
3801/spec-3801-55509-0199.fits
3801/spec-3801-55509-0200.fits
3801/spec-3801-55509-0201.fits
3801/spec-3801-55509-0202.fits
3801/spec-3801-55509-0203.fits
3801/spec-3801-55509-0204.fits
3801/spec-3801-55509-0205.fits
3801/spec-3801-55509-0206.fits
3801/spec-3801-55509-0207.fits
3801/spec-3801-55509-0208.fits
3801/spec-3801-55509-0209.fits
3801/spec-3801-55509-0210.fits
3801/spec-3801-55509-0211.fits
3801/spec-3801-55509-0212.fits
3801/spec-3801-55509-0213.fits
3801/spec-3801-55509-0214.fits
3801/spec-3801-55509-0215.fits
3801/spec-3801-55509-0216.fits
3801/spec-3801-55509-0217.fits
3801/spec-3801-55509-0218.fits
3801/spec-3801-55509-0219.fits
3801/spec-3801-55509-0220.fits
3801/spec-3801-55509-0221.fits
3801/spec-3801-55509-0222.fits
3801/spec-3801-55509-0223.fits
3801/spec-3801-55509-0224.fits
3801/spec-3801-55509-0225.fits
3801/spec-3801-55509-0226.fits
3801/spec-3801-55509-0227.fits
3801/spec-3801-55509-0228.fits
3801/spec-3801-55509-0229.fits
3801/spec-3801-55509-0230.fits
3801/spec-3801-55509-0231.fits
3801/spec-3801-55509-0232.fits
3801/spec-3801-55509-0233.fits
3801/spec-3801-55509-0234.fits
3801/spec-3801-55509-0235.fits
3801/spec-3801-55509-0236.fits
3801/spec-3801-55509-0237.fits
3801/spec-3801-55509-0238.fits
3801/spec-3801-55509-0239.fits
3801/spec-3801-55509-0240.fits
3801/spec-3801-55509-0241.fits
3801/spec-3801-55509-0242.fits
3801/spec-3801-55509-0243.fits
3801/spec-3801-55509-0244.fits
3801/spec-3801-55509-0245.fits
3801/spec-3801-55509-0246.fits
3801/spec-3801-55509-0247.fits
3801/spec-3801-55509-0248.fits
3801/spec-3801-55509-0249.fits
3801/spec-3801-55509-0250.fits
3801/spec-3801-55509-0251.fits
3801/spec-3801-55509-0252.fits
3801/spec-3801-55509-0253.fits
3801/spec-3801-55509-0254.fits
3801/spec-3801-55509-0255.fits
3801/spec-3801-55509-0256.fits
3801/spec-3801-55509-0257.fits
3801/spec-3801-55509-0258.fits
3801/spec-3801-55509-0259.fits
3801/spec-3801-55509-0260.fits
3801/spec-3801-55509-0261.fits
3801/spec-3801-55509-0262.fits
3801/spec-3801-55509-0263.fits
3801/spec-3801-55509-0264.fits
3801/spec-3801-55509-0265.fits
3801/spec-3801-55509-0266.fits
3801/spec-3801-55509-0267.fits
3801/spec-3801-55509-0268.fits
3801/spec-3801-55509-0269.fits
3801/spec-3801-55509-0270.fits
3801/spec-3801-55509-0271.fits
3801/spec-3801-55509-0272.fits
3801/spec-3801-55509-0273.fits
3801/spec-3801-55509-0274.fits
3801/spec-3801-55509-0275.fits
3801/spec-3801-55509-0276.fits
3801/spec-3801-55509-0277.fits
3801/spec-3801-55509-0278.fits
3801/spec-3801-55509-0279.fits
3801/spec-3801-55509-0280.fits
3801/spec-3801-55509-0281.fits
3801/spec-3801-55509-0282.fits
3801/spec-3801-55509-0283.fits
3801/spec-3801-55509-0284.fits
3801/spec-3801-55509-0285.fits
3801/spec-3801-55509-0286.fits
3801/spec-3801-55509-0287.fits
3801/spec-3801-55509-0288.fits
3801/spec-3801-55509-0289.fits
3801/spec-3801-55509-0290.fits
3801/spec-3801-55509-0291.fits
3801/spec-3801-55509-0292.fits
3801/spec-3801-55509-0293.fits
3801/spec-3801-55509-0294.fits
3801/spec-3801-55509-0295.fits
3801/spec-3801-55509-0296.fits
3801/spec-3801-55509-0297.fits
3801/spec-3801-55509-0298.fits
3801/spec-3801-55509-0299.fits
3801/spec-3801-55509-0300.fits
3801/spec-3801-55509-0301.fits
3801/spec-3801-55509-0302.fits
3801/spec-3801-55509-0303.fits
3801/spec-3801-55509-0304.fits
3801/spec-3801-55509-0305.fits
3801/spec-3801-55509-0306.fits
3801/spec-3801-55509-0307.fits
3801/spec-3801-55509-0308.fits
3801/spec-3801-55509-0309.fits
3801/spec-3801-55509-0310.fits
3801/spec-3801-55509-0311.fits
3801/spec-3801-55509-0312.fits
3801/spec-3801-55509-0313.fits
3801/spec-3801-55509-0314.fits
3801/spec-3801-55509-0315.fits
3801/spec-3801-55509-0316.fits
3801/spec-3801-55509-0317.fits
3801/spec-3801-55509-0318.fits
3801/spec-3801-55509-0319.fits
3801/spec-3801-55509-0320.fits
3801/spec-3801-55509-0321.fits
3801/spec-3801-55509-0322.fits
3801/spec-3801-55509-0323.fits
3801/spec-3801-55509-0324.fits
3801/spec-3801-55509-0325.fits
3801/spec-3801-55509-0326.fits
3801/spec-3801-55509-0327.fits
3801/spec-3801-55509-0328.fits
3801/spec-3801-55509-0329.fits
3801/spec-3801-55509-0330.fits
3801/spec-3801-55509-0331.fits
3801/spec-3801-55509-0332.fits
3801/spec-3801-55509-0333.fits
3801/spec-3801-55509-0334.fits
3801/spec-3801-55509-0335.fits
3801/spec-3801-55509-0336.fits
3801/spec-3801-55509-0337.fits
3801/spec-3801-55509-0338.fits
3801/spec-3801-55509-0339.fits
3801/spec-3801-55509-0340.fits
3801/spec-3801-55509-0341.fits
3801/spec-3801-55509-0342.fits
3801/spec-3801-55509-0343.fits
3801/spec-3801-55509-0344.fits
3801/spec-3801-55509-0345.fits
3801/spec-3801-55509-0346.fits
3801/spec-3801-55509-0347.fits
3801/spec-3801-55509-0348.fits
3801/spec-3801-55509-0349.fits
3801/spec-3801-55509-0350.fits
3801/spec-3801-55509-0351.fits
3801/spec-3801-55509-0352.fits
3801/spec-3801-55509-0353.fits
3801/spec-3801-55509-0354.fits
3801/spec-3801-55509-0355.fits
3801/spec-3801-55509-0356.fits
3801/spec-3801-55509-0357.fits
3801/spec-3801-55509-0358.fits
3801/spec-3801-55509-0359.fits
3801/spec-3801-55509-0360.fits
3801/spec-3801-55509-0361.fits
3801/spec-3801-55509-0362.fits
3801/spec-3801-55509-0363.fits
3801/spec-3801-55509-0364.fits
3801/spec-3801-55509-0365.fits
3801/spec-3801-55509-0366.fits
3801/spec-3801-55509-0367.fits
3801/spec-3801-55509-0368.fits
3801/spec-3801-55509-0369.fits
3801/spec-3801-55509-0370.fits
3801/spec-3801-55509-0371.fits
3801/spec-3801-55509-0372.fits
3801/spec-3801-55509-0373.fits
3801/spec-3801-55509-0374.fits
3801/spec-3801-55509-0375.fits
3801/spec-3801-55509-0376.fits
3801/spec-3801-55509-0377.fits
3801/spec-3801-55509-0378.fits
3801/spec-3801-55509-0379.fits
3801/spec-3801-55509-0380.fits
3801/spec-3801-55509-0381.fits
3801/spec-3801-55509-0382.fits
3801/spec-3801-55509-0383.fits
3801/spec-3801-55509-0384.fits
3801/spec-3801-55509-0385.fits
3801/spec-3801-55509-0386.fits
3801/spec-3801-55509-0387.fits
3801/spec-3801-55509-0388.fits
3801/spec-3801-55509-0389.fits
3801/spec-3801-55509-0390.fits
3801/spec-3801-55509-0391.fits
3801/spec-3801-55509-0392.fits
3801/spec-3801-55509-0393.fits
3801/spec-3801-55509-0394.fits
3801/spec-3801-55509-0395.fits
3801/spec-3801-55509-0396.fits
3801/spec-3801-55509-0397.fits
3801/spec-3801-55509-0398.fits
3801/spec-3801-55509-0399.fits
3801/spec-3801-55509-0400.fits
3801/spec-3801-55509-0401.fits
3801/spec-3801-55509-0402.fits
3801/spec-3801-55509-0403.fits
3801/spec-3801-55509-0404.fits
3801/spec-3801-55509-0405.fits
3801/spec-3801-55509-0406.fits
3801/spec-3801-55509-0407.fits
3801/spec-3801-55509-0408.fits
3801/spec-3801-55509-0409.fits
3801/spec-3801-55509-0410.fits
3801/spec-3801-55509-0411.fits
3801/spec-3801-55509-0412.fits
3801/spec-3801-55509-0413.fits
3801/spec-3801-55509-0414.fits
3801/spec-3801-55509-0415.fits
3801/spec-3801-55509-0416.fits
3801/spec-3801-55509-0417.fits
3801/spec-3801-55509-0418.fits
3801/spec-3801-55509-0419.fits
3801/spec-3801-55509-0420.fits
3801/spec-3801-55509-0421.fits
3801/spec-3801-55509-0422.fits
3801/spec-3801-55509-0423.fits
3801/spec-3801-55509-0424.fits
3801/spec-3801-55509-0425.fits
3801/spec-3801-55509-0426.fits
3801/spec-3801-55509-0427.fits
3801/spec-3801-55509-0428.fits
3801/spec-3801-55509-0429.fits
3801/spec-3801-55509-0430.fits
3801/spec-3801-55509-0431.fits
3801/spec-3801-55509-0432.fits
3801/spec-3801-55509-0433.fits
3801/spec-3801-55509-0434.fits
3801/spec-3801-55509-0435.fits
3801/spec-3801-55509-0436.fits
3801/spec-3801-55509-0437.fits
3801/spec-3801-55509-0438.fits
3801/spec-3801-55509-0439.fits
3801/spec-3801-55509-0440.fits
3801/spec-3801-55509-0441.fits
3801/spec-3801-55509-0442.fits
3801/spec-3801-55509-0443.fits
3801/spec-3801-55509-0444.fits
3801/spec-3801-55509-0445.fits
3801/spec-3801-55509-0446.fits
3801/spec-3801-55509-0447.fits
3801/spec-3801-55509-0448.fits
3801/spec-3801-55509-0449.fits
3801/spec-3801-55509-0450.fits
3801/spec-3801-55509-0451.fits
3801/spec-3801-55509-0452.fits
3801/spec-3801-55509-0453.fits
3801/spec-3801-55509-0454.fits
3801/spec-3801-55509-0455.fits
3801/spec-3801-55509-0456.fits
3801/spec-3801-55509-0457.fits
3801/spec-3801-55509-0458.fits
3801/spec-3801-55509-0459.fits
3801/spec-3801-55509-0460.fits
3801/spec-3801-55509-0461.fits
3801/spec-3801-55509-0462.fits
3801/spec-3801-55509-0463.fits
3801/spec-3801-55509-0464.fits
3801/spec-3801-55509-0465.fits
3801/spec-3801-55509-0466.fits
3801/spec-3801-55509-0467.fits
3801/spec-3801-55509-0468.fits
3801/spec-3801-55509-0469.fits
3801/spec-3801-55509-0470.fits
3801/spec-3801-55509-0471.fits
3801/spec-3801-55509-0472.fits
3801/spec-3801-55509-0473.fits
3801/spec-3801-55509-0474.fits
3801/spec-3801-55509-0475.fits
3801/spec-3801-55509-0476.fits
3801/spec-3801-55509-0477.fits
3801/spec-3801-55509-0478.fits
3801/spec-3801-55509-0479.fits
3801/spec-3801-55509-0480.fits
3801/spec-3801-55509-0481.fits
3801/spec-3801-55509-0482.fits
3801/spec-3801-55509-0483.fits
3801/spec-3801-55509-0484.fits
3801/spec-3801-55509-0485.fits
3801/spec-3801-55509-0486.fits
3801/spec-3801-55509-0487.fits
3801/spec-3801-55509-0488.fits
3801/spec-3801-55509-0489.fits
3801/spec-3801-55509-0490.fits
3801/spec-3801-55509-0491.fits
3801/spec-3801-55509-0492.fits
3801/spec-3801-55509-0493.fits
3801/spec-3801-55509-0494.fits
3801/spec-3801-55509-0495.fits
3801/spec-3801-55509-0496.fits
3801/spec-3801-55509-0497.fits
3801/spec-3801-55509-0498.fits
3801/spec-3801-55509-0499.fits
3801/spec-3801-55509-0500.fits
3801/spec-3801-55509-0501.fits
3801/spec-3801-55509-0502.fits
3801/spec-3801-55509-0503.fits
3801/spec-3801-55509-0504.fits
3801/spec-3801-55509-0505.fits
3801/spec-3801-55509-0506.fits
3801/spec-3801-55509-0507.fits
3801/spec-3801-55509-0508.fits
3801/spec-3801-55509-0509.fits
3801/spec-3801-55509-0510.fits
3801/spec-3801-55509-0511.fits
3801/spec-3801-55509-0512.fits
3801/spec-3801-55509-0513.fits
3801/spec-3801-55509-0514.fits
3801/spec-3801-55509-0515.fits
3801/spec-3801-55509-0516.fits
3801/spec-3801-55509-0517.fits
3801/spec-3801-55509-0518.fits
3801/spec-3801-55509-0519.fits
3801/spec-3801-55509-0520.fits
3801/spec-3801-55509-0521.fits
3801/spec-3801-55509-0522.fits
3801/spec-3801-55509-0523.fits
3801/spec-3801-55509-0524.fits
3801/spec-3801-55509-0525.fits
3801/spec-3801-55509-0526.fits
3801/spec-3801-55509-0527.fits
3801/spec-3801-55509-0528.fits
3801/spec-3801-55509-0529.fits
3801/spec-3801-55509-0530.fits
3801/spec-3801-55509-0531.fits
3801/spec-3801-55509-0532.fits
3801/spec-3801-55509-0533.fits
3801/spec-3801-55509-0534.fits
3801/spec-3801-55509-0535.fits
3801/spec-3801-55509-0536.fits
3801/spec-3801-55509-0537.fits
3801/spec-3801-55509-0538.fits
3801/spec-3801-55509-0539.fits
3801/spec-3801-55509-0540.fits
3801/spec-3801-55509-0541.fits
3801/spec-3801-55509-0542.fits
3801/spec-3801-55509-0543.fits
3801/spec-3801-55509-0544.fits
3801/spec-3801-55509-0545.fits
3801/spec-3801-55509-0546.fits
3801/spec-3801-55509-0547.fits
3801/spec-3801-55509-0548.fits
3801/spec-3801-55509-0549.fits
3801/spec-3801-55509-0550.fits
3801/spec-3801-55509-0551.fits
3801/spec-3801-55509-0552.fits
3801/spec-3801-55509-0553.fits
3801/spec-3801-55509-0554.fits
3801/spec-3801-55509-0555.fits
3801/spec-3801-55509-0556.fits
3801/spec-3801-55509-0557.fits
3801/spec-3801-55509-0558.fits
3801/spec-3801-55509-0559.fits
3801/spec-3801-55509-0560.fits
3801/spec-3801-55509-0561.fits
3801/spec-3801-55509-0562.fits
3801/spec-3801-55509-0563.fits
3801/spec-3801-55509-0564.fits
3801/spec-3801-55509-0565.fits
3801/spec-3801-55509-0566.fits
3801/spec-3801-55509-0567.fits
3801/spec-3801-55509-0568.fits
3801/spec-3801-55509-0569.fits
3801/spec-3801-55509-0570.fits
3801/spec-3801-55509-0571.fits
3801/spec-3801-55509-0572.fits
3801/spec-3801-55509-0573.fits
3801/spec-3801-55509-0574.fits
3801/spec-3801-55509-0575.fits
3801/spec-3801-55509-0576.fits
3801/spec-3801-55509-0577.fits
3801/spec-3801-55509-0578.fits
3801/spec-3801-55509-0579.fits
3801/spec-3801-55509-0580.fits
3801/spec-3801-55509-0581.fits
3801/spec-3801-55509-0582.fits
3801/spec-3801-55509-0583.fits
3801/spec-3801-55509-0584.fits
3801/spec-3801-55509-0585.fits
3801/spec-3801-55509-0586.fits
3801/spec-3801-55509-0587.fits
3801/spec-3801-55509-0588.fits
3801/spec-3801-55509-0589.fits
3801/spec-3801-55509-0590.fits
3801/spec-3801-55509-0591.fits
3801/spec-3801-55509-0592.fits
3801/spec-3801-55509-0593.fits
3801/spec-3801-55509-0594.fits
3801/spec-3801-55509-0595.fits
3801/spec-3801-55509-0596.fits
3801/spec-3801-55509-0597.fits
3801/spec-3801-55509-0598.fits
3801/spec-3801-55509-0599.fits
3801/spec-3801-55509-0600.fits
3801/spec-3801-55509-0601.fits
3801/spec-3801-55509-0602.fits
3801/spec-3801-55509-0603.fits
3801/spec-3801-55509-0604.fits
3801/spec-3801-55509-0605.fits
3801/spec-3801-55509-0606.fits
3801/spec-3801-55509-0607.fits
3801/spec-3801-55509-0608.fits
3801/spec-3801-55509-0609.fits
3801/spec-3801-55509-0610.fits
3801/spec-3801-55509-0611.fits
3801/spec-3801-55509-0612.fits
3801/spec-3801-55509-0613.fits
3801/spec-3801-55509-0614.fits
3801/spec-3801-55509-0615.fits
3801/spec-3801-55509-0616.fits
3801/spec-3801-55509-0617.fits
3801/spec-3801-55509-0618.fits
3801/spec-3801-55509-0619.fits
3801/spec-3801-55509-0620.fits
3801/spec-3801-55509-0621.fits
3801/spec-3801-55509-0622.fits
3801/spec-3801-55509-0623.fits
3801/spec-3801-55509-0624.fits
3801/spec-3801-55509-0625.fits
3801/spec-3801-55509-0626.fits
3801/spec-3801-55509-0627.fits
3801/spec-3801-55509-0628.fits
3801/spec-3801-55509-0629.fits
3801/spec-3801-55509-0630.fits
3801/spec-3801-55509-0631.fits
3801/spec-3801-55509-0632.fits
3801/spec-3801-55509-0633.fits
3801/spec-3801-55509-0634.fits
3801/spec-3801-55509-0635.fits
3801/spec-3801-55509-0636.fits
3801/spec-3801-55509-0637.fits
3801/spec-3801-55509-0638.fits
3801/spec-3801-55509-0639.fits
3801/spec-3801-55509-0640.fits
3801/spec-3801-55509-0641.fits
3801/spec-3801-55509-0642.fits
3801/spec-3801-55509-0643.fits
3801/spec-3801-55509-0644.fits
3801/spec-3801-55509-0645.fits
3801/spec-3801-55509-0646.fits
3801/spec-3801-55509-0647.fits
3801/spec-3801-55509-0648.fits
3801/spec-3801-55509-0649.fits
3801/spec-3801-55509-0650.fits
3801/spec-3801-55509-0651.fits
3801/spec-3801-55509-0652.fits
3801/spec-3801-55509-0653.fits
3801/spec-3801-55509-0654.fits
3801/spec-3801-55509-0655.fits
3801/spec-3801-55509-0656.fits
3801/spec-3801-55509-0657.fits
3801/spec-3801-55509-0658.fits
3801/spec-3801-55509-0659.fits
3801/spec-3801-55509-0660.fits
3801/spec-3801-55509-0661.fits
3801/spec-3801-55509-0662.fits
3801/spec-3801-55509-0663.fits
3801/spec-3801-55509-0664.fits
3801/spec-3801-55509-0665.fits
3801/spec-3801-55509-0666.fits
3801/spec-3801-55509-0667.fits
3801/spec-3801-55509-0668.fits
3801/spec-3801-55509-0669.fits
3801/spec-3801-55509-0670.fits
3801/spec-3801-55509-0671.fits
3801/spec-3801-55509-0672.fits
3801/spec-3801-55509-0673.fits
3801/spec-3801-55509-0674.fits
3801/spec-3801-55509-0675.fits
3801/spec-3801-55509-0676.fits
3801/spec-3801-55509-0677.fits
3801/spec-3801-55509-0678.fits
3801/spec-3801-55509-0679.fits
3801/spec-3801-55509-0680.fits
3801/spec-3801-55509-0681.fits
3801/spec-3801-55509-0682.fits
3801/spec-3801-55509-0683.fits
3801/spec-3801-55509-0684.fits
3801/spec-3801-55509-0685.fits
3801/spec-3801-55509-0686.fits
3801/spec-3801-55509-0687.fits
3801/spec-3801-55509-0688.fits
3801/spec-3801-55509-0689.fits
3801/spec-3801-55509-0690.fits
3801/spec-3801-55509-0691.fits
3801/spec-3801-55509-0692.fits
3801/spec-3801-55509-0693.fits
3801/spec-3801-55509-0694.fits
3801/spec-3801-55509-0695.fits
3801/spec-3801-55509-0696.fits
3801/spec-3801-55509-0697.fits
3801/spec-3801-55509-0698.fits
3801/spec-3801-55509-0699.fits
3801/spec-3801-55509-0700.fits
3801/spec-3801-55509-0701.fits
3801/spec-3801-55509-0702.fits
3801/spec-3801-55509-0703.fits
3801/spec-3801-55509-0704.fits
3801/spec-3801-55509-0705.fits
3801/spec-3801-55509-0706.fits
3801/spec-3801-55509-0707.fits
3801/spec-3801-55509-0708.fits
3801/spec-3801-55509-0709.fits
3801/spec-3801-55509-0710.fits
3801/spec-3801-55509-0711.fits
3801/spec-3801-55509-0712.fits
3801/spec-3801-55509-0713.fits
3801/spec-3801-55509-0714.fits
3801/spec-3801-55509-0715.fits
3801/spec-3801-55509-0716.fits
3801/spec-3801-55509-0717.fits
3801/spec-3801-55509-0718.fits
3801/spec-3801-55509-0719.fits
3801/spec-3801-55509-0720.fits
3801/spec-3801-55509-0721.fits
3801/spec-3801-55509-0722.fits
3801/spec-3801-55509-0723.fits
3801/spec-3801-55509-0724.fits
3801/spec-3801-55509-0725.fits
3801/spec-3801-55509-0726.fits
3801/spec-3801-55509-0727.fits
3801/spec-3801-55509-0728.fits
3801/spec-3801-55509-0729.fits
3801/spec-3801-55509-0730.fits
3801/spec-3801-55509-0731.fits
3801/spec-3801-55509-0732.fits
3801/spec-3801-55509-0733.fits
3801/spec-3801-55509-0734.fits
3801/spec-3801-55509-0735.fits
3801/spec-3801-55509-0736.fits
3801/spec-3801-55509-0737.fits
3801/spec-3801-55509-0738.fits
3801/spec-3801-55509-0739.fits
3801/spec-3801-55509-0740.fits
3801/spec-3801-55509-0741.fits
3801/spec-3801-55509-0742.fits
3801/spec-3801-55509-0743.fits
3801/spec-3801-55509-0744.fits
3801/spec-3801-55509-0745.fits
3801/spec-3801-55509-0746.fits
3801/spec-3801-55509-0747.fits
3801/spec-3801-55509-0748.fits
3801/spec-3801-55509-0749.fits
3801/spec-3801-55509-0750.fits
3801/spec-3801-55509-0751.fits
3801/spec-3801-55509-0752.fits
3801/spec-3801-55509-0753.fits
3801/spec-3801-55509-0754.fits
3801/spec-3801-55509-0755.fits
3801/spec-3801-55509-0756.fits
3801/spec-3801-55509-0757.fits
3801/spec-3801-55509-0758.fits
3801/spec-3801-55509-0759.fits
3801/spec-3801-55509-0760.fits
3801/spec-3801-55509-0761.fits
3801/spec-3801-55509-0762.fits
3801/spec-3801-55509-0763.fits
3801/spec-3801-55509-0764.fits
3801/spec-3801-55509-0765.fits
3801/spec-3801-55509-0766.fits
3801/spec-3801-55509-0767.fits
3801/spec-3801-55509-0768.fits
3801/spec-3801-55509-0769.fits
3801/spec-3801-55509-0770.fits
3801/spec-3801-55509-0771.fits
3801/spec-3801-55509-0772.fits
3801/spec-3801-55509-0773.fits
3801/spec-3801-55509-0774.fits
3801/spec-3801-55509-0775.fits
3801/spec-3801-55509-0776.fits
3801/spec-3801-55509-0777.fits
3801/spec-3801-55509-0778.fits
3801/spec-3801-55509-0779.fits
3801/spec-3801-55509-0780.fits
3801/spec-3801-55509-0781.fits
3801/spec-3801-55509-0782.fits
3801/spec-3801-55509-0783.fits
3801/spec-3801-55509-0784.fits
3801/spec-3801-55509-0785.fits
3801/spec-3801-55509-0786.fits
3801/spec-3801-55509-0787.fits
3801/spec-3801-55509-0788.fits
3801/spec-3801-55509-0789.fits
3801/spec-3801-55509-0790.fits
3801/spec-3801-55509-0791.fits
3801/spec-3801-55509-0792.fits
3801/spec-3801-55509-0793.fits
3801/spec-3801-55509-0794.fits
3801/spec-3801-55509-0795.fits
3801/spec-3801-55509-0796.fits
3801/spec-3801-55509-0797.fits
3801/spec-3801-55509-0798.fits
3801/spec-3801-55509-0799.fits
3801/spec-3801-55509-0800.fits
3801/spec-3801-55509-0801.fits
3801/spec-3801-55509-0802.fits
3801/spec-3801-55509-0803.fits
3801/spec-3801-55509-0804.fits
3801/spec-3801-55509-0805.fits
3801/spec-3801-55509-0806.fits
3801/spec-3801-55509-0807.fits
3801/spec-3801-55509-0808.fits
3801/spec-3801-55509-0809.fits
3801/spec-3801-55509-0810.fits
3801/spec-3801-55509-0811.fits
3801/spec-3801-55509-0812.fits
3801/spec-3801-55509-0813.fits
3801/spec-3801-55509-0814.fits
3801/spec-3801-55509-0815.fits
3801/spec-3801-55509-0816.fits
3801/spec-3801-55509-0817.fits
3801/spec-3801-55509-0818.fits
3801/spec-3801-55509-0819.fits
3801/spec-3801-55509-0820.fits
3801/spec-3801-55509-0821.fits
3801/spec-3801-55509-0822.fits
3801/spec-3801-55509-0823.fits
3801/spec-3801-55509-0824.fits
3801/spec-3801-55509-0825.fits
3801/spec-3801-55509-0826.fits
3801/spec-3801-55509-0827.fits
3801/spec-3801-55509-0828.fits
3801/spec-3801-55509-0829.fits
3801/spec-3801-55509-0830.fits
3801/spec-3801-55509-0831.fits
3801/spec-3801-55509-0832.fits
3801/spec-3801-55509-0833.fits
3801/spec-3801-55509-0834.fits
3801/spec-3801-55509-0835.fits
3801/spec-3801-55509-0836.fits
3801/spec-3801-55509-0837.fits
3801/spec-3801-55509-0838.fits
3801/spec-3801-55509-0839.fits
3801/spec-3801-55509-0840.fits
3801/spec-3801-55509-0841.fits
3801/spec-3801-55509-0842.fits
3801/spec-3801-55509-0843.fits
3801/spec-3801-55509-0844.fits
3801/spec-3801-55509-0845.fits
3801/spec-3801-55509-0846.fits
3801/spec-3801-55509-0847.fits
3801/spec-3801-55509-0848.fits
3801/spec-3801-55509-0849.fits
3801/spec-3801-55509-0850.fits
3801/spec-3801-55509-0851.fits
3801/spec-3801-55509-0852.fits
3801/spec-3801-55509-0853.fits
3801/spec-3801-55509-0854.fits
3801/spec-3801-55509-0855.fits
3801/spec-3801-55509-0856.fits
3801/spec-3801-55509-0857.fits
3801/spec-3801-55509-0858.fits
3801/spec-3801-55509-0859.fits
3801/spec-3801-55509-0860.fits
3801/spec-3801-55509-0861.fits
3801/spec-3801-55509-0862.fits
3801/spec-3801-55509-0863.fits
3801/spec-3801-55509-0864.fits
3801/spec-3801-55509-0865.fits
3801/spec-3801-55509-0866.fits
3801/spec-3801-55509-0867.fits
3801/spec-3801-55509-0868.fits
3801/spec-3801-55509-0869.fits
3801/spec-3801-55509-0870.fits
3801/spec-3801-55509-0871.fits
3801/spec-3801-55509-0872.fits
3801/spec-3801-55509-0873.fits
3801/spec-3801-55509-0874.fits
3801/spec-3801-55509-0875.fits
3801/spec-3801-55509-0876.fits
3801/spec-3801-55509-0877.fits
3801/spec-3801-55509-0878.fits
3801/spec-3801-55509-0879.fits
3801/spec-3801-55509-0880.fits
3801/spec-3801-55509-0881.fits
3801/spec-3801-55509-0882.fits
3801/spec-3801-55509-0883.fits
3801/spec-3801-55509-0884.fits
3801/spec-3801-55509-0885.fits
3801/spec-3801-55509-0886.fits
3801/spec-3801-55509-0887.fits
3801/spec-3801-55509-0888.fits
3801/spec-3801-55509-0889.fits
3801/spec-3801-55509-0890.fits
3801/spec-3801-55509-0891.fits
3801/spec-3801-55509-0892.fits
3801/spec-3801-55509-0893.fits
3801/spec-3801-55509-0894.fits
3801/spec-3801-55509-0895.fits
3801/spec-3801-55509-0896.fits
3801/spec-3801-55509-0897.fits
3801/spec-3801-55509-0898.fits
3801/spec-3801-55509-0899.fits
3801/spec-3801-55509-0900.fits
3801/spec-3801-55509-0901.fits
3801/spec-3801-55509-0902.fits
3801/spec-3801-55509-0903.fits
3801/spec-3801-55509-0904.fits
3801/spec-3801-55509-0905.fits
3801/spec-3801-55509-0906.fits
3801/spec-3801-55509-0907.fits
3801/spec-3801-55509-0908.fits
3801/spec-3801-55509-0909.fits
3801/spec-3801-55509-0910.fits
3801/spec-3801-55509-0911.fits
3801/spec-3801-55509-0912.fits
3801/spec-3801-55509-0913.fits
3801/spec-3801-55509-0914.fits
3801/spec-3801-55509-0915.fits
3801/spec-3801-55509-0916.fits
3801/spec-3801-55509-0917.fits
3801/spec-3801-55509-0918.fits
3801/spec-3801-55509-0919.fits
3801/spec-3801-55509-0920.fits
3801/spec-3801-55509-0921.fits
3801/spec-3801-55509-0922.fits
3801/spec-3801-55509-0923.fits
3801/spec-3801-55509-0924.fits
3801/spec-3801-55509-0925.fits
3801/spec-3801-55509-0926.fits
3801/spec-3801-55509-0927.fits
3801/spec-3801-55509-0928.fits
3801/spec-3801-55509-0929.fits
3801/spec-3801-55509-0930.fits
3801/spec-3801-55509-0931.fits
3801/spec-3801-55509-0932.fits
3801/spec-3801-55509-0933.fits
3801/spec-3801-55509-0934.fits
3801/spec-3801-55509-0935.fits
3801/spec-3801-55509-0936.fits
3801/spec-3801-55509-0937.fits
3801/spec-3801-55509-0938.fits
3801/spec-3801-55509-0939.fits
3801/spec-3801-55509-0940.fits
3801/spec-3801-55509-0941.fits
3801/spec-3801-55509-0942.fits
3801/spec-3801-55509-0943.fits
3801/spec-3801-55509-0944.fits
3801/spec-3801-55509-0945.fits
3801/spec-3801-55509-0946.fits
3801/spec-3801-55509-0947.fits
3801/spec-3801-55509-0948.fits
3801/spec-3801-55509-0949.fits
3801/spec-3801-55509-0950.fits
3801/spec-3801-55509-0951.fits
3801/spec-3801-55509-0952.fits
3801/spec-3801-55509-0953.fits
3801/spec-3801-55509-0954.fits
3801/spec-3801-55509-0955.fits
3801/spec-3801-55509-0956.fits
3801/spec-3801-55509-0957.fits
3801/spec-3801-55509-0958.fits
3801/spec-3801-55509-0959.fits
3801/spec-3801-55509-0960.fits
3801/spec-3801-55509-0961.fits
3801/spec-3801-55509-0962.fits
3801/spec-3801-55509-0963.fits
3801/spec-3801-55509-0964.fits
3801/spec-3801-55509-0965.fits
3801/spec-3801-55509-0966.fits
3801/spec-3801-55509-0967.fits
3801/spec-3801-55509-0968.fits
3801/spec-3801-55509-0969.fits
3801/spec-3801-55509-0970.fits
3801/spec-3801-55509-0971.fits
3801/spec-3801-55509-0972.fits
3801/spec-3801-55509-0973.fits
3801/spec-3801-55509-0974.fits
3801/spec-3801-55509-0975.fits
3801/spec-3801-55509-0976.fits
3801/spec-3801-55509-0977.fits
3801/spec-3801-55509-0978.fits
3801/spec-3801-55509-0979.fits
3801/spec-3801-55509-0980.fits
3801/spec-3801-55509-0981.fits
3801/spec-3801-55509-0982.fits
3801/spec-3801-55509-0983.fits
3801/spec-3801-55509-0984.fits
3801/spec-3801-55509-0985.fits
3801/spec-3801-55509-0986.fits
3801/spec-3801-55509-0987.fits
3801/spec-3801-55509-0988.fits
3801/spec-3801-55509-0989.fits
3801/spec-3801-55509-0990.fits
3801/spec-3801-55509-0991.fits
3801/spec-3801-55509-0992.fits
3801/spec-3801-55509-0993.fits
3801/spec-3801-55509-0994.fits
3801/spec-3801-55509-0995.fits
3801/spec-3801-55509-0996.fits
3801/spec-3801-55509-0997.fits
3801/spec-3801-55509-0998.fits
3801/spec-3801-55509-0999.fits
3801/spec-3801-55509-1000.fits
/var/lib/condor/execute/slot1/dir_5882
3801 3801.tgz R R361.tar.gz _condor_stderr _condor_stdout cB58_Lyman_break.fit condor_exec.exe hw4.R packages packages.tar.gz tmp var
[1] "Loaded package astro."
[1] 1000
3801 3801.csv 3801.tgz R R361.tar.gz _condor_stderr _condor_stdout cB58_Lyman_break.fit condor_exec.exe hw4.R packages packages.tar.gz tmp var
