5156
5156/
5156/spec-5156-55925-0001.fits
5156/spec-5156-55925-0002.fits
5156/spec-5156-55925-0003.fits
5156/spec-5156-55925-0004.fits
5156/spec-5156-55925-0005.fits
5156/spec-5156-55925-0006.fits
5156/spec-5156-55925-0007.fits
5156/spec-5156-55925-0008.fits
5156/spec-5156-55925-0009.fits
5156/spec-5156-55925-0010.fits
5156/spec-5156-55925-0011.fits
5156/spec-5156-55925-0012.fits
5156/spec-5156-55925-0013.fits
5156/spec-5156-55925-0014.fits
5156/spec-5156-55925-0015.fits
5156/spec-5156-55925-0016.fits
5156/spec-5156-55925-0017.fits
5156/spec-5156-55925-0018.fits
5156/spec-5156-55925-0019.fits
5156/spec-5156-55925-0020.fits
5156/spec-5156-55925-0021.fits
5156/spec-5156-55925-0022.fits
5156/spec-5156-55925-0023.fits
5156/spec-5156-55925-0024.fits
5156/spec-5156-55925-0025.fits
5156/spec-5156-55925-0026.fits
5156/spec-5156-55925-0027.fits
5156/spec-5156-55925-0028.fits
5156/spec-5156-55925-0029.fits
5156/spec-5156-55925-0030.fits
5156/spec-5156-55925-0031.fits
5156/spec-5156-55925-0032.fits
5156/spec-5156-55925-0033.fits
5156/spec-5156-55925-0034.fits
5156/spec-5156-55925-0035.fits
5156/spec-5156-55925-0036.fits
5156/spec-5156-55925-0037.fits
5156/spec-5156-55925-0038.fits
5156/spec-5156-55925-0039.fits
5156/spec-5156-55925-0040.fits
5156/spec-5156-55925-0041.fits
5156/spec-5156-55925-0042.fits
5156/spec-5156-55925-0043.fits
5156/spec-5156-55925-0044.fits
5156/spec-5156-55925-0045.fits
5156/spec-5156-55925-0046.fits
5156/spec-5156-55925-0047.fits
5156/spec-5156-55925-0048.fits
5156/spec-5156-55925-0049.fits
5156/spec-5156-55925-0050.fits
5156/spec-5156-55925-0051.fits
5156/spec-5156-55925-0052.fits
5156/spec-5156-55925-0053.fits
5156/spec-5156-55925-0054.fits
5156/spec-5156-55925-0055.fits
5156/spec-5156-55925-0056.fits
5156/spec-5156-55925-0057.fits
5156/spec-5156-55925-0058.fits
5156/spec-5156-55925-0059.fits
5156/spec-5156-55925-0060.fits
5156/spec-5156-55925-0061.fits
5156/spec-5156-55925-0062.fits
5156/spec-5156-55925-0063.fits
5156/spec-5156-55925-0064.fits
5156/spec-5156-55925-0065.fits
5156/spec-5156-55925-0066.fits
5156/spec-5156-55925-0067.fits
5156/spec-5156-55925-0068.fits
5156/spec-5156-55925-0069.fits
5156/spec-5156-55925-0070.fits
5156/spec-5156-55925-0071.fits
5156/spec-5156-55925-0072.fits
5156/spec-5156-55925-0073.fits
5156/spec-5156-55925-0074.fits
5156/spec-5156-55925-0075.fits
5156/spec-5156-55925-0076.fits
5156/spec-5156-55925-0077.fits
5156/spec-5156-55925-0078.fits
5156/spec-5156-55925-0079.fits
5156/spec-5156-55925-0080.fits
5156/spec-5156-55925-0081.fits
5156/spec-5156-55925-0082.fits
5156/spec-5156-55925-0083.fits
5156/spec-5156-55925-0084.fits
5156/spec-5156-55925-0085.fits
5156/spec-5156-55925-0086.fits
5156/spec-5156-55925-0087.fits
5156/spec-5156-55925-0088.fits
5156/spec-5156-55925-0089.fits
5156/spec-5156-55925-0090.fits
5156/spec-5156-55925-0091.fits
5156/spec-5156-55925-0092.fits
5156/spec-5156-55925-0093.fits
5156/spec-5156-55925-0094.fits
5156/spec-5156-55925-0095.fits
5156/spec-5156-55925-0096.fits
5156/spec-5156-55925-0097.fits
5156/spec-5156-55925-0098.fits
5156/spec-5156-55925-0099.fits
5156/spec-5156-55925-0100.fits
5156/spec-5156-55925-0101.fits
5156/spec-5156-55925-0102.fits
5156/spec-5156-55925-0103.fits
5156/spec-5156-55925-0104.fits
5156/spec-5156-55925-0105.fits
5156/spec-5156-55925-0106.fits
5156/spec-5156-55925-0107.fits
5156/spec-5156-55925-0108.fits
5156/spec-5156-55925-0109.fits
5156/spec-5156-55925-0110.fits
5156/spec-5156-55925-0111.fits
5156/spec-5156-55925-0112.fits
5156/spec-5156-55925-0113.fits
5156/spec-5156-55925-0114.fits
5156/spec-5156-55925-0115.fits
5156/spec-5156-55925-0116.fits
5156/spec-5156-55925-0117.fits
5156/spec-5156-55925-0118.fits
5156/spec-5156-55925-0119.fits
5156/spec-5156-55925-0120.fits
5156/spec-5156-55925-0121.fits
5156/spec-5156-55925-0122.fits
5156/spec-5156-55925-0123.fits
5156/spec-5156-55925-0124.fits
5156/spec-5156-55925-0125.fits
5156/spec-5156-55925-0126.fits
5156/spec-5156-55925-0127.fits
5156/spec-5156-55925-0128.fits
5156/spec-5156-55925-0129.fits
5156/spec-5156-55925-0130.fits
5156/spec-5156-55925-0131.fits
5156/spec-5156-55925-0132.fits
5156/spec-5156-55925-0133.fits
5156/spec-5156-55925-0134.fits
5156/spec-5156-55925-0135.fits
5156/spec-5156-55925-0136.fits
5156/spec-5156-55925-0137.fits
5156/spec-5156-55925-0138.fits
5156/spec-5156-55925-0139.fits
5156/spec-5156-55925-0140.fits
5156/spec-5156-55925-0141.fits
5156/spec-5156-55925-0142.fits
5156/spec-5156-55925-0143.fits
5156/spec-5156-55925-0144.fits
5156/spec-5156-55925-0145.fits
5156/spec-5156-55925-0146.fits
5156/spec-5156-55925-0147.fits
5156/spec-5156-55925-0148.fits
5156/spec-5156-55925-0149.fits
5156/spec-5156-55925-0150.fits
5156/spec-5156-55925-0151.fits
5156/spec-5156-55925-0152.fits
5156/spec-5156-55925-0153.fits
5156/spec-5156-55925-0154.fits
5156/spec-5156-55925-0155.fits
5156/spec-5156-55925-0156.fits
5156/spec-5156-55925-0157.fits
5156/spec-5156-55925-0158.fits
5156/spec-5156-55925-0159.fits
5156/spec-5156-55925-0160.fits
5156/spec-5156-55925-0161.fits
5156/spec-5156-55925-0162.fits
5156/spec-5156-55925-0163.fits
5156/spec-5156-55925-0164.fits
5156/spec-5156-55925-0165.fits
5156/spec-5156-55925-0166.fits
5156/spec-5156-55925-0167.fits
5156/spec-5156-55925-0168.fits
5156/spec-5156-55925-0169.fits
5156/spec-5156-55925-0170.fits
5156/spec-5156-55925-0171.fits
5156/spec-5156-55925-0172.fits
5156/spec-5156-55925-0173.fits
5156/spec-5156-55925-0174.fits
5156/spec-5156-55925-0175.fits
5156/spec-5156-55925-0176.fits
5156/spec-5156-55925-0177.fits
5156/spec-5156-55925-0178.fits
5156/spec-5156-55925-0179.fits
5156/spec-5156-55925-0180.fits
5156/spec-5156-55925-0181.fits
5156/spec-5156-55925-0182.fits
5156/spec-5156-55925-0183.fits
5156/spec-5156-55925-0184.fits
5156/spec-5156-55925-0185.fits
5156/spec-5156-55925-0186.fits
5156/spec-5156-55925-0187.fits
5156/spec-5156-55925-0188.fits
5156/spec-5156-55925-0189.fits
5156/spec-5156-55925-0190.fits
5156/spec-5156-55925-0191.fits
5156/spec-5156-55925-0192.fits
5156/spec-5156-55925-0193.fits
5156/spec-5156-55925-0194.fits
5156/spec-5156-55925-0195.fits
5156/spec-5156-55925-0196.fits
5156/spec-5156-55925-0197.fits
5156/spec-5156-55925-0198.fits
5156/spec-5156-55925-0199.fits
5156/spec-5156-55925-0200.fits
5156/spec-5156-55925-0201.fits
5156/spec-5156-55925-0202.fits
5156/spec-5156-55925-0203.fits
5156/spec-5156-55925-0204.fits
5156/spec-5156-55925-0205.fits
5156/spec-5156-55925-0206.fits
5156/spec-5156-55925-0207.fits
5156/spec-5156-55925-0208.fits
5156/spec-5156-55925-0209.fits
5156/spec-5156-55925-0210.fits
5156/spec-5156-55925-0211.fits
5156/spec-5156-55925-0212.fits
5156/spec-5156-55925-0213.fits
5156/spec-5156-55925-0214.fits
5156/spec-5156-55925-0215.fits
5156/spec-5156-55925-0216.fits
5156/spec-5156-55925-0217.fits
5156/spec-5156-55925-0218.fits
5156/spec-5156-55925-0219.fits
5156/spec-5156-55925-0220.fits
5156/spec-5156-55925-0221.fits
5156/spec-5156-55925-0222.fits
5156/spec-5156-55925-0223.fits
5156/spec-5156-55925-0224.fits
5156/spec-5156-55925-0225.fits
5156/spec-5156-55925-0226.fits
5156/spec-5156-55925-0227.fits
5156/spec-5156-55925-0228.fits
5156/spec-5156-55925-0229.fits
5156/spec-5156-55925-0230.fits
5156/spec-5156-55925-0231.fits
5156/spec-5156-55925-0232.fits
5156/spec-5156-55925-0233.fits
5156/spec-5156-55925-0234.fits
5156/spec-5156-55925-0235.fits
5156/spec-5156-55925-0236.fits
5156/spec-5156-55925-0237.fits
5156/spec-5156-55925-0238.fits
5156/spec-5156-55925-0239.fits
5156/spec-5156-55925-0240.fits
5156/spec-5156-55925-0241.fits
5156/spec-5156-55925-0242.fits
5156/spec-5156-55925-0243.fits
5156/spec-5156-55925-0244.fits
5156/spec-5156-55925-0245.fits
5156/spec-5156-55925-0246.fits
5156/spec-5156-55925-0247.fits
5156/spec-5156-55925-0248.fits
5156/spec-5156-55925-0249.fits
5156/spec-5156-55925-0250.fits
5156/spec-5156-55925-0251.fits
5156/spec-5156-55925-0252.fits
5156/spec-5156-55925-0253.fits
5156/spec-5156-55925-0254.fits
5156/spec-5156-55925-0255.fits
5156/spec-5156-55925-0256.fits
5156/spec-5156-55925-0257.fits
5156/spec-5156-55925-0258.fits
5156/spec-5156-55925-0259.fits
5156/spec-5156-55925-0260.fits
5156/spec-5156-55925-0261.fits
5156/spec-5156-55925-0262.fits
5156/spec-5156-55925-0263.fits
5156/spec-5156-55925-0264.fits
5156/spec-5156-55925-0265.fits
5156/spec-5156-55925-0266.fits
5156/spec-5156-55925-0267.fits
5156/spec-5156-55925-0268.fits
5156/spec-5156-55925-0269.fits
5156/spec-5156-55925-0270.fits
5156/spec-5156-55925-0271.fits
5156/spec-5156-55925-0272.fits
5156/spec-5156-55925-0273.fits
5156/spec-5156-55925-0274.fits
5156/spec-5156-55925-0275.fits
5156/spec-5156-55925-0276.fits
5156/spec-5156-55925-0277.fits
5156/spec-5156-55925-0278.fits
5156/spec-5156-55925-0279.fits
5156/spec-5156-55925-0280.fits
5156/spec-5156-55925-0281.fits
5156/spec-5156-55925-0282.fits
5156/spec-5156-55925-0283.fits
5156/spec-5156-55925-0284.fits
5156/spec-5156-55925-0285.fits
5156/spec-5156-55925-0286.fits
5156/spec-5156-55925-0287.fits
5156/spec-5156-55925-0288.fits
5156/spec-5156-55925-0289.fits
5156/spec-5156-55925-0290.fits
5156/spec-5156-55925-0291.fits
5156/spec-5156-55925-0292.fits
5156/spec-5156-55925-0293.fits
5156/spec-5156-55925-0294.fits
5156/spec-5156-55925-0295.fits
5156/spec-5156-55925-0296.fits
5156/spec-5156-55925-0297.fits
5156/spec-5156-55925-0298.fits
5156/spec-5156-55925-0299.fits
5156/spec-5156-55925-0300.fits
5156/spec-5156-55925-0301.fits
5156/spec-5156-55925-0302.fits
5156/spec-5156-55925-0303.fits
5156/spec-5156-55925-0304.fits
5156/spec-5156-55925-0305.fits
5156/spec-5156-55925-0306.fits
5156/spec-5156-55925-0307.fits
5156/spec-5156-55925-0308.fits
5156/spec-5156-55925-0309.fits
5156/spec-5156-55925-0310.fits
5156/spec-5156-55925-0311.fits
5156/spec-5156-55925-0312.fits
5156/spec-5156-55925-0313.fits
5156/spec-5156-55925-0314.fits
5156/spec-5156-55925-0315.fits
5156/spec-5156-55925-0316.fits
5156/spec-5156-55925-0317.fits
5156/spec-5156-55925-0318.fits
5156/spec-5156-55925-0319.fits
5156/spec-5156-55925-0320.fits
5156/spec-5156-55925-0321.fits
5156/spec-5156-55925-0322.fits
5156/spec-5156-55925-0323.fits
5156/spec-5156-55925-0324.fits
5156/spec-5156-55925-0325.fits
5156/spec-5156-55925-0326.fits
5156/spec-5156-55925-0327.fits
5156/spec-5156-55925-0328.fits
5156/spec-5156-55925-0329.fits
5156/spec-5156-55925-0330.fits
5156/spec-5156-55925-0331.fits
5156/spec-5156-55925-0332.fits
5156/spec-5156-55925-0333.fits
5156/spec-5156-55925-0334.fits
5156/spec-5156-55925-0335.fits
5156/spec-5156-55925-0336.fits
5156/spec-5156-55925-0337.fits
5156/spec-5156-55925-0338.fits
5156/spec-5156-55925-0339.fits
5156/spec-5156-55925-0340.fits
5156/spec-5156-55925-0341.fits
5156/spec-5156-55925-0342.fits
5156/spec-5156-55925-0343.fits
5156/spec-5156-55925-0344.fits
5156/spec-5156-55925-0345.fits
5156/spec-5156-55925-0346.fits
5156/spec-5156-55925-0347.fits
5156/spec-5156-55925-0348.fits
5156/spec-5156-55925-0349.fits
5156/spec-5156-55925-0350.fits
5156/spec-5156-55925-0351.fits
5156/spec-5156-55925-0352.fits
5156/spec-5156-55925-0353.fits
5156/spec-5156-55925-0354.fits
5156/spec-5156-55925-0355.fits
5156/spec-5156-55925-0356.fits
5156/spec-5156-55925-0357.fits
5156/spec-5156-55925-0358.fits
5156/spec-5156-55925-0359.fits
5156/spec-5156-55925-0360.fits
5156/spec-5156-55925-0361.fits
5156/spec-5156-55925-0362.fits
5156/spec-5156-55925-0363.fits
5156/spec-5156-55925-0364.fits
5156/spec-5156-55925-0365.fits
5156/spec-5156-55925-0366.fits
5156/spec-5156-55925-0367.fits
5156/spec-5156-55925-0368.fits
5156/spec-5156-55925-0369.fits
5156/spec-5156-55925-0370.fits
5156/spec-5156-55925-0371.fits
5156/spec-5156-55925-0372.fits
5156/spec-5156-55925-0373.fits
5156/spec-5156-55925-0374.fits
5156/spec-5156-55925-0375.fits
5156/spec-5156-55925-0376.fits
5156/spec-5156-55925-0377.fits
5156/spec-5156-55925-0378.fits
5156/spec-5156-55925-0379.fits
5156/spec-5156-55925-0380.fits
5156/spec-5156-55925-0381.fits
5156/spec-5156-55925-0382.fits
5156/spec-5156-55925-0383.fits
5156/spec-5156-55925-0384.fits
5156/spec-5156-55925-0385.fits
5156/spec-5156-55925-0386.fits
5156/spec-5156-55925-0387.fits
5156/spec-5156-55925-0388.fits
5156/spec-5156-55925-0389.fits
5156/spec-5156-55925-0390.fits
5156/spec-5156-55925-0391.fits
5156/spec-5156-55925-0392.fits
5156/spec-5156-55925-0393.fits
5156/spec-5156-55925-0394.fits
5156/spec-5156-55925-0395.fits
5156/spec-5156-55925-0396.fits
5156/spec-5156-55925-0397.fits
5156/spec-5156-55925-0398.fits
5156/spec-5156-55925-0399.fits
5156/spec-5156-55925-0400.fits
5156/spec-5156-55925-0401.fits
5156/spec-5156-55925-0402.fits
5156/spec-5156-55925-0403.fits
5156/spec-5156-55925-0404.fits
5156/spec-5156-55925-0405.fits
5156/spec-5156-55925-0406.fits
5156/spec-5156-55925-0407.fits
5156/spec-5156-55925-0408.fits
5156/spec-5156-55925-0409.fits
5156/spec-5156-55925-0410.fits
5156/spec-5156-55925-0411.fits
5156/spec-5156-55925-0412.fits
5156/spec-5156-55925-0413.fits
5156/spec-5156-55925-0414.fits
5156/spec-5156-55925-0415.fits
5156/spec-5156-55925-0416.fits
5156/spec-5156-55925-0417.fits
5156/spec-5156-55925-0418.fits
5156/spec-5156-55925-0419.fits
5156/spec-5156-55925-0420.fits
5156/spec-5156-55925-0421.fits
5156/spec-5156-55925-0422.fits
5156/spec-5156-55925-0423.fits
5156/spec-5156-55925-0424.fits
5156/spec-5156-55925-0425.fits
5156/spec-5156-55925-0426.fits
5156/spec-5156-55925-0427.fits
5156/spec-5156-55925-0428.fits
5156/spec-5156-55925-0429.fits
5156/spec-5156-55925-0430.fits
5156/spec-5156-55925-0431.fits
5156/spec-5156-55925-0432.fits
5156/spec-5156-55925-0433.fits
5156/spec-5156-55925-0434.fits
5156/spec-5156-55925-0435.fits
5156/spec-5156-55925-0436.fits
5156/spec-5156-55925-0437.fits
5156/spec-5156-55925-0438.fits
5156/spec-5156-55925-0439.fits
5156/spec-5156-55925-0440.fits
5156/spec-5156-55925-0441.fits
5156/spec-5156-55925-0442.fits
5156/spec-5156-55925-0443.fits
5156/spec-5156-55925-0444.fits
5156/spec-5156-55925-0445.fits
5156/spec-5156-55925-0446.fits
5156/spec-5156-55925-0447.fits
5156/spec-5156-55925-0448.fits
5156/spec-5156-55925-0449.fits
5156/spec-5156-55925-0450.fits
5156/spec-5156-55925-0451.fits
5156/spec-5156-55925-0452.fits
5156/spec-5156-55925-0453.fits
5156/spec-5156-55925-0454.fits
5156/spec-5156-55925-0455.fits
5156/spec-5156-55925-0456.fits
5156/spec-5156-55925-0457.fits
5156/spec-5156-55925-0458.fits
5156/spec-5156-55925-0459.fits
5156/spec-5156-55925-0460.fits
5156/spec-5156-55925-0461.fits
5156/spec-5156-55925-0462.fits
5156/spec-5156-55925-0463.fits
5156/spec-5156-55925-0464.fits
5156/spec-5156-55925-0465.fits
5156/spec-5156-55925-0466.fits
5156/spec-5156-55925-0467.fits
5156/spec-5156-55925-0468.fits
5156/spec-5156-55925-0469.fits
5156/spec-5156-55925-0470.fits
5156/spec-5156-55925-0471.fits
5156/spec-5156-55925-0472.fits
5156/spec-5156-55925-0473.fits
5156/spec-5156-55925-0474.fits
5156/spec-5156-55925-0475.fits
5156/spec-5156-55925-0476.fits
5156/spec-5156-55925-0477.fits
5156/spec-5156-55925-0478.fits
5156/spec-5156-55925-0479.fits
5156/spec-5156-55925-0480.fits
5156/spec-5156-55925-0481.fits
5156/spec-5156-55925-0482.fits
5156/spec-5156-55925-0483.fits
5156/spec-5156-55925-0484.fits
5156/spec-5156-55925-0485.fits
5156/spec-5156-55925-0486.fits
5156/spec-5156-55925-0487.fits
5156/spec-5156-55925-0488.fits
5156/spec-5156-55925-0489.fits
5156/spec-5156-55925-0490.fits
5156/spec-5156-55925-0491.fits
5156/spec-5156-55925-0492.fits
5156/spec-5156-55925-0493.fits
5156/spec-5156-55925-0494.fits
5156/spec-5156-55925-0495.fits
5156/spec-5156-55925-0496.fits
5156/spec-5156-55925-0497.fits
5156/spec-5156-55925-0498.fits
5156/spec-5156-55925-0499.fits
5156/spec-5156-55925-0500.fits
5156/spec-5156-55925-0501.fits
5156/spec-5156-55925-0502.fits
5156/spec-5156-55925-0503.fits
5156/spec-5156-55925-0504.fits
5156/spec-5156-55925-0505.fits
5156/spec-5156-55925-0506.fits
5156/spec-5156-55925-0507.fits
5156/spec-5156-55925-0508.fits
5156/spec-5156-55925-0509.fits
5156/spec-5156-55925-0510.fits
5156/spec-5156-55925-0511.fits
5156/spec-5156-55925-0512.fits
5156/spec-5156-55925-0513.fits
5156/spec-5156-55925-0514.fits
5156/spec-5156-55925-0515.fits
5156/spec-5156-55925-0516.fits
5156/spec-5156-55925-0517.fits
5156/spec-5156-55925-0518.fits
5156/spec-5156-55925-0519.fits
5156/spec-5156-55925-0520.fits
5156/spec-5156-55925-0521.fits
5156/spec-5156-55925-0522.fits
5156/spec-5156-55925-0523.fits
5156/spec-5156-55925-0524.fits
5156/spec-5156-55925-0525.fits
5156/spec-5156-55925-0526.fits
5156/spec-5156-55925-0527.fits
5156/spec-5156-55925-0528.fits
5156/spec-5156-55925-0529.fits
5156/spec-5156-55925-0530.fits
5156/spec-5156-55925-0531.fits
5156/spec-5156-55925-0532.fits
5156/spec-5156-55925-0533.fits
5156/spec-5156-55925-0534.fits
5156/spec-5156-55925-0535.fits
5156/spec-5156-55925-0536.fits
5156/spec-5156-55925-0537.fits
5156/spec-5156-55925-0538.fits
5156/spec-5156-55925-0539.fits
5156/spec-5156-55925-0540.fits
5156/spec-5156-55925-0541.fits
5156/spec-5156-55925-0542.fits
5156/spec-5156-55925-0543.fits
5156/spec-5156-55925-0544.fits
5156/spec-5156-55925-0545.fits
5156/spec-5156-55925-0546.fits
5156/spec-5156-55925-0547.fits
5156/spec-5156-55925-0548.fits
5156/spec-5156-55925-0549.fits
5156/spec-5156-55925-0550.fits
5156/spec-5156-55925-0551.fits
5156/spec-5156-55925-0552.fits
5156/spec-5156-55925-0553.fits
5156/spec-5156-55925-0554.fits
5156/spec-5156-55925-0555.fits
5156/spec-5156-55925-0556.fits
5156/spec-5156-55925-0557.fits
5156/spec-5156-55925-0558.fits
5156/spec-5156-55925-0559.fits
5156/spec-5156-55925-0560.fits
5156/spec-5156-55925-0561.fits
5156/spec-5156-55925-0562.fits
5156/spec-5156-55925-0563.fits
5156/spec-5156-55925-0564.fits
5156/spec-5156-55925-0565.fits
5156/spec-5156-55925-0566.fits
5156/spec-5156-55925-0567.fits
5156/spec-5156-55925-0568.fits
5156/spec-5156-55925-0569.fits
5156/spec-5156-55925-0570.fits
5156/spec-5156-55925-0571.fits
5156/spec-5156-55925-0572.fits
5156/spec-5156-55925-0573.fits
5156/spec-5156-55925-0574.fits
5156/spec-5156-55925-0575.fits
5156/spec-5156-55925-0576.fits
5156/spec-5156-55925-0577.fits
5156/spec-5156-55925-0578.fits
5156/spec-5156-55925-0579.fits
5156/spec-5156-55925-0580.fits
5156/spec-5156-55925-0581.fits
5156/spec-5156-55925-0582.fits
5156/spec-5156-55925-0583.fits
5156/spec-5156-55925-0584.fits
5156/spec-5156-55925-0585.fits
5156/spec-5156-55925-0586.fits
5156/spec-5156-55925-0587.fits
5156/spec-5156-55925-0588.fits
5156/spec-5156-55925-0589.fits
5156/spec-5156-55925-0590.fits
5156/spec-5156-55925-0591.fits
5156/spec-5156-55925-0592.fits
5156/spec-5156-55925-0593.fits
5156/spec-5156-55925-0594.fits
5156/spec-5156-55925-0595.fits
5156/spec-5156-55925-0596.fits
5156/spec-5156-55925-0597.fits
5156/spec-5156-55925-0598.fits
5156/spec-5156-55925-0599.fits
5156/spec-5156-55925-0600.fits
5156/spec-5156-55925-0601.fits
5156/spec-5156-55925-0602.fits
5156/spec-5156-55925-0603.fits
5156/spec-5156-55925-0604.fits
5156/spec-5156-55925-0605.fits
5156/spec-5156-55925-0606.fits
5156/spec-5156-55925-0607.fits
5156/spec-5156-55925-0608.fits
5156/spec-5156-55925-0609.fits
5156/spec-5156-55925-0610.fits
5156/spec-5156-55925-0611.fits
5156/spec-5156-55925-0612.fits
5156/spec-5156-55925-0613.fits
5156/spec-5156-55925-0614.fits
5156/spec-5156-55925-0615.fits
5156/spec-5156-55925-0616.fits
5156/spec-5156-55925-0617.fits
5156/spec-5156-55925-0618.fits
5156/spec-5156-55925-0619.fits
5156/spec-5156-55925-0620.fits
5156/spec-5156-55925-0621.fits
5156/spec-5156-55925-0622.fits
5156/spec-5156-55925-0623.fits
5156/spec-5156-55925-0624.fits
5156/spec-5156-55925-0625.fits
5156/spec-5156-55925-0626.fits
5156/spec-5156-55925-0627.fits
5156/spec-5156-55925-0628.fits
5156/spec-5156-55925-0629.fits
5156/spec-5156-55925-0630.fits
5156/spec-5156-55925-0631.fits
5156/spec-5156-55925-0632.fits
5156/spec-5156-55925-0633.fits
5156/spec-5156-55925-0634.fits
5156/spec-5156-55925-0635.fits
5156/spec-5156-55925-0636.fits
5156/spec-5156-55925-0637.fits
5156/spec-5156-55925-0638.fits
5156/spec-5156-55925-0639.fits
5156/spec-5156-55925-0640.fits
5156/spec-5156-55925-0641.fits
5156/spec-5156-55925-0642.fits
5156/spec-5156-55925-0643.fits
5156/spec-5156-55925-0644.fits
5156/spec-5156-55925-0645.fits
5156/spec-5156-55925-0646.fits
5156/spec-5156-55925-0647.fits
5156/spec-5156-55925-0648.fits
5156/spec-5156-55925-0649.fits
5156/spec-5156-55925-0650.fits
5156/spec-5156-55925-0651.fits
5156/spec-5156-55925-0652.fits
5156/spec-5156-55925-0653.fits
5156/spec-5156-55925-0654.fits
5156/spec-5156-55925-0655.fits
5156/spec-5156-55925-0656.fits
5156/spec-5156-55925-0657.fits
5156/spec-5156-55925-0658.fits
5156/spec-5156-55925-0659.fits
5156/spec-5156-55925-0660.fits
5156/spec-5156-55925-0661.fits
5156/spec-5156-55925-0662.fits
5156/spec-5156-55925-0663.fits
5156/spec-5156-55925-0664.fits
5156/spec-5156-55925-0665.fits
5156/spec-5156-55925-0666.fits
5156/spec-5156-55925-0667.fits
5156/spec-5156-55925-0668.fits
5156/spec-5156-55925-0669.fits
5156/spec-5156-55925-0670.fits
5156/spec-5156-55925-0671.fits
5156/spec-5156-55925-0672.fits
5156/spec-5156-55925-0673.fits
5156/spec-5156-55925-0674.fits
5156/spec-5156-55925-0675.fits
5156/spec-5156-55925-0676.fits
5156/spec-5156-55925-0677.fits
5156/spec-5156-55925-0678.fits
5156/spec-5156-55925-0679.fits
5156/spec-5156-55925-0680.fits
5156/spec-5156-55925-0681.fits
5156/spec-5156-55925-0682.fits
5156/spec-5156-55925-0683.fits
5156/spec-5156-55925-0684.fits
5156/spec-5156-55925-0685.fits
5156/spec-5156-55925-0686.fits
5156/spec-5156-55925-0687.fits
5156/spec-5156-55925-0688.fits
5156/spec-5156-55925-0689.fits
5156/spec-5156-55925-0690.fits
5156/spec-5156-55925-0691.fits
5156/spec-5156-55925-0692.fits
5156/spec-5156-55925-0693.fits
5156/spec-5156-55925-0694.fits
5156/spec-5156-55925-0695.fits
5156/spec-5156-55925-0696.fits
5156/spec-5156-55925-0697.fits
5156/spec-5156-55925-0698.fits
5156/spec-5156-55925-0699.fits
5156/spec-5156-55925-0700.fits
5156/spec-5156-55925-0701.fits
5156/spec-5156-55925-0702.fits
5156/spec-5156-55925-0703.fits
5156/spec-5156-55925-0704.fits
5156/spec-5156-55925-0705.fits
5156/spec-5156-55925-0706.fits
5156/spec-5156-55925-0707.fits
5156/spec-5156-55925-0708.fits
5156/spec-5156-55925-0709.fits
5156/spec-5156-55925-0710.fits
5156/spec-5156-55925-0711.fits
5156/spec-5156-55925-0712.fits
5156/spec-5156-55925-0713.fits
5156/spec-5156-55925-0714.fits
5156/spec-5156-55925-0715.fits
5156/spec-5156-55925-0716.fits
5156/spec-5156-55925-0717.fits
5156/spec-5156-55925-0718.fits
5156/spec-5156-55925-0719.fits
5156/spec-5156-55925-0720.fits
5156/spec-5156-55925-0721.fits
5156/spec-5156-55925-0722.fits
5156/spec-5156-55925-0723.fits
5156/spec-5156-55925-0724.fits
5156/spec-5156-55925-0725.fits
5156/spec-5156-55925-0726.fits
5156/spec-5156-55925-0727.fits
5156/spec-5156-55925-0728.fits
5156/spec-5156-55925-0729.fits
5156/spec-5156-55925-0730.fits
5156/spec-5156-55925-0731.fits
5156/spec-5156-55925-0732.fits
5156/spec-5156-55925-0733.fits
5156/spec-5156-55925-0734.fits
5156/spec-5156-55925-0735.fits
5156/spec-5156-55925-0736.fits
5156/spec-5156-55925-0737.fits
5156/spec-5156-55925-0738.fits
5156/spec-5156-55925-0739.fits
5156/spec-5156-55925-0740.fits
5156/spec-5156-55925-0741.fits
5156/spec-5156-55925-0742.fits
5156/spec-5156-55925-0743.fits
5156/spec-5156-55925-0744.fits
5156/spec-5156-55925-0745.fits
5156/spec-5156-55925-0746.fits
5156/spec-5156-55925-0747.fits
5156/spec-5156-55925-0748.fits
5156/spec-5156-55925-0749.fits
5156/spec-5156-55925-0750.fits
5156/spec-5156-55925-0751.fits
5156/spec-5156-55925-0752.fits
5156/spec-5156-55925-0753.fits
5156/spec-5156-55925-0754.fits
5156/spec-5156-55925-0755.fits
5156/spec-5156-55925-0756.fits
5156/spec-5156-55925-0757.fits
5156/spec-5156-55925-0758.fits
5156/spec-5156-55925-0759.fits
5156/spec-5156-55925-0760.fits
5156/spec-5156-55925-0761.fits
5156/spec-5156-55925-0762.fits
5156/spec-5156-55925-0763.fits
5156/spec-5156-55925-0764.fits
5156/spec-5156-55925-0765.fits
5156/spec-5156-55925-0766.fits
5156/spec-5156-55925-0767.fits
5156/spec-5156-55925-0768.fits
5156/spec-5156-55925-0769.fits
5156/spec-5156-55925-0770.fits
5156/spec-5156-55925-0771.fits
5156/spec-5156-55925-0772.fits
5156/spec-5156-55925-0773.fits
5156/spec-5156-55925-0774.fits
5156/spec-5156-55925-0775.fits
5156/spec-5156-55925-0776.fits
5156/spec-5156-55925-0777.fits
5156/spec-5156-55925-0778.fits
5156/spec-5156-55925-0779.fits
5156/spec-5156-55925-0780.fits
5156/spec-5156-55925-0781.fits
5156/spec-5156-55925-0782.fits
5156/spec-5156-55925-0783.fits
5156/spec-5156-55925-0784.fits
5156/spec-5156-55925-0785.fits
5156/spec-5156-55925-0786.fits
5156/spec-5156-55925-0787.fits
5156/spec-5156-55925-0788.fits
5156/spec-5156-55925-0789.fits
5156/spec-5156-55925-0790.fits
5156/spec-5156-55925-0791.fits
5156/spec-5156-55925-0792.fits
5156/spec-5156-55925-0793.fits
5156/spec-5156-55925-0794.fits
5156/spec-5156-55925-0795.fits
5156/spec-5156-55925-0796.fits
5156/spec-5156-55925-0797.fits
5156/spec-5156-55925-0798.fits
5156/spec-5156-55925-0799.fits
5156/spec-5156-55925-0800.fits
5156/spec-5156-55925-0801.fits
5156/spec-5156-55925-0802.fits
5156/spec-5156-55925-0803.fits
5156/spec-5156-55925-0804.fits
5156/spec-5156-55925-0805.fits
5156/spec-5156-55925-0806.fits
5156/spec-5156-55925-0807.fits
5156/spec-5156-55925-0808.fits
5156/spec-5156-55925-0809.fits
5156/spec-5156-55925-0810.fits
5156/spec-5156-55925-0811.fits
5156/spec-5156-55925-0812.fits
5156/spec-5156-55925-0813.fits
5156/spec-5156-55925-0814.fits
5156/spec-5156-55925-0815.fits
5156/spec-5156-55925-0816.fits
5156/spec-5156-55925-0817.fits
5156/spec-5156-55925-0818.fits
5156/spec-5156-55925-0819.fits
5156/spec-5156-55925-0820.fits
5156/spec-5156-55925-0821.fits
5156/spec-5156-55925-0822.fits
5156/spec-5156-55925-0823.fits
5156/spec-5156-55925-0824.fits
5156/spec-5156-55925-0825.fits
5156/spec-5156-55925-0826.fits
5156/spec-5156-55925-0827.fits
5156/spec-5156-55925-0828.fits
5156/spec-5156-55925-0829.fits
5156/spec-5156-55925-0830.fits
5156/spec-5156-55925-0831.fits
5156/spec-5156-55925-0832.fits
5156/spec-5156-55925-0833.fits
5156/spec-5156-55925-0834.fits
5156/spec-5156-55925-0835.fits
5156/spec-5156-55925-0836.fits
5156/spec-5156-55925-0837.fits
5156/spec-5156-55925-0838.fits
5156/spec-5156-55925-0839.fits
5156/spec-5156-55925-0840.fits
5156/spec-5156-55925-0841.fits
5156/spec-5156-55925-0842.fits
5156/spec-5156-55925-0843.fits
5156/spec-5156-55925-0844.fits
5156/spec-5156-55925-0845.fits
5156/spec-5156-55925-0846.fits
5156/spec-5156-55925-0847.fits
5156/spec-5156-55925-0848.fits
5156/spec-5156-55925-0849.fits
5156/spec-5156-55925-0850.fits
5156/spec-5156-55925-0851.fits
5156/spec-5156-55925-0852.fits
5156/spec-5156-55925-0853.fits
5156/spec-5156-55925-0854.fits
5156/spec-5156-55925-0855.fits
5156/spec-5156-55925-0856.fits
5156/spec-5156-55925-0857.fits
5156/spec-5156-55925-0858.fits
5156/spec-5156-55925-0859.fits
5156/spec-5156-55925-0860.fits
5156/spec-5156-55925-0861.fits
5156/spec-5156-55925-0862.fits
5156/spec-5156-55925-0863.fits
5156/spec-5156-55925-0864.fits
5156/spec-5156-55925-0865.fits
5156/spec-5156-55925-0866.fits
5156/spec-5156-55925-0867.fits
5156/spec-5156-55925-0868.fits
5156/spec-5156-55925-0869.fits
5156/spec-5156-55925-0870.fits
5156/spec-5156-55925-0871.fits
5156/spec-5156-55925-0872.fits
5156/spec-5156-55925-0873.fits
5156/spec-5156-55925-0874.fits
5156/spec-5156-55925-0875.fits
5156/spec-5156-55925-0876.fits
5156/spec-5156-55925-0877.fits
5156/spec-5156-55925-0878.fits
5156/spec-5156-55925-0879.fits
5156/spec-5156-55925-0880.fits
5156/spec-5156-55925-0881.fits
5156/spec-5156-55925-0882.fits
5156/spec-5156-55925-0883.fits
5156/spec-5156-55925-0884.fits
5156/spec-5156-55925-0885.fits
5156/spec-5156-55925-0886.fits
5156/spec-5156-55925-0887.fits
5156/spec-5156-55925-0888.fits
5156/spec-5156-55925-0889.fits
5156/spec-5156-55925-0890.fits
5156/spec-5156-55925-0891.fits
5156/spec-5156-55925-0892.fits
5156/spec-5156-55925-0893.fits
5156/spec-5156-55925-0894.fits
5156/spec-5156-55925-0895.fits
5156/spec-5156-55925-0896.fits
5156/spec-5156-55925-0897.fits
5156/spec-5156-55925-0898.fits
5156/spec-5156-55925-0899.fits
5156/spec-5156-55925-0900.fits
5156/spec-5156-55925-0901.fits
5156/spec-5156-55925-0902.fits
5156/spec-5156-55925-0903.fits
5156/spec-5156-55925-0904.fits
5156/spec-5156-55925-0905.fits
5156/spec-5156-55925-0906.fits
5156/spec-5156-55925-0907.fits
5156/spec-5156-55925-0908.fits
5156/spec-5156-55925-0909.fits
5156/spec-5156-55925-0910.fits
5156/spec-5156-55925-0911.fits
5156/spec-5156-55925-0912.fits
5156/spec-5156-55925-0913.fits
5156/spec-5156-55925-0914.fits
5156/spec-5156-55925-0915.fits
5156/spec-5156-55925-0916.fits
5156/spec-5156-55925-0917.fits
5156/spec-5156-55925-0918.fits
5156/spec-5156-55925-0919.fits
5156/spec-5156-55925-0920.fits
5156/spec-5156-55925-0921.fits
5156/spec-5156-55925-0922.fits
5156/spec-5156-55925-0923.fits
5156/spec-5156-55925-0924.fits
5156/spec-5156-55925-0925.fits
5156/spec-5156-55925-0926.fits
5156/spec-5156-55925-0927.fits
5156/spec-5156-55925-0928.fits
5156/spec-5156-55925-0929.fits
5156/spec-5156-55925-0930.fits
5156/spec-5156-55925-0931.fits
5156/spec-5156-55925-0932.fits
5156/spec-5156-55925-0933.fits
5156/spec-5156-55925-0934.fits
5156/spec-5156-55925-0935.fits
5156/spec-5156-55925-0936.fits
5156/spec-5156-55925-0937.fits
5156/spec-5156-55925-0938.fits
5156/spec-5156-55925-0939.fits
5156/spec-5156-55925-0940.fits
5156/spec-5156-55925-0941.fits
5156/spec-5156-55925-0942.fits
5156/spec-5156-55925-0943.fits
5156/spec-5156-55925-0944.fits
5156/spec-5156-55925-0945.fits
5156/spec-5156-55925-0946.fits
5156/spec-5156-55925-0947.fits
5156/spec-5156-55925-0948.fits
5156/spec-5156-55925-0949.fits
5156/spec-5156-55925-0950.fits
5156/spec-5156-55925-0951.fits
5156/spec-5156-55925-0952.fits
5156/spec-5156-55925-0953.fits
5156/spec-5156-55925-0954.fits
5156/spec-5156-55925-0955.fits
5156/spec-5156-55925-0956.fits
5156/spec-5156-55925-0957.fits
5156/spec-5156-55925-0958.fits
5156/spec-5156-55925-0959.fits
5156/spec-5156-55925-0960.fits
5156/spec-5156-55925-0961.fits
5156/spec-5156-55925-0962.fits
5156/spec-5156-55925-0963.fits
5156/spec-5156-55925-0964.fits
5156/spec-5156-55925-0965.fits
5156/spec-5156-55925-0966.fits
5156/spec-5156-55925-0967.fits
5156/spec-5156-55925-0968.fits
5156/spec-5156-55925-0969.fits
5156/spec-5156-55925-0970.fits
5156/spec-5156-55925-0971.fits
5156/spec-5156-55925-0972.fits
5156/spec-5156-55925-0973.fits
5156/spec-5156-55925-0974.fits
5156/spec-5156-55925-0975.fits
5156/spec-5156-55925-0976.fits
5156/spec-5156-55925-0977.fits
5156/spec-5156-55925-0978.fits
5156/spec-5156-55925-0979.fits
5156/spec-5156-55925-0980.fits
5156/spec-5156-55925-0981.fits
5156/spec-5156-55925-0982.fits
5156/spec-5156-55925-0983.fits
5156/spec-5156-55925-0984.fits
5156/spec-5156-55925-0985.fits
5156/spec-5156-55925-0986.fits
5156/spec-5156-55925-0987.fits
5156/spec-5156-55925-0988.fits
5156/spec-5156-55925-0989.fits
5156/spec-5156-55925-0990.fits
5156/spec-5156-55925-0991.fits
5156/spec-5156-55925-0992.fits
5156/spec-5156-55925-0993.fits
5156/spec-5156-55925-0994.fits
5156/spec-5156-55925-0995.fits
5156/spec-5156-55925-0996.fits
5156/spec-5156-55925-0997.fits
5156/spec-5156-55925-0998.fits
5156/spec-5156-55925-0999.fits
5156/spec-5156-55925-1000.fits
/var/lib/condor/execute/slot1/dir_4484
5156 5156.tgz R R361.tar.gz _condor_stderr _condor_stdout cB58_Lyman_break.fit condor_exec.exe hw4.R packages packages.tar.gz tmp var
[1] "Loaded package astro."
[1] 1000
5156 5156.csv 5156.tgz R R361.tar.gz _condor_stderr _condor_stdout cB58_Lyman_break.fit condor_exec.exe hw4.R packages packages.tar.gz tmp var
