5157
5157/
5157/spec-5157-55923-0001.fits
5157/spec-5157-55923-0002.fits
5157/spec-5157-55923-0003.fits
5157/spec-5157-55923-0004.fits
5157/spec-5157-55923-0005.fits
5157/spec-5157-55923-0006.fits
5157/spec-5157-55923-0007.fits
5157/spec-5157-55923-0008.fits
5157/spec-5157-55923-0009.fits
5157/spec-5157-55923-0010.fits
5157/spec-5157-55923-0011.fits
5157/spec-5157-55923-0012.fits
5157/spec-5157-55923-0013.fits
5157/spec-5157-55923-0014.fits
5157/spec-5157-55923-0015.fits
5157/spec-5157-55923-0016.fits
5157/spec-5157-55923-0017.fits
5157/spec-5157-55923-0018.fits
5157/spec-5157-55923-0019.fits
5157/spec-5157-55923-0020.fits
5157/spec-5157-55923-0021.fits
5157/spec-5157-55923-0022.fits
5157/spec-5157-55923-0023.fits
5157/spec-5157-55923-0024.fits
5157/spec-5157-55923-0025.fits
5157/spec-5157-55923-0026.fits
5157/spec-5157-55923-0027.fits
5157/spec-5157-55923-0028.fits
5157/spec-5157-55923-0029.fits
5157/spec-5157-55923-0030.fits
5157/spec-5157-55923-0031.fits
5157/spec-5157-55923-0032.fits
5157/spec-5157-55923-0033.fits
5157/spec-5157-55923-0034.fits
5157/spec-5157-55923-0035.fits
5157/spec-5157-55923-0036.fits
5157/spec-5157-55923-0037.fits
5157/spec-5157-55923-0038.fits
5157/spec-5157-55923-0039.fits
5157/spec-5157-55923-0040.fits
5157/spec-5157-55923-0041.fits
5157/spec-5157-55923-0042.fits
5157/spec-5157-55923-0043.fits
5157/spec-5157-55923-0044.fits
5157/spec-5157-55923-0045.fits
5157/spec-5157-55923-0046.fits
5157/spec-5157-55923-0047.fits
5157/spec-5157-55923-0048.fits
5157/spec-5157-55923-0049.fits
5157/spec-5157-55923-0050.fits
5157/spec-5157-55923-0051.fits
5157/spec-5157-55923-0052.fits
5157/spec-5157-55923-0053.fits
5157/spec-5157-55923-0054.fits
5157/spec-5157-55923-0055.fits
5157/spec-5157-55923-0056.fits
5157/spec-5157-55923-0057.fits
5157/spec-5157-55923-0058.fits
5157/spec-5157-55923-0059.fits
5157/spec-5157-55923-0060.fits
5157/spec-5157-55923-0061.fits
5157/spec-5157-55923-0062.fits
5157/spec-5157-55923-0063.fits
5157/spec-5157-55923-0064.fits
5157/spec-5157-55923-0065.fits
5157/spec-5157-55923-0066.fits
5157/spec-5157-55923-0067.fits
5157/spec-5157-55923-0068.fits
5157/spec-5157-55923-0069.fits
5157/spec-5157-55923-0070.fits
5157/spec-5157-55923-0071.fits
5157/spec-5157-55923-0072.fits
5157/spec-5157-55923-0073.fits
5157/spec-5157-55923-0074.fits
5157/spec-5157-55923-0075.fits
5157/spec-5157-55923-0076.fits
5157/spec-5157-55923-0077.fits
5157/spec-5157-55923-0078.fits
5157/spec-5157-55923-0079.fits
5157/spec-5157-55923-0080.fits
5157/spec-5157-55923-0081.fits
5157/spec-5157-55923-0082.fits
5157/spec-5157-55923-0083.fits
5157/spec-5157-55923-0084.fits
5157/spec-5157-55923-0085.fits
5157/spec-5157-55923-0086.fits
5157/spec-5157-55923-0087.fits
5157/spec-5157-55923-0088.fits
5157/spec-5157-55923-0089.fits
5157/spec-5157-55923-0090.fits
5157/spec-5157-55923-0091.fits
5157/spec-5157-55923-0092.fits
5157/spec-5157-55923-0093.fits
5157/spec-5157-55923-0094.fits
5157/spec-5157-55923-0095.fits
5157/spec-5157-55923-0096.fits
5157/spec-5157-55923-0097.fits
5157/spec-5157-55923-0098.fits
5157/spec-5157-55923-0099.fits
5157/spec-5157-55923-0100.fits
5157/spec-5157-55923-0101.fits
5157/spec-5157-55923-0102.fits
5157/spec-5157-55923-0103.fits
5157/spec-5157-55923-0104.fits
5157/spec-5157-55923-0105.fits
5157/spec-5157-55923-0106.fits
5157/spec-5157-55923-0107.fits
5157/spec-5157-55923-0108.fits
5157/spec-5157-55923-0109.fits
5157/spec-5157-55923-0110.fits
5157/spec-5157-55923-0111.fits
5157/spec-5157-55923-0112.fits
5157/spec-5157-55923-0113.fits
5157/spec-5157-55923-0114.fits
5157/spec-5157-55923-0115.fits
5157/spec-5157-55923-0116.fits
5157/spec-5157-55923-0117.fits
5157/spec-5157-55923-0118.fits
5157/spec-5157-55923-0119.fits
5157/spec-5157-55923-0120.fits
5157/spec-5157-55923-0121.fits
5157/spec-5157-55923-0122.fits
5157/spec-5157-55923-0123.fits
5157/spec-5157-55923-0124.fits
5157/spec-5157-55923-0125.fits
5157/spec-5157-55923-0126.fits
5157/spec-5157-55923-0127.fits
5157/spec-5157-55923-0128.fits
5157/spec-5157-55923-0129.fits
5157/spec-5157-55923-0130.fits
5157/spec-5157-55923-0131.fits
5157/spec-5157-55923-0132.fits
5157/spec-5157-55923-0133.fits
5157/spec-5157-55923-0134.fits
5157/spec-5157-55923-0135.fits
5157/spec-5157-55923-0136.fits
5157/spec-5157-55923-0137.fits
5157/spec-5157-55923-0138.fits
5157/spec-5157-55923-0139.fits
5157/spec-5157-55923-0140.fits
5157/spec-5157-55923-0141.fits
5157/spec-5157-55923-0142.fits
5157/spec-5157-55923-0143.fits
5157/spec-5157-55923-0144.fits
5157/spec-5157-55923-0145.fits
5157/spec-5157-55923-0146.fits
5157/spec-5157-55923-0147.fits
5157/spec-5157-55923-0148.fits
5157/spec-5157-55923-0149.fits
5157/spec-5157-55923-0150.fits
5157/spec-5157-55923-0151.fits
5157/spec-5157-55923-0152.fits
5157/spec-5157-55923-0153.fits
5157/spec-5157-55923-0154.fits
5157/spec-5157-55923-0155.fits
5157/spec-5157-55923-0156.fits
5157/spec-5157-55923-0157.fits
5157/spec-5157-55923-0158.fits
5157/spec-5157-55923-0159.fits
5157/spec-5157-55923-0160.fits
5157/spec-5157-55923-0161.fits
5157/spec-5157-55923-0162.fits
5157/spec-5157-55923-0163.fits
5157/spec-5157-55923-0164.fits
5157/spec-5157-55923-0165.fits
5157/spec-5157-55923-0166.fits
5157/spec-5157-55923-0167.fits
5157/spec-5157-55923-0168.fits
5157/spec-5157-55923-0169.fits
5157/spec-5157-55923-0170.fits
5157/spec-5157-55923-0171.fits
5157/spec-5157-55923-0172.fits
5157/spec-5157-55923-0173.fits
5157/spec-5157-55923-0174.fits
5157/spec-5157-55923-0175.fits
5157/spec-5157-55923-0176.fits
5157/spec-5157-55923-0177.fits
5157/spec-5157-55923-0178.fits
5157/spec-5157-55923-0179.fits
5157/spec-5157-55923-0180.fits
5157/spec-5157-55923-0181.fits
5157/spec-5157-55923-0182.fits
5157/spec-5157-55923-0183.fits
5157/spec-5157-55923-0184.fits
5157/spec-5157-55923-0185.fits
5157/spec-5157-55923-0186.fits
5157/spec-5157-55923-0187.fits
5157/spec-5157-55923-0188.fits
5157/spec-5157-55923-0189.fits
5157/spec-5157-55923-0190.fits
5157/spec-5157-55923-0191.fits
5157/spec-5157-55923-0192.fits
5157/spec-5157-55923-0193.fits
5157/spec-5157-55923-0194.fits
5157/spec-5157-55923-0195.fits
5157/spec-5157-55923-0196.fits
5157/spec-5157-55923-0197.fits
5157/spec-5157-55923-0198.fits
5157/spec-5157-55923-0199.fits
5157/spec-5157-55923-0200.fits
5157/spec-5157-55923-0201.fits
5157/spec-5157-55923-0202.fits
5157/spec-5157-55923-0203.fits
5157/spec-5157-55923-0204.fits
5157/spec-5157-55923-0205.fits
5157/spec-5157-55923-0206.fits
5157/spec-5157-55923-0207.fits
5157/spec-5157-55923-0208.fits
5157/spec-5157-55923-0209.fits
5157/spec-5157-55923-0210.fits
5157/spec-5157-55923-0211.fits
5157/spec-5157-55923-0212.fits
5157/spec-5157-55923-0213.fits
5157/spec-5157-55923-0214.fits
5157/spec-5157-55923-0215.fits
5157/spec-5157-55923-0216.fits
5157/spec-5157-55923-0217.fits
5157/spec-5157-55923-0218.fits
5157/spec-5157-55923-0219.fits
5157/spec-5157-55923-0220.fits
5157/spec-5157-55923-0221.fits
5157/spec-5157-55923-0222.fits
5157/spec-5157-55923-0223.fits
5157/spec-5157-55923-0224.fits
5157/spec-5157-55923-0225.fits
5157/spec-5157-55923-0226.fits
5157/spec-5157-55923-0227.fits
5157/spec-5157-55923-0228.fits
5157/spec-5157-55923-0229.fits
5157/spec-5157-55923-0230.fits
5157/spec-5157-55923-0231.fits
5157/spec-5157-55923-0232.fits
5157/spec-5157-55923-0233.fits
5157/spec-5157-55923-0234.fits
5157/spec-5157-55923-0235.fits
5157/spec-5157-55923-0236.fits
5157/spec-5157-55923-0237.fits
5157/spec-5157-55923-0238.fits
5157/spec-5157-55923-0239.fits
5157/spec-5157-55923-0240.fits
5157/spec-5157-55923-0241.fits
5157/spec-5157-55923-0242.fits
5157/spec-5157-55923-0243.fits
5157/spec-5157-55923-0244.fits
5157/spec-5157-55923-0245.fits
5157/spec-5157-55923-0246.fits
5157/spec-5157-55923-0247.fits
5157/spec-5157-55923-0248.fits
5157/spec-5157-55923-0249.fits
5157/spec-5157-55923-0250.fits
5157/spec-5157-55923-0251.fits
5157/spec-5157-55923-0252.fits
5157/spec-5157-55923-0253.fits
5157/spec-5157-55923-0254.fits
5157/spec-5157-55923-0255.fits
5157/spec-5157-55923-0256.fits
5157/spec-5157-55923-0257.fits
5157/spec-5157-55923-0258.fits
5157/spec-5157-55923-0259.fits
5157/spec-5157-55923-0260.fits
5157/spec-5157-55923-0261.fits
5157/spec-5157-55923-0262.fits
5157/spec-5157-55923-0263.fits
5157/spec-5157-55923-0264.fits
5157/spec-5157-55923-0265.fits
5157/spec-5157-55923-0266.fits
5157/spec-5157-55923-0267.fits
5157/spec-5157-55923-0268.fits
5157/spec-5157-55923-0269.fits
5157/spec-5157-55923-0270.fits
5157/spec-5157-55923-0271.fits
5157/spec-5157-55923-0272.fits
5157/spec-5157-55923-0273.fits
5157/spec-5157-55923-0274.fits
5157/spec-5157-55923-0275.fits
5157/spec-5157-55923-0276.fits
5157/spec-5157-55923-0277.fits
5157/spec-5157-55923-0278.fits
5157/spec-5157-55923-0279.fits
5157/spec-5157-55923-0280.fits
5157/spec-5157-55923-0281.fits
5157/spec-5157-55923-0282.fits
5157/spec-5157-55923-0283.fits
5157/spec-5157-55923-0284.fits
5157/spec-5157-55923-0285.fits
5157/spec-5157-55923-0286.fits
5157/spec-5157-55923-0287.fits
5157/spec-5157-55923-0288.fits
5157/spec-5157-55923-0289.fits
5157/spec-5157-55923-0290.fits
5157/spec-5157-55923-0291.fits
5157/spec-5157-55923-0292.fits
5157/spec-5157-55923-0293.fits
5157/spec-5157-55923-0294.fits
5157/spec-5157-55923-0295.fits
5157/spec-5157-55923-0296.fits
5157/spec-5157-55923-0297.fits
5157/spec-5157-55923-0298.fits
5157/spec-5157-55923-0299.fits
5157/spec-5157-55923-0300.fits
5157/spec-5157-55923-0301.fits
5157/spec-5157-55923-0302.fits
5157/spec-5157-55923-0303.fits
5157/spec-5157-55923-0304.fits
5157/spec-5157-55923-0305.fits
5157/spec-5157-55923-0306.fits
5157/spec-5157-55923-0307.fits
5157/spec-5157-55923-0308.fits
5157/spec-5157-55923-0309.fits
5157/spec-5157-55923-0310.fits
5157/spec-5157-55923-0311.fits
5157/spec-5157-55923-0312.fits
5157/spec-5157-55923-0313.fits
5157/spec-5157-55923-0314.fits
5157/spec-5157-55923-0315.fits
5157/spec-5157-55923-0316.fits
5157/spec-5157-55923-0317.fits
5157/spec-5157-55923-0318.fits
5157/spec-5157-55923-0319.fits
5157/spec-5157-55923-0320.fits
5157/spec-5157-55923-0321.fits
5157/spec-5157-55923-0322.fits
5157/spec-5157-55923-0323.fits
5157/spec-5157-55923-0324.fits
5157/spec-5157-55923-0325.fits
5157/spec-5157-55923-0326.fits
5157/spec-5157-55923-0327.fits
5157/spec-5157-55923-0328.fits
5157/spec-5157-55923-0329.fits
5157/spec-5157-55923-0330.fits
5157/spec-5157-55923-0331.fits
5157/spec-5157-55923-0332.fits
5157/spec-5157-55923-0333.fits
5157/spec-5157-55923-0334.fits
5157/spec-5157-55923-0335.fits
5157/spec-5157-55923-0336.fits
5157/spec-5157-55923-0337.fits
5157/spec-5157-55923-0338.fits
5157/spec-5157-55923-0339.fits
5157/spec-5157-55923-0340.fits
5157/spec-5157-55923-0341.fits
5157/spec-5157-55923-0342.fits
5157/spec-5157-55923-0343.fits
5157/spec-5157-55923-0344.fits
5157/spec-5157-55923-0345.fits
5157/spec-5157-55923-0346.fits
5157/spec-5157-55923-0347.fits
5157/spec-5157-55923-0348.fits
5157/spec-5157-55923-0349.fits
5157/spec-5157-55923-0350.fits
5157/spec-5157-55923-0351.fits
5157/spec-5157-55923-0352.fits
5157/spec-5157-55923-0353.fits
5157/spec-5157-55923-0354.fits
5157/spec-5157-55923-0355.fits
5157/spec-5157-55923-0356.fits
5157/spec-5157-55923-0357.fits
5157/spec-5157-55923-0358.fits
5157/spec-5157-55923-0359.fits
5157/spec-5157-55923-0360.fits
5157/spec-5157-55923-0361.fits
5157/spec-5157-55923-0362.fits
5157/spec-5157-55923-0363.fits
5157/spec-5157-55923-0364.fits
5157/spec-5157-55923-0365.fits
5157/spec-5157-55923-0366.fits
5157/spec-5157-55923-0367.fits
5157/spec-5157-55923-0368.fits
5157/spec-5157-55923-0369.fits
5157/spec-5157-55923-0370.fits
5157/spec-5157-55923-0371.fits
5157/spec-5157-55923-0372.fits
5157/spec-5157-55923-0373.fits
5157/spec-5157-55923-0374.fits
5157/spec-5157-55923-0375.fits
5157/spec-5157-55923-0376.fits
5157/spec-5157-55923-0377.fits
5157/spec-5157-55923-0378.fits
5157/spec-5157-55923-0379.fits
5157/spec-5157-55923-0380.fits
5157/spec-5157-55923-0381.fits
5157/spec-5157-55923-0382.fits
5157/spec-5157-55923-0383.fits
5157/spec-5157-55923-0384.fits
5157/spec-5157-55923-0385.fits
5157/spec-5157-55923-0386.fits
5157/spec-5157-55923-0387.fits
5157/spec-5157-55923-0388.fits
5157/spec-5157-55923-0389.fits
5157/spec-5157-55923-0390.fits
5157/spec-5157-55923-0391.fits
5157/spec-5157-55923-0392.fits
5157/spec-5157-55923-0393.fits
5157/spec-5157-55923-0394.fits
5157/spec-5157-55923-0395.fits
5157/spec-5157-55923-0396.fits
5157/spec-5157-55923-0397.fits
5157/spec-5157-55923-0398.fits
5157/spec-5157-55923-0399.fits
5157/spec-5157-55923-0400.fits
5157/spec-5157-55923-0401.fits
5157/spec-5157-55923-0402.fits
5157/spec-5157-55923-0403.fits
5157/spec-5157-55923-0404.fits
5157/spec-5157-55923-0405.fits
5157/spec-5157-55923-0406.fits
5157/spec-5157-55923-0407.fits
5157/spec-5157-55923-0408.fits
5157/spec-5157-55923-0409.fits
5157/spec-5157-55923-0410.fits
5157/spec-5157-55923-0411.fits
5157/spec-5157-55923-0412.fits
5157/spec-5157-55923-0413.fits
5157/spec-5157-55923-0414.fits
5157/spec-5157-55923-0415.fits
5157/spec-5157-55923-0416.fits
5157/spec-5157-55923-0417.fits
5157/spec-5157-55923-0418.fits
5157/spec-5157-55923-0419.fits
5157/spec-5157-55923-0420.fits
5157/spec-5157-55923-0421.fits
5157/spec-5157-55923-0422.fits
5157/spec-5157-55923-0423.fits
5157/spec-5157-55923-0424.fits
5157/spec-5157-55923-0425.fits
5157/spec-5157-55923-0426.fits
5157/spec-5157-55923-0427.fits
5157/spec-5157-55923-0428.fits
5157/spec-5157-55923-0429.fits
5157/spec-5157-55923-0430.fits
5157/spec-5157-55923-0431.fits
5157/spec-5157-55923-0432.fits
5157/spec-5157-55923-0433.fits
5157/spec-5157-55923-0434.fits
5157/spec-5157-55923-0435.fits
5157/spec-5157-55923-0436.fits
5157/spec-5157-55923-0437.fits
5157/spec-5157-55923-0438.fits
5157/spec-5157-55923-0439.fits
5157/spec-5157-55923-0440.fits
5157/spec-5157-55923-0441.fits
5157/spec-5157-55923-0442.fits
5157/spec-5157-55923-0443.fits
5157/spec-5157-55923-0444.fits
5157/spec-5157-55923-0445.fits
5157/spec-5157-55923-0446.fits
5157/spec-5157-55923-0447.fits
5157/spec-5157-55923-0448.fits
5157/spec-5157-55923-0449.fits
5157/spec-5157-55923-0450.fits
5157/spec-5157-55923-0451.fits
5157/spec-5157-55923-0452.fits
5157/spec-5157-55923-0453.fits
5157/spec-5157-55923-0454.fits
5157/spec-5157-55923-0455.fits
5157/spec-5157-55923-0456.fits
5157/spec-5157-55923-0457.fits
5157/spec-5157-55923-0458.fits
5157/spec-5157-55923-0459.fits
5157/spec-5157-55923-0460.fits
5157/spec-5157-55923-0461.fits
5157/spec-5157-55923-0462.fits
5157/spec-5157-55923-0463.fits
5157/spec-5157-55923-0464.fits
5157/spec-5157-55923-0465.fits
5157/spec-5157-55923-0466.fits
5157/spec-5157-55923-0467.fits
5157/spec-5157-55923-0468.fits
5157/spec-5157-55923-0469.fits
5157/spec-5157-55923-0470.fits
5157/spec-5157-55923-0471.fits
5157/spec-5157-55923-0472.fits
5157/spec-5157-55923-0473.fits
5157/spec-5157-55923-0474.fits
5157/spec-5157-55923-0475.fits
5157/spec-5157-55923-0476.fits
5157/spec-5157-55923-0477.fits
5157/spec-5157-55923-0478.fits
5157/spec-5157-55923-0479.fits
5157/spec-5157-55923-0480.fits
5157/spec-5157-55923-0481.fits
5157/spec-5157-55923-0482.fits
5157/spec-5157-55923-0483.fits
5157/spec-5157-55923-0484.fits
5157/spec-5157-55923-0485.fits
5157/spec-5157-55923-0486.fits
5157/spec-5157-55923-0487.fits
5157/spec-5157-55923-0488.fits
5157/spec-5157-55923-0489.fits
5157/spec-5157-55923-0490.fits
5157/spec-5157-55923-0491.fits
5157/spec-5157-55923-0492.fits
5157/spec-5157-55923-0493.fits
5157/spec-5157-55923-0494.fits
5157/spec-5157-55923-0495.fits
5157/spec-5157-55923-0496.fits
5157/spec-5157-55923-0497.fits
5157/spec-5157-55923-0498.fits
5157/spec-5157-55923-0499.fits
5157/spec-5157-55923-0500.fits
5157/spec-5157-55923-0501.fits
5157/spec-5157-55923-0502.fits
5157/spec-5157-55923-0503.fits
5157/spec-5157-55923-0504.fits
5157/spec-5157-55923-0505.fits
5157/spec-5157-55923-0506.fits
5157/spec-5157-55923-0507.fits
5157/spec-5157-55923-0508.fits
5157/spec-5157-55923-0509.fits
5157/spec-5157-55923-0510.fits
5157/spec-5157-55923-0511.fits
5157/spec-5157-55923-0512.fits
5157/spec-5157-55923-0513.fits
5157/spec-5157-55923-0514.fits
5157/spec-5157-55923-0515.fits
5157/spec-5157-55923-0516.fits
5157/spec-5157-55923-0517.fits
5157/spec-5157-55923-0518.fits
5157/spec-5157-55923-0519.fits
5157/spec-5157-55923-0520.fits
5157/spec-5157-55923-0521.fits
5157/spec-5157-55923-0522.fits
5157/spec-5157-55923-0523.fits
5157/spec-5157-55923-0524.fits
5157/spec-5157-55923-0525.fits
5157/spec-5157-55923-0526.fits
5157/spec-5157-55923-0527.fits
5157/spec-5157-55923-0528.fits
5157/spec-5157-55923-0529.fits
5157/spec-5157-55923-0530.fits
5157/spec-5157-55923-0531.fits
5157/spec-5157-55923-0532.fits
5157/spec-5157-55923-0533.fits
5157/spec-5157-55923-0534.fits
5157/spec-5157-55923-0535.fits
5157/spec-5157-55923-0536.fits
5157/spec-5157-55923-0537.fits
5157/spec-5157-55923-0538.fits
5157/spec-5157-55923-0539.fits
5157/spec-5157-55923-0540.fits
5157/spec-5157-55923-0541.fits
5157/spec-5157-55923-0542.fits
5157/spec-5157-55923-0543.fits
5157/spec-5157-55923-0544.fits
5157/spec-5157-55923-0545.fits
5157/spec-5157-55923-0546.fits
5157/spec-5157-55923-0547.fits
5157/spec-5157-55923-0548.fits
5157/spec-5157-55923-0549.fits
5157/spec-5157-55923-0550.fits
5157/spec-5157-55923-0551.fits
5157/spec-5157-55923-0552.fits
5157/spec-5157-55923-0553.fits
5157/spec-5157-55923-0554.fits
5157/spec-5157-55923-0555.fits
5157/spec-5157-55923-0556.fits
5157/spec-5157-55923-0557.fits
5157/spec-5157-55923-0558.fits
5157/spec-5157-55923-0559.fits
5157/spec-5157-55923-0560.fits
5157/spec-5157-55923-0561.fits
5157/spec-5157-55923-0562.fits
5157/spec-5157-55923-0563.fits
5157/spec-5157-55923-0564.fits
5157/spec-5157-55923-0565.fits
5157/spec-5157-55923-0566.fits
5157/spec-5157-55923-0567.fits
5157/spec-5157-55923-0568.fits
5157/spec-5157-55923-0569.fits
5157/spec-5157-55923-0570.fits
5157/spec-5157-55923-0571.fits
5157/spec-5157-55923-0572.fits
5157/spec-5157-55923-0573.fits
5157/spec-5157-55923-0574.fits
5157/spec-5157-55923-0575.fits
5157/spec-5157-55923-0576.fits
5157/spec-5157-55923-0577.fits
5157/spec-5157-55923-0578.fits
5157/spec-5157-55923-0579.fits
5157/spec-5157-55923-0580.fits
5157/spec-5157-55923-0581.fits
5157/spec-5157-55923-0582.fits
5157/spec-5157-55923-0583.fits
5157/spec-5157-55923-0584.fits
5157/spec-5157-55923-0585.fits
5157/spec-5157-55923-0586.fits
5157/spec-5157-55923-0587.fits
5157/spec-5157-55923-0588.fits
5157/spec-5157-55923-0589.fits
5157/spec-5157-55923-0590.fits
5157/spec-5157-55923-0591.fits
5157/spec-5157-55923-0592.fits
5157/spec-5157-55923-0593.fits
5157/spec-5157-55923-0594.fits
5157/spec-5157-55923-0595.fits
5157/spec-5157-55923-0596.fits
5157/spec-5157-55923-0597.fits
5157/spec-5157-55923-0598.fits
5157/spec-5157-55923-0599.fits
5157/spec-5157-55923-0600.fits
5157/spec-5157-55923-0601.fits
5157/spec-5157-55923-0602.fits
5157/spec-5157-55923-0603.fits
5157/spec-5157-55923-0604.fits
5157/spec-5157-55923-0605.fits
5157/spec-5157-55923-0606.fits
5157/spec-5157-55923-0607.fits
5157/spec-5157-55923-0608.fits
5157/spec-5157-55923-0609.fits
5157/spec-5157-55923-0610.fits
5157/spec-5157-55923-0611.fits
5157/spec-5157-55923-0612.fits
5157/spec-5157-55923-0613.fits
5157/spec-5157-55923-0614.fits
5157/spec-5157-55923-0615.fits
5157/spec-5157-55923-0616.fits
5157/spec-5157-55923-0617.fits
5157/spec-5157-55923-0618.fits
5157/spec-5157-55923-0619.fits
5157/spec-5157-55923-0620.fits
5157/spec-5157-55923-0621.fits
5157/spec-5157-55923-0622.fits
5157/spec-5157-55923-0623.fits
5157/spec-5157-55923-0624.fits
5157/spec-5157-55923-0625.fits
5157/spec-5157-55923-0626.fits
5157/spec-5157-55923-0627.fits
5157/spec-5157-55923-0628.fits
5157/spec-5157-55923-0629.fits
5157/spec-5157-55923-0630.fits
5157/spec-5157-55923-0631.fits
5157/spec-5157-55923-0632.fits
5157/spec-5157-55923-0633.fits
5157/spec-5157-55923-0634.fits
5157/spec-5157-55923-0635.fits
5157/spec-5157-55923-0636.fits
5157/spec-5157-55923-0637.fits
5157/spec-5157-55923-0638.fits
5157/spec-5157-55923-0639.fits
5157/spec-5157-55923-0640.fits
5157/spec-5157-55923-0641.fits
5157/spec-5157-55923-0642.fits
5157/spec-5157-55923-0643.fits
5157/spec-5157-55923-0644.fits
5157/spec-5157-55923-0645.fits
5157/spec-5157-55923-0646.fits
5157/spec-5157-55923-0647.fits
5157/spec-5157-55923-0648.fits
5157/spec-5157-55923-0649.fits
5157/spec-5157-55923-0650.fits
5157/spec-5157-55923-0651.fits
5157/spec-5157-55923-0652.fits
5157/spec-5157-55923-0653.fits
5157/spec-5157-55923-0654.fits
5157/spec-5157-55923-0655.fits
5157/spec-5157-55923-0656.fits
5157/spec-5157-55923-0657.fits
5157/spec-5157-55923-0658.fits
5157/spec-5157-55923-0659.fits
5157/spec-5157-55923-0660.fits
5157/spec-5157-55923-0661.fits
5157/spec-5157-55923-0662.fits
5157/spec-5157-55923-0663.fits
5157/spec-5157-55923-0664.fits
5157/spec-5157-55923-0665.fits
5157/spec-5157-55923-0666.fits
5157/spec-5157-55923-0667.fits
5157/spec-5157-55923-0668.fits
5157/spec-5157-55923-0669.fits
5157/spec-5157-55923-0670.fits
5157/spec-5157-55923-0671.fits
5157/spec-5157-55923-0672.fits
5157/spec-5157-55923-0673.fits
5157/spec-5157-55923-0674.fits
5157/spec-5157-55923-0675.fits
5157/spec-5157-55923-0676.fits
5157/spec-5157-55923-0677.fits
5157/spec-5157-55923-0678.fits
5157/spec-5157-55923-0679.fits
5157/spec-5157-55923-0680.fits
5157/spec-5157-55923-0681.fits
5157/spec-5157-55923-0682.fits
5157/spec-5157-55923-0683.fits
5157/spec-5157-55923-0684.fits
5157/spec-5157-55923-0685.fits
5157/spec-5157-55923-0686.fits
5157/spec-5157-55923-0687.fits
5157/spec-5157-55923-0688.fits
5157/spec-5157-55923-0689.fits
5157/spec-5157-55923-0690.fits
5157/spec-5157-55923-0691.fits
5157/spec-5157-55923-0692.fits
5157/spec-5157-55923-0693.fits
5157/spec-5157-55923-0694.fits
5157/spec-5157-55923-0695.fits
5157/spec-5157-55923-0696.fits
5157/spec-5157-55923-0697.fits
5157/spec-5157-55923-0698.fits
5157/spec-5157-55923-0699.fits
5157/spec-5157-55923-0700.fits
5157/spec-5157-55923-0701.fits
5157/spec-5157-55923-0702.fits
5157/spec-5157-55923-0703.fits
5157/spec-5157-55923-0704.fits
5157/spec-5157-55923-0705.fits
5157/spec-5157-55923-0706.fits
5157/spec-5157-55923-0707.fits
5157/spec-5157-55923-0708.fits
5157/spec-5157-55923-0709.fits
5157/spec-5157-55923-0710.fits
5157/spec-5157-55923-0711.fits
5157/spec-5157-55923-0712.fits
5157/spec-5157-55923-0713.fits
5157/spec-5157-55923-0714.fits
5157/spec-5157-55923-0715.fits
5157/spec-5157-55923-0716.fits
5157/spec-5157-55923-0717.fits
5157/spec-5157-55923-0718.fits
5157/spec-5157-55923-0719.fits
5157/spec-5157-55923-0720.fits
5157/spec-5157-55923-0721.fits
5157/spec-5157-55923-0722.fits
5157/spec-5157-55923-0723.fits
5157/spec-5157-55923-0724.fits
5157/spec-5157-55923-0725.fits
5157/spec-5157-55923-0726.fits
5157/spec-5157-55923-0727.fits
5157/spec-5157-55923-0728.fits
5157/spec-5157-55923-0729.fits
5157/spec-5157-55923-0730.fits
5157/spec-5157-55923-0731.fits
5157/spec-5157-55923-0732.fits
5157/spec-5157-55923-0733.fits
5157/spec-5157-55923-0734.fits
5157/spec-5157-55923-0735.fits
5157/spec-5157-55923-0736.fits
5157/spec-5157-55923-0737.fits
5157/spec-5157-55923-0738.fits
5157/spec-5157-55923-0739.fits
5157/spec-5157-55923-0740.fits
5157/spec-5157-55923-0741.fits
5157/spec-5157-55923-0742.fits
5157/spec-5157-55923-0743.fits
5157/spec-5157-55923-0744.fits
5157/spec-5157-55923-0745.fits
5157/spec-5157-55923-0746.fits
5157/spec-5157-55923-0747.fits
5157/spec-5157-55923-0748.fits
5157/spec-5157-55923-0749.fits
5157/spec-5157-55923-0750.fits
5157/spec-5157-55923-0751.fits
5157/spec-5157-55923-0752.fits
5157/spec-5157-55923-0753.fits
5157/spec-5157-55923-0754.fits
5157/spec-5157-55923-0755.fits
5157/spec-5157-55923-0756.fits
5157/spec-5157-55923-0757.fits
5157/spec-5157-55923-0758.fits
5157/spec-5157-55923-0759.fits
5157/spec-5157-55923-0760.fits
5157/spec-5157-55923-0761.fits
5157/spec-5157-55923-0762.fits
5157/spec-5157-55923-0763.fits
5157/spec-5157-55923-0764.fits
5157/spec-5157-55923-0765.fits
5157/spec-5157-55923-0766.fits
5157/spec-5157-55923-0767.fits
5157/spec-5157-55923-0768.fits
5157/spec-5157-55923-0769.fits
5157/spec-5157-55923-0770.fits
5157/spec-5157-55923-0771.fits
5157/spec-5157-55923-0772.fits
5157/spec-5157-55923-0773.fits
5157/spec-5157-55923-0774.fits
5157/spec-5157-55923-0775.fits
5157/spec-5157-55923-0776.fits
5157/spec-5157-55923-0777.fits
5157/spec-5157-55923-0778.fits
5157/spec-5157-55923-0779.fits
5157/spec-5157-55923-0780.fits
5157/spec-5157-55923-0781.fits
5157/spec-5157-55923-0782.fits
5157/spec-5157-55923-0783.fits
5157/spec-5157-55923-0784.fits
5157/spec-5157-55923-0785.fits
5157/spec-5157-55923-0786.fits
5157/spec-5157-55923-0787.fits
5157/spec-5157-55923-0788.fits
5157/spec-5157-55923-0789.fits
5157/spec-5157-55923-0790.fits
5157/spec-5157-55923-0791.fits
5157/spec-5157-55923-0792.fits
5157/spec-5157-55923-0793.fits
5157/spec-5157-55923-0794.fits
5157/spec-5157-55923-0795.fits
5157/spec-5157-55923-0796.fits
5157/spec-5157-55923-0797.fits
5157/spec-5157-55923-0798.fits
5157/spec-5157-55923-0799.fits
5157/spec-5157-55923-0800.fits
5157/spec-5157-55923-0801.fits
5157/spec-5157-55923-0802.fits
5157/spec-5157-55923-0803.fits
5157/spec-5157-55923-0804.fits
5157/spec-5157-55923-0805.fits
5157/spec-5157-55923-0806.fits
5157/spec-5157-55923-0807.fits
5157/spec-5157-55923-0808.fits
5157/spec-5157-55923-0809.fits
5157/spec-5157-55923-0810.fits
5157/spec-5157-55923-0811.fits
5157/spec-5157-55923-0812.fits
5157/spec-5157-55923-0813.fits
5157/spec-5157-55923-0814.fits
5157/spec-5157-55923-0815.fits
5157/spec-5157-55923-0816.fits
5157/spec-5157-55923-0817.fits
5157/spec-5157-55923-0818.fits
5157/spec-5157-55923-0819.fits
5157/spec-5157-55923-0820.fits
5157/spec-5157-55923-0821.fits
5157/spec-5157-55923-0822.fits
5157/spec-5157-55923-0823.fits
5157/spec-5157-55923-0824.fits
5157/spec-5157-55923-0825.fits
5157/spec-5157-55923-0826.fits
5157/spec-5157-55923-0827.fits
5157/spec-5157-55923-0828.fits
5157/spec-5157-55923-0829.fits
5157/spec-5157-55923-0830.fits
5157/spec-5157-55923-0831.fits
5157/spec-5157-55923-0832.fits
5157/spec-5157-55923-0833.fits
5157/spec-5157-55923-0834.fits
5157/spec-5157-55923-0835.fits
5157/spec-5157-55923-0836.fits
5157/spec-5157-55923-0837.fits
5157/spec-5157-55923-0838.fits
5157/spec-5157-55923-0839.fits
5157/spec-5157-55923-0840.fits
5157/spec-5157-55923-0841.fits
5157/spec-5157-55923-0842.fits
5157/spec-5157-55923-0843.fits
5157/spec-5157-55923-0844.fits
5157/spec-5157-55923-0845.fits
5157/spec-5157-55923-0846.fits
5157/spec-5157-55923-0847.fits
5157/spec-5157-55923-0848.fits
5157/spec-5157-55923-0849.fits
5157/spec-5157-55923-0850.fits
5157/spec-5157-55923-0851.fits
5157/spec-5157-55923-0852.fits
5157/spec-5157-55923-0853.fits
5157/spec-5157-55923-0854.fits
5157/spec-5157-55923-0855.fits
5157/spec-5157-55923-0856.fits
5157/spec-5157-55923-0857.fits
5157/spec-5157-55923-0858.fits
5157/spec-5157-55923-0859.fits
5157/spec-5157-55923-0860.fits
5157/spec-5157-55923-0861.fits
5157/spec-5157-55923-0862.fits
5157/spec-5157-55923-0863.fits
5157/spec-5157-55923-0864.fits
5157/spec-5157-55923-0865.fits
5157/spec-5157-55923-0866.fits
5157/spec-5157-55923-0867.fits
5157/spec-5157-55923-0868.fits
5157/spec-5157-55923-0869.fits
5157/spec-5157-55923-0870.fits
5157/spec-5157-55923-0871.fits
5157/spec-5157-55923-0872.fits
5157/spec-5157-55923-0873.fits
5157/spec-5157-55923-0874.fits
5157/spec-5157-55923-0875.fits
5157/spec-5157-55923-0876.fits
5157/spec-5157-55923-0877.fits
5157/spec-5157-55923-0878.fits
5157/spec-5157-55923-0879.fits
5157/spec-5157-55923-0880.fits
5157/spec-5157-55923-0881.fits
5157/spec-5157-55923-0882.fits
5157/spec-5157-55923-0883.fits
5157/spec-5157-55923-0884.fits
5157/spec-5157-55923-0885.fits
5157/spec-5157-55923-0886.fits
5157/spec-5157-55923-0887.fits
5157/spec-5157-55923-0888.fits
5157/spec-5157-55923-0889.fits
5157/spec-5157-55923-0890.fits
5157/spec-5157-55923-0891.fits
5157/spec-5157-55923-0892.fits
5157/spec-5157-55923-0893.fits
5157/spec-5157-55923-0894.fits
5157/spec-5157-55923-0895.fits
5157/spec-5157-55923-0896.fits
5157/spec-5157-55923-0897.fits
5157/spec-5157-55923-0898.fits
5157/spec-5157-55923-0899.fits
5157/spec-5157-55923-0900.fits
5157/spec-5157-55923-0901.fits
5157/spec-5157-55923-0902.fits
5157/spec-5157-55923-0903.fits
5157/spec-5157-55923-0904.fits
5157/spec-5157-55923-0905.fits
5157/spec-5157-55923-0906.fits
5157/spec-5157-55923-0907.fits
5157/spec-5157-55923-0908.fits
5157/spec-5157-55923-0909.fits
5157/spec-5157-55923-0910.fits
5157/spec-5157-55923-0911.fits
5157/spec-5157-55923-0912.fits
5157/spec-5157-55923-0913.fits
5157/spec-5157-55923-0914.fits
5157/spec-5157-55923-0915.fits
5157/spec-5157-55923-0916.fits
5157/spec-5157-55923-0917.fits
5157/spec-5157-55923-0918.fits
5157/spec-5157-55923-0919.fits
5157/spec-5157-55923-0920.fits
5157/spec-5157-55923-0921.fits
5157/spec-5157-55923-0922.fits
5157/spec-5157-55923-0923.fits
5157/spec-5157-55923-0924.fits
5157/spec-5157-55923-0925.fits
5157/spec-5157-55923-0926.fits
5157/spec-5157-55923-0927.fits
5157/spec-5157-55923-0928.fits
5157/spec-5157-55923-0929.fits
5157/spec-5157-55923-0930.fits
5157/spec-5157-55923-0931.fits
5157/spec-5157-55923-0932.fits
5157/spec-5157-55923-0933.fits
5157/spec-5157-55923-0934.fits
5157/spec-5157-55923-0935.fits
5157/spec-5157-55923-0936.fits
5157/spec-5157-55923-0937.fits
5157/spec-5157-55923-0938.fits
5157/spec-5157-55923-0939.fits
5157/spec-5157-55923-0940.fits
5157/spec-5157-55923-0941.fits
5157/spec-5157-55923-0942.fits
5157/spec-5157-55923-0943.fits
5157/spec-5157-55923-0944.fits
5157/spec-5157-55923-0945.fits
5157/spec-5157-55923-0946.fits
5157/spec-5157-55923-0947.fits
5157/spec-5157-55923-0948.fits
5157/spec-5157-55923-0949.fits
5157/spec-5157-55923-0950.fits
5157/spec-5157-55923-0951.fits
5157/spec-5157-55923-0952.fits
5157/spec-5157-55923-0953.fits
5157/spec-5157-55923-0954.fits
5157/spec-5157-55923-0955.fits
5157/spec-5157-55923-0956.fits
5157/spec-5157-55923-0957.fits
5157/spec-5157-55923-0958.fits
5157/spec-5157-55923-0959.fits
5157/spec-5157-55923-0960.fits
5157/spec-5157-55923-0961.fits
5157/spec-5157-55923-0962.fits
5157/spec-5157-55923-0963.fits
5157/spec-5157-55923-0964.fits
5157/spec-5157-55923-0965.fits
5157/spec-5157-55923-0966.fits
5157/spec-5157-55923-0967.fits
5157/spec-5157-55923-0968.fits
5157/spec-5157-55923-0969.fits
5157/spec-5157-55923-0970.fits
5157/spec-5157-55923-0971.fits
5157/spec-5157-55923-0972.fits
5157/spec-5157-55923-0973.fits
5157/spec-5157-55923-0974.fits
5157/spec-5157-55923-0975.fits
5157/spec-5157-55923-0976.fits
5157/spec-5157-55923-0977.fits
5157/spec-5157-55923-0978.fits
5157/spec-5157-55923-0979.fits
5157/spec-5157-55923-0980.fits
5157/spec-5157-55923-0981.fits
5157/spec-5157-55923-0982.fits
5157/spec-5157-55923-0983.fits
5157/spec-5157-55923-0984.fits
5157/spec-5157-55923-0985.fits
5157/spec-5157-55923-0986.fits
5157/spec-5157-55923-0987.fits
5157/spec-5157-55923-0988.fits
5157/spec-5157-55923-0989.fits
5157/spec-5157-55923-0990.fits
5157/spec-5157-55923-0991.fits
5157/spec-5157-55923-0992.fits
5157/spec-5157-55923-0993.fits
5157/spec-5157-55923-0994.fits
5157/spec-5157-55923-0995.fits
5157/spec-5157-55923-0996.fits
5157/spec-5157-55923-0997.fits
5157/spec-5157-55923-0998.fits
5157/spec-5157-55923-0999.fits
5157/spec-5157-55923-1000.fits
/var/lib/condor/execute/slot1/dir_36507
5157 5157.tgz R R361.tar.gz _condor_stderr _condor_stdout cB58_Lyman_break.fit condor_exec.exe hw4.R packages packages.tar.gz tmp var
[1] "Loaded package astro."
[1] 1000
5157 5157.csv 5157.tgz R R361.tar.gz _condor_stderr _condor_stdout cB58_Lyman_break.fit condor_exec.exe hw4.R packages packages.tar.gz tmp var
