5160
5160/
5160/spec-5160-55895-0001.fits
5160/spec-5160-55895-0002.fits
5160/spec-5160-55895-0003.fits
5160/spec-5160-55895-0004.fits
5160/spec-5160-55895-0005.fits
5160/spec-5160-55895-0006.fits
5160/spec-5160-55895-0007.fits
5160/spec-5160-55895-0008.fits
5160/spec-5160-55895-0009.fits
5160/spec-5160-55895-0010.fits
5160/spec-5160-55895-0011.fits
5160/spec-5160-55895-0012.fits
5160/spec-5160-55895-0013.fits
5160/spec-5160-55895-0014.fits
5160/spec-5160-55895-0015.fits
5160/spec-5160-55895-0016.fits
5160/spec-5160-55895-0017.fits
5160/spec-5160-55895-0018.fits
5160/spec-5160-55895-0019.fits
5160/spec-5160-55895-0020.fits
5160/spec-5160-55895-0021.fits
5160/spec-5160-55895-0022.fits
5160/spec-5160-55895-0023.fits
5160/spec-5160-55895-0024.fits
5160/spec-5160-55895-0025.fits
5160/spec-5160-55895-0026.fits
5160/spec-5160-55895-0027.fits
5160/spec-5160-55895-0028.fits
5160/spec-5160-55895-0029.fits
5160/spec-5160-55895-0030.fits
5160/spec-5160-55895-0031.fits
5160/spec-5160-55895-0032.fits
5160/spec-5160-55895-0033.fits
5160/spec-5160-55895-0034.fits
5160/spec-5160-55895-0035.fits
5160/spec-5160-55895-0036.fits
5160/spec-5160-55895-0037.fits
5160/spec-5160-55895-0038.fits
5160/spec-5160-55895-0039.fits
5160/spec-5160-55895-0040.fits
5160/spec-5160-55895-0041.fits
5160/spec-5160-55895-0042.fits
5160/spec-5160-55895-0043.fits
5160/spec-5160-55895-0044.fits
5160/spec-5160-55895-0045.fits
5160/spec-5160-55895-0046.fits
5160/spec-5160-55895-0047.fits
5160/spec-5160-55895-0048.fits
5160/spec-5160-55895-0049.fits
5160/spec-5160-55895-0050.fits
5160/spec-5160-55895-0051.fits
5160/spec-5160-55895-0052.fits
5160/spec-5160-55895-0053.fits
5160/spec-5160-55895-0054.fits
5160/spec-5160-55895-0055.fits
5160/spec-5160-55895-0056.fits
5160/spec-5160-55895-0057.fits
5160/spec-5160-55895-0058.fits
5160/spec-5160-55895-0059.fits
5160/spec-5160-55895-0060.fits
5160/spec-5160-55895-0061.fits
5160/spec-5160-55895-0062.fits
5160/spec-5160-55895-0063.fits
5160/spec-5160-55895-0064.fits
5160/spec-5160-55895-0065.fits
5160/spec-5160-55895-0066.fits
5160/spec-5160-55895-0067.fits
5160/spec-5160-55895-0068.fits
5160/spec-5160-55895-0069.fits
5160/spec-5160-55895-0070.fits
5160/spec-5160-55895-0071.fits
5160/spec-5160-55895-0072.fits
5160/spec-5160-55895-0073.fits
5160/spec-5160-55895-0074.fits
5160/spec-5160-55895-0075.fits
5160/spec-5160-55895-0076.fits
5160/spec-5160-55895-0077.fits
5160/spec-5160-55895-0078.fits
5160/spec-5160-55895-0079.fits
5160/spec-5160-55895-0080.fits
5160/spec-5160-55895-0081.fits
5160/spec-5160-55895-0082.fits
5160/spec-5160-55895-0083.fits
5160/spec-5160-55895-0084.fits
5160/spec-5160-55895-0085.fits
5160/spec-5160-55895-0086.fits
5160/spec-5160-55895-0087.fits
5160/spec-5160-55895-0088.fits
5160/spec-5160-55895-0089.fits
5160/spec-5160-55895-0090.fits
5160/spec-5160-55895-0091.fits
5160/spec-5160-55895-0092.fits
5160/spec-5160-55895-0093.fits
5160/spec-5160-55895-0094.fits
5160/spec-5160-55895-0095.fits
5160/spec-5160-55895-0096.fits
5160/spec-5160-55895-0097.fits
5160/spec-5160-55895-0098.fits
5160/spec-5160-55895-0099.fits
5160/spec-5160-55895-0100.fits
5160/spec-5160-55895-0101.fits
5160/spec-5160-55895-0102.fits
5160/spec-5160-55895-0103.fits
5160/spec-5160-55895-0104.fits
5160/spec-5160-55895-0105.fits
5160/spec-5160-55895-0106.fits
5160/spec-5160-55895-0107.fits
5160/spec-5160-55895-0108.fits
5160/spec-5160-55895-0109.fits
5160/spec-5160-55895-0110.fits
5160/spec-5160-55895-0111.fits
5160/spec-5160-55895-0112.fits
5160/spec-5160-55895-0113.fits
5160/spec-5160-55895-0114.fits
5160/spec-5160-55895-0115.fits
5160/spec-5160-55895-0116.fits
5160/spec-5160-55895-0117.fits
5160/spec-5160-55895-0118.fits
5160/spec-5160-55895-0119.fits
5160/spec-5160-55895-0120.fits
5160/spec-5160-55895-0121.fits
5160/spec-5160-55895-0122.fits
5160/spec-5160-55895-0123.fits
5160/spec-5160-55895-0124.fits
5160/spec-5160-55895-0125.fits
5160/spec-5160-55895-0126.fits
5160/spec-5160-55895-0127.fits
5160/spec-5160-55895-0128.fits
5160/spec-5160-55895-0129.fits
5160/spec-5160-55895-0130.fits
5160/spec-5160-55895-0131.fits
5160/spec-5160-55895-0132.fits
5160/spec-5160-55895-0133.fits
5160/spec-5160-55895-0134.fits
5160/spec-5160-55895-0135.fits
5160/spec-5160-55895-0136.fits
5160/spec-5160-55895-0137.fits
5160/spec-5160-55895-0138.fits
5160/spec-5160-55895-0139.fits
5160/spec-5160-55895-0140.fits
5160/spec-5160-55895-0141.fits
5160/spec-5160-55895-0142.fits
5160/spec-5160-55895-0143.fits
5160/spec-5160-55895-0144.fits
5160/spec-5160-55895-0145.fits
5160/spec-5160-55895-0146.fits
5160/spec-5160-55895-0147.fits
5160/spec-5160-55895-0148.fits
5160/spec-5160-55895-0149.fits
5160/spec-5160-55895-0150.fits
5160/spec-5160-55895-0151.fits
5160/spec-5160-55895-0152.fits
5160/spec-5160-55895-0153.fits
5160/spec-5160-55895-0154.fits
5160/spec-5160-55895-0155.fits
5160/spec-5160-55895-0156.fits
5160/spec-5160-55895-0157.fits
5160/spec-5160-55895-0158.fits
5160/spec-5160-55895-0159.fits
5160/spec-5160-55895-0160.fits
5160/spec-5160-55895-0161.fits
5160/spec-5160-55895-0162.fits
5160/spec-5160-55895-0163.fits
5160/spec-5160-55895-0164.fits
5160/spec-5160-55895-0165.fits
5160/spec-5160-55895-0166.fits
5160/spec-5160-55895-0167.fits
5160/spec-5160-55895-0168.fits
5160/spec-5160-55895-0169.fits
5160/spec-5160-55895-0170.fits
5160/spec-5160-55895-0171.fits
5160/spec-5160-55895-0172.fits
5160/spec-5160-55895-0173.fits
5160/spec-5160-55895-0174.fits
5160/spec-5160-55895-0175.fits
5160/spec-5160-55895-0176.fits
5160/spec-5160-55895-0177.fits
5160/spec-5160-55895-0178.fits
5160/spec-5160-55895-0179.fits
5160/spec-5160-55895-0180.fits
5160/spec-5160-55895-0181.fits
5160/spec-5160-55895-0182.fits
5160/spec-5160-55895-0183.fits
5160/spec-5160-55895-0184.fits
5160/spec-5160-55895-0185.fits
5160/spec-5160-55895-0186.fits
5160/spec-5160-55895-0187.fits
5160/spec-5160-55895-0188.fits
5160/spec-5160-55895-0189.fits
5160/spec-5160-55895-0190.fits
5160/spec-5160-55895-0191.fits
5160/spec-5160-55895-0192.fits
5160/spec-5160-55895-0193.fits
5160/spec-5160-55895-0194.fits
5160/spec-5160-55895-0195.fits
5160/spec-5160-55895-0196.fits
5160/spec-5160-55895-0197.fits
5160/spec-5160-55895-0198.fits
5160/spec-5160-55895-0199.fits
5160/spec-5160-55895-0200.fits
5160/spec-5160-55895-0201.fits
5160/spec-5160-55895-0202.fits
5160/spec-5160-55895-0203.fits
5160/spec-5160-55895-0204.fits
5160/spec-5160-55895-0205.fits
5160/spec-5160-55895-0206.fits
5160/spec-5160-55895-0207.fits
5160/spec-5160-55895-0208.fits
5160/spec-5160-55895-0209.fits
5160/spec-5160-55895-0210.fits
5160/spec-5160-55895-0211.fits
5160/spec-5160-55895-0212.fits
5160/spec-5160-55895-0213.fits
5160/spec-5160-55895-0214.fits
5160/spec-5160-55895-0215.fits
5160/spec-5160-55895-0216.fits
5160/spec-5160-55895-0217.fits
5160/spec-5160-55895-0218.fits
5160/spec-5160-55895-0219.fits
5160/spec-5160-55895-0220.fits
5160/spec-5160-55895-0221.fits
5160/spec-5160-55895-0222.fits
5160/spec-5160-55895-0223.fits
5160/spec-5160-55895-0224.fits
5160/spec-5160-55895-0225.fits
5160/spec-5160-55895-0226.fits
5160/spec-5160-55895-0227.fits
5160/spec-5160-55895-0228.fits
5160/spec-5160-55895-0229.fits
5160/spec-5160-55895-0230.fits
5160/spec-5160-55895-0231.fits
5160/spec-5160-55895-0232.fits
5160/spec-5160-55895-0233.fits
5160/spec-5160-55895-0234.fits
5160/spec-5160-55895-0235.fits
5160/spec-5160-55895-0236.fits
5160/spec-5160-55895-0237.fits
5160/spec-5160-55895-0238.fits
5160/spec-5160-55895-0239.fits
5160/spec-5160-55895-0240.fits
5160/spec-5160-55895-0241.fits
5160/spec-5160-55895-0242.fits
5160/spec-5160-55895-0243.fits
5160/spec-5160-55895-0244.fits
5160/spec-5160-55895-0245.fits
5160/spec-5160-55895-0246.fits
5160/spec-5160-55895-0247.fits
5160/spec-5160-55895-0248.fits
5160/spec-5160-55895-0249.fits
5160/spec-5160-55895-0250.fits
5160/spec-5160-55895-0251.fits
5160/spec-5160-55895-0252.fits
5160/spec-5160-55895-0253.fits
5160/spec-5160-55895-0254.fits
5160/spec-5160-55895-0255.fits
5160/spec-5160-55895-0256.fits
5160/spec-5160-55895-0257.fits
5160/spec-5160-55895-0258.fits
5160/spec-5160-55895-0259.fits
5160/spec-5160-55895-0260.fits
5160/spec-5160-55895-0261.fits
5160/spec-5160-55895-0262.fits
5160/spec-5160-55895-0263.fits
5160/spec-5160-55895-0264.fits
5160/spec-5160-55895-0265.fits
5160/spec-5160-55895-0266.fits
5160/spec-5160-55895-0267.fits
5160/spec-5160-55895-0268.fits
5160/spec-5160-55895-0269.fits
5160/spec-5160-55895-0270.fits
5160/spec-5160-55895-0271.fits
5160/spec-5160-55895-0272.fits
5160/spec-5160-55895-0273.fits
5160/spec-5160-55895-0274.fits
5160/spec-5160-55895-0275.fits
5160/spec-5160-55895-0276.fits
5160/spec-5160-55895-0277.fits
5160/spec-5160-55895-0278.fits
5160/spec-5160-55895-0279.fits
5160/spec-5160-55895-0280.fits
5160/spec-5160-55895-0281.fits
5160/spec-5160-55895-0282.fits
5160/spec-5160-55895-0283.fits
5160/spec-5160-55895-0284.fits
5160/spec-5160-55895-0285.fits
5160/spec-5160-55895-0286.fits
5160/spec-5160-55895-0287.fits
5160/spec-5160-55895-0288.fits
5160/spec-5160-55895-0289.fits
5160/spec-5160-55895-0290.fits
5160/spec-5160-55895-0291.fits
5160/spec-5160-55895-0292.fits
5160/spec-5160-55895-0293.fits
5160/spec-5160-55895-0294.fits
5160/spec-5160-55895-0295.fits
5160/spec-5160-55895-0296.fits
5160/spec-5160-55895-0297.fits
5160/spec-5160-55895-0298.fits
5160/spec-5160-55895-0299.fits
5160/spec-5160-55895-0300.fits
5160/spec-5160-55895-0301.fits
5160/spec-5160-55895-0302.fits
5160/spec-5160-55895-0303.fits
5160/spec-5160-55895-0304.fits
5160/spec-5160-55895-0305.fits
5160/spec-5160-55895-0306.fits
5160/spec-5160-55895-0307.fits
5160/spec-5160-55895-0308.fits
5160/spec-5160-55895-0309.fits
5160/spec-5160-55895-0310.fits
5160/spec-5160-55895-0311.fits
5160/spec-5160-55895-0312.fits
5160/spec-5160-55895-0313.fits
5160/spec-5160-55895-0314.fits
5160/spec-5160-55895-0315.fits
5160/spec-5160-55895-0316.fits
5160/spec-5160-55895-0317.fits
5160/spec-5160-55895-0318.fits
5160/spec-5160-55895-0319.fits
5160/spec-5160-55895-0320.fits
5160/spec-5160-55895-0321.fits
5160/spec-5160-55895-0322.fits
5160/spec-5160-55895-0323.fits
5160/spec-5160-55895-0324.fits
5160/spec-5160-55895-0325.fits
5160/spec-5160-55895-0326.fits
5160/spec-5160-55895-0327.fits
5160/spec-5160-55895-0328.fits
5160/spec-5160-55895-0329.fits
5160/spec-5160-55895-0330.fits
5160/spec-5160-55895-0331.fits
5160/spec-5160-55895-0332.fits
5160/spec-5160-55895-0333.fits
5160/spec-5160-55895-0334.fits
5160/spec-5160-55895-0335.fits
5160/spec-5160-55895-0336.fits
5160/spec-5160-55895-0337.fits
5160/spec-5160-55895-0338.fits
5160/spec-5160-55895-0339.fits
5160/spec-5160-55895-0340.fits
5160/spec-5160-55895-0341.fits
5160/spec-5160-55895-0342.fits
5160/spec-5160-55895-0343.fits
5160/spec-5160-55895-0344.fits
5160/spec-5160-55895-0345.fits
5160/spec-5160-55895-0346.fits
5160/spec-5160-55895-0347.fits
5160/spec-5160-55895-0348.fits
5160/spec-5160-55895-0349.fits
5160/spec-5160-55895-0350.fits
5160/spec-5160-55895-0351.fits
5160/spec-5160-55895-0352.fits
5160/spec-5160-55895-0353.fits
5160/spec-5160-55895-0354.fits
5160/spec-5160-55895-0355.fits
5160/spec-5160-55895-0356.fits
5160/spec-5160-55895-0357.fits
5160/spec-5160-55895-0358.fits
5160/spec-5160-55895-0359.fits
5160/spec-5160-55895-0360.fits
5160/spec-5160-55895-0361.fits
5160/spec-5160-55895-0362.fits
5160/spec-5160-55895-0363.fits
5160/spec-5160-55895-0364.fits
5160/spec-5160-55895-0365.fits
5160/spec-5160-55895-0366.fits
5160/spec-5160-55895-0367.fits
5160/spec-5160-55895-0368.fits
5160/spec-5160-55895-0369.fits
5160/spec-5160-55895-0370.fits
5160/spec-5160-55895-0371.fits
5160/spec-5160-55895-0372.fits
5160/spec-5160-55895-0373.fits
5160/spec-5160-55895-0374.fits
5160/spec-5160-55895-0375.fits
5160/spec-5160-55895-0376.fits
5160/spec-5160-55895-0377.fits
5160/spec-5160-55895-0378.fits
5160/spec-5160-55895-0379.fits
5160/spec-5160-55895-0380.fits
5160/spec-5160-55895-0381.fits
5160/spec-5160-55895-0382.fits
5160/spec-5160-55895-0383.fits
5160/spec-5160-55895-0384.fits
5160/spec-5160-55895-0385.fits
5160/spec-5160-55895-0386.fits
5160/spec-5160-55895-0387.fits
5160/spec-5160-55895-0388.fits
5160/spec-5160-55895-0389.fits
5160/spec-5160-55895-0390.fits
5160/spec-5160-55895-0391.fits
5160/spec-5160-55895-0392.fits
5160/spec-5160-55895-0393.fits
5160/spec-5160-55895-0394.fits
5160/spec-5160-55895-0395.fits
5160/spec-5160-55895-0396.fits
5160/spec-5160-55895-0397.fits
5160/spec-5160-55895-0398.fits
5160/spec-5160-55895-0399.fits
5160/spec-5160-55895-0400.fits
5160/spec-5160-55895-0401.fits
5160/spec-5160-55895-0402.fits
5160/spec-5160-55895-0403.fits
5160/spec-5160-55895-0404.fits
5160/spec-5160-55895-0405.fits
5160/spec-5160-55895-0406.fits
5160/spec-5160-55895-0407.fits
5160/spec-5160-55895-0408.fits
5160/spec-5160-55895-0409.fits
5160/spec-5160-55895-0410.fits
5160/spec-5160-55895-0411.fits
5160/spec-5160-55895-0412.fits
5160/spec-5160-55895-0413.fits
5160/spec-5160-55895-0414.fits
5160/spec-5160-55895-0415.fits
5160/spec-5160-55895-0416.fits
5160/spec-5160-55895-0417.fits
5160/spec-5160-55895-0418.fits
5160/spec-5160-55895-0419.fits
5160/spec-5160-55895-0420.fits
5160/spec-5160-55895-0421.fits
5160/spec-5160-55895-0422.fits
5160/spec-5160-55895-0423.fits
5160/spec-5160-55895-0424.fits
5160/spec-5160-55895-0425.fits
5160/spec-5160-55895-0426.fits
5160/spec-5160-55895-0427.fits
5160/spec-5160-55895-0428.fits
5160/spec-5160-55895-0429.fits
5160/spec-5160-55895-0430.fits
5160/spec-5160-55895-0431.fits
5160/spec-5160-55895-0432.fits
5160/spec-5160-55895-0433.fits
5160/spec-5160-55895-0434.fits
5160/spec-5160-55895-0435.fits
5160/spec-5160-55895-0436.fits
5160/spec-5160-55895-0437.fits
5160/spec-5160-55895-0438.fits
5160/spec-5160-55895-0439.fits
5160/spec-5160-55895-0440.fits
5160/spec-5160-55895-0441.fits
5160/spec-5160-55895-0442.fits
5160/spec-5160-55895-0443.fits
5160/spec-5160-55895-0444.fits
5160/spec-5160-55895-0445.fits
5160/spec-5160-55895-0446.fits
5160/spec-5160-55895-0447.fits
5160/spec-5160-55895-0448.fits
5160/spec-5160-55895-0449.fits
5160/spec-5160-55895-0450.fits
5160/spec-5160-55895-0451.fits
5160/spec-5160-55895-0452.fits
5160/spec-5160-55895-0453.fits
5160/spec-5160-55895-0454.fits
5160/spec-5160-55895-0455.fits
5160/spec-5160-55895-0456.fits
5160/spec-5160-55895-0457.fits
5160/spec-5160-55895-0458.fits
5160/spec-5160-55895-0459.fits
5160/spec-5160-55895-0460.fits
5160/spec-5160-55895-0461.fits
5160/spec-5160-55895-0462.fits
5160/spec-5160-55895-0463.fits
5160/spec-5160-55895-0464.fits
5160/spec-5160-55895-0465.fits
5160/spec-5160-55895-0466.fits
5160/spec-5160-55895-0467.fits
5160/spec-5160-55895-0468.fits
5160/spec-5160-55895-0469.fits
5160/spec-5160-55895-0470.fits
5160/spec-5160-55895-0471.fits
5160/spec-5160-55895-0472.fits
5160/spec-5160-55895-0473.fits
5160/spec-5160-55895-0474.fits
5160/spec-5160-55895-0475.fits
5160/spec-5160-55895-0476.fits
5160/spec-5160-55895-0477.fits
5160/spec-5160-55895-0478.fits
5160/spec-5160-55895-0479.fits
5160/spec-5160-55895-0480.fits
5160/spec-5160-55895-0481.fits
5160/spec-5160-55895-0482.fits
5160/spec-5160-55895-0483.fits
5160/spec-5160-55895-0484.fits
5160/spec-5160-55895-0485.fits
5160/spec-5160-55895-0486.fits
5160/spec-5160-55895-0487.fits
5160/spec-5160-55895-0488.fits
5160/spec-5160-55895-0489.fits
5160/spec-5160-55895-0490.fits
5160/spec-5160-55895-0491.fits
5160/spec-5160-55895-0492.fits
5160/spec-5160-55895-0493.fits
5160/spec-5160-55895-0494.fits
5160/spec-5160-55895-0495.fits
5160/spec-5160-55895-0496.fits
5160/spec-5160-55895-0497.fits
5160/spec-5160-55895-0498.fits
5160/spec-5160-55895-0499.fits
5160/spec-5160-55895-0500.fits
5160/spec-5160-55895-0501.fits
5160/spec-5160-55895-0502.fits
5160/spec-5160-55895-0503.fits
5160/spec-5160-55895-0504.fits
5160/spec-5160-55895-0505.fits
5160/spec-5160-55895-0506.fits
5160/spec-5160-55895-0507.fits
5160/spec-5160-55895-0508.fits
5160/spec-5160-55895-0509.fits
5160/spec-5160-55895-0510.fits
5160/spec-5160-55895-0511.fits
5160/spec-5160-55895-0512.fits
5160/spec-5160-55895-0513.fits
5160/spec-5160-55895-0514.fits
5160/spec-5160-55895-0515.fits
5160/spec-5160-55895-0516.fits
5160/spec-5160-55895-0517.fits
5160/spec-5160-55895-0518.fits
5160/spec-5160-55895-0519.fits
5160/spec-5160-55895-0520.fits
5160/spec-5160-55895-0521.fits
5160/spec-5160-55895-0522.fits
5160/spec-5160-55895-0523.fits
5160/spec-5160-55895-0524.fits
5160/spec-5160-55895-0525.fits
5160/spec-5160-55895-0526.fits
5160/spec-5160-55895-0527.fits
5160/spec-5160-55895-0528.fits
5160/spec-5160-55895-0529.fits
5160/spec-5160-55895-0530.fits
5160/spec-5160-55895-0531.fits
5160/spec-5160-55895-0532.fits
5160/spec-5160-55895-0533.fits
5160/spec-5160-55895-0534.fits
5160/spec-5160-55895-0535.fits
5160/spec-5160-55895-0536.fits
5160/spec-5160-55895-0537.fits
5160/spec-5160-55895-0538.fits
5160/spec-5160-55895-0539.fits
5160/spec-5160-55895-0540.fits
5160/spec-5160-55895-0541.fits
5160/spec-5160-55895-0542.fits
5160/spec-5160-55895-0543.fits
5160/spec-5160-55895-0544.fits
5160/spec-5160-55895-0545.fits
5160/spec-5160-55895-0546.fits
5160/spec-5160-55895-0547.fits
5160/spec-5160-55895-0548.fits
5160/spec-5160-55895-0549.fits
5160/spec-5160-55895-0550.fits
5160/spec-5160-55895-0551.fits
5160/spec-5160-55895-0552.fits
5160/spec-5160-55895-0553.fits
5160/spec-5160-55895-0554.fits
5160/spec-5160-55895-0555.fits
5160/spec-5160-55895-0556.fits
5160/spec-5160-55895-0557.fits
5160/spec-5160-55895-0558.fits
5160/spec-5160-55895-0559.fits
5160/spec-5160-55895-0560.fits
5160/spec-5160-55895-0561.fits
5160/spec-5160-55895-0562.fits
5160/spec-5160-55895-0563.fits
5160/spec-5160-55895-0564.fits
5160/spec-5160-55895-0565.fits
5160/spec-5160-55895-0566.fits
5160/spec-5160-55895-0567.fits
5160/spec-5160-55895-0568.fits
5160/spec-5160-55895-0569.fits
5160/spec-5160-55895-0570.fits
5160/spec-5160-55895-0571.fits
5160/spec-5160-55895-0572.fits
5160/spec-5160-55895-0573.fits
5160/spec-5160-55895-0574.fits
5160/spec-5160-55895-0575.fits
5160/spec-5160-55895-0576.fits
5160/spec-5160-55895-0577.fits
5160/spec-5160-55895-0578.fits
5160/spec-5160-55895-0579.fits
5160/spec-5160-55895-0580.fits
5160/spec-5160-55895-0581.fits
5160/spec-5160-55895-0582.fits
5160/spec-5160-55895-0583.fits
5160/spec-5160-55895-0584.fits
5160/spec-5160-55895-0585.fits
5160/spec-5160-55895-0586.fits
5160/spec-5160-55895-0587.fits
5160/spec-5160-55895-0588.fits
5160/spec-5160-55895-0589.fits
5160/spec-5160-55895-0590.fits
5160/spec-5160-55895-0591.fits
5160/spec-5160-55895-0592.fits
5160/spec-5160-55895-0593.fits
5160/spec-5160-55895-0594.fits
5160/spec-5160-55895-0595.fits
5160/spec-5160-55895-0596.fits
5160/spec-5160-55895-0597.fits
5160/spec-5160-55895-0598.fits
5160/spec-5160-55895-0599.fits
5160/spec-5160-55895-0600.fits
5160/spec-5160-55895-0601.fits
5160/spec-5160-55895-0602.fits
5160/spec-5160-55895-0603.fits
5160/spec-5160-55895-0604.fits
5160/spec-5160-55895-0605.fits
5160/spec-5160-55895-0606.fits
5160/spec-5160-55895-0607.fits
5160/spec-5160-55895-0608.fits
5160/spec-5160-55895-0609.fits
5160/spec-5160-55895-0610.fits
5160/spec-5160-55895-0611.fits
5160/spec-5160-55895-0612.fits
5160/spec-5160-55895-0613.fits
5160/spec-5160-55895-0614.fits
5160/spec-5160-55895-0615.fits
5160/spec-5160-55895-0616.fits
5160/spec-5160-55895-0617.fits
5160/spec-5160-55895-0618.fits
5160/spec-5160-55895-0619.fits
5160/spec-5160-55895-0620.fits
5160/spec-5160-55895-0621.fits
5160/spec-5160-55895-0622.fits
5160/spec-5160-55895-0623.fits
5160/spec-5160-55895-0624.fits
5160/spec-5160-55895-0625.fits
5160/spec-5160-55895-0626.fits
5160/spec-5160-55895-0627.fits
5160/spec-5160-55895-0628.fits
5160/spec-5160-55895-0629.fits
5160/spec-5160-55895-0630.fits
5160/spec-5160-55895-0631.fits
5160/spec-5160-55895-0632.fits
5160/spec-5160-55895-0633.fits
5160/spec-5160-55895-0634.fits
5160/spec-5160-55895-0635.fits
5160/spec-5160-55895-0636.fits
5160/spec-5160-55895-0637.fits
5160/spec-5160-55895-0638.fits
5160/spec-5160-55895-0639.fits
5160/spec-5160-55895-0640.fits
5160/spec-5160-55895-0641.fits
5160/spec-5160-55895-0642.fits
5160/spec-5160-55895-0643.fits
5160/spec-5160-55895-0644.fits
5160/spec-5160-55895-0645.fits
5160/spec-5160-55895-0646.fits
5160/spec-5160-55895-0647.fits
5160/spec-5160-55895-0648.fits
5160/spec-5160-55895-0649.fits
5160/spec-5160-55895-0650.fits
5160/spec-5160-55895-0651.fits
5160/spec-5160-55895-0652.fits
5160/spec-5160-55895-0653.fits
5160/spec-5160-55895-0654.fits
5160/spec-5160-55895-0655.fits
5160/spec-5160-55895-0656.fits
5160/spec-5160-55895-0657.fits
5160/spec-5160-55895-0658.fits
5160/spec-5160-55895-0659.fits
5160/spec-5160-55895-0660.fits
5160/spec-5160-55895-0661.fits
5160/spec-5160-55895-0662.fits
5160/spec-5160-55895-0663.fits
5160/spec-5160-55895-0664.fits
5160/spec-5160-55895-0665.fits
5160/spec-5160-55895-0666.fits
5160/spec-5160-55895-0667.fits
5160/spec-5160-55895-0668.fits
5160/spec-5160-55895-0669.fits
5160/spec-5160-55895-0670.fits
5160/spec-5160-55895-0671.fits
5160/spec-5160-55895-0672.fits
5160/spec-5160-55895-0673.fits
5160/spec-5160-55895-0674.fits
5160/spec-5160-55895-0675.fits
5160/spec-5160-55895-0676.fits
5160/spec-5160-55895-0677.fits
5160/spec-5160-55895-0678.fits
5160/spec-5160-55895-0679.fits
5160/spec-5160-55895-0680.fits
5160/spec-5160-55895-0681.fits
5160/spec-5160-55895-0682.fits
5160/spec-5160-55895-0683.fits
5160/spec-5160-55895-0684.fits
5160/spec-5160-55895-0685.fits
5160/spec-5160-55895-0686.fits
5160/spec-5160-55895-0687.fits
5160/spec-5160-55895-0688.fits
5160/spec-5160-55895-0689.fits
5160/spec-5160-55895-0690.fits
5160/spec-5160-55895-0691.fits
5160/spec-5160-55895-0692.fits
5160/spec-5160-55895-0693.fits
5160/spec-5160-55895-0694.fits
5160/spec-5160-55895-0695.fits
5160/spec-5160-55895-0696.fits
5160/spec-5160-55895-0697.fits
5160/spec-5160-55895-0698.fits
5160/spec-5160-55895-0699.fits
5160/spec-5160-55895-0700.fits
5160/spec-5160-55895-0701.fits
5160/spec-5160-55895-0702.fits
5160/spec-5160-55895-0703.fits
5160/spec-5160-55895-0704.fits
5160/spec-5160-55895-0705.fits
5160/spec-5160-55895-0706.fits
5160/spec-5160-55895-0707.fits
5160/spec-5160-55895-0708.fits
5160/spec-5160-55895-0709.fits
5160/spec-5160-55895-0710.fits
5160/spec-5160-55895-0711.fits
5160/spec-5160-55895-0712.fits
5160/spec-5160-55895-0713.fits
5160/spec-5160-55895-0714.fits
5160/spec-5160-55895-0715.fits
5160/spec-5160-55895-0716.fits
5160/spec-5160-55895-0717.fits
5160/spec-5160-55895-0718.fits
5160/spec-5160-55895-0719.fits
5160/spec-5160-55895-0720.fits
5160/spec-5160-55895-0721.fits
5160/spec-5160-55895-0722.fits
5160/spec-5160-55895-0723.fits
5160/spec-5160-55895-0724.fits
5160/spec-5160-55895-0725.fits
5160/spec-5160-55895-0726.fits
5160/spec-5160-55895-0727.fits
5160/spec-5160-55895-0728.fits
5160/spec-5160-55895-0729.fits
5160/spec-5160-55895-0730.fits
5160/spec-5160-55895-0731.fits
5160/spec-5160-55895-0732.fits
5160/spec-5160-55895-0733.fits
5160/spec-5160-55895-0734.fits
5160/spec-5160-55895-0735.fits
5160/spec-5160-55895-0736.fits
5160/spec-5160-55895-0737.fits
5160/spec-5160-55895-0738.fits
5160/spec-5160-55895-0739.fits
5160/spec-5160-55895-0740.fits
5160/spec-5160-55895-0741.fits
5160/spec-5160-55895-0742.fits
5160/spec-5160-55895-0743.fits
5160/spec-5160-55895-0744.fits
5160/spec-5160-55895-0745.fits
5160/spec-5160-55895-0746.fits
5160/spec-5160-55895-0747.fits
5160/spec-5160-55895-0748.fits
5160/spec-5160-55895-0749.fits
5160/spec-5160-55895-0750.fits
5160/spec-5160-55895-0751.fits
5160/spec-5160-55895-0752.fits
5160/spec-5160-55895-0753.fits
5160/spec-5160-55895-0754.fits
5160/spec-5160-55895-0755.fits
5160/spec-5160-55895-0756.fits
5160/spec-5160-55895-0757.fits
5160/spec-5160-55895-0758.fits
5160/spec-5160-55895-0759.fits
5160/spec-5160-55895-0760.fits
5160/spec-5160-55895-0761.fits
5160/spec-5160-55895-0762.fits
5160/spec-5160-55895-0763.fits
5160/spec-5160-55895-0764.fits
5160/spec-5160-55895-0765.fits
5160/spec-5160-55895-0766.fits
5160/spec-5160-55895-0767.fits
5160/spec-5160-55895-0768.fits
5160/spec-5160-55895-0769.fits
5160/spec-5160-55895-0770.fits
5160/spec-5160-55895-0771.fits
5160/spec-5160-55895-0772.fits
5160/spec-5160-55895-0773.fits
5160/spec-5160-55895-0774.fits
5160/spec-5160-55895-0775.fits
5160/spec-5160-55895-0776.fits
5160/spec-5160-55895-0777.fits
5160/spec-5160-55895-0778.fits
5160/spec-5160-55895-0779.fits
5160/spec-5160-55895-0780.fits
5160/spec-5160-55895-0781.fits
5160/spec-5160-55895-0782.fits
5160/spec-5160-55895-0783.fits
5160/spec-5160-55895-0784.fits
5160/spec-5160-55895-0785.fits
5160/spec-5160-55895-0786.fits
5160/spec-5160-55895-0787.fits
5160/spec-5160-55895-0788.fits
5160/spec-5160-55895-0789.fits
5160/spec-5160-55895-0790.fits
5160/spec-5160-55895-0791.fits
5160/spec-5160-55895-0792.fits
5160/spec-5160-55895-0793.fits
5160/spec-5160-55895-0794.fits
5160/spec-5160-55895-0795.fits
5160/spec-5160-55895-0796.fits
5160/spec-5160-55895-0797.fits
5160/spec-5160-55895-0798.fits
5160/spec-5160-55895-0799.fits
5160/spec-5160-55895-0800.fits
5160/spec-5160-55895-0801.fits
5160/spec-5160-55895-0802.fits
5160/spec-5160-55895-0803.fits
5160/spec-5160-55895-0804.fits
5160/spec-5160-55895-0805.fits
5160/spec-5160-55895-0806.fits
5160/spec-5160-55895-0807.fits
5160/spec-5160-55895-0808.fits
5160/spec-5160-55895-0809.fits
5160/spec-5160-55895-0810.fits
5160/spec-5160-55895-0811.fits
5160/spec-5160-55895-0812.fits
5160/spec-5160-55895-0813.fits
5160/spec-5160-55895-0814.fits
5160/spec-5160-55895-0815.fits
5160/spec-5160-55895-0816.fits
5160/spec-5160-55895-0817.fits
5160/spec-5160-55895-0818.fits
5160/spec-5160-55895-0819.fits
5160/spec-5160-55895-0820.fits
5160/spec-5160-55895-0821.fits
5160/spec-5160-55895-0822.fits
5160/spec-5160-55895-0823.fits
5160/spec-5160-55895-0824.fits
5160/spec-5160-55895-0825.fits
5160/spec-5160-55895-0826.fits
5160/spec-5160-55895-0827.fits
5160/spec-5160-55895-0828.fits
5160/spec-5160-55895-0829.fits
5160/spec-5160-55895-0830.fits
5160/spec-5160-55895-0831.fits
5160/spec-5160-55895-0832.fits
5160/spec-5160-55895-0833.fits
5160/spec-5160-55895-0834.fits
5160/spec-5160-55895-0835.fits
5160/spec-5160-55895-0836.fits
5160/spec-5160-55895-0837.fits
5160/spec-5160-55895-0838.fits
5160/spec-5160-55895-0839.fits
5160/spec-5160-55895-0840.fits
5160/spec-5160-55895-0841.fits
5160/spec-5160-55895-0842.fits
5160/spec-5160-55895-0843.fits
5160/spec-5160-55895-0844.fits
5160/spec-5160-55895-0845.fits
5160/spec-5160-55895-0846.fits
5160/spec-5160-55895-0847.fits
5160/spec-5160-55895-0848.fits
5160/spec-5160-55895-0849.fits
5160/spec-5160-55895-0850.fits
5160/spec-5160-55895-0851.fits
5160/spec-5160-55895-0852.fits
5160/spec-5160-55895-0853.fits
5160/spec-5160-55895-0854.fits
5160/spec-5160-55895-0855.fits
5160/spec-5160-55895-0856.fits
5160/spec-5160-55895-0857.fits
5160/spec-5160-55895-0858.fits
5160/spec-5160-55895-0859.fits
5160/spec-5160-55895-0860.fits
5160/spec-5160-55895-0861.fits
5160/spec-5160-55895-0862.fits
5160/spec-5160-55895-0863.fits
5160/spec-5160-55895-0864.fits
5160/spec-5160-55895-0865.fits
5160/spec-5160-55895-0866.fits
5160/spec-5160-55895-0867.fits
5160/spec-5160-55895-0868.fits
5160/spec-5160-55895-0869.fits
5160/spec-5160-55895-0870.fits
5160/spec-5160-55895-0871.fits
5160/spec-5160-55895-0872.fits
5160/spec-5160-55895-0873.fits
5160/spec-5160-55895-0874.fits
5160/spec-5160-55895-0875.fits
5160/spec-5160-55895-0876.fits
5160/spec-5160-55895-0877.fits
5160/spec-5160-55895-0878.fits
5160/spec-5160-55895-0879.fits
5160/spec-5160-55895-0880.fits
5160/spec-5160-55895-0881.fits
5160/spec-5160-55895-0882.fits
5160/spec-5160-55895-0883.fits
5160/spec-5160-55895-0884.fits
5160/spec-5160-55895-0885.fits
5160/spec-5160-55895-0886.fits
5160/spec-5160-55895-0887.fits
5160/spec-5160-55895-0888.fits
5160/spec-5160-55895-0889.fits
5160/spec-5160-55895-0890.fits
5160/spec-5160-55895-0891.fits
5160/spec-5160-55895-0892.fits
5160/spec-5160-55895-0893.fits
5160/spec-5160-55895-0894.fits
5160/spec-5160-55895-0895.fits
5160/spec-5160-55895-0896.fits
5160/spec-5160-55895-0897.fits
5160/spec-5160-55895-0898.fits
5160/spec-5160-55895-0899.fits
5160/spec-5160-55895-0900.fits
5160/spec-5160-55895-0901.fits
5160/spec-5160-55895-0902.fits
5160/spec-5160-55895-0903.fits
5160/spec-5160-55895-0904.fits
5160/spec-5160-55895-0905.fits
5160/spec-5160-55895-0906.fits
5160/spec-5160-55895-0907.fits
5160/spec-5160-55895-0908.fits
5160/spec-5160-55895-0909.fits
5160/spec-5160-55895-0910.fits
5160/spec-5160-55895-0911.fits
5160/spec-5160-55895-0912.fits
5160/spec-5160-55895-0913.fits
5160/spec-5160-55895-0914.fits
5160/spec-5160-55895-0915.fits
5160/spec-5160-55895-0916.fits
5160/spec-5160-55895-0917.fits
5160/spec-5160-55895-0918.fits
5160/spec-5160-55895-0919.fits
5160/spec-5160-55895-0920.fits
5160/spec-5160-55895-0921.fits
5160/spec-5160-55895-0922.fits
5160/spec-5160-55895-0923.fits
5160/spec-5160-55895-0924.fits
5160/spec-5160-55895-0925.fits
5160/spec-5160-55895-0926.fits
5160/spec-5160-55895-0927.fits
5160/spec-5160-55895-0928.fits
5160/spec-5160-55895-0929.fits
5160/spec-5160-55895-0930.fits
5160/spec-5160-55895-0931.fits
5160/spec-5160-55895-0932.fits
5160/spec-5160-55895-0933.fits
5160/spec-5160-55895-0934.fits
5160/spec-5160-55895-0935.fits
5160/spec-5160-55895-0936.fits
5160/spec-5160-55895-0937.fits
5160/spec-5160-55895-0938.fits
5160/spec-5160-55895-0939.fits
5160/spec-5160-55895-0940.fits
5160/spec-5160-55895-0941.fits
5160/spec-5160-55895-0942.fits
5160/spec-5160-55895-0943.fits
5160/spec-5160-55895-0944.fits
5160/spec-5160-55895-0945.fits
5160/spec-5160-55895-0946.fits
5160/spec-5160-55895-0947.fits
5160/spec-5160-55895-0948.fits
5160/spec-5160-55895-0949.fits
5160/spec-5160-55895-0950.fits
5160/spec-5160-55895-0951.fits
5160/spec-5160-55895-0952.fits
5160/spec-5160-55895-0953.fits
5160/spec-5160-55895-0954.fits
5160/spec-5160-55895-0955.fits
5160/spec-5160-55895-0956.fits
5160/spec-5160-55895-0957.fits
5160/spec-5160-55895-0958.fits
5160/spec-5160-55895-0959.fits
5160/spec-5160-55895-0960.fits
5160/spec-5160-55895-0961.fits
5160/spec-5160-55895-0962.fits
5160/spec-5160-55895-0963.fits
5160/spec-5160-55895-0964.fits
5160/spec-5160-55895-0965.fits
5160/spec-5160-55895-0966.fits
5160/spec-5160-55895-0967.fits
5160/spec-5160-55895-0968.fits
5160/spec-5160-55895-0969.fits
5160/spec-5160-55895-0970.fits
5160/spec-5160-55895-0971.fits
5160/spec-5160-55895-0972.fits
5160/spec-5160-55895-0973.fits
5160/spec-5160-55895-0974.fits
5160/spec-5160-55895-0975.fits
5160/spec-5160-55895-0976.fits
5160/spec-5160-55895-0977.fits
5160/spec-5160-55895-0978.fits
5160/spec-5160-55895-0979.fits
5160/spec-5160-55895-0980.fits
5160/spec-5160-55895-0981.fits
5160/spec-5160-55895-0982.fits
5160/spec-5160-55895-0983.fits
5160/spec-5160-55895-0984.fits
5160/spec-5160-55895-0985.fits
5160/spec-5160-55895-0986.fits
5160/spec-5160-55895-0987.fits
5160/spec-5160-55895-0988.fits
5160/spec-5160-55895-0989.fits
5160/spec-5160-55895-0990.fits
5160/spec-5160-55895-0991.fits
5160/spec-5160-55895-0992.fits
5160/spec-5160-55895-0993.fits
5160/spec-5160-55895-0994.fits
5160/spec-5160-55895-0995.fits
5160/spec-5160-55895-0996.fits
5160/spec-5160-55895-0997.fits
5160/spec-5160-55895-0998.fits
5160/spec-5160-55895-0999.fits
5160/spec-5160-55895-1000.fits
/var/lib/condor/execute/slot1/dir_8812
5160 5160.tgz R R361.tar.gz _condor_stderr _condor_stdout cB58_Lyman_break.fit condor_exec.exe hw4.R packages packages.tar.gz tmp var
[1] "Loaded package astro."
[1] 1000
5160 5160.csv 5160.tgz R R361.tar.gz _condor_stderr _condor_stdout cB58_Lyman_break.fit condor_exec.exe hw4.R packages packages.tar.gz tmp var
