5189
5189/
5189/spec-5189-56074-0001.fits
5189/spec-5189-56074-0002.fits
5189/spec-5189-56074-0003.fits
5189/spec-5189-56074-0004.fits
5189/spec-5189-56074-0005.fits
5189/spec-5189-56074-0006.fits
5189/spec-5189-56074-0007.fits
5189/spec-5189-56074-0008.fits
5189/spec-5189-56074-0009.fits
5189/spec-5189-56074-0010.fits
5189/spec-5189-56074-0011.fits
5189/spec-5189-56074-0012.fits
5189/spec-5189-56074-0013.fits
5189/spec-5189-56074-0014.fits
5189/spec-5189-56074-0015.fits
5189/spec-5189-56074-0016.fits
5189/spec-5189-56074-0017.fits
5189/spec-5189-56074-0018.fits
5189/spec-5189-56074-0019.fits
5189/spec-5189-56074-0020.fits
5189/spec-5189-56074-0021.fits
5189/spec-5189-56074-0022.fits
5189/spec-5189-56074-0023.fits
5189/spec-5189-56074-0024.fits
5189/spec-5189-56074-0025.fits
5189/spec-5189-56074-0026.fits
5189/spec-5189-56074-0027.fits
5189/spec-5189-56074-0028.fits
5189/spec-5189-56074-0029.fits
5189/spec-5189-56074-0030.fits
5189/spec-5189-56074-0031.fits
5189/spec-5189-56074-0032.fits
5189/spec-5189-56074-0033.fits
5189/spec-5189-56074-0034.fits
5189/spec-5189-56074-0035.fits
5189/spec-5189-56074-0036.fits
5189/spec-5189-56074-0037.fits
5189/spec-5189-56074-0038.fits
5189/spec-5189-56074-0039.fits
5189/spec-5189-56074-0040.fits
5189/spec-5189-56074-0041.fits
5189/spec-5189-56074-0042.fits
5189/spec-5189-56074-0043.fits
5189/spec-5189-56074-0044.fits
5189/spec-5189-56074-0045.fits
5189/spec-5189-56074-0046.fits
5189/spec-5189-56074-0047.fits
5189/spec-5189-56074-0048.fits
5189/spec-5189-56074-0049.fits
5189/spec-5189-56074-0050.fits
5189/spec-5189-56074-0051.fits
5189/spec-5189-56074-0052.fits
5189/spec-5189-56074-0053.fits
5189/spec-5189-56074-0054.fits
5189/spec-5189-56074-0055.fits
5189/spec-5189-56074-0056.fits
5189/spec-5189-56074-0057.fits
5189/spec-5189-56074-0058.fits
5189/spec-5189-56074-0059.fits
5189/spec-5189-56074-0060.fits
5189/spec-5189-56074-0061.fits
5189/spec-5189-56074-0062.fits
5189/spec-5189-56074-0063.fits
5189/spec-5189-56074-0064.fits
5189/spec-5189-56074-0065.fits
5189/spec-5189-56074-0066.fits
5189/spec-5189-56074-0067.fits
5189/spec-5189-56074-0068.fits
5189/spec-5189-56074-0069.fits
5189/spec-5189-56074-0070.fits
5189/spec-5189-56074-0071.fits
5189/spec-5189-56074-0072.fits
5189/spec-5189-56074-0073.fits
5189/spec-5189-56074-0074.fits
5189/spec-5189-56074-0075.fits
5189/spec-5189-56074-0076.fits
5189/spec-5189-56074-0077.fits
5189/spec-5189-56074-0078.fits
5189/spec-5189-56074-0079.fits
5189/spec-5189-56074-0080.fits
5189/spec-5189-56074-0081.fits
5189/spec-5189-56074-0082.fits
5189/spec-5189-56074-0083.fits
5189/spec-5189-56074-0084.fits
5189/spec-5189-56074-0085.fits
5189/spec-5189-56074-0086.fits
5189/spec-5189-56074-0087.fits
5189/spec-5189-56074-0088.fits
5189/spec-5189-56074-0089.fits
5189/spec-5189-56074-0090.fits
5189/spec-5189-56074-0091.fits
5189/spec-5189-56074-0092.fits
5189/spec-5189-56074-0093.fits
5189/spec-5189-56074-0094.fits
5189/spec-5189-56074-0095.fits
5189/spec-5189-56074-0096.fits
5189/spec-5189-56074-0097.fits
5189/spec-5189-56074-0098.fits
5189/spec-5189-56074-0099.fits
5189/spec-5189-56074-0100.fits
5189/spec-5189-56074-0101.fits
5189/spec-5189-56074-0102.fits
5189/spec-5189-56074-0103.fits
5189/spec-5189-56074-0104.fits
5189/spec-5189-56074-0105.fits
5189/spec-5189-56074-0106.fits
5189/spec-5189-56074-0107.fits
5189/spec-5189-56074-0108.fits
5189/spec-5189-56074-0109.fits
5189/spec-5189-56074-0110.fits
5189/spec-5189-56074-0111.fits
5189/spec-5189-56074-0112.fits
5189/spec-5189-56074-0113.fits
5189/spec-5189-56074-0114.fits
5189/spec-5189-56074-0115.fits
5189/spec-5189-56074-0116.fits
5189/spec-5189-56074-0117.fits
5189/spec-5189-56074-0118.fits
5189/spec-5189-56074-0119.fits
5189/spec-5189-56074-0120.fits
5189/spec-5189-56074-0121.fits
5189/spec-5189-56074-0122.fits
5189/spec-5189-56074-0123.fits
5189/spec-5189-56074-0124.fits
5189/spec-5189-56074-0125.fits
5189/spec-5189-56074-0126.fits
5189/spec-5189-56074-0127.fits
5189/spec-5189-56074-0128.fits
5189/spec-5189-56074-0129.fits
5189/spec-5189-56074-0130.fits
5189/spec-5189-56074-0131.fits
5189/spec-5189-56074-0132.fits
5189/spec-5189-56074-0133.fits
5189/spec-5189-56074-0134.fits
5189/spec-5189-56074-0135.fits
5189/spec-5189-56074-0136.fits
5189/spec-5189-56074-0137.fits
5189/spec-5189-56074-0138.fits
5189/spec-5189-56074-0139.fits
5189/spec-5189-56074-0140.fits
5189/spec-5189-56074-0141.fits
5189/spec-5189-56074-0142.fits
5189/spec-5189-56074-0143.fits
5189/spec-5189-56074-0144.fits
5189/spec-5189-56074-0145.fits
5189/spec-5189-56074-0146.fits
5189/spec-5189-56074-0147.fits
5189/spec-5189-56074-0148.fits
5189/spec-5189-56074-0149.fits
5189/spec-5189-56074-0150.fits
5189/spec-5189-56074-0151.fits
5189/spec-5189-56074-0152.fits
5189/spec-5189-56074-0153.fits
5189/spec-5189-56074-0154.fits
5189/spec-5189-56074-0155.fits
5189/spec-5189-56074-0156.fits
5189/spec-5189-56074-0157.fits
5189/spec-5189-56074-0158.fits
5189/spec-5189-56074-0159.fits
5189/spec-5189-56074-0160.fits
5189/spec-5189-56074-0161.fits
5189/spec-5189-56074-0162.fits
5189/spec-5189-56074-0163.fits
5189/spec-5189-56074-0164.fits
5189/spec-5189-56074-0165.fits
5189/spec-5189-56074-0166.fits
5189/spec-5189-56074-0167.fits
5189/spec-5189-56074-0168.fits
5189/spec-5189-56074-0169.fits
5189/spec-5189-56074-0170.fits
5189/spec-5189-56074-0171.fits
5189/spec-5189-56074-0172.fits
5189/spec-5189-56074-0173.fits
5189/spec-5189-56074-0174.fits
5189/spec-5189-56074-0175.fits
5189/spec-5189-56074-0176.fits
5189/spec-5189-56074-0177.fits
5189/spec-5189-56074-0178.fits
5189/spec-5189-56074-0179.fits
5189/spec-5189-56074-0180.fits
5189/spec-5189-56074-0181.fits
5189/spec-5189-56074-0182.fits
5189/spec-5189-56074-0183.fits
5189/spec-5189-56074-0184.fits
5189/spec-5189-56074-0185.fits
5189/spec-5189-56074-0186.fits
5189/spec-5189-56074-0187.fits
5189/spec-5189-56074-0188.fits
5189/spec-5189-56074-0189.fits
5189/spec-5189-56074-0190.fits
5189/spec-5189-56074-0191.fits
5189/spec-5189-56074-0192.fits
5189/spec-5189-56074-0193.fits
5189/spec-5189-56074-0194.fits
5189/spec-5189-56074-0195.fits
5189/spec-5189-56074-0196.fits
5189/spec-5189-56074-0197.fits
5189/spec-5189-56074-0198.fits
5189/spec-5189-56074-0199.fits
5189/spec-5189-56074-0200.fits
5189/spec-5189-56074-0201.fits
5189/spec-5189-56074-0202.fits
5189/spec-5189-56074-0203.fits
5189/spec-5189-56074-0204.fits
5189/spec-5189-56074-0205.fits
5189/spec-5189-56074-0206.fits
5189/spec-5189-56074-0207.fits
5189/spec-5189-56074-0208.fits
5189/spec-5189-56074-0209.fits
5189/spec-5189-56074-0210.fits
5189/spec-5189-56074-0211.fits
5189/spec-5189-56074-0212.fits
5189/spec-5189-56074-0213.fits
5189/spec-5189-56074-0214.fits
5189/spec-5189-56074-0215.fits
5189/spec-5189-56074-0216.fits
5189/spec-5189-56074-0217.fits
5189/spec-5189-56074-0218.fits
5189/spec-5189-56074-0219.fits
5189/spec-5189-56074-0220.fits
5189/spec-5189-56074-0221.fits
5189/spec-5189-56074-0222.fits
5189/spec-5189-56074-0223.fits
5189/spec-5189-56074-0224.fits
5189/spec-5189-56074-0225.fits
5189/spec-5189-56074-0226.fits
5189/spec-5189-56074-0227.fits
5189/spec-5189-56074-0228.fits
5189/spec-5189-56074-0229.fits
5189/spec-5189-56074-0230.fits
5189/spec-5189-56074-0231.fits
5189/spec-5189-56074-0232.fits
5189/spec-5189-56074-0233.fits
5189/spec-5189-56074-0234.fits
5189/spec-5189-56074-0235.fits
5189/spec-5189-56074-0236.fits
5189/spec-5189-56074-0237.fits
5189/spec-5189-56074-0238.fits
5189/spec-5189-56074-0239.fits
5189/spec-5189-56074-0240.fits
5189/spec-5189-56074-0241.fits
5189/spec-5189-56074-0242.fits
5189/spec-5189-56074-0243.fits
5189/spec-5189-56074-0244.fits
5189/spec-5189-56074-0245.fits
5189/spec-5189-56074-0246.fits
5189/spec-5189-56074-0247.fits
5189/spec-5189-56074-0248.fits
5189/spec-5189-56074-0249.fits
5189/spec-5189-56074-0250.fits
5189/spec-5189-56074-0251.fits
5189/spec-5189-56074-0252.fits
5189/spec-5189-56074-0253.fits
5189/spec-5189-56074-0254.fits
5189/spec-5189-56074-0255.fits
5189/spec-5189-56074-0256.fits
5189/spec-5189-56074-0257.fits
5189/spec-5189-56074-0258.fits
5189/spec-5189-56074-0259.fits
5189/spec-5189-56074-0260.fits
5189/spec-5189-56074-0261.fits
5189/spec-5189-56074-0262.fits
5189/spec-5189-56074-0263.fits
5189/spec-5189-56074-0264.fits
5189/spec-5189-56074-0265.fits
5189/spec-5189-56074-0266.fits
5189/spec-5189-56074-0267.fits
5189/spec-5189-56074-0268.fits
5189/spec-5189-56074-0269.fits
5189/spec-5189-56074-0270.fits
5189/spec-5189-56074-0271.fits
5189/spec-5189-56074-0272.fits
5189/spec-5189-56074-0273.fits
5189/spec-5189-56074-0274.fits
5189/spec-5189-56074-0275.fits
5189/spec-5189-56074-0276.fits
5189/spec-5189-56074-0277.fits
5189/spec-5189-56074-0278.fits
5189/spec-5189-56074-0279.fits
5189/spec-5189-56074-0280.fits
5189/spec-5189-56074-0281.fits
5189/spec-5189-56074-0282.fits
5189/spec-5189-56074-0283.fits
5189/spec-5189-56074-0284.fits
5189/spec-5189-56074-0285.fits
5189/spec-5189-56074-0286.fits
5189/spec-5189-56074-0287.fits
5189/spec-5189-56074-0288.fits
5189/spec-5189-56074-0289.fits
5189/spec-5189-56074-0290.fits
5189/spec-5189-56074-0291.fits
5189/spec-5189-56074-0292.fits
5189/spec-5189-56074-0293.fits
5189/spec-5189-56074-0294.fits
5189/spec-5189-56074-0295.fits
5189/spec-5189-56074-0296.fits
5189/spec-5189-56074-0297.fits
5189/spec-5189-56074-0298.fits
5189/spec-5189-56074-0299.fits
5189/spec-5189-56074-0300.fits
5189/spec-5189-56074-0301.fits
5189/spec-5189-56074-0302.fits
5189/spec-5189-56074-0303.fits
5189/spec-5189-56074-0304.fits
5189/spec-5189-56074-0305.fits
5189/spec-5189-56074-0306.fits
5189/spec-5189-56074-0307.fits
5189/spec-5189-56074-0308.fits
5189/spec-5189-56074-0309.fits
5189/spec-5189-56074-0310.fits
5189/spec-5189-56074-0311.fits
5189/spec-5189-56074-0312.fits
5189/spec-5189-56074-0313.fits
5189/spec-5189-56074-0314.fits
5189/spec-5189-56074-0315.fits
5189/spec-5189-56074-0316.fits
5189/spec-5189-56074-0317.fits
5189/spec-5189-56074-0318.fits
5189/spec-5189-56074-0319.fits
5189/spec-5189-56074-0320.fits
5189/spec-5189-56074-0321.fits
5189/spec-5189-56074-0322.fits
5189/spec-5189-56074-0323.fits
5189/spec-5189-56074-0324.fits
5189/spec-5189-56074-0325.fits
5189/spec-5189-56074-0326.fits
5189/spec-5189-56074-0327.fits
5189/spec-5189-56074-0328.fits
5189/spec-5189-56074-0329.fits
5189/spec-5189-56074-0330.fits
5189/spec-5189-56074-0331.fits
5189/spec-5189-56074-0332.fits
5189/spec-5189-56074-0333.fits
5189/spec-5189-56074-0334.fits
5189/spec-5189-56074-0335.fits
5189/spec-5189-56074-0336.fits
5189/spec-5189-56074-0337.fits
5189/spec-5189-56074-0338.fits
5189/spec-5189-56074-0339.fits
5189/spec-5189-56074-0340.fits
5189/spec-5189-56074-0341.fits
5189/spec-5189-56074-0342.fits
5189/spec-5189-56074-0343.fits
5189/spec-5189-56074-0344.fits
5189/spec-5189-56074-0345.fits
5189/spec-5189-56074-0346.fits
5189/spec-5189-56074-0347.fits
5189/spec-5189-56074-0348.fits
5189/spec-5189-56074-0349.fits
5189/spec-5189-56074-0350.fits
5189/spec-5189-56074-0351.fits
5189/spec-5189-56074-0352.fits
5189/spec-5189-56074-0353.fits
5189/spec-5189-56074-0354.fits
5189/spec-5189-56074-0355.fits
5189/spec-5189-56074-0356.fits
5189/spec-5189-56074-0357.fits
5189/spec-5189-56074-0358.fits
5189/spec-5189-56074-0359.fits
5189/spec-5189-56074-0360.fits
5189/spec-5189-56074-0361.fits
5189/spec-5189-56074-0362.fits
5189/spec-5189-56074-0363.fits
5189/spec-5189-56074-0364.fits
5189/spec-5189-56074-0365.fits
5189/spec-5189-56074-0366.fits
5189/spec-5189-56074-0367.fits
5189/spec-5189-56074-0368.fits
5189/spec-5189-56074-0369.fits
5189/spec-5189-56074-0370.fits
5189/spec-5189-56074-0371.fits
5189/spec-5189-56074-0372.fits
5189/spec-5189-56074-0373.fits
5189/spec-5189-56074-0374.fits
5189/spec-5189-56074-0375.fits
5189/spec-5189-56074-0376.fits
5189/spec-5189-56074-0377.fits
5189/spec-5189-56074-0378.fits
5189/spec-5189-56074-0379.fits
5189/spec-5189-56074-0380.fits
5189/spec-5189-56074-0381.fits
5189/spec-5189-56074-0382.fits
5189/spec-5189-56074-0383.fits
5189/spec-5189-56074-0384.fits
5189/spec-5189-56074-0385.fits
5189/spec-5189-56074-0386.fits
5189/spec-5189-56074-0387.fits
5189/spec-5189-56074-0388.fits
5189/spec-5189-56074-0389.fits
5189/spec-5189-56074-0390.fits
5189/spec-5189-56074-0391.fits
5189/spec-5189-56074-0392.fits
5189/spec-5189-56074-0393.fits
5189/spec-5189-56074-0394.fits
5189/spec-5189-56074-0395.fits
5189/spec-5189-56074-0396.fits
5189/spec-5189-56074-0397.fits
5189/spec-5189-56074-0398.fits
5189/spec-5189-56074-0399.fits
5189/spec-5189-56074-0400.fits
5189/spec-5189-56074-0401.fits
5189/spec-5189-56074-0402.fits
5189/spec-5189-56074-0403.fits
5189/spec-5189-56074-0404.fits
5189/spec-5189-56074-0405.fits
5189/spec-5189-56074-0406.fits
5189/spec-5189-56074-0407.fits
5189/spec-5189-56074-0408.fits
5189/spec-5189-56074-0409.fits
5189/spec-5189-56074-0410.fits
5189/spec-5189-56074-0411.fits
5189/spec-5189-56074-0412.fits
5189/spec-5189-56074-0413.fits
5189/spec-5189-56074-0414.fits
5189/spec-5189-56074-0415.fits
5189/spec-5189-56074-0416.fits
5189/spec-5189-56074-0417.fits
5189/spec-5189-56074-0418.fits
5189/spec-5189-56074-0419.fits
5189/spec-5189-56074-0420.fits
5189/spec-5189-56074-0421.fits
5189/spec-5189-56074-0422.fits
5189/spec-5189-56074-0423.fits
5189/spec-5189-56074-0424.fits
5189/spec-5189-56074-0425.fits
5189/spec-5189-56074-0426.fits
5189/spec-5189-56074-0427.fits
5189/spec-5189-56074-0428.fits
5189/spec-5189-56074-0429.fits
5189/spec-5189-56074-0430.fits
5189/spec-5189-56074-0431.fits
5189/spec-5189-56074-0432.fits
5189/spec-5189-56074-0433.fits
5189/spec-5189-56074-0434.fits
5189/spec-5189-56074-0435.fits
5189/spec-5189-56074-0436.fits
5189/spec-5189-56074-0437.fits
5189/spec-5189-56074-0438.fits
5189/spec-5189-56074-0439.fits
5189/spec-5189-56074-0440.fits
5189/spec-5189-56074-0441.fits
5189/spec-5189-56074-0442.fits
5189/spec-5189-56074-0443.fits
5189/spec-5189-56074-0444.fits
5189/spec-5189-56074-0445.fits
5189/spec-5189-56074-0446.fits
5189/spec-5189-56074-0447.fits
5189/spec-5189-56074-0448.fits
5189/spec-5189-56074-0449.fits
5189/spec-5189-56074-0450.fits
5189/spec-5189-56074-0451.fits
5189/spec-5189-56074-0452.fits
5189/spec-5189-56074-0453.fits
5189/spec-5189-56074-0454.fits
5189/spec-5189-56074-0455.fits
5189/spec-5189-56074-0456.fits
5189/spec-5189-56074-0457.fits
5189/spec-5189-56074-0458.fits
5189/spec-5189-56074-0459.fits
5189/spec-5189-56074-0460.fits
5189/spec-5189-56074-0461.fits
5189/spec-5189-56074-0462.fits
5189/spec-5189-56074-0463.fits
5189/spec-5189-56074-0464.fits
5189/spec-5189-56074-0465.fits
5189/spec-5189-56074-0466.fits
5189/spec-5189-56074-0467.fits
5189/spec-5189-56074-0468.fits
5189/spec-5189-56074-0469.fits
5189/spec-5189-56074-0470.fits
5189/spec-5189-56074-0471.fits
5189/spec-5189-56074-0472.fits
5189/spec-5189-56074-0473.fits
5189/spec-5189-56074-0474.fits
5189/spec-5189-56074-0475.fits
5189/spec-5189-56074-0476.fits
5189/spec-5189-56074-0477.fits
5189/spec-5189-56074-0478.fits
5189/spec-5189-56074-0479.fits
5189/spec-5189-56074-0480.fits
5189/spec-5189-56074-0481.fits
5189/spec-5189-56074-0482.fits
5189/spec-5189-56074-0483.fits
5189/spec-5189-56074-0484.fits
5189/spec-5189-56074-0485.fits
5189/spec-5189-56074-0486.fits
5189/spec-5189-56074-0487.fits
5189/spec-5189-56074-0488.fits
5189/spec-5189-56074-0489.fits
5189/spec-5189-56074-0490.fits
5189/spec-5189-56074-0491.fits
5189/spec-5189-56074-0492.fits
5189/spec-5189-56074-0493.fits
5189/spec-5189-56074-0494.fits
5189/spec-5189-56074-0495.fits
5189/spec-5189-56074-0496.fits
5189/spec-5189-56074-0497.fits
5189/spec-5189-56074-0498.fits
5189/spec-5189-56074-0499.fits
5189/spec-5189-56074-0500.fits
5189/spec-5189-56074-0501.fits
5189/spec-5189-56074-0502.fits
5189/spec-5189-56074-0503.fits
5189/spec-5189-56074-0504.fits
5189/spec-5189-56074-0505.fits
5189/spec-5189-56074-0506.fits
5189/spec-5189-56074-0507.fits
5189/spec-5189-56074-0508.fits
5189/spec-5189-56074-0509.fits
5189/spec-5189-56074-0510.fits
5189/spec-5189-56074-0511.fits
5189/spec-5189-56074-0512.fits
5189/spec-5189-56074-0513.fits
5189/spec-5189-56074-0514.fits
5189/spec-5189-56074-0515.fits
5189/spec-5189-56074-0516.fits
5189/spec-5189-56074-0517.fits
5189/spec-5189-56074-0518.fits
5189/spec-5189-56074-0519.fits
5189/spec-5189-56074-0520.fits
5189/spec-5189-56074-0521.fits
5189/spec-5189-56074-0522.fits
5189/spec-5189-56074-0523.fits
5189/spec-5189-56074-0524.fits
5189/spec-5189-56074-0525.fits
5189/spec-5189-56074-0526.fits
5189/spec-5189-56074-0527.fits
5189/spec-5189-56074-0528.fits
5189/spec-5189-56074-0529.fits
5189/spec-5189-56074-0530.fits
5189/spec-5189-56074-0531.fits
5189/spec-5189-56074-0532.fits
5189/spec-5189-56074-0533.fits
5189/spec-5189-56074-0534.fits
5189/spec-5189-56074-0535.fits
5189/spec-5189-56074-0536.fits
5189/spec-5189-56074-0537.fits
5189/spec-5189-56074-0538.fits
5189/spec-5189-56074-0539.fits
5189/spec-5189-56074-0540.fits
5189/spec-5189-56074-0541.fits
5189/spec-5189-56074-0542.fits
5189/spec-5189-56074-0543.fits
5189/spec-5189-56074-0544.fits
5189/spec-5189-56074-0545.fits
5189/spec-5189-56074-0546.fits
5189/spec-5189-56074-0547.fits
5189/spec-5189-56074-0548.fits
5189/spec-5189-56074-0549.fits
5189/spec-5189-56074-0550.fits
5189/spec-5189-56074-0551.fits
5189/spec-5189-56074-0552.fits
5189/spec-5189-56074-0553.fits
5189/spec-5189-56074-0554.fits
5189/spec-5189-56074-0555.fits
5189/spec-5189-56074-0556.fits
5189/spec-5189-56074-0557.fits
5189/spec-5189-56074-0558.fits
5189/spec-5189-56074-0559.fits
5189/spec-5189-56074-0560.fits
5189/spec-5189-56074-0561.fits
5189/spec-5189-56074-0562.fits
5189/spec-5189-56074-0563.fits
5189/spec-5189-56074-0564.fits
5189/spec-5189-56074-0565.fits
5189/spec-5189-56074-0566.fits
5189/spec-5189-56074-0567.fits
5189/spec-5189-56074-0568.fits
5189/spec-5189-56074-0569.fits
5189/spec-5189-56074-0570.fits
5189/spec-5189-56074-0571.fits
5189/spec-5189-56074-0572.fits
5189/spec-5189-56074-0573.fits
5189/spec-5189-56074-0574.fits
5189/spec-5189-56074-0575.fits
5189/spec-5189-56074-0576.fits
5189/spec-5189-56074-0577.fits
5189/spec-5189-56074-0578.fits
5189/spec-5189-56074-0579.fits
5189/spec-5189-56074-0580.fits
5189/spec-5189-56074-0581.fits
5189/spec-5189-56074-0582.fits
5189/spec-5189-56074-0583.fits
5189/spec-5189-56074-0584.fits
5189/spec-5189-56074-0585.fits
5189/spec-5189-56074-0586.fits
5189/spec-5189-56074-0587.fits
5189/spec-5189-56074-0588.fits
5189/spec-5189-56074-0589.fits
5189/spec-5189-56074-0590.fits
5189/spec-5189-56074-0591.fits
5189/spec-5189-56074-0592.fits
5189/spec-5189-56074-0593.fits
5189/spec-5189-56074-0594.fits
5189/spec-5189-56074-0595.fits
5189/spec-5189-56074-0596.fits
5189/spec-5189-56074-0597.fits
5189/spec-5189-56074-0598.fits
5189/spec-5189-56074-0599.fits
5189/spec-5189-56074-0600.fits
5189/spec-5189-56074-0601.fits
5189/spec-5189-56074-0602.fits
5189/spec-5189-56074-0603.fits
5189/spec-5189-56074-0604.fits
5189/spec-5189-56074-0605.fits
5189/spec-5189-56074-0606.fits
5189/spec-5189-56074-0607.fits
5189/spec-5189-56074-0608.fits
5189/spec-5189-56074-0609.fits
5189/spec-5189-56074-0610.fits
5189/spec-5189-56074-0611.fits
5189/spec-5189-56074-0612.fits
5189/spec-5189-56074-0613.fits
5189/spec-5189-56074-0614.fits
5189/spec-5189-56074-0615.fits
5189/spec-5189-56074-0616.fits
5189/spec-5189-56074-0617.fits
5189/spec-5189-56074-0618.fits
5189/spec-5189-56074-0619.fits
5189/spec-5189-56074-0620.fits
5189/spec-5189-56074-0621.fits
5189/spec-5189-56074-0622.fits
5189/spec-5189-56074-0623.fits
5189/spec-5189-56074-0624.fits
5189/spec-5189-56074-0625.fits
5189/spec-5189-56074-0626.fits
5189/spec-5189-56074-0627.fits
5189/spec-5189-56074-0628.fits
5189/spec-5189-56074-0629.fits
5189/spec-5189-56074-0630.fits
5189/spec-5189-56074-0631.fits
5189/spec-5189-56074-0632.fits
5189/spec-5189-56074-0633.fits
5189/spec-5189-56074-0634.fits
5189/spec-5189-56074-0635.fits
5189/spec-5189-56074-0636.fits
5189/spec-5189-56074-0637.fits
5189/spec-5189-56074-0638.fits
5189/spec-5189-56074-0639.fits
5189/spec-5189-56074-0640.fits
5189/spec-5189-56074-0641.fits
5189/spec-5189-56074-0642.fits
5189/spec-5189-56074-0643.fits
5189/spec-5189-56074-0644.fits
5189/spec-5189-56074-0645.fits
5189/spec-5189-56074-0646.fits
5189/spec-5189-56074-0647.fits
5189/spec-5189-56074-0648.fits
5189/spec-5189-56074-0649.fits
5189/spec-5189-56074-0650.fits
5189/spec-5189-56074-0651.fits
5189/spec-5189-56074-0652.fits
5189/spec-5189-56074-0653.fits
5189/spec-5189-56074-0654.fits
5189/spec-5189-56074-0655.fits
5189/spec-5189-56074-0656.fits
5189/spec-5189-56074-0657.fits
5189/spec-5189-56074-0658.fits
5189/spec-5189-56074-0659.fits
5189/spec-5189-56074-0660.fits
5189/spec-5189-56074-0661.fits
5189/spec-5189-56074-0662.fits
5189/spec-5189-56074-0663.fits
5189/spec-5189-56074-0664.fits
5189/spec-5189-56074-0665.fits
5189/spec-5189-56074-0666.fits
5189/spec-5189-56074-0667.fits
5189/spec-5189-56074-0668.fits
5189/spec-5189-56074-0669.fits
5189/spec-5189-56074-0670.fits
5189/spec-5189-56074-0671.fits
5189/spec-5189-56074-0672.fits
5189/spec-5189-56074-0673.fits
5189/spec-5189-56074-0674.fits
5189/spec-5189-56074-0675.fits
5189/spec-5189-56074-0676.fits
5189/spec-5189-56074-0677.fits
5189/spec-5189-56074-0678.fits
5189/spec-5189-56074-0679.fits
5189/spec-5189-56074-0680.fits
5189/spec-5189-56074-0681.fits
5189/spec-5189-56074-0682.fits
5189/spec-5189-56074-0683.fits
5189/spec-5189-56074-0684.fits
5189/spec-5189-56074-0685.fits
5189/spec-5189-56074-0686.fits
5189/spec-5189-56074-0687.fits
5189/spec-5189-56074-0688.fits
5189/spec-5189-56074-0689.fits
5189/spec-5189-56074-0690.fits
5189/spec-5189-56074-0691.fits
5189/spec-5189-56074-0692.fits
5189/spec-5189-56074-0693.fits
5189/spec-5189-56074-0694.fits
5189/spec-5189-56074-0695.fits
5189/spec-5189-56074-0696.fits
5189/spec-5189-56074-0697.fits
5189/spec-5189-56074-0698.fits
5189/spec-5189-56074-0699.fits
5189/spec-5189-56074-0700.fits
5189/spec-5189-56074-0701.fits
5189/spec-5189-56074-0702.fits
5189/spec-5189-56074-0703.fits
5189/spec-5189-56074-0704.fits
5189/spec-5189-56074-0705.fits
5189/spec-5189-56074-0706.fits
5189/spec-5189-56074-0707.fits
5189/spec-5189-56074-0708.fits
5189/spec-5189-56074-0709.fits
5189/spec-5189-56074-0710.fits
5189/spec-5189-56074-0711.fits
5189/spec-5189-56074-0712.fits
5189/spec-5189-56074-0713.fits
5189/spec-5189-56074-0714.fits
5189/spec-5189-56074-0715.fits
5189/spec-5189-56074-0716.fits
5189/spec-5189-56074-0717.fits
5189/spec-5189-56074-0718.fits
5189/spec-5189-56074-0719.fits
5189/spec-5189-56074-0720.fits
5189/spec-5189-56074-0721.fits
5189/spec-5189-56074-0722.fits
5189/spec-5189-56074-0723.fits
5189/spec-5189-56074-0724.fits
5189/spec-5189-56074-0725.fits
5189/spec-5189-56074-0726.fits
5189/spec-5189-56074-0727.fits
5189/spec-5189-56074-0728.fits
5189/spec-5189-56074-0729.fits
5189/spec-5189-56074-0730.fits
5189/spec-5189-56074-0731.fits
5189/spec-5189-56074-0732.fits
5189/spec-5189-56074-0733.fits
5189/spec-5189-56074-0734.fits
5189/spec-5189-56074-0735.fits
5189/spec-5189-56074-0736.fits
5189/spec-5189-56074-0737.fits
5189/spec-5189-56074-0738.fits
5189/spec-5189-56074-0739.fits
5189/spec-5189-56074-0740.fits
5189/spec-5189-56074-0741.fits
5189/spec-5189-56074-0742.fits
5189/spec-5189-56074-0743.fits
5189/spec-5189-56074-0744.fits
5189/spec-5189-56074-0745.fits
5189/spec-5189-56074-0746.fits
5189/spec-5189-56074-0747.fits
5189/spec-5189-56074-0748.fits
5189/spec-5189-56074-0749.fits
5189/spec-5189-56074-0750.fits
5189/spec-5189-56074-0751.fits
5189/spec-5189-56074-0752.fits
5189/spec-5189-56074-0753.fits
5189/spec-5189-56074-0754.fits
5189/spec-5189-56074-0755.fits
5189/spec-5189-56074-0756.fits
5189/spec-5189-56074-0757.fits
5189/spec-5189-56074-0758.fits
5189/spec-5189-56074-0759.fits
5189/spec-5189-56074-0760.fits
5189/spec-5189-56074-0761.fits
5189/spec-5189-56074-0762.fits
5189/spec-5189-56074-0763.fits
5189/spec-5189-56074-0764.fits
5189/spec-5189-56074-0765.fits
5189/spec-5189-56074-0766.fits
5189/spec-5189-56074-0767.fits
5189/spec-5189-56074-0768.fits
5189/spec-5189-56074-0769.fits
5189/spec-5189-56074-0770.fits
5189/spec-5189-56074-0771.fits
5189/spec-5189-56074-0772.fits
5189/spec-5189-56074-0773.fits
5189/spec-5189-56074-0774.fits
5189/spec-5189-56074-0775.fits
5189/spec-5189-56074-0776.fits
5189/spec-5189-56074-0777.fits
5189/spec-5189-56074-0778.fits
5189/spec-5189-56074-0779.fits
5189/spec-5189-56074-0780.fits
5189/spec-5189-56074-0781.fits
5189/spec-5189-56074-0782.fits
5189/spec-5189-56074-0783.fits
5189/spec-5189-56074-0784.fits
5189/spec-5189-56074-0785.fits
5189/spec-5189-56074-0786.fits
5189/spec-5189-56074-0787.fits
5189/spec-5189-56074-0788.fits
5189/spec-5189-56074-0789.fits
5189/spec-5189-56074-0790.fits
5189/spec-5189-56074-0791.fits
5189/spec-5189-56074-0792.fits
5189/spec-5189-56074-0793.fits
5189/spec-5189-56074-0794.fits
5189/spec-5189-56074-0795.fits
5189/spec-5189-56074-0796.fits
5189/spec-5189-56074-0797.fits
5189/spec-5189-56074-0798.fits
5189/spec-5189-56074-0799.fits
5189/spec-5189-56074-0800.fits
5189/spec-5189-56074-0801.fits
5189/spec-5189-56074-0802.fits
5189/spec-5189-56074-0803.fits
5189/spec-5189-56074-0804.fits
5189/spec-5189-56074-0805.fits
5189/spec-5189-56074-0806.fits
5189/spec-5189-56074-0807.fits
5189/spec-5189-56074-0808.fits
5189/spec-5189-56074-0809.fits
5189/spec-5189-56074-0810.fits
5189/spec-5189-56074-0811.fits
5189/spec-5189-56074-0812.fits
5189/spec-5189-56074-0813.fits
5189/spec-5189-56074-0814.fits
5189/spec-5189-56074-0815.fits
5189/spec-5189-56074-0816.fits
5189/spec-5189-56074-0817.fits
5189/spec-5189-56074-0818.fits
5189/spec-5189-56074-0819.fits
5189/spec-5189-56074-0820.fits
5189/spec-5189-56074-0821.fits
5189/spec-5189-56074-0822.fits
5189/spec-5189-56074-0823.fits
5189/spec-5189-56074-0824.fits
5189/spec-5189-56074-0825.fits
5189/spec-5189-56074-0826.fits
5189/spec-5189-56074-0827.fits
5189/spec-5189-56074-0828.fits
5189/spec-5189-56074-0829.fits
5189/spec-5189-56074-0830.fits
5189/spec-5189-56074-0831.fits
5189/spec-5189-56074-0832.fits
5189/spec-5189-56074-0833.fits
5189/spec-5189-56074-0834.fits
5189/spec-5189-56074-0835.fits
5189/spec-5189-56074-0836.fits
5189/spec-5189-56074-0837.fits
5189/spec-5189-56074-0838.fits
5189/spec-5189-56074-0839.fits
5189/spec-5189-56074-0840.fits
5189/spec-5189-56074-0841.fits
5189/spec-5189-56074-0842.fits
5189/spec-5189-56074-0843.fits
5189/spec-5189-56074-0844.fits
5189/spec-5189-56074-0845.fits
5189/spec-5189-56074-0846.fits
5189/spec-5189-56074-0847.fits
5189/spec-5189-56074-0848.fits
5189/spec-5189-56074-0849.fits
5189/spec-5189-56074-0850.fits
5189/spec-5189-56074-0851.fits
5189/spec-5189-56074-0852.fits
5189/spec-5189-56074-0853.fits
5189/spec-5189-56074-0854.fits
5189/spec-5189-56074-0855.fits
5189/spec-5189-56074-0856.fits
5189/spec-5189-56074-0857.fits
5189/spec-5189-56074-0858.fits
5189/spec-5189-56074-0859.fits
5189/spec-5189-56074-0860.fits
5189/spec-5189-56074-0861.fits
5189/spec-5189-56074-0862.fits
5189/spec-5189-56074-0863.fits
5189/spec-5189-56074-0864.fits
5189/spec-5189-56074-0865.fits
5189/spec-5189-56074-0866.fits
5189/spec-5189-56074-0867.fits
5189/spec-5189-56074-0868.fits
5189/spec-5189-56074-0869.fits
5189/spec-5189-56074-0870.fits
5189/spec-5189-56074-0871.fits
5189/spec-5189-56074-0872.fits
5189/spec-5189-56074-0873.fits
5189/spec-5189-56074-0874.fits
5189/spec-5189-56074-0875.fits
5189/spec-5189-56074-0876.fits
5189/spec-5189-56074-0877.fits
5189/spec-5189-56074-0878.fits
5189/spec-5189-56074-0879.fits
5189/spec-5189-56074-0880.fits
5189/spec-5189-56074-0881.fits
5189/spec-5189-56074-0882.fits
5189/spec-5189-56074-0883.fits
5189/spec-5189-56074-0884.fits
5189/spec-5189-56074-0885.fits
5189/spec-5189-56074-0886.fits
5189/spec-5189-56074-0887.fits
5189/spec-5189-56074-0888.fits
5189/spec-5189-56074-0889.fits
5189/spec-5189-56074-0890.fits
5189/spec-5189-56074-0891.fits
5189/spec-5189-56074-0892.fits
5189/spec-5189-56074-0893.fits
5189/spec-5189-56074-0894.fits
5189/spec-5189-56074-0895.fits
5189/spec-5189-56074-0896.fits
5189/spec-5189-56074-0897.fits
5189/spec-5189-56074-0898.fits
5189/spec-5189-56074-0899.fits
5189/spec-5189-56074-0900.fits
5189/spec-5189-56074-0901.fits
5189/spec-5189-56074-0902.fits
5189/spec-5189-56074-0903.fits
5189/spec-5189-56074-0904.fits
5189/spec-5189-56074-0905.fits
5189/spec-5189-56074-0906.fits
5189/spec-5189-56074-0907.fits
5189/spec-5189-56074-0908.fits
5189/spec-5189-56074-0909.fits
5189/spec-5189-56074-0910.fits
5189/spec-5189-56074-0911.fits
5189/spec-5189-56074-0912.fits
5189/spec-5189-56074-0913.fits
5189/spec-5189-56074-0914.fits
5189/spec-5189-56074-0915.fits
5189/spec-5189-56074-0916.fits
5189/spec-5189-56074-0917.fits
5189/spec-5189-56074-0918.fits
5189/spec-5189-56074-0919.fits
5189/spec-5189-56074-0920.fits
5189/spec-5189-56074-0921.fits
5189/spec-5189-56074-0922.fits
5189/spec-5189-56074-0923.fits
5189/spec-5189-56074-0924.fits
5189/spec-5189-56074-0925.fits
5189/spec-5189-56074-0926.fits
5189/spec-5189-56074-0927.fits
5189/spec-5189-56074-0928.fits
5189/spec-5189-56074-0929.fits
5189/spec-5189-56074-0930.fits
5189/spec-5189-56074-0931.fits
5189/spec-5189-56074-0932.fits
5189/spec-5189-56074-0933.fits
5189/spec-5189-56074-0934.fits
5189/spec-5189-56074-0935.fits
5189/spec-5189-56074-0936.fits
5189/spec-5189-56074-0937.fits
5189/spec-5189-56074-0938.fits
5189/spec-5189-56074-0939.fits
5189/spec-5189-56074-0940.fits
5189/spec-5189-56074-0941.fits
5189/spec-5189-56074-0942.fits
5189/spec-5189-56074-0943.fits
5189/spec-5189-56074-0944.fits
5189/spec-5189-56074-0945.fits
5189/spec-5189-56074-0946.fits
5189/spec-5189-56074-0947.fits
5189/spec-5189-56074-0948.fits
5189/spec-5189-56074-0949.fits
5189/spec-5189-56074-0950.fits
5189/spec-5189-56074-0951.fits
5189/spec-5189-56074-0952.fits
5189/spec-5189-56074-0953.fits
5189/spec-5189-56074-0954.fits
5189/spec-5189-56074-0955.fits
5189/spec-5189-56074-0956.fits
5189/spec-5189-56074-0957.fits
5189/spec-5189-56074-0958.fits
5189/spec-5189-56074-0959.fits
5189/spec-5189-56074-0960.fits
5189/spec-5189-56074-0961.fits
5189/spec-5189-56074-0962.fits
5189/spec-5189-56074-0963.fits
5189/spec-5189-56074-0964.fits
5189/spec-5189-56074-0965.fits
5189/spec-5189-56074-0966.fits
5189/spec-5189-56074-0967.fits
5189/spec-5189-56074-0968.fits
5189/spec-5189-56074-0969.fits
5189/spec-5189-56074-0970.fits
5189/spec-5189-56074-0971.fits
5189/spec-5189-56074-0972.fits
5189/spec-5189-56074-0973.fits
5189/spec-5189-56074-0974.fits
5189/spec-5189-56074-0975.fits
5189/spec-5189-56074-0976.fits
5189/spec-5189-56074-0977.fits
5189/spec-5189-56074-0978.fits
5189/spec-5189-56074-0979.fits
5189/spec-5189-56074-0980.fits
5189/spec-5189-56074-0981.fits
5189/spec-5189-56074-0982.fits
5189/spec-5189-56074-0983.fits
5189/spec-5189-56074-0984.fits
5189/spec-5189-56074-0985.fits
5189/spec-5189-56074-0986.fits
5189/spec-5189-56074-0987.fits
5189/spec-5189-56074-0988.fits
5189/spec-5189-56074-0989.fits
5189/spec-5189-56074-0990.fits
5189/spec-5189-56074-0991.fits
5189/spec-5189-56074-0992.fits
5189/spec-5189-56074-0993.fits
5189/spec-5189-56074-0994.fits
5189/spec-5189-56074-0995.fits
5189/spec-5189-56074-0996.fits
5189/spec-5189-56074-0997.fits
5189/spec-5189-56074-0998.fits
5189/spec-5189-56074-0999.fits
5189/spec-5189-56074-1000.fits
/var/lib/condor/execute/slot1/dir_6593
5189 5189.tgz R R361.tar.gz _condor_stderr _condor_stdout cB58_Lyman_break.fit condor_exec.exe hw4.R packages packages.tar.gz tmp var
[1] "Loaded package astro."
[1] 1000
5189 5189.csv 5189.tgz R R361.tar.gz _condor_stderr _condor_stdout cB58_Lyman_break.fit condor_exec.exe hw4.R packages packages.tar.gz tmp var
