5198
5198/
5198/spec-5198-55823-0001.fits
5198/spec-5198-55823-0002.fits
5198/spec-5198-55823-0003.fits
5198/spec-5198-55823-0004.fits
5198/spec-5198-55823-0005.fits
5198/spec-5198-55823-0006.fits
5198/spec-5198-55823-0007.fits
5198/spec-5198-55823-0008.fits
5198/spec-5198-55823-0009.fits
5198/spec-5198-55823-0010.fits
5198/spec-5198-55823-0011.fits
5198/spec-5198-55823-0012.fits
5198/spec-5198-55823-0013.fits
5198/spec-5198-55823-0014.fits
5198/spec-5198-55823-0015.fits
5198/spec-5198-55823-0016.fits
5198/spec-5198-55823-0017.fits
5198/spec-5198-55823-0018.fits
5198/spec-5198-55823-0019.fits
5198/spec-5198-55823-0020.fits
5198/spec-5198-55823-0021.fits
5198/spec-5198-55823-0022.fits
5198/spec-5198-55823-0023.fits
5198/spec-5198-55823-0024.fits
5198/spec-5198-55823-0025.fits
5198/spec-5198-55823-0026.fits
5198/spec-5198-55823-0027.fits
5198/spec-5198-55823-0028.fits
5198/spec-5198-55823-0029.fits
5198/spec-5198-55823-0030.fits
5198/spec-5198-55823-0031.fits
5198/spec-5198-55823-0032.fits
5198/spec-5198-55823-0033.fits
5198/spec-5198-55823-0034.fits
5198/spec-5198-55823-0035.fits
5198/spec-5198-55823-0036.fits
5198/spec-5198-55823-0037.fits
5198/spec-5198-55823-0038.fits
5198/spec-5198-55823-0039.fits
5198/spec-5198-55823-0040.fits
5198/spec-5198-55823-0041.fits
5198/spec-5198-55823-0042.fits
5198/spec-5198-55823-0043.fits
5198/spec-5198-55823-0044.fits
5198/spec-5198-55823-0045.fits
5198/spec-5198-55823-0046.fits
5198/spec-5198-55823-0047.fits
5198/spec-5198-55823-0048.fits
5198/spec-5198-55823-0049.fits
5198/spec-5198-55823-0050.fits
5198/spec-5198-55823-0051.fits
5198/spec-5198-55823-0052.fits
5198/spec-5198-55823-0053.fits
5198/spec-5198-55823-0054.fits
5198/spec-5198-55823-0055.fits
5198/spec-5198-55823-0056.fits
5198/spec-5198-55823-0057.fits
5198/spec-5198-55823-0058.fits
5198/spec-5198-55823-0059.fits
5198/spec-5198-55823-0060.fits
5198/spec-5198-55823-0061.fits
5198/spec-5198-55823-0062.fits
5198/spec-5198-55823-0063.fits
5198/spec-5198-55823-0064.fits
5198/spec-5198-55823-0065.fits
5198/spec-5198-55823-0066.fits
5198/spec-5198-55823-0067.fits
5198/spec-5198-55823-0068.fits
5198/spec-5198-55823-0069.fits
5198/spec-5198-55823-0070.fits
5198/spec-5198-55823-0071.fits
5198/spec-5198-55823-0072.fits
5198/spec-5198-55823-0073.fits
5198/spec-5198-55823-0074.fits
5198/spec-5198-55823-0075.fits
5198/spec-5198-55823-0076.fits
5198/spec-5198-55823-0077.fits
5198/spec-5198-55823-0078.fits
5198/spec-5198-55823-0079.fits
5198/spec-5198-55823-0080.fits
5198/spec-5198-55823-0081.fits
5198/spec-5198-55823-0082.fits
5198/spec-5198-55823-0083.fits
5198/spec-5198-55823-0084.fits
5198/spec-5198-55823-0085.fits
5198/spec-5198-55823-0086.fits
5198/spec-5198-55823-0087.fits
5198/spec-5198-55823-0088.fits
5198/spec-5198-55823-0089.fits
5198/spec-5198-55823-0090.fits
5198/spec-5198-55823-0091.fits
5198/spec-5198-55823-0092.fits
5198/spec-5198-55823-0093.fits
5198/spec-5198-55823-0094.fits
5198/spec-5198-55823-0095.fits
5198/spec-5198-55823-0096.fits
5198/spec-5198-55823-0097.fits
5198/spec-5198-55823-0098.fits
5198/spec-5198-55823-0099.fits
5198/spec-5198-55823-0100.fits
5198/spec-5198-55823-0101.fits
5198/spec-5198-55823-0102.fits
5198/spec-5198-55823-0103.fits
5198/spec-5198-55823-0104.fits
5198/spec-5198-55823-0105.fits
5198/spec-5198-55823-0106.fits
5198/spec-5198-55823-0107.fits
5198/spec-5198-55823-0108.fits
5198/spec-5198-55823-0109.fits
5198/spec-5198-55823-0110.fits
5198/spec-5198-55823-0111.fits
5198/spec-5198-55823-0112.fits
5198/spec-5198-55823-0113.fits
5198/spec-5198-55823-0114.fits
5198/spec-5198-55823-0115.fits
5198/spec-5198-55823-0116.fits
5198/spec-5198-55823-0117.fits
5198/spec-5198-55823-0118.fits
5198/spec-5198-55823-0119.fits
5198/spec-5198-55823-0120.fits
5198/spec-5198-55823-0121.fits
5198/spec-5198-55823-0122.fits
5198/spec-5198-55823-0123.fits
5198/spec-5198-55823-0124.fits
5198/spec-5198-55823-0125.fits
5198/spec-5198-55823-0126.fits
5198/spec-5198-55823-0127.fits
5198/spec-5198-55823-0128.fits
5198/spec-5198-55823-0129.fits
5198/spec-5198-55823-0130.fits
5198/spec-5198-55823-0131.fits
5198/spec-5198-55823-0132.fits
5198/spec-5198-55823-0133.fits
5198/spec-5198-55823-0134.fits
5198/spec-5198-55823-0135.fits
5198/spec-5198-55823-0136.fits
5198/spec-5198-55823-0137.fits
5198/spec-5198-55823-0138.fits
5198/spec-5198-55823-0139.fits
5198/spec-5198-55823-0140.fits
5198/spec-5198-55823-0141.fits
5198/spec-5198-55823-0142.fits
5198/spec-5198-55823-0143.fits
5198/spec-5198-55823-0144.fits
5198/spec-5198-55823-0145.fits
5198/spec-5198-55823-0146.fits
5198/spec-5198-55823-0147.fits
5198/spec-5198-55823-0148.fits
5198/spec-5198-55823-0149.fits
5198/spec-5198-55823-0150.fits
5198/spec-5198-55823-0151.fits
5198/spec-5198-55823-0152.fits
5198/spec-5198-55823-0153.fits
5198/spec-5198-55823-0154.fits
5198/spec-5198-55823-0155.fits
5198/spec-5198-55823-0156.fits
5198/spec-5198-55823-0157.fits
5198/spec-5198-55823-0158.fits
5198/spec-5198-55823-0159.fits
5198/spec-5198-55823-0160.fits
5198/spec-5198-55823-0161.fits
5198/spec-5198-55823-0162.fits
5198/spec-5198-55823-0163.fits
5198/spec-5198-55823-0164.fits
5198/spec-5198-55823-0165.fits
5198/spec-5198-55823-0166.fits
5198/spec-5198-55823-0167.fits
5198/spec-5198-55823-0168.fits
5198/spec-5198-55823-0169.fits
5198/spec-5198-55823-0170.fits
5198/spec-5198-55823-0171.fits
5198/spec-5198-55823-0172.fits
5198/spec-5198-55823-0173.fits
5198/spec-5198-55823-0174.fits
5198/spec-5198-55823-0175.fits
5198/spec-5198-55823-0176.fits
5198/spec-5198-55823-0177.fits
5198/spec-5198-55823-0178.fits
5198/spec-5198-55823-0179.fits
5198/spec-5198-55823-0180.fits
5198/spec-5198-55823-0181.fits
5198/spec-5198-55823-0182.fits
5198/spec-5198-55823-0183.fits
5198/spec-5198-55823-0184.fits
5198/spec-5198-55823-0185.fits
5198/spec-5198-55823-0186.fits
5198/spec-5198-55823-0187.fits
5198/spec-5198-55823-0188.fits
5198/spec-5198-55823-0189.fits
5198/spec-5198-55823-0190.fits
5198/spec-5198-55823-0191.fits
5198/spec-5198-55823-0192.fits
5198/spec-5198-55823-0193.fits
5198/spec-5198-55823-0194.fits
5198/spec-5198-55823-0195.fits
5198/spec-5198-55823-0196.fits
5198/spec-5198-55823-0197.fits
5198/spec-5198-55823-0198.fits
5198/spec-5198-55823-0199.fits
5198/spec-5198-55823-0200.fits
5198/spec-5198-55823-0201.fits
5198/spec-5198-55823-0202.fits
5198/spec-5198-55823-0203.fits
5198/spec-5198-55823-0204.fits
5198/spec-5198-55823-0205.fits
5198/spec-5198-55823-0206.fits
5198/spec-5198-55823-0207.fits
5198/spec-5198-55823-0208.fits
5198/spec-5198-55823-0209.fits
5198/spec-5198-55823-0210.fits
5198/spec-5198-55823-0211.fits
5198/spec-5198-55823-0212.fits
5198/spec-5198-55823-0213.fits
5198/spec-5198-55823-0214.fits
5198/spec-5198-55823-0215.fits
5198/spec-5198-55823-0216.fits
5198/spec-5198-55823-0217.fits
5198/spec-5198-55823-0218.fits
5198/spec-5198-55823-0219.fits
5198/spec-5198-55823-0220.fits
5198/spec-5198-55823-0221.fits
5198/spec-5198-55823-0222.fits
5198/spec-5198-55823-0223.fits
5198/spec-5198-55823-0224.fits
5198/spec-5198-55823-0225.fits
5198/spec-5198-55823-0226.fits
5198/spec-5198-55823-0227.fits
5198/spec-5198-55823-0228.fits
5198/spec-5198-55823-0229.fits
5198/spec-5198-55823-0230.fits
5198/spec-5198-55823-0231.fits
5198/spec-5198-55823-0232.fits
5198/spec-5198-55823-0233.fits
5198/spec-5198-55823-0234.fits
5198/spec-5198-55823-0235.fits
5198/spec-5198-55823-0236.fits
5198/spec-5198-55823-0237.fits
5198/spec-5198-55823-0238.fits
5198/spec-5198-55823-0239.fits
5198/spec-5198-55823-0240.fits
5198/spec-5198-55823-0241.fits
5198/spec-5198-55823-0242.fits
5198/spec-5198-55823-0243.fits
5198/spec-5198-55823-0244.fits
5198/spec-5198-55823-0245.fits
5198/spec-5198-55823-0246.fits
5198/spec-5198-55823-0247.fits
5198/spec-5198-55823-0248.fits
5198/spec-5198-55823-0249.fits
5198/spec-5198-55823-0250.fits
5198/spec-5198-55823-0251.fits
5198/spec-5198-55823-0252.fits
5198/spec-5198-55823-0253.fits
5198/spec-5198-55823-0254.fits
5198/spec-5198-55823-0255.fits
5198/spec-5198-55823-0256.fits
5198/spec-5198-55823-0257.fits
5198/spec-5198-55823-0258.fits
5198/spec-5198-55823-0259.fits
5198/spec-5198-55823-0260.fits
5198/spec-5198-55823-0261.fits
5198/spec-5198-55823-0262.fits
5198/spec-5198-55823-0263.fits
5198/spec-5198-55823-0264.fits
5198/spec-5198-55823-0265.fits
5198/spec-5198-55823-0266.fits
5198/spec-5198-55823-0267.fits
5198/spec-5198-55823-0268.fits
5198/spec-5198-55823-0269.fits
5198/spec-5198-55823-0270.fits
5198/spec-5198-55823-0271.fits
5198/spec-5198-55823-0272.fits
5198/spec-5198-55823-0273.fits
5198/spec-5198-55823-0274.fits
5198/spec-5198-55823-0275.fits
5198/spec-5198-55823-0276.fits
5198/spec-5198-55823-0277.fits
5198/spec-5198-55823-0278.fits
5198/spec-5198-55823-0279.fits
5198/spec-5198-55823-0280.fits
5198/spec-5198-55823-0281.fits
5198/spec-5198-55823-0282.fits
5198/spec-5198-55823-0283.fits
5198/spec-5198-55823-0284.fits
5198/spec-5198-55823-0285.fits
5198/spec-5198-55823-0286.fits
5198/spec-5198-55823-0287.fits
5198/spec-5198-55823-0288.fits
5198/spec-5198-55823-0289.fits
5198/spec-5198-55823-0290.fits
5198/spec-5198-55823-0291.fits
5198/spec-5198-55823-0292.fits
5198/spec-5198-55823-0293.fits
5198/spec-5198-55823-0294.fits
5198/spec-5198-55823-0295.fits
5198/spec-5198-55823-0296.fits
5198/spec-5198-55823-0297.fits
5198/spec-5198-55823-0298.fits
5198/spec-5198-55823-0299.fits
5198/spec-5198-55823-0300.fits
5198/spec-5198-55823-0301.fits
5198/spec-5198-55823-0302.fits
5198/spec-5198-55823-0303.fits
5198/spec-5198-55823-0304.fits
5198/spec-5198-55823-0305.fits
5198/spec-5198-55823-0306.fits
5198/spec-5198-55823-0307.fits
5198/spec-5198-55823-0308.fits
5198/spec-5198-55823-0309.fits
5198/spec-5198-55823-0310.fits
5198/spec-5198-55823-0311.fits
5198/spec-5198-55823-0312.fits
5198/spec-5198-55823-0313.fits
5198/spec-5198-55823-0314.fits
5198/spec-5198-55823-0315.fits
5198/spec-5198-55823-0316.fits
5198/spec-5198-55823-0317.fits
5198/spec-5198-55823-0318.fits
5198/spec-5198-55823-0319.fits
5198/spec-5198-55823-0320.fits
5198/spec-5198-55823-0321.fits
5198/spec-5198-55823-0322.fits
5198/spec-5198-55823-0323.fits
5198/spec-5198-55823-0324.fits
5198/spec-5198-55823-0325.fits
5198/spec-5198-55823-0326.fits
5198/spec-5198-55823-0327.fits
5198/spec-5198-55823-0328.fits
5198/spec-5198-55823-0329.fits
5198/spec-5198-55823-0330.fits
5198/spec-5198-55823-0331.fits
5198/spec-5198-55823-0332.fits
5198/spec-5198-55823-0333.fits
5198/spec-5198-55823-0334.fits
5198/spec-5198-55823-0335.fits
5198/spec-5198-55823-0336.fits
5198/spec-5198-55823-0337.fits
5198/spec-5198-55823-0338.fits
5198/spec-5198-55823-0339.fits
5198/spec-5198-55823-0340.fits
5198/spec-5198-55823-0341.fits
5198/spec-5198-55823-0342.fits
5198/spec-5198-55823-0343.fits
5198/spec-5198-55823-0344.fits
5198/spec-5198-55823-0345.fits
5198/spec-5198-55823-0346.fits
5198/spec-5198-55823-0347.fits
5198/spec-5198-55823-0348.fits
5198/spec-5198-55823-0349.fits
5198/spec-5198-55823-0350.fits
5198/spec-5198-55823-0351.fits
5198/spec-5198-55823-0352.fits
5198/spec-5198-55823-0353.fits
5198/spec-5198-55823-0354.fits
5198/spec-5198-55823-0355.fits
5198/spec-5198-55823-0356.fits
5198/spec-5198-55823-0357.fits
5198/spec-5198-55823-0358.fits
5198/spec-5198-55823-0359.fits
5198/spec-5198-55823-0360.fits
5198/spec-5198-55823-0361.fits
5198/spec-5198-55823-0362.fits
5198/spec-5198-55823-0363.fits
5198/spec-5198-55823-0364.fits
5198/spec-5198-55823-0365.fits
5198/spec-5198-55823-0366.fits
5198/spec-5198-55823-0367.fits
5198/spec-5198-55823-0368.fits
5198/spec-5198-55823-0369.fits
5198/spec-5198-55823-0370.fits
5198/spec-5198-55823-0371.fits
5198/spec-5198-55823-0372.fits
5198/spec-5198-55823-0373.fits
5198/spec-5198-55823-0374.fits
5198/spec-5198-55823-0375.fits
5198/spec-5198-55823-0376.fits
5198/spec-5198-55823-0377.fits
5198/spec-5198-55823-0378.fits
5198/spec-5198-55823-0379.fits
5198/spec-5198-55823-0380.fits
5198/spec-5198-55823-0381.fits
5198/spec-5198-55823-0382.fits
5198/spec-5198-55823-0383.fits
5198/spec-5198-55823-0384.fits
5198/spec-5198-55823-0385.fits
5198/spec-5198-55823-0386.fits
5198/spec-5198-55823-0387.fits
5198/spec-5198-55823-0388.fits
5198/spec-5198-55823-0389.fits
5198/spec-5198-55823-0390.fits
5198/spec-5198-55823-0391.fits
5198/spec-5198-55823-0392.fits
5198/spec-5198-55823-0393.fits
5198/spec-5198-55823-0394.fits
5198/spec-5198-55823-0395.fits
5198/spec-5198-55823-0396.fits
5198/spec-5198-55823-0397.fits
5198/spec-5198-55823-0398.fits
5198/spec-5198-55823-0399.fits
5198/spec-5198-55823-0400.fits
5198/spec-5198-55823-0401.fits
5198/spec-5198-55823-0402.fits
5198/spec-5198-55823-0403.fits
5198/spec-5198-55823-0404.fits
5198/spec-5198-55823-0405.fits
5198/spec-5198-55823-0406.fits
5198/spec-5198-55823-0407.fits
5198/spec-5198-55823-0408.fits
5198/spec-5198-55823-0409.fits
5198/spec-5198-55823-0410.fits
5198/spec-5198-55823-0411.fits
5198/spec-5198-55823-0412.fits
5198/spec-5198-55823-0413.fits
5198/spec-5198-55823-0414.fits
5198/spec-5198-55823-0415.fits
5198/spec-5198-55823-0416.fits
5198/spec-5198-55823-0417.fits
5198/spec-5198-55823-0418.fits
5198/spec-5198-55823-0419.fits
5198/spec-5198-55823-0420.fits
5198/spec-5198-55823-0421.fits
5198/spec-5198-55823-0422.fits
5198/spec-5198-55823-0423.fits
5198/spec-5198-55823-0424.fits
5198/spec-5198-55823-0425.fits
5198/spec-5198-55823-0426.fits
5198/spec-5198-55823-0427.fits
5198/spec-5198-55823-0428.fits
5198/spec-5198-55823-0429.fits
5198/spec-5198-55823-0430.fits
5198/spec-5198-55823-0431.fits
5198/spec-5198-55823-0432.fits
5198/spec-5198-55823-0433.fits
5198/spec-5198-55823-0434.fits
5198/spec-5198-55823-0435.fits
5198/spec-5198-55823-0436.fits
5198/spec-5198-55823-0437.fits
5198/spec-5198-55823-0438.fits
5198/spec-5198-55823-0439.fits
5198/spec-5198-55823-0440.fits
5198/spec-5198-55823-0441.fits
5198/spec-5198-55823-0442.fits
5198/spec-5198-55823-0443.fits
5198/spec-5198-55823-0444.fits
5198/spec-5198-55823-0445.fits
5198/spec-5198-55823-0446.fits
5198/spec-5198-55823-0447.fits
5198/spec-5198-55823-0448.fits
5198/spec-5198-55823-0449.fits
5198/spec-5198-55823-0450.fits
5198/spec-5198-55823-0451.fits
5198/spec-5198-55823-0452.fits
5198/spec-5198-55823-0453.fits
5198/spec-5198-55823-0454.fits
5198/spec-5198-55823-0455.fits
5198/spec-5198-55823-0456.fits
5198/spec-5198-55823-0457.fits
5198/spec-5198-55823-0458.fits
5198/spec-5198-55823-0459.fits
5198/spec-5198-55823-0460.fits
5198/spec-5198-55823-0461.fits
5198/spec-5198-55823-0462.fits
5198/spec-5198-55823-0463.fits
5198/spec-5198-55823-0464.fits
5198/spec-5198-55823-0465.fits
5198/spec-5198-55823-0466.fits
5198/spec-5198-55823-0467.fits
5198/spec-5198-55823-0468.fits
5198/spec-5198-55823-0469.fits
5198/spec-5198-55823-0470.fits
5198/spec-5198-55823-0471.fits
5198/spec-5198-55823-0472.fits
5198/spec-5198-55823-0473.fits
5198/spec-5198-55823-0474.fits
5198/spec-5198-55823-0475.fits
5198/spec-5198-55823-0476.fits
5198/spec-5198-55823-0477.fits
5198/spec-5198-55823-0478.fits
5198/spec-5198-55823-0479.fits
5198/spec-5198-55823-0480.fits
5198/spec-5198-55823-0481.fits
5198/spec-5198-55823-0482.fits
5198/spec-5198-55823-0483.fits
5198/spec-5198-55823-0484.fits
5198/spec-5198-55823-0485.fits
5198/spec-5198-55823-0486.fits
5198/spec-5198-55823-0487.fits
5198/spec-5198-55823-0488.fits
5198/spec-5198-55823-0489.fits
5198/spec-5198-55823-0490.fits
5198/spec-5198-55823-0491.fits
5198/spec-5198-55823-0492.fits
5198/spec-5198-55823-0493.fits
5198/spec-5198-55823-0494.fits
5198/spec-5198-55823-0495.fits
5198/spec-5198-55823-0496.fits
5198/spec-5198-55823-0497.fits
5198/spec-5198-55823-0498.fits
5198/spec-5198-55823-0499.fits
5198/spec-5198-55823-0500.fits
5198/spec-5198-55823-0501.fits
5198/spec-5198-55823-0502.fits
5198/spec-5198-55823-0503.fits
5198/spec-5198-55823-0504.fits
5198/spec-5198-55823-0505.fits
5198/spec-5198-55823-0506.fits
5198/spec-5198-55823-0507.fits
5198/spec-5198-55823-0508.fits
5198/spec-5198-55823-0509.fits
5198/spec-5198-55823-0510.fits
5198/spec-5198-55823-0511.fits
5198/spec-5198-55823-0512.fits
5198/spec-5198-55823-0513.fits
5198/spec-5198-55823-0514.fits
5198/spec-5198-55823-0515.fits
5198/spec-5198-55823-0516.fits
5198/spec-5198-55823-0517.fits
5198/spec-5198-55823-0518.fits
5198/spec-5198-55823-0519.fits
5198/spec-5198-55823-0520.fits
5198/spec-5198-55823-0521.fits
5198/spec-5198-55823-0522.fits
5198/spec-5198-55823-0523.fits
5198/spec-5198-55823-0524.fits
5198/spec-5198-55823-0525.fits
5198/spec-5198-55823-0526.fits
5198/spec-5198-55823-0527.fits
5198/spec-5198-55823-0528.fits
5198/spec-5198-55823-0529.fits
5198/spec-5198-55823-0530.fits
5198/spec-5198-55823-0531.fits
5198/spec-5198-55823-0532.fits
5198/spec-5198-55823-0533.fits
5198/spec-5198-55823-0534.fits
5198/spec-5198-55823-0535.fits
5198/spec-5198-55823-0536.fits
5198/spec-5198-55823-0537.fits
5198/spec-5198-55823-0538.fits
5198/spec-5198-55823-0539.fits
5198/spec-5198-55823-0540.fits
5198/spec-5198-55823-0541.fits
5198/spec-5198-55823-0542.fits
5198/spec-5198-55823-0543.fits
5198/spec-5198-55823-0544.fits
5198/spec-5198-55823-0545.fits
5198/spec-5198-55823-0546.fits
5198/spec-5198-55823-0547.fits
5198/spec-5198-55823-0548.fits
5198/spec-5198-55823-0549.fits
5198/spec-5198-55823-0550.fits
5198/spec-5198-55823-0551.fits
5198/spec-5198-55823-0552.fits
5198/spec-5198-55823-0553.fits
5198/spec-5198-55823-0554.fits
5198/spec-5198-55823-0555.fits
5198/spec-5198-55823-0556.fits
5198/spec-5198-55823-0557.fits
5198/spec-5198-55823-0558.fits
5198/spec-5198-55823-0559.fits
5198/spec-5198-55823-0560.fits
5198/spec-5198-55823-0561.fits
5198/spec-5198-55823-0562.fits
5198/spec-5198-55823-0563.fits
5198/spec-5198-55823-0564.fits
5198/spec-5198-55823-0565.fits
5198/spec-5198-55823-0566.fits
5198/spec-5198-55823-0567.fits
5198/spec-5198-55823-0568.fits
5198/spec-5198-55823-0569.fits
5198/spec-5198-55823-0570.fits
5198/spec-5198-55823-0571.fits
5198/spec-5198-55823-0572.fits
5198/spec-5198-55823-0573.fits
5198/spec-5198-55823-0574.fits
5198/spec-5198-55823-0575.fits
5198/spec-5198-55823-0576.fits
5198/spec-5198-55823-0577.fits
5198/spec-5198-55823-0578.fits
5198/spec-5198-55823-0579.fits
5198/spec-5198-55823-0580.fits
5198/spec-5198-55823-0581.fits
5198/spec-5198-55823-0582.fits
5198/spec-5198-55823-0583.fits
5198/spec-5198-55823-0584.fits
5198/spec-5198-55823-0585.fits
5198/spec-5198-55823-0586.fits
5198/spec-5198-55823-0587.fits
5198/spec-5198-55823-0588.fits
5198/spec-5198-55823-0589.fits
5198/spec-5198-55823-0590.fits
5198/spec-5198-55823-0591.fits
5198/spec-5198-55823-0592.fits
5198/spec-5198-55823-0593.fits
5198/spec-5198-55823-0594.fits
5198/spec-5198-55823-0595.fits
5198/spec-5198-55823-0596.fits
5198/spec-5198-55823-0597.fits
5198/spec-5198-55823-0598.fits
5198/spec-5198-55823-0599.fits
5198/spec-5198-55823-0600.fits
5198/spec-5198-55823-0601.fits
5198/spec-5198-55823-0602.fits
5198/spec-5198-55823-0603.fits
5198/spec-5198-55823-0604.fits
5198/spec-5198-55823-0605.fits
5198/spec-5198-55823-0606.fits
5198/spec-5198-55823-0607.fits
5198/spec-5198-55823-0608.fits
5198/spec-5198-55823-0609.fits
5198/spec-5198-55823-0610.fits
5198/spec-5198-55823-0611.fits
5198/spec-5198-55823-0612.fits
5198/spec-5198-55823-0613.fits
5198/spec-5198-55823-0614.fits
5198/spec-5198-55823-0615.fits
5198/spec-5198-55823-0616.fits
5198/spec-5198-55823-0617.fits
5198/spec-5198-55823-0618.fits
5198/spec-5198-55823-0619.fits
5198/spec-5198-55823-0620.fits
5198/spec-5198-55823-0621.fits
5198/spec-5198-55823-0622.fits
5198/spec-5198-55823-0623.fits
5198/spec-5198-55823-0624.fits
5198/spec-5198-55823-0625.fits
5198/spec-5198-55823-0626.fits
5198/spec-5198-55823-0627.fits
5198/spec-5198-55823-0628.fits
5198/spec-5198-55823-0629.fits
5198/spec-5198-55823-0630.fits
5198/spec-5198-55823-0631.fits
5198/spec-5198-55823-0632.fits
5198/spec-5198-55823-0633.fits
5198/spec-5198-55823-0634.fits
5198/spec-5198-55823-0635.fits
5198/spec-5198-55823-0636.fits
5198/spec-5198-55823-0637.fits
5198/spec-5198-55823-0638.fits
5198/spec-5198-55823-0639.fits
5198/spec-5198-55823-0640.fits
5198/spec-5198-55823-0641.fits
5198/spec-5198-55823-0642.fits
5198/spec-5198-55823-0643.fits
5198/spec-5198-55823-0644.fits
5198/spec-5198-55823-0645.fits
5198/spec-5198-55823-0646.fits
5198/spec-5198-55823-0647.fits
5198/spec-5198-55823-0648.fits
5198/spec-5198-55823-0649.fits
5198/spec-5198-55823-0650.fits
5198/spec-5198-55823-0651.fits
5198/spec-5198-55823-0652.fits
5198/spec-5198-55823-0653.fits
5198/spec-5198-55823-0654.fits
5198/spec-5198-55823-0655.fits
5198/spec-5198-55823-0656.fits
5198/spec-5198-55823-0657.fits
5198/spec-5198-55823-0658.fits
5198/spec-5198-55823-0659.fits
5198/spec-5198-55823-0660.fits
5198/spec-5198-55823-0661.fits
5198/spec-5198-55823-0662.fits
5198/spec-5198-55823-0663.fits
5198/spec-5198-55823-0664.fits
5198/spec-5198-55823-0665.fits
5198/spec-5198-55823-0666.fits
5198/spec-5198-55823-0667.fits
5198/spec-5198-55823-0668.fits
5198/spec-5198-55823-0669.fits
5198/spec-5198-55823-0670.fits
5198/spec-5198-55823-0671.fits
5198/spec-5198-55823-0672.fits
5198/spec-5198-55823-0673.fits
5198/spec-5198-55823-0674.fits
5198/spec-5198-55823-0675.fits
5198/spec-5198-55823-0676.fits
5198/spec-5198-55823-0677.fits
5198/spec-5198-55823-0678.fits
5198/spec-5198-55823-0679.fits
5198/spec-5198-55823-0680.fits
5198/spec-5198-55823-0681.fits
5198/spec-5198-55823-0682.fits
5198/spec-5198-55823-0683.fits
5198/spec-5198-55823-0684.fits
5198/spec-5198-55823-0685.fits
5198/spec-5198-55823-0686.fits
5198/spec-5198-55823-0687.fits
5198/spec-5198-55823-0688.fits
5198/spec-5198-55823-0689.fits
5198/spec-5198-55823-0690.fits
5198/spec-5198-55823-0691.fits
5198/spec-5198-55823-0692.fits
5198/spec-5198-55823-0693.fits
5198/spec-5198-55823-0694.fits
5198/spec-5198-55823-0695.fits
5198/spec-5198-55823-0696.fits
5198/spec-5198-55823-0697.fits
5198/spec-5198-55823-0698.fits
5198/spec-5198-55823-0699.fits
5198/spec-5198-55823-0700.fits
5198/spec-5198-55823-0701.fits
5198/spec-5198-55823-0702.fits
5198/spec-5198-55823-0703.fits
5198/spec-5198-55823-0704.fits
5198/spec-5198-55823-0705.fits
5198/spec-5198-55823-0706.fits
5198/spec-5198-55823-0707.fits
5198/spec-5198-55823-0708.fits
5198/spec-5198-55823-0709.fits
5198/spec-5198-55823-0710.fits
5198/spec-5198-55823-0711.fits
5198/spec-5198-55823-0712.fits
5198/spec-5198-55823-0713.fits
5198/spec-5198-55823-0714.fits
5198/spec-5198-55823-0715.fits
5198/spec-5198-55823-0716.fits
5198/spec-5198-55823-0717.fits
5198/spec-5198-55823-0718.fits
5198/spec-5198-55823-0719.fits
5198/spec-5198-55823-0720.fits
5198/spec-5198-55823-0721.fits
5198/spec-5198-55823-0722.fits
5198/spec-5198-55823-0723.fits
5198/spec-5198-55823-0724.fits
5198/spec-5198-55823-0725.fits
5198/spec-5198-55823-0726.fits
5198/spec-5198-55823-0727.fits
5198/spec-5198-55823-0728.fits
5198/spec-5198-55823-0729.fits
5198/spec-5198-55823-0730.fits
5198/spec-5198-55823-0731.fits
5198/spec-5198-55823-0732.fits
5198/spec-5198-55823-0733.fits
5198/spec-5198-55823-0734.fits
5198/spec-5198-55823-0735.fits
5198/spec-5198-55823-0736.fits
5198/spec-5198-55823-0737.fits
5198/spec-5198-55823-0738.fits
5198/spec-5198-55823-0739.fits
5198/spec-5198-55823-0740.fits
5198/spec-5198-55823-0741.fits
5198/spec-5198-55823-0742.fits
5198/spec-5198-55823-0743.fits
5198/spec-5198-55823-0744.fits
5198/spec-5198-55823-0745.fits
5198/spec-5198-55823-0746.fits
5198/spec-5198-55823-0747.fits
5198/spec-5198-55823-0748.fits
5198/spec-5198-55823-0749.fits
5198/spec-5198-55823-0750.fits
5198/spec-5198-55823-0751.fits
5198/spec-5198-55823-0752.fits
5198/spec-5198-55823-0753.fits
5198/spec-5198-55823-0754.fits
5198/spec-5198-55823-0755.fits
5198/spec-5198-55823-0756.fits
5198/spec-5198-55823-0757.fits
5198/spec-5198-55823-0758.fits
5198/spec-5198-55823-0759.fits
5198/spec-5198-55823-0760.fits
5198/spec-5198-55823-0761.fits
5198/spec-5198-55823-0762.fits
5198/spec-5198-55823-0763.fits
5198/spec-5198-55823-0764.fits
5198/spec-5198-55823-0765.fits
5198/spec-5198-55823-0766.fits
5198/spec-5198-55823-0767.fits
5198/spec-5198-55823-0768.fits
5198/spec-5198-55823-0769.fits
5198/spec-5198-55823-0770.fits
5198/spec-5198-55823-0771.fits
5198/spec-5198-55823-0772.fits
5198/spec-5198-55823-0773.fits
5198/spec-5198-55823-0774.fits
5198/spec-5198-55823-0775.fits
5198/spec-5198-55823-0776.fits
5198/spec-5198-55823-0777.fits
5198/spec-5198-55823-0778.fits
5198/spec-5198-55823-0779.fits
5198/spec-5198-55823-0780.fits
5198/spec-5198-55823-0781.fits
5198/spec-5198-55823-0782.fits
5198/spec-5198-55823-0783.fits
5198/spec-5198-55823-0784.fits
5198/spec-5198-55823-0785.fits
5198/spec-5198-55823-0786.fits
5198/spec-5198-55823-0787.fits
5198/spec-5198-55823-0788.fits
5198/spec-5198-55823-0789.fits
5198/spec-5198-55823-0790.fits
5198/spec-5198-55823-0791.fits
5198/spec-5198-55823-0792.fits
5198/spec-5198-55823-0793.fits
5198/spec-5198-55823-0794.fits
5198/spec-5198-55823-0795.fits
5198/spec-5198-55823-0796.fits
5198/spec-5198-55823-0797.fits
5198/spec-5198-55823-0798.fits
5198/spec-5198-55823-0799.fits
5198/spec-5198-55823-0800.fits
5198/spec-5198-55823-0801.fits
5198/spec-5198-55823-0802.fits
5198/spec-5198-55823-0803.fits
5198/spec-5198-55823-0804.fits
5198/spec-5198-55823-0805.fits
5198/spec-5198-55823-0806.fits
5198/spec-5198-55823-0807.fits
5198/spec-5198-55823-0808.fits
5198/spec-5198-55823-0809.fits
5198/spec-5198-55823-0810.fits
5198/spec-5198-55823-0811.fits
5198/spec-5198-55823-0812.fits
5198/spec-5198-55823-0813.fits
5198/spec-5198-55823-0814.fits
5198/spec-5198-55823-0815.fits
5198/spec-5198-55823-0816.fits
5198/spec-5198-55823-0817.fits
5198/spec-5198-55823-0818.fits
5198/spec-5198-55823-0819.fits
5198/spec-5198-55823-0820.fits
5198/spec-5198-55823-0821.fits
5198/spec-5198-55823-0822.fits
5198/spec-5198-55823-0823.fits
5198/spec-5198-55823-0824.fits
5198/spec-5198-55823-0825.fits
5198/spec-5198-55823-0826.fits
5198/spec-5198-55823-0827.fits
5198/spec-5198-55823-0828.fits
5198/spec-5198-55823-0829.fits
5198/spec-5198-55823-0830.fits
5198/spec-5198-55823-0831.fits
5198/spec-5198-55823-0832.fits
5198/spec-5198-55823-0833.fits
5198/spec-5198-55823-0834.fits
5198/spec-5198-55823-0835.fits
5198/spec-5198-55823-0836.fits
5198/spec-5198-55823-0837.fits
5198/spec-5198-55823-0838.fits
5198/spec-5198-55823-0839.fits
5198/spec-5198-55823-0840.fits
5198/spec-5198-55823-0841.fits
5198/spec-5198-55823-0842.fits
5198/spec-5198-55823-0843.fits
5198/spec-5198-55823-0844.fits
5198/spec-5198-55823-0845.fits
5198/spec-5198-55823-0846.fits
5198/spec-5198-55823-0847.fits
5198/spec-5198-55823-0848.fits
5198/spec-5198-55823-0849.fits
5198/spec-5198-55823-0850.fits
5198/spec-5198-55823-0851.fits
5198/spec-5198-55823-0852.fits
5198/spec-5198-55823-0853.fits
5198/spec-5198-55823-0854.fits
5198/spec-5198-55823-0855.fits
5198/spec-5198-55823-0856.fits
5198/spec-5198-55823-0857.fits
5198/spec-5198-55823-0858.fits
5198/spec-5198-55823-0859.fits
5198/spec-5198-55823-0860.fits
5198/spec-5198-55823-0861.fits
5198/spec-5198-55823-0862.fits
5198/spec-5198-55823-0863.fits
5198/spec-5198-55823-0864.fits
5198/spec-5198-55823-0865.fits
5198/spec-5198-55823-0866.fits
5198/spec-5198-55823-0867.fits
5198/spec-5198-55823-0868.fits
5198/spec-5198-55823-0869.fits
5198/spec-5198-55823-0870.fits
5198/spec-5198-55823-0871.fits
5198/spec-5198-55823-0872.fits
5198/spec-5198-55823-0873.fits
5198/spec-5198-55823-0874.fits
5198/spec-5198-55823-0875.fits
5198/spec-5198-55823-0876.fits
5198/spec-5198-55823-0877.fits
5198/spec-5198-55823-0878.fits
5198/spec-5198-55823-0879.fits
5198/spec-5198-55823-0880.fits
5198/spec-5198-55823-0881.fits
5198/spec-5198-55823-0882.fits
5198/spec-5198-55823-0883.fits
5198/spec-5198-55823-0884.fits
5198/spec-5198-55823-0885.fits
5198/spec-5198-55823-0886.fits
5198/spec-5198-55823-0887.fits
5198/spec-5198-55823-0888.fits
5198/spec-5198-55823-0889.fits
5198/spec-5198-55823-0890.fits
5198/spec-5198-55823-0891.fits
5198/spec-5198-55823-0892.fits
5198/spec-5198-55823-0893.fits
5198/spec-5198-55823-0894.fits
5198/spec-5198-55823-0895.fits
5198/spec-5198-55823-0896.fits
5198/spec-5198-55823-0897.fits
5198/spec-5198-55823-0898.fits
5198/spec-5198-55823-0899.fits
5198/spec-5198-55823-0900.fits
5198/spec-5198-55823-0901.fits
5198/spec-5198-55823-0902.fits
5198/spec-5198-55823-0903.fits
5198/spec-5198-55823-0904.fits
5198/spec-5198-55823-0905.fits
5198/spec-5198-55823-0906.fits
5198/spec-5198-55823-0907.fits
5198/spec-5198-55823-0908.fits
5198/spec-5198-55823-0909.fits
5198/spec-5198-55823-0910.fits
5198/spec-5198-55823-0911.fits
5198/spec-5198-55823-0912.fits
5198/spec-5198-55823-0913.fits
5198/spec-5198-55823-0914.fits
5198/spec-5198-55823-0915.fits
5198/spec-5198-55823-0916.fits
5198/spec-5198-55823-0917.fits
5198/spec-5198-55823-0918.fits
5198/spec-5198-55823-0919.fits
5198/spec-5198-55823-0920.fits
5198/spec-5198-55823-0921.fits
5198/spec-5198-55823-0922.fits
5198/spec-5198-55823-0923.fits
5198/spec-5198-55823-0924.fits
5198/spec-5198-55823-0925.fits
5198/spec-5198-55823-0926.fits
5198/spec-5198-55823-0927.fits
5198/spec-5198-55823-0928.fits
5198/spec-5198-55823-0929.fits
5198/spec-5198-55823-0930.fits
5198/spec-5198-55823-0931.fits
5198/spec-5198-55823-0932.fits
5198/spec-5198-55823-0933.fits
5198/spec-5198-55823-0934.fits
5198/spec-5198-55823-0935.fits
5198/spec-5198-55823-0936.fits
5198/spec-5198-55823-0937.fits
5198/spec-5198-55823-0938.fits
5198/spec-5198-55823-0939.fits
5198/spec-5198-55823-0940.fits
5198/spec-5198-55823-0941.fits
5198/spec-5198-55823-0942.fits
5198/spec-5198-55823-0943.fits
5198/spec-5198-55823-0944.fits
5198/spec-5198-55823-0945.fits
5198/spec-5198-55823-0946.fits
5198/spec-5198-55823-0947.fits
5198/spec-5198-55823-0948.fits
5198/spec-5198-55823-0949.fits
5198/spec-5198-55823-0950.fits
5198/spec-5198-55823-0951.fits
5198/spec-5198-55823-0952.fits
5198/spec-5198-55823-0953.fits
5198/spec-5198-55823-0954.fits
5198/spec-5198-55823-0955.fits
5198/spec-5198-55823-0956.fits
5198/spec-5198-55823-0957.fits
5198/spec-5198-55823-0958.fits
5198/spec-5198-55823-0959.fits
5198/spec-5198-55823-0960.fits
5198/spec-5198-55823-0961.fits
5198/spec-5198-55823-0962.fits
5198/spec-5198-55823-0963.fits
5198/spec-5198-55823-0964.fits
5198/spec-5198-55823-0965.fits
5198/spec-5198-55823-0966.fits
5198/spec-5198-55823-0967.fits
5198/spec-5198-55823-0968.fits
5198/spec-5198-55823-0969.fits
5198/spec-5198-55823-0970.fits
5198/spec-5198-55823-0971.fits
5198/spec-5198-55823-0972.fits
5198/spec-5198-55823-0973.fits
5198/spec-5198-55823-0974.fits
5198/spec-5198-55823-0975.fits
5198/spec-5198-55823-0976.fits
5198/spec-5198-55823-0977.fits
5198/spec-5198-55823-0978.fits
5198/spec-5198-55823-0979.fits
5198/spec-5198-55823-0980.fits
5198/spec-5198-55823-0981.fits
5198/spec-5198-55823-0982.fits
5198/spec-5198-55823-0983.fits
5198/spec-5198-55823-0984.fits
5198/spec-5198-55823-0985.fits
5198/spec-5198-55823-0986.fits
5198/spec-5198-55823-0987.fits
5198/spec-5198-55823-0988.fits
5198/spec-5198-55823-0989.fits
5198/spec-5198-55823-0990.fits
5198/spec-5198-55823-0991.fits
5198/spec-5198-55823-0992.fits
5198/spec-5198-55823-0993.fits
5198/spec-5198-55823-0994.fits
5198/spec-5198-55823-0995.fits
5198/spec-5198-55823-0996.fits
5198/spec-5198-55823-0997.fits
5198/spec-5198-55823-0998.fits
5198/spec-5198-55823-0999.fits
5198/spec-5198-55823-1000.fits
/var/lib/condor/execute/slot1/dir_36249
5198 5198.tgz R R361.tar.gz _condor_stderr _condor_stdout cB58_Lyman_break.fit condor_exec.exe hw4.R packages packages.tar.gz tmp var
[1] "Loaded package astro."
[1] 1000
5198 5198.csv 5198.tgz R R361.tar.gz _condor_stderr _condor_stdout cB58_Lyman_break.fit condor_exec.exe hw4.R packages packages.tar.gz tmp var
