5287
5287/
5287/spec-5287-55952-0001.fits
5287/spec-5287-55952-0002.fits
5287/spec-5287-55952-0003.fits
5287/spec-5287-55952-0004.fits
5287/spec-5287-55952-0005.fits
5287/spec-5287-55952-0006.fits
5287/spec-5287-55952-0007.fits
5287/spec-5287-55952-0008.fits
5287/spec-5287-55952-0009.fits
5287/spec-5287-55952-0010.fits
5287/spec-5287-55952-0011.fits
5287/spec-5287-55952-0012.fits
5287/spec-5287-55952-0013.fits
5287/spec-5287-55952-0014.fits
5287/spec-5287-55952-0015.fits
5287/spec-5287-55952-0016.fits
5287/spec-5287-55952-0017.fits
5287/spec-5287-55952-0018.fits
5287/spec-5287-55952-0019.fits
5287/spec-5287-55952-0020.fits
5287/spec-5287-55952-0021.fits
5287/spec-5287-55952-0022.fits
5287/spec-5287-55952-0023.fits
5287/spec-5287-55952-0024.fits
5287/spec-5287-55952-0025.fits
5287/spec-5287-55952-0026.fits
5287/spec-5287-55952-0027.fits
5287/spec-5287-55952-0028.fits
5287/spec-5287-55952-0029.fits
5287/spec-5287-55952-0030.fits
5287/spec-5287-55952-0031.fits
5287/spec-5287-55952-0032.fits
5287/spec-5287-55952-0033.fits
5287/spec-5287-55952-0034.fits
5287/spec-5287-55952-0035.fits
5287/spec-5287-55952-0036.fits
5287/spec-5287-55952-0037.fits
5287/spec-5287-55952-0038.fits
5287/spec-5287-55952-0039.fits
5287/spec-5287-55952-0040.fits
5287/spec-5287-55952-0041.fits
5287/spec-5287-55952-0042.fits
5287/spec-5287-55952-0043.fits
5287/spec-5287-55952-0044.fits
5287/spec-5287-55952-0045.fits
5287/spec-5287-55952-0046.fits
5287/spec-5287-55952-0047.fits
5287/spec-5287-55952-0048.fits
5287/spec-5287-55952-0049.fits
5287/spec-5287-55952-0050.fits
5287/spec-5287-55952-0051.fits
5287/spec-5287-55952-0052.fits
5287/spec-5287-55952-0053.fits
5287/spec-5287-55952-0054.fits
5287/spec-5287-55952-0055.fits
5287/spec-5287-55952-0056.fits
5287/spec-5287-55952-0057.fits
5287/spec-5287-55952-0058.fits
5287/spec-5287-55952-0059.fits
5287/spec-5287-55952-0060.fits
5287/spec-5287-55952-0061.fits
5287/spec-5287-55952-0062.fits
5287/spec-5287-55952-0063.fits
5287/spec-5287-55952-0064.fits
5287/spec-5287-55952-0065.fits
5287/spec-5287-55952-0066.fits
5287/spec-5287-55952-0067.fits
5287/spec-5287-55952-0068.fits
5287/spec-5287-55952-0069.fits
5287/spec-5287-55952-0070.fits
5287/spec-5287-55952-0071.fits
5287/spec-5287-55952-0072.fits
5287/spec-5287-55952-0073.fits
5287/spec-5287-55952-0074.fits
5287/spec-5287-55952-0075.fits
5287/spec-5287-55952-0076.fits
5287/spec-5287-55952-0077.fits
5287/spec-5287-55952-0078.fits
5287/spec-5287-55952-0079.fits
5287/spec-5287-55952-0080.fits
5287/spec-5287-55952-0081.fits
5287/spec-5287-55952-0082.fits
5287/spec-5287-55952-0083.fits
5287/spec-5287-55952-0084.fits
5287/spec-5287-55952-0085.fits
5287/spec-5287-55952-0086.fits
5287/spec-5287-55952-0087.fits
5287/spec-5287-55952-0088.fits
5287/spec-5287-55952-0089.fits
5287/spec-5287-55952-0090.fits
5287/spec-5287-55952-0091.fits
5287/spec-5287-55952-0092.fits
5287/spec-5287-55952-0093.fits
5287/spec-5287-55952-0094.fits
5287/spec-5287-55952-0095.fits
5287/spec-5287-55952-0096.fits
5287/spec-5287-55952-0097.fits
5287/spec-5287-55952-0098.fits
5287/spec-5287-55952-0099.fits
5287/spec-5287-55952-0100.fits
5287/spec-5287-55952-0101.fits
5287/spec-5287-55952-0102.fits
5287/spec-5287-55952-0103.fits
5287/spec-5287-55952-0104.fits
5287/spec-5287-55952-0105.fits
5287/spec-5287-55952-0106.fits
5287/spec-5287-55952-0107.fits
5287/spec-5287-55952-0108.fits
5287/spec-5287-55952-0109.fits
5287/spec-5287-55952-0110.fits
5287/spec-5287-55952-0111.fits
5287/spec-5287-55952-0112.fits
5287/spec-5287-55952-0113.fits
5287/spec-5287-55952-0114.fits
5287/spec-5287-55952-0115.fits
5287/spec-5287-55952-0116.fits
5287/spec-5287-55952-0117.fits
5287/spec-5287-55952-0118.fits
5287/spec-5287-55952-0119.fits
5287/spec-5287-55952-0120.fits
5287/spec-5287-55952-0121.fits
5287/spec-5287-55952-0122.fits
5287/spec-5287-55952-0123.fits
5287/spec-5287-55952-0124.fits
5287/spec-5287-55952-0125.fits
5287/spec-5287-55952-0126.fits
5287/spec-5287-55952-0127.fits
5287/spec-5287-55952-0128.fits
5287/spec-5287-55952-0129.fits
5287/spec-5287-55952-0130.fits
5287/spec-5287-55952-0131.fits
5287/spec-5287-55952-0132.fits
5287/spec-5287-55952-0133.fits
5287/spec-5287-55952-0134.fits
5287/spec-5287-55952-0135.fits
5287/spec-5287-55952-0136.fits
5287/spec-5287-55952-0137.fits
5287/spec-5287-55952-0138.fits
5287/spec-5287-55952-0139.fits
5287/spec-5287-55952-0140.fits
5287/spec-5287-55952-0141.fits
5287/spec-5287-55952-0142.fits
5287/spec-5287-55952-0143.fits
5287/spec-5287-55952-0144.fits
5287/spec-5287-55952-0145.fits
5287/spec-5287-55952-0146.fits
5287/spec-5287-55952-0147.fits
5287/spec-5287-55952-0148.fits
5287/spec-5287-55952-0149.fits
5287/spec-5287-55952-0150.fits
5287/spec-5287-55952-0151.fits
5287/spec-5287-55952-0152.fits
5287/spec-5287-55952-0153.fits
5287/spec-5287-55952-0154.fits
5287/spec-5287-55952-0155.fits
5287/spec-5287-55952-0156.fits
5287/spec-5287-55952-0157.fits
5287/spec-5287-55952-0158.fits
5287/spec-5287-55952-0159.fits
5287/spec-5287-55952-0160.fits
5287/spec-5287-55952-0161.fits
5287/spec-5287-55952-0162.fits
5287/spec-5287-55952-0163.fits
5287/spec-5287-55952-0164.fits
5287/spec-5287-55952-0165.fits
5287/spec-5287-55952-0166.fits
5287/spec-5287-55952-0167.fits
5287/spec-5287-55952-0168.fits
5287/spec-5287-55952-0169.fits
5287/spec-5287-55952-0170.fits
5287/spec-5287-55952-0171.fits
5287/spec-5287-55952-0172.fits
5287/spec-5287-55952-0173.fits
5287/spec-5287-55952-0174.fits
5287/spec-5287-55952-0175.fits
5287/spec-5287-55952-0176.fits
5287/spec-5287-55952-0177.fits
5287/spec-5287-55952-0178.fits
5287/spec-5287-55952-0179.fits
5287/spec-5287-55952-0180.fits
5287/spec-5287-55952-0181.fits
5287/spec-5287-55952-0182.fits
5287/spec-5287-55952-0183.fits
5287/spec-5287-55952-0184.fits
5287/spec-5287-55952-0185.fits
5287/spec-5287-55952-0186.fits
5287/spec-5287-55952-0187.fits
5287/spec-5287-55952-0188.fits
5287/spec-5287-55952-0189.fits
5287/spec-5287-55952-0190.fits
5287/spec-5287-55952-0191.fits
5287/spec-5287-55952-0192.fits
5287/spec-5287-55952-0193.fits
5287/spec-5287-55952-0194.fits
5287/spec-5287-55952-0195.fits
5287/spec-5287-55952-0196.fits
5287/spec-5287-55952-0197.fits
5287/spec-5287-55952-0198.fits
5287/spec-5287-55952-0199.fits
5287/spec-5287-55952-0200.fits
5287/spec-5287-55952-0201.fits
5287/spec-5287-55952-0202.fits
5287/spec-5287-55952-0203.fits
5287/spec-5287-55952-0204.fits
5287/spec-5287-55952-0205.fits
5287/spec-5287-55952-0206.fits
5287/spec-5287-55952-0207.fits
5287/spec-5287-55952-0208.fits
5287/spec-5287-55952-0209.fits
5287/spec-5287-55952-0210.fits
5287/spec-5287-55952-0211.fits
5287/spec-5287-55952-0212.fits
5287/spec-5287-55952-0213.fits
5287/spec-5287-55952-0214.fits
5287/spec-5287-55952-0215.fits
5287/spec-5287-55952-0216.fits
5287/spec-5287-55952-0217.fits
5287/spec-5287-55952-0218.fits
5287/spec-5287-55952-0219.fits
5287/spec-5287-55952-0220.fits
5287/spec-5287-55952-0221.fits
5287/spec-5287-55952-0222.fits
5287/spec-5287-55952-0223.fits
5287/spec-5287-55952-0224.fits
5287/spec-5287-55952-0225.fits
5287/spec-5287-55952-0226.fits
5287/spec-5287-55952-0227.fits
5287/spec-5287-55952-0228.fits
5287/spec-5287-55952-0229.fits
5287/spec-5287-55952-0230.fits
5287/spec-5287-55952-0231.fits
5287/spec-5287-55952-0232.fits
5287/spec-5287-55952-0233.fits
5287/spec-5287-55952-0234.fits
5287/spec-5287-55952-0235.fits
5287/spec-5287-55952-0236.fits
5287/spec-5287-55952-0237.fits
5287/spec-5287-55952-0238.fits
5287/spec-5287-55952-0239.fits
5287/spec-5287-55952-0240.fits
5287/spec-5287-55952-0241.fits
5287/spec-5287-55952-0242.fits
5287/spec-5287-55952-0243.fits
5287/spec-5287-55952-0244.fits
5287/spec-5287-55952-0245.fits
5287/spec-5287-55952-0246.fits
5287/spec-5287-55952-0247.fits
5287/spec-5287-55952-0248.fits
5287/spec-5287-55952-0249.fits
5287/spec-5287-55952-0250.fits
5287/spec-5287-55952-0251.fits
5287/spec-5287-55952-0252.fits
5287/spec-5287-55952-0253.fits
5287/spec-5287-55952-0254.fits
5287/spec-5287-55952-0255.fits
5287/spec-5287-55952-0256.fits
5287/spec-5287-55952-0257.fits
5287/spec-5287-55952-0258.fits
5287/spec-5287-55952-0259.fits
5287/spec-5287-55952-0260.fits
5287/spec-5287-55952-0261.fits
5287/spec-5287-55952-0262.fits
5287/spec-5287-55952-0263.fits
5287/spec-5287-55952-0264.fits
5287/spec-5287-55952-0265.fits
5287/spec-5287-55952-0266.fits
5287/spec-5287-55952-0267.fits
5287/spec-5287-55952-0268.fits
5287/spec-5287-55952-0269.fits
5287/spec-5287-55952-0270.fits
5287/spec-5287-55952-0271.fits
5287/spec-5287-55952-0272.fits
5287/spec-5287-55952-0273.fits
5287/spec-5287-55952-0274.fits
5287/spec-5287-55952-0275.fits
5287/spec-5287-55952-0276.fits
5287/spec-5287-55952-0277.fits
5287/spec-5287-55952-0278.fits
5287/spec-5287-55952-0279.fits
5287/spec-5287-55952-0280.fits
5287/spec-5287-55952-0281.fits
5287/spec-5287-55952-0282.fits
5287/spec-5287-55952-0283.fits
5287/spec-5287-55952-0284.fits
5287/spec-5287-55952-0285.fits
5287/spec-5287-55952-0286.fits
5287/spec-5287-55952-0287.fits
5287/spec-5287-55952-0288.fits
5287/spec-5287-55952-0289.fits
5287/spec-5287-55952-0290.fits
5287/spec-5287-55952-0291.fits
5287/spec-5287-55952-0292.fits
5287/spec-5287-55952-0293.fits
5287/spec-5287-55952-0294.fits
5287/spec-5287-55952-0295.fits
5287/spec-5287-55952-0296.fits
5287/spec-5287-55952-0297.fits
5287/spec-5287-55952-0298.fits
5287/spec-5287-55952-0299.fits
5287/spec-5287-55952-0300.fits
5287/spec-5287-55952-0301.fits
5287/spec-5287-55952-0302.fits
5287/spec-5287-55952-0303.fits
5287/spec-5287-55952-0304.fits
5287/spec-5287-55952-0305.fits
5287/spec-5287-55952-0306.fits
5287/spec-5287-55952-0307.fits
5287/spec-5287-55952-0308.fits
5287/spec-5287-55952-0309.fits
5287/spec-5287-55952-0310.fits
5287/spec-5287-55952-0311.fits
5287/spec-5287-55952-0312.fits
5287/spec-5287-55952-0313.fits
5287/spec-5287-55952-0314.fits
5287/spec-5287-55952-0315.fits
5287/spec-5287-55952-0316.fits
5287/spec-5287-55952-0317.fits
5287/spec-5287-55952-0318.fits
5287/spec-5287-55952-0319.fits
5287/spec-5287-55952-0320.fits
5287/spec-5287-55952-0321.fits
5287/spec-5287-55952-0322.fits
5287/spec-5287-55952-0323.fits
5287/spec-5287-55952-0324.fits
5287/spec-5287-55952-0325.fits
5287/spec-5287-55952-0326.fits
5287/spec-5287-55952-0327.fits
5287/spec-5287-55952-0328.fits
5287/spec-5287-55952-0329.fits
5287/spec-5287-55952-0330.fits
5287/spec-5287-55952-0331.fits
5287/spec-5287-55952-0332.fits
5287/spec-5287-55952-0333.fits
5287/spec-5287-55952-0334.fits
5287/spec-5287-55952-0335.fits
5287/spec-5287-55952-0336.fits
5287/spec-5287-55952-0337.fits
5287/spec-5287-55952-0338.fits
5287/spec-5287-55952-0339.fits
5287/spec-5287-55952-0340.fits
5287/spec-5287-55952-0341.fits
5287/spec-5287-55952-0342.fits
5287/spec-5287-55952-0343.fits
5287/spec-5287-55952-0344.fits
5287/spec-5287-55952-0345.fits
5287/spec-5287-55952-0346.fits
5287/spec-5287-55952-0347.fits
5287/spec-5287-55952-0348.fits
5287/spec-5287-55952-0349.fits
5287/spec-5287-55952-0350.fits
5287/spec-5287-55952-0351.fits
5287/spec-5287-55952-0352.fits
5287/spec-5287-55952-0353.fits
5287/spec-5287-55952-0354.fits
5287/spec-5287-55952-0355.fits
5287/spec-5287-55952-0356.fits
5287/spec-5287-55952-0357.fits
5287/spec-5287-55952-0358.fits
5287/spec-5287-55952-0359.fits
5287/spec-5287-55952-0360.fits
5287/spec-5287-55952-0361.fits
5287/spec-5287-55952-0362.fits
5287/spec-5287-55952-0363.fits
5287/spec-5287-55952-0364.fits
5287/spec-5287-55952-0365.fits
5287/spec-5287-55952-0366.fits
5287/spec-5287-55952-0367.fits
5287/spec-5287-55952-0368.fits
5287/spec-5287-55952-0369.fits
5287/spec-5287-55952-0370.fits
5287/spec-5287-55952-0371.fits
5287/spec-5287-55952-0372.fits
5287/spec-5287-55952-0373.fits
5287/spec-5287-55952-0374.fits
5287/spec-5287-55952-0375.fits
5287/spec-5287-55952-0376.fits
5287/spec-5287-55952-0377.fits
5287/spec-5287-55952-0378.fits
5287/spec-5287-55952-0379.fits
5287/spec-5287-55952-0380.fits
5287/spec-5287-55952-0381.fits
5287/spec-5287-55952-0382.fits
5287/spec-5287-55952-0383.fits
5287/spec-5287-55952-0384.fits
5287/spec-5287-55952-0385.fits
5287/spec-5287-55952-0386.fits
5287/spec-5287-55952-0387.fits
5287/spec-5287-55952-0388.fits
5287/spec-5287-55952-0389.fits
5287/spec-5287-55952-0390.fits
5287/spec-5287-55952-0391.fits
5287/spec-5287-55952-0392.fits
5287/spec-5287-55952-0393.fits
5287/spec-5287-55952-0394.fits
5287/spec-5287-55952-0395.fits
5287/spec-5287-55952-0396.fits
5287/spec-5287-55952-0397.fits
5287/spec-5287-55952-0398.fits
5287/spec-5287-55952-0399.fits
5287/spec-5287-55952-0400.fits
5287/spec-5287-55952-0401.fits
5287/spec-5287-55952-0402.fits
5287/spec-5287-55952-0403.fits
5287/spec-5287-55952-0404.fits
5287/spec-5287-55952-0405.fits
5287/spec-5287-55952-0406.fits
5287/spec-5287-55952-0407.fits
5287/spec-5287-55952-0408.fits
5287/spec-5287-55952-0409.fits
5287/spec-5287-55952-0410.fits
5287/spec-5287-55952-0411.fits
5287/spec-5287-55952-0412.fits
5287/spec-5287-55952-0413.fits
5287/spec-5287-55952-0414.fits
5287/spec-5287-55952-0415.fits
5287/spec-5287-55952-0416.fits
5287/spec-5287-55952-0417.fits
5287/spec-5287-55952-0418.fits
5287/spec-5287-55952-0419.fits
5287/spec-5287-55952-0420.fits
5287/spec-5287-55952-0421.fits
5287/spec-5287-55952-0422.fits
5287/spec-5287-55952-0423.fits
5287/spec-5287-55952-0424.fits
5287/spec-5287-55952-0425.fits
5287/spec-5287-55952-0426.fits
5287/spec-5287-55952-0427.fits
5287/spec-5287-55952-0428.fits
5287/spec-5287-55952-0429.fits
5287/spec-5287-55952-0430.fits
5287/spec-5287-55952-0431.fits
5287/spec-5287-55952-0432.fits
5287/spec-5287-55952-0433.fits
5287/spec-5287-55952-0434.fits
5287/spec-5287-55952-0435.fits
5287/spec-5287-55952-0436.fits
5287/spec-5287-55952-0437.fits
5287/spec-5287-55952-0438.fits
5287/spec-5287-55952-0439.fits
5287/spec-5287-55952-0440.fits
5287/spec-5287-55952-0441.fits
5287/spec-5287-55952-0442.fits
5287/spec-5287-55952-0443.fits
5287/spec-5287-55952-0444.fits
5287/spec-5287-55952-0445.fits
5287/spec-5287-55952-0446.fits
5287/spec-5287-55952-0447.fits
5287/spec-5287-55952-0448.fits
5287/spec-5287-55952-0449.fits
5287/spec-5287-55952-0450.fits
5287/spec-5287-55952-0451.fits
5287/spec-5287-55952-0452.fits
5287/spec-5287-55952-0453.fits
5287/spec-5287-55952-0454.fits
5287/spec-5287-55952-0455.fits
5287/spec-5287-55952-0456.fits
5287/spec-5287-55952-0457.fits
5287/spec-5287-55952-0458.fits
5287/spec-5287-55952-0459.fits
5287/spec-5287-55952-0460.fits
5287/spec-5287-55952-0461.fits
5287/spec-5287-55952-0462.fits
5287/spec-5287-55952-0463.fits
5287/spec-5287-55952-0464.fits
5287/spec-5287-55952-0465.fits
5287/spec-5287-55952-0466.fits
5287/spec-5287-55952-0467.fits
5287/spec-5287-55952-0468.fits
5287/spec-5287-55952-0469.fits
5287/spec-5287-55952-0470.fits
5287/spec-5287-55952-0471.fits
5287/spec-5287-55952-0472.fits
5287/spec-5287-55952-0473.fits
5287/spec-5287-55952-0474.fits
5287/spec-5287-55952-0475.fits
5287/spec-5287-55952-0476.fits
5287/spec-5287-55952-0477.fits
5287/spec-5287-55952-0478.fits
5287/spec-5287-55952-0479.fits
5287/spec-5287-55952-0480.fits
5287/spec-5287-55952-0481.fits
5287/spec-5287-55952-0482.fits
5287/spec-5287-55952-0483.fits
5287/spec-5287-55952-0484.fits
5287/spec-5287-55952-0485.fits
5287/spec-5287-55952-0486.fits
5287/spec-5287-55952-0487.fits
5287/spec-5287-55952-0488.fits
5287/spec-5287-55952-0489.fits
5287/spec-5287-55952-0490.fits
5287/spec-5287-55952-0491.fits
5287/spec-5287-55952-0492.fits
5287/spec-5287-55952-0493.fits
5287/spec-5287-55952-0494.fits
5287/spec-5287-55952-0495.fits
5287/spec-5287-55952-0496.fits
5287/spec-5287-55952-0497.fits
5287/spec-5287-55952-0498.fits
5287/spec-5287-55952-0499.fits
5287/spec-5287-55952-0500.fits
5287/spec-5287-55952-0501.fits
5287/spec-5287-55952-0502.fits
5287/spec-5287-55952-0503.fits
5287/spec-5287-55952-0504.fits
5287/spec-5287-55952-0505.fits
5287/spec-5287-55952-0506.fits
5287/spec-5287-55952-0507.fits
5287/spec-5287-55952-0508.fits
5287/spec-5287-55952-0509.fits
5287/spec-5287-55952-0510.fits
5287/spec-5287-55952-0511.fits
5287/spec-5287-55952-0512.fits
5287/spec-5287-55952-0513.fits
5287/spec-5287-55952-0514.fits
5287/spec-5287-55952-0515.fits
5287/spec-5287-55952-0516.fits
5287/spec-5287-55952-0517.fits
5287/spec-5287-55952-0518.fits
5287/spec-5287-55952-0519.fits
5287/spec-5287-55952-0520.fits
5287/spec-5287-55952-0521.fits
5287/spec-5287-55952-0522.fits
5287/spec-5287-55952-0523.fits
5287/spec-5287-55952-0524.fits
5287/spec-5287-55952-0525.fits
5287/spec-5287-55952-0526.fits
5287/spec-5287-55952-0527.fits
5287/spec-5287-55952-0528.fits
5287/spec-5287-55952-0529.fits
5287/spec-5287-55952-0530.fits
5287/spec-5287-55952-0531.fits
5287/spec-5287-55952-0532.fits
5287/spec-5287-55952-0533.fits
5287/spec-5287-55952-0534.fits
5287/spec-5287-55952-0535.fits
5287/spec-5287-55952-0536.fits
5287/spec-5287-55952-0537.fits
5287/spec-5287-55952-0538.fits
5287/spec-5287-55952-0539.fits
5287/spec-5287-55952-0540.fits
5287/spec-5287-55952-0541.fits
5287/spec-5287-55952-0542.fits
5287/spec-5287-55952-0543.fits
5287/spec-5287-55952-0544.fits
5287/spec-5287-55952-0545.fits
5287/spec-5287-55952-0546.fits
5287/spec-5287-55952-0547.fits
5287/spec-5287-55952-0548.fits
5287/spec-5287-55952-0549.fits
5287/spec-5287-55952-0550.fits
5287/spec-5287-55952-0551.fits
5287/spec-5287-55952-0552.fits
5287/spec-5287-55952-0553.fits
5287/spec-5287-55952-0554.fits
5287/spec-5287-55952-0555.fits
5287/spec-5287-55952-0556.fits
5287/spec-5287-55952-0557.fits
5287/spec-5287-55952-0558.fits
5287/spec-5287-55952-0559.fits
5287/spec-5287-55952-0560.fits
5287/spec-5287-55952-0561.fits
5287/spec-5287-55952-0562.fits
5287/spec-5287-55952-0563.fits
5287/spec-5287-55952-0564.fits
5287/spec-5287-55952-0565.fits
5287/spec-5287-55952-0566.fits
5287/spec-5287-55952-0567.fits
5287/spec-5287-55952-0568.fits
5287/spec-5287-55952-0569.fits
5287/spec-5287-55952-0570.fits
5287/spec-5287-55952-0571.fits
5287/spec-5287-55952-0572.fits
5287/spec-5287-55952-0573.fits
5287/spec-5287-55952-0574.fits
5287/spec-5287-55952-0575.fits
5287/spec-5287-55952-0576.fits
5287/spec-5287-55952-0577.fits
5287/spec-5287-55952-0578.fits
5287/spec-5287-55952-0579.fits
5287/spec-5287-55952-0580.fits
5287/spec-5287-55952-0581.fits
5287/spec-5287-55952-0582.fits
5287/spec-5287-55952-0583.fits
5287/spec-5287-55952-0584.fits
5287/spec-5287-55952-0585.fits
5287/spec-5287-55952-0586.fits
5287/spec-5287-55952-0587.fits
5287/spec-5287-55952-0588.fits
5287/spec-5287-55952-0589.fits
5287/spec-5287-55952-0590.fits
5287/spec-5287-55952-0591.fits
5287/spec-5287-55952-0592.fits
5287/spec-5287-55952-0593.fits
5287/spec-5287-55952-0594.fits
5287/spec-5287-55952-0595.fits
5287/spec-5287-55952-0596.fits
5287/spec-5287-55952-0597.fits
5287/spec-5287-55952-0598.fits
5287/spec-5287-55952-0599.fits
5287/spec-5287-55952-0600.fits
5287/spec-5287-55952-0601.fits
5287/spec-5287-55952-0602.fits
5287/spec-5287-55952-0603.fits
5287/spec-5287-55952-0604.fits
5287/spec-5287-55952-0605.fits
5287/spec-5287-55952-0606.fits
5287/spec-5287-55952-0607.fits
5287/spec-5287-55952-0608.fits
5287/spec-5287-55952-0609.fits
5287/spec-5287-55952-0610.fits
5287/spec-5287-55952-0611.fits
5287/spec-5287-55952-0612.fits
5287/spec-5287-55952-0613.fits
5287/spec-5287-55952-0614.fits
5287/spec-5287-55952-0615.fits
5287/spec-5287-55952-0616.fits
5287/spec-5287-55952-0617.fits
5287/spec-5287-55952-0618.fits
5287/spec-5287-55952-0619.fits
5287/spec-5287-55952-0620.fits
5287/spec-5287-55952-0621.fits
5287/spec-5287-55952-0622.fits
5287/spec-5287-55952-0623.fits
5287/spec-5287-55952-0624.fits
5287/spec-5287-55952-0625.fits
5287/spec-5287-55952-0626.fits
5287/spec-5287-55952-0627.fits
5287/spec-5287-55952-0628.fits
5287/spec-5287-55952-0629.fits
5287/spec-5287-55952-0630.fits
5287/spec-5287-55952-0631.fits
5287/spec-5287-55952-0632.fits
5287/spec-5287-55952-0633.fits
5287/spec-5287-55952-0634.fits
5287/spec-5287-55952-0635.fits
5287/spec-5287-55952-0636.fits
5287/spec-5287-55952-0637.fits
5287/spec-5287-55952-0638.fits
5287/spec-5287-55952-0639.fits
5287/spec-5287-55952-0640.fits
5287/spec-5287-55952-0641.fits
5287/spec-5287-55952-0642.fits
5287/spec-5287-55952-0643.fits
5287/spec-5287-55952-0644.fits
5287/spec-5287-55952-0645.fits
5287/spec-5287-55952-0646.fits
5287/spec-5287-55952-0647.fits
5287/spec-5287-55952-0648.fits
5287/spec-5287-55952-0649.fits
5287/spec-5287-55952-0650.fits
5287/spec-5287-55952-0651.fits
5287/spec-5287-55952-0652.fits
5287/spec-5287-55952-0653.fits
5287/spec-5287-55952-0654.fits
5287/spec-5287-55952-0655.fits
5287/spec-5287-55952-0656.fits
5287/spec-5287-55952-0657.fits
5287/spec-5287-55952-0658.fits
5287/spec-5287-55952-0659.fits
5287/spec-5287-55952-0660.fits
5287/spec-5287-55952-0661.fits
5287/spec-5287-55952-0662.fits
5287/spec-5287-55952-0663.fits
5287/spec-5287-55952-0664.fits
5287/spec-5287-55952-0665.fits
5287/spec-5287-55952-0666.fits
5287/spec-5287-55952-0667.fits
5287/spec-5287-55952-0668.fits
5287/spec-5287-55952-0669.fits
5287/spec-5287-55952-0670.fits
5287/spec-5287-55952-0671.fits
5287/spec-5287-55952-0672.fits
5287/spec-5287-55952-0673.fits
5287/spec-5287-55952-0674.fits
5287/spec-5287-55952-0675.fits
5287/spec-5287-55952-0676.fits
5287/spec-5287-55952-0677.fits
5287/spec-5287-55952-0678.fits
5287/spec-5287-55952-0679.fits
5287/spec-5287-55952-0680.fits
5287/spec-5287-55952-0681.fits
5287/spec-5287-55952-0682.fits
5287/spec-5287-55952-0683.fits
5287/spec-5287-55952-0684.fits
5287/spec-5287-55952-0685.fits
5287/spec-5287-55952-0686.fits
5287/spec-5287-55952-0687.fits
5287/spec-5287-55952-0688.fits
5287/spec-5287-55952-0689.fits
5287/spec-5287-55952-0690.fits
5287/spec-5287-55952-0691.fits
5287/spec-5287-55952-0692.fits
5287/spec-5287-55952-0693.fits
5287/spec-5287-55952-0694.fits
5287/spec-5287-55952-0695.fits
5287/spec-5287-55952-0696.fits
5287/spec-5287-55952-0697.fits
5287/spec-5287-55952-0698.fits
5287/spec-5287-55952-0699.fits
5287/spec-5287-55952-0700.fits
5287/spec-5287-55952-0701.fits
5287/spec-5287-55952-0702.fits
5287/spec-5287-55952-0703.fits
5287/spec-5287-55952-0704.fits
5287/spec-5287-55952-0705.fits
5287/spec-5287-55952-0706.fits
5287/spec-5287-55952-0707.fits
5287/spec-5287-55952-0708.fits
5287/spec-5287-55952-0709.fits
5287/spec-5287-55952-0710.fits
5287/spec-5287-55952-0711.fits
5287/spec-5287-55952-0712.fits
5287/spec-5287-55952-0713.fits
5287/spec-5287-55952-0714.fits
5287/spec-5287-55952-0715.fits
5287/spec-5287-55952-0716.fits
5287/spec-5287-55952-0717.fits
5287/spec-5287-55952-0718.fits
5287/spec-5287-55952-0719.fits
5287/spec-5287-55952-0720.fits
5287/spec-5287-55952-0721.fits
5287/spec-5287-55952-0722.fits
5287/spec-5287-55952-0723.fits
5287/spec-5287-55952-0724.fits
5287/spec-5287-55952-0725.fits
5287/spec-5287-55952-0726.fits
5287/spec-5287-55952-0727.fits
5287/spec-5287-55952-0728.fits
5287/spec-5287-55952-0729.fits
5287/spec-5287-55952-0730.fits
5287/spec-5287-55952-0731.fits
5287/spec-5287-55952-0732.fits
5287/spec-5287-55952-0733.fits
5287/spec-5287-55952-0734.fits
5287/spec-5287-55952-0735.fits
5287/spec-5287-55952-0736.fits
5287/spec-5287-55952-0737.fits
5287/spec-5287-55952-0738.fits
5287/spec-5287-55952-0739.fits
5287/spec-5287-55952-0740.fits
5287/spec-5287-55952-0741.fits
5287/spec-5287-55952-0742.fits
5287/spec-5287-55952-0743.fits
5287/spec-5287-55952-0744.fits
5287/spec-5287-55952-0745.fits
5287/spec-5287-55952-0746.fits
5287/spec-5287-55952-0747.fits
5287/spec-5287-55952-0748.fits
5287/spec-5287-55952-0749.fits
5287/spec-5287-55952-0750.fits
5287/spec-5287-55952-0751.fits
5287/spec-5287-55952-0752.fits
5287/spec-5287-55952-0753.fits
5287/spec-5287-55952-0754.fits
5287/spec-5287-55952-0755.fits
5287/spec-5287-55952-0756.fits
5287/spec-5287-55952-0757.fits
5287/spec-5287-55952-0758.fits
5287/spec-5287-55952-0759.fits
5287/spec-5287-55952-0760.fits
5287/spec-5287-55952-0761.fits
5287/spec-5287-55952-0762.fits
5287/spec-5287-55952-0763.fits
5287/spec-5287-55952-0764.fits
5287/spec-5287-55952-0765.fits
5287/spec-5287-55952-0766.fits
5287/spec-5287-55952-0767.fits
5287/spec-5287-55952-0768.fits
5287/spec-5287-55952-0769.fits
5287/spec-5287-55952-0770.fits
5287/spec-5287-55952-0771.fits
5287/spec-5287-55952-0772.fits
5287/spec-5287-55952-0773.fits
5287/spec-5287-55952-0774.fits
5287/spec-5287-55952-0775.fits
5287/spec-5287-55952-0776.fits
5287/spec-5287-55952-0777.fits
5287/spec-5287-55952-0778.fits
5287/spec-5287-55952-0779.fits
5287/spec-5287-55952-0780.fits
5287/spec-5287-55952-0781.fits
5287/spec-5287-55952-0782.fits
5287/spec-5287-55952-0783.fits
5287/spec-5287-55952-0784.fits
5287/spec-5287-55952-0785.fits
5287/spec-5287-55952-0786.fits
5287/spec-5287-55952-0787.fits
5287/spec-5287-55952-0788.fits
5287/spec-5287-55952-0789.fits
5287/spec-5287-55952-0790.fits
5287/spec-5287-55952-0791.fits
5287/spec-5287-55952-0792.fits
5287/spec-5287-55952-0793.fits
5287/spec-5287-55952-0794.fits
5287/spec-5287-55952-0795.fits
5287/spec-5287-55952-0796.fits
5287/spec-5287-55952-0797.fits
5287/spec-5287-55952-0798.fits
5287/spec-5287-55952-0799.fits
5287/spec-5287-55952-0800.fits
5287/spec-5287-55952-0801.fits
5287/spec-5287-55952-0802.fits
5287/spec-5287-55952-0803.fits
5287/spec-5287-55952-0804.fits
5287/spec-5287-55952-0805.fits
5287/spec-5287-55952-0806.fits
5287/spec-5287-55952-0807.fits
5287/spec-5287-55952-0808.fits
5287/spec-5287-55952-0809.fits
5287/spec-5287-55952-0810.fits
5287/spec-5287-55952-0811.fits
5287/spec-5287-55952-0812.fits
5287/spec-5287-55952-0813.fits
5287/spec-5287-55952-0814.fits
5287/spec-5287-55952-0815.fits
5287/spec-5287-55952-0816.fits
5287/spec-5287-55952-0817.fits
5287/spec-5287-55952-0818.fits
5287/spec-5287-55952-0819.fits
5287/spec-5287-55952-0820.fits
5287/spec-5287-55952-0821.fits
5287/spec-5287-55952-0822.fits
5287/spec-5287-55952-0823.fits
5287/spec-5287-55952-0824.fits
5287/spec-5287-55952-0825.fits
5287/spec-5287-55952-0826.fits
5287/spec-5287-55952-0827.fits
5287/spec-5287-55952-0828.fits
5287/spec-5287-55952-0829.fits
5287/spec-5287-55952-0830.fits
5287/spec-5287-55952-0831.fits
5287/spec-5287-55952-0832.fits
5287/spec-5287-55952-0833.fits
5287/spec-5287-55952-0834.fits
5287/spec-5287-55952-0835.fits
5287/spec-5287-55952-0836.fits
5287/spec-5287-55952-0837.fits
5287/spec-5287-55952-0838.fits
5287/spec-5287-55952-0839.fits
5287/spec-5287-55952-0840.fits
5287/spec-5287-55952-0841.fits
5287/spec-5287-55952-0842.fits
5287/spec-5287-55952-0843.fits
5287/spec-5287-55952-0844.fits
5287/spec-5287-55952-0845.fits
5287/spec-5287-55952-0846.fits
5287/spec-5287-55952-0847.fits
5287/spec-5287-55952-0848.fits
5287/spec-5287-55952-0849.fits
5287/spec-5287-55952-0850.fits
5287/spec-5287-55952-0851.fits
5287/spec-5287-55952-0852.fits
5287/spec-5287-55952-0853.fits
5287/spec-5287-55952-0854.fits
5287/spec-5287-55952-0855.fits
5287/spec-5287-55952-0856.fits
5287/spec-5287-55952-0857.fits
5287/spec-5287-55952-0858.fits
5287/spec-5287-55952-0859.fits
5287/spec-5287-55952-0860.fits
5287/spec-5287-55952-0861.fits
5287/spec-5287-55952-0862.fits
5287/spec-5287-55952-0863.fits
5287/spec-5287-55952-0864.fits
5287/spec-5287-55952-0865.fits
5287/spec-5287-55952-0866.fits
5287/spec-5287-55952-0867.fits
5287/spec-5287-55952-0868.fits
5287/spec-5287-55952-0869.fits
5287/spec-5287-55952-0870.fits
5287/spec-5287-55952-0871.fits
5287/spec-5287-55952-0872.fits
5287/spec-5287-55952-0873.fits
5287/spec-5287-55952-0874.fits
5287/spec-5287-55952-0875.fits
5287/spec-5287-55952-0876.fits
5287/spec-5287-55952-0877.fits
5287/spec-5287-55952-0878.fits
5287/spec-5287-55952-0879.fits
5287/spec-5287-55952-0880.fits
5287/spec-5287-55952-0881.fits
5287/spec-5287-55952-0882.fits
5287/spec-5287-55952-0883.fits
5287/spec-5287-55952-0884.fits
5287/spec-5287-55952-0885.fits
5287/spec-5287-55952-0886.fits
5287/spec-5287-55952-0887.fits
5287/spec-5287-55952-0888.fits
5287/spec-5287-55952-0889.fits
5287/spec-5287-55952-0890.fits
5287/spec-5287-55952-0891.fits
5287/spec-5287-55952-0892.fits
5287/spec-5287-55952-0893.fits
5287/spec-5287-55952-0894.fits
5287/spec-5287-55952-0895.fits
5287/spec-5287-55952-0896.fits
5287/spec-5287-55952-0897.fits
5287/spec-5287-55952-0898.fits
5287/spec-5287-55952-0899.fits
5287/spec-5287-55952-0900.fits
5287/spec-5287-55952-0901.fits
5287/spec-5287-55952-0902.fits
5287/spec-5287-55952-0903.fits
5287/spec-5287-55952-0904.fits
5287/spec-5287-55952-0905.fits
5287/spec-5287-55952-0906.fits
5287/spec-5287-55952-0907.fits
5287/spec-5287-55952-0908.fits
5287/spec-5287-55952-0909.fits
5287/spec-5287-55952-0910.fits
5287/spec-5287-55952-0911.fits
5287/spec-5287-55952-0912.fits
5287/spec-5287-55952-0913.fits
5287/spec-5287-55952-0914.fits
5287/spec-5287-55952-0915.fits
5287/spec-5287-55952-0916.fits
5287/spec-5287-55952-0917.fits
5287/spec-5287-55952-0918.fits
5287/spec-5287-55952-0919.fits
5287/spec-5287-55952-0920.fits
5287/spec-5287-55952-0921.fits
5287/spec-5287-55952-0922.fits
5287/spec-5287-55952-0923.fits
5287/spec-5287-55952-0924.fits
5287/spec-5287-55952-0925.fits
5287/spec-5287-55952-0926.fits
5287/spec-5287-55952-0927.fits
5287/spec-5287-55952-0928.fits
5287/spec-5287-55952-0929.fits
5287/spec-5287-55952-0930.fits
5287/spec-5287-55952-0931.fits
5287/spec-5287-55952-0932.fits
5287/spec-5287-55952-0933.fits
5287/spec-5287-55952-0934.fits
5287/spec-5287-55952-0935.fits
5287/spec-5287-55952-0936.fits
5287/spec-5287-55952-0937.fits
5287/spec-5287-55952-0938.fits
5287/spec-5287-55952-0939.fits
5287/spec-5287-55952-0940.fits
5287/spec-5287-55952-0941.fits
5287/spec-5287-55952-0942.fits
5287/spec-5287-55952-0943.fits
5287/spec-5287-55952-0944.fits
5287/spec-5287-55952-0945.fits
5287/spec-5287-55952-0946.fits
5287/spec-5287-55952-0947.fits
5287/spec-5287-55952-0948.fits
5287/spec-5287-55952-0949.fits
5287/spec-5287-55952-0950.fits
5287/spec-5287-55952-0951.fits
5287/spec-5287-55952-0952.fits
5287/spec-5287-55952-0953.fits
5287/spec-5287-55952-0954.fits
5287/spec-5287-55952-0955.fits
5287/spec-5287-55952-0956.fits
5287/spec-5287-55952-0957.fits
5287/spec-5287-55952-0958.fits
5287/spec-5287-55952-0959.fits
5287/spec-5287-55952-0960.fits
5287/spec-5287-55952-0961.fits
5287/spec-5287-55952-0962.fits
5287/spec-5287-55952-0963.fits
5287/spec-5287-55952-0964.fits
5287/spec-5287-55952-0965.fits
5287/spec-5287-55952-0966.fits
5287/spec-5287-55952-0967.fits
5287/spec-5287-55952-0968.fits
5287/spec-5287-55952-0969.fits
5287/spec-5287-55952-0970.fits
5287/spec-5287-55952-0971.fits
5287/spec-5287-55952-0972.fits
5287/spec-5287-55952-0973.fits
5287/spec-5287-55952-0974.fits
5287/spec-5287-55952-0975.fits
5287/spec-5287-55952-0976.fits
5287/spec-5287-55952-0977.fits
5287/spec-5287-55952-0978.fits
5287/spec-5287-55952-0979.fits
5287/spec-5287-55952-0980.fits
5287/spec-5287-55952-0981.fits
5287/spec-5287-55952-0982.fits
5287/spec-5287-55952-0983.fits
5287/spec-5287-55952-0984.fits
5287/spec-5287-55952-0985.fits
5287/spec-5287-55952-0986.fits
5287/spec-5287-55952-0987.fits
5287/spec-5287-55952-0988.fits
5287/spec-5287-55952-0989.fits
5287/spec-5287-55952-0990.fits
5287/spec-5287-55952-0991.fits
5287/spec-5287-55952-0992.fits
5287/spec-5287-55952-0993.fits
5287/spec-5287-55952-0994.fits
5287/spec-5287-55952-0995.fits
5287/spec-5287-55952-0996.fits
5287/spec-5287-55952-0997.fits
5287/spec-5287-55952-0998.fits
5287/spec-5287-55952-0999.fits
5287/spec-5287-55952-1000.fits
/var/lib/condor/execute/slot1/dir_16820
5287 5287.tgz R R361.tar.gz _condor_stderr _condor_stdout cB58_Lyman_break.fit condor_exec.exe hw4.R packages packages.tar.gz tmp var
[1] "Loaded package astro."
[1] 1000
5287 5287.csv 5287.tgz R R361.tar.gz _condor_stderr _condor_stdout cB58_Lyman_break.fit condor_exec.exe hw4.R packages packages.tar.gz tmp var
