5335
5335/
5335/spec-5335-56013-0001.fits
5335/spec-5335-56013-0002.fits
5335/spec-5335-56013-0003.fits
5335/spec-5335-56013-0004.fits
5335/spec-5335-56013-0005.fits
5335/spec-5335-56013-0006.fits
5335/spec-5335-56013-0007.fits
5335/spec-5335-56013-0008.fits
5335/spec-5335-56013-0009.fits
5335/spec-5335-56013-0010.fits
5335/spec-5335-56013-0011.fits
5335/spec-5335-56013-0012.fits
5335/spec-5335-56013-0013.fits
5335/spec-5335-56013-0014.fits
5335/spec-5335-56013-0015.fits
5335/spec-5335-56013-0016.fits
5335/spec-5335-56013-0017.fits
5335/spec-5335-56013-0018.fits
5335/spec-5335-56013-0019.fits
5335/spec-5335-56013-0020.fits
5335/spec-5335-56013-0021.fits
5335/spec-5335-56013-0022.fits
5335/spec-5335-56013-0023.fits
5335/spec-5335-56013-0024.fits
5335/spec-5335-56013-0025.fits
5335/spec-5335-56013-0026.fits
5335/spec-5335-56013-0027.fits
5335/spec-5335-56013-0028.fits
5335/spec-5335-56013-0029.fits
5335/spec-5335-56013-0030.fits
5335/spec-5335-56013-0031.fits
5335/spec-5335-56013-0032.fits
5335/spec-5335-56013-0033.fits
5335/spec-5335-56013-0034.fits
5335/spec-5335-56013-0035.fits
5335/spec-5335-56013-0036.fits
5335/spec-5335-56013-0037.fits
5335/spec-5335-56013-0038.fits
5335/spec-5335-56013-0039.fits
5335/spec-5335-56013-0040.fits
5335/spec-5335-56013-0041.fits
5335/spec-5335-56013-0042.fits
5335/spec-5335-56013-0043.fits
5335/spec-5335-56013-0044.fits
5335/spec-5335-56013-0045.fits
5335/spec-5335-56013-0046.fits
5335/spec-5335-56013-0047.fits
5335/spec-5335-56013-0048.fits
5335/spec-5335-56013-0049.fits
5335/spec-5335-56013-0050.fits
5335/spec-5335-56013-0051.fits
5335/spec-5335-56013-0052.fits
5335/spec-5335-56013-0053.fits
5335/spec-5335-56013-0054.fits
5335/spec-5335-56013-0055.fits
5335/spec-5335-56013-0056.fits
5335/spec-5335-56013-0057.fits
5335/spec-5335-56013-0058.fits
5335/spec-5335-56013-0059.fits
5335/spec-5335-56013-0060.fits
5335/spec-5335-56013-0061.fits
5335/spec-5335-56013-0062.fits
5335/spec-5335-56013-0063.fits
5335/spec-5335-56013-0064.fits
5335/spec-5335-56013-0065.fits
5335/spec-5335-56013-0066.fits
5335/spec-5335-56013-0067.fits
5335/spec-5335-56013-0068.fits
5335/spec-5335-56013-0069.fits
5335/spec-5335-56013-0070.fits
5335/spec-5335-56013-0071.fits
5335/spec-5335-56013-0072.fits
5335/spec-5335-56013-0073.fits
5335/spec-5335-56013-0074.fits
5335/spec-5335-56013-0075.fits
5335/spec-5335-56013-0076.fits
5335/spec-5335-56013-0077.fits
5335/spec-5335-56013-0078.fits
5335/spec-5335-56013-0079.fits
5335/spec-5335-56013-0080.fits
5335/spec-5335-56013-0081.fits
5335/spec-5335-56013-0082.fits
5335/spec-5335-56013-0083.fits
5335/spec-5335-56013-0084.fits
5335/spec-5335-56013-0085.fits
5335/spec-5335-56013-0086.fits
5335/spec-5335-56013-0087.fits
5335/spec-5335-56013-0088.fits
5335/spec-5335-56013-0089.fits
5335/spec-5335-56013-0090.fits
5335/spec-5335-56013-0091.fits
5335/spec-5335-56013-0092.fits
5335/spec-5335-56013-0093.fits
5335/spec-5335-56013-0094.fits
5335/spec-5335-56013-0095.fits
5335/spec-5335-56013-0096.fits
5335/spec-5335-56013-0097.fits
5335/spec-5335-56013-0098.fits
5335/spec-5335-56013-0099.fits
5335/spec-5335-56013-0100.fits
5335/spec-5335-56013-0101.fits
5335/spec-5335-56013-0102.fits
5335/spec-5335-56013-0103.fits
5335/spec-5335-56013-0104.fits
5335/spec-5335-56013-0105.fits
5335/spec-5335-56013-0106.fits
5335/spec-5335-56013-0107.fits
5335/spec-5335-56013-0108.fits
5335/spec-5335-56013-0109.fits
5335/spec-5335-56013-0110.fits
5335/spec-5335-56013-0111.fits
5335/spec-5335-56013-0112.fits
5335/spec-5335-56013-0113.fits
5335/spec-5335-56013-0114.fits
5335/spec-5335-56013-0115.fits
5335/spec-5335-56013-0116.fits
5335/spec-5335-56013-0117.fits
5335/spec-5335-56013-0118.fits
5335/spec-5335-56013-0119.fits
5335/spec-5335-56013-0120.fits
5335/spec-5335-56013-0121.fits
5335/spec-5335-56013-0122.fits
5335/spec-5335-56013-0123.fits
5335/spec-5335-56013-0124.fits
5335/spec-5335-56013-0125.fits
5335/spec-5335-56013-0126.fits
5335/spec-5335-56013-0127.fits
5335/spec-5335-56013-0128.fits
5335/spec-5335-56013-0129.fits
5335/spec-5335-56013-0130.fits
5335/spec-5335-56013-0131.fits
5335/spec-5335-56013-0132.fits
5335/spec-5335-56013-0133.fits
5335/spec-5335-56013-0134.fits
5335/spec-5335-56013-0135.fits
5335/spec-5335-56013-0136.fits
5335/spec-5335-56013-0137.fits
5335/spec-5335-56013-0138.fits
5335/spec-5335-56013-0139.fits
5335/spec-5335-56013-0140.fits
5335/spec-5335-56013-0141.fits
5335/spec-5335-56013-0142.fits
5335/spec-5335-56013-0143.fits
5335/spec-5335-56013-0144.fits
5335/spec-5335-56013-0145.fits
5335/spec-5335-56013-0146.fits
5335/spec-5335-56013-0147.fits
5335/spec-5335-56013-0148.fits
5335/spec-5335-56013-0149.fits
5335/spec-5335-56013-0150.fits
5335/spec-5335-56013-0151.fits
5335/spec-5335-56013-0152.fits
5335/spec-5335-56013-0153.fits
5335/spec-5335-56013-0154.fits
5335/spec-5335-56013-0155.fits
5335/spec-5335-56013-0156.fits
5335/spec-5335-56013-0157.fits
5335/spec-5335-56013-0158.fits
5335/spec-5335-56013-0159.fits
5335/spec-5335-56013-0160.fits
5335/spec-5335-56013-0161.fits
5335/spec-5335-56013-0162.fits
5335/spec-5335-56013-0163.fits
5335/spec-5335-56013-0164.fits
5335/spec-5335-56013-0165.fits
5335/spec-5335-56013-0166.fits
5335/spec-5335-56013-0167.fits
5335/spec-5335-56013-0168.fits
5335/spec-5335-56013-0169.fits
5335/spec-5335-56013-0170.fits
5335/spec-5335-56013-0171.fits
5335/spec-5335-56013-0172.fits
5335/spec-5335-56013-0173.fits
5335/spec-5335-56013-0174.fits
5335/spec-5335-56013-0175.fits
5335/spec-5335-56013-0176.fits
5335/spec-5335-56013-0177.fits
5335/spec-5335-56013-0178.fits
5335/spec-5335-56013-0179.fits
5335/spec-5335-56013-0180.fits
5335/spec-5335-56013-0181.fits
5335/spec-5335-56013-0182.fits
5335/spec-5335-56013-0183.fits
5335/spec-5335-56013-0184.fits
5335/spec-5335-56013-0185.fits
5335/spec-5335-56013-0186.fits
5335/spec-5335-56013-0187.fits
5335/spec-5335-56013-0188.fits
5335/spec-5335-56013-0189.fits
5335/spec-5335-56013-0190.fits
5335/spec-5335-56013-0191.fits
5335/spec-5335-56013-0192.fits
5335/spec-5335-56013-0193.fits
5335/spec-5335-56013-0194.fits
5335/spec-5335-56013-0195.fits
5335/spec-5335-56013-0196.fits
5335/spec-5335-56013-0197.fits
5335/spec-5335-56013-0198.fits
5335/spec-5335-56013-0199.fits
5335/spec-5335-56013-0200.fits
5335/spec-5335-56013-0201.fits
5335/spec-5335-56013-0202.fits
5335/spec-5335-56013-0203.fits
5335/spec-5335-56013-0204.fits
5335/spec-5335-56013-0205.fits
5335/spec-5335-56013-0206.fits
5335/spec-5335-56013-0207.fits
5335/spec-5335-56013-0208.fits
5335/spec-5335-56013-0209.fits
5335/spec-5335-56013-0210.fits
5335/spec-5335-56013-0211.fits
5335/spec-5335-56013-0212.fits
5335/spec-5335-56013-0213.fits
5335/spec-5335-56013-0214.fits
5335/spec-5335-56013-0215.fits
5335/spec-5335-56013-0216.fits
5335/spec-5335-56013-0217.fits
5335/spec-5335-56013-0218.fits
5335/spec-5335-56013-0219.fits
5335/spec-5335-56013-0220.fits
5335/spec-5335-56013-0221.fits
5335/spec-5335-56013-0222.fits
5335/spec-5335-56013-0223.fits
5335/spec-5335-56013-0224.fits
5335/spec-5335-56013-0225.fits
5335/spec-5335-56013-0226.fits
5335/spec-5335-56013-0227.fits
5335/spec-5335-56013-0228.fits
5335/spec-5335-56013-0229.fits
5335/spec-5335-56013-0230.fits
5335/spec-5335-56013-0231.fits
5335/spec-5335-56013-0232.fits
5335/spec-5335-56013-0233.fits
5335/spec-5335-56013-0234.fits
5335/spec-5335-56013-0235.fits
5335/spec-5335-56013-0236.fits
5335/spec-5335-56013-0237.fits
5335/spec-5335-56013-0238.fits
5335/spec-5335-56013-0239.fits
5335/spec-5335-56013-0240.fits
5335/spec-5335-56013-0241.fits
5335/spec-5335-56013-0242.fits
5335/spec-5335-56013-0243.fits
5335/spec-5335-56013-0244.fits
5335/spec-5335-56013-0245.fits
5335/spec-5335-56013-0246.fits
5335/spec-5335-56013-0247.fits
5335/spec-5335-56013-0248.fits
5335/spec-5335-56013-0249.fits
5335/spec-5335-56013-0250.fits
5335/spec-5335-56013-0251.fits
5335/spec-5335-56013-0252.fits
5335/spec-5335-56013-0253.fits
5335/spec-5335-56013-0254.fits
5335/spec-5335-56013-0255.fits
5335/spec-5335-56013-0256.fits
5335/spec-5335-56013-0257.fits
5335/spec-5335-56013-0258.fits
5335/spec-5335-56013-0259.fits
5335/spec-5335-56013-0260.fits
5335/spec-5335-56013-0261.fits
5335/spec-5335-56013-0262.fits
5335/spec-5335-56013-0263.fits
5335/spec-5335-56013-0264.fits
5335/spec-5335-56013-0265.fits
5335/spec-5335-56013-0266.fits
5335/spec-5335-56013-0267.fits
5335/spec-5335-56013-0268.fits
5335/spec-5335-56013-0269.fits
5335/spec-5335-56013-0270.fits
5335/spec-5335-56013-0271.fits
5335/spec-5335-56013-0272.fits
5335/spec-5335-56013-0273.fits
5335/spec-5335-56013-0274.fits
5335/spec-5335-56013-0275.fits
5335/spec-5335-56013-0276.fits
5335/spec-5335-56013-0277.fits
5335/spec-5335-56013-0278.fits
5335/spec-5335-56013-0279.fits
5335/spec-5335-56013-0280.fits
5335/spec-5335-56013-0281.fits
5335/spec-5335-56013-0282.fits
5335/spec-5335-56013-0283.fits
5335/spec-5335-56013-0284.fits
5335/spec-5335-56013-0285.fits
5335/spec-5335-56013-0286.fits
5335/spec-5335-56013-0287.fits
5335/spec-5335-56013-0288.fits
5335/spec-5335-56013-0289.fits
5335/spec-5335-56013-0290.fits
5335/spec-5335-56013-0291.fits
5335/spec-5335-56013-0292.fits
5335/spec-5335-56013-0293.fits
5335/spec-5335-56013-0294.fits
5335/spec-5335-56013-0295.fits
5335/spec-5335-56013-0296.fits
5335/spec-5335-56013-0297.fits
5335/spec-5335-56013-0298.fits
5335/spec-5335-56013-0299.fits
5335/spec-5335-56013-0300.fits
5335/spec-5335-56013-0301.fits
5335/spec-5335-56013-0302.fits
5335/spec-5335-56013-0303.fits
5335/spec-5335-56013-0304.fits
5335/spec-5335-56013-0305.fits
5335/spec-5335-56013-0306.fits
5335/spec-5335-56013-0307.fits
5335/spec-5335-56013-0308.fits
5335/spec-5335-56013-0309.fits
5335/spec-5335-56013-0310.fits
5335/spec-5335-56013-0311.fits
5335/spec-5335-56013-0312.fits
5335/spec-5335-56013-0313.fits
5335/spec-5335-56013-0314.fits
5335/spec-5335-56013-0315.fits
5335/spec-5335-56013-0316.fits
5335/spec-5335-56013-0317.fits
5335/spec-5335-56013-0318.fits
5335/spec-5335-56013-0319.fits
5335/spec-5335-56013-0320.fits
5335/spec-5335-56013-0321.fits
5335/spec-5335-56013-0322.fits
5335/spec-5335-56013-0323.fits
5335/spec-5335-56013-0324.fits
5335/spec-5335-56013-0325.fits
5335/spec-5335-56013-0326.fits
5335/spec-5335-56013-0327.fits
5335/spec-5335-56013-0328.fits
5335/spec-5335-56013-0329.fits
5335/spec-5335-56013-0330.fits
5335/spec-5335-56013-0331.fits
5335/spec-5335-56013-0332.fits
5335/spec-5335-56013-0333.fits
5335/spec-5335-56013-0334.fits
5335/spec-5335-56013-0335.fits
5335/spec-5335-56013-0336.fits
5335/spec-5335-56013-0337.fits
5335/spec-5335-56013-0338.fits
5335/spec-5335-56013-0339.fits
5335/spec-5335-56013-0340.fits
5335/spec-5335-56013-0341.fits
5335/spec-5335-56013-0342.fits
5335/spec-5335-56013-0343.fits
5335/spec-5335-56013-0344.fits
5335/spec-5335-56013-0345.fits
5335/spec-5335-56013-0346.fits
5335/spec-5335-56013-0347.fits
5335/spec-5335-56013-0348.fits
5335/spec-5335-56013-0349.fits
5335/spec-5335-56013-0350.fits
5335/spec-5335-56013-0351.fits
5335/spec-5335-56013-0352.fits
5335/spec-5335-56013-0353.fits
5335/spec-5335-56013-0354.fits
5335/spec-5335-56013-0355.fits
5335/spec-5335-56013-0356.fits
5335/spec-5335-56013-0357.fits
5335/spec-5335-56013-0358.fits
5335/spec-5335-56013-0359.fits
5335/spec-5335-56013-0360.fits
5335/spec-5335-56013-0361.fits
5335/spec-5335-56013-0362.fits
5335/spec-5335-56013-0363.fits
5335/spec-5335-56013-0364.fits
5335/spec-5335-56013-0365.fits
5335/spec-5335-56013-0366.fits
5335/spec-5335-56013-0367.fits
5335/spec-5335-56013-0368.fits
5335/spec-5335-56013-0369.fits
5335/spec-5335-56013-0370.fits
5335/spec-5335-56013-0371.fits
5335/spec-5335-56013-0372.fits
5335/spec-5335-56013-0373.fits
5335/spec-5335-56013-0374.fits
5335/spec-5335-56013-0375.fits
5335/spec-5335-56013-0376.fits
5335/spec-5335-56013-0377.fits
5335/spec-5335-56013-0378.fits
5335/spec-5335-56013-0379.fits
5335/spec-5335-56013-0380.fits
5335/spec-5335-56013-0381.fits
5335/spec-5335-56013-0382.fits
5335/spec-5335-56013-0383.fits
5335/spec-5335-56013-0384.fits
5335/spec-5335-56013-0385.fits
5335/spec-5335-56013-0386.fits
5335/spec-5335-56013-0387.fits
5335/spec-5335-56013-0388.fits
5335/spec-5335-56013-0389.fits
5335/spec-5335-56013-0390.fits
5335/spec-5335-56013-0391.fits
5335/spec-5335-56013-0392.fits
5335/spec-5335-56013-0393.fits
5335/spec-5335-56013-0394.fits
5335/spec-5335-56013-0395.fits
5335/spec-5335-56013-0396.fits
5335/spec-5335-56013-0397.fits
5335/spec-5335-56013-0398.fits
5335/spec-5335-56013-0399.fits
5335/spec-5335-56013-0400.fits
5335/spec-5335-56013-0401.fits
5335/spec-5335-56013-0402.fits
5335/spec-5335-56013-0403.fits
5335/spec-5335-56013-0404.fits
5335/spec-5335-56013-0405.fits
5335/spec-5335-56013-0406.fits
5335/spec-5335-56013-0407.fits
5335/spec-5335-56013-0408.fits
5335/spec-5335-56013-0409.fits
5335/spec-5335-56013-0410.fits
5335/spec-5335-56013-0411.fits
5335/spec-5335-56013-0412.fits
5335/spec-5335-56013-0413.fits
5335/spec-5335-56013-0414.fits
5335/spec-5335-56013-0415.fits
5335/spec-5335-56013-0416.fits
5335/spec-5335-56013-0417.fits
5335/spec-5335-56013-0418.fits
5335/spec-5335-56013-0419.fits
5335/spec-5335-56013-0420.fits
5335/spec-5335-56013-0421.fits
5335/spec-5335-56013-0422.fits
5335/spec-5335-56013-0423.fits
5335/spec-5335-56013-0424.fits
5335/spec-5335-56013-0425.fits
5335/spec-5335-56013-0426.fits
5335/spec-5335-56013-0427.fits
5335/spec-5335-56013-0428.fits
5335/spec-5335-56013-0429.fits
5335/spec-5335-56013-0430.fits
5335/spec-5335-56013-0431.fits
5335/spec-5335-56013-0432.fits
5335/spec-5335-56013-0433.fits
5335/spec-5335-56013-0434.fits
5335/spec-5335-56013-0435.fits
5335/spec-5335-56013-0436.fits
5335/spec-5335-56013-0437.fits
5335/spec-5335-56013-0438.fits
5335/spec-5335-56013-0439.fits
5335/spec-5335-56013-0440.fits
5335/spec-5335-56013-0441.fits
5335/spec-5335-56013-0442.fits
5335/spec-5335-56013-0443.fits
5335/spec-5335-56013-0444.fits
5335/spec-5335-56013-0445.fits
5335/spec-5335-56013-0446.fits
5335/spec-5335-56013-0447.fits
5335/spec-5335-56013-0448.fits
5335/spec-5335-56013-0449.fits
5335/spec-5335-56013-0450.fits
5335/spec-5335-56013-0451.fits
5335/spec-5335-56013-0452.fits
5335/spec-5335-56013-0453.fits
5335/spec-5335-56013-0454.fits
5335/spec-5335-56013-0455.fits
5335/spec-5335-56013-0456.fits
5335/spec-5335-56013-0457.fits
5335/spec-5335-56013-0458.fits
5335/spec-5335-56013-0459.fits
5335/spec-5335-56013-0460.fits
5335/spec-5335-56013-0461.fits
5335/spec-5335-56013-0462.fits
5335/spec-5335-56013-0463.fits
5335/spec-5335-56013-0464.fits
5335/spec-5335-56013-0465.fits
5335/spec-5335-56013-0466.fits
5335/spec-5335-56013-0467.fits
5335/spec-5335-56013-0468.fits
5335/spec-5335-56013-0469.fits
5335/spec-5335-56013-0470.fits
5335/spec-5335-56013-0471.fits
5335/spec-5335-56013-0472.fits
5335/spec-5335-56013-0473.fits
5335/spec-5335-56013-0474.fits
5335/spec-5335-56013-0475.fits
5335/spec-5335-56013-0476.fits
5335/spec-5335-56013-0477.fits
5335/spec-5335-56013-0478.fits
5335/spec-5335-56013-0479.fits
5335/spec-5335-56013-0480.fits
5335/spec-5335-56013-0481.fits
5335/spec-5335-56013-0482.fits
5335/spec-5335-56013-0483.fits
5335/spec-5335-56013-0484.fits
5335/spec-5335-56013-0485.fits
5335/spec-5335-56013-0486.fits
5335/spec-5335-56013-0487.fits
5335/spec-5335-56013-0488.fits
5335/spec-5335-56013-0489.fits
5335/spec-5335-56013-0490.fits
5335/spec-5335-56013-0491.fits
5335/spec-5335-56013-0492.fits
5335/spec-5335-56013-0493.fits
5335/spec-5335-56013-0494.fits
5335/spec-5335-56013-0495.fits
5335/spec-5335-56013-0496.fits
5335/spec-5335-56013-0497.fits
5335/spec-5335-56013-0498.fits
5335/spec-5335-56013-0499.fits
5335/spec-5335-56013-0500.fits
5335/spec-5335-56013-0501.fits
5335/spec-5335-56013-0502.fits
5335/spec-5335-56013-0503.fits
5335/spec-5335-56013-0504.fits
5335/spec-5335-56013-0505.fits
5335/spec-5335-56013-0506.fits
5335/spec-5335-56013-0507.fits
5335/spec-5335-56013-0508.fits
5335/spec-5335-56013-0509.fits
5335/spec-5335-56013-0510.fits
5335/spec-5335-56013-0511.fits
5335/spec-5335-56013-0512.fits
5335/spec-5335-56013-0513.fits
5335/spec-5335-56013-0514.fits
5335/spec-5335-56013-0515.fits
5335/spec-5335-56013-0516.fits
5335/spec-5335-56013-0517.fits
5335/spec-5335-56013-0518.fits
5335/spec-5335-56013-0519.fits
5335/spec-5335-56013-0520.fits
5335/spec-5335-56013-0521.fits
5335/spec-5335-56013-0522.fits
5335/spec-5335-56013-0523.fits
5335/spec-5335-56013-0524.fits
5335/spec-5335-56013-0525.fits
5335/spec-5335-56013-0526.fits
5335/spec-5335-56013-0527.fits
5335/spec-5335-56013-0528.fits
5335/spec-5335-56013-0529.fits
5335/spec-5335-56013-0530.fits
5335/spec-5335-56013-0531.fits
5335/spec-5335-56013-0532.fits
5335/spec-5335-56013-0533.fits
5335/spec-5335-56013-0534.fits
5335/spec-5335-56013-0535.fits
5335/spec-5335-56013-0536.fits
5335/spec-5335-56013-0537.fits
5335/spec-5335-56013-0538.fits
5335/spec-5335-56013-0539.fits
5335/spec-5335-56013-0540.fits
5335/spec-5335-56013-0541.fits
5335/spec-5335-56013-0542.fits
5335/spec-5335-56013-0543.fits
5335/spec-5335-56013-0544.fits
5335/spec-5335-56013-0545.fits
5335/spec-5335-56013-0546.fits
5335/spec-5335-56013-0547.fits
5335/spec-5335-56013-0548.fits
5335/spec-5335-56013-0549.fits
5335/spec-5335-56013-0550.fits
5335/spec-5335-56013-0551.fits
5335/spec-5335-56013-0552.fits
5335/spec-5335-56013-0553.fits
5335/spec-5335-56013-0554.fits
5335/spec-5335-56013-0555.fits
5335/spec-5335-56013-0556.fits
5335/spec-5335-56013-0557.fits
5335/spec-5335-56013-0558.fits
5335/spec-5335-56013-0559.fits
5335/spec-5335-56013-0560.fits
5335/spec-5335-56013-0561.fits
5335/spec-5335-56013-0562.fits
5335/spec-5335-56013-0563.fits
5335/spec-5335-56013-0564.fits
5335/spec-5335-56013-0565.fits
5335/spec-5335-56013-0566.fits
5335/spec-5335-56013-0567.fits
5335/spec-5335-56013-0568.fits
5335/spec-5335-56013-0569.fits
5335/spec-5335-56013-0570.fits
5335/spec-5335-56013-0571.fits
5335/spec-5335-56013-0572.fits
5335/spec-5335-56013-0573.fits
5335/spec-5335-56013-0574.fits
5335/spec-5335-56013-0575.fits
5335/spec-5335-56013-0576.fits
5335/spec-5335-56013-0577.fits
5335/spec-5335-56013-0578.fits
5335/spec-5335-56013-0579.fits
5335/spec-5335-56013-0580.fits
5335/spec-5335-56013-0581.fits
5335/spec-5335-56013-0582.fits
5335/spec-5335-56013-0583.fits
5335/spec-5335-56013-0584.fits
5335/spec-5335-56013-0585.fits
5335/spec-5335-56013-0586.fits
5335/spec-5335-56013-0587.fits
5335/spec-5335-56013-0588.fits
5335/spec-5335-56013-0589.fits
5335/spec-5335-56013-0590.fits
5335/spec-5335-56013-0591.fits
5335/spec-5335-56013-0592.fits
5335/spec-5335-56013-0593.fits
5335/spec-5335-56013-0594.fits
5335/spec-5335-56013-0595.fits
5335/spec-5335-56013-0596.fits
5335/spec-5335-56013-0597.fits
5335/spec-5335-56013-0598.fits
5335/spec-5335-56013-0599.fits
5335/spec-5335-56013-0600.fits
5335/spec-5335-56013-0601.fits
5335/spec-5335-56013-0602.fits
5335/spec-5335-56013-0603.fits
5335/spec-5335-56013-0604.fits
5335/spec-5335-56013-0605.fits
5335/spec-5335-56013-0606.fits
5335/spec-5335-56013-0607.fits
5335/spec-5335-56013-0608.fits
5335/spec-5335-56013-0609.fits
5335/spec-5335-56013-0610.fits
5335/spec-5335-56013-0611.fits
5335/spec-5335-56013-0612.fits
5335/spec-5335-56013-0613.fits
5335/spec-5335-56013-0614.fits
5335/spec-5335-56013-0615.fits
5335/spec-5335-56013-0616.fits
5335/spec-5335-56013-0617.fits
5335/spec-5335-56013-0618.fits
5335/spec-5335-56013-0619.fits
5335/spec-5335-56013-0620.fits
5335/spec-5335-56013-0621.fits
5335/spec-5335-56013-0622.fits
5335/spec-5335-56013-0623.fits
5335/spec-5335-56013-0624.fits
5335/spec-5335-56013-0625.fits
5335/spec-5335-56013-0626.fits
5335/spec-5335-56013-0627.fits
5335/spec-5335-56013-0628.fits
5335/spec-5335-56013-0629.fits
5335/spec-5335-56013-0630.fits
5335/spec-5335-56013-0631.fits
5335/spec-5335-56013-0632.fits
5335/spec-5335-56013-0633.fits
5335/spec-5335-56013-0634.fits
5335/spec-5335-56013-0635.fits
5335/spec-5335-56013-0636.fits
5335/spec-5335-56013-0637.fits
5335/spec-5335-56013-0638.fits
5335/spec-5335-56013-0639.fits
5335/spec-5335-56013-0640.fits
5335/spec-5335-56013-0641.fits
5335/spec-5335-56013-0642.fits
5335/spec-5335-56013-0643.fits
5335/spec-5335-56013-0644.fits
5335/spec-5335-56013-0645.fits
5335/spec-5335-56013-0646.fits
5335/spec-5335-56013-0647.fits
5335/spec-5335-56013-0648.fits
5335/spec-5335-56013-0649.fits
5335/spec-5335-56013-0650.fits
5335/spec-5335-56013-0651.fits
5335/spec-5335-56013-0652.fits
5335/spec-5335-56013-0653.fits
5335/spec-5335-56013-0654.fits
5335/spec-5335-56013-0655.fits
5335/spec-5335-56013-0656.fits
5335/spec-5335-56013-0657.fits
5335/spec-5335-56013-0658.fits
5335/spec-5335-56013-0659.fits
5335/spec-5335-56013-0660.fits
5335/spec-5335-56013-0661.fits
5335/spec-5335-56013-0662.fits
5335/spec-5335-56013-0663.fits
5335/spec-5335-56013-0664.fits
5335/spec-5335-56013-0665.fits
5335/spec-5335-56013-0666.fits
5335/spec-5335-56013-0667.fits
5335/spec-5335-56013-0668.fits
5335/spec-5335-56013-0669.fits
5335/spec-5335-56013-0670.fits
5335/spec-5335-56013-0671.fits
5335/spec-5335-56013-0672.fits
5335/spec-5335-56013-0673.fits
5335/spec-5335-56013-0674.fits
5335/spec-5335-56013-0675.fits
5335/spec-5335-56013-0676.fits
5335/spec-5335-56013-0677.fits
5335/spec-5335-56013-0678.fits
5335/spec-5335-56013-0679.fits
5335/spec-5335-56013-0680.fits
5335/spec-5335-56013-0681.fits
5335/spec-5335-56013-0682.fits
5335/spec-5335-56013-0683.fits
5335/spec-5335-56013-0684.fits
5335/spec-5335-56013-0685.fits
5335/spec-5335-56013-0686.fits
5335/spec-5335-56013-0687.fits
5335/spec-5335-56013-0688.fits
5335/spec-5335-56013-0689.fits
5335/spec-5335-56013-0690.fits
5335/spec-5335-56013-0691.fits
5335/spec-5335-56013-0692.fits
5335/spec-5335-56013-0693.fits
5335/spec-5335-56013-0694.fits
5335/spec-5335-56013-0695.fits
5335/spec-5335-56013-0696.fits
5335/spec-5335-56013-0697.fits
5335/spec-5335-56013-0698.fits
5335/spec-5335-56013-0699.fits
5335/spec-5335-56013-0700.fits
5335/spec-5335-56013-0701.fits
5335/spec-5335-56013-0702.fits
5335/spec-5335-56013-0703.fits
5335/spec-5335-56013-0704.fits
5335/spec-5335-56013-0705.fits
5335/spec-5335-56013-0706.fits
5335/spec-5335-56013-0707.fits
5335/spec-5335-56013-0708.fits
5335/spec-5335-56013-0709.fits
5335/spec-5335-56013-0710.fits
5335/spec-5335-56013-0711.fits
5335/spec-5335-56013-0712.fits
5335/spec-5335-56013-0713.fits
5335/spec-5335-56013-0714.fits
5335/spec-5335-56013-0715.fits
5335/spec-5335-56013-0716.fits
5335/spec-5335-56013-0717.fits
5335/spec-5335-56013-0718.fits
5335/spec-5335-56013-0719.fits
5335/spec-5335-56013-0720.fits
5335/spec-5335-56013-0721.fits
5335/spec-5335-56013-0722.fits
5335/spec-5335-56013-0723.fits
5335/spec-5335-56013-0724.fits
5335/spec-5335-56013-0725.fits
5335/spec-5335-56013-0726.fits
5335/spec-5335-56013-0727.fits
5335/spec-5335-56013-0728.fits
5335/spec-5335-56013-0729.fits
5335/spec-5335-56013-0730.fits
5335/spec-5335-56013-0731.fits
5335/spec-5335-56013-0732.fits
5335/spec-5335-56013-0733.fits
5335/spec-5335-56013-0734.fits
5335/spec-5335-56013-0735.fits
5335/spec-5335-56013-0736.fits
5335/spec-5335-56013-0737.fits
5335/spec-5335-56013-0738.fits
5335/spec-5335-56013-0739.fits
5335/spec-5335-56013-0740.fits
5335/spec-5335-56013-0741.fits
5335/spec-5335-56013-0742.fits
5335/spec-5335-56013-0743.fits
5335/spec-5335-56013-0744.fits
5335/spec-5335-56013-0745.fits
5335/spec-5335-56013-0746.fits
5335/spec-5335-56013-0747.fits
5335/spec-5335-56013-0748.fits
5335/spec-5335-56013-0749.fits
5335/spec-5335-56013-0750.fits
5335/spec-5335-56013-0751.fits
5335/spec-5335-56013-0752.fits
5335/spec-5335-56013-0753.fits
5335/spec-5335-56013-0754.fits
5335/spec-5335-56013-0755.fits
5335/spec-5335-56013-0756.fits
5335/spec-5335-56013-0757.fits
5335/spec-5335-56013-0758.fits
5335/spec-5335-56013-0759.fits
5335/spec-5335-56013-0760.fits
5335/spec-5335-56013-0761.fits
5335/spec-5335-56013-0762.fits
5335/spec-5335-56013-0763.fits
5335/spec-5335-56013-0764.fits
5335/spec-5335-56013-0765.fits
5335/spec-5335-56013-0766.fits
5335/spec-5335-56013-0767.fits
5335/spec-5335-56013-0768.fits
5335/spec-5335-56013-0769.fits
5335/spec-5335-56013-0770.fits
5335/spec-5335-56013-0771.fits
5335/spec-5335-56013-0772.fits
5335/spec-5335-56013-0773.fits
5335/spec-5335-56013-0774.fits
5335/spec-5335-56013-0775.fits
5335/spec-5335-56013-0776.fits
5335/spec-5335-56013-0777.fits
5335/spec-5335-56013-0778.fits
5335/spec-5335-56013-0779.fits
5335/spec-5335-56013-0780.fits
5335/spec-5335-56013-0781.fits
5335/spec-5335-56013-0782.fits
5335/spec-5335-56013-0783.fits
5335/spec-5335-56013-0784.fits
5335/spec-5335-56013-0785.fits
5335/spec-5335-56013-0786.fits
5335/spec-5335-56013-0787.fits
5335/spec-5335-56013-0788.fits
5335/spec-5335-56013-0789.fits
5335/spec-5335-56013-0790.fits
5335/spec-5335-56013-0791.fits
5335/spec-5335-56013-0792.fits
5335/spec-5335-56013-0793.fits
5335/spec-5335-56013-0794.fits
5335/spec-5335-56013-0795.fits
5335/spec-5335-56013-0796.fits
5335/spec-5335-56013-0797.fits
5335/spec-5335-56013-0798.fits
5335/spec-5335-56013-0799.fits
5335/spec-5335-56013-0800.fits
5335/spec-5335-56013-0801.fits
5335/spec-5335-56013-0802.fits
5335/spec-5335-56013-0803.fits
5335/spec-5335-56013-0804.fits
5335/spec-5335-56013-0805.fits
5335/spec-5335-56013-0806.fits
5335/spec-5335-56013-0807.fits
5335/spec-5335-56013-0808.fits
5335/spec-5335-56013-0809.fits
5335/spec-5335-56013-0810.fits
5335/spec-5335-56013-0811.fits
5335/spec-5335-56013-0812.fits
5335/spec-5335-56013-0813.fits
5335/spec-5335-56013-0814.fits
5335/spec-5335-56013-0815.fits
5335/spec-5335-56013-0816.fits
5335/spec-5335-56013-0817.fits
5335/spec-5335-56013-0818.fits
5335/spec-5335-56013-0819.fits
5335/spec-5335-56013-0820.fits
5335/spec-5335-56013-0821.fits
5335/spec-5335-56013-0822.fits
5335/spec-5335-56013-0823.fits
5335/spec-5335-56013-0824.fits
5335/spec-5335-56013-0825.fits
5335/spec-5335-56013-0826.fits
5335/spec-5335-56013-0827.fits
5335/spec-5335-56013-0828.fits
5335/spec-5335-56013-0829.fits
5335/spec-5335-56013-0830.fits
5335/spec-5335-56013-0831.fits
5335/spec-5335-56013-0832.fits
5335/spec-5335-56013-0833.fits
5335/spec-5335-56013-0834.fits
5335/spec-5335-56013-0835.fits
5335/spec-5335-56013-0836.fits
5335/spec-5335-56013-0837.fits
5335/spec-5335-56013-0838.fits
5335/spec-5335-56013-0839.fits
5335/spec-5335-56013-0840.fits
5335/spec-5335-56013-0841.fits
5335/spec-5335-56013-0842.fits
5335/spec-5335-56013-0843.fits
5335/spec-5335-56013-0844.fits
5335/spec-5335-56013-0845.fits
5335/spec-5335-56013-0846.fits
5335/spec-5335-56013-0847.fits
5335/spec-5335-56013-0848.fits
5335/spec-5335-56013-0849.fits
5335/spec-5335-56013-0850.fits
5335/spec-5335-56013-0851.fits
5335/spec-5335-56013-0852.fits
5335/spec-5335-56013-0853.fits
5335/spec-5335-56013-0854.fits
5335/spec-5335-56013-0855.fits
5335/spec-5335-56013-0856.fits
5335/spec-5335-56013-0857.fits
5335/spec-5335-56013-0858.fits
5335/spec-5335-56013-0859.fits
5335/spec-5335-56013-0860.fits
5335/spec-5335-56013-0861.fits
5335/spec-5335-56013-0862.fits
5335/spec-5335-56013-0863.fits
5335/spec-5335-56013-0864.fits
5335/spec-5335-56013-0865.fits
5335/spec-5335-56013-0866.fits
5335/spec-5335-56013-0867.fits
5335/spec-5335-56013-0868.fits
5335/spec-5335-56013-0869.fits
5335/spec-5335-56013-0870.fits
5335/spec-5335-56013-0871.fits
5335/spec-5335-56013-0872.fits
5335/spec-5335-56013-0873.fits
5335/spec-5335-56013-0874.fits
5335/spec-5335-56013-0875.fits
5335/spec-5335-56013-0876.fits
5335/spec-5335-56013-0877.fits
5335/spec-5335-56013-0878.fits
5335/spec-5335-56013-0879.fits
5335/spec-5335-56013-0880.fits
5335/spec-5335-56013-0881.fits
5335/spec-5335-56013-0882.fits
5335/spec-5335-56013-0883.fits
5335/spec-5335-56013-0884.fits
5335/spec-5335-56013-0885.fits
5335/spec-5335-56013-0886.fits
5335/spec-5335-56013-0887.fits
5335/spec-5335-56013-0888.fits
5335/spec-5335-56013-0889.fits
5335/spec-5335-56013-0890.fits
5335/spec-5335-56013-0891.fits
5335/spec-5335-56013-0892.fits
5335/spec-5335-56013-0893.fits
5335/spec-5335-56013-0894.fits
5335/spec-5335-56013-0895.fits
5335/spec-5335-56013-0896.fits
5335/spec-5335-56013-0897.fits
5335/spec-5335-56013-0898.fits
5335/spec-5335-56013-0899.fits
5335/spec-5335-56013-0900.fits
5335/spec-5335-56013-0901.fits
5335/spec-5335-56013-0902.fits
5335/spec-5335-56013-0903.fits
5335/spec-5335-56013-0904.fits
5335/spec-5335-56013-0905.fits
5335/spec-5335-56013-0906.fits
5335/spec-5335-56013-0907.fits
5335/spec-5335-56013-0908.fits
5335/spec-5335-56013-0909.fits
5335/spec-5335-56013-0910.fits
5335/spec-5335-56013-0911.fits
5335/spec-5335-56013-0912.fits
5335/spec-5335-56013-0913.fits
5335/spec-5335-56013-0914.fits
5335/spec-5335-56013-0915.fits
5335/spec-5335-56013-0916.fits
5335/spec-5335-56013-0917.fits
5335/spec-5335-56013-0918.fits
5335/spec-5335-56013-0919.fits
5335/spec-5335-56013-0920.fits
5335/spec-5335-56013-0921.fits
5335/spec-5335-56013-0922.fits
5335/spec-5335-56013-0923.fits
5335/spec-5335-56013-0924.fits
5335/spec-5335-56013-0925.fits
5335/spec-5335-56013-0926.fits
5335/spec-5335-56013-0927.fits
5335/spec-5335-56013-0928.fits
5335/spec-5335-56013-0929.fits
5335/spec-5335-56013-0930.fits
5335/spec-5335-56013-0931.fits
5335/spec-5335-56013-0932.fits
5335/spec-5335-56013-0933.fits
5335/spec-5335-56013-0934.fits
5335/spec-5335-56013-0935.fits
5335/spec-5335-56013-0936.fits
5335/spec-5335-56013-0937.fits
5335/spec-5335-56013-0938.fits
5335/spec-5335-56013-0939.fits
5335/spec-5335-56013-0940.fits
5335/spec-5335-56013-0941.fits
5335/spec-5335-56013-0942.fits
5335/spec-5335-56013-0943.fits
5335/spec-5335-56013-0944.fits
5335/spec-5335-56013-0945.fits
5335/spec-5335-56013-0946.fits
5335/spec-5335-56013-0947.fits
5335/spec-5335-56013-0948.fits
5335/spec-5335-56013-0949.fits
5335/spec-5335-56013-0950.fits
5335/spec-5335-56013-0951.fits
5335/spec-5335-56013-0952.fits
5335/spec-5335-56013-0953.fits
5335/spec-5335-56013-0954.fits
5335/spec-5335-56013-0955.fits
5335/spec-5335-56013-0956.fits
5335/spec-5335-56013-0957.fits
5335/spec-5335-56013-0958.fits
5335/spec-5335-56013-0959.fits
5335/spec-5335-56013-0960.fits
5335/spec-5335-56013-0961.fits
5335/spec-5335-56013-0962.fits
5335/spec-5335-56013-0963.fits
5335/spec-5335-56013-0964.fits
5335/spec-5335-56013-0965.fits
5335/spec-5335-56013-0966.fits
5335/spec-5335-56013-0967.fits
5335/spec-5335-56013-0968.fits
5335/spec-5335-56013-0969.fits
5335/spec-5335-56013-0970.fits
5335/spec-5335-56013-0971.fits
5335/spec-5335-56013-0972.fits
5335/spec-5335-56013-0973.fits
5335/spec-5335-56013-0974.fits
5335/spec-5335-56013-0975.fits
5335/spec-5335-56013-0976.fits
5335/spec-5335-56013-0977.fits
5335/spec-5335-56013-0978.fits
5335/spec-5335-56013-0979.fits
5335/spec-5335-56013-0980.fits
5335/spec-5335-56013-0981.fits
5335/spec-5335-56013-0982.fits
5335/spec-5335-56013-0983.fits
5335/spec-5335-56013-0984.fits
5335/spec-5335-56013-0985.fits
5335/spec-5335-56013-0986.fits
5335/spec-5335-56013-0987.fits
5335/spec-5335-56013-0988.fits
5335/spec-5335-56013-0989.fits
5335/spec-5335-56013-0990.fits
5335/spec-5335-56013-0991.fits
5335/spec-5335-56013-0992.fits
5335/spec-5335-56013-0993.fits
5335/spec-5335-56013-0994.fits
5335/spec-5335-56013-0995.fits
5335/spec-5335-56013-0996.fits
5335/spec-5335-56013-0997.fits
5335/spec-5335-56013-0998.fits
5335/spec-5335-56013-0999.fits
5335/spec-5335-56013-1000.fits
/var/lib/condor/execute/slot1/dir_38845
5335 5335.tgz R R361.tar.gz _condor_stderr _condor_stdout cB58_Lyman_break.fit condor_exec.exe hw4.R packages packages.tar.gz tmp var
[1] "Loaded package astro."
[1] 1000
5335 5335.csv 5335.tgz R R361.tar.gz _condor_stderr _condor_stdout cB58_Lyman_break.fit condor_exec.exe hw4.R packages packages.tar.gz tmp var
