5343
5343/
5343/spec-5343-55999-0001.fits
5343/spec-5343-55999-0002.fits
5343/spec-5343-55999-0003.fits
5343/spec-5343-55999-0004.fits
5343/spec-5343-55999-0005.fits
5343/spec-5343-55999-0006.fits
5343/spec-5343-55999-0007.fits
5343/spec-5343-55999-0008.fits
5343/spec-5343-55999-0009.fits
5343/spec-5343-55999-0010.fits
5343/spec-5343-55999-0011.fits
5343/spec-5343-55999-0012.fits
5343/spec-5343-55999-0013.fits
5343/spec-5343-55999-0014.fits
5343/spec-5343-55999-0015.fits
5343/spec-5343-55999-0016.fits
5343/spec-5343-55999-0017.fits
5343/spec-5343-55999-0018.fits
5343/spec-5343-55999-0019.fits
5343/spec-5343-55999-0020.fits
5343/spec-5343-55999-0021.fits
5343/spec-5343-55999-0022.fits
5343/spec-5343-55999-0023.fits
5343/spec-5343-55999-0024.fits
5343/spec-5343-55999-0025.fits
5343/spec-5343-55999-0026.fits
5343/spec-5343-55999-0027.fits
5343/spec-5343-55999-0028.fits
5343/spec-5343-55999-0029.fits
5343/spec-5343-55999-0030.fits
5343/spec-5343-55999-0031.fits
5343/spec-5343-55999-0032.fits
5343/spec-5343-55999-0033.fits
5343/spec-5343-55999-0034.fits
5343/spec-5343-55999-0035.fits
5343/spec-5343-55999-0036.fits
5343/spec-5343-55999-0037.fits
5343/spec-5343-55999-0038.fits
5343/spec-5343-55999-0039.fits
5343/spec-5343-55999-0040.fits
5343/spec-5343-55999-0041.fits
5343/spec-5343-55999-0042.fits
5343/spec-5343-55999-0043.fits
5343/spec-5343-55999-0044.fits
5343/spec-5343-55999-0045.fits
5343/spec-5343-55999-0046.fits
5343/spec-5343-55999-0047.fits
5343/spec-5343-55999-0048.fits
5343/spec-5343-55999-0049.fits
5343/spec-5343-55999-0050.fits
5343/spec-5343-55999-0051.fits
5343/spec-5343-55999-0052.fits
5343/spec-5343-55999-0053.fits
5343/spec-5343-55999-0054.fits
5343/spec-5343-55999-0055.fits
5343/spec-5343-55999-0056.fits
5343/spec-5343-55999-0057.fits
5343/spec-5343-55999-0058.fits
5343/spec-5343-55999-0059.fits
5343/spec-5343-55999-0060.fits
5343/spec-5343-55999-0061.fits
5343/spec-5343-55999-0062.fits
5343/spec-5343-55999-0063.fits
5343/spec-5343-55999-0064.fits
5343/spec-5343-55999-0065.fits
5343/spec-5343-55999-0066.fits
5343/spec-5343-55999-0067.fits
5343/spec-5343-55999-0068.fits
5343/spec-5343-55999-0069.fits
5343/spec-5343-55999-0070.fits
5343/spec-5343-55999-0071.fits
5343/spec-5343-55999-0072.fits
5343/spec-5343-55999-0073.fits
5343/spec-5343-55999-0074.fits
5343/spec-5343-55999-0075.fits
5343/spec-5343-55999-0076.fits
5343/spec-5343-55999-0077.fits
5343/spec-5343-55999-0078.fits
5343/spec-5343-55999-0079.fits
5343/spec-5343-55999-0080.fits
5343/spec-5343-55999-0081.fits
5343/spec-5343-55999-0082.fits
5343/spec-5343-55999-0083.fits
5343/spec-5343-55999-0084.fits
5343/spec-5343-55999-0085.fits
5343/spec-5343-55999-0086.fits
5343/spec-5343-55999-0087.fits
5343/spec-5343-55999-0088.fits
5343/spec-5343-55999-0089.fits
5343/spec-5343-55999-0090.fits
5343/spec-5343-55999-0091.fits
5343/spec-5343-55999-0092.fits
5343/spec-5343-55999-0093.fits
5343/spec-5343-55999-0094.fits
5343/spec-5343-55999-0095.fits
5343/spec-5343-55999-0096.fits
5343/spec-5343-55999-0097.fits
5343/spec-5343-55999-0098.fits
5343/spec-5343-55999-0099.fits
5343/spec-5343-55999-0100.fits
5343/spec-5343-55999-0101.fits
5343/spec-5343-55999-0102.fits
5343/spec-5343-55999-0103.fits
5343/spec-5343-55999-0104.fits
5343/spec-5343-55999-0105.fits
5343/spec-5343-55999-0106.fits
5343/spec-5343-55999-0107.fits
5343/spec-5343-55999-0108.fits
5343/spec-5343-55999-0109.fits
5343/spec-5343-55999-0110.fits
5343/spec-5343-55999-0111.fits
5343/spec-5343-55999-0112.fits
5343/spec-5343-55999-0113.fits
5343/spec-5343-55999-0114.fits
5343/spec-5343-55999-0115.fits
5343/spec-5343-55999-0116.fits
5343/spec-5343-55999-0117.fits
5343/spec-5343-55999-0118.fits
5343/spec-5343-55999-0119.fits
5343/spec-5343-55999-0120.fits
5343/spec-5343-55999-0121.fits
5343/spec-5343-55999-0122.fits
5343/spec-5343-55999-0123.fits
5343/spec-5343-55999-0124.fits
5343/spec-5343-55999-0125.fits
5343/spec-5343-55999-0126.fits
5343/spec-5343-55999-0127.fits
5343/spec-5343-55999-0128.fits
5343/spec-5343-55999-0129.fits
5343/spec-5343-55999-0130.fits
5343/spec-5343-55999-0131.fits
5343/spec-5343-55999-0132.fits
5343/spec-5343-55999-0133.fits
5343/spec-5343-55999-0134.fits
5343/spec-5343-55999-0135.fits
5343/spec-5343-55999-0136.fits
5343/spec-5343-55999-0137.fits
5343/spec-5343-55999-0138.fits
5343/spec-5343-55999-0139.fits
5343/spec-5343-55999-0140.fits
5343/spec-5343-55999-0141.fits
5343/spec-5343-55999-0142.fits
5343/spec-5343-55999-0143.fits
5343/spec-5343-55999-0144.fits
5343/spec-5343-55999-0145.fits
5343/spec-5343-55999-0146.fits
5343/spec-5343-55999-0147.fits
5343/spec-5343-55999-0148.fits
5343/spec-5343-55999-0149.fits
5343/spec-5343-55999-0150.fits
5343/spec-5343-55999-0151.fits
5343/spec-5343-55999-0152.fits
5343/spec-5343-55999-0153.fits
5343/spec-5343-55999-0154.fits
5343/spec-5343-55999-0155.fits
5343/spec-5343-55999-0156.fits
5343/spec-5343-55999-0157.fits
5343/spec-5343-55999-0158.fits
5343/spec-5343-55999-0159.fits
5343/spec-5343-55999-0160.fits
5343/spec-5343-55999-0161.fits
5343/spec-5343-55999-0162.fits
5343/spec-5343-55999-0163.fits
5343/spec-5343-55999-0164.fits
5343/spec-5343-55999-0165.fits
5343/spec-5343-55999-0166.fits
5343/spec-5343-55999-0167.fits
5343/spec-5343-55999-0168.fits
5343/spec-5343-55999-0169.fits
5343/spec-5343-55999-0170.fits
5343/spec-5343-55999-0171.fits
5343/spec-5343-55999-0172.fits
5343/spec-5343-55999-0173.fits
5343/spec-5343-55999-0174.fits
5343/spec-5343-55999-0175.fits
5343/spec-5343-55999-0176.fits
5343/spec-5343-55999-0177.fits
5343/spec-5343-55999-0178.fits
5343/spec-5343-55999-0179.fits
5343/spec-5343-55999-0180.fits
5343/spec-5343-55999-0181.fits
5343/spec-5343-55999-0182.fits
5343/spec-5343-55999-0183.fits
5343/spec-5343-55999-0184.fits
5343/spec-5343-55999-0185.fits
5343/spec-5343-55999-0186.fits
5343/spec-5343-55999-0187.fits
5343/spec-5343-55999-0188.fits
5343/spec-5343-55999-0189.fits
5343/spec-5343-55999-0190.fits
5343/spec-5343-55999-0191.fits
5343/spec-5343-55999-0192.fits
5343/spec-5343-55999-0193.fits
5343/spec-5343-55999-0194.fits
5343/spec-5343-55999-0195.fits
5343/spec-5343-55999-0196.fits
5343/spec-5343-55999-0197.fits
5343/spec-5343-55999-0198.fits
5343/spec-5343-55999-0199.fits
5343/spec-5343-55999-0200.fits
5343/spec-5343-55999-0201.fits
5343/spec-5343-55999-0202.fits
5343/spec-5343-55999-0203.fits
5343/spec-5343-55999-0204.fits
5343/spec-5343-55999-0205.fits
5343/spec-5343-55999-0206.fits
5343/spec-5343-55999-0207.fits
5343/spec-5343-55999-0208.fits
5343/spec-5343-55999-0209.fits
5343/spec-5343-55999-0210.fits
5343/spec-5343-55999-0211.fits
5343/spec-5343-55999-0212.fits
5343/spec-5343-55999-0213.fits
5343/spec-5343-55999-0214.fits
5343/spec-5343-55999-0215.fits
5343/spec-5343-55999-0216.fits
5343/spec-5343-55999-0217.fits
5343/spec-5343-55999-0218.fits
5343/spec-5343-55999-0219.fits
5343/spec-5343-55999-0220.fits
5343/spec-5343-55999-0221.fits
5343/spec-5343-55999-0222.fits
5343/spec-5343-55999-0223.fits
5343/spec-5343-55999-0224.fits
5343/spec-5343-55999-0225.fits
5343/spec-5343-55999-0226.fits
5343/spec-5343-55999-0227.fits
5343/spec-5343-55999-0228.fits
5343/spec-5343-55999-0229.fits
5343/spec-5343-55999-0230.fits
5343/spec-5343-55999-0231.fits
5343/spec-5343-55999-0232.fits
5343/spec-5343-55999-0233.fits
5343/spec-5343-55999-0234.fits
5343/spec-5343-55999-0235.fits
5343/spec-5343-55999-0236.fits
5343/spec-5343-55999-0237.fits
5343/spec-5343-55999-0238.fits
5343/spec-5343-55999-0239.fits
5343/spec-5343-55999-0240.fits
5343/spec-5343-55999-0241.fits
5343/spec-5343-55999-0242.fits
5343/spec-5343-55999-0243.fits
5343/spec-5343-55999-0244.fits
5343/spec-5343-55999-0245.fits
5343/spec-5343-55999-0246.fits
5343/spec-5343-55999-0247.fits
5343/spec-5343-55999-0248.fits
5343/spec-5343-55999-0249.fits
5343/spec-5343-55999-0250.fits
5343/spec-5343-55999-0251.fits
5343/spec-5343-55999-0252.fits
5343/spec-5343-55999-0253.fits
5343/spec-5343-55999-0254.fits
5343/spec-5343-55999-0255.fits
5343/spec-5343-55999-0256.fits
5343/spec-5343-55999-0257.fits
5343/spec-5343-55999-0258.fits
5343/spec-5343-55999-0259.fits
5343/spec-5343-55999-0260.fits
5343/spec-5343-55999-0261.fits
5343/spec-5343-55999-0262.fits
5343/spec-5343-55999-0263.fits
5343/spec-5343-55999-0264.fits
5343/spec-5343-55999-0265.fits
5343/spec-5343-55999-0266.fits
5343/spec-5343-55999-0267.fits
5343/spec-5343-55999-0268.fits
5343/spec-5343-55999-0269.fits
5343/spec-5343-55999-0270.fits
5343/spec-5343-55999-0271.fits
5343/spec-5343-55999-0272.fits
5343/spec-5343-55999-0273.fits
5343/spec-5343-55999-0274.fits
5343/spec-5343-55999-0275.fits
5343/spec-5343-55999-0276.fits
5343/spec-5343-55999-0277.fits
5343/spec-5343-55999-0278.fits
5343/spec-5343-55999-0279.fits
5343/spec-5343-55999-0280.fits
5343/spec-5343-55999-0281.fits
5343/spec-5343-55999-0282.fits
5343/spec-5343-55999-0283.fits
5343/spec-5343-55999-0284.fits
5343/spec-5343-55999-0285.fits
5343/spec-5343-55999-0286.fits
5343/spec-5343-55999-0287.fits
5343/spec-5343-55999-0288.fits
5343/spec-5343-55999-0289.fits
5343/spec-5343-55999-0290.fits
5343/spec-5343-55999-0291.fits
5343/spec-5343-55999-0292.fits
5343/spec-5343-55999-0293.fits
5343/spec-5343-55999-0294.fits
5343/spec-5343-55999-0295.fits
5343/spec-5343-55999-0296.fits
5343/spec-5343-55999-0297.fits
5343/spec-5343-55999-0298.fits
5343/spec-5343-55999-0299.fits
5343/spec-5343-55999-0300.fits
5343/spec-5343-55999-0301.fits
5343/spec-5343-55999-0302.fits
5343/spec-5343-55999-0303.fits
5343/spec-5343-55999-0304.fits
5343/spec-5343-55999-0305.fits
5343/spec-5343-55999-0306.fits
5343/spec-5343-55999-0307.fits
5343/spec-5343-55999-0308.fits
5343/spec-5343-55999-0309.fits
5343/spec-5343-55999-0310.fits
5343/spec-5343-55999-0311.fits
5343/spec-5343-55999-0312.fits
5343/spec-5343-55999-0313.fits
5343/spec-5343-55999-0314.fits
5343/spec-5343-55999-0315.fits
5343/spec-5343-55999-0316.fits
5343/spec-5343-55999-0317.fits
5343/spec-5343-55999-0318.fits
5343/spec-5343-55999-0319.fits
5343/spec-5343-55999-0320.fits
5343/spec-5343-55999-0321.fits
5343/spec-5343-55999-0322.fits
5343/spec-5343-55999-0323.fits
5343/spec-5343-55999-0324.fits
5343/spec-5343-55999-0325.fits
5343/spec-5343-55999-0326.fits
5343/spec-5343-55999-0327.fits
5343/spec-5343-55999-0328.fits
5343/spec-5343-55999-0329.fits
5343/spec-5343-55999-0330.fits
5343/spec-5343-55999-0331.fits
5343/spec-5343-55999-0332.fits
5343/spec-5343-55999-0333.fits
5343/spec-5343-55999-0334.fits
5343/spec-5343-55999-0335.fits
5343/spec-5343-55999-0336.fits
5343/spec-5343-55999-0337.fits
5343/spec-5343-55999-0338.fits
5343/spec-5343-55999-0339.fits
5343/spec-5343-55999-0340.fits
5343/spec-5343-55999-0341.fits
5343/spec-5343-55999-0342.fits
5343/spec-5343-55999-0343.fits
5343/spec-5343-55999-0344.fits
5343/spec-5343-55999-0345.fits
5343/spec-5343-55999-0346.fits
5343/spec-5343-55999-0347.fits
5343/spec-5343-55999-0348.fits
5343/spec-5343-55999-0349.fits
5343/spec-5343-55999-0350.fits
5343/spec-5343-55999-0351.fits
5343/spec-5343-55999-0352.fits
5343/spec-5343-55999-0353.fits
5343/spec-5343-55999-0354.fits
5343/spec-5343-55999-0355.fits
5343/spec-5343-55999-0356.fits
5343/spec-5343-55999-0357.fits
5343/spec-5343-55999-0358.fits
5343/spec-5343-55999-0359.fits
5343/spec-5343-55999-0360.fits
5343/spec-5343-55999-0361.fits
5343/spec-5343-55999-0362.fits
5343/spec-5343-55999-0363.fits
5343/spec-5343-55999-0364.fits
5343/spec-5343-55999-0365.fits
5343/spec-5343-55999-0366.fits
5343/spec-5343-55999-0367.fits
5343/spec-5343-55999-0368.fits
5343/spec-5343-55999-0369.fits
5343/spec-5343-55999-0370.fits
5343/spec-5343-55999-0371.fits
5343/spec-5343-55999-0372.fits
5343/spec-5343-55999-0373.fits
5343/spec-5343-55999-0374.fits
5343/spec-5343-55999-0375.fits
5343/spec-5343-55999-0376.fits
5343/spec-5343-55999-0377.fits
5343/spec-5343-55999-0378.fits
5343/spec-5343-55999-0379.fits
5343/spec-5343-55999-0380.fits
5343/spec-5343-55999-0381.fits
5343/spec-5343-55999-0382.fits
5343/spec-5343-55999-0383.fits
5343/spec-5343-55999-0384.fits
5343/spec-5343-55999-0385.fits
5343/spec-5343-55999-0386.fits
5343/spec-5343-55999-0387.fits
5343/spec-5343-55999-0388.fits
5343/spec-5343-55999-0389.fits
5343/spec-5343-55999-0390.fits
5343/spec-5343-55999-0391.fits
5343/spec-5343-55999-0392.fits
5343/spec-5343-55999-0393.fits
5343/spec-5343-55999-0394.fits
5343/spec-5343-55999-0395.fits
5343/spec-5343-55999-0396.fits
5343/spec-5343-55999-0397.fits
5343/spec-5343-55999-0398.fits
5343/spec-5343-55999-0399.fits
5343/spec-5343-55999-0400.fits
5343/spec-5343-55999-0401.fits
5343/spec-5343-55999-0402.fits
5343/spec-5343-55999-0403.fits
5343/spec-5343-55999-0404.fits
5343/spec-5343-55999-0405.fits
5343/spec-5343-55999-0406.fits
5343/spec-5343-55999-0407.fits
5343/spec-5343-55999-0408.fits
5343/spec-5343-55999-0409.fits
5343/spec-5343-55999-0410.fits
5343/spec-5343-55999-0411.fits
5343/spec-5343-55999-0412.fits
5343/spec-5343-55999-0413.fits
5343/spec-5343-55999-0414.fits
5343/spec-5343-55999-0415.fits
5343/spec-5343-55999-0416.fits
5343/spec-5343-55999-0417.fits
5343/spec-5343-55999-0418.fits
5343/spec-5343-55999-0419.fits
5343/spec-5343-55999-0420.fits
5343/spec-5343-55999-0421.fits
5343/spec-5343-55999-0422.fits
5343/spec-5343-55999-0423.fits
5343/spec-5343-55999-0424.fits
5343/spec-5343-55999-0425.fits
5343/spec-5343-55999-0426.fits
5343/spec-5343-55999-0427.fits
5343/spec-5343-55999-0428.fits
5343/spec-5343-55999-0429.fits
5343/spec-5343-55999-0430.fits
5343/spec-5343-55999-0431.fits
5343/spec-5343-55999-0432.fits
5343/spec-5343-55999-0433.fits
5343/spec-5343-55999-0434.fits
5343/spec-5343-55999-0435.fits
5343/spec-5343-55999-0436.fits
5343/spec-5343-55999-0437.fits
5343/spec-5343-55999-0438.fits
5343/spec-5343-55999-0439.fits
5343/spec-5343-55999-0440.fits
5343/spec-5343-55999-0441.fits
5343/spec-5343-55999-0442.fits
5343/spec-5343-55999-0443.fits
5343/spec-5343-55999-0444.fits
5343/spec-5343-55999-0445.fits
5343/spec-5343-55999-0446.fits
5343/spec-5343-55999-0447.fits
5343/spec-5343-55999-0448.fits
5343/spec-5343-55999-0449.fits
5343/spec-5343-55999-0450.fits
5343/spec-5343-55999-0451.fits
5343/spec-5343-55999-0452.fits
5343/spec-5343-55999-0453.fits
5343/spec-5343-55999-0454.fits
5343/spec-5343-55999-0455.fits
5343/spec-5343-55999-0456.fits
5343/spec-5343-55999-0457.fits
5343/spec-5343-55999-0458.fits
5343/spec-5343-55999-0459.fits
5343/spec-5343-55999-0460.fits
5343/spec-5343-55999-0461.fits
5343/spec-5343-55999-0462.fits
5343/spec-5343-55999-0463.fits
5343/spec-5343-55999-0464.fits
5343/spec-5343-55999-0465.fits
5343/spec-5343-55999-0466.fits
5343/spec-5343-55999-0467.fits
5343/spec-5343-55999-0468.fits
5343/spec-5343-55999-0469.fits
5343/spec-5343-55999-0470.fits
5343/spec-5343-55999-0471.fits
5343/spec-5343-55999-0472.fits
5343/spec-5343-55999-0473.fits
5343/spec-5343-55999-0474.fits
5343/spec-5343-55999-0475.fits
5343/spec-5343-55999-0476.fits
5343/spec-5343-55999-0477.fits
5343/spec-5343-55999-0478.fits
5343/spec-5343-55999-0479.fits
5343/spec-5343-55999-0480.fits
5343/spec-5343-55999-0481.fits
5343/spec-5343-55999-0482.fits
5343/spec-5343-55999-0483.fits
5343/spec-5343-55999-0484.fits
5343/spec-5343-55999-0485.fits
5343/spec-5343-55999-0486.fits
5343/spec-5343-55999-0487.fits
5343/spec-5343-55999-0488.fits
5343/spec-5343-55999-0489.fits
5343/spec-5343-55999-0490.fits
5343/spec-5343-55999-0491.fits
5343/spec-5343-55999-0492.fits
5343/spec-5343-55999-0493.fits
5343/spec-5343-55999-0494.fits
5343/spec-5343-55999-0495.fits
5343/spec-5343-55999-0496.fits
5343/spec-5343-55999-0497.fits
5343/spec-5343-55999-0498.fits
5343/spec-5343-55999-0499.fits
5343/spec-5343-55999-0500.fits
5343/spec-5343-55999-0501.fits
5343/spec-5343-55999-0502.fits
5343/spec-5343-55999-0503.fits
5343/spec-5343-55999-0504.fits
5343/spec-5343-55999-0505.fits
5343/spec-5343-55999-0506.fits
5343/spec-5343-55999-0507.fits
5343/spec-5343-55999-0508.fits
5343/spec-5343-55999-0509.fits
5343/spec-5343-55999-0510.fits
5343/spec-5343-55999-0511.fits
5343/spec-5343-55999-0512.fits
5343/spec-5343-55999-0513.fits
5343/spec-5343-55999-0514.fits
5343/spec-5343-55999-0515.fits
5343/spec-5343-55999-0516.fits
5343/spec-5343-55999-0517.fits
5343/spec-5343-55999-0518.fits
5343/spec-5343-55999-0519.fits
5343/spec-5343-55999-0520.fits
5343/spec-5343-55999-0521.fits
5343/spec-5343-55999-0522.fits
5343/spec-5343-55999-0523.fits
5343/spec-5343-55999-0524.fits
5343/spec-5343-55999-0525.fits
5343/spec-5343-55999-0526.fits
5343/spec-5343-55999-0527.fits
5343/spec-5343-55999-0528.fits
5343/spec-5343-55999-0529.fits
5343/spec-5343-55999-0530.fits
5343/spec-5343-55999-0531.fits
5343/spec-5343-55999-0532.fits
5343/spec-5343-55999-0533.fits
5343/spec-5343-55999-0534.fits
5343/spec-5343-55999-0535.fits
5343/spec-5343-55999-0536.fits
5343/spec-5343-55999-0537.fits
5343/spec-5343-55999-0538.fits
5343/spec-5343-55999-0539.fits
5343/spec-5343-55999-0540.fits
5343/spec-5343-55999-0541.fits
5343/spec-5343-55999-0542.fits
5343/spec-5343-55999-0543.fits
5343/spec-5343-55999-0544.fits
5343/spec-5343-55999-0545.fits
5343/spec-5343-55999-0546.fits
5343/spec-5343-55999-0547.fits
5343/spec-5343-55999-0548.fits
5343/spec-5343-55999-0549.fits
5343/spec-5343-55999-0550.fits
5343/spec-5343-55999-0551.fits
5343/spec-5343-55999-0552.fits
5343/spec-5343-55999-0553.fits
5343/spec-5343-55999-0554.fits
5343/spec-5343-55999-0555.fits
5343/spec-5343-55999-0556.fits
5343/spec-5343-55999-0557.fits
5343/spec-5343-55999-0558.fits
5343/spec-5343-55999-0559.fits
5343/spec-5343-55999-0560.fits
5343/spec-5343-55999-0561.fits
5343/spec-5343-55999-0562.fits
5343/spec-5343-55999-0563.fits
5343/spec-5343-55999-0564.fits
5343/spec-5343-55999-0565.fits
5343/spec-5343-55999-0566.fits
5343/spec-5343-55999-0567.fits
5343/spec-5343-55999-0568.fits
5343/spec-5343-55999-0569.fits
5343/spec-5343-55999-0570.fits
5343/spec-5343-55999-0571.fits
5343/spec-5343-55999-0572.fits
5343/spec-5343-55999-0573.fits
5343/spec-5343-55999-0574.fits
5343/spec-5343-55999-0575.fits
5343/spec-5343-55999-0576.fits
5343/spec-5343-55999-0577.fits
5343/spec-5343-55999-0578.fits
5343/spec-5343-55999-0579.fits
5343/spec-5343-55999-0580.fits
5343/spec-5343-55999-0581.fits
5343/spec-5343-55999-0582.fits
5343/spec-5343-55999-0583.fits
5343/spec-5343-55999-0584.fits
5343/spec-5343-55999-0585.fits
5343/spec-5343-55999-0586.fits
5343/spec-5343-55999-0587.fits
5343/spec-5343-55999-0588.fits
5343/spec-5343-55999-0589.fits
5343/spec-5343-55999-0590.fits
5343/spec-5343-55999-0591.fits
5343/spec-5343-55999-0592.fits
5343/spec-5343-55999-0593.fits
5343/spec-5343-55999-0594.fits
5343/spec-5343-55999-0595.fits
5343/spec-5343-55999-0596.fits
5343/spec-5343-55999-0597.fits
5343/spec-5343-55999-0598.fits
5343/spec-5343-55999-0599.fits
5343/spec-5343-55999-0600.fits
5343/spec-5343-55999-0601.fits
5343/spec-5343-55999-0602.fits
5343/spec-5343-55999-0603.fits
5343/spec-5343-55999-0604.fits
5343/spec-5343-55999-0605.fits
5343/spec-5343-55999-0606.fits
5343/spec-5343-55999-0607.fits
5343/spec-5343-55999-0608.fits
5343/spec-5343-55999-0609.fits
5343/spec-5343-55999-0610.fits
5343/spec-5343-55999-0611.fits
5343/spec-5343-55999-0612.fits
5343/spec-5343-55999-0613.fits
5343/spec-5343-55999-0614.fits
5343/spec-5343-55999-0615.fits
5343/spec-5343-55999-0616.fits
5343/spec-5343-55999-0617.fits
5343/spec-5343-55999-0618.fits
5343/spec-5343-55999-0619.fits
5343/spec-5343-55999-0620.fits
5343/spec-5343-55999-0621.fits
5343/spec-5343-55999-0622.fits
5343/spec-5343-55999-0623.fits
5343/spec-5343-55999-0624.fits
5343/spec-5343-55999-0625.fits
5343/spec-5343-55999-0626.fits
5343/spec-5343-55999-0627.fits
5343/spec-5343-55999-0628.fits
5343/spec-5343-55999-0629.fits
5343/spec-5343-55999-0630.fits
5343/spec-5343-55999-0631.fits
5343/spec-5343-55999-0632.fits
5343/spec-5343-55999-0633.fits
5343/spec-5343-55999-0634.fits
5343/spec-5343-55999-0635.fits
5343/spec-5343-55999-0636.fits
5343/spec-5343-55999-0637.fits
5343/spec-5343-55999-0638.fits
5343/spec-5343-55999-0639.fits
5343/spec-5343-55999-0640.fits
5343/spec-5343-55999-0641.fits
5343/spec-5343-55999-0642.fits
5343/spec-5343-55999-0643.fits
5343/spec-5343-55999-0644.fits
5343/spec-5343-55999-0645.fits
5343/spec-5343-55999-0646.fits
5343/spec-5343-55999-0647.fits
5343/spec-5343-55999-0648.fits
5343/spec-5343-55999-0649.fits
5343/spec-5343-55999-0650.fits
5343/spec-5343-55999-0651.fits
5343/spec-5343-55999-0652.fits
5343/spec-5343-55999-0653.fits
5343/spec-5343-55999-0654.fits
5343/spec-5343-55999-0655.fits
5343/spec-5343-55999-0656.fits
5343/spec-5343-55999-0657.fits
5343/spec-5343-55999-0658.fits
5343/spec-5343-55999-0659.fits
5343/spec-5343-55999-0660.fits
5343/spec-5343-55999-0661.fits
5343/spec-5343-55999-0662.fits
5343/spec-5343-55999-0663.fits
5343/spec-5343-55999-0664.fits
5343/spec-5343-55999-0665.fits
5343/spec-5343-55999-0666.fits
5343/spec-5343-55999-0667.fits
5343/spec-5343-55999-0668.fits
5343/spec-5343-55999-0669.fits
5343/spec-5343-55999-0670.fits
5343/spec-5343-55999-0671.fits
5343/spec-5343-55999-0672.fits
5343/spec-5343-55999-0673.fits
5343/spec-5343-55999-0674.fits
5343/spec-5343-55999-0675.fits
5343/spec-5343-55999-0676.fits
5343/spec-5343-55999-0677.fits
5343/spec-5343-55999-0678.fits
5343/spec-5343-55999-0679.fits
5343/spec-5343-55999-0680.fits
5343/spec-5343-55999-0681.fits
5343/spec-5343-55999-0682.fits
5343/spec-5343-55999-0683.fits
5343/spec-5343-55999-0684.fits
5343/spec-5343-55999-0685.fits
5343/spec-5343-55999-0686.fits
5343/spec-5343-55999-0687.fits
5343/spec-5343-55999-0688.fits
5343/spec-5343-55999-0689.fits
5343/spec-5343-55999-0690.fits
5343/spec-5343-55999-0691.fits
5343/spec-5343-55999-0692.fits
5343/spec-5343-55999-0693.fits
5343/spec-5343-55999-0694.fits
5343/spec-5343-55999-0695.fits
5343/spec-5343-55999-0696.fits
5343/spec-5343-55999-0697.fits
5343/spec-5343-55999-0698.fits
5343/spec-5343-55999-0699.fits
5343/spec-5343-55999-0700.fits
5343/spec-5343-55999-0701.fits
5343/spec-5343-55999-0702.fits
5343/spec-5343-55999-0703.fits
5343/spec-5343-55999-0704.fits
5343/spec-5343-55999-0705.fits
5343/spec-5343-55999-0706.fits
5343/spec-5343-55999-0707.fits
5343/spec-5343-55999-0708.fits
5343/spec-5343-55999-0709.fits
5343/spec-5343-55999-0710.fits
5343/spec-5343-55999-0711.fits
5343/spec-5343-55999-0712.fits
5343/spec-5343-55999-0713.fits
5343/spec-5343-55999-0714.fits
5343/spec-5343-55999-0715.fits
5343/spec-5343-55999-0716.fits
5343/spec-5343-55999-0717.fits
5343/spec-5343-55999-0718.fits
5343/spec-5343-55999-0719.fits
5343/spec-5343-55999-0720.fits
5343/spec-5343-55999-0721.fits
5343/spec-5343-55999-0722.fits
5343/spec-5343-55999-0723.fits
5343/spec-5343-55999-0724.fits
5343/spec-5343-55999-0725.fits
5343/spec-5343-55999-0726.fits
5343/spec-5343-55999-0727.fits
5343/spec-5343-55999-0728.fits
5343/spec-5343-55999-0729.fits
5343/spec-5343-55999-0730.fits
5343/spec-5343-55999-0731.fits
5343/spec-5343-55999-0732.fits
5343/spec-5343-55999-0733.fits
5343/spec-5343-55999-0734.fits
5343/spec-5343-55999-0735.fits
5343/spec-5343-55999-0736.fits
5343/spec-5343-55999-0737.fits
5343/spec-5343-55999-0738.fits
5343/spec-5343-55999-0739.fits
5343/spec-5343-55999-0740.fits
5343/spec-5343-55999-0741.fits
5343/spec-5343-55999-0742.fits
5343/spec-5343-55999-0743.fits
5343/spec-5343-55999-0744.fits
5343/spec-5343-55999-0745.fits
5343/spec-5343-55999-0746.fits
5343/spec-5343-55999-0747.fits
5343/spec-5343-55999-0748.fits
5343/spec-5343-55999-0749.fits
5343/spec-5343-55999-0750.fits
5343/spec-5343-55999-0751.fits
5343/spec-5343-55999-0752.fits
5343/spec-5343-55999-0753.fits
5343/spec-5343-55999-0754.fits
5343/spec-5343-55999-0755.fits
5343/spec-5343-55999-0756.fits
5343/spec-5343-55999-0757.fits
5343/spec-5343-55999-0758.fits
5343/spec-5343-55999-0759.fits
5343/spec-5343-55999-0760.fits
5343/spec-5343-55999-0761.fits
5343/spec-5343-55999-0762.fits
5343/spec-5343-55999-0763.fits
5343/spec-5343-55999-0764.fits
5343/spec-5343-55999-0765.fits
5343/spec-5343-55999-0766.fits
5343/spec-5343-55999-0767.fits
5343/spec-5343-55999-0768.fits
5343/spec-5343-55999-0769.fits
5343/spec-5343-55999-0770.fits
5343/spec-5343-55999-0771.fits
5343/spec-5343-55999-0772.fits
5343/spec-5343-55999-0773.fits
5343/spec-5343-55999-0774.fits
5343/spec-5343-55999-0775.fits
5343/spec-5343-55999-0776.fits
5343/spec-5343-55999-0777.fits
5343/spec-5343-55999-0778.fits
5343/spec-5343-55999-0779.fits
5343/spec-5343-55999-0780.fits
5343/spec-5343-55999-0781.fits
5343/spec-5343-55999-0782.fits
5343/spec-5343-55999-0783.fits
5343/spec-5343-55999-0784.fits
5343/spec-5343-55999-0785.fits
5343/spec-5343-55999-0786.fits
5343/spec-5343-55999-0787.fits
5343/spec-5343-55999-0788.fits
5343/spec-5343-55999-0789.fits
5343/spec-5343-55999-0790.fits
5343/spec-5343-55999-0791.fits
5343/spec-5343-55999-0792.fits
5343/spec-5343-55999-0793.fits
5343/spec-5343-55999-0794.fits
5343/spec-5343-55999-0795.fits
5343/spec-5343-55999-0796.fits
5343/spec-5343-55999-0797.fits
5343/spec-5343-55999-0798.fits
5343/spec-5343-55999-0799.fits
5343/spec-5343-55999-0800.fits
5343/spec-5343-55999-0801.fits
5343/spec-5343-55999-0802.fits
5343/spec-5343-55999-0803.fits
5343/spec-5343-55999-0804.fits
5343/spec-5343-55999-0805.fits
5343/spec-5343-55999-0806.fits
5343/spec-5343-55999-0807.fits
5343/spec-5343-55999-0808.fits
5343/spec-5343-55999-0809.fits
5343/spec-5343-55999-0810.fits
5343/spec-5343-55999-0811.fits
5343/spec-5343-55999-0812.fits
5343/spec-5343-55999-0813.fits
5343/spec-5343-55999-0814.fits
5343/spec-5343-55999-0815.fits
5343/spec-5343-55999-0816.fits
5343/spec-5343-55999-0817.fits
5343/spec-5343-55999-0818.fits
5343/spec-5343-55999-0819.fits
5343/spec-5343-55999-0820.fits
5343/spec-5343-55999-0821.fits
5343/spec-5343-55999-0822.fits
5343/spec-5343-55999-0823.fits
5343/spec-5343-55999-0824.fits
5343/spec-5343-55999-0825.fits
5343/spec-5343-55999-0826.fits
5343/spec-5343-55999-0827.fits
5343/spec-5343-55999-0828.fits
5343/spec-5343-55999-0829.fits
5343/spec-5343-55999-0830.fits
5343/spec-5343-55999-0831.fits
5343/spec-5343-55999-0832.fits
5343/spec-5343-55999-0833.fits
5343/spec-5343-55999-0834.fits
5343/spec-5343-55999-0835.fits
5343/spec-5343-55999-0836.fits
5343/spec-5343-55999-0837.fits
5343/spec-5343-55999-0838.fits
5343/spec-5343-55999-0839.fits
5343/spec-5343-55999-0840.fits
5343/spec-5343-55999-0841.fits
5343/spec-5343-55999-0842.fits
5343/spec-5343-55999-0843.fits
5343/spec-5343-55999-0844.fits
5343/spec-5343-55999-0845.fits
5343/spec-5343-55999-0846.fits
5343/spec-5343-55999-0847.fits
5343/spec-5343-55999-0848.fits
5343/spec-5343-55999-0849.fits
5343/spec-5343-55999-0850.fits
5343/spec-5343-55999-0851.fits
5343/spec-5343-55999-0852.fits
5343/spec-5343-55999-0853.fits
5343/spec-5343-55999-0854.fits
5343/spec-5343-55999-0855.fits
5343/spec-5343-55999-0856.fits
5343/spec-5343-55999-0857.fits
5343/spec-5343-55999-0858.fits
5343/spec-5343-55999-0859.fits
5343/spec-5343-55999-0860.fits
5343/spec-5343-55999-0861.fits
5343/spec-5343-55999-0862.fits
5343/spec-5343-55999-0863.fits
5343/spec-5343-55999-0864.fits
5343/spec-5343-55999-0865.fits
5343/spec-5343-55999-0866.fits
5343/spec-5343-55999-0867.fits
5343/spec-5343-55999-0868.fits
5343/spec-5343-55999-0869.fits
5343/spec-5343-55999-0870.fits
5343/spec-5343-55999-0871.fits
5343/spec-5343-55999-0872.fits
5343/spec-5343-55999-0873.fits
5343/spec-5343-55999-0874.fits
5343/spec-5343-55999-0875.fits
5343/spec-5343-55999-0876.fits
5343/spec-5343-55999-0877.fits
5343/spec-5343-55999-0878.fits
5343/spec-5343-55999-0879.fits
5343/spec-5343-55999-0880.fits
5343/spec-5343-55999-0881.fits
5343/spec-5343-55999-0882.fits
5343/spec-5343-55999-0883.fits
5343/spec-5343-55999-0884.fits
5343/spec-5343-55999-0885.fits
5343/spec-5343-55999-0886.fits
5343/spec-5343-55999-0887.fits
5343/spec-5343-55999-0888.fits
5343/spec-5343-55999-0889.fits
5343/spec-5343-55999-0890.fits
5343/spec-5343-55999-0891.fits
5343/spec-5343-55999-0892.fits
5343/spec-5343-55999-0893.fits
5343/spec-5343-55999-0894.fits
5343/spec-5343-55999-0895.fits
5343/spec-5343-55999-0896.fits
5343/spec-5343-55999-0897.fits
5343/spec-5343-55999-0898.fits
5343/spec-5343-55999-0899.fits
5343/spec-5343-55999-0900.fits
5343/spec-5343-55999-0901.fits
5343/spec-5343-55999-0902.fits
5343/spec-5343-55999-0903.fits
5343/spec-5343-55999-0904.fits
5343/spec-5343-55999-0905.fits
5343/spec-5343-55999-0906.fits
5343/spec-5343-55999-0907.fits
5343/spec-5343-55999-0908.fits
5343/spec-5343-55999-0909.fits
5343/spec-5343-55999-0910.fits
5343/spec-5343-55999-0911.fits
5343/spec-5343-55999-0912.fits
5343/spec-5343-55999-0913.fits
5343/spec-5343-55999-0914.fits
5343/spec-5343-55999-0915.fits
5343/spec-5343-55999-0916.fits
5343/spec-5343-55999-0917.fits
5343/spec-5343-55999-0918.fits
5343/spec-5343-55999-0919.fits
5343/spec-5343-55999-0920.fits
5343/spec-5343-55999-0921.fits
5343/spec-5343-55999-0922.fits
5343/spec-5343-55999-0923.fits
5343/spec-5343-55999-0924.fits
5343/spec-5343-55999-0925.fits
5343/spec-5343-55999-0926.fits
5343/spec-5343-55999-0927.fits
5343/spec-5343-55999-0928.fits
5343/spec-5343-55999-0929.fits
5343/spec-5343-55999-0930.fits
5343/spec-5343-55999-0931.fits
5343/spec-5343-55999-0932.fits
5343/spec-5343-55999-0933.fits
5343/spec-5343-55999-0934.fits
5343/spec-5343-55999-0935.fits
5343/spec-5343-55999-0936.fits
5343/spec-5343-55999-0937.fits
5343/spec-5343-55999-0938.fits
5343/spec-5343-55999-0939.fits
5343/spec-5343-55999-0940.fits
5343/spec-5343-55999-0941.fits
5343/spec-5343-55999-0942.fits
5343/spec-5343-55999-0943.fits
5343/spec-5343-55999-0944.fits
5343/spec-5343-55999-0945.fits
5343/spec-5343-55999-0946.fits
5343/spec-5343-55999-0947.fits
5343/spec-5343-55999-0948.fits
5343/spec-5343-55999-0949.fits
5343/spec-5343-55999-0950.fits
5343/spec-5343-55999-0951.fits
5343/spec-5343-55999-0952.fits
5343/spec-5343-55999-0953.fits
5343/spec-5343-55999-0954.fits
5343/spec-5343-55999-0955.fits
5343/spec-5343-55999-0956.fits
5343/spec-5343-55999-0957.fits
5343/spec-5343-55999-0958.fits
5343/spec-5343-55999-0959.fits
5343/spec-5343-55999-0960.fits
5343/spec-5343-55999-0961.fits
5343/spec-5343-55999-0962.fits
5343/spec-5343-55999-0963.fits
5343/spec-5343-55999-0964.fits
5343/spec-5343-55999-0965.fits
5343/spec-5343-55999-0966.fits
5343/spec-5343-55999-0967.fits
5343/spec-5343-55999-0968.fits
5343/spec-5343-55999-0969.fits
5343/spec-5343-55999-0970.fits
5343/spec-5343-55999-0971.fits
5343/spec-5343-55999-0972.fits
5343/spec-5343-55999-0973.fits
5343/spec-5343-55999-0974.fits
5343/spec-5343-55999-0975.fits
5343/spec-5343-55999-0976.fits
5343/spec-5343-55999-0977.fits
5343/spec-5343-55999-0978.fits
5343/spec-5343-55999-0979.fits
5343/spec-5343-55999-0980.fits
5343/spec-5343-55999-0981.fits
5343/spec-5343-55999-0982.fits
5343/spec-5343-55999-0983.fits
5343/spec-5343-55999-0984.fits
5343/spec-5343-55999-0985.fits
5343/spec-5343-55999-0986.fits
5343/spec-5343-55999-0987.fits
5343/spec-5343-55999-0988.fits
5343/spec-5343-55999-0989.fits
5343/spec-5343-55999-0990.fits
5343/spec-5343-55999-0991.fits
5343/spec-5343-55999-0992.fits
5343/spec-5343-55999-0993.fits
5343/spec-5343-55999-0994.fits
5343/spec-5343-55999-0995.fits
5343/spec-5343-55999-0996.fits
5343/spec-5343-55999-0997.fits
5343/spec-5343-55999-0998.fits
5343/spec-5343-55999-0999.fits
5343/spec-5343-55999-1000.fits
/var/lib/condor/execute/slot1/dir_30722
5343 5343.tgz R R361.tar.gz _condor_stderr _condor_stdout cB58_Lyman_break.fit condor_exec.exe hw4.R packages packages.tar.gz tmp var
[1] "Loaded package astro."
[1] 1000
5343 5343.csv 5343.tgz R R361.tar.gz _condor_stderr _condor_stdout cB58_Lyman_break.fit condor_exec.exe hw4.R packages packages.tar.gz tmp var
