5349
5349/
5349/spec-5349-55929-0001.fits
5349/spec-5349-55929-0002.fits
5349/spec-5349-55929-0003.fits
5349/spec-5349-55929-0004.fits
5349/spec-5349-55929-0005.fits
5349/spec-5349-55929-0006.fits
5349/spec-5349-55929-0007.fits
5349/spec-5349-55929-0008.fits
5349/spec-5349-55929-0009.fits
5349/spec-5349-55929-0010.fits
5349/spec-5349-55929-0011.fits
5349/spec-5349-55929-0012.fits
5349/spec-5349-55929-0013.fits
5349/spec-5349-55929-0014.fits
5349/spec-5349-55929-0015.fits
5349/spec-5349-55929-0016.fits
5349/spec-5349-55929-0017.fits
5349/spec-5349-55929-0018.fits
5349/spec-5349-55929-0019.fits
5349/spec-5349-55929-0020.fits
5349/spec-5349-55929-0021.fits
5349/spec-5349-55929-0022.fits
5349/spec-5349-55929-0023.fits
5349/spec-5349-55929-0024.fits
5349/spec-5349-55929-0025.fits
5349/spec-5349-55929-0026.fits
5349/spec-5349-55929-0027.fits
5349/spec-5349-55929-0028.fits
5349/spec-5349-55929-0029.fits
5349/spec-5349-55929-0030.fits
5349/spec-5349-55929-0031.fits
5349/spec-5349-55929-0032.fits
5349/spec-5349-55929-0033.fits
5349/spec-5349-55929-0034.fits
5349/spec-5349-55929-0035.fits
5349/spec-5349-55929-0036.fits
5349/spec-5349-55929-0037.fits
5349/spec-5349-55929-0038.fits
5349/spec-5349-55929-0039.fits
5349/spec-5349-55929-0040.fits
5349/spec-5349-55929-0041.fits
5349/spec-5349-55929-0042.fits
5349/spec-5349-55929-0043.fits
5349/spec-5349-55929-0044.fits
5349/spec-5349-55929-0045.fits
5349/spec-5349-55929-0046.fits
5349/spec-5349-55929-0047.fits
5349/spec-5349-55929-0048.fits
5349/spec-5349-55929-0049.fits
5349/spec-5349-55929-0050.fits
5349/spec-5349-55929-0051.fits
5349/spec-5349-55929-0052.fits
5349/spec-5349-55929-0053.fits
5349/spec-5349-55929-0054.fits
5349/spec-5349-55929-0055.fits
5349/spec-5349-55929-0056.fits
5349/spec-5349-55929-0057.fits
5349/spec-5349-55929-0058.fits
5349/spec-5349-55929-0059.fits
5349/spec-5349-55929-0060.fits
5349/spec-5349-55929-0061.fits
5349/spec-5349-55929-0062.fits
5349/spec-5349-55929-0063.fits
5349/spec-5349-55929-0064.fits
5349/spec-5349-55929-0065.fits
5349/spec-5349-55929-0066.fits
5349/spec-5349-55929-0067.fits
5349/spec-5349-55929-0068.fits
5349/spec-5349-55929-0069.fits
5349/spec-5349-55929-0070.fits
5349/spec-5349-55929-0071.fits
5349/spec-5349-55929-0072.fits
5349/spec-5349-55929-0073.fits
5349/spec-5349-55929-0074.fits
5349/spec-5349-55929-0075.fits
5349/spec-5349-55929-0076.fits
5349/spec-5349-55929-0077.fits
5349/spec-5349-55929-0078.fits
5349/spec-5349-55929-0079.fits
5349/spec-5349-55929-0080.fits
5349/spec-5349-55929-0081.fits
5349/spec-5349-55929-0082.fits
5349/spec-5349-55929-0083.fits
5349/spec-5349-55929-0084.fits
5349/spec-5349-55929-0085.fits
5349/spec-5349-55929-0086.fits
5349/spec-5349-55929-0087.fits
5349/spec-5349-55929-0088.fits
5349/spec-5349-55929-0089.fits
5349/spec-5349-55929-0090.fits
5349/spec-5349-55929-0091.fits
5349/spec-5349-55929-0092.fits
5349/spec-5349-55929-0093.fits
5349/spec-5349-55929-0094.fits
5349/spec-5349-55929-0095.fits
5349/spec-5349-55929-0096.fits
5349/spec-5349-55929-0097.fits
5349/spec-5349-55929-0098.fits
5349/spec-5349-55929-0099.fits
5349/spec-5349-55929-0100.fits
5349/spec-5349-55929-0101.fits
5349/spec-5349-55929-0102.fits
5349/spec-5349-55929-0103.fits
5349/spec-5349-55929-0104.fits
5349/spec-5349-55929-0105.fits
5349/spec-5349-55929-0106.fits
5349/spec-5349-55929-0107.fits
5349/spec-5349-55929-0108.fits
5349/spec-5349-55929-0109.fits
5349/spec-5349-55929-0110.fits
5349/spec-5349-55929-0111.fits
5349/spec-5349-55929-0112.fits
5349/spec-5349-55929-0113.fits
5349/spec-5349-55929-0114.fits
5349/spec-5349-55929-0115.fits
5349/spec-5349-55929-0116.fits
5349/spec-5349-55929-0117.fits
5349/spec-5349-55929-0118.fits
5349/spec-5349-55929-0119.fits
5349/spec-5349-55929-0120.fits
5349/spec-5349-55929-0121.fits
5349/spec-5349-55929-0122.fits
5349/spec-5349-55929-0123.fits
5349/spec-5349-55929-0124.fits
5349/spec-5349-55929-0125.fits
5349/spec-5349-55929-0126.fits
5349/spec-5349-55929-0127.fits
5349/spec-5349-55929-0128.fits
5349/spec-5349-55929-0129.fits
5349/spec-5349-55929-0130.fits
5349/spec-5349-55929-0131.fits
5349/spec-5349-55929-0132.fits
5349/spec-5349-55929-0133.fits
5349/spec-5349-55929-0134.fits
5349/spec-5349-55929-0135.fits
5349/spec-5349-55929-0136.fits
5349/spec-5349-55929-0137.fits
5349/spec-5349-55929-0138.fits
5349/spec-5349-55929-0139.fits
5349/spec-5349-55929-0140.fits
5349/spec-5349-55929-0141.fits
5349/spec-5349-55929-0142.fits
5349/spec-5349-55929-0143.fits
5349/spec-5349-55929-0144.fits
5349/spec-5349-55929-0145.fits
5349/spec-5349-55929-0146.fits
5349/spec-5349-55929-0147.fits
5349/spec-5349-55929-0148.fits
5349/spec-5349-55929-0149.fits
5349/spec-5349-55929-0150.fits
5349/spec-5349-55929-0151.fits
5349/spec-5349-55929-0152.fits
5349/spec-5349-55929-0153.fits
5349/spec-5349-55929-0154.fits
5349/spec-5349-55929-0155.fits
5349/spec-5349-55929-0156.fits
5349/spec-5349-55929-0157.fits
5349/spec-5349-55929-0158.fits
5349/spec-5349-55929-0159.fits
5349/spec-5349-55929-0160.fits
5349/spec-5349-55929-0161.fits
5349/spec-5349-55929-0162.fits
5349/spec-5349-55929-0163.fits
5349/spec-5349-55929-0164.fits
5349/spec-5349-55929-0165.fits
5349/spec-5349-55929-0166.fits
5349/spec-5349-55929-0167.fits
5349/spec-5349-55929-0168.fits
5349/spec-5349-55929-0169.fits
5349/spec-5349-55929-0170.fits
5349/spec-5349-55929-0171.fits
5349/spec-5349-55929-0172.fits
5349/spec-5349-55929-0173.fits
5349/spec-5349-55929-0174.fits
5349/spec-5349-55929-0175.fits
5349/spec-5349-55929-0176.fits
5349/spec-5349-55929-0177.fits
5349/spec-5349-55929-0178.fits
5349/spec-5349-55929-0179.fits
5349/spec-5349-55929-0180.fits
5349/spec-5349-55929-0181.fits
5349/spec-5349-55929-0182.fits
5349/spec-5349-55929-0183.fits
5349/spec-5349-55929-0184.fits
5349/spec-5349-55929-0185.fits
5349/spec-5349-55929-0186.fits
5349/spec-5349-55929-0187.fits
5349/spec-5349-55929-0188.fits
5349/spec-5349-55929-0189.fits
5349/spec-5349-55929-0190.fits
5349/spec-5349-55929-0191.fits
5349/spec-5349-55929-0192.fits
5349/spec-5349-55929-0193.fits
5349/spec-5349-55929-0194.fits
5349/spec-5349-55929-0195.fits
5349/spec-5349-55929-0196.fits
5349/spec-5349-55929-0197.fits
5349/spec-5349-55929-0198.fits
5349/spec-5349-55929-0199.fits
5349/spec-5349-55929-0200.fits
5349/spec-5349-55929-0201.fits
5349/spec-5349-55929-0202.fits
5349/spec-5349-55929-0203.fits
5349/spec-5349-55929-0204.fits
5349/spec-5349-55929-0205.fits
5349/spec-5349-55929-0206.fits
5349/spec-5349-55929-0207.fits
5349/spec-5349-55929-0208.fits
5349/spec-5349-55929-0209.fits
5349/spec-5349-55929-0210.fits
5349/spec-5349-55929-0211.fits
5349/spec-5349-55929-0212.fits
5349/spec-5349-55929-0213.fits
5349/spec-5349-55929-0214.fits
5349/spec-5349-55929-0215.fits
5349/spec-5349-55929-0216.fits
5349/spec-5349-55929-0217.fits
5349/spec-5349-55929-0218.fits
5349/spec-5349-55929-0219.fits
5349/spec-5349-55929-0220.fits
5349/spec-5349-55929-0221.fits
5349/spec-5349-55929-0222.fits
5349/spec-5349-55929-0223.fits
5349/spec-5349-55929-0224.fits
5349/spec-5349-55929-0225.fits
5349/spec-5349-55929-0226.fits
5349/spec-5349-55929-0227.fits
5349/spec-5349-55929-0228.fits
5349/spec-5349-55929-0229.fits
5349/spec-5349-55929-0230.fits
5349/spec-5349-55929-0231.fits
5349/spec-5349-55929-0232.fits
5349/spec-5349-55929-0233.fits
5349/spec-5349-55929-0234.fits
5349/spec-5349-55929-0235.fits
5349/spec-5349-55929-0236.fits
5349/spec-5349-55929-0237.fits
5349/spec-5349-55929-0238.fits
5349/spec-5349-55929-0239.fits
5349/spec-5349-55929-0240.fits
5349/spec-5349-55929-0241.fits
5349/spec-5349-55929-0242.fits
5349/spec-5349-55929-0243.fits
5349/spec-5349-55929-0244.fits
5349/spec-5349-55929-0245.fits
5349/spec-5349-55929-0246.fits
5349/spec-5349-55929-0247.fits
5349/spec-5349-55929-0248.fits
5349/spec-5349-55929-0249.fits
5349/spec-5349-55929-0250.fits
5349/spec-5349-55929-0251.fits
5349/spec-5349-55929-0252.fits
5349/spec-5349-55929-0253.fits
5349/spec-5349-55929-0254.fits
5349/spec-5349-55929-0255.fits
5349/spec-5349-55929-0256.fits
5349/spec-5349-55929-0257.fits
5349/spec-5349-55929-0258.fits
5349/spec-5349-55929-0259.fits
5349/spec-5349-55929-0260.fits
5349/spec-5349-55929-0261.fits
5349/spec-5349-55929-0262.fits
5349/spec-5349-55929-0263.fits
5349/spec-5349-55929-0264.fits
5349/spec-5349-55929-0265.fits
5349/spec-5349-55929-0266.fits
5349/spec-5349-55929-0267.fits
5349/spec-5349-55929-0268.fits
5349/spec-5349-55929-0269.fits
5349/spec-5349-55929-0270.fits
5349/spec-5349-55929-0271.fits
5349/spec-5349-55929-0272.fits
5349/spec-5349-55929-0273.fits
5349/spec-5349-55929-0274.fits
5349/spec-5349-55929-0275.fits
5349/spec-5349-55929-0276.fits
5349/spec-5349-55929-0277.fits
5349/spec-5349-55929-0278.fits
5349/spec-5349-55929-0279.fits
5349/spec-5349-55929-0280.fits
5349/spec-5349-55929-0281.fits
5349/spec-5349-55929-0282.fits
5349/spec-5349-55929-0283.fits
5349/spec-5349-55929-0284.fits
5349/spec-5349-55929-0285.fits
5349/spec-5349-55929-0286.fits
5349/spec-5349-55929-0287.fits
5349/spec-5349-55929-0288.fits
5349/spec-5349-55929-0289.fits
5349/spec-5349-55929-0290.fits
5349/spec-5349-55929-0291.fits
5349/spec-5349-55929-0292.fits
5349/spec-5349-55929-0293.fits
5349/spec-5349-55929-0294.fits
5349/spec-5349-55929-0295.fits
5349/spec-5349-55929-0296.fits
5349/spec-5349-55929-0297.fits
5349/spec-5349-55929-0298.fits
5349/spec-5349-55929-0299.fits
5349/spec-5349-55929-0300.fits
5349/spec-5349-55929-0301.fits
5349/spec-5349-55929-0302.fits
5349/spec-5349-55929-0303.fits
5349/spec-5349-55929-0304.fits
5349/spec-5349-55929-0305.fits
5349/spec-5349-55929-0306.fits
5349/spec-5349-55929-0307.fits
5349/spec-5349-55929-0308.fits
5349/spec-5349-55929-0309.fits
5349/spec-5349-55929-0310.fits
5349/spec-5349-55929-0311.fits
5349/spec-5349-55929-0312.fits
5349/spec-5349-55929-0313.fits
5349/spec-5349-55929-0314.fits
5349/spec-5349-55929-0315.fits
5349/spec-5349-55929-0316.fits
5349/spec-5349-55929-0317.fits
5349/spec-5349-55929-0318.fits
5349/spec-5349-55929-0319.fits
5349/spec-5349-55929-0320.fits
5349/spec-5349-55929-0321.fits
5349/spec-5349-55929-0322.fits
5349/spec-5349-55929-0323.fits
5349/spec-5349-55929-0324.fits
5349/spec-5349-55929-0325.fits
5349/spec-5349-55929-0326.fits
5349/spec-5349-55929-0327.fits
5349/spec-5349-55929-0328.fits
5349/spec-5349-55929-0329.fits
5349/spec-5349-55929-0330.fits
5349/spec-5349-55929-0331.fits
5349/spec-5349-55929-0332.fits
5349/spec-5349-55929-0333.fits
5349/spec-5349-55929-0334.fits
5349/spec-5349-55929-0335.fits
5349/spec-5349-55929-0336.fits
5349/spec-5349-55929-0337.fits
5349/spec-5349-55929-0338.fits
5349/spec-5349-55929-0339.fits
5349/spec-5349-55929-0340.fits
5349/spec-5349-55929-0341.fits
5349/spec-5349-55929-0342.fits
5349/spec-5349-55929-0343.fits
5349/spec-5349-55929-0344.fits
5349/spec-5349-55929-0345.fits
5349/spec-5349-55929-0346.fits
5349/spec-5349-55929-0347.fits
5349/spec-5349-55929-0348.fits
5349/spec-5349-55929-0349.fits
5349/spec-5349-55929-0350.fits
5349/spec-5349-55929-0351.fits
5349/spec-5349-55929-0352.fits
5349/spec-5349-55929-0353.fits
5349/spec-5349-55929-0354.fits
5349/spec-5349-55929-0355.fits
5349/spec-5349-55929-0356.fits
5349/spec-5349-55929-0357.fits
5349/spec-5349-55929-0358.fits
5349/spec-5349-55929-0359.fits
5349/spec-5349-55929-0360.fits
5349/spec-5349-55929-0361.fits
5349/spec-5349-55929-0362.fits
5349/spec-5349-55929-0363.fits
5349/spec-5349-55929-0364.fits
5349/spec-5349-55929-0365.fits
5349/spec-5349-55929-0366.fits
5349/spec-5349-55929-0367.fits
5349/spec-5349-55929-0368.fits
5349/spec-5349-55929-0369.fits
5349/spec-5349-55929-0370.fits
5349/spec-5349-55929-0371.fits
5349/spec-5349-55929-0372.fits
5349/spec-5349-55929-0373.fits
5349/spec-5349-55929-0374.fits
5349/spec-5349-55929-0375.fits
5349/spec-5349-55929-0376.fits
5349/spec-5349-55929-0377.fits
5349/spec-5349-55929-0378.fits
5349/spec-5349-55929-0379.fits
5349/spec-5349-55929-0380.fits
5349/spec-5349-55929-0381.fits
5349/spec-5349-55929-0382.fits
5349/spec-5349-55929-0383.fits
5349/spec-5349-55929-0384.fits
5349/spec-5349-55929-0385.fits
5349/spec-5349-55929-0386.fits
5349/spec-5349-55929-0387.fits
5349/spec-5349-55929-0388.fits
5349/spec-5349-55929-0389.fits
5349/spec-5349-55929-0390.fits
5349/spec-5349-55929-0391.fits
5349/spec-5349-55929-0392.fits
5349/spec-5349-55929-0393.fits
5349/spec-5349-55929-0394.fits
5349/spec-5349-55929-0395.fits
5349/spec-5349-55929-0396.fits
5349/spec-5349-55929-0397.fits
5349/spec-5349-55929-0398.fits
5349/spec-5349-55929-0399.fits
5349/spec-5349-55929-0400.fits
5349/spec-5349-55929-0401.fits
5349/spec-5349-55929-0402.fits
5349/spec-5349-55929-0403.fits
5349/spec-5349-55929-0404.fits
5349/spec-5349-55929-0405.fits
5349/spec-5349-55929-0406.fits
5349/spec-5349-55929-0407.fits
5349/spec-5349-55929-0408.fits
5349/spec-5349-55929-0409.fits
5349/spec-5349-55929-0410.fits
5349/spec-5349-55929-0411.fits
5349/spec-5349-55929-0412.fits
5349/spec-5349-55929-0413.fits
5349/spec-5349-55929-0414.fits
5349/spec-5349-55929-0415.fits
5349/spec-5349-55929-0416.fits
5349/spec-5349-55929-0417.fits
5349/spec-5349-55929-0418.fits
5349/spec-5349-55929-0419.fits
5349/spec-5349-55929-0420.fits
5349/spec-5349-55929-0421.fits
5349/spec-5349-55929-0422.fits
5349/spec-5349-55929-0423.fits
5349/spec-5349-55929-0424.fits
5349/spec-5349-55929-0425.fits
5349/spec-5349-55929-0426.fits
5349/spec-5349-55929-0427.fits
5349/spec-5349-55929-0428.fits
5349/spec-5349-55929-0429.fits
5349/spec-5349-55929-0430.fits
5349/spec-5349-55929-0431.fits
5349/spec-5349-55929-0432.fits
5349/spec-5349-55929-0433.fits
5349/spec-5349-55929-0434.fits
5349/spec-5349-55929-0435.fits
5349/spec-5349-55929-0436.fits
5349/spec-5349-55929-0437.fits
5349/spec-5349-55929-0438.fits
5349/spec-5349-55929-0439.fits
5349/spec-5349-55929-0440.fits
5349/spec-5349-55929-0441.fits
5349/spec-5349-55929-0442.fits
5349/spec-5349-55929-0443.fits
5349/spec-5349-55929-0444.fits
5349/spec-5349-55929-0445.fits
5349/spec-5349-55929-0446.fits
5349/spec-5349-55929-0447.fits
5349/spec-5349-55929-0448.fits
5349/spec-5349-55929-0449.fits
5349/spec-5349-55929-0450.fits
5349/spec-5349-55929-0451.fits
5349/spec-5349-55929-0452.fits
5349/spec-5349-55929-0453.fits
5349/spec-5349-55929-0454.fits
5349/spec-5349-55929-0455.fits
5349/spec-5349-55929-0456.fits
5349/spec-5349-55929-0457.fits
5349/spec-5349-55929-0458.fits
5349/spec-5349-55929-0459.fits
5349/spec-5349-55929-0460.fits
5349/spec-5349-55929-0461.fits
5349/spec-5349-55929-0462.fits
5349/spec-5349-55929-0463.fits
5349/spec-5349-55929-0464.fits
5349/spec-5349-55929-0465.fits
5349/spec-5349-55929-0466.fits
5349/spec-5349-55929-0467.fits
5349/spec-5349-55929-0468.fits
5349/spec-5349-55929-0469.fits
5349/spec-5349-55929-0470.fits
5349/spec-5349-55929-0471.fits
5349/spec-5349-55929-0472.fits
5349/spec-5349-55929-0473.fits
5349/spec-5349-55929-0474.fits
5349/spec-5349-55929-0475.fits
5349/spec-5349-55929-0476.fits
5349/spec-5349-55929-0477.fits
5349/spec-5349-55929-0478.fits
5349/spec-5349-55929-0479.fits
5349/spec-5349-55929-0480.fits
5349/spec-5349-55929-0481.fits
5349/spec-5349-55929-0482.fits
5349/spec-5349-55929-0483.fits
5349/spec-5349-55929-0484.fits
5349/spec-5349-55929-0485.fits
5349/spec-5349-55929-0486.fits
5349/spec-5349-55929-0487.fits
5349/spec-5349-55929-0488.fits
5349/spec-5349-55929-0489.fits
5349/spec-5349-55929-0490.fits
5349/spec-5349-55929-0491.fits
5349/spec-5349-55929-0492.fits
5349/spec-5349-55929-0493.fits
5349/spec-5349-55929-0494.fits
5349/spec-5349-55929-0495.fits
5349/spec-5349-55929-0496.fits
5349/spec-5349-55929-0497.fits
5349/spec-5349-55929-0498.fits
5349/spec-5349-55929-0499.fits
5349/spec-5349-55929-0500.fits
5349/spec-5349-55929-0501.fits
5349/spec-5349-55929-0502.fits
5349/spec-5349-55929-0503.fits
5349/spec-5349-55929-0504.fits
5349/spec-5349-55929-0505.fits
5349/spec-5349-55929-0506.fits
5349/spec-5349-55929-0507.fits
5349/spec-5349-55929-0508.fits
5349/spec-5349-55929-0509.fits
5349/spec-5349-55929-0510.fits
5349/spec-5349-55929-0511.fits
5349/spec-5349-55929-0512.fits
5349/spec-5349-55929-0513.fits
5349/spec-5349-55929-0514.fits
5349/spec-5349-55929-0515.fits
5349/spec-5349-55929-0516.fits
5349/spec-5349-55929-0517.fits
5349/spec-5349-55929-0518.fits
5349/spec-5349-55929-0519.fits
5349/spec-5349-55929-0520.fits
5349/spec-5349-55929-0521.fits
5349/spec-5349-55929-0522.fits
5349/spec-5349-55929-0523.fits
5349/spec-5349-55929-0524.fits
5349/spec-5349-55929-0525.fits
5349/spec-5349-55929-0526.fits
5349/spec-5349-55929-0527.fits
5349/spec-5349-55929-0528.fits
5349/spec-5349-55929-0529.fits
5349/spec-5349-55929-0530.fits
5349/spec-5349-55929-0531.fits
5349/spec-5349-55929-0532.fits
5349/spec-5349-55929-0533.fits
5349/spec-5349-55929-0534.fits
5349/spec-5349-55929-0535.fits
5349/spec-5349-55929-0536.fits
5349/spec-5349-55929-0537.fits
5349/spec-5349-55929-0538.fits
5349/spec-5349-55929-0539.fits
5349/spec-5349-55929-0540.fits
5349/spec-5349-55929-0541.fits
5349/spec-5349-55929-0542.fits
5349/spec-5349-55929-0543.fits
5349/spec-5349-55929-0544.fits
5349/spec-5349-55929-0545.fits
5349/spec-5349-55929-0546.fits
5349/spec-5349-55929-0547.fits
5349/spec-5349-55929-0548.fits
5349/spec-5349-55929-0549.fits
5349/spec-5349-55929-0550.fits
5349/spec-5349-55929-0551.fits
5349/spec-5349-55929-0552.fits
5349/spec-5349-55929-0553.fits
5349/spec-5349-55929-0554.fits
5349/spec-5349-55929-0555.fits
5349/spec-5349-55929-0556.fits
5349/spec-5349-55929-0557.fits
5349/spec-5349-55929-0558.fits
5349/spec-5349-55929-0559.fits
5349/spec-5349-55929-0560.fits
5349/spec-5349-55929-0561.fits
5349/spec-5349-55929-0562.fits
5349/spec-5349-55929-0563.fits
5349/spec-5349-55929-0564.fits
5349/spec-5349-55929-0565.fits
5349/spec-5349-55929-0566.fits
5349/spec-5349-55929-0567.fits
5349/spec-5349-55929-0568.fits
5349/spec-5349-55929-0569.fits
5349/spec-5349-55929-0570.fits
5349/spec-5349-55929-0571.fits
5349/spec-5349-55929-0572.fits
5349/spec-5349-55929-0573.fits
5349/spec-5349-55929-0574.fits
5349/spec-5349-55929-0575.fits
5349/spec-5349-55929-0576.fits
5349/spec-5349-55929-0577.fits
5349/spec-5349-55929-0578.fits
5349/spec-5349-55929-0579.fits
5349/spec-5349-55929-0580.fits
5349/spec-5349-55929-0581.fits
5349/spec-5349-55929-0582.fits
5349/spec-5349-55929-0583.fits
5349/spec-5349-55929-0584.fits
5349/spec-5349-55929-0585.fits
5349/spec-5349-55929-0586.fits
5349/spec-5349-55929-0587.fits
5349/spec-5349-55929-0588.fits
5349/spec-5349-55929-0589.fits
5349/spec-5349-55929-0590.fits
5349/spec-5349-55929-0591.fits
5349/spec-5349-55929-0592.fits
5349/spec-5349-55929-0593.fits
5349/spec-5349-55929-0594.fits
5349/spec-5349-55929-0595.fits
5349/spec-5349-55929-0596.fits
5349/spec-5349-55929-0597.fits
5349/spec-5349-55929-0598.fits
5349/spec-5349-55929-0599.fits
5349/spec-5349-55929-0600.fits
5349/spec-5349-55929-0601.fits
5349/spec-5349-55929-0602.fits
5349/spec-5349-55929-0603.fits
5349/spec-5349-55929-0604.fits
5349/spec-5349-55929-0605.fits
5349/spec-5349-55929-0606.fits
5349/spec-5349-55929-0607.fits
5349/spec-5349-55929-0608.fits
5349/spec-5349-55929-0609.fits
5349/spec-5349-55929-0610.fits
5349/spec-5349-55929-0611.fits
5349/spec-5349-55929-0612.fits
5349/spec-5349-55929-0613.fits
5349/spec-5349-55929-0614.fits
5349/spec-5349-55929-0615.fits
5349/spec-5349-55929-0616.fits
5349/spec-5349-55929-0617.fits
5349/spec-5349-55929-0618.fits
5349/spec-5349-55929-0619.fits
5349/spec-5349-55929-0620.fits
5349/spec-5349-55929-0621.fits
5349/spec-5349-55929-0622.fits
5349/spec-5349-55929-0623.fits
5349/spec-5349-55929-0624.fits
5349/spec-5349-55929-0625.fits
5349/spec-5349-55929-0626.fits
5349/spec-5349-55929-0627.fits
5349/spec-5349-55929-0628.fits
5349/spec-5349-55929-0629.fits
5349/spec-5349-55929-0630.fits
5349/spec-5349-55929-0631.fits
5349/spec-5349-55929-0632.fits
5349/spec-5349-55929-0633.fits
5349/spec-5349-55929-0634.fits
5349/spec-5349-55929-0635.fits
5349/spec-5349-55929-0636.fits
5349/spec-5349-55929-0637.fits
5349/spec-5349-55929-0638.fits
5349/spec-5349-55929-0639.fits
5349/spec-5349-55929-0640.fits
5349/spec-5349-55929-0641.fits
5349/spec-5349-55929-0642.fits
5349/spec-5349-55929-0643.fits
5349/spec-5349-55929-0644.fits
5349/spec-5349-55929-0645.fits
5349/spec-5349-55929-0646.fits
5349/spec-5349-55929-0647.fits
5349/spec-5349-55929-0648.fits
5349/spec-5349-55929-0649.fits
5349/spec-5349-55929-0650.fits
5349/spec-5349-55929-0651.fits
5349/spec-5349-55929-0652.fits
5349/spec-5349-55929-0653.fits
5349/spec-5349-55929-0654.fits
5349/spec-5349-55929-0655.fits
5349/spec-5349-55929-0656.fits
5349/spec-5349-55929-0657.fits
5349/spec-5349-55929-0658.fits
5349/spec-5349-55929-0659.fits
5349/spec-5349-55929-0660.fits
5349/spec-5349-55929-0661.fits
5349/spec-5349-55929-0662.fits
5349/spec-5349-55929-0663.fits
5349/spec-5349-55929-0664.fits
5349/spec-5349-55929-0665.fits
5349/spec-5349-55929-0666.fits
5349/spec-5349-55929-0667.fits
5349/spec-5349-55929-0668.fits
5349/spec-5349-55929-0669.fits
5349/spec-5349-55929-0670.fits
5349/spec-5349-55929-0671.fits
5349/spec-5349-55929-0672.fits
5349/spec-5349-55929-0673.fits
5349/spec-5349-55929-0674.fits
5349/spec-5349-55929-0675.fits
5349/spec-5349-55929-0676.fits
5349/spec-5349-55929-0677.fits
5349/spec-5349-55929-0678.fits
5349/spec-5349-55929-0679.fits
5349/spec-5349-55929-0680.fits
5349/spec-5349-55929-0681.fits
5349/spec-5349-55929-0682.fits
5349/spec-5349-55929-0683.fits
5349/spec-5349-55929-0684.fits
5349/spec-5349-55929-0685.fits
5349/spec-5349-55929-0686.fits
5349/spec-5349-55929-0687.fits
5349/spec-5349-55929-0688.fits
5349/spec-5349-55929-0689.fits
5349/spec-5349-55929-0690.fits
5349/spec-5349-55929-0691.fits
5349/spec-5349-55929-0692.fits
5349/spec-5349-55929-0693.fits
5349/spec-5349-55929-0694.fits
5349/spec-5349-55929-0695.fits
5349/spec-5349-55929-0696.fits
5349/spec-5349-55929-0697.fits
5349/spec-5349-55929-0698.fits
5349/spec-5349-55929-0699.fits
5349/spec-5349-55929-0700.fits
5349/spec-5349-55929-0701.fits
5349/spec-5349-55929-0702.fits
5349/spec-5349-55929-0703.fits
5349/spec-5349-55929-0704.fits
5349/spec-5349-55929-0705.fits
5349/spec-5349-55929-0706.fits
5349/spec-5349-55929-0707.fits
5349/spec-5349-55929-0708.fits
5349/spec-5349-55929-0709.fits
5349/spec-5349-55929-0710.fits
5349/spec-5349-55929-0711.fits
5349/spec-5349-55929-0712.fits
5349/spec-5349-55929-0713.fits
5349/spec-5349-55929-0714.fits
5349/spec-5349-55929-0715.fits
5349/spec-5349-55929-0716.fits
5349/spec-5349-55929-0717.fits
5349/spec-5349-55929-0718.fits
5349/spec-5349-55929-0719.fits
5349/spec-5349-55929-0720.fits
5349/spec-5349-55929-0721.fits
5349/spec-5349-55929-0722.fits
5349/spec-5349-55929-0723.fits
5349/spec-5349-55929-0724.fits
5349/spec-5349-55929-0725.fits
5349/spec-5349-55929-0726.fits
5349/spec-5349-55929-0727.fits
5349/spec-5349-55929-0728.fits
5349/spec-5349-55929-0729.fits
5349/spec-5349-55929-0730.fits
5349/spec-5349-55929-0731.fits
5349/spec-5349-55929-0732.fits
5349/spec-5349-55929-0733.fits
5349/spec-5349-55929-0734.fits
5349/spec-5349-55929-0735.fits
5349/spec-5349-55929-0736.fits
5349/spec-5349-55929-0737.fits
5349/spec-5349-55929-0738.fits
5349/spec-5349-55929-0739.fits
5349/spec-5349-55929-0740.fits
5349/spec-5349-55929-0741.fits
5349/spec-5349-55929-0742.fits
5349/spec-5349-55929-0743.fits
5349/spec-5349-55929-0744.fits
5349/spec-5349-55929-0745.fits
5349/spec-5349-55929-0746.fits
5349/spec-5349-55929-0747.fits
5349/spec-5349-55929-0748.fits
5349/spec-5349-55929-0749.fits
5349/spec-5349-55929-0750.fits
5349/spec-5349-55929-0751.fits
5349/spec-5349-55929-0752.fits
5349/spec-5349-55929-0753.fits
5349/spec-5349-55929-0754.fits
5349/spec-5349-55929-0755.fits
5349/spec-5349-55929-0756.fits
5349/spec-5349-55929-0757.fits
5349/spec-5349-55929-0758.fits
5349/spec-5349-55929-0759.fits
5349/spec-5349-55929-0760.fits
5349/spec-5349-55929-0761.fits
5349/spec-5349-55929-0762.fits
5349/spec-5349-55929-0763.fits
5349/spec-5349-55929-0764.fits
5349/spec-5349-55929-0765.fits
5349/spec-5349-55929-0766.fits
5349/spec-5349-55929-0767.fits
5349/spec-5349-55929-0768.fits
5349/spec-5349-55929-0769.fits
5349/spec-5349-55929-0770.fits
5349/spec-5349-55929-0771.fits
5349/spec-5349-55929-0772.fits
5349/spec-5349-55929-0773.fits
5349/spec-5349-55929-0774.fits
5349/spec-5349-55929-0775.fits
5349/spec-5349-55929-0776.fits
5349/spec-5349-55929-0777.fits
5349/spec-5349-55929-0778.fits
5349/spec-5349-55929-0779.fits
5349/spec-5349-55929-0780.fits
5349/spec-5349-55929-0781.fits
5349/spec-5349-55929-0782.fits
5349/spec-5349-55929-0783.fits
5349/spec-5349-55929-0784.fits
5349/spec-5349-55929-0785.fits
5349/spec-5349-55929-0786.fits
5349/spec-5349-55929-0787.fits
5349/spec-5349-55929-0788.fits
5349/spec-5349-55929-0789.fits
5349/spec-5349-55929-0790.fits
5349/spec-5349-55929-0791.fits
5349/spec-5349-55929-0792.fits
5349/spec-5349-55929-0793.fits
5349/spec-5349-55929-0794.fits
5349/spec-5349-55929-0795.fits
5349/spec-5349-55929-0796.fits
5349/spec-5349-55929-0797.fits
5349/spec-5349-55929-0798.fits
5349/spec-5349-55929-0799.fits
5349/spec-5349-55929-0800.fits
5349/spec-5349-55929-0801.fits
5349/spec-5349-55929-0802.fits
5349/spec-5349-55929-0803.fits
5349/spec-5349-55929-0804.fits
5349/spec-5349-55929-0805.fits
5349/spec-5349-55929-0806.fits
5349/spec-5349-55929-0807.fits
5349/spec-5349-55929-0808.fits
5349/spec-5349-55929-0809.fits
5349/spec-5349-55929-0810.fits
5349/spec-5349-55929-0811.fits
5349/spec-5349-55929-0812.fits
5349/spec-5349-55929-0813.fits
5349/spec-5349-55929-0814.fits
5349/spec-5349-55929-0815.fits
5349/spec-5349-55929-0816.fits
5349/spec-5349-55929-0817.fits
5349/spec-5349-55929-0818.fits
5349/spec-5349-55929-0819.fits
5349/spec-5349-55929-0820.fits
5349/spec-5349-55929-0821.fits
5349/spec-5349-55929-0822.fits
5349/spec-5349-55929-0823.fits
5349/spec-5349-55929-0824.fits
5349/spec-5349-55929-0825.fits
5349/spec-5349-55929-0826.fits
5349/spec-5349-55929-0827.fits
5349/spec-5349-55929-0828.fits
5349/spec-5349-55929-0829.fits
5349/spec-5349-55929-0830.fits
5349/spec-5349-55929-0831.fits
5349/spec-5349-55929-0832.fits
5349/spec-5349-55929-0833.fits
5349/spec-5349-55929-0834.fits
5349/spec-5349-55929-0835.fits
5349/spec-5349-55929-0836.fits
5349/spec-5349-55929-0837.fits
5349/spec-5349-55929-0838.fits
5349/spec-5349-55929-0839.fits
5349/spec-5349-55929-0840.fits
5349/spec-5349-55929-0841.fits
5349/spec-5349-55929-0842.fits
5349/spec-5349-55929-0843.fits
5349/spec-5349-55929-0844.fits
5349/spec-5349-55929-0845.fits
5349/spec-5349-55929-0846.fits
5349/spec-5349-55929-0847.fits
5349/spec-5349-55929-0848.fits
5349/spec-5349-55929-0849.fits
5349/spec-5349-55929-0850.fits
5349/spec-5349-55929-0851.fits
5349/spec-5349-55929-0852.fits
5349/spec-5349-55929-0853.fits
5349/spec-5349-55929-0854.fits
5349/spec-5349-55929-0855.fits
5349/spec-5349-55929-0856.fits
5349/spec-5349-55929-0857.fits
5349/spec-5349-55929-0858.fits
5349/spec-5349-55929-0859.fits
5349/spec-5349-55929-0860.fits
5349/spec-5349-55929-0861.fits
5349/spec-5349-55929-0862.fits
5349/spec-5349-55929-0863.fits
5349/spec-5349-55929-0864.fits
5349/spec-5349-55929-0865.fits
5349/spec-5349-55929-0866.fits
5349/spec-5349-55929-0867.fits
5349/spec-5349-55929-0868.fits
5349/spec-5349-55929-0869.fits
5349/spec-5349-55929-0870.fits
5349/spec-5349-55929-0871.fits
5349/spec-5349-55929-0872.fits
5349/spec-5349-55929-0873.fits
5349/spec-5349-55929-0874.fits
5349/spec-5349-55929-0875.fits
5349/spec-5349-55929-0876.fits
5349/spec-5349-55929-0877.fits
5349/spec-5349-55929-0878.fits
5349/spec-5349-55929-0879.fits
5349/spec-5349-55929-0880.fits
5349/spec-5349-55929-0881.fits
5349/spec-5349-55929-0882.fits
5349/spec-5349-55929-0883.fits
5349/spec-5349-55929-0884.fits
5349/spec-5349-55929-0885.fits
5349/spec-5349-55929-0886.fits
5349/spec-5349-55929-0887.fits
5349/spec-5349-55929-0888.fits
5349/spec-5349-55929-0889.fits
5349/spec-5349-55929-0890.fits
5349/spec-5349-55929-0891.fits
5349/spec-5349-55929-0892.fits
5349/spec-5349-55929-0893.fits
5349/spec-5349-55929-0894.fits
5349/spec-5349-55929-0895.fits
5349/spec-5349-55929-0896.fits
5349/spec-5349-55929-0897.fits
5349/spec-5349-55929-0898.fits
5349/spec-5349-55929-0899.fits
5349/spec-5349-55929-0900.fits
5349/spec-5349-55929-0901.fits
5349/spec-5349-55929-0902.fits
5349/spec-5349-55929-0903.fits
5349/spec-5349-55929-0904.fits
5349/spec-5349-55929-0905.fits
5349/spec-5349-55929-0906.fits
5349/spec-5349-55929-0907.fits
5349/spec-5349-55929-0908.fits
5349/spec-5349-55929-0909.fits
5349/spec-5349-55929-0910.fits
5349/spec-5349-55929-0911.fits
5349/spec-5349-55929-0912.fits
5349/spec-5349-55929-0913.fits
5349/spec-5349-55929-0914.fits
5349/spec-5349-55929-0915.fits
5349/spec-5349-55929-0916.fits
5349/spec-5349-55929-0917.fits
5349/spec-5349-55929-0918.fits
5349/spec-5349-55929-0919.fits
5349/spec-5349-55929-0920.fits
5349/spec-5349-55929-0921.fits
5349/spec-5349-55929-0922.fits
5349/spec-5349-55929-0923.fits
5349/spec-5349-55929-0924.fits
5349/spec-5349-55929-0925.fits
5349/spec-5349-55929-0926.fits
5349/spec-5349-55929-0927.fits
5349/spec-5349-55929-0928.fits
5349/spec-5349-55929-0929.fits
5349/spec-5349-55929-0930.fits
5349/spec-5349-55929-0931.fits
5349/spec-5349-55929-0932.fits
5349/spec-5349-55929-0933.fits
5349/spec-5349-55929-0934.fits
5349/spec-5349-55929-0935.fits
5349/spec-5349-55929-0936.fits
5349/spec-5349-55929-0937.fits
5349/spec-5349-55929-0938.fits
5349/spec-5349-55929-0939.fits
5349/spec-5349-55929-0940.fits
5349/spec-5349-55929-0941.fits
5349/spec-5349-55929-0942.fits
5349/spec-5349-55929-0943.fits
5349/spec-5349-55929-0944.fits
5349/spec-5349-55929-0945.fits
5349/spec-5349-55929-0946.fits
5349/spec-5349-55929-0947.fits
5349/spec-5349-55929-0948.fits
5349/spec-5349-55929-0949.fits
5349/spec-5349-55929-0950.fits
5349/spec-5349-55929-0951.fits
5349/spec-5349-55929-0952.fits
5349/spec-5349-55929-0953.fits
5349/spec-5349-55929-0954.fits
5349/spec-5349-55929-0955.fits
5349/spec-5349-55929-0956.fits
5349/spec-5349-55929-0957.fits
5349/spec-5349-55929-0958.fits
5349/spec-5349-55929-0959.fits
5349/spec-5349-55929-0960.fits
5349/spec-5349-55929-0961.fits
5349/spec-5349-55929-0962.fits
5349/spec-5349-55929-0963.fits
5349/spec-5349-55929-0964.fits
5349/spec-5349-55929-0965.fits
5349/spec-5349-55929-0966.fits
5349/spec-5349-55929-0967.fits
5349/spec-5349-55929-0968.fits
5349/spec-5349-55929-0969.fits
5349/spec-5349-55929-0970.fits
5349/spec-5349-55929-0971.fits
5349/spec-5349-55929-0972.fits
5349/spec-5349-55929-0973.fits
5349/spec-5349-55929-0974.fits
5349/spec-5349-55929-0975.fits
5349/spec-5349-55929-0976.fits
5349/spec-5349-55929-0977.fits
5349/spec-5349-55929-0978.fits
5349/spec-5349-55929-0979.fits
5349/spec-5349-55929-0980.fits
5349/spec-5349-55929-0981.fits
5349/spec-5349-55929-0982.fits
5349/spec-5349-55929-0983.fits
5349/spec-5349-55929-0984.fits
5349/spec-5349-55929-0985.fits
5349/spec-5349-55929-0986.fits
5349/spec-5349-55929-0987.fits
5349/spec-5349-55929-0988.fits
5349/spec-5349-55929-0989.fits
5349/spec-5349-55929-0990.fits
5349/spec-5349-55929-0991.fits
5349/spec-5349-55929-0992.fits
5349/spec-5349-55929-0993.fits
5349/spec-5349-55929-0994.fits
5349/spec-5349-55929-0995.fits
5349/spec-5349-55929-0996.fits
5349/spec-5349-55929-0997.fits
5349/spec-5349-55929-0998.fits
5349/spec-5349-55929-0999.fits
5349/spec-5349-55929-1000.fits
/var/lib/condor/execute/slot1/dir_12228
5349 5349.tgz R R361.tar.gz _condor_stderr _condor_stdout cB58_Lyman_break.fit condor_exec.exe hw4.R packages packages.tar.gz tmp var
[1] "Loaded package astro."
[1] 1000
5349 5349.csv 5349.tgz R R361.tar.gz _condor_stderr _condor_stdout cB58_Lyman_break.fit condor_exec.exe hw4.R packages packages.tar.gz tmp var
