3828
3828/
3828/spec-3828-55539-0001.fits
3828/spec-3828-55539-0002.fits
3828/spec-3828-55539-0003.fits
3828/spec-3828-55539-0004.fits
3828/spec-3828-55539-0005.fits
3828/spec-3828-55539-0006.fits
3828/spec-3828-55539-0007.fits
3828/spec-3828-55539-0008.fits
3828/spec-3828-55539-0009.fits
3828/spec-3828-55539-0010.fits
3828/spec-3828-55539-0011.fits
3828/spec-3828-55539-0012.fits
3828/spec-3828-55539-0013.fits
3828/spec-3828-55539-0014.fits
3828/spec-3828-55539-0015.fits
3828/spec-3828-55539-0016.fits
3828/spec-3828-55539-0017.fits
3828/spec-3828-55539-0018.fits
3828/spec-3828-55539-0019.fits
3828/spec-3828-55539-0020.fits
3828/spec-3828-55539-0021.fits
3828/spec-3828-55539-0022.fits
3828/spec-3828-55539-0023.fits
3828/spec-3828-55539-0024.fits
3828/spec-3828-55539-0025.fits
3828/spec-3828-55539-0026.fits
3828/spec-3828-55539-0027.fits
3828/spec-3828-55539-0028.fits
3828/spec-3828-55539-0029.fits
3828/spec-3828-55539-0030.fits
3828/spec-3828-55539-0031.fits
3828/spec-3828-55539-0032.fits
3828/spec-3828-55539-0033.fits
3828/spec-3828-55539-0034.fits
3828/spec-3828-55539-0035.fits
3828/spec-3828-55539-0036.fits
3828/spec-3828-55539-0037.fits
3828/spec-3828-55539-0038.fits
3828/spec-3828-55539-0039.fits
3828/spec-3828-55539-0040.fits
3828/spec-3828-55539-0041.fits
3828/spec-3828-55539-0042.fits
3828/spec-3828-55539-0043.fits
3828/spec-3828-55539-0044.fits
3828/spec-3828-55539-0045.fits
3828/spec-3828-55539-0046.fits
3828/spec-3828-55539-0047.fits
3828/spec-3828-55539-0048.fits
3828/spec-3828-55539-0049.fits
3828/spec-3828-55539-0050.fits
3828/spec-3828-55539-0051.fits
3828/spec-3828-55539-0052.fits
3828/spec-3828-55539-0053.fits
3828/spec-3828-55539-0054.fits
3828/spec-3828-55539-0055.fits
3828/spec-3828-55539-0056.fits
3828/spec-3828-55539-0057.fits
3828/spec-3828-55539-0058.fits
3828/spec-3828-55539-0059.fits
3828/spec-3828-55539-0060.fits
3828/spec-3828-55539-0061.fits
3828/spec-3828-55539-0062.fits
3828/spec-3828-55539-0063.fits
3828/spec-3828-55539-0064.fits
3828/spec-3828-55539-0065.fits
3828/spec-3828-55539-0066.fits
3828/spec-3828-55539-0067.fits
3828/spec-3828-55539-0068.fits
3828/spec-3828-55539-0069.fits
3828/spec-3828-55539-0070.fits
3828/spec-3828-55539-0071.fits
3828/spec-3828-55539-0072.fits
3828/spec-3828-55539-0073.fits
3828/spec-3828-55539-0074.fits
3828/spec-3828-55539-0075.fits
3828/spec-3828-55539-0076.fits
3828/spec-3828-55539-0077.fits
3828/spec-3828-55539-0078.fits
3828/spec-3828-55539-0079.fits
3828/spec-3828-55539-0080.fits
3828/spec-3828-55539-0081.fits
3828/spec-3828-55539-0082.fits
3828/spec-3828-55539-0083.fits
3828/spec-3828-55539-0084.fits
3828/spec-3828-55539-0085.fits
3828/spec-3828-55539-0086.fits
3828/spec-3828-55539-0087.fits
3828/spec-3828-55539-0088.fits
3828/spec-3828-55539-0089.fits
3828/spec-3828-55539-0090.fits
3828/spec-3828-55539-0091.fits
3828/spec-3828-55539-0092.fits
3828/spec-3828-55539-0093.fits
3828/spec-3828-55539-0094.fits
3828/spec-3828-55539-0095.fits
3828/spec-3828-55539-0096.fits
3828/spec-3828-55539-0097.fits
3828/spec-3828-55539-0098.fits
3828/spec-3828-55539-0099.fits
3828/spec-3828-55539-0100.fits
3828/spec-3828-55539-0101.fits
3828/spec-3828-55539-0102.fits
3828/spec-3828-55539-0103.fits
3828/spec-3828-55539-0104.fits
3828/spec-3828-55539-0105.fits
3828/spec-3828-55539-0106.fits
3828/spec-3828-55539-0107.fits
3828/spec-3828-55539-0108.fits
3828/spec-3828-55539-0109.fits
3828/spec-3828-55539-0110.fits
3828/spec-3828-55539-0111.fits
3828/spec-3828-55539-0112.fits
3828/spec-3828-55539-0113.fits
3828/spec-3828-55539-0114.fits
3828/spec-3828-55539-0115.fits
3828/spec-3828-55539-0116.fits
3828/spec-3828-55539-0117.fits
3828/spec-3828-55539-0118.fits
3828/spec-3828-55539-0119.fits
3828/spec-3828-55539-0120.fits
3828/spec-3828-55539-0121.fits
3828/spec-3828-55539-0122.fits
3828/spec-3828-55539-0123.fits
3828/spec-3828-55539-0124.fits
3828/spec-3828-55539-0125.fits
3828/spec-3828-55539-0126.fits
3828/spec-3828-55539-0127.fits
3828/spec-3828-55539-0128.fits
3828/spec-3828-55539-0129.fits
3828/spec-3828-55539-0130.fits
3828/spec-3828-55539-0131.fits
3828/spec-3828-55539-0132.fits
3828/spec-3828-55539-0133.fits
3828/spec-3828-55539-0134.fits
3828/spec-3828-55539-0135.fits
3828/spec-3828-55539-0136.fits
3828/spec-3828-55539-0137.fits
3828/spec-3828-55539-0138.fits
3828/spec-3828-55539-0139.fits
3828/spec-3828-55539-0140.fits
3828/spec-3828-55539-0141.fits
3828/spec-3828-55539-0142.fits
3828/spec-3828-55539-0143.fits
3828/spec-3828-55539-0144.fits
3828/spec-3828-55539-0145.fits
3828/spec-3828-55539-0146.fits
3828/spec-3828-55539-0147.fits
3828/spec-3828-55539-0148.fits
3828/spec-3828-55539-0149.fits
3828/spec-3828-55539-0150.fits
3828/spec-3828-55539-0151.fits
3828/spec-3828-55539-0152.fits
3828/spec-3828-55539-0153.fits
3828/spec-3828-55539-0154.fits
3828/spec-3828-55539-0155.fits
3828/spec-3828-55539-0156.fits
3828/spec-3828-55539-0157.fits
3828/spec-3828-55539-0158.fits
3828/spec-3828-55539-0159.fits
3828/spec-3828-55539-0160.fits
3828/spec-3828-55539-0161.fits
3828/spec-3828-55539-0162.fits
3828/spec-3828-55539-0163.fits
3828/spec-3828-55539-0164.fits
3828/spec-3828-55539-0165.fits
3828/spec-3828-55539-0166.fits
3828/spec-3828-55539-0167.fits
3828/spec-3828-55539-0168.fits
3828/spec-3828-55539-0169.fits
3828/spec-3828-55539-0170.fits
3828/spec-3828-55539-0171.fits
3828/spec-3828-55539-0172.fits
3828/spec-3828-55539-0173.fits
3828/spec-3828-55539-0174.fits
3828/spec-3828-55539-0175.fits
3828/spec-3828-55539-0176.fits
3828/spec-3828-55539-0177.fits
3828/spec-3828-55539-0178.fits
3828/spec-3828-55539-0179.fits
3828/spec-3828-55539-0180.fits
3828/spec-3828-55539-0181.fits
3828/spec-3828-55539-0182.fits
3828/spec-3828-55539-0183.fits
3828/spec-3828-55539-0184.fits
3828/spec-3828-55539-0185.fits
3828/spec-3828-55539-0186.fits
3828/spec-3828-55539-0187.fits
3828/spec-3828-55539-0188.fits
3828/spec-3828-55539-0189.fits
3828/spec-3828-55539-0190.fits
3828/spec-3828-55539-0191.fits
3828/spec-3828-55539-0192.fits
3828/spec-3828-55539-0193.fits
3828/spec-3828-55539-0194.fits
3828/spec-3828-55539-0195.fits
3828/spec-3828-55539-0196.fits
3828/spec-3828-55539-0197.fits
3828/spec-3828-55539-0198.fits
3828/spec-3828-55539-0199.fits
3828/spec-3828-55539-0200.fits
3828/spec-3828-55539-0201.fits
3828/spec-3828-55539-0202.fits
3828/spec-3828-55539-0203.fits
3828/spec-3828-55539-0204.fits
3828/spec-3828-55539-0205.fits
3828/spec-3828-55539-0206.fits
3828/spec-3828-55539-0207.fits
3828/spec-3828-55539-0208.fits
3828/spec-3828-55539-0209.fits
3828/spec-3828-55539-0210.fits
3828/spec-3828-55539-0211.fits
3828/spec-3828-55539-0212.fits
3828/spec-3828-55539-0213.fits
3828/spec-3828-55539-0214.fits
3828/spec-3828-55539-0215.fits
3828/spec-3828-55539-0216.fits
3828/spec-3828-55539-0217.fits
3828/spec-3828-55539-0218.fits
3828/spec-3828-55539-0219.fits
3828/spec-3828-55539-0220.fits
3828/spec-3828-55539-0221.fits
3828/spec-3828-55539-0222.fits
3828/spec-3828-55539-0223.fits
3828/spec-3828-55539-0224.fits
3828/spec-3828-55539-0225.fits
3828/spec-3828-55539-0226.fits
3828/spec-3828-55539-0227.fits
3828/spec-3828-55539-0228.fits
3828/spec-3828-55539-0229.fits
3828/spec-3828-55539-0230.fits
3828/spec-3828-55539-0231.fits
3828/spec-3828-55539-0232.fits
3828/spec-3828-55539-0233.fits
3828/spec-3828-55539-0234.fits
3828/spec-3828-55539-0235.fits
3828/spec-3828-55539-0236.fits
3828/spec-3828-55539-0237.fits
3828/spec-3828-55539-0238.fits
3828/spec-3828-55539-0239.fits
3828/spec-3828-55539-0240.fits
3828/spec-3828-55539-0241.fits
3828/spec-3828-55539-0242.fits
3828/spec-3828-55539-0243.fits
3828/spec-3828-55539-0244.fits
3828/spec-3828-55539-0245.fits
3828/spec-3828-55539-0246.fits
3828/spec-3828-55539-0247.fits
3828/spec-3828-55539-0248.fits
3828/spec-3828-55539-0249.fits
3828/spec-3828-55539-0250.fits
3828/spec-3828-55539-0251.fits
3828/spec-3828-55539-0252.fits
3828/spec-3828-55539-0253.fits
3828/spec-3828-55539-0254.fits
3828/spec-3828-55539-0255.fits
3828/spec-3828-55539-0256.fits
3828/spec-3828-55539-0257.fits
3828/spec-3828-55539-0258.fits
3828/spec-3828-55539-0259.fits
3828/spec-3828-55539-0260.fits
3828/spec-3828-55539-0261.fits
3828/spec-3828-55539-0262.fits
3828/spec-3828-55539-0263.fits
3828/spec-3828-55539-0264.fits
3828/spec-3828-55539-0265.fits
3828/spec-3828-55539-0266.fits
3828/spec-3828-55539-0267.fits
3828/spec-3828-55539-0268.fits
3828/spec-3828-55539-0269.fits
3828/spec-3828-55539-0270.fits
3828/spec-3828-55539-0271.fits
3828/spec-3828-55539-0272.fits
3828/spec-3828-55539-0273.fits
3828/spec-3828-55539-0274.fits
3828/spec-3828-55539-0275.fits
3828/spec-3828-55539-0276.fits
3828/spec-3828-55539-0277.fits
3828/spec-3828-55539-0278.fits
3828/spec-3828-55539-0279.fits
3828/spec-3828-55539-0280.fits
3828/spec-3828-55539-0281.fits
3828/spec-3828-55539-0282.fits
3828/spec-3828-55539-0283.fits
3828/spec-3828-55539-0284.fits
3828/spec-3828-55539-0285.fits
3828/spec-3828-55539-0286.fits
3828/spec-3828-55539-0287.fits
3828/spec-3828-55539-0288.fits
3828/spec-3828-55539-0289.fits
3828/spec-3828-55539-0290.fits
3828/spec-3828-55539-0291.fits
3828/spec-3828-55539-0292.fits
3828/spec-3828-55539-0293.fits
3828/spec-3828-55539-0294.fits
3828/spec-3828-55539-0295.fits
3828/spec-3828-55539-0296.fits
3828/spec-3828-55539-0297.fits
3828/spec-3828-55539-0298.fits
3828/spec-3828-55539-0299.fits
3828/spec-3828-55539-0300.fits
3828/spec-3828-55539-0301.fits
3828/spec-3828-55539-0302.fits
3828/spec-3828-55539-0303.fits
3828/spec-3828-55539-0304.fits
3828/spec-3828-55539-0305.fits
3828/spec-3828-55539-0306.fits
3828/spec-3828-55539-0307.fits
3828/spec-3828-55539-0308.fits
3828/spec-3828-55539-0309.fits
3828/spec-3828-55539-0310.fits
3828/spec-3828-55539-0311.fits
3828/spec-3828-55539-0312.fits
3828/spec-3828-55539-0313.fits
3828/spec-3828-55539-0314.fits
3828/spec-3828-55539-0315.fits
3828/spec-3828-55539-0316.fits
3828/spec-3828-55539-0317.fits
3828/spec-3828-55539-0318.fits
3828/spec-3828-55539-0319.fits
3828/spec-3828-55539-0320.fits
3828/spec-3828-55539-0321.fits
3828/spec-3828-55539-0322.fits
3828/spec-3828-55539-0323.fits
3828/spec-3828-55539-0324.fits
3828/spec-3828-55539-0325.fits
3828/spec-3828-55539-0326.fits
3828/spec-3828-55539-0327.fits
3828/spec-3828-55539-0328.fits
3828/spec-3828-55539-0329.fits
3828/spec-3828-55539-0330.fits
3828/spec-3828-55539-0331.fits
3828/spec-3828-55539-0332.fits
3828/spec-3828-55539-0333.fits
3828/spec-3828-55539-0334.fits
3828/spec-3828-55539-0335.fits
3828/spec-3828-55539-0336.fits
3828/spec-3828-55539-0337.fits
3828/spec-3828-55539-0338.fits
3828/spec-3828-55539-0339.fits
3828/spec-3828-55539-0340.fits
3828/spec-3828-55539-0341.fits
3828/spec-3828-55539-0342.fits
3828/spec-3828-55539-0343.fits
3828/spec-3828-55539-0344.fits
3828/spec-3828-55539-0345.fits
3828/spec-3828-55539-0346.fits
3828/spec-3828-55539-0347.fits
3828/spec-3828-55539-0348.fits
3828/spec-3828-55539-0349.fits
3828/spec-3828-55539-0350.fits
3828/spec-3828-55539-0351.fits
3828/spec-3828-55539-0352.fits
3828/spec-3828-55539-0353.fits
3828/spec-3828-55539-0354.fits
3828/spec-3828-55539-0355.fits
3828/spec-3828-55539-0356.fits
3828/spec-3828-55539-0357.fits
3828/spec-3828-55539-0358.fits
3828/spec-3828-55539-0359.fits
3828/spec-3828-55539-0360.fits
3828/spec-3828-55539-0361.fits
3828/spec-3828-55539-0362.fits
3828/spec-3828-55539-0363.fits
3828/spec-3828-55539-0364.fits
3828/spec-3828-55539-0365.fits
3828/spec-3828-55539-0366.fits
3828/spec-3828-55539-0367.fits
3828/spec-3828-55539-0368.fits
3828/spec-3828-55539-0369.fits
3828/spec-3828-55539-0370.fits
3828/spec-3828-55539-0371.fits
3828/spec-3828-55539-0372.fits
3828/spec-3828-55539-0373.fits
3828/spec-3828-55539-0374.fits
3828/spec-3828-55539-0375.fits
3828/spec-3828-55539-0376.fits
3828/spec-3828-55539-0377.fits
3828/spec-3828-55539-0378.fits
3828/spec-3828-55539-0379.fits
3828/spec-3828-55539-0380.fits
3828/spec-3828-55539-0381.fits
3828/spec-3828-55539-0382.fits
3828/spec-3828-55539-0383.fits
3828/spec-3828-55539-0384.fits
3828/spec-3828-55539-0385.fits
3828/spec-3828-55539-0386.fits
3828/spec-3828-55539-0387.fits
3828/spec-3828-55539-0388.fits
3828/spec-3828-55539-0389.fits
3828/spec-3828-55539-0390.fits
3828/spec-3828-55539-0391.fits
3828/spec-3828-55539-0392.fits
3828/spec-3828-55539-0393.fits
3828/spec-3828-55539-0394.fits
3828/spec-3828-55539-0395.fits
3828/spec-3828-55539-0396.fits
3828/spec-3828-55539-0397.fits
3828/spec-3828-55539-0398.fits
3828/spec-3828-55539-0399.fits
3828/spec-3828-55539-0400.fits
3828/spec-3828-55539-0401.fits
3828/spec-3828-55539-0402.fits
3828/spec-3828-55539-0403.fits
3828/spec-3828-55539-0404.fits
3828/spec-3828-55539-0405.fits
3828/spec-3828-55539-0406.fits
3828/spec-3828-55539-0407.fits
3828/spec-3828-55539-0408.fits
3828/spec-3828-55539-0409.fits
3828/spec-3828-55539-0410.fits
3828/spec-3828-55539-0411.fits
3828/spec-3828-55539-0412.fits
3828/spec-3828-55539-0413.fits
3828/spec-3828-55539-0414.fits
3828/spec-3828-55539-0415.fits
3828/spec-3828-55539-0416.fits
3828/spec-3828-55539-0417.fits
3828/spec-3828-55539-0418.fits
3828/spec-3828-55539-0419.fits
3828/spec-3828-55539-0420.fits
3828/spec-3828-55539-0421.fits
3828/spec-3828-55539-0422.fits
3828/spec-3828-55539-0423.fits
3828/spec-3828-55539-0424.fits
3828/spec-3828-55539-0425.fits
3828/spec-3828-55539-0426.fits
3828/spec-3828-55539-0427.fits
3828/spec-3828-55539-0428.fits
3828/spec-3828-55539-0429.fits
3828/spec-3828-55539-0430.fits
3828/spec-3828-55539-0431.fits
3828/spec-3828-55539-0432.fits
3828/spec-3828-55539-0433.fits
3828/spec-3828-55539-0434.fits
3828/spec-3828-55539-0435.fits
3828/spec-3828-55539-0436.fits
3828/spec-3828-55539-0437.fits
3828/spec-3828-55539-0438.fits
3828/spec-3828-55539-0439.fits
3828/spec-3828-55539-0440.fits
3828/spec-3828-55539-0441.fits
3828/spec-3828-55539-0442.fits
3828/spec-3828-55539-0443.fits
3828/spec-3828-55539-0444.fits
3828/spec-3828-55539-0445.fits
3828/spec-3828-55539-0446.fits
3828/spec-3828-55539-0447.fits
3828/spec-3828-55539-0448.fits
3828/spec-3828-55539-0449.fits
3828/spec-3828-55539-0450.fits
3828/spec-3828-55539-0451.fits
3828/spec-3828-55539-0452.fits
3828/spec-3828-55539-0453.fits
3828/spec-3828-55539-0454.fits
3828/spec-3828-55539-0455.fits
3828/spec-3828-55539-0456.fits
3828/spec-3828-55539-0457.fits
3828/spec-3828-55539-0458.fits
3828/spec-3828-55539-0459.fits
3828/spec-3828-55539-0460.fits
3828/spec-3828-55539-0461.fits
3828/spec-3828-55539-0462.fits
3828/spec-3828-55539-0463.fits
3828/spec-3828-55539-0464.fits
3828/spec-3828-55539-0465.fits
3828/spec-3828-55539-0466.fits
3828/spec-3828-55539-0467.fits
3828/spec-3828-55539-0468.fits
3828/spec-3828-55539-0469.fits
3828/spec-3828-55539-0470.fits
3828/spec-3828-55539-0471.fits
3828/spec-3828-55539-0472.fits
3828/spec-3828-55539-0473.fits
3828/spec-3828-55539-0474.fits
3828/spec-3828-55539-0475.fits
3828/spec-3828-55539-0476.fits
3828/spec-3828-55539-0477.fits
3828/spec-3828-55539-0478.fits
3828/spec-3828-55539-0479.fits
3828/spec-3828-55539-0480.fits
3828/spec-3828-55539-0481.fits
3828/spec-3828-55539-0482.fits
3828/spec-3828-55539-0483.fits
3828/spec-3828-55539-0484.fits
3828/spec-3828-55539-0485.fits
3828/spec-3828-55539-0486.fits
3828/spec-3828-55539-0487.fits
3828/spec-3828-55539-0488.fits
3828/spec-3828-55539-0489.fits
3828/spec-3828-55539-0490.fits
3828/spec-3828-55539-0491.fits
3828/spec-3828-55539-0492.fits
3828/spec-3828-55539-0493.fits
3828/spec-3828-55539-0494.fits
3828/spec-3828-55539-0495.fits
3828/spec-3828-55539-0496.fits
3828/spec-3828-55539-0497.fits
3828/spec-3828-55539-0498.fits
3828/spec-3828-55539-0499.fits
3828/spec-3828-55539-0500.fits
3828/spec-3828-55539-0501.fits
3828/spec-3828-55539-0502.fits
3828/spec-3828-55539-0503.fits
3828/spec-3828-55539-0504.fits
3828/spec-3828-55539-0505.fits
3828/spec-3828-55539-0506.fits
3828/spec-3828-55539-0507.fits
3828/spec-3828-55539-0508.fits
3828/spec-3828-55539-0509.fits
3828/spec-3828-55539-0510.fits
3828/spec-3828-55539-0511.fits
3828/spec-3828-55539-0512.fits
3828/spec-3828-55539-0513.fits
3828/spec-3828-55539-0514.fits
3828/spec-3828-55539-0515.fits
3828/spec-3828-55539-0516.fits
3828/spec-3828-55539-0517.fits
3828/spec-3828-55539-0518.fits
3828/spec-3828-55539-0519.fits
3828/spec-3828-55539-0520.fits
3828/spec-3828-55539-0521.fits
3828/spec-3828-55539-0522.fits
3828/spec-3828-55539-0523.fits
3828/spec-3828-55539-0524.fits
3828/spec-3828-55539-0525.fits
3828/spec-3828-55539-0526.fits
3828/spec-3828-55539-0527.fits
3828/spec-3828-55539-0528.fits
3828/spec-3828-55539-0529.fits
3828/spec-3828-55539-0530.fits
3828/spec-3828-55539-0531.fits
3828/spec-3828-55539-0532.fits
3828/spec-3828-55539-0533.fits
3828/spec-3828-55539-0534.fits
3828/spec-3828-55539-0535.fits
3828/spec-3828-55539-0536.fits
3828/spec-3828-55539-0537.fits
3828/spec-3828-55539-0538.fits
3828/spec-3828-55539-0539.fits
3828/spec-3828-55539-0540.fits
3828/spec-3828-55539-0541.fits
3828/spec-3828-55539-0542.fits
3828/spec-3828-55539-0543.fits
3828/spec-3828-55539-0544.fits
3828/spec-3828-55539-0545.fits
3828/spec-3828-55539-0546.fits
3828/spec-3828-55539-0547.fits
3828/spec-3828-55539-0548.fits
3828/spec-3828-55539-0549.fits
3828/spec-3828-55539-0550.fits
3828/spec-3828-55539-0551.fits
3828/spec-3828-55539-0552.fits
3828/spec-3828-55539-0553.fits
3828/spec-3828-55539-0554.fits
3828/spec-3828-55539-0555.fits
3828/spec-3828-55539-0556.fits
3828/spec-3828-55539-0557.fits
3828/spec-3828-55539-0558.fits
3828/spec-3828-55539-0559.fits
3828/spec-3828-55539-0560.fits
3828/spec-3828-55539-0561.fits
3828/spec-3828-55539-0562.fits
3828/spec-3828-55539-0563.fits
3828/spec-3828-55539-0564.fits
3828/spec-3828-55539-0565.fits
3828/spec-3828-55539-0566.fits
3828/spec-3828-55539-0567.fits
3828/spec-3828-55539-0568.fits
3828/spec-3828-55539-0569.fits
3828/spec-3828-55539-0570.fits
3828/spec-3828-55539-0571.fits
3828/spec-3828-55539-0572.fits
3828/spec-3828-55539-0573.fits
3828/spec-3828-55539-0574.fits
3828/spec-3828-55539-0575.fits
3828/spec-3828-55539-0576.fits
3828/spec-3828-55539-0577.fits
3828/spec-3828-55539-0578.fits
3828/spec-3828-55539-0579.fits
3828/spec-3828-55539-0580.fits
3828/spec-3828-55539-0581.fits
3828/spec-3828-55539-0582.fits
3828/spec-3828-55539-0583.fits
3828/spec-3828-55539-0584.fits
3828/spec-3828-55539-0585.fits
3828/spec-3828-55539-0586.fits
3828/spec-3828-55539-0587.fits
3828/spec-3828-55539-0588.fits
3828/spec-3828-55539-0589.fits
3828/spec-3828-55539-0590.fits
3828/spec-3828-55539-0591.fits
3828/spec-3828-55539-0592.fits
3828/spec-3828-55539-0593.fits
3828/spec-3828-55539-0594.fits
3828/spec-3828-55539-0595.fits
3828/spec-3828-55539-0596.fits
3828/spec-3828-55539-0597.fits
3828/spec-3828-55539-0598.fits
3828/spec-3828-55539-0599.fits
3828/spec-3828-55539-0600.fits
3828/spec-3828-55539-0601.fits
3828/spec-3828-55539-0602.fits
3828/spec-3828-55539-0603.fits
3828/spec-3828-55539-0604.fits
3828/spec-3828-55539-0605.fits
3828/spec-3828-55539-0606.fits
3828/spec-3828-55539-0607.fits
3828/spec-3828-55539-0608.fits
3828/spec-3828-55539-0609.fits
3828/spec-3828-55539-0610.fits
3828/spec-3828-55539-0611.fits
3828/spec-3828-55539-0612.fits
3828/spec-3828-55539-0613.fits
3828/spec-3828-55539-0614.fits
3828/spec-3828-55539-0615.fits
3828/spec-3828-55539-0616.fits
3828/spec-3828-55539-0617.fits
3828/spec-3828-55539-0618.fits
3828/spec-3828-55539-0619.fits
3828/spec-3828-55539-0620.fits
3828/spec-3828-55539-0621.fits
3828/spec-3828-55539-0622.fits
3828/spec-3828-55539-0623.fits
3828/spec-3828-55539-0624.fits
3828/spec-3828-55539-0625.fits
3828/spec-3828-55539-0626.fits
3828/spec-3828-55539-0627.fits
3828/spec-3828-55539-0628.fits
3828/spec-3828-55539-0629.fits
3828/spec-3828-55539-0630.fits
3828/spec-3828-55539-0631.fits
3828/spec-3828-55539-0632.fits
3828/spec-3828-55539-0633.fits
3828/spec-3828-55539-0634.fits
3828/spec-3828-55539-0635.fits
3828/spec-3828-55539-0636.fits
3828/spec-3828-55539-0637.fits
3828/spec-3828-55539-0638.fits
3828/spec-3828-55539-0639.fits
3828/spec-3828-55539-0640.fits
3828/spec-3828-55539-0641.fits
3828/spec-3828-55539-0642.fits
3828/spec-3828-55539-0643.fits
3828/spec-3828-55539-0644.fits
3828/spec-3828-55539-0645.fits
3828/spec-3828-55539-0646.fits
3828/spec-3828-55539-0647.fits
3828/spec-3828-55539-0648.fits
3828/spec-3828-55539-0649.fits
3828/spec-3828-55539-0650.fits
3828/spec-3828-55539-0651.fits
3828/spec-3828-55539-0652.fits
3828/spec-3828-55539-0653.fits
3828/spec-3828-55539-0654.fits
3828/spec-3828-55539-0655.fits
3828/spec-3828-55539-0656.fits
3828/spec-3828-55539-0657.fits
3828/spec-3828-55539-0658.fits
3828/spec-3828-55539-0659.fits
3828/spec-3828-55539-0660.fits
3828/spec-3828-55539-0661.fits
3828/spec-3828-55539-0662.fits
3828/spec-3828-55539-0663.fits
3828/spec-3828-55539-0664.fits
3828/spec-3828-55539-0665.fits
3828/spec-3828-55539-0666.fits
3828/spec-3828-55539-0667.fits
3828/spec-3828-55539-0668.fits
3828/spec-3828-55539-0669.fits
3828/spec-3828-55539-0670.fits
3828/spec-3828-55539-0671.fits
3828/spec-3828-55539-0672.fits
3828/spec-3828-55539-0673.fits
3828/spec-3828-55539-0674.fits
3828/spec-3828-55539-0675.fits
3828/spec-3828-55539-0676.fits
3828/spec-3828-55539-0677.fits
3828/spec-3828-55539-0678.fits
3828/spec-3828-55539-0679.fits
3828/spec-3828-55539-0680.fits
3828/spec-3828-55539-0681.fits
3828/spec-3828-55539-0682.fits
3828/spec-3828-55539-0683.fits
3828/spec-3828-55539-0684.fits
3828/spec-3828-55539-0685.fits
3828/spec-3828-55539-0686.fits
3828/spec-3828-55539-0687.fits
3828/spec-3828-55539-0688.fits
3828/spec-3828-55539-0689.fits
3828/spec-3828-55539-0690.fits
3828/spec-3828-55539-0691.fits
3828/spec-3828-55539-0692.fits
3828/spec-3828-55539-0693.fits
3828/spec-3828-55539-0694.fits
3828/spec-3828-55539-0695.fits
3828/spec-3828-55539-0696.fits
3828/spec-3828-55539-0697.fits
3828/spec-3828-55539-0698.fits
3828/spec-3828-55539-0699.fits
3828/spec-3828-55539-0700.fits
3828/spec-3828-55539-0701.fits
3828/spec-3828-55539-0702.fits
3828/spec-3828-55539-0703.fits
3828/spec-3828-55539-0704.fits
3828/spec-3828-55539-0705.fits
3828/spec-3828-55539-0706.fits
3828/spec-3828-55539-0707.fits
3828/spec-3828-55539-0708.fits
3828/spec-3828-55539-0709.fits
3828/spec-3828-55539-0710.fits
3828/spec-3828-55539-0711.fits
3828/spec-3828-55539-0712.fits
3828/spec-3828-55539-0713.fits
3828/spec-3828-55539-0714.fits
3828/spec-3828-55539-0715.fits
3828/spec-3828-55539-0716.fits
3828/spec-3828-55539-0717.fits
3828/spec-3828-55539-0718.fits
3828/spec-3828-55539-0719.fits
3828/spec-3828-55539-0720.fits
3828/spec-3828-55539-0721.fits
3828/spec-3828-55539-0722.fits
3828/spec-3828-55539-0723.fits
3828/spec-3828-55539-0724.fits
3828/spec-3828-55539-0725.fits
3828/spec-3828-55539-0726.fits
3828/spec-3828-55539-0727.fits
3828/spec-3828-55539-0728.fits
3828/spec-3828-55539-0729.fits
3828/spec-3828-55539-0730.fits
3828/spec-3828-55539-0731.fits
3828/spec-3828-55539-0732.fits
3828/spec-3828-55539-0733.fits
3828/spec-3828-55539-0734.fits
3828/spec-3828-55539-0735.fits
3828/spec-3828-55539-0736.fits
3828/spec-3828-55539-0737.fits
3828/spec-3828-55539-0738.fits
3828/spec-3828-55539-0739.fits
3828/spec-3828-55539-0740.fits
3828/spec-3828-55539-0741.fits
3828/spec-3828-55539-0742.fits
3828/spec-3828-55539-0743.fits
3828/spec-3828-55539-0744.fits
3828/spec-3828-55539-0745.fits
3828/spec-3828-55539-0746.fits
3828/spec-3828-55539-0747.fits
3828/spec-3828-55539-0748.fits
3828/spec-3828-55539-0749.fits
3828/spec-3828-55539-0750.fits
3828/spec-3828-55539-0751.fits
3828/spec-3828-55539-0752.fits
3828/spec-3828-55539-0753.fits
3828/spec-3828-55539-0754.fits
3828/spec-3828-55539-0755.fits
3828/spec-3828-55539-0756.fits
3828/spec-3828-55539-0757.fits
3828/spec-3828-55539-0758.fits
3828/spec-3828-55539-0759.fits
3828/spec-3828-55539-0760.fits
3828/spec-3828-55539-0761.fits
3828/spec-3828-55539-0762.fits
3828/spec-3828-55539-0763.fits
3828/spec-3828-55539-0764.fits
3828/spec-3828-55539-0765.fits
3828/spec-3828-55539-0766.fits
3828/spec-3828-55539-0767.fits
3828/spec-3828-55539-0768.fits
3828/spec-3828-55539-0769.fits
3828/spec-3828-55539-0770.fits
3828/spec-3828-55539-0771.fits
3828/spec-3828-55539-0772.fits
3828/spec-3828-55539-0773.fits
3828/spec-3828-55539-0774.fits
3828/spec-3828-55539-0775.fits
3828/spec-3828-55539-0776.fits
3828/spec-3828-55539-0777.fits
3828/spec-3828-55539-0778.fits
3828/spec-3828-55539-0779.fits
3828/spec-3828-55539-0780.fits
3828/spec-3828-55539-0781.fits
3828/spec-3828-55539-0782.fits
3828/spec-3828-55539-0783.fits
3828/spec-3828-55539-0784.fits
3828/spec-3828-55539-0785.fits
3828/spec-3828-55539-0786.fits
3828/spec-3828-55539-0787.fits
3828/spec-3828-55539-0788.fits
3828/spec-3828-55539-0789.fits
3828/spec-3828-55539-0790.fits
3828/spec-3828-55539-0791.fits
3828/spec-3828-55539-0792.fits
3828/spec-3828-55539-0793.fits
3828/spec-3828-55539-0794.fits
3828/spec-3828-55539-0795.fits
3828/spec-3828-55539-0796.fits
3828/spec-3828-55539-0797.fits
3828/spec-3828-55539-0798.fits
3828/spec-3828-55539-0799.fits
3828/spec-3828-55539-0800.fits
3828/spec-3828-55539-0801.fits
3828/spec-3828-55539-0802.fits
3828/spec-3828-55539-0803.fits
3828/spec-3828-55539-0804.fits
3828/spec-3828-55539-0805.fits
3828/spec-3828-55539-0806.fits
3828/spec-3828-55539-0807.fits
3828/spec-3828-55539-0808.fits
3828/spec-3828-55539-0809.fits
3828/spec-3828-55539-0810.fits
3828/spec-3828-55539-0811.fits
3828/spec-3828-55539-0812.fits
3828/spec-3828-55539-0813.fits
3828/spec-3828-55539-0814.fits
3828/spec-3828-55539-0815.fits
3828/spec-3828-55539-0816.fits
3828/spec-3828-55539-0817.fits
3828/spec-3828-55539-0818.fits
3828/spec-3828-55539-0819.fits
3828/spec-3828-55539-0820.fits
3828/spec-3828-55539-0821.fits
3828/spec-3828-55539-0822.fits
3828/spec-3828-55539-0823.fits
3828/spec-3828-55539-0824.fits
3828/spec-3828-55539-0825.fits
3828/spec-3828-55539-0826.fits
3828/spec-3828-55539-0827.fits
3828/spec-3828-55539-0828.fits
3828/spec-3828-55539-0829.fits
3828/spec-3828-55539-0830.fits
3828/spec-3828-55539-0831.fits
3828/spec-3828-55539-0832.fits
3828/spec-3828-55539-0833.fits
3828/spec-3828-55539-0834.fits
3828/spec-3828-55539-0835.fits
3828/spec-3828-55539-0836.fits
3828/spec-3828-55539-0837.fits
3828/spec-3828-55539-0838.fits
3828/spec-3828-55539-0839.fits
3828/spec-3828-55539-0840.fits
3828/spec-3828-55539-0841.fits
3828/spec-3828-55539-0842.fits
3828/spec-3828-55539-0843.fits
3828/spec-3828-55539-0844.fits
3828/spec-3828-55539-0845.fits
3828/spec-3828-55539-0846.fits
3828/spec-3828-55539-0847.fits
3828/spec-3828-55539-0848.fits
3828/spec-3828-55539-0849.fits
3828/spec-3828-55539-0850.fits
3828/spec-3828-55539-0851.fits
3828/spec-3828-55539-0852.fits
3828/spec-3828-55539-0853.fits
3828/spec-3828-55539-0854.fits
3828/spec-3828-55539-0855.fits
3828/spec-3828-55539-0856.fits
3828/spec-3828-55539-0857.fits
3828/spec-3828-55539-0858.fits
3828/spec-3828-55539-0859.fits
3828/spec-3828-55539-0860.fits
3828/spec-3828-55539-0861.fits
3828/spec-3828-55539-0862.fits
3828/spec-3828-55539-0863.fits
3828/spec-3828-55539-0864.fits
3828/spec-3828-55539-0865.fits
3828/spec-3828-55539-0866.fits
3828/spec-3828-55539-0867.fits
3828/spec-3828-55539-0868.fits
3828/spec-3828-55539-0869.fits
3828/spec-3828-55539-0870.fits
3828/spec-3828-55539-0871.fits
3828/spec-3828-55539-0872.fits
3828/spec-3828-55539-0873.fits
3828/spec-3828-55539-0874.fits
3828/spec-3828-55539-0875.fits
3828/spec-3828-55539-0876.fits
3828/spec-3828-55539-0877.fits
3828/spec-3828-55539-0878.fits
3828/spec-3828-55539-0879.fits
3828/spec-3828-55539-0880.fits
3828/spec-3828-55539-0881.fits
3828/spec-3828-55539-0882.fits
3828/spec-3828-55539-0883.fits
3828/spec-3828-55539-0884.fits
3828/spec-3828-55539-0885.fits
3828/spec-3828-55539-0886.fits
3828/spec-3828-55539-0887.fits
3828/spec-3828-55539-0888.fits
3828/spec-3828-55539-0889.fits
3828/spec-3828-55539-0890.fits
3828/spec-3828-55539-0891.fits
3828/spec-3828-55539-0892.fits
3828/spec-3828-55539-0893.fits
3828/spec-3828-55539-0894.fits
3828/spec-3828-55539-0895.fits
3828/spec-3828-55539-0896.fits
3828/spec-3828-55539-0897.fits
3828/spec-3828-55539-0898.fits
3828/spec-3828-55539-0899.fits
3828/spec-3828-55539-0900.fits
3828/spec-3828-55539-0901.fits
3828/spec-3828-55539-0902.fits
3828/spec-3828-55539-0903.fits
3828/spec-3828-55539-0904.fits
3828/spec-3828-55539-0905.fits
3828/spec-3828-55539-0906.fits
3828/spec-3828-55539-0907.fits
3828/spec-3828-55539-0908.fits
3828/spec-3828-55539-0909.fits
3828/spec-3828-55539-0910.fits
3828/spec-3828-55539-0911.fits
3828/spec-3828-55539-0912.fits
3828/spec-3828-55539-0913.fits
3828/spec-3828-55539-0914.fits
3828/spec-3828-55539-0915.fits
3828/spec-3828-55539-0916.fits
3828/spec-3828-55539-0917.fits
3828/spec-3828-55539-0918.fits
3828/spec-3828-55539-0919.fits
3828/spec-3828-55539-0920.fits
3828/spec-3828-55539-0921.fits
3828/spec-3828-55539-0922.fits
3828/spec-3828-55539-0923.fits
3828/spec-3828-55539-0924.fits
3828/spec-3828-55539-0925.fits
3828/spec-3828-55539-0926.fits
3828/spec-3828-55539-0927.fits
3828/spec-3828-55539-0928.fits
3828/spec-3828-55539-0929.fits
3828/spec-3828-55539-0930.fits
3828/spec-3828-55539-0931.fits
3828/spec-3828-55539-0932.fits
3828/spec-3828-55539-0933.fits
3828/spec-3828-55539-0934.fits
3828/spec-3828-55539-0935.fits
3828/spec-3828-55539-0936.fits
3828/spec-3828-55539-0937.fits
3828/spec-3828-55539-0938.fits
3828/spec-3828-55539-0939.fits
3828/spec-3828-55539-0940.fits
3828/spec-3828-55539-0941.fits
3828/spec-3828-55539-0942.fits
3828/spec-3828-55539-0943.fits
3828/spec-3828-55539-0944.fits
3828/spec-3828-55539-0945.fits
3828/spec-3828-55539-0946.fits
3828/spec-3828-55539-0947.fits
3828/spec-3828-55539-0948.fits
3828/spec-3828-55539-0949.fits
3828/spec-3828-55539-0950.fits
3828/spec-3828-55539-0951.fits
3828/spec-3828-55539-0952.fits
3828/spec-3828-55539-0953.fits
3828/spec-3828-55539-0954.fits
3828/spec-3828-55539-0955.fits
3828/spec-3828-55539-0956.fits
3828/spec-3828-55539-0957.fits
3828/spec-3828-55539-0958.fits
3828/spec-3828-55539-0959.fits
3828/spec-3828-55539-0960.fits
3828/spec-3828-55539-0961.fits
3828/spec-3828-55539-0962.fits
3828/spec-3828-55539-0963.fits
3828/spec-3828-55539-0964.fits
3828/spec-3828-55539-0965.fits
3828/spec-3828-55539-0966.fits
3828/spec-3828-55539-0967.fits
3828/spec-3828-55539-0968.fits
3828/spec-3828-55539-0969.fits
3828/spec-3828-55539-0970.fits
3828/spec-3828-55539-0971.fits
3828/spec-3828-55539-0972.fits
3828/spec-3828-55539-0973.fits
3828/spec-3828-55539-0974.fits
3828/spec-3828-55539-0975.fits
3828/spec-3828-55539-0976.fits
3828/spec-3828-55539-0977.fits
3828/spec-3828-55539-0978.fits
3828/spec-3828-55539-0979.fits
3828/spec-3828-55539-0980.fits
3828/spec-3828-55539-0981.fits
3828/spec-3828-55539-0982.fits
3828/spec-3828-55539-0983.fits
3828/spec-3828-55539-0984.fits
3828/spec-3828-55539-0985.fits
3828/spec-3828-55539-0986.fits
3828/spec-3828-55539-0987.fits
3828/spec-3828-55539-0988.fits
3828/spec-3828-55539-0989.fits
3828/spec-3828-55539-0990.fits
3828/spec-3828-55539-0991.fits
3828/spec-3828-55539-0992.fits
3828/spec-3828-55539-0993.fits
3828/spec-3828-55539-0994.fits
3828/spec-3828-55539-0995.fits
3828/spec-3828-55539-0996.fits
3828/spec-3828-55539-0997.fits
3828/spec-3828-55539-0998.fits
3828/spec-3828-55539-0999.fits
3828/spec-3828-55539-1000.fits
/var/lib/condor/execute/slot1/dir_38460
3828 3828.tgz R R361.tar.gz _condor_stderr _condor_stdout cB58_Lyman_break.fit condor_exec.exe hw4.R packages packages.tar.gz tmp var
[1] "Loaded package astro."
[1] 1000
3828 3828.csv 3828.tgz R R361.tar.gz _condor_stderr _condor_stdout cB58_Lyman_break.fit condor_exec.exe hw4.R packages packages.tar.gz tmp var
