3829
3829/
3829/spec-3829-55300-0001.fits
3829/spec-3829-55300-0002.fits
3829/spec-3829-55300-0003.fits
3829/spec-3829-55300-0004.fits
3829/spec-3829-55300-0005.fits
3829/spec-3829-55300-0006.fits
3829/spec-3829-55300-0007.fits
3829/spec-3829-55300-0008.fits
3829/spec-3829-55300-0009.fits
3829/spec-3829-55300-0010.fits
3829/spec-3829-55300-0011.fits
3829/spec-3829-55300-0012.fits
3829/spec-3829-55300-0013.fits
3829/spec-3829-55300-0014.fits
3829/spec-3829-55300-0015.fits
3829/spec-3829-55300-0016.fits
3829/spec-3829-55300-0017.fits
3829/spec-3829-55300-0018.fits
3829/spec-3829-55300-0019.fits
3829/spec-3829-55300-0020.fits
3829/spec-3829-55300-0021.fits
3829/spec-3829-55300-0022.fits
3829/spec-3829-55300-0023.fits
3829/spec-3829-55300-0024.fits
3829/spec-3829-55300-0025.fits
3829/spec-3829-55300-0026.fits
3829/spec-3829-55300-0027.fits
3829/spec-3829-55300-0028.fits
3829/spec-3829-55300-0029.fits
3829/spec-3829-55300-0030.fits
3829/spec-3829-55300-0031.fits
3829/spec-3829-55300-0032.fits
3829/spec-3829-55300-0033.fits
3829/spec-3829-55300-0034.fits
3829/spec-3829-55300-0035.fits
3829/spec-3829-55300-0036.fits
3829/spec-3829-55300-0037.fits
3829/spec-3829-55300-0038.fits
3829/spec-3829-55300-0039.fits
3829/spec-3829-55300-0040.fits
3829/spec-3829-55300-0041.fits
3829/spec-3829-55300-0042.fits
3829/spec-3829-55300-0043.fits
3829/spec-3829-55300-0044.fits
3829/spec-3829-55300-0045.fits
3829/spec-3829-55300-0046.fits
3829/spec-3829-55300-0047.fits
3829/spec-3829-55300-0048.fits
3829/spec-3829-55300-0049.fits
3829/spec-3829-55300-0050.fits
3829/spec-3829-55300-0051.fits
3829/spec-3829-55300-0052.fits
3829/spec-3829-55300-0053.fits
3829/spec-3829-55300-0054.fits
3829/spec-3829-55300-0055.fits
3829/spec-3829-55300-0056.fits
3829/spec-3829-55300-0057.fits
3829/spec-3829-55300-0058.fits
3829/spec-3829-55300-0059.fits
3829/spec-3829-55300-0060.fits
3829/spec-3829-55300-0061.fits
3829/spec-3829-55300-0062.fits
3829/spec-3829-55300-0063.fits
3829/spec-3829-55300-0064.fits
3829/spec-3829-55300-0065.fits
3829/spec-3829-55300-0066.fits
3829/spec-3829-55300-0067.fits
3829/spec-3829-55300-0068.fits
3829/spec-3829-55300-0069.fits
3829/spec-3829-55300-0070.fits
3829/spec-3829-55300-0071.fits
3829/spec-3829-55300-0072.fits
3829/spec-3829-55300-0073.fits
3829/spec-3829-55300-0074.fits
3829/spec-3829-55300-0075.fits
3829/spec-3829-55300-0076.fits
3829/spec-3829-55300-0077.fits
3829/spec-3829-55300-0078.fits
3829/spec-3829-55300-0079.fits
3829/spec-3829-55300-0080.fits
3829/spec-3829-55300-0081.fits
3829/spec-3829-55300-0082.fits
3829/spec-3829-55300-0083.fits
3829/spec-3829-55300-0084.fits
3829/spec-3829-55300-0085.fits
3829/spec-3829-55300-0086.fits
3829/spec-3829-55300-0087.fits
3829/spec-3829-55300-0088.fits
3829/spec-3829-55300-0089.fits
3829/spec-3829-55300-0090.fits
3829/spec-3829-55300-0091.fits
3829/spec-3829-55300-0092.fits
3829/spec-3829-55300-0093.fits
3829/spec-3829-55300-0094.fits
3829/spec-3829-55300-0095.fits
3829/spec-3829-55300-0096.fits
3829/spec-3829-55300-0097.fits
3829/spec-3829-55300-0098.fits
3829/spec-3829-55300-0099.fits
3829/spec-3829-55300-0100.fits
3829/spec-3829-55300-0101.fits
3829/spec-3829-55300-0102.fits
3829/spec-3829-55300-0103.fits
3829/spec-3829-55300-0104.fits
3829/spec-3829-55300-0105.fits
3829/spec-3829-55300-0106.fits
3829/spec-3829-55300-0107.fits
3829/spec-3829-55300-0108.fits
3829/spec-3829-55300-0109.fits
3829/spec-3829-55300-0110.fits
3829/spec-3829-55300-0111.fits
3829/spec-3829-55300-0112.fits
3829/spec-3829-55300-0113.fits
3829/spec-3829-55300-0114.fits
3829/spec-3829-55300-0115.fits
3829/spec-3829-55300-0116.fits
3829/spec-3829-55300-0117.fits
3829/spec-3829-55300-0118.fits
3829/spec-3829-55300-0119.fits
3829/spec-3829-55300-0120.fits
3829/spec-3829-55300-0121.fits
3829/spec-3829-55300-0122.fits
3829/spec-3829-55300-0123.fits
3829/spec-3829-55300-0124.fits
3829/spec-3829-55300-0125.fits
3829/spec-3829-55300-0126.fits
3829/spec-3829-55300-0127.fits
3829/spec-3829-55300-0128.fits
3829/spec-3829-55300-0129.fits
3829/spec-3829-55300-0130.fits
3829/spec-3829-55300-0131.fits
3829/spec-3829-55300-0132.fits
3829/spec-3829-55300-0133.fits
3829/spec-3829-55300-0134.fits
3829/spec-3829-55300-0135.fits
3829/spec-3829-55300-0136.fits
3829/spec-3829-55300-0137.fits
3829/spec-3829-55300-0138.fits
3829/spec-3829-55300-0139.fits
3829/spec-3829-55300-0140.fits
3829/spec-3829-55300-0141.fits
3829/spec-3829-55300-0142.fits
3829/spec-3829-55300-0143.fits
3829/spec-3829-55300-0144.fits
3829/spec-3829-55300-0145.fits
3829/spec-3829-55300-0146.fits
3829/spec-3829-55300-0147.fits
3829/spec-3829-55300-0148.fits
3829/spec-3829-55300-0149.fits
3829/spec-3829-55300-0150.fits
3829/spec-3829-55300-0151.fits
3829/spec-3829-55300-0152.fits
3829/spec-3829-55300-0153.fits
3829/spec-3829-55300-0154.fits
3829/spec-3829-55300-0155.fits
3829/spec-3829-55300-0156.fits
3829/spec-3829-55300-0157.fits
3829/spec-3829-55300-0158.fits
3829/spec-3829-55300-0159.fits
3829/spec-3829-55300-0160.fits
3829/spec-3829-55300-0161.fits
3829/spec-3829-55300-0162.fits
3829/spec-3829-55300-0163.fits
3829/spec-3829-55300-0164.fits
3829/spec-3829-55300-0165.fits
3829/spec-3829-55300-0166.fits
3829/spec-3829-55300-0167.fits
3829/spec-3829-55300-0168.fits
3829/spec-3829-55300-0169.fits
3829/spec-3829-55300-0170.fits
3829/spec-3829-55300-0171.fits
3829/spec-3829-55300-0172.fits
3829/spec-3829-55300-0173.fits
3829/spec-3829-55300-0174.fits
3829/spec-3829-55300-0175.fits
3829/spec-3829-55300-0176.fits
3829/spec-3829-55300-0177.fits
3829/spec-3829-55300-0178.fits
3829/spec-3829-55300-0179.fits
3829/spec-3829-55300-0180.fits
3829/spec-3829-55300-0181.fits
3829/spec-3829-55300-0182.fits
3829/spec-3829-55300-0183.fits
3829/spec-3829-55300-0184.fits
3829/spec-3829-55300-0185.fits
3829/spec-3829-55300-0186.fits
3829/spec-3829-55300-0187.fits
3829/spec-3829-55300-0188.fits
3829/spec-3829-55300-0189.fits
3829/spec-3829-55300-0190.fits
3829/spec-3829-55300-0191.fits
3829/spec-3829-55300-0192.fits
3829/spec-3829-55300-0193.fits
3829/spec-3829-55300-0194.fits
3829/spec-3829-55300-0195.fits
3829/spec-3829-55300-0196.fits
3829/spec-3829-55300-0197.fits
3829/spec-3829-55300-0198.fits
3829/spec-3829-55300-0199.fits
3829/spec-3829-55300-0200.fits
3829/spec-3829-55300-0201.fits
3829/spec-3829-55300-0202.fits
3829/spec-3829-55300-0203.fits
3829/spec-3829-55300-0204.fits
3829/spec-3829-55300-0205.fits
3829/spec-3829-55300-0206.fits
3829/spec-3829-55300-0207.fits
3829/spec-3829-55300-0208.fits
3829/spec-3829-55300-0209.fits
3829/spec-3829-55300-0210.fits
3829/spec-3829-55300-0211.fits
3829/spec-3829-55300-0212.fits
3829/spec-3829-55300-0213.fits
3829/spec-3829-55300-0214.fits
3829/spec-3829-55300-0215.fits
3829/spec-3829-55300-0216.fits
3829/spec-3829-55300-0217.fits
3829/spec-3829-55300-0218.fits
3829/spec-3829-55300-0219.fits
3829/spec-3829-55300-0220.fits
3829/spec-3829-55300-0221.fits
3829/spec-3829-55300-0222.fits
3829/spec-3829-55300-0223.fits
3829/spec-3829-55300-0224.fits
3829/spec-3829-55300-0225.fits
3829/spec-3829-55300-0226.fits
3829/spec-3829-55300-0227.fits
3829/spec-3829-55300-0228.fits
3829/spec-3829-55300-0229.fits
3829/spec-3829-55300-0230.fits
3829/spec-3829-55300-0231.fits
3829/spec-3829-55300-0232.fits
3829/spec-3829-55300-0233.fits
3829/spec-3829-55300-0234.fits
3829/spec-3829-55300-0235.fits
3829/spec-3829-55300-0236.fits
3829/spec-3829-55300-0237.fits
3829/spec-3829-55300-0238.fits
3829/spec-3829-55300-0239.fits
3829/spec-3829-55300-0240.fits
3829/spec-3829-55300-0241.fits
3829/spec-3829-55300-0242.fits
3829/spec-3829-55300-0243.fits
3829/spec-3829-55300-0244.fits
3829/spec-3829-55300-0245.fits
3829/spec-3829-55300-0246.fits
3829/spec-3829-55300-0247.fits
3829/spec-3829-55300-0248.fits
3829/spec-3829-55300-0249.fits
3829/spec-3829-55300-0250.fits
3829/spec-3829-55300-0251.fits
3829/spec-3829-55300-0252.fits
3829/spec-3829-55300-0253.fits
3829/spec-3829-55300-0254.fits
3829/spec-3829-55300-0255.fits
3829/spec-3829-55300-0256.fits
3829/spec-3829-55300-0257.fits
3829/spec-3829-55300-0258.fits
3829/spec-3829-55300-0259.fits
3829/spec-3829-55300-0260.fits
3829/spec-3829-55300-0261.fits
3829/spec-3829-55300-0262.fits
3829/spec-3829-55300-0263.fits
3829/spec-3829-55300-0264.fits
3829/spec-3829-55300-0265.fits
3829/spec-3829-55300-0266.fits
3829/spec-3829-55300-0267.fits
3829/spec-3829-55300-0268.fits
3829/spec-3829-55300-0269.fits
3829/spec-3829-55300-0270.fits
3829/spec-3829-55300-0271.fits
3829/spec-3829-55300-0272.fits
3829/spec-3829-55300-0273.fits
3829/spec-3829-55300-0274.fits
3829/spec-3829-55300-0275.fits
3829/spec-3829-55300-0276.fits
3829/spec-3829-55300-0277.fits
3829/spec-3829-55300-0278.fits
3829/spec-3829-55300-0279.fits
3829/spec-3829-55300-0280.fits
3829/spec-3829-55300-0281.fits
3829/spec-3829-55300-0282.fits
3829/spec-3829-55300-0283.fits
3829/spec-3829-55300-0284.fits
3829/spec-3829-55300-0285.fits
3829/spec-3829-55300-0286.fits
3829/spec-3829-55300-0287.fits
3829/spec-3829-55300-0288.fits
3829/spec-3829-55300-0289.fits
3829/spec-3829-55300-0290.fits
3829/spec-3829-55300-0291.fits
3829/spec-3829-55300-0292.fits
3829/spec-3829-55300-0293.fits
3829/spec-3829-55300-0294.fits
3829/spec-3829-55300-0295.fits
3829/spec-3829-55300-0296.fits
3829/spec-3829-55300-0297.fits
3829/spec-3829-55300-0298.fits
3829/spec-3829-55300-0299.fits
3829/spec-3829-55300-0300.fits
3829/spec-3829-55300-0301.fits
3829/spec-3829-55300-0302.fits
3829/spec-3829-55300-0303.fits
3829/spec-3829-55300-0304.fits
3829/spec-3829-55300-0305.fits
3829/spec-3829-55300-0306.fits
3829/spec-3829-55300-0307.fits
3829/spec-3829-55300-0308.fits
3829/spec-3829-55300-0309.fits
3829/spec-3829-55300-0310.fits
3829/spec-3829-55300-0311.fits
3829/spec-3829-55300-0312.fits
3829/spec-3829-55300-0313.fits
3829/spec-3829-55300-0314.fits
3829/spec-3829-55300-0315.fits
3829/spec-3829-55300-0316.fits
3829/spec-3829-55300-0317.fits
3829/spec-3829-55300-0318.fits
3829/spec-3829-55300-0319.fits
3829/spec-3829-55300-0320.fits
3829/spec-3829-55300-0321.fits
3829/spec-3829-55300-0322.fits
3829/spec-3829-55300-0323.fits
3829/spec-3829-55300-0324.fits
3829/spec-3829-55300-0325.fits
3829/spec-3829-55300-0326.fits
3829/spec-3829-55300-0327.fits
3829/spec-3829-55300-0328.fits
3829/spec-3829-55300-0329.fits
3829/spec-3829-55300-0330.fits
3829/spec-3829-55300-0331.fits
3829/spec-3829-55300-0332.fits
3829/spec-3829-55300-0333.fits
3829/spec-3829-55300-0334.fits
3829/spec-3829-55300-0335.fits
3829/spec-3829-55300-0336.fits
3829/spec-3829-55300-0337.fits
3829/spec-3829-55300-0338.fits
3829/spec-3829-55300-0339.fits
3829/spec-3829-55300-0340.fits
3829/spec-3829-55300-0341.fits
3829/spec-3829-55300-0342.fits
3829/spec-3829-55300-0343.fits
3829/spec-3829-55300-0344.fits
3829/spec-3829-55300-0345.fits
3829/spec-3829-55300-0346.fits
3829/spec-3829-55300-0347.fits
3829/spec-3829-55300-0348.fits
3829/spec-3829-55300-0349.fits
3829/spec-3829-55300-0350.fits
3829/spec-3829-55300-0351.fits
3829/spec-3829-55300-0352.fits
3829/spec-3829-55300-0353.fits
3829/spec-3829-55300-0354.fits
3829/spec-3829-55300-0355.fits
3829/spec-3829-55300-0356.fits
3829/spec-3829-55300-0357.fits
3829/spec-3829-55300-0358.fits
3829/spec-3829-55300-0359.fits
3829/spec-3829-55300-0360.fits
3829/spec-3829-55300-0361.fits
3829/spec-3829-55300-0362.fits
3829/spec-3829-55300-0363.fits
3829/spec-3829-55300-0364.fits
3829/spec-3829-55300-0365.fits
3829/spec-3829-55300-0366.fits
3829/spec-3829-55300-0367.fits
3829/spec-3829-55300-0368.fits
3829/spec-3829-55300-0369.fits
3829/spec-3829-55300-0370.fits
3829/spec-3829-55300-0371.fits
3829/spec-3829-55300-0372.fits
3829/spec-3829-55300-0373.fits
3829/spec-3829-55300-0374.fits
3829/spec-3829-55300-0375.fits
3829/spec-3829-55300-0376.fits
3829/spec-3829-55300-0377.fits
3829/spec-3829-55300-0378.fits
3829/spec-3829-55300-0379.fits
3829/spec-3829-55300-0380.fits
3829/spec-3829-55300-0381.fits
3829/spec-3829-55300-0382.fits
3829/spec-3829-55300-0383.fits
3829/spec-3829-55300-0384.fits
3829/spec-3829-55300-0385.fits
3829/spec-3829-55300-0386.fits
3829/spec-3829-55300-0387.fits
3829/spec-3829-55300-0388.fits
3829/spec-3829-55300-0389.fits
3829/spec-3829-55300-0390.fits
3829/spec-3829-55300-0391.fits
3829/spec-3829-55300-0392.fits
3829/spec-3829-55300-0393.fits
3829/spec-3829-55300-0394.fits
3829/spec-3829-55300-0395.fits
3829/spec-3829-55300-0396.fits
3829/spec-3829-55300-0397.fits
3829/spec-3829-55300-0398.fits
3829/spec-3829-55300-0399.fits
3829/spec-3829-55300-0400.fits
3829/spec-3829-55300-0401.fits
3829/spec-3829-55300-0402.fits
3829/spec-3829-55300-0403.fits
3829/spec-3829-55300-0404.fits
3829/spec-3829-55300-0405.fits
3829/spec-3829-55300-0406.fits
3829/spec-3829-55300-0407.fits
3829/spec-3829-55300-0408.fits
3829/spec-3829-55300-0409.fits
3829/spec-3829-55300-0410.fits
3829/spec-3829-55300-0411.fits
3829/spec-3829-55300-0412.fits
3829/spec-3829-55300-0413.fits
3829/spec-3829-55300-0414.fits
3829/spec-3829-55300-0415.fits
3829/spec-3829-55300-0416.fits
3829/spec-3829-55300-0417.fits
3829/spec-3829-55300-0418.fits
3829/spec-3829-55300-0419.fits
3829/spec-3829-55300-0420.fits
3829/spec-3829-55300-0421.fits
3829/spec-3829-55300-0422.fits
3829/spec-3829-55300-0423.fits
3829/spec-3829-55300-0424.fits
3829/spec-3829-55300-0425.fits
3829/spec-3829-55300-0426.fits
3829/spec-3829-55300-0427.fits
3829/spec-3829-55300-0428.fits
3829/spec-3829-55300-0429.fits
3829/spec-3829-55300-0430.fits
3829/spec-3829-55300-0431.fits
3829/spec-3829-55300-0432.fits
3829/spec-3829-55300-0433.fits
3829/spec-3829-55300-0434.fits
3829/spec-3829-55300-0435.fits
3829/spec-3829-55300-0436.fits
3829/spec-3829-55300-0437.fits
3829/spec-3829-55300-0438.fits
3829/spec-3829-55300-0439.fits
3829/spec-3829-55300-0440.fits
3829/spec-3829-55300-0441.fits
3829/spec-3829-55300-0442.fits
3829/spec-3829-55300-0443.fits
3829/spec-3829-55300-0444.fits
3829/spec-3829-55300-0445.fits
3829/spec-3829-55300-0446.fits
3829/spec-3829-55300-0447.fits
3829/spec-3829-55300-0448.fits
3829/spec-3829-55300-0449.fits
3829/spec-3829-55300-0450.fits
3829/spec-3829-55300-0451.fits
3829/spec-3829-55300-0452.fits
3829/spec-3829-55300-0453.fits
3829/spec-3829-55300-0454.fits
3829/spec-3829-55300-0455.fits
3829/spec-3829-55300-0456.fits
3829/spec-3829-55300-0457.fits
3829/spec-3829-55300-0458.fits
3829/spec-3829-55300-0459.fits
3829/spec-3829-55300-0460.fits
3829/spec-3829-55300-0461.fits
3829/spec-3829-55300-0462.fits
3829/spec-3829-55300-0463.fits
3829/spec-3829-55300-0464.fits
3829/spec-3829-55300-0465.fits
3829/spec-3829-55300-0466.fits
3829/spec-3829-55300-0467.fits
3829/spec-3829-55300-0468.fits
3829/spec-3829-55300-0469.fits
3829/spec-3829-55300-0470.fits
3829/spec-3829-55300-0471.fits
3829/spec-3829-55300-0472.fits
3829/spec-3829-55300-0473.fits
3829/spec-3829-55300-0474.fits
3829/spec-3829-55300-0475.fits
3829/spec-3829-55300-0476.fits
3829/spec-3829-55300-0477.fits
3829/spec-3829-55300-0478.fits
3829/spec-3829-55300-0479.fits
3829/spec-3829-55300-0480.fits
3829/spec-3829-55300-0481.fits
3829/spec-3829-55300-0482.fits
3829/spec-3829-55300-0483.fits
3829/spec-3829-55300-0484.fits
3829/spec-3829-55300-0485.fits
3829/spec-3829-55300-0486.fits
3829/spec-3829-55300-0487.fits
3829/spec-3829-55300-0488.fits
3829/spec-3829-55300-0489.fits
3829/spec-3829-55300-0490.fits
3829/spec-3829-55300-0491.fits
3829/spec-3829-55300-0492.fits
3829/spec-3829-55300-0493.fits
3829/spec-3829-55300-0494.fits
3829/spec-3829-55300-0495.fits
3829/spec-3829-55300-0496.fits
3829/spec-3829-55300-0497.fits
3829/spec-3829-55300-0498.fits
3829/spec-3829-55300-0499.fits
3829/spec-3829-55300-0500.fits
3829/spec-3829-55300-0501.fits
3829/spec-3829-55300-0502.fits
3829/spec-3829-55300-0503.fits
3829/spec-3829-55300-0504.fits
3829/spec-3829-55300-0505.fits
3829/spec-3829-55300-0506.fits
3829/spec-3829-55300-0507.fits
3829/spec-3829-55300-0508.fits
3829/spec-3829-55300-0509.fits
3829/spec-3829-55300-0510.fits
3829/spec-3829-55300-0511.fits
3829/spec-3829-55300-0512.fits
3829/spec-3829-55300-0513.fits
3829/spec-3829-55300-0514.fits
3829/spec-3829-55300-0515.fits
3829/spec-3829-55300-0516.fits
3829/spec-3829-55300-0517.fits
3829/spec-3829-55300-0518.fits
3829/spec-3829-55300-0519.fits
3829/spec-3829-55300-0520.fits
3829/spec-3829-55300-0521.fits
3829/spec-3829-55300-0522.fits
3829/spec-3829-55300-0523.fits
3829/spec-3829-55300-0524.fits
3829/spec-3829-55300-0525.fits
3829/spec-3829-55300-0526.fits
3829/spec-3829-55300-0527.fits
3829/spec-3829-55300-0528.fits
3829/spec-3829-55300-0529.fits
3829/spec-3829-55300-0530.fits
3829/spec-3829-55300-0531.fits
3829/spec-3829-55300-0532.fits
3829/spec-3829-55300-0533.fits
3829/spec-3829-55300-0534.fits
3829/spec-3829-55300-0535.fits
3829/spec-3829-55300-0536.fits
3829/spec-3829-55300-0537.fits
3829/spec-3829-55300-0538.fits
3829/spec-3829-55300-0539.fits
3829/spec-3829-55300-0540.fits
3829/spec-3829-55300-0541.fits
3829/spec-3829-55300-0542.fits
3829/spec-3829-55300-0543.fits
3829/spec-3829-55300-0544.fits
3829/spec-3829-55300-0545.fits
3829/spec-3829-55300-0546.fits
3829/spec-3829-55300-0547.fits
3829/spec-3829-55300-0548.fits
3829/spec-3829-55300-0549.fits
3829/spec-3829-55300-0550.fits
3829/spec-3829-55300-0551.fits
3829/spec-3829-55300-0552.fits
3829/spec-3829-55300-0553.fits
3829/spec-3829-55300-0554.fits
3829/spec-3829-55300-0555.fits
3829/spec-3829-55300-0556.fits
3829/spec-3829-55300-0557.fits
3829/spec-3829-55300-0558.fits
3829/spec-3829-55300-0559.fits
3829/spec-3829-55300-0560.fits
3829/spec-3829-55300-0561.fits
3829/spec-3829-55300-0562.fits
3829/spec-3829-55300-0563.fits
3829/spec-3829-55300-0564.fits
3829/spec-3829-55300-0565.fits
3829/spec-3829-55300-0566.fits
3829/spec-3829-55300-0567.fits
3829/spec-3829-55300-0568.fits
3829/spec-3829-55300-0569.fits
3829/spec-3829-55300-0570.fits
3829/spec-3829-55300-0571.fits
3829/spec-3829-55300-0572.fits
3829/spec-3829-55300-0573.fits
3829/spec-3829-55300-0574.fits
3829/spec-3829-55300-0575.fits
3829/spec-3829-55300-0576.fits
3829/spec-3829-55300-0577.fits
3829/spec-3829-55300-0578.fits
3829/spec-3829-55300-0579.fits
3829/spec-3829-55300-0580.fits
3829/spec-3829-55300-0581.fits
3829/spec-3829-55300-0582.fits
3829/spec-3829-55300-0583.fits
3829/spec-3829-55300-0584.fits
3829/spec-3829-55300-0585.fits
3829/spec-3829-55300-0586.fits
3829/spec-3829-55300-0587.fits
3829/spec-3829-55300-0588.fits
3829/spec-3829-55300-0589.fits
3829/spec-3829-55300-0590.fits
3829/spec-3829-55300-0591.fits
3829/spec-3829-55300-0592.fits
3829/spec-3829-55300-0593.fits
3829/spec-3829-55300-0594.fits
3829/spec-3829-55300-0595.fits
3829/spec-3829-55300-0596.fits
3829/spec-3829-55300-0597.fits
3829/spec-3829-55300-0598.fits
3829/spec-3829-55300-0599.fits
3829/spec-3829-55300-0600.fits
3829/spec-3829-55300-0601.fits
3829/spec-3829-55300-0602.fits
3829/spec-3829-55300-0603.fits
3829/spec-3829-55300-0604.fits
3829/spec-3829-55300-0605.fits
3829/spec-3829-55300-0606.fits
3829/spec-3829-55300-0607.fits
3829/spec-3829-55300-0608.fits
3829/spec-3829-55300-0609.fits
3829/spec-3829-55300-0610.fits
3829/spec-3829-55300-0611.fits
3829/spec-3829-55300-0612.fits
3829/spec-3829-55300-0613.fits
3829/spec-3829-55300-0614.fits
3829/spec-3829-55300-0615.fits
3829/spec-3829-55300-0616.fits
3829/spec-3829-55300-0617.fits
3829/spec-3829-55300-0618.fits
3829/spec-3829-55300-0619.fits
3829/spec-3829-55300-0620.fits
3829/spec-3829-55300-0621.fits
3829/spec-3829-55300-0622.fits
3829/spec-3829-55300-0623.fits
3829/spec-3829-55300-0624.fits
3829/spec-3829-55300-0625.fits
3829/spec-3829-55300-0626.fits
3829/spec-3829-55300-0627.fits
3829/spec-3829-55300-0628.fits
3829/spec-3829-55300-0629.fits
3829/spec-3829-55300-0630.fits
3829/spec-3829-55300-0631.fits
3829/spec-3829-55300-0632.fits
3829/spec-3829-55300-0633.fits
3829/spec-3829-55300-0634.fits
3829/spec-3829-55300-0635.fits
3829/spec-3829-55300-0636.fits
3829/spec-3829-55300-0637.fits
3829/spec-3829-55300-0638.fits
3829/spec-3829-55300-0639.fits
3829/spec-3829-55300-0640.fits
3829/spec-3829-55300-0641.fits
3829/spec-3829-55300-0642.fits
3829/spec-3829-55300-0643.fits
3829/spec-3829-55300-0644.fits
3829/spec-3829-55300-0645.fits
3829/spec-3829-55300-0646.fits
3829/spec-3829-55300-0647.fits
3829/spec-3829-55300-0648.fits
3829/spec-3829-55300-0649.fits
3829/spec-3829-55300-0650.fits
3829/spec-3829-55300-0651.fits
3829/spec-3829-55300-0652.fits
3829/spec-3829-55300-0653.fits
3829/spec-3829-55300-0654.fits
3829/spec-3829-55300-0655.fits
3829/spec-3829-55300-0656.fits
3829/spec-3829-55300-0657.fits
3829/spec-3829-55300-0658.fits
3829/spec-3829-55300-0659.fits
3829/spec-3829-55300-0660.fits
3829/spec-3829-55300-0661.fits
3829/spec-3829-55300-0662.fits
3829/spec-3829-55300-0663.fits
3829/spec-3829-55300-0664.fits
3829/spec-3829-55300-0665.fits
3829/spec-3829-55300-0666.fits
3829/spec-3829-55300-0667.fits
3829/spec-3829-55300-0668.fits
3829/spec-3829-55300-0669.fits
3829/spec-3829-55300-0670.fits
3829/spec-3829-55300-0671.fits
3829/spec-3829-55300-0672.fits
3829/spec-3829-55300-0673.fits
3829/spec-3829-55300-0674.fits
3829/spec-3829-55300-0675.fits
3829/spec-3829-55300-0676.fits
3829/spec-3829-55300-0677.fits
3829/spec-3829-55300-0678.fits
3829/spec-3829-55300-0679.fits
3829/spec-3829-55300-0680.fits
3829/spec-3829-55300-0681.fits
3829/spec-3829-55300-0682.fits
3829/spec-3829-55300-0683.fits
3829/spec-3829-55300-0684.fits
3829/spec-3829-55300-0685.fits
3829/spec-3829-55300-0686.fits
3829/spec-3829-55300-0687.fits
3829/spec-3829-55300-0688.fits
3829/spec-3829-55300-0689.fits
3829/spec-3829-55300-0690.fits
3829/spec-3829-55300-0691.fits
3829/spec-3829-55300-0692.fits
3829/spec-3829-55300-0693.fits
3829/spec-3829-55300-0694.fits
3829/spec-3829-55300-0695.fits
3829/spec-3829-55300-0696.fits
3829/spec-3829-55300-0697.fits
3829/spec-3829-55300-0698.fits
3829/spec-3829-55300-0699.fits
3829/spec-3829-55300-0700.fits
3829/spec-3829-55300-0701.fits
3829/spec-3829-55300-0702.fits
3829/spec-3829-55300-0703.fits
3829/spec-3829-55300-0704.fits
3829/spec-3829-55300-0705.fits
3829/spec-3829-55300-0706.fits
3829/spec-3829-55300-0707.fits
3829/spec-3829-55300-0708.fits
3829/spec-3829-55300-0709.fits
3829/spec-3829-55300-0710.fits
3829/spec-3829-55300-0711.fits
3829/spec-3829-55300-0712.fits
3829/spec-3829-55300-0713.fits
3829/spec-3829-55300-0714.fits
3829/spec-3829-55300-0715.fits
3829/spec-3829-55300-0716.fits
3829/spec-3829-55300-0717.fits
3829/spec-3829-55300-0718.fits
3829/spec-3829-55300-0719.fits
3829/spec-3829-55300-0720.fits
3829/spec-3829-55300-0721.fits
3829/spec-3829-55300-0722.fits
3829/spec-3829-55300-0723.fits
3829/spec-3829-55300-0724.fits
3829/spec-3829-55300-0725.fits
3829/spec-3829-55300-0726.fits
3829/spec-3829-55300-0727.fits
3829/spec-3829-55300-0728.fits
3829/spec-3829-55300-0729.fits
3829/spec-3829-55300-0730.fits
3829/spec-3829-55300-0731.fits
3829/spec-3829-55300-0732.fits
3829/spec-3829-55300-0733.fits
3829/spec-3829-55300-0734.fits
3829/spec-3829-55300-0735.fits
3829/spec-3829-55300-0736.fits
3829/spec-3829-55300-0737.fits
3829/spec-3829-55300-0738.fits
3829/spec-3829-55300-0739.fits
3829/spec-3829-55300-0740.fits
3829/spec-3829-55300-0741.fits
3829/spec-3829-55300-0742.fits
3829/spec-3829-55300-0743.fits
3829/spec-3829-55300-0744.fits
3829/spec-3829-55300-0745.fits
3829/spec-3829-55300-0746.fits
3829/spec-3829-55300-0747.fits
3829/spec-3829-55300-0748.fits
3829/spec-3829-55300-0749.fits
3829/spec-3829-55300-0750.fits
3829/spec-3829-55300-0751.fits
3829/spec-3829-55300-0752.fits
3829/spec-3829-55300-0753.fits
3829/spec-3829-55300-0754.fits
3829/spec-3829-55300-0755.fits
3829/spec-3829-55300-0756.fits
3829/spec-3829-55300-0757.fits
3829/spec-3829-55300-0758.fits
3829/spec-3829-55300-0759.fits
3829/spec-3829-55300-0760.fits
3829/spec-3829-55300-0761.fits
3829/spec-3829-55300-0762.fits
3829/spec-3829-55300-0763.fits
3829/spec-3829-55300-0764.fits
3829/spec-3829-55300-0765.fits
3829/spec-3829-55300-0766.fits
3829/spec-3829-55300-0767.fits
3829/spec-3829-55300-0768.fits
3829/spec-3829-55300-0769.fits
3829/spec-3829-55300-0770.fits
3829/spec-3829-55300-0771.fits
3829/spec-3829-55300-0772.fits
3829/spec-3829-55300-0773.fits
3829/spec-3829-55300-0774.fits
3829/spec-3829-55300-0775.fits
3829/spec-3829-55300-0776.fits
3829/spec-3829-55300-0777.fits
3829/spec-3829-55300-0778.fits
3829/spec-3829-55300-0779.fits
3829/spec-3829-55300-0780.fits
3829/spec-3829-55300-0781.fits
3829/spec-3829-55300-0782.fits
3829/spec-3829-55300-0783.fits
3829/spec-3829-55300-0784.fits
3829/spec-3829-55300-0785.fits
3829/spec-3829-55300-0786.fits
3829/spec-3829-55300-0787.fits
3829/spec-3829-55300-0788.fits
3829/spec-3829-55300-0789.fits
3829/spec-3829-55300-0790.fits
3829/spec-3829-55300-0791.fits
3829/spec-3829-55300-0792.fits
3829/spec-3829-55300-0793.fits
3829/spec-3829-55300-0794.fits
3829/spec-3829-55300-0795.fits
3829/spec-3829-55300-0796.fits
3829/spec-3829-55300-0797.fits
3829/spec-3829-55300-0798.fits
3829/spec-3829-55300-0799.fits
3829/spec-3829-55300-0800.fits
3829/spec-3829-55300-0801.fits
3829/spec-3829-55300-0802.fits
3829/spec-3829-55300-0803.fits
3829/spec-3829-55300-0804.fits
3829/spec-3829-55300-0805.fits
3829/spec-3829-55300-0806.fits
3829/spec-3829-55300-0807.fits
3829/spec-3829-55300-0808.fits
3829/spec-3829-55300-0809.fits
3829/spec-3829-55300-0810.fits
3829/spec-3829-55300-0811.fits
3829/spec-3829-55300-0812.fits
3829/spec-3829-55300-0813.fits
3829/spec-3829-55300-0814.fits
3829/spec-3829-55300-0815.fits
3829/spec-3829-55300-0816.fits
3829/spec-3829-55300-0817.fits
3829/spec-3829-55300-0818.fits
3829/spec-3829-55300-0819.fits
3829/spec-3829-55300-0820.fits
3829/spec-3829-55300-0821.fits
3829/spec-3829-55300-0822.fits
3829/spec-3829-55300-0823.fits
3829/spec-3829-55300-0824.fits
3829/spec-3829-55300-0825.fits
3829/spec-3829-55300-0826.fits
3829/spec-3829-55300-0827.fits
3829/spec-3829-55300-0828.fits
3829/spec-3829-55300-0829.fits
3829/spec-3829-55300-0830.fits
3829/spec-3829-55300-0831.fits
3829/spec-3829-55300-0832.fits
3829/spec-3829-55300-0833.fits
3829/spec-3829-55300-0834.fits
3829/spec-3829-55300-0835.fits
3829/spec-3829-55300-0836.fits
3829/spec-3829-55300-0837.fits
3829/spec-3829-55300-0838.fits
3829/spec-3829-55300-0839.fits
3829/spec-3829-55300-0840.fits
3829/spec-3829-55300-0841.fits
3829/spec-3829-55300-0842.fits
3829/spec-3829-55300-0843.fits
3829/spec-3829-55300-0844.fits
3829/spec-3829-55300-0845.fits
3829/spec-3829-55300-0846.fits
3829/spec-3829-55300-0847.fits
3829/spec-3829-55300-0848.fits
3829/spec-3829-55300-0849.fits
3829/spec-3829-55300-0850.fits
3829/spec-3829-55300-0851.fits
3829/spec-3829-55300-0852.fits
3829/spec-3829-55300-0853.fits
3829/spec-3829-55300-0854.fits
3829/spec-3829-55300-0855.fits
3829/spec-3829-55300-0856.fits
3829/spec-3829-55300-0857.fits
3829/spec-3829-55300-0858.fits
3829/spec-3829-55300-0859.fits
3829/spec-3829-55300-0860.fits
3829/spec-3829-55300-0861.fits
3829/spec-3829-55300-0862.fits
3829/spec-3829-55300-0863.fits
3829/spec-3829-55300-0864.fits
3829/spec-3829-55300-0865.fits
3829/spec-3829-55300-0866.fits
3829/spec-3829-55300-0867.fits
3829/spec-3829-55300-0868.fits
3829/spec-3829-55300-0869.fits
3829/spec-3829-55300-0870.fits
3829/spec-3829-55300-0871.fits
3829/spec-3829-55300-0872.fits
3829/spec-3829-55300-0873.fits
3829/spec-3829-55300-0874.fits
3829/spec-3829-55300-0875.fits
3829/spec-3829-55300-0876.fits
3829/spec-3829-55300-0877.fits
3829/spec-3829-55300-0878.fits
3829/spec-3829-55300-0879.fits
3829/spec-3829-55300-0880.fits
3829/spec-3829-55300-0881.fits
3829/spec-3829-55300-0882.fits
3829/spec-3829-55300-0883.fits
3829/spec-3829-55300-0884.fits
3829/spec-3829-55300-0885.fits
3829/spec-3829-55300-0886.fits
3829/spec-3829-55300-0887.fits
3829/spec-3829-55300-0888.fits
3829/spec-3829-55300-0889.fits
3829/spec-3829-55300-0890.fits
3829/spec-3829-55300-0891.fits
3829/spec-3829-55300-0892.fits
3829/spec-3829-55300-0893.fits
3829/spec-3829-55300-0894.fits
3829/spec-3829-55300-0895.fits
3829/spec-3829-55300-0896.fits
3829/spec-3829-55300-0897.fits
3829/spec-3829-55300-0898.fits
3829/spec-3829-55300-0899.fits
3829/spec-3829-55300-0900.fits
3829/spec-3829-55300-0901.fits
3829/spec-3829-55300-0902.fits
3829/spec-3829-55300-0903.fits
3829/spec-3829-55300-0904.fits
3829/spec-3829-55300-0905.fits
3829/spec-3829-55300-0906.fits
3829/spec-3829-55300-0907.fits
3829/spec-3829-55300-0908.fits
3829/spec-3829-55300-0909.fits
3829/spec-3829-55300-0910.fits
3829/spec-3829-55300-0911.fits
3829/spec-3829-55300-0912.fits
3829/spec-3829-55300-0913.fits
3829/spec-3829-55300-0914.fits
3829/spec-3829-55300-0915.fits
3829/spec-3829-55300-0916.fits
3829/spec-3829-55300-0917.fits
3829/spec-3829-55300-0918.fits
3829/spec-3829-55300-0919.fits
3829/spec-3829-55300-0920.fits
3829/spec-3829-55300-0921.fits
3829/spec-3829-55300-0922.fits
3829/spec-3829-55300-0923.fits
3829/spec-3829-55300-0924.fits
3829/spec-3829-55300-0925.fits
3829/spec-3829-55300-0926.fits
3829/spec-3829-55300-0927.fits
3829/spec-3829-55300-0928.fits
3829/spec-3829-55300-0929.fits
3829/spec-3829-55300-0930.fits
3829/spec-3829-55300-0931.fits
3829/spec-3829-55300-0932.fits
3829/spec-3829-55300-0933.fits
3829/spec-3829-55300-0934.fits
3829/spec-3829-55300-0935.fits
3829/spec-3829-55300-0936.fits
3829/spec-3829-55300-0937.fits
3829/spec-3829-55300-0938.fits
3829/spec-3829-55300-0939.fits
3829/spec-3829-55300-0940.fits
3829/spec-3829-55300-0941.fits
3829/spec-3829-55300-0942.fits
3829/spec-3829-55300-0943.fits
3829/spec-3829-55300-0944.fits
3829/spec-3829-55300-0945.fits
3829/spec-3829-55300-0946.fits
3829/spec-3829-55300-0947.fits
3829/spec-3829-55300-0948.fits
3829/spec-3829-55300-0949.fits
3829/spec-3829-55300-0950.fits
3829/spec-3829-55300-0951.fits
3829/spec-3829-55300-0952.fits
3829/spec-3829-55300-0953.fits
3829/spec-3829-55300-0954.fits
3829/spec-3829-55300-0955.fits
3829/spec-3829-55300-0956.fits
3829/spec-3829-55300-0957.fits
3829/spec-3829-55300-0958.fits
3829/spec-3829-55300-0959.fits
3829/spec-3829-55300-0960.fits
3829/spec-3829-55300-0961.fits
3829/spec-3829-55300-0962.fits
3829/spec-3829-55300-0963.fits
3829/spec-3829-55300-0964.fits
3829/spec-3829-55300-0965.fits
3829/spec-3829-55300-0966.fits
3829/spec-3829-55300-0967.fits
3829/spec-3829-55300-0968.fits
3829/spec-3829-55300-0969.fits
3829/spec-3829-55300-0970.fits
3829/spec-3829-55300-0971.fits
3829/spec-3829-55300-0972.fits
3829/spec-3829-55300-0973.fits
3829/spec-3829-55300-0974.fits
3829/spec-3829-55300-0975.fits
3829/spec-3829-55300-0976.fits
3829/spec-3829-55300-0977.fits
3829/spec-3829-55300-0978.fits
3829/spec-3829-55300-0979.fits
3829/spec-3829-55300-0980.fits
3829/spec-3829-55300-0981.fits
3829/spec-3829-55300-0982.fits
3829/spec-3829-55300-0983.fits
3829/spec-3829-55300-0984.fits
3829/spec-3829-55300-0985.fits
3829/spec-3829-55300-0986.fits
3829/spec-3829-55300-0987.fits
3829/spec-3829-55300-0988.fits
3829/spec-3829-55300-0989.fits
3829/spec-3829-55300-0990.fits
3829/spec-3829-55300-0991.fits
3829/spec-3829-55300-0992.fits
3829/spec-3829-55300-0993.fits
3829/spec-3829-55300-0994.fits
3829/spec-3829-55300-0995.fits
3829/spec-3829-55300-0996.fits
3829/spec-3829-55300-0997.fits
3829/spec-3829-55300-0998.fits
3829/spec-3829-55300-0999.fits
3829/spec-3829-55300-1000.fits
/var/lib/condor/execute/slot1/dir_28456
3829 3829.tgz R R361.tar.gz _condor_stderr _condor_stdout cB58_Lyman_break.fit condor_exec.exe hw4.R packages packages.tar.gz tmp var
[1] "Loaded package astro."
[1] 1000
3829 3829.csv 3829.tgz R R361.tar.gz _condor_stderr _condor_stdout cB58_Lyman_break.fit condor_exec.exe hw4.R packages packages.tar.gz tmp var
