5436
5436/
5436/spec-5436-56015-0001.fits
5436/spec-5436-56015-0002.fits
5436/spec-5436-56015-0003.fits
5436/spec-5436-56015-0004.fits
5436/spec-5436-56015-0005.fits
5436/spec-5436-56015-0006.fits
5436/spec-5436-56015-0007.fits
5436/spec-5436-56015-0008.fits
5436/spec-5436-56015-0009.fits
5436/spec-5436-56015-0010.fits
5436/spec-5436-56015-0011.fits
5436/spec-5436-56015-0012.fits
5436/spec-5436-56015-0013.fits
5436/spec-5436-56015-0014.fits
5436/spec-5436-56015-0015.fits
5436/spec-5436-56015-0016.fits
5436/spec-5436-56015-0017.fits
5436/spec-5436-56015-0018.fits
5436/spec-5436-56015-0019.fits
5436/spec-5436-56015-0020.fits
5436/spec-5436-56015-0021.fits
5436/spec-5436-56015-0022.fits
5436/spec-5436-56015-0023.fits
5436/spec-5436-56015-0024.fits
5436/spec-5436-56015-0025.fits
5436/spec-5436-56015-0026.fits
5436/spec-5436-56015-0027.fits
5436/spec-5436-56015-0028.fits
5436/spec-5436-56015-0029.fits
5436/spec-5436-56015-0030.fits
5436/spec-5436-56015-0031.fits
5436/spec-5436-56015-0032.fits
5436/spec-5436-56015-0033.fits
5436/spec-5436-56015-0034.fits
5436/spec-5436-56015-0035.fits
5436/spec-5436-56015-0036.fits
5436/spec-5436-56015-0037.fits
5436/spec-5436-56015-0038.fits
5436/spec-5436-56015-0039.fits
5436/spec-5436-56015-0040.fits
5436/spec-5436-56015-0041.fits
5436/spec-5436-56015-0042.fits
5436/spec-5436-56015-0043.fits
5436/spec-5436-56015-0044.fits
5436/spec-5436-56015-0045.fits
5436/spec-5436-56015-0046.fits
5436/spec-5436-56015-0047.fits
5436/spec-5436-56015-0048.fits
5436/spec-5436-56015-0049.fits
5436/spec-5436-56015-0050.fits
5436/spec-5436-56015-0051.fits
5436/spec-5436-56015-0052.fits
5436/spec-5436-56015-0053.fits
5436/spec-5436-56015-0054.fits
5436/spec-5436-56015-0055.fits
5436/spec-5436-56015-0056.fits
5436/spec-5436-56015-0057.fits
5436/spec-5436-56015-0058.fits
5436/spec-5436-56015-0059.fits
5436/spec-5436-56015-0060.fits
5436/spec-5436-56015-0061.fits
5436/spec-5436-56015-0062.fits
5436/spec-5436-56015-0063.fits
5436/spec-5436-56015-0064.fits
5436/spec-5436-56015-0065.fits
5436/spec-5436-56015-0066.fits
5436/spec-5436-56015-0067.fits
5436/spec-5436-56015-0068.fits
5436/spec-5436-56015-0069.fits
5436/spec-5436-56015-0070.fits
5436/spec-5436-56015-0071.fits
5436/spec-5436-56015-0072.fits
5436/spec-5436-56015-0073.fits
5436/spec-5436-56015-0074.fits
5436/spec-5436-56015-0075.fits
5436/spec-5436-56015-0076.fits
5436/spec-5436-56015-0077.fits
5436/spec-5436-56015-0078.fits
5436/spec-5436-56015-0079.fits
5436/spec-5436-56015-0080.fits
5436/spec-5436-56015-0081.fits
5436/spec-5436-56015-0082.fits
5436/spec-5436-56015-0083.fits
5436/spec-5436-56015-0084.fits
5436/spec-5436-56015-0085.fits
5436/spec-5436-56015-0086.fits
5436/spec-5436-56015-0087.fits
5436/spec-5436-56015-0088.fits
5436/spec-5436-56015-0089.fits
5436/spec-5436-56015-0090.fits
5436/spec-5436-56015-0091.fits
5436/spec-5436-56015-0092.fits
5436/spec-5436-56015-0093.fits
5436/spec-5436-56015-0094.fits
5436/spec-5436-56015-0095.fits
5436/spec-5436-56015-0096.fits
5436/spec-5436-56015-0097.fits
5436/spec-5436-56015-0098.fits
5436/spec-5436-56015-0099.fits
5436/spec-5436-56015-0100.fits
5436/spec-5436-56015-0101.fits
5436/spec-5436-56015-0102.fits
5436/spec-5436-56015-0103.fits
5436/spec-5436-56015-0104.fits
5436/spec-5436-56015-0105.fits
5436/spec-5436-56015-0106.fits
5436/spec-5436-56015-0107.fits
5436/spec-5436-56015-0108.fits
5436/spec-5436-56015-0109.fits
5436/spec-5436-56015-0110.fits
5436/spec-5436-56015-0111.fits
5436/spec-5436-56015-0112.fits
5436/spec-5436-56015-0113.fits
5436/spec-5436-56015-0114.fits
5436/spec-5436-56015-0115.fits
5436/spec-5436-56015-0116.fits
5436/spec-5436-56015-0117.fits
5436/spec-5436-56015-0118.fits
5436/spec-5436-56015-0119.fits
5436/spec-5436-56015-0120.fits
5436/spec-5436-56015-0121.fits
5436/spec-5436-56015-0122.fits
5436/spec-5436-56015-0123.fits
5436/spec-5436-56015-0124.fits
5436/spec-5436-56015-0125.fits
5436/spec-5436-56015-0126.fits
5436/spec-5436-56015-0127.fits
5436/spec-5436-56015-0128.fits
5436/spec-5436-56015-0129.fits
5436/spec-5436-56015-0130.fits
5436/spec-5436-56015-0131.fits
5436/spec-5436-56015-0132.fits
5436/spec-5436-56015-0133.fits
5436/spec-5436-56015-0134.fits
5436/spec-5436-56015-0135.fits
5436/spec-5436-56015-0136.fits
5436/spec-5436-56015-0137.fits
5436/spec-5436-56015-0138.fits
5436/spec-5436-56015-0139.fits
5436/spec-5436-56015-0140.fits
5436/spec-5436-56015-0141.fits
5436/spec-5436-56015-0142.fits
5436/spec-5436-56015-0143.fits
5436/spec-5436-56015-0144.fits
5436/spec-5436-56015-0145.fits
5436/spec-5436-56015-0146.fits
5436/spec-5436-56015-0147.fits
5436/spec-5436-56015-0148.fits
5436/spec-5436-56015-0149.fits
5436/spec-5436-56015-0150.fits
5436/spec-5436-56015-0151.fits
5436/spec-5436-56015-0152.fits
5436/spec-5436-56015-0153.fits
5436/spec-5436-56015-0154.fits
5436/spec-5436-56015-0155.fits
5436/spec-5436-56015-0156.fits
5436/spec-5436-56015-0157.fits
5436/spec-5436-56015-0158.fits
5436/spec-5436-56015-0159.fits
5436/spec-5436-56015-0160.fits
5436/spec-5436-56015-0161.fits
5436/spec-5436-56015-0162.fits
5436/spec-5436-56015-0163.fits
5436/spec-5436-56015-0164.fits
5436/spec-5436-56015-0165.fits
5436/spec-5436-56015-0166.fits
5436/spec-5436-56015-0167.fits
5436/spec-5436-56015-0168.fits
5436/spec-5436-56015-0169.fits
5436/spec-5436-56015-0170.fits
5436/spec-5436-56015-0171.fits
5436/spec-5436-56015-0172.fits
5436/spec-5436-56015-0173.fits
5436/spec-5436-56015-0174.fits
5436/spec-5436-56015-0175.fits
5436/spec-5436-56015-0176.fits
5436/spec-5436-56015-0177.fits
5436/spec-5436-56015-0178.fits
5436/spec-5436-56015-0179.fits
5436/spec-5436-56015-0180.fits
5436/spec-5436-56015-0181.fits
5436/spec-5436-56015-0182.fits
5436/spec-5436-56015-0183.fits
5436/spec-5436-56015-0184.fits
5436/spec-5436-56015-0185.fits
5436/spec-5436-56015-0186.fits
5436/spec-5436-56015-0187.fits
5436/spec-5436-56015-0188.fits
5436/spec-5436-56015-0189.fits
5436/spec-5436-56015-0190.fits
5436/spec-5436-56015-0191.fits
5436/spec-5436-56015-0192.fits
5436/spec-5436-56015-0193.fits
5436/spec-5436-56015-0194.fits
5436/spec-5436-56015-0195.fits
5436/spec-5436-56015-0196.fits
5436/spec-5436-56015-0197.fits
5436/spec-5436-56015-0198.fits
5436/spec-5436-56015-0199.fits
5436/spec-5436-56015-0200.fits
5436/spec-5436-56015-0201.fits
5436/spec-5436-56015-0202.fits
5436/spec-5436-56015-0203.fits
5436/spec-5436-56015-0204.fits
5436/spec-5436-56015-0205.fits
5436/spec-5436-56015-0206.fits
5436/spec-5436-56015-0207.fits
5436/spec-5436-56015-0208.fits
5436/spec-5436-56015-0209.fits
5436/spec-5436-56015-0210.fits
5436/spec-5436-56015-0211.fits
5436/spec-5436-56015-0212.fits
5436/spec-5436-56015-0213.fits
5436/spec-5436-56015-0214.fits
5436/spec-5436-56015-0215.fits
5436/spec-5436-56015-0216.fits
5436/spec-5436-56015-0217.fits
5436/spec-5436-56015-0218.fits
5436/spec-5436-56015-0219.fits
5436/spec-5436-56015-0220.fits
5436/spec-5436-56015-0221.fits
5436/spec-5436-56015-0222.fits
5436/spec-5436-56015-0223.fits
5436/spec-5436-56015-0224.fits
5436/spec-5436-56015-0225.fits
5436/spec-5436-56015-0226.fits
5436/spec-5436-56015-0227.fits
5436/spec-5436-56015-0228.fits
5436/spec-5436-56015-0229.fits
5436/spec-5436-56015-0230.fits
5436/spec-5436-56015-0231.fits
5436/spec-5436-56015-0232.fits
5436/spec-5436-56015-0233.fits
5436/spec-5436-56015-0234.fits
5436/spec-5436-56015-0235.fits
5436/spec-5436-56015-0236.fits
5436/spec-5436-56015-0237.fits
5436/spec-5436-56015-0238.fits
5436/spec-5436-56015-0239.fits
5436/spec-5436-56015-0240.fits
5436/spec-5436-56015-0241.fits
5436/spec-5436-56015-0242.fits
5436/spec-5436-56015-0243.fits
5436/spec-5436-56015-0244.fits
5436/spec-5436-56015-0245.fits
5436/spec-5436-56015-0246.fits
5436/spec-5436-56015-0247.fits
5436/spec-5436-56015-0248.fits
5436/spec-5436-56015-0249.fits
5436/spec-5436-56015-0250.fits
5436/spec-5436-56015-0251.fits
5436/spec-5436-56015-0252.fits
5436/spec-5436-56015-0253.fits
5436/spec-5436-56015-0254.fits
5436/spec-5436-56015-0255.fits
5436/spec-5436-56015-0256.fits
5436/spec-5436-56015-0257.fits
5436/spec-5436-56015-0258.fits
5436/spec-5436-56015-0259.fits
5436/spec-5436-56015-0260.fits
5436/spec-5436-56015-0261.fits
5436/spec-5436-56015-0262.fits
5436/spec-5436-56015-0263.fits
5436/spec-5436-56015-0264.fits
5436/spec-5436-56015-0265.fits
5436/spec-5436-56015-0266.fits
5436/spec-5436-56015-0267.fits
5436/spec-5436-56015-0268.fits
5436/spec-5436-56015-0269.fits
5436/spec-5436-56015-0270.fits
5436/spec-5436-56015-0271.fits
5436/spec-5436-56015-0272.fits
5436/spec-5436-56015-0273.fits
5436/spec-5436-56015-0274.fits
5436/spec-5436-56015-0275.fits
5436/spec-5436-56015-0276.fits
5436/spec-5436-56015-0277.fits
5436/spec-5436-56015-0278.fits
5436/spec-5436-56015-0279.fits
5436/spec-5436-56015-0280.fits
5436/spec-5436-56015-0281.fits
5436/spec-5436-56015-0282.fits
5436/spec-5436-56015-0283.fits
5436/spec-5436-56015-0284.fits
5436/spec-5436-56015-0285.fits
5436/spec-5436-56015-0286.fits
5436/spec-5436-56015-0287.fits
5436/spec-5436-56015-0288.fits
5436/spec-5436-56015-0289.fits
5436/spec-5436-56015-0290.fits
5436/spec-5436-56015-0291.fits
5436/spec-5436-56015-0292.fits
5436/spec-5436-56015-0293.fits
5436/spec-5436-56015-0294.fits
5436/spec-5436-56015-0295.fits
5436/spec-5436-56015-0296.fits
5436/spec-5436-56015-0297.fits
5436/spec-5436-56015-0298.fits
5436/spec-5436-56015-0299.fits
5436/spec-5436-56015-0300.fits
5436/spec-5436-56015-0301.fits
5436/spec-5436-56015-0302.fits
5436/spec-5436-56015-0303.fits
5436/spec-5436-56015-0304.fits
5436/spec-5436-56015-0305.fits
5436/spec-5436-56015-0306.fits
5436/spec-5436-56015-0307.fits
5436/spec-5436-56015-0308.fits
5436/spec-5436-56015-0309.fits
5436/spec-5436-56015-0310.fits
5436/spec-5436-56015-0311.fits
5436/spec-5436-56015-0312.fits
5436/spec-5436-56015-0313.fits
5436/spec-5436-56015-0314.fits
5436/spec-5436-56015-0315.fits
5436/spec-5436-56015-0316.fits
5436/spec-5436-56015-0317.fits
5436/spec-5436-56015-0318.fits
5436/spec-5436-56015-0319.fits
5436/spec-5436-56015-0320.fits
5436/spec-5436-56015-0321.fits
5436/spec-5436-56015-0322.fits
5436/spec-5436-56015-0323.fits
5436/spec-5436-56015-0324.fits
5436/spec-5436-56015-0325.fits
5436/spec-5436-56015-0326.fits
5436/spec-5436-56015-0327.fits
5436/spec-5436-56015-0328.fits
5436/spec-5436-56015-0329.fits
5436/spec-5436-56015-0330.fits
5436/spec-5436-56015-0331.fits
5436/spec-5436-56015-0332.fits
5436/spec-5436-56015-0333.fits
5436/spec-5436-56015-0334.fits
5436/spec-5436-56015-0335.fits
5436/spec-5436-56015-0336.fits
5436/spec-5436-56015-0337.fits
5436/spec-5436-56015-0338.fits
5436/spec-5436-56015-0339.fits
5436/spec-5436-56015-0340.fits
5436/spec-5436-56015-0341.fits
5436/spec-5436-56015-0342.fits
5436/spec-5436-56015-0343.fits
5436/spec-5436-56015-0344.fits
5436/spec-5436-56015-0345.fits
5436/spec-5436-56015-0346.fits
5436/spec-5436-56015-0347.fits
5436/spec-5436-56015-0348.fits
5436/spec-5436-56015-0349.fits
5436/spec-5436-56015-0350.fits
5436/spec-5436-56015-0351.fits
5436/spec-5436-56015-0352.fits
5436/spec-5436-56015-0353.fits
5436/spec-5436-56015-0354.fits
5436/spec-5436-56015-0355.fits
5436/spec-5436-56015-0356.fits
5436/spec-5436-56015-0357.fits
5436/spec-5436-56015-0358.fits
5436/spec-5436-56015-0359.fits
5436/spec-5436-56015-0360.fits
5436/spec-5436-56015-0361.fits
5436/spec-5436-56015-0362.fits
5436/spec-5436-56015-0363.fits
5436/spec-5436-56015-0364.fits
5436/spec-5436-56015-0365.fits
5436/spec-5436-56015-0366.fits
5436/spec-5436-56015-0367.fits
5436/spec-5436-56015-0368.fits
5436/spec-5436-56015-0369.fits
5436/spec-5436-56015-0370.fits
5436/spec-5436-56015-0371.fits
5436/spec-5436-56015-0372.fits
5436/spec-5436-56015-0373.fits
5436/spec-5436-56015-0374.fits
5436/spec-5436-56015-0375.fits
5436/spec-5436-56015-0376.fits
5436/spec-5436-56015-0377.fits
5436/spec-5436-56015-0378.fits
5436/spec-5436-56015-0379.fits
5436/spec-5436-56015-0380.fits
5436/spec-5436-56015-0381.fits
5436/spec-5436-56015-0382.fits
5436/spec-5436-56015-0383.fits
5436/spec-5436-56015-0384.fits
5436/spec-5436-56015-0385.fits
5436/spec-5436-56015-0386.fits
5436/spec-5436-56015-0387.fits
5436/spec-5436-56015-0388.fits
5436/spec-5436-56015-0389.fits
5436/spec-5436-56015-0390.fits
5436/spec-5436-56015-0391.fits
5436/spec-5436-56015-0392.fits
5436/spec-5436-56015-0393.fits
5436/spec-5436-56015-0394.fits
5436/spec-5436-56015-0395.fits
5436/spec-5436-56015-0396.fits
5436/spec-5436-56015-0397.fits
5436/spec-5436-56015-0398.fits
5436/spec-5436-56015-0399.fits
5436/spec-5436-56015-0400.fits
5436/spec-5436-56015-0401.fits
5436/spec-5436-56015-0402.fits
5436/spec-5436-56015-0403.fits
5436/spec-5436-56015-0404.fits
5436/spec-5436-56015-0405.fits
5436/spec-5436-56015-0406.fits
5436/spec-5436-56015-0407.fits
5436/spec-5436-56015-0408.fits
5436/spec-5436-56015-0409.fits
5436/spec-5436-56015-0410.fits
5436/spec-5436-56015-0411.fits
5436/spec-5436-56015-0412.fits
5436/spec-5436-56015-0413.fits
5436/spec-5436-56015-0414.fits
5436/spec-5436-56015-0415.fits
5436/spec-5436-56015-0416.fits
5436/spec-5436-56015-0417.fits
5436/spec-5436-56015-0418.fits
5436/spec-5436-56015-0419.fits
5436/spec-5436-56015-0420.fits
5436/spec-5436-56015-0421.fits
5436/spec-5436-56015-0422.fits
5436/spec-5436-56015-0423.fits
5436/spec-5436-56015-0424.fits
5436/spec-5436-56015-0425.fits
5436/spec-5436-56015-0426.fits
5436/spec-5436-56015-0427.fits
5436/spec-5436-56015-0428.fits
5436/spec-5436-56015-0429.fits
5436/spec-5436-56015-0430.fits
5436/spec-5436-56015-0431.fits
5436/spec-5436-56015-0432.fits
5436/spec-5436-56015-0433.fits
5436/spec-5436-56015-0434.fits
5436/spec-5436-56015-0435.fits
5436/spec-5436-56015-0436.fits
5436/spec-5436-56015-0437.fits
5436/spec-5436-56015-0438.fits
5436/spec-5436-56015-0439.fits
5436/spec-5436-56015-0440.fits
5436/spec-5436-56015-0441.fits
5436/spec-5436-56015-0442.fits
5436/spec-5436-56015-0443.fits
5436/spec-5436-56015-0444.fits
5436/spec-5436-56015-0445.fits
5436/spec-5436-56015-0446.fits
5436/spec-5436-56015-0447.fits
5436/spec-5436-56015-0448.fits
5436/spec-5436-56015-0449.fits
5436/spec-5436-56015-0450.fits
5436/spec-5436-56015-0451.fits
5436/spec-5436-56015-0452.fits
5436/spec-5436-56015-0453.fits
5436/spec-5436-56015-0454.fits
5436/spec-5436-56015-0455.fits
5436/spec-5436-56015-0456.fits
5436/spec-5436-56015-0457.fits
5436/spec-5436-56015-0458.fits
5436/spec-5436-56015-0459.fits
5436/spec-5436-56015-0460.fits
5436/spec-5436-56015-0461.fits
5436/spec-5436-56015-0462.fits
5436/spec-5436-56015-0463.fits
5436/spec-5436-56015-0464.fits
5436/spec-5436-56015-0465.fits
5436/spec-5436-56015-0466.fits
5436/spec-5436-56015-0467.fits
5436/spec-5436-56015-0468.fits
5436/spec-5436-56015-0469.fits
5436/spec-5436-56015-0470.fits
5436/spec-5436-56015-0471.fits
5436/spec-5436-56015-0472.fits
5436/spec-5436-56015-0473.fits
5436/spec-5436-56015-0474.fits
5436/spec-5436-56015-0475.fits
5436/spec-5436-56015-0476.fits
5436/spec-5436-56015-0477.fits
5436/spec-5436-56015-0478.fits
5436/spec-5436-56015-0479.fits
5436/spec-5436-56015-0480.fits
5436/spec-5436-56015-0481.fits
5436/spec-5436-56015-0482.fits
5436/spec-5436-56015-0483.fits
5436/spec-5436-56015-0484.fits
5436/spec-5436-56015-0485.fits
5436/spec-5436-56015-0486.fits
5436/spec-5436-56015-0487.fits
5436/spec-5436-56015-0488.fits
5436/spec-5436-56015-0489.fits
5436/spec-5436-56015-0490.fits
5436/spec-5436-56015-0491.fits
5436/spec-5436-56015-0492.fits
5436/spec-5436-56015-0493.fits
5436/spec-5436-56015-0494.fits
5436/spec-5436-56015-0495.fits
5436/spec-5436-56015-0496.fits
5436/spec-5436-56015-0497.fits
5436/spec-5436-56015-0498.fits
5436/spec-5436-56015-0499.fits
5436/spec-5436-56015-0500.fits
5436/spec-5436-56015-0501.fits
5436/spec-5436-56015-0502.fits
5436/spec-5436-56015-0503.fits
5436/spec-5436-56015-0504.fits
5436/spec-5436-56015-0505.fits
5436/spec-5436-56015-0506.fits
5436/spec-5436-56015-0507.fits
5436/spec-5436-56015-0508.fits
5436/spec-5436-56015-0509.fits
5436/spec-5436-56015-0510.fits
5436/spec-5436-56015-0511.fits
5436/spec-5436-56015-0512.fits
5436/spec-5436-56015-0513.fits
5436/spec-5436-56015-0514.fits
5436/spec-5436-56015-0515.fits
5436/spec-5436-56015-0516.fits
5436/spec-5436-56015-0517.fits
5436/spec-5436-56015-0518.fits
5436/spec-5436-56015-0519.fits
5436/spec-5436-56015-0520.fits
5436/spec-5436-56015-0521.fits
5436/spec-5436-56015-0522.fits
5436/spec-5436-56015-0523.fits
5436/spec-5436-56015-0524.fits
5436/spec-5436-56015-0525.fits
5436/spec-5436-56015-0526.fits
5436/spec-5436-56015-0527.fits
5436/spec-5436-56015-0528.fits
5436/spec-5436-56015-0529.fits
5436/spec-5436-56015-0530.fits
5436/spec-5436-56015-0531.fits
5436/spec-5436-56015-0532.fits
5436/spec-5436-56015-0533.fits
5436/spec-5436-56015-0534.fits
5436/spec-5436-56015-0535.fits
5436/spec-5436-56015-0536.fits
5436/spec-5436-56015-0537.fits
5436/spec-5436-56015-0538.fits
5436/spec-5436-56015-0539.fits
5436/spec-5436-56015-0540.fits
5436/spec-5436-56015-0541.fits
5436/spec-5436-56015-0542.fits
5436/spec-5436-56015-0543.fits
5436/spec-5436-56015-0544.fits
5436/spec-5436-56015-0545.fits
5436/spec-5436-56015-0546.fits
5436/spec-5436-56015-0547.fits
5436/spec-5436-56015-0548.fits
5436/spec-5436-56015-0549.fits
5436/spec-5436-56015-0550.fits
5436/spec-5436-56015-0551.fits
5436/spec-5436-56015-0552.fits
5436/spec-5436-56015-0553.fits
5436/spec-5436-56015-0554.fits
5436/spec-5436-56015-0555.fits
5436/spec-5436-56015-0556.fits
5436/spec-5436-56015-0557.fits
5436/spec-5436-56015-0558.fits
5436/spec-5436-56015-0559.fits
5436/spec-5436-56015-0560.fits
5436/spec-5436-56015-0561.fits
5436/spec-5436-56015-0562.fits
5436/spec-5436-56015-0563.fits
5436/spec-5436-56015-0564.fits
5436/spec-5436-56015-0565.fits
5436/spec-5436-56015-0566.fits
5436/spec-5436-56015-0567.fits
5436/spec-5436-56015-0568.fits
5436/spec-5436-56015-0569.fits
5436/spec-5436-56015-0570.fits
5436/spec-5436-56015-0571.fits
5436/spec-5436-56015-0572.fits
5436/spec-5436-56015-0573.fits
5436/spec-5436-56015-0574.fits
5436/spec-5436-56015-0575.fits
5436/spec-5436-56015-0576.fits
5436/spec-5436-56015-0577.fits
5436/spec-5436-56015-0578.fits
5436/spec-5436-56015-0579.fits
5436/spec-5436-56015-0580.fits
5436/spec-5436-56015-0581.fits
5436/spec-5436-56015-0582.fits
5436/spec-5436-56015-0583.fits
5436/spec-5436-56015-0584.fits
5436/spec-5436-56015-0585.fits
5436/spec-5436-56015-0586.fits
5436/spec-5436-56015-0587.fits
5436/spec-5436-56015-0588.fits
5436/spec-5436-56015-0589.fits
5436/spec-5436-56015-0590.fits
5436/spec-5436-56015-0591.fits
5436/spec-5436-56015-0592.fits
5436/spec-5436-56015-0593.fits
5436/spec-5436-56015-0594.fits
5436/spec-5436-56015-0595.fits
5436/spec-5436-56015-0596.fits
5436/spec-5436-56015-0597.fits
5436/spec-5436-56015-0598.fits
5436/spec-5436-56015-0599.fits
5436/spec-5436-56015-0600.fits
5436/spec-5436-56015-0601.fits
5436/spec-5436-56015-0602.fits
5436/spec-5436-56015-0603.fits
5436/spec-5436-56015-0604.fits
5436/spec-5436-56015-0605.fits
5436/spec-5436-56015-0606.fits
5436/spec-5436-56015-0607.fits
5436/spec-5436-56015-0608.fits
5436/spec-5436-56015-0609.fits
5436/spec-5436-56015-0610.fits
5436/spec-5436-56015-0611.fits
5436/spec-5436-56015-0612.fits
5436/spec-5436-56015-0613.fits
5436/spec-5436-56015-0614.fits
5436/spec-5436-56015-0615.fits
5436/spec-5436-56015-0616.fits
5436/spec-5436-56015-0617.fits
5436/spec-5436-56015-0618.fits
5436/spec-5436-56015-0619.fits
5436/spec-5436-56015-0620.fits
5436/spec-5436-56015-0621.fits
5436/spec-5436-56015-0622.fits
5436/spec-5436-56015-0623.fits
5436/spec-5436-56015-0624.fits
5436/spec-5436-56015-0625.fits
5436/spec-5436-56015-0626.fits
5436/spec-5436-56015-0627.fits
5436/spec-5436-56015-0628.fits
5436/spec-5436-56015-0629.fits
5436/spec-5436-56015-0630.fits
5436/spec-5436-56015-0631.fits
5436/spec-5436-56015-0632.fits
5436/spec-5436-56015-0633.fits
5436/spec-5436-56015-0634.fits
5436/spec-5436-56015-0635.fits
5436/spec-5436-56015-0636.fits
5436/spec-5436-56015-0637.fits
5436/spec-5436-56015-0638.fits
5436/spec-5436-56015-0639.fits
5436/spec-5436-56015-0640.fits
5436/spec-5436-56015-0641.fits
5436/spec-5436-56015-0642.fits
5436/spec-5436-56015-0643.fits
5436/spec-5436-56015-0644.fits
5436/spec-5436-56015-0645.fits
5436/spec-5436-56015-0646.fits
5436/spec-5436-56015-0647.fits
5436/spec-5436-56015-0648.fits
5436/spec-5436-56015-0649.fits
5436/spec-5436-56015-0650.fits
5436/spec-5436-56015-0651.fits
5436/spec-5436-56015-0652.fits
5436/spec-5436-56015-0653.fits
5436/spec-5436-56015-0654.fits
5436/spec-5436-56015-0655.fits
5436/spec-5436-56015-0656.fits
5436/spec-5436-56015-0657.fits
5436/spec-5436-56015-0658.fits
5436/spec-5436-56015-0659.fits
5436/spec-5436-56015-0660.fits
5436/spec-5436-56015-0661.fits
5436/spec-5436-56015-0662.fits
5436/spec-5436-56015-0663.fits
5436/spec-5436-56015-0664.fits
5436/spec-5436-56015-0665.fits
5436/spec-5436-56015-0666.fits
5436/spec-5436-56015-0667.fits
5436/spec-5436-56015-0668.fits
5436/spec-5436-56015-0669.fits
5436/spec-5436-56015-0670.fits
5436/spec-5436-56015-0671.fits
5436/spec-5436-56015-0672.fits
5436/spec-5436-56015-0673.fits
5436/spec-5436-56015-0674.fits
5436/spec-5436-56015-0675.fits
5436/spec-5436-56015-0676.fits
5436/spec-5436-56015-0677.fits
5436/spec-5436-56015-0678.fits
5436/spec-5436-56015-0679.fits
5436/spec-5436-56015-0680.fits
5436/spec-5436-56015-0681.fits
5436/spec-5436-56015-0682.fits
5436/spec-5436-56015-0683.fits
5436/spec-5436-56015-0684.fits
5436/spec-5436-56015-0685.fits
5436/spec-5436-56015-0686.fits
5436/spec-5436-56015-0687.fits
5436/spec-5436-56015-0688.fits
5436/spec-5436-56015-0689.fits
5436/spec-5436-56015-0690.fits
5436/spec-5436-56015-0691.fits
5436/spec-5436-56015-0692.fits
5436/spec-5436-56015-0693.fits
5436/spec-5436-56015-0694.fits
5436/spec-5436-56015-0695.fits
5436/spec-5436-56015-0696.fits
5436/spec-5436-56015-0697.fits
5436/spec-5436-56015-0698.fits
5436/spec-5436-56015-0699.fits
5436/spec-5436-56015-0700.fits
5436/spec-5436-56015-0701.fits
5436/spec-5436-56015-0702.fits
5436/spec-5436-56015-0703.fits
5436/spec-5436-56015-0704.fits
5436/spec-5436-56015-0705.fits
5436/spec-5436-56015-0706.fits
5436/spec-5436-56015-0707.fits
5436/spec-5436-56015-0708.fits
5436/spec-5436-56015-0709.fits
5436/spec-5436-56015-0710.fits
5436/spec-5436-56015-0711.fits
5436/spec-5436-56015-0712.fits
5436/spec-5436-56015-0713.fits
5436/spec-5436-56015-0714.fits
5436/spec-5436-56015-0715.fits
5436/spec-5436-56015-0716.fits
5436/spec-5436-56015-0717.fits
5436/spec-5436-56015-0718.fits
5436/spec-5436-56015-0719.fits
5436/spec-5436-56015-0720.fits
5436/spec-5436-56015-0721.fits
5436/spec-5436-56015-0722.fits
5436/spec-5436-56015-0723.fits
5436/spec-5436-56015-0724.fits
5436/spec-5436-56015-0725.fits
5436/spec-5436-56015-0726.fits
5436/spec-5436-56015-0727.fits
5436/spec-5436-56015-0728.fits
5436/spec-5436-56015-0729.fits
5436/spec-5436-56015-0730.fits
5436/spec-5436-56015-0731.fits
5436/spec-5436-56015-0732.fits
5436/spec-5436-56015-0733.fits
5436/spec-5436-56015-0734.fits
5436/spec-5436-56015-0735.fits
5436/spec-5436-56015-0736.fits
5436/spec-5436-56015-0737.fits
5436/spec-5436-56015-0738.fits
5436/spec-5436-56015-0739.fits
5436/spec-5436-56015-0740.fits
5436/spec-5436-56015-0741.fits
5436/spec-5436-56015-0742.fits
5436/spec-5436-56015-0743.fits
5436/spec-5436-56015-0744.fits
5436/spec-5436-56015-0745.fits
5436/spec-5436-56015-0746.fits
5436/spec-5436-56015-0747.fits
5436/spec-5436-56015-0748.fits
5436/spec-5436-56015-0749.fits
5436/spec-5436-56015-0750.fits
5436/spec-5436-56015-0751.fits
5436/spec-5436-56015-0752.fits
5436/spec-5436-56015-0753.fits
5436/spec-5436-56015-0754.fits
5436/spec-5436-56015-0755.fits
5436/spec-5436-56015-0756.fits
5436/spec-5436-56015-0757.fits
5436/spec-5436-56015-0758.fits
5436/spec-5436-56015-0759.fits
5436/spec-5436-56015-0760.fits
5436/spec-5436-56015-0761.fits
5436/spec-5436-56015-0762.fits
5436/spec-5436-56015-0763.fits
5436/spec-5436-56015-0764.fits
5436/spec-5436-56015-0765.fits
5436/spec-5436-56015-0766.fits
5436/spec-5436-56015-0767.fits
5436/spec-5436-56015-0768.fits
5436/spec-5436-56015-0769.fits
5436/spec-5436-56015-0770.fits
5436/spec-5436-56015-0771.fits
5436/spec-5436-56015-0772.fits
5436/spec-5436-56015-0773.fits
5436/spec-5436-56015-0774.fits
5436/spec-5436-56015-0775.fits
5436/spec-5436-56015-0776.fits
5436/spec-5436-56015-0777.fits
5436/spec-5436-56015-0778.fits
5436/spec-5436-56015-0779.fits
5436/spec-5436-56015-0780.fits
5436/spec-5436-56015-0781.fits
5436/spec-5436-56015-0782.fits
5436/spec-5436-56015-0783.fits
5436/spec-5436-56015-0784.fits
5436/spec-5436-56015-0785.fits
5436/spec-5436-56015-0786.fits
5436/spec-5436-56015-0787.fits
5436/spec-5436-56015-0788.fits
5436/spec-5436-56015-0789.fits
5436/spec-5436-56015-0790.fits
5436/spec-5436-56015-0791.fits
5436/spec-5436-56015-0792.fits
5436/spec-5436-56015-0793.fits
5436/spec-5436-56015-0794.fits
5436/spec-5436-56015-0795.fits
5436/spec-5436-56015-0796.fits
5436/spec-5436-56015-0797.fits
5436/spec-5436-56015-0798.fits
5436/spec-5436-56015-0799.fits
5436/spec-5436-56015-0800.fits
5436/spec-5436-56015-0801.fits
5436/spec-5436-56015-0802.fits
5436/spec-5436-56015-0803.fits
5436/spec-5436-56015-0804.fits
5436/spec-5436-56015-0805.fits
5436/spec-5436-56015-0806.fits
5436/spec-5436-56015-0807.fits
5436/spec-5436-56015-0808.fits
5436/spec-5436-56015-0809.fits
5436/spec-5436-56015-0810.fits
5436/spec-5436-56015-0811.fits
5436/spec-5436-56015-0812.fits
5436/spec-5436-56015-0813.fits
5436/spec-5436-56015-0814.fits
5436/spec-5436-56015-0815.fits
5436/spec-5436-56015-0816.fits
5436/spec-5436-56015-0817.fits
5436/spec-5436-56015-0818.fits
5436/spec-5436-56015-0819.fits
5436/spec-5436-56015-0820.fits
5436/spec-5436-56015-0821.fits
5436/spec-5436-56015-0822.fits
5436/spec-5436-56015-0823.fits
5436/spec-5436-56015-0824.fits
5436/spec-5436-56015-0825.fits
5436/spec-5436-56015-0826.fits
5436/spec-5436-56015-0827.fits
5436/spec-5436-56015-0828.fits
5436/spec-5436-56015-0829.fits
5436/spec-5436-56015-0830.fits
5436/spec-5436-56015-0831.fits
5436/spec-5436-56015-0832.fits
5436/spec-5436-56015-0833.fits
5436/spec-5436-56015-0834.fits
5436/spec-5436-56015-0835.fits
5436/spec-5436-56015-0836.fits
5436/spec-5436-56015-0837.fits
5436/spec-5436-56015-0838.fits
5436/spec-5436-56015-0839.fits
5436/spec-5436-56015-0840.fits
5436/spec-5436-56015-0841.fits
5436/spec-5436-56015-0842.fits
5436/spec-5436-56015-0843.fits
5436/spec-5436-56015-0844.fits
5436/spec-5436-56015-0845.fits
5436/spec-5436-56015-0846.fits
5436/spec-5436-56015-0847.fits
5436/spec-5436-56015-0848.fits
5436/spec-5436-56015-0849.fits
5436/spec-5436-56015-0850.fits
5436/spec-5436-56015-0851.fits
5436/spec-5436-56015-0852.fits
5436/spec-5436-56015-0853.fits
5436/spec-5436-56015-0854.fits
5436/spec-5436-56015-0855.fits
5436/spec-5436-56015-0856.fits
5436/spec-5436-56015-0857.fits
5436/spec-5436-56015-0858.fits
5436/spec-5436-56015-0859.fits
5436/spec-5436-56015-0860.fits
5436/spec-5436-56015-0861.fits
5436/spec-5436-56015-0862.fits
5436/spec-5436-56015-0863.fits
5436/spec-5436-56015-0864.fits
5436/spec-5436-56015-0865.fits
5436/spec-5436-56015-0866.fits
5436/spec-5436-56015-0867.fits
5436/spec-5436-56015-0868.fits
5436/spec-5436-56015-0869.fits
5436/spec-5436-56015-0870.fits
5436/spec-5436-56015-0871.fits
5436/spec-5436-56015-0872.fits
5436/spec-5436-56015-0873.fits
5436/spec-5436-56015-0874.fits
5436/spec-5436-56015-0875.fits
5436/spec-5436-56015-0876.fits
5436/spec-5436-56015-0877.fits
5436/spec-5436-56015-0878.fits
5436/spec-5436-56015-0879.fits
5436/spec-5436-56015-0880.fits
5436/spec-5436-56015-0881.fits
5436/spec-5436-56015-0882.fits
5436/spec-5436-56015-0883.fits
5436/spec-5436-56015-0884.fits
5436/spec-5436-56015-0885.fits
5436/spec-5436-56015-0886.fits
5436/spec-5436-56015-0887.fits
5436/spec-5436-56015-0888.fits
5436/spec-5436-56015-0889.fits
5436/spec-5436-56015-0890.fits
5436/spec-5436-56015-0891.fits
5436/spec-5436-56015-0892.fits
5436/spec-5436-56015-0893.fits
5436/spec-5436-56015-0894.fits
5436/spec-5436-56015-0895.fits
5436/spec-5436-56015-0896.fits
5436/spec-5436-56015-0897.fits
5436/spec-5436-56015-0898.fits
5436/spec-5436-56015-0899.fits
5436/spec-5436-56015-0900.fits
5436/spec-5436-56015-0901.fits
5436/spec-5436-56015-0902.fits
5436/spec-5436-56015-0903.fits
5436/spec-5436-56015-0904.fits
5436/spec-5436-56015-0905.fits
5436/spec-5436-56015-0906.fits
5436/spec-5436-56015-0907.fits
5436/spec-5436-56015-0908.fits
5436/spec-5436-56015-0909.fits
5436/spec-5436-56015-0910.fits
5436/spec-5436-56015-0911.fits
5436/spec-5436-56015-0912.fits
5436/spec-5436-56015-0913.fits
5436/spec-5436-56015-0914.fits
5436/spec-5436-56015-0915.fits
5436/spec-5436-56015-0916.fits
5436/spec-5436-56015-0917.fits
5436/spec-5436-56015-0918.fits
5436/spec-5436-56015-0919.fits
5436/spec-5436-56015-0920.fits
5436/spec-5436-56015-0921.fits
5436/spec-5436-56015-0922.fits
5436/spec-5436-56015-0923.fits
5436/spec-5436-56015-0924.fits
5436/spec-5436-56015-0925.fits
5436/spec-5436-56015-0926.fits
5436/spec-5436-56015-0927.fits
5436/spec-5436-56015-0928.fits
5436/spec-5436-56015-0929.fits
5436/spec-5436-56015-0930.fits
5436/spec-5436-56015-0931.fits
5436/spec-5436-56015-0932.fits
5436/spec-5436-56015-0933.fits
5436/spec-5436-56015-0934.fits
5436/spec-5436-56015-0935.fits
5436/spec-5436-56015-0936.fits
5436/spec-5436-56015-0937.fits
5436/spec-5436-56015-0938.fits
5436/spec-5436-56015-0939.fits
5436/spec-5436-56015-0940.fits
5436/spec-5436-56015-0941.fits
5436/spec-5436-56015-0942.fits
5436/spec-5436-56015-0943.fits
5436/spec-5436-56015-0944.fits
5436/spec-5436-56015-0945.fits
5436/spec-5436-56015-0946.fits
5436/spec-5436-56015-0947.fits
5436/spec-5436-56015-0948.fits
5436/spec-5436-56015-0949.fits
5436/spec-5436-56015-0950.fits
5436/spec-5436-56015-0951.fits
5436/spec-5436-56015-0952.fits
5436/spec-5436-56015-0953.fits
5436/spec-5436-56015-0954.fits
5436/spec-5436-56015-0955.fits
5436/spec-5436-56015-0956.fits
5436/spec-5436-56015-0957.fits
5436/spec-5436-56015-0958.fits
5436/spec-5436-56015-0959.fits
5436/spec-5436-56015-0960.fits
5436/spec-5436-56015-0961.fits
5436/spec-5436-56015-0962.fits
5436/spec-5436-56015-0963.fits
5436/spec-5436-56015-0964.fits
5436/spec-5436-56015-0965.fits
5436/spec-5436-56015-0966.fits
5436/spec-5436-56015-0967.fits
5436/spec-5436-56015-0968.fits
5436/spec-5436-56015-0969.fits
5436/spec-5436-56015-0970.fits
5436/spec-5436-56015-0971.fits
5436/spec-5436-56015-0972.fits
5436/spec-5436-56015-0973.fits
5436/spec-5436-56015-0974.fits
5436/spec-5436-56015-0975.fits
5436/spec-5436-56015-0976.fits
5436/spec-5436-56015-0977.fits
5436/spec-5436-56015-0978.fits
5436/spec-5436-56015-0979.fits
5436/spec-5436-56015-0980.fits
5436/spec-5436-56015-0981.fits
5436/spec-5436-56015-0982.fits
5436/spec-5436-56015-0983.fits
5436/spec-5436-56015-0984.fits
5436/spec-5436-56015-0985.fits
5436/spec-5436-56015-0986.fits
5436/spec-5436-56015-0987.fits
5436/spec-5436-56015-0988.fits
5436/spec-5436-56015-0989.fits
5436/spec-5436-56015-0990.fits
5436/spec-5436-56015-0991.fits
5436/spec-5436-56015-0992.fits
5436/spec-5436-56015-0993.fits
5436/spec-5436-56015-0994.fits
5436/spec-5436-56015-0995.fits
5436/spec-5436-56015-0996.fits
5436/spec-5436-56015-0997.fits
5436/spec-5436-56015-0998.fits
5436/spec-5436-56015-0999.fits
5436/spec-5436-56015-1000.fits
/var/lib/condor/execute/slot1/dir_24776
5436 5436.tgz R R361.tar.gz _condor_stderr _condor_stdout cB58_Lyman_break.fit condor_exec.exe hw4.R packages packages.tar.gz tmp var
[1] "Loaded package astro."
[1] 1000
5436 5436.csv 5436.tgz R R361.tar.gz _condor_stderr _condor_stdout cB58_Lyman_break.fit condor_exec.exe hw4.R packages packages.tar.gz tmp var
