3837
3837/
3837/spec-3837-55572-0001.fits
3837/spec-3837-55572-0002.fits
3837/spec-3837-55572-0003.fits
3837/spec-3837-55572-0004.fits
3837/spec-3837-55572-0005.fits
3837/spec-3837-55572-0006.fits
3837/spec-3837-55572-0007.fits
3837/spec-3837-55572-0008.fits
3837/spec-3837-55572-0009.fits
3837/spec-3837-55572-0010.fits
3837/spec-3837-55572-0011.fits
3837/spec-3837-55572-0012.fits
3837/spec-3837-55572-0013.fits
3837/spec-3837-55572-0014.fits
3837/spec-3837-55572-0015.fits
3837/spec-3837-55572-0016.fits
3837/spec-3837-55572-0017.fits
3837/spec-3837-55572-0018.fits
3837/spec-3837-55572-0019.fits
3837/spec-3837-55572-0020.fits
3837/spec-3837-55572-0021.fits
3837/spec-3837-55572-0022.fits
3837/spec-3837-55572-0023.fits
3837/spec-3837-55572-0024.fits
3837/spec-3837-55572-0025.fits
3837/spec-3837-55572-0026.fits
3837/spec-3837-55572-0027.fits
3837/spec-3837-55572-0028.fits
3837/spec-3837-55572-0029.fits
3837/spec-3837-55572-0030.fits
3837/spec-3837-55572-0031.fits
3837/spec-3837-55572-0032.fits
3837/spec-3837-55572-0033.fits
3837/spec-3837-55572-0034.fits
3837/spec-3837-55572-0035.fits
3837/spec-3837-55572-0036.fits
3837/spec-3837-55572-0037.fits
3837/spec-3837-55572-0038.fits
3837/spec-3837-55572-0039.fits
3837/spec-3837-55572-0040.fits
3837/spec-3837-55572-0041.fits
3837/spec-3837-55572-0042.fits
3837/spec-3837-55572-0043.fits
3837/spec-3837-55572-0044.fits
3837/spec-3837-55572-0045.fits
3837/spec-3837-55572-0046.fits
3837/spec-3837-55572-0047.fits
3837/spec-3837-55572-0048.fits
3837/spec-3837-55572-0049.fits
3837/spec-3837-55572-0050.fits
3837/spec-3837-55572-0051.fits
3837/spec-3837-55572-0052.fits
3837/spec-3837-55572-0053.fits
3837/spec-3837-55572-0054.fits
3837/spec-3837-55572-0055.fits
3837/spec-3837-55572-0056.fits
3837/spec-3837-55572-0057.fits
3837/spec-3837-55572-0058.fits
3837/spec-3837-55572-0059.fits
3837/spec-3837-55572-0060.fits
3837/spec-3837-55572-0061.fits
3837/spec-3837-55572-0062.fits
3837/spec-3837-55572-0063.fits
3837/spec-3837-55572-0064.fits
3837/spec-3837-55572-0065.fits
3837/spec-3837-55572-0066.fits
3837/spec-3837-55572-0067.fits
3837/spec-3837-55572-0068.fits
3837/spec-3837-55572-0069.fits
3837/spec-3837-55572-0070.fits
3837/spec-3837-55572-0071.fits
3837/spec-3837-55572-0072.fits
3837/spec-3837-55572-0073.fits
3837/spec-3837-55572-0074.fits
3837/spec-3837-55572-0075.fits
3837/spec-3837-55572-0076.fits
3837/spec-3837-55572-0077.fits
3837/spec-3837-55572-0078.fits
3837/spec-3837-55572-0079.fits
3837/spec-3837-55572-0080.fits
3837/spec-3837-55572-0081.fits
3837/spec-3837-55572-0082.fits
3837/spec-3837-55572-0083.fits
3837/spec-3837-55572-0084.fits
3837/spec-3837-55572-0085.fits
3837/spec-3837-55572-0086.fits
3837/spec-3837-55572-0087.fits
3837/spec-3837-55572-0088.fits
3837/spec-3837-55572-0089.fits
3837/spec-3837-55572-0090.fits
3837/spec-3837-55572-0091.fits
3837/spec-3837-55572-0092.fits
3837/spec-3837-55572-0093.fits
3837/spec-3837-55572-0094.fits
3837/spec-3837-55572-0095.fits
3837/spec-3837-55572-0096.fits
3837/spec-3837-55572-0097.fits
3837/spec-3837-55572-0098.fits
3837/spec-3837-55572-0099.fits
3837/spec-3837-55572-0100.fits
3837/spec-3837-55572-0101.fits
3837/spec-3837-55572-0102.fits
3837/spec-3837-55572-0103.fits
3837/spec-3837-55572-0104.fits
3837/spec-3837-55572-0105.fits
3837/spec-3837-55572-0106.fits
3837/spec-3837-55572-0107.fits
3837/spec-3837-55572-0108.fits
3837/spec-3837-55572-0109.fits
3837/spec-3837-55572-0110.fits
3837/spec-3837-55572-0111.fits
3837/spec-3837-55572-0112.fits
3837/spec-3837-55572-0113.fits
3837/spec-3837-55572-0114.fits
3837/spec-3837-55572-0115.fits
3837/spec-3837-55572-0116.fits
3837/spec-3837-55572-0117.fits
3837/spec-3837-55572-0118.fits
3837/spec-3837-55572-0119.fits
3837/spec-3837-55572-0120.fits
3837/spec-3837-55572-0121.fits
3837/spec-3837-55572-0122.fits
3837/spec-3837-55572-0123.fits
3837/spec-3837-55572-0124.fits
3837/spec-3837-55572-0125.fits
3837/spec-3837-55572-0126.fits
3837/spec-3837-55572-0127.fits
3837/spec-3837-55572-0128.fits
3837/spec-3837-55572-0129.fits
3837/spec-3837-55572-0130.fits
3837/spec-3837-55572-0131.fits
3837/spec-3837-55572-0132.fits
3837/spec-3837-55572-0133.fits
3837/spec-3837-55572-0134.fits
3837/spec-3837-55572-0135.fits
3837/spec-3837-55572-0136.fits
3837/spec-3837-55572-0137.fits
3837/spec-3837-55572-0138.fits
3837/spec-3837-55572-0139.fits
3837/spec-3837-55572-0140.fits
3837/spec-3837-55572-0141.fits
3837/spec-3837-55572-0142.fits
3837/spec-3837-55572-0143.fits
3837/spec-3837-55572-0144.fits
3837/spec-3837-55572-0145.fits
3837/spec-3837-55572-0146.fits
3837/spec-3837-55572-0147.fits
3837/spec-3837-55572-0148.fits
3837/spec-3837-55572-0149.fits
3837/spec-3837-55572-0150.fits
3837/spec-3837-55572-0151.fits
3837/spec-3837-55572-0152.fits
3837/spec-3837-55572-0153.fits
3837/spec-3837-55572-0154.fits
3837/spec-3837-55572-0155.fits
3837/spec-3837-55572-0156.fits
3837/spec-3837-55572-0157.fits
3837/spec-3837-55572-0158.fits
3837/spec-3837-55572-0159.fits
3837/spec-3837-55572-0160.fits
3837/spec-3837-55572-0161.fits
3837/spec-3837-55572-0162.fits
3837/spec-3837-55572-0163.fits
3837/spec-3837-55572-0164.fits
3837/spec-3837-55572-0165.fits
3837/spec-3837-55572-0166.fits
3837/spec-3837-55572-0167.fits
3837/spec-3837-55572-0168.fits
3837/spec-3837-55572-0169.fits
3837/spec-3837-55572-0170.fits
3837/spec-3837-55572-0171.fits
3837/spec-3837-55572-0172.fits
3837/spec-3837-55572-0173.fits
3837/spec-3837-55572-0174.fits
3837/spec-3837-55572-0175.fits
3837/spec-3837-55572-0176.fits
3837/spec-3837-55572-0177.fits
3837/spec-3837-55572-0178.fits
3837/spec-3837-55572-0179.fits
3837/spec-3837-55572-0180.fits
3837/spec-3837-55572-0181.fits
3837/spec-3837-55572-0182.fits
3837/spec-3837-55572-0183.fits
3837/spec-3837-55572-0184.fits
3837/spec-3837-55572-0185.fits
3837/spec-3837-55572-0186.fits
3837/spec-3837-55572-0187.fits
3837/spec-3837-55572-0188.fits
3837/spec-3837-55572-0189.fits
3837/spec-3837-55572-0190.fits
3837/spec-3837-55572-0191.fits
3837/spec-3837-55572-0192.fits
3837/spec-3837-55572-0193.fits
3837/spec-3837-55572-0194.fits
3837/spec-3837-55572-0195.fits
3837/spec-3837-55572-0196.fits
3837/spec-3837-55572-0197.fits
3837/spec-3837-55572-0198.fits
3837/spec-3837-55572-0199.fits
3837/spec-3837-55572-0200.fits
3837/spec-3837-55572-0201.fits
3837/spec-3837-55572-0202.fits
3837/spec-3837-55572-0203.fits
3837/spec-3837-55572-0204.fits
3837/spec-3837-55572-0205.fits
3837/spec-3837-55572-0206.fits
3837/spec-3837-55572-0207.fits
3837/spec-3837-55572-0208.fits
3837/spec-3837-55572-0209.fits
3837/spec-3837-55572-0210.fits
3837/spec-3837-55572-0211.fits
3837/spec-3837-55572-0212.fits
3837/spec-3837-55572-0213.fits
3837/spec-3837-55572-0214.fits
3837/spec-3837-55572-0215.fits
3837/spec-3837-55572-0216.fits
3837/spec-3837-55572-0217.fits
3837/spec-3837-55572-0218.fits
3837/spec-3837-55572-0219.fits
3837/spec-3837-55572-0220.fits
3837/spec-3837-55572-0221.fits
3837/spec-3837-55572-0222.fits
3837/spec-3837-55572-0223.fits
3837/spec-3837-55572-0224.fits
3837/spec-3837-55572-0225.fits
3837/spec-3837-55572-0226.fits
3837/spec-3837-55572-0227.fits
3837/spec-3837-55572-0228.fits
3837/spec-3837-55572-0229.fits
3837/spec-3837-55572-0230.fits
3837/spec-3837-55572-0231.fits
3837/spec-3837-55572-0232.fits
3837/spec-3837-55572-0233.fits
3837/spec-3837-55572-0234.fits
3837/spec-3837-55572-0235.fits
3837/spec-3837-55572-0236.fits
3837/spec-3837-55572-0237.fits
3837/spec-3837-55572-0238.fits
3837/spec-3837-55572-0239.fits
3837/spec-3837-55572-0240.fits
3837/spec-3837-55572-0241.fits
3837/spec-3837-55572-0242.fits
3837/spec-3837-55572-0243.fits
3837/spec-3837-55572-0244.fits
3837/spec-3837-55572-0245.fits
3837/spec-3837-55572-0246.fits
3837/spec-3837-55572-0247.fits
3837/spec-3837-55572-0248.fits
3837/spec-3837-55572-0249.fits
3837/spec-3837-55572-0250.fits
3837/spec-3837-55572-0251.fits
3837/spec-3837-55572-0252.fits
3837/spec-3837-55572-0253.fits
3837/spec-3837-55572-0254.fits
3837/spec-3837-55572-0255.fits
3837/spec-3837-55572-0256.fits
3837/spec-3837-55572-0257.fits
3837/spec-3837-55572-0258.fits
3837/spec-3837-55572-0259.fits
3837/spec-3837-55572-0260.fits
3837/spec-3837-55572-0261.fits
3837/spec-3837-55572-0262.fits
3837/spec-3837-55572-0263.fits
3837/spec-3837-55572-0264.fits
3837/spec-3837-55572-0265.fits
3837/spec-3837-55572-0266.fits
3837/spec-3837-55572-0267.fits
3837/spec-3837-55572-0268.fits
3837/spec-3837-55572-0269.fits
3837/spec-3837-55572-0270.fits
3837/spec-3837-55572-0271.fits
3837/spec-3837-55572-0272.fits
3837/spec-3837-55572-0273.fits
3837/spec-3837-55572-0274.fits
3837/spec-3837-55572-0275.fits
3837/spec-3837-55572-0276.fits
3837/spec-3837-55572-0277.fits
3837/spec-3837-55572-0278.fits
3837/spec-3837-55572-0279.fits
3837/spec-3837-55572-0280.fits
3837/spec-3837-55572-0281.fits
3837/spec-3837-55572-0282.fits
3837/spec-3837-55572-0283.fits
3837/spec-3837-55572-0284.fits
3837/spec-3837-55572-0285.fits
3837/spec-3837-55572-0286.fits
3837/spec-3837-55572-0287.fits
3837/spec-3837-55572-0288.fits
3837/spec-3837-55572-0289.fits
3837/spec-3837-55572-0290.fits
3837/spec-3837-55572-0291.fits
3837/spec-3837-55572-0292.fits
3837/spec-3837-55572-0293.fits
3837/spec-3837-55572-0294.fits
3837/spec-3837-55572-0295.fits
3837/spec-3837-55572-0296.fits
3837/spec-3837-55572-0297.fits
3837/spec-3837-55572-0298.fits
3837/spec-3837-55572-0299.fits
3837/spec-3837-55572-0300.fits
3837/spec-3837-55572-0301.fits
3837/spec-3837-55572-0302.fits
3837/spec-3837-55572-0303.fits
3837/spec-3837-55572-0304.fits
3837/spec-3837-55572-0305.fits
3837/spec-3837-55572-0306.fits
3837/spec-3837-55572-0307.fits
3837/spec-3837-55572-0308.fits
3837/spec-3837-55572-0309.fits
3837/spec-3837-55572-0310.fits
3837/spec-3837-55572-0311.fits
3837/spec-3837-55572-0312.fits
3837/spec-3837-55572-0313.fits
3837/spec-3837-55572-0314.fits
3837/spec-3837-55572-0315.fits
3837/spec-3837-55572-0316.fits
3837/spec-3837-55572-0317.fits
3837/spec-3837-55572-0318.fits
3837/spec-3837-55572-0319.fits
3837/spec-3837-55572-0320.fits
3837/spec-3837-55572-0321.fits
3837/spec-3837-55572-0322.fits
3837/spec-3837-55572-0323.fits
3837/spec-3837-55572-0324.fits
3837/spec-3837-55572-0325.fits
3837/spec-3837-55572-0326.fits
3837/spec-3837-55572-0327.fits
3837/spec-3837-55572-0328.fits
3837/spec-3837-55572-0329.fits
3837/spec-3837-55572-0330.fits
3837/spec-3837-55572-0331.fits
3837/spec-3837-55572-0332.fits
3837/spec-3837-55572-0333.fits
3837/spec-3837-55572-0334.fits
3837/spec-3837-55572-0335.fits
3837/spec-3837-55572-0336.fits
3837/spec-3837-55572-0337.fits
3837/spec-3837-55572-0338.fits
3837/spec-3837-55572-0339.fits
3837/spec-3837-55572-0340.fits
3837/spec-3837-55572-0341.fits
3837/spec-3837-55572-0342.fits
3837/spec-3837-55572-0343.fits
3837/spec-3837-55572-0344.fits
3837/spec-3837-55572-0345.fits
3837/spec-3837-55572-0346.fits
3837/spec-3837-55572-0347.fits
3837/spec-3837-55572-0348.fits
3837/spec-3837-55572-0349.fits
3837/spec-3837-55572-0350.fits
3837/spec-3837-55572-0351.fits
3837/spec-3837-55572-0352.fits
3837/spec-3837-55572-0353.fits
3837/spec-3837-55572-0354.fits
3837/spec-3837-55572-0355.fits
3837/spec-3837-55572-0356.fits
3837/spec-3837-55572-0357.fits
3837/spec-3837-55572-0358.fits
3837/spec-3837-55572-0359.fits
3837/spec-3837-55572-0360.fits
3837/spec-3837-55572-0361.fits
3837/spec-3837-55572-0362.fits
3837/spec-3837-55572-0363.fits
3837/spec-3837-55572-0364.fits
3837/spec-3837-55572-0365.fits
3837/spec-3837-55572-0366.fits
3837/spec-3837-55572-0367.fits
3837/spec-3837-55572-0368.fits
3837/spec-3837-55572-0369.fits
3837/spec-3837-55572-0370.fits
3837/spec-3837-55572-0371.fits
3837/spec-3837-55572-0372.fits
3837/spec-3837-55572-0373.fits
3837/spec-3837-55572-0374.fits
3837/spec-3837-55572-0375.fits
3837/spec-3837-55572-0376.fits
3837/spec-3837-55572-0377.fits
3837/spec-3837-55572-0378.fits
3837/spec-3837-55572-0379.fits
3837/spec-3837-55572-0380.fits
3837/spec-3837-55572-0381.fits
3837/spec-3837-55572-0382.fits
3837/spec-3837-55572-0383.fits
3837/spec-3837-55572-0384.fits
3837/spec-3837-55572-0385.fits
3837/spec-3837-55572-0386.fits
3837/spec-3837-55572-0387.fits
3837/spec-3837-55572-0388.fits
3837/spec-3837-55572-0389.fits
3837/spec-3837-55572-0390.fits
3837/spec-3837-55572-0391.fits
3837/spec-3837-55572-0392.fits
3837/spec-3837-55572-0393.fits
3837/spec-3837-55572-0394.fits
3837/spec-3837-55572-0395.fits
3837/spec-3837-55572-0396.fits
3837/spec-3837-55572-0397.fits
3837/spec-3837-55572-0398.fits
3837/spec-3837-55572-0399.fits
3837/spec-3837-55572-0400.fits
3837/spec-3837-55572-0401.fits
3837/spec-3837-55572-0402.fits
3837/spec-3837-55572-0403.fits
3837/spec-3837-55572-0404.fits
3837/spec-3837-55572-0405.fits
3837/spec-3837-55572-0406.fits
3837/spec-3837-55572-0407.fits
3837/spec-3837-55572-0408.fits
3837/spec-3837-55572-0409.fits
3837/spec-3837-55572-0410.fits
3837/spec-3837-55572-0411.fits
3837/spec-3837-55572-0412.fits
3837/spec-3837-55572-0413.fits
3837/spec-3837-55572-0414.fits
3837/spec-3837-55572-0415.fits
3837/spec-3837-55572-0416.fits
3837/spec-3837-55572-0417.fits
3837/spec-3837-55572-0418.fits
3837/spec-3837-55572-0419.fits
3837/spec-3837-55572-0420.fits
3837/spec-3837-55572-0421.fits
3837/spec-3837-55572-0422.fits
3837/spec-3837-55572-0423.fits
3837/spec-3837-55572-0424.fits
3837/spec-3837-55572-0425.fits
3837/spec-3837-55572-0426.fits
3837/spec-3837-55572-0427.fits
3837/spec-3837-55572-0428.fits
3837/spec-3837-55572-0429.fits
3837/spec-3837-55572-0430.fits
3837/spec-3837-55572-0431.fits
3837/spec-3837-55572-0432.fits
3837/spec-3837-55572-0433.fits
3837/spec-3837-55572-0434.fits
3837/spec-3837-55572-0435.fits
3837/spec-3837-55572-0436.fits
3837/spec-3837-55572-0437.fits
3837/spec-3837-55572-0438.fits
3837/spec-3837-55572-0439.fits
3837/spec-3837-55572-0440.fits
3837/spec-3837-55572-0441.fits
3837/spec-3837-55572-0442.fits
3837/spec-3837-55572-0443.fits
3837/spec-3837-55572-0444.fits
3837/spec-3837-55572-0445.fits
3837/spec-3837-55572-0446.fits
3837/spec-3837-55572-0447.fits
3837/spec-3837-55572-0448.fits
3837/spec-3837-55572-0449.fits
3837/spec-3837-55572-0450.fits
3837/spec-3837-55572-0451.fits
3837/spec-3837-55572-0452.fits
3837/spec-3837-55572-0453.fits
3837/spec-3837-55572-0454.fits
3837/spec-3837-55572-0455.fits
3837/spec-3837-55572-0456.fits
3837/spec-3837-55572-0457.fits
3837/spec-3837-55572-0458.fits
3837/spec-3837-55572-0459.fits
3837/spec-3837-55572-0460.fits
3837/spec-3837-55572-0461.fits
3837/spec-3837-55572-0462.fits
3837/spec-3837-55572-0463.fits
3837/spec-3837-55572-0464.fits
3837/spec-3837-55572-0465.fits
3837/spec-3837-55572-0466.fits
3837/spec-3837-55572-0467.fits
3837/spec-3837-55572-0468.fits
3837/spec-3837-55572-0469.fits
3837/spec-3837-55572-0470.fits
3837/spec-3837-55572-0471.fits
3837/spec-3837-55572-0472.fits
3837/spec-3837-55572-0473.fits
3837/spec-3837-55572-0474.fits
3837/spec-3837-55572-0475.fits
3837/spec-3837-55572-0476.fits
3837/spec-3837-55572-0477.fits
3837/spec-3837-55572-0478.fits
3837/spec-3837-55572-0479.fits
3837/spec-3837-55572-0480.fits
3837/spec-3837-55572-0481.fits
3837/spec-3837-55572-0482.fits
3837/spec-3837-55572-0483.fits
3837/spec-3837-55572-0484.fits
3837/spec-3837-55572-0485.fits
3837/spec-3837-55572-0486.fits
3837/spec-3837-55572-0487.fits
3837/spec-3837-55572-0488.fits
3837/spec-3837-55572-0489.fits
3837/spec-3837-55572-0490.fits
3837/spec-3837-55572-0491.fits
3837/spec-3837-55572-0492.fits
3837/spec-3837-55572-0493.fits
3837/spec-3837-55572-0494.fits
3837/spec-3837-55572-0495.fits
3837/spec-3837-55572-0496.fits
3837/spec-3837-55572-0497.fits
3837/spec-3837-55572-0498.fits
3837/spec-3837-55572-0499.fits
3837/spec-3837-55572-0500.fits
3837/spec-3837-55572-0501.fits
3837/spec-3837-55572-0502.fits
3837/spec-3837-55572-0503.fits
3837/spec-3837-55572-0504.fits
3837/spec-3837-55572-0505.fits
3837/spec-3837-55572-0506.fits
3837/spec-3837-55572-0507.fits
3837/spec-3837-55572-0508.fits
3837/spec-3837-55572-0509.fits
3837/spec-3837-55572-0510.fits
3837/spec-3837-55572-0511.fits
3837/spec-3837-55572-0512.fits
3837/spec-3837-55572-0513.fits
3837/spec-3837-55572-0514.fits
3837/spec-3837-55572-0515.fits
3837/spec-3837-55572-0516.fits
3837/spec-3837-55572-0517.fits
3837/spec-3837-55572-0518.fits
3837/spec-3837-55572-0519.fits
3837/spec-3837-55572-0520.fits
3837/spec-3837-55572-0521.fits
3837/spec-3837-55572-0522.fits
3837/spec-3837-55572-0523.fits
3837/spec-3837-55572-0524.fits
3837/spec-3837-55572-0525.fits
3837/spec-3837-55572-0526.fits
3837/spec-3837-55572-0527.fits
3837/spec-3837-55572-0528.fits
3837/spec-3837-55572-0529.fits
3837/spec-3837-55572-0530.fits
3837/spec-3837-55572-0531.fits
3837/spec-3837-55572-0532.fits
3837/spec-3837-55572-0533.fits
3837/spec-3837-55572-0534.fits
3837/spec-3837-55572-0535.fits
3837/spec-3837-55572-0536.fits
3837/spec-3837-55572-0537.fits
3837/spec-3837-55572-0538.fits
3837/spec-3837-55572-0539.fits
3837/spec-3837-55572-0540.fits
3837/spec-3837-55572-0541.fits
3837/spec-3837-55572-0542.fits
3837/spec-3837-55572-0543.fits
3837/spec-3837-55572-0544.fits
3837/spec-3837-55572-0545.fits
3837/spec-3837-55572-0546.fits
3837/spec-3837-55572-0547.fits
3837/spec-3837-55572-0548.fits
3837/spec-3837-55572-0549.fits
3837/spec-3837-55572-0550.fits
3837/spec-3837-55572-0551.fits
3837/spec-3837-55572-0552.fits
3837/spec-3837-55572-0553.fits
3837/spec-3837-55572-0554.fits
3837/spec-3837-55572-0555.fits
3837/spec-3837-55572-0556.fits
3837/spec-3837-55572-0557.fits
3837/spec-3837-55572-0558.fits
3837/spec-3837-55572-0559.fits
3837/spec-3837-55572-0560.fits
3837/spec-3837-55572-0561.fits
3837/spec-3837-55572-0562.fits
3837/spec-3837-55572-0563.fits
3837/spec-3837-55572-0564.fits
3837/spec-3837-55572-0565.fits
3837/spec-3837-55572-0566.fits
3837/spec-3837-55572-0567.fits
3837/spec-3837-55572-0568.fits
3837/spec-3837-55572-0569.fits
3837/spec-3837-55572-0570.fits
3837/spec-3837-55572-0571.fits
3837/spec-3837-55572-0572.fits
3837/spec-3837-55572-0573.fits
3837/spec-3837-55572-0574.fits
3837/spec-3837-55572-0575.fits
3837/spec-3837-55572-0576.fits
3837/spec-3837-55572-0577.fits
3837/spec-3837-55572-0578.fits
3837/spec-3837-55572-0579.fits
3837/spec-3837-55572-0580.fits
3837/spec-3837-55572-0581.fits
3837/spec-3837-55572-0582.fits
3837/spec-3837-55572-0583.fits
3837/spec-3837-55572-0584.fits
3837/spec-3837-55572-0585.fits
3837/spec-3837-55572-0586.fits
3837/spec-3837-55572-0587.fits
3837/spec-3837-55572-0588.fits
3837/spec-3837-55572-0589.fits
3837/spec-3837-55572-0590.fits
3837/spec-3837-55572-0591.fits
3837/spec-3837-55572-0592.fits
3837/spec-3837-55572-0593.fits
3837/spec-3837-55572-0594.fits
3837/spec-3837-55572-0595.fits
3837/spec-3837-55572-0596.fits
3837/spec-3837-55572-0597.fits
3837/spec-3837-55572-0598.fits
3837/spec-3837-55572-0599.fits
3837/spec-3837-55572-0600.fits
3837/spec-3837-55572-0601.fits
3837/spec-3837-55572-0602.fits
3837/spec-3837-55572-0603.fits
3837/spec-3837-55572-0604.fits
3837/spec-3837-55572-0605.fits
3837/spec-3837-55572-0606.fits
3837/spec-3837-55572-0607.fits
3837/spec-3837-55572-0608.fits
3837/spec-3837-55572-0609.fits
3837/spec-3837-55572-0610.fits
3837/spec-3837-55572-0611.fits
3837/spec-3837-55572-0612.fits
3837/spec-3837-55572-0613.fits
3837/spec-3837-55572-0614.fits
3837/spec-3837-55572-0615.fits
3837/spec-3837-55572-0616.fits
3837/spec-3837-55572-0617.fits
3837/spec-3837-55572-0618.fits
3837/spec-3837-55572-0619.fits
3837/spec-3837-55572-0620.fits
3837/spec-3837-55572-0621.fits
3837/spec-3837-55572-0622.fits
3837/spec-3837-55572-0623.fits
3837/spec-3837-55572-0624.fits
3837/spec-3837-55572-0625.fits
3837/spec-3837-55572-0626.fits
3837/spec-3837-55572-0627.fits
3837/spec-3837-55572-0628.fits
3837/spec-3837-55572-0629.fits
3837/spec-3837-55572-0630.fits
3837/spec-3837-55572-0631.fits
3837/spec-3837-55572-0632.fits
3837/spec-3837-55572-0633.fits
3837/spec-3837-55572-0634.fits
3837/spec-3837-55572-0635.fits
3837/spec-3837-55572-0636.fits
3837/spec-3837-55572-0637.fits
3837/spec-3837-55572-0638.fits
3837/spec-3837-55572-0639.fits
3837/spec-3837-55572-0640.fits
3837/spec-3837-55572-0641.fits
3837/spec-3837-55572-0642.fits
3837/spec-3837-55572-0643.fits
3837/spec-3837-55572-0644.fits
3837/spec-3837-55572-0645.fits
3837/spec-3837-55572-0646.fits
3837/spec-3837-55572-0647.fits
3837/spec-3837-55572-0648.fits
3837/spec-3837-55572-0649.fits
3837/spec-3837-55572-0650.fits
3837/spec-3837-55572-0651.fits
3837/spec-3837-55572-0652.fits
3837/spec-3837-55572-0653.fits
3837/spec-3837-55572-0654.fits
3837/spec-3837-55572-0655.fits
3837/spec-3837-55572-0656.fits
3837/spec-3837-55572-0657.fits
3837/spec-3837-55572-0658.fits
3837/spec-3837-55572-0659.fits
3837/spec-3837-55572-0660.fits
3837/spec-3837-55572-0661.fits
3837/spec-3837-55572-0662.fits
3837/spec-3837-55572-0663.fits
3837/spec-3837-55572-0664.fits
3837/spec-3837-55572-0665.fits
3837/spec-3837-55572-0666.fits
3837/spec-3837-55572-0667.fits
3837/spec-3837-55572-0668.fits
3837/spec-3837-55572-0669.fits
3837/spec-3837-55572-0670.fits
3837/spec-3837-55572-0671.fits
3837/spec-3837-55572-0672.fits
3837/spec-3837-55572-0673.fits
3837/spec-3837-55572-0674.fits
3837/spec-3837-55572-0675.fits
3837/spec-3837-55572-0676.fits
3837/spec-3837-55572-0677.fits
3837/spec-3837-55572-0678.fits
3837/spec-3837-55572-0679.fits
3837/spec-3837-55572-0680.fits
3837/spec-3837-55572-0681.fits
3837/spec-3837-55572-0682.fits
3837/spec-3837-55572-0683.fits
3837/spec-3837-55572-0684.fits
3837/spec-3837-55572-0685.fits
3837/spec-3837-55572-0686.fits
3837/spec-3837-55572-0687.fits
3837/spec-3837-55572-0688.fits
3837/spec-3837-55572-0689.fits
3837/spec-3837-55572-0690.fits
3837/spec-3837-55572-0691.fits
3837/spec-3837-55572-0692.fits
3837/spec-3837-55572-0693.fits
3837/spec-3837-55572-0694.fits
3837/spec-3837-55572-0695.fits
3837/spec-3837-55572-0696.fits
3837/spec-3837-55572-0697.fits
3837/spec-3837-55572-0698.fits
3837/spec-3837-55572-0699.fits
3837/spec-3837-55572-0700.fits
3837/spec-3837-55572-0701.fits
3837/spec-3837-55572-0702.fits
3837/spec-3837-55572-0703.fits
3837/spec-3837-55572-0704.fits
3837/spec-3837-55572-0705.fits
3837/spec-3837-55572-0706.fits
3837/spec-3837-55572-0707.fits
3837/spec-3837-55572-0708.fits
3837/spec-3837-55572-0709.fits
3837/spec-3837-55572-0710.fits
3837/spec-3837-55572-0711.fits
3837/spec-3837-55572-0712.fits
3837/spec-3837-55572-0713.fits
3837/spec-3837-55572-0714.fits
3837/spec-3837-55572-0715.fits
3837/spec-3837-55572-0716.fits
3837/spec-3837-55572-0717.fits
3837/spec-3837-55572-0718.fits
3837/spec-3837-55572-0719.fits
3837/spec-3837-55572-0720.fits
3837/spec-3837-55572-0721.fits
3837/spec-3837-55572-0722.fits
3837/spec-3837-55572-0723.fits
3837/spec-3837-55572-0724.fits
3837/spec-3837-55572-0725.fits
3837/spec-3837-55572-0726.fits
3837/spec-3837-55572-0727.fits
3837/spec-3837-55572-0728.fits
3837/spec-3837-55572-0729.fits
3837/spec-3837-55572-0730.fits
3837/spec-3837-55572-0731.fits
3837/spec-3837-55572-0732.fits
3837/spec-3837-55572-0733.fits
3837/spec-3837-55572-0734.fits
3837/spec-3837-55572-0735.fits
3837/spec-3837-55572-0736.fits
3837/spec-3837-55572-0737.fits
3837/spec-3837-55572-0738.fits
3837/spec-3837-55572-0739.fits
3837/spec-3837-55572-0740.fits
3837/spec-3837-55572-0741.fits
3837/spec-3837-55572-0742.fits
3837/spec-3837-55572-0743.fits
3837/spec-3837-55572-0744.fits
3837/spec-3837-55572-0745.fits
3837/spec-3837-55572-0746.fits
3837/spec-3837-55572-0747.fits
3837/spec-3837-55572-0748.fits
3837/spec-3837-55572-0749.fits
3837/spec-3837-55572-0750.fits
3837/spec-3837-55572-0751.fits
3837/spec-3837-55572-0752.fits
3837/spec-3837-55572-0753.fits
3837/spec-3837-55572-0754.fits
3837/spec-3837-55572-0755.fits
3837/spec-3837-55572-0756.fits
3837/spec-3837-55572-0757.fits
3837/spec-3837-55572-0758.fits
3837/spec-3837-55572-0759.fits
3837/spec-3837-55572-0760.fits
3837/spec-3837-55572-0761.fits
3837/spec-3837-55572-0762.fits
3837/spec-3837-55572-0763.fits
3837/spec-3837-55572-0764.fits
3837/spec-3837-55572-0765.fits
3837/spec-3837-55572-0766.fits
3837/spec-3837-55572-0767.fits
3837/spec-3837-55572-0768.fits
3837/spec-3837-55572-0769.fits
3837/spec-3837-55572-0770.fits
3837/spec-3837-55572-0771.fits
3837/spec-3837-55572-0772.fits
3837/spec-3837-55572-0773.fits
3837/spec-3837-55572-0774.fits
3837/spec-3837-55572-0775.fits
3837/spec-3837-55572-0776.fits
3837/spec-3837-55572-0777.fits
3837/spec-3837-55572-0778.fits
3837/spec-3837-55572-0779.fits
3837/spec-3837-55572-0780.fits
3837/spec-3837-55572-0781.fits
3837/spec-3837-55572-0782.fits
3837/spec-3837-55572-0783.fits
3837/spec-3837-55572-0784.fits
3837/spec-3837-55572-0785.fits
3837/spec-3837-55572-0786.fits
3837/spec-3837-55572-0787.fits
3837/spec-3837-55572-0788.fits
3837/spec-3837-55572-0789.fits
3837/spec-3837-55572-0790.fits
3837/spec-3837-55572-0791.fits
3837/spec-3837-55572-0792.fits
3837/spec-3837-55572-0793.fits
3837/spec-3837-55572-0794.fits
3837/spec-3837-55572-0795.fits
3837/spec-3837-55572-0796.fits
3837/spec-3837-55572-0797.fits
3837/spec-3837-55572-0798.fits
3837/spec-3837-55572-0799.fits
3837/spec-3837-55572-0800.fits
3837/spec-3837-55572-0801.fits
3837/spec-3837-55572-0802.fits
3837/spec-3837-55572-0803.fits
3837/spec-3837-55572-0804.fits
3837/spec-3837-55572-0805.fits
3837/spec-3837-55572-0806.fits
3837/spec-3837-55572-0807.fits
3837/spec-3837-55572-0808.fits
3837/spec-3837-55572-0809.fits
3837/spec-3837-55572-0810.fits
3837/spec-3837-55572-0811.fits
3837/spec-3837-55572-0812.fits
3837/spec-3837-55572-0813.fits
3837/spec-3837-55572-0814.fits
3837/spec-3837-55572-0815.fits
3837/spec-3837-55572-0816.fits
3837/spec-3837-55572-0817.fits
3837/spec-3837-55572-0818.fits
3837/spec-3837-55572-0819.fits
3837/spec-3837-55572-0820.fits
3837/spec-3837-55572-0821.fits
3837/spec-3837-55572-0822.fits
3837/spec-3837-55572-0823.fits
3837/spec-3837-55572-0824.fits
3837/spec-3837-55572-0825.fits
3837/spec-3837-55572-0826.fits
3837/spec-3837-55572-0827.fits
3837/spec-3837-55572-0828.fits
3837/spec-3837-55572-0829.fits
3837/spec-3837-55572-0830.fits
3837/spec-3837-55572-0831.fits
3837/spec-3837-55572-0832.fits
3837/spec-3837-55572-0833.fits
3837/spec-3837-55572-0834.fits
3837/spec-3837-55572-0835.fits
3837/spec-3837-55572-0836.fits
3837/spec-3837-55572-0837.fits
3837/spec-3837-55572-0838.fits
3837/spec-3837-55572-0839.fits
3837/spec-3837-55572-0840.fits
3837/spec-3837-55572-0841.fits
3837/spec-3837-55572-0842.fits
3837/spec-3837-55572-0843.fits
3837/spec-3837-55572-0844.fits
3837/spec-3837-55572-0845.fits
3837/spec-3837-55572-0846.fits
3837/spec-3837-55572-0847.fits
3837/spec-3837-55572-0848.fits
3837/spec-3837-55572-0849.fits
3837/spec-3837-55572-0850.fits
3837/spec-3837-55572-0851.fits
3837/spec-3837-55572-0852.fits
3837/spec-3837-55572-0853.fits
3837/spec-3837-55572-0854.fits
3837/spec-3837-55572-0855.fits
3837/spec-3837-55572-0856.fits
3837/spec-3837-55572-0857.fits
3837/spec-3837-55572-0858.fits
3837/spec-3837-55572-0859.fits
3837/spec-3837-55572-0860.fits
3837/spec-3837-55572-0861.fits
3837/spec-3837-55572-0862.fits
3837/spec-3837-55572-0863.fits
3837/spec-3837-55572-0864.fits
3837/spec-3837-55572-0865.fits
3837/spec-3837-55572-0866.fits
3837/spec-3837-55572-0867.fits
3837/spec-3837-55572-0868.fits
3837/spec-3837-55572-0869.fits
3837/spec-3837-55572-0870.fits
3837/spec-3837-55572-0871.fits
3837/spec-3837-55572-0872.fits
3837/spec-3837-55572-0873.fits
3837/spec-3837-55572-0874.fits
3837/spec-3837-55572-0875.fits
3837/spec-3837-55572-0876.fits
3837/spec-3837-55572-0877.fits
3837/spec-3837-55572-0878.fits
3837/spec-3837-55572-0879.fits
3837/spec-3837-55572-0880.fits
3837/spec-3837-55572-0881.fits
3837/spec-3837-55572-0882.fits
3837/spec-3837-55572-0883.fits
3837/spec-3837-55572-0884.fits
3837/spec-3837-55572-0885.fits
3837/spec-3837-55572-0886.fits
3837/spec-3837-55572-0887.fits
3837/spec-3837-55572-0888.fits
3837/spec-3837-55572-0889.fits
3837/spec-3837-55572-0890.fits
3837/spec-3837-55572-0891.fits
3837/spec-3837-55572-0892.fits
3837/spec-3837-55572-0893.fits
3837/spec-3837-55572-0894.fits
3837/spec-3837-55572-0895.fits
3837/spec-3837-55572-0896.fits
3837/spec-3837-55572-0897.fits
3837/spec-3837-55572-0898.fits
3837/spec-3837-55572-0899.fits
3837/spec-3837-55572-0900.fits
3837/spec-3837-55572-0901.fits
3837/spec-3837-55572-0902.fits
3837/spec-3837-55572-0903.fits
3837/spec-3837-55572-0904.fits
3837/spec-3837-55572-0905.fits
3837/spec-3837-55572-0906.fits
3837/spec-3837-55572-0907.fits
3837/spec-3837-55572-0908.fits
3837/spec-3837-55572-0909.fits
3837/spec-3837-55572-0910.fits
3837/spec-3837-55572-0911.fits
3837/spec-3837-55572-0912.fits
3837/spec-3837-55572-0913.fits
3837/spec-3837-55572-0914.fits
3837/spec-3837-55572-0915.fits
3837/spec-3837-55572-0916.fits
3837/spec-3837-55572-0917.fits
3837/spec-3837-55572-0918.fits
3837/spec-3837-55572-0919.fits
3837/spec-3837-55572-0920.fits
3837/spec-3837-55572-0921.fits
3837/spec-3837-55572-0922.fits
3837/spec-3837-55572-0923.fits
3837/spec-3837-55572-0924.fits
3837/spec-3837-55572-0925.fits
3837/spec-3837-55572-0926.fits
3837/spec-3837-55572-0927.fits
3837/spec-3837-55572-0928.fits
3837/spec-3837-55572-0929.fits
3837/spec-3837-55572-0930.fits
3837/spec-3837-55572-0931.fits
3837/spec-3837-55572-0932.fits
3837/spec-3837-55572-0933.fits
3837/spec-3837-55572-0934.fits
3837/spec-3837-55572-0935.fits
3837/spec-3837-55572-0936.fits
3837/spec-3837-55572-0937.fits
3837/spec-3837-55572-0938.fits
3837/spec-3837-55572-0939.fits
3837/spec-3837-55572-0940.fits
3837/spec-3837-55572-0941.fits
3837/spec-3837-55572-0942.fits
3837/spec-3837-55572-0943.fits
3837/spec-3837-55572-0944.fits
3837/spec-3837-55572-0945.fits
3837/spec-3837-55572-0946.fits
3837/spec-3837-55572-0947.fits
3837/spec-3837-55572-0948.fits
3837/spec-3837-55572-0949.fits
3837/spec-3837-55572-0950.fits
3837/spec-3837-55572-0951.fits
3837/spec-3837-55572-0952.fits
3837/spec-3837-55572-0953.fits
3837/spec-3837-55572-0954.fits
3837/spec-3837-55572-0955.fits
3837/spec-3837-55572-0956.fits
3837/spec-3837-55572-0957.fits
3837/spec-3837-55572-0958.fits
3837/spec-3837-55572-0959.fits
3837/spec-3837-55572-0960.fits
3837/spec-3837-55572-0961.fits
3837/spec-3837-55572-0962.fits
3837/spec-3837-55572-0963.fits
3837/spec-3837-55572-0964.fits
3837/spec-3837-55572-0965.fits
3837/spec-3837-55572-0966.fits
3837/spec-3837-55572-0967.fits
3837/spec-3837-55572-0968.fits
3837/spec-3837-55572-0969.fits
3837/spec-3837-55572-0970.fits
3837/spec-3837-55572-0971.fits
3837/spec-3837-55572-0972.fits
3837/spec-3837-55572-0973.fits
3837/spec-3837-55572-0974.fits
3837/spec-3837-55572-0975.fits
3837/spec-3837-55572-0976.fits
3837/spec-3837-55572-0977.fits
3837/spec-3837-55572-0978.fits
3837/spec-3837-55572-0979.fits
3837/spec-3837-55572-0980.fits
3837/spec-3837-55572-0981.fits
3837/spec-3837-55572-0982.fits
3837/spec-3837-55572-0983.fits
3837/spec-3837-55572-0984.fits
3837/spec-3837-55572-0985.fits
3837/spec-3837-55572-0986.fits
3837/spec-3837-55572-0987.fits
3837/spec-3837-55572-0988.fits
3837/spec-3837-55572-0989.fits
3837/spec-3837-55572-0990.fits
3837/spec-3837-55572-0991.fits
3837/spec-3837-55572-0992.fits
3837/spec-3837-55572-0993.fits
3837/spec-3837-55572-0994.fits
3837/spec-3837-55572-0995.fits
3837/spec-3837-55572-0996.fits
3837/spec-3837-55572-0997.fits
3837/spec-3837-55572-0998.fits
3837/spec-3837-55572-0999.fits
3837/spec-3837-55572-1000.fits
/var/lib/condor/execute/slot1/dir_39799
3837 3837.tgz R R361.tar.gz _condor_stderr _condor_stdout cB58_Lyman_break.fit condor_exec.exe hw4.R packages packages.tar.gz tmp var
[1] "Loaded package astro."
[1] 1000
3837 3837.csv 3837.tgz R R361.tar.gz _condor_stderr _condor_stdout cB58_Lyman_break.fit condor_exec.exe hw4.R packages packages.tar.gz tmp var
