5495
5495/
5495/spec-5495-55896-0001.fits
5495/spec-5495-55896-0002.fits
5495/spec-5495-55896-0003.fits
5495/spec-5495-55896-0004.fits
5495/spec-5495-55896-0005.fits
5495/spec-5495-55896-0006.fits
5495/spec-5495-55896-0007.fits
5495/spec-5495-55896-0008.fits
5495/spec-5495-55896-0009.fits
5495/spec-5495-55896-0010.fits
5495/spec-5495-55896-0011.fits
5495/spec-5495-55896-0012.fits
5495/spec-5495-55896-0013.fits
5495/spec-5495-55896-0014.fits
5495/spec-5495-55896-0015.fits
5495/spec-5495-55896-0016.fits
5495/spec-5495-55896-0017.fits
5495/spec-5495-55896-0018.fits
5495/spec-5495-55896-0019.fits
5495/spec-5495-55896-0020.fits
5495/spec-5495-55896-0021.fits
5495/spec-5495-55896-0022.fits
5495/spec-5495-55896-0023.fits
5495/spec-5495-55896-0024.fits
5495/spec-5495-55896-0025.fits
5495/spec-5495-55896-0026.fits
5495/spec-5495-55896-0027.fits
5495/spec-5495-55896-0028.fits
5495/spec-5495-55896-0029.fits
5495/spec-5495-55896-0030.fits
5495/spec-5495-55896-0031.fits
5495/spec-5495-55896-0032.fits
5495/spec-5495-55896-0033.fits
5495/spec-5495-55896-0034.fits
5495/spec-5495-55896-0035.fits
5495/spec-5495-55896-0036.fits
5495/spec-5495-55896-0037.fits
5495/spec-5495-55896-0038.fits
5495/spec-5495-55896-0039.fits
5495/spec-5495-55896-0040.fits
5495/spec-5495-55896-0041.fits
5495/spec-5495-55896-0042.fits
5495/spec-5495-55896-0043.fits
5495/spec-5495-55896-0044.fits
5495/spec-5495-55896-0045.fits
5495/spec-5495-55896-0046.fits
5495/spec-5495-55896-0047.fits
5495/spec-5495-55896-0048.fits
5495/spec-5495-55896-0049.fits
5495/spec-5495-55896-0050.fits
5495/spec-5495-55896-0051.fits
5495/spec-5495-55896-0052.fits
5495/spec-5495-55896-0053.fits
5495/spec-5495-55896-0054.fits
5495/spec-5495-55896-0055.fits
5495/spec-5495-55896-0056.fits
5495/spec-5495-55896-0057.fits
5495/spec-5495-55896-0058.fits
5495/spec-5495-55896-0059.fits
5495/spec-5495-55896-0060.fits
5495/spec-5495-55896-0061.fits
5495/spec-5495-55896-0062.fits
5495/spec-5495-55896-0063.fits
5495/spec-5495-55896-0064.fits
5495/spec-5495-55896-0065.fits
5495/spec-5495-55896-0066.fits
5495/spec-5495-55896-0067.fits
5495/spec-5495-55896-0068.fits
5495/spec-5495-55896-0069.fits
5495/spec-5495-55896-0070.fits
5495/spec-5495-55896-0071.fits
5495/spec-5495-55896-0072.fits
5495/spec-5495-55896-0073.fits
5495/spec-5495-55896-0074.fits
5495/spec-5495-55896-0075.fits
5495/spec-5495-55896-0076.fits
5495/spec-5495-55896-0077.fits
5495/spec-5495-55896-0078.fits
5495/spec-5495-55896-0079.fits
5495/spec-5495-55896-0080.fits
5495/spec-5495-55896-0081.fits
5495/spec-5495-55896-0082.fits
5495/spec-5495-55896-0083.fits
5495/spec-5495-55896-0084.fits
5495/spec-5495-55896-0085.fits
5495/spec-5495-55896-0086.fits
5495/spec-5495-55896-0087.fits
5495/spec-5495-55896-0088.fits
5495/spec-5495-55896-0089.fits
5495/spec-5495-55896-0090.fits
5495/spec-5495-55896-0091.fits
5495/spec-5495-55896-0092.fits
5495/spec-5495-55896-0093.fits
5495/spec-5495-55896-0094.fits
5495/spec-5495-55896-0095.fits
5495/spec-5495-55896-0096.fits
5495/spec-5495-55896-0097.fits
5495/spec-5495-55896-0098.fits
5495/spec-5495-55896-0099.fits
5495/spec-5495-55896-0100.fits
5495/spec-5495-55896-0101.fits
5495/spec-5495-55896-0102.fits
5495/spec-5495-55896-0103.fits
5495/spec-5495-55896-0104.fits
5495/spec-5495-55896-0105.fits
5495/spec-5495-55896-0106.fits
5495/spec-5495-55896-0107.fits
5495/spec-5495-55896-0108.fits
5495/spec-5495-55896-0109.fits
5495/spec-5495-55896-0110.fits
5495/spec-5495-55896-0111.fits
5495/spec-5495-55896-0112.fits
5495/spec-5495-55896-0113.fits
5495/spec-5495-55896-0114.fits
5495/spec-5495-55896-0115.fits
5495/spec-5495-55896-0116.fits
5495/spec-5495-55896-0117.fits
5495/spec-5495-55896-0118.fits
5495/spec-5495-55896-0119.fits
5495/spec-5495-55896-0120.fits
5495/spec-5495-55896-0121.fits
5495/spec-5495-55896-0122.fits
5495/spec-5495-55896-0123.fits
5495/spec-5495-55896-0124.fits
5495/spec-5495-55896-0125.fits
5495/spec-5495-55896-0126.fits
5495/spec-5495-55896-0127.fits
5495/spec-5495-55896-0128.fits
5495/spec-5495-55896-0129.fits
5495/spec-5495-55896-0130.fits
5495/spec-5495-55896-0131.fits
5495/spec-5495-55896-0132.fits
5495/spec-5495-55896-0133.fits
5495/spec-5495-55896-0134.fits
5495/spec-5495-55896-0135.fits
5495/spec-5495-55896-0136.fits
5495/spec-5495-55896-0137.fits
5495/spec-5495-55896-0138.fits
5495/spec-5495-55896-0139.fits
5495/spec-5495-55896-0140.fits
5495/spec-5495-55896-0141.fits
5495/spec-5495-55896-0142.fits
5495/spec-5495-55896-0143.fits
5495/spec-5495-55896-0144.fits
5495/spec-5495-55896-0145.fits
5495/spec-5495-55896-0146.fits
5495/spec-5495-55896-0147.fits
5495/spec-5495-55896-0148.fits
5495/spec-5495-55896-0149.fits
5495/spec-5495-55896-0150.fits
5495/spec-5495-55896-0151.fits
5495/spec-5495-55896-0152.fits
5495/spec-5495-55896-0153.fits
5495/spec-5495-55896-0154.fits
5495/spec-5495-55896-0155.fits
5495/spec-5495-55896-0156.fits
5495/spec-5495-55896-0157.fits
5495/spec-5495-55896-0158.fits
5495/spec-5495-55896-0159.fits
5495/spec-5495-55896-0160.fits
5495/spec-5495-55896-0161.fits
5495/spec-5495-55896-0162.fits
5495/spec-5495-55896-0163.fits
5495/spec-5495-55896-0164.fits
5495/spec-5495-55896-0165.fits
5495/spec-5495-55896-0166.fits
5495/spec-5495-55896-0167.fits
5495/spec-5495-55896-0168.fits
5495/spec-5495-55896-0169.fits
5495/spec-5495-55896-0170.fits
5495/spec-5495-55896-0171.fits
5495/spec-5495-55896-0172.fits
5495/spec-5495-55896-0173.fits
5495/spec-5495-55896-0174.fits
5495/spec-5495-55896-0175.fits
5495/spec-5495-55896-0176.fits
5495/spec-5495-55896-0177.fits
5495/spec-5495-55896-0178.fits
5495/spec-5495-55896-0179.fits
5495/spec-5495-55896-0180.fits
5495/spec-5495-55896-0181.fits
5495/spec-5495-55896-0182.fits
5495/spec-5495-55896-0183.fits
5495/spec-5495-55896-0184.fits
5495/spec-5495-55896-0185.fits
5495/spec-5495-55896-0186.fits
5495/spec-5495-55896-0187.fits
5495/spec-5495-55896-0188.fits
5495/spec-5495-55896-0189.fits
5495/spec-5495-55896-0190.fits
5495/spec-5495-55896-0191.fits
5495/spec-5495-55896-0192.fits
5495/spec-5495-55896-0193.fits
5495/spec-5495-55896-0194.fits
5495/spec-5495-55896-0195.fits
5495/spec-5495-55896-0196.fits
5495/spec-5495-55896-0197.fits
5495/spec-5495-55896-0198.fits
5495/spec-5495-55896-0199.fits
5495/spec-5495-55896-0200.fits
5495/spec-5495-55896-0201.fits
5495/spec-5495-55896-0202.fits
5495/spec-5495-55896-0203.fits
5495/spec-5495-55896-0204.fits
5495/spec-5495-55896-0205.fits
5495/spec-5495-55896-0206.fits
5495/spec-5495-55896-0207.fits
5495/spec-5495-55896-0208.fits
5495/spec-5495-55896-0209.fits
5495/spec-5495-55896-0210.fits
5495/spec-5495-55896-0211.fits
5495/spec-5495-55896-0212.fits
5495/spec-5495-55896-0213.fits
5495/spec-5495-55896-0214.fits
5495/spec-5495-55896-0215.fits
5495/spec-5495-55896-0216.fits
5495/spec-5495-55896-0217.fits
5495/spec-5495-55896-0218.fits
5495/spec-5495-55896-0219.fits
5495/spec-5495-55896-0220.fits
5495/spec-5495-55896-0221.fits
5495/spec-5495-55896-0222.fits
5495/spec-5495-55896-0223.fits
5495/spec-5495-55896-0224.fits
5495/spec-5495-55896-0225.fits
5495/spec-5495-55896-0226.fits
5495/spec-5495-55896-0227.fits
5495/spec-5495-55896-0228.fits
5495/spec-5495-55896-0229.fits
5495/spec-5495-55896-0230.fits
5495/spec-5495-55896-0231.fits
5495/spec-5495-55896-0232.fits
5495/spec-5495-55896-0233.fits
5495/spec-5495-55896-0234.fits
5495/spec-5495-55896-0235.fits
5495/spec-5495-55896-0236.fits
5495/spec-5495-55896-0237.fits
5495/spec-5495-55896-0238.fits
5495/spec-5495-55896-0239.fits
5495/spec-5495-55896-0240.fits
5495/spec-5495-55896-0241.fits
5495/spec-5495-55896-0242.fits
5495/spec-5495-55896-0243.fits
5495/spec-5495-55896-0244.fits
5495/spec-5495-55896-0245.fits
5495/spec-5495-55896-0246.fits
5495/spec-5495-55896-0247.fits
5495/spec-5495-55896-0248.fits
5495/spec-5495-55896-0249.fits
5495/spec-5495-55896-0250.fits
5495/spec-5495-55896-0251.fits
5495/spec-5495-55896-0252.fits
5495/spec-5495-55896-0253.fits
5495/spec-5495-55896-0254.fits
5495/spec-5495-55896-0255.fits
5495/spec-5495-55896-0256.fits
5495/spec-5495-55896-0257.fits
5495/spec-5495-55896-0258.fits
5495/spec-5495-55896-0259.fits
5495/spec-5495-55896-0260.fits
5495/spec-5495-55896-0261.fits
5495/spec-5495-55896-0262.fits
5495/spec-5495-55896-0263.fits
5495/spec-5495-55896-0264.fits
5495/spec-5495-55896-0265.fits
5495/spec-5495-55896-0266.fits
5495/spec-5495-55896-0267.fits
5495/spec-5495-55896-0268.fits
5495/spec-5495-55896-0269.fits
5495/spec-5495-55896-0270.fits
5495/spec-5495-55896-0271.fits
5495/spec-5495-55896-0272.fits
5495/spec-5495-55896-0273.fits
5495/spec-5495-55896-0274.fits
5495/spec-5495-55896-0275.fits
5495/spec-5495-55896-0276.fits
5495/spec-5495-55896-0277.fits
5495/spec-5495-55896-0278.fits
5495/spec-5495-55896-0279.fits
5495/spec-5495-55896-0280.fits
5495/spec-5495-55896-0281.fits
5495/spec-5495-55896-0282.fits
5495/spec-5495-55896-0283.fits
5495/spec-5495-55896-0284.fits
5495/spec-5495-55896-0285.fits
5495/spec-5495-55896-0286.fits
5495/spec-5495-55896-0287.fits
5495/spec-5495-55896-0288.fits
5495/spec-5495-55896-0289.fits
5495/spec-5495-55896-0290.fits
5495/spec-5495-55896-0291.fits
5495/spec-5495-55896-0292.fits
5495/spec-5495-55896-0293.fits
5495/spec-5495-55896-0294.fits
5495/spec-5495-55896-0295.fits
5495/spec-5495-55896-0296.fits
5495/spec-5495-55896-0297.fits
5495/spec-5495-55896-0298.fits
5495/spec-5495-55896-0299.fits
5495/spec-5495-55896-0300.fits
5495/spec-5495-55896-0301.fits
5495/spec-5495-55896-0302.fits
5495/spec-5495-55896-0303.fits
5495/spec-5495-55896-0304.fits
5495/spec-5495-55896-0305.fits
5495/spec-5495-55896-0306.fits
5495/spec-5495-55896-0307.fits
5495/spec-5495-55896-0308.fits
5495/spec-5495-55896-0309.fits
5495/spec-5495-55896-0310.fits
5495/spec-5495-55896-0311.fits
5495/spec-5495-55896-0312.fits
5495/spec-5495-55896-0313.fits
5495/spec-5495-55896-0314.fits
5495/spec-5495-55896-0315.fits
5495/spec-5495-55896-0316.fits
5495/spec-5495-55896-0317.fits
5495/spec-5495-55896-0318.fits
5495/spec-5495-55896-0319.fits
5495/spec-5495-55896-0320.fits
5495/spec-5495-55896-0321.fits
5495/spec-5495-55896-0322.fits
5495/spec-5495-55896-0323.fits
5495/spec-5495-55896-0324.fits
5495/spec-5495-55896-0325.fits
5495/spec-5495-55896-0326.fits
5495/spec-5495-55896-0327.fits
5495/spec-5495-55896-0328.fits
5495/spec-5495-55896-0329.fits
5495/spec-5495-55896-0330.fits
5495/spec-5495-55896-0331.fits
5495/spec-5495-55896-0332.fits
5495/spec-5495-55896-0333.fits
5495/spec-5495-55896-0334.fits
5495/spec-5495-55896-0335.fits
5495/spec-5495-55896-0336.fits
5495/spec-5495-55896-0337.fits
5495/spec-5495-55896-0338.fits
5495/spec-5495-55896-0339.fits
5495/spec-5495-55896-0340.fits
5495/spec-5495-55896-0341.fits
5495/spec-5495-55896-0342.fits
5495/spec-5495-55896-0343.fits
5495/spec-5495-55896-0344.fits
5495/spec-5495-55896-0345.fits
5495/spec-5495-55896-0346.fits
5495/spec-5495-55896-0347.fits
5495/spec-5495-55896-0348.fits
5495/spec-5495-55896-0349.fits
5495/spec-5495-55896-0350.fits
5495/spec-5495-55896-0351.fits
5495/spec-5495-55896-0352.fits
5495/spec-5495-55896-0353.fits
5495/spec-5495-55896-0354.fits
5495/spec-5495-55896-0355.fits
5495/spec-5495-55896-0356.fits
5495/spec-5495-55896-0357.fits
5495/spec-5495-55896-0358.fits
5495/spec-5495-55896-0359.fits
5495/spec-5495-55896-0360.fits
5495/spec-5495-55896-0361.fits
5495/spec-5495-55896-0362.fits
5495/spec-5495-55896-0363.fits
5495/spec-5495-55896-0364.fits
5495/spec-5495-55896-0365.fits
5495/spec-5495-55896-0366.fits
5495/spec-5495-55896-0367.fits
5495/spec-5495-55896-0368.fits
5495/spec-5495-55896-0369.fits
5495/spec-5495-55896-0370.fits
5495/spec-5495-55896-0371.fits
5495/spec-5495-55896-0372.fits
5495/spec-5495-55896-0373.fits
5495/spec-5495-55896-0374.fits
5495/spec-5495-55896-0375.fits
5495/spec-5495-55896-0376.fits
5495/spec-5495-55896-0377.fits
5495/spec-5495-55896-0378.fits
5495/spec-5495-55896-0379.fits
5495/spec-5495-55896-0380.fits
5495/spec-5495-55896-0381.fits
5495/spec-5495-55896-0382.fits
5495/spec-5495-55896-0383.fits
5495/spec-5495-55896-0384.fits
5495/spec-5495-55896-0385.fits
5495/spec-5495-55896-0386.fits
5495/spec-5495-55896-0387.fits
5495/spec-5495-55896-0388.fits
5495/spec-5495-55896-0389.fits
5495/spec-5495-55896-0390.fits
5495/spec-5495-55896-0391.fits
5495/spec-5495-55896-0392.fits
5495/spec-5495-55896-0393.fits
5495/spec-5495-55896-0394.fits
5495/spec-5495-55896-0395.fits
5495/spec-5495-55896-0396.fits
5495/spec-5495-55896-0397.fits
5495/spec-5495-55896-0398.fits
5495/spec-5495-55896-0399.fits
5495/spec-5495-55896-0400.fits
5495/spec-5495-55896-0401.fits
5495/spec-5495-55896-0402.fits
5495/spec-5495-55896-0403.fits
5495/spec-5495-55896-0404.fits
5495/spec-5495-55896-0405.fits
5495/spec-5495-55896-0406.fits
5495/spec-5495-55896-0407.fits
5495/spec-5495-55896-0408.fits
5495/spec-5495-55896-0409.fits
5495/spec-5495-55896-0410.fits
5495/spec-5495-55896-0411.fits
5495/spec-5495-55896-0412.fits
5495/spec-5495-55896-0413.fits
5495/spec-5495-55896-0414.fits
5495/spec-5495-55896-0415.fits
5495/spec-5495-55896-0416.fits
5495/spec-5495-55896-0417.fits
5495/spec-5495-55896-0418.fits
5495/spec-5495-55896-0419.fits
5495/spec-5495-55896-0420.fits
5495/spec-5495-55896-0421.fits
5495/spec-5495-55896-0422.fits
5495/spec-5495-55896-0423.fits
5495/spec-5495-55896-0424.fits
5495/spec-5495-55896-0425.fits
5495/spec-5495-55896-0426.fits
5495/spec-5495-55896-0427.fits
5495/spec-5495-55896-0428.fits
5495/spec-5495-55896-0429.fits
5495/spec-5495-55896-0430.fits
5495/spec-5495-55896-0431.fits
5495/spec-5495-55896-0432.fits
5495/spec-5495-55896-0433.fits
5495/spec-5495-55896-0434.fits
5495/spec-5495-55896-0435.fits
5495/spec-5495-55896-0436.fits
5495/spec-5495-55896-0437.fits
5495/spec-5495-55896-0438.fits
5495/spec-5495-55896-0439.fits
5495/spec-5495-55896-0440.fits
5495/spec-5495-55896-0441.fits
5495/spec-5495-55896-0442.fits
5495/spec-5495-55896-0443.fits
5495/spec-5495-55896-0444.fits
5495/spec-5495-55896-0445.fits
5495/spec-5495-55896-0446.fits
5495/spec-5495-55896-0447.fits
5495/spec-5495-55896-0448.fits
5495/spec-5495-55896-0449.fits
5495/spec-5495-55896-0450.fits
5495/spec-5495-55896-0451.fits
5495/spec-5495-55896-0452.fits
5495/spec-5495-55896-0453.fits
5495/spec-5495-55896-0454.fits
5495/spec-5495-55896-0455.fits
5495/spec-5495-55896-0456.fits
5495/spec-5495-55896-0457.fits
5495/spec-5495-55896-0458.fits
5495/spec-5495-55896-0459.fits
5495/spec-5495-55896-0460.fits
5495/spec-5495-55896-0461.fits
5495/spec-5495-55896-0462.fits
5495/spec-5495-55896-0463.fits
5495/spec-5495-55896-0464.fits
5495/spec-5495-55896-0465.fits
5495/spec-5495-55896-0466.fits
5495/spec-5495-55896-0467.fits
5495/spec-5495-55896-0468.fits
5495/spec-5495-55896-0469.fits
5495/spec-5495-55896-0470.fits
5495/spec-5495-55896-0471.fits
5495/spec-5495-55896-0472.fits
5495/spec-5495-55896-0473.fits
5495/spec-5495-55896-0474.fits
5495/spec-5495-55896-0475.fits
5495/spec-5495-55896-0476.fits
5495/spec-5495-55896-0477.fits
5495/spec-5495-55896-0478.fits
5495/spec-5495-55896-0479.fits
5495/spec-5495-55896-0480.fits
5495/spec-5495-55896-0481.fits
5495/spec-5495-55896-0482.fits
5495/spec-5495-55896-0483.fits
5495/spec-5495-55896-0484.fits
5495/spec-5495-55896-0485.fits
5495/spec-5495-55896-0486.fits
5495/spec-5495-55896-0487.fits
5495/spec-5495-55896-0488.fits
5495/spec-5495-55896-0489.fits
5495/spec-5495-55896-0490.fits
5495/spec-5495-55896-0491.fits
5495/spec-5495-55896-0492.fits
5495/spec-5495-55896-0493.fits
5495/spec-5495-55896-0494.fits
5495/spec-5495-55896-0495.fits
5495/spec-5495-55896-0496.fits
5495/spec-5495-55896-0497.fits
5495/spec-5495-55896-0498.fits
5495/spec-5495-55896-0499.fits
5495/spec-5495-55896-0500.fits
5495/spec-5495-55896-0501.fits
5495/spec-5495-55896-0502.fits
5495/spec-5495-55896-0503.fits
5495/spec-5495-55896-0504.fits
5495/spec-5495-55896-0505.fits
5495/spec-5495-55896-0506.fits
5495/spec-5495-55896-0507.fits
5495/spec-5495-55896-0508.fits
5495/spec-5495-55896-0509.fits
5495/spec-5495-55896-0510.fits
5495/spec-5495-55896-0511.fits
5495/spec-5495-55896-0512.fits
5495/spec-5495-55896-0513.fits
5495/spec-5495-55896-0514.fits
5495/spec-5495-55896-0515.fits
5495/spec-5495-55896-0516.fits
5495/spec-5495-55896-0517.fits
5495/spec-5495-55896-0518.fits
5495/spec-5495-55896-0519.fits
5495/spec-5495-55896-0520.fits
5495/spec-5495-55896-0521.fits
5495/spec-5495-55896-0522.fits
5495/spec-5495-55896-0523.fits
5495/spec-5495-55896-0524.fits
5495/spec-5495-55896-0525.fits
5495/spec-5495-55896-0526.fits
5495/spec-5495-55896-0527.fits
5495/spec-5495-55896-0528.fits
5495/spec-5495-55896-0529.fits
5495/spec-5495-55896-0530.fits
5495/spec-5495-55896-0531.fits
5495/spec-5495-55896-0532.fits
5495/spec-5495-55896-0533.fits
5495/spec-5495-55896-0534.fits
5495/spec-5495-55896-0535.fits
5495/spec-5495-55896-0536.fits
5495/spec-5495-55896-0537.fits
5495/spec-5495-55896-0538.fits
5495/spec-5495-55896-0539.fits
5495/spec-5495-55896-0540.fits
5495/spec-5495-55896-0541.fits
5495/spec-5495-55896-0542.fits
5495/spec-5495-55896-0543.fits
5495/spec-5495-55896-0544.fits
5495/spec-5495-55896-0545.fits
5495/spec-5495-55896-0546.fits
5495/spec-5495-55896-0547.fits
5495/spec-5495-55896-0548.fits
5495/spec-5495-55896-0549.fits
5495/spec-5495-55896-0550.fits
5495/spec-5495-55896-0551.fits
5495/spec-5495-55896-0552.fits
5495/spec-5495-55896-0553.fits
5495/spec-5495-55896-0554.fits
5495/spec-5495-55896-0555.fits
5495/spec-5495-55896-0556.fits
5495/spec-5495-55896-0557.fits
5495/spec-5495-55896-0558.fits
5495/spec-5495-55896-0559.fits
5495/spec-5495-55896-0560.fits
5495/spec-5495-55896-0561.fits
5495/spec-5495-55896-0562.fits
5495/spec-5495-55896-0563.fits
5495/spec-5495-55896-0564.fits
5495/spec-5495-55896-0565.fits
5495/spec-5495-55896-0566.fits
5495/spec-5495-55896-0567.fits
5495/spec-5495-55896-0568.fits
5495/spec-5495-55896-0569.fits
5495/spec-5495-55896-0570.fits
5495/spec-5495-55896-0571.fits
5495/spec-5495-55896-0572.fits
5495/spec-5495-55896-0573.fits
5495/spec-5495-55896-0574.fits
5495/spec-5495-55896-0575.fits
5495/spec-5495-55896-0576.fits
5495/spec-5495-55896-0577.fits
5495/spec-5495-55896-0578.fits
5495/spec-5495-55896-0579.fits
5495/spec-5495-55896-0580.fits
5495/spec-5495-55896-0581.fits
5495/spec-5495-55896-0582.fits
5495/spec-5495-55896-0583.fits
5495/spec-5495-55896-0584.fits
5495/spec-5495-55896-0585.fits
5495/spec-5495-55896-0586.fits
5495/spec-5495-55896-0587.fits
5495/spec-5495-55896-0588.fits
5495/spec-5495-55896-0589.fits
5495/spec-5495-55896-0590.fits
5495/spec-5495-55896-0591.fits
5495/spec-5495-55896-0592.fits
5495/spec-5495-55896-0593.fits
5495/spec-5495-55896-0594.fits
5495/spec-5495-55896-0595.fits
5495/spec-5495-55896-0596.fits
5495/spec-5495-55896-0597.fits
5495/spec-5495-55896-0598.fits
5495/spec-5495-55896-0599.fits
5495/spec-5495-55896-0600.fits
5495/spec-5495-55896-0601.fits
5495/spec-5495-55896-0602.fits
5495/spec-5495-55896-0603.fits
5495/spec-5495-55896-0604.fits
5495/spec-5495-55896-0605.fits
5495/spec-5495-55896-0606.fits
5495/spec-5495-55896-0607.fits
5495/spec-5495-55896-0608.fits
5495/spec-5495-55896-0609.fits
5495/spec-5495-55896-0610.fits
5495/spec-5495-55896-0611.fits
5495/spec-5495-55896-0612.fits
5495/spec-5495-55896-0613.fits
5495/spec-5495-55896-0614.fits
5495/spec-5495-55896-0615.fits
5495/spec-5495-55896-0616.fits
5495/spec-5495-55896-0617.fits
5495/spec-5495-55896-0618.fits
5495/spec-5495-55896-0619.fits
5495/spec-5495-55896-0620.fits
5495/spec-5495-55896-0621.fits
5495/spec-5495-55896-0622.fits
5495/spec-5495-55896-0623.fits
5495/spec-5495-55896-0624.fits
5495/spec-5495-55896-0625.fits
5495/spec-5495-55896-0626.fits
5495/spec-5495-55896-0627.fits
5495/spec-5495-55896-0628.fits
5495/spec-5495-55896-0629.fits
5495/spec-5495-55896-0630.fits
5495/spec-5495-55896-0631.fits
5495/spec-5495-55896-0632.fits
5495/spec-5495-55896-0633.fits
5495/spec-5495-55896-0634.fits
5495/spec-5495-55896-0635.fits
5495/spec-5495-55896-0636.fits
5495/spec-5495-55896-0637.fits
5495/spec-5495-55896-0638.fits
5495/spec-5495-55896-0639.fits
5495/spec-5495-55896-0640.fits
5495/spec-5495-55896-0641.fits
5495/spec-5495-55896-0642.fits
5495/spec-5495-55896-0643.fits
5495/spec-5495-55896-0644.fits
5495/spec-5495-55896-0645.fits
5495/spec-5495-55896-0646.fits
5495/spec-5495-55896-0647.fits
5495/spec-5495-55896-0648.fits
5495/spec-5495-55896-0649.fits
5495/spec-5495-55896-0650.fits
5495/spec-5495-55896-0651.fits
5495/spec-5495-55896-0652.fits
5495/spec-5495-55896-0653.fits
5495/spec-5495-55896-0654.fits
5495/spec-5495-55896-0655.fits
5495/spec-5495-55896-0656.fits
5495/spec-5495-55896-0657.fits
5495/spec-5495-55896-0658.fits
5495/spec-5495-55896-0659.fits
5495/spec-5495-55896-0660.fits
5495/spec-5495-55896-0661.fits
5495/spec-5495-55896-0662.fits
5495/spec-5495-55896-0663.fits
5495/spec-5495-55896-0664.fits
5495/spec-5495-55896-0665.fits
5495/spec-5495-55896-0666.fits
5495/spec-5495-55896-0667.fits
5495/spec-5495-55896-0668.fits
5495/spec-5495-55896-0669.fits
5495/spec-5495-55896-0670.fits
5495/spec-5495-55896-0671.fits
5495/spec-5495-55896-0672.fits
5495/spec-5495-55896-0673.fits
5495/spec-5495-55896-0674.fits
5495/spec-5495-55896-0675.fits
5495/spec-5495-55896-0676.fits
5495/spec-5495-55896-0677.fits
5495/spec-5495-55896-0678.fits
5495/spec-5495-55896-0679.fits
5495/spec-5495-55896-0680.fits
5495/spec-5495-55896-0681.fits
5495/spec-5495-55896-0682.fits
5495/spec-5495-55896-0683.fits
5495/spec-5495-55896-0684.fits
5495/spec-5495-55896-0685.fits
5495/spec-5495-55896-0686.fits
5495/spec-5495-55896-0687.fits
5495/spec-5495-55896-0688.fits
5495/spec-5495-55896-0689.fits
5495/spec-5495-55896-0690.fits
5495/spec-5495-55896-0691.fits
5495/spec-5495-55896-0692.fits
5495/spec-5495-55896-0693.fits
5495/spec-5495-55896-0694.fits
5495/spec-5495-55896-0695.fits
5495/spec-5495-55896-0696.fits
5495/spec-5495-55896-0697.fits
5495/spec-5495-55896-0698.fits
5495/spec-5495-55896-0699.fits
5495/spec-5495-55896-0700.fits
5495/spec-5495-55896-0701.fits
5495/spec-5495-55896-0702.fits
5495/spec-5495-55896-0703.fits
5495/spec-5495-55896-0704.fits
5495/spec-5495-55896-0705.fits
5495/spec-5495-55896-0706.fits
5495/spec-5495-55896-0707.fits
5495/spec-5495-55896-0708.fits
5495/spec-5495-55896-0709.fits
5495/spec-5495-55896-0710.fits
5495/spec-5495-55896-0711.fits
5495/spec-5495-55896-0712.fits
5495/spec-5495-55896-0713.fits
5495/spec-5495-55896-0714.fits
5495/spec-5495-55896-0715.fits
5495/spec-5495-55896-0716.fits
5495/spec-5495-55896-0717.fits
5495/spec-5495-55896-0718.fits
5495/spec-5495-55896-0719.fits
5495/spec-5495-55896-0720.fits
5495/spec-5495-55896-0721.fits
5495/spec-5495-55896-0722.fits
5495/spec-5495-55896-0723.fits
5495/spec-5495-55896-0724.fits
5495/spec-5495-55896-0725.fits
5495/spec-5495-55896-0726.fits
5495/spec-5495-55896-0727.fits
5495/spec-5495-55896-0728.fits
5495/spec-5495-55896-0729.fits
5495/spec-5495-55896-0730.fits
5495/spec-5495-55896-0731.fits
5495/spec-5495-55896-0732.fits
5495/spec-5495-55896-0733.fits
5495/spec-5495-55896-0734.fits
5495/spec-5495-55896-0735.fits
5495/spec-5495-55896-0736.fits
5495/spec-5495-55896-0737.fits
5495/spec-5495-55896-0738.fits
5495/spec-5495-55896-0739.fits
5495/spec-5495-55896-0740.fits
5495/spec-5495-55896-0741.fits
5495/spec-5495-55896-0742.fits
5495/spec-5495-55896-0743.fits
5495/spec-5495-55896-0744.fits
5495/spec-5495-55896-0745.fits
5495/spec-5495-55896-0746.fits
5495/spec-5495-55896-0747.fits
5495/spec-5495-55896-0748.fits
5495/spec-5495-55896-0749.fits
5495/spec-5495-55896-0750.fits
5495/spec-5495-55896-0751.fits
5495/spec-5495-55896-0752.fits
5495/spec-5495-55896-0753.fits
5495/spec-5495-55896-0754.fits
5495/spec-5495-55896-0755.fits
5495/spec-5495-55896-0756.fits
5495/spec-5495-55896-0757.fits
5495/spec-5495-55896-0758.fits
5495/spec-5495-55896-0759.fits
5495/spec-5495-55896-0760.fits
5495/spec-5495-55896-0761.fits
5495/spec-5495-55896-0762.fits
5495/spec-5495-55896-0763.fits
5495/spec-5495-55896-0764.fits
5495/spec-5495-55896-0765.fits
5495/spec-5495-55896-0766.fits
5495/spec-5495-55896-0767.fits
5495/spec-5495-55896-0768.fits
5495/spec-5495-55896-0769.fits
5495/spec-5495-55896-0770.fits
5495/spec-5495-55896-0771.fits
5495/spec-5495-55896-0772.fits
5495/spec-5495-55896-0773.fits
5495/spec-5495-55896-0774.fits
5495/spec-5495-55896-0775.fits
5495/spec-5495-55896-0776.fits
5495/spec-5495-55896-0777.fits
5495/spec-5495-55896-0778.fits
5495/spec-5495-55896-0779.fits
5495/spec-5495-55896-0780.fits
5495/spec-5495-55896-0781.fits
5495/spec-5495-55896-0782.fits
5495/spec-5495-55896-0783.fits
5495/spec-5495-55896-0784.fits
5495/spec-5495-55896-0785.fits
5495/spec-5495-55896-0786.fits
5495/spec-5495-55896-0787.fits
5495/spec-5495-55896-0788.fits
5495/spec-5495-55896-0789.fits
5495/spec-5495-55896-0790.fits
5495/spec-5495-55896-0791.fits
5495/spec-5495-55896-0792.fits
5495/spec-5495-55896-0793.fits
5495/spec-5495-55896-0794.fits
5495/spec-5495-55896-0795.fits
5495/spec-5495-55896-0796.fits
5495/spec-5495-55896-0797.fits
5495/spec-5495-55896-0798.fits
5495/spec-5495-55896-0799.fits
5495/spec-5495-55896-0800.fits
5495/spec-5495-55896-0801.fits
5495/spec-5495-55896-0802.fits
5495/spec-5495-55896-0803.fits
5495/spec-5495-55896-0804.fits
5495/spec-5495-55896-0805.fits
5495/spec-5495-55896-0806.fits
5495/spec-5495-55896-0807.fits
5495/spec-5495-55896-0808.fits
5495/spec-5495-55896-0809.fits
5495/spec-5495-55896-0810.fits
5495/spec-5495-55896-0811.fits
5495/spec-5495-55896-0812.fits
5495/spec-5495-55896-0813.fits
5495/spec-5495-55896-0814.fits
5495/spec-5495-55896-0815.fits
5495/spec-5495-55896-0816.fits
5495/spec-5495-55896-0817.fits
5495/spec-5495-55896-0818.fits
5495/spec-5495-55896-0819.fits
5495/spec-5495-55896-0820.fits
5495/spec-5495-55896-0821.fits
5495/spec-5495-55896-0822.fits
5495/spec-5495-55896-0823.fits
5495/spec-5495-55896-0824.fits
5495/spec-5495-55896-0825.fits
5495/spec-5495-55896-0826.fits
5495/spec-5495-55896-0827.fits
5495/spec-5495-55896-0828.fits
5495/spec-5495-55896-0829.fits
5495/spec-5495-55896-0830.fits
5495/spec-5495-55896-0831.fits
5495/spec-5495-55896-0832.fits
5495/spec-5495-55896-0833.fits
5495/spec-5495-55896-0834.fits
5495/spec-5495-55896-0835.fits
5495/spec-5495-55896-0836.fits
5495/spec-5495-55896-0837.fits
5495/spec-5495-55896-0838.fits
5495/spec-5495-55896-0839.fits
5495/spec-5495-55896-0840.fits
5495/spec-5495-55896-0841.fits
5495/spec-5495-55896-0842.fits
5495/spec-5495-55896-0843.fits
5495/spec-5495-55896-0844.fits
5495/spec-5495-55896-0845.fits
5495/spec-5495-55896-0846.fits
5495/spec-5495-55896-0847.fits
5495/spec-5495-55896-0848.fits
5495/spec-5495-55896-0849.fits
5495/spec-5495-55896-0850.fits
5495/spec-5495-55896-0851.fits
5495/spec-5495-55896-0852.fits
5495/spec-5495-55896-0853.fits
5495/spec-5495-55896-0854.fits
5495/spec-5495-55896-0855.fits
5495/spec-5495-55896-0856.fits
5495/spec-5495-55896-0857.fits
5495/spec-5495-55896-0858.fits
5495/spec-5495-55896-0859.fits
5495/spec-5495-55896-0860.fits
5495/spec-5495-55896-0861.fits
5495/spec-5495-55896-0862.fits
5495/spec-5495-55896-0863.fits
5495/spec-5495-55896-0864.fits
5495/spec-5495-55896-0865.fits
5495/spec-5495-55896-0866.fits
5495/spec-5495-55896-0867.fits
5495/spec-5495-55896-0868.fits
5495/spec-5495-55896-0869.fits
5495/spec-5495-55896-0870.fits
5495/spec-5495-55896-0871.fits
5495/spec-5495-55896-0872.fits
5495/spec-5495-55896-0873.fits
5495/spec-5495-55896-0874.fits
5495/spec-5495-55896-0875.fits
5495/spec-5495-55896-0876.fits
5495/spec-5495-55896-0877.fits
5495/spec-5495-55896-0878.fits
5495/spec-5495-55896-0879.fits
5495/spec-5495-55896-0880.fits
5495/spec-5495-55896-0881.fits
5495/spec-5495-55896-0882.fits
5495/spec-5495-55896-0883.fits
5495/spec-5495-55896-0884.fits
5495/spec-5495-55896-0885.fits
5495/spec-5495-55896-0886.fits
5495/spec-5495-55896-0887.fits
5495/spec-5495-55896-0888.fits
5495/spec-5495-55896-0889.fits
5495/spec-5495-55896-0890.fits
5495/spec-5495-55896-0891.fits
5495/spec-5495-55896-0892.fits
5495/spec-5495-55896-0893.fits
5495/spec-5495-55896-0894.fits
5495/spec-5495-55896-0895.fits
5495/spec-5495-55896-0896.fits
5495/spec-5495-55896-0897.fits
5495/spec-5495-55896-0898.fits
5495/spec-5495-55896-0899.fits
5495/spec-5495-55896-0900.fits
5495/spec-5495-55896-0901.fits
5495/spec-5495-55896-0902.fits
5495/spec-5495-55896-0903.fits
5495/spec-5495-55896-0904.fits
5495/spec-5495-55896-0905.fits
5495/spec-5495-55896-0906.fits
5495/spec-5495-55896-0907.fits
5495/spec-5495-55896-0908.fits
5495/spec-5495-55896-0909.fits
5495/spec-5495-55896-0910.fits
5495/spec-5495-55896-0911.fits
5495/spec-5495-55896-0912.fits
5495/spec-5495-55896-0913.fits
5495/spec-5495-55896-0914.fits
5495/spec-5495-55896-0915.fits
5495/spec-5495-55896-0916.fits
5495/spec-5495-55896-0917.fits
5495/spec-5495-55896-0918.fits
5495/spec-5495-55896-0919.fits
5495/spec-5495-55896-0920.fits
5495/spec-5495-55896-0921.fits
5495/spec-5495-55896-0922.fits
5495/spec-5495-55896-0923.fits
5495/spec-5495-55896-0924.fits
5495/spec-5495-55896-0925.fits
5495/spec-5495-55896-0926.fits
5495/spec-5495-55896-0927.fits
5495/spec-5495-55896-0928.fits
5495/spec-5495-55896-0929.fits
5495/spec-5495-55896-0930.fits
5495/spec-5495-55896-0931.fits
5495/spec-5495-55896-0932.fits
5495/spec-5495-55896-0933.fits
5495/spec-5495-55896-0934.fits
5495/spec-5495-55896-0935.fits
5495/spec-5495-55896-0936.fits
5495/spec-5495-55896-0937.fits
5495/spec-5495-55896-0938.fits
5495/spec-5495-55896-0939.fits
5495/spec-5495-55896-0940.fits
5495/spec-5495-55896-0941.fits
5495/spec-5495-55896-0942.fits
5495/spec-5495-55896-0943.fits
5495/spec-5495-55896-0944.fits
5495/spec-5495-55896-0945.fits
5495/spec-5495-55896-0946.fits
5495/spec-5495-55896-0947.fits
5495/spec-5495-55896-0948.fits
5495/spec-5495-55896-0949.fits
5495/spec-5495-55896-0950.fits
5495/spec-5495-55896-0951.fits
5495/spec-5495-55896-0952.fits
5495/spec-5495-55896-0953.fits
5495/spec-5495-55896-0954.fits
5495/spec-5495-55896-0955.fits
5495/spec-5495-55896-0956.fits
5495/spec-5495-55896-0957.fits
5495/spec-5495-55896-0958.fits
5495/spec-5495-55896-0959.fits
5495/spec-5495-55896-0960.fits
5495/spec-5495-55896-0961.fits
5495/spec-5495-55896-0962.fits
5495/spec-5495-55896-0963.fits
5495/spec-5495-55896-0964.fits
5495/spec-5495-55896-0965.fits
5495/spec-5495-55896-0966.fits
5495/spec-5495-55896-0967.fits
5495/spec-5495-55896-0968.fits
5495/spec-5495-55896-0969.fits
5495/spec-5495-55896-0970.fits
5495/spec-5495-55896-0971.fits
5495/spec-5495-55896-0972.fits
5495/spec-5495-55896-0973.fits
5495/spec-5495-55896-0974.fits
5495/spec-5495-55896-0975.fits
5495/spec-5495-55896-0976.fits
5495/spec-5495-55896-0977.fits
5495/spec-5495-55896-0978.fits
5495/spec-5495-55896-0979.fits
5495/spec-5495-55896-0980.fits
5495/spec-5495-55896-0981.fits
5495/spec-5495-55896-0982.fits
5495/spec-5495-55896-0983.fits
5495/spec-5495-55896-0984.fits
5495/spec-5495-55896-0985.fits
5495/spec-5495-55896-0986.fits
5495/spec-5495-55896-0987.fits
5495/spec-5495-55896-0988.fits
5495/spec-5495-55896-0989.fits
5495/spec-5495-55896-0990.fits
5495/spec-5495-55896-0991.fits
5495/spec-5495-55896-0992.fits
5495/spec-5495-55896-0993.fits
5495/spec-5495-55896-0994.fits
5495/spec-5495-55896-0995.fits
5495/spec-5495-55896-0996.fits
5495/spec-5495-55896-0997.fits
5495/spec-5495-55896-0998.fits
5495/spec-5495-55896-0999.fits
5495/spec-5495-55896-1000.fits
/var/lib/condor/execute/slot1/dir_13727
5495 5495.tgz R R361.tar.gz _condor_stderr _condor_stdout cB58_Lyman_break.fit condor_exec.exe hw4.R packages packages.tar.gz tmp var
[1] "Loaded package astro."
[1] 1000
5495 5495.csv 5495.tgz R R361.tar.gz _condor_stderr _condor_stdout cB58_Lyman_break.fit condor_exec.exe hw4.R packages packages.tar.gz tmp var
