5714
5714/
5714/spec-5714-56660-0001.fits
5714/spec-5714-56660-0002.fits
5714/spec-5714-56660-0003.fits
5714/spec-5714-56660-0004.fits
5714/spec-5714-56660-0005.fits
5714/spec-5714-56660-0006.fits
5714/spec-5714-56660-0007.fits
5714/spec-5714-56660-0008.fits
5714/spec-5714-56660-0009.fits
5714/spec-5714-56660-0010.fits
5714/spec-5714-56660-0011.fits
5714/spec-5714-56660-0012.fits
5714/spec-5714-56660-0013.fits
5714/spec-5714-56660-0014.fits
5714/spec-5714-56660-0015.fits
5714/spec-5714-56660-0016.fits
5714/spec-5714-56660-0017.fits
5714/spec-5714-56660-0018.fits
5714/spec-5714-56660-0019.fits
5714/spec-5714-56660-0020.fits
5714/spec-5714-56660-0021.fits
5714/spec-5714-56660-0022.fits
5714/spec-5714-56660-0023.fits
5714/spec-5714-56660-0024.fits
5714/spec-5714-56660-0025.fits
5714/spec-5714-56660-0026.fits
5714/spec-5714-56660-0027.fits
5714/spec-5714-56660-0028.fits
5714/spec-5714-56660-0029.fits
5714/spec-5714-56660-0030.fits
5714/spec-5714-56660-0031.fits
5714/spec-5714-56660-0032.fits
5714/spec-5714-56660-0033.fits
5714/spec-5714-56660-0034.fits
5714/spec-5714-56660-0035.fits
5714/spec-5714-56660-0036.fits
5714/spec-5714-56660-0037.fits
5714/spec-5714-56660-0038.fits
5714/spec-5714-56660-0039.fits
5714/spec-5714-56660-0040.fits
5714/spec-5714-56660-0041.fits
5714/spec-5714-56660-0042.fits
5714/spec-5714-56660-0043.fits
5714/spec-5714-56660-0044.fits
5714/spec-5714-56660-0045.fits
5714/spec-5714-56660-0046.fits
5714/spec-5714-56660-0047.fits
5714/spec-5714-56660-0048.fits
5714/spec-5714-56660-0049.fits
5714/spec-5714-56660-0050.fits
5714/spec-5714-56660-0051.fits
5714/spec-5714-56660-0052.fits
5714/spec-5714-56660-0053.fits
5714/spec-5714-56660-0054.fits
5714/spec-5714-56660-0055.fits
5714/spec-5714-56660-0056.fits
5714/spec-5714-56660-0057.fits
5714/spec-5714-56660-0058.fits
5714/spec-5714-56660-0059.fits
5714/spec-5714-56660-0060.fits
5714/spec-5714-56660-0061.fits
5714/spec-5714-56660-0062.fits
5714/spec-5714-56660-0063.fits
5714/spec-5714-56660-0064.fits
5714/spec-5714-56660-0065.fits
5714/spec-5714-56660-0066.fits
5714/spec-5714-56660-0067.fits
5714/spec-5714-56660-0068.fits
5714/spec-5714-56660-0069.fits
5714/spec-5714-56660-0070.fits
5714/spec-5714-56660-0071.fits
5714/spec-5714-56660-0072.fits
5714/spec-5714-56660-0073.fits
5714/spec-5714-56660-0074.fits
5714/spec-5714-56660-0075.fits
5714/spec-5714-56660-0076.fits
5714/spec-5714-56660-0077.fits
5714/spec-5714-56660-0078.fits
5714/spec-5714-56660-0079.fits
5714/spec-5714-56660-0080.fits
5714/spec-5714-56660-0081.fits
5714/spec-5714-56660-0082.fits
5714/spec-5714-56660-0083.fits
5714/spec-5714-56660-0084.fits
5714/spec-5714-56660-0085.fits
5714/spec-5714-56660-0086.fits
5714/spec-5714-56660-0087.fits
5714/spec-5714-56660-0088.fits
5714/spec-5714-56660-0089.fits
5714/spec-5714-56660-0090.fits
5714/spec-5714-56660-0091.fits
5714/spec-5714-56660-0092.fits
5714/spec-5714-56660-0093.fits
5714/spec-5714-56660-0094.fits
5714/spec-5714-56660-0095.fits
5714/spec-5714-56660-0096.fits
5714/spec-5714-56660-0097.fits
5714/spec-5714-56660-0098.fits
5714/spec-5714-56660-0099.fits
5714/spec-5714-56660-0100.fits
5714/spec-5714-56660-0101.fits
5714/spec-5714-56660-0102.fits
5714/spec-5714-56660-0103.fits
5714/spec-5714-56660-0104.fits
5714/spec-5714-56660-0105.fits
5714/spec-5714-56660-0106.fits
5714/spec-5714-56660-0107.fits
5714/spec-5714-56660-0108.fits
5714/spec-5714-56660-0109.fits
5714/spec-5714-56660-0110.fits
5714/spec-5714-56660-0111.fits
5714/spec-5714-56660-0112.fits
5714/spec-5714-56660-0113.fits
5714/spec-5714-56660-0114.fits
5714/spec-5714-56660-0115.fits
5714/spec-5714-56660-0116.fits
5714/spec-5714-56660-0117.fits
5714/spec-5714-56660-0118.fits
5714/spec-5714-56660-0119.fits
5714/spec-5714-56660-0120.fits
5714/spec-5714-56660-0121.fits
5714/spec-5714-56660-0122.fits
5714/spec-5714-56660-0123.fits
5714/spec-5714-56660-0124.fits
5714/spec-5714-56660-0125.fits
5714/spec-5714-56660-0126.fits
5714/spec-5714-56660-0127.fits
5714/spec-5714-56660-0128.fits
5714/spec-5714-56660-0129.fits
5714/spec-5714-56660-0130.fits
5714/spec-5714-56660-0131.fits
5714/spec-5714-56660-0132.fits
5714/spec-5714-56660-0133.fits
5714/spec-5714-56660-0134.fits
5714/spec-5714-56660-0135.fits
5714/spec-5714-56660-0136.fits
5714/spec-5714-56660-0137.fits
5714/spec-5714-56660-0138.fits
5714/spec-5714-56660-0139.fits
5714/spec-5714-56660-0140.fits
5714/spec-5714-56660-0141.fits
5714/spec-5714-56660-0142.fits
5714/spec-5714-56660-0143.fits
5714/spec-5714-56660-0144.fits
5714/spec-5714-56660-0145.fits
5714/spec-5714-56660-0146.fits
5714/spec-5714-56660-0147.fits
5714/spec-5714-56660-0148.fits
5714/spec-5714-56660-0149.fits
5714/spec-5714-56660-0150.fits
5714/spec-5714-56660-0151.fits
5714/spec-5714-56660-0152.fits
5714/spec-5714-56660-0153.fits
5714/spec-5714-56660-0154.fits
5714/spec-5714-56660-0155.fits
5714/spec-5714-56660-0156.fits
5714/spec-5714-56660-0157.fits
5714/spec-5714-56660-0158.fits
5714/spec-5714-56660-0159.fits
5714/spec-5714-56660-0160.fits
5714/spec-5714-56660-0161.fits
5714/spec-5714-56660-0162.fits
5714/spec-5714-56660-0163.fits
5714/spec-5714-56660-0164.fits
5714/spec-5714-56660-0165.fits
5714/spec-5714-56660-0166.fits
5714/spec-5714-56660-0167.fits
5714/spec-5714-56660-0168.fits
5714/spec-5714-56660-0169.fits
5714/spec-5714-56660-0170.fits
5714/spec-5714-56660-0171.fits
5714/spec-5714-56660-0172.fits
5714/spec-5714-56660-0173.fits
5714/spec-5714-56660-0174.fits
5714/spec-5714-56660-0175.fits
5714/spec-5714-56660-0176.fits
5714/spec-5714-56660-0177.fits
5714/spec-5714-56660-0178.fits
5714/spec-5714-56660-0179.fits
5714/spec-5714-56660-0180.fits
5714/spec-5714-56660-0181.fits
5714/spec-5714-56660-0182.fits
5714/spec-5714-56660-0183.fits
5714/spec-5714-56660-0184.fits
5714/spec-5714-56660-0185.fits
5714/spec-5714-56660-0186.fits
5714/spec-5714-56660-0187.fits
5714/spec-5714-56660-0188.fits
5714/spec-5714-56660-0189.fits
5714/spec-5714-56660-0190.fits
5714/spec-5714-56660-0191.fits
5714/spec-5714-56660-0192.fits
5714/spec-5714-56660-0193.fits
5714/spec-5714-56660-0194.fits
5714/spec-5714-56660-0195.fits
5714/spec-5714-56660-0196.fits
5714/spec-5714-56660-0197.fits
5714/spec-5714-56660-0198.fits
5714/spec-5714-56660-0199.fits
5714/spec-5714-56660-0200.fits
5714/spec-5714-56660-0201.fits
5714/spec-5714-56660-0202.fits
5714/spec-5714-56660-0203.fits
5714/spec-5714-56660-0204.fits
5714/spec-5714-56660-0205.fits
5714/spec-5714-56660-0206.fits
5714/spec-5714-56660-0207.fits
5714/spec-5714-56660-0208.fits
5714/spec-5714-56660-0209.fits
5714/spec-5714-56660-0210.fits
5714/spec-5714-56660-0211.fits
5714/spec-5714-56660-0212.fits
5714/spec-5714-56660-0213.fits
5714/spec-5714-56660-0214.fits
5714/spec-5714-56660-0215.fits
5714/spec-5714-56660-0216.fits
5714/spec-5714-56660-0217.fits
5714/spec-5714-56660-0218.fits
5714/spec-5714-56660-0219.fits
5714/spec-5714-56660-0220.fits
5714/spec-5714-56660-0221.fits
5714/spec-5714-56660-0222.fits
5714/spec-5714-56660-0223.fits
5714/spec-5714-56660-0224.fits
5714/spec-5714-56660-0225.fits
5714/spec-5714-56660-0226.fits
5714/spec-5714-56660-0227.fits
5714/spec-5714-56660-0228.fits
5714/spec-5714-56660-0229.fits
5714/spec-5714-56660-0230.fits
5714/spec-5714-56660-0231.fits
5714/spec-5714-56660-0232.fits
5714/spec-5714-56660-0233.fits
5714/spec-5714-56660-0234.fits
5714/spec-5714-56660-0235.fits
5714/spec-5714-56660-0236.fits
5714/spec-5714-56660-0237.fits
5714/spec-5714-56660-0238.fits
5714/spec-5714-56660-0239.fits
5714/spec-5714-56660-0240.fits
5714/spec-5714-56660-0241.fits
5714/spec-5714-56660-0242.fits
5714/spec-5714-56660-0243.fits
5714/spec-5714-56660-0244.fits
5714/spec-5714-56660-0245.fits
5714/spec-5714-56660-0246.fits
5714/spec-5714-56660-0247.fits
5714/spec-5714-56660-0248.fits
5714/spec-5714-56660-0249.fits
5714/spec-5714-56660-0250.fits
5714/spec-5714-56660-0251.fits
5714/spec-5714-56660-0252.fits
5714/spec-5714-56660-0253.fits
5714/spec-5714-56660-0254.fits
5714/spec-5714-56660-0255.fits
5714/spec-5714-56660-0256.fits
5714/spec-5714-56660-0257.fits
5714/spec-5714-56660-0258.fits
5714/spec-5714-56660-0259.fits
5714/spec-5714-56660-0260.fits
5714/spec-5714-56660-0261.fits
5714/spec-5714-56660-0262.fits
5714/spec-5714-56660-0263.fits
5714/spec-5714-56660-0264.fits
5714/spec-5714-56660-0265.fits
5714/spec-5714-56660-0266.fits
5714/spec-5714-56660-0267.fits
5714/spec-5714-56660-0268.fits
5714/spec-5714-56660-0269.fits
5714/spec-5714-56660-0270.fits
5714/spec-5714-56660-0271.fits
5714/spec-5714-56660-0272.fits
5714/spec-5714-56660-0273.fits
5714/spec-5714-56660-0274.fits
5714/spec-5714-56660-0275.fits
5714/spec-5714-56660-0276.fits
5714/spec-5714-56660-0277.fits
5714/spec-5714-56660-0278.fits
5714/spec-5714-56660-0279.fits
5714/spec-5714-56660-0280.fits
5714/spec-5714-56660-0281.fits
5714/spec-5714-56660-0282.fits
5714/spec-5714-56660-0283.fits
5714/spec-5714-56660-0284.fits
5714/spec-5714-56660-0285.fits
5714/spec-5714-56660-0286.fits
5714/spec-5714-56660-0287.fits
5714/spec-5714-56660-0288.fits
5714/spec-5714-56660-0289.fits
5714/spec-5714-56660-0290.fits
5714/spec-5714-56660-0291.fits
5714/spec-5714-56660-0292.fits
5714/spec-5714-56660-0293.fits
5714/spec-5714-56660-0294.fits
5714/spec-5714-56660-0295.fits
5714/spec-5714-56660-0296.fits
5714/spec-5714-56660-0297.fits
5714/spec-5714-56660-0298.fits
5714/spec-5714-56660-0299.fits
5714/spec-5714-56660-0300.fits
5714/spec-5714-56660-0301.fits
5714/spec-5714-56660-0302.fits
5714/spec-5714-56660-0303.fits
5714/spec-5714-56660-0304.fits
5714/spec-5714-56660-0305.fits
5714/spec-5714-56660-0306.fits
5714/spec-5714-56660-0307.fits
5714/spec-5714-56660-0308.fits
5714/spec-5714-56660-0309.fits
5714/spec-5714-56660-0310.fits
5714/spec-5714-56660-0311.fits
5714/spec-5714-56660-0312.fits
5714/spec-5714-56660-0313.fits
5714/spec-5714-56660-0314.fits
5714/spec-5714-56660-0315.fits
5714/spec-5714-56660-0316.fits
5714/spec-5714-56660-0317.fits
5714/spec-5714-56660-0318.fits
5714/spec-5714-56660-0319.fits
5714/spec-5714-56660-0320.fits
5714/spec-5714-56660-0321.fits
5714/spec-5714-56660-0322.fits
5714/spec-5714-56660-0323.fits
5714/spec-5714-56660-0324.fits
5714/spec-5714-56660-0325.fits
5714/spec-5714-56660-0326.fits
5714/spec-5714-56660-0327.fits
5714/spec-5714-56660-0328.fits
5714/spec-5714-56660-0329.fits
5714/spec-5714-56660-0330.fits
5714/spec-5714-56660-0331.fits
5714/spec-5714-56660-0332.fits
5714/spec-5714-56660-0333.fits
5714/spec-5714-56660-0334.fits
5714/spec-5714-56660-0335.fits
5714/spec-5714-56660-0336.fits
5714/spec-5714-56660-0337.fits
5714/spec-5714-56660-0338.fits
5714/spec-5714-56660-0339.fits
5714/spec-5714-56660-0340.fits
5714/spec-5714-56660-0341.fits
5714/spec-5714-56660-0342.fits
5714/spec-5714-56660-0343.fits
5714/spec-5714-56660-0344.fits
5714/spec-5714-56660-0345.fits
5714/spec-5714-56660-0346.fits
5714/spec-5714-56660-0347.fits
5714/spec-5714-56660-0348.fits
5714/spec-5714-56660-0349.fits
5714/spec-5714-56660-0350.fits
5714/spec-5714-56660-0351.fits
5714/spec-5714-56660-0352.fits
5714/spec-5714-56660-0353.fits
5714/spec-5714-56660-0354.fits
5714/spec-5714-56660-0355.fits
5714/spec-5714-56660-0356.fits
5714/spec-5714-56660-0357.fits
5714/spec-5714-56660-0358.fits
5714/spec-5714-56660-0359.fits
5714/spec-5714-56660-0360.fits
5714/spec-5714-56660-0361.fits
5714/spec-5714-56660-0362.fits
5714/spec-5714-56660-0363.fits
5714/spec-5714-56660-0364.fits
5714/spec-5714-56660-0365.fits
5714/spec-5714-56660-0366.fits
5714/spec-5714-56660-0367.fits
5714/spec-5714-56660-0368.fits
5714/spec-5714-56660-0369.fits
5714/spec-5714-56660-0370.fits
5714/spec-5714-56660-0371.fits
5714/spec-5714-56660-0372.fits
5714/spec-5714-56660-0373.fits
5714/spec-5714-56660-0374.fits
5714/spec-5714-56660-0375.fits
5714/spec-5714-56660-0376.fits
5714/spec-5714-56660-0377.fits
5714/spec-5714-56660-0378.fits
5714/spec-5714-56660-0379.fits
5714/spec-5714-56660-0380.fits
5714/spec-5714-56660-0381.fits
5714/spec-5714-56660-0382.fits
5714/spec-5714-56660-0383.fits
5714/spec-5714-56660-0384.fits
5714/spec-5714-56660-0385.fits
5714/spec-5714-56660-0386.fits
5714/spec-5714-56660-0387.fits
5714/spec-5714-56660-0388.fits
5714/spec-5714-56660-0389.fits
5714/spec-5714-56660-0390.fits
5714/spec-5714-56660-0391.fits
5714/spec-5714-56660-0392.fits
5714/spec-5714-56660-0393.fits
5714/spec-5714-56660-0394.fits
5714/spec-5714-56660-0395.fits
5714/spec-5714-56660-0396.fits
5714/spec-5714-56660-0397.fits
5714/spec-5714-56660-0398.fits
5714/spec-5714-56660-0399.fits
5714/spec-5714-56660-0400.fits
5714/spec-5714-56660-0401.fits
5714/spec-5714-56660-0402.fits
5714/spec-5714-56660-0403.fits
5714/spec-5714-56660-0404.fits
5714/spec-5714-56660-0405.fits
5714/spec-5714-56660-0406.fits
5714/spec-5714-56660-0407.fits
5714/spec-5714-56660-0408.fits
5714/spec-5714-56660-0409.fits
5714/spec-5714-56660-0410.fits
5714/spec-5714-56660-0411.fits
5714/spec-5714-56660-0412.fits
5714/spec-5714-56660-0413.fits
5714/spec-5714-56660-0414.fits
5714/spec-5714-56660-0415.fits
5714/spec-5714-56660-0416.fits
5714/spec-5714-56660-0417.fits
5714/spec-5714-56660-0418.fits
5714/spec-5714-56660-0419.fits
5714/spec-5714-56660-0420.fits
5714/spec-5714-56660-0421.fits
5714/spec-5714-56660-0422.fits
5714/spec-5714-56660-0423.fits
5714/spec-5714-56660-0424.fits
5714/spec-5714-56660-0425.fits
5714/spec-5714-56660-0426.fits
5714/spec-5714-56660-0427.fits
5714/spec-5714-56660-0428.fits
5714/spec-5714-56660-0429.fits
5714/spec-5714-56660-0430.fits
5714/spec-5714-56660-0431.fits
5714/spec-5714-56660-0432.fits
5714/spec-5714-56660-0433.fits
5714/spec-5714-56660-0434.fits
5714/spec-5714-56660-0435.fits
5714/spec-5714-56660-0436.fits
5714/spec-5714-56660-0437.fits
5714/spec-5714-56660-0438.fits
5714/spec-5714-56660-0439.fits
5714/spec-5714-56660-0440.fits
5714/spec-5714-56660-0441.fits
5714/spec-5714-56660-0442.fits
5714/spec-5714-56660-0443.fits
5714/spec-5714-56660-0444.fits
5714/spec-5714-56660-0445.fits
5714/spec-5714-56660-0446.fits
5714/spec-5714-56660-0447.fits
5714/spec-5714-56660-0448.fits
5714/spec-5714-56660-0449.fits
5714/spec-5714-56660-0450.fits
5714/spec-5714-56660-0451.fits
5714/spec-5714-56660-0452.fits
5714/spec-5714-56660-0453.fits
5714/spec-5714-56660-0454.fits
5714/spec-5714-56660-0455.fits
5714/spec-5714-56660-0456.fits
5714/spec-5714-56660-0457.fits
5714/spec-5714-56660-0458.fits
5714/spec-5714-56660-0459.fits
5714/spec-5714-56660-0460.fits
5714/spec-5714-56660-0461.fits
5714/spec-5714-56660-0462.fits
5714/spec-5714-56660-0463.fits
5714/spec-5714-56660-0464.fits
5714/spec-5714-56660-0465.fits
5714/spec-5714-56660-0466.fits
5714/spec-5714-56660-0467.fits
5714/spec-5714-56660-0468.fits
5714/spec-5714-56660-0469.fits
5714/spec-5714-56660-0470.fits
5714/spec-5714-56660-0471.fits
5714/spec-5714-56660-0472.fits
5714/spec-5714-56660-0473.fits
5714/spec-5714-56660-0474.fits
5714/spec-5714-56660-0475.fits
5714/spec-5714-56660-0476.fits
5714/spec-5714-56660-0477.fits
5714/spec-5714-56660-0478.fits
5714/spec-5714-56660-0479.fits
5714/spec-5714-56660-0480.fits
5714/spec-5714-56660-0481.fits
5714/spec-5714-56660-0482.fits
5714/spec-5714-56660-0483.fits
5714/spec-5714-56660-0484.fits
5714/spec-5714-56660-0485.fits
5714/spec-5714-56660-0486.fits
5714/spec-5714-56660-0487.fits
5714/spec-5714-56660-0488.fits
5714/spec-5714-56660-0489.fits
5714/spec-5714-56660-0490.fits
5714/spec-5714-56660-0491.fits
5714/spec-5714-56660-0492.fits
5714/spec-5714-56660-0493.fits
5714/spec-5714-56660-0494.fits
5714/spec-5714-56660-0495.fits
5714/spec-5714-56660-0496.fits
5714/spec-5714-56660-0497.fits
5714/spec-5714-56660-0498.fits
5714/spec-5714-56660-0499.fits
5714/spec-5714-56660-0500.fits
5714/spec-5714-56660-0501.fits
5714/spec-5714-56660-0502.fits
5714/spec-5714-56660-0503.fits
5714/spec-5714-56660-0504.fits
5714/spec-5714-56660-0505.fits
5714/spec-5714-56660-0506.fits
5714/spec-5714-56660-0507.fits
5714/spec-5714-56660-0508.fits
5714/spec-5714-56660-0509.fits
5714/spec-5714-56660-0510.fits
5714/spec-5714-56660-0511.fits
5714/spec-5714-56660-0512.fits
5714/spec-5714-56660-0513.fits
5714/spec-5714-56660-0514.fits
5714/spec-5714-56660-0515.fits
5714/spec-5714-56660-0516.fits
5714/spec-5714-56660-0517.fits
5714/spec-5714-56660-0518.fits
5714/spec-5714-56660-0519.fits
5714/spec-5714-56660-0520.fits
5714/spec-5714-56660-0521.fits
5714/spec-5714-56660-0522.fits
5714/spec-5714-56660-0523.fits
5714/spec-5714-56660-0524.fits
5714/spec-5714-56660-0525.fits
5714/spec-5714-56660-0526.fits
5714/spec-5714-56660-0527.fits
5714/spec-5714-56660-0528.fits
5714/spec-5714-56660-0529.fits
5714/spec-5714-56660-0530.fits
5714/spec-5714-56660-0531.fits
5714/spec-5714-56660-0532.fits
5714/spec-5714-56660-0533.fits
5714/spec-5714-56660-0534.fits
5714/spec-5714-56660-0535.fits
5714/spec-5714-56660-0536.fits
5714/spec-5714-56660-0537.fits
5714/spec-5714-56660-0538.fits
5714/spec-5714-56660-0539.fits
5714/spec-5714-56660-0540.fits
5714/spec-5714-56660-0541.fits
5714/spec-5714-56660-0542.fits
5714/spec-5714-56660-0543.fits
5714/spec-5714-56660-0544.fits
5714/spec-5714-56660-0545.fits
5714/spec-5714-56660-0546.fits
5714/spec-5714-56660-0547.fits
5714/spec-5714-56660-0548.fits
5714/spec-5714-56660-0549.fits
5714/spec-5714-56660-0550.fits
5714/spec-5714-56660-0551.fits
5714/spec-5714-56660-0552.fits
5714/spec-5714-56660-0553.fits
5714/spec-5714-56660-0554.fits
5714/spec-5714-56660-0555.fits
5714/spec-5714-56660-0556.fits
5714/spec-5714-56660-0557.fits
5714/spec-5714-56660-0558.fits
5714/spec-5714-56660-0559.fits
5714/spec-5714-56660-0560.fits
5714/spec-5714-56660-0561.fits
5714/spec-5714-56660-0562.fits
5714/spec-5714-56660-0563.fits
5714/spec-5714-56660-0564.fits
5714/spec-5714-56660-0565.fits
5714/spec-5714-56660-0566.fits
5714/spec-5714-56660-0567.fits
5714/spec-5714-56660-0568.fits
5714/spec-5714-56660-0569.fits
5714/spec-5714-56660-0570.fits
5714/spec-5714-56660-0571.fits
5714/spec-5714-56660-0572.fits
5714/spec-5714-56660-0573.fits
5714/spec-5714-56660-0574.fits
5714/spec-5714-56660-0575.fits
5714/spec-5714-56660-0576.fits
5714/spec-5714-56660-0577.fits
5714/spec-5714-56660-0578.fits
5714/spec-5714-56660-0579.fits
5714/spec-5714-56660-0580.fits
5714/spec-5714-56660-0581.fits
5714/spec-5714-56660-0582.fits
5714/spec-5714-56660-0583.fits
5714/spec-5714-56660-0584.fits
5714/spec-5714-56660-0585.fits
5714/spec-5714-56660-0586.fits
5714/spec-5714-56660-0587.fits
5714/spec-5714-56660-0588.fits
5714/spec-5714-56660-0589.fits
5714/spec-5714-56660-0590.fits
5714/spec-5714-56660-0591.fits
5714/spec-5714-56660-0592.fits
5714/spec-5714-56660-0593.fits
5714/spec-5714-56660-0594.fits
5714/spec-5714-56660-0595.fits
5714/spec-5714-56660-0596.fits
5714/spec-5714-56660-0597.fits
5714/spec-5714-56660-0598.fits
5714/spec-5714-56660-0599.fits
5714/spec-5714-56660-0600.fits
5714/spec-5714-56660-0601.fits
5714/spec-5714-56660-0602.fits
5714/spec-5714-56660-0603.fits
5714/spec-5714-56660-0604.fits
5714/spec-5714-56660-0605.fits
5714/spec-5714-56660-0606.fits
5714/spec-5714-56660-0607.fits
5714/spec-5714-56660-0608.fits
5714/spec-5714-56660-0609.fits
5714/spec-5714-56660-0610.fits
5714/spec-5714-56660-0611.fits
5714/spec-5714-56660-0612.fits
5714/spec-5714-56660-0613.fits
5714/spec-5714-56660-0614.fits
5714/spec-5714-56660-0615.fits
5714/spec-5714-56660-0616.fits
5714/spec-5714-56660-0617.fits
5714/spec-5714-56660-0618.fits
5714/spec-5714-56660-0619.fits
5714/spec-5714-56660-0620.fits
5714/spec-5714-56660-0621.fits
5714/spec-5714-56660-0622.fits
5714/spec-5714-56660-0623.fits
5714/spec-5714-56660-0624.fits
5714/spec-5714-56660-0625.fits
5714/spec-5714-56660-0626.fits
5714/spec-5714-56660-0627.fits
5714/spec-5714-56660-0628.fits
5714/spec-5714-56660-0629.fits
5714/spec-5714-56660-0630.fits
5714/spec-5714-56660-0631.fits
5714/spec-5714-56660-0632.fits
5714/spec-5714-56660-0633.fits
5714/spec-5714-56660-0634.fits
5714/spec-5714-56660-0635.fits
5714/spec-5714-56660-0636.fits
5714/spec-5714-56660-0637.fits
5714/spec-5714-56660-0638.fits
5714/spec-5714-56660-0639.fits
5714/spec-5714-56660-0640.fits
5714/spec-5714-56660-0641.fits
5714/spec-5714-56660-0642.fits
5714/spec-5714-56660-0643.fits
5714/spec-5714-56660-0644.fits
5714/spec-5714-56660-0645.fits
5714/spec-5714-56660-0646.fits
5714/spec-5714-56660-0647.fits
5714/spec-5714-56660-0648.fits
5714/spec-5714-56660-0649.fits
5714/spec-5714-56660-0650.fits
5714/spec-5714-56660-0651.fits
5714/spec-5714-56660-0652.fits
5714/spec-5714-56660-0653.fits
5714/spec-5714-56660-0654.fits
5714/spec-5714-56660-0655.fits
5714/spec-5714-56660-0656.fits
5714/spec-5714-56660-0657.fits
5714/spec-5714-56660-0658.fits
5714/spec-5714-56660-0659.fits
5714/spec-5714-56660-0660.fits
5714/spec-5714-56660-0661.fits
5714/spec-5714-56660-0662.fits
5714/spec-5714-56660-0663.fits
5714/spec-5714-56660-0664.fits
5714/spec-5714-56660-0665.fits
5714/spec-5714-56660-0666.fits
5714/spec-5714-56660-0667.fits
5714/spec-5714-56660-0668.fits
5714/spec-5714-56660-0669.fits
5714/spec-5714-56660-0670.fits
5714/spec-5714-56660-0671.fits
5714/spec-5714-56660-0672.fits
5714/spec-5714-56660-0673.fits
5714/spec-5714-56660-0674.fits
5714/spec-5714-56660-0675.fits
5714/spec-5714-56660-0676.fits
5714/spec-5714-56660-0677.fits
5714/spec-5714-56660-0678.fits
5714/spec-5714-56660-0679.fits
5714/spec-5714-56660-0680.fits
5714/spec-5714-56660-0681.fits
5714/spec-5714-56660-0682.fits
5714/spec-5714-56660-0683.fits
5714/spec-5714-56660-0684.fits
5714/spec-5714-56660-0685.fits
5714/spec-5714-56660-0686.fits
5714/spec-5714-56660-0687.fits
5714/spec-5714-56660-0688.fits
5714/spec-5714-56660-0689.fits
5714/spec-5714-56660-0690.fits
5714/spec-5714-56660-0691.fits
5714/spec-5714-56660-0692.fits
5714/spec-5714-56660-0693.fits
5714/spec-5714-56660-0694.fits
5714/spec-5714-56660-0695.fits
5714/spec-5714-56660-0696.fits
5714/spec-5714-56660-0697.fits
5714/spec-5714-56660-0698.fits
5714/spec-5714-56660-0699.fits
5714/spec-5714-56660-0700.fits
5714/spec-5714-56660-0701.fits
5714/spec-5714-56660-0702.fits
5714/spec-5714-56660-0703.fits
5714/spec-5714-56660-0704.fits
5714/spec-5714-56660-0705.fits
5714/spec-5714-56660-0706.fits
5714/spec-5714-56660-0707.fits
5714/spec-5714-56660-0708.fits
5714/spec-5714-56660-0709.fits
5714/spec-5714-56660-0710.fits
5714/spec-5714-56660-0711.fits
5714/spec-5714-56660-0712.fits
5714/spec-5714-56660-0713.fits
5714/spec-5714-56660-0714.fits
5714/spec-5714-56660-0715.fits
5714/spec-5714-56660-0716.fits
5714/spec-5714-56660-0717.fits
5714/spec-5714-56660-0718.fits
5714/spec-5714-56660-0719.fits
5714/spec-5714-56660-0720.fits
5714/spec-5714-56660-0721.fits
5714/spec-5714-56660-0722.fits
5714/spec-5714-56660-0723.fits
5714/spec-5714-56660-0724.fits
5714/spec-5714-56660-0725.fits
5714/spec-5714-56660-0726.fits
5714/spec-5714-56660-0727.fits
5714/spec-5714-56660-0728.fits
5714/spec-5714-56660-0729.fits
5714/spec-5714-56660-0730.fits
5714/spec-5714-56660-0731.fits
5714/spec-5714-56660-0732.fits
5714/spec-5714-56660-0733.fits
5714/spec-5714-56660-0734.fits
5714/spec-5714-56660-0735.fits
5714/spec-5714-56660-0736.fits
5714/spec-5714-56660-0737.fits
5714/spec-5714-56660-0738.fits
5714/spec-5714-56660-0739.fits
5714/spec-5714-56660-0740.fits
5714/spec-5714-56660-0741.fits
5714/spec-5714-56660-0742.fits
5714/spec-5714-56660-0743.fits
5714/spec-5714-56660-0744.fits
5714/spec-5714-56660-0745.fits
5714/spec-5714-56660-0746.fits
5714/spec-5714-56660-0747.fits
5714/spec-5714-56660-0748.fits
5714/spec-5714-56660-0749.fits
5714/spec-5714-56660-0750.fits
5714/spec-5714-56660-0751.fits
5714/spec-5714-56660-0752.fits
5714/spec-5714-56660-0753.fits
5714/spec-5714-56660-0754.fits
5714/spec-5714-56660-0755.fits
5714/spec-5714-56660-0756.fits
5714/spec-5714-56660-0757.fits
5714/spec-5714-56660-0758.fits
5714/spec-5714-56660-0759.fits
5714/spec-5714-56660-0760.fits
5714/spec-5714-56660-0761.fits
5714/spec-5714-56660-0762.fits
5714/spec-5714-56660-0763.fits
5714/spec-5714-56660-0764.fits
5714/spec-5714-56660-0765.fits
5714/spec-5714-56660-0766.fits
5714/spec-5714-56660-0767.fits
5714/spec-5714-56660-0768.fits
5714/spec-5714-56660-0769.fits
5714/spec-5714-56660-0770.fits
5714/spec-5714-56660-0771.fits
5714/spec-5714-56660-0772.fits
5714/spec-5714-56660-0773.fits
5714/spec-5714-56660-0774.fits
5714/spec-5714-56660-0775.fits
5714/spec-5714-56660-0776.fits
5714/spec-5714-56660-0777.fits
5714/spec-5714-56660-0778.fits
5714/spec-5714-56660-0779.fits
5714/spec-5714-56660-0780.fits
5714/spec-5714-56660-0781.fits
5714/spec-5714-56660-0782.fits
5714/spec-5714-56660-0783.fits
5714/spec-5714-56660-0784.fits
5714/spec-5714-56660-0785.fits
5714/spec-5714-56660-0786.fits
5714/spec-5714-56660-0787.fits
5714/spec-5714-56660-0788.fits
5714/spec-5714-56660-0789.fits
5714/spec-5714-56660-0790.fits
5714/spec-5714-56660-0791.fits
5714/spec-5714-56660-0792.fits
5714/spec-5714-56660-0793.fits
5714/spec-5714-56660-0794.fits
5714/spec-5714-56660-0795.fits
5714/spec-5714-56660-0796.fits
5714/spec-5714-56660-0797.fits
5714/spec-5714-56660-0798.fits
5714/spec-5714-56660-0799.fits
5714/spec-5714-56660-0800.fits
5714/spec-5714-56660-0801.fits
5714/spec-5714-56660-0802.fits
5714/spec-5714-56660-0803.fits
5714/spec-5714-56660-0804.fits
5714/spec-5714-56660-0805.fits
5714/spec-5714-56660-0806.fits
5714/spec-5714-56660-0807.fits
5714/spec-5714-56660-0808.fits
5714/spec-5714-56660-0809.fits
5714/spec-5714-56660-0810.fits
5714/spec-5714-56660-0811.fits
5714/spec-5714-56660-0812.fits
5714/spec-5714-56660-0813.fits
5714/spec-5714-56660-0814.fits
5714/spec-5714-56660-0815.fits
5714/spec-5714-56660-0816.fits
5714/spec-5714-56660-0817.fits
5714/spec-5714-56660-0818.fits
5714/spec-5714-56660-0819.fits
5714/spec-5714-56660-0820.fits
5714/spec-5714-56660-0821.fits
5714/spec-5714-56660-0822.fits
5714/spec-5714-56660-0823.fits
5714/spec-5714-56660-0824.fits
5714/spec-5714-56660-0825.fits
5714/spec-5714-56660-0826.fits
5714/spec-5714-56660-0827.fits
5714/spec-5714-56660-0828.fits
5714/spec-5714-56660-0829.fits
5714/spec-5714-56660-0830.fits
5714/spec-5714-56660-0831.fits
5714/spec-5714-56660-0832.fits
5714/spec-5714-56660-0833.fits
5714/spec-5714-56660-0834.fits
5714/spec-5714-56660-0835.fits
5714/spec-5714-56660-0836.fits
5714/spec-5714-56660-0837.fits
5714/spec-5714-56660-0838.fits
5714/spec-5714-56660-0839.fits
5714/spec-5714-56660-0840.fits
5714/spec-5714-56660-0841.fits
5714/spec-5714-56660-0842.fits
5714/spec-5714-56660-0843.fits
5714/spec-5714-56660-0844.fits
5714/spec-5714-56660-0845.fits
5714/spec-5714-56660-0846.fits
5714/spec-5714-56660-0847.fits
5714/spec-5714-56660-0848.fits
5714/spec-5714-56660-0849.fits
5714/spec-5714-56660-0850.fits
5714/spec-5714-56660-0851.fits
5714/spec-5714-56660-0852.fits
5714/spec-5714-56660-0853.fits
5714/spec-5714-56660-0854.fits
5714/spec-5714-56660-0855.fits
5714/spec-5714-56660-0856.fits
5714/spec-5714-56660-0857.fits
5714/spec-5714-56660-0858.fits
5714/spec-5714-56660-0859.fits
5714/spec-5714-56660-0860.fits
5714/spec-5714-56660-0861.fits
5714/spec-5714-56660-0862.fits
5714/spec-5714-56660-0863.fits
5714/spec-5714-56660-0864.fits
5714/spec-5714-56660-0865.fits
5714/spec-5714-56660-0866.fits
5714/spec-5714-56660-0867.fits
5714/spec-5714-56660-0868.fits
5714/spec-5714-56660-0869.fits
5714/spec-5714-56660-0870.fits
5714/spec-5714-56660-0871.fits
5714/spec-5714-56660-0872.fits
5714/spec-5714-56660-0873.fits
5714/spec-5714-56660-0874.fits
5714/spec-5714-56660-0875.fits
5714/spec-5714-56660-0876.fits
5714/spec-5714-56660-0877.fits
5714/spec-5714-56660-0878.fits
5714/spec-5714-56660-0879.fits
5714/spec-5714-56660-0880.fits
5714/spec-5714-56660-0881.fits
5714/spec-5714-56660-0882.fits
5714/spec-5714-56660-0883.fits
5714/spec-5714-56660-0884.fits
5714/spec-5714-56660-0885.fits
5714/spec-5714-56660-0886.fits
5714/spec-5714-56660-0887.fits
5714/spec-5714-56660-0888.fits
5714/spec-5714-56660-0889.fits
5714/spec-5714-56660-0890.fits
5714/spec-5714-56660-0891.fits
5714/spec-5714-56660-0892.fits
5714/spec-5714-56660-0893.fits
5714/spec-5714-56660-0894.fits
5714/spec-5714-56660-0895.fits
5714/spec-5714-56660-0896.fits
5714/spec-5714-56660-0897.fits
5714/spec-5714-56660-0898.fits
5714/spec-5714-56660-0899.fits
5714/spec-5714-56660-0900.fits
5714/spec-5714-56660-0901.fits
5714/spec-5714-56660-0902.fits
5714/spec-5714-56660-0903.fits
5714/spec-5714-56660-0904.fits
5714/spec-5714-56660-0905.fits
5714/spec-5714-56660-0906.fits
5714/spec-5714-56660-0907.fits
5714/spec-5714-56660-0908.fits
5714/spec-5714-56660-0909.fits
5714/spec-5714-56660-0910.fits
5714/spec-5714-56660-0911.fits
5714/spec-5714-56660-0912.fits
5714/spec-5714-56660-0913.fits
5714/spec-5714-56660-0914.fits
5714/spec-5714-56660-0915.fits
5714/spec-5714-56660-0916.fits
5714/spec-5714-56660-0917.fits
5714/spec-5714-56660-0918.fits
5714/spec-5714-56660-0919.fits
5714/spec-5714-56660-0920.fits
5714/spec-5714-56660-0921.fits
5714/spec-5714-56660-0922.fits
5714/spec-5714-56660-0923.fits
5714/spec-5714-56660-0924.fits
5714/spec-5714-56660-0925.fits
5714/spec-5714-56660-0926.fits
5714/spec-5714-56660-0927.fits
5714/spec-5714-56660-0928.fits
5714/spec-5714-56660-0929.fits
5714/spec-5714-56660-0930.fits
5714/spec-5714-56660-0931.fits
5714/spec-5714-56660-0932.fits
5714/spec-5714-56660-0933.fits
5714/spec-5714-56660-0934.fits
5714/spec-5714-56660-0935.fits
5714/spec-5714-56660-0936.fits
5714/spec-5714-56660-0937.fits
5714/spec-5714-56660-0938.fits
5714/spec-5714-56660-0939.fits
5714/spec-5714-56660-0940.fits
5714/spec-5714-56660-0941.fits
5714/spec-5714-56660-0942.fits
5714/spec-5714-56660-0943.fits
5714/spec-5714-56660-0944.fits
5714/spec-5714-56660-0945.fits
5714/spec-5714-56660-0946.fits
5714/spec-5714-56660-0947.fits
5714/spec-5714-56660-0948.fits
5714/spec-5714-56660-0949.fits
5714/spec-5714-56660-0950.fits
5714/spec-5714-56660-0951.fits
5714/spec-5714-56660-0952.fits
5714/spec-5714-56660-0953.fits
5714/spec-5714-56660-0954.fits
5714/spec-5714-56660-0955.fits
5714/spec-5714-56660-0956.fits
5714/spec-5714-56660-0957.fits
5714/spec-5714-56660-0958.fits
5714/spec-5714-56660-0959.fits
5714/spec-5714-56660-0960.fits
5714/spec-5714-56660-0961.fits
5714/spec-5714-56660-0962.fits
5714/spec-5714-56660-0963.fits
5714/spec-5714-56660-0964.fits
5714/spec-5714-56660-0965.fits
5714/spec-5714-56660-0966.fits
5714/spec-5714-56660-0967.fits
5714/spec-5714-56660-0968.fits
5714/spec-5714-56660-0969.fits
5714/spec-5714-56660-0970.fits
5714/spec-5714-56660-0971.fits
5714/spec-5714-56660-0972.fits
5714/spec-5714-56660-0973.fits
5714/spec-5714-56660-0974.fits
5714/spec-5714-56660-0975.fits
5714/spec-5714-56660-0976.fits
5714/spec-5714-56660-0977.fits
5714/spec-5714-56660-0978.fits
5714/spec-5714-56660-0979.fits
5714/spec-5714-56660-0980.fits
5714/spec-5714-56660-0981.fits
5714/spec-5714-56660-0982.fits
5714/spec-5714-56660-0983.fits
5714/spec-5714-56660-0984.fits
5714/spec-5714-56660-0985.fits
5714/spec-5714-56660-0986.fits
5714/spec-5714-56660-0987.fits
5714/spec-5714-56660-0988.fits
5714/spec-5714-56660-0989.fits
5714/spec-5714-56660-0990.fits
5714/spec-5714-56660-0991.fits
5714/spec-5714-56660-0992.fits
5714/spec-5714-56660-0993.fits
5714/spec-5714-56660-0994.fits
5714/spec-5714-56660-0995.fits
5714/spec-5714-56660-0996.fits
5714/spec-5714-56660-0997.fits
5714/spec-5714-56660-0998.fits
5714/spec-5714-56660-0999.fits
5714/spec-5714-56660-1000.fits
/var/lib/condor/execute/slot1/dir_21412
5714 5714.tgz R R361.tar.gz _condor_stderr _condor_stdout cB58_Lyman_break.fit condor_exec.exe hw4.R packages packages.tar.gz tmp var
[1] "Loaded package astro."
[1] 1000
5714 5714.csv 5714.tgz R R361.tar.gz _condor_stderr _condor_stdout cB58_Lyman_break.fit condor_exec.exe hw4.R packages packages.tar.gz tmp var
