5733
5733/
5733/spec-5733-56575-0001.fits
5733/spec-5733-56575-0002.fits
5733/spec-5733-56575-0003.fits
5733/spec-5733-56575-0004.fits
5733/spec-5733-56575-0005.fits
5733/spec-5733-56575-0006.fits
5733/spec-5733-56575-0007.fits
5733/spec-5733-56575-0008.fits
5733/spec-5733-56575-0009.fits
5733/spec-5733-56575-0010.fits
5733/spec-5733-56575-0011.fits
5733/spec-5733-56575-0012.fits
5733/spec-5733-56575-0013.fits
5733/spec-5733-56575-0014.fits
5733/spec-5733-56575-0015.fits
5733/spec-5733-56575-0016.fits
5733/spec-5733-56575-0017.fits
5733/spec-5733-56575-0018.fits
5733/spec-5733-56575-0019.fits
5733/spec-5733-56575-0020.fits
5733/spec-5733-56575-0021.fits
5733/spec-5733-56575-0022.fits
5733/spec-5733-56575-0023.fits
5733/spec-5733-56575-0024.fits
5733/spec-5733-56575-0025.fits
5733/spec-5733-56575-0026.fits
5733/spec-5733-56575-0027.fits
5733/spec-5733-56575-0028.fits
5733/spec-5733-56575-0029.fits
5733/spec-5733-56575-0030.fits
5733/spec-5733-56575-0031.fits
5733/spec-5733-56575-0032.fits
5733/spec-5733-56575-0033.fits
5733/spec-5733-56575-0034.fits
5733/spec-5733-56575-0035.fits
5733/spec-5733-56575-0036.fits
5733/spec-5733-56575-0037.fits
5733/spec-5733-56575-0038.fits
5733/spec-5733-56575-0039.fits
5733/spec-5733-56575-0040.fits
5733/spec-5733-56575-0041.fits
5733/spec-5733-56575-0042.fits
5733/spec-5733-56575-0043.fits
5733/spec-5733-56575-0044.fits
5733/spec-5733-56575-0045.fits
5733/spec-5733-56575-0046.fits
5733/spec-5733-56575-0047.fits
5733/spec-5733-56575-0048.fits
5733/spec-5733-56575-0049.fits
5733/spec-5733-56575-0050.fits
5733/spec-5733-56575-0051.fits
5733/spec-5733-56575-0052.fits
5733/spec-5733-56575-0053.fits
5733/spec-5733-56575-0054.fits
5733/spec-5733-56575-0055.fits
5733/spec-5733-56575-0056.fits
5733/spec-5733-56575-0057.fits
5733/spec-5733-56575-0058.fits
5733/spec-5733-56575-0059.fits
5733/spec-5733-56575-0060.fits
5733/spec-5733-56575-0061.fits
5733/spec-5733-56575-0062.fits
5733/spec-5733-56575-0063.fits
5733/spec-5733-56575-0064.fits
5733/spec-5733-56575-0065.fits
5733/spec-5733-56575-0066.fits
5733/spec-5733-56575-0067.fits
5733/spec-5733-56575-0068.fits
5733/spec-5733-56575-0069.fits
5733/spec-5733-56575-0070.fits
5733/spec-5733-56575-0071.fits
5733/spec-5733-56575-0072.fits
5733/spec-5733-56575-0073.fits
5733/spec-5733-56575-0074.fits
5733/spec-5733-56575-0075.fits
5733/spec-5733-56575-0076.fits
5733/spec-5733-56575-0077.fits
5733/spec-5733-56575-0078.fits
5733/spec-5733-56575-0079.fits
5733/spec-5733-56575-0080.fits
5733/spec-5733-56575-0081.fits
5733/spec-5733-56575-0082.fits
5733/spec-5733-56575-0083.fits
5733/spec-5733-56575-0084.fits
5733/spec-5733-56575-0085.fits
5733/spec-5733-56575-0086.fits
5733/spec-5733-56575-0087.fits
5733/spec-5733-56575-0088.fits
5733/spec-5733-56575-0089.fits
5733/spec-5733-56575-0090.fits
5733/spec-5733-56575-0091.fits
5733/spec-5733-56575-0092.fits
5733/spec-5733-56575-0093.fits
5733/spec-5733-56575-0094.fits
5733/spec-5733-56575-0095.fits
5733/spec-5733-56575-0096.fits
5733/spec-5733-56575-0097.fits
5733/spec-5733-56575-0098.fits
5733/spec-5733-56575-0099.fits
5733/spec-5733-56575-0100.fits
5733/spec-5733-56575-0101.fits
5733/spec-5733-56575-0102.fits
5733/spec-5733-56575-0103.fits
5733/spec-5733-56575-0104.fits
5733/spec-5733-56575-0105.fits
5733/spec-5733-56575-0106.fits
5733/spec-5733-56575-0107.fits
5733/spec-5733-56575-0108.fits
5733/spec-5733-56575-0109.fits
5733/spec-5733-56575-0110.fits
5733/spec-5733-56575-0111.fits
5733/spec-5733-56575-0112.fits
5733/spec-5733-56575-0113.fits
5733/spec-5733-56575-0114.fits
5733/spec-5733-56575-0115.fits
5733/spec-5733-56575-0116.fits
5733/spec-5733-56575-0117.fits
5733/spec-5733-56575-0118.fits
5733/spec-5733-56575-0119.fits
5733/spec-5733-56575-0120.fits
5733/spec-5733-56575-0121.fits
5733/spec-5733-56575-0122.fits
5733/spec-5733-56575-0123.fits
5733/spec-5733-56575-0124.fits
5733/spec-5733-56575-0125.fits
5733/spec-5733-56575-0126.fits
5733/spec-5733-56575-0127.fits
5733/spec-5733-56575-0128.fits
5733/spec-5733-56575-0129.fits
5733/spec-5733-56575-0130.fits
5733/spec-5733-56575-0131.fits
5733/spec-5733-56575-0132.fits
5733/spec-5733-56575-0133.fits
5733/spec-5733-56575-0134.fits
5733/spec-5733-56575-0135.fits
5733/spec-5733-56575-0136.fits
5733/spec-5733-56575-0137.fits
5733/spec-5733-56575-0138.fits
5733/spec-5733-56575-0139.fits
5733/spec-5733-56575-0140.fits
5733/spec-5733-56575-0141.fits
5733/spec-5733-56575-0142.fits
5733/spec-5733-56575-0143.fits
5733/spec-5733-56575-0144.fits
5733/spec-5733-56575-0145.fits
5733/spec-5733-56575-0146.fits
5733/spec-5733-56575-0147.fits
5733/spec-5733-56575-0148.fits
5733/spec-5733-56575-0149.fits
5733/spec-5733-56575-0150.fits
5733/spec-5733-56575-0151.fits
5733/spec-5733-56575-0152.fits
5733/spec-5733-56575-0153.fits
5733/spec-5733-56575-0154.fits
5733/spec-5733-56575-0155.fits
5733/spec-5733-56575-0156.fits
5733/spec-5733-56575-0157.fits
5733/spec-5733-56575-0158.fits
5733/spec-5733-56575-0159.fits
5733/spec-5733-56575-0160.fits
5733/spec-5733-56575-0161.fits
5733/spec-5733-56575-0162.fits
5733/spec-5733-56575-0163.fits
5733/spec-5733-56575-0164.fits
5733/spec-5733-56575-0165.fits
5733/spec-5733-56575-0166.fits
5733/spec-5733-56575-0167.fits
5733/spec-5733-56575-0168.fits
5733/spec-5733-56575-0169.fits
5733/spec-5733-56575-0170.fits
5733/spec-5733-56575-0171.fits
5733/spec-5733-56575-0172.fits
5733/spec-5733-56575-0173.fits
5733/spec-5733-56575-0174.fits
5733/spec-5733-56575-0175.fits
5733/spec-5733-56575-0176.fits
5733/spec-5733-56575-0177.fits
5733/spec-5733-56575-0178.fits
5733/spec-5733-56575-0179.fits
5733/spec-5733-56575-0180.fits
5733/spec-5733-56575-0181.fits
5733/spec-5733-56575-0182.fits
5733/spec-5733-56575-0183.fits
5733/spec-5733-56575-0184.fits
5733/spec-5733-56575-0185.fits
5733/spec-5733-56575-0186.fits
5733/spec-5733-56575-0187.fits
5733/spec-5733-56575-0188.fits
5733/spec-5733-56575-0189.fits
5733/spec-5733-56575-0190.fits
5733/spec-5733-56575-0191.fits
5733/spec-5733-56575-0192.fits
5733/spec-5733-56575-0193.fits
5733/spec-5733-56575-0194.fits
5733/spec-5733-56575-0195.fits
5733/spec-5733-56575-0196.fits
5733/spec-5733-56575-0197.fits
5733/spec-5733-56575-0198.fits
5733/spec-5733-56575-0199.fits
5733/spec-5733-56575-0200.fits
5733/spec-5733-56575-0201.fits
5733/spec-5733-56575-0202.fits
5733/spec-5733-56575-0203.fits
5733/spec-5733-56575-0204.fits
5733/spec-5733-56575-0205.fits
5733/spec-5733-56575-0206.fits
5733/spec-5733-56575-0207.fits
5733/spec-5733-56575-0208.fits
5733/spec-5733-56575-0209.fits
5733/spec-5733-56575-0210.fits
5733/spec-5733-56575-0211.fits
5733/spec-5733-56575-0212.fits
5733/spec-5733-56575-0213.fits
5733/spec-5733-56575-0214.fits
5733/spec-5733-56575-0215.fits
5733/spec-5733-56575-0216.fits
5733/spec-5733-56575-0217.fits
5733/spec-5733-56575-0218.fits
5733/spec-5733-56575-0219.fits
5733/spec-5733-56575-0220.fits
5733/spec-5733-56575-0221.fits
5733/spec-5733-56575-0222.fits
5733/spec-5733-56575-0223.fits
5733/spec-5733-56575-0224.fits
5733/spec-5733-56575-0225.fits
5733/spec-5733-56575-0226.fits
5733/spec-5733-56575-0227.fits
5733/spec-5733-56575-0228.fits
5733/spec-5733-56575-0229.fits
5733/spec-5733-56575-0230.fits
5733/spec-5733-56575-0231.fits
5733/spec-5733-56575-0232.fits
5733/spec-5733-56575-0233.fits
5733/spec-5733-56575-0234.fits
5733/spec-5733-56575-0235.fits
5733/spec-5733-56575-0236.fits
5733/spec-5733-56575-0237.fits
5733/spec-5733-56575-0238.fits
5733/spec-5733-56575-0239.fits
5733/spec-5733-56575-0240.fits
5733/spec-5733-56575-0241.fits
5733/spec-5733-56575-0242.fits
5733/spec-5733-56575-0243.fits
5733/spec-5733-56575-0244.fits
5733/spec-5733-56575-0245.fits
5733/spec-5733-56575-0246.fits
5733/spec-5733-56575-0247.fits
5733/spec-5733-56575-0248.fits
5733/spec-5733-56575-0249.fits
5733/spec-5733-56575-0250.fits
5733/spec-5733-56575-0251.fits
5733/spec-5733-56575-0252.fits
5733/spec-5733-56575-0253.fits
5733/spec-5733-56575-0254.fits
5733/spec-5733-56575-0255.fits
5733/spec-5733-56575-0256.fits
5733/spec-5733-56575-0257.fits
5733/spec-5733-56575-0258.fits
5733/spec-5733-56575-0259.fits
5733/spec-5733-56575-0260.fits
5733/spec-5733-56575-0261.fits
5733/spec-5733-56575-0262.fits
5733/spec-5733-56575-0263.fits
5733/spec-5733-56575-0264.fits
5733/spec-5733-56575-0265.fits
5733/spec-5733-56575-0266.fits
5733/spec-5733-56575-0267.fits
5733/spec-5733-56575-0268.fits
5733/spec-5733-56575-0269.fits
5733/spec-5733-56575-0270.fits
5733/spec-5733-56575-0271.fits
5733/spec-5733-56575-0272.fits
5733/spec-5733-56575-0273.fits
5733/spec-5733-56575-0274.fits
5733/spec-5733-56575-0275.fits
5733/spec-5733-56575-0276.fits
5733/spec-5733-56575-0277.fits
5733/spec-5733-56575-0278.fits
5733/spec-5733-56575-0279.fits
5733/spec-5733-56575-0280.fits
5733/spec-5733-56575-0281.fits
5733/spec-5733-56575-0282.fits
5733/spec-5733-56575-0283.fits
5733/spec-5733-56575-0284.fits
5733/spec-5733-56575-0285.fits
5733/spec-5733-56575-0286.fits
5733/spec-5733-56575-0287.fits
5733/spec-5733-56575-0288.fits
5733/spec-5733-56575-0289.fits
5733/spec-5733-56575-0290.fits
5733/spec-5733-56575-0291.fits
5733/spec-5733-56575-0292.fits
5733/spec-5733-56575-0293.fits
5733/spec-5733-56575-0294.fits
5733/spec-5733-56575-0295.fits
5733/spec-5733-56575-0296.fits
5733/spec-5733-56575-0297.fits
5733/spec-5733-56575-0298.fits
5733/spec-5733-56575-0299.fits
5733/spec-5733-56575-0300.fits
5733/spec-5733-56575-0301.fits
5733/spec-5733-56575-0302.fits
5733/spec-5733-56575-0303.fits
5733/spec-5733-56575-0304.fits
5733/spec-5733-56575-0305.fits
5733/spec-5733-56575-0306.fits
5733/spec-5733-56575-0307.fits
5733/spec-5733-56575-0308.fits
5733/spec-5733-56575-0309.fits
5733/spec-5733-56575-0310.fits
5733/spec-5733-56575-0311.fits
5733/spec-5733-56575-0312.fits
5733/spec-5733-56575-0313.fits
5733/spec-5733-56575-0314.fits
5733/spec-5733-56575-0315.fits
5733/spec-5733-56575-0316.fits
5733/spec-5733-56575-0317.fits
5733/spec-5733-56575-0318.fits
5733/spec-5733-56575-0319.fits
5733/spec-5733-56575-0320.fits
5733/spec-5733-56575-0321.fits
5733/spec-5733-56575-0322.fits
5733/spec-5733-56575-0323.fits
5733/spec-5733-56575-0324.fits
5733/spec-5733-56575-0325.fits
5733/spec-5733-56575-0326.fits
5733/spec-5733-56575-0327.fits
5733/spec-5733-56575-0328.fits
5733/spec-5733-56575-0329.fits
5733/spec-5733-56575-0330.fits
5733/spec-5733-56575-0331.fits
5733/spec-5733-56575-0332.fits
5733/spec-5733-56575-0333.fits
5733/spec-5733-56575-0334.fits
5733/spec-5733-56575-0335.fits
5733/spec-5733-56575-0336.fits
5733/spec-5733-56575-0337.fits
5733/spec-5733-56575-0338.fits
5733/spec-5733-56575-0339.fits
5733/spec-5733-56575-0340.fits
5733/spec-5733-56575-0341.fits
5733/spec-5733-56575-0342.fits
5733/spec-5733-56575-0343.fits
5733/spec-5733-56575-0344.fits
5733/spec-5733-56575-0345.fits
5733/spec-5733-56575-0346.fits
5733/spec-5733-56575-0347.fits
5733/spec-5733-56575-0348.fits
5733/spec-5733-56575-0349.fits
5733/spec-5733-56575-0350.fits
5733/spec-5733-56575-0351.fits
5733/spec-5733-56575-0352.fits
5733/spec-5733-56575-0353.fits
5733/spec-5733-56575-0354.fits
5733/spec-5733-56575-0355.fits
5733/spec-5733-56575-0356.fits
5733/spec-5733-56575-0357.fits
5733/spec-5733-56575-0358.fits
5733/spec-5733-56575-0359.fits
5733/spec-5733-56575-0360.fits
5733/spec-5733-56575-0361.fits
5733/spec-5733-56575-0362.fits
5733/spec-5733-56575-0363.fits
5733/spec-5733-56575-0364.fits
5733/spec-5733-56575-0365.fits
5733/spec-5733-56575-0366.fits
5733/spec-5733-56575-0367.fits
5733/spec-5733-56575-0368.fits
5733/spec-5733-56575-0369.fits
5733/spec-5733-56575-0370.fits
5733/spec-5733-56575-0371.fits
5733/spec-5733-56575-0372.fits
5733/spec-5733-56575-0373.fits
5733/spec-5733-56575-0374.fits
5733/spec-5733-56575-0375.fits
5733/spec-5733-56575-0376.fits
5733/spec-5733-56575-0377.fits
5733/spec-5733-56575-0378.fits
5733/spec-5733-56575-0379.fits
5733/spec-5733-56575-0380.fits
5733/spec-5733-56575-0381.fits
5733/spec-5733-56575-0382.fits
5733/spec-5733-56575-0383.fits
5733/spec-5733-56575-0384.fits
5733/spec-5733-56575-0385.fits
5733/spec-5733-56575-0386.fits
5733/spec-5733-56575-0387.fits
5733/spec-5733-56575-0388.fits
5733/spec-5733-56575-0389.fits
5733/spec-5733-56575-0390.fits
5733/spec-5733-56575-0391.fits
5733/spec-5733-56575-0392.fits
5733/spec-5733-56575-0393.fits
5733/spec-5733-56575-0394.fits
5733/spec-5733-56575-0395.fits
5733/spec-5733-56575-0396.fits
5733/spec-5733-56575-0397.fits
5733/spec-5733-56575-0398.fits
5733/spec-5733-56575-0399.fits
5733/spec-5733-56575-0400.fits
5733/spec-5733-56575-0401.fits
5733/spec-5733-56575-0402.fits
5733/spec-5733-56575-0403.fits
5733/spec-5733-56575-0404.fits
5733/spec-5733-56575-0405.fits
5733/spec-5733-56575-0406.fits
5733/spec-5733-56575-0407.fits
5733/spec-5733-56575-0408.fits
5733/spec-5733-56575-0409.fits
5733/spec-5733-56575-0410.fits
5733/spec-5733-56575-0411.fits
5733/spec-5733-56575-0412.fits
5733/spec-5733-56575-0413.fits
5733/spec-5733-56575-0414.fits
5733/spec-5733-56575-0415.fits
5733/spec-5733-56575-0416.fits
5733/spec-5733-56575-0417.fits
5733/spec-5733-56575-0418.fits
5733/spec-5733-56575-0419.fits
5733/spec-5733-56575-0420.fits
5733/spec-5733-56575-0421.fits
5733/spec-5733-56575-0422.fits
5733/spec-5733-56575-0423.fits
5733/spec-5733-56575-0424.fits
5733/spec-5733-56575-0425.fits
5733/spec-5733-56575-0426.fits
5733/spec-5733-56575-0427.fits
5733/spec-5733-56575-0428.fits
5733/spec-5733-56575-0429.fits
5733/spec-5733-56575-0430.fits
5733/spec-5733-56575-0431.fits
5733/spec-5733-56575-0432.fits
5733/spec-5733-56575-0433.fits
5733/spec-5733-56575-0434.fits
5733/spec-5733-56575-0435.fits
5733/spec-5733-56575-0436.fits
5733/spec-5733-56575-0437.fits
5733/spec-5733-56575-0438.fits
5733/spec-5733-56575-0439.fits
5733/spec-5733-56575-0440.fits
5733/spec-5733-56575-0441.fits
5733/spec-5733-56575-0442.fits
5733/spec-5733-56575-0443.fits
5733/spec-5733-56575-0444.fits
5733/spec-5733-56575-0445.fits
5733/spec-5733-56575-0446.fits
5733/spec-5733-56575-0447.fits
5733/spec-5733-56575-0448.fits
5733/spec-5733-56575-0449.fits
5733/spec-5733-56575-0450.fits
5733/spec-5733-56575-0451.fits
5733/spec-5733-56575-0452.fits
5733/spec-5733-56575-0453.fits
5733/spec-5733-56575-0454.fits
5733/spec-5733-56575-0455.fits
5733/spec-5733-56575-0456.fits
5733/spec-5733-56575-0457.fits
5733/spec-5733-56575-0458.fits
5733/spec-5733-56575-0459.fits
5733/spec-5733-56575-0460.fits
5733/spec-5733-56575-0461.fits
5733/spec-5733-56575-0462.fits
5733/spec-5733-56575-0463.fits
5733/spec-5733-56575-0464.fits
5733/spec-5733-56575-0465.fits
5733/spec-5733-56575-0466.fits
5733/spec-5733-56575-0467.fits
5733/spec-5733-56575-0468.fits
5733/spec-5733-56575-0469.fits
5733/spec-5733-56575-0470.fits
5733/spec-5733-56575-0471.fits
5733/spec-5733-56575-0472.fits
5733/spec-5733-56575-0473.fits
5733/spec-5733-56575-0474.fits
5733/spec-5733-56575-0475.fits
5733/spec-5733-56575-0476.fits
5733/spec-5733-56575-0477.fits
5733/spec-5733-56575-0478.fits
5733/spec-5733-56575-0479.fits
5733/spec-5733-56575-0480.fits
5733/spec-5733-56575-0481.fits
5733/spec-5733-56575-0482.fits
5733/spec-5733-56575-0483.fits
5733/spec-5733-56575-0484.fits
5733/spec-5733-56575-0485.fits
5733/spec-5733-56575-0486.fits
5733/spec-5733-56575-0487.fits
5733/spec-5733-56575-0488.fits
5733/spec-5733-56575-0489.fits
5733/spec-5733-56575-0490.fits
5733/spec-5733-56575-0491.fits
5733/spec-5733-56575-0492.fits
5733/spec-5733-56575-0493.fits
5733/spec-5733-56575-0494.fits
5733/spec-5733-56575-0495.fits
5733/spec-5733-56575-0496.fits
5733/spec-5733-56575-0497.fits
5733/spec-5733-56575-0498.fits
5733/spec-5733-56575-0499.fits
5733/spec-5733-56575-0500.fits
5733/spec-5733-56575-0501.fits
5733/spec-5733-56575-0502.fits
5733/spec-5733-56575-0503.fits
5733/spec-5733-56575-0504.fits
5733/spec-5733-56575-0505.fits
5733/spec-5733-56575-0506.fits
5733/spec-5733-56575-0507.fits
5733/spec-5733-56575-0508.fits
5733/spec-5733-56575-0509.fits
5733/spec-5733-56575-0510.fits
5733/spec-5733-56575-0511.fits
5733/spec-5733-56575-0512.fits
5733/spec-5733-56575-0513.fits
5733/spec-5733-56575-0514.fits
5733/spec-5733-56575-0515.fits
5733/spec-5733-56575-0516.fits
5733/spec-5733-56575-0517.fits
5733/spec-5733-56575-0518.fits
5733/spec-5733-56575-0519.fits
5733/spec-5733-56575-0520.fits
5733/spec-5733-56575-0521.fits
5733/spec-5733-56575-0522.fits
5733/spec-5733-56575-0523.fits
5733/spec-5733-56575-0524.fits
5733/spec-5733-56575-0525.fits
5733/spec-5733-56575-0526.fits
5733/spec-5733-56575-0527.fits
5733/spec-5733-56575-0528.fits
5733/spec-5733-56575-0529.fits
5733/spec-5733-56575-0530.fits
5733/spec-5733-56575-0531.fits
5733/spec-5733-56575-0532.fits
5733/spec-5733-56575-0533.fits
5733/spec-5733-56575-0534.fits
5733/spec-5733-56575-0535.fits
5733/spec-5733-56575-0536.fits
5733/spec-5733-56575-0537.fits
5733/spec-5733-56575-0538.fits
5733/spec-5733-56575-0539.fits
5733/spec-5733-56575-0540.fits
5733/spec-5733-56575-0541.fits
5733/spec-5733-56575-0542.fits
5733/spec-5733-56575-0543.fits
5733/spec-5733-56575-0544.fits
5733/spec-5733-56575-0545.fits
5733/spec-5733-56575-0546.fits
5733/spec-5733-56575-0547.fits
5733/spec-5733-56575-0548.fits
5733/spec-5733-56575-0549.fits
5733/spec-5733-56575-0550.fits
5733/spec-5733-56575-0551.fits
5733/spec-5733-56575-0552.fits
5733/spec-5733-56575-0553.fits
5733/spec-5733-56575-0554.fits
5733/spec-5733-56575-0555.fits
5733/spec-5733-56575-0556.fits
5733/spec-5733-56575-0557.fits
5733/spec-5733-56575-0558.fits
5733/spec-5733-56575-0559.fits
5733/spec-5733-56575-0560.fits
5733/spec-5733-56575-0561.fits
5733/spec-5733-56575-0562.fits
5733/spec-5733-56575-0563.fits
5733/spec-5733-56575-0564.fits
5733/spec-5733-56575-0565.fits
5733/spec-5733-56575-0566.fits
5733/spec-5733-56575-0567.fits
5733/spec-5733-56575-0568.fits
5733/spec-5733-56575-0569.fits
5733/spec-5733-56575-0570.fits
5733/spec-5733-56575-0571.fits
5733/spec-5733-56575-0572.fits
5733/spec-5733-56575-0573.fits
5733/spec-5733-56575-0574.fits
5733/spec-5733-56575-0575.fits
5733/spec-5733-56575-0576.fits
5733/spec-5733-56575-0577.fits
5733/spec-5733-56575-0578.fits
5733/spec-5733-56575-0579.fits
5733/spec-5733-56575-0580.fits
5733/spec-5733-56575-0581.fits
5733/spec-5733-56575-0582.fits
5733/spec-5733-56575-0583.fits
5733/spec-5733-56575-0584.fits
5733/spec-5733-56575-0585.fits
5733/spec-5733-56575-0586.fits
5733/spec-5733-56575-0587.fits
5733/spec-5733-56575-0588.fits
5733/spec-5733-56575-0589.fits
5733/spec-5733-56575-0590.fits
5733/spec-5733-56575-0591.fits
5733/spec-5733-56575-0592.fits
5733/spec-5733-56575-0593.fits
5733/spec-5733-56575-0594.fits
5733/spec-5733-56575-0595.fits
5733/spec-5733-56575-0596.fits
5733/spec-5733-56575-0597.fits
5733/spec-5733-56575-0598.fits
5733/spec-5733-56575-0599.fits
5733/spec-5733-56575-0600.fits
5733/spec-5733-56575-0601.fits
5733/spec-5733-56575-0602.fits
5733/spec-5733-56575-0603.fits
5733/spec-5733-56575-0604.fits
5733/spec-5733-56575-0605.fits
5733/spec-5733-56575-0606.fits
5733/spec-5733-56575-0607.fits
5733/spec-5733-56575-0608.fits
5733/spec-5733-56575-0609.fits
5733/spec-5733-56575-0610.fits
5733/spec-5733-56575-0611.fits
5733/spec-5733-56575-0612.fits
5733/spec-5733-56575-0613.fits
5733/spec-5733-56575-0614.fits
5733/spec-5733-56575-0615.fits
5733/spec-5733-56575-0616.fits
5733/spec-5733-56575-0617.fits
5733/spec-5733-56575-0618.fits
5733/spec-5733-56575-0619.fits
5733/spec-5733-56575-0620.fits
5733/spec-5733-56575-0621.fits
5733/spec-5733-56575-0622.fits
5733/spec-5733-56575-0623.fits
5733/spec-5733-56575-0624.fits
5733/spec-5733-56575-0625.fits
5733/spec-5733-56575-0626.fits
5733/spec-5733-56575-0627.fits
5733/spec-5733-56575-0628.fits
5733/spec-5733-56575-0629.fits
5733/spec-5733-56575-0630.fits
5733/spec-5733-56575-0631.fits
5733/spec-5733-56575-0632.fits
5733/spec-5733-56575-0633.fits
5733/spec-5733-56575-0634.fits
5733/spec-5733-56575-0635.fits
5733/spec-5733-56575-0636.fits
5733/spec-5733-56575-0637.fits
5733/spec-5733-56575-0638.fits
5733/spec-5733-56575-0639.fits
5733/spec-5733-56575-0640.fits
5733/spec-5733-56575-0641.fits
5733/spec-5733-56575-0642.fits
5733/spec-5733-56575-0643.fits
5733/spec-5733-56575-0644.fits
5733/spec-5733-56575-0645.fits
5733/spec-5733-56575-0646.fits
5733/spec-5733-56575-0647.fits
5733/spec-5733-56575-0648.fits
5733/spec-5733-56575-0649.fits
5733/spec-5733-56575-0650.fits
5733/spec-5733-56575-0651.fits
5733/spec-5733-56575-0652.fits
5733/spec-5733-56575-0653.fits
5733/spec-5733-56575-0654.fits
5733/spec-5733-56575-0655.fits
5733/spec-5733-56575-0656.fits
5733/spec-5733-56575-0657.fits
5733/spec-5733-56575-0658.fits
5733/spec-5733-56575-0659.fits
5733/spec-5733-56575-0660.fits
5733/spec-5733-56575-0661.fits
5733/spec-5733-56575-0662.fits
5733/spec-5733-56575-0663.fits
5733/spec-5733-56575-0664.fits
5733/spec-5733-56575-0665.fits
5733/spec-5733-56575-0666.fits
5733/spec-5733-56575-0667.fits
5733/spec-5733-56575-0668.fits
5733/spec-5733-56575-0669.fits
5733/spec-5733-56575-0670.fits
5733/spec-5733-56575-0671.fits
5733/spec-5733-56575-0672.fits
5733/spec-5733-56575-0673.fits
5733/spec-5733-56575-0674.fits
5733/spec-5733-56575-0675.fits
5733/spec-5733-56575-0676.fits
5733/spec-5733-56575-0677.fits
5733/spec-5733-56575-0678.fits
5733/spec-5733-56575-0679.fits
5733/spec-5733-56575-0680.fits
5733/spec-5733-56575-0681.fits
5733/spec-5733-56575-0682.fits
5733/spec-5733-56575-0683.fits
5733/spec-5733-56575-0684.fits
5733/spec-5733-56575-0685.fits
5733/spec-5733-56575-0686.fits
5733/spec-5733-56575-0687.fits
5733/spec-5733-56575-0688.fits
5733/spec-5733-56575-0689.fits
5733/spec-5733-56575-0690.fits
5733/spec-5733-56575-0691.fits
5733/spec-5733-56575-0692.fits
5733/spec-5733-56575-0693.fits
5733/spec-5733-56575-0694.fits
5733/spec-5733-56575-0695.fits
5733/spec-5733-56575-0696.fits
5733/spec-5733-56575-0697.fits
5733/spec-5733-56575-0698.fits
5733/spec-5733-56575-0699.fits
5733/spec-5733-56575-0700.fits
5733/spec-5733-56575-0701.fits
5733/spec-5733-56575-0702.fits
5733/spec-5733-56575-0703.fits
5733/spec-5733-56575-0704.fits
5733/spec-5733-56575-0705.fits
5733/spec-5733-56575-0706.fits
5733/spec-5733-56575-0707.fits
5733/spec-5733-56575-0708.fits
5733/spec-5733-56575-0709.fits
5733/spec-5733-56575-0710.fits
5733/spec-5733-56575-0711.fits
5733/spec-5733-56575-0712.fits
5733/spec-5733-56575-0713.fits
5733/spec-5733-56575-0714.fits
5733/spec-5733-56575-0715.fits
5733/spec-5733-56575-0716.fits
5733/spec-5733-56575-0717.fits
5733/spec-5733-56575-0718.fits
5733/spec-5733-56575-0719.fits
5733/spec-5733-56575-0720.fits
5733/spec-5733-56575-0721.fits
5733/spec-5733-56575-0722.fits
5733/spec-5733-56575-0723.fits
5733/spec-5733-56575-0724.fits
5733/spec-5733-56575-0725.fits
5733/spec-5733-56575-0726.fits
5733/spec-5733-56575-0727.fits
5733/spec-5733-56575-0728.fits
5733/spec-5733-56575-0729.fits
5733/spec-5733-56575-0730.fits
5733/spec-5733-56575-0731.fits
5733/spec-5733-56575-0732.fits
5733/spec-5733-56575-0733.fits
5733/spec-5733-56575-0734.fits
5733/spec-5733-56575-0735.fits
5733/spec-5733-56575-0736.fits
5733/spec-5733-56575-0737.fits
5733/spec-5733-56575-0738.fits
5733/spec-5733-56575-0739.fits
5733/spec-5733-56575-0740.fits
5733/spec-5733-56575-0741.fits
5733/spec-5733-56575-0742.fits
5733/spec-5733-56575-0743.fits
5733/spec-5733-56575-0744.fits
5733/spec-5733-56575-0745.fits
5733/spec-5733-56575-0746.fits
5733/spec-5733-56575-0747.fits
5733/spec-5733-56575-0748.fits
5733/spec-5733-56575-0749.fits
5733/spec-5733-56575-0750.fits
5733/spec-5733-56575-0751.fits
5733/spec-5733-56575-0752.fits
5733/spec-5733-56575-0753.fits
5733/spec-5733-56575-0754.fits
5733/spec-5733-56575-0755.fits
5733/spec-5733-56575-0756.fits
5733/spec-5733-56575-0757.fits
5733/spec-5733-56575-0758.fits
5733/spec-5733-56575-0759.fits
5733/spec-5733-56575-0760.fits
5733/spec-5733-56575-0761.fits
5733/spec-5733-56575-0762.fits
5733/spec-5733-56575-0763.fits
5733/spec-5733-56575-0764.fits
5733/spec-5733-56575-0765.fits
5733/spec-5733-56575-0766.fits
5733/spec-5733-56575-0767.fits
5733/spec-5733-56575-0768.fits
5733/spec-5733-56575-0769.fits
5733/spec-5733-56575-0770.fits
5733/spec-5733-56575-0771.fits
5733/spec-5733-56575-0772.fits
5733/spec-5733-56575-0773.fits
5733/spec-5733-56575-0774.fits
5733/spec-5733-56575-0775.fits
5733/spec-5733-56575-0776.fits
5733/spec-5733-56575-0777.fits
5733/spec-5733-56575-0778.fits
5733/spec-5733-56575-0779.fits
5733/spec-5733-56575-0780.fits
5733/spec-5733-56575-0781.fits
5733/spec-5733-56575-0782.fits
5733/spec-5733-56575-0783.fits
5733/spec-5733-56575-0784.fits
5733/spec-5733-56575-0785.fits
5733/spec-5733-56575-0786.fits
5733/spec-5733-56575-0787.fits
5733/spec-5733-56575-0788.fits
5733/spec-5733-56575-0789.fits
5733/spec-5733-56575-0790.fits
5733/spec-5733-56575-0791.fits
5733/spec-5733-56575-0792.fits
5733/spec-5733-56575-0793.fits
5733/spec-5733-56575-0794.fits
5733/spec-5733-56575-0795.fits
5733/spec-5733-56575-0796.fits
5733/spec-5733-56575-0797.fits
5733/spec-5733-56575-0798.fits
5733/spec-5733-56575-0799.fits
5733/spec-5733-56575-0800.fits
5733/spec-5733-56575-0801.fits
5733/spec-5733-56575-0802.fits
5733/spec-5733-56575-0803.fits
5733/spec-5733-56575-0804.fits
5733/spec-5733-56575-0805.fits
5733/spec-5733-56575-0806.fits
5733/spec-5733-56575-0807.fits
5733/spec-5733-56575-0808.fits
5733/spec-5733-56575-0809.fits
5733/spec-5733-56575-0810.fits
5733/spec-5733-56575-0811.fits
5733/spec-5733-56575-0812.fits
5733/spec-5733-56575-0813.fits
5733/spec-5733-56575-0814.fits
5733/spec-5733-56575-0815.fits
5733/spec-5733-56575-0816.fits
5733/spec-5733-56575-0817.fits
5733/spec-5733-56575-0818.fits
5733/spec-5733-56575-0819.fits
5733/spec-5733-56575-0820.fits
5733/spec-5733-56575-0821.fits
5733/spec-5733-56575-0822.fits
5733/spec-5733-56575-0823.fits
5733/spec-5733-56575-0824.fits
5733/spec-5733-56575-0825.fits
5733/spec-5733-56575-0826.fits
5733/spec-5733-56575-0827.fits
5733/spec-5733-56575-0828.fits
5733/spec-5733-56575-0829.fits
5733/spec-5733-56575-0830.fits
5733/spec-5733-56575-0831.fits
5733/spec-5733-56575-0832.fits
5733/spec-5733-56575-0833.fits
5733/spec-5733-56575-0834.fits
5733/spec-5733-56575-0835.fits
5733/spec-5733-56575-0836.fits
5733/spec-5733-56575-0837.fits
5733/spec-5733-56575-0838.fits
5733/spec-5733-56575-0839.fits
5733/spec-5733-56575-0840.fits
5733/spec-5733-56575-0841.fits
5733/spec-5733-56575-0842.fits
5733/spec-5733-56575-0843.fits
5733/spec-5733-56575-0844.fits
5733/spec-5733-56575-0845.fits
5733/spec-5733-56575-0846.fits
5733/spec-5733-56575-0847.fits
5733/spec-5733-56575-0848.fits
5733/spec-5733-56575-0849.fits
5733/spec-5733-56575-0850.fits
5733/spec-5733-56575-0851.fits
5733/spec-5733-56575-0852.fits
5733/spec-5733-56575-0853.fits
5733/spec-5733-56575-0854.fits
5733/spec-5733-56575-0855.fits
5733/spec-5733-56575-0856.fits
5733/spec-5733-56575-0857.fits
5733/spec-5733-56575-0858.fits
5733/spec-5733-56575-0859.fits
5733/spec-5733-56575-0860.fits
5733/spec-5733-56575-0861.fits
5733/spec-5733-56575-0862.fits
5733/spec-5733-56575-0863.fits
5733/spec-5733-56575-0864.fits
5733/spec-5733-56575-0865.fits
5733/spec-5733-56575-0866.fits
5733/spec-5733-56575-0867.fits
5733/spec-5733-56575-0868.fits
5733/spec-5733-56575-0869.fits
5733/spec-5733-56575-0870.fits
5733/spec-5733-56575-0871.fits
5733/spec-5733-56575-0872.fits
5733/spec-5733-56575-0873.fits
5733/spec-5733-56575-0874.fits
5733/spec-5733-56575-0875.fits
5733/spec-5733-56575-0876.fits
5733/spec-5733-56575-0877.fits
5733/spec-5733-56575-0878.fits
5733/spec-5733-56575-0879.fits
5733/spec-5733-56575-0880.fits
5733/spec-5733-56575-0881.fits
5733/spec-5733-56575-0882.fits
5733/spec-5733-56575-0883.fits
5733/spec-5733-56575-0884.fits
5733/spec-5733-56575-0885.fits
5733/spec-5733-56575-0886.fits
5733/spec-5733-56575-0887.fits
5733/spec-5733-56575-0888.fits
5733/spec-5733-56575-0889.fits
5733/spec-5733-56575-0890.fits
5733/spec-5733-56575-0891.fits
5733/spec-5733-56575-0892.fits
5733/spec-5733-56575-0893.fits
5733/spec-5733-56575-0894.fits
5733/spec-5733-56575-0895.fits
5733/spec-5733-56575-0896.fits
5733/spec-5733-56575-0897.fits
5733/spec-5733-56575-0898.fits
5733/spec-5733-56575-0899.fits
5733/spec-5733-56575-0900.fits
5733/spec-5733-56575-0901.fits
5733/spec-5733-56575-0902.fits
5733/spec-5733-56575-0903.fits
5733/spec-5733-56575-0904.fits
5733/spec-5733-56575-0905.fits
5733/spec-5733-56575-0906.fits
5733/spec-5733-56575-0907.fits
5733/spec-5733-56575-0908.fits
5733/spec-5733-56575-0909.fits
5733/spec-5733-56575-0910.fits
5733/spec-5733-56575-0911.fits
5733/spec-5733-56575-0912.fits
5733/spec-5733-56575-0913.fits
5733/spec-5733-56575-0914.fits
5733/spec-5733-56575-0915.fits
5733/spec-5733-56575-0916.fits
5733/spec-5733-56575-0917.fits
5733/spec-5733-56575-0918.fits
5733/spec-5733-56575-0919.fits
5733/spec-5733-56575-0920.fits
5733/spec-5733-56575-0921.fits
5733/spec-5733-56575-0922.fits
5733/spec-5733-56575-0923.fits
5733/spec-5733-56575-0924.fits
5733/spec-5733-56575-0925.fits
5733/spec-5733-56575-0926.fits
5733/spec-5733-56575-0927.fits
5733/spec-5733-56575-0928.fits
5733/spec-5733-56575-0929.fits
5733/spec-5733-56575-0930.fits
5733/spec-5733-56575-0931.fits
5733/spec-5733-56575-0932.fits
5733/spec-5733-56575-0933.fits
5733/spec-5733-56575-0934.fits
5733/spec-5733-56575-0935.fits
5733/spec-5733-56575-0936.fits
5733/spec-5733-56575-0937.fits
5733/spec-5733-56575-0938.fits
5733/spec-5733-56575-0939.fits
5733/spec-5733-56575-0940.fits
5733/spec-5733-56575-0941.fits
5733/spec-5733-56575-0942.fits
5733/spec-5733-56575-0943.fits
5733/spec-5733-56575-0944.fits
5733/spec-5733-56575-0945.fits
5733/spec-5733-56575-0946.fits
5733/spec-5733-56575-0947.fits
5733/spec-5733-56575-0948.fits
5733/spec-5733-56575-0949.fits
5733/spec-5733-56575-0950.fits
5733/spec-5733-56575-0951.fits
5733/spec-5733-56575-0952.fits
5733/spec-5733-56575-0953.fits
5733/spec-5733-56575-0954.fits
5733/spec-5733-56575-0955.fits
5733/spec-5733-56575-0956.fits
5733/spec-5733-56575-0957.fits
5733/spec-5733-56575-0958.fits
5733/spec-5733-56575-0959.fits
5733/spec-5733-56575-0960.fits
5733/spec-5733-56575-0961.fits
5733/spec-5733-56575-0962.fits
5733/spec-5733-56575-0963.fits
5733/spec-5733-56575-0964.fits
5733/spec-5733-56575-0965.fits
5733/spec-5733-56575-0966.fits
5733/spec-5733-56575-0967.fits
5733/spec-5733-56575-0968.fits
5733/spec-5733-56575-0969.fits
5733/spec-5733-56575-0970.fits
5733/spec-5733-56575-0971.fits
5733/spec-5733-56575-0972.fits
5733/spec-5733-56575-0973.fits
5733/spec-5733-56575-0974.fits
5733/spec-5733-56575-0975.fits
5733/spec-5733-56575-0976.fits
5733/spec-5733-56575-0977.fits
5733/spec-5733-56575-0978.fits
5733/spec-5733-56575-0979.fits
5733/spec-5733-56575-0980.fits
5733/spec-5733-56575-0981.fits
5733/spec-5733-56575-0982.fits
5733/spec-5733-56575-0983.fits
5733/spec-5733-56575-0984.fits
5733/spec-5733-56575-0985.fits
5733/spec-5733-56575-0986.fits
5733/spec-5733-56575-0987.fits
5733/spec-5733-56575-0988.fits
5733/spec-5733-56575-0989.fits
5733/spec-5733-56575-0990.fits
5733/spec-5733-56575-0991.fits
5733/spec-5733-56575-0992.fits
5733/spec-5733-56575-0993.fits
5733/spec-5733-56575-0994.fits
5733/spec-5733-56575-0995.fits
5733/spec-5733-56575-0996.fits
5733/spec-5733-56575-0997.fits
5733/spec-5733-56575-0998.fits
5733/spec-5733-56575-0999.fits
5733/spec-5733-56575-1000.fits
/var/lib/condor/execute/slot1/dir_8587
5733 5733.tgz R R361.tar.gz _condor_stderr _condor_stdout cB58_Lyman_break.fit condor_exec.exe hw4.R packages packages.tar.gz tmp var
[1] "Loaded package astro."
[1] 1000
5733 5733.csv 5733.tgz R R361.tar.gz _condor_stderr _condor_stdout cB58_Lyman_break.fit condor_exec.exe hw4.R packages packages.tar.gz tmp var
