5766
5766/
5766/spec-5766-56248-0001.fits
5766/spec-5766-56248-0002.fits
5766/spec-5766-56248-0003.fits
5766/spec-5766-56248-0004.fits
5766/spec-5766-56248-0005.fits
5766/spec-5766-56248-0006.fits
5766/spec-5766-56248-0007.fits
5766/spec-5766-56248-0008.fits
5766/spec-5766-56248-0009.fits
5766/spec-5766-56248-0010.fits
5766/spec-5766-56248-0011.fits
5766/spec-5766-56248-0012.fits
5766/spec-5766-56248-0013.fits
5766/spec-5766-56248-0014.fits
5766/spec-5766-56248-0015.fits
5766/spec-5766-56248-0016.fits
5766/spec-5766-56248-0017.fits
5766/spec-5766-56248-0018.fits
5766/spec-5766-56248-0019.fits
5766/spec-5766-56248-0020.fits
5766/spec-5766-56248-0021.fits
5766/spec-5766-56248-0022.fits
5766/spec-5766-56248-0023.fits
5766/spec-5766-56248-0024.fits
5766/spec-5766-56248-0025.fits
5766/spec-5766-56248-0026.fits
5766/spec-5766-56248-0027.fits
5766/spec-5766-56248-0028.fits
5766/spec-5766-56248-0029.fits
5766/spec-5766-56248-0030.fits
5766/spec-5766-56248-0031.fits
5766/spec-5766-56248-0032.fits
5766/spec-5766-56248-0033.fits
5766/spec-5766-56248-0034.fits
5766/spec-5766-56248-0035.fits
5766/spec-5766-56248-0036.fits
5766/spec-5766-56248-0037.fits
5766/spec-5766-56248-0038.fits
5766/spec-5766-56248-0039.fits
5766/spec-5766-56248-0040.fits
5766/spec-5766-56248-0041.fits
5766/spec-5766-56248-0042.fits
5766/spec-5766-56248-0043.fits
5766/spec-5766-56248-0044.fits
5766/spec-5766-56248-0045.fits
5766/spec-5766-56248-0046.fits
5766/spec-5766-56248-0047.fits
5766/spec-5766-56248-0048.fits
5766/spec-5766-56248-0049.fits
5766/spec-5766-56248-0050.fits
5766/spec-5766-56248-0051.fits
5766/spec-5766-56248-0052.fits
5766/spec-5766-56248-0053.fits
5766/spec-5766-56248-0054.fits
5766/spec-5766-56248-0055.fits
5766/spec-5766-56248-0056.fits
5766/spec-5766-56248-0057.fits
5766/spec-5766-56248-0058.fits
5766/spec-5766-56248-0059.fits
5766/spec-5766-56248-0060.fits
5766/spec-5766-56248-0061.fits
5766/spec-5766-56248-0062.fits
5766/spec-5766-56248-0063.fits
5766/spec-5766-56248-0064.fits
5766/spec-5766-56248-0065.fits
5766/spec-5766-56248-0066.fits
5766/spec-5766-56248-0067.fits
5766/spec-5766-56248-0068.fits
5766/spec-5766-56248-0069.fits
5766/spec-5766-56248-0070.fits
5766/spec-5766-56248-0071.fits
5766/spec-5766-56248-0072.fits
5766/spec-5766-56248-0073.fits
5766/spec-5766-56248-0074.fits
5766/spec-5766-56248-0075.fits
5766/spec-5766-56248-0076.fits
5766/spec-5766-56248-0077.fits
5766/spec-5766-56248-0078.fits
5766/spec-5766-56248-0079.fits
5766/spec-5766-56248-0080.fits
5766/spec-5766-56248-0081.fits
5766/spec-5766-56248-0082.fits
5766/spec-5766-56248-0083.fits
5766/spec-5766-56248-0084.fits
5766/spec-5766-56248-0085.fits
5766/spec-5766-56248-0086.fits
5766/spec-5766-56248-0087.fits
5766/spec-5766-56248-0088.fits
5766/spec-5766-56248-0089.fits
5766/spec-5766-56248-0090.fits
5766/spec-5766-56248-0091.fits
5766/spec-5766-56248-0092.fits
5766/spec-5766-56248-0093.fits
5766/spec-5766-56248-0094.fits
5766/spec-5766-56248-0095.fits
5766/spec-5766-56248-0096.fits
5766/spec-5766-56248-0097.fits
5766/spec-5766-56248-0098.fits
5766/spec-5766-56248-0099.fits
5766/spec-5766-56248-0100.fits
5766/spec-5766-56248-0101.fits
5766/spec-5766-56248-0102.fits
5766/spec-5766-56248-0103.fits
5766/spec-5766-56248-0104.fits
5766/spec-5766-56248-0105.fits
5766/spec-5766-56248-0106.fits
5766/spec-5766-56248-0107.fits
5766/spec-5766-56248-0108.fits
5766/spec-5766-56248-0109.fits
5766/spec-5766-56248-0110.fits
5766/spec-5766-56248-0111.fits
5766/spec-5766-56248-0112.fits
5766/spec-5766-56248-0113.fits
5766/spec-5766-56248-0114.fits
5766/spec-5766-56248-0115.fits
5766/spec-5766-56248-0116.fits
5766/spec-5766-56248-0117.fits
5766/spec-5766-56248-0118.fits
5766/spec-5766-56248-0119.fits
5766/spec-5766-56248-0120.fits
5766/spec-5766-56248-0121.fits
5766/spec-5766-56248-0122.fits
5766/spec-5766-56248-0123.fits
5766/spec-5766-56248-0124.fits
5766/spec-5766-56248-0125.fits
5766/spec-5766-56248-0126.fits
5766/spec-5766-56248-0127.fits
5766/spec-5766-56248-0128.fits
5766/spec-5766-56248-0129.fits
5766/spec-5766-56248-0130.fits
5766/spec-5766-56248-0131.fits
5766/spec-5766-56248-0132.fits
5766/spec-5766-56248-0133.fits
5766/spec-5766-56248-0134.fits
5766/spec-5766-56248-0135.fits
5766/spec-5766-56248-0136.fits
5766/spec-5766-56248-0137.fits
5766/spec-5766-56248-0138.fits
5766/spec-5766-56248-0139.fits
5766/spec-5766-56248-0140.fits
5766/spec-5766-56248-0141.fits
5766/spec-5766-56248-0142.fits
5766/spec-5766-56248-0143.fits
5766/spec-5766-56248-0144.fits
5766/spec-5766-56248-0145.fits
5766/spec-5766-56248-0146.fits
5766/spec-5766-56248-0147.fits
5766/spec-5766-56248-0148.fits
5766/spec-5766-56248-0149.fits
5766/spec-5766-56248-0150.fits
5766/spec-5766-56248-0151.fits
5766/spec-5766-56248-0152.fits
5766/spec-5766-56248-0153.fits
5766/spec-5766-56248-0154.fits
5766/spec-5766-56248-0155.fits
5766/spec-5766-56248-0156.fits
5766/spec-5766-56248-0157.fits
5766/spec-5766-56248-0158.fits
5766/spec-5766-56248-0159.fits
5766/spec-5766-56248-0160.fits
5766/spec-5766-56248-0161.fits
5766/spec-5766-56248-0162.fits
5766/spec-5766-56248-0163.fits
5766/spec-5766-56248-0164.fits
5766/spec-5766-56248-0165.fits
5766/spec-5766-56248-0166.fits
5766/spec-5766-56248-0167.fits
5766/spec-5766-56248-0168.fits
5766/spec-5766-56248-0169.fits
5766/spec-5766-56248-0170.fits
5766/spec-5766-56248-0171.fits
5766/spec-5766-56248-0172.fits
5766/spec-5766-56248-0173.fits
5766/spec-5766-56248-0174.fits
5766/spec-5766-56248-0175.fits
5766/spec-5766-56248-0176.fits
5766/spec-5766-56248-0177.fits
5766/spec-5766-56248-0178.fits
5766/spec-5766-56248-0179.fits
5766/spec-5766-56248-0180.fits
5766/spec-5766-56248-0181.fits
5766/spec-5766-56248-0182.fits
5766/spec-5766-56248-0183.fits
5766/spec-5766-56248-0184.fits
5766/spec-5766-56248-0185.fits
5766/spec-5766-56248-0186.fits
5766/spec-5766-56248-0187.fits
5766/spec-5766-56248-0188.fits
5766/spec-5766-56248-0189.fits
5766/spec-5766-56248-0190.fits
5766/spec-5766-56248-0191.fits
5766/spec-5766-56248-0192.fits
5766/spec-5766-56248-0193.fits
5766/spec-5766-56248-0194.fits
5766/spec-5766-56248-0195.fits
5766/spec-5766-56248-0196.fits
5766/spec-5766-56248-0197.fits
5766/spec-5766-56248-0198.fits
5766/spec-5766-56248-0199.fits
5766/spec-5766-56248-0200.fits
5766/spec-5766-56248-0201.fits
5766/spec-5766-56248-0202.fits
5766/spec-5766-56248-0203.fits
5766/spec-5766-56248-0204.fits
5766/spec-5766-56248-0205.fits
5766/spec-5766-56248-0206.fits
5766/spec-5766-56248-0207.fits
5766/spec-5766-56248-0208.fits
5766/spec-5766-56248-0209.fits
5766/spec-5766-56248-0210.fits
5766/spec-5766-56248-0211.fits
5766/spec-5766-56248-0212.fits
5766/spec-5766-56248-0213.fits
5766/spec-5766-56248-0214.fits
5766/spec-5766-56248-0215.fits
5766/spec-5766-56248-0216.fits
5766/spec-5766-56248-0217.fits
5766/spec-5766-56248-0218.fits
5766/spec-5766-56248-0219.fits
5766/spec-5766-56248-0220.fits
5766/spec-5766-56248-0221.fits
5766/spec-5766-56248-0222.fits
5766/spec-5766-56248-0223.fits
5766/spec-5766-56248-0224.fits
5766/spec-5766-56248-0225.fits
5766/spec-5766-56248-0226.fits
5766/spec-5766-56248-0227.fits
5766/spec-5766-56248-0228.fits
5766/spec-5766-56248-0229.fits
5766/spec-5766-56248-0230.fits
5766/spec-5766-56248-0231.fits
5766/spec-5766-56248-0232.fits
5766/spec-5766-56248-0233.fits
5766/spec-5766-56248-0234.fits
5766/spec-5766-56248-0235.fits
5766/spec-5766-56248-0236.fits
5766/spec-5766-56248-0237.fits
5766/spec-5766-56248-0238.fits
5766/spec-5766-56248-0239.fits
5766/spec-5766-56248-0240.fits
5766/spec-5766-56248-0241.fits
5766/spec-5766-56248-0242.fits
5766/spec-5766-56248-0243.fits
5766/spec-5766-56248-0244.fits
5766/spec-5766-56248-0245.fits
5766/spec-5766-56248-0246.fits
5766/spec-5766-56248-0247.fits
5766/spec-5766-56248-0248.fits
5766/spec-5766-56248-0249.fits
5766/spec-5766-56248-0250.fits
5766/spec-5766-56248-0251.fits
5766/spec-5766-56248-0252.fits
5766/spec-5766-56248-0253.fits
5766/spec-5766-56248-0254.fits
5766/spec-5766-56248-0255.fits
5766/spec-5766-56248-0256.fits
5766/spec-5766-56248-0257.fits
5766/spec-5766-56248-0258.fits
5766/spec-5766-56248-0259.fits
5766/spec-5766-56248-0260.fits
5766/spec-5766-56248-0261.fits
5766/spec-5766-56248-0262.fits
5766/spec-5766-56248-0263.fits
5766/spec-5766-56248-0264.fits
5766/spec-5766-56248-0265.fits
5766/spec-5766-56248-0266.fits
5766/spec-5766-56248-0267.fits
5766/spec-5766-56248-0268.fits
5766/spec-5766-56248-0269.fits
5766/spec-5766-56248-0270.fits
5766/spec-5766-56248-0271.fits
5766/spec-5766-56248-0272.fits
5766/spec-5766-56248-0273.fits
5766/spec-5766-56248-0274.fits
5766/spec-5766-56248-0275.fits
5766/spec-5766-56248-0276.fits
5766/spec-5766-56248-0277.fits
5766/spec-5766-56248-0278.fits
5766/spec-5766-56248-0279.fits
5766/spec-5766-56248-0280.fits
5766/spec-5766-56248-0281.fits
5766/spec-5766-56248-0282.fits
5766/spec-5766-56248-0283.fits
5766/spec-5766-56248-0284.fits
5766/spec-5766-56248-0285.fits
5766/spec-5766-56248-0286.fits
5766/spec-5766-56248-0287.fits
5766/spec-5766-56248-0288.fits
5766/spec-5766-56248-0289.fits
5766/spec-5766-56248-0290.fits
5766/spec-5766-56248-0291.fits
5766/spec-5766-56248-0292.fits
5766/spec-5766-56248-0293.fits
5766/spec-5766-56248-0294.fits
5766/spec-5766-56248-0295.fits
5766/spec-5766-56248-0296.fits
5766/spec-5766-56248-0297.fits
5766/spec-5766-56248-0298.fits
5766/spec-5766-56248-0299.fits
5766/spec-5766-56248-0300.fits
5766/spec-5766-56248-0301.fits
5766/spec-5766-56248-0302.fits
5766/spec-5766-56248-0303.fits
5766/spec-5766-56248-0304.fits
5766/spec-5766-56248-0305.fits
5766/spec-5766-56248-0306.fits
5766/spec-5766-56248-0307.fits
5766/spec-5766-56248-0308.fits
5766/spec-5766-56248-0309.fits
5766/spec-5766-56248-0310.fits
5766/spec-5766-56248-0311.fits
5766/spec-5766-56248-0312.fits
5766/spec-5766-56248-0313.fits
5766/spec-5766-56248-0314.fits
5766/spec-5766-56248-0315.fits
5766/spec-5766-56248-0316.fits
5766/spec-5766-56248-0317.fits
5766/spec-5766-56248-0318.fits
5766/spec-5766-56248-0319.fits
5766/spec-5766-56248-0320.fits
5766/spec-5766-56248-0321.fits
5766/spec-5766-56248-0322.fits
5766/spec-5766-56248-0323.fits
5766/spec-5766-56248-0324.fits
5766/spec-5766-56248-0325.fits
5766/spec-5766-56248-0326.fits
5766/spec-5766-56248-0327.fits
5766/spec-5766-56248-0328.fits
5766/spec-5766-56248-0329.fits
5766/spec-5766-56248-0330.fits
5766/spec-5766-56248-0331.fits
5766/spec-5766-56248-0332.fits
5766/spec-5766-56248-0333.fits
5766/spec-5766-56248-0334.fits
5766/spec-5766-56248-0335.fits
5766/spec-5766-56248-0336.fits
5766/spec-5766-56248-0337.fits
5766/spec-5766-56248-0338.fits
5766/spec-5766-56248-0339.fits
5766/spec-5766-56248-0340.fits
5766/spec-5766-56248-0341.fits
5766/spec-5766-56248-0342.fits
5766/spec-5766-56248-0343.fits
5766/spec-5766-56248-0344.fits
5766/spec-5766-56248-0345.fits
5766/spec-5766-56248-0346.fits
5766/spec-5766-56248-0347.fits
5766/spec-5766-56248-0348.fits
5766/spec-5766-56248-0349.fits
5766/spec-5766-56248-0350.fits
5766/spec-5766-56248-0351.fits
5766/spec-5766-56248-0352.fits
5766/spec-5766-56248-0353.fits
5766/spec-5766-56248-0354.fits
5766/spec-5766-56248-0355.fits
5766/spec-5766-56248-0356.fits
5766/spec-5766-56248-0357.fits
5766/spec-5766-56248-0358.fits
5766/spec-5766-56248-0359.fits
5766/spec-5766-56248-0360.fits
5766/spec-5766-56248-0361.fits
5766/spec-5766-56248-0362.fits
5766/spec-5766-56248-0363.fits
5766/spec-5766-56248-0364.fits
5766/spec-5766-56248-0365.fits
5766/spec-5766-56248-0366.fits
5766/spec-5766-56248-0367.fits
5766/spec-5766-56248-0368.fits
5766/spec-5766-56248-0369.fits
5766/spec-5766-56248-0370.fits
5766/spec-5766-56248-0371.fits
5766/spec-5766-56248-0372.fits
5766/spec-5766-56248-0373.fits
5766/spec-5766-56248-0374.fits
5766/spec-5766-56248-0375.fits
5766/spec-5766-56248-0376.fits
5766/spec-5766-56248-0377.fits
5766/spec-5766-56248-0378.fits
5766/spec-5766-56248-0379.fits
5766/spec-5766-56248-0380.fits
5766/spec-5766-56248-0381.fits
5766/spec-5766-56248-0382.fits
5766/spec-5766-56248-0383.fits
5766/spec-5766-56248-0384.fits
5766/spec-5766-56248-0385.fits
5766/spec-5766-56248-0386.fits
5766/spec-5766-56248-0387.fits
5766/spec-5766-56248-0388.fits
5766/spec-5766-56248-0389.fits
5766/spec-5766-56248-0390.fits
5766/spec-5766-56248-0391.fits
5766/spec-5766-56248-0392.fits
5766/spec-5766-56248-0393.fits
5766/spec-5766-56248-0394.fits
5766/spec-5766-56248-0395.fits
5766/spec-5766-56248-0396.fits
5766/spec-5766-56248-0397.fits
5766/spec-5766-56248-0398.fits
5766/spec-5766-56248-0399.fits
5766/spec-5766-56248-0400.fits
5766/spec-5766-56248-0401.fits
5766/spec-5766-56248-0402.fits
5766/spec-5766-56248-0403.fits
5766/spec-5766-56248-0404.fits
5766/spec-5766-56248-0405.fits
5766/spec-5766-56248-0406.fits
5766/spec-5766-56248-0407.fits
5766/spec-5766-56248-0408.fits
5766/spec-5766-56248-0409.fits
5766/spec-5766-56248-0410.fits
5766/spec-5766-56248-0411.fits
5766/spec-5766-56248-0412.fits
5766/spec-5766-56248-0413.fits
5766/spec-5766-56248-0414.fits
5766/spec-5766-56248-0415.fits
5766/spec-5766-56248-0416.fits
5766/spec-5766-56248-0417.fits
5766/spec-5766-56248-0418.fits
5766/spec-5766-56248-0419.fits
5766/spec-5766-56248-0420.fits
5766/spec-5766-56248-0421.fits
5766/spec-5766-56248-0422.fits
5766/spec-5766-56248-0423.fits
5766/spec-5766-56248-0424.fits
5766/spec-5766-56248-0425.fits
5766/spec-5766-56248-0426.fits
5766/spec-5766-56248-0427.fits
5766/spec-5766-56248-0428.fits
5766/spec-5766-56248-0429.fits
5766/spec-5766-56248-0430.fits
5766/spec-5766-56248-0431.fits
5766/spec-5766-56248-0432.fits
5766/spec-5766-56248-0433.fits
5766/spec-5766-56248-0434.fits
5766/spec-5766-56248-0435.fits
5766/spec-5766-56248-0436.fits
5766/spec-5766-56248-0437.fits
5766/spec-5766-56248-0438.fits
5766/spec-5766-56248-0439.fits
5766/spec-5766-56248-0440.fits
5766/spec-5766-56248-0441.fits
5766/spec-5766-56248-0442.fits
5766/spec-5766-56248-0443.fits
5766/spec-5766-56248-0444.fits
5766/spec-5766-56248-0445.fits
5766/spec-5766-56248-0446.fits
5766/spec-5766-56248-0447.fits
5766/spec-5766-56248-0448.fits
5766/spec-5766-56248-0449.fits
5766/spec-5766-56248-0450.fits
5766/spec-5766-56248-0451.fits
5766/spec-5766-56248-0452.fits
5766/spec-5766-56248-0453.fits
5766/spec-5766-56248-0454.fits
5766/spec-5766-56248-0455.fits
5766/spec-5766-56248-0456.fits
5766/spec-5766-56248-0457.fits
5766/spec-5766-56248-0458.fits
5766/spec-5766-56248-0459.fits
5766/spec-5766-56248-0460.fits
5766/spec-5766-56248-0461.fits
5766/spec-5766-56248-0462.fits
5766/spec-5766-56248-0463.fits
5766/spec-5766-56248-0464.fits
5766/spec-5766-56248-0465.fits
5766/spec-5766-56248-0466.fits
5766/spec-5766-56248-0467.fits
5766/spec-5766-56248-0468.fits
5766/spec-5766-56248-0469.fits
5766/spec-5766-56248-0470.fits
5766/spec-5766-56248-0471.fits
5766/spec-5766-56248-0472.fits
5766/spec-5766-56248-0473.fits
5766/spec-5766-56248-0474.fits
5766/spec-5766-56248-0475.fits
5766/spec-5766-56248-0476.fits
5766/spec-5766-56248-0477.fits
5766/spec-5766-56248-0478.fits
5766/spec-5766-56248-0479.fits
5766/spec-5766-56248-0480.fits
5766/spec-5766-56248-0481.fits
5766/spec-5766-56248-0482.fits
5766/spec-5766-56248-0483.fits
5766/spec-5766-56248-0484.fits
5766/spec-5766-56248-0485.fits
5766/spec-5766-56248-0486.fits
5766/spec-5766-56248-0487.fits
5766/spec-5766-56248-0488.fits
5766/spec-5766-56248-0489.fits
5766/spec-5766-56248-0490.fits
5766/spec-5766-56248-0491.fits
5766/spec-5766-56248-0492.fits
5766/spec-5766-56248-0493.fits
5766/spec-5766-56248-0494.fits
5766/spec-5766-56248-0495.fits
5766/spec-5766-56248-0496.fits
5766/spec-5766-56248-0497.fits
5766/spec-5766-56248-0498.fits
5766/spec-5766-56248-0499.fits
5766/spec-5766-56248-0500.fits
5766/spec-5766-56248-0501.fits
5766/spec-5766-56248-0502.fits
5766/spec-5766-56248-0503.fits
5766/spec-5766-56248-0504.fits
5766/spec-5766-56248-0505.fits
5766/spec-5766-56248-0506.fits
5766/spec-5766-56248-0507.fits
5766/spec-5766-56248-0508.fits
5766/spec-5766-56248-0509.fits
5766/spec-5766-56248-0510.fits
5766/spec-5766-56248-0511.fits
5766/spec-5766-56248-0512.fits
5766/spec-5766-56248-0513.fits
5766/spec-5766-56248-0514.fits
5766/spec-5766-56248-0515.fits
5766/spec-5766-56248-0516.fits
5766/spec-5766-56248-0517.fits
5766/spec-5766-56248-0518.fits
5766/spec-5766-56248-0519.fits
5766/spec-5766-56248-0520.fits
5766/spec-5766-56248-0521.fits
5766/spec-5766-56248-0522.fits
5766/spec-5766-56248-0523.fits
5766/spec-5766-56248-0524.fits
5766/spec-5766-56248-0525.fits
5766/spec-5766-56248-0526.fits
5766/spec-5766-56248-0527.fits
5766/spec-5766-56248-0528.fits
5766/spec-5766-56248-0529.fits
5766/spec-5766-56248-0530.fits
5766/spec-5766-56248-0531.fits
5766/spec-5766-56248-0532.fits
5766/spec-5766-56248-0533.fits
5766/spec-5766-56248-0534.fits
5766/spec-5766-56248-0535.fits
5766/spec-5766-56248-0536.fits
5766/spec-5766-56248-0537.fits
5766/spec-5766-56248-0538.fits
5766/spec-5766-56248-0539.fits
5766/spec-5766-56248-0540.fits
5766/spec-5766-56248-0541.fits
5766/spec-5766-56248-0542.fits
5766/spec-5766-56248-0543.fits
5766/spec-5766-56248-0544.fits
5766/spec-5766-56248-0545.fits
5766/spec-5766-56248-0546.fits
5766/spec-5766-56248-0547.fits
5766/spec-5766-56248-0548.fits
5766/spec-5766-56248-0549.fits
5766/spec-5766-56248-0550.fits
5766/spec-5766-56248-0551.fits
5766/spec-5766-56248-0552.fits
5766/spec-5766-56248-0553.fits
5766/spec-5766-56248-0554.fits
5766/spec-5766-56248-0555.fits
5766/spec-5766-56248-0556.fits
5766/spec-5766-56248-0557.fits
5766/spec-5766-56248-0558.fits
5766/spec-5766-56248-0559.fits
5766/spec-5766-56248-0560.fits
5766/spec-5766-56248-0561.fits
5766/spec-5766-56248-0562.fits
5766/spec-5766-56248-0563.fits
5766/spec-5766-56248-0564.fits
5766/spec-5766-56248-0565.fits
5766/spec-5766-56248-0566.fits
5766/spec-5766-56248-0567.fits
5766/spec-5766-56248-0568.fits
5766/spec-5766-56248-0569.fits
5766/spec-5766-56248-0570.fits
5766/spec-5766-56248-0571.fits
5766/spec-5766-56248-0572.fits
5766/spec-5766-56248-0573.fits
5766/spec-5766-56248-0574.fits
5766/spec-5766-56248-0575.fits
5766/spec-5766-56248-0576.fits
5766/spec-5766-56248-0577.fits
5766/spec-5766-56248-0578.fits
5766/spec-5766-56248-0579.fits
5766/spec-5766-56248-0580.fits
5766/spec-5766-56248-0581.fits
5766/spec-5766-56248-0582.fits
5766/spec-5766-56248-0583.fits
5766/spec-5766-56248-0584.fits
5766/spec-5766-56248-0585.fits
5766/spec-5766-56248-0586.fits
5766/spec-5766-56248-0587.fits
5766/spec-5766-56248-0588.fits
5766/spec-5766-56248-0589.fits
5766/spec-5766-56248-0590.fits
5766/spec-5766-56248-0591.fits
5766/spec-5766-56248-0592.fits
5766/spec-5766-56248-0593.fits
5766/spec-5766-56248-0594.fits
5766/spec-5766-56248-0595.fits
5766/spec-5766-56248-0596.fits
5766/spec-5766-56248-0597.fits
5766/spec-5766-56248-0598.fits
5766/spec-5766-56248-0599.fits
5766/spec-5766-56248-0600.fits
5766/spec-5766-56248-0601.fits
5766/spec-5766-56248-0602.fits
5766/spec-5766-56248-0603.fits
5766/spec-5766-56248-0604.fits
5766/spec-5766-56248-0605.fits
5766/spec-5766-56248-0606.fits
5766/spec-5766-56248-0607.fits
5766/spec-5766-56248-0608.fits
5766/spec-5766-56248-0609.fits
5766/spec-5766-56248-0610.fits
5766/spec-5766-56248-0611.fits
5766/spec-5766-56248-0612.fits
5766/spec-5766-56248-0613.fits
5766/spec-5766-56248-0614.fits
5766/spec-5766-56248-0615.fits
5766/spec-5766-56248-0616.fits
5766/spec-5766-56248-0617.fits
5766/spec-5766-56248-0618.fits
5766/spec-5766-56248-0619.fits
5766/spec-5766-56248-0620.fits
5766/spec-5766-56248-0621.fits
5766/spec-5766-56248-0622.fits
5766/spec-5766-56248-0623.fits
5766/spec-5766-56248-0624.fits
5766/spec-5766-56248-0625.fits
5766/spec-5766-56248-0626.fits
5766/spec-5766-56248-0627.fits
5766/spec-5766-56248-0628.fits
5766/spec-5766-56248-0629.fits
5766/spec-5766-56248-0630.fits
5766/spec-5766-56248-0631.fits
5766/spec-5766-56248-0632.fits
5766/spec-5766-56248-0633.fits
5766/spec-5766-56248-0634.fits
5766/spec-5766-56248-0635.fits
5766/spec-5766-56248-0636.fits
5766/spec-5766-56248-0637.fits
5766/spec-5766-56248-0638.fits
5766/spec-5766-56248-0639.fits
5766/spec-5766-56248-0640.fits
5766/spec-5766-56248-0641.fits
5766/spec-5766-56248-0642.fits
5766/spec-5766-56248-0643.fits
5766/spec-5766-56248-0644.fits
5766/spec-5766-56248-0645.fits
5766/spec-5766-56248-0646.fits
5766/spec-5766-56248-0647.fits
5766/spec-5766-56248-0648.fits
5766/spec-5766-56248-0649.fits
5766/spec-5766-56248-0650.fits
5766/spec-5766-56248-0651.fits
5766/spec-5766-56248-0652.fits
5766/spec-5766-56248-0653.fits
5766/spec-5766-56248-0654.fits
5766/spec-5766-56248-0655.fits
5766/spec-5766-56248-0656.fits
5766/spec-5766-56248-0657.fits
5766/spec-5766-56248-0658.fits
5766/spec-5766-56248-0659.fits
5766/spec-5766-56248-0660.fits
5766/spec-5766-56248-0661.fits
5766/spec-5766-56248-0662.fits
5766/spec-5766-56248-0663.fits
5766/spec-5766-56248-0664.fits
5766/spec-5766-56248-0665.fits
5766/spec-5766-56248-0666.fits
5766/spec-5766-56248-0667.fits
5766/spec-5766-56248-0668.fits
5766/spec-5766-56248-0669.fits
5766/spec-5766-56248-0670.fits
5766/spec-5766-56248-0671.fits
5766/spec-5766-56248-0672.fits
5766/spec-5766-56248-0673.fits
5766/spec-5766-56248-0674.fits
5766/spec-5766-56248-0675.fits
5766/spec-5766-56248-0676.fits
5766/spec-5766-56248-0677.fits
5766/spec-5766-56248-0678.fits
5766/spec-5766-56248-0679.fits
5766/spec-5766-56248-0680.fits
5766/spec-5766-56248-0681.fits
5766/spec-5766-56248-0682.fits
5766/spec-5766-56248-0683.fits
5766/spec-5766-56248-0684.fits
5766/spec-5766-56248-0685.fits
5766/spec-5766-56248-0686.fits
5766/spec-5766-56248-0687.fits
5766/spec-5766-56248-0688.fits
5766/spec-5766-56248-0689.fits
5766/spec-5766-56248-0690.fits
5766/spec-5766-56248-0691.fits
5766/spec-5766-56248-0692.fits
5766/spec-5766-56248-0693.fits
5766/spec-5766-56248-0694.fits
5766/spec-5766-56248-0695.fits
5766/spec-5766-56248-0696.fits
5766/spec-5766-56248-0697.fits
5766/spec-5766-56248-0698.fits
5766/spec-5766-56248-0699.fits
5766/spec-5766-56248-0700.fits
5766/spec-5766-56248-0701.fits
5766/spec-5766-56248-0702.fits
5766/spec-5766-56248-0703.fits
5766/spec-5766-56248-0704.fits
5766/spec-5766-56248-0705.fits
5766/spec-5766-56248-0706.fits
5766/spec-5766-56248-0707.fits
5766/spec-5766-56248-0708.fits
5766/spec-5766-56248-0709.fits
5766/spec-5766-56248-0710.fits
5766/spec-5766-56248-0711.fits
5766/spec-5766-56248-0712.fits
5766/spec-5766-56248-0713.fits
5766/spec-5766-56248-0714.fits
5766/spec-5766-56248-0715.fits
5766/spec-5766-56248-0716.fits
5766/spec-5766-56248-0717.fits
5766/spec-5766-56248-0718.fits
5766/spec-5766-56248-0719.fits
5766/spec-5766-56248-0720.fits
5766/spec-5766-56248-0721.fits
5766/spec-5766-56248-0722.fits
5766/spec-5766-56248-0723.fits
5766/spec-5766-56248-0724.fits
5766/spec-5766-56248-0725.fits
5766/spec-5766-56248-0726.fits
5766/spec-5766-56248-0727.fits
5766/spec-5766-56248-0728.fits
5766/spec-5766-56248-0729.fits
5766/spec-5766-56248-0730.fits
5766/spec-5766-56248-0731.fits
5766/spec-5766-56248-0732.fits
5766/spec-5766-56248-0733.fits
5766/spec-5766-56248-0734.fits
5766/spec-5766-56248-0735.fits
5766/spec-5766-56248-0736.fits
5766/spec-5766-56248-0737.fits
5766/spec-5766-56248-0738.fits
5766/spec-5766-56248-0739.fits
5766/spec-5766-56248-0740.fits
5766/spec-5766-56248-0741.fits
5766/spec-5766-56248-0742.fits
5766/spec-5766-56248-0743.fits
5766/spec-5766-56248-0744.fits
5766/spec-5766-56248-0745.fits
5766/spec-5766-56248-0746.fits
5766/spec-5766-56248-0747.fits
5766/spec-5766-56248-0748.fits
5766/spec-5766-56248-0749.fits
5766/spec-5766-56248-0750.fits
5766/spec-5766-56248-0751.fits
5766/spec-5766-56248-0752.fits
5766/spec-5766-56248-0753.fits
5766/spec-5766-56248-0754.fits
5766/spec-5766-56248-0755.fits
5766/spec-5766-56248-0756.fits
5766/spec-5766-56248-0757.fits
5766/spec-5766-56248-0758.fits
5766/spec-5766-56248-0759.fits
5766/spec-5766-56248-0760.fits
5766/spec-5766-56248-0761.fits
5766/spec-5766-56248-0762.fits
5766/spec-5766-56248-0763.fits
5766/spec-5766-56248-0764.fits
5766/spec-5766-56248-0765.fits
5766/spec-5766-56248-0766.fits
5766/spec-5766-56248-0767.fits
5766/spec-5766-56248-0768.fits
5766/spec-5766-56248-0769.fits
5766/spec-5766-56248-0770.fits
5766/spec-5766-56248-0771.fits
5766/spec-5766-56248-0772.fits
5766/spec-5766-56248-0773.fits
5766/spec-5766-56248-0774.fits
5766/spec-5766-56248-0775.fits
5766/spec-5766-56248-0776.fits
5766/spec-5766-56248-0777.fits
5766/spec-5766-56248-0778.fits
5766/spec-5766-56248-0779.fits
5766/spec-5766-56248-0780.fits
5766/spec-5766-56248-0781.fits
5766/spec-5766-56248-0782.fits
5766/spec-5766-56248-0783.fits
5766/spec-5766-56248-0784.fits
5766/spec-5766-56248-0785.fits
5766/spec-5766-56248-0786.fits
5766/spec-5766-56248-0787.fits
5766/spec-5766-56248-0788.fits
5766/spec-5766-56248-0789.fits
5766/spec-5766-56248-0790.fits
5766/spec-5766-56248-0791.fits
5766/spec-5766-56248-0792.fits
5766/spec-5766-56248-0793.fits
5766/spec-5766-56248-0794.fits
5766/spec-5766-56248-0795.fits
5766/spec-5766-56248-0796.fits
5766/spec-5766-56248-0797.fits
5766/spec-5766-56248-0798.fits
5766/spec-5766-56248-0799.fits
5766/spec-5766-56248-0800.fits
5766/spec-5766-56248-0801.fits
5766/spec-5766-56248-0802.fits
5766/spec-5766-56248-0803.fits
5766/spec-5766-56248-0804.fits
5766/spec-5766-56248-0805.fits
5766/spec-5766-56248-0806.fits
5766/spec-5766-56248-0807.fits
5766/spec-5766-56248-0808.fits
5766/spec-5766-56248-0809.fits
5766/spec-5766-56248-0810.fits
5766/spec-5766-56248-0811.fits
5766/spec-5766-56248-0812.fits
5766/spec-5766-56248-0813.fits
5766/spec-5766-56248-0814.fits
5766/spec-5766-56248-0815.fits
5766/spec-5766-56248-0816.fits
5766/spec-5766-56248-0817.fits
5766/spec-5766-56248-0818.fits
5766/spec-5766-56248-0819.fits
5766/spec-5766-56248-0820.fits
5766/spec-5766-56248-0821.fits
5766/spec-5766-56248-0822.fits
5766/spec-5766-56248-0823.fits
5766/spec-5766-56248-0824.fits
5766/spec-5766-56248-0825.fits
5766/spec-5766-56248-0826.fits
5766/spec-5766-56248-0827.fits
5766/spec-5766-56248-0828.fits
5766/spec-5766-56248-0829.fits
5766/spec-5766-56248-0830.fits
5766/spec-5766-56248-0831.fits
5766/spec-5766-56248-0832.fits
5766/spec-5766-56248-0833.fits
5766/spec-5766-56248-0834.fits
5766/spec-5766-56248-0835.fits
5766/spec-5766-56248-0836.fits
5766/spec-5766-56248-0837.fits
5766/spec-5766-56248-0838.fits
5766/spec-5766-56248-0839.fits
5766/spec-5766-56248-0840.fits
5766/spec-5766-56248-0841.fits
5766/spec-5766-56248-0842.fits
5766/spec-5766-56248-0843.fits
5766/spec-5766-56248-0844.fits
5766/spec-5766-56248-0845.fits
5766/spec-5766-56248-0846.fits
5766/spec-5766-56248-0847.fits
5766/spec-5766-56248-0848.fits
5766/spec-5766-56248-0849.fits
5766/spec-5766-56248-0850.fits
5766/spec-5766-56248-0851.fits
5766/spec-5766-56248-0852.fits
5766/spec-5766-56248-0853.fits
5766/spec-5766-56248-0854.fits
5766/spec-5766-56248-0855.fits
5766/spec-5766-56248-0856.fits
5766/spec-5766-56248-0857.fits
5766/spec-5766-56248-0858.fits
5766/spec-5766-56248-0859.fits
5766/spec-5766-56248-0860.fits
5766/spec-5766-56248-0861.fits
5766/spec-5766-56248-0862.fits
5766/spec-5766-56248-0863.fits
5766/spec-5766-56248-0864.fits
5766/spec-5766-56248-0865.fits
5766/spec-5766-56248-0866.fits
5766/spec-5766-56248-0867.fits
5766/spec-5766-56248-0868.fits
5766/spec-5766-56248-0869.fits
5766/spec-5766-56248-0870.fits
5766/spec-5766-56248-0871.fits
5766/spec-5766-56248-0872.fits
5766/spec-5766-56248-0873.fits
5766/spec-5766-56248-0874.fits
5766/spec-5766-56248-0875.fits
5766/spec-5766-56248-0876.fits
5766/spec-5766-56248-0877.fits
5766/spec-5766-56248-0878.fits
5766/spec-5766-56248-0879.fits
5766/spec-5766-56248-0880.fits
5766/spec-5766-56248-0881.fits
5766/spec-5766-56248-0882.fits
5766/spec-5766-56248-0883.fits
5766/spec-5766-56248-0884.fits
5766/spec-5766-56248-0885.fits
5766/spec-5766-56248-0886.fits
5766/spec-5766-56248-0887.fits
5766/spec-5766-56248-0888.fits
5766/spec-5766-56248-0889.fits
5766/spec-5766-56248-0890.fits
5766/spec-5766-56248-0891.fits
5766/spec-5766-56248-0892.fits
5766/spec-5766-56248-0893.fits
5766/spec-5766-56248-0894.fits
5766/spec-5766-56248-0895.fits
5766/spec-5766-56248-0896.fits
5766/spec-5766-56248-0897.fits
5766/spec-5766-56248-0898.fits
5766/spec-5766-56248-0899.fits
5766/spec-5766-56248-0900.fits
5766/spec-5766-56248-0901.fits
5766/spec-5766-56248-0902.fits
5766/spec-5766-56248-0903.fits
5766/spec-5766-56248-0904.fits
5766/spec-5766-56248-0905.fits
5766/spec-5766-56248-0906.fits
5766/spec-5766-56248-0907.fits
5766/spec-5766-56248-0908.fits
5766/spec-5766-56248-0909.fits
5766/spec-5766-56248-0910.fits
5766/spec-5766-56248-0911.fits
5766/spec-5766-56248-0912.fits
5766/spec-5766-56248-0913.fits
5766/spec-5766-56248-0914.fits
5766/spec-5766-56248-0915.fits
5766/spec-5766-56248-0916.fits
5766/spec-5766-56248-0917.fits
5766/spec-5766-56248-0918.fits
5766/spec-5766-56248-0919.fits
5766/spec-5766-56248-0920.fits
5766/spec-5766-56248-0921.fits
5766/spec-5766-56248-0922.fits
5766/spec-5766-56248-0923.fits
5766/spec-5766-56248-0924.fits
5766/spec-5766-56248-0925.fits
5766/spec-5766-56248-0926.fits
5766/spec-5766-56248-0927.fits
5766/spec-5766-56248-0928.fits
5766/spec-5766-56248-0929.fits
5766/spec-5766-56248-0930.fits
5766/spec-5766-56248-0931.fits
5766/spec-5766-56248-0932.fits
5766/spec-5766-56248-0933.fits
5766/spec-5766-56248-0934.fits
5766/spec-5766-56248-0935.fits
5766/spec-5766-56248-0936.fits
5766/spec-5766-56248-0937.fits
5766/spec-5766-56248-0938.fits
5766/spec-5766-56248-0939.fits
5766/spec-5766-56248-0940.fits
5766/spec-5766-56248-0941.fits
5766/spec-5766-56248-0942.fits
5766/spec-5766-56248-0943.fits
5766/spec-5766-56248-0944.fits
5766/spec-5766-56248-0945.fits
5766/spec-5766-56248-0946.fits
5766/spec-5766-56248-0947.fits
5766/spec-5766-56248-0948.fits
5766/spec-5766-56248-0949.fits
5766/spec-5766-56248-0950.fits
5766/spec-5766-56248-0951.fits
5766/spec-5766-56248-0952.fits
5766/spec-5766-56248-0953.fits
5766/spec-5766-56248-0954.fits
5766/spec-5766-56248-0955.fits
5766/spec-5766-56248-0956.fits
5766/spec-5766-56248-0957.fits
5766/spec-5766-56248-0958.fits
5766/spec-5766-56248-0959.fits
5766/spec-5766-56248-0960.fits
5766/spec-5766-56248-0961.fits
5766/spec-5766-56248-0962.fits
5766/spec-5766-56248-0963.fits
5766/spec-5766-56248-0964.fits
5766/spec-5766-56248-0965.fits
5766/spec-5766-56248-0966.fits
5766/spec-5766-56248-0967.fits
5766/spec-5766-56248-0968.fits
5766/spec-5766-56248-0969.fits
5766/spec-5766-56248-0970.fits
5766/spec-5766-56248-0971.fits
5766/spec-5766-56248-0972.fits
5766/spec-5766-56248-0973.fits
5766/spec-5766-56248-0974.fits
5766/spec-5766-56248-0975.fits
5766/spec-5766-56248-0976.fits
5766/spec-5766-56248-0977.fits
5766/spec-5766-56248-0978.fits
5766/spec-5766-56248-0979.fits
5766/spec-5766-56248-0980.fits
5766/spec-5766-56248-0981.fits
5766/spec-5766-56248-0982.fits
5766/spec-5766-56248-0983.fits
5766/spec-5766-56248-0984.fits
5766/spec-5766-56248-0985.fits
5766/spec-5766-56248-0986.fits
5766/spec-5766-56248-0987.fits
5766/spec-5766-56248-0988.fits
5766/spec-5766-56248-0989.fits
5766/spec-5766-56248-0990.fits
5766/spec-5766-56248-0991.fits
5766/spec-5766-56248-0992.fits
5766/spec-5766-56248-0993.fits
5766/spec-5766-56248-0994.fits
5766/spec-5766-56248-0995.fits
5766/spec-5766-56248-0996.fits
5766/spec-5766-56248-0997.fits
5766/spec-5766-56248-0998.fits
5766/spec-5766-56248-0999.fits
5766/spec-5766-56248-1000.fits
/var/lib/condor/execute/slot1/dir_59703
5766 5766.tgz R R361.tar.gz _condor_stderr _condor_stdout cB58_Lyman_break.fit condor_exec.exe hw4.R packages packages.tar.gz tmp var
[1] "Loaded package astro."
[1] 1000
5766 5766.csv 5766.tgz R R361.tar.gz _condor_stderr _condor_stdout cB58_Lyman_break.fit condor_exec.exe hw4.R packages packages.tar.gz tmp var
