5786
5786/
5786/spec-5786-56251-0001.fits
5786/spec-5786-56251-0002.fits
5786/spec-5786-56251-0003.fits
5786/spec-5786-56251-0004.fits
5786/spec-5786-56251-0005.fits
5786/spec-5786-56251-0006.fits
5786/spec-5786-56251-0007.fits
5786/spec-5786-56251-0008.fits
5786/spec-5786-56251-0009.fits
5786/spec-5786-56251-0010.fits
5786/spec-5786-56251-0011.fits
5786/spec-5786-56251-0012.fits
5786/spec-5786-56251-0013.fits
5786/spec-5786-56251-0014.fits
5786/spec-5786-56251-0015.fits
5786/spec-5786-56251-0016.fits
5786/spec-5786-56251-0017.fits
5786/spec-5786-56251-0018.fits
5786/spec-5786-56251-0019.fits
5786/spec-5786-56251-0020.fits
5786/spec-5786-56251-0021.fits
5786/spec-5786-56251-0022.fits
5786/spec-5786-56251-0023.fits
5786/spec-5786-56251-0024.fits
5786/spec-5786-56251-0025.fits
5786/spec-5786-56251-0026.fits
5786/spec-5786-56251-0027.fits
5786/spec-5786-56251-0028.fits
5786/spec-5786-56251-0029.fits
5786/spec-5786-56251-0030.fits
5786/spec-5786-56251-0031.fits
5786/spec-5786-56251-0032.fits
5786/spec-5786-56251-0033.fits
5786/spec-5786-56251-0034.fits
5786/spec-5786-56251-0035.fits
5786/spec-5786-56251-0036.fits
5786/spec-5786-56251-0037.fits
5786/spec-5786-56251-0038.fits
5786/spec-5786-56251-0039.fits
5786/spec-5786-56251-0040.fits
5786/spec-5786-56251-0041.fits
5786/spec-5786-56251-0042.fits
5786/spec-5786-56251-0043.fits
5786/spec-5786-56251-0044.fits
5786/spec-5786-56251-0045.fits
5786/spec-5786-56251-0046.fits
5786/spec-5786-56251-0047.fits
5786/spec-5786-56251-0048.fits
5786/spec-5786-56251-0049.fits
5786/spec-5786-56251-0050.fits
5786/spec-5786-56251-0051.fits
5786/spec-5786-56251-0052.fits
5786/spec-5786-56251-0053.fits
5786/spec-5786-56251-0054.fits
5786/spec-5786-56251-0055.fits
5786/spec-5786-56251-0056.fits
5786/spec-5786-56251-0057.fits
5786/spec-5786-56251-0058.fits
5786/spec-5786-56251-0059.fits
5786/spec-5786-56251-0060.fits
5786/spec-5786-56251-0061.fits
5786/spec-5786-56251-0062.fits
5786/spec-5786-56251-0063.fits
5786/spec-5786-56251-0064.fits
5786/spec-5786-56251-0065.fits
5786/spec-5786-56251-0066.fits
5786/spec-5786-56251-0067.fits
5786/spec-5786-56251-0068.fits
5786/spec-5786-56251-0069.fits
5786/spec-5786-56251-0070.fits
5786/spec-5786-56251-0071.fits
5786/spec-5786-56251-0072.fits
5786/spec-5786-56251-0073.fits
5786/spec-5786-56251-0074.fits
5786/spec-5786-56251-0075.fits
5786/spec-5786-56251-0076.fits
5786/spec-5786-56251-0077.fits
5786/spec-5786-56251-0078.fits
5786/spec-5786-56251-0079.fits
5786/spec-5786-56251-0080.fits
5786/spec-5786-56251-0081.fits
5786/spec-5786-56251-0082.fits
5786/spec-5786-56251-0083.fits
5786/spec-5786-56251-0084.fits
5786/spec-5786-56251-0085.fits
5786/spec-5786-56251-0086.fits
5786/spec-5786-56251-0087.fits
5786/spec-5786-56251-0088.fits
5786/spec-5786-56251-0089.fits
5786/spec-5786-56251-0090.fits
5786/spec-5786-56251-0091.fits
5786/spec-5786-56251-0092.fits
5786/spec-5786-56251-0093.fits
5786/spec-5786-56251-0094.fits
5786/spec-5786-56251-0095.fits
5786/spec-5786-56251-0096.fits
5786/spec-5786-56251-0097.fits
5786/spec-5786-56251-0098.fits
5786/spec-5786-56251-0099.fits
5786/spec-5786-56251-0100.fits
5786/spec-5786-56251-0101.fits
5786/spec-5786-56251-0102.fits
5786/spec-5786-56251-0103.fits
5786/spec-5786-56251-0104.fits
5786/spec-5786-56251-0105.fits
5786/spec-5786-56251-0106.fits
5786/spec-5786-56251-0107.fits
5786/spec-5786-56251-0108.fits
5786/spec-5786-56251-0109.fits
5786/spec-5786-56251-0110.fits
5786/spec-5786-56251-0111.fits
5786/spec-5786-56251-0112.fits
5786/spec-5786-56251-0113.fits
5786/spec-5786-56251-0114.fits
5786/spec-5786-56251-0115.fits
5786/spec-5786-56251-0116.fits
5786/spec-5786-56251-0117.fits
5786/spec-5786-56251-0118.fits
5786/spec-5786-56251-0119.fits
5786/spec-5786-56251-0120.fits
5786/spec-5786-56251-0121.fits
5786/spec-5786-56251-0122.fits
5786/spec-5786-56251-0123.fits
5786/spec-5786-56251-0124.fits
5786/spec-5786-56251-0125.fits
5786/spec-5786-56251-0126.fits
5786/spec-5786-56251-0127.fits
5786/spec-5786-56251-0128.fits
5786/spec-5786-56251-0129.fits
5786/spec-5786-56251-0130.fits
5786/spec-5786-56251-0131.fits
5786/spec-5786-56251-0132.fits
5786/spec-5786-56251-0133.fits
5786/spec-5786-56251-0134.fits
5786/spec-5786-56251-0135.fits
5786/spec-5786-56251-0136.fits
5786/spec-5786-56251-0137.fits
5786/spec-5786-56251-0138.fits
5786/spec-5786-56251-0139.fits
5786/spec-5786-56251-0140.fits
5786/spec-5786-56251-0141.fits
5786/spec-5786-56251-0142.fits
5786/spec-5786-56251-0143.fits
5786/spec-5786-56251-0144.fits
5786/spec-5786-56251-0145.fits
5786/spec-5786-56251-0146.fits
5786/spec-5786-56251-0147.fits
5786/spec-5786-56251-0148.fits
5786/spec-5786-56251-0149.fits
5786/spec-5786-56251-0150.fits
5786/spec-5786-56251-0151.fits
5786/spec-5786-56251-0152.fits
5786/spec-5786-56251-0153.fits
5786/spec-5786-56251-0154.fits
5786/spec-5786-56251-0155.fits
5786/spec-5786-56251-0156.fits
5786/spec-5786-56251-0157.fits
5786/spec-5786-56251-0158.fits
5786/spec-5786-56251-0159.fits
5786/spec-5786-56251-0160.fits
5786/spec-5786-56251-0161.fits
5786/spec-5786-56251-0162.fits
5786/spec-5786-56251-0163.fits
5786/spec-5786-56251-0164.fits
5786/spec-5786-56251-0165.fits
5786/spec-5786-56251-0166.fits
5786/spec-5786-56251-0167.fits
5786/spec-5786-56251-0168.fits
5786/spec-5786-56251-0169.fits
5786/spec-5786-56251-0170.fits
5786/spec-5786-56251-0171.fits
5786/spec-5786-56251-0172.fits
5786/spec-5786-56251-0173.fits
5786/spec-5786-56251-0174.fits
5786/spec-5786-56251-0175.fits
5786/spec-5786-56251-0176.fits
5786/spec-5786-56251-0177.fits
5786/spec-5786-56251-0178.fits
5786/spec-5786-56251-0179.fits
5786/spec-5786-56251-0180.fits
5786/spec-5786-56251-0181.fits
5786/spec-5786-56251-0182.fits
5786/spec-5786-56251-0183.fits
5786/spec-5786-56251-0184.fits
5786/spec-5786-56251-0185.fits
5786/spec-5786-56251-0186.fits
5786/spec-5786-56251-0187.fits
5786/spec-5786-56251-0188.fits
5786/spec-5786-56251-0189.fits
5786/spec-5786-56251-0190.fits
5786/spec-5786-56251-0191.fits
5786/spec-5786-56251-0192.fits
5786/spec-5786-56251-0193.fits
5786/spec-5786-56251-0194.fits
5786/spec-5786-56251-0195.fits
5786/spec-5786-56251-0196.fits
5786/spec-5786-56251-0197.fits
5786/spec-5786-56251-0198.fits
5786/spec-5786-56251-0199.fits
5786/spec-5786-56251-0200.fits
5786/spec-5786-56251-0201.fits
5786/spec-5786-56251-0202.fits
5786/spec-5786-56251-0203.fits
5786/spec-5786-56251-0204.fits
5786/spec-5786-56251-0205.fits
5786/spec-5786-56251-0206.fits
5786/spec-5786-56251-0207.fits
5786/spec-5786-56251-0208.fits
5786/spec-5786-56251-0209.fits
5786/spec-5786-56251-0210.fits
5786/spec-5786-56251-0211.fits
5786/spec-5786-56251-0212.fits
5786/spec-5786-56251-0213.fits
5786/spec-5786-56251-0214.fits
5786/spec-5786-56251-0215.fits
5786/spec-5786-56251-0216.fits
5786/spec-5786-56251-0217.fits
5786/spec-5786-56251-0218.fits
5786/spec-5786-56251-0219.fits
5786/spec-5786-56251-0220.fits
5786/spec-5786-56251-0221.fits
5786/spec-5786-56251-0222.fits
5786/spec-5786-56251-0223.fits
5786/spec-5786-56251-0224.fits
5786/spec-5786-56251-0225.fits
5786/spec-5786-56251-0226.fits
5786/spec-5786-56251-0227.fits
5786/spec-5786-56251-0228.fits
5786/spec-5786-56251-0229.fits
5786/spec-5786-56251-0230.fits
5786/spec-5786-56251-0231.fits
5786/spec-5786-56251-0232.fits
5786/spec-5786-56251-0233.fits
5786/spec-5786-56251-0234.fits
5786/spec-5786-56251-0235.fits
5786/spec-5786-56251-0236.fits
5786/spec-5786-56251-0237.fits
5786/spec-5786-56251-0238.fits
5786/spec-5786-56251-0239.fits
5786/spec-5786-56251-0240.fits
5786/spec-5786-56251-0241.fits
5786/spec-5786-56251-0242.fits
5786/spec-5786-56251-0243.fits
5786/spec-5786-56251-0244.fits
5786/spec-5786-56251-0245.fits
5786/spec-5786-56251-0246.fits
5786/spec-5786-56251-0247.fits
5786/spec-5786-56251-0248.fits
5786/spec-5786-56251-0249.fits
5786/spec-5786-56251-0250.fits
5786/spec-5786-56251-0251.fits
5786/spec-5786-56251-0252.fits
5786/spec-5786-56251-0253.fits
5786/spec-5786-56251-0254.fits
5786/spec-5786-56251-0255.fits
5786/spec-5786-56251-0256.fits
5786/spec-5786-56251-0257.fits
5786/spec-5786-56251-0258.fits
5786/spec-5786-56251-0259.fits
5786/spec-5786-56251-0260.fits
5786/spec-5786-56251-0261.fits
5786/spec-5786-56251-0262.fits
5786/spec-5786-56251-0263.fits
5786/spec-5786-56251-0264.fits
5786/spec-5786-56251-0265.fits
5786/spec-5786-56251-0266.fits
5786/spec-5786-56251-0267.fits
5786/spec-5786-56251-0268.fits
5786/spec-5786-56251-0269.fits
5786/spec-5786-56251-0270.fits
5786/spec-5786-56251-0271.fits
5786/spec-5786-56251-0272.fits
5786/spec-5786-56251-0273.fits
5786/spec-5786-56251-0274.fits
5786/spec-5786-56251-0275.fits
5786/spec-5786-56251-0276.fits
5786/spec-5786-56251-0277.fits
5786/spec-5786-56251-0278.fits
5786/spec-5786-56251-0279.fits
5786/spec-5786-56251-0280.fits
5786/spec-5786-56251-0281.fits
5786/spec-5786-56251-0282.fits
5786/spec-5786-56251-0283.fits
5786/spec-5786-56251-0284.fits
5786/spec-5786-56251-0285.fits
5786/spec-5786-56251-0286.fits
5786/spec-5786-56251-0287.fits
5786/spec-5786-56251-0288.fits
5786/spec-5786-56251-0289.fits
5786/spec-5786-56251-0290.fits
5786/spec-5786-56251-0291.fits
5786/spec-5786-56251-0292.fits
5786/spec-5786-56251-0293.fits
5786/spec-5786-56251-0294.fits
5786/spec-5786-56251-0295.fits
5786/spec-5786-56251-0296.fits
5786/spec-5786-56251-0297.fits
5786/spec-5786-56251-0298.fits
5786/spec-5786-56251-0299.fits
5786/spec-5786-56251-0300.fits
5786/spec-5786-56251-0301.fits
5786/spec-5786-56251-0302.fits
5786/spec-5786-56251-0303.fits
5786/spec-5786-56251-0304.fits
5786/spec-5786-56251-0305.fits
5786/spec-5786-56251-0306.fits
5786/spec-5786-56251-0307.fits
5786/spec-5786-56251-0308.fits
5786/spec-5786-56251-0309.fits
5786/spec-5786-56251-0310.fits
5786/spec-5786-56251-0311.fits
5786/spec-5786-56251-0312.fits
5786/spec-5786-56251-0313.fits
5786/spec-5786-56251-0314.fits
5786/spec-5786-56251-0315.fits
5786/spec-5786-56251-0316.fits
5786/spec-5786-56251-0317.fits
5786/spec-5786-56251-0318.fits
5786/spec-5786-56251-0319.fits
5786/spec-5786-56251-0320.fits
5786/spec-5786-56251-0321.fits
5786/spec-5786-56251-0322.fits
5786/spec-5786-56251-0323.fits
5786/spec-5786-56251-0324.fits
5786/spec-5786-56251-0325.fits
5786/spec-5786-56251-0326.fits
5786/spec-5786-56251-0327.fits
5786/spec-5786-56251-0328.fits
5786/spec-5786-56251-0329.fits
5786/spec-5786-56251-0330.fits
5786/spec-5786-56251-0331.fits
5786/spec-5786-56251-0332.fits
5786/spec-5786-56251-0333.fits
5786/spec-5786-56251-0334.fits
5786/spec-5786-56251-0335.fits
5786/spec-5786-56251-0336.fits
5786/spec-5786-56251-0337.fits
5786/spec-5786-56251-0338.fits
5786/spec-5786-56251-0339.fits
5786/spec-5786-56251-0340.fits
5786/spec-5786-56251-0341.fits
5786/spec-5786-56251-0342.fits
5786/spec-5786-56251-0343.fits
5786/spec-5786-56251-0344.fits
5786/spec-5786-56251-0345.fits
5786/spec-5786-56251-0346.fits
5786/spec-5786-56251-0347.fits
5786/spec-5786-56251-0348.fits
5786/spec-5786-56251-0349.fits
5786/spec-5786-56251-0350.fits
5786/spec-5786-56251-0351.fits
5786/spec-5786-56251-0352.fits
5786/spec-5786-56251-0353.fits
5786/spec-5786-56251-0354.fits
5786/spec-5786-56251-0355.fits
5786/spec-5786-56251-0356.fits
5786/spec-5786-56251-0357.fits
5786/spec-5786-56251-0358.fits
5786/spec-5786-56251-0359.fits
5786/spec-5786-56251-0360.fits
5786/spec-5786-56251-0361.fits
5786/spec-5786-56251-0362.fits
5786/spec-5786-56251-0363.fits
5786/spec-5786-56251-0364.fits
5786/spec-5786-56251-0365.fits
5786/spec-5786-56251-0366.fits
5786/spec-5786-56251-0367.fits
5786/spec-5786-56251-0368.fits
5786/spec-5786-56251-0369.fits
5786/spec-5786-56251-0370.fits
5786/spec-5786-56251-0371.fits
5786/spec-5786-56251-0372.fits
5786/spec-5786-56251-0373.fits
5786/spec-5786-56251-0374.fits
5786/spec-5786-56251-0375.fits
5786/spec-5786-56251-0376.fits
5786/spec-5786-56251-0377.fits
5786/spec-5786-56251-0378.fits
5786/spec-5786-56251-0379.fits
5786/spec-5786-56251-0380.fits
5786/spec-5786-56251-0381.fits
5786/spec-5786-56251-0382.fits
5786/spec-5786-56251-0383.fits
5786/spec-5786-56251-0384.fits
5786/spec-5786-56251-0385.fits
5786/spec-5786-56251-0386.fits
5786/spec-5786-56251-0387.fits
5786/spec-5786-56251-0388.fits
5786/spec-5786-56251-0389.fits
5786/spec-5786-56251-0390.fits
5786/spec-5786-56251-0391.fits
5786/spec-5786-56251-0392.fits
5786/spec-5786-56251-0393.fits
5786/spec-5786-56251-0394.fits
5786/spec-5786-56251-0395.fits
5786/spec-5786-56251-0396.fits
5786/spec-5786-56251-0397.fits
5786/spec-5786-56251-0398.fits
5786/spec-5786-56251-0399.fits
5786/spec-5786-56251-0400.fits
5786/spec-5786-56251-0401.fits
5786/spec-5786-56251-0402.fits
5786/spec-5786-56251-0403.fits
5786/spec-5786-56251-0404.fits
5786/spec-5786-56251-0405.fits
5786/spec-5786-56251-0406.fits
5786/spec-5786-56251-0407.fits
5786/spec-5786-56251-0408.fits
5786/spec-5786-56251-0409.fits
5786/spec-5786-56251-0410.fits
5786/spec-5786-56251-0411.fits
5786/spec-5786-56251-0412.fits
5786/spec-5786-56251-0413.fits
5786/spec-5786-56251-0414.fits
5786/spec-5786-56251-0415.fits
5786/spec-5786-56251-0416.fits
5786/spec-5786-56251-0417.fits
5786/spec-5786-56251-0418.fits
5786/spec-5786-56251-0419.fits
5786/spec-5786-56251-0420.fits
5786/spec-5786-56251-0421.fits
5786/spec-5786-56251-0422.fits
5786/spec-5786-56251-0423.fits
5786/spec-5786-56251-0424.fits
5786/spec-5786-56251-0425.fits
5786/spec-5786-56251-0426.fits
5786/spec-5786-56251-0427.fits
5786/spec-5786-56251-0428.fits
5786/spec-5786-56251-0429.fits
5786/spec-5786-56251-0430.fits
5786/spec-5786-56251-0431.fits
5786/spec-5786-56251-0432.fits
5786/spec-5786-56251-0433.fits
5786/spec-5786-56251-0434.fits
5786/spec-5786-56251-0435.fits
5786/spec-5786-56251-0436.fits
5786/spec-5786-56251-0437.fits
5786/spec-5786-56251-0438.fits
5786/spec-5786-56251-0439.fits
5786/spec-5786-56251-0440.fits
5786/spec-5786-56251-0441.fits
5786/spec-5786-56251-0442.fits
5786/spec-5786-56251-0443.fits
5786/spec-5786-56251-0444.fits
5786/spec-5786-56251-0445.fits
5786/spec-5786-56251-0446.fits
5786/spec-5786-56251-0447.fits
5786/spec-5786-56251-0448.fits
5786/spec-5786-56251-0449.fits
5786/spec-5786-56251-0450.fits
5786/spec-5786-56251-0451.fits
5786/spec-5786-56251-0452.fits
5786/spec-5786-56251-0453.fits
5786/spec-5786-56251-0454.fits
5786/spec-5786-56251-0455.fits
5786/spec-5786-56251-0456.fits
5786/spec-5786-56251-0457.fits
5786/spec-5786-56251-0458.fits
5786/spec-5786-56251-0459.fits
5786/spec-5786-56251-0460.fits
5786/spec-5786-56251-0461.fits
5786/spec-5786-56251-0462.fits
5786/spec-5786-56251-0463.fits
5786/spec-5786-56251-0464.fits
5786/spec-5786-56251-0465.fits
5786/spec-5786-56251-0466.fits
5786/spec-5786-56251-0467.fits
5786/spec-5786-56251-0468.fits
5786/spec-5786-56251-0469.fits
5786/spec-5786-56251-0470.fits
5786/spec-5786-56251-0471.fits
5786/spec-5786-56251-0472.fits
5786/spec-5786-56251-0473.fits
5786/spec-5786-56251-0474.fits
5786/spec-5786-56251-0475.fits
5786/spec-5786-56251-0476.fits
5786/spec-5786-56251-0477.fits
5786/spec-5786-56251-0478.fits
5786/spec-5786-56251-0479.fits
5786/spec-5786-56251-0480.fits
5786/spec-5786-56251-0481.fits
5786/spec-5786-56251-0482.fits
5786/spec-5786-56251-0483.fits
5786/spec-5786-56251-0484.fits
5786/spec-5786-56251-0485.fits
5786/spec-5786-56251-0486.fits
5786/spec-5786-56251-0487.fits
5786/spec-5786-56251-0488.fits
5786/spec-5786-56251-0489.fits
5786/spec-5786-56251-0490.fits
5786/spec-5786-56251-0491.fits
5786/spec-5786-56251-0492.fits
5786/spec-5786-56251-0493.fits
5786/spec-5786-56251-0494.fits
5786/spec-5786-56251-0495.fits
5786/spec-5786-56251-0496.fits
5786/spec-5786-56251-0497.fits
5786/spec-5786-56251-0498.fits
5786/spec-5786-56251-0499.fits
5786/spec-5786-56251-0500.fits
5786/spec-5786-56251-0501.fits
5786/spec-5786-56251-0502.fits
5786/spec-5786-56251-0503.fits
5786/spec-5786-56251-0504.fits
5786/spec-5786-56251-0505.fits
5786/spec-5786-56251-0506.fits
5786/spec-5786-56251-0507.fits
5786/spec-5786-56251-0508.fits
5786/spec-5786-56251-0509.fits
5786/spec-5786-56251-0510.fits
5786/spec-5786-56251-0511.fits
5786/spec-5786-56251-0512.fits
5786/spec-5786-56251-0513.fits
5786/spec-5786-56251-0514.fits
5786/spec-5786-56251-0515.fits
5786/spec-5786-56251-0516.fits
5786/spec-5786-56251-0517.fits
5786/spec-5786-56251-0518.fits
5786/spec-5786-56251-0519.fits
5786/spec-5786-56251-0520.fits
5786/spec-5786-56251-0521.fits
5786/spec-5786-56251-0522.fits
5786/spec-5786-56251-0523.fits
5786/spec-5786-56251-0524.fits
5786/spec-5786-56251-0525.fits
5786/spec-5786-56251-0526.fits
5786/spec-5786-56251-0527.fits
5786/spec-5786-56251-0528.fits
5786/spec-5786-56251-0529.fits
5786/spec-5786-56251-0530.fits
5786/spec-5786-56251-0531.fits
5786/spec-5786-56251-0532.fits
5786/spec-5786-56251-0533.fits
5786/spec-5786-56251-0534.fits
5786/spec-5786-56251-0535.fits
5786/spec-5786-56251-0536.fits
5786/spec-5786-56251-0537.fits
5786/spec-5786-56251-0538.fits
5786/spec-5786-56251-0539.fits
5786/spec-5786-56251-0540.fits
5786/spec-5786-56251-0541.fits
5786/spec-5786-56251-0542.fits
5786/spec-5786-56251-0543.fits
5786/spec-5786-56251-0544.fits
5786/spec-5786-56251-0545.fits
5786/spec-5786-56251-0546.fits
5786/spec-5786-56251-0547.fits
5786/spec-5786-56251-0548.fits
5786/spec-5786-56251-0549.fits
5786/spec-5786-56251-0550.fits
5786/spec-5786-56251-0551.fits
5786/spec-5786-56251-0552.fits
5786/spec-5786-56251-0553.fits
5786/spec-5786-56251-0554.fits
5786/spec-5786-56251-0555.fits
5786/spec-5786-56251-0556.fits
5786/spec-5786-56251-0557.fits
5786/spec-5786-56251-0558.fits
5786/spec-5786-56251-0559.fits
5786/spec-5786-56251-0560.fits
5786/spec-5786-56251-0561.fits
5786/spec-5786-56251-0562.fits
5786/spec-5786-56251-0563.fits
5786/spec-5786-56251-0564.fits
5786/spec-5786-56251-0565.fits
5786/spec-5786-56251-0566.fits
5786/spec-5786-56251-0567.fits
5786/spec-5786-56251-0568.fits
5786/spec-5786-56251-0569.fits
5786/spec-5786-56251-0570.fits
5786/spec-5786-56251-0571.fits
5786/spec-5786-56251-0572.fits
5786/spec-5786-56251-0573.fits
5786/spec-5786-56251-0574.fits
5786/spec-5786-56251-0575.fits
5786/spec-5786-56251-0576.fits
5786/spec-5786-56251-0577.fits
5786/spec-5786-56251-0578.fits
5786/spec-5786-56251-0579.fits
5786/spec-5786-56251-0580.fits
5786/spec-5786-56251-0581.fits
5786/spec-5786-56251-0582.fits
5786/spec-5786-56251-0583.fits
5786/spec-5786-56251-0584.fits
5786/spec-5786-56251-0585.fits
5786/spec-5786-56251-0586.fits
5786/spec-5786-56251-0587.fits
5786/spec-5786-56251-0588.fits
5786/spec-5786-56251-0589.fits
5786/spec-5786-56251-0590.fits
5786/spec-5786-56251-0591.fits
5786/spec-5786-56251-0592.fits
5786/spec-5786-56251-0593.fits
5786/spec-5786-56251-0594.fits
5786/spec-5786-56251-0595.fits
5786/spec-5786-56251-0596.fits
5786/spec-5786-56251-0597.fits
5786/spec-5786-56251-0598.fits
5786/spec-5786-56251-0599.fits
5786/spec-5786-56251-0600.fits
5786/spec-5786-56251-0601.fits
5786/spec-5786-56251-0602.fits
5786/spec-5786-56251-0603.fits
5786/spec-5786-56251-0604.fits
5786/spec-5786-56251-0605.fits
5786/spec-5786-56251-0606.fits
5786/spec-5786-56251-0607.fits
5786/spec-5786-56251-0608.fits
5786/spec-5786-56251-0609.fits
5786/spec-5786-56251-0610.fits
5786/spec-5786-56251-0611.fits
5786/spec-5786-56251-0612.fits
5786/spec-5786-56251-0613.fits
5786/spec-5786-56251-0614.fits
5786/spec-5786-56251-0615.fits
5786/spec-5786-56251-0616.fits
5786/spec-5786-56251-0617.fits
5786/spec-5786-56251-0618.fits
5786/spec-5786-56251-0619.fits
5786/spec-5786-56251-0620.fits
5786/spec-5786-56251-0621.fits
5786/spec-5786-56251-0622.fits
5786/spec-5786-56251-0623.fits
5786/spec-5786-56251-0624.fits
5786/spec-5786-56251-0625.fits
5786/spec-5786-56251-0626.fits
5786/spec-5786-56251-0627.fits
5786/spec-5786-56251-0628.fits
5786/spec-5786-56251-0629.fits
5786/spec-5786-56251-0630.fits
5786/spec-5786-56251-0631.fits
5786/spec-5786-56251-0632.fits
5786/spec-5786-56251-0633.fits
5786/spec-5786-56251-0634.fits
5786/spec-5786-56251-0635.fits
5786/spec-5786-56251-0636.fits
5786/spec-5786-56251-0637.fits
5786/spec-5786-56251-0638.fits
5786/spec-5786-56251-0639.fits
5786/spec-5786-56251-0640.fits
5786/spec-5786-56251-0641.fits
5786/spec-5786-56251-0642.fits
5786/spec-5786-56251-0643.fits
5786/spec-5786-56251-0644.fits
5786/spec-5786-56251-0645.fits
5786/spec-5786-56251-0646.fits
5786/spec-5786-56251-0647.fits
5786/spec-5786-56251-0648.fits
5786/spec-5786-56251-0649.fits
5786/spec-5786-56251-0650.fits
5786/spec-5786-56251-0651.fits
5786/spec-5786-56251-0652.fits
5786/spec-5786-56251-0653.fits
5786/spec-5786-56251-0654.fits
5786/spec-5786-56251-0655.fits
5786/spec-5786-56251-0656.fits
5786/spec-5786-56251-0657.fits
5786/spec-5786-56251-0658.fits
5786/spec-5786-56251-0659.fits
5786/spec-5786-56251-0660.fits
5786/spec-5786-56251-0661.fits
5786/spec-5786-56251-0662.fits
5786/spec-5786-56251-0663.fits
5786/spec-5786-56251-0664.fits
5786/spec-5786-56251-0665.fits
5786/spec-5786-56251-0666.fits
5786/spec-5786-56251-0667.fits
5786/spec-5786-56251-0668.fits
5786/spec-5786-56251-0669.fits
5786/spec-5786-56251-0670.fits
5786/spec-5786-56251-0671.fits
5786/spec-5786-56251-0672.fits
5786/spec-5786-56251-0673.fits
5786/spec-5786-56251-0674.fits
5786/spec-5786-56251-0675.fits
5786/spec-5786-56251-0676.fits
5786/spec-5786-56251-0677.fits
5786/spec-5786-56251-0678.fits
5786/spec-5786-56251-0679.fits
5786/spec-5786-56251-0680.fits
5786/spec-5786-56251-0681.fits
5786/spec-5786-56251-0682.fits
5786/spec-5786-56251-0683.fits
5786/spec-5786-56251-0684.fits
5786/spec-5786-56251-0685.fits
5786/spec-5786-56251-0686.fits
5786/spec-5786-56251-0687.fits
5786/spec-5786-56251-0688.fits
5786/spec-5786-56251-0689.fits
5786/spec-5786-56251-0690.fits
5786/spec-5786-56251-0691.fits
5786/spec-5786-56251-0692.fits
5786/spec-5786-56251-0693.fits
5786/spec-5786-56251-0694.fits
5786/spec-5786-56251-0695.fits
5786/spec-5786-56251-0696.fits
5786/spec-5786-56251-0697.fits
5786/spec-5786-56251-0698.fits
5786/spec-5786-56251-0699.fits
5786/spec-5786-56251-0700.fits
5786/spec-5786-56251-0701.fits
5786/spec-5786-56251-0702.fits
5786/spec-5786-56251-0703.fits
5786/spec-5786-56251-0704.fits
5786/spec-5786-56251-0705.fits
5786/spec-5786-56251-0706.fits
5786/spec-5786-56251-0707.fits
5786/spec-5786-56251-0708.fits
5786/spec-5786-56251-0709.fits
5786/spec-5786-56251-0710.fits
5786/spec-5786-56251-0711.fits
5786/spec-5786-56251-0712.fits
5786/spec-5786-56251-0713.fits
5786/spec-5786-56251-0714.fits
5786/spec-5786-56251-0715.fits
5786/spec-5786-56251-0716.fits
5786/spec-5786-56251-0717.fits
5786/spec-5786-56251-0718.fits
5786/spec-5786-56251-0719.fits
5786/spec-5786-56251-0720.fits
5786/spec-5786-56251-0721.fits
5786/spec-5786-56251-0722.fits
5786/spec-5786-56251-0723.fits
5786/spec-5786-56251-0724.fits
5786/spec-5786-56251-0725.fits
5786/spec-5786-56251-0726.fits
5786/spec-5786-56251-0727.fits
5786/spec-5786-56251-0728.fits
5786/spec-5786-56251-0729.fits
5786/spec-5786-56251-0730.fits
5786/spec-5786-56251-0731.fits
5786/spec-5786-56251-0732.fits
5786/spec-5786-56251-0733.fits
5786/spec-5786-56251-0734.fits
5786/spec-5786-56251-0735.fits
5786/spec-5786-56251-0736.fits
5786/spec-5786-56251-0737.fits
5786/spec-5786-56251-0738.fits
5786/spec-5786-56251-0739.fits
5786/spec-5786-56251-0740.fits
5786/spec-5786-56251-0741.fits
5786/spec-5786-56251-0742.fits
5786/spec-5786-56251-0743.fits
5786/spec-5786-56251-0744.fits
5786/spec-5786-56251-0745.fits
5786/spec-5786-56251-0746.fits
5786/spec-5786-56251-0747.fits
5786/spec-5786-56251-0748.fits
5786/spec-5786-56251-0749.fits
5786/spec-5786-56251-0750.fits
5786/spec-5786-56251-0751.fits
5786/spec-5786-56251-0752.fits
5786/spec-5786-56251-0753.fits
5786/spec-5786-56251-0754.fits
5786/spec-5786-56251-0755.fits
5786/spec-5786-56251-0756.fits
5786/spec-5786-56251-0757.fits
5786/spec-5786-56251-0758.fits
5786/spec-5786-56251-0759.fits
5786/spec-5786-56251-0760.fits
5786/spec-5786-56251-0761.fits
5786/spec-5786-56251-0762.fits
5786/spec-5786-56251-0763.fits
5786/spec-5786-56251-0764.fits
5786/spec-5786-56251-0765.fits
5786/spec-5786-56251-0766.fits
5786/spec-5786-56251-0767.fits
5786/spec-5786-56251-0768.fits
5786/spec-5786-56251-0769.fits
5786/spec-5786-56251-0770.fits
5786/spec-5786-56251-0771.fits
5786/spec-5786-56251-0772.fits
5786/spec-5786-56251-0773.fits
5786/spec-5786-56251-0774.fits
5786/spec-5786-56251-0775.fits
5786/spec-5786-56251-0776.fits
5786/spec-5786-56251-0777.fits
5786/spec-5786-56251-0778.fits
5786/spec-5786-56251-0779.fits
5786/spec-5786-56251-0780.fits
5786/spec-5786-56251-0781.fits
5786/spec-5786-56251-0782.fits
5786/spec-5786-56251-0783.fits
5786/spec-5786-56251-0784.fits
5786/spec-5786-56251-0785.fits
5786/spec-5786-56251-0786.fits
5786/spec-5786-56251-0787.fits
5786/spec-5786-56251-0788.fits
5786/spec-5786-56251-0789.fits
5786/spec-5786-56251-0790.fits
5786/spec-5786-56251-0791.fits
5786/spec-5786-56251-0792.fits
5786/spec-5786-56251-0793.fits
5786/spec-5786-56251-0794.fits
5786/spec-5786-56251-0795.fits
5786/spec-5786-56251-0796.fits
5786/spec-5786-56251-0797.fits
5786/spec-5786-56251-0798.fits
5786/spec-5786-56251-0799.fits
5786/spec-5786-56251-0800.fits
5786/spec-5786-56251-0801.fits
5786/spec-5786-56251-0802.fits
5786/spec-5786-56251-0803.fits
5786/spec-5786-56251-0804.fits
5786/spec-5786-56251-0805.fits
5786/spec-5786-56251-0806.fits
5786/spec-5786-56251-0807.fits
5786/spec-5786-56251-0808.fits
5786/spec-5786-56251-0809.fits
5786/spec-5786-56251-0810.fits
5786/spec-5786-56251-0811.fits
5786/spec-5786-56251-0812.fits
5786/spec-5786-56251-0813.fits
5786/spec-5786-56251-0814.fits
5786/spec-5786-56251-0815.fits
5786/spec-5786-56251-0816.fits
5786/spec-5786-56251-0817.fits
5786/spec-5786-56251-0818.fits
5786/spec-5786-56251-0819.fits
5786/spec-5786-56251-0820.fits
5786/spec-5786-56251-0821.fits
5786/spec-5786-56251-0822.fits
5786/spec-5786-56251-0823.fits
5786/spec-5786-56251-0824.fits
5786/spec-5786-56251-0825.fits
5786/spec-5786-56251-0826.fits
5786/spec-5786-56251-0827.fits
5786/spec-5786-56251-0828.fits
5786/spec-5786-56251-0829.fits
5786/spec-5786-56251-0830.fits
5786/spec-5786-56251-0831.fits
5786/spec-5786-56251-0832.fits
5786/spec-5786-56251-0833.fits
5786/spec-5786-56251-0834.fits
5786/spec-5786-56251-0835.fits
5786/spec-5786-56251-0836.fits
5786/spec-5786-56251-0837.fits
5786/spec-5786-56251-0838.fits
5786/spec-5786-56251-0839.fits
5786/spec-5786-56251-0840.fits
5786/spec-5786-56251-0841.fits
5786/spec-5786-56251-0842.fits
5786/spec-5786-56251-0843.fits
5786/spec-5786-56251-0844.fits
5786/spec-5786-56251-0845.fits
5786/spec-5786-56251-0846.fits
5786/spec-5786-56251-0847.fits
5786/spec-5786-56251-0848.fits
5786/spec-5786-56251-0849.fits
5786/spec-5786-56251-0850.fits
5786/spec-5786-56251-0851.fits
5786/spec-5786-56251-0852.fits
5786/spec-5786-56251-0853.fits
5786/spec-5786-56251-0854.fits
5786/spec-5786-56251-0855.fits
5786/spec-5786-56251-0856.fits
5786/spec-5786-56251-0857.fits
5786/spec-5786-56251-0858.fits
5786/spec-5786-56251-0859.fits
5786/spec-5786-56251-0860.fits
5786/spec-5786-56251-0861.fits
5786/spec-5786-56251-0862.fits
5786/spec-5786-56251-0863.fits
5786/spec-5786-56251-0864.fits
5786/spec-5786-56251-0865.fits
5786/spec-5786-56251-0866.fits
5786/spec-5786-56251-0867.fits
5786/spec-5786-56251-0868.fits
5786/spec-5786-56251-0869.fits
5786/spec-5786-56251-0870.fits
5786/spec-5786-56251-0871.fits
5786/spec-5786-56251-0872.fits
5786/spec-5786-56251-0873.fits
5786/spec-5786-56251-0874.fits
5786/spec-5786-56251-0875.fits
5786/spec-5786-56251-0876.fits
5786/spec-5786-56251-0877.fits
5786/spec-5786-56251-0878.fits
5786/spec-5786-56251-0879.fits
5786/spec-5786-56251-0880.fits
5786/spec-5786-56251-0881.fits
5786/spec-5786-56251-0882.fits
5786/spec-5786-56251-0883.fits
5786/spec-5786-56251-0884.fits
5786/spec-5786-56251-0885.fits
5786/spec-5786-56251-0886.fits
5786/spec-5786-56251-0887.fits
5786/spec-5786-56251-0888.fits
5786/spec-5786-56251-0889.fits
5786/spec-5786-56251-0890.fits
5786/spec-5786-56251-0891.fits
5786/spec-5786-56251-0892.fits
5786/spec-5786-56251-0893.fits
5786/spec-5786-56251-0894.fits
5786/spec-5786-56251-0895.fits
5786/spec-5786-56251-0896.fits
5786/spec-5786-56251-0897.fits
5786/spec-5786-56251-0898.fits
5786/spec-5786-56251-0899.fits
5786/spec-5786-56251-0900.fits
5786/spec-5786-56251-0901.fits
5786/spec-5786-56251-0902.fits
5786/spec-5786-56251-0903.fits
5786/spec-5786-56251-0904.fits
5786/spec-5786-56251-0905.fits
5786/spec-5786-56251-0906.fits
5786/spec-5786-56251-0907.fits
5786/spec-5786-56251-0908.fits
5786/spec-5786-56251-0909.fits
5786/spec-5786-56251-0910.fits
5786/spec-5786-56251-0911.fits
5786/spec-5786-56251-0912.fits
5786/spec-5786-56251-0913.fits
5786/spec-5786-56251-0914.fits
5786/spec-5786-56251-0915.fits
5786/spec-5786-56251-0916.fits
5786/spec-5786-56251-0917.fits
5786/spec-5786-56251-0918.fits
5786/spec-5786-56251-0919.fits
5786/spec-5786-56251-0920.fits
5786/spec-5786-56251-0921.fits
5786/spec-5786-56251-0922.fits
5786/spec-5786-56251-0923.fits
5786/spec-5786-56251-0924.fits
5786/spec-5786-56251-0925.fits
5786/spec-5786-56251-0926.fits
5786/spec-5786-56251-0927.fits
5786/spec-5786-56251-0928.fits
5786/spec-5786-56251-0929.fits
5786/spec-5786-56251-0930.fits
5786/spec-5786-56251-0931.fits
5786/spec-5786-56251-0932.fits
5786/spec-5786-56251-0933.fits
5786/spec-5786-56251-0934.fits
5786/spec-5786-56251-0935.fits
5786/spec-5786-56251-0936.fits
5786/spec-5786-56251-0937.fits
5786/spec-5786-56251-0938.fits
5786/spec-5786-56251-0939.fits
5786/spec-5786-56251-0940.fits
5786/spec-5786-56251-0941.fits
5786/spec-5786-56251-0942.fits
5786/spec-5786-56251-0943.fits
5786/spec-5786-56251-0944.fits
5786/spec-5786-56251-0945.fits
5786/spec-5786-56251-0946.fits
5786/spec-5786-56251-0947.fits
5786/spec-5786-56251-0948.fits
5786/spec-5786-56251-0949.fits
5786/spec-5786-56251-0950.fits
5786/spec-5786-56251-0951.fits
5786/spec-5786-56251-0952.fits
5786/spec-5786-56251-0953.fits
5786/spec-5786-56251-0954.fits
5786/spec-5786-56251-0955.fits
5786/spec-5786-56251-0956.fits
5786/spec-5786-56251-0957.fits
5786/spec-5786-56251-0958.fits
5786/spec-5786-56251-0959.fits
5786/spec-5786-56251-0960.fits
5786/spec-5786-56251-0961.fits
5786/spec-5786-56251-0962.fits
5786/spec-5786-56251-0963.fits
5786/spec-5786-56251-0964.fits
5786/spec-5786-56251-0965.fits
5786/spec-5786-56251-0966.fits
5786/spec-5786-56251-0967.fits
5786/spec-5786-56251-0968.fits
5786/spec-5786-56251-0969.fits
5786/spec-5786-56251-0970.fits
5786/spec-5786-56251-0971.fits
5786/spec-5786-56251-0972.fits
5786/spec-5786-56251-0973.fits
5786/spec-5786-56251-0974.fits
5786/spec-5786-56251-0975.fits
5786/spec-5786-56251-0976.fits
5786/spec-5786-56251-0977.fits
5786/spec-5786-56251-0978.fits
5786/spec-5786-56251-0979.fits
5786/spec-5786-56251-0980.fits
5786/spec-5786-56251-0981.fits
5786/spec-5786-56251-0982.fits
5786/spec-5786-56251-0983.fits
5786/spec-5786-56251-0984.fits
5786/spec-5786-56251-0985.fits
5786/spec-5786-56251-0986.fits
5786/spec-5786-56251-0987.fits
5786/spec-5786-56251-0988.fits
5786/spec-5786-56251-0989.fits
5786/spec-5786-56251-0990.fits
5786/spec-5786-56251-0991.fits
5786/spec-5786-56251-0992.fits
5786/spec-5786-56251-0993.fits
5786/spec-5786-56251-0994.fits
5786/spec-5786-56251-0995.fits
5786/spec-5786-56251-0996.fits
5786/spec-5786-56251-0997.fits
5786/spec-5786-56251-0998.fits
5786/spec-5786-56251-0999.fits
5786/spec-5786-56251-1000.fits
/var/lib/condor/execute/slot1/dir_10253
5786 5786.tgz R R361.tar.gz _condor_stderr _condor_stdout cB58_Lyman_break.fit condor_exec.exe hw4.R packages packages.tar.gz tmp var
[1] "Loaded package astro."
[1] 1000
5786 5786.csv 5786.tgz R R361.tar.gz _condor_stderr _condor_stdout cB58_Lyman_break.fit condor_exec.exe hw4.R packages packages.tar.gz tmp var
