5787
5787/
5787/spec-5787-56254-0001.fits
5787/spec-5787-56254-0002.fits
5787/spec-5787-56254-0003.fits
5787/spec-5787-56254-0004.fits
5787/spec-5787-56254-0005.fits
5787/spec-5787-56254-0006.fits
5787/spec-5787-56254-0007.fits
5787/spec-5787-56254-0008.fits
5787/spec-5787-56254-0009.fits
5787/spec-5787-56254-0010.fits
5787/spec-5787-56254-0011.fits
5787/spec-5787-56254-0012.fits
5787/spec-5787-56254-0013.fits
5787/spec-5787-56254-0014.fits
5787/spec-5787-56254-0015.fits
5787/spec-5787-56254-0016.fits
5787/spec-5787-56254-0017.fits
5787/spec-5787-56254-0018.fits
5787/spec-5787-56254-0019.fits
5787/spec-5787-56254-0020.fits
5787/spec-5787-56254-0021.fits
5787/spec-5787-56254-0022.fits
5787/spec-5787-56254-0023.fits
5787/spec-5787-56254-0024.fits
5787/spec-5787-56254-0025.fits
5787/spec-5787-56254-0026.fits
5787/spec-5787-56254-0027.fits
5787/spec-5787-56254-0028.fits
5787/spec-5787-56254-0029.fits
5787/spec-5787-56254-0030.fits
5787/spec-5787-56254-0031.fits
5787/spec-5787-56254-0032.fits
5787/spec-5787-56254-0033.fits
5787/spec-5787-56254-0034.fits
5787/spec-5787-56254-0035.fits
5787/spec-5787-56254-0036.fits
5787/spec-5787-56254-0037.fits
5787/spec-5787-56254-0038.fits
5787/spec-5787-56254-0039.fits
5787/spec-5787-56254-0040.fits
5787/spec-5787-56254-0041.fits
5787/spec-5787-56254-0042.fits
5787/spec-5787-56254-0043.fits
5787/spec-5787-56254-0044.fits
5787/spec-5787-56254-0045.fits
5787/spec-5787-56254-0046.fits
5787/spec-5787-56254-0047.fits
5787/spec-5787-56254-0048.fits
5787/spec-5787-56254-0049.fits
5787/spec-5787-56254-0050.fits
5787/spec-5787-56254-0051.fits
5787/spec-5787-56254-0052.fits
5787/spec-5787-56254-0053.fits
5787/spec-5787-56254-0054.fits
5787/spec-5787-56254-0055.fits
5787/spec-5787-56254-0056.fits
5787/spec-5787-56254-0057.fits
5787/spec-5787-56254-0058.fits
5787/spec-5787-56254-0059.fits
5787/spec-5787-56254-0060.fits
5787/spec-5787-56254-0061.fits
5787/spec-5787-56254-0062.fits
5787/spec-5787-56254-0063.fits
5787/spec-5787-56254-0064.fits
5787/spec-5787-56254-0065.fits
5787/spec-5787-56254-0066.fits
5787/spec-5787-56254-0067.fits
5787/spec-5787-56254-0068.fits
5787/spec-5787-56254-0069.fits
5787/spec-5787-56254-0070.fits
5787/spec-5787-56254-0071.fits
5787/spec-5787-56254-0072.fits
5787/spec-5787-56254-0073.fits
5787/spec-5787-56254-0074.fits
5787/spec-5787-56254-0075.fits
5787/spec-5787-56254-0076.fits
5787/spec-5787-56254-0077.fits
5787/spec-5787-56254-0078.fits
5787/spec-5787-56254-0079.fits
5787/spec-5787-56254-0080.fits
5787/spec-5787-56254-0081.fits
5787/spec-5787-56254-0082.fits
5787/spec-5787-56254-0083.fits
5787/spec-5787-56254-0084.fits
5787/spec-5787-56254-0085.fits
5787/spec-5787-56254-0086.fits
5787/spec-5787-56254-0087.fits
5787/spec-5787-56254-0088.fits
5787/spec-5787-56254-0089.fits
5787/spec-5787-56254-0090.fits
5787/spec-5787-56254-0091.fits
5787/spec-5787-56254-0092.fits
5787/spec-5787-56254-0093.fits
5787/spec-5787-56254-0094.fits
5787/spec-5787-56254-0095.fits
5787/spec-5787-56254-0096.fits
5787/spec-5787-56254-0097.fits
5787/spec-5787-56254-0098.fits
5787/spec-5787-56254-0099.fits
5787/spec-5787-56254-0100.fits
5787/spec-5787-56254-0101.fits
5787/spec-5787-56254-0102.fits
5787/spec-5787-56254-0103.fits
5787/spec-5787-56254-0104.fits
5787/spec-5787-56254-0105.fits
5787/spec-5787-56254-0106.fits
5787/spec-5787-56254-0107.fits
5787/spec-5787-56254-0108.fits
5787/spec-5787-56254-0109.fits
5787/spec-5787-56254-0110.fits
5787/spec-5787-56254-0111.fits
5787/spec-5787-56254-0112.fits
5787/spec-5787-56254-0113.fits
5787/spec-5787-56254-0114.fits
5787/spec-5787-56254-0115.fits
5787/spec-5787-56254-0116.fits
5787/spec-5787-56254-0117.fits
5787/spec-5787-56254-0118.fits
5787/spec-5787-56254-0119.fits
5787/spec-5787-56254-0120.fits
5787/spec-5787-56254-0121.fits
5787/spec-5787-56254-0122.fits
5787/spec-5787-56254-0123.fits
5787/spec-5787-56254-0124.fits
5787/spec-5787-56254-0125.fits
5787/spec-5787-56254-0126.fits
5787/spec-5787-56254-0127.fits
5787/spec-5787-56254-0128.fits
5787/spec-5787-56254-0129.fits
5787/spec-5787-56254-0130.fits
5787/spec-5787-56254-0131.fits
5787/spec-5787-56254-0132.fits
5787/spec-5787-56254-0133.fits
5787/spec-5787-56254-0134.fits
5787/spec-5787-56254-0135.fits
5787/spec-5787-56254-0136.fits
5787/spec-5787-56254-0137.fits
5787/spec-5787-56254-0138.fits
5787/spec-5787-56254-0139.fits
5787/spec-5787-56254-0140.fits
5787/spec-5787-56254-0141.fits
5787/spec-5787-56254-0142.fits
5787/spec-5787-56254-0143.fits
5787/spec-5787-56254-0144.fits
5787/spec-5787-56254-0145.fits
5787/spec-5787-56254-0146.fits
5787/spec-5787-56254-0147.fits
5787/spec-5787-56254-0148.fits
5787/spec-5787-56254-0149.fits
5787/spec-5787-56254-0150.fits
5787/spec-5787-56254-0151.fits
5787/spec-5787-56254-0152.fits
5787/spec-5787-56254-0153.fits
5787/spec-5787-56254-0154.fits
5787/spec-5787-56254-0155.fits
5787/spec-5787-56254-0156.fits
5787/spec-5787-56254-0157.fits
5787/spec-5787-56254-0158.fits
5787/spec-5787-56254-0159.fits
5787/spec-5787-56254-0160.fits
5787/spec-5787-56254-0161.fits
5787/spec-5787-56254-0162.fits
5787/spec-5787-56254-0163.fits
5787/spec-5787-56254-0164.fits
5787/spec-5787-56254-0165.fits
5787/spec-5787-56254-0166.fits
5787/spec-5787-56254-0167.fits
5787/spec-5787-56254-0168.fits
5787/spec-5787-56254-0169.fits
5787/spec-5787-56254-0170.fits
5787/spec-5787-56254-0171.fits
5787/spec-5787-56254-0172.fits
5787/spec-5787-56254-0173.fits
5787/spec-5787-56254-0174.fits
5787/spec-5787-56254-0175.fits
5787/spec-5787-56254-0176.fits
5787/spec-5787-56254-0177.fits
5787/spec-5787-56254-0178.fits
5787/spec-5787-56254-0179.fits
5787/spec-5787-56254-0180.fits
5787/spec-5787-56254-0181.fits
5787/spec-5787-56254-0182.fits
5787/spec-5787-56254-0183.fits
5787/spec-5787-56254-0184.fits
5787/spec-5787-56254-0185.fits
5787/spec-5787-56254-0186.fits
5787/spec-5787-56254-0187.fits
5787/spec-5787-56254-0188.fits
5787/spec-5787-56254-0189.fits
5787/spec-5787-56254-0190.fits
5787/spec-5787-56254-0191.fits
5787/spec-5787-56254-0192.fits
5787/spec-5787-56254-0193.fits
5787/spec-5787-56254-0194.fits
5787/spec-5787-56254-0195.fits
5787/spec-5787-56254-0196.fits
5787/spec-5787-56254-0197.fits
5787/spec-5787-56254-0198.fits
5787/spec-5787-56254-0199.fits
5787/spec-5787-56254-0200.fits
5787/spec-5787-56254-0201.fits
5787/spec-5787-56254-0202.fits
5787/spec-5787-56254-0203.fits
5787/spec-5787-56254-0204.fits
5787/spec-5787-56254-0205.fits
5787/spec-5787-56254-0206.fits
5787/spec-5787-56254-0207.fits
5787/spec-5787-56254-0208.fits
5787/spec-5787-56254-0209.fits
5787/spec-5787-56254-0210.fits
5787/spec-5787-56254-0211.fits
5787/spec-5787-56254-0212.fits
5787/spec-5787-56254-0213.fits
5787/spec-5787-56254-0214.fits
5787/spec-5787-56254-0215.fits
5787/spec-5787-56254-0216.fits
5787/spec-5787-56254-0217.fits
5787/spec-5787-56254-0218.fits
5787/spec-5787-56254-0219.fits
5787/spec-5787-56254-0220.fits
5787/spec-5787-56254-0221.fits
5787/spec-5787-56254-0222.fits
5787/spec-5787-56254-0223.fits
5787/spec-5787-56254-0224.fits
5787/spec-5787-56254-0225.fits
5787/spec-5787-56254-0226.fits
5787/spec-5787-56254-0227.fits
5787/spec-5787-56254-0228.fits
5787/spec-5787-56254-0229.fits
5787/spec-5787-56254-0230.fits
5787/spec-5787-56254-0231.fits
5787/spec-5787-56254-0232.fits
5787/spec-5787-56254-0233.fits
5787/spec-5787-56254-0234.fits
5787/spec-5787-56254-0235.fits
5787/spec-5787-56254-0236.fits
5787/spec-5787-56254-0237.fits
5787/spec-5787-56254-0238.fits
5787/spec-5787-56254-0239.fits
5787/spec-5787-56254-0240.fits
5787/spec-5787-56254-0241.fits
5787/spec-5787-56254-0242.fits
5787/spec-5787-56254-0243.fits
5787/spec-5787-56254-0244.fits
5787/spec-5787-56254-0245.fits
5787/spec-5787-56254-0246.fits
5787/spec-5787-56254-0247.fits
5787/spec-5787-56254-0248.fits
5787/spec-5787-56254-0249.fits
5787/spec-5787-56254-0250.fits
5787/spec-5787-56254-0251.fits
5787/spec-5787-56254-0252.fits
5787/spec-5787-56254-0253.fits
5787/spec-5787-56254-0254.fits
5787/spec-5787-56254-0255.fits
5787/spec-5787-56254-0256.fits
5787/spec-5787-56254-0257.fits
5787/spec-5787-56254-0258.fits
5787/spec-5787-56254-0259.fits
5787/spec-5787-56254-0260.fits
5787/spec-5787-56254-0261.fits
5787/spec-5787-56254-0262.fits
5787/spec-5787-56254-0263.fits
5787/spec-5787-56254-0264.fits
5787/spec-5787-56254-0265.fits
5787/spec-5787-56254-0266.fits
5787/spec-5787-56254-0267.fits
5787/spec-5787-56254-0268.fits
5787/spec-5787-56254-0269.fits
5787/spec-5787-56254-0270.fits
5787/spec-5787-56254-0271.fits
5787/spec-5787-56254-0272.fits
5787/spec-5787-56254-0273.fits
5787/spec-5787-56254-0274.fits
5787/spec-5787-56254-0275.fits
5787/spec-5787-56254-0276.fits
5787/spec-5787-56254-0277.fits
5787/spec-5787-56254-0278.fits
5787/spec-5787-56254-0279.fits
5787/spec-5787-56254-0280.fits
5787/spec-5787-56254-0281.fits
5787/spec-5787-56254-0282.fits
5787/spec-5787-56254-0283.fits
5787/spec-5787-56254-0284.fits
5787/spec-5787-56254-0285.fits
5787/spec-5787-56254-0286.fits
5787/spec-5787-56254-0287.fits
5787/spec-5787-56254-0288.fits
5787/spec-5787-56254-0289.fits
5787/spec-5787-56254-0290.fits
5787/spec-5787-56254-0291.fits
5787/spec-5787-56254-0292.fits
5787/spec-5787-56254-0293.fits
5787/spec-5787-56254-0294.fits
5787/spec-5787-56254-0295.fits
5787/spec-5787-56254-0296.fits
5787/spec-5787-56254-0297.fits
5787/spec-5787-56254-0298.fits
5787/spec-5787-56254-0299.fits
5787/spec-5787-56254-0300.fits
5787/spec-5787-56254-0301.fits
5787/spec-5787-56254-0302.fits
5787/spec-5787-56254-0303.fits
5787/spec-5787-56254-0304.fits
5787/spec-5787-56254-0305.fits
5787/spec-5787-56254-0306.fits
5787/spec-5787-56254-0307.fits
5787/spec-5787-56254-0308.fits
5787/spec-5787-56254-0309.fits
5787/spec-5787-56254-0310.fits
5787/spec-5787-56254-0311.fits
5787/spec-5787-56254-0312.fits
5787/spec-5787-56254-0313.fits
5787/spec-5787-56254-0314.fits
5787/spec-5787-56254-0315.fits
5787/spec-5787-56254-0316.fits
5787/spec-5787-56254-0317.fits
5787/spec-5787-56254-0318.fits
5787/spec-5787-56254-0319.fits
5787/spec-5787-56254-0320.fits
5787/spec-5787-56254-0321.fits
5787/spec-5787-56254-0322.fits
5787/spec-5787-56254-0323.fits
5787/spec-5787-56254-0324.fits
5787/spec-5787-56254-0325.fits
5787/spec-5787-56254-0326.fits
5787/spec-5787-56254-0327.fits
5787/spec-5787-56254-0328.fits
5787/spec-5787-56254-0329.fits
5787/spec-5787-56254-0330.fits
5787/spec-5787-56254-0331.fits
5787/spec-5787-56254-0332.fits
5787/spec-5787-56254-0333.fits
5787/spec-5787-56254-0334.fits
5787/spec-5787-56254-0335.fits
5787/spec-5787-56254-0336.fits
5787/spec-5787-56254-0337.fits
5787/spec-5787-56254-0338.fits
5787/spec-5787-56254-0339.fits
5787/spec-5787-56254-0340.fits
5787/spec-5787-56254-0341.fits
5787/spec-5787-56254-0342.fits
5787/spec-5787-56254-0343.fits
5787/spec-5787-56254-0344.fits
5787/spec-5787-56254-0345.fits
5787/spec-5787-56254-0346.fits
5787/spec-5787-56254-0347.fits
5787/spec-5787-56254-0348.fits
5787/spec-5787-56254-0349.fits
5787/spec-5787-56254-0350.fits
5787/spec-5787-56254-0351.fits
5787/spec-5787-56254-0352.fits
5787/spec-5787-56254-0353.fits
5787/spec-5787-56254-0354.fits
5787/spec-5787-56254-0355.fits
5787/spec-5787-56254-0356.fits
5787/spec-5787-56254-0357.fits
5787/spec-5787-56254-0358.fits
5787/spec-5787-56254-0359.fits
5787/spec-5787-56254-0360.fits
5787/spec-5787-56254-0361.fits
5787/spec-5787-56254-0362.fits
5787/spec-5787-56254-0363.fits
5787/spec-5787-56254-0364.fits
5787/spec-5787-56254-0365.fits
5787/spec-5787-56254-0366.fits
5787/spec-5787-56254-0367.fits
5787/spec-5787-56254-0368.fits
5787/spec-5787-56254-0369.fits
5787/spec-5787-56254-0370.fits
5787/spec-5787-56254-0371.fits
5787/spec-5787-56254-0372.fits
5787/spec-5787-56254-0373.fits
5787/spec-5787-56254-0374.fits
5787/spec-5787-56254-0375.fits
5787/spec-5787-56254-0376.fits
5787/spec-5787-56254-0377.fits
5787/spec-5787-56254-0378.fits
5787/spec-5787-56254-0379.fits
5787/spec-5787-56254-0380.fits
5787/spec-5787-56254-0381.fits
5787/spec-5787-56254-0382.fits
5787/spec-5787-56254-0383.fits
5787/spec-5787-56254-0384.fits
5787/spec-5787-56254-0385.fits
5787/spec-5787-56254-0386.fits
5787/spec-5787-56254-0387.fits
5787/spec-5787-56254-0388.fits
5787/spec-5787-56254-0389.fits
5787/spec-5787-56254-0390.fits
5787/spec-5787-56254-0391.fits
5787/spec-5787-56254-0392.fits
5787/spec-5787-56254-0393.fits
5787/spec-5787-56254-0394.fits
5787/spec-5787-56254-0395.fits
5787/spec-5787-56254-0396.fits
5787/spec-5787-56254-0397.fits
5787/spec-5787-56254-0398.fits
5787/spec-5787-56254-0399.fits
5787/spec-5787-56254-0400.fits
5787/spec-5787-56254-0401.fits
5787/spec-5787-56254-0402.fits
5787/spec-5787-56254-0403.fits
5787/spec-5787-56254-0404.fits
5787/spec-5787-56254-0405.fits
5787/spec-5787-56254-0406.fits
5787/spec-5787-56254-0407.fits
5787/spec-5787-56254-0408.fits
5787/spec-5787-56254-0409.fits
5787/spec-5787-56254-0410.fits
5787/spec-5787-56254-0411.fits
5787/spec-5787-56254-0412.fits
5787/spec-5787-56254-0413.fits
5787/spec-5787-56254-0414.fits
5787/spec-5787-56254-0415.fits
5787/spec-5787-56254-0416.fits
5787/spec-5787-56254-0417.fits
5787/spec-5787-56254-0418.fits
5787/spec-5787-56254-0419.fits
5787/spec-5787-56254-0420.fits
5787/spec-5787-56254-0421.fits
5787/spec-5787-56254-0422.fits
5787/spec-5787-56254-0423.fits
5787/spec-5787-56254-0424.fits
5787/spec-5787-56254-0425.fits
5787/spec-5787-56254-0426.fits
5787/spec-5787-56254-0427.fits
5787/spec-5787-56254-0428.fits
5787/spec-5787-56254-0429.fits
5787/spec-5787-56254-0430.fits
5787/spec-5787-56254-0431.fits
5787/spec-5787-56254-0432.fits
5787/spec-5787-56254-0433.fits
5787/spec-5787-56254-0434.fits
5787/spec-5787-56254-0435.fits
5787/spec-5787-56254-0436.fits
5787/spec-5787-56254-0437.fits
5787/spec-5787-56254-0438.fits
5787/spec-5787-56254-0439.fits
5787/spec-5787-56254-0440.fits
5787/spec-5787-56254-0441.fits
5787/spec-5787-56254-0442.fits
5787/spec-5787-56254-0443.fits
5787/spec-5787-56254-0444.fits
5787/spec-5787-56254-0445.fits
5787/spec-5787-56254-0446.fits
5787/spec-5787-56254-0447.fits
5787/spec-5787-56254-0448.fits
5787/spec-5787-56254-0449.fits
5787/spec-5787-56254-0450.fits
5787/spec-5787-56254-0451.fits
5787/spec-5787-56254-0452.fits
5787/spec-5787-56254-0453.fits
5787/spec-5787-56254-0454.fits
5787/spec-5787-56254-0455.fits
5787/spec-5787-56254-0456.fits
5787/spec-5787-56254-0457.fits
5787/spec-5787-56254-0458.fits
5787/spec-5787-56254-0459.fits
5787/spec-5787-56254-0460.fits
5787/spec-5787-56254-0461.fits
5787/spec-5787-56254-0462.fits
5787/spec-5787-56254-0463.fits
5787/spec-5787-56254-0464.fits
5787/spec-5787-56254-0465.fits
5787/spec-5787-56254-0466.fits
5787/spec-5787-56254-0467.fits
5787/spec-5787-56254-0468.fits
5787/spec-5787-56254-0469.fits
5787/spec-5787-56254-0470.fits
5787/spec-5787-56254-0471.fits
5787/spec-5787-56254-0472.fits
5787/spec-5787-56254-0473.fits
5787/spec-5787-56254-0474.fits
5787/spec-5787-56254-0475.fits
5787/spec-5787-56254-0476.fits
5787/spec-5787-56254-0477.fits
5787/spec-5787-56254-0478.fits
5787/spec-5787-56254-0479.fits
5787/spec-5787-56254-0480.fits
5787/spec-5787-56254-0481.fits
5787/spec-5787-56254-0482.fits
5787/spec-5787-56254-0483.fits
5787/spec-5787-56254-0484.fits
5787/spec-5787-56254-0485.fits
5787/spec-5787-56254-0486.fits
5787/spec-5787-56254-0487.fits
5787/spec-5787-56254-0488.fits
5787/spec-5787-56254-0489.fits
5787/spec-5787-56254-0490.fits
5787/spec-5787-56254-0491.fits
5787/spec-5787-56254-0492.fits
5787/spec-5787-56254-0493.fits
5787/spec-5787-56254-0494.fits
5787/spec-5787-56254-0495.fits
5787/spec-5787-56254-0496.fits
5787/spec-5787-56254-0497.fits
5787/spec-5787-56254-0498.fits
5787/spec-5787-56254-0499.fits
5787/spec-5787-56254-0500.fits
5787/spec-5787-56254-0501.fits
5787/spec-5787-56254-0502.fits
5787/spec-5787-56254-0503.fits
5787/spec-5787-56254-0504.fits
5787/spec-5787-56254-0505.fits
5787/spec-5787-56254-0506.fits
5787/spec-5787-56254-0507.fits
5787/spec-5787-56254-0508.fits
5787/spec-5787-56254-0509.fits
5787/spec-5787-56254-0510.fits
5787/spec-5787-56254-0511.fits
5787/spec-5787-56254-0512.fits
5787/spec-5787-56254-0513.fits
5787/spec-5787-56254-0514.fits
5787/spec-5787-56254-0515.fits
5787/spec-5787-56254-0516.fits
5787/spec-5787-56254-0517.fits
5787/spec-5787-56254-0518.fits
5787/spec-5787-56254-0519.fits
5787/spec-5787-56254-0520.fits
5787/spec-5787-56254-0521.fits
5787/spec-5787-56254-0522.fits
5787/spec-5787-56254-0523.fits
5787/spec-5787-56254-0524.fits
5787/spec-5787-56254-0525.fits
5787/spec-5787-56254-0526.fits
5787/spec-5787-56254-0527.fits
5787/spec-5787-56254-0528.fits
5787/spec-5787-56254-0529.fits
5787/spec-5787-56254-0530.fits
5787/spec-5787-56254-0531.fits
5787/spec-5787-56254-0532.fits
5787/spec-5787-56254-0533.fits
5787/spec-5787-56254-0534.fits
5787/spec-5787-56254-0535.fits
5787/spec-5787-56254-0536.fits
5787/spec-5787-56254-0537.fits
5787/spec-5787-56254-0538.fits
5787/spec-5787-56254-0539.fits
5787/spec-5787-56254-0540.fits
5787/spec-5787-56254-0541.fits
5787/spec-5787-56254-0542.fits
5787/spec-5787-56254-0543.fits
5787/spec-5787-56254-0544.fits
5787/spec-5787-56254-0545.fits
5787/spec-5787-56254-0546.fits
5787/spec-5787-56254-0547.fits
5787/spec-5787-56254-0548.fits
5787/spec-5787-56254-0549.fits
5787/spec-5787-56254-0550.fits
5787/spec-5787-56254-0551.fits
5787/spec-5787-56254-0552.fits
5787/spec-5787-56254-0553.fits
5787/spec-5787-56254-0554.fits
5787/spec-5787-56254-0555.fits
5787/spec-5787-56254-0556.fits
5787/spec-5787-56254-0557.fits
5787/spec-5787-56254-0558.fits
5787/spec-5787-56254-0559.fits
5787/spec-5787-56254-0560.fits
5787/spec-5787-56254-0561.fits
5787/spec-5787-56254-0562.fits
5787/spec-5787-56254-0563.fits
5787/spec-5787-56254-0564.fits
5787/spec-5787-56254-0565.fits
5787/spec-5787-56254-0566.fits
5787/spec-5787-56254-0567.fits
5787/spec-5787-56254-0568.fits
5787/spec-5787-56254-0569.fits
5787/spec-5787-56254-0570.fits
5787/spec-5787-56254-0571.fits
5787/spec-5787-56254-0572.fits
5787/spec-5787-56254-0573.fits
5787/spec-5787-56254-0574.fits
5787/spec-5787-56254-0575.fits
5787/spec-5787-56254-0576.fits
5787/spec-5787-56254-0577.fits
5787/spec-5787-56254-0578.fits
5787/spec-5787-56254-0579.fits
5787/spec-5787-56254-0580.fits
5787/spec-5787-56254-0581.fits
5787/spec-5787-56254-0582.fits
5787/spec-5787-56254-0583.fits
5787/spec-5787-56254-0584.fits
5787/spec-5787-56254-0585.fits
5787/spec-5787-56254-0586.fits
5787/spec-5787-56254-0587.fits
5787/spec-5787-56254-0588.fits
5787/spec-5787-56254-0589.fits
5787/spec-5787-56254-0590.fits
5787/spec-5787-56254-0591.fits
5787/spec-5787-56254-0592.fits
5787/spec-5787-56254-0593.fits
5787/spec-5787-56254-0594.fits
5787/spec-5787-56254-0595.fits
5787/spec-5787-56254-0596.fits
5787/spec-5787-56254-0597.fits
5787/spec-5787-56254-0598.fits
5787/spec-5787-56254-0599.fits
5787/spec-5787-56254-0600.fits
5787/spec-5787-56254-0601.fits
5787/spec-5787-56254-0602.fits
5787/spec-5787-56254-0603.fits
5787/spec-5787-56254-0604.fits
5787/spec-5787-56254-0605.fits
5787/spec-5787-56254-0606.fits
5787/spec-5787-56254-0607.fits
5787/spec-5787-56254-0608.fits
5787/spec-5787-56254-0609.fits
5787/spec-5787-56254-0610.fits
5787/spec-5787-56254-0611.fits
5787/spec-5787-56254-0612.fits
5787/spec-5787-56254-0613.fits
5787/spec-5787-56254-0614.fits
5787/spec-5787-56254-0615.fits
5787/spec-5787-56254-0616.fits
5787/spec-5787-56254-0617.fits
5787/spec-5787-56254-0618.fits
5787/spec-5787-56254-0619.fits
5787/spec-5787-56254-0620.fits
5787/spec-5787-56254-0621.fits
5787/spec-5787-56254-0622.fits
5787/spec-5787-56254-0623.fits
5787/spec-5787-56254-0624.fits
5787/spec-5787-56254-0625.fits
5787/spec-5787-56254-0626.fits
5787/spec-5787-56254-0627.fits
5787/spec-5787-56254-0628.fits
5787/spec-5787-56254-0629.fits
5787/spec-5787-56254-0630.fits
5787/spec-5787-56254-0631.fits
5787/spec-5787-56254-0632.fits
5787/spec-5787-56254-0633.fits
5787/spec-5787-56254-0634.fits
5787/spec-5787-56254-0635.fits
5787/spec-5787-56254-0636.fits
5787/spec-5787-56254-0637.fits
5787/spec-5787-56254-0638.fits
5787/spec-5787-56254-0639.fits
5787/spec-5787-56254-0640.fits
5787/spec-5787-56254-0641.fits
5787/spec-5787-56254-0642.fits
5787/spec-5787-56254-0643.fits
5787/spec-5787-56254-0644.fits
5787/spec-5787-56254-0645.fits
5787/spec-5787-56254-0646.fits
5787/spec-5787-56254-0647.fits
5787/spec-5787-56254-0648.fits
5787/spec-5787-56254-0649.fits
5787/spec-5787-56254-0650.fits
5787/spec-5787-56254-0651.fits
5787/spec-5787-56254-0652.fits
5787/spec-5787-56254-0653.fits
5787/spec-5787-56254-0654.fits
5787/spec-5787-56254-0655.fits
5787/spec-5787-56254-0656.fits
5787/spec-5787-56254-0657.fits
5787/spec-5787-56254-0658.fits
5787/spec-5787-56254-0659.fits
5787/spec-5787-56254-0660.fits
5787/spec-5787-56254-0661.fits
5787/spec-5787-56254-0662.fits
5787/spec-5787-56254-0663.fits
5787/spec-5787-56254-0664.fits
5787/spec-5787-56254-0665.fits
5787/spec-5787-56254-0666.fits
5787/spec-5787-56254-0667.fits
5787/spec-5787-56254-0668.fits
5787/spec-5787-56254-0669.fits
5787/spec-5787-56254-0670.fits
5787/spec-5787-56254-0671.fits
5787/spec-5787-56254-0672.fits
5787/spec-5787-56254-0673.fits
5787/spec-5787-56254-0674.fits
5787/spec-5787-56254-0675.fits
5787/spec-5787-56254-0676.fits
5787/spec-5787-56254-0677.fits
5787/spec-5787-56254-0678.fits
5787/spec-5787-56254-0679.fits
5787/spec-5787-56254-0680.fits
5787/spec-5787-56254-0681.fits
5787/spec-5787-56254-0682.fits
5787/spec-5787-56254-0683.fits
5787/spec-5787-56254-0684.fits
5787/spec-5787-56254-0685.fits
5787/spec-5787-56254-0686.fits
5787/spec-5787-56254-0687.fits
5787/spec-5787-56254-0688.fits
5787/spec-5787-56254-0689.fits
5787/spec-5787-56254-0690.fits
5787/spec-5787-56254-0691.fits
5787/spec-5787-56254-0692.fits
5787/spec-5787-56254-0693.fits
5787/spec-5787-56254-0694.fits
5787/spec-5787-56254-0695.fits
5787/spec-5787-56254-0696.fits
5787/spec-5787-56254-0697.fits
5787/spec-5787-56254-0698.fits
5787/spec-5787-56254-0699.fits
5787/spec-5787-56254-0700.fits
5787/spec-5787-56254-0701.fits
5787/spec-5787-56254-0702.fits
5787/spec-5787-56254-0703.fits
5787/spec-5787-56254-0704.fits
5787/spec-5787-56254-0705.fits
5787/spec-5787-56254-0706.fits
5787/spec-5787-56254-0707.fits
5787/spec-5787-56254-0708.fits
5787/spec-5787-56254-0709.fits
5787/spec-5787-56254-0710.fits
5787/spec-5787-56254-0711.fits
5787/spec-5787-56254-0712.fits
5787/spec-5787-56254-0713.fits
5787/spec-5787-56254-0714.fits
5787/spec-5787-56254-0715.fits
5787/spec-5787-56254-0716.fits
5787/spec-5787-56254-0717.fits
5787/spec-5787-56254-0718.fits
5787/spec-5787-56254-0719.fits
5787/spec-5787-56254-0720.fits
5787/spec-5787-56254-0721.fits
5787/spec-5787-56254-0722.fits
5787/spec-5787-56254-0723.fits
5787/spec-5787-56254-0724.fits
5787/spec-5787-56254-0725.fits
5787/spec-5787-56254-0726.fits
5787/spec-5787-56254-0727.fits
5787/spec-5787-56254-0728.fits
5787/spec-5787-56254-0729.fits
5787/spec-5787-56254-0730.fits
5787/spec-5787-56254-0731.fits
5787/spec-5787-56254-0732.fits
5787/spec-5787-56254-0733.fits
5787/spec-5787-56254-0734.fits
5787/spec-5787-56254-0735.fits
5787/spec-5787-56254-0736.fits
5787/spec-5787-56254-0737.fits
5787/spec-5787-56254-0738.fits
5787/spec-5787-56254-0739.fits
5787/spec-5787-56254-0740.fits
5787/spec-5787-56254-0741.fits
5787/spec-5787-56254-0742.fits
5787/spec-5787-56254-0743.fits
5787/spec-5787-56254-0744.fits
5787/spec-5787-56254-0745.fits
5787/spec-5787-56254-0746.fits
5787/spec-5787-56254-0747.fits
5787/spec-5787-56254-0748.fits
5787/spec-5787-56254-0749.fits
5787/spec-5787-56254-0750.fits
5787/spec-5787-56254-0751.fits
5787/spec-5787-56254-0752.fits
5787/spec-5787-56254-0753.fits
5787/spec-5787-56254-0754.fits
5787/spec-5787-56254-0755.fits
5787/spec-5787-56254-0756.fits
5787/spec-5787-56254-0757.fits
5787/spec-5787-56254-0758.fits
5787/spec-5787-56254-0759.fits
5787/spec-5787-56254-0760.fits
5787/spec-5787-56254-0761.fits
5787/spec-5787-56254-0762.fits
5787/spec-5787-56254-0763.fits
5787/spec-5787-56254-0764.fits
5787/spec-5787-56254-0765.fits
5787/spec-5787-56254-0766.fits
5787/spec-5787-56254-0767.fits
5787/spec-5787-56254-0768.fits
5787/spec-5787-56254-0769.fits
5787/spec-5787-56254-0770.fits
5787/spec-5787-56254-0771.fits
5787/spec-5787-56254-0772.fits
5787/spec-5787-56254-0773.fits
5787/spec-5787-56254-0774.fits
5787/spec-5787-56254-0775.fits
5787/spec-5787-56254-0776.fits
5787/spec-5787-56254-0777.fits
5787/spec-5787-56254-0778.fits
5787/spec-5787-56254-0779.fits
5787/spec-5787-56254-0780.fits
5787/spec-5787-56254-0781.fits
5787/spec-5787-56254-0782.fits
5787/spec-5787-56254-0783.fits
5787/spec-5787-56254-0784.fits
5787/spec-5787-56254-0785.fits
5787/spec-5787-56254-0786.fits
5787/spec-5787-56254-0787.fits
5787/spec-5787-56254-0788.fits
5787/spec-5787-56254-0789.fits
5787/spec-5787-56254-0790.fits
5787/spec-5787-56254-0791.fits
5787/spec-5787-56254-0792.fits
5787/spec-5787-56254-0793.fits
5787/spec-5787-56254-0794.fits
5787/spec-5787-56254-0795.fits
5787/spec-5787-56254-0796.fits
5787/spec-5787-56254-0797.fits
5787/spec-5787-56254-0798.fits
5787/spec-5787-56254-0799.fits
5787/spec-5787-56254-0800.fits
5787/spec-5787-56254-0801.fits
5787/spec-5787-56254-0802.fits
5787/spec-5787-56254-0803.fits
5787/spec-5787-56254-0804.fits
5787/spec-5787-56254-0805.fits
5787/spec-5787-56254-0806.fits
5787/spec-5787-56254-0807.fits
5787/spec-5787-56254-0808.fits
5787/spec-5787-56254-0809.fits
5787/spec-5787-56254-0810.fits
5787/spec-5787-56254-0811.fits
5787/spec-5787-56254-0812.fits
5787/spec-5787-56254-0813.fits
5787/spec-5787-56254-0814.fits
5787/spec-5787-56254-0815.fits
5787/spec-5787-56254-0816.fits
5787/spec-5787-56254-0817.fits
5787/spec-5787-56254-0818.fits
5787/spec-5787-56254-0819.fits
5787/spec-5787-56254-0820.fits
5787/spec-5787-56254-0821.fits
5787/spec-5787-56254-0822.fits
5787/spec-5787-56254-0823.fits
5787/spec-5787-56254-0824.fits
5787/spec-5787-56254-0825.fits
5787/spec-5787-56254-0826.fits
5787/spec-5787-56254-0827.fits
5787/spec-5787-56254-0828.fits
5787/spec-5787-56254-0829.fits
5787/spec-5787-56254-0830.fits
5787/spec-5787-56254-0831.fits
5787/spec-5787-56254-0832.fits
5787/spec-5787-56254-0833.fits
5787/spec-5787-56254-0834.fits
5787/spec-5787-56254-0835.fits
5787/spec-5787-56254-0836.fits
5787/spec-5787-56254-0837.fits
5787/spec-5787-56254-0838.fits
5787/spec-5787-56254-0839.fits
5787/spec-5787-56254-0840.fits
5787/spec-5787-56254-0841.fits
5787/spec-5787-56254-0842.fits
5787/spec-5787-56254-0843.fits
5787/spec-5787-56254-0844.fits
5787/spec-5787-56254-0845.fits
5787/spec-5787-56254-0846.fits
5787/spec-5787-56254-0847.fits
5787/spec-5787-56254-0848.fits
5787/spec-5787-56254-0849.fits
5787/spec-5787-56254-0850.fits
5787/spec-5787-56254-0851.fits
5787/spec-5787-56254-0852.fits
5787/spec-5787-56254-0853.fits
5787/spec-5787-56254-0854.fits
5787/spec-5787-56254-0855.fits
5787/spec-5787-56254-0856.fits
5787/spec-5787-56254-0857.fits
5787/spec-5787-56254-0858.fits
5787/spec-5787-56254-0859.fits
5787/spec-5787-56254-0860.fits
5787/spec-5787-56254-0861.fits
5787/spec-5787-56254-0862.fits
5787/spec-5787-56254-0863.fits
5787/spec-5787-56254-0864.fits
5787/spec-5787-56254-0865.fits
5787/spec-5787-56254-0866.fits
5787/spec-5787-56254-0867.fits
5787/spec-5787-56254-0868.fits
5787/spec-5787-56254-0869.fits
5787/spec-5787-56254-0870.fits
5787/spec-5787-56254-0871.fits
5787/spec-5787-56254-0872.fits
5787/spec-5787-56254-0873.fits
5787/spec-5787-56254-0874.fits
5787/spec-5787-56254-0875.fits
5787/spec-5787-56254-0876.fits
5787/spec-5787-56254-0877.fits
5787/spec-5787-56254-0878.fits
5787/spec-5787-56254-0879.fits
5787/spec-5787-56254-0880.fits
5787/spec-5787-56254-0881.fits
5787/spec-5787-56254-0882.fits
5787/spec-5787-56254-0883.fits
5787/spec-5787-56254-0884.fits
5787/spec-5787-56254-0885.fits
5787/spec-5787-56254-0886.fits
5787/spec-5787-56254-0887.fits
5787/spec-5787-56254-0888.fits
5787/spec-5787-56254-0889.fits
5787/spec-5787-56254-0890.fits
5787/spec-5787-56254-0891.fits
5787/spec-5787-56254-0892.fits
5787/spec-5787-56254-0893.fits
5787/spec-5787-56254-0894.fits
5787/spec-5787-56254-0895.fits
5787/spec-5787-56254-0896.fits
5787/spec-5787-56254-0897.fits
5787/spec-5787-56254-0898.fits
5787/spec-5787-56254-0899.fits
5787/spec-5787-56254-0900.fits
5787/spec-5787-56254-0901.fits
5787/spec-5787-56254-0902.fits
5787/spec-5787-56254-0903.fits
5787/spec-5787-56254-0904.fits
5787/spec-5787-56254-0905.fits
5787/spec-5787-56254-0906.fits
5787/spec-5787-56254-0907.fits
5787/spec-5787-56254-0908.fits
5787/spec-5787-56254-0909.fits
5787/spec-5787-56254-0910.fits
5787/spec-5787-56254-0911.fits
5787/spec-5787-56254-0912.fits
5787/spec-5787-56254-0913.fits
5787/spec-5787-56254-0914.fits
5787/spec-5787-56254-0915.fits
5787/spec-5787-56254-0916.fits
5787/spec-5787-56254-0917.fits
5787/spec-5787-56254-0918.fits
5787/spec-5787-56254-0919.fits
5787/spec-5787-56254-0920.fits
5787/spec-5787-56254-0921.fits
5787/spec-5787-56254-0922.fits
5787/spec-5787-56254-0923.fits
5787/spec-5787-56254-0924.fits
5787/spec-5787-56254-0925.fits
5787/spec-5787-56254-0926.fits
5787/spec-5787-56254-0927.fits
5787/spec-5787-56254-0928.fits
5787/spec-5787-56254-0929.fits
5787/spec-5787-56254-0930.fits
5787/spec-5787-56254-0931.fits
5787/spec-5787-56254-0932.fits
5787/spec-5787-56254-0933.fits
5787/spec-5787-56254-0934.fits
5787/spec-5787-56254-0935.fits
5787/spec-5787-56254-0936.fits
5787/spec-5787-56254-0937.fits
5787/spec-5787-56254-0938.fits
5787/spec-5787-56254-0939.fits
5787/spec-5787-56254-0940.fits
5787/spec-5787-56254-0941.fits
5787/spec-5787-56254-0942.fits
5787/spec-5787-56254-0943.fits
5787/spec-5787-56254-0944.fits
5787/spec-5787-56254-0945.fits
5787/spec-5787-56254-0946.fits
5787/spec-5787-56254-0947.fits
5787/spec-5787-56254-0948.fits
5787/spec-5787-56254-0949.fits
5787/spec-5787-56254-0950.fits
5787/spec-5787-56254-0951.fits
5787/spec-5787-56254-0952.fits
5787/spec-5787-56254-0953.fits
5787/spec-5787-56254-0954.fits
5787/spec-5787-56254-0955.fits
5787/spec-5787-56254-0956.fits
5787/spec-5787-56254-0957.fits
5787/spec-5787-56254-0958.fits
5787/spec-5787-56254-0959.fits
5787/spec-5787-56254-0960.fits
5787/spec-5787-56254-0961.fits
5787/spec-5787-56254-0962.fits
5787/spec-5787-56254-0963.fits
5787/spec-5787-56254-0964.fits
5787/spec-5787-56254-0965.fits
5787/spec-5787-56254-0966.fits
5787/spec-5787-56254-0967.fits
5787/spec-5787-56254-0968.fits
5787/spec-5787-56254-0969.fits
5787/spec-5787-56254-0970.fits
5787/spec-5787-56254-0971.fits
5787/spec-5787-56254-0972.fits
5787/spec-5787-56254-0973.fits
5787/spec-5787-56254-0974.fits
5787/spec-5787-56254-0975.fits
5787/spec-5787-56254-0976.fits
5787/spec-5787-56254-0977.fits
5787/spec-5787-56254-0978.fits
5787/spec-5787-56254-0979.fits
5787/spec-5787-56254-0980.fits
5787/spec-5787-56254-0981.fits
5787/spec-5787-56254-0982.fits
5787/spec-5787-56254-0983.fits
5787/spec-5787-56254-0984.fits
5787/spec-5787-56254-0985.fits
5787/spec-5787-56254-0986.fits
5787/spec-5787-56254-0987.fits
5787/spec-5787-56254-0988.fits
5787/spec-5787-56254-0989.fits
5787/spec-5787-56254-0990.fits
5787/spec-5787-56254-0991.fits
5787/spec-5787-56254-0992.fits
5787/spec-5787-56254-0993.fits
5787/spec-5787-56254-0994.fits
5787/spec-5787-56254-0995.fits
5787/spec-5787-56254-0996.fits
5787/spec-5787-56254-0997.fits
5787/spec-5787-56254-0998.fits
5787/spec-5787-56254-0999.fits
5787/spec-5787-56254-1000.fits
/var/lib/condor/execute/slot1/dir_1296
5787 5787.tgz R R361.tar.gz _condor_stderr _condor_stdout cB58_Lyman_break.fit condor_exec.exe hw4.R packages packages.tar.gz tmp var
[1] "Loaded package astro."
[1] 1000
5787 5787.csv 5787.tgz R R361.tar.gz _condor_stderr _condor_stdout cB58_Lyman_break.fit condor_exec.exe hw4.R packages packages.tar.gz tmp var
