5790
5790/
5790/spec-5790-56271-0001.fits
5790/spec-5790-56271-0002.fits
5790/spec-5790-56271-0003.fits
5790/spec-5790-56271-0004.fits
5790/spec-5790-56271-0005.fits
5790/spec-5790-56271-0006.fits
5790/spec-5790-56271-0007.fits
5790/spec-5790-56271-0008.fits
5790/spec-5790-56271-0009.fits
5790/spec-5790-56271-0010.fits
5790/spec-5790-56271-0011.fits
5790/spec-5790-56271-0012.fits
5790/spec-5790-56271-0013.fits
5790/spec-5790-56271-0014.fits
5790/spec-5790-56271-0015.fits
5790/spec-5790-56271-0016.fits
5790/spec-5790-56271-0017.fits
5790/spec-5790-56271-0018.fits
5790/spec-5790-56271-0019.fits
5790/spec-5790-56271-0020.fits
5790/spec-5790-56271-0021.fits
5790/spec-5790-56271-0022.fits
5790/spec-5790-56271-0023.fits
5790/spec-5790-56271-0024.fits
5790/spec-5790-56271-0025.fits
5790/spec-5790-56271-0026.fits
5790/spec-5790-56271-0027.fits
5790/spec-5790-56271-0028.fits
5790/spec-5790-56271-0029.fits
5790/spec-5790-56271-0030.fits
5790/spec-5790-56271-0031.fits
5790/spec-5790-56271-0032.fits
5790/spec-5790-56271-0033.fits
5790/spec-5790-56271-0034.fits
5790/spec-5790-56271-0035.fits
5790/spec-5790-56271-0036.fits
5790/spec-5790-56271-0037.fits
5790/spec-5790-56271-0038.fits
5790/spec-5790-56271-0039.fits
5790/spec-5790-56271-0040.fits
5790/spec-5790-56271-0041.fits
5790/spec-5790-56271-0042.fits
5790/spec-5790-56271-0043.fits
5790/spec-5790-56271-0044.fits
5790/spec-5790-56271-0045.fits
5790/spec-5790-56271-0046.fits
5790/spec-5790-56271-0047.fits
5790/spec-5790-56271-0048.fits
5790/spec-5790-56271-0049.fits
5790/spec-5790-56271-0050.fits
5790/spec-5790-56271-0051.fits
5790/spec-5790-56271-0052.fits
5790/spec-5790-56271-0053.fits
5790/spec-5790-56271-0054.fits
5790/spec-5790-56271-0055.fits
5790/spec-5790-56271-0056.fits
5790/spec-5790-56271-0057.fits
5790/spec-5790-56271-0058.fits
5790/spec-5790-56271-0059.fits
5790/spec-5790-56271-0060.fits
5790/spec-5790-56271-0061.fits
5790/spec-5790-56271-0062.fits
5790/spec-5790-56271-0063.fits
5790/spec-5790-56271-0064.fits
5790/spec-5790-56271-0065.fits
5790/spec-5790-56271-0066.fits
5790/spec-5790-56271-0067.fits
5790/spec-5790-56271-0068.fits
5790/spec-5790-56271-0069.fits
5790/spec-5790-56271-0070.fits
5790/spec-5790-56271-0071.fits
5790/spec-5790-56271-0072.fits
5790/spec-5790-56271-0073.fits
5790/spec-5790-56271-0074.fits
5790/spec-5790-56271-0075.fits
5790/spec-5790-56271-0076.fits
5790/spec-5790-56271-0077.fits
5790/spec-5790-56271-0078.fits
5790/spec-5790-56271-0079.fits
5790/spec-5790-56271-0080.fits
5790/spec-5790-56271-0081.fits
5790/spec-5790-56271-0082.fits
5790/spec-5790-56271-0083.fits
5790/spec-5790-56271-0084.fits
5790/spec-5790-56271-0085.fits
5790/spec-5790-56271-0086.fits
5790/spec-5790-56271-0087.fits
5790/spec-5790-56271-0088.fits
5790/spec-5790-56271-0089.fits
5790/spec-5790-56271-0090.fits
5790/spec-5790-56271-0091.fits
5790/spec-5790-56271-0092.fits
5790/spec-5790-56271-0093.fits
5790/spec-5790-56271-0094.fits
5790/spec-5790-56271-0095.fits
5790/spec-5790-56271-0096.fits
5790/spec-5790-56271-0097.fits
5790/spec-5790-56271-0098.fits
5790/spec-5790-56271-0099.fits
5790/spec-5790-56271-0100.fits
5790/spec-5790-56271-0101.fits
5790/spec-5790-56271-0102.fits
5790/spec-5790-56271-0103.fits
5790/spec-5790-56271-0104.fits
5790/spec-5790-56271-0105.fits
5790/spec-5790-56271-0106.fits
5790/spec-5790-56271-0107.fits
5790/spec-5790-56271-0108.fits
5790/spec-5790-56271-0109.fits
5790/spec-5790-56271-0110.fits
5790/spec-5790-56271-0111.fits
5790/spec-5790-56271-0112.fits
5790/spec-5790-56271-0113.fits
5790/spec-5790-56271-0114.fits
5790/spec-5790-56271-0115.fits
5790/spec-5790-56271-0116.fits
5790/spec-5790-56271-0117.fits
5790/spec-5790-56271-0118.fits
5790/spec-5790-56271-0119.fits
5790/spec-5790-56271-0120.fits
5790/spec-5790-56271-0121.fits
5790/spec-5790-56271-0122.fits
5790/spec-5790-56271-0123.fits
5790/spec-5790-56271-0124.fits
5790/spec-5790-56271-0125.fits
5790/spec-5790-56271-0126.fits
5790/spec-5790-56271-0127.fits
5790/spec-5790-56271-0128.fits
5790/spec-5790-56271-0129.fits
5790/spec-5790-56271-0130.fits
5790/spec-5790-56271-0131.fits
5790/spec-5790-56271-0132.fits
5790/spec-5790-56271-0133.fits
5790/spec-5790-56271-0134.fits
5790/spec-5790-56271-0135.fits
5790/spec-5790-56271-0136.fits
5790/spec-5790-56271-0137.fits
5790/spec-5790-56271-0138.fits
5790/spec-5790-56271-0139.fits
5790/spec-5790-56271-0140.fits
5790/spec-5790-56271-0141.fits
5790/spec-5790-56271-0142.fits
5790/spec-5790-56271-0143.fits
5790/spec-5790-56271-0144.fits
5790/spec-5790-56271-0145.fits
5790/spec-5790-56271-0146.fits
5790/spec-5790-56271-0147.fits
5790/spec-5790-56271-0148.fits
5790/spec-5790-56271-0149.fits
5790/spec-5790-56271-0150.fits
5790/spec-5790-56271-0151.fits
5790/spec-5790-56271-0152.fits
5790/spec-5790-56271-0153.fits
5790/spec-5790-56271-0154.fits
5790/spec-5790-56271-0155.fits
5790/spec-5790-56271-0156.fits
5790/spec-5790-56271-0157.fits
5790/spec-5790-56271-0158.fits
5790/spec-5790-56271-0159.fits
5790/spec-5790-56271-0160.fits
5790/spec-5790-56271-0161.fits
5790/spec-5790-56271-0162.fits
5790/spec-5790-56271-0163.fits
5790/spec-5790-56271-0164.fits
5790/spec-5790-56271-0165.fits
5790/spec-5790-56271-0166.fits
5790/spec-5790-56271-0167.fits
5790/spec-5790-56271-0168.fits
5790/spec-5790-56271-0169.fits
5790/spec-5790-56271-0170.fits
5790/spec-5790-56271-0171.fits
5790/spec-5790-56271-0172.fits
5790/spec-5790-56271-0173.fits
5790/spec-5790-56271-0174.fits
5790/spec-5790-56271-0175.fits
5790/spec-5790-56271-0176.fits
5790/spec-5790-56271-0177.fits
5790/spec-5790-56271-0178.fits
5790/spec-5790-56271-0179.fits
5790/spec-5790-56271-0180.fits
5790/spec-5790-56271-0181.fits
5790/spec-5790-56271-0182.fits
5790/spec-5790-56271-0183.fits
5790/spec-5790-56271-0184.fits
5790/spec-5790-56271-0185.fits
5790/spec-5790-56271-0186.fits
5790/spec-5790-56271-0187.fits
5790/spec-5790-56271-0188.fits
5790/spec-5790-56271-0189.fits
5790/spec-5790-56271-0190.fits
5790/spec-5790-56271-0191.fits
5790/spec-5790-56271-0192.fits
5790/spec-5790-56271-0193.fits
5790/spec-5790-56271-0194.fits
5790/spec-5790-56271-0195.fits
5790/spec-5790-56271-0196.fits
5790/spec-5790-56271-0197.fits
5790/spec-5790-56271-0198.fits
5790/spec-5790-56271-0199.fits
5790/spec-5790-56271-0200.fits
5790/spec-5790-56271-0201.fits
5790/spec-5790-56271-0202.fits
5790/spec-5790-56271-0203.fits
5790/spec-5790-56271-0204.fits
5790/spec-5790-56271-0205.fits
5790/spec-5790-56271-0206.fits
5790/spec-5790-56271-0207.fits
5790/spec-5790-56271-0208.fits
5790/spec-5790-56271-0209.fits
5790/spec-5790-56271-0210.fits
5790/spec-5790-56271-0211.fits
5790/spec-5790-56271-0212.fits
5790/spec-5790-56271-0213.fits
5790/spec-5790-56271-0214.fits
5790/spec-5790-56271-0215.fits
5790/spec-5790-56271-0216.fits
5790/spec-5790-56271-0217.fits
5790/spec-5790-56271-0218.fits
5790/spec-5790-56271-0219.fits
5790/spec-5790-56271-0220.fits
5790/spec-5790-56271-0221.fits
5790/spec-5790-56271-0222.fits
5790/spec-5790-56271-0223.fits
5790/spec-5790-56271-0224.fits
5790/spec-5790-56271-0225.fits
5790/spec-5790-56271-0226.fits
5790/spec-5790-56271-0227.fits
5790/spec-5790-56271-0228.fits
5790/spec-5790-56271-0229.fits
5790/spec-5790-56271-0230.fits
5790/spec-5790-56271-0231.fits
5790/spec-5790-56271-0232.fits
5790/spec-5790-56271-0233.fits
5790/spec-5790-56271-0234.fits
5790/spec-5790-56271-0235.fits
5790/spec-5790-56271-0236.fits
5790/spec-5790-56271-0237.fits
5790/spec-5790-56271-0238.fits
5790/spec-5790-56271-0239.fits
5790/spec-5790-56271-0240.fits
5790/spec-5790-56271-0241.fits
5790/spec-5790-56271-0242.fits
5790/spec-5790-56271-0243.fits
5790/spec-5790-56271-0244.fits
5790/spec-5790-56271-0245.fits
5790/spec-5790-56271-0246.fits
5790/spec-5790-56271-0247.fits
5790/spec-5790-56271-0248.fits
5790/spec-5790-56271-0249.fits
5790/spec-5790-56271-0250.fits
5790/spec-5790-56271-0251.fits
5790/spec-5790-56271-0252.fits
5790/spec-5790-56271-0253.fits
5790/spec-5790-56271-0254.fits
5790/spec-5790-56271-0255.fits
5790/spec-5790-56271-0256.fits
5790/spec-5790-56271-0257.fits
5790/spec-5790-56271-0258.fits
5790/spec-5790-56271-0259.fits
5790/spec-5790-56271-0260.fits
5790/spec-5790-56271-0261.fits
5790/spec-5790-56271-0262.fits
5790/spec-5790-56271-0263.fits
5790/spec-5790-56271-0264.fits
5790/spec-5790-56271-0265.fits
5790/spec-5790-56271-0266.fits
5790/spec-5790-56271-0267.fits
5790/spec-5790-56271-0268.fits
5790/spec-5790-56271-0269.fits
5790/spec-5790-56271-0270.fits
5790/spec-5790-56271-0271.fits
5790/spec-5790-56271-0272.fits
5790/spec-5790-56271-0273.fits
5790/spec-5790-56271-0274.fits
5790/spec-5790-56271-0275.fits
5790/spec-5790-56271-0276.fits
5790/spec-5790-56271-0277.fits
5790/spec-5790-56271-0278.fits
5790/spec-5790-56271-0279.fits
5790/spec-5790-56271-0280.fits
5790/spec-5790-56271-0281.fits
5790/spec-5790-56271-0282.fits
5790/spec-5790-56271-0283.fits
5790/spec-5790-56271-0284.fits
5790/spec-5790-56271-0285.fits
5790/spec-5790-56271-0286.fits
5790/spec-5790-56271-0287.fits
5790/spec-5790-56271-0288.fits
5790/spec-5790-56271-0289.fits
5790/spec-5790-56271-0290.fits
5790/spec-5790-56271-0291.fits
5790/spec-5790-56271-0292.fits
5790/spec-5790-56271-0293.fits
5790/spec-5790-56271-0294.fits
5790/spec-5790-56271-0295.fits
5790/spec-5790-56271-0296.fits
5790/spec-5790-56271-0297.fits
5790/spec-5790-56271-0298.fits
5790/spec-5790-56271-0299.fits
5790/spec-5790-56271-0300.fits
5790/spec-5790-56271-0301.fits
5790/spec-5790-56271-0302.fits
5790/spec-5790-56271-0303.fits
5790/spec-5790-56271-0304.fits
5790/spec-5790-56271-0305.fits
5790/spec-5790-56271-0306.fits
5790/spec-5790-56271-0307.fits
5790/spec-5790-56271-0308.fits
5790/spec-5790-56271-0309.fits
5790/spec-5790-56271-0310.fits
5790/spec-5790-56271-0311.fits
5790/spec-5790-56271-0312.fits
5790/spec-5790-56271-0313.fits
5790/spec-5790-56271-0314.fits
5790/spec-5790-56271-0315.fits
5790/spec-5790-56271-0316.fits
5790/spec-5790-56271-0317.fits
5790/spec-5790-56271-0318.fits
5790/spec-5790-56271-0319.fits
5790/spec-5790-56271-0320.fits
5790/spec-5790-56271-0321.fits
5790/spec-5790-56271-0322.fits
5790/spec-5790-56271-0323.fits
5790/spec-5790-56271-0324.fits
5790/spec-5790-56271-0325.fits
5790/spec-5790-56271-0326.fits
5790/spec-5790-56271-0327.fits
5790/spec-5790-56271-0328.fits
5790/spec-5790-56271-0329.fits
5790/spec-5790-56271-0330.fits
5790/spec-5790-56271-0331.fits
5790/spec-5790-56271-0332.fits
5790/spec-5790-56271-0333.fits
5790/spec-5790-56271-0334.fits
5790/spec-5790-56271-0335.fits
5790/spec-5790-56271-0336.fits
5790/spec-5790-56271-0337.fits
5790/spec-5790-56271-0338.fits
5790/spec-5790-56271-0339.fits
5790/spec-5790-56271-0340.fits
5790/spec-5790-56271-0341.fits
5790/spec-5790-56271-0342.fits
5790/spec-5790-56271-0343.fits
5790/spec-5790-56271-0344.fits
5790/spec-5790-56271-0345.fits
5790/spec-5790-56271-0346.fits
5790/spec-5790-56271-0347.fits
5790/spec-5790-56271-0348.fits
5790/spec-5790-56271-0349.fits
5790/spec-5790-56271-0350.fits
5790/spec-5790-56271-0351.fits
5790/spec-5790-56271-0352.fits
5790/spec-5790-56271-0353.fits
5790/spec-5790-56271-0354.fits
5790/spec-5790-56271-0355.fits
5790/spec-5790-56271-0356.fits
5790/spec-5790-56271-0357.fits
5790/spec-5790-56271-0358.fits
5790/spec-5790-56271-0359.fits
5790/spec-5790-56271-0360.fits
5790/spec-5790-56271-0361.fits
5790/spec-5790-56271-0362.fits
5790/spec-5790-56271-0363.fits
5790/spec-5790-56271-0364.fits
5790/spec-5790-56271-0365.fits
5790/spec-5790-56271-0366.fits
5790/spec-5790-56271-0367.fits
5790/spec-5790-56271-0368.fits
5790/spec-5790-56271-0369.fits
5790/spec-5790-56271-0370.fits
5790/spec-5790-56271-0371.fits
5790/spec-5790-56271-0372.fits
5790/spec-5790-56271-0373.fits
5790/spec-5790-56271-0374.fits
5790/spec-5790-56271-0375.fits
5790/spec-5790-56271-0376.fits
5790/spec-5790-56271-0377.fits
5790/spec-5790-56271-0378.fits
5790/spec-5790-56271-0379.fits
5790/spec-5790-56271-0380.fits
5790/spec-5790-56271-0381.fits
5790/spec-5790-56271-0382.fits
5790/spec-5790-56271-0383.fits
5790/spec-5790-56271-0384.fits
5790/spec-5790-56271-0385.fits
5790/spec-5790-56271-0386.fits
5790/spec-5790-56271-0387.fits
5790/spec-5790-56271-0388.fits
5790/spec-5790-56271-0389.fits
5790/spec-5790-56271-0390.fits
5790/spec-5790-56271-0391.fits
5790/spec-5790-56271-0392.fits
5790/spec-5790-56271-0393.fits
5790/spec-5790-56271-0394.fits
5790/spec-5790-56271-0395.fits
5790/spec-5790-56271-0396.fits
5790/spec-5790-56271-0397.fits
5790/spec-5790-56271-0398.fits
5790/spec-5790-56271-0399.fits
5790/spec-5790-56271-0400.fits
5790/spec-5790-56271-0401.fits
5790/spec-5790-56271-0402.fits
5790/spec-5790-56271-0403.fits
5790/spec-5790-56271-0404.fits
5790/spec-5790-56271-0405.fits
5790/spec-5790-56271-0406.fits
5790/spec-5790-56271-0407.fits
5790/spec-5790-56271-0408.fits
5790/spec-5790-56271-0409.fits
5790/spec-5790-56271-0410.fits
5790/spec-5790-56271-0411.fits
5790/spec-5790-56271-0412.fits
5790/spec-5790-56271-0413.fits
5790/spec-5790-56271-0414.fits
5790/spec-5790-56271-0415.fits
5790/spec-5790-56271-0416.fits
5790/spec-5790-56271-0417.fits
5790/spec-5790-56271-0418.fits
5790/spec-5790-56271-0419.fits
5790/spec-5790-56271-0420.fits
5790/spec-5790-56271-0421.fits
5790/spec-5790-56271-0422.fits
5790/spec-5790-56271-0423.fits
5790/spec-5790-56271-0424.fits
5790/spec-5790-56271-0425.fits
5790/spec-5790-56271-0426.fits
5790/spec-5790-56271-0427.fits
5790/spec-5790-56271-0428.fits
5790/spec-5790-56271-0429.fits
5790/spec-5790-56271-0430.fits
5790/spec-5790-56271-0431.fits
5790/spec-5790-56271-0432.fits
5790/spec-5790-56271-0433.fits
5790/spec-5790-56271-0434.fits
5790/spec-5790-56271-0435.fits
5790/spec-5790-56271-0436.fits
5790/spec-5790-56271-0437.fits
5790/spec-5790-56271-0438.fits
5790/spec-5790-56271-0439.fits
5790/spec-5790-56271-0440.fits
5790/spec-5790-56271-0441.fits
5790/spec-5790-56271-0442.fits
5790/spec-5790-56271-0443.fits
5790/spec-5790-56271-0444.fits
5790/spec-5790-56271-0445.fits
5790/spec-5790-56271-0446.fits
5790/spec-5790-56271-0447.fits
5790/spec-5790-56271-0448.fits
5790/spec-5790-56271-0449.fits
5790/spec-5790-56271-0450.fits
5790/spec-5790-56271-0451.fits
5790/spec-5790-56271-0452.fits
5790/spec-5790-56271-0453.fits
5790/spec-5790-56271-0454.fits
5790/spec-5790-56271-0455.fits
5790/spec-5790-56271-0456.fits
5790/spec-5790-56271-0457.fits
5790/spec-5790-56271-0458.fits
5790/spec-5790-56271-0459.fits
5790/spec-5790-56271-0460.fits
5790/spec-5790-56271-0461.fits
5790/spec-5790-56271-0462.fits
5790/spec-5790-56271-0463.fits
5790/spec-5790-56271-0464.fits
5790/spec-5790-56271-0465.fits
5790/spec-5790-56271-0466.fits
5790/spec-5790-56271-0467.fits
5790/spec-5790-56271-0468.fits
5790/spec-5790-56271-0469.fits
5790/spec-5790-56271-0470.fits
5790/spec-5790-56271-0471.fits
5790/spec-5790-56271-0472.fits
5790/spec-5790-56271-0473.fits
5790/spec-5790-56271-0474.fits
5790/spec-5790-56271-0475.fits
5790/spec-5790-56271-0476.fits
5790/spec-5790-56271-0477.fits
5790/spec-5790-56271-0478.fits
5790/spec-5790-56271-0479.fits
5790/spec-5790-56271-0480.fits
5790/spec-5790-56271-0481.fits
5790/spec-5790-56271-0482.fits
5790/spec-5790-56271-0483.fits
5790/spec-5790-56271-0484.fits
5790/spec-5790-56271-0485.fits
5790/spec-5790-56271-0486.fits
5790/spec-5790-56271-0487.fits
5790/spec-5790-56271-0488.fits
5790/spec-5790-56271-0489.fits
5790/spec-5790-56271-0490.fits
5790/spec-5790-56271-0491.fits
5790/spec-5790-56271-0492.fits
5790/spec-5790-56271-0493.fits
5790/spec-5790-56271-0494.fits
5790/spec-5790-56271-0495.fits
5790/spec-5790-56271-0496.fits
5790/spec-5790-56271-0497.fits
5790/spec-5790-56271-0498.fits
5790/spec-5790-56271-0499.fits
5790/spec-5790-56271-0500.fits
5790/spec-5790-56271-0501.fits
5790/spec-5790-56271-0502.fits
5790/spec-5790-56271-0503.fits
5790/spec-5790-56271-0504.fits
5790/spec-5790-56271-0505.fits
5790/spec-5790-56271-0506.fits
5790/spec-5790-56271-0507.fits
5790/spec-5790-56271-0508.fits
5790/spec-5790-56271-0509.fits
5790/spec-5790-56271-0510.fits
5790/spec-5790-56271-0511.fits
5790/spec-5790-56271-0512.fits
5790/spec-5790-56271-0513.fits
5790/spec-5790-56271-0514.fits
5790/spec-5790-56271-0515.fits
5790/spec-5790-56271-0516.fits
5790/spec-5790-56271-0517.fits
5790/spec-5790-56271-0518.fits
5790/spec-5790-56271-0519.fits
5790/spec-5790-56271-0520.fits
5790/spec-5790-56271-0521.fits
5790/spec-5790-56271-0522.fits
5790/spec-5790-56271-0523.fits
5790/spec-5790-56271-0524.fits
5790/spec-5790-56271-0525.fits
5790/spec-5790-56271-0526.fits
5790/spec-5790-56271-0527.fits
5790/spec-5790-56271-0528.fits
5790/spec-5790-56271-0529.fits
5790/spec-5790-56271-0530.fits
5790/spec-5790-56271-0531.fits
5790/spec-5790-56271-0532.fits
5790/spec-5790-56271-0533.fits
5790/spec-5790-56271-0534.fits
5790/spec-5790-56271-0535.fits
5790/spec-5790-56271-0536.fits
5790/spec-5790-56271-0537.fits
5790/spec-5790-56271-0538.fits
5790/spec-5790-56271-0539.fits
5790/spec-5790-56271-0540.fits
5790/spec-5790-56271-0541.fits
5790/spec-5790-56271-0542.fits
5790/spec-5790-56271-0543.fits
5790/spec-5790-56271-0544.fits
5790/spec-5790-56271-0545.fits
5790/spec-5790-56271-0546.fits
5790/spec-5790-56271-0547.fits
5790/spec-5790-56271-0548.fits
5790/spec-5790-56271-0549.fits
5790/spec-5790-56271-0550.fits
5790/spec-5790-56271-0551.fits
5790/spec-5790-56271-0552.fits
5790/spec-5790-56271-0553.fits
5790/spec-5790-56271-0554.fits
5790/spec-5790-56271-0555.fits
5790/spec-5790-56271-0556.fits
5790/spec-5790-56271-0557.fits
5790/spec-5790-56271-0558.fits
5790/spec-5790-56271-0559.fits
5790/spec-5790-56271-0560.fits
5790/spec-5790-56271-0561.fits
5790/spec-5790-56271-0562.fits
5790/spec-5790-56271-0563.fits
5790/spec-5790-56271-0564.fits
5790/spec-5790-56271-0565.fits
5790/spec-5790-56271-0566.fits
5790/spec-5790-56271-0567.fits
5790/spec-5790-56271-0568.fits
5790/spec-5790-56271-0569.fits
5790/spec-5790-56271-0570.fits
5790/spec-5790-56271-0571.fits
5790/spec-5790-56271-0572.fits
5790/spec-5790-56271-0573.fits
5790/spec-5790-56271-0574.fits
5790/spec-5790-56271-0575.fits
5790/spec-5790-56271-0576.fits
5790/spec-5790-56271-0577.fits
5790/spec-5790-56271-0578.fits
5790/spec-5790-56271-0579.fits
5790/spec-5790-56271-0580.fits
5790/spec-5790-56271-0581.fits
5790/spec-5790-56271-0582.fits
5790/spec-5790-56271-0583.fits
5790/spec-5790-56271-0584.fits
5790/spec-5790-56271-0585.fits
5790/spec-5790-56271-0586.fits
5790/spec-5790-56271-0587.fits
5790/spec-5790-56271-0588.fits
5790/spec-5790-56271-0589.fits
5790/spec-5790-56271-0590.fits
5790/spec-5790-56271-0591.fits
5790/spec-5790-56271-0592.fits
5790/spec-5790-56271-0593.fits
5790/spec-5790-56271-0594.fits
5790/spec-5790-56271-0595.fits
5790/spec-5790-56271-0596.fits
5790/spec-5790-56271-0597.fits
5790/spec-5790-56271-0598.fits
5790/spec-5790-56271-0599.fits
5790/spec-5790-56271-0600.fits
5790/spec-5790-56271-0601.fits
5790/spec-5790-56271-0602.fits
5790/spec-5790-56271-0603.fits
5790/spec-5790-56271-0604.fits
5790/spec-5790-56271-0605.fits
5790/spec-5790-56271-0606.fits
5790/spec-5790-56271-0607.fits
5790/spec-5790-56271-0608.fits
5790/spec-5790-56271-0609.fits
5790/spec-5790-56271-0610.fits
5790/spec-5790-56271-0611.fits
5790/spec-5790-56271-0612.fits
5790/spec-5790-56271-0613.fits
5790/spec-5790-56271-0614.fits
5790/spec-5790-56271-0615.fits
5790/spec-5790-56271-0616.fits
5790/spec-5790-56271-0617.fits
5790/spec-5790-56271-0618.fits
5790/spec-5790-56271-0619.fits
5790/spec-5790-56271-0620.fits
5790/spec-5790-56271-0621.fits
5790/spec-5790-56271-0622.fits
5790/spec-5790-56271-0623.fits
5790/spec-5790-56271-0624.fits
5790/spec-5790-56271-0625.fits
5790/spec-5790-56271-0626.fits
5790/spec-5790-56271-0627.fits
5790/spec-5790-56271-0628.fits
5790/spec-5790-56271-0629.fits
5790/spec-5790-56271-0630.fits
5790/spec-5790-56271-0631.fits
5790/spec-5790-56271-0632.fits
5790/spec-5790-56271-0633.fits
5790/spec-5790-56271-0634.fits
5790/spec-5790-56271-0635.fits
5790/spec-5790-56271-0636.fits
5790/spec-5790-56271-0637.fits
5790/spec-5790-56271-0638.fits
5790/spec-5790-56271-0639.fits
5790/spec-5790-56271-0640.fits
5790/spec-5790-56271-0641.fits
5790/spec-5790-56271-0642.fits
5790/spec-5790-56271-0643.fits
5790/spec-5790-56271-0644.fits
5790/spec-5790-56271-0645.fits
5790/spec-5790-56271-0646.fits
5790/spec-5790-56271-0647.fits
5790/spec-5790-56271-0648.fits
5790/spec-5790-56271-0649.fits
5790/spec-5790-56271-0650.fits
5790/spec-5790-56271-0651.fits
5790/spec-5790-56271-0652.fits
5790/spec-5790-56271-0653.fits
5790/spec-5790-56271-0654.fits
5790/spec-5790-56271-0655.fits
5790/spec-5790-56271-0656.fits
5790/spec-5790-56271-0657.fits
5790/spec-5790-56271-0658.fits
5790/spec-5790-56271-0659.fits
5790/spec-5790-56271-0660.fits
5790/spec-5790-56271-0661.fits
5790/spec-5790-56271-0662.fits
5790/spec-5790-56271-0663.fits
5790/spec-5790-56271-0664.fits
5790/spec-5790-56271-0665.fits
5790/spec-5790-56271-0666.fits
5790/spec-5790-56271-0667.fits
5790/spec-5790-56271-0668.fits
5790/spec-5790-56271-0669.fits
5790/spec-5790-56271-0670.fits
5790/spec-5790-56271-0671.fits
5790/spec-5790-56271-0672.fits
5790/spec-5790-56271-0673.fits
5790/spec-5790-56271-0674.fits
5790/spec-5790-56271-0675.fits
5790/spec-5790-56271-0676.fits
5790/spec-5790-56271-0677.fits
5790/spec-5790-56271-0678.fits
5790/spec-5790-56271-0679.fits
5790/spec-5790-56271-0680.fits
5790/spec-5790-56271-0681.fits
5790/spec-5790-56271-0682.fits
5790/spec-5790-56271-0683.fits
5790/spec-5790-56271-0684.fits
5790/spec-5790-56271-0685.fits
5790/spec-5790-56271-0686.fits
5790/spec-5790-56271-0687.fits
5790/spec-5790-56271-0688.fits
5790/spec-5790-56271-0689.fits
5790/spec-5790-56271-0690.fits
5790/spec-5790-56271-0691.fits
5790/spec-5790-56271-0692.fits
5790/spec-5790-56271-0693.fits
5790/spec-5790-56271-0694.fits
5790/spec-5790-56271-0695.fits
5790/spec-5790-56271-0696.fits
5790/spec-5790-56271-0697.fits
5790/spec-5790-56271-0698.fits
5790/spec-5790-56271-0699.fits
5790/spec-5790-56271-0700.fits
5790/spec-5790-56271-0701.fits
5790/spec-5790-56271-0702.fits
5790/spec-5790-56271-0703.fits
5790/spec-5790-56271-0704.fits
5790/spec-5790-56271-0705.fits
5790/spec-5790-56271-0706.fits
5790/spec-5790-56271-0707.fits
5790/spec-5790-56271-0708.fits
5790/spec-5790-56271-0709.fits
5790/spec-5790-56271-0710.fits
5790/spec-5790-56271-0711.fits
5790/spec-5790-56271-0712.fits
5790/spec-5790-56271-0713.fits
5790/spec-5790-56271-0714.fits
5790/spec-5790-56271-0715.fits
5790/spec-5790-56271-0716.fits
5790/spec-5790-56271-0717.fits
5790/spec-5790-56271-0718.fits
5790/spec-5790-56271-0719.fits
5790/spec-5790-56271-0720.fits
5790/spec-5790-56271-0721.fits
5790/spec-5790-56271-0722.fits
5790/spec-5790-56271-0723.fits
5790/spec-5790-56271-0724.fits
5790/spec-5790-56271-0725.fits
5790/spec-5790-56271-0726.fits
5790/spec-5790-56271-0727.fits
5790/spec-5790-56271-0728.fits
5790/spec-5790-56271-0729.fits
5790/spec-5790-56271-0730.fits
5790/spec-5790-56271-0731.fits
5790/spec-5790-56271-0732.fits
5790/spec-5790-56271-0733.fits
5790/spec-5790-56271-0734.fits
5790/spec-5790-56271-0735.fits
5790/spec-5790-56271-0736.fits
5790/spec-5790-56271-0737.fits
5790/spec-5790-56271-0738.fits
5790/spec-5790-56271-0739.fits
5790/spec-5790-56271-0740.fits
5790/spec-5790-56271-0741.fits
5790/spec-5790-56271-0742.fits
5790/spec-5790-56271-0743.fits
5790/spec-5790-56271-0744.fits
5790/spec-5790-56271-0745.fits
5790/spec-5790-56271-0746.fits
5790/spec-5790-56271-0747.fits
5790/spec-5790-56271-0748.fits
5790/spec-5790-56271-0749.fits
5790/spec-5790-56271-0750.fits
5790/spec-5790-56271-0751.fits
5790/spec-5790-56271-0752.fits
5790/spec-5790-56271-0753.fits
5790/spec-5790-56271-0754.fits
5790/spec-5790-56271-0755.fits
5790/spec-5790-56271-0756.fits
5790/spec-5790-56271-0757.fits
5790/spec-5790-56271-0758.fits
5790/spec-5790-56271-0759.fits
5790/spec-5790-56271-0760.fits
5790/spec-5790-56271-0761.fits
5790/spec-5790-56271-0762.fits
5790/spec-5790-56271-0763.fits
5790/spec-5790-56271-0764.fits
5790/spec-5790-56271-0765.fits
5790/spec-5790-56271-0766.fits
5790/spec-5790-56271-0767.fits
5790/spec-5790-56271-0768.fits
5790/spec-5790-56271-0769.fits
5790/spec-5790-56271-0770.fits
5790/spec-5790-56271-0771.fits
5790/spec-5790-56271-0772.fits
5790/spec-5790-56271-0773.fits
5790/spec-5790-56271-0774.fits
5790/spec-5790-56271-0775.fits
5790/spec-5790-56271-0776.fits
5790/spec-5790-56271-0777.fits
5790/spec-5790-56271-0778.fits
5790/spec-5790-56271-0779.fits
5790/spec-5790-56271-0780.fits
5790/spec-5790-56271-0781.fits
5790/spec-5790-56271-0782.fits
5790/spec-5790-56271-0783.fits
5790/spec-5790-56271-0784.fits
5790/spec-5790-56271-0785.fits
5790/spec-5790-56271-0786.fits
5790/spec-5790-56271-0787.fits
5790/spec-5790-56271-0788.fits
5790/spec-5790-56271-0789.fits
5790/spec-5790-56271-0790.fits
5790/spec-5790-56271-0791.fits
5790/spec-5790-56271-0792.fits
5790/spec-5790-56271-0793.fits
5790/spec-5790-56271-0794.fits
5790/spec-5790-56271-0795.fits
5790/spec-5790-56271-0796.fits
5790/spec-5790-56271-0797.fits
5790/spec-5790-56271-0798.fits
5790/spec-5790-56271-0799.fits
5790/spec-5790-56271-0800.fits
5790/spec-5790-56271-0801.fits
5790/spec-5790-56271-0802.fits
5790/spec-5790-56271-0803.fits
5790/spec-5790-56271-0804.fits
5790/spec-5790-56271-0805.fits
5790/spec-5790-56271-0806.fits
5790/spec-5790-56271-0807.fits
5790/spec-5790-56271-0808.fits
5790/spec-5790-56271-0809.fits
5790/spec-5790-56271-0810.fits
5790/spec-5790-56271-0811.fits
5790/spec-5790-56271-0812.fits
5790/spec-5790-56271-0813.fits
5790/spec-5790-56271-0814.fits
5790/spec-5790-56271-0815.fits
5790/spec-5790-56271-0816.fits
5790/spec-5790-56271-0817.fits
5790/spec-5790-56271-0818.fits
5790/spec-5790-56271-0819.fits
5790/spec-5790-56271-0820.fits
5790/spec-5790-56271-0821.fits
5790/spec-5790-56271-0822.fits
5790/spec-5790-56271-0823.fits
5790/spec-5790-56271-0824.fits
5790/spec-5790-56271-0825.fits
5790/spec-5790-56271-0826.fits
5790/spec-5790-56271-0827.fits
5790/spec-5790-56271-0828.fits
5790/spec-5790-56271-0829.fits
5790/spec-5790-56271-0830.fits
5790/spec-5790-56271-0831.fits
5790/spec-5790-56271-0832.fits
5790/spec-5790-56271-0833.fits
5790/spec-5790-56271-0834.fits
5790/spec-5790-56271-0835.fits
5790/spec-5790-56271-0836.fits
5790/spec-5790-56271-0837.fits
5790/spec-5790-56271-0838.fits
5790/spec-5790-56271-0839.fits
5790/spec-5790-56271-0840.fits
5790/spec-5790-56271-0841.fits
5790/spec-5790-56271-0842.fits
5790/spec-5790-56271-0843.fits
5790/spec-5790-56271-0844.fits
5790/spec-5790-56271-0845.fits
5790/spec-5790-56271-0846.fits
5790/spec-5790-56271-0847.fits
5790/spec-5790-56271-0848.fits
5790/spec-5790-56271-0849.fits
5790/spec-5790-56271-0850.fits
5790/spec-5790-56271-0851.fits
5790/spec-5790-56271-0852.fits
5790/spec-5790-56271-0853.fits
5790/spec-5790-56271-0854.fits
5790/spec-5790-56271-0855.fits
5790/spec-5790-56271-0856.fits
5790/spec-5790-56271-0857.fits
5790/spec-5790-56271-0858.fits
5790/spec-5790-56271-0859.fits
5790/spec-5790-56271-0860.fits
5790/spec-5790-56271-0861.fits
5790/spec-5790-56271-0862.fits
5790/spec-5790-56271-0863.fits
5790/spec-5790-56271-0864.fits
5790/spec-5790-56271-0865.fits
5790/spec-5790-56271-0866.fits
5790/spec-5790-56271-0867.fits
5790/spec-5790-56271-0868.fits
5790/spec-5790-56271-0869.fits
5790/spec-5790-56271-0870.fits
5790/spec-5790-56271-0871.fits
5790/spec-5790-56271-0872.fits
5790/spec-5790-56271-0873.fits
5790/spec-5790-56271-0874.fits
5790/spec-5790-56271-0875.fits
5790/spec-5790-56271-0876.fits
5790/spec-5790-56271-0877.fits
5790/spec-5790-56271-0878.fits
5790/spec-5790-56271-0879.fits
5790/spec-5790-56271-0880.fits
5790/spec-5790-56271-0881.fits
5790/spec-5790-56271-0882.fits
5790/spec-5790-56271-0883.fits
5790/spec-5790-56271-0884.fits
5790/spec-5790-56271-0885.fits
5790/spec-5790-56271-0886.fits
5790/spec-5790-56271-0887.fits
5790/spec-5790-56271-0888.fits
5790/spec-5790-56271-0889.fits
5790/spec-5790-56271-0890.fits
5790/spec-5790-56271-0891.fits
5790/spec-5790-56271-0892.fits
5790/spec-5790-56271-0893.fits
5790/spec-5790-56271-0894.fits
5790/spec-5790-56271-0895.fits
5790/spec-5790-56271-0896.fits
5790/spec-5790-56271-0897.fits
5790/spec-5790-56271-0898.fits
5790/spec-5790-56271-0899.fits
5790/spec-5790-56271-0900.fits
5790/spec-5790-56271-0901.fits
5790/spec-5790-56271-0902.fits
5790/spec-5790-56271-0903.fits
5790/spec-5790-56271-0904.fits
5790/spec-5790-56271-0905.fits
5790/spec-5790-56271-0906.fits
5790/spec-5790-56271-0907.fits
5790/spec-5790-56271-0908.fits
5790/spec-5790-56271-0909.fits
5790/spec-5790-56271-0910.fits
5790/spec-5790-56271-0911.fits
5790/spec-5790-56271-0912.fits
5790/spec-5790-56271-0913.fits
5790/spec-5790-56271-0914.fits
5790/spec-5790-56271-0915.fits
5790/spec-5790-56271-0916.fits
5790/spec-5790-56271-0917.fits
5790/spec-5790-56271-0918.fits
5790/spec-5790-56271-0919.fits
5790/spec-5790-56271-0920.fits
5790/spec-5790-56271-0921.fits
5790/spec-5790-56271-0922.fits
5790/spec-5790-56271-0923.fits
5790/spec-5790-56271-0924.fits
5790/spec-5790-56271-0925.fits
5790/spec-5790-56271-0926.fits
5790/spec-5790-56271-0927.fits
5790/spec-5790-56271-0928.fits
5790/spec-5790-56271-0929.fits
5790/spec-5790-56271-0930.fits
5790/spec-5790-56271-0931.fits
5790/spec-5790-56271-0932.fits
5790/spec-5790-56271-0933.fits
5790/spec-5790-56271-0934.fits
5790/spec-5790-56271-0935.fits
5790/spec-5790-56271-0936.fits
5790/spec-5790-56271-0937.fits
5790/spec-5790-56271-0938.fits
5790/spec-5790-56271-0939.fits
5790/spec-5790-56271-0940.fits
5790/spec-5790-56271-0941.fits
5790/spec-5790-56271-0942.fits
5790/spec-5790-56271-0943.fits
5790/spec-5790-56271-0944.fits
5790/spec-5790-56271-0945.fits
5790/spec-5790-56271-0946.fits
5790/spec-5790-56271-0947.fits
5790/spec-5790-56271-0948.fits
5790/spec-5790-56271-0949.fits
5790/spec-5790-56271-0950.fits
5790/spec-5790-56271-0951.fits
5790/spec-5790-56271-0952.fits
5790/spec-5790-56271-0953.fits
5790/spec-5790-56271-0954.fits
5790/spec-5790-56271-0955.fits
5790/spec-5790-56271-0956.fits
5790/spec-5790-56271-0957.fits
5790/spec-5790-56271-0958.fits
5790/spec-5790-56271-0959.fits
5790/spec-5790-56271-0960.fits
5790/spec-5790-56271-0961.fits
5790/spec-5790-56271-0962.fits
5790/spec-5790-56271-0963.fits
5790/spec-5790-56271-0964.fits
5790/spec-5790-56271-0965.fits
5790/spec-5790-56271-0966.fits
5790/spec-5790-56271-0967.fits
5790/spec-5790-56271-0968.fits
5790/spec-5790-56271-0969.fits
5790/spec-5790-56271-0970.fits
5790/spec-5790-56271-0971.fits
5790/spec-5790-56271-0972.fits
5790/spec-5790-56271-0973.fits
5790/spec-5790-56271-0974.fits
5790/spec-5790-56271-0975.fits
5790/spec-5790-56271-0976.fits
5790/spec-5790-56271-0977.fits
5790/spec-5790-56271-0978.fits
5790/spec-5790-56271-0979.fits
5790/spec-5790-56271-0980.fits
5790/spec-5790-56271-0981.fits
5790/spec-5790-56271-0982.fits
5790/spec-5790-56271-0983.fits
5790/spec-5790-56271-0984.fits
5790/spec-5790-56271-0985.fits
5790/spec-5790-56271-0986.fits
5790/spec-5790-56271-0987.fits
5790/spec-5790-56271-0988.fits
5790/spec-5790-56271-0989.fits
5790/spec-5790-56271-0990.fits
5790/spec-5790-56271-0991.fits
5790/spec-5790-56271-0992.fits
5790/spec-5790-56271-0993.fits
5790/spec-5790-56271-0994.fits
5790/spec-5790-56271-0995.fits
5790/spec-5790-56271-0996.fits
5790/spec-5790-56271-0997.fits
5790/spec-5790-56271-0998.fits
5790/spec-5790-56271-0999.fits
5790/spec-5790-56271-1000.fits
/var/lib/condor/execute/slot1/dir_59726
5790 5790.tgz R R361.tar.gz _condor_stderr _condor_stdout cB58_Lyman_break.fit condor_exec.exe hw4.R packages packages.tar.gz tmp var
[1] "Loaded package astro."
[1] 1000
5790 5790.csv 5790.tgz R R361.tar.gz _condor_stderr _condor_stdout cB58_Lyman_break.fit condor_exec.exe hw4.R packages packages.tar.gz tmp var
