5791
5791/
5791/spec-5791-56255-0001.fits
5791/spec-5791-56255-0002.fits
5791/spec-5791-56255-0003.fits
5791/spec-5791-56255-0004.fits
5791/spec-5791-56255-0005.fits
5791/spec-5791-56255-0006.fits
5791/spec-5791-56255-0007.fits
5791/spec-5791-56255-0008.fits
5791/spec-5791-56255-0009.fits
5791/spec-5791-56255-0010.fits
5791/spec-5791-56255-0011.fits
5791/spec-5791-56255-0012.fits
5791/spec-5791-56255-0013.fits
5791/spec-5791-56255-0014.fits
5791/spec-5791-56255-0015.fits
5791/spec-5791-56255-0016.fits
5791/spec-5791-56255-0017.fits
5791/spec-5791-56255-0018.fits
5791/spec-5791-56255-0019.fits
5791/spec-5791-56255-0020.fits
5791/spec-5791-56255-0021.fits
5791/spec-5791-56255-0022.fits
5791/spec-5791-56255-0023.fits
5791/spec-5791-56255-0024.fits
5791/spec-5791-56255-0025.fits
5791/spec-5791-56255-0026.fits
5791/spec-5791-56255-0027.fits
5791/spec-5791-56255-0028.fits
5791/spec-5791-56255-0029.fits
5791/spec-5791-56255-0030.fits
5791/spec-5791-56255-0031.fits
5791/spec-5791-56255-0032.fits
5791/spec-5791-56255-0033.fits
5791/spec-5791-56255-0034.fits
5791/spec-5791-56255-0035.fits
5791/spec-5791-56255-0036.fits
5791/spec-5791-56255-0037.fits
5791/spec-5791-56255-0038.fits
5791/spec-5791-56255-0039.fits
5791/spec-5791-56255-0040.fits
5791/spec-5791-56255-0041.fits
5791/spec-5791-56255-0042.fits
5791/spec-5791-56255-0043.fits
5791/spec-5791-56255-0044.fits
5791/spec-5791-56255-0045.fits
5791/spec-5791-56255-0046.fits
5791/spec-5791-56255-0047.fits
5791/spec-5791-56255-0048.fits
5791/spec-5791-56255-0049.fits
5791/spec-5791-56255-0050.fits
5791/spec-5791-56255-0051.fits
5791/spec-5791-56255-0052.fits
5791/spec-5791-56255-0053.fits
5791/spec-5791-56255-0054.fits
5791/spec-5791-56255-0055.fits
5791/spec-5791-56255-0056.fits
5791/spec-5791-56255-0057.fits
5791/spec-5791-56255-0058.fits
5791/spec-5791-56255-0059.fits
5791/spec-5791-56255-0060.fits
5791/spec-5791-56255-0061.fits
5791/spec-5791-56255-0062.fits
5791/spec-5791-56255-0063.fits
5791/spec-5791-56255-0064.fits
5791/spec-5791-56255-0065.fits
5791/spec-5791-56255-0066.fits
5791/spec-5791-56255-0067.fits
5791/spec-5791-56255-0068.fits
5791/spec-5791-56255-0069.fits
5791/spec-5791-56255-0070.fits
5791/spec-5791-56255-0071.fits
5791/spec-5791-56255-0072.fits
5791/spec-5791-56255-0073.fits
5791/spec-5791-56255-0074.fits
5791/spec-5791-56255-0075.fits
5791/spec-5791-56255-0076.fits
5791/spec-5791-56255-0077.fits
5791/spec-5791-56255-0078.fits
5791/spec-5791-56255-0079.fits
5791/spec-5791-56255-0080.fits
5791/spec-5791-56255-0081.fits
5791/spec-5791-56255-0082.fits
5791/spec-5791-56255-0083.fits
5791/spec-5791-56255-0084.fits
5791/spec-5791-56255-0085.fits
5791/spec-5791-56255-0086.fits
5791/spec-5791-56255-0087.fits
5791/spec-5791-56255-0088.fits
5791/spec-5791-56255-0089.fits
5791/spec-5791-56255-0090.fits
5791/spec-5791-56255-0091.fits
5791/spec-5791-56255-0092.fits
5791/spec-5791-56255-0093.fits
5791/spec-5791-56255-0094.fits
5791/spec-5791-56255-0095.fits
5791/spec-5791-56255-0096.fits
5791/spec-5791-56255-0097.fits
5791/spec-5791-56255-0098.fits
5791/spec-5791-56255-0099.fits
5791/spec-5791-56255-0100.fits
5791/spec-5791-56255-0101.fits
5791/spec-5791-56255-0102.fits
5791/spec-5791-56255-0103.fits
5791/spec-5791-56255-0104.fits
5791/spec-5791-56255-0105.fits
5791/spec-5791-56255-0106.fits
5791/spec-5791-56255-0107.fits
5791/spec-5791-56255-0108.fits
5791/spec-5791-56255-0109.fits
5791/spec-5791-56255-0110.fits
5791/spec-5791-56255-0111.fits
5791/spec-5791-56255-0112.fits
5791/spec-5791-56255-0113.fits
5791/spec-5791-56255-0114.fits
5791/spec-5791-56255-0115.fits
5791/spec-5791-56255-0116.fits
5791/spec-5791-56255-0117.fits
5791/spec-5791-56255-0118.fits
5791/spec-5791-56255-0119.fits
5791/spec-5791-56255-0120.fits
5791/spec-5791-56255-0121.fits
5791/spec-5791-56255-0122.fits
5791/spec-5791-56255-0123.fits
5791/spec-5791-56255-0124.fits
5791/spec-5791-56255-0125.fits
5791/spec-5791-56255-0126.fits
5791/spec-5791-56255-0127.fits
5791/spec-5791-56255-0128.fits
5791/spec-5791-56255-0129.fits
5791/spec-5791-56255-0130.fits
5791/spec-5791-56255-0131.fits
5791/spec-5791-56255-0132.fits
5791/spec-5791-56255-0133.fits
5791/spec-5791-56255-0134.fits
5791/spec-5791-56255-0135.fits
5791/spec-5791-56255-0136.fits
5791/spec-5791-56255-0137.fits
5791/spec-5791-56255-0138.fits
5791/spec-5791-56255-0139.fits
5791/spec-5791-56255-0140.fits
5791/spec-5791-56255-0141.fits
5791/spec-5791-56255-0142.fits
5791/spec-5791-56255-0143.fits
5791/spec-5791-56255-0144.fits
5791/spec-5791-56255-0145.fits
5791/spec-5791-56255-0146.fits
5791/spec-5791-56255-0147.fits
5791/spec-5791-56255-0148.fits
5791/spec-5791-56255-0149.fits
5791/spec-5791-56255-0150.fits
5791/spec-5791-56255-0151.fits
5791/spec-5791-56255-0152.fits
5791/spec-5791-56255-0153.fits
5791/spec-5791-56255-0154.fits
5791/spec-5791-56255-0155.fits
5791/spec-5791-56255-0156.fits
5791/spec-5791-56255-0157.fits
5791/spec-5791-56255-0158.fits
5791/spec-5791-56255-0159.fits
5791/spec-5791-56255-0160.fits
5791/spec-5791-56255-0161.fits
5791/spec-5791-56255-0162.fits
5791/spec-5791-56255-0163.fits
5791/spec-5791-56255-0164.fits
5791/spec-5791-56255-0165.fits
5791/spec-5791-56255-0166.fits
5791/spec-5791-56255-0167.fits
5791/spec-5791-56255-0168.fits
5791/spec-5791-56255-0169.fits
5791/spec-5791-56255-0170.fits
5791/spec-5791-56255-0171.fits
5791/spec-5791-56255-0172.fits
5791/spec-5791-56255-0173.fits
5791/spec-5791-56255-0174.fits
5791/spec-5791-56255-0175.fits
5791/spec-5791-56255-0176.fits
5791/spec-5791-56255-0177.fits
5791/spec-5791-56255-0178.fits
5791/spec-5791-56255-0179.fits
5791/spec-5791-56255-0180.fits
5791/spec-5791-56255-0181.fits
5791/spec-5791-56255-0182.fits
5791/spec-5791-56255-0183.fits
5791/spec-5791-56255-0184.fits
5791/spec-5791-56255-0185.fits
5791/spec-5791-56255-0186.fits
5791/spec-5791-56255-0187.fits
5791/spec-5791-56255-0188.fits
5791/spec-5791-56255-0189.fits
5791/spec-5791-56255-0190.fits
5791/spec-5791-56255-0191.fits
5791/spec-5791-56255-0192.fits
5791/spec-5791-56255-0193.fits
5791/spec-5791-56255-0194.fits
5791/spec-5791-56255-0195.fits
5791/spec-5791-56255-0196.fits
5791/spec-5791-56255-0197.fits
5791/spec-5791-56255-0198.fits
5791/spec-5791-56255-0199.fits
5791/spec-5791-56255-0200.fits
5791/spec-5791-56255-0201.fits
5791/spec-5791-56255-0202.fits
5791/spec-5791-56255-0203.fits
5791/spec-5791-56255-0204.fits
5791/spec-5791-56255-0205.fits
5791/spec-5791-56255-0206.fits
5791/spec-5791-56255-0207.fits
5791/spec-5791-56255-0208.fits
5791/spec-5791-56255-0209.fits
5791/spec-5791-56255-0210.fits
5791/spec-5791-56255-0211.fits
5791/spec-5791-56255-0212.fits
5791/spec-5791-56255-0213.fits
5791/spec-5791-56255-0214.fits
5791/spec-5791-56255-0215.fits
5791/spec-5791-56255-0216.fits
5791/spec-5791-56255-0217.fits
5791/spec-5791-56255-0218.fits
5791/spec-5791-56255-0219.fits
5791/spec-5791-56255-0220.fits
5791/spec-5791-56255-0221.fits
5791/spec-5791-56255-0222.fits
5791/spec-5791-56255-0223.fits
5791/spec-5791-56255-0224.fits
5791/spec-5791-56255-0225.fits
5791/spec-5791-56255-0226.fits
5791/spec-5791-56255-0227.fits
5791/spec-5791-56255-0228.fits
5791/spec-5791-56255-0229.fits
5791/spec-5791-56255-0230.fits
5791/spec-5791-56255-0231.fits
5791/spec-5791-56255-0232.fits
5791/spec-5791-56255-0233.fits
5791/spec-5791-56255-0234.fits
5791/spec-5791-56255-0235.fits
5791/spec-5791-56255-0236.fits
5791/spec-5791-56255-0237.fits
5791/spec-5791-56255-0238.fits
5791/spec-5791-56255-0239.fits
5791/spec-5791-56255-0240.fits
5791/spec-5791-56255-0241.fits
5791/spec-5791-56255-0242.fits
5791/spec-5791-56255-0243.fits
5791/spec-5791-56255-0244.fits
5791/spec-5791-56255-0245.fits
5791/spec-5791-56255-0246.fits
5791/spec-5791-56255-0247.fits
5791/spec-5791-56255-0248.fits
5791/spec-5791-56255-0249.fits
5791/spec-5791-56255-0250.fits
5791/spec-5791-56255-0251.fits
5791/spec-5791-56255-0252.fits
5791/spec-5791-56255-0253.fits
5791/spec-5791-56255-0254.fits
5791/spec-5791-56255-0255.fits
5791/spec-5791-56255-0256.fits
5791/spec-5791-56255-0257.fits
5791/spec-5791-56255-0258.fits
5791/spec-5791-56255-0259.fits
5791/spec-5791-56255-0260.fits
5791/spec-5791-56255-0261.fits
5791/spec-5791-56255-0262.fits
5791/spec-5791-56255-0263.fits
5791/spec-5791-56255-0264.fits
5791/spec-5791-56255-0265.fits
5791/spec-5791-56255-0266.fits
5791/spec-5791-56255-0267.fits
5791/spec-5791-56255-0268.fits
5791/spec-5791-56255-0269.fits
5791/spec-5791-56255-0270.fits
5791/spec-5791-56255-0271.fits
5791/spec-5791-56255-0272.fits
5791/spec-5791-56255-0273.fits
5791/spec-5791-56255-0274.fits
5791/spec-5791-56255-0275.fits
5791/spec-5791-56255-0276.fits
5791/spec-5791-56255-0277.fits
5791/spec-5791-56255-0278.fits
5791/spec-5791-56255-0279.fits
5791/spec-5791-56255-0280.fits
5791/spec-5791-56255-0281.fits
5791/spec-5791-56255-0282.fits
5791/spec-5791-56255-0283.fits
5791/spec-5791-56255-0284.fits
5791/spec-5791-56255-0285.fits
5791/spec-5791-56255-0286.fits
5791/spec-5791-56255-0287.fits
5791/spec-5791-56255-0288.fits
5791/spec-5791-56255-0289.fits
5791/spec-5791-56255-0290.fits
5791/spec-5791-56255-0291.fits
5791/spec-5791-56255-0292.fits
5791/spec-5791-56255-0293.fits
5791/spec-5791-56255-0294.fits
5791/spec-5791-56255-0295.fits
5791/spec-5791-56255-0296.fits
5791/spec-5791-56255-0297.fits
5791/spec-5791-56255-0298.fits
5791/spec-5791-56255-0299.fits
5791/spec-5791-56255-0300.fits
5791/spec-5791-56255-0301.fits
5791/spec-5791-56255-0302.fits
5791/spec-5791-56255-0303.fits
5791/spec-5791-56255-0304.fits
5791/spec-5791-56255-0305.fits
5791/spec-5791-56255-0306.fits
5791/spec-5791-56255-0307.fits
5791/spec-5791-56255-0308.fits
5791/spec-5791-56255-0309.fits
5791/spec-5791-56255-0310.fits
5791/spec-5791-56255-0311.fits
5791/spec-5791-56255-0312.fits
5791/spec-5791-56255-0313.fits
5791/spec-5791-56255-0314.fits
5791/spec-5791-56255-0315.fits
5791/spec-5791-56255-0316.fits
5791/spec-5791-56255-0317.fits
5791/spec-5791-56255-0318.fits
5791/spec-5791-56255-0319.fits
5791/spec-5791-56255-0320.fits
5791/spec-5791-56255-0321.fits
5791/spec-5791-56255-0322.fits
5791/spec-5791-56255-0323.fits
5791/spec-5791-56255-0324.fits
5791/spec-5791-56255-0325.fits
5791/spec-5791-56255-0326.fits
5791/spec-5791-56255-0327.fits
5791/spec-5791-56255-0328.fits
5791/spec-5791-56255-0329.fits
5791/spec-5791-56255-0330.fits
5791/spec-5791-56255-0331.fits
5791/spec-5791-56255-0332.fits
5791/spec-5791-56255-0333.fits
5791/spec-5791-56255-0334.fits
5791/spec-5791-56255-0335.fits
5791/spec-5791-56255-0336.fits
5791/spec-5791-56255-0337.fits
5791/spec-5791-56255-0338.fits
5791/spec-5791-56255-0339.fits
5791/spec-5791-56255-0340.fits
5791/spec-5791-56255-0341.fits
5791/spec-5791-56255-0342.fits
5791/spec-5791-56255-0343.fits
5791/spec-5791-56255-0344.fits
5791/spec-5791-56255-0345.fits
5791/spec-5791-56255-0346.fits
5791/spec-5791-56255-0347.fits
5791/spec-5791-56255-0348.fits
5791/spec-5791-56255-0349.fits
5791/spec-5791-56255-0350.fits
5791/spec-5791-56255-0351.fits
5791/spec-5791-56255-0352.fits
5791/spec-5791-56255-0353.fits
5791/spec-5791-56255-0354.fits
5791/spec-5791-56255-0355.fits
5791/spec-5791-56255-0356.fits
5791/spec-5791-56255-0357.fits
5791/spec-5791-56255-0358.fits
5791/spec-5791-56255-0359.fits
5791/spec-5791-56255-0360.fits
5791/spec-5791-56255-0361.fits
5791/spec-5791-56255-0362.fits
5791/spec-5791-56255-0363.fits
5791/spec-5791-56255-0364.fits
5791/spec-5791-56255-0365.fits
5791/spec-5791-56255-0366.fits
5791/spec-5791-56255-0367.fits
5791/spec-5791-56255-0368.fits
5791/spec-5791-56255-0369.fits
5791/spec-5791-56255-0370.fits
5791/spec-5791-56255-0371.fits
5791/spec-5791-56255-0372.fits
5791/spec-5791-56255-0373.fits
5791/spec-5791-56255-0374.fits
5791/spec-5791-56255-0375.fits
5791/spec-5791-56255-0376.fits
5791/spec-5791-56255-0377.fits
5791/spec-5791-56255-0378.fits
5791/spec-5791-56255-0379.fits
5791/spec-5791-56255-0380.fits
5791/spec-5791-56255-0381.fits
5791/spec-5791-56255-0382.fits
5791/spec-5791-56255-0383.fits
5791/spec-5791-56255-0384.fits
5791/spec-5791-56255-0385.fits
5791/spec-5791-56255-0386.fits
5791/spec-5791-56255-0387.fits
5791/spec-5791-56255-0388.fits
5791/spec-5791-56255-0389.fits
5791/spec-5791-56255-0390.fits
5791/spec-5791-56255-0391.fits
5791/spec-5791-56255-0392.fits
5791/spec-5791-56255-0393.fits
5791/spec-5791-56255-0394.fits
5791/spec-5791-56255-0395.fits
5791/spec-5791-56255-0396.fits
5791/spec-5791-56255-0397.fits
5791/spec-5791-56255-0398.fits
5791/spec-5791-56255-0399.fits
5791/spec-5791-56255-0400.fits
5791/spec-5791-56255-0401.fits
5791/spec-5791-56255-0402.fits
5791/spec-5791-56255-0403.fits
5791/spec-5791-56255-0404.fits
5791/spec-5791-56255-0405.fits
5791/spec-5791-56255-0406.fits
5791/spec-5791-56255-0407.fits
5791/spec-5791-56255-0408.fits
5791/spec-5791-56255-0409.fits
5791/spec-5791-56255-0410.fits
5791/spec-5791-56255-0411.fits
5791/spec-5791-56255-0412.fits
5791/spec-5791-56255-0413.fits
5791/spec-5791-56255-0414.fits
5791/spec-5791-56255-0415.fits
5791/spec-5791-56255-0416.fits
5791/spec-5791-56255-0417.fits
5791/spec-5791-56255-0418.fits
5791/spec-5791-56255-0419.fits
5791/spec-5791-56255-0420.fits
5791/spec-5791-56255-0421.fits
5791/spec-5791-56255-0422.fits
5791/spec-5791-56255-0423.fits
5791/spec-5791-56255-0424.fits
5791/spec-5791-56255-0425.fits
5791/spec-5791-56255-0426.fits
5791/spec-5791-56255-0427.fits
5791/spec-5791-56255-0428.fits
5791/spec-5791-56255-0429.fits
5791/spec-5791-56255-0430.fits
5791/spec-5791-56255-0431.fits
5791/spec-5791-56255-0432.fits
5791/spec-5791-56255-0433.fits
5791/spec-5791-56255-0434.fits
5791/spec-5791-56255-0435.fits
5791/spec-5791-56255-0436.fits
5791/spec-5791-56255-0437.fits
5791/spec-5791-56255-0438.fits
5791/spec-5791-56255-0439.fits
5791/spec-5791-56255-0440.fits
5791/spec-5791-56255-0441.fits
5791/spec-5791-56255-0442.fits
5791/spec-5791-56255-0443.fits
5791/spec-5791-56255-0444.fits
5791/spec-5791-56255-0445.fits
5791/spec-5791-56255-0446.fits
5791/spec-5791-56255-0447.fits
5791/spec-5791-56255-0448.fits
5791/spec-5791-56255-0449.fits
5791/spec-5791-56255-0450.fits
5791/spec-5791-56255-0451.fits
5791/spec-5791-56255-0452.fits
5791/spec-5791-56255-0453.fits
5791/spec-5791-56255-0454.fits
5791/spec-5791-56255-0455.fits
5791/spec-5791-56255-0456.fits
5791/spec-5791-56255-0457.fits
5791/spec-5791-56255-0458.fits
5791/spec-5791-56255-0459.fits
5791/spec-5791-56255-0460.fits
5791/spec-5791-56255-0461.fits
5791/spec-5791-56255-0462.fits
5791/spec-5791-56255-0463.fits
5791/spec-5791-56255-0464.fits
5791/spec-5791-56255-0465.fits
5791/spec-5791-56255-0466.fits
5791/spec-5791-56255-0467.fits
5791/spec-5791-56255-0468.fits
5791/spec-5791-56255-0469.fits
5791/spec-5791-56255-0470.fits
5791/spec-5791-56255-0471.fits
5791/spec-5791-56255-0472.fits
5791/spec-5791-56255-0473.fits
5791/spec-5791-56255-0474.fits
5791/spec-5791-56255-0475.fits
5791/spec-5791-56255-0476.fits
5791/spec-5791-56255-0477.fits
5791/spec-5791-56255-0478.fits
5791/spec-5791-56255-0479.fits
5791/spec-5791-56255-0480.fits
5791/spec-5791-56255-0481.fits
5791/spec-5791-56255-0482.fits
5791/spec-5791-56255-0483.fits
5791/spec-5791-56255-0484.fits
5791/spec-5791-56255-0485.fits
5791/spec-5791-56255-0486.fits
5791/spec-5791-56255-0487.fits
5791/spec-5791-56255-0488.fits
5791/spec-5791-56255-0489.fits
5791/spec-5791-56255-0490.fits
5791/spec-5791-56255-0491.fits
5791/spec-5791-56255-0492.fits
5791/spec-5791-56255-0493.fits
5791/spec-5791-56255-0494.fits
5791/spec-5791-56255-0495.fits
5791/spec-5791-56255-0496.fits
5791/spec-5791-56255-0497.fits
5791/spec-5791-56255-0498.fits
5791/spec-5791-56255-0499.fits
5791/spec-5791-56255-0500.fits
5791/spec-5791-56255-0501.fits
5791/spec-5791-56255-0502.fits
5791/spec-5791-56255-0503.fits
5791/spec-5791-56255-0504.fits
5791/spec-5791-56255-0505.fits
5791/spec-5791-56255-0506.fits
5791/spec-5791-56255-0507.fits
5791/spec-5791-56255-0508.fits
5791/spec-5791-56255-0509.fits
5791/spec-5791-56255-0510.fits
5791/spec-5791-56255-0511.fits
5791/spec-5791-56255-0512.fits
5791/spec-5791-56255-0513.fits
5791/spec-5791-56255-0514.fits
5791/spec-5791-56255-0515.fits
5791/spec-5791-56255-0516.fits
5791/spec-5791-56255-0517.fits
5791/spec-5791-56255-0518.fits
5791/spec-5791-56255-0519.fits
5791/spec-5791-56255-0520.fits
5791/spec-5791-56255-0521.fits
5791/spec-5791-56255-0522.fits
5791/spec-5791-56255-0523.fits
5791/spec-5791-56255-0524.fits
5791/spec-5791-56255-0525.fits
5791/spec-5791-56255-0526.fits
5791/spec-5791-56255-0527.fits
5791/spec-5791-56255-0528.fits
5791/spec-5791-56255-0529.fits
5791/spec-5791-56255-0530.fits
5791/spec-5791-56255-0531.fits
5791/spec-5791-56255-0532.fits
5791/spec-5791-56255-0533.fits
5791/spec-5791-56255-0534.fits
5791/spec-5791-56255-0535.fits
5791/spec-5791-56255-0536.fits
5791/spec-5791-56255-0537.fits
5791/spec-5791-56255-0538.fits
5791/spec-5791-56255-0539.fits
5791/spec-5791-56255-0540.fits
5791/spec-5791-56255-0541.fits
5791/spec-5791-56255-0542.fits
5791/spec-5791-56255-0543.fits
5791/spec-5791-56255-0544.fits
5791/spec-5791-56255-0545.fits
5791/spec-5791-56255-0546.fits
5791/spec-5791-56255-0547.fits
5791/spec-5791-56255-0548.fits
5791/spec-5791-56255-0549.fits
5791/spec-5791-56255-0550.fits
5791/spec-5791-56255-0551.fits
5791/spec-5791-56255-0552.fits
5791/spec-5791-56255-0553.fits
5791/spec-5791-56255-0554.fits
5791/spec-5791-56255-0555.fits
5791/spec-5791-56255-0556.fits
5791/spec-5791-56255-0557.fits
5791/spec-5791-56255-0558.fits
5791/spec-5791-56255-0559.fits
5791/spec-5791-56255-0560.fits
5791/spec-5791-56255-0561.fits
5791/spec-5791-56255-0562.fits
5791/spec-5791-56255-0563.fits
5791/spec-5791-56255-0564.fits
5791/spec-5791-56255-0565.fits
5791/spec-5791-56255-0566.fits
5791/spec-5791-56255-0567.fits
5791/spec-5791-56255-0568.fits
5791/spec-5791-56255-0569.fits
5791/spec-5791-56255-0570.fits
5791/spec-5791-56255-0571.fits
5791/spec-5791-56255-0572.fits
5791/spec-5791-56255-0573.fits
5791/spec-5791-56255-0574.fits
5791/spec-5791-56255-0575.fits
5791/spec-5791-56255-0576.fits
5791/spec-5791-56255-0577.fits
5791/spec-5791-56255-0578.fits
5791/spec-5791-56255-0579.fits
5791/spec-5791-56255-0580.fits
5791/spec-5791-56255-0581.fits
5791/spec-5791-56255-0582.fits
5791/spec-5791-56255-0583.fits
5791/spec-5791-56255-0584.fits
5791/spec-5791-56255-0585.fits
5791/spec-5791-56255-0586.fits
5791/spec-5791-56255-0587.fits
5791/spec-5791-56255-0588.fits
5791/spec-5791-56255-0589.fits
5791/spec-5791-56255-0590.fits
5791/spec-5791-56255-0591.fits
5791/spec-5791-56255-0592.fits
5791/spec-5791-56255-0593.fits
5791/spec-5791-56255-0594.fits
5791/spec-5791-56255-0595.fits
5791/spec-5791-56255-0596.fits
5791/spec-5791-56255-0597.fits
5791/spec-5791-56255-0598.fits
5791/spec-5791-56255-0599.fits
5791/spec-5791-56255-0600.fits
5791/spec-5791-56255-0601.fits
5791/spec-5791-56255-0602.fits
5791/spec-5791-56255-0603.fits
5791/spec-5791-56255-0604.fits
5791/spec-5791-56255-0605.fits
5791/spec-5791-56255-0606.fits
5791/spec-5791-56255-0607.fits
5791/spec-5791-56255-0608.fits
5791/spec-5791-56255-0609.fits
5791/spec-5791-56255-0610.fits
5791/spec-5791-56255-0611.fits
5791/spec-5791-56255-0612.fits
5791/spec-5791-56255-0613.fits
5791/spec-5791-56255-0614.fits
5791/spec-5791-56255-0615.fits
5791/spec-5791-56255-0616.fits
5791/spec-5791-56255-0617.fits
5791/spec-5791-56255-0618.fits
5791/spec-5791-56255-0619.fits
5791/spec-5791-56255-0620.fits
5791/spec-5791-56255-0621.fits
5791/spec-5791-56255-0622.fits
5791/spec-5791-56255-0623.fits
5791/spec-5791-56255-0624.fits
5791/spec-5791-56255-0625.fits
5791/spec-5791-56255-0626.fits
5791/spec-5791-56255-0627.fits
5791/spec-5791-56255-0628.fits
5791/spec-5791-56255-0629.fits
5791/spec-5791-56255-0630.fits
5791/spec-5791-56255-0631.fits
5791/spec-5791-56255-0632.fits
5791/spec-5791-56255-0633.fits
5791/spec-5791-56255-0634.fits
5791/spec-5791-56255-0635.fits
5791/spec-5791-56255-0636.fits
5791/spec-5791-56255-0637.fits
5791/spec-5791-56255-0638.fits
5791/spec-5791-56255-0639.fits
5791/spec-5791-56255-0640.fits
5791/spec-5791-56255-0641.fits
5791/spec-5791-56255-0642.fits
5791/spec-5791-56255-0643.fits
5791/spec-5791-56255-0644.fits
5791/spec-5791-56255-0645.fits
5791/spec-5791-56255-0646.fits
5791/spec-5791-56255-0647.fits
5791/spec-5791-56255-0648.fits
5791/spec-5791-56255-0649.fits
5791/spec-5791-56255-0650.fits
5791/spec-5791-56255-0651.fits
5791/spec-5791-56255-0652.fits
5791/spec-5791-56255-0653.fits
5791/spec-5791-56255-0654.fits
5791/spec-5791-56255-0655.fits
5791/spec-5791-56255-0656.fits
5791/spec-5791-56255-0657.fits
5791/spec-5791-56255-0658.fits
5791/spec-5791-56255-0659.fits
5791/spec-5791-56255-0660.fits
5791/spec-5791-56255-0661.fits
5791/spec-5791-56255-0662.fits
5791/spec-5791-56255-0663.fits
5791/spec-5791-56255-0664.fits
5791/spec-5791-56255-0665.fits
5791/spec-5791-56255-0666.fits
5791/spec-5791-56255-0667.fits
5791/spec-5791-56255-0668.fits
5791/spec-5791-56255-0669.fits
5791/spec-5791-56255-0670.fits
5791/spec-5791-56255-0671.fits
5791/spec-5791-56255-0672.fits
5791/spec-5791-56255-0673.fits
5791/spec-5791-56255-0674.fits
5791/spec-5791-56255-0675.fits
5791/spec-5791-56255-0676.fits
5791/spec-5791-56255-0677.fits
5791/spec-5791-56255-0678.fits
5791/spec-5791-56255-0679.fits
5791/spec-5791-56255-0680.fits
5791/spec-5791-56255-0681.fits
5791/spec-5791-56255-0682.fits
5791/spec-5791-56255-0683.fits
5791/spec-5791-56255-0684.fits
5791/spec-5791-56255-0685.fits
5791/spec-5791-56255-0686.fits
5791/spec-5791-56255-0687.fits
5791/spec-5791-56255-0688.fits
5791/spec-5791-56255-0689.fits
5791/spec-5791-56255-0690.fits
5791/spec-5791-56255-0691.fits
5791/spec-5791-56255-0692.fits
5791/spec-5791-56255-0693.fits
5791/spec-5791-56255-0694.fits
5791/spec-5791-56255-0695.fits
5791/spec-5791-56255-0696.fits
5791/spec-5791-56255-0697.fits
5791/spec-5791-56255-0698.fits
5791/spec-5791-56255-0699.fits
5791/spec-5791-56255-0700.fits
5791/spec-5791-56255-0701.fits
5791/spec-5791-56255-0702.fits
5791/spec-5791-56255-0703.fits
5791/spec-5791-56255-0704.fits
5791/spec-5791-56255-0705.fits
5791/spec-5791-56255-0706.fits
5791/spec-5791-56255-0707.fits
5791/spec-5791-56255-0708.fits
5791/spec-5791-56255-0709.fits
5791/spec-5791-56255-0710.fits
5791/spec-5791-56255-0711.fits
5791/spec-5791-56255-0712.fits
5791/spec-5791-56255-0713.fits
5791/spec-5791-56255-0714.fits
5791/spec-5791-56255-0715.fits
5791/spec-5791-56255-0716.fits
5791/spec-5791-56255-0717.fits
5791/spec-5791-56255-0718.fits
5791/spec-5791-56255-0719.fits
5791/spec-5791-56255-0720.fits
5791/spec-5791-56255-0721.fits
5791/spec-5791-56255-0722.fits
5791/spec-5791-56255-0723.fits
5791/spec-5791-56255-0724.fits
5791/spec-5791-56255-0725.fits
5791/spec-5791-56255-0726.fits
5791/spec-5791-56255-0727.fits
5791/spec-5791-56255-0728.fits
5791/spec-5791-56255-0729.fits
5791/spec-5791-56255-0730.fits
5791/spec-5791-56255-0731.fits
5791/spec-5791-56255-0732.fits
5791/spec-5791-56255-0733.fits
5791/spec-5791-56255-0734.fits
5791/spec-5791-56255-0735.fits
5791/spec-5791-56255-0736.fits
5791/spec-5791-56255-0737.fits
5791/spec-5791-56255-0738.fits
5791/spec-5791-56255-0739.fits
5791/spec-5791-56255-0740.fits
5791/spec-5791-56255-0741.fits
5791/spec-5791-56255-0742.fits
5791/spec-5791-56255-0743.fits
5791/spec-5791-56255-0744.fits
5791/spec-5791-56255-0745.fits
5791/spec-5791-56255-0746.fits
5791/spec-5791-56255-0747.fits
5791/spec-5791-56255-0748.fits
5791/spec-5791-56255-0749.fits
5791/spec-5791-56255-0750.fits
5791/spec-5791-56255-0751.fits
5791/spec-5791-56255-0752.fits
5791/spec-5791-56255-0753.fits
5791/spec-5791-56255-0754.fits
5791/spec-5791-56255-0755.fits
5791/spec-5791-56255-0756.fits
5791/spec-5791-56255-0757.fits
5791/spec-5791-56255-0758.fits
5791/spec-5791-56255-0759.fits
5791/spec-5791-56255-0760.fits
5791/spec-5791-56255-0761.fits
5791/spec-5791-56255-0762.fits
5791/spec-5791-56255-0763.fits
5791/spec-5791-56255-0764.fits
5791/spec-5791-56255-0765.fits
5791/spec-5791-56255-0766.fits
5791/spec-5791-56255-0767.fits
5791/spec-5791-56255-0768.fits
5791/spec-5791-56255-0769.fits
5791/spec-5791-56255-0770.fits
5791/spec-5791-56255-0771.fits
5791/spec-5791-56255-0772.fits
5791/spec-5791-56255-0773.fits
5791/spec-5791-56255-0774.fits
5791/spec-5791-56255-0775.fits
5791/spec-5791-56255-0776.fits
5791/spec-5791-56255-0777.fits
5791/spec-5791-56255-0778.fits
5791/spec-5791-56255-0779.fits
5791/spec-5791-56255-0780.fits
5791/spec-5791-56255-0781.fits
5791/spec-5791-56255-0782.fits
5791/spec-5791-56255-0783.fits
5791/spec-5791-56255-0784.fits
5791/spec-5791-56255-0785.fits
5791/spec-5791-56255-0786.fits
5791/spec-5791-56255-0787.fits
5791/spec-5791-56255-0788.fits
5791/spec-5791-56255-0789.fits
5791/spec-5791-56255-0790.fits
5791/spec-5791-56255-0791.fits
5791/spec-5791-56255-0792.fits
5791/spec-5791-56255-0793.fits
5791/spec-5791-56255-0794.fits
5791/spec-5791-56255-0795.fits
5791/spec-5791-56255-0796.fits
5791/spec-5791-56255-0797.fits
5791/spec-5791-56255-0798.fits
5791/spec-5791-56255-0799.fits
5791/spec-5791-56255-0800.fits
5791/spec-5791-56255-0801.fits
5791/spec-5791-56255-0802.fits
5791/spec-5791-56255-0803.fits
5791/spec-5791-56255-0804.fits
5791/spec-5791-56255-0805.fits
5791/spec-5791-56255-0806.fits
5791/spec-5791-56255-0807.fits
5791/spec-5791-56255-0808.fits
5791/spec-5791-56255-0809.fits
5791/spec-5791-56255-0810.fits
5791/spec-5791-56255-0811.fits
5791/spec-5791-56255-0812.fits
5791/spec-5791-56255-0813.fits
5791/spec-5791-56255-0814.fits
5791/spec-5791-56255-0815.fits
5791/spec-5791-56255-0816.fits
5791/spec-5791-56255-0817.fits
5791/spec-5791-56255-0818.fits
5791/spec-5791-56255-0819.fits
5791/spec-5791-56255-0820.fits
5791/spec-5791-56255-0821.fits
5791/spec-5791-56255-0822.fits
5791/spec-5791-56255-0823.fits
5791/spec-5791-56255-0824.fits
5791/spec-5791-56255-0825.fits
5791/spec-5791-56255-0826.fits
5791/spec-5791-56255-0827.fits
5791/spec-5791-56255-0828.fits
5791/spec-5791-56255-0829.fits
5791/spec-5791-56255-0830.fits
5791/spec-5791-56255-0831.fits
5791/spec-5791-56255-0832.fits
5791/spec-5791-56255-0833.fits
5791/spec-5791-56255-0834.fits
5791/spec-5791-56255-0835.fits
5791/spec-5791-56255-0836.fits
5791/spec-5791-56255-0837.fits
5791/spec-5791-56255-0838.fits
5791/spec-5791-56255-0839.fits
5791/spec-5791-56255-0840.fits
5791/spec-5791-56255-0841.fits
5791/spec-5791-56255-0842.fits
5791/spec-5791-56255-0843.fits
5791/spec-5791-56255-0844.fits
5791/spec-5791-56255-0845.fits
5791/spec-5791-56255-0846.fits
5791/spec-5791-56255-0847.fits
5791/spec-5791-56255-0848.fits
5791/spec-5791-56255-0849.fits
5791/spec-5791-56255-0850.fits
5791/spec-5791-56255-0851.fits
5791/spec-5791-56255-0852.fits
5791/spec-5791-56255-0853.fits
5791/spec-5791-56255-0854.fits
5791/spec-5791-56255-0855.fits
5791/spec-5791-56255-0856.fits
5791/spec-5791-56255-0857.fits
5791/spec-5791-56255-0858.fits
5791/spec-5791-56255-0859.fits
5791/spec-5791-56255-0860.fits
5791/spec-5791-56255-0861.fits
5791/spec-5791-56255-0862.fits
5791/spec-5791-56255-0863.fits
5791/spec-5791-56255-0864.fits
5791/spec-5791-56255-0865.fits
5791/spec-5791-56255-0866.fits
5791/spec-5791-56255-0867.fits
5791/spec-5791-56255-0868.fits
5791/spec-5791-56255-0869.fits
5791/spec-5791-56255-0870.fits
5791/spec-5791-56255-0871.fits
5791/spec-5791-56255-0872.fits
5791/spec-5791-56255-0873.fits
5791/spec-5791-56255-0874.fits
5791/spec-5791-56255-0875.fits
5791/spec-5791-56255-0876.fits
5791/spec-5791-56255-0877.fits
5791/spec-5791-56255-0878.fits
5791/spec-5791-56255-0879.fits
5791/spec-5791-56255-0880.fits
5791/spec-5791-56255-0881.fits
5791/spec-5791-56255-0882.fits
5791/spec-5791-56255-0883.fits
5791/spec-5791-56255-0884.fits
5791/spec-5791-56255-0885.fits
5791/spec-5791-56255-0886.fits
5791/spec-5791-56255-0887.fits
5791/spec-5791-56255-0888.fits
5791/spec-5791-56255-0889.fits
5791/spec-5791-56255-0890.fits
5791/spec-5791-56255-0891.fits
5791/spec-5791-56255-0892.fits
5791/spec-5791-56255-0893.fits
5791/spec-5791-56255-0894.fits
5791/spec-5791-56255-0895.fits
5791/spec-5791-56255-0896.fits
5791/spec-5791-56255-0897.fits
5791/spec-5791-56255-0898.fits
5791/spec-5791-56255-0899.fits
5791/spec-5791-56255-0900.fits
5791/spec-5791-56255-0901.fits
5791/spec-5791-56255-0902.fits
5791/spec-5791-56255-0903.fits
5791/spec-5791-56255-0904.fits
5791/spec-5791-56255-0905.fits
5791/spec-5791-56255-0906.fits
5791/spec-5791-56255-0907.fits
5791/spec-5791-56255-0908.fits
5791/spec-5791-56255-0909.fits
5791/spec-5791-56255-0910.fits
5791/spec-5791-56255-0911.fits
5791/spec-5791-56255-0912.fits
5791/spec-5791-56255-0913.fits
5791/spec-5791-56255-0914.fits
5791/spec-5791-56255-0915.fits
5791/spec-5791-56255-0916.fits
5791/spec-5791-56255-0917.fits
5791/spec-5791-56255-0918.fits
5791/spec-5791-56255-0919.fits
5791/spec-5791-56255-0920.fits
5791/spec-5791-56255-0921.fits
5791/spec-5791-56255-0922.fits
5791/spec-5791-56255-0923.fits
5791/spec-5791-56255-0924.fits
5791/spec-5791-56255-0925.fits
5791/spec-5791-56255-0926.fits
5791/spec-5791-56255-0927.fits
5791/spec-5791-56255-0928.fits
5791/spec-5791-56255-0929.fits
5791/spec-5791-56255-0930.fits
5791/spec-5791-56255-0931.fits
5791/spec-5791-56255-0932.fits
5791/spec-5791-56255-0933.fits
5791/spec-5791-56255-0934.fits
5791/spec-5791-56255-0935.fits
5791/spec-5791-56255-0936.fits
5791/spec-5791-56255-0937.fits
5791/spec-5791-56255-0938.fits
5791/spec-5791-56255-0939.fits
5791/spec-5791-56255-0940.fits
5791/spec-5791-56255-0941.fits
5791/spec-5791-56255-0942.fits
5791/spec-5791-56255-0943.fits
5791/spec-5791-56255-0944.fits
5791/spec-5791-56255-0945.fits
5791/spec-5791-56255-0946.fits
5791/spec-5791-56255-0947.fits
5791/spec-5791-56255-0948.fits
5791/spec-5791-56255-0949.fits
5791/spec-5791-56255-0950.fits
5791/spec-5791-56255-0951.fits
5791/spec-5791-56255-0952.fits
5791/spec-5791-56255-0953.fits
5791/spec-5791-56255-0954.fits
5791/spec-5791-56255-0955.fits
5791/spec-5791-56255-0956.fits
5791/spec-5791-56255-0957.fits
5791/spec-5791-56255-0958.fits
5791/spec-5791-56255-0959.fits
5791/spec-5791-56255-0960.fits
5791/spec-5791-56255-0961.fits
5791/spec-5791-56255-0962.fits
5791/spec-5791-56255-0963.fits
5791/spec-5791-56255-0964.fits
5791/spec-5791-56255-0965.fits
5791/spec-5791-56255-0966.fits
5791/spec-5791-56255-0967.fits
5791/spec-5791-56255-0968.fits
5791/spec-5791-56255-0969.fits
5791/spec-5791-56255-0970.fits
5791/spec-5791-56255-0971.fits
5791/spec-5791-56255-0972.fits
5791/spec-5791-56255-0973.fits
5791/spec-5791-56255-0974.fits
5791/spec-5791-56255-0975.fits
5791/spec-5791-56255-0976.fits
5791/spec-5791-56255-0977.fits
5791/spec-5791-56255-0978.fits
5791/spec-5791-56255-0979.fits
5791/spec-5791-56255-0980.fits
5791/spec-5791-56255-0981.fits
5791/spec-5791-56255-0982.fits
5791/spec-5791-56255-0983.fits
5791/spec-5791-56255-0984.fits
5791/spec-5791-56255-0985.fits
5791/spec-5791-56255-0986.fits
5791/spec-5791-56255-0987.fits
5791/spec-5791-56255-0988.fits
5791/spec-5791-56255-0989.fits
5791/spec-5791-56255-0990.fits
5791/spec-5791-56255-0991.fits
5791/spec-5791-56255-0992.fits
5791/spec-5791-56255-0993.fits
5791/spec-5791-56255-0994.fits
5791/spec-5791-56255-0995.fits
5791/spec-5791-56255-0996.fits
5791/spec-5791-56255-0997.fits
5791/spec-5791-56255-0998.fits
5791/spec-5791-56255-0999.fits
5791/spec-5791-56255-1000.fits
/var/lib/condor/execute/slot1/dir_58042
5791 5791.tgz R R361.tar.gz _condor_stderr _condor_stdout cB58_Lyman_break.fit condor_exec.exe hw4.R packages packages.tar.gz tmp var
[1] "Loaded package astro."
[1] 1000
5791 5791.csv 5791.tgz R R361.tar.gz _condor_stderr _condor_stdout cB58_Lyman_break.fit condor_exec.exe hw4.R packages packages.tar.gz tmp var
