5794
5794/
5794/spec-5794-56282-0001.fits
5794/spec-5794-56282-0002.fits
5794/spec-5794-56282-0003.fits
5794/spec-5794-56282-0004.fits
5794/spec-5794-56282-0005.fits
5794/spec-5794-56282-0006.fits
5794/spec-5794-56282-0007.fits
5794/spec-5794-56282-0008.fits
5794/spec-5794-56282-0009.fits
5794/spec-5794-56282-0010.fits
5794/spec-5794-56282-0011.fits
5794/spec-5794-56282-0012.fits
5794/spec-5794-56282-0013.fits
5794/spec-5794-56282-0014.fits
5794/spec-5794-56282-0015.fits
5794/spec-5794-56282-0016.fits
5794/spec-5794-56282-0017.fits
5794/spec-5794-56282-0018.fits
5794/spec-5794-56282-0019.fits
5794/spec-5794-56282-0020.fits
5794/spec-5794-56282-0021.fits
5794/spec-5794-56282-0022.fits
5794/spec-5794-56282-0023.fits
5794/spec-5794-56282-0024.fits
5794/spec-5794-56282-0025.fits
5794/spec-5794-56282-0026.fits
5794/spec-5794-56282-0027.fits
5794/spec-5794-56282-0028.fits
5794/spec-5794-56282-0029.fits
5794/spec-5794-56282-0030.fits
5794/spec-5794-56282-0031.fits
5794/spec-5794-56282-0032.fits
5794/spec-5794-56282-0033.fits
5794/spec-5794-56282-0034.fits
5794/spec-5794-56282-0035.fits
5794/spec-5794-56282-0036.fits
5794/spec-5794-56282-0037.fits
5794/spec-5794-56282-0038.fits
5794/spec-5794-56282-0039.fits
5794/spec-5794-56282-0040.fits
5794/spec-5794-56282-0041.fits
5794/spec-5794-56282-0042.fits
5794/spec-5794-56282-0043.fits
5794/spec-5794-56282-0044.fits
5794/spec-5794-56282-0045.fits
5794/spec-5794-56282-0046.fits
5794/spec-5794-56282-0047.fits
5794/spec-5794-56282-0048.fits
5794/spec-5794-56282-0049.fits
5794/spec-5794-56282-0050.fits
5794/spec-5794-56282-0051.fits
5794/spec-5794-56282-0052.fits
5794/spec-5794-56282-0053.fits
5794/spec-5794-56282-0054.fits
5794/spec-5794-56282-0055.fits
5794/spec-5794-56282-0056.fits
5794/spec-5794-56282-0057.fits
5794/spec-5794-56282-0058.fits
5794/spec-5794-56282-0059.fits
5794/spec-5794-56282-0060.fits
5794/spec-5794-56282-0061.fits
5794/spec-5794-56282-0062.fits
5794/spec-5794-56282-0063.fits
5794/spec-5794-56282-0064.fits
5794/spec-5794-56282-0065.fits
5794/spec-5794-56282-0066.fits
5794/spec-5794-56282-0067.fits
5794/spec-5794-56282-0068.fits
5794/spec-5794-56282-0069.fits
5794/spec-5794-56282-0070.fits
5794/spec-5794-56282-0071.fits
5794/spec-5794-56282-0072.fits
5794/spec-5794-56282-0073.fits
5794/spec-5794-56282-0074.fits
5794/spec-5794-56282-0075.fits
5794/spec-5794-56282-0076.fits
5794/spec-5794-56282-0077.fits
5794/spec-5794-56282-0078.fits
5794/spec-5794-56282-0079.fits
5794/spec-5794-56282-0080.fits
5794/spec-5794-56282-0081.fits
5794/spec-5794-56282-0082.fits
5794/spec-5794-56282-0083.fits
5794/spec-5794-56282-0084.fits
5794/spec-5794-56282-0085.fits
5794/spec-5794-56282-0086.fits
5794/spec-5794-56282-0087.fits
5794/spec-5794-56282-0088.fits
5794/spec-5794-56282-0089.fits
5794/spec-5794-56282-0090.fits
5794/spec-5794-56282-0091.fits
5794/spec-5794-56282-0092.fits
5794/spec-5794-56282-0093.fits
5794/spec-5794-56282-0094.fits
5794/spec-5794-56282-0095.fits
5794/spec-5794-56282-0096.fits
5794/spec-5794-56282-0097.fits
5794/spec-5794-56282-0098.fits
5794/spec-5794-56282-0099.fits
5794/spec-5794-56282-0100.fits
5794/spec-5794-56282-0101.fits
5794/spec-5794-56282-0102.fits
5794/spec-5794-56282-0103.fits
5794/spec-5794-56282-0104.fits
5794/spec-5794-56282-0105.fits
5794/spec-5794-56282-0106.fits
5794/spec-5794-56282-0107.fits
5794/spec-5794-56282-0108.fits
5794/spec-5794-56282-0109.fits
5794/spec-5794-56282-0110.fits
5794/spec-5794-56282-0111.fits
5794/spec-5794-56282-0112.fits
5794/spec-5794-56282-0113.fits
5794/spec-5794-56282-0114.fits
5794/spec-5794-56282-0115.fits
5794/spec-5794-56282-0116.fits
5794/spec-5794-56282-0117.fits
5794/spec-5794-56282-0118.fits
5794/spec-5794-56282-0119.fits
5794/spec-5794-56282-0120.fits
5794/spec-5794-56282-0121.fits
5794/spec-5794-56282-0122.fits
5794/spec-5794-56282-0123.fits
5794/spec-5794-56282-0124.fits
5794/spec-5794-56282-0125.fits
5794/spec-5794-56282-0126.fits
5794/spec-5794-56282-0127.fits
5794/spec-5794-56282-0128.fits
5794/spec-5794-56282-0129.fits
5794/spec-5794-56282-0130.fits
5794/spec-5794-56282-0131.fits
5794/spec-5794-56282-0132.fits
5794/spec-5794-56282-0133.fits
5794/spec-5794-56282-0134.fits
5794/spec-5794-56282-0135.fits
5794/spec-5794-56282-0136.fits
5794/spec-5794-56282-0137.fits
5794/spec-5794-56282-0138.fits
5794/spec-5794-56282-0139.fits
5794/spec-5794-56282-0140.fits
5794/spec-5794-56282-0141.fits
5794/spec-5794-56282-0142.fits
5794/spec-5794-56282-0143.fits
5794/spec-5794-56282-0144.fits
5794/spec-5794-56282-0145.fits
5794/spec-5794-56282-0146.fits
5794/spec-5794-56282-0147.fits
5794/spec-5794-56282-0148.fits
5794/spec-5794-56282-0149.fits
5794/spec-5794-56282-0150.fits
5794/spec-5794-56282-0151.fits
5794/spec-5794-56282-0152.fits
5794/spec-5794-56282-0153.fits
5794/spec-5794-56282-0154.fits
5794/spec-5794-56282-0155.fits
5794/spec-5794-56282-0156.fits
5794/spec-5794-56282-0157.fits
5794/spec-5794-56282-0158.fits
5794/spec-5794-56282-0159.fits
5794/spec-5794-56282-0160.fits
5794/spec-5794-56282-0161.fits
5794/spec-5794-56282-0162.fits
5794/spec-5794-56282-0163.fits
5794/spec-5794-56282-0164.fits
5794/spec-5794-56282-0165.fits
5794/spec-5794-56282-0166.fits
5794/spec-5794-56282-0167.fits
5794/spec-5794-56282-0168.fits
5794/spec-5794-56282-0169.fits
5794/spec-5794-56282-0170.fits
5794/spec-5794-56282-0171.fits
5794/spec-5794-56282-0172.fits
5794/spec-5794-56282-0173.fits
5794/spec-5794-56282-0174.fits
5794/spec-5794-56282-0175.fits
5794/spec-5794-56282-0176.fits
5794/spec-5794-56282-0177.fits
5794/spec-5794-56282-0178.fits
5794/spec-5794-56282-0179.fits
5794/spec-5794-56282-0180.fits
5794/spec-5794-56282-0181.fits
5794/spec-5794-56282-0182.fits
5794/spec-5794-56282-0183.fits
5794/spec-5794-56282-0184.fits
5794/spec-5794-56282-0185.fits
5794/spec-5794-56282-0186.fits
5794/spec-5794-56282-0187.fits
5794/spec-5794-56282-0188.fits
5794/spec-5794-56282-0189.fits
5794/spec-5794-56282-0190.fits
5794/spec-5794-56282-0191.fits
5794/spec-5794-56282-0192.fits
5794/spec-5794-56282-0193.fits
5794/spec-5794-56282-0194.fits
5794/spec-5794-56282-0195.fits
5794/spec-5794-56282-0196.fits
5794/spec-5794-56282-0197.fits
5794/spec-5794-56282-0198.fits
5794/spec-5794-56282-0199.fits
5794/spec-5794-56282-0200.fits
5794/spec-5794-56282-0201.fits
5794/spec-5794-56282-0202.fits
5794/spec-5794-56282-0203.fits
5794/spec-5794-56282-0204.fits
5794/spec-5794-56282-0205.fits
5794/spec-5794-56282-0206.fits
5794/spec-5794-56282-0207.fits
5794/spec-5794-56282-0208.fits
5794/spec-5794-56282-0209.fits
5794/spec-5794-56282-0210.fits
5794/spec-5794-56282-0211.fits
5794/spec-5794-56282-0212.fits
5794/spec-5794-56282-0213.fits
5794/spec-5794-56282-0214.fits
5794/spec-5794-56282-0215.fits
5794/spec-5794-56282-0216.fits
5794/spec-5794-56282-0217.fits
5794/spec-5794-56282-0218.fits
5794/spec-5794-56282-0219.fits
5794/spec-5794-56282-0220.fits
5794/spec-5794-56282-0221.fits
5794/spec-5794-56282-0222.fits
5794/spec-5794-56282-0223.fits
5794/spec-5794-56282-0224.fits
5794/spec-5794-56282-0225.fits
5794/spec-5794-56282-0226.fits
5794/spec-5794-56282-0227.fits
5794/spec-5794-56282-0228.fits
5794/spec-5794-56282-0229.fits
5794/spec-5794-56282-0230.fits
5794/spec-5794-56282-0231.fits
5794/spec-5794-56282-0232.fits
5794/spec-5794-56282-0233.fits
5794/spec-5794-56282-0234.fits
5794/spec-5794-56282-0235.fits
5794/spec-5794-56282-0236.fits
5794/spec-5794-56282-0237.fits
5794/spec-5794-56282-0238.fits
5794/spec-5794-56282-0239.fits
5794/spec-5794-56282-0240.fits
5794/spec-5794-56282-0241.fits
5794/spec-5794-56282-0242.fits
5794/spec-5794-56282-0243.fits
5794/spec-5794-56282-0244.fits
5794/spec-5794-56282-0245.fits
5794/spec-5794-56282-0246.fits
5794/spec-5794-56282-0247.fits
5794/spec-5794-56282-0248.fits
5794/spec-5794-56282-0249.fits
5794/spec-5794-56282-0250.fits
5794/spec-5794-56282-0251.fits
5794/spec-5794-56282-0252.fits
5794/spec-5794-56282-0253.fits
5794/spec-5794-56282-0254.fits
5794/spec-5794-56282-0255.fits
5794/spec-5794-56282-0256.fits
5794/spec-5794-56282-0257.fits
5794/spec-5794-56282-0258.fits
5794/spec-5794-56282-0259.fits
5794/spec-5794-56282-0260.fits
5794/spec-5794-56282-0261.fits
5794/spec-5794-56282-0262.fits
5794/spec-5794-56282-0263.fits
5794/spec-5794-56282-0264.fits
5794/spec-5794-56282-0265.fits
5794/spec-5794-56282-0266.fits
5794/spec-5794-56282-0267.fits
5794/spec-5794-56282-0268.fits
5794/spec-5794-56282-0269.fits
5794/spec-5794-56282-0270.fits
5794/spec-5794-56282-0271.fits
5794/spec-5794-56282-0272.fits
5794/spec-5794-56282-0273.fits
5794/spec-5794-56282-0274.fits
5794/spec-5794-56282-0275.fits
5794/spec-5794-56282-0276.fits
5794/spec-5794-56282-0277.fits
5794/spec-5794-56282-0278.fits
5794/spec-5794-56282-0279.fits
5794/spec-5794-56282-0280.fits
5794/spec-5794-56282-0281.fits
5794/spec-5794-56282-0282.fits
5794/spec-5794-56282-0283.fits
5794/spec-5794-56282-0284.fits
5794/spec-5794-56282-0285.fits
5794/spec-5794-56282-0286.fits
5794/spec-5794-56282-0287.fits
5794/spec-5794-56282-0288.fits
5794/spec-5794-56282-0289.fits
5794/spec-5794-56282-0290.fits
5794/spec-5794-56282-0291.fits
5794/spec-5794-56282-0292.fits
5794/spec-5794-56282-0293.fits
5794/spec-5794-56282-0294.fits
5794/spec-5794-56282-0295.fits
5794/spec-5794-56282-0296.fits
5794/spec-5794-56282-0297.fits
5794/spec-5794-56282-0298.fits
5794/spec-5794-56282-0299.fits
5794/spec-5794-56282-0300.fits
5794/spec-5794-56282-0301.fits
5794/spec-5794-56282-0302.fits
5794/spec-5794-56282-0303.fits
5794/spec-5794-56282-0304.fits
5794/spec-5794-56282-0305.fits
5794/spec-5794-56282-0306.fits
5794/spec-5794-56282-0307.fits
5794/spec-5794-56282-0308.fits
5794/spec-5794-56282-0309.fits
5794/spec-5794-56282-0310.fits
5794/spec-5794-56282-0311.fits
5794/spec-5794-56282-0312.fits
5794/spec-5794-56282-0313.fits
5794/spec-5794-56282-0314.fits
5794/spec-5794-56282-0315.fits
5794/spec-5794-56282-0316.fits
5794/spec-5794-56282-0317.fits
5794/spec-5794-56282-0318.fits
5794/spec-5794-56282-0319.fits
5794/spec-5794-56282-0320.fits
5794/spec-5794-56282-0321.fits
5794/spec-5794-56282-0322.fits
5794/spec-5794-56282-0323.fits
5794/spec-5794-56282-0324.fits
5794/spec-5794-56282-0325.fits
5794/spec-5794-56282-0326.fits
5794/spec-5794-56282-0327.fits
5794/spec-5794-56282-0328.fits
5794/spec-5794-56282-0329.fits
5794/spec-5794-56282-0330.fits
5794/spec-5794-56282-0331.fits
5794/spec-5794-56282-0332.fits
5794/spec-5794-56282-0333.fits
5794/spec-5794-56282-0334.fits
5794/spec-5794-56282-0335.fits
5794/spec-5794-56282-0336.fits
5794/spec-5794-56282-0337.fits
5794/spec-5794-56282-0338.fits
5794/spec-5794-56282-0339.fits
5794/spec-5794-56282-0340.fits
5794/spec-5794-56282-0341.fits
5794/spec-5794-56282-0342.fits
5794/spec-5794-56282-0343.fits
5794/spec-5794-56282-0344.fits
5794/spec-5794-56282-0345.fits
5794/spec-5794-56282-0346.fits
5794/spec-5794-56282-0347.fits
5794/spec-5794-56282-0348.fits
5794/spec-5794-56282-0349.fits
5794/spec-5794-56282-0350.fits
5794/spec-5794-56282-0351.fits
5794/spec-5794-56282-0352.fits
5794/spec-5794-56282-0353.fits
5794/spec-5794-56282-0354.fits
5794/spec-5794-56282-0355.fits
5794/spec-5794-56282-0356.fits
5794/spec-5794-56282-0357.fits
5794/spec-5794-56282-0358.fits
5794/spec-5794-56282-0359.fits
5794/spec-5794-56282-0360.fits
5794/spec-5794-56282-0361.fits
5794/spec-5794-56282-0362.fits
5794/spec-5794-56282-0363.fits
5794/spec-5794-56282-0364.fits
5794/spec-5794-56282-0365.fits
5794/spec-5794-56282-0366.fits
5794/spec-5794-56282-0367.fits
5794/spec-5794-56282-0368.fits
5794/spec-5794-56282-0369.fits
5794/spec-5794-56282-0370.fits
5794/spec-5794-56282-0371.fits
5794/spec-5794-56282-0372.fits
5794/spec-5794-56282-0373.fits
5794/spec-5794-56282-0374.fits
5794/spec-5794-56282-0375.fits
5794/spec-5794-56282-0376.fits
5794/spec-5794-56282-0377.fits
5794/spec-5794-56282-0378.fits
5794/spec-5794-56282-0379.fits
5794/spec-5794-56282-0380.fits
5794/spec-5794-56282-0381.fits
5794/spec-5794-56282-0382.fits
5794/spec-5794-56282-0383.fits
5794/spec-5794-56282-0384.fits
5794/spec-5794-56282-0385.fits
5794/spec-5794-56282-0386.fits
5794/spec-5794-56282-0387.fits
5794/spec-5794-56282-0388.fits
5794/spec-5794-56282-0389.fits
5794/spec-5794-56282-0390.fits
5794/spec-5794-56282-0391.fits
5794/spec-5794-56282-0392.fits
5794/spec-5794-56282-0393.fits
5794/spec-5794-56282-0394.fits
5794/spec-5794-56282-0395.fits
5794/spec-5794-56282-0396.fits
5794/spec-5794-56282-0397.fits
5794/spec-5794-56282-0398.fits
5794/spec-5794-56282-0399.fits
5794/spec-5794-56282-0400.fits
5794/spec-5794-56282-0401.fits
5794/spec-5794-56282-0402.fits
5794/spec-5794-56282-0403.fits
5794/spec-5794-56282-0404.fits
5794/spec-5794-56282-0405.fits
5794/spec-5794-56282-0406.fits
5794/spec-5794-56282-0407.fits
5794/spec-5794-56282-0408.fits
5794/spec-5794-56282-0409.fits
5794/spec-5794-56282-0410.fits
5794/spec-5794-56282-0411.fits
5794/spec-5794-56282-0412.fits
5794/spec-5794-56282-0413.fits
5794/spec-5794-56282-0414.fits
5794/spec-5794-56282-0415.fits
5794/spec-5794-56282-0416.fits
5794/spec-5794-56282-0417.fits
5794/spec-5794-56282-0418.fits
5794/spec-5794-56282-0419.fits
5794/spec-5794-56282-0420.fits
5794/spec-5794-56282-0421.fits
5794/spec-5794-56282-0422.fits
5794/spec-5794-56282-0423.fits
5794/spec-5794-56282-0424.fits
5794/spec-5794-56282-0425.fits
5794/spec-5794-56282-0426.fits
5794/spec-5794-56282-0427.fits
5794/spec-5794-56282-0428.fits
5794/spec-5794-56282-0429.fits
5794/spec-5794-56282-0430.fits
5794/spec-5794-56282-0431.fits
5794/spec-5794-56282-0432.fits
5794/spec-5794-56282-0433.fits
5794/spec-5794-56282-0434.fits
5794/spec-5794-56282-0435.fits
5794/spec-5794-56282-0436.fits
5794/spec-5794-56282-0437.fits
5794/spec-5794-56282-0438.fits
5794/spec-5794-56282-0439.fits
5794/spec-5794-56282-0440.fits
5794/spec-5794-56282-0441.fits
5794/spec-5794-56282-0442.fits
5794/spec-5794-56282-0443.fits
5794/spec-5794-56282-0444.fits
5794/spec-5794-56282-0445.fits
5794/spec-5794-56282-0446.fits
5794/spec-5794-56282-0447.fits
5794/spec-5794-56282-0448.fits
5794/spec-5794-56282-0449.fits
5794/spec-5794-56282-0450.fits
5794/spec-5794-56282-0451.fits
5794/spec-5794-56282-0452.fits
5794/spec-5794-56282-0453.fits
5794/spec-5794-56282-0454.fits
5794/spec-5794-56282-0455.fits
5794/spec-5794-56282-0456.fits
5794/spec-5794-56282-0457.fits
5794/spec-5794-56282-0458.fits
5794/spec-5794-56282-0459.fits
5794/spec-5794-56282-0460.fits
5794/spec-5794-56282-0461.fits
5794/spec-5794-56282-0462.fits
5794/spec-5794-56282-0463.fits
5794/spec-5794-56282-0464.fits
5794/spec-5794-56282-0465.fits
5794/spec-5794-56282-0466.fits
5794/spec-5794-56282-0467.fits
5794/spec-5794-56282-0468.fits
5794/spec-5794-56282-0469.fits
5794/spec-5794-56282-0470.fits
5794/spec-5794-56282-0471.fits
5794/spec-5794-56282-0472.fits
5794/spec-5794-56282-0473.fits
5794/spec-5794-56282-0474.fits
5794/spec-5794-56282-0475.fits
5794/spec-5794-56282-0476.fits
5794/spec-5794-56282-0477.fits
5794/spec-5794-56282-0478.fits
5794/spec-5794-56282-0479.fits
5794/spec-5794-56282-0480.fits
5794/spec-5794-56282-0481.fits
5794/spec-5794-56282-0482.fits
5794/spec-5794-56282-0483.fits
5794/spec-5794-56282-0484.fits
5794/spec-5794-56282-0485.fits
5794/spec-5794-56282-0486.fits
5794/spec-5794-56282-0487.fits
5794/spec-5794-56282-0488.fits
5794/spec-5794-56282-0489.fits
5794/spec-5794-56282-0490.fits
5794/spec-5794-56282-0491.fits
5794/spec-5794-56282-0492.fits
5794/spec-5794-56282-0493.fits
5794/spec-5794-56282-0494.fits
5794/spec-5794-56282-0495.fits
5794/spec-5794-56282-0496.fits
5794/spec-5794-56282-0497.fits
5794/spec-5794-56282-0498.fits
5794/spec-5794-56282-0499.fits
5794/spec-5794-56282-0500.fits
5794/spec-5794-56282-0501.fits
5794/spec-5794-56282-0502.fits
5794/spec-5794-56282-0503.fits
5794/spec-5794-56282-0504.fits
5794/spec-5794-56282-0505.fits
5794/spec-5794-56282-0506.fits
5794/spec-5794-56282-0507.fits
5794/spec-5794-56282-0508.fits
5794/spec-5794-56282-0509.fits
5794/spec-5794-56282-0510.fits
5794/spec-5794-56282-0511.fits
5794/spec-5794-56282-0512.fits
5794/spec-5794-56282-0513.fits
5794/spec-5794-56282-0514.fits
5794/spec-5794-56282-0515.fits
5794/spec-5794-56282-0516.fits
5794/spec-5794-56282-0517.fits
5794/spec-5794-56282-0518.fits
5794/spec-5794-56282-0519.fits
5794/spec-5794-56282-0520.fits
5794/spec-5794-56282-0521.fits
5794/spec-5794-56282-0522.fits
5794/spec-5794-56282-0523.fits
5794/spec-5794-56282-0524.fits
5794/spec-5794-56282-0525.fits
5794/spec-5794-56282-0526.fits
5794/spec-5794-56282-0527.fits
5794/spec-5794-56282-0528.fits
5794/spec-5794-56282-0529.fits
5794/spec-5794-56282-0530.fits
5794/spec-5794-56282-0531.fits
5794/spec-5794-56282-0532.fits
5794/spec-5794-56282-0533.fits
5794/spec-5794-56282-0534.fits
5794/spec-5794-56282-0535.fits
5794/spec-5794-56282-0536.fits
5794/spec-5794-56282-0537.fits
5794/spec-5794-56282-0538.fits
5794/spec-5794-56282-0539.fits
5794/spec-5794-56282-0540.fits
5794/spec-5794-56282-0541.fits
5794/spec-5794-56282-0542.fits
5794/spec-5794-56282-0543.fits
5794/spec-5794-56282-0544.fits
5794/spec-5794-56282-0545.fits
5794/spec-5794-56282-0546.fits
5794/spec-5794-56282-0547.fits
5794/spec-5794-56282-0548.fits
5794/spec-5794-56282-0549.fits
5794/spec-5794-56282-0550.fits
5794/spec-5794-56282-0551.fits
5794/spec-5794-56282-0552.fits
5794/spec-5794-56282-0553.fits
5794/spec-5794-56282-0554.fits
5794/spec-5794-56282-0555.fits
5794/spec-5794-56282-0556.fits
5794/spec-5794-56282-0557.fits
5794/spec-5794-56282-0558.fits
5794/spec-5794-56282-0559.fits
5794/spec-5794-56282-0560.fits
5794/spec-5794-56282-0561.fits
5794/spec-5794-56282-0562.fits
5794/spec-5794-56282-0563.fits
5794/spec-5794-56282-0564.fits
5794/spec-5794-56282-0565.fits
5794/spec-5794-56282-0566.fits
5794/spec-5794-56282-0567.fits
5794/spec-5794-56282-0568.fits
5794/spec-5794-56282-0569.fits
5794/spec-5794-56282-0570.fits
5794/spec-5794-56282-0571.fits
5794/spec-5794-56282-0572.fits
5794/spec-5794-56282-0573.fits
5794/spec-5794-56282-0574.fits
5794/spec-5794-56282-0575.fits
5794/spec-5794-56282-0576.fits
5794/spec-5794-56282-0577.fits
5794/spec-5794-56282-0578.fits
5794/spec-5794-56282-0579.fits
5794/spec-5794-56282-0580.fits
5794/spec-5794-56282-0581.fits
5794/spec-5794-56282-0582.fits
5794/spec-5794-56282-0583.fits
5794/spec-5794-56282-0584.fits
5794/spec-5794-56282-0585.fits
5794/spec-5794-56282-0586.fits
5794/spec-5794-56282-0587.fits
5794/spec-5794-56282-0588.fits
5794/spec-5794-56282-0589.fits
5794/spec-5794-56282-0590.fits
5794/spec-5794-56282-0591.fits
5794/spec-5794-56282-0592.fits
5794/spec-5794-56282-0593.fits
5794/spec-5794-56282-0594.fits
5794/spec-5794-56282-0595.fits
5794/spec-5794-56282-0596.fits
5794/spec-5794-56282-0597.fits
5794/spec-5794-56282-0598.fits
5794/spec-5794-56282-0599.fits
5794/spec-5794-56282-0600.fits
5794/spec-5794-56282-0601.fits
5794/spec-5794-56282-0602.fits
5794/spec-5794-56282-0603.fits
5794/spec-5794-56282-0604.fits
5794/spec-5794-56282-0605.fits
5794/spec-5794-56282-0606.fits
5794/spec-5794-56282-0607.fits
5794/spec-5794-56282-0608.fits
5794/spec-5794-56282-0609.fits
5794/spec-5794-56282-0610.fits
5794/spec-5794-56282-0611.fits
5794/spec-5794-56282-0612.fits
5794/spec-5794-56282-0613.fits
5794/spec-5794-56282-0614.fits
5794/spec-5794-56282-0615.fits
5794/spec-5794-56282-0616.fits
5794/spec-5794-56282-0617.fits
5794/spec-5794-56282-0618.fits
5794/spec-5794-56282-0619.fits
5794/spec-5794-56282-0620.fits
5794/spec-5794-56282-0621.fits
5794/spec-5794-56282-0622.fits
5794/spec-5794-56282-0623.fits
5794/spec-5794-56282-0624.fits
5794/spec-5794-56282-0625.fits
5794/spec-5794-56282-0626.fits
5794/spec-5794-56282-0627.fits
5794/spec-5794-56282-0628.fits
5794/spec-5794-56282-0629.fits
5794/spec-5794-56282-0630.fits
5794/spec-5794-56282-0631.fits
5794/spec-5794-56282-0632.fits
5794/spec-5794-56282-0633.fits
5794/spec-5794-56282-0634.fits
5794/spec-5794-56282-0635.fits
5794/spec-5794-56282-0636.fits
5794/spec-5794-56282-0637.fits
5794/spec-5794-56282-0638.fits
5794/spec-5794-56282-0639.fits
5794/spec-5794-56282-0640.fits
5794/spec-5794-56282-0641.fits
5794/spec-5794-56282-0642.fits
5794/spec-5794-56282-0643.fits
5794/spec-5794-56282-0644.fits
5794/spec-5794-56282-0645.fits
5794/spec-5794-56282-0646.fits
5794/spec-5794-56282-0647.fits
5794/spec-5794-56282-0648.fits
5794/spec-5794-56282-0649.fits
5794/spec-5794-56282-0650.fits
5794/spec-5794-56282-0651.fits
5794/spec-5794-56282-0652.fits
5794/spec-5794-56282-0653.fits
5794/spec-5794-56282-0654.fits
5794/spec-5794-56282-0655.fits
5794/spec-5794-56282-0656.fits
5794/spec-5794-56282-0657.fits
5794/spec-5794-56282-0658.fits
5794/spec-5794-56282-0659.fits
5794/spec-5794-56282-0660.fits
5794/spec-5794-56282-0661.fits
5794/spec-5794-56282-0662.fits
5794/spec-5794-56282-0663.fits
5794/spec-5794-56282-0664.fits
5794/spec-5794-56282-0665.fits
5794/spec-5794-56282-0666.fits
5794/spec-5794-56282-0667.fits
5794/spec-5794-56282-0668.fits
5794/spec-5794-56282-0669.fits
5794/spec-5794-56282-0670.fits
5794/spec-5794-56282-0671.fits
5794/spec-5794-56282-0672.fits
5794/spec-5794-56282-0673.fits
5794/spec-5794-56282-0674.fits
5794/spec-5794-56282-0675.fits
5794/spec-5794-56282-0676.fits
5794/spec-5794-56282-0677.fits
5794/spec-5794-56282-0678.fits
5794/spec-5794-56282-0679.fits
5794/spec-5794-56282-0680.fits
5794/spec-5794-56282-0681.fits
5794/spec-5794-56282-0682.fits
5794/spec-5794-56282-0683.fits
5794/spec-5794-56282-0684.fits
5794/spec-5794-56282-0685.fits
5794/spec-5794-56282-0686.fits
5794/spec-5794-56282-0687.fits
5794/spec-5794-56282-0688.fits
5794/spec-5794-56282-0689.fits
5794/spec-5794-56282-0690.fits
5794/spec-5794-56282-0691.fits
5794/spec-5794-56282-0692.fits
5794/spec-5794-56282-0693.fits
5794/spec-5794-56282-0694.fits
5794/spec-5794-56282-0695.fits
5794/spec-5794-56282-0696.fits
5794/spec-5794-56282-0697.fits
5794/spec-5794-56282-0698.fits
5794/spec-5794-56282-0699.fits
5794/spec-5794-56282-0700.fits
5794/spec-5794-56282-0701.fits
5794/spec-5794-56282-0702.fits
5794/spec-5794-56282-0703.fits
5794/spec-5794-56282-0704.fits
5794/spec-5794-56282-0705.fits
5794/spec-5794-56282-0706.fits
5794/spec-5794-56282-0707.fits
5794/spec-5794-56282-0708.fits
5794/spec-5794-56282-0709.fits
5794/spec-5794-56282-0710.fits
5794/spec-5794-56282-0711.fits
5794/spec-5794-56282-0712.fits
5794/spec-5794-56282-0713.fits
5794/spec-5794-56282-0714.fits
5794/spec-5794-56282-0715.fits
5794/spec-5794-56282-0716.fits
5794/spec-5794-56282-0717.fits
5794/spec-5794-56282-0718.fits
5794/spec-5794-56282-0719.fits
5794/spec-5794-56282-0720.fits
5794/spec-5794-56282-0721.fits
5794/spec-5794-56282-0722.fits
5794/spec-5794-56282-0723.fits
5794/spec-5794-56282-0724.fits
5794/spec-5794-56282-0725.fits
5794/spec-5794-56282-0726.fits
5794/spec-5794-56282-0727.fits
5794/spec-5794-56282-0728.fits
5794/spec-5794-56282-0729.fits
5794/spec-5794-56282-0730.fits
5794/spec-5794-56282-0731.fits
5794/spec-5794-56282-0732.fits
5794/spec-5794-56282-0733.fits
5794/spec-5794-56282-0734.fits
5794/spec-5794-56282-0735.fits
5794/spec-5794-56282-0736.fits
5794/spec-5794-56282-0737.fits
5794/spec-5794-56282-0738.fits
5794/spec-5794-56282-0739.fits
5794/spec-5794-56282-0740.fits
5794/spec-5794-56282-0741.fits
5794/spec-5794-56282-0742.fits
5794/spec-5794-56282-0743.fits
5794/spec-5794-56282-0744.fits
5794/spec-5794-56282-0745.fits
5794/spec-5794-56282-0746.fits
5794/spec-5794-56282-0747.fits
5794/spec-5794-56282-0748.fits
5794/spec-5794-56282-0749.fits
5794/spec-5794-56282-0750.fits
5794/spec-5794-56282-0751.fits
5794/spec-5794-56282-0752.fits
5794/spec-5794-56282-0753.fits
5794/spec-5794-56282-0754.fits
5794/spec-5794-56282-0755.fits
5794/spec-5794-56282-0756.fits
5794/spec-5794-56282-0757.fits
5794/spec-5794-56282-0758.fits
5794/spec-5794-56282-0759.fits
5794/spec-5794-56282-0760.fits
5794/spec-5794-56282-0761.fits
5794/spec-5794-56282-0762.fits
5794/spec-5794-56282-0763.fits
5794/spec-5794-56282-0764.fits
5794/spec-5794-56282-0765.fits
5794/spec-5794-56282-0766.fits
5794/spec-5794-56282-0767.fits
5794/spec-5794-56282-0768.fits
5794/spec-5794-56282-0769.fits
5794/spec-5794-56282-0770.fits
5794/spec-5794-56282-0771.fits
5794/spec-5794-56282-0772.fits
5794/spec-5794-56282-0773.fits
5794/spec-5794-56282-0774.fits
5794/spec-5794-56282-0775.fits
5794/spec-5794-56282-0776.fits
5794/spec-5794-56282-0777.fits
5794/spec-5794-56282-0778.fits
5794/spec-5794-56282-0779.fits
5794/spec-5794-56282-0780.fits
5794/spec-5794-56282-0781.fits
5794/spec-5794-56282-0782.fits
5794/spec-5794-56282-0783.fits
5794/spec-5794-56282-0784.fits
5794/spec-5794-56282-0785.fits
5794/spec-5794-56282-0786.fits
5794/spec-5794-56282-0787.fits
5794/spec-5794-56282-0788.fits
5794/spec-5794-56282-0789.fits
5794/spec-5794-56282-0790.fits
5794/spec-5794-56282-0791.fits
5794/spec-5794-56282-0792.fits
5794/spec-5794-56282-0793.fits
5794/spec-5794-56282-0794.fits
5794/spec-5794-56282-0795.fits
5794/spec-5794-56282-0796.fits
5794/spec-5794-56282-0797.fits
5794/spec-5794-56282-0798.fits
5794/spec-5794-56282-0799.fits
5794/spec-5794-56282-0800.fits
5794/spec-5794-56282-0801.fits
5794/spec-5794-56282-0802.fits
5794/spec-5794-56282-0803.fits
5794/spec-5794-56282-0804.fits
5794/spec-5794-56282-0805.fits
5794/spec-5794-56282-0806.fits
5794/spec-5794-56282-0807.fits
5794/spec-5794-56282-0808.fits
5794/spec-5794-56282-0809.fits
5794/spec-5794-56282-0810.fits
5794/spec-5794-56282-0811.fits
5794/spec-5794-56282-0812.fits
5794/spec-5794-56282-0813.fits
5794/spec-5794-56282-0814.fits
5794/spec-5794-56282-0815.fits
5794/spec-5794-56282-0816.fits
5794/spec-5794-56282-0817.fits
5794/spec-5794-56282-0818.fits
5794/spec-5794-56282-0819.fits
5794/spec-5794-56282-0820.fits
5794/spec-5794-56282-0821.fits
5794/spec-5794-56282-0822.fits
5794/spec-5794-56282-0823.fits
5794/spec-5794-56282-0824.fits
5794/spec-5794-56282-0825.fits
5794/spec-5794-56282-0826.fits
5794/spec-5794-56282-0827.fits
5794/spec-5794-56282-0828.fits
5794/spec-5794-56282-0829.fits
5794/spec-5794-56282-0830.fits
5794/spec-5794-56282-0831.fits
5794/spec-5794-56282-0832.fits
5794/spec-5794-56282-0833.fits
5794/spec-5794-56282-0834.fits
5794/spec-5794-56282-0835.fits
5794/spec-5794-56282-0836.fits
5794/spec-5794-56282-0837.fits
5794/spec-5794-56282-0838.fits
5794/spec-5794-56282-0839.fits
5794/spec-5794-56282-0840.fits
5794/spec-5794-56282-0841.fits
5794/spec-5794-56282-0842.fits
5794/spec-5794-56282-0843.fits
5794/spec-5794-56282-0844.fits
5794/spec-5794-56282-0845.fits
5794/spec-5794-56282-0846.fits
5794/spec-5794-56282-0847.fits
5794/spec-5794-56282-0848.fits
5794/spec-5794-56282-0849.fits
5794/spec-5794-56282-0850.fits
5794/spec-5794-56282-0851.fits
5794/spec-5794-56282-0852.fits
5794/spec-5794-56282-0853.fits
5794/spec-5794-56282-0854.fits
5794/spec-5794-56282-0855.fits
5794/spec-5794-56282-0856.fits
5794/spec-5794-56282-0857.fits
5794/spec-5794-56282-0858.fits
5794/spec-5794-56282-0859.fits
5794/spec-5794-56282-0860.fits
5794/spec-5794-56282-0861.fits
5794/spec-5794-56282-0862.fits
5794/spec-5794-56282-0863.fits
5794/spec-5794-56282-0864.fits
5794/spec-5794-56282-0865.fits
5794/spec-5794-56282-0866.fits
5794/spec-5794-56282-0867.fits
5794/spec-5794-56282-0868.fits
5794/spec-5794-56282-0869.fits
5794/spec-5794-56282-0870.fits
5794/spec-5794-56282-0871.fits
5794/spec-5794-56282-0872.fits
5794/spec-5794-56282-0873.fits
5794/spec-5794-56282-0874.fits
5794/spec-5794-56282-0875.fits
5794/spec-5794-56282-0876.fits
5794/spec-5794-56282-0877.fits
5794/spec-5794-56282-0878.fits
5794/spec-5794-56282-0879.fits
5794/spec-5794-56282-0880.fits
5794/spec-5794-56282-0881.fits
5794/spec-5794-56282-0882.fits
5794/spec-5794-56282-0883.fits
5794/spec-5794-56282-0884.fits
5794/spec-5794-56282-0885.fits
5794/spec-5794-56282-0886.fits
5794/spec-5794-56282-0887.fits
5794/spec-5794-56282-0888.fits
5794/spec-5794-56282-0889.fits
5794/spec-5794-56282-0890.fits
5794/spec-5794-56282-0891.fits
5794/spec-5794-56282-0892.fits
5794/spec-5794-56282-0893.fits
5794/spec-5794-56282-0894.fits
5794/spec-5794-56282-0895.fits
5794/spec-5794-56282-0896.fits
5794/spec-5794-56282-0897.fits
5794/spec-5794-56282-0898.fits
5794/spec-5794-56282-0899.fits
5794/spec-5794-56282-0900.fits
5794/spec-5794-56282-0901.fits
5794/spec-5794-56282-0902.fits
5794/spec-5794-56282-0903.fits
5794/spec-5794-56282-0904.fits
5794/spec-5794-56282-0905.fits
5794/spec-5794-56282-0906.fits
5794/spec-5794-56282-0907.fits
5794/spec-5794-56282-0908.fits
5794/spec-5794-56282-0909.fits
5794/spec-5794-56282-0910.fits
5794/spec-5794-56282-0911.fits
5794/spec-5794-56282-0912.fits
5794/spec-5794-56282-0913.fits
5794/spec-5794-56282-0914.fits
5794/spec-5794-56282-0915.fits
5794/spec-5794-56282-0916.fits
5794/spec-5794-56282-0917.fits
5794/spec-5794-56282-0918.fits
5794/spec-5794-56282-0919.fits
5794/spec-5794-56282-0920.fits
5794/spec-5794-56282-0921.fits
5794/spec-5794-56282-0922.fits
5794/spec-5794-56282-0923.fits
5794/spec-5794-56282-0924.fits
5794/spec-5794-56282-0925.fits
5794/spec-5794-56282-0926.fits
5794/spec-5794-56282-0927.fits
5794/spec-5794-56282-0928.fits
5794/spec-5794-56282-0929.fits
5794/spec-5794-56282-0930.fits
5794/spec-5794-56282-0931.fits
5794/spec-5794-56282-0932.fits
5794/spec-5794-56282-0933.fits
5794/spec-5794-56282-0934.fits
5794/spec-5794-56282-0935.fits
5794/spec-5794-56282-0936.fits
5794/spec-5794-56282-0937.fits
5794/spec-5794-56282-0938.fits
5794/spec-5794-56282-0939.fits
5794/spec-5794-56282-0940.fits
5794/spec-5794-56282-0941.fits
5794/spec-5794-56282-0942.fits
5794/spec-5794-56282-0943.fits
5794/spec-5794-56282-0944.fits
5794/spec-5794-56282-0945.fits
5794/spec-5794-56282-0946.fits
5794/spec-5794-56282-0947.fits
5794/spec-5794-56282-0948.fits
5794/spec-5794-56282-0949.fits
5794/spec-5794-56282-0950.fits
5794/spec-5794-56282-0951.fits
5794/spec-5794-56282-0952.fits
5794/spec-5794-56282-0953.fits
5794/spec-5794-56282-0954.fits
5794/spec-5794-56282-0955.fits
5794/spec-5794-56282-0956.fits
5794/spec-5794-56282-0957.fits
5794/spec-5794-56282-0958.fits
5794/spec-5794-56282-0959.fits
5794/spec-5794-56282-0960.fits
5794/spec-5794-56282-0961.fits
5794/spec-5794-56282-0962.fits
5794/spec-5794-56282-0963.fits
5794/spec-5794-56282-0964.fits
5794/spec-5794-56282-0965.fits
5794/spec-5794-56282-0966.fits
5794/spec-5794-56282-0967.fits
5794/spec-5794-56282-0968.fits
5794/spec-5794-56282-0969.fits
5794/spec-5794-56282-0970.fits
5794/spec-5794-56282-0971.fits
5794/spec-5794-56282-0972.fits
5794/spec-5794-56282-0973.fits
5794/spec-5794-56282-0974.fits
5794/spec-5794-56282-0975.fits
5794/spec-5794-56282-0976.fits
5794/spec-5794-56282-0977.fits
5794/spec-5794-56282-0978.fits
5794/spec-5794-56282-0979.fits
5794/spec-5794-56282-0980.fits
5794/spec-5794-56282-0981.fits
5794/spec-5794-56282-0982.fits
5794/spec-5794-56282-0983.fits
5794/spec-5794-56282-0984.fits
5794/spec-5794-56282-0985.fits
5794/spec-5794-56282-0986.fits
5794/spec-5794-56282-0987.fits
5794/spec-5794-56282-0988.fits
5794/spec-5794-56282-0989.fits
5794/spec-5794-56282-0990.fits
5794/spec-5794-56282-0991.fits
5794/spec-5794-56282-0992.fits
5794/spec-5794-56282-0993.fits
5794/spec-5794-56282-0994.fits
5794/spec-5794-56282-0995.fits
5794/spec-5794-56282-0996.fits
5794/spec-5794-56282-0997.fits
5794/spec-5794-56282-0998.fits
5794/spec-5794-56282-0999.fits
5794/spec-5794-56282-1000.fits
/var/lib/condor/execute/slot1/dir_5094
5794 5794.tgz R R361.tar.gz _condor_stderr _condor_stdout cB58_Lyman_break.fit condor_exec.exe hw4.R packages packages.tar.gz tmp var
[1] "Loaded package astro."
[1] 1000
5794 5794.csv 5794.tgz R R361.tar.gz _condor_stderr _condor_stdout cB58_Lyman_break.fit condor_exec.exe hw4.R packages packages.tar.gz tmp var
