5795
5795/
5795/spec-5795-56298-0001.fits
5795/spec-5795-56298-0002.fits
5795/spec-5795-56298-0003.fits
5795/spec-5795-56298-0004.fits
5795/spec-5795-56298-0005.fits
5795/spec-5795-56298-0006.fits
5795/spec-5795-56298-0007.fits
5795/spec-5795-56298-0008.fits
5795/spec-5795-56298-0009.fits
5795/spec-5795-56298-0010.fits
5795/spec-5795-56298-0011.fits
5795/spec-5795-56298-0012.fits
5795/spec-5795-56298-0013.fits
5795/spec-5795-56298-0014.fits
5795/spec-5795-56298-0015.fits
5795/spec-5795-56298-0016.fits
5795/spec-5795-56298-0017.fits
5795/spec-5795-56298-0018.fits
5795/spec-5795-56298-0019.fits
5795/spec-5795-56298-0020.fits
5795/spec-5795-56298-0021.fits
5795/spec-5795-56298-0022.fits
5795/spec-5795-56298-0023.fits
5795/spec-5795-56298-0024.fits
5795/spec-5795-56298-0025.fits
5795/spec-5795-56298-0026.fits
5795/spec-5795-56298-0027.fits
5795/spec-5795-56298-0028.fits
5795/spec-5795-56298-0029.fits
5795/spec-5795-56298-0030.fits
5795/spec-5795-56298-0031.fits
5795/spec-5795-56298-0032.fits
5795/spec-5795-56298-0033.fits
5795/spec-5795-56298-0034.fits
5795/spec-5795-56298-0035.fits
5795/spec-5795-56298-0036.fits
5795/spec-5795-56298-0037.fits
5795/spec-5795-56298-0038.fits
5795/spec-5795-56298-0039.fits
5795/spec-5795-56298-0040.fits
5795/spec-5795-56298-0041.fits
5795/spec-5795-56298-0042.fits
5795/spec-5795-56298-0043.fits
5795/spec-5795-56298-0044.fits
5795/spec-5795-56298-0045.fits
5795/spec-5795-56298-0046.fits
5795/spec-5795-56298-0047.fits
5795/spec-5795-56298-0048.fits
5795/spec-5795-56298-0049.fits
5795/spec-5795-56298-0050.fits
5795/spec-5795-56298-0051.fits
5795/spec-5795-56298-0052.fits
5795/spec-5795-56298-0053.fits
5795/spec-5795-56298-0054.fits
5795/spec-5795-56298-0055.fits
5795/spec-5795-56298-0056.fits
5795/spec-5795-56298-0057.fits
5795/spec-5795-56298-0058.fits
5795/spec-5795-56298-0059.fits
5795/spec-5795-56298-0060.fits
5795/spec-5795-56298-0061.fits
5795/spec-5795-56298-0062.fits
5795/spec-5795-56298-0063.fits
5795/spec-5795-56298-0064.fits
5795/spec-5795-56298-0065.fits
5795/spec-5795-56298-0066.fits
5795/spec-5795-56298-0067.fits
5795/spec-5795-56298-0068.fits
5795/spec-5795-56298-0069.fits
5795/spec-5795-56298-0070.fits
5795/spec-5795-56298-0071.fits
5795/spec-5795-56298-0072.fits
5795/spec-5795-56298-0073.fits
5795/spec-5795-56298-0074.fits
5795/spec-5795-56298-0075.fits
5795/spec-5795-56298-0076.fits
5795/spec-5795-56298-0077.fits
5795/spec-5795-56298-0078.fits
5795/spec-5795-56298-0079.fits
5795/spec-5795-56298-0080.fits
5795/spec-5795-56298-0081.fits
5795/spec-5795-56298-0082.fits
5795/spec-5795-56298-0083.fits
5795/spec-5795-56298-0084.fits
5795/spec-5795-56298-0085.fits
5795/spec-5795-56298-0086.fits
5795/spec-5795-56298-0087.fits
5795/spec-5795-56298-0088.fits
5795/spec-5795-56298-0089.fits
5795/spec-5795-56298-0090.fits
5795/spec-5795-56298-0091.fits
5795/spec-5795-56298-0092.fits
5795/spec-5795-56298-0093.fits
5795/spec-5795-56298-0094.fits
5795/spec-5795-56298-0095.fits
5795/spec-5795-56298-0096.fits
5795/spec-5795-56298-0097.fits
5795/spec-5795-56298-0098.fits
5795/spec-5795-56298-0099.fits
5795/spec-5795-56298-0100.fits
5795/spec-5795-56298-0101.fits
5795/spec-5795-56298-0102.fits
5795/spec-5795-56298-0103.fits
5795/spec-5795-56298-0104.fits
5795/spec-5795-56298-0105.fits
5795/spec-5795-56298-0106.fits
5795/spec-5795-56298-0107.fits
5795/spec-5795-56298-0108.fits
5795/spec-5795-56298-0109.fits
5795/spec-5795-56298-0110.fits
5795/spec-5795-56298-0111.fits
5795/spec-5795-56298-0112.fits
5795/spec-5795-56298-0113.fits
5795/spec-5795-56298-0114.fits
5795/spec-5795-56298-0115.fits
5795/spec-5795-56298-0116.fits
5795/spec-5795-56298-0117.fits
5795/spec-5795-56298-0118.fits
5795/spec-5795-56298-0119.fits
5795/spec-5795-56298-0120.fits
5795/spec-5795-56298-0121.fits
5795/spec-5795-56298-0122.fits
5795/spec-5795-56298-0123.fits
5795/spec-5795-56298-0124.fits
5795/spec-5795-56298-0125.fits
5795/spec-5795-56298-0126.fits
5795/spec-5795-56298-0127.fits
5795/spec-5795-56298-0128.fits
5795/spec-5795-56298-0129.fits
5795/spec-5795-56298-0130.fits
5795/spec-5795-56298-0131.fits
5795/spec-5795-56298-0132.fits
5795/spec-5795-56298-0133.fits
5795/spec-5795-56298-0134.fits
5795/spec-5795-56298-0135.fits
5795/spec-5795-56298-0136.fits
5795/spec-5795-56298-0137.fits
5795/spec-5795-56298-0138.fits
5795/spec-5795-56298-0139.fits
5795/spec-5795-56298-0140.fits
5795/spec-5795-56298-0141.fits
5795/spec-5795-56298-0142.fits
5795/spec-5795-56298-0143.fits
5795/spec-5795-56298-0144.fits
5795/spec-5795-56298-0145.fits
5795/spec-5795-56298-0146.fits
5795/spec-5795-56298-0147.fits
5795/spec-5795-56298-0148.fits
5795/spec-5795-56298-0149.fits
5795/spec-5795-56298-0150.fits
5795/spec-5795-56298-0151.fits
5795/spec-5795-56298-0152.fits
5795/spec-5795-56298-0153.fits
5795/spec-5795-56298-0154.fits
5795/spec-5795-56298-0155.fits
5795/spec-5795-56298-0156.fits
5795/spec-5795-56298-0157.fits
5795/spec-5795-56298-0158.fits
5795/spec-5795-56298-0159.fits
5795/spec-5795-56298-0160.fits
5795/spec-5795-56298-0161.fits
5795/spec-5795-56298-0162.fits
5795/spec-5795-56298-0163.fits
5795/spec-5795-56298-0164.fits
5795/spec-5795-56298-0165.fits
5795/spec-5795-56298-0166.fits
5795/spec-5795-56298-0167.fits
5795/spec-5795-56298-0168.fits
5795/spec-5795-56298-0169.fits
5795/spec-5795-56298-0170.fits
5795/spec-5795-56298-0171.fits
5795/spec-5795-56298-0172.fits
5795/spec-5795-56298-0173.fits
5795/spec-5795-56298-0174.fits
5795/spec-5795-56298-0175.fits
5795/spec-5795-56298-0176.fits
5795/spec-5795-56298-0177.fits
5795/spec-5795-56298-0178.fits
5795/spec-5795-56298-0179.fits
5795/spec-5795-56298-0180.fits
5795/spec-5795-56298-0181.fits
5795/spec-5795-56298-0182.fits
5795/spec-5795-56298-0183.fits
5795/spec-5795-56298-0184.fits
5795/spec-5795-56298-0185.fits
5795/spec-5795-56298-0186.fits
5795/spec-5795-56298-0187.fits
5795/spec-5795-56298-0188.fits
5795/spec-5795-56298-0189.fits
5795/spec-5795-56298-0190.fits
5795/spec-5795-56298-0191.fits
5795/spec-5795-56298-0192.fits
5795/spec-5795-56298-0193.fits
5795/spec-5795-56298-0194.fits
5795/spec-5795-56298-0195.fits
5795/spec-5795-56298-0196.fits
5795/spec-5795-56298-0197.fits
5795/spec-5795-56298-0198.fits
5795/spec-5795-56298-0199.fits
5795/spec-5795-56298-0200.fits
5795/spec-5795-56298-0201.fits
5795/spec-5795-56298-0202.fits
5795/spec-5795-56298-0203.fits
5795/spec-5795-56298-0204.fits
5795/spec-5795-56298-0205.fits
5795/spec-5795-56298-0206.fits
5795/spec-5795-56298-0207.fits
5795/spec-5795-56298-0208.fits
5795/spec-5795-56298-0209.fits
5795/spec-5795-56298-0210.fits
5795/spec-5795-56298-0211.fits
5795/spec-5795-56298-0212.fits
5795/spec-5795-56298-0213.fits
5795/spec-5795-56298-0214.fits
5795/spec-5795-56298-0215.fits
5795/spec-5795-56298-0216.fits
5795/spec-5795-56298-0217.fits
5795/spec-5795-56298-0218.fits
5795/spec-5795-56298-0219.fits
5795/spec-5795-56298-0220.fits
5795/spec-5795-56298-0221.fits
5795/spec-5795-56298-0222.fits
5795/spec-5795-56298-0223.fits
5795/spec-5795-56298-0224.fits
5795/spec-5795-56298-0225.fits
5795/spec-5795-56298-0226.fits
5795/spec-5795-56298-0227.fits
5795/spec-5795-56298-0228.fits
5795/spec-5795-56298-0229.fits
5795/spec-5795-56298-0230.fits
5795/spec-5795-56298-0231.fits
5795/spec-5795-56298-0232.fits
5795/spec-5795-56298-0233.fits
5795/spec-5795-56298-0234.fits
5795/spec-5795-56298-0235.fits
5795/spec-5795-56298-0236.fits
5795/spec-5795-56298-0237.fits
5795/spec-5795-56298-0238.fits
5795/spec-5795-56298-0239.fits
5795/spec-5795-56298-0240.fits
5795/spec-5795-56298-0241.fits
5795/spec-5795-56298-0242.fits
5795/spec-5795-56298-0243.fits
5795/spec-5795-56298-0244.fits
5795/spec-5795-56298-0245.fits
5795/spec-5795-56298-0246.fits
5795/spec-5795-56298-0247.fits
5795/spec-5795-56298-0248.fits
5795/spec-5795-56298-0249.fits
5795/spec-5795-56298-0250.fits
5795/spec-5795-56298-0251.fits
5795/spec-5795-56298-0252.fits
5795/spec-5795-56298-0253.fits
5795/spec-5795-56298-0254.fits
5795/spec-5795-56298-0255.fits
5795/spec-5795-56298-0256.fits
5795/spec-5795-56298-0257.fits
5795/spec-5795-56298-0258.fits
5795/spec-5795-56298-0259.fits
5795/spec-5795-56298-0260.fits
5795/spec-5795-56298-0261.fits
5795/spec-5795-56298-0262.fits
5795/spec-5795-56298-0263.fits
5795/spec-5795-56298-0264.fits
5795/spec-5795-56298-0265.fits
5795/spec-5795-56298-0266.fits
5795/spec-5795-56298-0267.fits
5795/spec-5795-56298-0268.fits
5795/spec-5795-56298-0269.fits
5795/spec-5795-56298-0270.fits
5795/spec-5795-56298-0271.fits
5795/spec-5795-56298-0272.fits
5795/spec-5795-56298-0273.fits
5795/spec-5795-56298-0274.fits
5795/spec-5795-56298-0275.fits
5795/spec-5795-56298-0276.fits
5795/spec-5795-56298-0277.fits
5795/spec-5795-56298-0278.fits
5795/spec-5795-56298-0279.fits
5795/spec-5795-56298-0280.fits
5795/spec-5795-56298-0281.fits
5795/spec-5795-56298-0282.fits
5795/spec-5795-56298-0283.fits
5795/spec-5795-56298-0284.fits
5795/spec-5795-56298-0285.fits
5795/spec-5795-56298-0286.fits
5795/spec-5795-56298-0287.fits
5795/spec-5795-56298-0288.fits
5795/spec-5795-56298-0289.fits
5795/spec-5795-56298-0290.fits
5795/spec-5795-56298-0291.fits
5795/spec-5795-56298-0292.fits
5795/spec-5795-56298-0293.fits
5795/spec-5795-56298-0294.fits
5795/spec-5795-56298-0295.fits
5795/spec-5795-56298-0296.fits
5795/spec-5795-56298-0297.fits
5795/spec-5795-56298-0298.fits
5795/spec-5795-56298-0299.fits
5795/spec-5795-56298-0300.fits
5795/spec-5795-56298-0301.fits
5795/spec-5795-56298-0302.fits
5795/spec-5795-56298-0303.fits
5795/spec-5795-56298-0304.fits
5795/spec-5795-56298-0305.fits
5795/spec-5795-56298-0306.fits
5795/spec-5795-56298-0307.fits
5795/spec-5795-56298-0308.fits
5795/spec-5795-56298-0309.fits
5795/spec-5795-56298-0310.fits
5795/spec-5795-56298-0311.fits
5795/spec-5795-56298-0312.fits
5795/spec-5795-56298-0313.fits
5795/spec-5795-56298-0314.fits
5795/spec-5795-56298-0315.fits
5795/spec-5795-56298-0316.fits
5795/spec-5795-56298-0317.fits
5795/spec-5795-56298-0318.fits
5795/spec-5795-56298-0319.fits
5795/spec-5795-56298-0320.fits
5795/spec-5795-56298-0321.fits
5795/spec-5795-56298-0322.fits
5795/spec-5795-56298-0323.fits
5795/spec-5795-56298-0324.fits
5795/spec-5795-56298-0325.fits
5795/spec-5795-56298-0326.fits
5795/spec-5795-56298-0327.fits
5795/spec-5795-56298-0328.fits
5795/spec-5795-56298-0329.fits
5795/spec-5795-56298-0330.fits
5795/spec-5795-56298-0331.fits
5795/spec-5795-56298-0332.fits
5795/spec-5795-56298-0333.fits
5795/spec-5795-56298-0334.fits
5795/spec-5795-56298-0335.fits
5795/spec-5795-56298-0336.fits
5795/spec-5795-56298-0337.fits
5795/spec-5795-56298-0338.fits
5795/spec-5795-56298-0339.fits
5795/spec-5795-56298-0340.fits
5795/spec-5795-56298-0341.fits
5795/spec-5795-56298-0342.fits
5795/spec-5795-56298-0343.fits
5795/spec-5795-56298-0344.fits
5795/spec-5795-56298-0345.fits
5795/spec-5795-56298-0346.fits
5795/spec-5795-56298-0347.fits
5795/spec-5795-56298-0348.fits
5795/spec-5795-56298-0349.fits
5795/spec-5795-56298-0350.fits
5795/spec-5795-56298-0351.fits
5795/spec-5795-56298-0352.fits
5795/spec-5795-56298-0353.fits
5795/spec-5795-56298-0354.fits
5795/spec-5795-56298-0355.fits
5795/spec-5795-56298-0356.fits
5795/spec-5795-56298-0357.fits
5795/spec-5795-56298-0358.fits
5795/spec-5795-56298-0359.fits
5795/spec-5795-56298-0360.fits
5795/spec-5795-56298-0361.fits
5795/spec-5795-56298-0362.fits
5795/spec-5795-56298-0363.fits
5795/spec-5795-56298-0364.fits
5795/spec-5795-56298-0365.fits
5795/spec-5795-56298-0366.fits
5795/spec-5795-56298-0367.fits
5795/spec-5795-56298-0368.fits
5795/spec-5795-56298-0369.fits
5795/spec-5795-56298-0370.fits
5795/spec-5795-56298-0371.fits
5795/spec-5795-56298-0372.fits
5795/spec-5795-56298-0373.fits
5795/spec-5795-56298-0374.fits
5795/spec-5795-56298-0375.fits
5795/spec-5795-56298-0376.fits
5795/spec-5795-56298-0377.fits
5795/spec-5795-56298-0378.fits
5795/spec-5795-56298-0379.fits
5795/spec-5795-56298-0380.fits
5795/spec-5795-56298-0381.fits
5795/spec-5795-56298-0382.fits
5795/spec-5795-56298-0383.fits
5795/spec-5795-56298-0384.fits
5795/spec-5795-56298-0385.fits
5795/spec-5795-56298-0386.fits
5795/spec-5795-56298-0387.fits
5795/spec-5795-56298-0388.fits
5795/spec-5795-56298-0389.fits
5795/spec-5795-56298-0390.fits
5795/spec-5795-56298-0391.fits
5795/spec-5795-56298-0392.fits
5795/spec-5795-56298-0393.fits
5795/spec-5795-56298-0394.fits
5795/spec-5795-56298-0395.fits
5795/spec-5795-56298-0396.fits
5795/spec-5795-56298-0397.fits
5795/spec-5795-56298-0398.fits
5795/spec-5795-56298-0399.fits
5795/spec-5795-56298-0400.fits
5795/spec-5795-56298-0401.fits
5795/spec-5795-56298-0402.fits
5795/spec-5795-56298-0403.fits
5795/spec-5795-56298-0404.fits
5795/spec-5795-56298-0405.fits
5795/spec-5795-56298-0406.fits
5795/spec-5795-56298-0407.fits
5795/spec-5795-56298-0408.fits
5795/spec-5795-56298-0409.fits
5795/spec-5795-56298-0410.fits
5795/spec-5795-56298-0411.fits
5795/spec-5795-56298-0412.fits
5795/spec-5795-56298-0413.fits
5795/spec-5795-56298-0414.fits
5795/spec-5795-56298-0415.fits
5795/spec-5795-56298-0416.fits
5795/spec-5795-56298-0417.fits
5795/spec-5795-56298-0418.fits
5795/spec-5795-56298-0419.fits
5795/spec-5795-56298-0420.fits
5795/spec-5795-56298-0421.fits
5795/spec-5795-56298-0422.fits
5795/spec-5795-56298-0423.fits
5795/spec-5795-56298-0424.fits
5795/spec-5795-56298-0425.fits
5795/spec-5795-56298-0426.fits
5795/spec-5795-56298-0427.fits
5795/spec-5795-56298-0428.fits
5795/spec-5795-56298-0429.fits
5795/spec-5795-56298-0430.fits
5795/spec-5795-56298-0431.fits
5795/spec-5795-56298-0432.fits
5795/spec-5795-56298-0433.fits
5795/spec-5795-56298-0434.fits
5795/spec-5795-56298-0435.fits
5795/spec-5795-56298-0436.fits
5795/spec-5795-56298-0437.fits
5795/spec-5795-56298-0438.fits
5795/spec-5795-56298-0439.fits
5795/spec-5795-56298-0440.fits
5795/spec-5795-56298-0441.fits
5795/spec-5795-56298-0442.fits
5795/spec-5795-56298-0443.fits
5795/spec-5795-56298-0444.fits
5795/spec-5795-56298-0445.fits
5795/spec-5795-56298-0446.fits
5795/spec-5795-56298-0447.fits
5795/spec-5795-56298-0448.fits
5795/spec-5795-56298-0449.fits
5795/spec-5795-56298-0450.fits
5795/spec-5795-56298-0451.fits
5795/spec-5795-56298-0452.fits
5795/spec-5795-56298-0453.fits
5795/spec-5795-56298-0454.fits
5795/spec-5795-56298-0455.fits
5795/spec-5795-56298-0456.fits
5795/spec-5795-56298-0457.fits
5795/spec-5795-56298-0458.fits
5795/spec-5795-56298-0459.fits
5795/spec-5795-56298-0460.fits
5795/spec-5795-56298-0461.fits
5795/spec-5795-56298-0462.fits
5795/spec-5795-56298-0463.fits
5795/spec-5795-56298-0464.fits
5795/spec-5795-56298-0465.fits
5795/spec-5795-56298-0466.fits
5795/spec-5795-56298-0467.fits
5795/spec-5795-56298-0468.fits
5795/spec-5795-56298-0469.fits
5795/spec-5795-56298-0470.fits
5795/spec-5795-56298-0471.fits
5795/spec-5795-56298-0472.fits
5795/spec-5795-56298-0473.fits
5795/spec-5795-56298-0474.fits
5795/spec-5795-56298-0475.fits
5795/spec-5795-56298-0476.fits
5795/spec-5795-56298-0477.fits
5795/spec-5795-56298-0478.fits
5795/spec-5795-56298-0479.fits
5795/spec-5795-56298-0480.fits
5795/spec-5795-56298-0481.fits
5795/spec-5795-56298-0482.fits
5795/spec-5795-56298-0483.fits
5795/spec-5795-56298-0484.fits
5795/spec-5795-56298-0485.fits
5795/spec-5795-56298-0486.fits
5795/spec-5795-56298-0487.fits
5795/spec-5795-56298-0488.fits
5795/spec-5795-56298-0489.fits
5795/spec-5795-56298-0490.fits
5795/spec-5795-56298-0491.fits
5795/spec-5795-56298-0492.fits
5795/spec-5795-56298-0493.fits
5795/spec-5795-56298-0494.fits
5795/spec-5795-56298-0495.fits
5795/spec-5795-56298-0496.fits
5795/spec-5795-56298-0497.fits
5795/spec-5795-56298-0498.fits
5795/spec-5795-56298-0499.fits
5795/spec-5795-56298-0500.fits
5795/spec-5795-56298-0501.fits
5795/spec-5795-56298-0502.fits
5795/spec-5795-56298-0503.fits
5795/spec-5795-56298-0504.fits
5795/spec-5795-56298-0505.fits
5795/spec-5795-56298-0506.fits
5795/spec-5795-56298-0507.fits
5795/spec-5795-56298-0508.fits
5795/spec-5795-56298-0509.fits
5795/spec-5795-56298-0510.fits
5795/spec-5795-56298-0511.fits
5795/spec-5795-56298-0512.fits
5795/spec-5795-56298-0513.fits
5795/spec-5795-56298-0514.fits
5795/spec-5795-56298-0515.fits
5795/spec-5795-56298-0516.fits
5795/spec-5795-56298-0517.fits
5795/spec-5795-56298-0518.fits
5795/spec-5795-56298-0519.fits
5795/spec-5795-56298-0520.fits
5795/spec-5795-56298-0521.fits
5795/spec-5795-56298-0522.fits
5795/spec-5795-56298-0523.fits
5795/spec-5795-56298-0524.fits
5795/spec-5795-56298-0525.fits
5795/spec-5795-56298-0526.fits
5795/spec-5795-56298-0527.fits
5795/spec-5795-56298-0528.fits
5795/spec-5795-56298-0529.fits
5795/spec-5795-56298-0530.fits
5795/spec-5795-56298-0531.fits
5795/spec-5795-56298-0532.fits
5795/spec-5795-56298-0533.fits
5795/spec-5795-56298-0534.fits
5795/spec-5795-56298-0535.fits
5795/spec-5795-56298-0536.fits
5795/spec-5795-56298-0537.fits
5795/spec-5795-56298-0538.fits
5795/spec-5795-56298-0539.fits
5795/spec-5795-56298-0540.fits
5795/spec-5795-56298-0541.fits
5795/spec-5795-56298-0542.fits
5795/spec-5795-56298-0543.fits
5795/spec-5795-56298-0544.fits
5795/spec-5795-56298-0545.fits
5795/spec-5795-56298-0546.fits
5795/spec-5795-56298-0547.fits
5795/spec-5795-56298-0548.fits
5795/spec-5795-56298-0549.fits
5795/spec-5795-56298-0550.fits
5795/spec-5795-56298-0551.fits
5795/spec-5795-56298-0552.fits
5795/spec-5795-56298-0553.fits
5795/spec-5795-56298-0554.fits
5795/spec-5795-56298-0555.fits
5795/spec-5795-56298-0556.fits
5795/spec-5795-56298-0557.fits
5795/spec-5795-56298-0558.fits
5795/spec-5795-56298-0559.fits
5795/spec-5795-56298-0560.fits
5795/spec-5795-56298-0561.fits
5795/spec-5795-56298-0562.fits
5795/spec-5795-56298-0563.fits
5795/spec-5795-56298-0564.fits
5795/spec-5795-56298-0565.fits
5795/spec-5795-56298-0566.fits
5795/spec-5795-56298-0567.fits
5795/spec-5795-56298-0568.fits
5795/spec-5795-56298-0569.fits
5795/spec-5795-56298-0570.fits
5795/spec-5795-56298-0571.fits
5795/spec-5795-56298-0572.fits
5795/spec-5795-56298-0573.fits
5795/spec-5795-56298-0574.fits
5795/spec-5795-56298-0575.fits
5795/spec-5795-56298-0576.fits
5795/spec-5795-56298-0577.fits
5795/spec-5795-56298-0578.fits
5795/spec-5795-56298-0579.fits
5795/spec-5795-56298-0580.fits
5795/spec-5795-56298-0581.fits
5795/spec-5795-56298-0582.fits
5795/spec-5795-56298-0583.fits
5795/spec-5795-56298-0584.fits
5795/spec-5795-56298-0585.fits
5795/spec-5795-56298-0586.fits
5795/spec-5795-56298-0587.fits
5795/spec-5795-56298-0588.fits
5795/spec-5795-56298-0589.fits
5795/spec-5795-56298-0590.fits
5795/spec-5795-56298-0591.fits
5795/spec-5795-56298-0592.fits
5795/spec-5795-56298-0593.fits
5795/spec-5795-56298-0594.fits
5795/spec-5795-56298-0595.fits
5795/spec-5795-56298-0596.fits
5795/spec-5795-56298-0597.fits
5795/spec-5795-56298-0598.fits
5795/spec-5795-56298-0599.fits
5795/spec-5795-56298-0600.fits
5795/spec-5795-56298-0601.fits
5795/spec-5795-56298-0602.fits
5795/spec-5795-56298-0603.fits
5795/spec-5795-56298-0604.fits
5795/spec-5795-56298-0605.fits
5795/spec-5795-56298-0606.fits
5795/spec-5795-56298-0607.fits
5795/spec-5795-56298-0608.fits
5795/spec-5795-56298-0609.fits
5795/spec-5795-56298-0610.fits
5795/spec-5795-56298-0611.fits
5795/spec-5795-56298-0612.fits
5795/spec-5795-56298-0613.fits
5795/spec-5795-56298-0614.fits
5795/spec-5795-56298-0615.fits
5795/spec-5795-56298-0616.fits
5795/spec-5795-56298-0617.fits
5795/spec-5795-56298-0618.fits
5795/spec-5795-56298-0619.fits
5795/spec-5795-56298-0620.fits
5795/spec-5795-56298-0621.fits
5795/spec-5795-56298-0622.fits
5795/spec-5795-56298-0623.fits
5795/spec-5795-56298-0624.fits
5795/spec-5795-56298-0625.fits
5795/spec-5795-56298-0626.fits
5795/spec-5795-56298-0627.fits
5795/spec-5795-56298-0628.fits
5795/spec-5795-56298-0629.fits
5795/spec-5795-56298-0630.fits
5795/spec-5795-56298-0631.fits
5795/spec-5795-56298-0632.fits
5795/spec-5795-56298-0633.fits
5795/spec-5795-56298-0634.fits
5795/spec-5795-56298-0635.fits
5795/spec-5795-56298-0636.fits
5795/spec-5795-56298-0637.fits
5795/spec-5795-56298-0638.fits
5795/spec-5795-56298-0639.fits
5795/spec-5795-56298-0640.fits
5795/spec-5795-56298-0641.fits
5795/spec-5795-56298-0642.fits
5795/spec-5795-56298-0643.fits
5795/spec-5795-56298-0644.fits
5795/spec-5795-56298-0645.fits
5795/spec-5795-56298-0646.fits
5795/spec-5795-56298-0647.fits
5795/spec-5795-56298-0648.fits
5795/spec-5795-56298-0649.fits
5795/spec-5795-56298-0650.fits
5795/spec-5795-56298-0651.fits
5795/spec-5795-56298-0652.fits
5795/spec-5795-56298-0653.fits
5795/spec-5795-56298-0654.fits
5795/spec-5795-56298-0655.fits
5795/spec-5795-56298-0656.fits
5795/spec-5795-56298-0657.fits
5795/spec-5795-56298-0658.fits
5795/spec-5795-56298-0659.fits
5795/spec-5795-56298-0660.fits
5795/spec-5795-56298-0661.fits
5795/spec-5795-56298-0662.fits
5795/spec-5795-56298-0663.fits
5795/spec-5795-56298-0664.fits
5795/spec-5795-56298-0665.fits
5795/spec-5795-56298-0666.fits
5795/spec-5795-56298-0667.fits
5795/spec-5795-56298-0668.fits
5795/spec-5795-56298-0669.fits
5795/spec-5795-56298-0670.fits
5795/spec-5795-56298-0671.fits
5795/spec-5795-56298-0672.fits
5795/spec-5795-56298-0673.fits
5795/spec-5795-56298-0674.fits
5795/spec-5795-56298-0675.fits
5795/spec-5795-56298-0676.fits
5795/spec-5795-56298-0677.fits
5795/spec-5795-56298-0678.fits
5795/spec-5795-56298-0679.fits
5795/spec-5795-56298-0680.fits
5795/spec-5795-56298-0681.fits
5795/spec-5795-56298-0682.fits
5795/spec-5795-56298-0683.fits
5795/spec-5795-56298-0684.fits
5795/spec-5795-56298-0685.fits
5795/spec-5795-56298-0686.fits
5795/spec-5795-56298-0687.fits
5795/spec-5795-56298-0688.fits
5795/spec-5795-56298-0689.fits
5795/spec-5795-56298-0690.fits
5795/spec-5795-56298-0691.fits
5795/spec-5795-56298-0692.fits
5795/spec-5795-56298-0693.fits
5795/spec-5795-56298-0694.fits
5795/spec-5795-56298-0695.fits
5795/spec-5795-56298-0696.fits
5795/spec-5795-56298-0697.fits
5795/spec-5795-56298-0698.fits
5795/spec-5795-56298-0699.fits
5795/spec-5795-56298-0700.fits
5795/spec-5795-56298-0701.fits
5795/spec-5795-56298-0702.fits
5795/spec-5795-56298-0703.fits
5795/spec-5795-56298-0704.fits
5795/spec-5795-56298-0705.fits
5795/spec-5795-56298-0706.fits
5795/spec-5795-56298-0707.fits
5795/spec-5795-56298-0708.fits
5795/spec-5795-56298-0709.fits
5795/spec-5795-56298-0710.fits
5795/spec-5795-56298-0711.fits
5795/spec-5795-56298-0712.fits
5795/spec-5795-56298-0713.fits
5795/spec-5795-56298-0714.fits
5795/spec-5795-56298-0715.fits
5795/spec-5795-56298-0716.fits
5795/spec-5795-56298-0717.fits
5795/spec-5795-56298-0718.fits
5795/spec-5795-56298-0719.fits
5795/spec-5795-56298-0720.fits
5795/spec-5795-56298-0721.fits
5795/spec-5795-56298-0722.fits
5795/spec-5795-56298-0723.fits
5795/spec-5795-56298-0724.fits
5795/spec-5795-56298-0725.fits
5795/spec-5795-56298-0726.fits
5795/spec-5795-56298-0727.fits
5795/spec-5795-56298-0728.fits
5795/spec-5795-56298-0729.fits
5795/spec-5795-56298-0730.fits
5795/spec-5795-56298-0731.fits
5795/spec-5795-56298-0732.fits
5795/spec-5795-56298-0733.fits
5795/spec-5795-56298-0734.fits
5795/spec-5795-56298-0735.fits
5795/spec-5795-56298-0736.fits
5795/spec-5795-56298-0737.fits
5795/spec-5795-56298-0738.fits
5795/spec-5795-56298-0739.fits
5795/spec-5795-56298-0740.fits
5795/spec-5795-56298-0741.fits
5795/spec-5795-56298-0742.fits
5795/spec-5795-56298-0743.fits
5795/spec-5795-56298-0744.fits
5795/spec-5795-56298-0745.fits
5795/spec-5795-56298-0746.fits
5795/spec-5795-56298-0747.fits
5795/spec-5795-56298-0748.fits
5795/spec-5795-56298-0749.fits
5795/spec-5795-56298-0750.fits
5795/spec-5795-56298-0751.fits
5795/spec-5795-56298-0752.fits
5795/spec-5795-56298-0753.fits
5795/spec-5795-56298-0754.fits
5795/spec-5795-56298-0755.fits
5795/spec-5795-56298-0756.fits
5795/spec-5795-56298-0757.fits
5795/spec-5795-56298-0758.fits
5795/spec-5795-56298-0759.fits
5795/spec-5795-56298-0760.fits
5795/spec-5795-56298-0761.fits
5795/spec-5795-56298-0762.fits
5795/spec-5795-56298-0763.fits
5795/spec-5795-56298-0764.fits
5795/spec-5795-56298-0765.fits
5795/spec-5795-56298-0766.fits
5795/spec-5795-56298-0767.fits
5795/spec-5795-56298-0768.fits
5795/spec-5795-56298-0769.fits
5795/spec-5795-56298-0770.fits
5795/spec-5795-56298-0771.fits
5795/spec-5795-56298-0772.fits
5795/spec-5795-56298-0773.fits
5795/spec-5795-56298-0774.fits
5795/spec-5795-56298-0775.fits
5795/spec-5795-56298-0776.fits
5795/spec-5795-56298-0777.fits
5795/spec-5795-56298-0778.fits
5795/spec-5795-56298-0779.fits
5795/spec-5795-56298-0780.fits
5795/spec-5795-56298-0781.fits
5795/spec-5795-56298-0782.fits
5795/spec-5795-56298-0783.fits
5795/spec-5795-56298-0784.fits
5795/spec-5795-56298-0785.fits
5795/spec-5795-56298-0786.fits
5795/spec-5795-56298-0787.fits
5795/spec-5795-56298-0788.fits
5795/spec-5795-56298-0789.fits
5795/spec-5795-56298-0790.fits
5795/spec-5795-56298-0791.fits
5795/spec-5795-56298-0792.fits
5795/spec-5795-56298-0793.fits
5795/spec-5795-56298-0794.fits
5795/spec-5795-56298-0795.fits
5795/spec-5795-56298-0796.fits
5795/spec-5795-56298-0797.fits
5795/spec-5795-56298-0798.fits
5795/spec-5795-56298-0799.fits
5795/spec-5795-56298-0800.fits
5795/spec-5795-56298-0801.fits
5795/spec-5795-56298-0802.fits
5795/spec-5795-56298-0803.fits
5795/spec-5795-56298-0804.fits
5795/spec-5795-56298-0805.fits
5795/spec-5795-56298-0806.fits
5795/spec-5795-56298-0807.fits
5795/spec-5795-56298-0808.fits
5795/spec-5795-56298-0809.fits
5795/spec-5795-56298-0810.fits
5795/spec-5795-56298-0811.fits
5795/spec-5795-56298-0812.fits
5795/spec-5795-56298-0813.fits
5795/spec-5795-56298-0814.fits
5795/spec-5795-56298-0815.fits
5795/spec-5795-56298-0816.fits
5795/spec-5795-56298-0817.fits
5795/spec-5795-56298-0818.fits
5795/spec-5795-56298-0819.fits
5795/spec-5795-56298-0820.fits
5795/spec-5795-56298-0821.fits
5795/spec-5795-56298-0822.fits
5795/spec-5795-56298-0823.fits
5795/spec-5795-56298-0824.fits
5795/spec-5795-56298-0825.fits
5795/spec-5795-56298-0826.fits
5795/spec-5795-56298-0827.fits
5795/spec-5795-56298-0828.fits
5795/spec-5795-56298-0829.fits
5795/spec-5795-56298-0830.fits
5795/spec-5795-56298-0831.fits
5795/spec-5795-56298-0832.fits
5795/spec-5795-56298-0833.fits
5795/spec-5795-56298-0834.fits
5795/spec-5795-56298-0835.fits
5795/spec-5795-56298-0836.fits
5795/spec-5795-56298-0837.fits
5795/spec-5795-56298-0838.fits
5795/spec-5795-56298-0839.fits
5795/spec-5795-56298-0840.fits
5795/spec-5795-56298-0841.fits
5795/spec-5795-56298-0842.fits
5795/spec-5795-56298-0843.fits
5795/spec-5795-56298-0844.fits
5795/spec-5795-56298-0845.fits
5795/spec-5795-56298-0846.fits
5795/spec-5795-56298-0847.fits
5795/spec-5795-56298-0848.fits
5795/spec-5795-56298-0849.fits
5795/spec-5795-56298-0850.fits
5795/spec-5795-56298-0851.fits
5795/spec-5795-56298-0852.fits
5795/spec-5795-56298-0853.fits
5795/spec-5795-56298-0854.fits
5795/spec-5795-56298-0855.fits
5795/spec-5795-56298-0856.fits
5795/spec-5795-56298-0857.fits
5795/spec-5795-56298-0858.fits
5795/spec-5795-56298-0859.fits
5795/spec-5795-56298-0860.fits
5795/spec-5795-56298-0861.fits
5795/spec-5795-56298-0862.fits
5795/spec-5795-56298-0863.fits
5795/spec-5795-56298-0864.fits
5795/spec-5795-56298-0865.fits
5795/spec-5795-56298-0866.fits
5795/spec-5795-56298-0867.fits
5795/spec-5795-56298-0868.fits
5795/spec-5795-56298-0869.fits
5795/spec-5795-56298-0870.fits
5795/spec-5795-56298-0871.fits
5795/spec-5795-56298-0872.fits
5795/spec-5795-56298-0873.fits
5795/spec-5795-56298-0874.fits
5795/spec-5795-56298-0875.fits
5795/spec-5795-56298-0876.fits
5795/spec-5795-56298-0877.fits
5795/spec-5795-56298-0878.fits
5795/spec-5795-56298-0879.fits
5795/spec-5795-56298-0880.fits
5795/spec-5795-56298-0881.fits
5795/spec-5795-56298-0882.fits
5795/spec-5795-56298-0883.fits
5795/spec-5795-56298-0884.fits
5795/spec-5795-56298-0885.fits
5795/spec-5795-56298-0886.fits
5795/spec-5795-56298-0887.fits
5795/spec-5795-56298-0888.fits
5795/spec-5795-56298-0889.fits
5795/spec-5795-56298-0890.fits
5795/spec-5795-56298-0891.fits
5795/spec-5795-56298-0892.fits
5795/spec-5795-56298-0893.fits
5795/spec-5795-56298-0894.fits
5795/spec-5795-56298-0895.fits
5795/spec-5795-56298-0896.fits
5795/spec-5795-56298-0897.fits
5795/spec-5795-56298-0898.fits
5795/spec-5795-56298-0899.fits
5795/spec-5795-56298-0900.fits
5795/spec-5795-56298-0901.fits
5795/spec-5795-56298-0902.fits
5795/spec-5795-56298-0903.fits
5795/spec-5795-56298-0904.fits
5795/spec-5795-56298-0905.fits
5795/spec-5795-56298-0906.fits
5795/spec-5795-56298-0907.fits
5795/spec-5795-56298-0908.fits
5795/spec-5795-56298-0909.fits
5795/spec-5795-56298-0910.fits
5795/spec-5795-56298-0911.fits
5795/spec-5795-56298-0912.fits
5795/spec-5795-56298-0913.fits
5795/spec-5795-56298-0914.fits
5795/spec-5795-56298-0915.fits
5795/spec-5795-56298-0916.fits
5795/spec-5795-56298-0917.fits
5795/spec-5795-56298-0918.fits
5795/spec-5795-56298-0919.fits
5795/spec-5795-56298-0920.fits
5795/spec-5795-56298-0921.fits
5795/spec-5795-56298-0922.fits
5795/spec-5795-56298-0923.fits
5795/spec-5795-56298-0924.fits
5795/spec-5795-56298-0925.fits
5795/spec-5795-56298-0926.fits
5795/spec-5795-56298-0927.fits
5795/spec-5795-56298-0928.fits
5795/spec-5795-56298-0929.fits
5795/spec-5795-56298-0930.fits
5795/spec-5795-56298-0931.fits
5795/spec-5795-56298-0932.fits
5795/spec-5795-56298-0933.fits
5795/spec-5795-56298-0934.fits
5795/spec-5795-56298-0935.fits
5795/spec-5795-56298-0936.fits
5795/spec-5795-56298-0937.fits
5795/spec-5795-56298-0938.fits
5795/spec-5795-56298-0939.fits
5795/spec-5795-56298-0940.fits
5795/spec-5795-56298-0941.fits
5795/spec-5795-56298-0942.fits
5795/spec-5795-56298-0943.fits
5795/spec-5795-56298-0944.fits
5795/spec-5795-56298-0945.fits
5795/spec-5795-56298-0946.fits
5795/spec-5795-56298-0947.fits
5795/spec-5795-56298-0948.fits
5795/spec-5795-56298-0949.fits
5795/spec-5795-56298-0950.fits
5795/spec-5795-56298-0951.fits
5795/spec-5795-56298-0952.fits
5795/spec-5795-56298-0953.fits
5795/spec-5795-56298-0954.fits
5795/spec-5795-56298-0955.fits
5795/spec-5795-56298-0956.fits
5795/spec-5795-56298-0957.fits
5795/spec-5795-56298-0958.fits
5795/spec-5795-56298-0959.fits
5795/spec-5795-56298-0960.fits
5795/spec-5795-56298-0961.fits
5795/spec-5795-56298-0962.fits
5795/spec-5795-56298-0963.fits
5795/spec-5795-56298-0964.fits
5795/spec-5795-56298-0965.fits
5795/spec-5795-56298-0966.fits
5795/spec-5795-56298-0967.fits
5795/spec-5795-56298-0968.fits
5795/spec-5795-56298-0969.fits
5795/spec-5795-56298-0970.fits
5795/spec-5795-56298-0971.fits
5795/spec-5795-56298-0972.fits
5795/spec-5795-56298-0973.fits
5795/spec-5795-56298-0974.fits
5795/spec-5795-56298-0975.fits
5795/spec-5795-56298-0976.fits
5795/spec-5795-56298-0977.fits
5795/spec-5795-56298-0978.fits
5795/spec-5795-56298-0979.fits
5795/spec-5795-56298-0980.fits
5795/spec-5795-56298-0981.fits
5795/spec-5795-56298-0982.fits
5795/spec-5795-56298-0983.fits
5795/spec-5795-56298-0984.fits
5795/spec-5795-56298-0985.fits
5795/spec-5795-56298-0986.fits
5795/spec-5795-56298-0987.fits
5795/spec-5795-56298-0988.fits
5795/spec-5795-56298-0989.fits
5795/spec-5795-56298-0990.fits
5795/spec-5795-56298-0991.fits
5795/spec-5795-56298-0992.fits
5795/spec-5795-56298-0993.fits
5795/spec-5795-56298-0994.fits
5795/spec-5795-56298-0995.fits
5795/spec-5795-56298-0996.fits
5795/spec-5795-56298-0997.fits
5795/spec-5795-56298-0998.fits
5795/spec-5795-56298-0999.fits
5795/spec-5795-56298-1000.fits
/var/lib/condor/execute/slot1/dir_3727
5795 5795.tgz R R361.tar.gz _condor_stderr _condor_stdout cB58_Lyman_break.fit condor_exec.exe hw4.R packages packages.tar.gz tmp var
[1] "Loaded package astro."
[1] 1000
5795 5795.csv 5795.tgz R R361.tar.gz _condor_stderr _condor_stdout cB58_Lyman_break.fit condor_exec.exe hw4.R packages packages.tar.gz tmp var
