5800
5800/
5800/spec-5800-56279-0001.fits
5800/spec-5800-56279-0002.fits
5800/spec-5800-56279-0003.fits
5800/spec-5800-56279-0004.fits
5800/spec-5800-56279-0005.fits
5800/spec-5800-56279-0006.fits
5800/spec-5800-56279-0007.fits
5800/spec-5800-56279-0008.fits
5800/spec-5800-56279-0009.fits
5800/spec-5800-56279-0010.fits
5800/spec-5800-56279-0011.fits
5800/spec-5800-56279-0012.fits
5800/spec-5800-56279-0013.fits
5800/spec-5800-56279-0014.fits
5800/spec-5800-56279-0015.fits
5800/spec-5800-56279-0016.fits
5800/spec-5800-56279-0017.fits
5800/spec-5800-56279-0018.fits
5800/spec-5800-56279-0019.fits
5800/spec-5800-56279-0020.fits
5800/spec-5800-56279-0021.fits
5800/spec-5800-56279-0022.fits
5800/spec-5800-56279-0023.fits
5800/spec-5800-56279-0024.fits
5800/spec-5800-56279-0025.fits
5800/spec-5800-56279-0026.fits
5800/spec-5800-56279-0027.fits
5800/spec-5800-56279-0028.fits
5800/spec-5800-56279-0029.fits
5800/spec-5800-56279-0030.fits
5800/spec-5800-56279-0031.fits
5800/spec-5800-56279-0032.fits
5800/spec-5800-56279-0033.fits
5800/spec-5800-56279-0034.fits
5800/spec-5800-56279-0035.fits
5800/spec-5800-56279-0036.fits
5800/spec-5800-56279-0037.fits
5800/spec-5800-56279-0038.fits
5800/spec-5800-56279-0039.fits
5800/spec-5800-56279-0040.fits
5800/spec-5800-56279-0041.fits
5800/spec-5800-56279-0042.fits
5800/spec-5800-56279-0043.fits
5800/spec-5800-56279-0044.fits
5800/spec-5800-56279-0045.fits
5800/spec-5800-56279-0046.fits
5800/spec-5800-56279-0047.fits
5800/spec-5800-56279-0048.fits
5800/spec-5800-56279-0049.fits
5800/spec-5800-56279-0050.fits
5800/spec-5800-56279-0051.fits
5800/spec-5800-56279-0052.fits
5800/spec-5800-56279-0053.fits
5800/spec-5800-56279-0054.fits
5800/spec-5800-56279-0055.fits
5800/spec-5800-56279-0056.fits
5800/spec-5800-56279-0057.fits
5800/spec-5800-56279-0058.fits
5800/spec-5800-56279-0059.fits
5800/spec-5800-56279-0060.fits
5800/spec-5800-56279-0061.fits
5800/spec-5800-56279-0062.fits
5800/spec-5800-56279-0063.fits
5800/spec-5800-56279-0064.fits
5800/spec-5800-56279-0065.fits
5800/spec-5800-56279-0066.fits
5800/spec-5800-56279-0067.fits
5800/spec-5800-56279-0068.fits
5800/spec-5800-56279-0069.fits
5800/spec-5800-56279-0070.fits
5800/spec-5800-56279-0071.fits
5800/spec-5800-56279-0072.fits
5800/spec-5800-56279-0073.fits
5800/spec-5800-56279-0074.fits
5800/spec-5800-56279-0075.fits
5800/spec-5800-56279-0076.fits
5800/spec-5800-56279-0077.fits
5800/spec-5800-56279-0078.fits
5800/spec-5800-56279-0079.fits
5800/spec-5800-56279-0080.fits
5800/spec-5800-56279-0081.fits
5800/spec-5800-56279-0082.fits
5800/spec-5800-56279-0083.fits
5800/spec-5800-56279-0084.fits
5800/spec-5800-56279-0085.fits
5800/spec-5800-56279-0086.fits
5800/spec-5800-56279-0087.fits
5800/spec-5800-56279-0088.fits
5800/spec-5800-56279-0089.fits
5800/spec-5800-56279-0090.fits
5800/spec-5800-56279-0091.fits
5800/spec-5800-56279-0092.fits
5800/spec-5800-56279-0093.fits
5800/spec-5800-56279-0094.fits
5800/spec-5800-56279-0095.fits
5800/spec-5800-56279-0096.fits
5800/spec-5800-56279-0097.fits
5800/spec-5800-56279-0098.fits
5800/spec-5800-56279-0099.fits
5800/spec-5800-56279-0100.fits
5800/spec-5800-56279-0101.fits
5800/spec-5800-56279-0102.fits
5800/spec-5800-56279-0103.fits
5800/spec-5800-56279-0104.fits
5800/spec-5800-56279-0105.fits
5800/spec-5800-56279-0106.fits
5800/spec-5800-56279-0107.fits
5800/spec-5800-56279-0108.fits
5800/spec-5800-56279-0109.fits
5800/spec-5800-56279-0110.fits
5800/spec-5800-56279-0111.fits
5800/spec-5800-56279-0112.fits
5800/spec-5800-56279-0113.fits
5800/spec-5800-56279-0114.fits
5800/spec-5800-56279-0115.fits
5800/spec-5800-56279-0116.fits
5800/spec-5800-56279-0117.fits
5800/spec-5800-56279-0118.fits
5800/spec-5800-56279-0119.fits
5800/spec-5800-56279-0120.fits
5800/spec-5800-56279-0121.fits
5800/spec-5800-56279-0122.fits
5800/spec-5800-56279-0123.fits
5800/spec-5800-56279-0124.fits
5800/spec-5800-56279-0125.fits
5800/spec-5800-56279-0126.fits
5800/spec-5800-56279-0127.fits
5800/spec-5800-56279-0128.fits
5800/spec-5800-56279-0129.fits
5800/spec-5800-56279-0130.fits
5800/spec-5800-56279-0131.fits
5800/spec-5800-56279-0132.fits
5800/spec-5800-56279-0133.fits
5800/spec-5800-56279-0134.fits
5800/spec-5800-56279-0135.fits
5800/spec-5800-56279-0136.fits
5800/spec-5800-56279-0137.fits
5800/spec-5800-56279-0138.fits
5800/spec-5800-56279-0139.fits
5800/spec-5800-56279-0140.fits
5800/spec-5800-56279-0141.fits
5800/spec-5800-56279-0142.fits
5800/spec-5800-56279-0143.fits
5800/spec-5800-56279-0144.fits
5800/spec-5800-56279-0145.fits
5800/spec-5800-56279-0146.fits
5800/spec-5800-56279-0147.fits
5800/spec-5800-56279-0148.fits
5800/spec-5800-56279-0149.fits
5800/spec-5800-56279-0150.fits
5800/spec-5800-56279-0151.fits
5800/spec-5800-56279-0152.fits
5800/spec-5800-56279-0153.fits
5800/spec-5800-56279-0154.fits
5800/spec-5800-56279-0155.fits
5800/spec-5800-56279-0156.fits
5800/spec-5800-56279-0157.fits
5800/spec-5800-56279-0158.fits
5800/spec-5800-56279-0159.fits
5800/spec-5800-56279-0160.fits
5800/spec-5800-56279-0161.fits
5800/spec-5800-56279-0162.fits
5800/spec-5800-56279-0163.fits
5800/spec-5800-56279-0164.fits
5800/spec-5800-56279-0165.fits
5800/spec-5800-56279-0166.fits
5800/spec-5800-56279-0167.fits
5800/spec-5800-56279-0168.fits
5800/spec-5800-56279-0169.fits
5800/spec-5800-56279-0170.fits
5800/spec-5800-56279-0171.fits
5800/spec-5800-56279-0172.fits
5800/spec-5800-56279-0173.fits
5800/spec-5800-56279-0174.fits
5800/spec-5800-56279-0175.fits
5800/spec-5800-56279-0176.fits
5800/spec-5800-56279-0177.fits
5800/spec-5800-56279-0178.fits
5800/spec-5800-56279-0179.fits
5800/spec-5800-56279-0180.fits
5800/spec-5800-56279-0181.fits
5800/spec-5800-56279-0182.fits
5800/spec-5800-56279-0183.fits
5800/spec-5800-56279-0184.fits
5800/spec-5800-56279-0185.fits
5800/spec-5800-56279-0186.fits
5800/spec-5800-56279-0187.fits
5800/spec-5800-56279-0188.fits
5800/spec-5800-56279-0189.fits
5800/spec-5800-56279-0190.fits
5800/spec-5800-56279-0191.fits
5800/spec-5800-56279-0192.fits
5800/spec-5800-56279-0193.fits
5800/spec-5800-56279-0194.fits
5800/spec-5800-56279-0195.fits
5800/spec-5800-56279-0196.fits
5800/spec-5800-56279-0197.fits
5800/spec-5800-56279-0198.fits
5800/spec-5800-56279-0199.fits
5800/spec-5800-56279-0200.fits
5800/spec-5800-56279-0201.fits
5800/spec-5800-56279-0202.fits
5800/spec-5800-56279-0203.fits
5800/spec-5800-56279-0204.fits
5800/spec-5800-56279-0205.fits
5800/spec-5800-56279-0206.fits
5800/spec-5800-56279-0207.fits
5800/spec-5800-56279-0208.fits
5800/spec-5800-56279-0209.fits
5800/spec-5800-56279-0210.fits
5800/spec-5800-56279-0211.fits
5800/spec-5800-56279-0212.fits
5800/spec-5800-56279-0213.fits
5800/spec-5800-56279-0214.fits
5800/spec-5800-56279-0215.fits
5800/spec-5800-56279-0216.fits
5800/spec-5800-56279-0217.fits
5800/spec-5800-56279-0218.fits
5800/spec-5800-56279-0219.fits
5800/spec-5800-56279-0220.fits
5800/spec-5800-56279-0221.fits
5800/spec-5800-56279-0222.fits
5800/spec-5800-56279-0223.fits
5800/spec-5800-56279-0224.fits
5800/spec-5800-56279-0225.fits
5800/spec-5800-56279-0226.fits
5800/spec-5800-56279-0227.fits
5800/spec-5800-56279-0228.fits
5800/spec-5800-56279-0229.fits
5800/spec-5800-56279-0230.fits
5800/spec-5800-56279-0231.fits
5800/spec-5800-56279-0232.fits
5800/spec-5800-56279-0233.fits
5800/spec-5800-56279-0234.fits
5800/spec-5800-56279-0235.fits
5800/spec-5800-56279-0236.fits
5800/spec-5800-56279-0237.fits
5800/spec-5800-56279-0238.fits
5800/spec-5800-56279-0239.fits
5800/spec-5800-56279-0240.fits
5800/spec-5800-56279-0241.fits
5800/spec-5800-56279-0242.fits
5800/spec-5800-56279-0243.fits
5800/spec-5800-56279-0244.fits
5800/spec-5800-56279-0245.fits
5800/spec-5800-56279-0246.fits
5800/spec-5800-56279-0247.fits
5800/spec-5800-56279-0248.fits
5800/spec-5800-56279-0249.fits
5800/spec-5800-56279-0250.fits
5800/spec-5800-56279-0251.fits
5800/spec-5800-56279-0252.fits
5800/spec-5800-56279-0253.fits
5800/spec-5800-56279-0254.fits
5800/spec-5800-56279-0255.fits
5800/spec-5800-56279-0256.fits
5800/spec-5800-56279-0257.fits
5800/spec-5800-56279-0258.fits
5800/spec-5800-56279-0259.fits
5800/spec-5800-56279-0260.fits
5800/spec-5800-56279-0261.fits
5800/spec-5800-56279-0262.fits
5800/spec-5800-56279-0263.fits
5800/spec-5800-56279-0264.fits
5800/spec-5800-56279-0265.fits
5800/spec-5800-56279-0266.fits
5800/spec-5800-56279-0267.fits
5800/spec-5800-56279-0268.fits
5800/spec-5800-56279-0269.fits
5800/spec-5800-56279-0270.fits
5800/spec-5800-56279-0271.fits
5800/spec-5800-56279-0272.fits
5800/spec-5800-56279-0273.fits
5800/spec-5800-56279-0274.fits
5800/spec-5800-56279-0275.fits
5800/spec-5800-56279-0276.fits
5800/spec-5800-56279-0277.fits
5800/spec-5800-56279-0278.fits
5800/spec-5800-56279-0279.fits
5800/spec-5800-56279-0280.fits
5800/spec-5800-56279-0281.fits
5800/spec-5800-56279-0282.fits
5800/spec-5800-56279-0283.fits
5800/spec-5800-56279-0284.fits
5800/spec-5800-56279-0285.fits
5800/spec-5800-56279-0286.fits
5800/spec-5800-56279-0287.fits
5800/spec-5800-56279-0288.fits
5800/spec-5800-56279-0289.fits
5800/spec-5800-56279-0290.fits
5800/spec-5800-56279-0291.fits
5800/spec-5800-56279-0292.fits
5800/spec-5800-56279-0293.fits
5800/spec-5800-56279-0294.fits
5800/spec-5800-56279-0295.fits
5800/spec-5800-56279-0296.fits
5800/spec-5800-56279-0297.fits
5800/spec-5800-56279-0298.fits
5800/spec-5800-56279-0299.fits
5800/spec-5800-56279-0300.fits
5800/spec-5800-56279-0301.fits
5800/spec-5800-56279-0302.fits
5800/spec-5800-56279-0303.fits
5800/spec-5800-56279-0304.fits
5800/spec-5800-56279-0305.fits
5800/spec-5800-56279-0306.fits
5800/spec-5800-56279-0307.fits
5800/spec-5800-56279-0308.fits
5800/spec-5800-56279-0309.fits
5800/spec-5800-56279-0310.fits
5800/spec-5800-56279-0311.fits
5800/spec-5800-56279-0312.fits
5800/spec-5800-56279-0313.fits
5800/spec-5800-56279-0314.fits
5800/spec-5800-56279-0315.fits
5800/spec-5800-56279-0316.fits
5800/spec-5800-56279-0317.fits
5800/spec-5800-56279-0318.fits
5800/spec-5800-56279-0319.fits
5800/spec-5800-56279-0320.fits
5800/spec-5800-56279-0321.fits
5800/spec-5800-56279-0322.fits
5800/spec-5800-56279-0323.fits
5800/spec-5800-56279-0324.fits
5800/spec-5800-56279-0325.fits
5800/spec-5800-56279-0326.fits
5800/spec-5800-56279-0327.fits
5800/spec-5800-56279-0328.fits
5800/spec-5800-56279-0329.fits
5800/spec-5800-56279-0330.fits
5800/spec-5800-56279-0331.fits
5800/spec-5800-56279-0332.fits
5800/spec-5800-56279-0333.fits
5800/spec-5800-56279-0334.fits
5800/spec-5800-56279-0335.fits
5800/spec-5800-56279-0336.fits
5800/spec-5800-56279-0337.fits
5800/spec-5800-56279-0338.fits
5800/spec-5800-56279-0339.fits
5800/spec-5800-56279-0340.fits
5800/spec-5800-56279-0341.fits
5800/spec-5800-56279-0342.fits
5800/spec-5800-56279-0343.fits
5800/spec-5800-56279-0344.fits
5800/spec-5800-56279-0345.fits
5800/spec-5800-56279-0346.fits
5800/spec-5800-56279-0347.fits
5800/spec-5800-56279-0348.fits
5800/spec-5800-56279-0349.fits
5800/spec-5800-56279-0350.fits
5800/spec-5800-56279-0351.fits
5800/spec-5800-56279-0352.fits
5800/spec-5800-56279-0353.fits
5800/spec-5800-56279-0354.fits
5800/spec-5800-56279-0355.fits
5800/spec-5800-56279-0356.fits
5800/spec-5800-56279-0357.fits
5800/spec-5800-56279-0358.fits
5800/spec-5800-56279-0359.fits
5800/spec-5800-56279-0360.fits
5800/spec-5800-56279-0361.fits
5800/spec-5800-56279-0362.fits
5800/spec-5800-56279-0363.fits
5800/spec-5800-56279-0364.fits
5800/spec-5800-56279-0365.fits
5800/spec-5800-56279-0366.fits
5800/spec-5800-56279-0367.fits
5800/spec-5800-56279-0368.fits
5800/spec-5800-56279-0369.fits
5800/spec-5800-56279-0370.fits
5800/spec-5800-56279-0371.fits
5800/spec-5800-56279-0372.fits
5800/spec-5800-56279-0373.fits
5800/spec-5800-56279-0374.fits
5800/spec-5800-56279-0375.fits
5800/spec-5800-56279-0376.fits
5800/spec-5800-56279-0377.fits
5800/spec-5800-56279-0378.fits
5800/spec-5800-56279-0379.fits
5800/spec-5800-56279-0380.fits
5800/spec-5800-56279-0381.fits
5800/spec-5800-56279-0382.fits
5800/spec-5800-56279-0383.fits
5800/spec-5800-56279-0384.fits
5800/spec-5800-56279-0385.fits
5800/spec-5800-56279-0386.fits
5800/spec-5800-56279-0387.fits
5800/spec-5800-56279-0388.fits
5800/spec-5800-56279-0389.fits
5800/spec-5800-56279-0390.fits
5800/spec-5800-56279-0391.fits
5800/spec-5800-56279-0392.fits
5800/spec-5800-56279-0393.fits
5800/spec-5800-56279-0394.fits
5800/spec-5800-56279-0395.fits
5800/spec-5800-56279-0396.fits
5800/spec-5800-56279-0397.fits
5800/spec-5800-56279-0398.fits
5800/spec-5800-56279-0399.fits
5800/spec-5800-56279-0400.fits
5800/spec-5800-56279-0401.fits
5800/spec-5800-56279-0402.fits
5800/spec-5800-56279-0403.fits
5800/spec-5800-56279-0404.fits
5800/spec-5800-56279-0405.fits
5800/spec-5800-56279-0406.fits
5800/spec-5800-56279-0407.fits
5800/spec-5800-56279-0408.fits
5800/spec-5800-56279-0409.fits
5800/spec-5800-56279-0410.fits
5800/spec-5800-56279-0411.fits
5800/spec-5800-56279-0412.fits
5800/spec-5800-56279-0413.fits
5800/spec-5800-56279-0414.fits
5800/spec-5800-56279-0415.fits
5800/spec-5800-56279-0416.fits
5800/spec-5800-56279-0417.fits
5800/spec-5800-56279-0418.fits
5800/spec-5800-56279-0419.fits
5800/spec-5800-56279-0420.fits
5800/spec-5800-56279-0421.fits
5800/spec-5800-56279-0422.fits
5800/spec-5800-56279-0423.fits
5800/spec-5800-56279-0424.fits
5800/spec-5800-56279-0425.fits
5800/spec-5800-56279-0426.fits
5800/spec-5800-56279-0427.fits
5800/spec-5800-56279-0428.fits
5800/spec-5800-56279-0429.fits
5800/spec-5800-56279-0430.fits
5800/spec-5800-56279-0431.fits
5800/spec-5800-56279-0432.fits
5800/spec-5800-56279-0433.fits
5800/spec-5800-56279-0434.fits
5800/spec-5800-56279-0435.fits
5800/spec-5800-56279-0436.fits
5800/spec-5800-56279-0437.fits
5800/spec-5800-56279-0438.fits
5800/spec-5800-56279-0439.fits
5800/spec-5800-56279-0440.fits
5800/spec-5800-56279-0441.fits
5800/spec-5800-56279-0442.fits
5800/spec-5800-56279-0443.fits
5800/spec-5800-56279-0444.fits
5800/spec-5800-56279-0445.fits
5800/spec-5800-56279-0446.fits
5800/spec-5800-56279-0447.fits
5800/spec-5800-56279-0448.fits
5800/spec-5800-56279-0449.fits
5800/spec-5800-56279-0450.fits
5800/spec-5800-56279-0451.fits
5800/spec-5800-56279-0452.fits
5800/spec-5800-56279-0453.fits
5800/spec-5800-56279-0454.fits
5800/spec-5800-56279-0455.fits
5800/spec-5800-56279-0456.fits
5800/spec-5800-56279-0457.fits
5800/spec-5800-56279-0458.fits
5800/spec-5800-56279-0459.fits
5800/spec-5800-56279-0460.fits
5800/spec-5800-56279-0461.fits
5800/spec-5800-56279-0462.fits
5800/spec-5800-56279-0463.fits
5800/spec-5800-56279-0464.fits
5800/spec-5800-56279-0465.fits
5800/spec-5800-56279-0466.fits
5800/spec-5800-56279-0467.fits
5800/spec-5800-56279-0468.fits
5800/spec-5800-56279-0469.fits
5800/spec-5800-56279-0470.fits
5800/spec-5800-56279-0471.fits
5800/spec-5800-56279-0472.fits
5800/spec-5800-56279-0473.fits
5800/spec-5800-56279-0474.fits
5800/spec-5800-56279-0475.fits
5800/spec-5800-56279-0476.fits
5800/spec-5800-56279-0477.fits
5800/spec-5800-56279-0478.fits
5800/spec-5800-56279-0479.fits
5800/spec-5800-56279-0480.fits
5800/spec-5800-56279-0481.fits
5800/spec-5800-56279-0482.fits
5800/spec-5800-56279-0483.fits
5800/spec-5800-56279-0484.fits
5800/spec-5800-56279-0485.fits
5800/spec-5800-56279-0486.fits
5800/spec-5800-56279-0487.fits
5800/spec-5800-56279-0488.fits
5800/spec-5800-56279-0489.fits
5800/spec-5800-56279-0490.fits
5800/spec-5800-56279-0491.fits
5800/spec-5800-56279-0492.fits
5800/spec-5800-56279-0493.fits
5800/spec-5800-56279-0494.fits
5800/spec-5800-56279-0495.fits
5800/spec-5800-56279-0496.fits
5800/spec-5800-56279-0497.fits
5800/spec-5800-56279-0498.fits
5800/spec-5800-56279-0499.fits
5800/spec-5800-56279-0500.fits
5800/spec-5800-56279-0501.fits
5800/spec-5800-56279-0502.fits
5800/spec-5800-56279-0503.fits
5800/spec-5800-56279-0504.fits
5800/spec-5800-56279-0505.fits
5800/spec-5800-56279-0506.fits
5800/spec-5800-56279-0507.fits
5800/spec-5800-56279-0508.fits
5800/spec-5800-56279-0509.fits
5800/spec-5800-56279-0510.fits
5800/spec-5800-56279-0511.fits
5800/spec-5800-56279-0512.fits
5800/spec-5800-56279-0513.fits
5800/spec-5800-56279-0514.fits
5800/spec-5800-56279-0515.fits
5800/spec-5800-56279-0516.fits
5800/spec-5800-56279-0517.fits
5800/spec-5800-56279-0518.fits
5800/spec-5800-56279-0519.fits
5800/spec-5800-56279-0520.fits
5800/spec-5800-56279-0521.fits
5800/spec-5800-56279-0522.fits
5800/spec-5800-56279-0523.fits
5800/spec-5800-56279-0524.fits
5800/spec-5800-56279-0525.fits
5800/spec-5800-56279-0526.fits
5800/spec-5800-56279-0527.fits
5800/spec-5800-56279-0528.fits
5800/spec-5800-56279-0529.fits
5800/spec-5800-56279-0530.fits
5800/spec-5800-56279-0531.fits
5800/spec-5800-56279-0532.fits
5800/spec-5800-56279-0533.fits
5800/spec-5800-56279-0534.fits
5800/spec-5800-56279-0535.fits
5800/spec-5800-56279-0536.fits
5800/spec-5800-56279-0537.fits
5800/spec-5800-56279-0538.fits
5800/spec-5800-56279-0539.fits
5800/spec-5800-56279-0540.fits
5800/spec-5800-56279-0541.fits
5800/spec-5800-56279-0542.fits
5800/spec-5800-56279-0543.fits
5800/spec-5800-56279-0544.fits
5800/spec-5800-56279-0545.fits
5800/spec-5800-56279-0546.fits
5800/spec-5800-56279-0547.fits
5800/spec-5800-56279-0548.fits
5800/spec-5800-56279-0549.fits
5800/spec-5800-56279-0550.fits
5800/spec-5800-56279-0551.fits
5800/spec-5800-56279-0552.fits
5800/spec-5800-56279-0553.fits
5800/spec-5800-56279-0554.fits
5800/spec-5800-56279-0555.fits
5800/spec-5800-56279-0556.fits
5800/spec-5800-56279-0557.fits
5800/spec-5800-56279-0558.fits
5800/spec-5800-56279-0559.fits
5800/spec-5800-56279-0560.fits
5800/spec-5800-56279-0561.fits
5800/spec-5800-56279-0562.fits
5800/spec-5800-56279-0563.fits
5800/spec-5800-56279-0564.fits
5800/spec-5800-56279-0565.fits
5800/spec-5800-56279-0566.fits
5800/spec-5800-56279-0567.fits
5800/spec-5800-56279-0568.fits
5800/spec-5800-56279-0569.fits
5800/spec-5800-56279-0570.fits
5800/spec-5800-56279-0571.fits
5800/spec-5800-56279-0572.fits
5800/spec-5800-56279-0573.fits
5800/spec-5800-56279-0574.fits
5800/spec-5800-56279-0575.fits
5800/spec-5800-56279-0576.fits
5800/spec-5800-56279-0577.fits
5800/spec-5800-56279-0578.fits
5800/spec-5800-56279-0579.fits
5800/spec-5800-56279-0580.fits
5800/spec-5800-56279-0581.fits
5800/spec-5800-56279-0582.fits
5800/spec-5800-56279-0583.fits
5800/spec-5800-56279-0584.fits
5800/spec-5800-56279-0585.fits
5800/spec-5800-56279-0586.fits
5800/spec-5800-56279-0587.fits
5800/spec-5800-56279-0588.fits
5800/spec-5800-56279-0589.fits
5800/spec-5800-56279-0590.fits
5800/spec-5800-56279-0591.fits
5800/spec-5800-56279-0592.fits
5800/spec-5800-56279-0593.fits
5800/spec-5800-56279-0594.fits
5800/spec-5800-56279-0595.fits
5800/spec-5800-56279-0596.fits
5800/spec-5800-56279-0597.fits
5800/spec-5800-56279-0598.fits
5800/spec-5800-56279-0599.fits
5800/spec-5800-56279-0600.fits
5800/spec-5800-56279-0601.fits
5800/spec-5800-56279-0602.fits
5800/spec-5800-56279-0603.fits
5800/spec-5800-56279-0604.fits
5800/spec-5800-56279-0605.fits
5800/spec-5800-56279-0606.fits
5800/spec-5800-56279-0607.fits
5800/spec-5800-56279-0608.fits
5800/spec-5800-56279-0609.fits
5800/spec-5800-56279-0610.fits
5800/spec-5800-56279-0611.fits
5800/spec-5800-56279-0612.fits
5800/spec-5800-56279-0613.fits
5800/spec-5800-56279-0614.fits
5800/spec-5800-56279-0615.fits
5800/spec-5800-56279-0616.fits
5800/spec-5800-56279-0617.fits
5800/spec-5800-56279-0618.fits
5800/spec-5800-56279-0619.fits
5800/spec-5800-56279-0620.fits
5800/spec-5800-56279-0621.fits
5800/spec-5800-56279-0622.fits
5800/spec-5800-56279-0623.fits
5800/spec-5800-56279-0624.fits
5800/spec-5800-56279-0625.fits
5800/spec-5800-56279-0626.fits
5800/spec-5800-56279-0627.fits
5800/spec-5800-56279-0628.fits
5800/spec-5800-56279-0629.fits
5800/spec-5800-56279-0630.fits
5800/spec-5800-56279-0631.fits
5800/spec-5800-56279-0632.fits
5800/spec-5800-56279-0633.fits
5800/spec-5800-56279-0634.fits
5800/spec-5800-56279-0635.fits
5800/spec-5800-56279-0636.fits
5800/spec-5800-56279-0637.fits
5800/spec-5800-56279-0638.fits
5800/spec-5800-56279-0639.fits
5800/spec-5800-56279-0640.fits
5800/spec-5800-56279-0641.fits
5800/spec-5800-56279-0642.fits
5800/spec-5800-56279-0643.fits
5800/spec-5800-56279-0644.fits
5800/spec-5800-56279-0645.fits
5800/spec-5800-56279-0646.fits
5800/spec-5800-56279-0647.fits
5800/spec-5800-56279-0648.fits
5800/spec-5800-56279-0649.fits
5800/spec-5800-56279-0650.fits
5800/spec-5800-56279-0651.fits
5800/spec-5800-56279-0652.fits
5800/spec-5800-56279-0653.fits
5800/spec-5800-56279-0654.fits
5800/spec-5800-56279-0655.fits
5800/spec-5800-56279-0656.fits
5800/spec-5800-56279-0657.fits
5800/spec-5800-56279-0658.fits
5800/spec-5800-56279-0659.fits
5800/spec-5800-56279-0660.fits
5800/spec-5800-56279-0661.fits
5800/spec-5800-56279-0662.fits
5800/spec-5800-56279-0663.fits
5800/spec-5800-56279-0664.fits
5800/spec-5800-56279-0665.fits
5800/spec-5800-56279-0666.fits
5800/spec-5800-56279-0667.fits
5800/spec-5800-56279-0668.fits
5800/spec-5800-56279-0669.fits
5800/spec-5800-56279-0670.fits
5800/spec-5800-56279-0671.fits
5800/spec-5800-56279-0672.fits
5800/spec-5800-56279-0673.fits
5800/spec-5800-56279-0674.fits
5800/spec-5800-56279-0675.fits
5800/spec-5800-56279-0676.fits
5800/spec-5800-56279-0677.fits
5800/spec-5800-56279-0678.fits
5800/spec-5800-56279-0679.fits
5800/spec-5800-56279-0680.fits
5800/spec-5800-56279-0681.fits
5800/spec-5800-56279-0682.fits
5800/spec-5800-56279-0683.fits
5800/spec-5800-56279-0684.fits
5800/spec-5800-56279-0685.fits
5800/spec-5800-56279-0686.fits
5800/spec-5800-56279-0687.fits
5800/spec-5800-56279-0688.fits
5800/spec-5800-56279-0689.fits
5800/spec-5800-56279-0690.fits
5800/spec-5800-56279-0691.fits
5800/spec-5800-56279-0692.fits
5800/spec-5800-56279-0693.fits
5800/spec-5800-56279-0694.fits
5800/spec-5800-56279-0695.fits
5800/spec-5800-56279-0696.fits
5800/spec-5800-56279-0697.fits
5800/spec-5800-56279-0698.fits
5800/spec-5800-56279-0699.fits
5800/spec-5800-56279-0700.fits
5800/spec-5800-56279-0701.fits
5800/spec-5800-56279-0702.fits
5800/spec-5800-56279-0703.fits
5800/spec-5800-56279-0704.fits
5800/spec-5800-56279-0705.fits
5800/spec-5800-56279-0706.fits
5800/spec-5800-56279-0707.fits
5800/spec-5800-56279-0708.fits
5800/spec-5800-56279-0709.fits
5800/spec-5800-56279-0710.fits
5800/spec-5800-56279-0711.fits
5800/spec-5800-56279-0712.fits
5800/spec-5800-56279-0713.fits
5800/spec-5800-56279-0714.fits
5800/spec-5800-56279-0715.fits
5800/spec-5800-56279-0716.fits
5800/spec-5800-56279-0717.fits
5800/spec-5800-56279-0718.fits
5800/spec-5800-56279-0719.fits
5800/spec-5800-56279-0720.fits
5800/spec-5800-56279-0721.fits
5800/spec-5800-56279-0722.fits
5800/spec-5800-56279-0723.fits
5800/spec-5800-56279-0724.fits
5800/spec-5800-56279-0725.fits
5800/spec-5800-56279-0726.fits
5800/spec-5800-56279-0727.fits
5800/spec-5800-56279-0728.fits
5800/spec-5800-56279-0729.fits
5800/spec-5800-56279-0730.fits
5800/spec-5800-56279-0731.fits
5800/spec-5800-56279-0732.fits
5800/spec-5800-56279-0733.fits
5800/spec-5800-56279-0734.fits
5800/spec-5800-56279-0735.fits
5800/spec-5800-56279-0736.fits
5800/spec-5800-56279-0737.fits
5800/spec-5800-56279-0738.fits
5800/spec-5800-56279-0739.fits
5800/spec-5800-56279-0740.fits
5800/spec-5800-56279-0741.fits
5800/spec-5800-56279-0742.fits
5800/spec-5800-56279-0743.fits
5800/spec-5800-56279-0744.fits
5800/spec-5800-56279-0745.fits
5800/spec-5800-56279-0746.fits
5800/spec-5800-56279-0747.fits
5800/spec-5800-56279-0748.fits
5800/spec-5800-56279-0749.fits
5800/spec-5800-56279-0750.fits
5800/spec-5800-56279-0751.fits
5800/spec-5800-56279-0752.fits
5800/spec-5800-56279-0753.fits
5800/spec-5800-56279-0754.fits
5800/spec-5800-56279-0755.fits
5800/spec-5800-56279-0756.fits
5800/spec-5800-56279-0757.fits
5800/spec-5800-56279-0758.fits
5800/spec-5800-56279-0759.fits
5800/spec-5800-56279-0760.fits
5800/spec-5800-56279-0761.fits
5800/spec-5800-56279-0762.fits
5800/spec-5800-56279-0763.fits
5800/spec-5800-56279-0764.fits
5800/spec-5800-56279-0765.fits
5800/spec-5800-56279-0766.fits
5800/spec-5800-56279-0767.fits
5800/spec-5800-56279-0768.fits
5800/spec-5800-56279-0769.fits
5800/spec-5800-56279-0770.fits
5800/spec-5800-56279-0771.fits
5800/spec-5800-56279-0772.fits
5800/spec-5800-56279-0773.fits
5800/spec-5800-56279-0774.fits
5800/spec-5800-56279-0775.fits
5800/spec-5800-56279-0776.fits
5800/spec-5800-56279-0777.fits
5800/spec-5800-56279-0778.fits
5800/spec-5800-56279-0779.fits
5800/spec-5800-56279-0780.fits
5800/spec-5800-56279-0781.fits
5800/spec-5800-56279-0782.fits
5800/spec-5800-56279-0783.fits
5800/spec-5800-56279-0784.fits
5800/spec-5800-56279-0785.fits
5800/spec-5800-56279-0786.fits
5800/spec-5800-56279-0787.fits
5800/spec-5800-56279-0788.fits
5800/spec-5800-56279-0789.fits
5800/spec-5800-56279-0790.fits
5800/spec-5800-56279-0791.fits
5800/spec-5800-56279-0792.fits
5800/spec-5800-56279-0793.fits
5800/spec-5800-56279-0794.fits
5800/spec-5800-56279-0795.fits
5800/spec-5800-56279-0796.fits
5800/spec-5800-56279-0797.fits
5800/spec-5800-56279-0798.fits
5800/spec-5800-56279-0799.fits
5800/spec-5800-56279-0800.fits
5800/spec-5800-56279-0801.fits
5800/spec-5800-56279-0802.fits
5800/spec-5800-56279-0803.fits
5800/spec-5800-56279-0804.fits
5800/spec-5800-56279-0805.fits
5800/spec-5800-56279-0806.fits
5800/spec-5800-56279-0807.fits
5800/spec-5800-56279-0808.fits
5800/spec-5800-56279-0809.fits
5800/spec-5800-56279-0810.fits
5800/spec-5800-56279-0811.fits
5800/spec-5800-56279-0812.fits
5800/spec-5800-56279-0813.fits
5800/spec-5800-56279-0814.fits
5800/spec-5800-56279-0815.fits
5800/spec-5800-56279-0816.fits
5800/spec-5800-56279-0817.fits
5800/spec-5800-56279-0818.fits
5800/spec-5800-56279-0819.fits
5800/spec-5800-56279-0820.fits
5800/spec-5800-56279-0821.fits
5800/spec-5800-56279-0822.fits
5800/spec-5800-56279-0823.fits
5800/spec-5800-56279-0824.fits
5800/spec-5800-56279-0825.fits
5800/spec-5800-56279-0826.fits
5800/spec-5800-56279-0827.fits
5800/spec-5800-56279-0828.fits
5800/spec-5800-56279-0829.fits
5800/spec-5800-56279-0830.fits
5800/spec-5800-56279-0831.fits
5800/spec-5800-56279-0832.fits
5800/spec-5800-56279-0833.fits
5800/spec-5800-56279-0834.fits
5800/spec-5800-56279-0835.fits
5800/spec-5800-56279-0836.fits
5800/spec-5800-56279-0837.fits
5800/spec-5800-56279-0838.fits
5800/spec-5800-56279-0839.fits
5800/spec-5800-56279-0840.fits
5800/spec-5800-56279-0841.fits
5800/spec-5800-56279-0842.fits
5800/spec-5800-56279-0843.fits
5800/spec-5800-56279-0844.fits
5800/spec-5800-56279-0845.fits
5800/spec-5800-56279-0846.fits
5800/spec-5800-56279-0847.fits
5800/spec-5800-56279-0848.fits
5800/spec-5800-56279-0849.fits
5800/spec-5800-56279-0850.fits
5800/spec-5800-56279-0851.fits
5800/spec-5800-56279-0852.fits
5800/spec-5800-56279-0853.fits
5800/spec-5800-56279-0854.fits
5800/spec-5800-56279-0855.fits
5800/spec-5800-56279-0856.fits
5800/spec-5800-56279-0857.fits
5800/spec-5800-56279-0858.fits
5800/spec-5800-56279-0859.fits
5800/spec-5800-56279-0860.fits
5800/spec-5800-56279-0861.fits
5800/spec-5800-56279-0862.fits
5800/spec-5800-56279-0863.fits
5800/spec-5800-56279-0864.fits
5800/spec-5800-56279-0865.fits
5800/spec-5800-56279-0866.fits
5800/spec-5800-56279-0867.fits
5800/spec-5800-56279-0868.fits
5800/spec-5800-56279-0869.fits
5800/spec-5800-56279-0870.fits
5800/spec-5800-56279-0871.fits
5800/spec-5800-56279-0872.fits
5800/spec-5800-56279-0873.fits
5800/spec-5800-56279-0874.fits
5800/spec-5800-56279-0875.fits
5800/spec-5800-56279-0876.fits
5800/spec-5800-56279-0877.fits
5800/spec-5800-56279-0878.fits
5800/spec-5800-56279-0879.fits
5800/spec-5800-56279-0880.fits
5800/spec-5800-56279-0881.fits
5800/spec-5800-56279-0882.fits
5800/spec-5800-56279-0883.fits
5800/spec-5800-56279-0884.fits
5800/spec-5800-56279-0885.fits
5800/spec-5800-56279-0886.fits
5800/spec-5800-56279-0887.fits
5800/spec-5800-56279-0888.fits
5800/spec-5800-56279-0889.fits
5800/spec-5800-56279-0890.fits
5800/spec-5800-56279-0891.fits
5800/spec-5800-56279-0892.fits
5800/spec-5800-56279-0893.fits
5800/spec-5800-56279-0894.fits
5800/spec-5800-56279-0895.fits
5800/spec-5800-56279-0896.fits
5800/spec-5800-56279-0897.fits
5800/spec-5800-56279-0898.fits
5800/spec-5800-56279-0899.fits
5800/spec-5800-56279-0900.fits
5800/spec-5800-56279-0901.fits
5800/spec-5800-56279-0902.fits
5800/spec-5800-56279-0903.fits
5800/spec-5800-56279-0904.fits
5800/spec-5800-56279-0905.fits
5800/spec-5800-56279-0906.fits
5800/spec-5800-56279-0907.fits
5800/spec-5800-56279-0908.fits
5800/spec-5800-56279-0909.fits
5800/spec-5800-56279-0910.fits
5800/spec-5800-56279-0911.fits
5800/spec-5800-56279-0912.fits
5800/spec-5800-56279-0913.fits
5800/spec-5800-56279-0914.fits
5800/spec-5800-56279-0915.fits
5800/spec-5800-56279-0916.fits
5800/spec-5800-56279-0917.fits
5800/spec-5800-56279-0918.fits
5800/spec-5800-56279-0919.fits
5800/spec-5800-56279-0920.fits
5800/spec-5800-56279-0921.fits
5800/spec-5800-56279-0922.fits
5800/spec-5800-56279-0923.fits
5800/spec-5800-56279-0924.fits
5800/spec-5800-56279-0925.fits
5800/spec-5800-56279-0926.fits
5800/spec-5800-56279-0927.fits
5800/spec-5800-56279-0928.fits
5800/spec-5800-56279-0929.fits
5800/spec-5800-56279-0930.fits
5800/spec-5800-56279-0931.fits
5800/spec-5800-56279-0932.fits
5800/spec-5800-56279-0933.fits
5800/spec-5800-56279-0934.fits
5800/spec-5800-56279-0935.fits
5800/spec-5800-56279-0936.fits
5800/spec-5800-56279-0937.fits
5800/spec-5800-56279-0938.fits
5800/spec-5800-56279-0939.fits
5800/spec-5800-56279-0940.fits
5800/spec-5800-56279-0941.fits
5800/spec-5800-56279-0942.fits
5800/spec-5800-56279-0943.fits
5800/spec-5800-56279-0944.fits
5800/spec-5800-56279-0945.fits
5800/spec-5800-56279-0946.fits
5800/spec-5800-56279-0947.fits
5800/spec-5800-56279-0948.fits
5800/spec-5800-56279-0949.fits
5800/spec-5800-56279-0950.fits
5800/spec-5800-56279-0951.fits
5800/spec-5800-56279-0952.fits
5800/spec-5800-56279-0953.fits
5800/spec-5800-56279-0954.fits
5800/spec-5800-56279-0955.fits
5800/spec-5800-56279-0956.fits
5800/spec-5800-56279-0957.fits
5800/spec-5800-56279-0958.fits
5800/spec-5800-56279-0959.fits
5800/spec-5800-56279-0960.fits
5800/spec-5800-56279-0961.fits
5800/spec-5800-56279-0962.fits
5800/spec-5800-56279-0963.fits
5800/spec-5800-56279-0964.fits
5800/spec-5800-56279-0965.fits
5800/spec-5800-56279-0966.fits
5800/spec-5800-56279-0967.fits
5800/spec-5800-56279-0968.fits
5800/spec-5800-56279-0969.fits
5800/spec-5800-56279-0970.fits
5800/spec-5800-56279-0971.fits
5800/spec-5800-56279-0972.fits
5800/spec-5800-56279-0973.fits
5800/spec-5800-56279-0974.fits
5800/spec-5800-56279-0975.fits
5800/spec-5800-56279-0976.fits
5800/spec-5800-56279-0977.fits
5800/spec-5800-56279-0978.fits
5800/spec-5800-56279-0979.fits
5800/spec-5800-56279-0980.fits
5800/spec-5800-56279-0981.fits
5800/spec-5800-56279-0982.fits
5800/spec-5800-56279-0983.fits
5800/spec-5800-56279-0984.fits
5800/spec-5800-56279-0985.fits
5800/spec-5800-56279-0986.fits
5800/spec-5800-56279-0987.fits
5800/spec-5800-56279-0988.fits
5800/spec-5800-56279-0989.fits
5800/spec-5800-56279-0990.fits
5800/spec-5800-56279-0991.fits
5800/spec-5800-56279-0992.fits
5800/spec-5800-56279-0993.fits
5800/spec-5800-56279-0994.fits
5800/spec-5800-56279-0995.fits
5800/spec-5800-56279-0996.fits
5800/spec-5800-56279-0997.fits
5800/spec-5800-56279-0998.fits
5800/spec-5800-56279-0999.fits
5800/spec-5800-56279-1000.fits
/var/lib/condor/execute/slot1/dir_26748
5800 5800.tgz R R361.tar.gz _condor_stderr _condor_stdout cB58_Lyman_break.fit condor_exec.exe hw4.R packages packages.tar.gz tmp var
[1] "Loaded package astro."
[1] 1000
5800 5800.csv 5800.tgz R R361.tar.gz _condor_stderr _condor_stdout cB58_Lyman_break.fit condor_exec.exe hw4.R packages packages.tar.gz tmp var
