5805
5805/
5805/spec-5805-56336-0001.fits
5805/spec-5805-56336-0002.fits
5805/spec-5805-56336-0003.fits
5805/spec-5805-56336-0004.fits
5805/spec-5805-56336-0005.fits
5805/spec-5805-56336-0006.fits
5805/spec-5805-56336-0007.fits
5805/spec-5805-56336-0008.fits
5805/spec-5805-56336-0009.fits
5805/spec-5805-56336-0010.fits
5805/spec-5805-56336-0011.fits
5805/spec-5805-56336-0012.fits
5805/spec-5805-56336-0013.fits
5805/spec-5805-56336-0014.fits
5805/spec-5805-56336-0015.fits
5805/spec-5805-56336-0016.fits
5805/spec-5805-56336-0017.fits
5805/spec-5805-56336-0018.fits
5805/spec-5805-56336-0019.fits
5805/spec-5805-56336-0020.fits
5805/spec-5805-56336-0021.fits
5805/spec-5805-56336-0022.fits
5805/spec-5805-56336-0023.fits
5805/spec-5805-56336-0024.fits
5805/spec-5805-56336-0025.fits
5805/spec-5805-56336-0026.fits
5805/spec-5805-56336-0027.fits
5805/spec-5805-56336-0028.fits
5805/spec-5805-56336-0029.fits
5805/spec-5805-56336-0030.fits
5805/spec-5805-56336-0031.fits
5805/spec-5805-56336-0032.fits
5805/spec-5805-56336-0033.fits
5805/spec-5805-56336-0034.fits
5805/spec-5805-56336-0035.fits
5805/spec-5805-56336-0036.fits
5805/spec-5805-56336-0037.fits
5805/spec-5805-56336-0038.fits
5805/spec-5805-56336-0039.fits
5805/spec-5805-56336-0040.fits
5805/spec-5805-56336-0041.fits
5805/spec-5805-56336-0042.fits
5805/spec-5805-56336-0043.fits
5805/spec-5805-56336-0044.fits
5805/spec-5805-56336-0045.fits
5805/spec-5805-56336-0046.fits
5805/spec-5805-56336-0047.fits
5805/spec-5805-56336-0048.fits
5805/spec-5805-56336-0049.fits
5805/spec-5805-56336-0050.fits
5805/spec-5805-56336-0051.fits
5805/spec-5805-56336-0052.fits
5805/spec-5805-56336-0053.fits
5805/spec-5805-56336-0054.fits
5805/spec-5805-56336-0055.fits
5805/spec-5805-56336-0056.fits
5805/spec-5805-56336-0057.fits
5805/spec-5805-56336-0058.fits
5805/spec-5805-56336-0059.fits
5805/spec-5805-56336-0060.fits
5805/spec-5805-56336-0061.fits
5805/spec-5805-56336-0062.fits
5805/spec-5805-56336-0063.fits
5805/spec-5805-56336-0064.fits
5805/spec-5805-56336-0065.fits
5805/spec-5805-56336-0066.fits
5805/spec-5805-56336-0067.fits
5805/spec-5805-56336-0068.fits
5805/spec-5805-56336-0069.fits
5805/spec-5805-56336-0070.fits
5805/spec-5805-56336-0071.fits
5805/spec-5805-56336-0072.fits
5805/spec-5805-56336-0073.fits
5805/spec-5805-56336-0074.fits
5805/spec-5805-56336-0075.fits
5805/spec-5805-56336-0076.fits
5805/spec-5805-56336-0077.fits
5805/spec-5805-56336-0078.fits
5805/spec-5805-56336-0079.fits
5805/spec-5805-56336-0080.fits
5805/spec-5805-56336-0081.fits
5805/spec-5805-56336-0082.fits
5805/spec-5805-56336-0083.fits
5805/spec-5805-56336-0084.fits
5805/spec-5805-56336-0085.fits
5805/spec-5805-56336-0086.fits
5805/spec-5805-56336-0087.fits
5805/spec-5805-56336-0088.fits
5805/spec-5805-56336-0089.fits
5805/spec-5805-56336-0090.fits
5805/spec-5805-56336-0091.fits
5805/spec-5805-56336-0092.fits
5805/spec-5805-56336-0093.fits
5805/spec-5805-56336-0094.fits
5805/spec-5805-56336-0095.fits
5805/spec-5805-56336-0096.fits
5805/spec-5805-56336-0097.fits
5805/spec-5805-56336-0098.fits
5805/spec-5805-56336-0099.fits
5805/spec-5805-56336-0100.fits
5805/spec-5805-56336-0101.fits
5805/spec-5805-56336-0102.fits
5805/spec-5805-56336-0103.fits
5805/spec-5805-56336-0104.fits
5805/spec-5805-56336-0105.fits
5805/spec-5805-56336-0106.fits
5805/spec-5805-56336-0107.fits
5805/spec-5805-56336-0108.fits
5805/spec-5805-56336-0109.fits
5805/spec-5805-56336-0110.fits
5805/spec-5805-56336-0111.fits
5805/spec-5805-56336-0112.fits
5805/spec-5805-56336-0113.fits
5805/spec-5805-56336-0114.fits
5805/spec-5805-56336-0115.fits
5805/spec-5805-56336-0116.fits
5805/spec-5805-56336-0117.fits
5805/spec-5805-56336-0118.fits
5805/spec-5805-56336-0119.fits
5805/spec-5805-56336-0120.fits
5805/spec-5805-56336-0121.fits
5805/spec-5805-56336-0122.fits
5805/spec-5805-56336-0123.fits
5805/spec-5805-56336-0124.fits
5805/spec-5805-56336-0125.fits
5805/spec-5805-56336-0126.fits
5805/spec-5805-56336-0127.fits
5805/spec-5805-56336-0128.fits
5805/spec-5805-56336-0129.fits
5805/spec-5805-56336-0130.fits
5805/spec-5805-56336-0131.fits
5805/spec-5805-56336-0132.fits
5805/spec-5805-56336-0133.fits
5805/spec-5805-56336-0134.fits
5805/spec-5805-56336-0135.fits
5805/spec-5805-56336-0136.fits
5805/spec-5805-56336-0137.fits
5805/spec-5805-56336-0138.fits
5805/spec-5805-56336-0139.fits
5805/spec-5805-56336-0140.fits
5805/spec-5805-56336-0141.fits
5805/spec-5805-56336-0142.fits
5805/spec-5805-56336-0143.fits
5805/spec-5805-56336-0144.fits
5805/spec-5805-56336-0145.fits
5805/spec-5805-56336-0146.fits
5805/spec-5805-56336-0147.fits
5805/spec-5805-56336-0148.fits
5805/spec-5805-56336-0149.fits
5805/spec-5805-56336-0150.fits
5805/spec-5805-56336-0151.fits
5805/spec-5805-56336-0152.fits
5805/spec-5805-56336-0153.fits
5805/spec-5805-56336-0154.fits
5805/spec-5805-56336-0155.fits
5805/spec-5805-56336-0156.fits
5805/spec-5805-56336-0157.fits
5805/spec-5805-56336-0158.fits
5805/spec-5805-56336-0159.fits
5805/spec-5805-56336-0160.fits
5805/spec-5805-56336-0161.fits
5805/spec-5805-56336-0162.fits
5805/spec-5805-56336-0163.fits
5805/spec-5805-56336-0164.fits
5805/spec-5805-56336-0165.fits
5805/spec-5805-56336-0166.fits
5805/spec-5805-56336-0167.fits
5805/spec-5805-56336-0168.fits
5805/spec-5805-56336-0169.fits
5805/spec-5805-56336-0170.fits
5805/spec-5805-56336-0171.fits
5805/spec-5805-56336-0172.fits
5805/spec-5805-56336-0173.fits
5805/spec-5805-56336-0174.fits
5805/spec-5805-56336-0175.fits
5805/spec-5805-56336-0176.fits
5805/spec-5805-56336-0177.fits
5805/spec-5805-56336-0178.fits
5805/spec-5805-56336-0179.fits
5805/spec-5805-56336-0180.fits
5805/spec-5805-56336-0181.fits
5805/spec-5805-56336-0182.fits
5805/spec-5805-56336-0183.fits
5805/spec-5805-56336-0184.fits
5805/spec-5805-56336-0185.fits
5805/spec-5805-56336-0186.fits
5805/spec-5805-56336-0187.fits
5805/spec-5805-56336-0188.fits
5805/spec-5805-56336-0189.fits
5805/spec-5805-56336-0190.fits
5805/spec-5805-56336-0191.fits
5805/spec-5805-56336-0192.fits
5805/spec-5805-56336-0193.fits
5805/spec-5805-56336-0194.fits
5805/spec-5805-56336-0195.fits
5805/spec-5805-56336-0196.fits
5805/spec-5805-56336-0197.fits
5805/spec-5805-56336-0198.fits
5805/spec-5805-56336-0199.fits
5805/spec-5805-56336-0200.fits
5805/spec-5805-56336-0201.fits
5805/spec-5805-56336-0202.fits
5805/spec-5805-56336-0203.fits
5805/spec-5805-56336-0204.fits
5805/spec-5805-56336-0205.fits
5805/spec-5805-56336-0206.fits
5805/spec-5805-56336-0207.fits
5805/spec-5805-56336-0208.fits
5805/spec-5805-56336-0209.fits
5805/spec-5805-56336-0210.fits
5805/spec-5805-56336-0211.fits
5805/spec-5805-56336-0212.fits
5805/spec-5805-56336-0213.fits
5805/spec-5805-56336-0214.fits
5805/spec-5805-56336-0215.fits
5805/spec-5805-56336-0216.fits
5805/spec-5805-56336-0217.fits
5805/spec-5805-56336-0218.fits
5805/spec-5805-56336-0219.fits
5805/spec-5805-56336-0220.fits
5805/spec-5805-56336-0221.fits
5805/spec-5805-56336-0222.fits
5805/spec-5805-56336-0223.fits
5805/spec-5805-56336-0224.fits
5805/spec-5805-56336-0225.fits
5805/spec-5805-56336-0226.fits
5805/spec-5805-56336-0227.fits
5805/spec-5805-56336-0228.fits
5805/spec-5805-56336-0229.fits
5805/spec-5805-56336-0230.fits
5805/spec-5805-56336-0231.fits
5805/spec-5805-56336-0232.fits
5805/spec-5805-56336-0233.fits
5805/spec-5805-56336-0234.fits
5805/spec-5805-56336-0235.fits
5805/spec-5805-56336-0236.fits
5805/spec-5805-56336-0237.fits
5805/spec-5805-56336-0238.fits
5805/spec-5805-56336-0239.fits
5805/spec-5805-56336-0240.fits
5805/spec-5805-56336-0241.fits
5805/spec-5805-56336-0242.fits
5805/spec-5805-56336-0243.fits
5805/spec-5805-56336-0244.fits
5805/spec-5805-56336-0245.fits
5805/spec-5805-56336-0246.fits
5805/spec-5805-56336-0247.fits
5805/spec-5805-56336-0248.fits
5805/spec-5805-56336-0249.fits
5805/spec-5805-56336-0250.fits
5805/spec-5805-56336-0251.fits
5805/spec-5805-56336-0252.fits
5805/spec-5805-56336-0253.fits
5805/spec-5805-56336-0254.fits
5805/spec-5805-56336-0255.fits
5805/spec-5805-56336-0256.fits
5805/spec-5805-56336-0257.fits
5805/spec-5805-56336-0258.fits
5805/spec-5805-56336-0259.fits
5805/spec-5805-56336-0260.fits
5805/spec-5805-56336-0261.fits
5805/spec-5805-56336-0262.fits
5805/spec-5805-56336-0263.fits
5805/spec-5805-56336-0264.fits
5805/spec-5805-56336-0265.fits
5805/spec-5805-56336-0266.fits
5805/spec-5805-56336-0267.fits
5805/spec-5805-56336-0268.fits
5805/spec-5805-56336-0269.fits
5805/spec-5805-56336-0270.fits
5805/spec-5805-56336-0271.fits
5805/spec-5805-56336-0272.fits
5805/spec-5805-56336-0273.fits
5805/spec-5805-56336-0274.fits
5805/spec-5805-56336-0275.fits
5805/spec-5805-56336-0276.fits
5805/spec-5805-56336-0277.fits
5805/spec-5805-56336-0278.fits
5805/spec-5805-56336-0279.fits
5805/spec-5805-56336-0280.fits
5805/spec-5805-56336-0281.fits
5805/spec-5805-56336-0282.fits
5805/spec-5805-56336-0283.fits
5805/spec-5805-56336-0284.fits
5805/spec-5805-56336-0285.fits
5805/spec-5805-56336-0286.fits
5805/spec-5805-56336-0287.fits
5805/spec-5805-56336-0288.fits
5805/spec-5805-56336-0289.fits
5805/spec-5805-56336-0290.fits
5805/spec-5805-56336-0291.fits
5805/spec-5805-56336-0292.fits
5805/spec-5805-56336-0293.fits
5805/spec-5805-56336-0294.fits
5805/spec-5805-56336-0295.fits
5805/spec-5805-56336-0296.fits
5805/spec-5805-56336-0297.fits
5805/spec-5805-56336-0298.fits
5805/spec-5805-56336-0299.fits
5805/spec-5805-56336-0300.fits
5805/spec-5805-56336-0301.fits
5805/spec-5805-56336-0302.fits
5805/spec-5805-56336-0303.fits
5805/spec-5805-56336-0304.fits
5805/spec-5805-56336-0305.fits
5805/spec-5805-56336-0306.fits
5805/spec-5805-56336-0307.fits
5805/spec-5805-56336-0308.fits
5805/spec-5805-56336-0309.fits
5805/spec-5805-56336-0310.fits
5805/spec-5805-56336-0311.fits
5805/spec-5805-56336-0312.fits
5805/spec-5805-56336-0313.fits
5805/spec-5805-56336-0314.fits
5805/spec-5805-56336-0315.fits
5805/spec-5805-56336-0316.fits
5805/spec-5805-56336-0317.fits
5805/spec-5805-56336-0318.fits
5805/spec-5805-56336-0319.fits
5805/spec-5805-56336-0320.fits
5805/spec-5805-56336-0321.fits
5805/spec-5805-56336-0322.fits
5805/spec-5805-56336-0323.fits
5805/spec-5805-56336-0324.fits
5805/spec-5805-56336-0325.fits
5805/spec-5805-56336-0326.fits
5805/spec-5805-56336-0327.fits
5805/spec-5805-56336-0328.fits
5805/spec-5805-56336-0329.fits
5805/spec-5805-56336-0330.fits
5805/spec-5805-56336-0331.fits
5805/spec-5805-56336-0332.fits
5805/spec-5805-56336-0333.fits
5805/spec-5805-56336-0334.fits
5805/spec-5805-56336-0335.fits
5805/spec-5805-56336-0336.fits
5805/spec-5805-56336-0337.fits
5805/spec-5805-56336-0338.fits
5805/spec-5805-56336-0339.fits
5805/spec-5805-56336-0340.fits
5805/spec-5805-56336-0341.fits
5805/spec-5805-56336-0342.fits
5805/spec-5805-56336-0343.fits
5805/spec-5805-56336-0344.fits
5805/spec-5805-56336-0345.fits
5805/spec-5805-56336-0346.fits
5805/spec-5805-56336-0347.fits
5805/spec-5805-56336-0348.fits
5805/spec-5805-56336-0349.fits
5805/spec-5805-56336-0350.fits
5805/spec-5805-56336-0351.fits
5805/spec-5805-56336-0352.fits
5805/spec-5805-56336-0353.fits
5805/spec-5805-56336-0354.fits
5805/spec-5805-56336-0355.fits
5805/spec-5805-56336-0356.fits
5805/spec-5805-56336-0357.fits
5805/spec-5805-56336-0358.fits
5805/spec-5805-56336-0359.fits
5805/spec-5805-56336-0360.fits
5805/spec-5805-56336-0361.fits
5805/spec-5805-56336-0362.fits
5805/spec-5805-56336-0363.fits
5805/spec-5805-56336-0364.fits
5805/spec-5805-56336-0365.fits
5805/spec-5805-56336-0366.fits
5805/spec-5805-56336-0367.fits
5805/spec-5805-56336-0368.fits
5805/spec-5805-56336-0369.fits
5805/spec-5805-56336-0370.fits
5805/spec-5805-56336-0371.fits
5805/spec-5805-56336-0372.fits
5805/spec-5805-56336-0373.fits
5805/spec-5805-56336-0374.fits
5805/spec-5805-56336-0375.fits
5805/spec-5805-56336-0376.fits
5805/spec-5805-56336-0377.fits
5805/spec-5805-56336-0378.fits
5805/spec-5805-56336-0379.fits
5805/spec-5805-56336-0380.fits
5805/spec-5805-56336-0381.fits
5805/spec-5805-56336-0382.fits
5805/spec-5805-56336-0383.fits
5805/spec-5805-56336-0384.fits
5805/spec-5805-56336-0385.fits
5805/spec-5805-56336-0386.fits
5805/spec-5805-56336-0387.fits
5805/spec-5805-56336-0388.fits
5805/spec-5805-56336-0389.fits
5805/spec-5805-56336-0390.fits
5805/spec-5805-56336-0391.fits
5805/spec-5805-56336-0392.fits
5805/spec-5805-56336-0393.fits
5805/spec-5805-56336-0394.fits
5805/spec-5805-56336-0395.fits
5805/spec-5805-56336-0396.fits
5805/spec-5805-56336-0397.fits
5805/spec-5805-56336-0398.fits
5805/spec-5805-56336-0399.fits
5805/spec-5805-56336-0400.fits
5805/spec-5805-56336-0401.fits
5805/spec-5805-56336-0402.fits
5805/spec-5805-56336-0403.fits
5805/spec-5805-56336-0404.fits
5805/spec-5805-56336-0405.fits
5805/spec-5805-56336-0406.fits
5805/spec-5805-56336-0407.fits
5805/spec-5805-56336-0408.fits
5805/spec-5805-56336-0409.fits
5805/spec-5805-56336-0410.fits
5805/spec-5805-56336-0411.fits
5805/spec-5805-56336-0412.fits
5805/spec-5805-56336-0413.fits
5805/spec-5805-56336-0414.fits
5805/spec-5805-56336-0415.fits
5805/spec-5805-56336-0416.fits
5805/spec-5805-56336-0417.fits
5805/spec-5805-56336-0418.fits
5805/spec-5805-56336-0419.fits
5805/spec-5805-56336-0420.fits
5805/spec-5805-56336-0421.fits
5805/spec-5805-56336-0422.fits
5805/spec-5805-56336-0423.fits
5805/spec-5805-56336-0424.fits
5805/spec-5805-56336-0425.fits
5805/spec-5805-56336-0426.fits
5805/spec-5805-56336-0427.fits
5805/spec-5805-56336-0428.fits
5805/spec-5805-56336-0429.fits
5805/spec-5805-56336-0430.fits
5805/spec-5805-56336-0431.fits
5805/spec-5805-56336-0432.fits
5805/spec-5805-56336-0433.fits
5805/spec-5805-56336-0434.fits
5805/spec-5805-56336-0435.fits
5805/spec-5805-56336-0436.fits
5805/spec-5805-56336-0437.fits
5805/spec-5805-56336-0438.fits
5805/spec-5805-56336-0439.fits
5805/spec-5805-56336-0440.fits
5805/spec-5805-56336-0441.fits
5805/spec-5805-56336-0442.fits
5805/spec-5805-56336-0443.fits
5805/spec-5805-56336-0444.fits
5805/spec-5805-56336-0445.fits
5805/spec-5805-56336-0446.fits
5805/spec-5805-56336-0447.fits
5805/spec-5805-56336-0448.fits
5805/spec-5805-56336-0449.fits
5805/spec-5805-56336-0450.fits
5805/spec-5805-56336-0451.fits
5805/spec-5805-56336-0452.fits
5805/spec-5805-56336-0453.fits
5805/spec-5805-56336-0454.fits
5805/spec-5805-56336-0455.fits
5805/spec-5805-56336-0456.fits
5805/spec-5805-56336-0457.fits
5805/spec-5805-56336-0458.fits
5805/spec-5805-56336-0459.fits
5805/spec-5805-56336-0460.fits
5805/spec-5805-56336-0461.fits
5805/spec-5805-56336-0462.fits
5805/spec-5805-56336-0463.fits
5805/spec-5805-56336-0464.fits
5805/spec-5805-56336-0465.fits
5805/spec-5805-56336-0466.fits
5805/spec-5805-56336-0467.fits
5805/spec-5805-56336-0468.fits
5805/spec-5805-56336-0469.fits
5805/spec-5805-56336-0470.fits
5805/spec-5805-56336-0471.fits
5805/spec-5805-56336-0472.fits
5805/spec-5805-56336-0473.fits
5805/spec-5805-56336-0474.fits
5805/spec-5805-56336-0475.fits
5805/spec-5805-56336-0476.fits
5805/spec-5805-56336-0477.fits
5805/spec-5805-56336-0478.fits
5805/spec-5805-56336-0479.fits
5805/spec-5805-56336-0480.fits
5805/spec-5805-56336-0481.fits
5805/spec-5805-56336-0482.fits
5805/spec-5805-56336-0483.fits
5805/spec-5805-56336-0484.fits
5805/spec-5805-56336-0485.fits
5805/spec-5805-56336-0486.fits
5805/spec-5805-56336-0487.fits
5805/spec-5805-56336-0488.fits
5805/spec-5805-56336-0489.fits
5805/spec-5805-56336-0490.fits
5805/spec-5805-56336-0491.fits
5805/spec-5805-56336-0492.fits
5805/spec-5805-56336-0493.fits
5805/spec-5805-56336-0494.fits
5805/spec-5805-56336-0495.fits
5805/spec-5805-56336-0496.fits
5805/spec-5805-56336-0497.fits
5805/spec-5805-56336-0498.fits
5805/spec-5805-56336-0499.fits
5805/spec-5805-56336-0500.fits
5805/spec-5805-56336-0501.fits
5805/spec-5805-56336-0502.fits
5805/spec-5805-56336-0503.fits
5805/spec-5805-56336-0504.fits
5805/spec-5805-56336-0505.fits
5805/spec-5805-56336-0506.fits
5805/spec-5805-56336-0507.fits
5805/spec-5805-56336-0508.fits
5805/spec-5805-56336-0509.fits
5805/spec-5805-56336-0510.fits
5805/spec-5805-56336-0511.fits
5805/spec-5805-56336-0512.fits
5805/spec-5805-56336-0513.fits
5805/spec-5805-56336-0514.fits
5805/spec-5805-56336-0515.fits
5805/spec-5805-56336-0516.fits
5805/spec-5805-56336-0517.fits
5805/spec-5805-56336-0518.fits
5805/spec-5805-56336-0519.fits
5805/spec-5805-56336-0520.fits
5805/spec-5805-56336-0521.fits
5805/spec-5805-56336-0522.fits
5805/spec-5805-56336-0523.fits
5805/spec-5805-56336-0524.fits
5805/spec-5805-56336-0525.fits
5805/spec-5805-56336-0526.fits
5805/spec-5805-56336-0527.fits
5805/spec-5805-56336-0528.fits
5805/spec-5805-56336-0529.fits
5805/spec-5805-56336-0530.fits
5805/spec-5805-56336-0531.fits
5805/spec-5805-56336-0532.fits
5805/spec-5805-56336-0533.fits
5805/spec-5805-56336-0534.fits
5805/spec-5805-56336-0535.fits
5805/spec-5805-56336-0536.fits
5805/spec-5805-56336-0537.fits
5805/spec-5805-56336-0538.fits
5805/spec-5805-56336-0539.fits
5805/spec-5805-56336-0540.fits
5805/spec-5805-56336-0541.fits
5805/spec-5805-56336-0542.fits
5805/spec-5805-56336-0543.fits
5805/spec-5805-56336-0544.fits
5805/spec-5805-56336-0545.fits
5805/spec-5805-56336-0546.fits
5805/spec-5805-56336-0547.fits
5805/spec-5805-56336-0548.fits
5805/spec-5805-56336-0549.fits
5805/spec-5805-56336-0550.fits
5805/spec-5805-56336-0551.fits
5805/spec-5805-56336-0552.fits
5805/spec-5805-56336-0553.fits
5805/spec-5805-56336-0554.fits
5805/spec-5805-56336-0555.fits
5805/spec-5805-56336-0556.fits
5805/spec-5805-56336-0557.fits
5805/spec-5805-56336-0558.fits
5805/spec-5805-56336-0559.fits
5805/spec-5805-56336-0560.fits
5805/spec-5805-56336-0561.fits
5805/spec-5805-56336-0562.fits
5805/spec-5805-56336-0563.fits
5805/spec-5805-56336-0564.fits
5805/spec-5805-56336-0565.fits
5805/spec-5805-56336-0566.fits
5805/spec-5805-56336-0567.fits
5805/spec-5805-56336-0568.fits
5805/spec-5805-56336-0569.fits
5805/spec-5805-56336-0570.fits
5805/spec-5805-56336-0571.fits
5805/spec-5805-56336-0572.fits
5805/spec-5805-56336-0573.fits
5805/spec-5805-56336-0574.fits
5805/spec-5805-56336-0575.fits
5805/spec-5805-56336-0576.fits
5805/spec-5805-56336-0577.fits
5805/spec-5805-56336-0578.fits
5805/spec-5805-56336-0579.fits
5805/spec-5805-56336-0580.fits
5805/spec-5805-56336-0581.fits
5805/spec-5805-56336-0582.fits
5805/spec-5805-56336-0583.fits
5805/spec-5805-56336-0584.fits
5805/spec-5805-56336-0585.fits
5805/spec-5805-56336-0586.fits
5805/spec-5805-56336-0587.fits
5805/spec-5805-56336-0588.fits
5805/spec-5805-56336-0589.fits
5805/spec-5805-56336-0590.fits
5805/spec-5805-56336-0591.fits
5805/spec-5805-56336-0592.fits
5805/spec-5805-56336-0593.fits
5805/spec-5805-56336-0594.fits
5805/spec-5805-56336-0595.fits
5805/spec-5805-56336-0596.fits
5805/spec-5805-56336-0597.fits
5805/spec-5805-56336-0598.fits
5805/spec-5805-56336-0599.fits
5805/spec-5805-56336-0600.fits
5805/spec-5805-56336-0601.fits
5805/spec-5805-56336-0602.fits
5805/spec-5805-56336-0603.fits
5805/spec-5805-56336-0604.fits
5805/spec-5805-56336-0605.fits
5805/spec-5805-56336-0606.fits
5805/spec-5805-56336-0607.fits
5805/spec-5805-56336-0608.fits
5805/spec-5805-56336-0609.fits
5805/spec-5805-56336-0610.fits
5805/spec-5805-56336-0611.fits
5805/spec-5805-56336-0612.fits
5805/spec-5805-56336-0613.fits
5805/spec-5805-56336-0614.fits
5805/spec-5805-56336-0615.fits
5805/spec-5805-56336-0616.fits
5805/spec-5805-56336-0617.fits
5805/spec-5805-56336-0618.fits
5805/spec-5805-56336-0619.fits
5805/spec-5805-56336-0620.fits
5805/spec-5805-56336-0621.fits
5805/spec-5805-56336-0622.fits
5805/spec-5805-56336-0623.fits
5805/spec-5805-56336-0624.fits
5805/spec-5805-56336-0625.fits
5805/spec-5805-56336-0626.fits
5805/spec-5805-56336-0627.fits
5805/spec-5805-56336-0628.fits
5805/spec-5805-56336-0629.fits
5805/spec-5805-56336-0630.fits
5805/spec-5805-56336-0631.fits
5805/spec-5805-56336-0632.fits
5805/spec-5805-56336-0633.fits
5805/spec-5805-56336-0634.fits
5805/spec-5805-56336-0635.fits
5805/spec-5805-56336-0636.fits
5805/spec-5805-56336-0637.fits
5805/spec-5805-56336-0638.fits
5805/spec-5805-56336-0639.fits
5805/spec-5805-56336-0640.fits
5805/spec-5805-56336-0641.fits
5805/spec-5805-56336-0642.fits
5805/spec-5805-56336-0643.fits
5805/spec-5805-56336-0644.fits
5805/spec-5805-56336-0645.fits
5805/spec-5805-56336-0646.fits
5805/spec-5805-56336-0647.fits
5805/spec-5805-56336-0648.fits
5805/spec-5805-56336-0649.fits
5805/spec-5805-56336-0650.fits
5805/spec-5805-56336-0651.fits
5805/spec-5805-56336-0652.fits
5805/spec-5805-56336-0653.fits
5805/spec-5805-56336-0654.fits
5805/spec-5805-56336-0655.fits
5805/spec-5805-56336-0656.fits
5805/spec-5805-56336-0657.fits
5805/spec-5805-56336-0658.fits
5805/spec-5805-56336-0659.fits
5805/spec-5805-56336-0660.fits
5805/spec-5805-56336-0661.fits
5805/spec-5805-56336-0662.fits
5805/spec-5805-56336-0663.fits
5805/spec-5805-56336-0664.fits
5805/spec-5805-56336-0665.fits
5805/spec-5805-56336-0666.fits
5805/spec-5805-56336-0667.fits
5805/spec-5805-56336-0668.fits
5805/spec-5805-56336-0669.fits
5805/spec-5805-56336-0670.fits
5805/spec-5805-56336-0671.fits
5805/spec-5805-56336-0672.fits
5805/spec-5805-56336-0673.fits
5805/spec-5805-56336-0674.fits
5805/spec-5805-56336-0675.fits
5805/spec-5805-56336-0676.fits
5805/spec-5805-56336-0677.fits
5805/spec-5805-56336-0678.fits
5805/spec-5805-56336-0679.fits
5805/spec-5805-56336-0680.fits
5805/spec-5805-56336-0681.fits
5805/spec-5805-56336-0682.fits
5805/spec-5805-56336-0683.fits
5805/spec-5805-56336-0684.fits
5805/spec-5805-56336-0685.fits
5805/spec-5805-56336-0686.fits
5805/spec-5805-56336-0687.fits
5805/spec-5805-56336-0688.fits
5805/spec-5805-56336-0689.fits
5805/spec-5805-56336-0690.fits
5805/spec-5805-56336-0691.fits
5805/spec-5805-56336-0692.fits
5805/spec-5805-56336-0693.fits
5805/spec-5805-56336-0694.fits
5805/spec-5805-56336-0695.fits
5805/spec-5805-56336-0696.fits
5805/spec-5805-56336-0697.fits
5805/spec-5805-56336-0698.fits
5805/spec-5805-56336-0699.fits
5805/spec-5805-56336-0700.fits
5805/spec-5805-56336-0701.fits
5805/spec-5805-56336-0702.fits
5805/spec-5805-56336-0703.fits
5805/spec-5805-56336-0704.fits
5805/spec-5805-56336-0705.fits
5805/spec-5805-56336-0706.fits
5805/spec-5805-56336-0707.fits
5805/spec-5805-56336-0708.fits
5805/spec-5805-56336-0709.fits
5805/spec-5805-56336-0710.fits
5805/spec-5805-56336-0711.fits
5805/spec-5805-56336-0712.fits
5805/spec-5805-56336-0713.fits
5805/spec-5805-56336-0714.fits
5805/spec-5805-56336-0715.fits
5805/spec-5805-56336-0716.fits
5805/spec-5805-56336-0717.fits
5805/spec-5805-56336-0718.fits
5805/spec-5805-56336-0719.fits
5805/spec-5805-56336-0720.fits
5805/spec-5805-56336-0721.fits
5805/spec-5805-56336-0722.fits
5805/spec-5805-56336-0723.fits
5805/spec-5805-56336-0724.fits
5805/spec-5805-56336-0725.fits
5805/spec-5805-56336-0726.fits
5805/spec-5805-56336-0727.fits
5805/spec-5805-56336-0728.fits
5805/spec-5805-56336-0729.fits
5805/spec-5805-56336-0730.fits
5805/spec-5805-56336-0731.fits
5805/spec-5805-56336-0732.fits
5805/spec-5805-56336-0733.fits
5805/spec-5805-56336-0734.fits
5805/spec-5805-56336-0735.fits
5805/spec-5805-56336-0736.fits
5805/spec-5805-56336-0737.fits
5805/spec-5805-56336-0738.fits
5805/spec-5805-56336-0739.fits
5805/spec-5805-56336-0740.fits
5805/spec-5805-56336-0741.fits
5805/spec-5805-56336-0742.fits
5805/spec-5805-56336-0743.fits
5805/spec-5805-56336-0744.fits
5805/spec-5805-56336-0745.fits
5805/spec-5805-56336-0746.fits
5805/spec-5805-56336-0747.fits
5805/spec-5805-56336-0748.fits
5805/spec-5805-56336-0749.fits
5805/spec-5805-56336-0750.fits
5805/spec-5805-56336-0751.fits
5805/spec-5805-56336-0752.fits
5805/spec-5805-56336-0753.fits
5805/spec-5805-56336-0754.fits
5805/spec-5805-56336-0755.fits
5805/spec-5805-56336-0756.fits
5805/spec-5805-56336-0757.fits
5805/spec-5805-56336-0758.fits
5805/spec-5805-56336-0759.fits
5805/spec-5805-56336-0760.fits
5805/spec-5805-56336-0761.fits
5805/spec-5805-56336-0762.fits
5805/spec-5805-56336-0763.fits
5805/spec-5805-56336-0764.fits
5805/spec-5805-56336-0765.fits
5805/spec-5805-56336-0766.fits
5805/spec-5805-56336-0767.fits
5805/spec-5805-56336-0768.fits
5805/spec-5805-56336-0769.fits
5805/spec-5805-56336-0770.fits
5805/spec-5805-56336-0771.fits
5805/spec-5805-56336-0772.fits
5805/spec-5805-56336-0773.fits
5805/spec-5805-56336-0774.fits
5805/spec-5805-56336-0775.fits
5805/spec-5805-56336-0776.fits
5805/spec-5805-56336-0777.fits
5805/spec-5805-56336-0778.fits
5805/spec-5805-56336-0779.fits
5805/spec-5805-56336-0780.fits
5805/spec-5805-56336-0781.fits
5805/spec-5805-56336-0782.fits
5805/spec-5805-56336-0783.fits
5805/spec-5805-56336-0784.fits
5805/spec-5805-56336-0785.fits
5805/spec-5805-56336-0786.fits
5805/spec-5805-56336-0787.fits
5805/spec-5805-56336-0788.fits
5805/spec-5805-56336-0789.fits
5805/spec-5805-56336-0790.fits
5805/spec-5805-56336-0791.fits
5805/spec-5805-56336-0792.fits
5805/spec-5805-56336-0793.fits
5805/spec-5805-56336-0794.fits
5805/spec-5805-56336-0795.fits
5805/spec-5805-56336-0796.fits
5805/spec-5805-56336-0797.fits
5805/spec-5805-56336-0798.fits
5805/spec-5805-56336-0799.fits
5805/spec-5805-56336-0800.fits
5805/spec-5805-56336-0801.fits
5805/spec-5805-56336-0802.fits
5805/spec-5805-56336-0803.fits
5805/spec-5805-56336-0804.fits
5805/spec-5805-56336-0805.fits
5805/spec-5805-56336-0806.fits
5805/spec-5805-56336-0807.fits
5805/spec-5805-56336-0808.fits
5805/spec-5805-56336-0809.fits
5805/spec-5805-56336-0810.fits
5805/spec-5805-56336-0811.fits
5805/spec-5805-56336-0812.fits
5805/spec-5805-56336-0813.fits
5805/spec-5805-56336-0814.fits
5805/spec-5805-56336-0815.fits
5805/spec-5805-56336-0816.fits
5805/spec-5805-56336-0817.fits
5805/spec-5805-56336-0818.fits
5805/spec-5805-56336-0819.fits
5805/spec-5805-56336-0820.fits
5805/spec-5805-56336-0821.fits
5805/spec-5805-56336-0822.fits
5805/spec-5805-56336-0823.fits
5805/spec-5805-56336-0824.fits
5805/spec-5805-56336-0825.fits
5805/spec-5805-56336-0826.fits
5805/spec-5805-56336-0827.fits
5805/spec-5805-56336-0828.fits
5805/spec-5805-56336-0829.fits
5805/spec-5805-56336-0830.fits
5805/spec-5805-56336-0831.fits
5805/spec-5805-56336-0832.fits
5805/spec-5805-56336-0833.fits
5805/spec-5805-56336-0834.fits
5805/spec-5805-56336-0835.fits
5805/spec-5805-56336-0836.fits
5805/spec-5805-56336-0837.fits
5805/spec-5805-56336-0838.fits
5805/spec-5805-56336-0839.fits
5805/spec-5805-56336-0840.fits
5805/spec-5805-56336-0841.fits
5805/spec-5805-56336-0842.fits
5805/spec-5805-56336-0843.fits
5805/spec-5805-56336-0844.fits
5805/spec-5805-56336-0845.fits
5805/spec-5805-56336-0846.fits
5805/spec-5805-56336-0847.fits
5805/spec-5805-56336-0848.fits
5805/spec-5805-56336-0849.fits
5805/spec-5805-56336-0850.fits
5805/spec-5805-56336-0851.fits
5805/spec-5805-56336-0852.fits
5805/spec-5805-56336-0853.fits
5805/spec-5805-56336-0854.fits
5805/spec-5805-56336-0855.fits
5805/spec-5805-56336-0856.fits
5805/spec-5805-56336-0857.fits
5805/spec-5805-56336-0858.fits
5805/spec-5805-56336-0859.fits
5805/spec-5805-56336-0860.fits
5805/spec-5805-56336-0861.fits
5805/spec-5805-56336-0862.fits
5805/spec-5805-56336-0863.fits
5805/spec-5805-56336-0864.fits
5805/spec-5805-56336-0865.fits
5805/spec-5805-56336-0866.fits
5805/spec-5805-56336-0867.fits
5805/spec-5805-56336-0868.fits
5805/spec-5805-56336-0869.fits
5805/spec-5805-56336-0870.fits
5805/spec-5805-56336-0871.fits
5805/spec-5805-56336-0872.fits
5805/spec-5805-56336-0873.fits
5805/spec-5805-56336-0874.fits
5805/spec-5805-56336-0875.fits
5805/spec-5805-56336-0876.fits
5805/spec-5805-56336-0877.fits
5805/spec-5805-56336-0878.fits
5805/spec-5805-56336-0879.fits
5805/spec-5805-56336-0880.fits
5805/spec-5805-56336-0881.fits
5805/spec-5805-56336-0882.fits
5805/spec-5805-56336-0883.fits
5805/spec-5805-56336-0884.fits
5805/spec-5805-56336-0885.fits
5805/spec-5805-56336-0886.fits
5805/spec-5805-56336-0887.fits
5805/spec-5805-56336-0888.fits
5805/spec-5805-56336-0889.fits
5805/spec-5805-56336-0890.fits
5805/spec-5805-56336-0891.fits
5805/spec-5805-56336-0892.fits
5805/spec-5805-56336-0893.fits
5805/spec-5805-56336-0894.fits
5805/spec-5805-56336-0895.fits
5805/spec-5805-56336-0896.fits
5805/spec-5805-56336-0897.fits
5805/spec-5805-56336-0898.fits
5805/spec-5805-56336-0899.fits
5805/spec-5805-56336-0900.fits
5805/spec-5805-56336-0901.fits
5805/spec-5805-56336-0902.fits
5805/spec-5805-56336-0903.fits
5805/spec-5805-56336-0904.fits
5805/spec-5805-56336-0905.fits
5805/spec-5805-56336-0906.fits
5805/spec-5805-56336-0907.fits
5805/spec-5805-56336-0908.fits
5805/spec-5805-56336-0909.fits
5805/spec-5805-56336-0910.fits
5805/spec-5805-56336-0911.fits
5805/spec-5805-56336-0912.fits
5805/spec-5805-56336-0913.fits
5805/spec-5805-56336-0914.fits
5805/spec-5805-56336-0915.fits
5805/spec-5805-56336-0916.fits
5805/spec-5805-56336-0917.fits
5805/spec-5805-56336-0918.fits
5805/spec-5805-56336-0919.fits
5805/spec-5805-56336-0920.fits
5805/spec-5805-56336-0921.fits
5805/spec-5805-56336-0922.fits
5805/spec-5805-56336-0923.fits
5805/spec-5805-56336-0924.fits
5805/spec-5805-56336-0925.fits
5805/spec-5805-56336-0926.fits
5805/spec-5805-56336-0927.fits
5805/spec-5805-56336-0928.fits
5805/spec-5805-56336-0929.fits
5805/spec-5805-56336-0930.fits
5805/spec-5805-56336-0931.fits
5805/spec-5805-56336-0932.fits
5805/spec-5805-56336-0933.fits
5805/spec-5805-56336-0934.fits
5805/spec-5805-56336-0935.fits
5805/spec-5805-56336-0936.fits
5805/spec-5805-56336-0937.fits
5805/spec-5805-56336-0938.fits
5805/spec-5805-56336-0939.fits
5805/spec-5805-56336-0940.fits
5805/spec-5805-56336-0941.fits
5805/spec-5805-56336-0942.fits
5805/spec-5805-56336-0943.fits
5805/spec-5805-56336-0944.fits
5805/spec-5805-56336-0945.fits
5805/spec-5805-56336-0946.fits
5805/spec-5805-56336-0947.fits
5805/spec-5805-56336-0948.fits
5805/spec-5805-56336-0949.fits
5805/spec-5805-56336-0950.fits
5805/spec-5805-56336-0951.fits
5805/spec-5805-56336-0952.fits
5805/spec-5805-56336-0953.fits
5805/spec-5805-56336-0954.fits
5805/spec-5805-56336-0955.fits
5805/spec-5805-56336-0956.fits
5805/spec-5805-56336-0957.fits
5805/spec-5805-56336-0958.fits
5805/spec-5805-56336-0959.fits
5805/spec-5805-56336-0960.fits
5805/spec-5805-56336-0961.fits
5805/spec-5805-56336-0962.fits
5805/spec-5805-56336-0963.fits
5805/spec-5805-56336-0964.fits
5805/spec-5805-56336-0965.fits
5805/spec-5805-56336-0966.fits
5805/spec-5805-56336-0967.fits
5805/spec-5805-56336-0968.fits
5805/spec-5805-56336-0969.fits
5805/spec-5805-56336-0970.fits
5805/spec-5805-56336-0971.fits
5805/spec-5805-56336-0972.fits
5805/spec-5805-56336-0973.fits
5805/spec-5805-56336-0974.fits
5805/spec-5805-56336-0975.fits
5805/spec-5805-56336-0976.fits
5805/spec-5805-56336-0977.fits
5805/spec-5805-56336-0978.fits
5805/spec-5805-56336-0979.fits
5805/spec-5805-56336-0980.fits
5805/spec-5805-56336-0981.fits
5805/spec-5805-56336-0982.fits
5805/spec-5805-56336-0983.fits
5805/spec-5805-56336-0984.fits
5805/spec-5805-56336-0985.fits
5805/spec-5805-56336-0986.fits
5805/spec-5805-56336-0987.fits
5805/spec-5805-56336-0988.fits
5805/spec-5805-56336-0989.fits
5805/spec-5805-56336-0990.fits
5805/spec-5805-56336-0991.fits
5805/spec-5805-56336-0992.fits
5805/spec-5805-56336-0993.fits
5805/spec-5805-56336-0994.fits
5805/spec-5805-56336-0995.fits
5805/spec-5805-56336-0996.fits
5805/spec-5805-56336-0997.fits
5805/spec-5805-56336-0998.fits
5805/spec-5805-56336-0999.fits
5805/spec-5805-56336-1000.fits
/var/lib/condor/execute/slot1/dir_20327
5805 5805.tgz R R361.tar.gz _condor_stderr _condor_stdout cB58_Lyman_break.fit condor_exec.exe hw4.R packages packages.tar.gz tmp var
[1] "Loaded package astro."
[1] 1000
5805 5805.csv 5805.tgz R R361.tar.gz _condor_stderr _condor_stdout cB58_Lyman_break.fit condor_exec.exe hw4.R packages packages.tar.gz tmp var
