5856
5856/
5856/spec-5856-56090-0001.fits
5856/spec-5856-56090-0002.fits
5856/spec-5856-56090-0003.fits
5856/spec-5856-56090-0004.fits
5856/spec-5856-56090-0005.fits
5856/spec-5856-56090-0006.fits
5856/spec-5856-56090-0007.fits
5856/spec-5856-56090-0008.fits
5856/spec-5856-56090-0009.fits
5856/spec-5856-56090-0010.fits
5856/spec-5856-56090-0011.fits
5856/spec-5856-56090-0012.fits
5856/spec-5856-56090-0013.fits
5856/spec-5856-56090-0014.fits
5856/spec-5856-56090-0015.fits
5856/spec-5856-56090-0016.fits
5856/spec-5856-56090-0017.fits
5856/spec-5856-56090-0018.fits
5856/spec-5856-56090-0019.fits
5856/spec-5856-56090-0020.fits
5856/spec-5856-56090-0021.fits
5856/spec-5856-56090-0022.fits
5856/spec-5856-56090-0023.fits
5856/spec-5856-56090-0024.fits
5856/spec-5856-56090-0025.fits
5856/spec-5856-56090-0026.fits
5856/spec-5856-56090-0027.fits
5856/spec-5856-56090-0028.fits
5856/spec-5856-56090-0029.fits
5856/spec-5856-56090-0030.fits
5856/spec-5856-56090-0031.fits
5856/spec-5856-56090-0032.fits
5856/spec-5856-56090-0033.fits
5856/spec-5856-56090-0034.fits
5856/spec-5856-56090-0035.fits
5856/spec-5856-56090-0036.fits
5856/spec-5856-56090-0037.fits
5856/spec-5856-56090-0038.fits
5856/spec-5856-56090-0039.fits
5856/spec-5856-56090-0040.fits
5856/spec-5856-56090-0041.fits
5856/spec-5856-56090-0042.fits
5856/spec-5856-56090-0043.fits
5856/spec-5856-56090-0044.fits
5856/spec-5856-56090-0045.fits
5856/spec-5856-56090-0046.fits
5856/spec-5856-56090-0047.fits
5856/spec-5856-56090-0048.fits
5856/spec-5856-56090-0049.fits
5856/spec-5856-56090-0050.fits
5856/spec-5856-56090-0051.fits
5856/spec-5856-56090-0052.fits
5856/spec-5856-56090-0053.fits
5856/spec-5856-56090-0054.fits
5856/spec-5856-56090-0055.fits
5856/spec-5856-56090-0056.fits
5856/spec-5856-56090-0057.fits
5856/spec-5856-56090-0058.fits
5856/spec-5856-56090-0059.fits
5856/spec-5856-56090-0060.fits
5856/spec-5856-56090-0061.fits
5856/spec-5856-56090-0062.fits
5856/spec-5856-56090-0063.fits
5856/spec-5856-56090-0064.fits
5856/spec-5856-56090-0065.fits
5856/spec-5856-56090-0066.fits
5856/spec-5856-56090-0067.fits
5856/spec-5856-56090-0068.fits
5856/spec-5856-56090-0069.fits
5856/spec-5856-56090-0070.fits
5856/spec-5856-56090-0071.fits
5856/spec-5856-56090-0072.fits
5856/spec-5856-56090-0073.fits
5856/spec-5856-56090-0074.fits
5856/spec-5856-56090-0075.fits
5856/spec-5856-56090-0076.fits
5856/spec-5856-56090-0077.fits
5856/spec-5856-56090-0078.fits
5856/spec-5856-56090-0079.fits
5856/spec-5856-56090-0080.fits
5856/spec-5856-56090-0081.fits
5856/spec-5856-56090-0082.fits
5856/spec-5856-56090-0083.fits
5856/spec-5856-56090-0084.fits
5856/spec-5856-56090-0085.fits
5856/spec-5856-56090-0086.fits
5856/spec-5856-56090-0087.fits
5856/spec-5856-56090-0088.fits
5856/spec-5856-56090-0089.fits
5856/spec-5856-56090-0090.fits
5856/spec-5856-56090-0091.fits
5856/spec-5856-56090-0092.fits
5856/spec-5856-56090-0093.fits
5856/spec-5856-56090-0094.fits
5856/spec-5856-56090-0095.fits
5856/spec-5856-56090-0096.fits
5856/spec-5856-56090-0097.fits
5856/spec-5856-56090-0098.fits
5856/spec-5856-56090-0099.fits
5856/spec-5856-56090-0100.fits
5856/spec-5856-56090-0101.fits
5856/spec-5856-56090-0102.fits
5856/spec-5856-56090-0103.fits
5856/spec-5856-56090-0104.fits
5856/spec-5856-56090-0105.fits
5856/spec-5856-56090-0106.fits
5856/spec-5856-56090-0107.fits
5856/spec-5856-56090-0108.fits
5856/spec-5856-56090-0109.fits
5856/spec-5856-56090-0110.fits
5856/spec-5856-56090-0111.fits
5856/spec-5856-56090-0112.fits
5856/spec-5856-56090-0113.fits
5856/spec-5856-56090-0114.fits
5856/spec-5856-56090-0115.fits
5856/spec-5856-56090-0116.fits
5856/spec-5856-56090-0117.fits
5856/spec-5856-56090-0118.fits
5856/spec-5856-56090-0119.fits
5856/spec-5856-56090-0120.fits
5856/spec-5856-56090-0121.fits
5856/spec-5856-56090-0122.fits
5856/spec-5856-56090-0123.fits
5856/spec-5856-56090-0124.fits
5856/spec-5856-56090-0125.fits
5856/spec-5856-56090-0126.fits
5856/spec-5856-56090-0127.fits
5856/spec-5856-56090-0128.fits
5856/spec-5856-56090-0129.fits
5856/spec-5856-56090-0130.fits
5856/spec-5856-56090-0131.fits
5856/spec-5856-56090-0132.fits
5856/spec-5856-56090-0133.fits
5856/spec-5856-56090-0134.fits
5856/spec-5856-56090-0135.fits
5856/spec-5856-56090-0136.fits
5856/spec-5856-56090-0137.fits
5856/spec-5856-56090-0138.fits
5856/spec-5856-56090-0139.fits
5856/spec-5856-56090-0140.fits
5856/spec-5856-56090-0141.fits
5856/spec-5856-56090-0142.fits
5856/spec-5856-56090-0143.fits
5856/spec-5856-56090-0144.fits
5856/spec-5856-56090-0145.fits
5856/spec-5856-56090-0146.fits
5856/spec-5856-56090-0147.fits
5856/spec-5856-56090-0148.fits
5856/spec-5856-56090-0149.fits
5856/spec-5856-56090-0150.fits
5856/spec-5856-56090-0151.fits
5856/spec-5856-56090-0152.fits
5856/spec-5856-56090-0153.fits
5856/spec-5856-56090-0154.fits
5856/spec-5856-56090-0155.fits
5856/spec-5856-56090-0156.fits
5856/spec-5856-56090-0157.fits
5856/spec-5856-56090-0158.fits
5856/spec-5856-56090-0159.fits
5856/spec-5856-56090-0160.fits
5856/spec-5856-56090-0161.fits
5856/spec-5856-56090-0162.fits
5856/spec-5856-56090-0163.fits
5856/spec-5856-56090-0164.fits
5856/spec-5856-56090-0165.fits
5856/spec-5856-56090-0166.fits
5856/spec-5856-56090-0167.fits
5856/spec-5856-56090-0168.fits
5856/spec-5856-56090-0169.fits
5856/spec-5856-56090-0170.fits
5856/spec-5856-56090-0171.fits
5856/spec-5856-56090-0172.fits
5856/spec-5856-56090-0173.fits
5856/spec-5856-56090-0174.fits
5856/spec-5856-56090-0175.fits
5856/spec-5856-56090-0176.fits
5856/spec-5856-56090-0177.fits
5856/spec-5856-56090-0178.fits
5856/spec-5856-56090-0179.fits
5856/spec-5856-56090-0180.fits
5856/spec-5856-56090-0181.fits
5856/spec-5856-56090-0182.fits
5856/spec-5856-56090-0183.fits
5856/spec-5856-56090-0184.fits
5856/spec-5856-56090-0185.fits
5856/spec-5856-56090-0186.fits
5856/spec-5856-56090-0187.fits
5856/spec-5856-56090-0188.fits
5856/spec-5856-56090-0189.fits
5856/spec-5856-56090-0190.fits
5856/spec-5856-56090-0191.fits
5856/spec-5856-56090-0192.fits
5856/spec-5856-56090-0193.fits
5856/spec-5856-56090-0194.fits
5856/spec-5856-56090-0195.fits
5856/spec-5856-56090-0196.fits
5856/spec-5856-56090-0197.fits
5856/spec-5856-56090-0198.fits
5856/spec-5856-56090-0199.fits
5856/spec-5856-56090-0200.fits
5856/spec-5856-56090-0201.fits
5856/spec-5856-56090-0202.fits
5856/spec-5856-56090-0203.fits
5856/spec-5856-56090-0204.fits
5856/spec-5856-56090-0205.fits
5856/spec-5856-56090-0206.fits
5856/spec-5856-56090-0207.fits
5856/spec-5856-56090-0208.fits
5856/spec-5856-56090-0209.fits
5856/spec-5856-56090-0210.fits
5856/spec-5856-56090-0211.fits
5856/spec-5856-56090-0212.fits
5856/spec-5856-56090-0213.fits
5856/spec-5856-56090-0214.fits
5856/spec-5856-56090-0215.fits
5856/spec-5856-56090-0216.fits
5856/spec-5856-56090-0217.fits
5856/spec-5856-56090-0218.fits
5856/spec-5856-56090-0219.fits
5856/spec-5856-56090-0220.fits
5856/spec-5856-56090-0221.fits
5856/spec-5856-56090-0222.fits
5856/spec-5856-56090-0223.fits
5856/spec-5856-56090-0224.fits
5856/spec-5856-56090-0225.fits
5856/spec-5856-56090-0226.fits
5856/spec-5856-56090-0227.fits
5856/spec-5856-56090-0228.fits
5856/spec-5856-56090-0229.fits
5856/spec-5856-56090-0230.fits
5856/spec-5856-56090-0231.fits
5856/spec-5856-56090-0232.fits
5856/spec-5856-56090-0233.fits
5856/spec-5856-56090-0234.fits
5856/spec-5856-56090-0235.fits
5856/spec-5856-56090-0236.fits
5856/spec-5856-56090-0237.fits
5856/spec-5856-56090-0238.fits
5856/spec-5856-56090-0239.fits
5856/spec-5856-56090-0240.fits
5856/spec-5856-56090-0241.fits
5856/spec-5856-56090-0242.fits
5856/spec-5856-56090-0243.fits
5856/spec-5856-56090-0244.fits
5856/spec-5856-56090-0245.fits
5856/spec-5856-56090-0246.fits
5856/spec-5856-56090-0247.fits
5856/spec-5856-56090-0248.fits
5856/spec-5856-56090-0249.fits
5856/spec-5856-56090-0250.fits
5856/spec-5856-56090-0251.fits
5856/spec-5856-56090-0252.fits
5856/spec-5856-56090-0253.fits
5856/spec-5856-56090-0254.fits
5856/spec-5856-56090-0255.fits
5856/spec-5856-56090-0256.fits
5856/spec-5856-56090-0257.fits
5856/spec-5856-56090-0258.fits
5856/spec-5856-56090-0259.fits
5856/spec-5856-56090-0260.fits
5856/spec-5856-56090-0261.fits
5856/spec-5856-56090-0262.fits
5856/spec-5856-56090-0263.fits
5856/spec-5856-56090-0264.fits
5856/spec-5856-56090-0265.fits
5856/spec-5856-56090-0266.fits
5856/spec-5856-56090-0267.fits
5856/spec-5856-56090-0268.fits
5856/spec-5856-56090-0269.fits
5856/spec-5856-56090-0270.fits
5856/spec-5856-56090-0271.fits
5856/spec-5856-56090-0272.fits
5856/spec-5856-56090-0273.fits
5856/spec-5856-56090-0274.fits
5856/spec-5856-56090-0275.fits
5856/spec-5856-56090-0276.fits
5856/spec-5856-56090-0277.fits
5856/spec-5856-56090-0278.fits
5856/spec-5856-56090-0279.fits
5856/spec-5856-56090-0280.fits
5856/spec-5856-56090-0281.fits
5856/spec-5856-56090-0282.fits
5856/spec-5856-56090-0283.fits
5856/spec-5856-56090-0284.fits
5856/spec-5856-56090-0285.fits
5856/spec-5856-56090-0286.fits
5856/spec-5856-56090-0287.fits
5856/spec-5856-56090-0288.fits
5856/spec-5856-56090-0289.fits
5856/spec-5856-56090-0290.fits
5856/spec-5856-56090-0291.fits
5856/spec-5856-56090-0292.fits
5856/spec-5856-56090-0293.fits
5856/spec-5856-56090-0294.fits
5856/spec-5856-56090-0295.fits
5856/spec-5856-56090-0296.fits
5856/spec-5856-56090-0297.fits
5856/spec-5856-56090-0298.fits
5856/spec-5856-56090-0299.fits
5856/spec-5856-56090-0300.fits
5856/spec-5856-56090-0301.fits
5856/spec-5856-56090-0302.fits
5856/spec-5856-56090-0303.fits
5856/spec-5856-56090-0304.fits
5856/spec-5856-56090-0305.fits
5856/spec-5856-56090-0306.fits
5856/spec-5856-56090-0307.fits
5856/spec-5856-56090-0308.fits
5856/spec-5856-56090-0309.fits
5856/spec-5856-56090-0310.fits
5856/spec-5856-56090-0311.fits
5856/spec-5856-56090-0312.fits
5856/spec-5856-56090-0313.fits
5856/spec-5856-56090-0314.fits
5856/spec-5856-56090-0315.fits
5856/spec-5856-56090-0316.fits
5856/spec-5856-56090-0317.fits
5856/spec-5856-56090-0318.fits
5856/spec-5856-56090-0319.fits
5856/spec-5856-56090-0320.fits
5856/spec-5856-56090-0321.fits
5856/spec-5856-56090-0322.fits
5856/spec-5856-56090-0323.fits
5856/spec-5856-56090-0324.fits
5856/spec-5856-56090-0325.fits
5856/spec-5856-56090-0326.fits
5856/spec-5856-56090-0327.fits
5856/spec-5856-56090-0328.fits
5856/spec-5856-56090-0329.fits
5856/spec-5856-56090-0330.fits
5856/spec-5856-56090-0331.fits
5856/spec-5856-56090-0332.fits
5856/spec-5856-56090-0333.fits
5856/spec-5856-56090-0334.fits
5856/spec-5856-56090-0335.fits
5856/spec-5856-56090-0336.fits
5856/spec-5856-56090-0337.fits
5856/spec-5856-56090-0338.fits
5856/spec-5856-56090-0339.fits
5856/spec-5856-56090-0340.fits
5856/spec-5856-56090-0341.fits
5856/spec-5856-56090-0342.fits
5856/spec-5856-56090-0343.fits
5856/spec-5856-56090-0344.fits
5856/spec-5856-56090-0345.fits
5856/spec-5856-56090-0346.fits
5856/spec-5856-56090-0347.fits
5856/spec-5856-56090-0348.fits
5856/spec-5856-56090-0349.fits
5856/spec-5856-56090-0350.fits
5856/spec-5856-56090-0351.fits
5856/spec-5856-56090-0352.fits
5856/spec-5856-56090-0353.fits
5856/spec-5856-56090-0354.fits
5856/spec-5856-56090-0355.fits
5856/spec-5856-56090-0356.fits
5856/spec-5856-56090-0357.fits
5856/spec-5856-56090-0358.fits
5856/spec-5856-56090-0359.fits
5856/spec-5856-56090-0360.fits
5856/spec-5856-56090-0361.fits
5856/spec-5856-56090-0362.fits
5856/spec-5856-56090-0363.fits
5856/spec-5856-56090-0364.fits
5856/spec-5856-56090-0365.fits
5856/spec-5856-56090-0366.fits
5856/spec-5856-56090-0367.fits
5856/spec-5856-56090-0368.fits
5856/spec-5856-56090-0369.fits
5856/spec-5856-56090-0370.fits
5856/spec-5856-56090-0371.fits
5856/spec-5856-56090-0372.fits
5856/spec-5856-56090-0373.fits
5856/spec-5856-56090-0374.fits
5856/spec-5856-56090-0375.fits
5856/spec-5856-56090-0376.fits
5856/spec-5856-56090-0377.fits
5856/spec-5856-56090-0378.fits
5856/spec-5856-56090-0379.fits
5856/spec-5856-56090-0380.fits
5856/spec-5856-56090-0381.fits
5856/spec-5856-56090-0382.fits
5856/spec-5856-56090-0383.fits
5856/spec-5856-56090-0384.fits
5856/spec-5856-56090-0385.fits
5856/spec-5856-56090-0386.fits
5856/spec-5856-56090-0387.fits
5856/spec-5856-56090-0388.fits
5856/spec-5856-56090-0389.fits
5856/spec-5856-56090-0390.fits
5856/spec-5856-56090-0391.fits
5856/spec-5856-56090-0392.fits
5856/spec-5856-56090-0393.fits
5856/spec-5856-56090-0394.fits
5856/spec-5856-56090-0395.fits
5856/spec-5856-56090-0396.fits
5856/spec-5856-56090-0397.fits
5856/spec-5856-56090-0398.fits
5856/spec-5856-56090-0399.fits
5856/spec-5856-56090-0400.fits
5856/spec-5856-56090-0401.fits
5856/spec-5856-56090-0402.fits
5856/spec-5856-56090-0403.fits
5856/spec-5856-56090-0404.fits
5856/spec-5856-56090-0405.fits
5856/spec-5856-56090-0406.fits
5856/spec-5856-56090-0407.fits
5856/spec-5856-56090-0408.fits
5856/spec-5856-56090-0409.fits
5856/spec-5856-56090-0410.fits
5856/spec-5856-56090-0411.fits
5856/spec-5856-56090-0412.fits
5856/spec-5856-56090-0413.fits
5856/spec-5856-56090-0414.fits
5856/spec-5856-56090-0415.fits
5856/spec-5856-56090-0416.fits
5856/spec-5856-56090-0417.fits
5856/spec-5856-56090-0418.fits
5856/spec-5856-56090-0419.fits
5856/spec-5856-56090-0420.fits
5856/spec-5856-56090-0421.fits
5856/spec-5856-56090-0422.fits
5856/spec-5856-56090-0423.fits
5856/spec-5856-56090-0424.fits
5856/spec-5856-56090-0425.fits
5856/spec-5856-56090-0426.fits
5856/spec-5856-56090-0427.fits
5856/spec-5856-56090-0428.fits
5856/spec-5856-56090-0429.fits
5856/spec-5856-56090-0430.fits
5856/spec-5856-56090-0431.fits
5856/spec-5856-56090-0432.fits
5856/spec-5856-56090-0433.fits
5856/spec-5856-56090-0434.fits
5856/spec-5856-56090-0435.fits
5856/spec-5856-56090-0436.fits
5856/spec-5856-56090-0437.fits
5856/spec-5856-56090-0438.fits
5856/spec-5856-56090-0439.fits
5856/spec-5856-56090-0440.fits
5856/spec-5856-56090-0441.fits
5856/spec-5856-56090-0442.fits
5856/spec-5856-56090-0443.fits
5856/spec-5856-56090-0444.fits
5856/spec-5856-56090-0445.fits
5856/spec-5856-56090-0446.fits
5856/spec-5856-56090-0447.fits
5856/spec-5856-56090-0448.fits
5856/spec-5856-56090-0449.fits
5856/spec-5856-56090-0450.fits
5856/spec-5856-56090-0451.fits
5856/spec-5856-56090-0452.fits
5856/spec-5856-56090-0453.fits
5856/spec-5856-56090-0454.fits
5856/spec-5856-56090-0455.fits
5856/spec-5856-56090-0456.fits
5856/spec-5856-56090-0457.fits
5856/spec-5856-56090-0458.fits
5856/spec-5856-56090-0459.fits
5856/spec-5856-56090-0460.fits
5856/spec-5856-56090-0461.fits
5856/spec-5856-56090-0462.fits
5856/spec-5856-56090-0463.fits
5856/spec-5856-56090-0464.fits
5856/spec-5856-56090-0465.fits
5856/spec-5856-56090-0466.fits
5856/spec-5856-56090-0467.fits
5856/spec-5856-56090-0468.fits
5856/spec-5856-56090-0469.fits
5856/spec-5856-56090-0470.fits
5856/spec-5856-56090-0471.fits
5856/spec-5856-56090-0472.fits
5856/spec-5856-56090-0473.fits
5856/spec-5856-56090-0474.fits
5856/spec-5856-56090-0475.fits
5856/spec-5856-56090-0476.fits
5856/spec-5856-56090-0477.fits
5856/spec-5856-56090-0478.fits
5856/spec-5856-56090-0479.fits
5856/spec-5856-56090-0480.fits
5856/spec-5856-56090-0481.fits
5856/spec-5856-56090-0482.fits
5856/spec-5856-56090-0483.fits
5856/spec-5856-56090-0484.fits
5856/spec-5856-56090-0485.fits
5856/spec-5856-56090-0486.fits
5856/spec-5856-56090-0487.fits
5856/spec-5856-56090-0488.fits
5856/spec-5856-56090-0489.fits
5856/spec-5856-56090-0490.fits
5856/spec-5856-56090-0491.fits
5856/spec-5856-56090-0492.fits
5856/spec-5856-56090-0493.fits
5856/spec-5856-56090-0494.fits
5856/spec-5856-56090-0495.fits
5856/spec-5856-56090-0496.fits
5856/spec-5856-56090-0497.fits
5856/spec-5856-56090-0498.fits
5856/spec-5856-56090-0499.fits
5856/spec-5856-56090-0500.fits
5856/spec-5856-56090-0501.fits
5856/spec-5856-56090-0502.fits
5856/spec-5856-56090-0503.fits
5856/spec-5856-56090-0504.fits
5856/spec-5856-56090-0505.fits
5856/spec-5856-56090-0506.fits
5856/spec-5856-56090-0507.fits
5856/spec-5856-56090-0508.fits
5856/spec-5856-56090-0509.fits
5856/spec-5856-56090-0510.fits
5856/spec-5856-56090-0511.fits
5856/spec-5856-56090-0512.fits
5856/spec-5856-56090-0513.fits
5856/spec-5856-56090-0514.fits
5856/spec-5856-56090-0515.fits
5856/spec-5856-56090-0516.fits
5856/spec-5856-56090-0517.fits
5856/spec-5856-56090-0518.fits
5856/spec-5856-56090-0519.fits
5856/spec-5856-56090-0520.fits
5856/spec-5856-56090-0521.fits
5856/spec-5856-56090-0522.fits
5856/spec-5856-56090-0523.fits
5856/spec-5856-56090-0524.fits
5856/spec-5856-56090-0525.fits
5856/spec-5856-56090-0526.fits
5856/spec-5856-56090-0527.fits
5856/spec-5856-56090-0528.fits
5856/spec-5856-56090-0529.fits
5856/spec-5856-56090-0530.fits
5856/spec-5856-56090-0531.fits
5856/spec-5856-56090-0532.fits
5856/spec-5856-56090-0533.fits
5856/spec-5856-56090-0534.fits
5856/spec-5856-56090-0535.fits
5856/spec-5856-56090-0536.fits
5856/spec-5856-56090-0537.fits
5856/spec-5856-56090-0538.fits
5856/spec-5856-56090-0539.fits
5856/spec-5856-56090-0540.fits
5856/spec-5856-56090-0541.fits
5856/spec-5856-56090-0542.fits
5856/spec-5856-56090-0543.fits
5856/spec-5856-56090-0544.fits
5856/spec-5856-56090-0545.fits
5856/spec-5856-56090-0546.fits
5856/spec-5856-56090-0547.fits
5856/spec-5856-56090-0548.fits
5856/spec-5856-56090-0549.fits
5856/spec-5856-56090-0550.fits
5856/spec-5856-56090-0551.fits
5856/spec-5856-56090-0552.fits
5856/spec-5856-56090-0553.fits
5856/spec-5856-56090-0554.fits
5856/spec-5856-56090-0555.fits
5856/spec-5856-56090-0556.fits
5856/spec-5856-56090-0557.fits
5856/spec-5856-56090-0558.fits
5856/spec-5856-56090-0559.fits
5856/spec-5856-56090-0560.fits
5856/spec-5856-56090-0561.fits
5856/spec-5856-56090-0562.fits
5856/spec-5856-56090-0563.fits
5856/spec-5856-56090-0564.fits
5856/spec-5856-56090-0565.fits
5856/spec-5856-56090-0566.fits
5856/spec-5856-56090-0567.fits
5856/spec-5856-56090-0568.fits
5856/spec-5856-56090-0569.fits
5856/spec-5856-56090-0570.fits
5856/spec-5856-56090-0571.fits
5856/spec-5856-56090-0572.fits
5856/spec-5856-56090-0573.fits
5856/spec-5856-56090-0574.fits
5856/spec-5856-56090-0575.fits
5856/spec-5856-56090-0576.fits
5856/spec-5856-56090-0577.fits
5856/spec-5856-56090-0578.fits
5856/spec-5856-56090-0579.fits
5856/spec-5856-56090-0580.fits
5856/spec-5856-56090-0581.fits
5856/spec-5856-56090-0582.fits
5856/spec-5856-56090-0583.fits
5856/spec-5856-56090-0584.fits
5856/spec-5856-56090-0585.fits
5856/spec-5856-56090-0586.fits
5856/spec-5856-56090-0587.fits
5856/spec-5856-56090-0588.fits
5856/spec-5856-56090-0589.fits
5856/spec-5856-56090-0590.fits
5856/spec-5856-56090-0591.fits
5856/spec-5856-56090-0592.fits
5856/spec-5856-56090-0593.fits
5856/spec-5856-56090-0594.fits
5856/spec-5856-56090-0595.fits
5856/spec-5856-56090-0596.fits
5856/spec-5856-56090-0597.fits
5856/spec-5856-56090-0598.fits
5856/spec-5856-56090-0599.fits
5856/spec-5856-56090-0600.fits
5856/spec-5856-56090-0601.fits
5856/spec-5856-56090-0602.fits
5856/spec-5856-56090-0603.fits
5856/spec-5856-56090-0604.fits
5856/spec-5856-56090-0605.fits
5856/spec-5856-56090-0606.fits
5856/spec-5856-56090-0607.fits
5856/spec-5856-56090-0608.fits
5856/spec-5856-56090-0609.fits
5856/spec-5856-56090-0610.fits
5856/spec-5856-56090-0611.fits
5856/spec-5856-56090-0612.fits
5856/spec-5856-56090-0613.fits
5856/spec-5856-56090-0614.fits
5856/spec-5856-56090-0615.fits
5856/spec-5856-56090-0616.fits
5856/spec-5856-56090-0617.fits
5856/spec-5856-56090-0618.fits
5856/spec-5856-56090-0619.fits
5856/spec-5856-56090-0620.fits
5856/spec-5856-56090-0621.fits
5856/spec-5856-56090-0622.fits
5856/spec-5856-56090-0623.fits
5856/spec-5856-56090-0624.fits
5856/spec-5856-56090-0625.fits
5856/spec-5856-56090-0626.fits
5856/spec-5856-56090-0627.fits
5856/spec-5856-56090-0628.fits
5856/spec-5856-56090-0629.fits
5856/spec-5856-56090-0630.fits
5856/spec-5856-56090-0631.fits
5856/spec-5856-56090-0632.fits
5856/spec-5856-56090-0633.fits
5856/spec-5856-56090-0634.fits
5856/spec-5856-56090-0635.fits
5856/spec-5856-56090-0636.fits
5856/spec-5856-56090-0637.fits
5856/spec-5856-56090-0638.fits
5856/spec-5856-56090-0639.fits
5856/spec-5856-56090-0640.fits
5856/spec-5856-56090-0641.fits
5856/spec-5856-56090-0642.fits
5856/spec-5856-56090-0643.fits
5856/spec-5856-56090-0644.fits
5856/spec-5856-56090-0645.fits
5856/spec-5856-56090-0646.fits
5856/spec-5856-56090-0647.fits
5856/spec-5856-56090-0648.fits
5856/spec-5856-56090-0649.fits
5856/spec-5856-56090-0650.fits
5856/spec-5856-56090-0651.fits
5856/spec-5856-56090-0652.fits
5856/spec-5856-56090-0653.fits
5856/spec-5856-56090-0654.fits
5856/spec-5856-56090-0655.fits
5856/spec-5856-56090-0656.fits
5856/spec-5856-56090-0657.fits
5856/spec-5856-56090-0658.fits
5856/spec-5856-56090-0659.fits
5856/spec-5856-56090-0660.fits
5856/spec-5856-56090-0661.fits
5856/spec-5856-56090-0662.fits
5856/spec-5856-56090-0663.fits
5856/spec-5856-56090-0664.fits
5856/spec-5856-56090-0665.fits
5856/spec-5856-56090-0666.fits
5856/spec-5856-56090-0667.fits
5856/spec-5856-56090-0668.fits
5856/spec-5856-56090-0669.fits
5856/spec-5856-56090-0670.fits
5856/spec-5856-56090-0671.fits
5856/spec-5856-56090-0672.fits
5856/spec-5856-56090-0673.fits
5856/spec-5856-56090-0674.fits
5856/spec-5856-56090-0675.fits
5856/spec-5856-56090-0676.fits
5856/spec-5856-56090-0677.fits
5856/spec-5856-56090-0678.fits
5856/spec-5856-56090-0679.fits
5856/spec-5856-56090-0680.fits
5856/spec-5856-56090-0681.fits
5856/spec-5856-56090-0682.fits
5856/spec-5856-56090-0683.fits
5856/spec-5856-56090-0684.fits
5856/spec-5856-56090-0685.fits
5856/spec-5856-56090-0686.fits
5856/spec-5856-56090-0687.fits
5856/spec-5856-56090-0688.fits
5856/spec-5856-56090-0689.fits
5856/spec-5856-56090-0690.fits
5856/spec-5856-56090-0691.fits
5856/spec-5856-56090-0692.fits
5856/spec-5856-56090-0693.fits
5856/spec-5856-56090-0694.fits
5856/spec-5856-56090-0695.fits
5856/spec-5856-56090-0696.fits
5856/spec-5856-56090-0697.fits
5856/spec-5856-56090-0698.fits
5856/spec-5856-56090-0699.fits
5856/spec-5856-56090-0700.fits
5856/spec-5856-56090-0701.fits
5856/spec-5856-56090-0702.fits
5856/spec-5856-56090-0703.fits
5856/spec-5856-56090-0704.fits
5856/spec-5856-56090-0705.fits
5856/spec-5856-56090-0706.fits
5856/spec-5856-56090-0707.fits
5856/spec-5856-56090-0708.fits
5856/spec-5856-56090-0709.fits
5856/spec-5856-56090-0710.fits
5856/spec-5856-56090-0711.fits
5856/spec-5856-56090-0712.fits
5856/spec-5856-56090-0713.fits
5856/spec-5856-56090-0714.fits
5856/spec-5856-56090-0715.fits
5856/spec-5856-56090-0716.fits
5856/spec-5856-56090-0717.fits
5856/spec-5856-56090-0718.fits
5856/spec-5856-56090-0719.fits
5856/spec-5856-56090-0720.fits
5856/spec-5856-56090-0721.fits
5856/spec-5856-56090-0722.fits
5856/spec-5856-56090-0723.fits
5856/spec-5856-56090-0724.fits
5856/spec-5856-56090-0725.fits
5856/spec-5856-56090-0726.fits
5856/spec-5856-56090-0727.fits
5856/spec-5856-56090-0728.fits
5856/spec-5856-56090-0729.fits
5856/spec-5856-56090-0730.fits
5856/spec-5856-56090-0731.fits
5856/spec-5856-56090-0732.fits
5856/spec-5856-56090-0733.fits
5856/spec-5856-56090-0734.fits
5856/spec-5856-56090-0735.fits
5856/spec-5856-56090-0736.fits
5856/spec-5856-56090-0737.fits
5856/spec-5856-56090-0738.fits
5856/spec-5856-56090-0739.fits
5856/spec-5856-56090-0740.fits
5856/spec-5856-56090-0741.fits
5856/spec-5856-56090-0742.fits
5856/spec-5856-56090-0743.fits
5856/spec-5856-56090-0744.fits
5856/spec-5856-56090-0745.fits
5856/spec-5856-56090-0746.fits
5856/spec-5856-56090-0747.fits
5856/spec-5856-56090-0748.fits
5856/spec-5856-56090-0749.fits
5856/spec-5856-56090-0750.fits
5856/spec-5856-56090-0751.fits
5856/spec-5856-56090-0752.fits
5856/spec-5856-56090-0753.fits
5856/spec-5856-56090-0754.fits
5856/spec-5856-56090-0755.fits
5856/spec-5856-56090-0756.fits
5856/spec-5856-56090-0757.fits
5856/spec-5856-56090-0758.fits
5856/spec-5856-56090-0759.fits
5856/spec-5856-56090-0760.fits
5856/spec-5856-56090-0761.fits
5856/spec-5856-56090-0762.fits
5856/spec-5856-56090-0763.fits
5856/spec-5856-56090-0764.fits
5856/spec-5856-56090-0765.fits
5856/spec-5856-56090-0766.fits
5856/spec-5856-56090-0767.fits
5856/spec-5856-56090-0768.fits
5856/spec-5856-56090-0769.fits
5856/spec-5856-56090-0770.fits
5856/spec-5856-56090-0771.fits
5856/spec-5856-56090-0772.fits
5856/spec-5856-56090-0773.fits
5856/spec-5856-56090-0774.fits
5856/spec-5856-56090-0775.fits
5856/spec-5856-56090-0776.fits
5856/spec-5856-56090-0777.fits
5856/spec-5856-56090-0778.fits
5856/spec-5856-56090-0779.fits
5856/spec-5856-56090-0780.fits
5856/spec-5856-56090-0781.fits
5856/spec-5856-56090-0782.fits
5856/spec-5856-56090-0783.fits
5856/spec-5856-56090-0784.fits
5856/spec-5856-56090-0785.fits
5856/spec-5856-56090-0786.fits
5856/spec-5856-56090-0787.fits
5856/spec-5856-56090-0788.fits
5856/spec-5856-56090-0789.fits
5856/spec-5856-56090-0790.fits
5856/spec-5856-56090-0791.fits
5856/spec-5856-56090-0792.fits
5856/spec-5856-56090-0793.fits
5856/spec-5856-56090-0794.fits
5856/spec-5856-56090-0795.fits
5856/spec-5856-56090-0796.fits
5856/spec-5856-56090-0797.fits
5856/spec-5856-56090-0798.fits
5856/spec-5856-56090-0799.fits
5856/spec-5856-56090-0800.fits
5856/spec-5856-56090-0801.fits
5856/spec-5856-56090-0802.fits
5856/spec-5856-56090-0803.fits
5856/spec-5856-56090-0804.fits
5856/spec-5856-56090-0805.fits
5856/spec-5856-56090-0806.fits
5856/spec-5856-56090-0807.fits
5856/spec-5856-56090-0808.fits
5856/spec-5856-56090-0809.fits
5856/spec-5856-56090-0810.fits
5856/spec-5856-56090-0811.fits
5856/spec-5856-56090-0812.fits
5856/spec-5856-56090-0813.fits
5856/spec-5856-56090-0814.fits
5856/spec-5856-56090-0815.fits
5856/spec-5856-56090-0816.fits
5856/spec-5856-56090-0817.fits
5856/spec-5856-56090-0818.fits
5856/spec-5856-56090-0819.fits
5856/spec-5856-56090-0820.fits
5856/spec-5856-56090-0821.fits
5856/spec-5856-56090-0822.fits
5856/spec-5856-56090-0823.fits
5856/spec-5856-56090-0824.fits
5856/spec-5856-56090-0825.fits
5856/spec-5856-56090-0826.fits
5856/spec-5856-56090-0827.fits
5856/spec-5856-56090-0828.fits
5856/spec-5856-56090-0829.fits
5856/spec-5856-56090-0830.fits
5856/spec-5856-56090-0831.fits
5856/spec-5856-56090-0832.fits
5856/spec-5856-56090-0833.fits
5856/spec-5856-56090-0834.fits
5856/spec-5856-56090-0835.fits
5856/spec-5856-56090-0836.fits
5856/spec-5856-56090-0837.fits
5856/spec-5856-56090-0838.fits
5856/spec-5856-56090-0839.fits
5856/spec-5856-56090-0840.fits
5856/spec-5856-56090-0841.fits
5856/spec-5856-56090-0842.fits
5856/spec-5856-56090-0843.fits
5856/spec-5856-56090-0844.fits
5856/spec-5856-56090-0845.fits
5856/spec-5856-56090-0846.fits
5856/spec-5856-56090-0847.fits
5856/spec-5856-56090-0848.fits
5856/spec-5856-56090-0849.fits
5856/spec-5856-56090-0850.fits
5856/spec-5856-56090-0851.fits
5856/spec-5856-56090-0852.fits
5856/spec-5856-56090-0853.fits
5856/spec-5856-56090-0854.fits
5856/spec-5856-56090-0855.fits
5856/spec-5856-56090-0856.fits
5856/spec-5856-56090-0857.fits
5856/spec-5856-56090-0858.fits
5856/spec-5856-56090-0859.fits
5856/spec-5856-56090-0860.fits
5856/spec-5856-56090-0861.fits
5856/spec-5856-56090-0862.fits
5856/spec-5856-56090-0863.fits
5856/spec-5856-56090-0864.fits
5856/spec-5856-56090-0865.fits
5856/spec-5856-56090-0866.fits
5856/spec-5856-56090-0867.fits
5856/spec-5856-56090-0868.fits
5856/spec-5856-56090-0869.fits
5856/spec-5856-56090-0870.fits
5856/spec-5856-56090-0871.fits
5856/spec-5856-56090-0872.fits
5856/spec-5856-56090-0873.fits
5856/spec-5856-56090-0874.fits
5856/spec-5856-56090-0875.fits
5856/spec-5856-56090-0876.fits
5856/spec-5856-56090-0877.fits
5856/spec-5856-56090-0878.fits
5856/spec-5856-56090-0879.fits
5856/spec-5856-56090-0880.fits
5856/spec-5856-56090-0881.fits
5856/spec-5856-56090-0882.fits
5856/spec-5856-56090-0883.fits
5856/spec-5856-56090-0884.fits
5856/spec-5856-56090-0885.fits
5856/spec-5856-56090-0886.fits
5856/spec-5856-56090-0887.fits
5856/spec-5856-56090-0888.fits
5856/spec-5856-56090-0889.fits
5856/spec-5856-56090-0890.fits
5856/spec-5856-56090-0891.fits
5856/spec-5856-56090-0892.fits
5856/spec-5856-56090-0893.fits
5856/spec-5856-56090-0894.fits
5856/spec-5856-56090-0895.fits
5856/spec-5856-56090-0896.fits
5856/spec-5856-56090-0897.fits
5856/spec-5856-56090-0898.fits
5856/spec-5856-56090-0899.fits
5856/spec-5856-56090-0900.fits
5856/spec-5856-56090-0901.fits
5856/spec-5856-56090-0902.fits
5856/spec-5856-56090-0903.fits
5856/spec-5856-56090-0904.fits
5856/spec-5856-56090-0905.fits
5856/spec-5856-56090-0906.fits
5856/spec-5856-56090-0907.fits
5856/spec-5856-56090-0908.fits
5856/spec-5856-56090-0909.fits
5856/spec-5856-56090-0910.fits
5856/spec-5856-56090-0911.fits
5856/spec-5856-56090-0912.fits
5856/spec-5856-56090-0913.fits
5856/spec-5856-56090-0914.fits
5856/spec-5856-56090-0915.fits
5856/spec-5856-56090-0916.fits
5856/spec-5856-56090-0917.fits
5856/spec-5856-56090-0918.fits
5856/spec-5856-56090-0919.fits
5856/spec-5856-56090-0920.fits
5856/spec-5856-56090-0921.fits
5856/spec-5856-56090-0922.fits
5856/spec-5856-56090-0923.fits
5856/spec-5856-56090-0924.fits
5856/spec-5856-56090-0925.fits
5856/spec-5856-56090-0926.fits
5856/spec-5856-56090-0927.fits
5856/spec-5856-56090-0928.fits
5856/spec-5856-56090-0929.fits
5856/spec-5856-56090-0930.fits
5856/spec-5856-56090-0931.fits
5856/spec-5856-56090-0932.fits
5856/spec-5856-56090-0933.fits
5856/spec-5856-56090-0934.fits
5856/spec-5856-56090-0935.fits
5856/spec-5856-56090-0936.fits
5856/spec-5856-56090-0937.fits
5856/spec-5856-56090-0938.fits
5856/spec-5856-56090-0939.fits
5856/spec-5856-56090-0940.fits
5856/spec-5856-56090-0941.fits
5856/spec-5856-56090-0942.fits
5856/spec-5856-56090-0943.fits
5856/spec-5856-56090-0944.fits
5856/spec-5856-56090-0945.fits
5856/spec-5856-56090-0946.fits
5856/spec-5856-56090-0947.fits
5856/spec-5856-56090-0948.fits
5856/spec-5856-56090-0949.fits
5856/spec-5856-56090-0950.fits
5856/spec-5856-56090-0951.fits
5856/spec-5856-56090-0952.fits
5856/spec-5856-56090-0953.fits
5856/spec-5856-56090-0954.fits
5856/spec-5856-56090-0955.fits
5856/spec-5856-56090-0956.fits
5856/spec-5856-56090-0957.fits
5856/spec-5856-56090-0958.fits
5856/spec-5856-56090-0959.fits
5856/spec-5856-56090-0960.fits
5856/spec-5856-56090-0961.fits
5856/spec-5856-56090-0962.fits
5856/spec-5856-56090-0963.fits
5856/spec-5856-56090-0964.fits
5856/spec-5856-56090-0965.fits
5856/spec-5856-56090-0966.fits
5856/spec-5856-56090-0967.fits
5856/spec-5856-56090-0968.fits
5856/spec-5856-56090-0969.fits
5856/spec-5856-56090-0970.fits
5856/spec-5856-56090-0971.fits
5856/spec-5856-56090-0972.fits
5856/spec-5856-56090-0973.fits
5856/spec-5856-56090-0974.fits
5856/spec-5856-56090-0975.fits
5856/spec-5856-56090-0976.fits
5856/spec-5856-56090-0977.fits
5856/spec-5856-56090-0978.fits
5856/spec-5856-56090-0979.fits
5856/spec-5856-56090-0980.fits
5856/spec-5856-56090-0981.fits
5856/spec-5856-56090-0982.fits
5856/spec-5856-56090-0983.fits
5856/spec-5856-56090-0984.fits
5856/spec-5856-56090-0985.fits
5856/spec-5856-56090-0986.fits
5856/spec-5856-56090-0987.fits
5856/spec-5856-56090-0988.fits
5856/spec-5856-56090-0989.fits
5856/spec-5856-56090-0990.fits
5856/spec-5856-56090-0991.fits
5856/spec-5856-56090-0992.fits
5856/spec-5856-56090-0993.fits
5856/spec-5856-56090-0994.fits
5856/spec-5856-56090-0995.fits
5856/spec-5856-56090-0996.fits
5856/spec-5856-56090-0997.fits
5856/spec-5856-56090-0998.fits
5856/spec-5856-56090-0999.fits
5856/spec-5856-56090-1000.fits
/var/lib/condor/execute/slot1/dir_35684
5856 5856.tgz R R361.tar.gz _condor_stderr _condor_stdout cB58_Lyman_break.fit condor_exec.exe hw4.R packages packages.tar.gz tmp var
[1] "Loaded package astro."
[1] 1000
5856 5856.csv 5856.tgz R R361.tar.gz _condor_stderr _condor_stdout cB58_Lyman_break.fit condor_exec.exe hw4.R packages packages.tar.gz tmp var
