5875
5875/
5875/spec-5875-56038-0001.fits
5875/spec-5875-56038-0002.fits
5875/spec-5875-56038-0003.fits
5875/spec-5875-56038-0004.fits
5875/spec-5875-56038-0005.fits
5875/spec-5875-56038-0006.fits
5875/spec-5875-56038-0007.fits
5875/spec-5875-56038-0008.fits
5875/spec-5875-56038-0009.fits
5875/spec-5875-56038-0010.fits
5875/spec-5875-56038-0011.fits
5875/spec-5875-56038-0012.fits
5875/spec-5875-56038-0013.fits
5875/spec-5875-56038-0014.fits
5875/spec-5875-56038-0015.fits
5875/spec-5875-56038-0016.fits
5875/spec-5875-56038-0017.fits
5875/spec-5875-56038-0018.fits
5875/spec-5875-56038-0019.fits
5875/spec-5875-56038-0020.fits
5875/spec-5875-56038-0021.fits
5875/spec-5875-56038-0022.fits
5875/spec-5875-56038-0023.fits
5875/spec-5875-56038-0024.fits
5875/spec-5875-56038-0025.fits
5875/spec-5875-56038-0026.fits
5875/spec-5875-56038-0027.fits
5875/spec-5875-56038-0028.fits
5875/spec-5875-56038-0029.fits
5875/spec-5875-56038-0030.fits
5875/spec-5875-56038-0031.fits
5875/spec-5875-56038-0032.fits
5875/spec-5875-56038-0033.fits
5875/spec-5875-56038-0034.fits
5875/spec-5875-56038-0035.fits
5875/spec-5875-56038-0036.fits
5875/spec-5875-56038-0037.fits
5875/spec-5875-56038-0038.fits
5875/spec-5875-56038-0039.fits
5875/spec-5875-56038-0040.fits
5875/spec-5875-56038-0041.fits
5875/spec-5875-56038-0042.fits
5875/spec-5875-56038-0043.fits
5875/spec-5875-56038-0044.fits
5875/spec-5875-56038-0045.fits
5875/spec-5875-56038-0046.fits
5875/spec-5875-56038-0047.fits
5875/spec-5875-56038-0048.fits
5875/spec-5875-56038-0049.fits
5875/spec-5875-56038-0050.fits
5875/spec-5875-56038-0051.fits
5875/spec-5875-56038-0052.fits
5875/spec-5875-56038-0053.fits
5875/spec-5875-56038-0054.fits
5875/spec-5875-56038-0055.fits
5875/spec-5875-56038-0056.fits
5875/spec-5875-56038-0057.fits
5875/spec-5875-56038-0058.fits
5875/spec-5875-56038-0059.fits
5875/spec-5875-56038-0060.fits
5875/spec-5875-56038-0061.fits
5875/spec-5875-56038-0062.fits
5875/spec-5875-56038-0063.fits
5875/spec-5875-56038-0064.fits
5875/spec-5875-56038-0065.fits
5875/spec-5875-56038-0066.fits
5875/spec-5875-56038-0067.fits
5875/spec-5875-56038-0068.fits
5875/spec-5875-56038-0069.fits
5875/spec-5875-56038-0070.fits
5875/spec-5875-56038-0071.fits
5875/spec-5875-56038-0072.fits
5875/spec-5875-56038-0073.fits
5875/spec-5875-56038-0074.fits
5875/spec-5875-56038-0075.fits
5875/spec-5875-56038-0076.fits
5875/spec-5875-56038-0077.fits
5875/spec-5875-56038-0078.fits
5875/spec-5875-56038-0079.fits
5875/spec-5875-56038-0080.fits
5875/spec-5875-56038-0081.fits
5875/spec-5875-56038-0082.fits
5875/spec-5875-56038-0083.fits
5875/spec-5875-56038-0084.fits
5875/spec-5875-56038-0085.fits
5875/spec-5875-56038-0086.fits
5875/spec-5875-56038-0087.fits
5875/spec-5875-56038-0088.fits
5875/spec-5875-56038-0089.fits
5875/spec-5875-56038-0090.fits
5875/spec-5875-56038-0091.fits
5875/spec-5875-56038-0092.fits
5875/spec-5875-56038-0093.fits
5875/spec-5875-56038-0094.fits
5875/spec-5875-56038-0095.fits
5875/spec-5875-56038-0096.fits
5875/spec-5875-56038-0097.fits
5875/spec-5875-56038-0098.fits
5875/spec-5875-56038-0099.fits
5875/spec-5875-56038-0100.fits
5875/spec-5875-56038-0101.fits
5875/spec-5875-56038-0102.fits
5875/spec-5875-56038-0103.fits
5875/spec-5875-56038-0104.fits
5875/spec-5875-56038-0105.fits
5875/spec-5875-56038-0106.fits
5875/spec-5875-56038-0107.fits
5875/spec-5875-56038-0108.fits
5875/spec-5875-56038-0109.fits
5875/spec-5875-56038-0110.fits
5875/spec-5875-56038-0111.fits
5875/spec-5875-56038-0112.fits
5875/spec-5875-56038-0113.fits
5875/spec-5875-56038-0114.fits
5875/spec-5875-56038-0115.fits
5875/spec-5875-56038-0116.fits
5875/spec-5875-56038-0117.fits
5875/spec-5875-56038-0118.fits
5875/spec-5875-56038-0119.fits
5875/spec-5875-56038-0120.fits
5875/spec-5875-56038-0121.fits
5875/spec-5875-56038-0122.fits
5875/spec-5875-56038-0123.fits
5875/spec-5875-56038-0124.fits
5875/spec-5875-56038-0125.fits
5875/spec-5875-56038-0126.fits
5875/spec-5875-56038-0127.fits
5875/spec-5875-56038-0128.fits
5875/spec-5875-56038-0129.fits
5875/spec-5875-56038-0130.fits
5875/spec-5875-56038-0131.fits
5875/spec-5875-56038-0132.fits
5875/spec-5875-56038-0133.fits
5875/spec-5875-56038-0134.fits
5875/spec-5875-56038-0135.fits
5875/spec-5875-56038-0136.fits
5875/spec-5875-56038-0137.fits
5875/spec-5875-56038-0138.fits
5875/spec-5875-56038-0139.fits
5875/spec-5875-56038-0140.fits
5875/spec-5875-56038-0141.fits
5875/spec-5875-56038-0142.fits
5875/spec-5875-56038-0143.fits
5875/spec-5875-56038-0144.fits
5875/spec-5875-56038-0145.fits
5875/spec-5875-56038-0146.fits
5875/spec-5875-56038-0147.fits
5875/spec-5875-56038-0148.fits
5875/spec-5875-56038-0149.fits
5875/spec-5875-56038-0150.fits
5875/spec-5875-56038-0151.fits
5875/spec-5875-56038-0152.fits
5875/spec-5875-56038-0153.fits
5875/spec-5875-56038-0154.fits
5875/spec-5875-56038-0155.fits
5875/spec-5875-56038-0156.fits
5875/spec-5875-56038-0157.fits
5875/spec-5875-56038-0158.fits
5875/spec-5875-56038-0159.fits
5875/spec-5875-56038-0160.fits
5875/spec-5875-56038-0161.fits
5875/spec-5875-56038-0162.fits
5875/spec-5875-56038-0163.fits
5875/spec-5875-56038-0164.fits
5875/spec-5875-56038-0165.fits
5875/spec-5875-56038-0166.fits
5875/spec-5875-56038-0167.fits
5875/spec-5875-56038-0168.fits
5875/spec-5875-56038-0169.fits
5875/spec-5875-56038-0170.fits
5875/spec-5875-56038-0171.fits
5875/spec-5875-56038-0172.fits
5875/spec-5875-56038-0173.fits
5875/spec-5875-56038-0174.fits
5875/spec-5875-56038-0175.fits
5875/spec-5875-56038-0176.fits
5875/spec-5875-56038-0177.fits
5875/spec-5875-56038-0178.fits
5875/spec-5875-56038-0179.fits
5875/spec-5875-56038-0180.fits
5875/spec-5875-56038-0181.fits
5875/spec-5875-56038-0182.fits
5875/spec-5875-56038-0183.fits
5875/spec-5875-56038-0184.fits
5875/spec-5875-56038-0185.fits
5875/spec-5875-56038-0186.fits
5875/spec-5875-56038-0187.fits
5875/spec-5875-56038-0188.fits
5875/spec-5875-56038-0189.fits
5875/spec-5875-56038-0190.fits
5875/spec-5875-56038-0191.fits
5875/spec-5875-56038-0192.fits
5875/spec-5875-56038-0193.fits
5875/spec-5875-56038-0194.fits
5875/spec-5875-56038-0195.fits
5875/spec-5875-56038-0196.fits
5875/spec-5875-56038-0197.fits
5875/spec-5875-56038-0198.fits
5875/spec-5875-56038-0199.fits
5875/spec-5875-56038-0200.fits
5875/spec-5875-56038-0201.fits
5875/spec-5875-56038-0202.fits
5875/spec-5875-56038-0203.fits
5875/spec-5875-56038-0204.fits
5875/spec-5875-56038-0205.fits
5875/spec-5875-56038-0206.fits
5875/spec-5875-56038-0207.fits
5875/spec-5875-56038-0208.fits
5875/spec-5875-56038-0209.fits
5875/spec-5875-56038-0210.fits
5875/spec-5875-56038-0211.fits
5875/spec-5875-56038-0212.fits
5875/spec-5875-56038-0213.fits
5875/spec-5875-56038-0214.fits
5875/spec-5875-56038-0215.fits
5875/spec-5875-56038-0216.fits
5875/spec-5875-56038-0217.fits
5875/spec-5875-56038-0218.fits
5875/spec-5875-56038-0219.fits
5875/spec-5875-56038-0220.fits
5875/spec-5875-56038-0221.fits
5875/spec-5875-56038-0222.fits
5875/spec-5875-56038-0223.fits
5875/spec-5875-56038-0224.fits
5875/spec-5875-56038-0225.fits
5875/spec-5875-56038-0226.fits
5875/spec-5875-56038-0227.fits
5875/spec-5875-56038-0228.fits
5875/spec-5875-56038-0229.fits
5875/spec-5875-56038-0230.fits
5875/spec-5875-56038-0231.fits
5875/spec-5875-56038-0232.fits
5875/spec-5875-56038-0233.fits
5875/spec-5875-56038-0234.fits
5875/spec-5875-56038-0235.fits
5875/spec-5875-56038-0236.fits
5875/spec-5875-56038-0237.fits
5875/spec-5875-56038-0238.fits
5875/spec-5875-56038-0239.fits
5875/spec-5875-56038-0240.fits
5875/spec-5875-56038-0241.fits
5875/spec-5875-56038-0242.fits
5875/spec-5875-56038-0243.fits
5875/spec-5875-56038-0244.fits
5875/spec-5875-56038-0245.fits
5875/spec-5875-56038-0246.fits
5875/spec-5875-56038-0247.fits
5875/spec-5875-56038-0248.fits
5875/spec-5875-56038-0249.fits
5875/spec-5875-56038-0250.fits
5875/spec-5875-56038-0251.fits
5875/spec-5875-56038-0252.fits
5875/spec-5875-56038-0253.fits
5875/spec-5875-56038-0254.fits
5875/spec-5875-56038-0255.fits
5875/spec-5875-56038-0256.fits
5875/spec-5875-56038-0257.fits
5875/spec-5875-56038-0258.fits
5875/spec-5875-56038-0259.fits
5875/spec-5875-56038-0260.fits
5875/spec-5875-56038-0261.fits
5875/spec-5875-56038-0262.fits
5875/spec-5875-56038-0263.fits
5875/spec-5875-56038-0264.fits
5875/spec-5875-56038-0265.fits
5875/spec-5875-56038-0266.fits
5875/spec-5875-56038-0267.fits
5875/spec-5875-56038-0268.fits
5875/spec-5875-56038-0269.fits
5875/spec-5875-56038-0270.fits
5875/spec-5875-56038-0271.fits
5875/spec-5875-56038-0272.fits
5875/spec-5875-56038-0273.fits
5875/spec-5875-56038-0274.fits
5875/spec-5875-56038-0275.fits
5875/spec-5875-56038-0276.fits
5875/spec-5875-56038-0277.fits
5875/spec-5875-56038-0278.fits
5875/spec-5875-56038-0279.fits
5875/spec-5875-56038-0280.fits
5875/spec-5875-56038-0281.fits
5875/spec-5875-56038-0282.fits
5875/spec-5875-56038-0283.fits
5875/spec-5875-56038-0284.fits
5875/spec-5875-56038-0285.fits
5875/spec-5875-56038-0286.fits
5875/spec-5875-56038-0287.fits
5875/spec-5875-56038-0288.fits
5875/spec-5875-56038-0289.fits
5875/spec-5875-56038-0290.fits
5875/spec-5875-56038-0291.fits
5875/spec-5875-56038-0292.fits
5875/spec-5875-56038-0293.fits
5875/spec-5875-56038-0294.fits
5875/spec-5875-56038-0295.fits
5875/spec-5875-56038-0296.fits
5875/spec-5875-56038-0297.fits
5875/spec-5875-56038-0298.fits
5875/spec-5875-56038-0299.fits
5875/spec-5875-56038-0300.fits
5875/spec-5875-56038-0301.fits
5875/spec-5875-56038-0302.fits
5875/spec-5875-56038-0303.fits
5875/spec-5875-56038-0304.fits
5875/spec-5875-56038-0305.fits
5875/spec-5875-56038-0306.fits
5875/spec-5875-56038-0307.fits
5875/spec-5875-56038-0308.fits
5875/spec-5875-56038-0309.fits
5875/spec-5875-56038-0310.fits
5875/spec-5875-56038-0311.fits
5875/spec-5875-56038-0312.fits
5875/spec-5875-56038-0313.fits
5875/spec-5875-56038-0314.fits
5875/spec-5875-56038-0315.fits
5875/spec-5875-56038-0316.fits
5875/spec-5875-56038-0317.fits
5875/spec-5875-56038-0318.fits
5875/spec-5875-56038-0319.fits
5875/spec-5875-56038-0320.fits
5875/spec-5875-56038-0321.fits
5875/spec-5875-56038-0322.fits
5875/spec-5875-56038-0323.fits
5875/spec-5875-56038-0324.fits
5875/spec-5875-56038-0325.fits
5875/spec-5875-56038-0326.fits
5875/spec-5875-56038-0327.fits
5875/spec-5875-56038-0328.fits
5875/spec-5875-56038-0329.fits
5875/spec-5875-56038-0330.fits
5875/spec-5875-56038-0331.fits
5875/spec-5875-56038-0332.fits
5875/spec-5875-56038-0333.fits
5875/spec-5875-56038-0334.fits
5875/spec-5875-56038-0335.fits
5875/spec-5875-56038-0336.fits
5875/spec-5875-56038-0337.fits
5875/spec-5875-56038-0338.fits
5875/spec-5875-56038-0339.fits
5875/spec-5875-56038-0340.fits
5875/spec-5875-56038-0341.fits
5875/spec-5875-56038-0342.fits
5875/spec-5875-56038-0343.fits
5875/spec-5875-56038-0344.fits
5875/spec-5875-56038-0345.fits
5875/spec-5875-56038-0346.fits
5875/spec-5875-56038-0347.fits
5875/spec-5875-56038-0348.fits
5875/spec-5875-56038-0349.fits
5875/spec-5875-56038-0350.fits
5875/spec-5875-56038-0351.fits
5875/spec-5875-56038-0352.fits
5875/spec-5875-56038-0353.fits
5875/spec-5875-56038-0354.fits
5875/spec-5875-56038-0355.fits
5875/spec-5875-56038-0356.fits
5875/spec-5875-56038-0357.fits
5875/spec-5875-56038-0358.fits
5875/spec-5875-56038-0359.fits
5875/spec-5875-56038-0360.fits
5875/spec-5875-56038-0361.fits
5875/spec-5875-56038-0362.fits
5875/spec-5875-56038-0363.fits
5875/spec-5875-56038-0364.fits
5875/spec-5875-56038-0365.fits
5875/spec-5875-56038-0366.fits
5875/spec-5875-56038-0367.fits
5875/spec-5875-56038-0368.fits
5875/spec-5875-56038-0369.fits
5875/spec-5875-56038-0370.fits
5875/spec-5875-56038-0371.fits
5875/spec-5875-56038-0372.fits
5875/spec-5875-56038-0373.fits
5875/spec-5875-56038-0374.fits
5875/spec-5875-56038-0375.fits
5875/spec-5875-56038-0376.fits
5875/spec-5875-56038-0377.fits
5875/spec-5875-56038-0378.fits
5875/spec-5875-56038-0379.fits
5875/spec-5875-56038-0380.fits
5875/spec-5875-56038-0381.fits
5875/spec-5875-56038-0382.fits
5875/spec-5875-56038-0383.fits
5875/spec-5875-56038-0384.fits
5875/spec-5875-56038-0385.fits
5875/spec-5875-56038-0386.fits
5875/spec-5875-56038-0387.fits
5875/spec-5875-56038-0388.fits
5875/spec-5875-56038-0389.fits
5875/spec-5875-56038-0390.fits
5875/spec-5875-56038-0391.fits
5875/spec-5875-56038-0392.fits
5875/spec-5875-56038-0393.fits
5875/spec-5875-56038-0394.fits
5875/spec-5875-56038-0395.fits
5875/spec-5875-56038-0396.fits
5875/spec-5875-56038-0397.fits
5875/spec-5875-56038-0398.fits
5875/spec-5875-56038-0399.fits
5875/spec-5875-56038-0400.fits
5875/spec-5875-56038-0401.fits
5875/spec-5875-56038-0402.fits
5875/spec-5875-56038-0403.fits
5875/spec-5875-56038-0404.fits
5875/spec-5875-56038-0405.fits
5875/spec-5875-56038-0406.fits
5875/spec-5875-56038-0407.fits
5875/spec-5875-56038-0408.fits
5875/spec-5875-56038-0409.fits
5875/spec-5875-56038-0410.fits
5875/spec-5875-56038-0411.fits
5875/spec-5875-56038-0412.fits
5875/spec-5875-56038-0413.fits
5875/spec-5875-56038-0414.fits
5875/spec-5875-56038-0415.fits
5875/spec-5875-56038-0416.fits
5875/spec-5875-56038-0417.fits
5875/spec-5875-56038-0418.fits
5875/spec-5875-56038-0419.fits
5875/spec-5875-56038-0420.fits
5875/spec-5875-56038-0421.fits
5875/spec-5875-56038-0422.fits
5875/spec-5875-56038-0423.fits
5875/spec-5875-56038-0424.fits
5875/spec-5875-56038-0425.fits
5875/spec-5875-56038-0426.fits
5875/spec-5875-56038-0427.fits
5875/spec-5875-56038-0428.fits
5875/spec-5875-56038-0429.fits
5875/spec-5875-56038-0430.fits
5875/spec-5875-56038-0431.fits
5875/spec-5875-56038-0432.fits
5875/spec-5875-56038-0433.fits
5875/spec-5875-56038-0434.fits
5875/spec-5875-56038-0435.fits
5875/spec-5875-56038-0436.fits
5875/spec-5875-56038-0437.fits
5875/spec-5875-56038-0438.fits
5875/spec-5875-56038-0439.fits
5875/spec-5875-56038-0440.fits
5875/spec-5875-56038-0441.fits
5875/spec-5875-56038-0442.fits
5875/spec-5875-56038-0443.fits
5875/spec-5875-56038-0444.fits
5875/spec-5875-56038-0445.fits
5875/spec-5875-56038-0446.fits
5875/spec-5875-56038-0447.fits
5875/spec-5875-56038-0448.fits
5875/spec-5875-56038-0449.fits
5875/spec-5875-56038-0450.fits
5875/spec-5875-56038-0451.fits
5875/spec-5875-56038-0452.fits
5875/spec-5875-56038-0453.fits
5875/spec-5875-56038-0454.fits
5875/spec-5875-56038-0455.fits
5875/spec-5875-56038-0456.fits
5875/spec-5875-56038-0457.fits
5875/spec-5875-56038-0458.fits
5875/spec-5875-56038-0459.fits
5875/spec-5875-56038-0460.fits
5875/spec-5875-56038-0461.fits
5875/spec-5875-56038-0462.fits
5875/spec-5875-56038-0463.fits
5875/spec-5875-56038-0464.fits
5875/spec-5875-56038-0465.fits
5875/spec-5875-56038-0466.fits
5875/spec-5875-56038-0467.fits
5875/spec-5875-56038-0468.fits
5875/spec-5875-56038-0469.fits
5875/spec-5875-56038-0470.fits
5875/spec-5875-56038-0471.fits
5875/spec-5875-56038-0472.fits
5875/spec-5875-56038-0473.fits
5875/spec-5875-56038-0474.fits
5875/spec-5875-56038-0475.fits
5875/spec-5875-56038-0476.fits
5875/spec-5875-56038-0477.fits
5875/spec-5875-56038-0478.fits
5875/spec-5875-56038-0479.fits
5875/spec-5875-56038-0480.fits
5875/spec-5875-56038-0481.fits
5875/spec-5875-56038-0482.fits
5875/spec-5875-56038-0483.fits
5875/spec-5875-56038-0484.fits
5875/spec-5875-56038-0485.fits
5875/spec-5875-56038-0486.fits
5875/spec-5875-56038-0487.fits
5875/spec-5875-56038-0488.fits
5875/spec-5875-56038-0489.fits
5875/spec-5875-56038-0490.fits
5875/spec-5875-56038-0491.fits
5875/spec-5875-56038-0492.fits
5875/spec-5875-56038-0493.fits
5875/spec-5875-56038-0494.fits
5875/spec-5875-56038-0495.fits
5875/spec-5875-56038-0496.fits
5875/spec-5875-56038-0497.fits
5875/spec-5875-56038-0498.fits
5875/spec-5875-56038-0499.fits
5875/spec-5875-56038-0500.fits
5875/spec-5875-56038-0501.fits
5875/spec-5875-56038-0502.fits
5875/spec-5875-56038-0503.fits
5875/spec-5875-56038-0504.fits
5875/spec-5875-56038-0505.fits
5875/spec-5875-56038-0506.fits
5875/spec-5875-56038-0507.fits
5875/spec-5875-56038-0508.fits
5875/spec-5875-56038-0509.fits
5875/spec-5875-56038-0510.fits
5875/spec-5875-56038-0511.fits
5875/spec-5875-56038-0512.fits
5875/spec-5875-56038-0513.fits
5875/spec-5875-56038-0514.fits
5875/spec-5875-56038-0515.fits
5875/spec-5875-56038-0516.fits
5875/spec-5875-56038-0517.fits
5875/spec-5875-56038-0518.fits
5875/spec-5875-56038-0519.fits
5875/spec-5875-56038-0520.fits
5875/spec-5875-56038-0521.fits
5875/spec-5875-56038-0522.fits
5875/spec-5875-56038-0523.fits
5875/spec-5875-56038-0524.fits
5875/spec-5875-56038-0525.fits
5875/spec-5875-56038-0526.fits
5875/spec-5875-56038-0527.fits
5875/spec-5875-56038-0528.fits
5875/spec-5875-56038-0529.fits
5875/spec-5875-56038-0530.fits
5875/spec-5875-56038-0531.fits
5875/spec-5875-56038-0532.fits
5875/spec-5875-56038-0533.fits
5875/spec-5875-56038-0534.fits
5875/spec-5875-56038-0535.fits
5875/spec-5875-56038-0536.fits
5875/spec-5875-56038-0537.fits
5875/spec-5875-56038-0538.fits
5875/spec-5875-56038-0539.fits
5875/spec-5875-56038-0540.fits
5875/spec-5875-56038-0541.fits
5875/spec-5875-56038-0542.fits
5875/spec-5875-56038-0543.fits
5875/spec-5875-56038-0544.fits
5875/spec-5875-56038-0545.fits
5875/spec-5875-56038-0546.fits
5875/spec-5875-56038-0547.fits
5875/spec-5875-56038-0548.fits
5875/spec-5875-56038-0549.fits
5875/spec-5875-56038-0550.fits
5875/spec-5875-56038-0551.fits
5875/spec-5875-56038-0552.fits
5875/spec-5875-56038-0553.fits
5875/spec-5875-56038-0554.fits
5875/spec-5875-56038-0555.fits
5875/spec-5875-56038-0556.fits
5875/spec-5875-56038-0557.fits
5875/spec-5875-56038-0558.fits
5875/spec-5875-56038-0559.fits
5875/spec-5875-56038-0560.fits
5875/spec-5875-56038-0561.fits
5875/spec-5875-56038-0562.fits
5875/spec-5875-56038-0563.fits
5875/spec-5875-56038-0564.fits
5875/spec-5875-56038-0565.fits
5875/spec-5875-56038-0566.fits
5875/spec-5875-56038-0567.fits
5875/spec-5875-56038-0568.fits
5875/spec-5875-56038-0569.fits
5875/spec-5875-56038-0570.fits
5875/spec-5875-56038-0571.fits
5875/spec-5875-56038-0572.fits
5875/spec-5875-56038-0573.fits
5875/spec-5875-56038-0574.fits
5875/spec-5875-56038-0575.fits
5875/spec-5875-56038-0576.fits
5875/spec-5875-56038-0577.fits
5875/spec-5875-56038-0578.fits
5875/spec-5875-56038-0579.fits
5875/spec-5875-56038-0580.fits
5875/spec-5875-56038-0581.fits
5875/spec-5875-56038-0582.fits
5875/spec-5875-56038-0583.fits
5875/spec-5875-56038-0584.fits
5875/spec-5875-56038-0585.fits
5875/spec-5875-56038-0586.fits
5875/spec-5875-56038-0587.fits
5875/spec-5875-56038-0588.fits
5875/spec-5875-56038-0589.fits
5875/spec-5875-56038-0590.fits
5875/spec-5875-56038-0591.fits
5875/spec-5875-56038-0592.fits
5875/spec-5875-56038-0593.fits
5875/spec-5875-56038-0594.fits
5875/spec-5875-56038-0595.fits
5875/spec-5875-56038-0596.fits
5875/spec-5875-56038-0597.fits
5875/spec-5875-56038-0598.fits
5875/spec-5875-56038-0599.fits
5875/spec-5875-56038-0600.fits
5875/spec-5875-56038-0601.fits
5875/spec-5875-56038-0602.fits
5875/spec-5875-56038-0603.fits
5875/spec-5875-56038-0604.fits
5875/spec-5875-56038-0605.fits
5875/spec-5875-56038-0606.fits
5875/spec-5875-56038-0607.fits
5875/spec-5875-56038-0608.fits
5875/spec-5875-56038-0609.fits
5875/spec-5875-56038-0610.fits
5875/spec-5875-56038-0611.fits
5875/spec-5875-56038-0612.fits
5875/spec-5875-56038-0613.fits
5875/spec-5875-56038-0614.fits
5875/spec-5875-56038-0615.fits
5875/spec-5875-56038-0616.fits
5875/spec-5875-56038-0617.fits
5875/spec-5875-56038-0618.fits
5875/spec-5875-56038-0619.fits
5875/spec-5875-56038-0620.fits
5875/spec-5875-56038-0621.fits
5875/spec-5875-56038-0622.fits
5875/spec-5875-56038-0623.fits
5875/spec-5875-56038-0624.fits
5875/spec-5875-56038-0625.fits
5875/spec-5875-56038-0626.fits
5875/spec-5875-56038-0627.fits
5875/spec-5875-56038-0628.fits
5875/spec-5875-56038-0629.fits
5875/spec-5875-56038-0630.fits
5875/spec-5875-56038-0631.fits
5875/spec-5875-56038-0632.fits
5875/spec-5875-56038-0633.fits
5875/spec-5875-56038-0634.fits
5875/spec-5875-56038-0635.fits
5875/spec-5875-56038-0636.fits
5875/spec-5875-56038-0637.fits
5875/spec-5875-56038-0638.fits
5875/spec-5875-56038-0639.fits
5875/spec-5875-56038-0640.fits
5875/spec-5875-56038-0641.fits
5875/spec-5875-56038-0642.fits
5875/spec-5875-56038-0643.fits
5875/spec-5875-56038-0644.fits
5875/spec-5875-56038-0645.fits
5875/spec-5875-56038-0646.fits
5875/spec-5875-56038-0647.fits
5875/spec-5875-56038-0648.fits
5875/spec-5875-56038-0649.fits
5875/spec-5875-56038-0650.fits
5875/spec-5875-56038-0651.fits
5875/spec-5875-56038-0652.fits
5875/spec-5875-56038-0653.fits
5875/spec-5875-56038-0654.fits
5875/spec-5875-56038-0655.fits
5875/spec-5875-56038-0656.fits
5875/spec-5875-56038-0657.fits
5875/spec-5875-56038-0658.fits
5875/spec-5875-56038-0659.fits
5875/spec-5875-56038-0660.fits
5875/spec-5875-56038-0661.fits
5875/spec-5875-56038-0662.fits
5875/spec-5875-56038-0663.fits
5875/spec-5875-56038-0664.fits
5875/spec-5875-56038-0665.fits
5875/spec-5875-56038-0666.fits
5875/spec-5875-56038-0667.fits
5875/spec-5875-56038-0668.fits
5875/spec-5875-56038-0669.fits
5875/spec-5875-56038-0670.fits
5875/spec-5875-56038-0671.fits
5875/spec-5875-56038-0672.fits
5875/spec-5875-56038-0673.fits
5875/spec-5875-56038-0674.fits
5875/spec-5875-56038-0675.fits
5875/spec-5875-56038-0676.fits
5875/spec-5875-56038-0677.fits
5875/spec-5875-56038-0678.fits
5875/spec-5875-56038-0679.fits
5875/spec-5875-56038-0680.fits
5875/spec-5875-56038-0681.fits
5875/spec-5875-56038-0682.fits
5875/spec-5875-56038-0683.fits
5875/spec-5875-56038-0684.fits
5875/spec-5875-56038-0685.fits
5875/spec-5875-56038-0686.fits
5875/spec-5875-56038-0687.fits
5875/spec-5875-56038-0688.fits
5875/spec-5875-56038-0689.fits
5875/spec-5875-56038-0690.fits
5875/spec-5875-56038-0691.fits
5875/spec-5875-56038-0692.fits
5875/spec-5875-56038-0693.fits
5875/spec-5875-56038-0694.fits
5875/spec-5875-56038-0695.fits
5875/spec-5875-56038-0696.fits
5875/spec-5875-56038-0697.fits
5875/spec-5875-56038-0698.fits
5875/spec-5875-56038-0699.fits
5875/spec-5875-56038-0700.fits
5875/spec-5875-56038-0701.fits
5875/spec-5875-56038-0702.fits
5875/spec-5875-56038-0703.fits
5875/spec-5875-56038-0704.fits
5875/spec-5875-56038-0705.fits
5875/spec-5875-56038-0706.fits
5875/spec-5875-56038-0707.fits
5875/spec-5875-56038-0708.fits
5875/spec-5875-56038-0709.fits
5875/spec-5875-56038-0710.fits
5875/spec-5875-56038-0711.fits
5875/spec-5875-56038-0712.fits
5875/spec-5875-56038-0713.fits
5875/spec-5875-56038-0714.fits
5875/spec-5875-56038-0715.fits
5875/spec-5875-56038-0716.fits
5875/spec-5875-56038-0717.fits
5875/spec-5875-56038-0718.fits
5875/spec-5875-56038-0719.fits
5875/spec-5875-56038-0720.fits
5875/spec-5875-56038-0721.fits
5875/spec-5875-56038-0722.fits
5875/spec-5875-56038-0723.fits
5875/spec-5875-56038-0724.fits
5875/spec-5875-56038-0725.fits
5875/spec-5875-56038-0726.fits
5875/spec-5875-56038-0727.fits
5875/spec-5875-56038-0728.fits
5875/spec-5875-56038-0729.fits
5875/spec-5875-56038-0730.fits
5875/spec-5875-56038-0731.fits
5875/spec-5875-56038-0732.fits
5875/spec-5875-56038-0733.fits
5875/spec-5875-56038-0734.fits
5875/spec-5875-56038-0735.fits
5875/spec-5875-56038-0736.fits
5875/spec-5875-56038-0737.fits
5875/spec-5875-56038-0738.fits
5875/spec-5875-56038-0739.fits
5875/spec-5875-56038-0740.fits
5875/spec-5875-56038-0741.fits
5875/spec-5875-56038-0742.fits
5875/spec-5875-56038-0743.fits
5875/spec-5875-56038-0744.fits
5875/spec-5875-56038-0745.fits
5875/spec-5875-56038-0746.fits
5875/spec-5875-56038-0747.fits
5875/spec-5875-56038-0748.fits
5875/spec-5875-56038-0749.fits
5875/spec-5875-56038-0750.fits
5875/spec-5875-56038-0751.fits
5875/spec-5875-56038-0752.fits
5875/spec-5875-56038-0753.fits
5875/spec-5875-56038-0754.fits
5875/spec-5875-56038-0755.fits
5875/spec-5875-56038-0756.fits
5875/spec-5875-56038-0757.fits
5875/spec-5875-56038-0758.fits
5875/spec-5875-56038-0759.fits
5875/spec-5875-56038-0760.fits
5875/spec-5875-56038-0761.fits
5875/spec-5875-56038-0762.fits
5875/spec-5875-56038-0763.fits
5875/spec-5875-56038-0764.fits
5875/spec-5875-56038-0765.fits
5875/spec-5875-56038-0766.fits
5875/spec-5875-56038-0767.fits
5875/spec-5875-56038-0768.fits
5875/spec-5875-56038-0769.fits
5875/spec-5875-56038-0770.fits
5875/spec-5875-56038-0771.fits
5875/spec-5875-56038-0772.fits
5875/spec-5875-56038-0773.fits
5875/spec-5875-56038-0774.fits
5875/spec-5875-56038-0775.fits
5875/spec-5875-56038-0776.fits
5875/spec-5875-56038-0777.fits
5875/spec-5875-56038-0778.fits
5875/spec-5875-56038-0779.fits
5875/spec-5875-56038-0780.fits
5875/spec-5875-56038-0781.fits
5875/spec-5875-56038-0782.fits
5875/spec-5875-56038-0783.fits
5875/spec-5875-56038-0784.fits
5875/spec-5875-56038-0785.fits
5875/spec-5875-56038-0786.fits
5875/spec-5875-56038-0787.fits
5875/spec-5875-56038-0788.fits
5875/spec-5875-56038-0789.fits
5875/spec-5875-56038-0790.fits
5875/spec-5875-56038-0791.fits
5875/spec-5875-56038-0792.fits
5875/spec-5875-56038-0793.fits
5875/spec-5875-56038-0794.fits
5875/spec-5875-56038-0795.fits
5875/spec-5875-56038-0796.fits
5875/spec-5875-56038-0797.fits
5875/spec-5875-56038-0798.fits
5875/spec-5875-56038-0799.fits
5875/spec-5875-56038-0800.fits
5875/spec-5875-56038-0801.fits
5875/spec-5875-56038-0802.fits
5875/spec-5875-56038-0803.fits
5875/spec-5875-56038-0804.fits
5875/spec-5875-56038-0805.fits
5875/spec-5875-56038-0806.fits
5875/spec-5875-56038-0807.fits
5875/spec-5875-56038-0808.fits
5875/spec-5875-56038-0809.fits
5875/spec-5875-56038-0810.fits
5875/spec-5875-56038-0811.fits
5875/spec-5875-56038-0812.fits
5875/spec-5875-56038-0813.fits
5875/spec-5875-56038-0814.fits
5875/spec-5875-56038-0815.fits
5875/spec-5875-56038-0816.fits
5875/spec-5875-56038-0817.fits
5875/spec-5875-56038-0818.fits
5875/spec-5875-56038-0819.fits
5875/spec-5875-56038-0820.fits
5875/spec-5875-56038-0821.fits
5875/spec-5875-56038-0822.fits
5875/spec-5875-56038-0823.fits
5875/spec-5875-56038-0824.fits
5875/spec-5875-56038-0825.fits
5875/spec-5875-56038-0826.fits
5875/spec-5875-56038-0827.fits
5875/spec-5875-56038-0828.fits
5875/spec-5875-56038-0829.fits
5875/spec-5875-56038-0830.fits
5875/spec-5875-56038-0831.fits
5875/spec-5875-56038-0832.fits
5875/spec-5875-56038-0833.fits
5875/spec-5875-56038-0834.fits
5875/spec-5875-56038-0835.fits
5875/spec-5875-56038-0836.fits
5875/spec-5875-56038-0837.fits
5875/spec-5875-56038-0838.fits
5875/spec-5875-56038-0839.fits
5875/spec-5875-56038-0840.fits
5875/spec-5875-56038-0841.fits
5875/spec-5875-56038-0842.fits
5875/spec-5875-56038-0843.fits
5875/spec-5875-56038-0844.fits
5875/spec-5875-56038-0845.fits
5875/spec-5875-56038-0846.fits
5875/spec-5875-56038-0847.fits
5875/spec-5875-56038-0848.fits
5875/spec-5875-56038-0849.fits
5875/spec-5875-56038-0850.fits
5875/spec-5875-56038-0851.fits
5875/spec-5875-56038-0852.fits
5875/spec-5875-56038-0853.fits
5875/spec-5875-56038-0854.fits
5875/spec-5875-56038-0855.fits
5875/spec-5875-56038-0856.fits
5875/spec-5875-56038-0857.fits
5875/spec-5875-56038-0858.fits
5875/spec-5875-56038-0859.fits
5875/spec-5875-56038-0860.fits
5875/spec-5875-56038-0861.fits
5875/spec-5875-56038-0862.fits
5875/spec-5875-56038-0863.fits
5875/spec-5875-56038-0864.fits
5875/spec-5875-56038-0865.fits
5875/spec-5875-56038-0866.fits
5875/spec-5875-56038-0867.fits
5875/spec-5875-56038-0868.fits
5875/spec-5875-56038-0869.fits
5875/spec-5875-56038-0870.fits
5875/spec-5875-56038-0871.fits
5875/spec-5875-56038-0872.fits
5875/spec-5875-56038-0873.fits
5875/spec-5875-56038-0874.fits
5875/spec-5875-56038-0875.fits
5875/spec-5875-56038-0876.fits
5875/spec-5875-56038-0877.fits
5875/spec-5875-56038-0878.fits
5875/spec-5875-56038-0879.fits
5875/spec-5875-56038-0880.fits
5875/spec-5875-56038-0881.fits
5875/spec-5875-56038-0882.fits
5875/spec-5875-56038-0883.fits
5875/spec-5875-56038-0884.fits
5875/spec-5875-56038-0885.fits
5875/spec-5875-56038-0886.fits
5875/spec-5875-56038-0887.fits
5875/spec-5875-56038-0888.fits
5875/spec-5875-56038-0889.fits
5875/spec-5875-56038-0890.fits
5875/spec-5875-56038-0891.fits
5875/spec-5875-56038-0892.fits
5875/spec-5875-56038-0893.fits
5875/spec-5875-56038-0894.fits
5875/spec-5875-56038-0895.fits
5875/spec-5875-56038-0896.fits
5875/spec-5875-56038-0897.fits
5875/spec-5875-56038-0898.fits
5875/spec-5875-56038-0899.fits
5875/spec-5875-56038-0900.fits
5875/spec-5875-56038-0901.fits
5875/spec-5875-56038-0902.fits
5875/spec-5875-56038-0903.fits
5875/spec-5875-56038-0904.fits
5875/spec-5875-56038-0905.fits
5875/spec-5875-56038-0906.fits
5875/spec-5875-56038-0907.fits
5875/spec-5875-56038-0908.fits
5875/spec-5875-56038-0909.fits
5875/spec-5875-56038-0910.fits
5875/spec-5875-56038-0911.fits
5875/spec-5875-56038-0912.fits
5875/spec-5875-56038-0913.fits
5875/spec-5875-56038-0914.fits
5875/spec-5875-56038-0915.fits
5875/spec-5875-56038-0916.fits
5875/spec-5875-56038-0917.fits
5875/spec-5875-56038-0918.fits
5875/spec-5875-56038-0919.fits
5875/spec-5875-56038-0920.fits
5875/spec-5875-56038-0921.fits
5875/spec-5875-56038-0922.fits
5875/spec-5875-56038-0923.fits
5875/spec-5875-56038-0924.fits
5875/spec-5875-56038-0925.fits
5875/spec-5875-56038-0926.fits
5875/spec-5875-56038-0927.fits
5875/spec-5875-56038-0928.fits
5875/spec-5875-56038-0929.fits
5875/spec-5875-56038-0930.fits
5875/spec-5875-56038-0931.fits
5875/spec-5875-56038-0932.fits
5875/spec-5875-56038-0933.fits
5875/spec-5875-56038-0934.fits
5875/spec-5875-56038-0935.fits
5875/spec-5875-56038-0936.fits
5875/spec-5875-56038-0937.fits
5875/spec-5875-56038-0938.fits
5875/spec-5875-56038-0939.fits
5875/spec-5875-56038-0940.fits
5875/spec-5875-56038-0941.fits
5875/spec-5875-56038-0942.fits
5875/spec-5875-56038-0943.fits
5875/spec-5875-56038-0944.fits
5875/spec-5875-56038-0945.fits
5875/spec-5875-56038-0946.fits
5875/spec-5875-56038-0947.fits
5875/spec-5875-56038-0948.fits
5875/spec-5875-56038-0949.fits
5875/spec-5875-56038-0950.fits
5875/spec-5875-56038-0951.fits
5875/spec-5875-56038-0952.fits
5875/spec-5875-56038-0953.fits
5875/spec-5875-56038-0954.fits
5875/spec-5875-56038-0955.fits
5875/spec-5875-56038-0956.fits
5875/spec-5875-56038-0957.fits
5875/spec-5875-56038-0958.fits
5875/spec-5875-56038-0959.fits
5875/spec-5875-56038-0960.fits
5875/spec-5875-56038-0961.fits
5875/spec-5875-56038-0962.fits
5875/spec-5875-56038-0963.fits
5875/spec-5875-56038-0964.fits
5875/spec-5875-56038-0965.fits
5875/spec-5875-56038-0966.fits
5875/spec-5875-56038-0967.fits
5875/spec-5875-56038-0968.fits
5875/spec-5875-56038-0969.fits
5875/spec-5875-56038-0970.fits
5875/spec-5875-56038-0971.fits
5875/spec-5875-56038-0972.fits
5875/spec-5875-56038-0973.fits
5875/spec-5875-56038-0974.fits
5875/spec-5875-56038-0975.fits
5875/spec-5875-56038-0976.fits
5875/spec-5875-56038-0977.fits
5875/spec-5875-56038-0978.fits
5875/spec-5875-56038-0979.fits
5875/spec-5875-56038-0980.fits
5875/spec-5875-56038-0981.fits
5875/spec-5875-56038-0982.fits
5875/spec-5875-56038-0983.fits
5875/spec-5875-56038-0984.fits
5875/spec-5875-56038-0985.fits
5875/spec-5875-56038-0986.fits
5875/spec-5875-56038-0987.fits
5875/spec-5875-56038-0988.fits
5875/spec-5875-56038-0989.fits
5875/spec-5875-56038-0990.fits
5875/spec-5875-56038-0991.fits
5875/spec-5875-56038-0992.fits
5875/spec-5875-56038-0993.fits
5875/spec-5875-56038-0994.fits
5875/spec-5875-56038-0995.fits
5875/spec-5875-56038-0996.fits
5875/spec-5875-56038-0997.fits
5875/spec-5875-56038-0998.fits
5875/spec-5875-56038-0999.fits
5875/spec-5875-56038-1000.fits
/var/lib/condor/execute/slot1/dir_40564
5875 5875.tgz R R361.tar.gz _condor_stderr _condor_stdout cB58_Lyman_break.fit condor_exec.exe hw4.R packages packages.tar.gz tmp var
[1] "Loaded package astro."
[1] 1000
5875 5875.csv 5875.tgz R R361.tar.gz _condor_stderr _condor_stdout cB58_Lyman_break.fit condor_exec.exe hw4.R packages packages.tar.gz tmp var
