5949
5949/
5949/spec-5949-56096-0001.fits
5949/spec-5949-56096-0002.fits
5949/spec-5949-56096-0003.fits
5949/spec-5949-56096-0004.fits
5949/spec-5949-56096-0005.fits
5949/spec-5949-56096-0006.fits
5949/spec-5949-56096-0007.fits
5949/spec-5949-56096-0008.fits
5949/spec-5949-56096-0009.fits
5949/spec-5949-56096-0010.fits
5949/spec-5949-56096-0011.fits
5949/spec-5949-56096-0012.fits
5949/spec-5949-56096-0013.fits
5949/spec-5949-56096-0014.fits
5949/spec-5949-56096-0015.fits
5949/spec-5949-56096-0016.fits
5949/spec-5949-56096-0017.fits
5949/spec-5949-56096-0018.fits
5949/spec-5949-56096-0019.fits
5949/spec-5949-56096-0020.fits
5949/spec-5949-56096-0021.fits
5949/spec-5949-56096-0022.fits
5949/spec-5949-56096-0023.fits
5949/spec-5949-56096-0024.fits
5949/spec-5949-56096-0025.fits
5949/spec-5949-56096-0026.fits
5949/spec-5949-56096-0027.fits
5949/spec-5949-56096-0028.fits
5949/spec-5949-56096-0029.fits
5949/spec-5949-56096-0030.fits
5949/spec-5949-56096-0031.fits
5949/spec-5949-56096-0032.fits
5949/spec-5949-56096-0033.fits
5949/spec-5949-56096-0034.fits
5949/spec-5949-56096-0035.fits
5949/spec-5949-56096-0036.fits
5949/spec-5949-56096-0037.fits
5949/spec-5949-56096-0038.fits
5949/spec-5949-56096-0039.fits
5949/spec-5949-56096-0040.fits
5949/spec-5949-56096-0041.fits
5949/spec-5949-56096-0042.fits
5949/spec-5949-56096-0043.fits
5949/spec-5949-56096-0044.fits
5949/spec-5949-56096-0045.fits
5949/spec-5949-56096-0046.fits
5949/spec-5949-56096-0047.fits
5949/spec-5949-56096-0048.fits
5949/spec-5949-56096-0049.fits
5949/spec-5949-56096-0050.fits
5949/spec-5949-56096-0051.fits
5949/spec-5949-56096-0052.fits
5949/spec-5949-56096-0053.fits
5949/spec-5949-56096-0054.fits
5949/spec-5949-56096-0055.fits
5949/spec-5949-56096-0056.fits
5949/spec-5949-56096-0057.fits
5949/spec-5949-56096-0058.fits
5949/spec-5949-56096-0059.fits
5949/spec-5949-56096-0060.fits
5949/spec-5949-56096-0061.fits
5949/spec-5949-56096-0062.fits
5949/spec-5949-56096-0063.fits
5949/spec-5949-56096-0064.fits
5949/spec-5949-56096-0065.fits
5949/spec-5949-56096-0066.fits
5949/spec-5949-56096-0067.fits
5949/spec-5949-56096-0068.fits
5949/spec-5949-56096-0069.fits
5949/spec-5949-56096-0070.fits
5949/spec-5949-56096-0071.fits
5949/spec-5949-56096-0072.fits
5949/spec-5949-56096-0073.fits
5949/spec-5949-56096-0074.fits
5949/spec-5949-56096-0075.fits
5949/spec-5949-56096-0076.fits
5949/spec-5949-56096-0077.fits
5949/spec-5949-56096-0078.fits
5949/spec-5949-56096-0079.fits
5949/spec-5949-56096-0080.fits
5949/spec-5949-56096-0081.fits
5949/spec-5949-56096-0082.fits
5949/spec-5949-56096-0083.fits
5949/spec-5949-56096-0084.fits
5949/spec-5949-56096-0085.fits
5949/spec-5949-56096-0086.fits
5949/spec-5949-56096-0087.fits
5949/spec-5949-56096-0088.fits
5949/spec-5949-56096-0089.fits
5949/spec-5949-56096-0090.fits
5949/spec-5949-56096-0091.fits
5949/spec-5949-56096-0092.fits
5949/spec-5949-56096-0093.fits
5949/spec-5949-56096-0094.fits
5949/spec-5949-56096-0095.fits
5949/spec-5949-56096-0096.fits
5949/spec-5949-56096-0097.fits
5949/spec-5949-56096-0098.fits
5949/spec-5949-56096-0099.fits
5949/spec-5949-56096-0100.fits
5949/spec-5949-56096-0101.fits
5949/spec-5949-56096-0102.fits
5949/spec-5949-56096-0103.fits
5949/spec-5949-56096-0104.fits
5949/spec-5949-56096-0105.fits
5949/spec-5949-56096-0106.fits
5949/spec-5949-56096-0107.fits
5949/spec-5949-56096-0108.fits
5949/spec-5949-56096-0109.fits
5949/spec-5949-56096-0110.fits
5949/spec-5949-56096-0111.fits
5949/spec-5949-56096-0112.fits
5949/spec-5949-56096-0113.fits
5949/spec-5949-56096-0114.fits
5949/spec-5949-56096-0115.fits
5949/spec-5949-56096-0116.fits
5949/spec-5949-56096-0117.fits
5949/spec-5949-56096-0118.fits
5949/spec-5949-56096-0119.fits
5949/spec-5949-56096-0120.fits
5949/spec-5949-56096-0121.fits
5949/spec-5949-56096-0122.fits
5949/spec-5949-56096-0123.fits
5949/spec-5949-56096-0124.fits
5949/spec-5949-56096-0125.fits
5949/spec-5949-56096-0126.fits
5949/spec-5949-56096-0127.fits
5949/spec-5949-56096-0128.fits
5949/spec-5949-56096-0129.fits
5949/spec-5949-56096-0130.fits
5949/spec-5949-56096-0131.fits
5949/spec-5949-56096-0132.fits
5949/spec-5949-56096-0133.fits
5949/spec-5949-56096-0134.fits
5949/spec-5949-56096-0135.fits
5949/spec-5949-56096-0136.fits
5949/spec-5949-56096-0137.fits
5949/spec-5949-56096-0138.fits
5949/spec-5949-56096-0139.fits
5949/spec-5949-56096-0140.fits
5949/spec-5949-56096-0141.fits
5949/spec-5949-56096-0142.fits
5949/spec-5949-56096-0143.fits
5949/spec-5949-56096-0144.fits
5949/spec-5949-56096-0145.fits
5949/spec-5949-56096-0146.fits
5949/spec-5949-56096-0147.fits
5949/spec-5949-56096-0148.fits
5949/spec-5949-56096-0149.fits
5949/spec-5949-56096-0150.fits
5949/spec-5949-56096-0151.fits
5949/spec-5949-56096-0152.fits
5949/spec-5949-56096-0153.fits
5949/spec-5949-56096-0154.fits
5949/spec-5949-56096-0155.fits
5949/spec-5949-56096-0156.fits
5949/spec-5949-56096-0157.fits
5949/spec-5949-56096-0158.fits
5949/spec-5949-56096-0159.fits
5949/spec-5949-56096-0160.fits
5949/spec-5949-56096-0161.fits
5949/spec-5949-56096-0162.fits
5949/spec-5949-56096-0163.fits
5949/spec-5949-56096-0164.fits
5949/spec-5949-56096-0165.fits
5949/spec-5949-56096-0166.fits
5949/spec-5949-56096-0167.fits
5949/spec-5949-56096-0168.fits
5949/spec-5949-56096-0169.fits
5949/spec-5949-56096-0170.fits
5949/spec-5949-56096-0171.fits
5949/spec-5949-56096-0172.fits
5949/spec-5949-56096-0173.fits
5949/spec-5949-56096-0174.fits
5949/spec-5949-56096-0175.fits
5949/spec-5949-56096-0176.fits
5949/spec-5949-56096-0177.fits
5949/spec-5949-56096-0178.fits
5949/spec-5949-56096-0179.fits
5949/spec-5949-56096-0180.fits
5949/spec-5949-56096-0181.fits
5949/spec-5949-56096-0182.fits
5949/spec-5949-56096-0183.fits
5949/spec-5949-56096-0184.fits
5949/spec-5949-56096-0185.fits
5949/spec-5949-56096-0186.fits
5949/spec-5949-56096-0187.fits
5949/spec-5949-56096-0188.fits
5949/spec-5949-56096-0189.fits
5949/spec-5949-56096-0190.fits
5949/spec-5949-56096-0191.fits
5949/spec-5949-56096-0192.fits
5949/spec-5949-56096-0193.fits
5949/spec-5949-56096-0194.fits
5949/spec-5949-56096-0195.fits
5949/spec-5949-56096-0196.fits
5949/spec-5949-56096-0197.fits
5949/spec-5949-56096-0198.fits
5949/spec-5949-56096-0199.fits
5949/spec-5949-56096-0200.fits
5949/spec-5949-56096-0201.fits
5949/spec-5949-56096-0202.fits
5949/spec-5949-56096-0203.fits
5949/spec-5949-56096-0204.fits
5949/spec-5949-56096-0205.fits
5949/spec-5949-56096-0206.fits
5949/spec-5949-56096-0207.fits
5949/spec-5949-56096-0208.fits
5949/spec-5949-56096-0209.fits
5949/spec-5949-56096-0210.fits
5949/spec-5949-56096-0211.fits
5949/spec-5949-56096-0212.fits
5949/spec-5949-56096-0213.fits
5949/spec-5949-56096-0214.fits
5949/spec-5949-56096-0215.fits
5949/spec-5949-56096-0216.fits
5949/spec-5949-56096-0217.fits
5949/spec-5949-56096-0218.fits
5949/spec-5949-56096-0219.fits
5949/spec-5949-56096-0220.fits
5949/spec-5949-56096-0221.fits
5949/spec-5949-56096-0222.fits
5949/spec-5949-56096-0223.fits
5949/spec-5949-56096-0224.fits
5949/spec-5949-56096-0225.fits
5949/spec-5949-56096-0226.fits
5949/spec-5949-56096-0227.fits
5949/spec-5949-56096-0228.fits
5949/spec-5949-56096-0229.fits
5949/spec-5949-56096-0230.fits
5949/spec-5949-56096-0231.fits
5949/spec-5949-56096-0232.fits
5949/spec-5949-56096-0233.fits
5949/spec-5949-56096-0234.fits
5949/spec-5949-56096-0235.fits
5949/spec-5949-56096-0236.fits
5949/spec-5949-56096-0237.fits
5949/spec-5949-56096-0238.fits
5949/spec-5949-56096-0239.fits
5949/spec-5949-56096-0240.fits
5949/spec-5949-56096-0241.fits
5949/spec-5949-56096-0242.fits
5949/spec-5949-56096-0243.fits
5949/spec-5949-56096-0244.fits
5949/spec-5949-56096-0245.fits
5949/spec-5949-56096-0246.fits
5949/spec-5949-56096-0247.fits
5949/spec-5949-56096-0248.fits
5949/spec-5949-56096-0249.fits
5949/spec-5949-56096-0250.fits
5949/spec-5949-56096-0251.fits
5949/spec-5949-56096-0252.fits
5949/spec-5949-56096-0253.fits
5949/spec-5949-56096-0254.fits
5949/spec-5949-56096-0255.fits
5949/spec-5949-56096-0256.fits
5949/spec-5949-56096-0257.fits
5949/spec-5949-56096-0258.fits
5949/spec-5949-56096-0259.fits
5949/spec-5949-56096-0260.fits
5949/spec-5949-56096-0261.fits
5949/spec-5949-56096-0262.fits
5949/spec-5949-56096-0263.fits
5949/spec-5949-56096-0264.fits
5949/spec-5949-56096-0265.fits
5949/spec-5949-56096-0266.fits
5949/spec-5949-56096-0267.fits
5949/spec-5949-56096-0268.fits
5949/spec-5949-56096-0269.fits
5949/spec-5949-56096-0270.fits
5949/spec-5949-56096-0271.fits
5949/spec-5949-56096-0272.fits
5949/spec-5949-56096-0273.fits
5949/spec-5949-56096-0274.fits
5949/spec-5949-56096-0275.fits
5949/spec-5949-56096-0276.fits
5949/spec-5949-56096-0277.fits
5949/spec-5949-56096-0278.fits
5949/spec-5949-56096-0279.fits
5949/spec-5949-56096-0280.fits
5949/spec-5949-56096-0281.fits
5949/spec-5949-56096-0282.fits
5949/spec-5949-56096-0283.fits
5949/spec-5949-56096-0284.fits
5949/spec-5949-56096-0285.fits
5949/spec-5949-56096-0286.fits
5949/spec-5949-56096-0287.fits
5949/spec-5949-56096-0288.fits
5949/spec-5949-56096-0289.fits
5949/spec-5949-56096-0290.fits
5949/spec-5949-56096-0291.fits
5949/spec-5949-56096-0292.fits
5949/spec-5949-56096-0293.fits
5949/spec-5949-56096-0294.fits
5949/spec-5949-56096-0295.fits
5949/spec-5949-56096-0296.fits
5949/spec-5949-56096-0297.fits
5949/spec-5949-56096-0298.fits
5949/spec-5949-56096-0299.fits
5949/spec-5949-56096-0300.fits
5949/spec-5949-56096-0301.fits
5949/spec-5949-56096-0302.fits
5949/spec-5949-56096-0303.fits
5949/spec-5949-56096-0304.fits
5949/spec-5949-56096-0305.fits
5949/spec-5949-56096-0306.fits
5949/spec-5949-56096-0307.fits
5949/spec-5949-56096-0308.fits
5949/spec-5949-56096-0309.fits
5949/spec-5949-56096-0310.fits
5949/spec-5949-56096-0311.fits
5949/spec-5949-56096-0312.fits
5949/spec-5949-56096-0313.fits
5949/spec-5949-56096-0314.fits
5949/spec-5949-56096-0315.fits
5949/spec-5949-56096-0316.fits
5949/spec-5949-56096-0317.fits
5949/spec-5949-56096-0318.fits
5949/spec-5949-56096-0319.fits
5949/spec-5949-56096-0320.fits
5949/spec-5949-56096-0321.fits
5949/spec-5949-56096-0322.fits
5949/spec-5949-56096-0323.fits
5949/spec-5949-56096-0324.fits
5949/spec-5949-56096-0325.fits
5949/spec-5949-56096-0326.fits
5949/spec-5949-56096-0327.fits
5949/spec-5949-56096-0328.fits
5949/spec-5949-56096-0329.fits
5949/spec-5949-56096-0330.fits
5949/spec-5949-56096-0331.fits
5949/spec-5949-56096-0332.fits
5949/spec-5949-56096-0333.fits
5949/spec-5949-56096-0334.fits
5949/spec-5949-56096-0335.fits
5949/spec-5949-56096-0336.fits
5949/spec-5949-56096-0337.fits
5949/spec-5949-56096-0338.fits
5949/spec-5949-56096-0339.fits
5949/spec-5949-56096-0340.fits
5949/spec-5949-56096-0341.fits
5949/spec-5949-56096-0342.fits
5949/spec-5949-56096-0343.fits
5949/spec-5949-56096-0344.fits
5949/spec-5949-56096-0345.fits
5949/spec-5949-56096-0346.fits
5949/spec-5949-56096-0347.fits
5949/spec-5949-56096-0348.fits
5949/spec-5949-56096-0349.fits
5949/spec-5949-56096-0350.fits
5949/spec-5949-56096-0351.fits
5949/spec-5949-56096-0352.fits
5949/spec-5949-56096-0353.fits
5949/spec-5949-56096-0354.fits
5949/spec-5949-56096-0355.fits
5949/spec-5949-56096-0356.fits
5949/spec-5949-56096-0357.fits
5949/spec-5949-56096-0358.fits
5949/spec-5949-56096-0359.fits
5949/spec-5949-56096-0360.fits
5949/spec-5949-56096-0361.fits
5949/spec-5949-56096-0362.fits
5949/spec-5949-56096-0363.fits
5949/spec-5949-56096-0364.fits
5949/spec-5949-56096-0365.fits
5949/spec-5949-56096-0366.fits
5949/spec-5949-56096-0367.fits
5949/spec-5949-56096-0368.fits
5949/spec-5949-56096-0369.fits
5949/spec-5949-56096-0370.fits
5949/spec-5949-56096-0371.fits
5949/spec-5949-56096-0372.fits
5949/spec-5949-56096-0373.fits
5949/spec-5949-56096-0374.fits
5949/spec-5949-56096-0375.fits
5949/spec-5949-56096-0376.fits
5949/spec-5949-56096-0377.fits
5949/spec-5949-56096-0378.fits
5949/spec-5949-56096-0379.fits
5949/spec-5949-56096-0380.fits
5949/spec-5949-56096-0381.fits
5949/spec-5949-56096-0382.fits
5949/spec-5949-56096-0383.fits
5949/spec-5949-56096-0384.fits
5949/spec-5949-56096-0385.fits
5949/spec-5949-56096-0386.fits
5949/spec-5949-56096-0387.fits
5949/spec-5949-56096-0388.fits
5949/spec-5949-56096-0389.fits
5949/spec-5949-56096-0390.fits
5949/spec-5949-56096-0391.fits
5949/spec-5949-56096-0392.fits
5949/spec-5949-56096-0393.fits
5949/spec-5949-56096-0394.fits
5949/spec-5949-56096-0395.fits
5949/spec-5949-56096-0396.fits
5949/spec-5949-56096-0397.fits
5949/spec-5949-56096-0398.fits
5949/spec-5949-56096-0399.fits
5949/spec-5949-56096-0400.fits
5949/spec-5949-56096-0401.fits
5949/spec-5949-56096-0402.fits
5949/spec-5949-56096-0403.fits
5949/spec-5949-56096-0404.fits
5949/spec-5949-56096-0405.fits
5949/spec-5949-56096-0406.fits
5949/spec-5949-56096-0407.fits
5949/spec-5949-56096-0408.fits
5949/spec-5949-56096-0409.fits
5949/spec-5949-56096-0410.fits
5949/spec-5949-56096-0411.fits
5949/spec-5949-56096-0412.fits
5949/spec-5949-56096-0413.fits
5949/spec-5949-56096-0414.fits
5949/spec-5949-56096-0415.fits
5949/spec-5949-56096-0416.fits
5949/spec-5949-56096-0417.fits
5949/spec-5949-56096-0418.fits
5949/spec-5949-56096-0419.fits
5949/spec-5949-56096-0420.fits
5949/spec-5949-56096-0421.fits
5949/spec-5949-56096-0422.fits
5949/spec-5949-56096-0423.fits
5949/spec-5949-56096-0424.fits
5949/spec-5949-56096-0425.fits
5949/spec-5949-56096-0426.fits
5949/spec-5949-56096-0427.fits
5949/spec-5949-56096-0428.fits
5949/spec-5949-56096-0429.fits
5949/spec-5949-56096-0430.fits
5949/spec-5949-56096-0431.fits
5949/spec-5949-56096-0432.fits
5949/spec-5949-56096-0433.fits
5949/spec-5949-56096-0434.fits
5949/spec-5949-56096-0435.fits
5949/spec-5949-56096-0436.fits
5949/spec-5949-56096-0437.fits
5949/spec-5949-56096-0438.fits
5949/spec-5949-56096-0439.fits
5949/spec-5949-56096-0440.fits
5949/spec-5949-56096-0441.fits
5949/spec-5949-56096-0442.fits
5949/spec-5949-56096-0443.fits
5949/spec-5949-56096-0444.fits
5949/spec-5949-56096-0445.fits
5949/spec-5949-56096-0446.fits
5949/spec-5949-56096-0447.fits
5949/spec-5949-56096-0448.fits
5949/spec-5949-56096-0449.fits
5949/spec-5949-56096-0450.fits
5949/spec-5949-56096-0451.fits
5949/spec-5949-56096-0452.fits
5949/spec-5949-56096-0453.fits
5949/spec-5949-56096-0454.fits
5949/spec-5949-56096-0455.fits
5949/spec-5949-56096-0456.fits
5949/spec-5949-56096-0457.fits
5949/spec-5949-56096-0458.fits
5949/spec-5949-56096-0459.fits
5949/spec-5949-56096-0460.fits
5949/spec-5949-56096-0461.fits
5949/spec-5949-56096-0462.fits
5949/spec-5949-56096-0463.fits
5949/spec-5949-56096-0464.fits
5949/spec-5949-56096-0465.fits
5949/spec-5949-56096-0466.fits
5949/spec-5949-56096-0467.fits
5949/spec-5949-56096-0468.fits
5949/spec-5949-56096-0469.fits
5949/spec-5949-56096-0470.fits
5949/spec-5949-56096-0471.fits
5949/spec-5949-56096-0472.fits
5949/spec-5949-56096-0473.fits
5949/spec-5949-56096-0474.fits
5949/spec-5949-56096-0475.fits
5949/spec-5949-56096-0476.fits
5949/spec-5949-56096-0477.fits
5949/spec-5949-56096-0478.fits
5949/spec-5949-56096-0479.fits
5949/spec-5949-56096-0480.fits
5949/spec-5949-56096-0481.fits
5949/spec-5949-56096-0482.fits
5949/spec-5949-56096-0483.fits
5949/spec-5949-56096-0484.fits
5949/spec-5949-56096-0485.fits
5949/spec-5949-56096-0486.fits
5949/spec-5949-56096-0487.fits
5949/spec-5949-56096-0488.fits
5949/spec-5949-56096-0489.fits
5949/spec-5949-56096-0490.fits
5949/spec-5949-56096-0491.fits
5949/spec-5949-56096-0492.fits
5949/spec-5949-56096-0493.fits
5949/spec-5949-56096-0494.fits
5949/spec-5949-56096-0495.fits
5949/spec-5949-56096-0496.fits
5949/spec-5949-56096-0497.fits
5949/spec-5949-56096-0498.fits
5949/spec-5949-56096-0499.fits
5949/spec-5949-56096-0500.fits
5949/spec-5949-56096-0501.fits
5949/spec-5949-56096-0502.fits
5949/spec-5949-56096-0503.fits
5949/spec-5949-56096-0504.fits
5949/spec-5949-56096-0505.fits
5949/spec-5949-56096-0506.fits
5949/spec-5949-56096-0507.fits
5949/spec-5949-56096-0508.fits
5949/spec-5949-56096-0509.fits
5949/spec-5949-56096-0510.fits
5949/spec-5949-56096-0511.fits
5949/spec-5949-56096-0512.fits
5949/spec-5949-56096-0513.fits
5949/spec-5949-56096-0514.fits
5949/spec-5949-56096-0515.fits
5949/spec-5949-56096-0516.fits
5949/spec-5949-56096-0517.fits
5949/spec-5949-56096-0518.fits
5949/spec-5949-56096-0519.fits
5949/spec-5949-56096-0520.fits
5949/spec-5949-56096-0521.fits
5949/spec-5949-56096-0522.fits
5949/spec-5949-56096-0523.fits
5949/spec-5949-56096-0524.fits
5949/spec-5949-56096-0525.fits
5949/spec-5949-56096-0526.fits
5949/spec-5949-56096-0527.fits
5949/spec-5949-56096-0528.fits
5949/spec-5949-56096-0529.fits
5949/spec-5949-56096-0530.fits
5949/spec-5949-56096-0531.fits
5949/spec-5949-56096-0532.fits
5949/spec-5949-56096-0533.fits
5949/spec-5949-56096-0534.fits
5949/spec-5949-56096-0535.fits
5949/spec-5949-56096-0536.fits
5949/spec-5949-56096-0537.fits
5949/spec-5949-56096-0538.fits
5949/spec-5949-56096-0539.fits
5949/spec-5949-56096-0540.fits
5949/spec-5949-56096-0541.fits
5949/spec-5949-56096-0542.fits
5949/spec-5949-56096-0543.fits
5949/spec-5949-56096-0544.fits
5949/spec-5949-56096-0545.fits
5949/spec-5949-56096-0546.fits
5949/spec-5949-56096-0547.fits
5949/spec-5949-56096-0548.fits
5949/spec-5949-56096-0549.fits
5949/spec-5949-56096-0550.fits
5949/spec-5949-56096-0551.fits
5949/spec-5949-56096-0552.fits
5949/spec-5949-56096-0553.fits
5949/spec-5949-56096-0554.fits
5949/spec-5949-56096-0555.fits
5949/spec-5949-56096-0556.fits
5949/spec-5949-56096-0557.fits
5949/spec-5949-56096-0558.fits
5949/spec-5949-56096-0559.fits
5949/spec-5949-56096-0560.fits
5949/spec-5949-56096-0561.fits
5949/spec-5949-56096-0562.fits
5949/spec-5949-56096-0563.fits
5949/spec-5949-56096-0564.fits
5949/spec-5949-56096-0565.fits
5949/spec-5949-56096-0566.fits
5949/spec-5949-56096-0567.fits
5949/spec-5949-56096-0568.fits
5949/spec-5949-56096-0569.fits
5949/spec-5949-56096-0570.fits
5949/spec-5949-56096-0571.fits
5949/spec-5949-56096-0572.fits
5949/spec-5949-56096-0573.fits
5949/spec-5949-56096-0574.fits
5949/spec-5949-56096-0575.fits
5949/spec-5949-56096-0576.fits
5949/spec-5949-56096-0577.fits
5949/spec-5949-56096-0578.fits
5949/spec-5949-56096-0579.fits
5949/spec-5949-56096-0580.fits
5949/spec-5949-56096-0581.fits
5949/spec-5949-56096-0582.fits
5949/spec-5949-56096-0583.fits
5949/spec-5949-56096-0584.fits
5949/spec-5949-56096-0585.fits
5949/spec-5949-56096-0586.fits
5949/spec-5949-56096-0587.fits
5949/spec-5949-56096-0588.fits
5949/spec-5949-56096-0589.fits
5949/spec-5949-56096-0590.fits
5949/spec-5949-56096-0591.fits
5949/spec-5949-56096-0592.fits
5949/spec-5949-56096-0593.fits
5949/spec-5949-56096-0594.fits
5949/spec-5949-56096-0595.fits
5949/spec-5949-56096-0596.fits
5949/spec-5949-56096-0597.fits
5949/spec-5949-56096-0598.fits
5949/spec-5949-56096-0599.fits
5949/spec-5949-56096-0600.fits
5949/spec-5949-56096-0601.fits
5949/spec-5949-56096-0602.fits
5949/spec-5949-56096-0603.fits
5949/spec-5949-56096-0604.fits
5949/spec-5949-56096-0605.fits
5949/spec-5949-56096-0606.fits
5949/spec-5949-56096-0607.fits
5949/spec-5949-56096-0608.fits
5949/spec-5949-56096-0609.fits
5949/spec-5949-56096-0610.fits
5949/spec-5949-56096-0611.fits
5949/spec-5949-56096-0612.fits
5949/spec-5949-56096-0613.fits
5949/spec-5949-56096-0614.fits
5949/spec-5949-56096-0615.fits
5949/spec-5949-56096-0616.fits
5949/spec-5949-56096-0617.fits
5949/spec-5949-56096-0618.fits
5949/spec-5949-56096-0619.fits
5949/spec-5949-56096-0620.fits
5949/spec-5949-56096-0621.fits
5949/spec-5949-56096-0622.fits
5949/spec-5949-56096-0623.fits
5949/spec-5949-56096-0624.fits
5949/spec-5949-56096-0625.fits
5949/spec-5949-56096-0626.fits
5949/spec-5949-56096-0627.fits
5949/spec-5949-56096-0628.fits
5949/spec-5949-56096-0629.fits
5949/spec-5949-56096-0630.fits
5949/spec-5949-56096-0631.fits
5949/spec-5949-56096-0632.fits
5949/spec-5949-56096-0633.fits
5949/spec-5949-56096-0634.fits
5949/spec-5949-56096-0635.fits
5949/spec-5949-56096-0636.fits
5949/spec-5949-56096-0637.fits
5949/spec-5949-56096-0638.fits
5949/spec-5949-56096-0639.fits
5949/spec-5949-56096-0640.fits
5949/spec-5949-56096-0641.fits
5949/spec-5949-56096-0642.fits
5949/spec-5949-56096-0643.fits
5949/spec-5949-56096-0644.fits
5949/spec-5949-56096-0645.fits
5949/spec-5949-56096-0646.fits
5949/spec-5949-56096-0647.fits
5949/spec-5949-56096-0648.fits
5949/spec-5949-56096-0649.fits
5949/spec-5949-56096-0650.fits
5949/spec-5949-56096-0651.fits
5949/spec-5949-56096-0652.fits
5949/spec-5949-56096-0653.fits
5949/spec-5949-56096-0654.fits
5949/spec-5949-56096-0655.fits
5949/spec-5949-56096-0656.fits
5949/spec-5949-56096-0657.fits
5949/spec-5949-56096-0658.fits
5949/spec-5949-56096-0659.fits
5949/spec-5949-56096-0660.fits
5949/spec-5949-56096-0661.fits
5949/spec-5949-56096-0662.fits
5949/spec-5949-56096-0663.fits
5949/spec-5949-56096-0664.fits
5949/spec-5949-56096-0665.fits
5949/spec-5949-56096-0666.fits
5949/spec-5949-56096-0667.fits
5949/spec-5949-56096-0668.fits
5949/spec-5949-56096-0669.fits
5949/spec-5949-56096-0670.fits
5949/spec-5949-56096-0671.fits
5949/spec-5949-56096-0672.fits
5949/spec-5949-56096-0673.fits
5949/spec-5949-56096-0674.fits
5949/spec-5949-56096-0675.fits
5949/spec-5949-56096-0676.fits
5949/spec-5949-56096-0677.fits
5949/spec-5949-56096-0678.fits
5949/spec-5949-56096-0679.fits
5949/spec-5949-56096-0680.fits
5949/spec-5949-56096-0681.fits
5949/spec-5949-56096-0682.fits
5949/spec-5949-56096-0683.fits
5949/spec-5949-56096-0684.fits
5949/spec-5949-56096-0685.fits
5949/spec-5949-56096-0686.fits
5949/spec-5949-56096-0687.fits
5949/spec-5949-56096-0688.fits
5949/spec-5949-56096-0689.fits
5949/spec-5949-56096-0690.fits
5949/spec-5949-56096-0691.fits
5949/spec-5949-56096-0692.fits
5949/spec-5949-56096-0693.fits
5949/spec-5949-56096-0694.fits
5949/spec-5949-56096-0695.fits
5949/spec-5949-56096-0696.fits
5949/spec-5949-56096-0697.fits
5949/spec-5949-56096-0698.fits
5949/spec-5949-56096-0699.fits
5949/spec-5949-56096-0700.fits
5949/spec-5949-56096-0701.fits
5949/spec-5949-56096-0702.fits
5949/spec-5949-56096-0703.fits
5949/spec-5949-56096-0704.fits
5949/spec-5949-56096-0705.fits
5949/spec-5949-56096-0706.fits
5949/spec-5949-56096-0707.fits
5949/spec-5949-56096-0708.fits
5949/spec-5949-56096-0709.fits
5949/spec-5949-56096-0710.fits
5949/spec-5949-56096-0711.fits
5949/spec-5949-56096-0712.fits
5949/spec-5949-56096-0713.fits
5949/spec-5949-56096-0714.fits
5949/spec-5949-56096-0715.fits
5949/spec-5949-56096-0716.fits
5949/spec-5949-56096-0717.fits
5949/spec-5949-56096-0718.fits
5949/spec-5949-56096-0719.fits
5949/spec-5949-56096-0720.fits
5949/spec-5949-56096-0721.fits
5949/spec-5949-56096-0722.fits
5949/spec-5949-56096-0723.fits
5949/spec-5949-56096-0724.fits
5949/spec-5949-56096-0725.fits
5949/spec-5949-56096-0726.fits
5949/spec-5949-56096-0727.fits
5949/spec-5949-56096-0728.fits
5949/spec-5949-56096-0729.fits
5949/spec-5949-56096-0730.fits
5949/spec-5949-56096-0731.fits
5949/spec-5949-56096-0732.fits
5949/spec-5949-56096-0733.fits
5949/spec-5949-56096-0734.fits
5949/spec-5949-56096-0735.fits
5949/spec-5949-56096-0736.fits
5949/spec-5949-56096-0737.fits
5949/spec-5949-56096-0738.fits
5949/spec-5949-56096-0739.fits
5949/spec-5949-56096-0740.fits
5949/spec-5949-56096-0741.fits
5949/spec-5949-56096-0742.fits
5949/spec-5949-56096-0743.fits
5949/spec-5949-56096-0744.fits
5949/spec-5949-56096-0745.fits
5949/spec-5949-56096-0746.fits
5949/spec-5949-56096-0747.fits
5949/spec-5949-56096-0748.fits
5949/spec-5949-56096-0749.fits
5949/spec-5949-56096-0750.fits
5949/spec-5949-56096-0751.fits
5949/spec-5949-56096-0752.fits
5949/spec-5949-56096-0753.fits
5949/spec-5949-56096-0754.fits
5949/spec-5949-56096-0755.fits
5949/spec-5949-56096-0756.fits
5949/spec-5949-56096-0757.fits
5949/spec-5949-56096-0758.fits
5949/spec-5949-56096-0759.fits
5949/spec-5949-56096-0760.fits
5949/spec-5949-56096-0761.fits
5949/spec-5949-56096-0762.fits
5949/spec-5949-56096-0763.fits
5949/spec-5949-56096-0764.fits
5949/spec-5949-56096-0765.fits
5949/spec-5949-56096-0766.fits
5949/spec-5949-56096-0767.fits
5949/spec-5949-56096-0768.fits
5949/spec-5949-56096-0769.fits
5949/spec-5949-56096-0770.fits
5949/spec-5949-56096-0771.fits
5949/spec-5949-56096-0772.fits
5949/spec-5949-56096-0773.fits
5949/spec-5949-56096-0774.fits
5949/spec-5949-56096-0775.fits
5949/spec-5949-56096-0776.fits
5949/spec-5949-56096-0777.fits
5949/spec-5949-56096-0778.fits
5949/spec-5949-56096-0779.fits
5949/spec-5949-56096-0780.fits
5949/spec-5949-56096-0781.fits
5949/spec-5949-56096-0782.fits
5949/spec-5949-56096-0783.fits
5949/spec-5949-56096-0784.fits
5949/spec-5949-56096-0785.fits
5949/spec-5949-56096-0786.fits
5949/spec-5949-56096-0787.fits
5949/spec-5949-56096-0788.fits
5949/spec-5949-56096-0789.fits
5949/spec-5949-56096-0790.fits
5949/spec-5949-56096-0791.fits
5949/spec-5949-56096-0792.fits
5949/spec-5949-56096-0793.fits
5949/spec-5949-56096-0794.fits
5949/spec-5949-56096-0795.fits
5949/spec-5949-56096-0796.fits
5949/spec-5949-56096-0797.fits
5949/spec-5949-56096-0798.fits
5949/spec-5949-56096-0799.fits
5949/spec-5949-56096-0800.fits
5949/spec-5949-56096-0801.fits
5949/spec-5949-56096-0802.fits
5949/spec-5949-56096-0803.fits
5949/spec-5949-56096-0804.fits
5949/spec-5949-56096-0805.fits
5949/spec-5949-56096-0806.fits
5949/spec-5949-56096-0807.fits
5949/spec-5949-56096-0808.fits
5949/spec-5949-56096-0809.fits
5949/spec-5949-56096-0810.fits
5949/spec-5949-56096-0811.fits
5949/spec-5949-56096-0812.fits
5949/spec-5949-56096-0813.fits
5949/spec-5949-56096-0814.fits
5949/spec-5949-56096-0815.fits
5949/spec-5949-56096-0816.fits
5949/spec-5949-56096-0817.fits
5949/spec-5949-56096-0818.fits
5949/spec-5949-56096-0819.fits
5949/spec-5949-56096-0820.fits
5949/spec-5949-56096-0821.fits
5949/spec-5949-56096-0822.fits
5949/spec-5949-56096-0823.fits
5949/spec-5949-56096-0824.fits
5949/spec-5949-56096-0825.fits
5949/spec-5949-56096-0826.fits
5949/spec-5949-56096-0827.fits
5949/spec-5949-56096-0828.fits
5949/spec-5949-56096-0829.fits
5949/spec-5949-56096-0830.fits
5949/spec-5949-56096-0831.fits
5949/spec-5949-56096-0832.fits
5949/spec-5949-56096-0833.fits
5949/spec-5949-56096-0834.fits
5949/spec-5949-56096-0835.fits
5949/spec-5949-56096-0836.fits
5949/spec-5949-56096-0837.fits
5949/spec-5949-56096-0838.fits
5949/spec-5949-56096-0839.fits
5949/spec-5949-56096-0840.fits
5949/spec-5949-56096-0841.fits
5949/spec-5949-56096-0842.fits
5949/spec-5949-56096-0843.fits
5949/spec-5949-56096-0844.fits
5949/spec-5949-56096-0845.fits
5949/spec-5949-56096-0846.fits
5949/spec-5949-56096-0847.fits
5949/spec-5949-56096-0848.fits
5949/spec-5949-56096-0849.fits
5949/spec-5949-56096-0850.fits
5949/spec-5949-56096-0851.fits
5949/spec-5949-56096-0852.fits
5949/spec-5949-56096-0853.fits
5949/spec-5949-56096-0854.fits
5949/spec-5949-56096-0855.fits
5949/spec-5949-56096-0856.fits
5949/spec-5949-56096-0857.fits
5949/spec-5949-56096-0858.fits
5949/spec-5949-56096-0859.fits
5949/spec-5949-56096-0860.fits
5949/spec-5949-56096-0861.fits
5949/spec-5949-56096-0862.fits
5949/spec-5949-56096-0863.fits
5949/spec-5949-56096-0864.fits
5949/spec-5949-56096-0865.fits
5949/spec-5949-56096-0866.fits
5949/spec-5949-56096-0867.fits
5949/spec-5949-56096-0868.fits
5949/spec-5949-56096-0869.fits
5949/spec-5949-56096-0870.fits
5949/spec-5949-56096-0871.fits
5949/spec-5949-56096-0872.fits
5949/spec-5949-56096-0873.fits
5949/spec-5949-56096-0874.fits
5949/spec-5949-56096-0875.fits
5949/spec-5949-56096-0876.fits
5949/spec-5949-56096-0877.fits
5949/spec-5949-56096-0878.fits
5949/spec-5949-56096-0879.fits
5949/spec-5949-56096-0880.fits
5949/spec-5949-56096-0881.fits
5949/spec-5949-56096-0882.fits
5949/spec-5949-56096-0883.fits
5949/spec-5949-56096-0884.fits
5949/spec-5949-56096-0885.fits
5949/spec-5949-56096-0886.fits
5949/spec-5949-56096-0887.fits
5949/spec-5949-56096-0888.fits
5949/spec-5949-56096-0889.fits
5949/spec-5949-56096-0890.fits
5949/spec-5949-56096-0891.fits
5949/spec-5949-56096-0892.fits
5949/spec-5949-56096-0893.fits
5949/spec-5949-56096-0894.fits
5949/spec-5949-56096-0895.fits
5949/spec-5949-56096-0896.fits
5949/spec-5949-56096-0897.fits
5949/spec-5949-56096-0898.fits
5949/spec-5949-56096-0899.fits
5949/spec-5949-56096-0900.fits
5949/spec-5949-56096-0901.fits
5949/spec-5949-56096-0902.fits
5949/spec-5949-56096-0903.fits
5949/spec-5949-56096-0904.fits
5949/spec-5949-56096-0905.fits
5949/spec-5949-56096-0906.fits
5949/spec-5949-56096-0907.fits
5949/spec-5949-56096-0908.fits
5949/spec-5949-56096-0909.fits
5949/spec-5949-56096-0910.fits
5949/spec-5949-56096-0911.fits
5949/spec-5949-56096-0912.fits
5949/spec-5949-56096-0913.fits
5949/spec-5949-56096-0914.fits
5949/spec-5949-56096-0915.fits
5949/spec-5949-56096-0916.fits
5949/spec-5949-56096-0917.fits
5949/spec-5949-56096-0918.fits
5949/spec-5949-56096-0919.fits
5949/spec-5949-56096-0920.fits
5949/spec-5949-56096-0921.fits
5949/spec-5949-56096-0922.fits
5949/spec-5949-56096-0923.fits
5949/spec-5949-56096-0924.fits
5949/spec-5949-56096-0925.fits
5949/spec-5949-56096-0926.fits
5949/spec-5949-56096-0927.fits
5949/spec-5949-56096-0928.fits
5949/spec-5949-56096-0929.fits
5949/spec-5949-56096-0930.fits
5949/spec-5949-56096-0931.fits
5949/spec-5949-56096-0932.fits
5949/spec-5949-56096-0933.fits
5949/spec-5949-56096-0934.fits
5949/spec-5949-56096-0935.fits
5949/spec-5949-56096-0936.fits
5949/spec-5949-56096-0937.fits
5949/spec-5949-56096-0938.fits
5949/spec-5949-56096-0939.fits
5949/spec-5949-56096-0940.fits
5949/spec-5949-56096-0941.fits
5949/spec-5949-56096-0942.fits
5949/spec-5949-56096-0943.fits
5949/spec-5949-56096-0944.fits
5949/spec-5949-56096-0945.fits
5949/spec-5949-56096-0946.fits
5949/spec-5949-56096-0947.fits
5949/spec-5949-56096-0948.fits
5949/spec-5949-56096-0949.fits
5949/spec-5949-56096-0950.fits
5949/spec-5949-56096-0951.fits
5949/spec-5949-56096-0952.fits
5949/spec-5949-56096-0953.fits
5949/spec-5949-56096-0954.fits
5949/spec-5949-56096-0955.fits
5949/spec-5949-56096-0956.fits
5949/spec-5949-56096-0957.fits
5949/spec-5949-56096-0958.fits
5949/spec-5949-56096-0959.fits
5949/spec-5949-56096-0960.fits
5949/spec-5949-56096-0961.fits
5949/spec-5949-56096-0962.fits
5949/spec-5949-56096-0963.fits
5949/spec-5949-56096-0964.fits
5949/spec-5949-56096-0965.fits
5949/spec-5949-56096-0966.fits
5949/spec-5949-56096-0967.fits
5949/spec-5949-56096-0968.fits
5949/spec-5949-56096-0969.fits
5949/spec-5949-56096-0970.fits
5949/spec-5949-56096-0971.fits
5949/spec-5949-56096-0972.fits
5949/spec-5949-56096-0973.fits
5949/spec-5949-56096-0974.fits
5949/spec-5949-56096-0975.fits
5949/spec-5949-56096-0976.fits
5949/spec-5949-56096-0977.fits
5949/spec-5949-56096-0978.fits
5949/spec-5949-56096-0979.fits
5949/spec-5949-56096-0980.fits
5949/spec-5949-56096-0981.fits
5949/spec-5949-56096-0982.fits
5949/spec-5949-56096-0983.fits
5949/spec-5949-56096-0984.fits
5949/spec-5949-56096-0985.fits
5949/spec-5949-56096-0986.fits
5949/spec-5949-56096-0987.fits
5949/spec-5949-56096-0988.fits
5949/spec-5949-56096-0989.fits
5949/spec-5949-56096-0990.fits
5949/spec-5949-56096-0991.fits
5949/spec-5949-56096-0992.fits
5949/spec-5949-56096-0993.fits
5949/spec-5949-56096-0994.fits
5949/spec-5949-56096-0995.fits
5949/spec-5949-56096-0996.fits
5949/spec-5949-56096-0997.fits
5949/spec-5949-56096-0998.fits
5949/spec-5949-56096-0999.fits
5949/spec-5949-56096-1000.fits
/var/lib/condor/execute/slot1/dir_11095
5949 5949.tgz R R361.tar.gz _condor_stderr _condor_stdout cB58_Lyman_break.fit condor_exec.exe hw4.R packages packages.tar.gz tmp var
[1] "Loaded package astro."
[1] 1000
5949 5949.csv 5949.tgz R R361.tar.gz _condor_stderr _condor_stdout cB58_Lyman_break.fit condor_exec.exe hw4.R packages packages.tar.gz tmp var
