5951
5951/
5951/spec-5951-56102-0001.fits
5951/spec-5951-56102-0002.fits
5951/spec-5951-56102-0003.fits
5951/spec-5951-56102-0004.fits
5951/spec-5951-56102-0005.fits
5951/spec-5951-56102-0006.fits
5951/spec-5951-56102-0007.fits
5951/spec-5951-56102-0008.fits
5951/spec-5951-56102-0009.fits
5951/spec-5951-56102-0010.fits
5951/spec-5951-56102-0011.fits
5951/spec-5951-56102-0012.fits
5951/spec-5951-56102-0013.fits
5951/spec-5951-56102-0014.fits
5951/spec-5951-56102-0015.fits
5951/spec-5951-56102-0016.fits
5951/spec-5951-56102-0017.fits
5951/spec-5951-56102-0018.fits
5951/spec-5951-56102-0019.fits
5951/spec-5951-56102-0020.fits
5951/spec-5951-56102-0021.fits
5951/spec-5951-56102-0022.fits
5951/spec-5951-56102-0023.fits
5951/spec-5951-56102-0024.fits
5951/spec-5951-56102-0025.fits
5951/spec-5951-56102-0026.fits
5951/spec-5951-56102-0027.fits
5951/spec-5951-56102-0028.fits
5951/spec-5951-56102-0029.fits
5951/spec-5951-56102-0030.fits
5951/spec-5951-56102-0031.fits
5951/spec-5951-56102-0032.fits
5951/spec-5951-56102-0033.fits
5951/spec-5951-56102-0034.fits
5951/spec-5951-56102-0035.fits
5951/spec-5951-56102-0036.fits
5951/spec-5951-56102-0037.fits
5951/spec-5951-56102-0038.fits
5951/spec-5951-56102-0039.fits
5951/spec-5951-56102-0040.fits
5951/spec-5951-56102-0041.fits
5951/spec-5951-56102-0042.fits
5951/spec-5951-56102-0043.fits
5951/spec-5951-56102-0044.fits
5951/spec-5951-56102-0045.fits
5951/spec-5951-56102-0046.fits
5951/spec-5951-56102-0047.fits
5951/spec-5951-56102-0048.fits
5951/spec-5951-56102-0049.fits
5951/spec-5951-56102-0050.fits
5951/spec-5951-56102-0051.fits
5951/spec-5951-56102-0052.fits
5951/spec-5951-56102-0053.fits
5951/spec-5951-56102-0054.fits
5951/spec-5951-56102-0055.fits
5951/spec-5951-56102-0056.fits
5951/spec-5951-56102-0057.fits
5951/spec-5951-56102-0058.fits
5951/spec-5951-56102-0059.fits
5951/spec-5951-56102-0060.fits
5951/spec-5951-56102-0061.fits
5951/spec-5951-56102-0062.fits
5951/spec-5951-56102-0063.fits
5951/spec-5951-56102-0064.fits
5951/spec-5951-56102-0065.fits
5951/spec-5951-56102-0066.fits
5951/spec-5951-56102-0067.fits
5951/spec-5951-56102-0068.fits
5951/spec-5951-56102-0069.fits
5951/spec-5951-56102-0070.fits
5951/spec-5951-56102-0071.fits
5951/spec-5951-56102-0072.fits
5951/spec-5951-56102-0073.fits
5951/spec-5951-56102-0074.fits
5951/spec-5951-56102-0075.fits
5951/spec-5951-56102-0076.fits
5951/spec-5951-56102-0077.fits
5951/spec-5951-56102-0078.fits
5951/spec-5951-56102-0079.fits
5951/spec-5951-56102-0080.fits
5951/spec-5951-56102-0081.fits
5951/spec-5951-56102-0082.fits
5951/spec-5951-56102-0083.fits
5951/spec-5951-56102-0084.fits
5951/spec-5951-56102-0085.fits
5951/spec-5951-56102-0086.fits
5951/spec-5951-56102-0087.fits
5951/spec-5951-56102-0088.fits
5951/spec-5951-56102-0089.fits
5951/spec-5951-56102-0090.fits
5951/spec-5951-56102-0091.fits
5951/spec-5951-56102-0092.fits
5951/spec-5951-56102-0093.fits
5951/spec-5951-56102-0094.fits
5951/spec-5951-56102-0095.fits
5951/spec-5951-56102-0096.fits
5951/spec-5951-56102-0097.fits
5951/spec-5951-56102-0098.fits
5951/spec-5951-56102-0099.fits
5951/spec-5951-56102-0100.fits
5951/spec-5951-56102-0101.fits
5951/spec-5951-56102-0102.fits
5951/spec-5951-56102-0103.fits
5951/spec-5951-56102-0104.fits
5951/spec-5951-56102-0105.fits
5951/spec-5951-56102-0106.fits
5951/spec-5951-56102-0107.fits
5951/spec-5951-56102-0108.fits
5951/spec-5951-56102-0109.fits
5951/spec-5951-56102-0110.fits
5951/spec-5951-56102-0111.fits
5951/spec-5951-56102-0112.fits
5951/spec-5951-56102-0113.fits
5951/spec-5951-56102-0114.fits
5951/spec-5951-56102-0115.fits
5951/spec-5951-56102-0116.fits
5951/spec-5951-56102-0117.fits
5951/spec-5951-56102-0118.fits
5951/spec-5951-56102-0119.fits
5951/spec-5951-56102-0120.fits
5951/spec-5951-56102-0121.fits
5951/spec-5951-56102-0122.fits
5951/spec-5951-56102-0123.fits
5951/spec-5951-56102-0124.fits
5951/spec-5951-56102-0125.fits
5951/spec-5951-56102-0126.fits
5951/spec-5951-56102-0127.fits
5951/spec-5951-56102-0128.fits
5951/spec-5951-56102-0129.fits
5951/spec-5951-56102-0130.fits
5951/spec-5951-56102-0131.fits
5951/spec-5951-56102-0132.fits
5951/spec-5951-56102-0133.fits
5951/spec-5951-56102-0134.fits
5951/spec-5951-56102-0135.fits
5951/spec-5951-56102-0136.fits
5951/spec-5951-56102-0137.fits
5951/spec-5951-56102-0138.fits
5951/spec-5951-56102-0139.fits
5951/spec-5951-56102-0140.fits
5951/spec-5951-56102-0141.fits
5951/spec-5951-56102-0142.fits
5951/spec-5951-56102-0143.fits
5951/spec-5951-56102-0144.fits
5951/spec-5951-56102-0145.fits
5951/spec-5951-56102-0146.fits
5951/spec-5951-56102-0147.fits
5951/spec-5951-56102-0148.fits
5951/spec-5951-56102-0149.fits
5951/spec-5951-56102-0150.fits
5951/spec-5951-56102-0151.fits
5951/spec-5951-56102-0152.fits
5951/spec-5951-56102-0153.fits
5951/spec-5951-56102-0154.fits
5951/spec-5951-56102-0155.fits
5951/spec-5951-56102-0156.fits
5951/spec-5951-56102-0157.fits
5951/spec-5951-56102-0158.fits
5951/spec-5951-56102-0159.fits
5951/spec-5951-56102-0160.fits
5951/spec-5951-56102-0161.fits
5951/spec-5951-56102-0162.fits
5951/spec-5951-56102-0163.fits
5951/spec-5951-56102-0164.fits
5951/spec-5951-56102-0165.fits
5951/spec-5951-56102-0166.fits
5951/spec-5951-56102-0167.fits
5951/spec-5951-56102-0168.fits
5951/spec-5951-56102-0169.fits
5951/spec-5951-56102-0170.fits
5951/spec-5951-56102-0171.fits
5951/spec-5951-56102-0172.fits
5951/spec-5951-56102-0173.fits
5951/spec-5951-56102-0174.fits
5951/spec-5951-56102-0175.fits
5951/spec-5951-56102-0176.fits
5951/spec-5951-56102-0177.fits
5951/spec-5951-56102-0178.fits
5951/spec-5951-56102-0179.fits
5951/spec-5951-56102-0180.fits
5951/spec-5951-56102-0181.fits
5951/spec-5951-56102-0182.fits
5951/spec-5951-56102-0183.fits
5951/spec-5951-56102-0184.fits
5951/spec-5951-56102-0185.fits
5951/spec-5951-56102-0186.fits
5951/spec-5951-56102-0187.fits
5951/spec-5951-56102-0188.fits
5951/spec-5951-56102-0189.fits
5951/spec-5951-56102-0190.fits
5951/spec-5951-56102-0191.fits
5951/spec-5951-56102-0192.fits
5951/spec-5951-56102-0193.fits
5951/spec-5951-56102-0194.fits
5951/spec-5951-56102-0195.fits
5951/spec-5951-56102-0196.fits
5951/spec-5951-56102-0197.fits
5951/spec-5951-56102-0198.fits
5951/spec-5951-56102-0199.fits
5951/spec-5951-56102-0200.fits
5951/spec-5951-56102-0201.fits
5951/spec-5951-56102-0202.fits
5951/spec-5951-56102-0203.fits
5951/spec-5951-56102-0204.fits
5951/spec-5951-56102-0205.fits
5951/spec-5951-56102-0206.fits
5951/spec-5951-56102-0207.fits
5951/spec-5951-56102-0208.fits
5951/spec-5951-56102-0209.fits
5951/spec-5951-56102-0210.fits
5951/spec-5951-56102-0211.fits
5951/spec-5951-56102-0212.fits
5951/spec-5951-56102-0213.fits
5951/spec-5951-56102-0214.fits
5951/spec-5951-56102-0215.fits
5951/spec-5951-56102-0216.fits
5951/spec-5951-56102-0217.fits
5951/spec-5951-56102-0218.fits
5951/spec-5951-56102-0219.fits
5951/spec-5951-56102-0220.fits
5951/spec-5951-56102-0221.fits
5951/spec-5951-56102-0222.fits
5951/spec-5951-56102-0223.fits
5951/spec-5951-56102-0224.fits
5951/spec-5951-56102-0225.fits
5951/spec-5951-56102-0226.fits
5951/spec-5951-56102-0227.fits
5951/spec-5951-56102-0228.fits
5951/spec-5951-56102-0229.fits
5951/spec-5951-56102-0230.fits
5951/spec-5951-56102-0231.fits
5951/spec-5951-56102-0232.fits
5951/spec-5951-56102-0233.fits
5951/spec-5951-56102-0234.fits
5951/spec-5951-56102-0235.fits
5951/spec-5951-56102-0236.fits
5951/spec-5951-56102-0237.fits
5951/spec-5951-56102-0238.fits
5951/spec-5951-56102-0239.fits
5951/spec-5951-56102-0240.fits
5951/spec-5951-56102-0241.fits
5951/spec-5951-56102-0242.fits
5951/spec-5951-56102-0243.fits
5951/spec-5951-56102-0244.fits
5951/spec-5951-56102-0245.fits
5951/spec-5951-56102-0246.fits
5951/spec-5951-56102-0247.fits
5951/spec-5951-56102-0248.fits
5951/spec-5951-56102-0249.fits
5951/spec-5951-56102-0250.fits
5951/spec-5951-56102-0251.fits
5951/spec-5951-56102-0252.fits
5951/spec-5951-56102-0253.fits
5951/spec-5951-56102-0254.fits
5951/spec-5951-56102-0255.fits
5951/spec-5951-56102-0256.fits
5951/spec-5951-56102-0257.fits
5951/spec-5951-56102-0258.fits
5951/spec-5951-56102-0259.fits
5951/spec-5951-56102-0260.fits
5951/spec-5951-56102-0261.fits
5951/spec-5951-56102-0262.fits
5951/spec-5951-56102-0263.fits
5951/spec-5951-56102-0264.fits
5951/spec-5951-56102-0265.fits
5951/spec-5951-56102-0266.fits
5951/spec-5951-56102-0267.fits
5951/spec-5951-56102-0268.fits
5951/spec-5951-56102-0269.fits
5951/spec-5951-56102-0270.fits
5951/spec-5951-56102-0271.fits
5951/spec-5951-56102-0272.fits
5951/spec-5951-56102-0273.fits
5951/spec-5951-56102-0274.fits
5951/spec-5951-56102-0275.fits
5951/spec-5951-56102-0276.fits
5951/spec-5951-56102-0277.fits
5951/spec-5951-56102-0278.fits
5951/spec-5951-56102-0279.fits
5951/spec-5951-56102-0280.fits
5951/spec-5951-56102-0281.fits
5951/spec-5951-56102-0282.fits
5951/spec-5951-56102-0283.fits
5951/spec-5951-56102-0284.fits
5951/spec-5951-56102-0285.fits
5951/spec-5951-56102-0286.fits
5951/spec-5951-56102-0287.fits
5951/spec-5951-56102-0288.fits
5951/spec-5951-56102-0289.fits
5951/spec-5951-56102-0290.fits
5951/spec-5951-56102-0291.fits
5951/spec-5951-56102-0292.fits
5951/spec-5951-56102-0293.fits
5951/spec-5951-56102-0294.fits
5951/spec-5951-56102-0295.fits
5951/spec-5951-56102-0296.fits
5951/spec-5951-56102-0297.fits
5951/spec-5951-56102-0298.fits
5951/spec-5951-56102-0299.fits
5951/spec-5951-56102-0300.fits
5951/spec-5951-56102-0301.fits
5951/spec-5951-56102-0302.fits
5951/spec-5951-56102-0303.fits
5951/spec-5951-56102-0304.fits
5951/spec-5951-56102-0305.fits
5951/spec-5951-56102-0306.fits
5951/spec-5951-56102-0307.fits
5951/spec-5951-56102-0308.fits
5951/spec-5951-56102-0309.fits
5951/spec-5951-56102-0310.fits
5951/spec-5951-56102-0311.fits
5951/spec-5951-56102-0312.fits
5951/spec-5951-56102-0313.fits
5951/spec-5951-56102-0314.fits
5951/spec-5951-56102-0315.fits
5951/spec-5951-56102-0316.fits
5951/spec-5951-56102-0317.fits
5951/spec-5951-56102-0318.fits
5951/spec-5951-56102-0319.fits
5951/spec-5951-56102-0320.fits
5951/spec-5951-56102-0321.fits
5951/spec-5951-56102-0322.fits
5951/spec-5951-56102-0323.fits
5951/spec-5951-56102-0324.fits
5951/spec-5951-56102-0325.fits
5951/spec-5951-56102-0326.fits
5951/spec-5951-56102-0327.fits
5951/spec-5951-56102-0328.fits
5951/spec-5951-56102-0329.fits
5951/spec-5951-56102-0330.fits
5951/spec-5951-56102-0331.fits
5951/spec-5951-56102-0332.fits
5951/spec-5951-56102-0333.fits
5951/spec-5951-56102-0334.fits
5951/spec-5951-56102-0335.fits
5951/spec-5951-56102-0336.fits
5951/spec-5951-56102-0337.fits
5951/spec-5951-56102-0338.fits
5951/spec-5951-56102-0339.fits
5951/spec-5951-56102-0340.fits
5951/spec-5951-56102-0341.fits
5951/spec-5951-56102-0342.fits
5951/spec-5951-56102-0343.fits
5951/spec-5951-56102-0344.fits
5951/spec-5951-56102-0345.fits
5951/spec-5951-56102-0346.fits
5951/spec-5951-56102-0347.fits
5951/spec-5951-56102-0348.fits
5951/spec-5951-56102-0349.fits
5951/spec-5951-56102-0350.fits
5951/spec-5951-56102-0351.fits
5951/spec-5951-56102-0352.fits
5951/spec-5951-56102-0353.fits
5951/spec-5951-56102-0354.fits
5951/spec-5951-56102-0355.fits
5951/spec-5951-56102-0356.fits
5951/spec-5951-56102-0357.fits
5951/spec-5951-56102-0358.fits
5951/spec-5951-56102-0359.fits
5951/spec-5951-56102-0360.fits
5951/spec-5951-56102-0361.fits
5951/spec-5951-56102-0362.fits
5951/spec-5951-56102-0363.fits
5951/spec-5951-56102-0364.fits
5951/spec-5951-56102-0365.fits
5951/spec-5951-56102-0366.fits
5951/spec-5951-56102-0367.fits
5951/spec-5951-56102-0368.fits
5951/spec-5951-56102-0369.fits
5951/spec-5951-56102-0370.fits
5951/spec-5951-56102-0371.fits
5951/spec-5951-56102-0372.fits
5951/spec-5951-56102-0373.fits
5951/spec-5951-56102-0374.fits
5951/spec-5951-56102-0375.fits
5951/spec-5951-56102-0376.fits
5951/spec-5951-56102-0377.fits
5951/spec-5951-56102-0378.fits
5951/spec-5951-56102-0379.fits
5951/spec-5951-56102-0380.fits
5951/spec-5951-56102-0381.fits
5951/spec-5951-56102-0382.fits
5951/spec-5951-56102-0383.fits
5951/spec-5951-56102-0384.fits
5951/spec-5951-56102-0385.fits
5951/spec-5951-56102-0386.fits
5951/spec-5951-56102-0387.fits
5951/spec-5951-56102-0388.fits
5951/spec-5951-56102-0389.fits
5951/spec-5951-56102-0390.fits
5951/spec-5951-56102-0391.fits
5951/spec-5951-56102-0392.fits
5951/spec-5951-56102-0393.fits
5951/spec-5951-56102-0394.fits
5951/spec-5951-56102-0395.fits
5951/spec-5951-56102-0396.fits
5951/spec-5951-56102-0397.fits
5951/spec-5951-56102-0398.fits
5951/spec-5951-56102-0399.fits
5951/spec-5951-56102-0400.fits
5951/spec-5951-56102-0401.fits
5951/spec-5951-56102-0402.fits
5951/spec-5951-56102-0403.fits
5951/spec-5951-56102-0404.fits
5951/spec-5951-56102-0405.fits
5951/spec-5951-56102-0406.fits
5951/spec-5951-56102-0407.fits
5951/spec-5951-56102-0408.fits
5951/spec-5951-56102-0409.fits
5951/spec-5951-56102-0410.fits
5951/spec-5951-56102-0411.fits
5951/spec-5951-56102-0412.fits
5951/spec-5951-56102-0413.fits
5951/spec-5951-56102-0414.fits
5951/spec-5951-56102-0415.fits
5951/spec-5951-56102-0416.fits
5951/spec-5951-56102-0417.fits
5951/spec-5951-56102-0418.fits
5951/spec-5951-56102-0419.fits
5951/spec-5951-56102-0420.fits
5951/spec-5951-56102-0421.fits
5951/spec-5951-56102-0422.fits
5951/spec-5951-56102-0423.fits
5951/spec-5951-56102-0424.fits
5951/spec-5951-56102-0425.fits
5951/spec-5951-56102-0426.fits
5951/spec-5951-56102-0427.fits
5951/spec-5951-56102-0428.fits
5951/spec-5951-56102-0429.fits
5951/spec-5951-56102-0430.fits
5951/spec-5951-56102-0431.fits
5951/spec-5951-56102-0432.fits
5951/spec-5951-56102-0433.fits
5951/spec-5951-56102-0434.fits
5951/spec-5951-56102-0435.fits
5951/spec-5951-56102-0436.fits
5951/spec-5951-56102-0437.fits
5951/spec-5951-56102-0438.fits
5951/spec-5951-56102-0439.fits
5951/spec-5951-56102-0440.fits
5951/spec-5951-56102-0441.fits
5951/spec-5951-56102-0442.fits
5951/spec-5951-56102-0443.fits
5951/spec-5951-56102-0444.fits
5951/spec-5951-56102-0445.fits
5951/spec-5951-56102-0446.fits
5951/spec-5951-56102-0447.fits
5951/spec-5951-56102-0448.fits
5951/spec-5951-56102-0449.fits
5951/spec-5951-56102-0450.fits
5951/spec-5951-56102-0451.fits
5951/spec-5951-56102-0452.fits
5951/spec-5951-56102-0453.fits
5951/spec-5951-56102-0454.fits
5951/spec-5951-56102-0455.fits
5951/spec-5951-56102-0456.fits
5951/spec-5951-56102-0457.fits
5951/spec-5951-56102-0458.fits
5951/spec-5951-56102-0459.fits
5951/spec-5951-56102-0460.fits
5951/spec-5951-56102-0461.fits
5951/spec-5951-56102-0462.fits
5951/spec-5951-56102-0463.fits
5951/spec-5951-56102-0464.fits
5951/spec-5951-56102-0465.fits
5951/spec-5951-56102-0466.fits
5951/spec-5951-56102-0467.fits
5951/spec-5951-56102-0468.fits
5951/spec-5951-56102-0469.fits
5951/spec-5951-56102-0470.fits
5951/spec-5951-56102-0471.fits
5951/spec-5951-56102-0472.fits
5951/spec-5951-56102-0473.fits
5951/spec-5951-56102-0474.fits
5951/spec-5951-56102-0475.fits
5951/spec-5951-56102-0476.fits
5951/spec-5951-56102-0477.fits
5951/spec-5951-56102-0478.fits
5951/spec-5951-56102-0479.fits
5951/spec-5951-56102-0480.fits
5951/spec-5951-56102-0481.fits
5951/spec-5951-56102-0482.fits
5951/spec-5951-56102-0483.fits
5951/spec-5951-56102-0484.fits
5951/spec-5951-56102-0485.fits
5951/spec-5951-56102-0486.fits
5951/spec-5951-56102-0487.fits
5951/spec-5951-56102-0488.fits
5951/spec-5951-56102-0489.fits
5951/spec-5951-56102-0490.fits
5951/spec-5951-56102-0491.fits
5951/spec-5951-56102-0492.fits
5951/spec-5951-56102-0493.fits
5951/spec-5951-56102-0494.fits
5951/spec-5951-56102-0495.fits
5951/spec-5951-56102-0496.fits
5951/spec-5951-56102-0497.fits
5951/spec-5951-56102-0498.fits
5951/spec-5951-56102-0499.fits
5951/spec-5951-56102-0500.fits
5951/spec-5951-56102-0501.fits
5951/spec-5951-56102-0502.fits
5951/spec-5951-56102-0503.fits
5951/spec-5951-56102-0504.fits
5951/spec-5951-56102-0505.fits
5951/spec-5951-56102-0506.fits
5951/spec-5951-56102-0507.fits
5951/spec-5951-56102-0508.fits
5951/spec-5951-56102-0509.fits
5951/spec-5951-56102-0510.fits
5951/spec-5951-56102-0511.fits
5951/spec-5951-56102-0512.fits
5951/spec-5951-56102-0513.fits
5951/spec-5951-56102-0514.fits
5951/spec-5951-56102-0515.fits
5951/spec-5951-56102-0516.fits
5951/spec-5951-56102-0517.fits
5951/spec-5951-56102-0518.fits
5951/spec-5951-56102-0519.fits
5951/spec-5951-56102-0520.fits
5951/spec-5951-56102-0521.fits
5951/spec-5951-56102-0522.fits
5951/spec-5951-56102-0523.fits
5951/spec-5951-56102-0524.fits
5951/spec-5951-56102-0525.fits
5951/spec-5951-56102-0526.fits
5951/spec-5951-56102-0527.fits
5951/spec-5951-56102-0528.fits
5951/spec-5951-56102-0529.fits
5951/spec-5951-56102-0530.fits
5951/spec-5951-56102-0531.fits
5951/spec-5951-56102-0532.fits
5951/spec-5951-56102-0533.fits
5951/spec-5951-56102-0534.fits
5951/spec-5951-56102-0535.fits
5951/spec-5951-56102-0536.fits
5951/spec-5951-56102-0537.fits
5951/spec-5951-56102-0538.fits
5951/spec-5951-56102-0539.fits
5951/spec-5951-56102-0540.fits
5951/spec-5951-56102-0541.fits
5951/spec-5951-56102-0542.fits
5951/spec-5951-56102-0543.fits
5951/spec-5951-56102-0544.fits
5951/spec-5951-56102-0545.fits
5951/spec-5951-56102-0546.fits
5951/spec-5951-56102-0547.fits
5951/spec-5951-56102-0548.fits
5951/spec-5951-56102-0549.fits
5951/spec-5951-56102-0550.fits
5951/spec-5951-56102-0551.fits
5951/spec-5951-56102-0552.fits
5951/spec-5951-56102-0553.fits
5951/spec-5951-56102-0554.fits
5951/spec-5951-56102-0555.fits
5951/spec-5951-56102-0556.fits
5951/spec-5951-56102-0557.fits
5951/spec-5951-56102-0558.fits
5951/spec-5951-56102-0559.fits
5951/spec-5951-56102-0560.fits
5951/spec-5951-56102-0561.fits
5951/spec-5951-56102-0562.fits
5951/spec-5951-56102-0563.fits
5951/spec-5951-56102-0564.fits
5951/spec-5951-56102-0565.fits
5951/spec-5951-56102-0566.fits
5951/spec-5951-56102-0567.fits
5951/spec-5951-56102-0568.fits
5951/spec-5951-56102-0569.fits
5951/spec-5951-56102-0570.fits
5951/spec-5951-56102-0571.fits
5951/spec-5951-56102-0572.fits
5951/spec-5951-56102-0573.fits
5951/spec-5951-56102-0574.fits
5951/spec-5951-56102-0575.fits
5951/spec-5951-56102-0576.fits
5951/spec-5951-56102-0577.fits
5951/spec-5951-56102-0578.fits
5951/spec-5951-56102-0579.fits
5951/spec-5951-56102-0580.fits
5951/spec-5951-56102-0581.fits
5951/spec-5951-56102-0582.fits
5951/spec-5951-56102-0583.fits
5951/spec-5951-56102-0584.fits
5951/spec-5951-56102-0585.fits
5951/spec-5951-56102-0586.fits
5951/spec-5951-56102-0587.fits
5951/spec-5951-56102-0588.fits
5951/spec-5951-56102-0589.fits
5951/spec-5951-56102-0590.fits
5951/spec-5951-56102-0591.fits
5951/spec-5951-56102-0592.fits
5951/spec-5951-56102-0593.fits
5951/spec-5951-56102-0594.fits
5951/spec-5951-56102-0595.fits
5951/spec-5951-56102-0596.fits
5951/spec-5951-56102-0597.fits
5951/spec-5951-56102-0598.fits
5951/spec-5951-56102-0599.fits
5951/spec-5951-56102-0600.fits
5951/spec-5951-56102-0601.fits
5951/spec-5951-56102-0602.fits
5951/spec-5951-56102-0603.fits
5951/spec-5951-56102-0604.fits
5951/spec-5951-56102-0605.fits
5951/spec-5951-56102-0606.fits
5951/spec-5951-56102-0607.fits
5951/spec-5951-56102-0608.fits
5951/spec-5951-56102-0609.fits
5951/spec-5951-56102-0610.fits
5951/spec-5951-56102-0611.fits
5951/spec-5951-56102-0612.fits
5951/spec-5951-56102-0613.fits
5951/spec-5951-56102-0614.fits
5951/spec-5951-56102-0615.fits
5951/spec-5951-56102-0616.fits
5951/spec-5951-56102-0617.fits
5951/spec-5951-56102-0618.fits
5951/spec-5951-56102-0619.fits
5951/spec-5951-56102-0620.fits
5951/spec-5951-56102-0621.fits
5951/spec-5951-56102-0622.fits
5951/spec-5951-56102-0623.fits
5951/spec-5951-56102-0624.fits
5951/spec-5951-56102-0625.fits
5951/spec-5951-56102-0626.fits
5951/spec-5951-56102-0627.fits
5951/spec-5951-56102-0628.fits
5951/spec-5951-56102-0629.fits
5951/spec-5951-56102-0630.fits
5951/spec-5951-56102-0631.fits
5951/spec-5951-56102-0632.fits
5951/spec-5951-56102-0633.fits
5951/spec-5951-56102-0634.fits
5951/spec-5951-56102-0635.fits
5951/spec-5951-56102-0636.fits
5951/spec-5951-56102-0637.fits
5951/spec-5951-56102-0638.fits
5951/spec-5951-56102-0639.fits
5951/spec-5951-56102-0640.fits
5951/spec-5951-56102-0641.fits
5951/spec-5951-56102-0642.fits
5951/spec-5951-56102-0643.fits
5951/spec-5951-56102-0644.fits
5951/spec-5951-56102-0645.fits
5951/spec-5951-56102-0646.fits
5951/spec-5951-56102-0647.fits
5951/spec-5951-56102-0648.fits
5951/spec-5951-56102-0649.fits
5951/spec-5951-56102-0650.fits
5951/spec-5951-56102-0651.fits
5951/spec-5951-56102-0652.fits
5951/spec-5951-56102-0653.fits
5951/spec-5951-56102-0654.fits
5951/spec-5951-56102-0655.fits
5951/spec-5951-56102-0656.fits
5951/spec-5951-56102-0657.fits
5951/spec-5951-56102-0658.fits
5951/spec-5951-56102-0659.fits
5951/spec-5951-56102-0660.fits
5951/spec-5951-56102-0661.fits
5951/spec-5951-56102-0662.fits
5951/spec-5951-56102-0663.fits
5951/spec-5951-56102-0664.fits
5951/spec-5951-56102-0665.fits
5951/spec-5951-56102-0666.fits
5951/spec-5951-56102-0667.fits
5951/spec-5951-56102-0668.fits
5951/spec-5951-56102-0669.fits
5951/spec-5951-56102-0670.fits
5951/spec-5951-56102-0671.fits
5951/spec-5951-56102-0672.fits
5951/spec-5951-56102-0673.fits
5951/spec-5951-56102-0674.fits
5951/spec-5951-56102-0675.fits
5951/spec-5951-56102-0676.fits
5951/spec-5951-56102-0677.fits
5951/spec-5951-56102-0678.fits
5951/spec-5951-56102-0679.fits
5951/spec-5951-56102-0680.fits
5951/spec-5951-56102-0681.fits
5951/spec-5951-56102-0682.fits
5951/spec-5951-56102-0683.fits
5951/spec-5951-56102-0684.fits
5951/spec-5951-56102-0685.fits
5951/spec-5951-56102-0686.fits
5951/spec-5951-56102-0687.fits
5951/spec-5951-56102-0688.fits
5951/spec-5951-56102-0689.fits
5951/spec-5951-56102-0690.fits
5951/spec-5951-56102-0691.fits
5951/spec-5951-56102-0692.fits
5951/spec-5951-56102-0693.fits
5951/spec-5951-56102-0694.fits
5951/spec-5951-56102-0695.fits
5951/spec-5951-56102-0696.fits
5951/spec-5951-56102-0697.fits
5951/spec-5951-56102-0698.fits
5951/spec-5951-56102-0699.fits
5951/spec-5951-56102-0700.fits
5951/spec-5951-56102-0701.fits
5951/spec-5951-56102-0702.fits
5951/spec-5951-56102-0703.fits
5951/spec-5951-56102-0704.fits
5951/spec-5951-56102-0705.fits
5951/spec-5951-56102-0706.fits
5951/spec-5951-56102-0707.fits
5951/spec-5951-56102-0708.fits
5951/spec-5951-56102-0709.fits
5951/spec-5951-56102-0710.fits
5951/spec-5951-56102-0711.fits
5951/spec-5951-56102-0712.fits
5951/spec-5951-56102-0713.fits
5951/spec-5951-56102-0714.fits
5951/spec-5951-56102-0715.fits
5951/spec-5951-56102-0716.fits
5951/spec-5951-56102-0717.fits
5951/spec-5951-56102-0718.fits
5951/spec-5951-56102-0719.fits
5951/spec-5951-56102-0720.fits
5951/spec-5951-56102-0721.fits
5951/spec-5951-56102-0722.fits
5951/spec-5951-56102-0723.fits
5951/spec-5951-56102-0724.fits
5951/spec-5951-56102-0725.fits
5951/spec-5951-56102-0726.fits
5951/spec-5951-56102-0727.fits
5951/spec-5951-56102-0728.fits
5951/spec-5951-56102-0729.fits
5951/spec-5951-56102-0730.fits
5951/spec-5951-56102-0731.fits
5951/spec-5951-56102-0732.fits
5951/spec-5951-56102-0733.fits
5951/spec-5951-56102-0734.fits
5951/spec-5951-56102-0735.fits
5951/spec-5951-56102-0736.fits
5951/spec-5951-56102-0737.fits
5951/spec-5951-56102-0738.fits
5951/spec-5951-56102-0739.fits
5951/spec-5951-56102-0740.fits
5951/spec-5951-56102-0741.fits
5951/spec-5951-56102-0742.fits
5951/spec-5951-56102-0743.fits
5951/spec-5951-56102-0744.fits
5951/spec-5951-56102-0745.fits
5951/spec-5951-56102-0746.fits
5951/spec-5951-56102-0747.fits
5951/spec-5951-56102-0748.fits
5951/spec-5951-56102-0749.fits
5951/spec-5951-56102-0750.fits
5951/spec-5951-56102-0751.fits
5951/spec-5951-56102-0752.fits
5951/spec-5951-56102-0753.fits
5951/spec-5951-56102-0754.fits
5951/spec-5951-56102-0755.fits
5951/spec-5951-56102-0756.fits
5951/spec-5951-56102-0757.fits
5951/spec-5951-56102-0758.fits
5951/spec-5951-56102-0759.fits
5951/spec-5951-56102-0760.fits
5951/spec-5951-56102-0761.fits
5951/spec-5951-56102-0762.fits
5951/spec-5951-56102-0763.fits
5951/spec-5951-56102-0764.fits
5951/spec-5951-56102-0765.fits
5951/spec-5951-56102-0766.fits
5951/spec-5951-56102-0767.fits
5951/spec-5951-56102-0768.fits
5951/spec-5951-56102-0769.fits
5951/spec-5951-56102-0770.fits
5951/spec-5951-56102-0771.fits
5951/spec-5951-56102-0772.fits
5951/spec-5951-56102-0773.fits
5951/spec-5951-56102-0774.fits
5951/spec-5951-56102-0775.fits
5951/spec-5951-56102-0776.fits
5951/spec-5951-56102-0777.fits
5951/spec-5951-56102-0778.fits
5951/spec-5951-56102-0779.fits
5951/spec-5951-56102-0780.fits
5951/spec-5951-56102-0781.fits
5951/spec-5951-56102-0782.fits
5951/spec-5951-56102-0783.fits
5951/spec-5951-56102-0784.fits
5951/spec-5951-56102-0785.fits
5951/spec-5951-56102-0786.fits
5951/spec-5951-56102-0787.fits
5951/spec-5951-56102-0788.fits
5951/spec-5951-56102-0789.fits
5951/spec-5951-56102-0790.fits
5951/spec-5951-56102-0791.fits
5951/spec-5951-56102-0792.fits
5951/spec-5951-56102-0793.fits
5951/spec-5951-56102-0794.fits
5951/spec-5951-56102-0795.fits
5951/spec-5951-56102-0796.fits
5951/spec-5951-56102-0797.fits
5951/spec-5951-56102-0798.fits
5951/spec-5951-56102-0799.fits
5951/spec-5951-56102-0800.fits
5951/spec-5951-56102-0801.fits
5951/spec-5951-56102-0802.fits
5951/spec-5951-56102-0803.fits
5951/spec-5951-56102-0804.fits
5951/spec-5951-56102-0805.fits
5951/spec-5951-56102-0806.fits
5951/spec-5951-56102-0807.fits
5951/spec-5951-56102-0808.fits
5951/spec-5951-56102-0809.fits
5951/spec-5951-56102-0810.fits
5951/spec-5951-56102-0811.fits
5951/spec-5951-56102-0812.fits
5951/spec-5951-56102-0813.fits
5951/spec-5951-56102-0814.fits
5951/spec-5951-56102-0815.fits
5951/spec-5951-56102-0816.fits
5951/spec-5951-56102-0817.fits
5951/spec-5951-56102-0818.fits
5951/spec-5951-56102-0819.fits
5951/spec-5951-56102-0820.fits
5951/spec-5951-56102-0821.fits
5951/spec-5951-56102-0822.fits
5951/spec-5951-56102-0823.fits
5951/spec-5951-56102-0824.fits
5951/spec-5951-56102-0825.fits
5951/spec-5951-56102-0826.fits
5951/spec-5951-56102-0827.fits
5951/spec-5951-56102-0828.fits
5951/spec-5951-56102-0829.fits
5951/spec-5951-56102-0830.fits
5951/spec-5951-56102-0831.fits
5951/spec-5951-56102-0832.fits
5951/spec-5951-56102-0833.fits
5951/spec-5951-56102-0834.fits
5951/spec-5951-56102-0835.fits
5951/spec-5951-56102-0836.fits
5951/spec-5951-56102-0837.fits
5951/spec-5951-56102-0838.fits
5951/spec-5951-56102-0839.fits
5951/spec-5951-56102-0840.fits
5951/spec-5951-56102-0841.fits
5951/spec-5951-56102-0842.fits
5951/spec-5951-56102-0843.fits
5951/spec-5951-56102-0844.fits
5951/spec-5951-56102-0845.fits
5951/spec-5951-56102-0846.fits
5951/spec-5951-56102-0847.fits
5951/spec-5951-56102-0848.fits
5951/spec-5951-56102-0849.fits
5951/spec-5951-56102-0850.fits
5951/spec-5951-56102-0851.fits
5951/spec-5951-56102-0852.fits
5951/spec-5951-56102-0853.fits
5951/spec-5951-56102-0854.fits
5951/spec-5951-56102-0855.fits
5951/spec-5951-56102-0856.fits
5951/spec-5951-56102-0857.fits
5951/spec-5951-56102-0858.fits
5951/spec-5951-56102-0859.fits
5951/spec-5951-56102-0860.fits
5951/spec-5951-56102-0861.fits
5951/spec-5951-56102-0862.fits
5951/spec-5951-56102-0863.fits
5951/spec-5951-56102-0864.fits
5951/spec-5951-56102-0865.fits
5951/spec-5951-56102-0866.fits
5951/spec-5951-56102-0867.fits
5951/spec-5951-56102-0868.fits
5951/spec-5951-56102-0869.fits
5951/spec-5951-56102-0870.fits
5951/spec-5951-56102-0871.fits
5951/spec-5951-56102-0872.fits
5951/spec-5951-56102-0873.fits
5951/spec-5951-56102-0874.fits
5951/spec-5951-56102-0875.fits
5951/spec-5951-56102-0876.fits
5951/spec-5951-56102-0877.fits
5951/spec-5951-56102-0878.fits
5951/spec-5951-56102-0879.fits
5951/spec-5951-56102-0880.fits
5951/spec-5951-56102-0881.fits
5951/spec-5951-56102-0882.fits
5951/spec-5951-56102-0883.fits
5951/spec-5951-56102-0884.fits
5951/spec-5951-56102-0885.fits
5951/spec-5951-56102-0886.fits
5951/spec-5951-56102-0887.fits
5951/spec-5951-56102-0888.fits
5951/spec-5951-56102-0889.fits
5951/spec-5951-56102-0890.fits
5951/spec-5951-56102-0891.fits
5951/spec-5951-56102-0892.fits
5951/spec-5951-56102-0893.fits
5951/spec-5951-56102-0894.fits
5951/spec-5951-56102-0895.fits
5951/spec-5951-56102-0896.fits
5951/spec-5951-56102-0897.fits
5951/spec-5951-56102-0898.fits
5951/spec-5951-56102-0899.fits
5951/spec-5951-56102-0900.fits
5951/spec-5951-56102-0901.fits
5951/spec-5951-56102-0902.fits
5951/spec-5951-56102-0903.fits
5951/spec-5951-56102-0904.fits
5951/spec-5951-56102-0905.fits
5951/spec-5951-56102-0906.fits
5951/spec-5951-56102-0907.fits
5951/spec-5951-56102-0908.fits
5951/spec-5951-56102-0909.fits
5951/spec-5951-56102-0910.fits
5951/spec-5951-56102-0911.fits
5951/spec-5951-56102-0912.fits
5951/spec-5951-56102-0913.fits
5951/spec-5951-56102-0914.fits
5951/spec-5951-56102-0915.fits
5951/spec-5951-56102-0916.fits
5951/spec-5951-56102-0917.fits
5951/spec-5951-56102-0918.fits
5951/spec-5951-56102-0919.fits
5951/spec-5951-56102-0920.fits
5951/spec-5951-56102-0921.fits
5951/spec-5951-56102-0922.fits
5951/spec-5951-56102-0923.fits
5951/spec-5951-56102-0924.fits
5951/spec-5951-56102-0925.fits
5951/spec-5951-56102-0926.fits
5951/spec-5951-56102-0927.fits
5951/spec-5951-56102-0928.fits
5951/spec-5951-56102-0929.fits
5951/spec-5951-56102-0930.fits
5951/spec-5951-56102-0931.fits
5951/spec-5951-56102-0932.fits
5951/spec-5951-56102-0933.fits
5951/spec-5951-56102-0934.fits
5951/spec-5951-56102-0935.fits
5951/spec-5951-56102-0936.fits
5951/spec-5951-56102-0937.fits
5951/spec-5951-56102-0938.fits
5951/spec-5951-56102-0939.fits
5951/spec-5951-56102-0940.fits
5951/spec-5951-56102-0941.fits
5951/spec-5951-56102-0942.fits
5951/spec-5951-56102-0943.fits
5951/spec-5951-56102-0944.fits
5951/spec-5951-56102-0945.fits
5951/spec-5951-56102-0946.fits
5951/spec-5951-56102-0947.fits
5951/spec-5951-56102-0948.fits
5951/spec-5951-56102-0949.fits
5951/spec-5951-56102-0950.fits
5951/spec-5951-56102-0951.fits
5951/spec-5951-56102-0952.fits
5951/spec-5951-56102-0953.fits
5951/spec-5951-56102-0954.fits
5951/spec-5951-56102-0955.fits
5951/spec-5951-56102-0956.fits
5951/spec-5951-56102-0957.fits
5951/spec-5951-56102-0958.fits
5951/spec-5951-56102-0959.fits
5951/spec-5951-56102-0960.fits
5951/spec-5951-56102-0961.fits
5951/spec-5951-56102-0962.fits
5951/spec-5951-56102-0963.fits
5951/spec-5951-56102-0964.fits
5951/spec-5951-56102-0965.fits
5951/spec-5951-56102-0966.fits
5951/spec-5951-56102-0967.fits
5951/spec-5951-56102-0968.fits
5951/spec-5951-56102-0969.fits
5951/spec-5951-56102-0970.fits
5951/spec-5951-56102-0971.fits
5951/spec-5951-56102-0972.fits
5951/spec-5951-56102-0973.fits
5951/spec-5951-56102-0974.fits
5951/spec-5951-56102-0975.fits
5951/spec-5951-56102-0976.fits
5951/spec-5951-56102-0977.fits
5951/spec-5951-56102-0978.fits
5951/spec-5951-56102-0979.fits
5951/spec-5951-56102-0980.fits
5951/spec-5951-56102-0981.fits
5951/spec-5951-56102-0982.fits
5951/spec-5951-56102-0983.fits
5951/spec-5951-56102-0984.fits
5951/spec-5951-56102-0985.fits
5951/spec-5951-56102-0986.fits
5951/spec-5951-56102-0987.fits
5951/spec-5951-56102-0988.fits
5951/spec-5951-56102-0989.fits
5951/spec-5951-56102-0990.fits
5951/spec-5951-56102-0991.fits
5951/spec-5951-56102-0992.fits
5951/spec-5951-56102-0993.fits
5951/spec-5951-56102-0994.fits
5951/spec-5951-56102-0995.fits
5951/spec-5951-56102-0996.fits
5951/spec-5951-56102-0997.fits
5951/spec-5951-56102-0998.fits
5951/spec-5951-56102-0999.fits
5951/spec-5951-56102-1000.fits
/var/lib/condor/execute/slot1/dir_15440
5951 5951.tgz R R361.tar.gz _condor_stderr _condor_stdout cB58_Lyman_break.fit condor_exec.exe hw4.R packages packages.tar.gz tmp var
[1] "Loaded package astro."
[1] 1000
5951 5951.csv 5951.tgz R R361.tar.gz _condor_stderr _condor_stdout cB58_Lyman_break.fit condor_exec.exe hw4.R packages packages.tar.gz tmp var
