5960
5960/
5960/spec-5960-56097-0001.fits
5960/spec-5960-56097-0002.fits
5960/spec-5960-56097-0003.fits
5960/spec-5960-56097-0004.fits
5960/spec-5960-56097-0005.fits
5960/spec-5960-56097-0006.fits
5960/spec-5960-56097-0007.fits
5960/spec-5960-56097-0008.fits
5960/spec-5960-56097-0009.fits
5960/spec-5960-56097-0010.fits
5960/spec-5960-56097-0011.fits
5960/spec-5960-56097-0012.fits
5960/spec-5960-56097-0013.fits
5960/spec-5960-56097-0014.fits
5960/spec-5960-56097-0015.fits
5960/spec-5960-56097-0016.fits
5960/spec-5960-56097-0017.fits
5960/spec-5960-56097-0018.fits
5960/spec-5960-56097-0019.fits
5960/spec-5960-56097-0020.fits
5960/spec-5960-56097-0021.fits
5960/spec-5960-56097-0022.fits
5960/spec-5960-56097-0023.fits
5960/spec-5960-56097-0024.fits
5960/spec-5960-56097-0025.fits
5960/spec-5960-56097-0026.fits
5960/spec-5960-56097-0027.fits
5960/spec-5960-56097-0028.fits
5960/spec-5960-56097-0029.fits
5960/spec-5960-56097-0030.fits
5960/spec-5960-56097-0031.fits
5960/spec-5960-56097-0032.fits
5960/spec-5960-56097-0033.fits
5960/spec-5960-56097-0034.fits
5960/spec-5960-56097-0035.fits
5960/spec-5960-56097-0036.fits
5960/spec-5960-56097-0037.fits
5960/spec-5960-56097-0038.fits
5960/spec-5960-56097-0039.fits
5960/spec-5960-56097-0040.fits
5960/spec-5960-56097-0041.fits
5960/spec-5960-56097-0042.fits
5960/spec-5960-56097-0043.fits
5960/spec-5960-56097-0044.fits
5960/spec-5960-56097-0045.fits
5960/spec-5960-56097-0046.fits
5960/spec-5960-56097-0047.fits
5960/spec-5960-56097-0048.fits
5960/spec-5960-56097-0049.fits
5960/spec-5960-56097-0050.fits
5960/spec-5960-56097-0051.fits
5960/spec-5960-56097-0052.fits
5960/spec-5960-56097-0053.fits
5960/spec-5960-56097-0054.fits
5960/spec-5960-56097-0055.fits
5960/spec-5960-56097-0056.fits
5960/spec-5960-56097-0057.fits
5960/spec-5960-56097-0058.fits
5960/spec-5960-56097-0059.fits
5960/spec-5960-56097-0060.fits
5960/spec-5960-56097-0061.fits
5960/spec-5960-56097-0062.fits
5960/spec-5960-56097-0063.fits
5960/spec-5960-56097-0064.fits
5960/spec-5960-56097-0065.fits
5960/spec-5960-56097-0066.fits
5960/spec-5960-56097-0067.fits
5960/spec-5960-56097-0068.fits
5960/spec-5960-56097-0069.fits
5960/spec-5960-56097-0070.fits
5960/spec-5960-56097-0071.fits
5960/spec-5960-56097-0072.fits
5960/spec-5960-56097-0073.fits
5960/spec-5960-56097-0074.fits
5960/spec-5960-56097-0075.fits
5960/spec-5960-56097-0076.fits
5960/spec-5960-56097-0077.fits
5960/spec-5960-56097-0078.fits
5960/spec-5960-56097-0079.fits
5960/spec-5960-56097-0080.fits
5960/spec-5960-56097-0081.fits
5960/spec-5960-56097-0082.fits
5960/spec-5960-56097-0083.fits
5960/spec-5960-56097-0084.fits
5960/spec-5960-56097-0085.fits
5960/spec-5960-56097-0086.fits
5960/spec-5960-56097-0087.fits
5960/spec-5960-56097-0088.fits
5960/spec-5960-56097-0089.fits
5960/spec-5960-56097-0090.fits
5960/spec-5960-56097-0091.fits
5960/spec-5960-56097-0092.fits
5960/spec-5960-56097-0093.fits
5960/spec-5960-56097-0094.fits
5960/spec-5960-56097-0095.fits
5960/spec-5960-56097-0096.fits
5960/spec-5960-56097-0097.fits
5960/spec-5960-56097-0098.fits
5960/spec-5960-56097-0099.fits
5960/spec-5960-56097-0100.fits
5960/spec-5960-56097-0101.fits
5960/spec-5960-56097-0102.fits
5960/spec-5960-56097-0103.fits
5960/spec-5960-56097-0104.fits
5960/spec-5960-56097-0105.fits
5960/spec-5960-56097-0106.fits
5960/spec-5960-56097-0107.fits
5960/spec-5960-56097-0108.fits
5960/spec-5960-56097-0109.fits
5960/spec-5960-56097-0110.fits
5960/spec-5960-56097-0111.fits
5960/spec-5960-56097-0112.fits
5960/spec-5960-56097-0113.fits
5960/spec-5960-56097-0114.fits
5960/spec-5960-56097-0115.fits
5960/spec-5960-56097-0116.fits
5960/spec-5960-56097-0117.fits
5960/spec-5960-56097-0118.fits
5960/spec-5960-56097-0119.fits
5960/spec-5960-56097-0120.fits
5960/spec-5960-56097-0121.fits
5960/spec-5960-56097-0122.fits
5960/spec-5960-56097-0123.fits
5960/spec-5960-56097-0124.fits
5960/spec-5960-56097-0125.fits
5960/spec-5960-56097-0126.fits
5960/spec-5960-56097-0127.fits
5960/spec-5960-56097-0128.fits
5960/spec-5960-56097-0129.fits
5960/spec-5960-56097-0130.fits
5960/spec-5960-56097-0131.fits
5960/spec-5960-56097-0132.fits
5960/spec-5960-56097-0133.fits
5960/spec-5960-56097-0134.fits
5960/spec-5960-56097-0135.fits
5960/spec-5960-56097-0136.fits
5960/spec-5960-56097-0137.fits
5960/spec-5960-56097-0138.fits
5960/spec-5960-56097-0139.fits
5960/spec-5960-56097-0140.fits
5960/spec-5960-56097-0141.fits
5960/spec-5960-56097-0142.fits
5960/spec-5960-56097-0143.fits
5960/spec-5960-56097-0144.fits
5960/spec-5960-56097-0145.fits
5960/spec-5960-56097-0146.fits
5960/spec-5960-56097-0147.fits
5960/spec-5960-56097-0148.fits
5960/spec-5960-56097-0149.fits
5960/spec-5960-56097-0150.fits
5960/spec-5960-56097-0151.fits
5960/spec-5960-56097-0152.fits
5960/spec-5960-56097-0153.fits
5960/spec-5960-56097-0154.fits
5960/spec-5960-56097-0155.fits
5960/spec-5960-56097-0156.fits
5960/spec-5960-56097-0157.fits
5960/spec-5960-56097-0158.fits
5960/spec-5960-56097-0159.fits
5960/spec-5960-56097-0160.fits
5960/spec-5960-56097-0161.fits
5960/spec-5960-56097-0162.fits
5960/spec-5960-56097-0163.fits
5960/spec-5960-56097-0164.fits
5960/spec-5960-56097-0165.fits
5960/spec-5960-56097-0166.fits
5960/spec-5960-56097-0167.fits
5960/spec-5960-56097-0168.fits
5960/spec-5960-56097-0169.fits
5960/spec-5960-56097-0170.fits
5960/spec-5960-56097-0171.fits
5960/spec-5960-56097-0172.fits
5960/spec-5960-56097-0173.fits
5960/spec-5960-56097-0174.fits
5960/spec-5960-56097-0175.fits
5960/spec-5960-56097-0176.fits
5960/spec-5960-56097-0177.fits
5960/spec-5960-56097-0178.fits
5960/spec-5960-56097-0179.fits
5960/spec-5960-56097-0180.fits
5960/spec-5960-56097-0181.fits
5960/spec-5960-56097-0182.fits
5960/spec-5960-56097-0183.fits
5960/spec-5960-56097-0184.fits
5960/spec-5960-56097-0185.fits
5960/spec-5960-56097-0186.fits
5960/spec-5960-56097-0187.fits
5960/spec-5960-56097-0188.fits
5960/spec-5960-56097-0189.fits
5960/spec-5960-56097-0190.fits
5960/spec-5960-56097-0191.fits
5960/spec-5960-56097-0192.fits
5960/spec-5960-56097-0193.fits
5960/spec-5960-56097-0194.fits
5960/spec-5960-56097-0195.fits
5960/spec-5960-56097-0196.fits
5960/spec-5960-56097-0197.fits
5960/spec-5960-56097-0198.fits
5960/spec-5960-56097-0199.fits
5960/spec-5960-56097-0200.fits
5960/spec-5960-56097-0201.fits
5960/spec-5960-56097-0202.fits
5960/spec-5960-56097-0203.fits
5960/spec-5960-56097-0204.fits
5960/spec-5960-56097-0205.fits
5960/spec-5960-56097-0206.fits
5960/spec-5960-56097-0207.fits
5960/spec-5960-56097-0208.fits
5960/spec-5960-56097-0209.fits
5960/spec-5960-56097-0210.fits
5960/spec-5960-56097-0211.fits
5960/spec-5960-56097-0212.fits
5960/spec-5960-56097-0213.fits
5960/spec-5960-56097-0214.fits
5960/spec-5960-56097-0215.fits
5960/spec-5960-56097-0216.fits
5960/spec-5960-56097-0217.fits
5960/spec-5960-56097-0218.fits
5960/spec-5960-56097-0219.fits
5960/spec-5960-56097-0220.fits
5960/spec-5960-56097-0221.fits
5960/spec-5960-56097-0222.fits
5960/spec-5960-56097-0223.fits
5960/spec-5960-56097-0224.fits
5960/spec-5960-56097-0225.fits
5960/spec-5960-56097-0226.fits
5960/spec-5960-56097-0227.fits
5960/spec-5960-56097-0228.fits
5960/spec-5960-56097-0229.fits
5960/spec-5960-56097-0230.fits
5960/spec-5960-56097-0231.fits
5960/spec-5960-56097-0232.fits
5960/spec-5960-56097-0233.fits
5960/spec-5960-56097-0234.fits
5960/spec-5960-56097-0235.fits
5960/spec-5960-56097-0236.fits
5960/spec-5960-56097-0237.fits
5960/spec-5960-56097-0238.fits
5960/spec-5960-56097-0239.fits
5960/spec-5960-56097-0240.fits
5960/spec-5960-56097-0241.fits
5960/spec-5960-56097-0242.fits
5960/spec-5960-56097-0243.fits
5960/spec-5960-56097-0244.fits
5960/spec-5960-56097-0245.fits
5960/spec-5960-56097-0246.fits
5960/spec-5960-56097-0247.fits
5960/spec-5960-56097-0248.fits
5960/spec-5960-56097-0249.fits
5960/spec-5960-56097-0250.fits
5960/spec-5960-56097-0251.fits
5960/spec-5960-56097-0252.fits
5960/spec-5960-56097-0253.fits
5960/spec-5960-56097-0254.fits
5960/spec-5960-56097-0255.fits
5960/spec-5960-56097-0256.fits
5960/spec-5960-56097-0257.fits
5960/spec-5960-56097-0258.fits
5960/spec-5960-56097-0259.fits
5960/spec-5960-56097-0260.fits
5960/spec-5960-56097-0261.fits
5960/spec-5960-56097-0262.fits
5960/spec-5960-56097-0263.fits
5960/spec-5960-56097-0264.fits
5960/spec-5960-56097-0265.fits
5960/spec-5960-56097-0266.fits
5960/spec-5960-56097-0267.fits
5960/spec-5960-56097-0268.fits
5960/spec-5960-56097-0269.fits
5960/spec-5960-56097-0270.fits
5960/spec-5960-56097-0271.fits
5960/spec-5960-56097-0272.fits
5960/spec-5960-56097-0273.fits
5960/spec-5960-56097-0274.fits
5960/spec-5960-56097-0275.fits
5960/spec-5960-56097-0276.fits
5960/spec-5960-56097-0277.fits
5960/spec-5960-56097-0278.fits
5960/spec-5960-56097-0279.fits
5960/spec-5960-56097-0280.fits
5960/spec-5960-56097-0281.fits
5960/spec-5960-56097-0282.fits
5960/spec-5960-56097-0283.fits
5960/spec-5960-56097-0284.fits
5960/spec-5960-56097-0285.fits
5960/spec-5960-56097-0286.fits
5960/spec-5960-56097-0287.fits
5960/spec-5960-56097-0288.fits
5960/spec-5960-56097-0289.fits
5960/spec-5960-56097-0290.fits
5960/spec-5960-56097-0291.fits
5960/spec-5960-56097-0292.fits
5960/spec-5960-56097-0293.fits
5960/spec-5960-56097-0294.fits
5960/spec-5960-56097-0295.fits
5960/spec-5960-56097-0296.fits
5960/spec-5960-56097-0297.fits
5960/spec-5960-56097-0298.fits
5960/spec-5960-56097-0299.fits
5960/spec-5960-56097-0300.fits
5960/spec-5960-56097-0301.fits
5960/spec-5960-56097-0302.fits
5960/spec-5960-56097-0303.fits
5960/spec-5960-56097-0304.fits
5960/spec-5960-56097-0305.fits
5960/spec-5960-56097-0306.fits
5960/spec-5960-56097-0307.fits
5960/spec-5960-56097-0308.fits
5960/spec-5960-56097-0309.fits
5960/spec-5960-56097-0310.fits
5960/spec-5960-56097-0311.fits
5960/spec-5960-56097-0312.fits
5960/spec-5960-56097-0313.fits
5960/spec-5960-56097-0314.fits
5960/spec-5960-56097-0315.fits
5960/spec-5960-56097-0316.fits
5960/spec-5960-56097-0317.fits
5960/spec-5960-56097-0318.fits
5960/spec-5960-56097-0319.fits
5960/spec-5960-56097-0320.fits
5960/spec-5960-56097-0321.fits
5960/spec-5960-56097-0322.fits
5960/spec-5960-56097-0323.fits
5960/spec-5960-56097-0324.fits
5960/spec-5960-56097-0325.fits
5960/spec-5960-56097-0326.fits
5960/spec-5960-56097-0327.fits
5960/spec-5960-56097-0328.fits
5960/spec-5960-56097-0329.fits
5960/spec-5960-56097-0330.fits
5960/spec-5960-56097-0331.fits
5960/spec-5960-56097-0332.fits
5960/spec-5960-56097-0333.fits
5960/spec-5960-56097-0334.fits
5960/spec-5960-56097-0335.fits
5960/spec-5960-56097-0336.fits
5960/spec-5960-56097-0337.fits
5960/spec-5960-56097-0338.fits
5960/spec-5960-56097-0339.fits
5960/spec-5960-56097-0340.fits
5960/spec-5960-56097-0341.fits
5960/spec-5960-56097-0342.fits
5960/spec-5960-56097-0343.fits
5960/spec-5960-56097-0344.fits
5960/spec-5960-56097-0345.fits
5960/spec-5960-56097-0346.fits
5960/spec-5960-56097-0347.fits
5960/spec-5960-56097-0348.fits
5960/spec-5960-56097-0349.fits
5960/spec-5960-56097-0350.fits
5960/spec-5960-56097-0351.fits
5960/spec-5960-56097-0352.fits
5960/spec-5960-56097-0353.fits
5960/spec-5960-56097-0354.fits
5960/spec-5960-56097-0355.fits
5960/spec-5960-56097-0356.fits
5960/spec-5960-56097-0357.fits
5960/spec-5960-56097-0358.fits
5960/spec-5960-56097-0359.fits
5960/spec-5960-56097-0360.fits
5960/spec-5960-56097-0361.fits
5960/spec-5960-56097-0362.fits
5960/spec-5960-56097-0363.fits
5960/spec-5960-56097-0364.fits
5960/spec-5960-56097-0365.fits
5960/spec-5960-56097-0366.fits
5960/spec-5960-56097-0367.fits
5960/spec-5960-56097-0368.fits
5960/spec-5960-56097-0369.fits
5960/spec-5960-56097-0370.fits
5960/spec-5960-56097-0371.fits
5960/spec-5960-56097-0372.fits
5960/spec-5960-56097-0373.fits
5960/spec-5960-56097-0374.fits
5960/spec-5960-56097-0375.fits
5960/spec-5960-56097-0376.fits
5960/spec-5960-56097-0377.fits
5960/spec-5960-56097-0378.fits
5960/spec-5960-56097-0379.fits
5960/spec-5960-56097-0380.fits
5960/spec-5960-56097-0381.fits
5960/spec-5960-56097-0382.fits
5960/spec-5960-56097-0383.fits
5960/spec-5960-56097-0384.fits
5960/spec-5960-56097-0385.fits
5960/spec-5960-56097-0386.fits
5960/spec-5960-56097-0387.fits
5960/spec-5960-56097-0388.fits
5960/spec-5960-56097-0389.fits
5960/spec-5960-56097-0390.fits
5960/spec-5960-56097-0391.fits
5960/spec-5960-56097-0392.fits
5960/spec-5960-56097-0393.fits
5960/spec-5960-56097-0394.fits
5960/spec-5960-56097-0395.fits
5960/spec-5960-56097-0396.fits
5960/spec-5960-56097-0397.fits
5960/spec-5960-56097-0398.fits
5960/spec-5960-56097-0399.fits
5960/spec-5960-56097-0400.fits
5960/spec-5960-56097-0401.fits
5960/spec-5960-56097-0402.fits
5960/spec-5960-56097-0403.fits
5960/spec-5960-56097-0404.fits
5960/spec-5960-56097-0405.fits
5960/spec-5960-56097-0406.fits
5960/spec-5960-56097-0407.fits
5960/spec-5960-56097-0408.fits
5960/spec-5960-56097-0409.fits
5960/spec-5960-56097-0410.fits
5960/spec-5960-56097-0411.fits
5960/spec-5960-56097-0412.fits
5960/spec-5960-56097-0413.fits
5960/spec-5960-56097-0414.fits
5960/spec-5960-56097-0415.fits
5960/spec-5960-56097-0416.fits
5960/spec-5960-56097-0417.fits
5960/spec-5960-56097-0418.fits
5960/spec-5960-56097-0419.fits
5960/spec-5960-56097-0420.fits
5960/spec-5960-56097-0421.fits
5960/spec-5960-56097-0422.fits
5960/spec-5960-56097-0423.fits
5960/spec-5960-56097-0424.fits
5960/spec-5960-56097-0425.fits
5960/spec-5960-56097-0426.fits
5960/spec-5960-56097-0427.fits
5960/spec-5960-56097-0428.fits
5960/spec-5960-56097-0429.fits
5960/spec-5960-56097-0430.fits
5960/spec-5960-56097-0431.fits
5960/spec-5960-56097-0432.fits
5960/spec-5960-56097-0433.fits
5960/spec-5960-56097-0434.fits
5960/spec-5960-56097-0435.fits
5960/spec-5960-56097-0436.fits
5960/spec-5960-56097-0437.fits
5960/spec-5960-56097-0438.fits
5960/spec-5960-56097-0439.fits
5960/spec-5960-56097-0440.fits
5960/spec-5960-56097-0441.fits
5960/spec-5960-56097-0442.fits
5960/spec-5960-56097-0443.fits
5960/spec-5960-56097-0444.fits
5960/spec-5960-56097-0445.fits
5960/spec-5960-56097-0446.fits
5960/spec-5960-56097-0447.fits
5960/spec-5960-56097-0448.fits
5960/spec-5960-56097-0449.fits
5960/spec-5960-56097-0450.fits
5960/spec-5960-56097-0451.fits
5960/spec-5960-56097-0452.fits
5960/spec-5960-56097-0453.fits
5960/spec-5960-56097-0454.fits
5960/spec-5960-56097-0455.fits
5960/spec-5960-56097-0456.fits
5960/spec-5960-56097-0457.fits
5960/spec-5960-56097-0458.fits
5960/spec-5960-56097-0459.fits
5960/spec-5960-56097-0460.fits
5960/spec-5960-56097-0461.fits
5960/spec-5960-56097-0462.fits
5960/spec-5960-56097-0463.fits
5960/spec-5960-56097-0464.fits
5960/spec-5960-56097-0465.fits
5960/spec-5960-56097-0466.fits
5960/spec-5960-56097-0467.fits
5960/spec-5960-56097-0468.fits
5960/spec-5960-56097-0469.fits
5960/spec-5960-56097-0470.fits
5960/spec-5960-56097-0471.fits
5960/spec-5960-56097-0472.fits
5960/spec-5960-56097-0473.fits
5960/spec-5960-56097-0474.fits
5960/spec-5960-56097-0475.fits
5960/spec-5960-56097-0476.fits
5960/spec-5960-56097-0477.fits
5960/spec-5960-56097-0478.fits
5960/spec-5960-56097-0479.fits
5960/spec-5960-56097-0480.fits
5960/spec-5960-56097-0481.fits
5960/spec-5960-56097-0482.fits
5960/spec-5960-56097-0483.fits
5960/spec-5960-56097-0484.fits
5960/spec-5960-56097-0485.fits
5960/spec-5960-56097-0486.fits
5960/spec-5960-56097-0487.fits
5960/spec-5960-56097-0488.fits
5960/spec-5960-56097-0489.fits
5960/spec-5960-56097-0490.fits
5960/spec-5960-56097-0491.fits
5960/spec-5960-56097-0492.fits
5960/spec-5960-56097-0493.fits
5960/spec-5960-56097-0494.fits
5960/spec-5960-56097-0495.fits
5960/spec-5960-56097-0496.fits
5960/spec-5960-56097-0497.fits
5960/spec-5960-56097-0498.fits
5960/spec-5960-56097-0499.fits
5960/spec-5960-56097-0500.fits
5960/spec-5960-56097-0501.fits
5960/spec-5960-56097-0502.fits
5960/spec-5960-56097-0503.fits
5960/spec-5960-56097-0504.fits
5960/spec-5960-56097-0505.fits
5960/spec-5960-56097-0506.fits
5960/spec-5960-56097-0507.fits
5960/spec-5960-56097-0508.fits
5960/spec-5960-56097-0509.fits
5960/spec-5960-56097-0510.fits
5960/spec-5960-56097-0511.fits
5960/spec-5960-56097-0512.fits
5960/spec-5960-56097-0513.fits
5960/spec-5960-56097-0514.fits
5960/spec-5960-56097-0515.fits
5960/spec-5960-56097-0516.fits
5960/spec-5960-56097-0517.fits
5960/spec-5960-56097-0518.fits
5960/spec-5960-56097-0519.fits
5960/spec-5960-56097-0520.fits
5960/spec-5960-56097-0521.fits
5960/spec-5960-56097-0522.fits
5960/spec-5960-56097-0523.fits
5960/spec-5960-56097-0524.fits
5960/spec-5960-56097-0525.fits
5960/spec-5960-56097-0526.fits
5960/spec-5960-56097-0527.fits
5960/spec-5960-56097-0528.fits
5960/spec-5960-56097-0529.fits
5960/spec-5960-56097-0530.fits
5960/spec-5960-56097-0531.fits
5960/spec-5960-56097-0532.fits
5960/spec-5960-56097-0533.fits
5960/spec-5960-56097-0534.fits
5960/spec-5960-56097-0535.fits
5960/spec-5960-56097-0536.fits
5960/spec-5960-56097-0537.fits
5960/spec-5960-56097-0538.fits
5960/spec-5960-56097-0539.fits
5960/spec-5960-56097-0540.fits
5960/spec-5960-56097-0541.fits
5960/spec-5960-56097-0542.fits
5960/spec-5960-56097-0543.fits
5960/spec-5960-56097-0544.fits
5960/spec-5960-56097-0545.fits
5960/spec-5960-56097-0546.fits
5960/spec-5960-56097-0547.fits
5960/spec-5960-56097-0548.fits
5960/spec-5960-56097-0549.fits
5960/spec-5960-56097-0550.fits
5960/spec-5960-56097-0551.fits
5960/spec-5960-56097-0552.fits
5960/spec-5960-56097-0553.fits
5960/spec-5960-56097-0554.fits
5960/spec-5960-56097-0555.fits
5960/spec-5960-56097-0556.fits
5960/spec-5960-56097-0557.fits
5960/spec-5960-56097-0558.fits
5960/spec-5960-56097-0559.fits
5960/spec-5960-56097-0560.fits
5960/spec-5960-56097-0561.fits
5960/spec-5960-56097-0562.fits
5960/spec-5960-56097-0563.fits
5960/spec-5960-56097-0564.fits
5960/spec-5960-56097-0565.fits
5960/spec-5960-56097-0566.fits
5960/spec-5960-56097-0567.fits
5960/spec-5960-56097-0568.fits
5960/spec-5960-56097-0569.fits
5960/spec-5960-56097-0570.fits
5960/spec-5960-56097-0571.fits
5960/spec-5960-56097-0572.fits
5960/spec-5960-56097-0573.fits
5960/spec-5960-56097-0574.fits
5960/spec-5960-56097-0575.fits
5960/spec-5960-56097-0576.fits
5960/spec-5960-56097-0577.fits
5960/spec-5960-56097-0578.fits
5960/spec-5960-56097-0579.fits
5960/spec-5960-56097-0580.fits
5960/spec-5960-56097-0581.fits
5960/spec-5960-56097-0582.fits
5960/spec-5960-56097-0583.fits
5960/spec-5960-56097-0584.fits
5960/spec-5960-56097-0585.fits
5960/spec-5960-56097-0586.fits
5960/spec-5960-56097-0587.fits
5960/spec-5960-56097-0588.fits
5960/spec-5960-56097-0589.fits
5960/spec-5960-56097-0590.fits
5960/spec-5960-56097-0591.fits
5960/spec-5960-56097-0592.fits
5960/spec-5960-56097-0593.fits
5960/spec-5960-56097-0594.fits
5960/spec-5960-56097-0595.fits
5960/spec-5960-56097-0596.fits
5960/spec-5960-56097-0597.fits
5960/spec-5960-56097-0598.fits
5960/spec-5960-56097-0599.fits
5960/spec-5960-56097-0600.fits
5960/spec-5960-56097-0601.fits
5960/spec-5960-56097-0602.fits
5960/spec-5960-56097-0603.fits
5960/spec-5960-56097-0604.fits
5960/spec-5960-56097-0605.fits
5960/spec-5960-56097-0606.fits
5960/spec-5960-56097-0607.fits
5960/spec-5960-56097-0608.fits
5960/spec-5960-56097-0609.fits
5960/spec-5960-56097-0610.fits
5960/spec-5960-56097-0611.fits
5960/spec-5960-56097-0612.fits
5960/spec-5960-56097-0613.fits
5960/spec-5960-56097-0614.fits
5960/spec-5960-56097-0615.fits
5960/spec-5960-56097-0616.fits
5960/spec-5960-56097-0617.fits
5960/spec-5960-56097-0618.fits
5960/spec-5960-56097-0619.fits
5960/spec-5960-56097-0620.fits
5960/spec-5960-56097-0621.fits
5960/spec-5960-56097-0622.fits
5960/spec-5960-56097-0623.fits
5960/spec-5960-56097-0624.fits
5960/spec-5960-56097-0625.fits
5960/spec-5960-56097-0626.fits
5960/spec-5960-56097-0627.fits
5960/spec-5960-56097-0628.fits
5960/spec-5960-56097-0629.fits
5960/spec-5960-56097-0630.fits
5960/spec-5960-56097-0631.fits
5960/spec-5960-56097-0632.fits
5960/spec-5960-56097-0633.fits
5960/spec-5960-56097-0634.fits
5960/spec-5960-56097-0635.fits
5960/spec-5960-56097-0636.fits
5960/spec-5960-56097-0637.fits
5960/spec-5960-56097-0638.fits
5960/spec-5960-56097-0639.fits
5960/spec-5960-56097-0640.fits
5960/spec-5960-56097-0641.fits
5960/spec-5960-56097-0642.fits
5960/spec-5960-56097-0643.fits
5960/spec-5960-56097-0644.fits
5960/spec-5960-56097-0645.fits
5960/spec-5960-56097-0646.fits
5960/spec-5960-56097-0647.fits
5960/spec-5960-56097-0648.fits
5960/spec-5960-56097-0649.fits
5960/spec-5960-56097-0650.fits
5960/spec-5960-56097-0651.fits
5960/spec-5960-56097-0652.fits
5960/spec-5960-56097-0653.fits
5960/spec-5960-56097-0654.fits
5960/spec-5960-56097-0655.fits
5960/spec-5960-56097-0656.fits
5960/spec-5960-56097-0657.fits
5960/spec-5960-56097-0658.fits
5960/spec-5960-56097-0659.fits
5960/spec-5960-56097-0660.fits
5960/spec-5960-56097-0661.fits
5960/spec-5960-56097-0662.fits
5960/spec-5960-56097-0663.fits
5960/spec-5960-56097-0664.fits
5960/spec-5960-56097-0665.fits
5960/spec-5960-56097-0666.fits
5960/spec-5960-56097-0667.fits
5960/spec-5960-56097-0668.fits
5960/spec-5960-56097-0669.fits
5960/spec-5960-56097-0670.fits
5960/spec-5960-56097-0671.fits
5960/spec-5960-56097-0672.fits
5960/spec-5960-56097-0673.fits
5960/spec-5960-56097-0674.fits
5960/spec-5960-56097-0675.fits
5960/spec-5960-56097-0676.fits
5960/spec-5960-56097-0677.fits
5960/spec-5960-56097-0678.fits
5960/spec-5960-56097-0679.fits
5960/spec-5960-56097-0680.fits
5960/spec-5960-56097-0681.fits
5960/spec-5960-56097-0682.fits
5960/spec-5960-56097-0683.fits
5960/spec-5960-56097-0684.fits
5960/spec-5960-56097-0685.fits
5960/spec-5960-56097-0686.fits
5960/spec-5960-56097-0687.fits
5960/spec-5960-56097-0688.fits
5960/spec-5960-56097-0689.fits
5960/spec-5960-56097-0690.fits
5960/spec-5960-56097-0691.fits
5960/spec-5960-56097-0692.fits
5960/spec-5960-56097-0693.fits
5960/spec-5960-56097-0694.fits
5960/spec-5960-56097-0695.fits
5960/spec-5960-56097-0696.fits
5960/spec-5960-56097-0697.fits
5960/spec-5960-56097-0698.fits
5960/spec-5960-56097-0699.fits
5960/spec-5960-56097-0700.fits
5960/spec-5960-56097-0701.fits
5960/spec-5960-56097-0702.fits
5960/spec-5960-56097-0703.fits
5960/spec-5960-56097-0704.fits
5960/spec-5960-56097-0705.fits
5960/spec-5960-56097-0706.fits
5960/spec-5960-56097-0707.fits
5960/spec-5960-56097-0708.fits
5960/spec-5960-56097-0709.fits
5960/spec-5960-56097-0710.fits
5960/spec-5960-56097-0711.fits
5960/spec-5960-56097-0712.fits
5960/spec-5960-56097-0713.fits
5960/spec-5960-56097-0714.fits
5960/spec-5960-56097-0715.fits
5960/spec-5960-56097-0716.fits
5960/spec-5960-56097-0717.fits
5960/spec-5960-56097-0718.fits
5960/spec-5960-56097-0719.fits
5960/spec-5960-56097-0720.fits
5960/spec-5960-56097-0721.fits
5960/spec-5960-56097-0722.fits
5960/spec-5960-56097-0723.fits
5960/spec-5960-56097-0724.fits
5960/spec-5960-56097-0725.fits
5960/spec-5960-56097-0726.fits
5960/spec-5960-56097-0727.fits
5960/spec-5960-56097-0728.fits
5960/spec-5960-56097-0729.fits
5960/spec-5960-56097-0730.fits
5960/spec-5960-56097-0731.fits
5960/spec-5960-56097-0732.fits
5960/spec-5960-56097-0733.fits
5960/spec-5960-56097-0734.fits
5960/spec-5960-56097-0735.fits
5960/spec-5960-56097-0736.fits
5960/spec-5960-56097-0737.fits
5960/spec-5960-56097-0738.fits
5960/spec-5960-56097-0739.fits
5960/spec-5960-56097-0740.fits
5960/spec-5960-56097-0741.fits
5960/spec-5960-56097-0742.fits
5960/spec-5960-56097-0743.fits
5960/spec-5960-56097-0744.fits
5960/spec-5960-56097-0745.fits
5960/spec-5960-56097-0746.fits
5960/spec-5960-56097-0747.fits
5960/spec-5960-56097-0748.fits
5960/spec-5960-56097-0749.fits
5960/spec-5960-56097-0750.fits
5960/spec-5960-56097-0751.fits
5960/spec-5960-56097-0752.fits
5960/spec-5960-56097-0753.fits
5960/spec-5960-56097-0754.fits
5960/spec-5960-56097-0755.fits
5960/spec-5960-56097-0756.fits
5960/spec-5960-56097-0757.fits
5960/spec-5960-56097-0758.fits
5960/spec-5960-56097-0759.fits
5960/spec-5960-56097-0760.fits
5960/spec-5960-56097-0761.fits
5960/spec-5960-56097-0762.fits
5960/spec-5960-56097-0763.fits
5960/spec-5960-56097-0764.fits
5960/spec-5960-56097-0765.fits
5960/spec-5960-56097-0766.fits
5960/spec-5960-56097-0767.fits
5960/spec-5960-56097-0768.fits
5960/spec-5960-56097-0769.fits
5960/spec-5960-56097-0770.fits
5960/spec-5960-56097-0771.fits
5960/spec-5960-56097-0772.fits
5960/spec-5960-56097-0773.fits
5960/spec-5960-56097-0774.fits
5960/spec-5960-56097-0775.fits
5960/spec-5960-56097-0776.fits
5960/spec-5960-56097-0777.fits
5960/spec-5960-56097-0778.fits
5960/spec-5960-56097-0779.fits
5960/spec-5960-56097-0780.fits
5960/spec-5960-56097-0781.fits
5960/spec-5960-56097-0782.fits
5960/spec-5960-56097-0783.fits
5960/spec-5960-56097-0784.fits
5960/spec-5960-56097-0785.fits
5960/spec-5960-56097-0786.fits
5960/spec-5960-56097-0787.fits
5960/spec-5960-56097-0788.fits
5960/spec-5960-56097-0789.fits
5960/spec-5960-56097-0790.fits
5960/spec-5960-56097-0791.fits
5960/spec-5960-56097-0792.fits
5960/spec-5960-56097-0793.fits
5960/spec-5960-56097-0794.fits
5960/spec-5960-56097-0795.fits
5960/spec-5960-56097-0796.fits
5960/spec-5960-56097-0797.fits
5960/spec-5960-56097-0798.fits
5960/spec-5960-56097-0799.fits
5960/spec-5960-56097-0800.fits
5960/spec-5960-56097-0801.fits
5960/spec-5960-56097-0802.fits
5960/spec-5960-56097-0803.fits
5960/spec-5960-56097-0804.fits
5960/spec-5960-56097-0805.fits
5960/spec-5960-56097-0806.fits
5960/spec-5960-56097-0807.fits
5960/spec-5960-56097-0808.fits
5960/spec-5960-56097-0809.fits
5960/spec-5960-56097-0810.fits
5960/spec-5960-56097-0811.fits
5960/spec-5960-56097-0812.fits
5960/spec-5960-56097-0813.fits
5960/spec-5960-56097-0814.fits
5960/spec-5960-56097-0815.fits
5960/spec-5960-56097-0816.fits
5960/spec-5960-56097-0817.fits
5960/spec-5960-56097-0818.fits
5960/spec-5960-56097-0819.fits
5960/spec-5960-56097-0820.fits
5960/spec-5960-56097-0821.fits
5960/spec-5960-56097-0822.fits
5960/spec-5960-56097-0823.fits
5960/spec-5960-56097-0824.fits
5960/spec-5960-56097-0825.fits
5960/spec-5960-56097-0826.fits
5960/spec-5960-56097-0827.fits
5960/spec-5960-56097-0828.fits
5960/spec-5960-56097-0829.fits
5960/spec-5960-56097-0830.fits
5960/spec-5960-56097-0831.fits
5960/spec-5960-56097-0832.fits
5960/spec-5960-56097-0833.fits
5960/spec-5960-56097-0834.fits
5960/spec-5960-56097-0835.fits
5960/spec-5960-56097-0836.fits
5960/spec-5960-56097-0837.fits
5960/spec-5960-56097-0838.fits
5960/spec-5960-56097-0839.fits
5960/spec-5960-56097-0840.fits
5960/spec-5960-56097-0841.fits
5960/spec-5960-56097-0842.fits
5960/spec-5960-56097-0843.fits
5960/spec-5960-56097-0844.fits
5960/spec-5960-56097-0845.fits
5960/spec-5960-56097-0846.fits
5960/spec-5960-56097-0847.fits
5960/spec-5960-56097-0848.fits
5960/spec-5960-56097-0849.fits
5960/spec-5960-56097-0850.fits
5960/spec-5960-56097-0851.fits
5960/spec-5960-56097-0852.fits
5960/spec-5960-56097-0853.fits
5960/spec-5960-56097-0854.fits
5960/spec-5960-56097-0855.fits
5960/spec-5960-56097-0856.fits
5960/spec-5960-56097-0857.fits
5960/spec-5960-56097-0858.fits
5960/spec-5960-56097-0859.fits
5960/spec-5960-56097-0860.fits
5960/spec-5960-56097-0861.fits
5960/spec-5960-56097-0862.fits
5960/spec-5960-56097-0863.fits
5960/spec-5960-56097-0864.fits
5960/spec-5960-56097-0865.fits
5960/spec-5960-56097-0866.fits
5960/spec-5960-56097-0867.fits
5960/spec-5960-56097-0868.fits
5960/spec-5960-56097-0869.fits
5960/spec-5960-56097-0870.fits
5960/spec-5960-56097-0871.fits
5960/spec-5960-56097-0872.fits
5960/spec-5960-56097-0873.fits
5960/spec-5960-56097-0874.fits
5960/spec-5960-56097-0875.fits
5960/spec-5960-56097-0876.fits
5960/spec-5960-56097-0877.fits
5960/spec-5960-56097-0878.fits
5960/spec-5960-56097-0879.fits
5960/spec-5960-56097-0880.fits
5960/spec-5960-56097-0881.fits
5960/spec-5960-56097-0882.fits
5960/spec-5960-56097-0883.fits
5960/spec-5960-56097-0884.fits
5960/spec-5960-56097-0885.fits
5960/spec-5960-56097-0886.fits
5960/spec-5960-56097-0887.fits
5960/spec-5960-56097-0888.fits
5960/spec-5960-56097-0889.fits
5960/spec-5960-56097-0890.fits
5960/spec-5960-56097-0891.fits
5960/spec-5960-56097-0892.fits
5960/spec-5960-56097-0893.fits
5960/spec-5960-56097-0894.fits
5960/spec-5960-56097-0895.fits
5960/spec-5960-56097-0896.fits
5960/spec-5960-56097-0897.fits
5960/spec-5960-56097-0898.fits
5960/spec-5960-56097-0899.fits
5960/spec-5960-56097-0900.fits
5960/spec-5960-56097-0901.fits
5960/spec-5960-56097-0902.fits
5960/spec-5960-56097-0903.fits
5960/spec-5960-56097-0904.fits
5960/spec-5960-56097-0905.fits
5960/spec-5960-56097-0906.fits
5960/spec-5960-56097-0907.fits
5960/spec-5960-56097-0908.fits
5960/spec-5960-56097-0909.fits
5960/spec-5960-56097-0910.fits
5960/spec-5960-56097-0911.fits
5960/spec-5960-56097-0912.fits
5960/spec-5960-56097-0913.fits
5960/spec-5960-56097-0914.fits
5960/spec-5960-56097-0915.fits
5960/spec-5960-56097-0916.fits
5960/spec-5960-56097-0917.fits
5960/spec-5960-56097-0918.fits
5960/spec-5960-56097-0919.fits
5960/spec-5960-56097-0920.fits
5960/spec-5960-56097-0921.fits
5960/spec-5960-56097-0922.fits
5960/spec-5960-56097-0923.fits
5960/spec-5960-56097-0924.fits
5960/spec-5960-56097-0925.fits
5960/spec-5960-56097-0926.fits
5960/spec-5960-56097-0927.fits
5960/spec-5960-56097-0928.fits
5960/spec-5960-56097-0929.fits
5960/spec-5960-56097-0930.fits
5960/spec-5960-56097-0931.fits
5960/spec-5960-56097-0932.fits
5960/spec-5960-56097-0933.fits
5960/spec-5960-56097-0934.fits
5960/spec-5960-56097-0935.fits
5960/spec-5960-56097-0936.fits
5960/spec-5960-56097-0937.fits
5960/spec-5960-56097-0938.fits
5960/spec-5960-56097-0939.fits
5960/spec-5960-56097-0940.fits
5960/spec-5960-56097-0941.fits
5960/spec-5960-56097-0942.fits
5960/spec-5960-56097-0943.fits
5960/spec-5960-56097-0944.fits
5960/spec-5960-56097-0945.fits
5960/spec-5960-56097-0946.fits
5960/spec-5960-56097-0947.fits
5960/spec-5960-56097-0948.fits
5960/spec-5960-56097-0949.fits
5960/spec-5960-56097-0950.fits
5960/spec-5960-56097-0951.fits
5960/spec-5960-56097-0952.fits
5960/spec-5960-56097-0953.fits
5960/spec-5960-56097-0954.fits
5960/spec-5960-56097-0955.fits
5960/spec-5960-56097-0956.fits
5960/spec-5960-56097-0957.fits
5960/spec-5960-56097-0958.fits
5960/spec-5960-56097-0959.fits
5960/spec-5960-56097-0960.fits
5960/spec-5960-56097-0961.fits
5960/spec-5960-56097-0962.fits
5960/spec-5960-56097-0963.fits
5960/spec-5960-56097-0964.fits
5960/spec-5960-56097-0965.fits
5960/spec-5960-56097-0966.fits
5960/spec-5960-56097-0967.fits
5960/spec-5960-56097-0968.fits
5960/spec-5960-56097-0969.fits
5960/spec-5960-56097-0970.fits
5960/spec-5960-56097-0971.fits
5960/spec-5960-56097-0972.fits
5960/spec-5960-56097-0973.fits
5960/spec-5960-56097-0974.fits
5960/spec-5960-56097-0975.fits
5960/spec-5960-56097-0976.fits
5960/spec-5960-56097-0977.fits
5960/spec-5960-56097-0978.fits
5960/spec-5960-56097-0979.fits
5960/spec-5960-56097-0980.fits
5960/spec-5960-56097-0981.fits
5960/spec-5960-56097-0982.fits
5960/spec-5960-56097-0983.fits
5960/spec-5960-56097-0984.fits
5960/spec-5960-56097-0985.fits
5960/spec-5960-56097-0986.fits
5960/spec-5960-56097-0987.fits
5960/spec-5960-56097-0988.fits
5960/spec-5960-56097-0989.fits
5960/spec-5960-56097-0990.fits
5960/spec-5960-56097-0991.fits
5960/spec-5960-56097-0992.fits
5960/spec-5960-56097-0993.fits
5960/spec-5960-56097-0994.fits
5960/spec-5960-56097-0995.fits
5960/spec-5960-56097-0996.fits
5960/spec-5960-56097-0997.fits
5960/spec-5960-56097-0998.fits
5960/spec-5960-56097-0999.fits
5960/spec-5960-56097-1000.fits
/var/lib/condor/execute/slot1/dir_4421
5960 5960.tgz R R361.tar.gz _condor_stderr _condor_stdout cB58_Lyman_break.fit condor_exec.exe hw4.R packages packages.tar.gz tmp var
[1] "Loaded package astro."
[1] 1000
5960 5960.csv 5960.tgz R R361.tar.gz _condor_stderr _condor_stdout cB58_Lyman_break.fit condor_exec.exe hw4.R packages packages.tar.gz tmp var
