5961
5961/
5961/spec-5961-56460-0001.fits
5961/spec-5961-56460-0002.fits
5961/spec-5961-56460-0003.fits
5961/spec-5961-56460-0004.fits
5961/spec-5961-56460-0005.fits
5961/spec-5961-56460-0006.fits
5961/spec-5961-56460-0007.fits
5961/spec-5961-56460-0008.fits
5961/spec-5961-56460-0009.fits
5961/spec-5961-56460-0010.fits
5961/spec-5961-56460-0011.fits
5961/spec-5961-56460-0012.fits
5961/spec-5961-56460-0013.fits
5961/spec-5961-56460-0014.fits
5961/spec-5961-56460-0015.fits
5961/spec-5961-56460-0016.fits
5961/spec-5961-56460-0017.fits
5961/spec-5961-56460-0018.fits
5961/spec-5961-56460-0019.fits
5961/spec-5961-56460-0020.fits
5961/spec-5961-56460-0021.fits
5961/spec-5961-56460-0022.fits
5961/spec-5961-56460-0023.fits
5961/spec-5961-56460-0024.fits
5961/spec-5961-56460-0025.fits
5961/spec-5961-56460-0026.fits
5961/spec-5961-56460-0027.fits
5961/spec-5961-56460-0028.fits
5961/spec-5961-56460-0029.fits
5961/spec-5961-56460-0030.fits
5961/spec-5961-56460-0031.fits
5961/spec-5961-56460-0032.fits
5961/spec-5961-56460-0033.fits
5961/spec-5961-56460-0034.fits
5961/spec-5961-56460-0035.fits
5961/spec-5961-56460-0036.fits
5961/spec-5961-56460-0037.fits
5961/spec-5961-56460-0038.fits
5961/spec-5961-56460-0039.fits
5961/spec-5961-56460-0040.fits
5961/spec-5961-56460-0041.fits
5961/spec-5961-56460-0042.fits
5961/spec-5961-56460-0043.fits
5961/spec-5961-56460-0044.fits
5961/spec-5961-56460-0045.fits
5961/spec-5961-56460-0046.fits
5961/spec-5961-56460-0047.fits
5961/spec-5961-56460-0048.fits
5961/spec-5961-56460-0049.fits
5961/spec-5961-56460-0050.fits
5961/spec-5961-56460-0051.fits
5961/spec-5961-56460-0052.fits
5961/spec-5961-56460-0053.fits
5961/spec-5961-56460-0054.fits
5961/spec-5961-56460-0055.fits
5961/spec-5961-56460-0056.fits
5961/spec-5961-56460-0057.fits
5961/spec-5961-56460-0058.fits
5961/spec-5961-56460-0059.fits
5961/spec-5961-56460-0060.fits
5961/spec-5961-56460-0061.fits
5961/spec-5961-56460-0062.fits
5961/spec-5961-56460-0063.fits
5961/spec-5961-56460-0064.fits
5961/spec-5961-56460-0065.fits
5961/spec-5961-56460-0066.fits
5961/spec-5961-56460-0067.fits
5961/spec-5961-56460-0068.fits
5961/spec-5961-56460-0069.fits
5961/spec-5961-56460-0070.fits
5961/spec-5961-56460-0071.fits
5961/spec-5961-56460-0072.fits
5961/spec-5961-56460-0073.fits
5961/spec-5961-56460-0074.fits
5961/spec-5961-56460-0075.fits
5961/spec-5961-56460-0076.fits
5961/spec-5961-56460-0077.fits
5961/spec-5961-56460-0078.fits
5961/spec-5961-56460-0079.fits
5961/spec-5961-56460-0080.fits
5961/spec-5961-56460-0081.fits
5961/spec-5961-56460-0082.fits
5961/spec-5961-56460-0083.fits
5961/spec-5961-56460-0084.fits
5961/spec-5961-56460-0085.fits
5961/spec-5961-56460-0086.fits
5961/spec-5961-56460-0087.fits
5961/spec-5961-56460-0088.fits
5961/spec-5961-56460-0089.fits
5961/spec-5961-56460-0090.fits
5961/spec-5961-56460-0091.fits
5961/spec-5961-56460-0092.fits
5961/spec-5961-56460-0093.fits
5961/spec-5961-56460-0094.fits
5961/spec-5961-56460-0095.fits
5961/spec-5961-56460-0096.fits
5961/spec-5961-56460-0097.fits
5961/spec-5961-56460-0098.fits
5961/spec-5961-56460-0099.fits
5961/spec-5961-56460-0100.fits
5961/spec-5961-56460-0101.fits
5961/spec-5961-56460-0102.fits
5961/spec-5961-56460-0103.fits
5961/spec-5961-56460-0104.fits
5961/spec-5961-56460-0105.fits
5961/spec-5961-56460-0106.fits
5961/spec-5961-56460-0107.fits
5961/spec-5961-56460-0108.fits
5961/spec-5961-56460-0109.fits
5961/spec-5961-56460-0110.fits
5961/spec-5961-56460-0111.fits
5961/spec-5961-56460-0112.fits
5961/spec-5961-56460-0113.fits
5961/spec-5961-56460-0114.fits
5961/spec-5961-56460-0115.fits
5961/spec-5961-56460-0116.fits
5961/spec-5961-56460-0117.fits
5961/spec-5961-56460-0118.fits
5961/spec-5961-56460-0119.fits
5961/spec-5961-56460-0120.fits
5961/spec-5961-56460-0121.fits
5961/spec-5961-56460-0122.fits
5961/spec-5961-56460-0123.fits
5961/spec-5961-56460-0124.fits
5961/spec-5961-56460-0125.fits
5961/spec-5961-56460-0126.fits
5961/spec-5961-56460-0127.fits
5961/spec-5961-56460-0128.fits
5961/spec-5961-56460-0129.fits
5961/spec-5961-56460-0130.fits
5961/spec-5961-56460-0131.fits
5961/spec-5961-56460-0132.fits
5961/spec-5961-56460-0133.fits
5961/spec-5961-56460-0134.fits
5961/spec-5961-56460-0135.fits
5961/spec-5961-56460-0136.fits
5961/spec-5961-56460-0137.fits
5961/spec-5961-56460-0138.fits
5961/spec-5961-56460-0139.fits
5961/spec-5961-56460-0140.fits
5961/spec-5961-56460-0141.fits
5961/spec-5961-56460-0142.fits
5961/spec-5961-56460-0143.fits
5961/spec-5961-56460-0144.fits
5961/spec-5961-56460-0145.fits
5961/spec-5961-56460-0146.fits
5961/spec-5961-56460-0147.fits
5961/spec-5961-56460-0148.fits
5961/spec-5961-56460-0149.fits
5961/spec-5961-56460-0150.fits
5961/spec-5961-56460-0151.fits
5961/spec-5961-56460-0152.fits
5961/spec-5961-56460-0153.fits
5961/spec-5961-56460-0154.fits
5961/spec-5961-56460-0155.fits
5961/spec-5961-56460-0156.fits
5961/spec-5961-56460-0157.fits
5961/spec-5961-56460-0158.fits
5961/spec-5961-56460-0159.fits
5961/spec-5961-56460-0160.fits
5961/spec-5961-56460-0161.fits
5961/spec-5961-56460-0162.fits
5961/spec-5961-56460-0163.fits
5961/spec-5961-56460-0164.fits
5961/spec-5961-56460-0165.fits
5961/spec-5961-56460-0166.fits
5961/spec-5961-56460-0167.fits
5961/spec-5961-56460-0168.fits
5961/spec-5961-56460-0169.fits
5961/spec-5961-56460-0170.fits
5961/spec-5961-56460-0171.fits
5961/spec-5961-56460-0172.fits
5961/spec-5961-56460-0173.fits
5961/spec-5961-56460-0174.fits
5961/spec-5961-56460-0175.fits
5961/spec-5961-56460-0176.fits
5961/spec-5961-56460-0177.fits
5961/spec-5961-56460-0178.fits
5961/spec-5961-56460-0179.fits
5961/spec-5961-56460-0180.fits
5961/spec-5961-56460-0181.fits
5961/spec-5961-56460-0182.fits
5961/spec-5961-56460-0183.fits
5961/spec-5961-56460-0184.fits
5961/spec-5961-56460-0185.fits
5961/spec-5961-56460-0186.fits
5961/spec-5961-56460-0187.fits
5961/spec-5961-56460-0188.fits
5961/spec-5961-56460-0189.fits
5961/spec-5961-56460-0190.fits
5961/spec-5961-56460-0191.fits
5961/spec-5961-56460-0192.fits
5961/spec-5961-56460-0193.fits
5961/spec-5961-56460-0194.fits
5961/spec-5961-56460-0195.fits
5961/spec-5961-56460-0196.fits
5961/spec-5961-56460-0197.fits
5961/spec-5961-56460-0198.fits
5961/spec-5961-56460-0199.fits
5961/spec-5961-56460-0200.fits
5961/spec-5961-56460-0201.fits
5961/spec-5961-56460-0202.fits
5961/spec-5961-56460-0203.fits
5961/spec-5961-56460-0204.fits
5961/spec-5961-56460-0205.fits
5961/spec-5961-56460-0206.fits
5961/spec-5961-56460-0207.fits
5961/spec-5961-56460-0208.fits
5961/spec-5961-56460-0209.fits
5961/spec-5961-56460-0210.fits
5961/spec-5961-56460-0211.fits
5961/spec-5961-56460-0212.fits
5961/spec-5961-56460-0213.fits
5961/spec-5961-56460-0214.fits
5961/spec-5961-56460-0215.fits
5961/spec-5961-56460-0216.fits
5961/spec-5961-56460-0217.fits
5961/spec-5961-56460-0218.fits
5961/spec-5961-56460-0219.fits
5961/spec-5961-56460-0220.fits
5961/spec-5961-56460-0221.fits
5961/spec-5961-56460-0222.fits
5961/spec-5961-56460-0223.fits
5961/spec-5961-56460-0224.fits
5961/spec-5961-56460-0225.fits
5961/spec-5961-56460-0226.fits
5961/spec-5961-56460-0227.fits
5961/spec-5961-56460-0228.fits
5961/spec-5961-56460-0229.fits
5961/spec-5961-56460-0230.fits
5961/spec-5961-56460-0231.fits
5961/spec-5961-56460-0232.fits
5961/spec-5961-56460-0233.fits
5961/spec-5961-56460-0234.fits
5961/spec-5961-56460-0235.fits
5961/spec-5961-56460-0236.fits
5961/spec-5961-56460-0237.fits
5961/spec-5961-56460-0238.fits
5961/spec-5961-56460-0239.fits
5961/spec-5961-56460-0240.fits
5961/spec-5961-56460-0241.fits
5961/spec-5961-56460-0242.fits
5961/spec-5961-56460-0243.fits
5961/spec-5961-56460-0244.fits
5961/spec-5961-56460-0245.fits
5961/spec-5961-56460-0246.fits
5961/spec-5961-56460-0247.fits
5961/spec-5961-56460-0248.fits
5961/spec-5961-56460-0249.fits
5961/spec-5961-56460-0250.fits
5961/spec-5961-56460-0251.fits
5961/spec-5961-56460-0252.fits
5961/spec-5961-56460-0253.fits
5961/spec-5961-56460-0254.fits
5961/spec-5961-56460-0255.fits
5961/spec-5961-56460-0256.fits
5961/spec-5961-56460-0257.fits
5961/spec-5961-56460-0258.fits
5961/spec-5961-56460-0259.fits
5961/spec-5961-56460-0260.fits
5961/spec-5961-56460-0261.fits
5961/spec-5961-56460-0262.fits
5961/spec-5961-56460-0263.fits
5961/spec-5961-56460-0264.fits
5961/spec-5961-56460-0265.fits
5961/spec-5961-56460-0266.fits
5961/spec-5961-56460-0267.fits
5961/spec-5961-56460-0268.fits
5961/spec-5961-56460-0269.fits
5961/spec-5961-56460-0270.fits
5961/spec-5961-56460-0271.fits
5961/spec-5961-56460-0272.fits
5961/spec-5961-56460-0273.fits
5961/spec-5961-56460-0274.fits
5961/spec-5961-56460-0275.fits
5961/spec-5961-56460-0276.fits
5961/spec-5961-56460-0277.fits
5961/spec-5961-56460-0278.fits
5961/spec-5961-56460-0279.fits
5961/spec-5961-56460-0280.fits
5961/spec-5961-56460-0281.fits
5961/spec-5961-56460-0282.fits
5961/spec-5961-56460-0283.fits
5961/spec-5961-56460-0284.fits
5961/spec-5961-56460-0285.fits
5961/spec-5961-56460-0286.fits
5961/spec-5961-56460-0287.fits
5961/spec-5961-56460-0288.fits
5961/spec-5961-56460-0289.fits
5961/spec-5961-56460-0290.fits
5961/spec-5961-56460-0291.fits
5961/spec-5961-56460-0292.fits
5961/spec-5961-56460-0293.fits
5961/spec-5961-56460-0294.fits
5961/spec-5961-56460-0295.fits
5961/spec-5961-56460-0296.fits
5961/spec-5961-56460-0297.fits
5961/spec-5961-56460-0298.fits
5961/spec-5961-56460-0299.fits
5961/spec-5961-56460-0300.fits
5961/spec-5961-56460-0301.fits
5961/spec-5961-56460-0302.fits
5961/spec-5961-56460-0303.fits
5961/spec-5961-56460-0304.fits
5961/spec-5961-56460-0305.fits
5961/spec-5961-56460-0306.fits
5961/spec-5961-56460-0307.fits
5961/spec-5961-56460-0308.fits
5961/spec-5961-56460-0309.fits
5961/spec-5961-56460-0310.fits
5961/spec-5961-56460-0311.fits
5961/spec-5961-56460-0312.fits
5961/spec-5961-56460-0313.fits
5961/spec-5961-56460-0314.fits
5961/spec-5961-56460-0315.fits
5961/spec-5961-56460-0316.fits
5961/spec-5961-56460-0317.fits
5961/spec-5961-56460-0318.fits
5961/spec-5961-56460-0319.fits
5961/spec-5961-56460-0320.fits
5961/spec-5961-56460-0321.fits
5961/spec-5961-56460-0322.fits
5961/spec-5961-56460-0323.fits
5961/spec-5961-56460-0324.fits
5961/spec-5961-56460-0325.fits
5961/spec-5961-56460-0326.fits
5961/spec-5961-56460-0327.fits
5961/spec-5961-56460-0328.fits
5961/spec-5961-56460-0329.fits
5961/spec-5961-56460-0330.fits
5961/spec-5961-56460-0331.fits
5961/spec-5961-56460-0332.fits
5961/spec-5961-56460-0333.fits
5961/spec-5961-56460-0334.fits
5961/spec-5961-56460-0335.fits
5961/spec-5961-56460-0336.fits
5961/spec-5961-56460-0337.fits
5961/spec-5961-56460-0338.fits
5961/spec-5961-56460-0339.fits
5961/spec-5961-56460-0340.fits
5961/spec-5961-56460-0341.fits
5961/spec-5961-56460-0342.fits
5961/spec-5961-56460-0343.fits
5961/spec-5961-56460-0344.fits
5961/spec-5961-56460-0345.fits
5961/spec-5961-56460-0346.fits
5961/spec-5961-56460-0347.fits
5961/spec-5961-56460-0348.fits
5961/spec-5961-56460-0349.fits
5961/spec-5961-56460-0350.fits
5961/spec-5961-56460-0351.fits
5961/spec-5961-56460-0352.fits
5961/spec-5961-56460-0353.fits
5961/spec-5961-56460-0354.fits
5961/spec-5961-56460-0355.fits
5961/spec-5961-56460-0356.fits
5961/spec-5961-56460-0357.fits
5961/spec-5961-56460-0358.fits
5961/spec-5961-56460-0359.fits
5961/spec-5961-56460-0360.fits
5961/spec-5961-56460-0361.fits
5961/spec-5961-56460-0362.fits
5961/spec-5961-56460-0363.fits
5961/spec-5961-56460-0364.fits
5961/spec-5961-56460-0365.fits
5961/spec-5961-56460-0366.fits
5961/spec-5961-56460-0367.fits
5961/spec-5961-56460-0368.fits
5961/spec-5961-56460-0369.fits
5961/spec-5961-56460-0370.fits
5961/spec-5961-56460-0371.fits
5961/spec-5961-56460-0372.fits
5961/spec-5961-56460-0373.fits
5961/spec-5961-56460-0374.fits
5961/spec-5961-56460-0375.fits
5961/spec-5961-56460-0376.fits
5961/spec-5961-56460-0377.fits
5961/spec-5961-56460-0378.fits
5961/spec-5961-56460-0379.fits
5961/spec-5961-56460-0380.fits
5961/spec-5961-56460-0381.fits
5961/spec-5961-56460-0382.fits
5961/spec-5961-56460-0383.fits
5961/spec-5961-56460-0384.fits
5961/spec-5961-56460-0385.fits
5961/spec-5961-56460-0386.fits
5961/spec-5961-56460-0387.fits
5961/spec-5961-56460-0388.fits
5961/spec-5961-56460-0389.fits
5961/spec-5961-56460-0390.fits
5961/spec-5961-56460-0391.fits
5961/spec-5961-56460-0392.fits
5961/spec-5961-56460-0393.fits
5961/spec-5961-56460-0394.fits
5961/spec-5961-56460-0395.fits
5961/spec-5961-56460-0396.fits
5961/spec-5961-56460-0397.fits
5961/spec-5961-56460-0398.fits
5961/spec-5961-56460-0399.fits
5961/spec-5961-56460-0400.fits
5961/spec-5961-56460-0401.fits
5961/spec-5961-56460-0402.fits
5961/spec-5961-56460-0403.fits
5961/spec-5961-56460-0404.fits
5961/spec-5961-56460-0405.fits
5961/spec-5961-56460-0406.fits
5961/spec-5961-56460-0407.fits
5961/spec-5961-56460-0408.fits
5961/spec-5961-56460-0409.fits
5961/spec-5961-56460-0410.fits
5961/spec-5961-56460-0411.fits
5961/spec-5961-56460-0412.fits
5961/spec-5961-56460-0413.fits
5961/spec-5961-56460-0414.fits
5961/spec-5961-56460-0415.fits
5961/spec-5961-56460-0416.fits
5961/spec-5961-56460-0417.fits
5961/spec-5961-56460-0418.fits
5961/spec-5961-56460-0419.fits
5961/spec-5961-56460-0420.fits
5961/spec-5961-56460-0421.fits
5961/spec-5961-56460-0422.fits
5961/spec-5961-56460-0423.fits
5961/spec-5961-56460-0424.fits
5961/spec-5961-56460-0425.fits
5961/spec-5961-56460-0426.fits
5961/spec-5961-56460-0427.fits
5961/spec-5961-56460-0428.fits
5961/spec-5961-56460-0429.fits
5961/spec-5961-56460-0430.fits
5961/spec-5961-56460-0431.fits
5961/spec-5961-56460-0432.fits
5961/spec-5961-56460-0433.fits
5961/spec-5961-56460-0434.fits
5961/spec-5961-56460-0435.fits
5961/spec-5961-56460-0436.fits
5961/spec-5961-56460-0437.fits
5961/spec-5961-56460-0438.fits
5961/spec-5961-56460-0439.fits
5961/spec-5961-56460-0440.fits
5961/spec-5961-56460-0441.fits
5961/spec-5961-56460-0442.fits
5961/spec-5961-56460-0443.fits
5961/spec-5961-56460-0444.fits
5961/spec-5961-56460-0445.fits
5961/spec-5961-56460-0446.fits
5961/spec-5961-56460-0447.fits
5961/spec-5961-56460-0448.fits
5961/spec-5961-56460-0449.fits
5961/spec-5961-56460-0450.fits
5961/spec-5961-56460-0451.fits
5961/spec-5961-56460-0452.fits
5961/spec-5961-56460-0453.fits
5961/spec-5961-56460-0454.fits
5961/spec-5961-56460-0455.fits
5961/spec-5961-56460-0456.fits
5961/spec-5961-56460-0457.fits
5961/spec-5961-56460-0458.fits
5961/spec-5961-56460-0459.fits
5961/spec-5961-56460-0460.fits
5961/spec-5961-56460-0461.fits
5961/spec-5961-56460-0462.fits
5961/spec-5961-56460-0463.fits
5961/spec-5961-56460-0464.fits
5961/spec-5961-56460-0465.fits
5961/spec-5961-56460-0466.fits
5961/spec-5961-56460-0467.fits
5961/spec-5961-56460-0468.fits
5961/spec-5961-56460-0469.fits
5961/spec-5961-56460-0470.fits
5961/spec-5961-56460-0471.fits
5961/spec-5961-56460-0472.fits
5961/spec-5961-56460-0473.fits
5961/spec-5961-56460-0474.fits
5961/spec-5961-56460-0475.fits
5961/spec-5961-56460-0476.fits
5961/spec-5961-56460-0477.fits
5961/spec-5961-56460-0478.fits
5961/spec-5961-56460-0479.fits
5961/spec-5961-56460-0480.fits
5961/spec-5961-56460-0481.fits
5961/spec-5961-56460-0482.fits
5961/spec-5961-56460-0483.fits
5961/spec-5961-56460-0484.fits
5961/spec-5961-56460-0485.fits
5961/spec-5961-56460-0486.fits
5961/spec-5961-56460-0487.fits
5961/spec-5961-56460-0488.fits
5961/spec-5961-56460-0489.fits
5961/spec-5961-56460-0490.fits
5961/spec-5961-56460-0491.fits
5961/spec-5961-56460-0492.fits
5961/spec-5961-56460-0493.fits
5961/spec-5961-56460-0494.fits
5961/spec-5961-56460-0495.fits
5961/spec-5961-56460-0496.fits
5961/spec-5961-56460-0497.fits
5961/spec-5961-56460-0498.fits
5961/spec-5961-56460-0499.fits
5961/spec-5961-56460-0500.fits
5961/spec-5961-56460-0501.fits
5961/spec-5961-56460-0502.fits
5961/spec-5961-56460-0503.fits
5961/spec-5961-56460-0504.fits
5961/spec-5961-56460-0505.fits
5961/spec-5961-56460-0506.fits
5961/spec-5961-56460-0507.fits
5961/spec-5961-56460-0508.fits
5961/spec-5961-56460-0509.fits
5961/spec-5961-56460-0510.fits
5961/spec-5961-56460-0511.fits
5961/spec-5961-56460-0512.fits
5961/spec-5961-56460-0513.fits
5961/spec-5961-56460-0514.fits
5961/spec-5961-56460-0515.fits
5961/spec-5961-56460-0516.fits
5961/spec-5961-56460-0517.fits
5961/spec-5961-56460-0518.fits
5961/spec-5961-56460-0519.fits
5961/spec-5961-56460-0520.fits
5961/spec-5961-56460-0521.fits
5961/spec-5961-56460-0522.fits
5961/spec-5961-56460-0523.fits
5961/spec-5961-56460-0524.fits
5961/spec-5961-56460-0525.fits
5961/spec-5961-56460-0526.fits
5961/spec-5961-56460-0527.fits
5961/spec-5961-56460-0528.fits
5961/spec-5961-56460-0529.fits
5961/spec-5961-56460-0530.fits
5961/spec-5961-56460-0531.fits
5961/spec-5961-56460-0532.fits
5961/spec-5961-56460-0533.fits
5961/spec-5961-56460-0534.fits
5961/spec-5961-56460-0535.fits
5961/spec-5961-56460-0536.fits
5961/spec-5961-56460-0537.fits
5961/spec-5961-56460-0538.fits
5961/spec-5961-56460-0539.fits
5961/spec-5961-56460-0540.fits
5961/spec-5961-56460-0541.fits
5961/spec-5961-56460-0542.fits
5961/spec-5961-56460-0543.fits
5961/spec-5961-56460-0544.fits
5961/spec-5961-56460-0545.fits
5961/spec-5961-56460-0546.fits
5961/spec-5961-56460-0547.fits
5961/spec-5961-56460-0548.fits
5961/spec-5961-56460-0549.fits
5961/spec-5961-56460-0550.fits
5961/spec-5961-56460-0551.fits
5961/spec-5961-56460-0552.fits
5961/spec-5961-56460-0553.fits
5961/spec-5961-56460-0554.fits
5961/spec-5961-56460-0555.fits
5961/spec-5961-56460-0556.fits
5961/spec-5961-56460-0557.fits
5961/spec-5961-56460-0558.fits
5961/spec-5961-56460-0559.fits
5961/spec-5961-56460-0560.fits
5961/spec-5961-56460-0561.fits
5961/spec-5961-56460-0562.fits
5961/spec-5961-56460-0563.fits
5961/spec-5961-56460-0564.fits
5961/spec-5961-56460-0565.fits
5961/spec-5961-56460-0566.fits
5961/spec-5961-56460-0567.fits
5961/spec-5961-56460-0568.fits
5961/spec-5961-56460-0569.fits
5961/spec-5961-56460-0570.fits
5961/spec-5961-56460-0571.fits
5961/spec-5961-56460-0572.fits
5961/spec-5961-56460-0573.fits
5961/spec-5961-56460-0574.fits
5961/spec-5961-56460-0575.fits
5961/spec-5961-56460-0576.fits
5961/spec-5961-56460-0577.fits
5961/spec-5961-56460-0578.fits
5961/spec-5961-56460-0579.fits
5961/spec-5961-56460-0580.fits
5961/spec-5961-56460-0581.fits
5961/spec-5961-56460-0582.fits
5961/spec-5961-56460-0583.fits
5961/spec-5961-56460-0584.fits
5961/spec-5961-56460-0585.fits
5961/spec-5961-56460-0586.fits
5961/spec-5961-56460-0587.fits
5961/spec-5961-56460-0588.fits
5961/spec-5961-56460-0589.fits
5961/spec-5961-56460-0590.fits
5961/spec-5961-56460-0591.fits
5961/spec-5961-56460-0592.fits
5961/spec-5961-56460-0593.fits
5961/spec-5961-56460-0594.fits
5961/spec-5961-56460-0595.fits
5961/spec-5961-56460-0596.fits
5961/spec-5961-56460-0597.fits
5961/spec-5961-56460-0598.fits
5961/spec-5961-56460-0599.fits
5961/spec-5961-56460-0600.fits
5961/spec-5961-56460-0601.fits
5961/spec-5961-56460-0602.fits
5961/spec-5961-56460-0603.fits
5961/spec-5961-56460-0604.fits
5961/spec-5961-56460-0605.fits
5961/spec-5961-56460-0606.fits
5961/spec-5961-56460-0607.fits
5961/spec-5961-56460-0608.fits
5961/spec-5961-56460-0609.fits
5961/spec-5961-56460-0610.fits
5961/spec-5961-56460-0611.fits
5961/spec-5961-56460-0612.fits
5961/spec-5961-56460-0613.fits
5961/spec-5961-56460-0614.fits
5961/spec-5961-56460-0615.fits
5961/spec-5961-56460-0616.fits
5961/spec-5961-56460-0617.fits
5961/spec-5961-56460-0618.fits
5961/spec-5961-56460-0619.fits
5961/spec-5961-56460-0620.fits
5961/spec-5961-56460-0621.fits
5961/spec-5961-56460-0622.fits
5961/spec-5961-56460-0623.fits
5961/spec-5961-56460-0624.fits
5961/spec-5961-56460-0625.fits
5961/spec-5961-56460-0626.fits
5961/spec-5961-56460-0627.fits
5961/spec-5961-56460-0628.fits
5961/spec-5961-56460-0629.fits
5961/spec-5961-56460-0630.fits
5961/spec-5961-56460-0631.fits
5961/spec-5961-56460-0632.fits
5961/spec-5961-56460-0633.fits
5961/spec-5961-56460-0634.fits
5961/spec-5961-56460-0635.fits
5961/spec-5961-56460-0636.fits
5961/spec-5961-56460-0637.fits
5961/spec-5961-56460-0638.fits
5961/spec-5961-56460-0639.fits
5961/spec-5961-56460-0640.fits
5961/spec-5961-56460-0641.fits
5961/spec-5961-56460-0642.fits
5961/spec-5961-56460-0643.fits
5961/spec-5961-56460-0644.fits
5961/spec-5961-56460-0645.fits
5961/spec-5961-56460-0646.fits
5961/spec-5961-56460-0647.fits
5961/spec-5961-56460-0648.fits
5961/spec-5961-56460-0649.fits
5961/spec-5961-56460-0650.fits
5961/spec-5961-56460-0651.fits
5961/spec-5961-56460-0652.fits
5961/spec-5961-56460-0653.fits
5961/spec-5961-56460-0654.fits
5961/spec-5961-56460-0655.fits
5961/spec-5961-56460-0656.fits
5961/spec-5961-56460-0657.fits
5961/spec-5961-56460-0658.fits
5961/spec-5961-56460-0659.fits
5961/spec-5961-56460-0660.fits
5961/spec-5961-56460-0661.fits
5961/spec-5961-56460-0662.fits
5961/spec-5961-56460-0663.fits
5961/spec-5961-56460-0664.fits
5961/spec-5961-56460-0665.fits
5961/spec-5961-56460-0666.fits
5961/spec-5961-56460-0667.fits
5961/spec-5961-56460-0668.fits
5961/spec-5961-56460-0669.fits
5961/spec-5961-56460-0670.fits
5961/spec-5961-56460-0671.fits
5961/spec-5961-56460-0672.fits
5961/spec-5961-56460-0673.fits
5961/spec-5961-56460-0674.fits
5961/spec-5961-56460-0675.fits
5961/spec-5961-56460-0676.fits
5961/spec-5961-56460-0677.fits
5961/spec-5961-56460-0678.fits
5961/spec-5961-56460-0679.fits
5961/spec-5961-56460-0680.fits
5961/spec-5961-56460-0681.fits
5961/spec-5961-56460-0682.fits
5961/spec-5961-56460-0683.fits
5961/spec-5961-56460-0684.fits
5961/spec-5961-56460-0685.fits
5961/spec-5961-56460-0686.fits
5961/spec-5961-56460-0687.fits
5961/spec-5961-56460-0688.fits
5961/spec-5961-56460-0689.fits
5961/spec-5961-56460-0690.fits
5961/spec-5961-56460-0691.fits
5961/spec-5961-56460-0692.fits
5961/spec-5961-56460-0693.fits
5961/spec-5961-56460-0694.fits
5961/spec-5961-56460-0695.fits
5961/spec-5961-56460-0696.fits
5961/spec-5961-56460-0697.fits
5961/spec-5961-56460-0698.fits
5961/spec-5961-56460-0699.fits
5961/spec-5961-56460-0700.fits
5961/spec-5961-56460-0701.fits
5961/spec-5961-56460-0702.fits
5961/spec-5961-56460-0703.fits
5961/spec-5961-56460-0704.fits
5961/spec-5961-56460-0705.fits
5961/spec-5961-56460-0706.fits
5961/spec-5961-56460-0707.fits
5961/spec-5961-56460-0708.fits
5961/spec-5961-56460-0709.fits
5961/spec-5961-56460-0710.fits
5961/spec-5961-56460-0711.fits
5961/spec-5961-56460-0712.fits
5961/spec-5961-56460-0713.fits
5961/spec-5961-56460-0714.fits
5961/spec-5961-56460-0715.fits
5961/spec-5961-56460-0716.fits
5961/spec-5961-56460-0717.fits
5961/spec-5961-56460-0718.fits
5961/spec-5961-56460-0719.fits
5961/spec-5961-56460-0720.fits
5961/spec-5961-56460-0721.fits
5961/spec-5961-56460-0722.fits
5961/spec-5961-56460-0723.fits
5961/spec-5961-56460-0724.fits
5961/spec-5961-56460-0725.fits
5961/spec-5961-56460-0726.fits
5961/spec-5961-56460-0727.fits
5961/spec-5961-56460-0728.fits
5961/spec-5961-56460-0729.fits
5961/spec-5961-56460-0730.fits
5961/spec-5961-56460-0731.fits
5961/spec-5961-56460-0732.fits
5961/spec-5961-56460-0733.fits
5961/spec-5961-56460-0734.fits
5961/spec-5961-56460-0735.fits
5961/spec-5961-56460-0736.fits
5961/spec-5961-56460-0737.fits
5961/spec-5961-56460-0738.fits
5961/spec-5961-56460-0739.fits
5961/spec-5961-56460-0740.fits
5961/spec-5961-56460-0741.fits
5961/spec-5961-56460-0742.fits
5961/spec-5961-56460-0743.fits
5961/spec-5961-56460-0744.fits
5961/spec-5961-56460-0745.fits
5961/spec-5961-56460-0746.fits
5961/spec-5961-56460-0747.fits
5961/spec-5961-56460-0748.fits
5961/spec-5961-56460-0749.fits
5961/spec-5961-56460-0750.fits
5961/spec-5961-56460-0751.fits
5961/spec-5961-56460-0752.fits
5961/spec-5961-56460-0753.fits
5961/spec-5961-56460-0754.fits
5961/spec-5961-56460-0755.fits
5961/spec-5961-56460-0756.fits
5961/spec-5961-56460-0757.fits
5961/spec-5961-56460-0758.fits
5961/spec-5961-56460-0759.fits
5961/spec-5961-56460-0760.fits
5961/spec-5961-56460-0761.fits
5961/spec-5961-56460-0762.fits
5961/spec-5961-56460-0763.fits
5961/spec-5961-56460-0764.fits
5961/spec-5961-56460-0765.fits
5961/spec-5961-56460-0766.fits
5961/spec-5961-56460-0767.fits
5961/spec-5961-56460-0768.fits
5961/spec-5961-56460-0769.fits
5961/spec-5961-56460-0770.fits
5961/spec-5961-56460-0771.fits
5961/spec-5961-56460-0772.fits
5961/spec-5961-56460-0773.fits
5961/spec-5961-56460-0774.fits
5961/spec-5961-56460-0775.fits
5961/spec-5961-56460-0776.fits
5961/spec-5961-56460-0777.fits
5961/spec-5961-56460-0778.fits
5961/spec-5961-56460-0779.fits
5961/spec-5961-56460-0780.fits
5961/spec-5961-56460-0781.fits
5961/spec-5961-56460-0782.fits
5961/spec-5961-56460-0783.fits
5961/spec-5961-56460-0784.fits
5961/spec-5961-56460-0785.fits
5961/spec-5961-56460-0786.fits
5961/spec-5961-56460-0787.fits
5961/spec-5961-56460-0788.fits
5961/spec-5961-56460-0789.fits
5961/spec-5961-56460-0790.fits
5961/spec-5961-56460-0791.fits
5961/spec-5961-56460-0792.fits
5961/spec-5961-56460-0793.fits
5961/spec-5961-56460-0794.fits
5961/spec-5961-56460-0795.fits
5961/spec-5961-56460-0796.fits
5961/spec-5961-56460-0797.fits
5961/spec-5961-56460-0798.fits
5961/spec-5961-56460-0799.fits
5961/spec-5961-56460-0800.fits
5961/spec-5961-56460-0801.fits
5961/spec-5961-56460-0802.fits
5961/spec-5961-56460-0803.fits
5961/spec-5961-56460-0804.fits
5961/spec-5961-56460-0805.fits
5961/spec-5961-56460-0806.fits
5961/spec-5961-56460-0807.fits
5961/spec-5961-56460-0808.fits
5961/spec-5961-56460-0809.fits
5961/spec-5961-56460-0810.fits
5961/spec-5961-56460-0811.fits
5961/spec-5961-56460-0812.fits
5961/spec-5961-56460-0813.fits
5961/spec-5961-56460-0814.fits
5961/spec-5961-56460-0815.fits
5961/spec-5961-56460-0816.fits
5961/spec-5961-56460-0817.fits
5961/spec-5961-56460-0818.fits
5961/spec-5961-56460-0819.fits
5961/spec-5961-56460-0820.fits
5961/spec-5961-56460-0821.fits
5961/spec-5961-56460-0822.fits
5961/spec-5961-56460-0823.fits
5961/spec-5961-56460-0824.fits
5961/spec-5961-56460-0825.fits
5961/spec-5961-56460-0826.fits
5961/spec-5961-56460-0827.fits
5961/spec-5961-56460-0828.fits
5961/spec-5961-56460-0829.fits
5961/spec-5961-56460-0830.fits
5961/spec-5961-56460-0831.fits
5961/spec-5961-56460-0832.fits
5961/spec-5961-56460-0833.fits
5961/spec-5961-56460-0834.fits
5961/spec-5961-56460-0835.fits
5961/spec-5961-56460-0836.fits
5961/spec-5961-56460-0837.fits
5961/spec-5961-56460-0838.fits
5961/spec-5961-56460-0839.fits
5961/spec-5961-56460-0840.fits
5961/spec-5961-56460-0841.fits
5961/spec-5961-56460-0842.fits
5961/spec-5961-56460-0843.fits
5961/spec-5961-56460-0844.fits
5961/spec-5961-56460-0845.fits
5961/spec-5961-56460-0846.fits
5961/spec-5961-56460-0847.fits
5961/spec-5961-56460-0848.fits
5961/spec-5961-56460-0849.fits
5961/spec-5961-56460-0850.fits
5961/spec-5961-56460-0851.fits
5961/spec-5961-56460-0852.fits
5961/spec-5961-56460-0853.fits
5961/spec-5961-56460-0854.fits
5961/spec-5961-56460-0855.fits
5961/spec-5961-56460-0856.fits
5961/spec-5961-56460-0857.fits
5961/spec-5961-56460-0858.fits
5961/spec-5961-56460-0859.fits
5961/spec-5961-56460-0860.fits
5961/spec-5961-56460-0861.fits
5961/spec-5961-56460-0862.fits
5961/spec-5961-56460-0863.fits
5961/spec-5961-56460-0864.fits
5961/spec-5961-56460-0865.fits
5961/spec-5961-56460-0866.fits
5961/spec-5961-56460-0867.fits
5961/spec-5961-56460-0868.fits
5961/spec-5961-56460-0869.fits
5961/spec-5961-56460-0870.fits
5961/spec-5961-56460-0871.fits
5961/spec-5961-56460-0872.fits
5961/spec-5961-56460-0873.fits
5961/spec-5961-56460-0874.fits
5961/spec-5961-56460-0875.fits
5961/spec-5961-56460-0876.fits
5961/spec-5961-56460-0877.fits
5961/spec-5961-56460-0878.fits
5961/spec-5961-56460-0879.fits
5961/spec-5961-56460-0880.fits
5961/spec-5961-56460-0881.fits
5961/spec-5961-56460-0882.fits
5961/spec-5961-56460-0883.fits
5961/spec-5961-56460-0884.fits
5961/spec-5961-56460-0885.fits
5961/spec-5961-56460-0886.fits
5961/spec-5961-56460-0887.fits
5961/spec-5961-56460-0888.fits
5961/spec-5961-56460-0889.fits
5961/spec-5961-56460-0890.fits
5961/spec-5961-56460-0891.fits
5961/spec-5961-56460-0892.fits
5961/spec-5961-56460-0893.fits
5961/spec-5961-56460-0894.fits
5961/spec-5961-56460-0895.fits
5961/spec-5961-56460-0896.fits
5961/spec-5961-56460-0897.fits
5961/spec-5961-56460-0898.fits
5961/spec-5961-56460-0899.fits
5961/spec-5961-56460-0900.fits
5961/spec-5961-56460-0901.fits
5961/spec-5961-56460-0902.fits
5961/spec-5961-56460-0903.fits
5961/spec-5961-56460-0904.fits
5961/spec-5961-56460-0905.fits
5961/spec-5961-56460-0906.fits
5961/spec-5961-56460-0907.fits
5961/spec-5961-56460-0908.fits
5961/spec-5961-56460-0909.fits
5961/spec-5961-56460-0910.fits
5961/spec-5961-56460-0911.fits
5961/spec-5961-56460-0912.fits
5961/spec-5961-56460-0913.fits
5961/spec-5961-56460-0914.fits
5961/spec-5961-56460-0915.fits
5961/spec-5961-56460-0916.fits
5961/spec-5961-56460-0917.fits
5961/spec-5961-56460-0918.fits
5961/spec-5961-56460-0919.fits
5961/spec-5961-56460-0920.fits
5961/spec-5961-56460-0921.fits
5961/spec-5961-56460-0922.fits
5961/spec-5961-56460-0923.fits
5961/spec-5961-56460-0924.fits
5961/spec-5961-56460-0925.fits
5961/spec-5961-56460-0926.fits
5961/spec-5961-56460-0927.fits
5961/spec-5961-56460-0928.fits
5961/spec-5961-56460-0929.fits
5961/spec-5961-56460-0930.fits
5961/spec-5961-56460-0931.fits
5961/spec-5961-56460-0932.fits
5961/spec-5961-56460-0933.fits
5961/spec-5961-56460-0934.fits
5961/spec-5961-56460-0935.fits
5961/spec-5961-56460-0936.fits
5961/spec-5961-56460-0937.fits
5961/spec-5961-56460-0938.fits
5961/spec-5961-56460-0939.fits
5961/spec-5961-56460-0940.fits
5961/spec-5961-56460-0941.fits
5961/spec-5961-56460-0942.fits
5961/spec-5961-56460-0943.fits
5961/spec-5961-56460-0944.fits
5961/spec-5961-56460-0945.fits
5961/spec-5961-56460-0946.fits
5961/spec-5961-56460-0947.fits
5961/spec-5961-56460-0948.fits
5961/spec-5961-56460-0949.fits
5961/spec-5961-56460-0950.fits
5961/spec-5961-56460-0951.fits
5961/spec-5961-56460-0952.fits
5961/spec-5961-56460-0953.fits
5961/spec-5961-56460-0954.fits
5961/spec-5961-56460-0955.fits
5961/spec-5961-56460-0956.fits
5961/spec-5961-56460-0957.fits
5961/spec-5961-56460-0958.fits
5961/spec-5961-56460-0959.fits
5961/spec-5961-56460-0960.fits
5961/spec-5961-56460-0961.fits
5961/spec-5961-56460-0962.fits
5961/spec-5961-56460-0963.fits
5961/spec-5961-56460-0964.fits
5961/spec-5961-56460-0965.fits
5961/spec-5961-56460-0966.fits
5961/spec-5961-56460-0967.fits
5961/spec-5961-56460-0968.fits
5961/spec-5961-56460-0969.fits
5961/spec-5961-56460-0970.fits
5961/spec-5961-56460-0971.fits
5961/spec-5961-56460-0972.fits
5961/spec-5961-56460-0973.fits
5961/spec-5961-56460-0974.fits
5961/spec-5961-56460-0975.fits
5961/spec-5961-56460-0976.fits
5961/spec-5961-56460-0977.fits
5961/spec-5961-56460-0978.fits
5961/spec-5961-56460-0979.fits
5961/spec-5961-56460-0980.fits
5961/spec-5961-56460-0981.fits
5961/spec-5961-56460-0982.fits
5961/spec-5961-56460-0983.fits
5961/spec-5961-56460-0984.fits
5961/spec-5961-56460-0985.fits
5961/spec-5961-56460-0986.fits
5961/spec-5961-56460-0987.fits
5961/spec-5961-56460-0988.fits
5961/spec-5961-56460-0989.fits
5961/spec-5961-56460-0990.fits
5961/spec-5961-56460-0991.fits
5961/spec-5961-56460-0992.fits
5961/spec-5961-56460-0993.fits
5961/spec-5961-56460-0994.fits
5961/spec-5961-56460-0995.fits
5961/spec-5961-56460-0996.fits
5961/spec-5961-56460-0997.fits
5961/spec-5961-56460-0998.fits
5961/spec-5961-56460-0999.fits
5961/spec-5961-56460-1000.fits
/var/lib/condor/execute/slot1/dir_39355
5961 5961.tgz R R361.tar.gz _condor_stderr _condor_stdout cB58_Lyman_break.fit condor_exec.exe hw4.R packages packages.tar.gz tmp var
[1] "Loaded package astro."
[1] 1000
5961 5961.csv 5961.tgz R R361.tar.gz _condor_stderr _condor_stdout cB58_Lyman_break.fit condor_exec.exe hw4.R packages packages.tar.gz tmp var
