5963
5963/
5963/spec-5963-56191-0001.fits
5963/spec-5963-56191-0002.fits
5963/spec-5963-56191-0003.fits
5963/spec-5963-56191-0004.fits
5963/spec-5963-56191-0005.fits
5963/spec-5963-56191-0006.fits
5963/spec-5963-56191-0007.fits
5963/spec-5963-56191-0008.fits
5963/spec-5963-56191-0009.fits
5963/spec-5963-56191-0010.fits
5963/spec-5963-56191-0011.fits
5963/spec-5963-56191-0012.fits
5963/spec-5963-56191-0013.fits
5963/spec-5963-56191-0014.fits
5963/spec-5963-56191-0015.fits
5963/spec-5963-56191-0016.fits
5963/spec-5963-56191-0017.fits
5963/spec-5963-56191-0018.fits
5963/spec-5963-56191-0019.fits
5963/spec-5963-56191-0020.fits
5963/spec-5963-56191-0021.fits
5963/spec-5963-56191-0022.fits
5963/spec-5963-56191-0023.fits
5963/spec-5963-56191-0024.fits
5963/spec-5963-56191-0025.fits
5963/spec-5963-56191-0026.fits
5963/spec-5963-56191-0027.fits
5963/spec-5963-56191-0028.fits
5963/spec-5963-56191-0029.fits
5963/spec-5963-56191-0030.fits
5963/spec-5963-56191-0031.fits
5963/spec-5963-56191-0032.fits
5963/spec-5963-56191-0033.fits
5963/spec-5963-56191-0034.fits
5963/spec-5963-56191-0035.fits
5963/spec-5963-56191-0036.fits
5963/spec-5963-56191-0037.fits
5963/spec-5963-56191-0038.fits
5963/spec-5963-56191-0039.fits
5963/spec-5963-56191-0040.fits
5963/spec-5963-56191-0041.fits
5963/spec-5963-56191-0042.fits
5963/spec-5963-56191-0043.fits
5963/spec-5963-56191-0044.fits
5963/spec-5963-56191-0045.fits
5963/spec-5963-56191-0046.fits
5963/spec-5963-56191-0047.fits
5963/spec-5963-56191-0048.fits
5963/spec-5963-56191-0049.fits
5963/spec-5963-56191-0050.fits
5963/spec-5963-56191-0051.fits
5963/spec-5963-56191-0052.fits
5963/spec-5963-56191-0053.fits
5963/spec-5963-56191-0054.fits
5963/spec-5963-56191-0055.fits
5963/spec-5963-56191-0056.fits
5963/spec-5963-56191-0057.fits
5963/spec-5963-56191-0058.fits
5963/spec-5963-56191-0059.fits
5963/spec-5963-56191-0060.fits
5963/spec-5963-56191-0061.fits
5963/spec-5963-56191-0062.fits
5963/spec-5963-56191-0063.fits
5963/spec-5963-56191-0064.fits
5963/spec-5963-56191-0065.fits
5963/spec-5963-56191-0066.fits
5963/spec-5963-56191-0067.fits
5963/spec-5963-56191-0068.fits
5963/spec-5963-56191-0069.fits
5963/spec-5963-56191-0070.fits
5963/spec-5963-56191-0071.fits
5963/spec-5963-56191-0072.fits
5963/spec-5963-56191-0073.fits
5963/spec-5963-56191-0074.fits
5963/spec-5963-56191-0075.fits
5963/spec-5963-56191-0076.fits
5963/spec-5963-56191-0077.fits
5963/spec-5963-56191-0078.fits
5963/spec-5963-56191-0079.fits
5963/spec-5963-56191-0080.fits
5963/spec-5963-56191-0081.fits
5963/spec-5963-56191-0082.fits
5963/spec-5963-56191-0083.fits
5963/spec-5963-56191-0084.fits
5963/spec-5963-56191-0085.fits
5963/spec-5963-56191-0086.fits
5963/spec-5963-56191-0087.fits
5963/spec-5963-56191-0088.fits
5963/spec-5963-56191-0089.fits
5963/spec-5963-56191-0090.fits
5963/spec-5963-56191-0091.fits
5963/spec-5963-56191-0092.fits
5963/spec-5963-56191-0093.fits
5963/spec-5963-56191-0094.fits
5963/spec-5963-56191-0095.fits
5963/spec-5963-56191-0096.fits
5963/spec-5963-56191-0097.fits
5963/spec-5963-56191-0098.fits
5963/spec-5963-56191-0099.fits
5963/spec-5963-56191-0100.fits
5963/spec-5963-56191-0101.fits
5963/spec-5963-56191-0102.fits
5963/spec-5963-56191-0103.fits
5963/spec-5963-56191-0104.fits
5963/spec-5963-56191-0105.fits
5963/spec-5963-56191-0106.fits
5963/spec-5963-56191-0107.fits
5963/spec-5963-56191-0108.fits
5963/spec-5963-56191-0109.fits
5963/spec-5963-56191-0110.fits
5963/spec-5963-56191-0111.fits
5963/spec-5963-56191-0112.fits
5963/spec-5963-56191-0113.fits
5963/spec-5963-56191-0114.fits
5963/spec-5963-56191-0115.fits
5963/spec-5963-56191-0116.fits
5963/spec-5963-56191-0117.fits
5963/spec-5963-56191-0118.fits
5963/spec-5963-56191-0119.fits
5963/spec-5963-56191-0120.fits
5963/spec-5963-56191-0121.fits
5963/spec-5963-56191-0122.fits
5963/spec-5963-56191-0123.fits
5963/spec-5963-56191-0124.fits
5963/spec-5963-56191-0125.fits
5963/spec-5963-56191-0126.fits
5963/spec-5963-56191-0127.fits
5963/spec-5963-56191-0128.fits
5963/spec-5963-56191-0129.fits
5963/spec-5963-56191-0130.fits
5963/spec-5963-56191-0131.fits
5963/spec-5963-56191-0132.fits
5963/spec-5963-56191-0133.fits
5963/spec-5963-56191-0134.fits
5963/spec-5963-56191-0135.fits
5963/spec-5963-56191-0136.fits
5963/spec-5963-56191-0137.fits
5963/spec-5963-56191-0138.fits
5963/spec-5963-56191-0139.fits
5963/spec-5963-56191-0140.fits
5963/spec-5963-56191-0141.fits
5963/spec-5963-56191-0142.fits
5963/spec-5963-56191-0143.fits
5963/spec-5963-56191-0144.fits
5963/spec-5963-56191-0145.fits
5963/spec-5963-56191-0146.fits
5963/spec-5963-56191-0147.fits
5963/spec-5963-56191-0148.fits
5963/spec-5963-56191-0149.fits
5963/spec-5963-56191-0150.fits
5963/spec-5963-56191-0151.fits
5963/spec-5963-56191-0152.fits
5963/spec-5963-56191-0153.fits
5963/spec-5963-56191-0154.fits
5963/spec-5963-56191-0155.fits
5963/spec-5963-56191-0156.fits
5963/spec-5963-56191-0157.fits
5963/spec-5963-56191-0158.fits
5963/spec-5963-56191-0159.fits
5963/spec-5963-56191-0160.fits
5963/spec-5963-56191-0161.fits
5963/spec-5963-56191-0162.fits
5963/spec-5963-56191-0163.fits
5963/spec-5963-56191-0164.fits
5963/spec-5963-56191-0165.fits
5963/spec-5963-56191-0166.fits
5963/spec-5963-56191-0167.fits
5963/spec-5963-56191-0168.fits
5963/spec-5963-56191-0169.fits
5963/spec-5963-56191-0170.fits
5963/spec-5963-56191-0171.fits
5963/spec-5963-56191-0172.fits
5963/spec-5963-56191-0173.fits
5963/spec-5963-56191-0174.fits
5963/spec-5963-56191-0175.fits
5963/spec-5963-56191-0176.fits
5963/spec-5963-56191-0177.fits
5963/spec-5963-56191-0178.fits
5963/spec-5963-56191-0179.fits
5963/spec-5963-56191-0180.fits
5963/spec-5963-56191-0181.fits
5963/spec-5963-56191-0182.fits
5963/spec-5963-56191-0183.fits
5963/spec-5963-56191-0184.fits
5963/spec-5963-56191-0185.fits
5963/spec-5963-56191-0186.fits
5963/spec-5963-56191-0187.fits
5963/spec-5963-56191-0188.fits
5963/spec-5963-56191-0189.fits
5963/spec-5963-56191-0190.fits
5963/spec-5963-56191-0191.fits
5963/spec-5963-56191-0192.fits
5963/spec-5963-56191-0193.fits
5963/spec-5963-56191-0194.fits
5963/spec-5963-56191-0195.fits
5963/spec-5963-56191-0196.fits
5963/spec-5963-56191-0197.fits
5963/spec-5963-56191-0198.fits
5963/spec-5963-56191-0199.fits
5963/spec-5963-56191-0200.fits
5963/spec-5963-56191-0201.fits
5963/spec-5963-56191-0202.fits
5963/spec-5963-56191-0203.fits
5963/spec-5963-56191-0204.fits
5963/spec-5963-56191-0205.fits
5963/spec-5963-56191-0206.fits
5963/spec-5963-56191-0207.fits
5963/spec-5963-56191-0208.fits
5963/spec-5963-56191-0209.fits
5963/spec-5963-56191-0210.fits
5963/spec-5963-56191-0211.fits
5963/spec-5963-56191-0212.fits
5963/spec-5963-56191-0213.fits
5963/spec-5963-56191-0214.fits
5963/spec-5963-56191-0215.fits
5963/spec-5963-56191-0216.fits
5963/spec-5963-56191-0217.fits
5963/spec-5963-56191-0218.fits
5963/spec-5963-56191-0219.fits
5963/spec-5963-56191-0220.fits
5963/spec-5963-56191-0221.fits
5963/spec-5963-56191-0222.fits
5963/spec-5963-56191-0223.fits
5963/spec-5963-56191-0224.fits
5963/spec-5963-56191-0225.fits
5963/spec-5963-56191-0226.fits
5963/spec-5963-56191-0227.fits
5963/spec-5963-56191-0228.fits
5963/spec-5963-56191-0229.fits
5963/spec-5963-56191-0230.fits
5963/spec-5963-56191-0231.fits
5963/spec-5963-56191-0232.fits
5963/spec-5963-56191-0233.fits
5963/spec-5963-56191-0234.fits
5963/spec-5963-56191-0235.fits
5963/spec-5963-56191-0236.fits
5963/spec-5963-56191-0237.fits
5963/spec-5963-56191-0238.fits
5963/spec-5963-56191-0239.fits
5963/spec-5963-56191-0240.fits
5963/spec-5963-56191-0241.fits
5963/spec-5963-56191-0242.fits
5963/spec-5963-56191-0243.fits
5963/spec-5963-56191-0244.fits
5963/spec-5963-56191-0245.fits
5963/spec-5963-56191-0246.fits
5963/spec-5963-56191-0247.fits
5963/spec-5963-56191-0248.fits
5963/spec-5963-56191-0249.fits
5963/spec-5963-56191-0250.fits
5963/spec-5963-56191-0251.fits
5963/spec-5963-56191-0252.fits
5963/spec-5963-56191-0253.fits
5963/spec-5963-56191-0254.fits
5963/spec-5963-56191-0255.fits
5963/spec-5963-56191-0256.fits
5963/spec-5963-56191-0257.fits
5963/spec-5963-56191-0258.fits
5963/spec-5963-56191-0259.fits
5963/spec-5963-56191-0260.fits
5963/spec-5963-56191-0261.fits
5963/spec-5963-56191-0262.fits
5963/spec-5963-56191-0263.fits
5963/spec-5963-56191-0264.fits
5963/spec-5963-56191-0265.fits
5963/spec-5963-56191-0266.fits
5963/spec-5963-56191-0267.fits
5963/spec-5963-56191-0268.fits
5963/spec-5963-56191-0269.fits
5963/spec-5963-56191-0270.fits
5963/spec-5963-56191-0271.fits
5963/spec-5963-56191-0272.fits
5963/spec-5963-56191-0273.fits
5963/spec-5963-56191-0274.fits
5963/spec-5963-56191-0275.fits
5963/spec-5963-56191-0276.fits
5963/spec-5963-56191-0277.fits
5963/spec-5963-56191-0278.fits
5963/spec-5963-56191-0279.fits
5963/spec-5963-56191-0280.fits
5963/spec-5963-56191-0281.fits
5963/spec-5963-56191-0282.fits
5963/spec-5963-56191-0283.fits
5963/spec-5963-56191-0284.fits
5963/spec-5963-56191-0285.fits
5963/spec-5963-56191-0286.fits
5963/spec-5963-56191-0287.fits
5963/spec-5963-56191-0288.fits
5963/spec-5963-56191-0289.fits
5963/spec-5963-56191-0290.fits
5963/spec-5963-56191-0291.fits
5963/spec-5963-56191-0292.fits
5963/spec-5963-56191-0293.fits
5963/spec-5963-56191-0294.fits
5963/spec-5963-56191-0295.fits
5963/spec-5963-56191-0296.fits
5963/spec-5963-56191-0297.fits
5963/spec-5963-56191-0298.fits
5963/spec-5963-56191-0299.fits
5963/spec-5963-56191-0300.fits
5963/spec-5963-56191-0301.fits
5963/spec-5963-56191-0302.fits
5963/spec-5963-56191-0303.fits
5963/spec-5963-56191-0304.fits
5963/spec-5963-56191-0305.fits
5963/spec-5963-56191-0306.fits
5963/spec-5963-56191-0307.fits
5963/spec-5963-56191-0308.fits
5963/spec-5963-56191-0309.fits
5963/spec-5963-56191-0310.fits
5963/spec-5963-56191-0311.fits
5963/spec-5963-56191-0312.fits
5963/spec-5963-56191-0313.fits
5963/spec-5963-56191-0314.fits
5963/spec-5963-56191-0315.fits
5963/spec-5963-56191-0316.fits
5963/spec-5963-56191-0317.fits
5963/spec-5963-56191-0318.fits
5963/spec-5963-56191-0319.fits
5963/spec-5963-56191-0320.fits
5963/spec-5963-56191-0321.fits
5963/spec-5963-56191-0322.fits
5963/spec-5963-56191-0323.fits
5963/spec-5963-56191-0324.fits
5963/spec-5963-56191-0325.fits
5963/spec-5963-56191-0326.fits
5963/spec-5963-56191-0327.fits
5963/spec-5963-56191-0328.fits
5963/spec-5963-56191-0329.fits
5963/spec-5963-56191-0330.fits
5963/spec-5963-56191-0331.fits
5963/spec-5963-56191-0332.fits
5963/spec-5963-56191-0333.fits
5963/spec-5963-56191-0334.fits
5963/spec-5963-56191-0335.fits
5963/spec-5963-56191-0336.fits
5963/spec-5963-56191-0337.fits
5963/spec-5963-56191-0338.fits
5963/spec-5963-56191-0339.fits
5963/spec-5963-56191-0340.fits
5963/spec-5963-56191-0341.fits
5963/spec-5963-56191-0342.fits
5963/spec-5963-56191-0343.fits
5963/spec-5963-56191-0344.fits
5963/spec-5963-56191-0345.fits
5963/spec-5963-56191-0346.fits
5963/spec-5963-56191-0347.fits
5963/spec-5963-56191-0348.fits
5963/spec-5963-56191-0349.fits
5963/spec-5963-56191-0350.fits
5963/spec-5963-56191-0351.fits
5963/spec-5963-56191-0352.fits
5963/spec-5963-56191-0353.fits
5963/spec-5963-56191-0354.fits
5963/spec-5963-56191-0355.fits
5963/spec-5963-56191-0356.fits
5963/spec-5963-56191-0357.fits
5963/spec-5963-56191-0358.fits
5963/spec-5963-56191-0359.fits
5963/spec-5963-56191-0360.fits
5963/spec-5963-56191-0361.fits
5963/spec-5963-56191-0362.fits
5963/spec-5963-56191-0363.fits
5963/spec-5963-56191-0364.fits
5963/spec-5963-56191-0365.fits
5963/spec-5963-56191-0366.fits
5963/spec-5963-56191-0367.fits
5963/spec-5963-56191-0368.fits
5963/spec-5963-56191-0369.fits
5963/spec-5963-56191-0370.fits
5963/spec-5963-56191-0371.fits
5963/spec-5963-56191-0372.fits
5963/spec-5963-56191-0373.fits
5963/spec-5963-56191-0374.fits
5963/spec-5963-56191-0375.fits
5963/spec-5963-56191-0376.fits
5963/spec-5963-56191-0377.fits
5963/spec-5963-56191-0378.fits
5963/spec-5963-56191-0379.fits
5963/spec-5963-56191-0380.fits
5963/spec-5963-56191-0381.fits
5963/spec-5963-56191-0382.fits
5963/spec-5963-56191-0383.fits
5963/spec-5963-56191-0384.fits
5963/spec-5963-56191-0385.fits
5963/spec-5963-56191-0386.fits
5963/spec-5963-56191-0387.fits
5963/spec-5963-56191-0388.fits
5963/spec-5963-56191-0389.fits
5963/spec-5963-56191-0390.fits
5963/spec-5963-56191-0391.fits
5963/spec-5963-56191-0392.fits
5963/spec-5963-56191-0393.fits
5963/spec-5963-56191-0394.fits
5963/spec-5963-56191-0395.fits
5963/spec-5963-56191-0396.fits
5963/spec-5963-56191-0397.fits
5963/spec-5963-56191-0398.fits
5963/spec-5963-56191-0399.fits
5963/spec-5963-56191-0400.fits
5963/spec-5963-56191-0401.fits
5963/spec-5963-56191-0402.fits
5963/spec-5963-56191-0403.fits
5963/spec-5963-56191-0404.fits
5963/spec-5963-56191-0405.fits
5963/spec-5963-56191-0406.fits
5963/spec-5963-56191-0407.fits
5963/spec-5963-56191-0408.fits
5963/spec-5963-56191-0409.fits
5963/spec-5963-56191-0410.fits
5963/spec-5963-56191-0411.fits
5963/spec-5963-56191-0412.fits
5963/spec-5963-56191-0413.fits
5963/spec-5963-56191-0414.fits
5963/spec-5963-56191-0415.fits
5963/spec-5963-56191-0416.fits
5963/spec-5963-56191-0417.fits
5963/spec-5963-56191-0418.fits
5963/spec-5963-56191-0419.fits
5963/spec-5963-56191-0420.fits
5963/spec-5963-56191-0421.fits
5963/spec-5963-56191-0422.fits
5963/spec-5963-56191-0423.fits
5963/spec-5963-56191-0424.fits
5963/spec-5963-56191-0425.fits
5963/spec-5963-56191-0426.fits
5963/spec-5963-56191-0427.fits
5963/spec-5963-56191-0428.fits
5963/spec-5963-56191-0429.fits
5963/spec-5963-56191-0430.fits
5963/spec-5963-56191-0431.fits
5963/spec-5963-56191-0432.fits
5963/spec-5963-56191-0433.fits
5963/spec-5963-56191-0434.fits
5963/spec-5963-56191-0435.fits
5963/spec-5963-56191-0436.fits
5963/spec-5963-56191-0437.fits
5963/spec-5963-56191-0438.fits
5963/spec-5963-56191-0439.fits
5963/spec-5963-56191-0440.fits
5963/spec-5963-56191-0441.fits
5963/spec-5963-56191-0442.fits
5963/spec-5963-56191-0443.fits
5963/spec-5963-56191-0444.fits
5963/spec-5963-56191-0445.fits
5963/spec-5963-56191-0446.fits
5963/spec-5963-56191-0447.fits
5963/spec-5963-56191-0448.fits
5963/spec-5963-56191-0449.fits
5963/spec-5963-56191-0450.fits
5963/spec-5963-56191-0451.fits
5963/spec-5963-56191-0452.fits
5963/spec-5963-56191-0453.fits
5963/spec-5963-56191-0454.fits
5963/spec-5963-56191-0455.fits
5963/spec-5963-56191-0456.fits
5963/spec-5963-56191-0457.fits
5963/spec-5963-56191-0458.fits
5963/spec-5963-56191-0459.fits
5963/spec-5963-56191-0460.fits
5963/spec-5963-56191-0461.fits
5963/spec-5963-56191-0462.fits
5963/spec-5963-56191-0463.fits
5963/spec-5963-56191-0464.fits
5963/spec-5963-56191-0465.fits
5963/spec-5963-56191-0466.fits
5963/spec-5963-56191-0467.fits
5963/spec-5963-56191-0468.fits
5963/spec-5963-56191-0469.fits
5963/spec-5963-56191-0470.fits
5963/spec-5963-56191-0471.fits
5963/spec-5963-56191-0472.fits
5963/spec-5963-56191-0473.fits
5963/spec-5963-56191-0474.fits
5963/spec-5963-56191-0475.fits
5963/spec-5963-56191-0476.fits
5963/spec-5963-56191-0477.fits
5963/spec-5963-56191-0478.fits
5963/spec-5963-56191-0479.fits
5963/spec-5963-56191-0480.fits
5963/spec-5963-56191-0481.fits
5963/spec-5963-56191-0482.fits
5963/spec-5963-56191-0483.fits
5963/spec-5963-56191-0484.fits
5963/spec-5963-56191-0485.fits
5963/spec-5963-56191-0486.fits
5963/spec-5963-56191-0487.fits
5963/spec-5963-56191-0488.fits
5963/spec-5963-56191-0489.fits
5963/spec-5963-56191-0490.fits
5963/spec-5963-56191-0491.fits
5963/spec-5963-56191-0492.fits
5963/spec-5963-56191-0493.fits
5963/spec-5963-56191-0494.fits
5963/spec-5963-56191-0495.fits
5963/spec-5963-56191-0496.fits
5963/spec-5963-56191-0497.fits
5963/spec-5963-56191-0498.fits
5963/spec-5963-56191-0499.fits
5963/spec-5963-56191-0500.fits
5963/spec-5963-56191-0501.fits
5963/spec-5963-56191-0502.fits
5963/spec-5963-56191-0503.fits
5963/spec-5963-56191-0504.fits
5963/spec-5963-56191-0505.fits
5963/spec-5963-56191-0506.fits
5963/spec-5963-56191-0507.fits
5963/spec-5963-56191-0508.fits
5963/spec-5963-56191-0509.fits
5963/spec-5963-56191-0510.fits
5963/spec-5963-56191-0511.fits
5963/spec-5963-56191-0512.fits
5963/spec-5963-56191-0513.fits
5963/spec-5963-56191-0514.fits
5963/spec-5963-56191-0515.fits
5963/spec-5963-56191-0516.fits
5963/spec-5963-56191-0517.fits
5963/spec-5963-56191-0518.fits
5963/spec-5963-56191-0519.fits
5963/spec-5963-56191-0520.fits
5963/spec-5963-56191-0521.fits
5963/spec-5963-56191-0522.fits
5963/spec-5963-56191-0523.fits
5963/spec-5963-56191-0524.fits
5963/spec-5963-56191-0525.fits
5963/spec-5963-56191-0526.fits
5963/spec-5963-56191-0527.fits
5963/spec-5963-56191-0528.fits
5963/spec-5963-56191-0529.fits
5963/spec-5963-56191-0530.fits
5963/spec-5963-56191-0531.fits
5963/spec-5963-56191-0532.fits
5963/spec-5963-56191-0533.fits
5963/spec-5963-56191-0534.fits
5963/spec-5963-56191-0535.fits
5963/spec-5963-56191-0536.fits
5963/spec-5963-56191-0537.fits
5963/spec-5963-56191-0538.fits
5963/spec-5963-56191-0539.fits
5963/spec-5963-56191-0540.fits
5963/spec-5963-56191-0541.fits
5963/spec-5963-56191-0542.fits
5963/spec-5963-56191-0543.fits
5963/spec-5963-56191-0544.fits
5963/spec-5963-56191-0545.fits
5963/spec-5963-56191-0546.fits
5963/spec-5963-56191-0547.fits
5963/spec-5963-56191-0548.fits
5963/spec-5963-56191-0549.fits
5963/spec-5963-56191-0550.fits
5963/spec-5963-56191-0551.fits
5963/spec-5963-56191-0552.fits
5963/spec-5963-56191-0553.fits
5963/spec-5963-56191-0554.fits
5963/spec-5963-56191-0555.fits
5963/spec-5963-56191-0556.fits
5963/spec-5963-56191-0557.fits
5963/spec-5963-56191-0558.fits
5963/spec-5963-56191-0559.fits
5963/spec-5963-56191-0560.fits
5963/spec-5963-56191-0561.fits
5963/spec-5963-56191-0562.fits
5963/spec-5963-56191-0563.fits
5963/spec-5963-56191-0564.fits
5963/spec-5963-56191-0565.fits
5963/spec-5963-56191-0566.fits
5963/spec-5963-56191-0567.fits
5963/spec-5963-56191-0568.fits
5963/spec-5963-56191-0569.fits
5963/spec-5963-56191-0570.fits
5963/spec-5963-56191-0571.fits
5963/spec-5963-56191-0572.fits
5963/spec-5963-56191-0573.fits
5963/spec-5963-56191-0574.fits
5963/spec-5963-56191-0575.fits
5963/spec-5963-56191-0576.fits
5963/spec-5963-56191-0577.fits
5963/spec-5963-56191-0578.fits
5963/spec-5963-56191-0579.fits
5963/spec-5963-56191-0580.fits
5963/spec-5963-56191-0581.fits
5963/spec-5963-56191-0582.fits
5963/spec-5963-56191-0583.fits
5963/spec-5963-56191-0584.fits
5963/spec-5963-56191-0585.fits
5963/spec-5963-56191-0586.fits
5963/spec-5963-56191-0587.fits
5963/spec-5963-56191-0588.fits
5963/spec-5963-56191-0589.fits
5963/spec-5963-56191-0590.fits
5963/spec-5963-56191-0591.fits
5963/spec-5963-56191-0592.fits
5963/spec-5963-56191-0593.fits
5963/spec-5963-56191-0594.fits
5963/spec-5963-56191-0595.fits
5963/spec-5963-56191-0596.fits
5963/spec-5963-56191-0597.fits
5963/spec-5963-56191-0598.fits
5963/spec-5963-56191-0599.fits
5963/spec-5963-56191-0600.fits
5963/spec-5963-56191-0601.fits
5963/spec-5963-56191-0602.fits
5963/spec-5963-56191-0603.fits
5963/spec-5963-56191-0604.fits
5963/spec-5963-56191-0605.fits
5963/spec-5963-56191-0606.fits
5963/spec-5963-56191-0607.fits
5963/spec-5963-56191-0608.fits
5963/spec-5963-56191-0609.fits
5963/spec-5963-56191-0610.fits
5963/spec-5963-56191-0611.fits
5963/spec-5963-56191-0612.fits
5963/spec-5963-56191-0613.fits
5963/spec-5963-56191-0614.fits
5963/spec-5963-56191-0615.fits
5963/spec-5963-56191-0616.fits
5963/spec-5963-56191-0617.fits
5963/spec-5963-56191-0618.fits
5963/spec-5963-56191-0619.fits
5963/spec-5963-56191-0620.fits
5963/spec-5963-56191-0621.fits
5963/spec-5963-56191-0622.fits
5963/spec-5963-56191-0623.fits
5963/spec-5963-56191-0624.fits
5963/spec-5963-56191-0625.fits
5963/spec-5963-56191-0626.fits
5963/spec-5963-56191-0627.fits
5963/spec-5963-56191-0628.fits
5963/spec-5963-56191-0629.fits
5963/spec-5963-56191-0630.fits
5963/spec-5963-56191-0631.fits
5963/spec-5963-56191-0632.fits
5963/spec-5963-56191-0633.fits
5963/spec-5963-56191-0634.fits
5963/spec-5963-56191-0635.fits
5963/spec-5963-56191-0636.fits
5963/spec-5963-56191-0637.fits
5963/spec-5963-56191-0638.fits
5963/spec-5963-56191-0639.fits
5963/spec-5963-56191-0640.fits
5963/spec-5963-56191-0641.fits
5963/spec-5963-56191-0642.fits
5963/spec-5963-56191-0643.fits
5963/spec-5963-56191-0644.fits
5963/spec-5963-56191-0645.fits
5963/spec-5963-56191-0646.fits
5963/spec-5963-56191-0647.fits
5963/spec-5963-56191-0648.fits
5963/spec-5963-56191-0649.fits
5963/spec-5963-56191-0650.fits
5963/spec-5963-56191-0651.fits
5963/spec-5963-56191-0652.fits
5963/spec-5963-56191-0653.fits
5963/spec-5963-56191-0654.fits
5963/spec-5963-56191-0655.fits
5963/spec-5963-56191-0656.fits
5963/spec-5963-56191-0657.fits
5963/spec-5963-56191-0658.fits
5963/spec-5963-56191-0659.fits
5963/spec-5963-56191-0660.fits
5963/spec-5963-56191-0661.fits
5963/spec-5963-56191-0662.fits
5963/spec-5963-56191-0663.fits
5963/spec-5963-56191-0664.fits
5963/spec-5963-56191-0665.fits
5963/spec-5963-56191-0666.fits
5963/spec-5963-56191-0667.fits
5963/spec-5963-56191-0668.fits
5963/spec-5963-56191-0669.fits
5963/spec-5963-56191-0670.fits
5963/spec-5963-56191-0671.fits
5963/spec-5963-56191-0672.fits
5963/spec-5963-56191-0673.fits
5963/spec-5963-56191-0674.fits
5963/spec-5963-56191-0675.fits
5963/spec-5963-56191-0676.fits
5963/spec-5963-56191-0677.fits
5963/spec-5963-56191-0678.fits
5963/spec-5963-56191-0679.fits
5963/spec-5963-56191-0680.fits
5963/spec-5963-56191-0681.fits
5963/spec-5963-56191-0682.fits
5963/spec-5963-56191-0683.fits
5963/spec-5963-56191-0684.fits
5963/spec-5963-56191-0685.fits
5963/spec-5963-56191-0686.fits
5963/spec-5963-56191-0687.fits
5963/spec-5963-56191-0688.fits
5963/spec-5963-56191-0689.fits
5963/spec-5963-56191-0690.fits
5963/spec-5963-56191-0691.fits
5963/spec-5963-56191-0692.fits
5963/spec-5963-56191-0693.fits
5963/spec-5963-56191-0694.fits
5963/spec-5963-56191-0695.fits
5963/spec-5963-56191-0696.fits
5963/spec-5963-56191-0697.fits
5963/spec-5963-56191-0698.fits
5963/spec-5963-56191-0699.fits
5963/spec-5963-56191-0700.fits
5963/spec-5963-56191-0701.fits
5963/spec-5963-56191-0702.fits
5963/spec-5963-56191-0703.fits
5963/spec-5963-56191-0704.fits
5963/spec-5963-56191-0705.fits
5963/spec-5963-56191-0706.fits
5963/spec-5963-56191-0707.fits
5963/spec-5963-56191-0708.fits
5963/spec-5963-56191-0709.fits
5963/spec-5963-56191-0710.fits
5963/spec-5963-56191-0711.fits
5963/spec-5963-56191-0712.fits
5963/spec-5963-56191-0713.fits
5963/spec-5963-56191-0714.fits
5963/spec-5963-56191-0715.fits
5963/spec-5963-56191-0716.fits
5963/spec-5963-56191-0717.fits
5963/spec-5963-56191-0718.fits
5963/spec-5963-56191-0719.fits
5963/spec-5963-56191-0720.fits
5963/spec-5963-56191-0721.fits
5963/spec-5963-56191-0722.fits
5963/spec-5963-56191-0723.fits
5963/spec-5963-56191-0724.fits
5963/spec-5963-56191-0725.fits
5963/spec-5963-56191-0726.fits
5963/spec-5963-56191-0727.fits
5963/spec-5963-56191-0728.fits
5963/spec-5963-56191-0729.fits
5963/spec-5963-56191-0730.fits
5963/spec-5963-56191-0731.fits
5963/spec-5963-56191-0732.fits
5963/spec-5963-56191-0733.fits
5963/spec-5963-56191-0734.fits
5963/spec-5963-56191-0735.fits
5963/spec-5963-56191-0736.fits
5963/spec-5963-56191-0737.fits
5963/spec-5963-56191-0738.fits
5963/spec-5963-56191-0739.fits
5963/spec-5963-56191-0740.fits
5963/spec-5963-56191-0741.fits
5963/spec-5963-56191-0742.fits
5963/spec-5963-56191-0743.fits
5963/spec-5963-56191-0744.fits
5963/spec-5963-56191-0745.fits
5963/spec-5963-56191-0746.fits
5963/spec-5963-56191-0747.fits
5963/spec-5963-56191-0748.fits
5963/spec-5963-56191-0749.fits
5963/spec-5963-56191-0750.fits
5963/spec-5963-56191-0751.fits
5963/spec-5963-56191-0752.fits
5963/spec-5963-56191-0753.fits
5963/spec-5963-56191-0754.fits
5963/spec-5963-56191-0755.fits
5963/spec-5963-56191-0756.fits
5963/spec-5963-56191-0757.fits
5963/spec-5963-56191-0758.fits
5963/spec-5963-56191-0759.fits
5963/spec-5963-56191-0760.fits
5963/spec-5963-56191-0761.fits
5963/spec-5963-56191-0762.fits
5963/spec-5963-56191-0763.fits
5963/spec-5963-56191-0764.fits
5963/spec-5963-56191-0765.fits
5963/spec-5963-56191-0766.fits
5963/spec-5963-56191-0767.fits
5963/spec-5963-56191-0768.fits
5963/spec-5963-56191-0769.fits
5963/spec-5963-56191-0770.fits
5963/spec-5963-56191-0771.fits
5963/spec-5963-56191-0772.fits
5963/spec-5963-56191-0773.fits
5963/spec-5963-56191-0774.fits
5963/spec-5963-56191-0775.fits
5963/spec-5963-56191-0776.fits
5963/spec-5963-56191-0777.fits
5963/spec-5963-56191-0778.fits
5963/spec-5963-56191-0779.fits
5963/spec-5963-56191-0780.fits
5963/spec-5963-56191-0781.fits
5963/spec-5963-56191-0782.fits
5963/spec-5963-56191-0783.fits
5963/spec-5963-56191-0784.fits
5963/spec-5963-56191-0785.fits
5963/spec-5963-56191-0786.fits
5963/spec-5963-56191-0787.fits
5963/spec-5963-56191-0788.fits
5963/spec-5963-56191-0789.fits
5963/spec-5963-56191-0790.fits
5963/spec-5963-56191-0791.fits
5963/spec-5963-56191-0792.fits
5963/spec-5963-56191-0793.fits
5963/spec-5963-56191-0794.fits
5963/spec-5963-56191-0795.fits
5963/spec-5963-56191-0796.fits
5963/spec-5963-56191-0797.fits
5963/spec-5963-56191-0798.fits
5963/spec-5963-56191-0799.fits
5963/spec-5963-56191-0800.fits
5963/spec-5963-56191-0801.fits
5963/spec-5963-56191-0802.fits
5963/spec-5963-56191-0803.fits
5963/spec-5963-56191-0804.fits
5963/spec-5963-56191-0805.fits
5963/spec-5963-56191-0806.fits
5963/spec-5963-56191-0807.fits
5963/spec-5963-56191-0808.fits
5963/spec-5963-56191-0809.fits
5963/spec-5963-56191-0810.fits
5963/spec-5963-56191-0811.fits
5963/spec-5963-56191-0812.fits
5963/spec-5963-56191-0813.fits
5963/spec-5963-56191-0814.fits
5963/spec-5963-56191-0815.fits
5963/spec-5963-56191-0816.fits
5963/spec-5963-56191-0817.fits
5963/spec-5963-56191-0818.fits
5963/spec-5963-56191-0819.fits
5963/spec-5963-56191-0820.fits
5963/spec-5963-56191-0821.fits
5963/spec-5963-56191-0822.fits
5963/spec-5963-56191-0823.fits
5963/spec-5963-56191-0824.fits
5963/spec-5963-56191-0825.fits
5963/spec-5963-56191-0826.fits
5963/spec-5963-56191-0827.fits
5963/spec-5963-56191-0828.fits
5963/spec-5963-56191-0829.fits
5963/spec-5963-56191-0830.fits
5963/spec-5963-56191-0831.fits
5963/spec-5963-56191-0832.fits
5963/spec-5963-56191-0833.fits
5963/spec-5963-56191-0834.fits
5963/spec-5963-56191-0835.fits
5963/spec-5963-56191-0836.fits
5963/spec-5963-56191-0837.fits
5963/spec-5963-56191-0838.fits
5963/spec-5963-56191-0839.fits
5963/spec-5963-56191-0840.fits
5963/spec-5963-56191-0841.fits
5963/spec-5963-56191-0842.fits
5963/spec-5963-56191-0843.fits
5963/spec-5963-56191-0844.fits
5963/spec-5963-56191-0845.fits
5963/spec-5963-56191-0846.fits
5963/spec-5963-56191-0847.fits
5963/spec-5963-56191-0848.fits
5963/spec-5963-56191-0849.fits
5963/spec-5963-56191-0850.fits
5963/spec-5963-56191-0851.fits
5963/spec-5963-56191-0852.fits
5963/spec-5963-56191-0853.fits
5963/spec-5963-56191-0854.fits
5963/spec-5963-56191-0855.fits
5963/spec-5963-56191-0856.fits
5963/spec-5963-56191-0857.fits
5963/spec-5963-56191-0858.fits
5963/spec-5963-56191-0859.fits
5963/spec-5963-56191-0860.fits
5963/spec-5963-56191-0861.fits
5963/spec-5963-56191-0862.fits
5963/spec-5963-56191-0863.fits
5963/spec-5963-56191-0864.fits
5963/spec-5963-56191-0865.fits
5963/spec-5963-56191-0866.fits
5963/spec-5963-56191-0867.fits
5963/spec-5963-56191-0868.fits
5963/spec-5963-56191-0869.fits
5963/spec-5963-56191-0870.fits
5963/spec-5963-56191-0871.fits
5963/spec-5963-56191-0872.fits
5963/spec-5963-56191-0873.fits
5963/spec-5963-56191-0874.fits
5963/spec-5963-56191-0875.fits
5963/spec-5963-56191-0876.fits
5963/spec-5963-56191-0877.fits
5963/spec-5963-56191-0878.fits
5963/spec-5963-56191-0879.fits
5963/spec-5963-56191-0880.fits
5963/spec-5963-56191-0881.fits
5963/spec-5963-56191-0882.fits
5963/spec-5963-56191-0883.fits
5963/spec-5963-56191-0884.fits
5963/spec-5963-56191-0885.fits
5963/spec-5963-56191-0886.fits
5963/spec-5963-56191-0887.fits
5963/spec-5963-56191-0888.fits
5963/spec-5963-56191-0889.fits
5963/spec-5963-56191-0890.fits
5963/spec-5963-56191-0891.fits
5963/spec-5963-56191-0892.fits
5963/spec-5963-56191-0893.fits
5963/spec-5963-56191-0894.fits
5963/spec-5963-56191-0895.fits
5963/spec-5963-56191-0896.fits
5963/spec-5963-56191-0897.fits
5963/spec-5963-56191-0898.fits
5963/spec-5963-56191-0899.fits
5963/spec-5963-56191-0900.fits
5963/spec-5963-56191-0901.fits
5963/spec-5963-56191-0902.fits
5963/spec-5963-56191-0903.fits
5963/spec-5963-56191-0904.fits
5963/spec-5963-56191-0905.fits
5963/spec-5963-56191-0906.fits
5963/spec-5963-56191-0907.fits
5963/spec-5963-56191-0908.fits
5963/spec-5963-56191-0909.fits
5963/spec-5963-56191-0910.fits
5963/spec-5963-56191-0911.fits
5963/spec-5963-56191-0912.fits
5963/spec-5963-56191-0913.fits
5963/spec-5963-56191-0914.fits
5963/spec-5963-56191-0915.fits
5963/spec-5963-56191-0916.fits
5963/spec-5963-56191-0917.fits
5963/spec-5963-56191-0918.fits
5963/spec-5963-56191-0919.fits
5963/spec-5963-56191-0920.fits
5963/spec-5963-56191-0921.fits
5963/spec-5963-56191-0922.fits
5963/spec-5963-56191-0923.fits
5963/spec-5963-56191-0924.fits
5963/spec-5963-56191-0925.fits
5963/spec-5963-56191-0926.fits
5963/spec-5963-56191-0927.fits
5963/spec-5963-56191-0928.fits
5963/spec-5963-56191-0929.fits
5963/spec-5963-56191-0930.fits
5963/spec-5963-56191-0931.fits
5963/spec-5963-56191-0932.fits
5963/spec-5963-56191-0933.fits
5963/spec-5963-56191-0934.fits
5963/spec-5963-56191-0935.fits
5963/spec-5963-56191-0936.fits
5963/spec-5963-56191-0937.fits
5963/spec-5963-56191-0938.fits
5963/spec-5963-56191-0939.fits
5963/spec-5963-56191-0940.fits
5963/spec-5963-56191-0941.fits
5963/spec-5963-56191-0942.fits
5963/spec-5963-56191-0943.fits
5963/spec-5963-56191-0944.fits
5963/spec-5963-56191-0945.fits
5963/spec-5963-56191-0946.fits
5963/spec-5963-56191-0947.fits
5963/spec-5963-56191-0948.fits
5963/spec-5963-56191-0949.fits
5963/spec-5963-56191-0950.fits
5963/spec-5963-56191-0951.fits
5963/spec-5963-56191-0952.fits
5963/spec-5963-56191-0953.fits
5963/spec-5963-56191-0954.fits
5963/spec-5963-56191-0955.fits
5963/spec-5963-56191-0956.fits
5963/spec-5963-56191-0957.fits
5963/spec-5963-56191-0958.fits
5963/spec-5963-56191-0959.fits
5963/spec-5963-56191-0960.fits
5963/spec-5963-56191-0961.fits
5963/spec-5963-56191-0962.fits
5963/spec-5963-56191-0963.fits
5963/spec-5963-56191-0964.fits
5963/spec-5963-56191-0965.fits
5963/spec-5963-56191-0966.fits
5963/spec-5963-56191-0967.fits
5963/spec-5963-56191-0968.fits
5963/spec-5963-56191-0969.fits
5963/spec-5963-56191-0970.fits
5963/spec-5963-56191-0971.fits
5963/spec-5963-56191-0972.fits
5963/spec-5963-56191-0973.fits
5963/spec-5963-56191-0974.fits
5963/spec-5963-56191-0975.fits
5963/spec-5963-56191-0976.fits
5963/spec-5963-56191-0977.fits
5963/spec-5963-56191-0978.fits
5963/spec-5963-56191-0979.fits
5963/spec-5963-56191-0980.fits
5963/spec-5963-56191-0981.fits
5963/spec-5963-56191-0982.fits
5963/spec-5963-56191-0983.fits
5963/spec-5963-56191-0984.fits
5963/spec-5963-56191-0985.fits
5963/spec-5963-56191-0986.fits
5963/spec-5963-56191-0987.fits
5963/spec-5963-56191-0988.fits
5963/spec-5963-56191-0989.fits
5963/spec-5963-56191-0990.fits
5963/spec-5963-56191-0991.fits
5963/spec-5963-56191-0992.fits
5963/spec-5963-56191-0993.fits
5963/spec-5963-56191-0994.fits
5963/spec-5963-56191-0995.fits
5963/spec-5963-56191-0996.fits
5963/spec-5963-56191-0997.fits
5963/spec-5963-56191-0998.fits
5963/spec-5963-56191-0999.fits
5963/spec-5963-56191-1000.fits
/var/lib/condor/execute/slot1/dir_33937
5963 5963.tgz R R361.tar.gz _condor_stderr _condor_stdout cB58_Lyman_break.fit condor_exec.exe hw4.R packages packages.tar.gz tmp var
[1] "Loaded package astro."
[1] 1000
5963 5963.csv 5963.tgz R R361.tar.gz _condor_stderr _condor_stdout cB58_Lyman_break.fit condor_exec.exe hw4.R packages packages.tar.gz tmp var
