5967
5967/
5967/spec-5967-56063-0001.fits
5967/spec-5967-56063-0002.fits
5967/spec-5967-56063-0003.fits
5967/spec-5967-56063-0004.fits
5967/spec-5967-56063-0005.fits
5967/spec-5967-56063-0006.fits
5967/spec-5967-56063-0007.fits
5967/spec-5967-56063-0008.fits
5967/spec-5967-56063-0009.fits
5967/spec-5967-56063-0010.fits
5967/spec-5967-56063-0011.fits
5967/spec-5967-56063-0012.fits
5967/spec-5967-56063-0013.fits
5967/spec-5967-56063-0014.fits
5967/spec-5967-56063-0015.fits
5967/spec-5967-56063-0016.fits
5967/spec-5967-56063-0017.fits
5967/spec-5967-56063-0018.fits
5967/spec-5967-56063-0019.fits
5967/spec-5967-56063-0020.fits
5967/spec-5967-56063-0021.fits
5967/spec-5967-56063-0022.fits
5967/spec-5967-56063-0023.fits
5967/spec-5967-56063-0024.fits
5967/spec-5967-56063-0025.fits
5967/spec-5967-56063-0026.fits
5967/spec-5967-56063-0027.fits
5967/spec-5967-56063-0028.fits
5967/spec-5967-56063-0029.fits
5967/spec-5967-56063-0030.fits
5967/spec-5967-56063-0031.fits
5967/spec-5967-56063-0032.fits
5967/spec-5967-56063-0033.fits
5967/spec-5967-56063-0034.fits
5967/spec-5967-56063-0035.fits
5967/spec-5967-56063-0036.fits
5967/spec-5967-56063-0037.fits
5967/spec-5967-56063-0038.fits
5967/spec-5967-56063-0039.fits
5967/spec-5967-56063-0040.fits
5967/spec-5967-56063-0041.fits
5967/spec-5967-56063-0042.fits
5967/spec-5967-56063-0043.fits
5967/spec-5967-56063-0044.fits
5967/spec-5967-56063-0045.fits
5967/spec-5967-56063-0046.fits
5967/spec-5967-56063-0047.fits
5967/spec-5967-56063-0048.fits
5967/spec-5967-56063-0049.fits
5967/spec-5967-56063-0050.fits
5967/spec-5967-56063-0051.fits
5967/spec-5967-56063-0052.fits
5967/spec-5967-56063-0053.fits
5967/spec-5967-56063-0054.fits
5967/spec-5967-56063-0055.fits
5967/spec-5967-56063-0056.fits
5967/spec-5967-56063-0057.fits
5967/spec-5967-56063-0058.fits
5967/spec-5967-56063-0059.fits
5967/spec-5967-56063-0060.fits
5967/spec-5967-56063-0061.fits
5967/spec-5967-56063-0062.fits
5967/spec-5967-56063-0063.fits
5967/spec-5967-56063-0064.fits
5967/spec-5967-56063-0065.fits
5967/spec-5967-56063-0066.fits
5967/spec-5967-56063-0067.fits
5967/spec-5967-56063-0068.fits
5967/spec-5967-56063-0069.fits
5967/spec-5967-56063-0070.fits
5967/spec-5967-56063-0071.fits
5967/spec-5967-56063-0072.fits
5967/spec-5967-56063-0073.fits
5967/spec-5967-56063-0074.fits
5967/spec-5967-56063-0075.fits
5967/spec-5967-56063-0076.fits
5967/spec-5967-56063-0077.fits
5967/spec-5967-56063-0078.fits
5967/spec-5967-56063-0079.fits
5967/spec-5967-56063-0080.fits
5967/spec-5967-56063-0081.fits
5967/spec-5967-56063-0082.fits
5967/spec-5967-56063-0083.fits
5967/spec-5967-56063-0084.fits
5967/spec-5967-56063-0085.fits
5967/spec-5967-56063-0086.fits
5967/spec-5967-56063-0087.fits
5967/spec-5967-56063-0088.fits
5967/spec-5967-56063-0089.fits
5967/spec-5967-56063-0090.fits
5967/spec-5967-56063-0091.fits
5967/spec-5967-56063-0092.fits
5967/spec-5967-56063-0093.fits
5967/spec-5967-56063-0094.fits
5967/spec-5967-56063-0095.fits
5967/spec-5967-56063-0096.fits
5967/spec-5967-56063-0097.fits
5967/spec-5967-56063-0098.fits
5967/spec-5967-56063-0099.fits
5967/spec-5967-56063-0100.fits
5967/spec-5967-56063-0101.fits
5967/spec-5967-56063-0102.fits
5967/spec-5967-56063-0103.fits
5967/spec-5967-56063-0104.fits
5967/spec-5967-56063-0105.fits
5967/spec-5967-56063-0106.fits
5967/spec-5967-56063-0107.fits
5967/spec-5967-56063-0108.fits
5967/spec-5967-56063-0109.fits
5967/spec-5967-56063-0110.fits
5967/spec-5967-56063-0111.fits
5967/spec-5967-56063-0112.fits
5967/spec-5967-56063-0113.fits
5967/spec-5967-56063-0114.fits
5967/spec-5967-56063-0115.fits
5967/spec-5967-56063-0116.fits
5967/spec-5967-56063-0117.fits
5967/spec-5967-56063-0118.fits
5967/spec-5967-56063-0119.fits
5967/spec-5967-56063-0120.fits
5967/spec-5967-56063-0121.fits
5967/spec-5967-56063-0122.fits
5967/spec-5967-56063-0123.fits
5967/spec-5967-56063-0124.fits
5967/spec-5967-56063-0125.fits
5967/spec-5967-56063-0126.fits
5967/spec-5967-56063-0127.fits
5967/spec-5967-56063-0128.fits
5967/spec-5967-56063-0129.fits
5967/spec-5967-56063-0130.fits
5967/spec-5967-56063-0131.fits
5967/spec-5967-56063-0132.fits
5967/spec-5967-56063-0133.fits
5967/spec-5967-56063-0134.fits
5967/spec-5967-56063-0135.fits
5967/spec-5967-56063-0136.fits
5967/spec-5967-56063-0137.fits
5967/spec-5967-56063-0138.fits
5967/spec-5967-56063-0139.fits
5967/spec-5967-56063-0140.fits
5967/spec-5967-56063-0141.fits
5967/spec-5967-56063-0142.fits
5967/spec-5967-56063-0143.fits
5967/spec-5967-56063-0144.fits
5967/spec-5967-56063-0145.fits
5967/spec-5967-56063-0146.fits
5967/spec-5967-56063-0147.fits
5967/spec-5967-56063-0148.fits
5967/spec-5967-56063-0149.fits
5967/spec-5967-56063-0150.fits
5967/spec-5967-56063-0151.fits
5967/spec-5967-56063-0152.fits
5967/spec-5967-56063-0153.fits
5967/spec-5967-56063-0154.fits
5967/spec-5967-56063-0155.fits
5967/spec-5967-56063-0156.fits
5967/spec-5967-56063-0157.fits
5967/spec-5967-56063-0158.fits
5967/spec-5967-56063-0159.fits
5967/spec-5967-56063-0160.fits
5967/spec-5967-56063-0161.fits
5967/spec-5967-56063-0162.fits
5967/spec-5967-56063-0163.fits
5967/spec-5967-56063-0164.fits
5967/spec-5967-56063-0165.fits
5967/spec-5967-56063-0166.fits
5967/spec-5967-56063-0167.fits
5967/spec-5967-56063-0168.fits
5967/spec-5967-56063-0169.fits
5967/spec-5967-56063-0170.fits
5967/spec-5967-56063-0171.fits
5967/spec-5967-56063-0172.fits
5967/spec-5967-56063-0173.fits
5967/spec-5967-56063-0174.fits
5967/spec-5967-56063-0175.fits
5967/spec-5967-56063-0176.fits
5967/spec-5967-56063-0177.fits
5967/spec-5967-56063-0178.fits
5967/spec-5967-56063-0179.fits
5967/spec-5967-56063-0180.fits
5967/spec-5967-56063-0181.fits
5967/spec-5967-56063-0182.fits
5967/spec-5967-56063-0183.fits
5967/spec-5967-56063-0184.fits
5967/spec-5967-56063-0185.fits
5967/spec-5967-56063-0186.fits
5967/spec-5967-56063-0187.fits
5967/spec-5967-56063-0188.fits
5967/spec-5967-56063-0189.fits
5967/spec-5967-56063-0190.fits
5967/spec-5967-56063-0191.fits
5967/spec-5967-56063-0192.fits
5967/spec-5967-56063-0193.fits
5967/spec-5967-56063-0194.fits
5967/spec-5967-56063-0195.fits
5967/spec-5967-56063-0196.fits
5967/spec-5967-56063-0197.fits
5967/spec-5967-56063-0198.fits
5967/spec-5967-56063-0199.fits
5967/spec-5967-56063-0200.fits
5967/spec-5967-56063-0201.fits
5967/spec-5967-56063-0202.fits
5967/spec-5967-56063-0203.fits
5967/spec-5967-56063-0204.fits
5967/spec-5967-56063-0205.fits
5967/spec-5967-56063-0206.fits
5967/spec-5967-56063-0207.fits
5967/spec-5967-56063-0208.fits
5967/spec-5967-56063-0209.fits
5967/spec-5967-56063-0210.fits
5967/spec-5967-56063-0211.fits
5967/spec-5967-56063-0212.fits
5967/spec-5967-56063-0213.fits
5967/spec-5967-56063-0214.fits
5967/spec-5967-56063-0215.fits
5967/spec-5967-56063-0216.fits
5967/spec-5967-56063-0217.fits
5967/spec-5967-56063-0218.fits
5967/spec-5967-56063-0219.fits
5967/spec-5967-56063-0220.fits
5967/spec-5967-56063-0221.fits
5967/spec-5967-56063-0222.fits
5967/spec-5967-56063-0223.fits
5967/spec-5967-56063-0224.fits
5967/spec-5967-56063-0225.fits
5967/spec-5967-56063-0226.fits
5967/spec-5967-56063-0227.fits
5967/spec-5967-56063-0228.fits
5967/spec-5967-56063-0229.fits
5967/spec-5967-56063-0230.fits
5967/spec-5967-56063-0231.fits
5967/spec-5967-56063-0232.fits
5967/spec-5967-56063-0233.fits
5967/spec-5967-56063-0234.fits
5967/spec-5967-56063-0235.fits
5967/spec-5967-56063-0236.fits
5967/spec-5967-56063-0237.fits
5967/spec-5967-56063-0238.fits
5967/spec-5967-56063-0239.fits
5967/spec-5967-56063-0240.fits
5967/spec-5967-56063-0241.fits
5967/spec-5967-56063-0242.fits
5967/spec-5967-56063-0243.fits
5967/spec-5967-56063-0244.fits
5967/spec-5967-56063-0245.fits
5967/spec-5967-56063-0246.fits
5967/spec-5967-56063-0247.fits
5967/spec-5967-56063-0248.fits
5967/spec-5967-56063-0249.fits
5967/spec-5967-56063-0250.fits
5967/spec-5967-56063-0251.fits
5967/spec-5967-56063-0252.fits
5967/spec-5967-56063-0253.fits
5967/spec-5967-56063-0254.fits
5967/spec-5967-56063-0255.fits
5967/spec-5967-56063-0256.fits
5967/spec-5967-56063-0257.fits
5967/spec-5967-56063-0258.fits
5967/spec-5967-56063-0259.fits
5967/spec-5967-56063-0260.fits
5967/spec-5967-56063-0261.fits
5967/spec-5967-56063-0262.fits
5967/spec-5967-56063-0263.fits
5967/spec-5967-56063-0264.fits
5967/spec-5967-56063-0265.fits
5967/spec-5967-56063-0266.fits
5967/spec-5967-56063-0267.fits
5967/spec-5967-56063-0268.fits
5967/spec-5967-56063-0269.fits
5967/spec-5967-56063-0270.fits
5967/spec-5967-56063-0271.fits
5967/spec-5967-56063-0272.fits
5967/spec-5967-56063-0273.fits
5967/spec-5967-56063-0274.fits
5967/spec-5967-56063-0275.fits
5967/spec-5967-56063-0276.fits
5967/spec-5967-56063-0277.fits
5967/spec-5967-56063-0278.fits
5967/spec-5967-56063-0279.fits
5967/spec-5967-56063-0280.fits
5967/spec-5967-56063-0281.fits
5967/spec-5967-56063-0282.fits
5967/spec-5967-56063-0283.fits
5967/spec-5967-56063-0284.fits
5967/spec-5967-56063-0285.fits
5967/spec-5967-56063-0286.fits
5967/spec-5967-56063-0287.fits
5967/spec-5967-56063-0288.fits
5967/spec-5967-56063-0289.fits
5967/spec-5967-56063-0290.fits
5967/spec-5967-56063-0291.fits
5967/spec-5967-56063-0292.fits
5967/spec-5967-56063-0293.fits
5967/spec-5967-56063-0294.fits
5967/spec-5967-56063-0295.fits
5967/spec-5967-56063-0296.fits
5967/spec-5967-56063-0297.fits
5967/spec-5967-56063-0298.fits
5967/spec-5967-56063-0299.fits
5967/spec-5967-56063-0300.fits
5967/spec-5967-56063-0301.fits
5967/spec-5967-56063-0302.fits
5967/spec-5967-56063-0303.fits
5967/spec-5967-56063-0304.fits
5967/spec-5967-56063-0305.fits
5967/spec-5967-56063-0306.fits
5967/spec-5967-56063-0307.fits
5967/spec-5967-56063-0308.fits
5967/spec-5967-56063-0309.fits
5967/spec-5967-56063-0310.fits
5967/spec-5967-56063-0311.fits
5967/spec-5967-56063-0312.fits
5967/spec-5967-56063-0313.fits
5967/spec-5967-56063-0314.fits
5967/spec-5967-56063-0315.fits
5967/spec-5967-56063-0316.fits
5967/spec-5967-56063-0317.fits
5967/spec-5967-56063-0318.fits
5967/spec-5967-56063-0319.fits
5967/spec-5967-56063-0320.fits
5967/spec-5967-56063-0321.fits
5967/spec-5967-56063-0322.fits
5967/spec-5967-56063-0323.fits
5967/spec-5967-56063-0324.fits
5967/spec-5967-56063-0325.fits
5967/spec-5967-56063-0326.fits
5967/spec-5967-56063-0327.fits
5967/spec-5967-56063-0328.fits
5967/spec-5967-56063-0329.fits
5967/spec-5967-56063-0330.fits
5967/spec-5967-56063-0331.fits
5967/spec-5967-56063-0332.fits
5967/spec-5967-56063-0333.fits
5967/spec-5967-56063-0334.fits
5967/spec-5967-56063-0335.fits
5967/spec-5967-56063-0336.fits
5967/spec-5967-56063-0337.fits
5967/spec-5967-56063-0338.fits
5967/spec-5967-56063-0339.fits
5967/spec-5967-56063-0340.fits
5967/spec-5967-56063-0341.fits
5967/spec-5967-56063-0342.fits
5967/spec-5967-56063-0343.fits
5967/spec-5967-56063-0344.fits
5967/spec-5967-56063-0345.fits
5967/spec-5967-56063-0346.fits
5967/spec-5967-56063-0347.fits
5967/spec-5967-56063-0348.fits
5967/spec-5967-56063-0349.fits
5967/spec-5967-56063-0350.fits
5967/spec-5967-56063-0351.fits
5967/spec-5967-56063-0352.fits
5967/spec-5967-56063-0353.fits
5967/spec-5967-56063-0354.fits
5967/spec-5967-56063-0355.fits
5967/spec-5967-56063-0356.fits
5967/spec-5967-56063-0357.fits
5967/spec-5967-56063-0358.fits
5967/spec-5967-56063-0359.fits
5967/spec-5967-56063-0360.fits
5967/spec-5967-56063-0361.fits
5967/spec-5967-56063-0362.fits
5967/spec-5967-56063-0363.fits
5967/spec-5967-56063-0364.fits
5967/spec-5967-56063-0365.fits
5967/spec-5967-56063-0366.fits
5967/spec-5967-56063-0367.fits
5967/spec-5967-56063-0368.fits
5967/spec-5967-56063-0369.fits
5967/spec-5967-56063-0370.fits
5967/spec-5967-56063-0371.fits
5967/spec-5967-56063-0372.fits
5967/spec-5967-56063-0373.fits
5967/spec-5967-56063-0374.fits
5967/spec-5967-56063-0375.fits
5967/spec-5967-56063-0376.fits
5967/spec-5967-56063-0377.fits
5967/spec-5967-56063-0378.fits
5967/spec-5967-56063-0379.fits
5967/spec-5967-56063-0380.fits
5967/spec-5967-56063-0381.fits
5967/spec-5967-56063-0382.fits
5967/spec-5967-56063-0383.fits
5967/spec-5967-56063-0384.fits
5967/spec-5967-56063-0385.fits
5967/spec-5967-56063-0386.fits
5967/spec-5967-56063-0387.fits
5967/spec-5967-56063-0388.fits
5967/spec-5967-56063-0389.fits
5967/spec-5967-56063-0390.fits
5967/spec-5967-56063-0391.fits
5967/spec-5967-56063-0392.fits
5967/spec-5967-56063-0393.fits
5967/spec-5967-56063-0394.fits
5967/spec-5967-56063-0395.fits
5967/spec-5967-56063-0396.fits
5967/spec-5967-56063-0397.fits
5967/spec-5967-56063-0398.fits
5967/spec-5967-56063-0399.fits
5967/spec-5967-56063-0400.fits
5967/spec-5967-56063-0401.fits
5967/spec-5967-56063-0402.fits
5967/spec-5967-56063-0403.fits
5967/spec-5967-56063-0404.fits
5967/spec-5967-56063-0405.fits
5967/spec-5967-56063-0406.fits
5967/spec-5967-56063-0407.fits
5967/spec-5967-56063-0408.fits
5967/spec-5967-56063-0409.fits
5967/spec-5967-56063-0410.fits
5967/spec-5967-56063-0411.fits
5967/spec-5967-56063-0412.fits
5967/spec-5967-56063-0413.fits
5967/spec-5967-56063-0414.fits
5967/spec-5967-56063-0415.fits
5967/spec-5967-56063-0416.fits
5967/spec-5967-56063-0417.fits
5967/spec-5967-56063-0418.fits
5967/spec-5967-56063-0419.fits
5967/spec-5967-56063-0420.fits
5967/spec-5967-56063-0421.fits
5967/spec-5967-56063-0422.fits
5967/spec-5967-56063-0423.fits
5967/spec-5967-56063-0424.fits
5967/spec-5967-56063-0425.fits
5967/spec-5967-56063-0426.fits
5967/spec-5967-56063-0427.fits
5967/spec-5967-56063-0428.fits
5967/spec-5967-56063-0429.fits
5967/spec-5967-56063-0430.fits
5967/spec-5967-56063-0431.fits
5967/spec-5967-56063-0432.fits
5967/spec-5967-56063-0433.fits
5967/spec-5967-56063-0434.fits
5967/spec-5967-56063-0435.fits
5967/spec-5967-56063-0436.fits
5967/spec-5967-56063-0437.fits
5967/spec-5967-56063-0438.fits
5967/spec-5967-56063-0439.fits
5967/spec-5967-56063-0440.fits
5967/spec-5967-56063-0441.fits
5967/spec-5967-56063-0442.fits
5967/spec-5967-56063-0443.fits
5967/spec-5967-56063-0444.fits
5967/spec-5967-56063-0445.fits
5967/spec-5967-56063-0446.fits
5967/spec-5967-56063-0447.fits
5967/spec-5967-56063-0448.fits
5967/spec-5967-56063-0449.fits
5967/spec-5967-56063-0450.fits
5967/spec-5967-56063-0451.fits
5967/spec-5967-56063-0452.fits
5967/spec-5967-56063-0453.fits
5967/spec-5967-56063-0454.fits
5967/spec-5967-56063-0455.fits
5967/spec-5967-56063-0456.fits
5967/spec-5967-56063-0457.fits
5967/spec-5967-56063-0458.fits
5967/spec-5967-56063-0459.fits
5967/spec-5967-56063-0460.fits
5967/spec-5967-56063-0461.fits
5967/spec-5967-56063-0462.fits
5967/spec-5967-56063-0463.fits
5967/spec-5967-56063-0464.fits
5967/spec-5967-56063-0465.fits
5967/spec-5967-56063-0466.fits
5967/spec-5967-56063-0467.fits
5967/spec-5967-56063-0468.fits
5967/spec-5967-56063-0469.fits
5967/spec-5967-56063-0470.fits
5967/spec-5967-56063-0471.fits
5967/spec-5967-56063-0472.fits
5967/spec-5967-56063-0473.fits
5967/spec-5967-56063-0474.fits
5967/spec-5967-56063-0475.fits
5967/spec-5967-56063-0476.fits
5967/spec-5967-56063-0477.fits
5967/spec-5967-56063-0478.fits
5967/spec-5967-56063-0479.fits
5967/spec-5967-56063-0480.fits
5967/spec-5967-56063-0481.fits
5967/spec-5967-56063-0482.fits
5967/spec-5967-56063-0483.fits
5967/spec-5967-56063-0484.fits
5967/spec-5967-56063-0485.fits
5967/spec-5967-56063-0486.fits
5967/spec-5967-56063-0487.fits
5967/spec-5967-56063-0488.fits
5967/spec-5967-56063-0489.fits
5967/spec-5967-56063-0490.fits
5967/spec-5967-56063-0491.fits
5967/spec-5967-56063-0492.fits
5967/spec-5967-56063-0493.fits
5967/spec-5967-56063-0494.fits
5967/spec-5967-56063-0495.fits
5967/spec-5967-56063-0496.fits
5967/spec-5967-56063-0497.fits
5967/spec-5967-56063-0498.fits
5967/spec-5967-56063-0499.fits
5967/spec-5967-56063-0500.fits
5967/spec-5967-56063-0501.fits
5967/spec-5967-56063-0502.fits
5967/spec-5967-56063-0503.fits
5967/spec-5967-56063-0504.fits
5967/spec-5967-56063-0505.fits
5967/spec-5967-56063-0506.fits
5967/spec-5967-56063-0507.fits
5967/spec-5967-56063-0508.fits
5967/spec-5967-56063-0509.fits
5967/spec-5967-56063-0510.fits
5967/spec-5967-56063-0511.fits
5967/spec-5967-56063-0512.fits
5967/spec-5967-56063-0513.fits
5967/spec-5967-56063-0514.fits
5967/spec-5967-56063-0515.fits
5967/spec-5967-56063-0516.fits
5967/spec-5967-56063-0517.fits
5967/spec-5967-56063-0518.fits
5967/spec-5967-56063-0519.fits
5967/spec-5967-56063-0520.fits
5967/spec-5967-56063-0521.fits
5967/spec-5967-56063-0522.fits
5967/spec-5967-56063-0523.fits
5967/spec-5967-56063-0524.fits
5967/spec-5967-56063-0525.fits
5967/spec-5967-56063-0526.fits
5967/spec-5967-56063-0527.fits
5967/spec-5967-56063-0528.fits
5967/spec-5967-56063-0529.fits
5967/spec-5967-56063-0530.fits
5967/spec-5967-56063-0531.fits
5967/spec-5967-56063-0532.fits
5967/spec-5967-56063-0533.fits
5967/spec-5967-56063-0534.fits
5967/spec-5967-56063-0535.fits
5967/spec-5967-56063-0536.fits
5967/spec-5967-56063-0537.fits
5967/spec-5967-56063-0538.fits
5967/spec-5967-56063-0539.fits
5967/spec-5967-56063-0540.fits
5967/spec-5967-56063-0541.fits
5967/spec-5967-56063-0542.fits
5967/spec-5967-56063-0543.fits
5967/spec-5967-56063-0544.fits
5967/spec-5967-56063-0545.fits
5967/spec-5967-56063-0546.fits
5967/spec-5967-56063-0547.fits
5967/spec-5967-56063-0548.fits
5967/spec-5967-56063-0549.fits
5967/spec-5967-56063-0550.fits
5967/spec-5967-56063-0551.fits
5967/spec-5967-56063-0552.fits
5967/spec-5967-56063-0553.fits
5967/spec-5967-56063-0554.fits
5967/spec-5967-56063-0555.fits
5967/spec-5967-56063-0556.fits
5967/spec-5967-56063-0557.fits
5967/spec-5967-56063-0558.fits
5967/spec-5967-56063-0559.fits
5967/spec-5967-56063-0560.fits
5967/spec-5967-56063-0561.fits
5967/spec-5967-56063-0562.fits
5967/spec-5967-56063-0563.fits
5967/spec-5967-56063-0564.fits
5967/spec-5967-56063-0565.fits
5967/spec-5967-56063-0566.fits
5967/spec-5967-56063-0567.fits
5967/spec-5967-56063-0568.fits
5967/spec-5967-56063-0569.fits
5967/spec-5967-56063-0570.fits
5967/spec-5967-56063-0571.fits
5967/spec-5967-56063-0572.fits
5967/spec-5967-56063-0573.fits
5967/spec-5967-56063-0574.fits
5967/spec-5967-56063-0575.fits
5967/spec-5967-56063-0576.fits
5967/spec-5967-56063-0577.fits
5967/spec-5967-56063-0578.fits
5967/spec-5967-56063-0579.fits
5967/spec-5967-56063-0580.fits
5967/spec-5967-56063-0581.fits
5967/spec-5967-56063-0582.fits
5967/spec-5967-56063-0583.fits
5967/spec-5967-56063-0584.fits
5967/spec-5967-56063-0585.fits
5967/spec-5967-56063-0586.fits
5967/spec-5967-56063-0587.fits
5967/spec-5967-56063-0588.fits
5967/spec-5967-56063-0589.fits
5967/spec-5967-56063-0590.fits
5967/spec-5967-56063-0591.fits
5967/spec-5967-56063-0592.fits
5967/spec-5967-56063-0593.fits
5967/spec-5967-56063-0594.fits
5967/spec-5967-56063-0595.fits
5967/spec-5967-56063-0596.fits
5967/spec-5967-56063-0597.fits
5967/spec-5967-56063-0598.fits
5967/spec-5967-56063-0599.fits
5967/spec-5967-56063-0600.fits
5967/spec-5967-56063-0601.fits
5967/spec-5967-56063-0602.fits
5967/spec-5967-56063-0603.fits
5967/spec-5967-56063-0604.fits
5967/spec-5967-56063-0605.fits
5967/spec-5967-56063-0606.fits
5967/spec-5967-56063-0607.fits
5967/spec-5967-56063-0608.fits
5967/spec-5967-56063-0609.fits
5967/spec-5967-56063-0610.fits
5967/spec-5967-56063-0611.fits
5967/spec-5967-56063-0612.fits
5967/spec-5967-56063-0613.fits
5967/spec-5967-56063-0614.fits
5967/spec-5967-56063-0615.fits
5967/spec-5967-56063-0616.fits
5967/spec-5967-56063-0617.fits
5967/spec-5967-56063-0618.fits
5967/spec-5967-56063-0619.fits
5967/spec-5967-56063-0620.fits
5967/spec-5967-56063-0621.fits
5967/spec-5967-56063-0622.fits
5967/spec-5967-56063-0623.fits
5967/spec-5967-56063-0624.fits
5967/spec-5967-56063-0625.fits
5967/spec-5967-56063-0626.fits
5967/spec-5967-56063-0627.fits
5967/spec-5967-56063-0628.fits
5967/spec-5967-56063-0629.fits
5967/spec-5967-56063-0630.fits
5967/spec-5967-56063-0631.fits
5967/spec-5967-56063-0632.fits
5967/spec-5967-56063-0633.fits
5967/spec-5967-56063-0634.fits
5967/spec-5967-56063-0635.fits
5967/spec-5967-56063-0636.fits
5967/spec-5967-56063-0637.fits
5967/spec-5967-56063-0638.fits
5967/spec-5967-56063-0639.fits
5967/spec-5967-56063-0640.fits
5967/spec-5967-56063-0641.fits
5967/spec-5967-56063-0642.fits
5967/spec-5967-56063-0643.fits
5967/spec-5967-56063-0644.fits
5967/spec-5967-56063-0645.fits
5967/spec-5967-56063-0646.fits
5967/spec-5967-56063-0647.fits
5967/spec-5967-56063-0648.fits
5967/spec-5967-56063-0649.fits
5967/spec-5967-56063-0650.fits
5967/spec-5967-56063-0651.fits
5967/spec-5967-56063-0652.fits
5967/spec-5967-56063-0653.fits
5967/spec-5967-56063-0654.fits
5967/spec-5967-56063-0655.fits
5967/spec-5967-56063-0656.fits
5967/spec-5967-56063-0657.fits
5967/spec-5967-56063-0658.fits
5967/spec-5967-56063-0659.fits
5967/spec-5967-56063-0660.fits
5967/spec-5967-56063-0661.fits
5967/spec-5967-56063-0662.fits
5967/spec-5967-56063-0663.fits
5967/spec-5967-56063-0664.fits
5967/spec-5967-56063-0665.fits
5967/spec-5967-56063-0666.fits
5967/spec-5967-56063-0667.fits
5967/spec-5967-56063-0668.fits
5967/spec-5967-56063-0669.fits
5967/spec-5967-56063-0670.fits
5967/spec-5967-56063-0671.fits
5967/spec-5967-56063-0672.fits
5967/spec-5967-56063-0673.fits
5967/spec-5967-56063-0674.fits
5967/spec-5967-56063-0675.fits
5967/spec-5967-56063-0676.fits
5967/spec-5967-56063-0677.fits
5967/spec-5967-56063-0678.fits
5967/spec-5967-56063-0679.fits
5967/spec-5967-56063-0680.fits
5967/spec-5967-56063-0681.fits
5967/spec-5967-56063-0682.fits
5967/spec-5967-56063-0683.fits
5967/spec-5967-56063-0684.fits
5967/spec-5967-56063-0685.fits
5967/spec-5967-56063-0686.fits
5967/spec-5967-56063-0687.fits
5967/spec-5967-56063-0688.fits
5967/spec-5967-56063-0689.fits
5967/spec-5967-56063-0690.fits
5967/spec-5967-56063-0691.fits
5967/spec-5967-56063-0692.fits
5967/spec-5967-56063-0693.fits
5967/spec-5967-56063-0694.fits
5967/spec-5967-56063-0695.fits
5967/spec-5967-56063-0696.fits
5967/spec-5967-56063-0697.fits
5967/spec-5967-56063-0698.fits
5967/spec-5967-56063-0699.fits
5967/spec-5967-56063-0700.fits
5967/spec-5967-56063-0701.fits
5967/spec-5967-56063-0702.fits
5967/spec-5967-56063-0703.fits
5967/spec-5967-56063-0704.fits
5967/spec-5967-56063-0705.fits
5967/spec-5967-56063-0706.fits
5967/spec-5967-56063-0707.fits
5967/spec-5967-56063-0708.fits
5967/spec-5967-56063-0709.fits
5967/spec-5967-56063-0710.fits
5967/spec-5967-56063-0711.fits
5967/spec-5967-56063-0712.fits
5967/spec-5967-56063-0713.fits
5967/spec-5967-56063-0714.fits
5967/spec-5967-56063-0715.fits
5967/spec-5967-56063-0716.fits
5967/spec-5967-56063-0717.fits
5967/spec-5967-56063-0718.fits
5967/spec-5967-56063-0719.fits
5967/spec-5967-56063-0720.fits
5967/spec-5967-56063-0721.fits
5967/spec-5967-56063-0722.fits
5967/spec-5967-56063-0723.fits
5967/spec-5967-56063-0724.fits
5967/spec-5967-56063-0725.fits
5967/spec-5967-56063-0726.fits
5967/spec-5967-56063-0727.fits
5967/spec-5967-56063-0728.fits
5967/spec-5967-56063-0729.fits
5967/spec-5967-56063-0730.fits
5967/spec-5967-56063-0731.fits
5967/spec-5967-56063-0732.fits
5967/spec-5967-56063-0733.fits
5967/spec-5967-56063-0734.fits
5967/spec-5967-56063-0735.fits
5967/spec-5967-56063-0736.fits
5967/spec-5967-56063-0737.fits
5967/spec-5967-56063-0738.fits
5967/spec-5967-56063-0739.fits
5967/spec-5967-56063-0740.fits
5967/spec-5967-56063-0741.fits
5967/spec-5967-56063-0742.fits
5967/spec-5967-56063-0743.fits
5967/spec-5967-56063-0744.fits
5967/spec-5967-56063-0745.fits
5967/spec-5967-56063-0746.fits
5967/spec-5967-56063-0747.fits
5967/spec-5967-56063-0748.fits
5967/spec-5967-56063-0749.fits
5967/spec-5967-56063-0750.fits
5967/spec-5967-56063-0751.fits
5967/spec-5967-56063-0752.fits
5967/spec-5967-56063-0753.fits
5967/spec-5967-56063-0754.fits
5967/spec-5967-56063-0755.fits
5967/spec-5967-56063-0756.fits
5967/spec-5967-56063-0757.fits
5967/spec-5967-56063-0758.fits
5967/spec-5967-56063-0759.fits
5967/spec-5967-56063-0760.fits
5967/spec-5967-56063-0761.fits
5967/spec-5967-56063-0762.fits
5967/spec-5967-56063-0763.fits
5967/spec-5967-56063-0764.fits
5967/spec-5967-56063-0765.fits
5967/spec-5967-56063-0766.fits
5967/spec-5967-56063-0767.fits
5967/spec-5967-56063-0768.fits
5967/spec-5967-56063-0769.fits
5967/spec-5967-56063-0770.fits
5967/spec-5967-56063-0771.fits
5967/spec-5967-56063-0772.fits
5967/spec-5967-56063-0773.fits
5967/spec-5967-56063-0774.fits
5967/spec-5967-56063-0775.fits
5967/spec-5967-56063-0776.fits
5967/spec-5967-56063-0777.fits
5967/spec-5967-56063-0778.fits
5967/spec-5967-56063-0779.fits
5967/spec-5967-56063-0780.fits
5967/spec-5967-56063-0781.fits
5967/spec-5967-56063-0782.fits
5967/spec-5967-56063-0783.fits
5967/spec-5967-56063-0784.fits
5967/spec-5967-56063-0785.fits
5967/spec-5967-56063-0786.fits
5967/spec-5967-56063-0787.fits
5967/spec-5967-56063-0788.fits
5967/spec-5967-56063-0789.fits
5967/spec-5967-56063-0790.fits
5967/spec-5967-56063-0791.fits
5967/spec-5967-56063-0792.fits
5967/spec-5967-56063-0793.fits
5967/spec-5967-56063-0794.fits
5967/spec-5967-56063-0795.fits
5967/spec-5967-56063-0796.fits
5967/spec-5967-56063-0797.fits
5967/spec-5967-56063-0798.fits
5967/spec-5967-56063-0799.fits
5967/spec-5967-56063-0800.fits
5967/spec-5967-56063-0801.fits
5967/spec-5967-56063-0802.fits
5967/spec-5967-56063-0803.fits
5967/spec-5967-56063-0804.fits
5967/spec-5967-56063-0805.fits
5967/spec-5967-56063-0806.fits
5967/spec-5967-56063-0807.fits
5967/spec-5967-56063-0808.fits
5967/spec-5967-56063-0809.fits
5967/spec-5967-56063-0810.fits
5967/spec-5967-56063-0811.fits
5967/spec-5967-56063-0812.fits
5967/spec-5967-56063-0813.fits
5967/spec-5967-56063-0814.fits
5967/spec-5967-56063-0815.fits
5967/spec-5967-56063-0816.fits
5967/spec-5967-56063-0817.fits
5967/spec-5967-56063-0818.fits
5967/spec-5967-56063-0819.fits
5967/spec-5967-56063-0820.fits
5967/spec-5967-56063-0821.fits
5967/spec-5967-56063-0822.fits
5967/spec-5967-56063-0823.fits
5967/spec-5967-56063-0824.fits
5967/spec-5967-56063-0825.fits
5967/spec-5967-56063-0826.fits
5967/spec-5967-56063-0827.fits
5967/spec-5967-56063-0828.fits
5967/spec-5967-56063-0829.fits
5967/spec-5967-56063-0830.fits
5967/spec-5967-56063-0831.fits
5967/spec-5967-56063-0832.fits
5967/spec-5967-56063-0833.fits
5967/spec-5967-56063-0834.fits
5967/spec-5967-56063-0835.fits
5967/spec-5967-56063-0836.fits
5967/spec-5967-56063-0837.fits
5967/spec-5967-56063-0838.fits
5967/spec-5967-56063-0839.fits
5967/spec-5967-56063-0840.fits
5967/spec-5967-56063-0841.fits
5967/spec-5967-56063-0842.fits
5967/spec-5967-56063-0843.fits
5967/spec-5967-56063-0844.fits
5967/spec-5967-56063-0845.fits
5967/spec-5967-56063-0846.fits
5967/spec-5967-56063-0847.fits
5967/spec-5967-56063-0848.fits
5967/spec-5967-56063-0849.fits
5967/spec-5967-56063-0850.fits
5967/spec-5967-56063-0851.fits
5967/spec-5967-56063-0852.fits
5967/spec-5967-56063-0853.fits
5967/spec-5967-56063-0854.fits
5967/spec-5967-56063-0855.fits
5967/spec-5967-56063-0856.fits
5967/spec-5967-56063-0857.fits
5967/spec-5967-56063-0858.fits
5967/spec-5967-56063-0859.fits
5967/spec-5967-56063-0860.fits
5967/spec-5967-56063-0861.fits
5967/spec-5967-56063-0862.fits
5967/spec-5967-56063-0863.fits
5967/spec-5967-56063-0864.fits
5967/spec-5967-56063-0865.fits
5967/spec-5967-56063-0866.fits
5967/spec-5967-56063-0867.fits
5967/spec-5967-56063-0868.fits
5967/spec-5967-56063-0869.fits
5967/spec-5967-56063-0870.fits
5967/spec-5967-56063-0871.fits
5967/spec-5967-56063-0872.fits
5967/spec-5967-56063-0873.fits
5967/spec-5967-56063-0874.fits
5967/spec-5967-56063-0875.fits
5967/spec-5967-56063-0876.fits
5967/spec-5967-56063-0877.fits
5967/spec-5967-56063-0878.fits
5967/spec-5967-56063-0879.fits
5967/spec-5967-56063-0880.fits
5967/spec-5967-56063-0881.fits
5967/spec-5967-56063-0882.fits
5967/spec-5967-56063-0883.fits
5967/spec-5967-56063-0884.fits
5967/spec-5967-56063-0885.fits
5967/spec-5967-56063-0886.fits
5967/spec-5967-56063-0887.fits
5967/spec-5967-56063-0888.fits
5967/spec-5967-56063-0889.fits
5967/spec-5967-56063-0890.fits
5967/spec-5967-56063-0891.fits
5967/spec-5967-56063-0892.fits
5967/spec-5967-56063-0893.fits
5967/spec-5967-56063-0894.fits
5967/spec-5967-56063-0895.fits
5967/spec-5967-56063-0896.fits
5967/spec-5967-56063-0897.fits
5967/spec-5967-56063-0898.fits
5967/spec-5967-56063-0899.fits
5967/spec-5967-56063-0900.fits
5967/spec-5967-56063-0901.fits
5967/spec-5967-56063-0902.fits
5967/spec-5967-56063-0903.fits
5967/spec-5967-56063-0904.fits
5967/spec-5967-56063-0905.fits
5967/spec-5967-56063-0906.fits
5967/spec-5967-56063-0907.fits
5967/spec-5967-56063-0908.fits
5967/spec-5967-56063-0909.fits
5967/spec-5967-56063-0910.fits
5967/spec-5967-56063-0911.fits
5967/spec-5967-56063-0912.fits
5967/spec-5967-56063-0913.fits
5967/spec-5967-56063-0914.fits
5967/spec-5967-56063-0915.fits
5967/spec-5967-56063-0916.fits
5967/spec-5967-56063-0917.fits
5967/spec-5967-56063-0918.fits
5967/spec-5967-56063-0919.fits
5967/spec-5967-56063-0920.fits
5967/spec-5967-56063-0921.fits
5967/spec-5967-56063-0922.fits
5967/spec-5967-56063-0923.fits
5967/spec-5967-56063-0924.fits
5967/spec-5967-56063-0925.fits
5967/spec-5967-56063-0926.fits
5967/spec-5967-56063-0927.fits
5967/spec-5967-56063-0928.fits
5967/spec-5967-56063-0929.fits
5967/spec-5967-56063-0930.fits
5967/spec-5967-56063-0931.fits
5967/spec-5967-56063-0932.fits
5967/spec-5967-56063-0933.fits
5967/spec-5967-56063-0934.fits
5967/spec-5967-56063-0935.fits
5967/spec-5967-56063-0936.fits
5967/spec-5967-56063-0937.fits
5967/spec-5967-56063-0938.fits
5967/spec-5967-56063-0939.fits
5967/spec-5967-56063-0940.fits
5967/spec-5967-56063-0941.fits
5967/spec-5967-56063-0942.fits
5967/spec-5967-56063-0943.fits
5967/spec-5967-56063-0944.fits
5967/spec-5967-56063-0945.fits
5967/spec-5967-56063-0946.fits
5967/spec-5967-56063-0947.fits
5967/spec-5967-56063-0948.fits
5967/spec-5967-56063-0949.fits
5967/spec-5967-56063-0950.fits
5967/spec-5967-56063-0951.fits
5967/spec-5967-56063-0952.fits
5967/spec-5967-56063-0953.fits
5967/spec-5967-56063-0954.fits
5967/spec-5967-56063-0955.fits
5967/spec-5967-56063-0956.fits
5967/spec-5967-56063-0957.fits
5967/spec-5967-56063-0958.fits
5967/spec-5967-56063-0959.fits
5967/spec-5967-56063-0960.fits
5967/spec-5967-56063-0961.fits
5967/spec-5967-56063-0962.fits
5967/spec-5967-56063-0963.fits
5967/spec-5967-56063-0964.fits
5967/spec-5967-56063-0965.fits
5967/spec-5967-56063-0966.fits
5967/spec-5967-56063-0967.fits
5967/spec-5967-56063-0968.fits
5967/spec-5967-56063-0969.fits
5967/spec-5967-56063-0970.fits
5967/spec-5967-56063-0971.fits
5967/spec-5967-56063-0972.fits
5967/spec-5967-56063-0973.fits
5967/spec-5967-56063-0974.fits
5967/spec-5967-56063-0975.fits
5967/spec-5967-56063-0976.fits
5967/spec-5967-56063-0977.fits
5967/spec-5967-56063-0978.fits
5967/spec-5967-56063-0979.fits
5967/spec-5967-56063-0980.fits
5967/spec-5967-56063-0981.fits
5967/spec-5967-56063-0982.fits
5967/spec-5967-56063-0983.fits
5967/spec-5967-56063-0984.fits
5967/spec-5967-56063-0985.fits
5967/spec-5967-56063-0986.fits
5967/spec-5967-56063-0987.fits
5967/spec-5967-56063-0988.fits
5967/spec-5967-56063-0989.fits
5967/spec-5967-56063-0990.fits
5967/spec-5967-56063-0991.fits
5967/spec-5967-56063-0992.fits
5967/spec-5967-56063-0993.fits
5967/spec-5967-56063-0994.fits
5967/spec-5967-56063-0995.fits
5967/spec-5967-56063-0996.fits
5967/spec-5967-56063-0997.fits
5967/spec-5967-56063-0998.fits
5967/spec-5967-56063-0999.fits
5967/spec-5967-56063-1000.fits
/var/lib/condor/execute/slot1/dir_59471
5967 5967.tgz R R361.tar.gz _condor_stderr _condor_stdout cB58_Lyman_break.fit condor_exec.exe hw4.R packages packages.tar.gz tmp var
[1] "Loaded package astro."
[1] 1000
5967 5967.csv 5967.tgz R R361.tar.gz _condor_stderr _condor_stdout cB58_Lyman_break.fit condor_exec.exe hw4.R packages packages.tar.gz tmp var
