5972
5972/
5972/spec-5972-56334-0001.fits
5972/spec-5972-56334-0002.fits
5972/spec-5972-56334-0003.fits
5972/spec-5972-56334-0004.fits
5972/spec-5972-56334-0005.fits
5972/spec-5972-56334-0006.fits
5972/spec-5972-56334-0007.fits
5972/spec-5972-56334-0008.fits
5972/spec-5972-56334-0009.fits
5972/spec-5972-56334-0010.fits
5972/spec-5972-56334-0011.fits
5972/spec-5972-56334-0012.fits
5972/spec-5972-56334-0013.fits
5972/spec-5972-56334-0014.fits
5972/spec-5972-56334-0015.fits
5972/spec-5972-56334-0016.fits
5972/spec-5972-56334-0017.fits
5972/spec-5972-56334-0018.fits
5972/spec-5972-56334-0019.fits
5972/spec-5972-56334-0020.fits
5972/spec-5972-56334-0021.fits
5972/spec-5972-56334-0022.fits
5972/spec-5972-56334-0023.fits
5972/spec-5972-56334-0024.fits
5972/spec-5972-56334-0025.fits
5972/spec-5972-56334-0026.fits
5972/spec-5972-56334-0027.fits
5972/spec-5972-56334-0028.fits
5972/spec-5972-56334-0029.fits
5972/spec-5972-56334-0030.fits
5972/spec-5972-56334-0031.fits
5972/spec-5972-56334-0032.fits
5972/spec-5972-56334-0033.fits
5972/spec-5972-56334-0034.fits
5972/spec-5972-56334-0035.fits
5972/spec-5972-56334-0036.fits
5972/spec-5972-56334-0037.fits
5972/spec-5972-56334-0038.fits
5972/spec-5972-56334-0039.fits
5972/spec-5972-56334-0040.fits
5972/spec-5972-56334-0041.fits
5972/spec-5972-56334-0042.fits
5972/spec-5972-56334-0043.fits
5972/spec-5972-56334-0044.fits
5972/spec-5972-56334-0045.fits
5972/spec-5972-56334-0046.fits
5972/spec-5972-56334-0047.fits
5972/spec-5972-56334-0048.fits
5972/spec-5972-56334-0049.fits
5972/spec-5972-56334-0050.fits
5972/spec-5972-56334-0051.fits
5972/spec-5972-56334-0052.fits
5972/spec-5972-56334-0053.fits
5972/spec-5972-56334-0054.fits
5972/spec-5972-56334-0055.fits
5972/spec-5972-56334-0056.fits
5972/spec-5972-56334-0057.fits
5972/spec-5972-56334-0058.fits
5972/spec-5972-56334-0059.fits
5972/spec-5972-56334-0060.fits
5972/spec-5972-56334-0061.fits
5972/spec-5972-56334-0062.fits
5972/spec-5972-56334-0063.fits
5972/spec-5972-56334-0064.fits
5972/spec-5972-56334-0065.fits
5972/spec-5972-56334-0066.fits
5972/spec-5972-56334-0067.fits
5972/spec-5972-56334-0068.fits
5972/spec-5972-56334-0069.fits
5972/spec-5972-56334-0070.fits
5972/spec-5972-56334-0071.fits
5972/spec-5972-56334-0072.fits
5972/spec-5972-56334-0073.fits
5972/spec-5972-56334-0074.fits
5972/spec-5972-56334-0075.fits
5972/spec-5972-56334-0076.fits
5972/spec-5972-56334-0077.fits
5972/spec-5972-56334-0078.fits
5972/spec-5972-56334-0079.fits
5972/spec-5972-56334-0080.fits
5972/spec-5972-56334-0081.fits
5972/spec-5972-56334-0082.fits
5972/spec-5972-56334-0083.fits
5972/spec-5972-56334-0084.fits
5972/spec-5972-56334-0085.fits
5972/spec-5972-56334-0086.fits
5972/spec-5972-56334-0087.fits
5972/spec-5972-56334-0088.fits
5972/spec-5972-56334-0089.fits
5972/spec-5972-56334-0090.fits
5972/spec-5972-56334-0091.fits
5972/spec-5972-56334-0092.fits
5972/spec-5972-56334-0093.fits
5972/spec-5972-56334-0094.fits
5972/spec-5972-56334-0095.fits
5972/spec-5972-56334-0096.fits
5972/spec-5972-56334-0097.fits
5972/spec-5972-56334-0098.fits
5972/spec-5972-56334-0099.fits
5972/spec-5972-56334-0100.fits
5972/spec-5972-56334-0101.fits
5972/spec-5972-56334-0102.fits
5972/spec-5972-56334-0103.fits
5972/spec-5972-56334-0104.fits
5972/spec-5972-56334-0105.fits
5972/spec-5972-56334-0106.fits
5972/spec-5972-56334-0107.fits
5972/spec-5972-56334-0108.fits
5972/spec-5972-56334-0109.fits
5972/spec-5972-56334-0110.fits
5972/spec-5972-56334-0111.fits
5972/spec-5972-56334-0112.fits
5972/spec-5972-56334-0113.fits
5972/spec-5972-56334-0114.fits
5972/spec-5972-56334-0115.fits
5972/spec-5972-56334-0116.fits
5972/spec-5972-56334-0117.fits
5972/spec-5972-56334-0118.fits
5972/spec-5972-56334-0119.fits
5972/spec-5972-56334-0120.fits
5972/spec-5972-56334-0121.fits
5972/spec-5972-56334-0122.fits
5972/spec-5972-56334-0123.fits
5972/spec-5972-56334-0124.fits
5972/spec-5972-56334-0125.fits
5972/spec-5972-56334-0126.fits
5972/spec-5972-56334-0127.fits
5972/spec-5972-56334-0128.fits
5972/spec-5972-56334-0129.fits
5972/spec-5972-56334-0130.fits
5972/spec-5972-56334-0131.fits
5972/spec-5972-56334-0132.fits
5972/spec-5972-56334-0133.fits
5972/spec-5972-56334-0134.fits
5972/spec-5972-56334-0135.fits
5972/spec-5972-56334-0136.fits
5972/spec-5972-56334-0137.fits
5972/spec-5972-56334-0138.fits
5972/spec-5972-56334-0139.fits
5972/spec-5972-56334-0140.fits
5972/spec-5972-56334-0141.fits
5972/spec-5972-56334-0142.fits
5972/spec-5972-56334-0143.fits
5972/spec-5972-56334-0144.fits
5972/spec-5972-56334-0145.fits
5972/spec-5972-56334-0146.fits
5972/spec-5972-56334-0147.fits
5972/spec-5972-56334-0148.fits
5972/spec-5972-56334-0149.fits
5972/spec-5972-56334-0150.fits
5972/spec-5972-56334-0151.fits
5972/spec-5972-56334-0152.fits
5972/spec-5972-56334-0153.fits
5972/spec-5972-56334-0154.fits
5972/spec-5972-56334-0155.fits
5972/spec-5972-56334-0156.fits
5972/spec-5972-56334-0157.fits
5972/spec-5972-56334-0158.fits
5972/spec-5972-56334-0159.fits
5972/spec-5972-56334-0160.fits
5972/spec-5972-56334-0161.fits
5972/spec-5972-56334-0162.fits
5972/spec-5972-56334-0163.fits
5972/spec-5972-56334-0164.fits
5972/spec-5972-56334-0165.fits
5972/spec-5972-56334-0166.fits
5972/spec-5972-56334-0167.fits
5972/spec-5972-56334-0168.fits
5972/spec-5972-56334-0169.fits
5972/spec-5972-56334-0170.fits
5972/spec-5972-56334-0171.fits
5972/spec-5972-56334-0172.fits
5972/spec-5972-56334-0173.fits
5972/spec-5972-56334-0174.fits
5972/spec-5972-56334-0175.fits
5972/spec-5972-56334-0176.fits
5972/spec-5972-56334-0177.fits
5972/spec-5972-56334-0178.fits
5972/spec-5972-56334-0179.fits
5972/spec-5972-56334-0180.fits
5972/spec-5972-56334-0181.fits
5972/spec-5972-56334-0182.fits
5972/spec-5972-56334-0183.fits
5972/spec-5972-56334-0184.fits
5972/spec-5972-56334-0185.fits
5972/spec-5972-56334-0186.fits
5972/spec-5972-56334-0187.fits
5972/spec-5972-56334-0188.fits
5972/spec-5972-56334-0189.fits
5972/spec-5972-56334-0190.fits
5972/spec-5972-56334-0191.fits
5972/spec-5972-56334-0192.fits
5972/spec-5972-56334-0193.fits
5972/spec-5972-56334-0194.fits
5972/spec-5972-56334-0195.fits
5972/spec-5972-56334-0196.fits
5972/spec-5972-56334-0197.fits
5972/spec-5972-56334-0198.fits
5972/spec-5972-56334-0199.fits
5972/spec-5972-56334-0200.fits
5972/spec-5972-56334-0201.fits
5972/spec-5972-56334-0202.fits
5972/spec-5972-56334-0203.fits
5972/spec-5972-56334-0204.fits
5972/spec-5972-56334-0205.fits
5972/spec-5972-56334-0206.fits
5972/spec-5972-56334-0207.fits
5972/spec-5972-56334-0208.fits
5972/spec-5972-56334-0209.fits
5972/spec-5972-56334-0210.fits
5972/spec-5972-56334-0211.fits
5972/spec-5972-56334-0212.fits
5972/spec-5972-56334-0213.fits
5972/spec-5972-56334-0214.fits
5972/spec-5972-56334-0215.fits
5972/spec-5972-56334-0216.fits
5972/spec-5972-56334-0217.fits
5972/spec-5972-56334-0218.fits
5972/spec-5972-56334-0219.fits
5972/spec-5972-56334-0220.fits
5972/spec-5972-56334-0221.fits
5972/spec-5972-56334-0222.fits
5972/spec-5972-56334-0223.fits
5972/spec-5972-56334-0224.fits
5972/spec-5972-56334-0225.fits
5972/spec-5972-56334-0226.fits
5972/spec-5972-56334-0227.fits
5972/spec-5972-56334-0228.fits
5972/spec-5972-56334-0229.fits
5972/spec-5972-56334-0230.fits
5972/spec-5972-56334-0231.fits
5972/spec-5972-56334-0232.fits
5972/spec-5972-56334-0233.fits
5972/spec-5972-56334-0234.fits
5972/spec-5972-56334-0235.fits
5972/spec-5972-56334-0236.fits
5972/spec-5972-56334-0237.fits
5972/spec-5972-56334-0238.fits
5972/spec-5972-56334-0239.fits
5972/spec-5972-56334-0240.fits
5972/spec-5972-56334-0241.fits
5972/spec-5972-56334-0242.fits
5972/spec-5972-56334-0243.fits
5972/spec-5972-56334-0244.fits
5972/spec-5972-56334-0245.fits
5972/spec-5972-56334-0246.fits
5972/spec-5972-56334-0247.fits
5972/spec-5972-56334-0248.fits
5972/spec-5972-56334-0249.fits
5972/spec-5972-56334-0250.fits
5972/spec-5972-56334-0251.fits
5972/spec-5972-56334-0252.fits
5972/spec-5972-56334-0253.fits
5972/spec-5972-56334-0254.fits
5972/spec-5972-56334-0255.fits
5972/spec-5972-56334-0256.fits
5972/spec-5972-56334-0257.fits
5972/spec-5972-56334-0258.fits
5972/spec-5972-56334-0259.fits
5972/spec-5972-56334-0260.fits
5972/spec-5972-56334-0261.fits
5972/spec-5972-56334-0262.fits
5972/spec-5972-56334-0263.fits
5972/spec-5972-56334-0264.fits
5972/spec-5972-56334-0265.fits
5972/spec-5972-56334-0266.fits
5972/spec-5972-56334-0267.fits
5972/spec-5972-56334-0268.fits
5972/spec-5972-56334-0269.fits
5972/spec-5972-56334-0270.fits
5972/spec-5972-56334-0271.fits
5972/spec-5972-56334-0272.fits
5972/spec-5972-56334-0273.fits
5972/spec-5972-56334-0274.fits
5972/spec-5972-56334-0275.fits
5972/spec-5972-56334-0276.fits
5972/spec-5972-56334-0277.fits
5972/spec-5972-56334-0278.fits
5972/spec-5972-56334-0279.fits
5972/spec-5972-56334-0280.fits
5972/spec-5972-56334-0281.fits
5972/spec-5972-56334-0282.fits
5972/spec-5972-56334-0283.fits
5972/spec-5972-56334-0284.fits
5972/spec-5972-56334-0285.fits
5972/spec-5972-56334-0286.fits
5972/spec-5972-56334-0287.fits
5972/spec-5972-56334-0288.fits
5972/spec-5972-56334-0289.fits
5972/spec-5972-56334-0290.fits
5972/spec-5972-56334-0291.fits
5972/spec-5972-56334-0292.fits
5972/spec-5972-56334-0293.fits
5972/spec-5972-56334-0294.fits
5972/spec-5972-56334-0295.fits
5972/spec-5972-56334-0296.fits
5972/spec-5972-56334-0297.fits
5972/spec-5972-56334-0298.fits
5972/spec-5972-56334-0299.fits
5972/spec-5972-56334-0300.fits
5972/spec-5972-56334-0301.fits
5972/spec-5972-56334-0302.fits
5972/spec-5972-56334-0303.fits
5972/spec-5972-56334-0304.fits
5972/spec-5972-56334-0305.fits
5972/spec-5972-56334-0306.fits
5972/spec-5972-56334-0307.fits
5972/spec-5972-56334-0308.fits
5972/spec-5972-56334-0309.fits
5972/spec-5972-56334-0310.fits
5972/spec-5972-56334-0311.fits
5972/spec-5972-56334-0312.fits
5972/spec-5972-56334-0313.fits
5972/spec-5972-56334-0314.fits
5972/spec-5972-56334-0315.fits
5972/spec-5972-56334-0316.fits
5972/spec-5972-56334-0317.fits
5972/spec-5972-56334-0318.fits
5972/spec-5972-56334-0319.fits
5972/spec-5972-56334-0320.fits
5972/spec-5972-56334-0321.fits
5972/spec-5972-56334-0322.fits
5972/spec-5972-56334-0323.fits
5972/spec-5972-56334-0324.fits
5972/spec-5972-56334-0325.fits
5972/spec-5972-56334-0326.fits
5972/spec-5972-56334-0327.fits
5972/spec-5972-56334-0328.fits
5972/spec-5972-56334-0329.fits
5972/spec-5972-56334-0330.fits
5972/spec-5972-56334-0331.fits
5972/spec-5972-56334-0332.fits
5972/spec-5972-56334-0333.fits
5972/spec-5972-56334-0334.fits
5972/spec-5972-56334-0335.fits
5972/spec-5972-56334-0336.fits
5972/spec-5972-56334-0337.fits
5972/spec-5972-56334-0338.fits
5972/spec-5972-56334-0339.fits
5972/spec-5972-56334-0340.fits
5972/spec-5972-56334-0341.fits
5972/spec-5972-56334-0342.fits
5972/spec-5972-56334-0343.fits
5972/spec-5972-56334-0344.fits
5972/spec-5972-56334-0345.fits
5972/spec-5972-56334-0346.fits
5972/spec-5972-56334-0347.fits
5972/spec-5972-56334-0348.fits
5972/spec-5972-56334-0349.fits
5972/spec-5972-56334-0350.fits
5972/spec-5972-56334-0351.fits
5972/spec-5972-56334-0352.fits
5972/spec-5972-56334-0353.fits
5972/spec-5972-56334-0354.fits
5972/spec-5972-56334-0355.fits
5972/spec-5972-56334-0356.fits
5972/spec-5972-56334-0357.fits
5972/spec-5972-56334-0358.fits
5972/spec-5972-56334-0359.fits
5972/spec-5972-56334-0360.fits
5972/spec-5972-56334-0361.fits
5972/spec-5972-56334-0362.fits
5972/spec-5972-56334-0363.fits
5972/spec-5972-56334-0364.fits
5972/spec-5972-56334-0365.fits
5972/spec-5972-56334-0366.fits
5972/spec-5972-56334-0367.fits
5972/spec-5972-56334-0368.fits
5972/spec-5972-56334-0369.fits
5972/spec-5972-56334-0370.fits
5972/spec-5972-56334-0371.fits
5972/spec-5972-56334-0372.fits
5972/spec-5972-56334-0373.fits
5972/spec-5972-56334-0374.fits
5972/spec-5972-56334-0375.fits
5972/spec-5972-56334-0376.fits
5972/spec-5972-56334-0377.fits
5972/spec-5972-56334-0378.fits
5972/spec-5972-56334-0379.fits
5972/spec-5972-56334-0380.fits
5972/spec-5972-56334-0381.fits
5972/spec-5972-56334-0382.fits
5972/spec-5972-56334-0383.fits
5972/spec-5972-56334-0384.fits
5972/spec-5972-56334-0385.fits
5972/spec-5972-56334-0386.fits
5972/spec-5972-56334-0387.fits
5972/spec-5972-56334-0388.fits
5972/spec-5972-56334-0389.fits
5972/spec-5972-56334-0390.fits
5972/spec-5972-56334-0391.fits
5972/spec-5972-56334-0392.fits
5972/spec-5972-56334-0393.fits
5972/spec-5972-56334-0394.fits
5972/spec-5972-56334-0395.fits
5972/spec-5972-56334-0396.fits
5972/spec-5972-56334-0397.fits
5972/spec-5972-56334-0398.fits
5972/spec-5972-56334-0399.fits
5972/spec-5972-56334-0400.fits
5972/spec-5972-56334-0401.fits
5972/spec-5972-56334-0402.fits
5972/spec-5972-56334-0403.fits
5972/spec-5972-56334-0404.fits
5972/spec-5972-56334-0405.fits
5972/spec-5972-56334-0406.fits
5972/spec-5972-56334-0407.fits
5972/spec-5972-56334-0408.fits
5972/spec-5972-56334-0409.fits
5972/spec-5972-56334-0410.fits
5972/spec-5972-56334-0411.fits
5972/spec-5972-56334-0412.fits
5972/spec-5972-56334-0413.fits
5972/spec-5972-56334-0414.fits
5972/spec-5972-56334-0415.fits
5972/spec-5972-56334-0416.fits
5972/spec-5972-56334-0417.fits
5972/spec-5972-56334-0418.fits
5972/spec-5972-56334-0419.fits
5972/spec-5972-56334-0420.fits
5972/spec-5972-56334-0421.fits
5972/spec-5972-56334-0422.fits
5972/spec-5972-56334-0423.fits
5972/spec-5972-56334-0424.fits
5972/spec-5972-56334-0425.fits
5972/spec-5972-56334-0426.fits
5972/spec-5972-56334-0427.fits
5972/spec-5972-56334-0428.fits
5972/spec-5972-56334-0429.fits
5972/spec-5972-56334-0430.fits
5972/spec-5972-56334-0431.fits
5972/spec-5972-56334-0432.fits
5972/spec-5972-56334-0433.fits
5972/spec-5972-56334-0434.fits
5972/spec-5972-56334-0435.fits
5972/spec-5972-56334-0436.fits
5972/spec-5972-56334-0437.fits
5972/spec-5972-56334-0438.fits
5972/spec-5972-56334-0439.fits
5972/spec-5972-56334-0440.fits
5972/spec-5972-56334-0441.fits
5972/spec-5972-56334-0442.fits
5972/spec-5972-56334-0443.fits
5972/spec-5972-56334-0444.fits
5972/spec-5972-56334-0445.fits
5972/spec-5972-56334-0446.fits
5972/spec-5972-56334-0447.fits
5972/spec-5972-56334-0448.fits
5972/spec-5972-56334-0449.fits
5972/spec-5972-56334-0450.fits
5972/spec-5972-56334-0451.fits
5972/spec-5972-56334-0452.fits
5972/spec-5972-56334-0453.fits
5972/spec-5972-56334-0454.fits
5972/spec-5972-56334-0455.fits
5972/spec-5972-56334-0456.fits
5972/spec-5972-56334-0457.fits
5972/spec-5972-56334-0458.fits
5972/spec-5972-56334-0459.fits
5972/spec-5972-56334-0460.fits
5972/spec-5972-56334-0461.fits
5972/spec-5972-56334-0462.fits
5972/spec-5972-56334-0463.fits
5972/spec-5972-56334-0464.fits
5972/spec-5972-56334-0465.fits
5972/spec-5972-56334-0466.fits
5972/spec-5972-56334-0467.fits
5972/spec-5972-56334-0468.fits
5972/spec-5972-56334-0469.fits
5972/spec-5972-56334-0470.fits
5972/spec-5972-56334-0471.fits
5972/spec-5972-56334-0472.fits
5972/spec-5972-56334-0473.fits
5972/spec-5972-56334-0474.fits
5972/spec-5972-56334-0475.fits
5972/spec-5972-56334-0476.fits
5972/spec-5972-56334-0477.fits
5972/spec-5972-56334-0478.fits
5972/spec-5972-56334-0479.fits
5972/spec-5972-56334-0480.fits
5972/spec-5972-56334-0481.fits
5972/spec-5972-56334-0482.fits
5972/spec-5972-56334-0483.fits
5972/spec-5972-56334-0484.fits
5972/spec-5972-56334-0485.fits
5972/spec-5972-56334-0486.fits
5972/spec-5972-56334-0487.fits
5972/spec-5972-56334-0488.fits
5972/spec-5972-56334-0489.fits
5972/spec-5972-56334-0490.fits
5972/spec-5972-56334-0491.fits
5972/spec-5972-56334-0492.fits
5972/spec-5972-56334-0493.fits
5972/spec-5972-56334-0494.fits
5972/spec-5972-56334-0495.fits
5972/spec-5972-56334-0496.fits
5972/spec-5972-56334-0497.fits
5972/spec-5972-56334-0498.fits
5972/spec-5972-56334-0499.fits
5972/spec-5972-56334-0500.fits
5972/spec-5972-56334-0501.fits
5972/spec-5972-56334-0502.fits
5972/spec-5972-56334-0503.fits
5972/spec-5972-56334-0504.fits
5972/spec-5972-56334-0505.fits
5972/spec-5972-56334-0506.fits
5972/spec-5972-56334-0507.fits
5972/spec-5972-56334-0508.fits
5972/spec-5972-56334-0509.fits
5972/spec-5972-56334-0510.fits
5972/spec-5972-56334-0511.fits
5972/spec-5972-56334-0512.fits
5972/spec-5972-56334-0513.fits
5972/spec-5972-56334-0514.fits
5972/spec-5972-56334-0515.fits
5972/spec-5972-56334-0516.fits
5972/spec-5972-56334-0517.fits
5972/spec-5972-56334-0518.fits
5972/spec-5972-56334-0519.fits
5972/spec-5972-56334-0520.fits
5972/spec-5972-56334-0521.fits
5972/spec-5972-56334-0522.fits
5972/spec-5972-56334-0523.fits
5972/spec-5972-56334-0524.fits
5972/spec-5972-56334-0525.fits
5972/spec-5972-56334-0526.fits
5972/spec-5972-56334-0527.fits
5972/spec-5972-56334-0528.fits
5972/spec-5972-56334-0529.fits
5972/spec-5972-56334-0530.fits
5972/spec-5972-56334-0531.fits
5972/spec-5972-56334-0532.fits
5972/spec-5972-56334-0533.fits
5972/spec-5972-56334-0534.fits
5972/spec-5972-56334-0535.fits
5972/spec-5972-56334-0536.fits
5972/spec-5972-56334-0537.fits
5972/spec-5972-56334-0538.fits
5972/spec-5972-56334-0539.fits
5972/spec-5972-56334-0540.fits
5972/spec-5972-56334-0541.fits
5972/spec-5972-56334-0542.fits
5972/spec-5972-56334-0543.fits
5972/spec-5972-56334-0544.fits
5972/spec-5972-56334-0545.fits
5972/spec-5972-56334-0546.fits
5972/spec-5972-56334-0547.fits
5972/spec-5972-56334-0548.fits
5972/spec-5972-56334-0549.fits
5972/spec-5972-56334-0550.fits
5972/spec-5972-56334-0551.fits
5972/spec-5972-56334-0552.fits
5972/spec-5972-56334-0553.fits
5972/spec-5972-56334-0554.fits
5972/spec-5972-56334-0555.fits
5972/spec-5972-56334-0556.fits
5972/spec-5972-56334-0557.fits
5972/spec-5972-56334-0558.fits
5972/spec-5972-56334-0559.fits
5972/spec-5972-56334-0560.fits
5972/spec-5972-56334-0561.fits
5972/spec-5972-56334-0562.fits
5972/spec-5972-56334-0563.fits
5972/spec-5972-56334-0564.fits
5972/spec-5972-56334-0565.fits
5972/spec-5972-56334-0566.fits
5972/spec-5972-56334-0567.fits
5972/spec-5972-56334-0568.fits
5972/spec-5972-56334-0569.fits
5972/spec-5972-56334-0570.fits
5972/spec-5972-56334-0571.fits
5972/spec-5972-56334-0572.fits
5972/spec-5972-56334-0573.fits
5972/spec-5972-56334-0574.fits
5972/spec-5972-56334-0575.fits
5972/spec-5972-56334-0576.fits
5972/spec-5972-56334-0577.fits
5972/spec-5972-56334-0578.fits
5972/spec-5972-56334-0579.fits
5972/spec-5972-56334-0580.fits
5972/spec-5972-56334-0581.fits
5972/spec-5972-56334-0582.fits
5972/spec-5972-56334-0583.fits
5972/spec-5972-56334-0584.fits
5972/spec-5972-56334-0585.fits
5972/spec-5972-56334-0586.fits
5972/spec-5972-56334-0587.fits
5972/spec-5972-56334-0588.fits
5972/spec-5972-56334-0589.fits
5972/spec-5972-56334-0590.fits
5972/spec-5972-56334-0591.fits
5972/spec-5972-56334-0592.fits
5972/spec-5972-56334-0593.fits
5972/spec-5972-56334-0594.fits
5972/spec-5972-56334-0595.fits
5972/spec-5972-56334-0596.fits
5972/spec-5972-56334-0597.fits
5972/spec-5972-56334-0598.fits
5972/spec-5972-56334-0599.fits
5972/spec-5972-56334-0600.fits
5972/spec-5972-56334-0601.fits
5972/spec-5972-56334-0602.fits
5972/spec-5972-56334-0603.fits
5972/spec-5972-56334-0604.fits
5972/spec-5972-56334-0605.fits
5972/spec-5972-56334-0606.fits
5972/spec-5972-56334-0607.fits
5972/spec-5972-56334-0608.fits
5972/spec-5972-56334-0609.fits
5972/spec-5972-56334-0610.fits
5972/spec-5972-56334-0611.fits
5972/spec-5972-56334-0612.fits
5972/spec-5972-56334-0613.fits
5972/spec-5972-56334-0614.fits
5972/spec-5972-56334-0615.fits
5972/spec-5972-56334-0616.fits
5972/spec-5972-56334-0617.fits
5972/spec-5972-56334-0618.fits
5972/spec-5972-56334-0619.fits
5972/spec-5972-56334-0620.fits
5972/spec-5972-56334-0621.fits
5972/spec-5972-56334-0622.fits
5972/spec-5972-56334-0623.fits
5972/spec-5972-56334-0624.fits
5972/spec-5972-56334-0625.fits
5972/spec-5972-56334-0626.fits
5972/spec-5972-56334-0627.fits
5972/spec-5972-56334-0628.fits
5972/spec-5972-56334-0629.fits
5972/spec-5972-56334-0630.fits
5972/spec-5972-56334-0631.fits
5972/spec-5972-56334-0632.fits
5972/spec-5972-56334-0633.fits
5972/spec-5972-56334-0634.fits
5972/spec-5972-56334-0635.fits
5972/spec-5972-56334-0636.fits
5972/spec-5972-56334-0637.fits
5972/spec-5972-56334-0638.fits
5972/spec-5972-56334-0639.fits
5972/spec-5972-56334-0640.fits
5972/spec-5972-56334-0641.fits
5972/spec-5972-56334-0642.fits
5972/spec-5972-56334-0643.fits
5972/spec-5972-56334-0644.fits
5972/spec-5972-56334-0645.fits
5972/spec-5972-56334-0646.fits
5972/spec-5972-56334-0647.fits
5972/spec-5972-56334-0648.fits
5972/spec-5972-56334-0649.fits
5972/spec-5972-56334-0650.fits
5972/spec-5972-56334-0651.fits
5972/spec-5972-56334-0652.fits
5972/spec-5972-56334-0653.fits
5972/spec-5972-56334-0654.fits
5972/spec-5972-56334-0655.fits
5972/spec-5972-56334-0656.fits
5972/spec-5972-56334-0657.fits
5972/spec-5972-56334-0658.fits
5972/spec-5972-56334-0659.fits
5972/spec-5972-56334-0660.fits
5972/spec-5972-56334-0661.fits
5972/spec-5972-56334-0662.fits
5972/spec-5972-56334-0663.fits
5972/spec-5972-56334-0664.fits
5972/spec-5972-56334-0665.fits
5972/spec-5972-56334-0666.fits
5972/spec-5972-56334-0667.fits
5972/spec-5972-56334-0668.fits
5972/spec-5972-56334-0669.fits
5972/spec-5972-56334-0670.fits
5972/spec-5972-56334-0671.fits
5972/spec-5972-56334-0672.fits
5972/spec-5972-56334-0673.fits
5972/spec-5972-56334-0674.fits
5972/spec-5972-56334-0675.fits
5972/spec-5972-56334-0676.fits
5972/spec-5972-56334-0677.fits
5972/spec-5972-56334-0678.fits
5972/spec-5972-56334-0679.fits
5972/spec-5972-56334-0680.fits
5972/spec-5972-56334-0681.fits
5972/spec-5972-56334-0682.fits
5972/spec-5972-56334-0683.fits
5972/spec-5972-56334-0684.fits
5972/spec-5972-56334-0685.fits
5972/spec-5972-56334-0686.fits
5972/spec-5972-56334-0687.fits
5972/spec-5972-56334-0688.fits
5972/spec-5972-56334-0689.fits
5972/spec-5972-56334-0690.fits
5972/spec-5972-56334-0691.fits
5972/spec-5972-56334-0692.fits
5972/spec-5972-56334-0693.fits
5972/spec-5972-56334-0694.fits
5972/spec-5972-56334-0695.fits
5972/spec-5972-56334-0696.fits
5972/spec-5972-56334-0697.fits
5972/spec-5972-56334-0698.fits
5972/spec-5972-56334-0699.fits
5972/spec-5972-56334-0700.fits
5972/spec-5972-56334-0701.fits
5972/spec-5972-56334-0702.fits
5972/spec-5972-56334-0703.fits
5972/spec-5972-56334-0704.fits
5972/spec-5972-56334-0705.fits
5972/spec-5972-56334-0706.fits
5972/spec-5972-56334-0707.fits
5972/spec-5972-56334-0708.fits
5972/spec-5972-56334-0709.fits
5972/spec-5972-56334-0710.fits
5972/spec-5972-56334-0711.fits
5972/spec-5972-56334-0712.fits
5972/spec-5972-56334-0713.fits
5972/spec-5972-56334-0714.fits
5972/spec-5972-56334-0715.fits
5972/spec-5972-56334-0716.fits
5972/spec-5972-56334-0717.fits
5972/spec-5972-56334-0718.fits
5972/spec-5972-56334-0719.fits
5972/spec-5972-56334-0720.fits
5972/spec-5972-56334-0721.fits
5972/spec-5972-56334-0722.fits
5972/spec-5972-56334-0723.fits
5972/spec-5972-56334-0724.fits
5972/spec-5972-56334-0725.fits
5972/spec-5972-56334-0726.fits
5972/spec-5972-56334-0727.fits
5972/spec-5972-56334-0728.fits
5972/spec-5972-56334-0729.fits
5972/spec-5972-56334-0730.fits
5972/spec-5972-56334-0731.fits
5972/spec-5972-56334-0732.fits
5972/spec-5972-56334-0733.fits
5972/spec-5972-56334-0734.fits
5972/spec-5972-56334-0735.fits
5972/spec-5972-56334-0736.fits
5972/spec-5972-56334-0737.fits
5972/spec-5972-56334-0738.fits
5972/spec-5972-56334-0739.fits
5972/spec-5972-56334-0740.fits
5972/spec-5972-56334-0741.fits
5972/spec-5972-56334-0742.fits
5972/spec-5972-56334-0743.fits
5972/spec-5972-56334-0744.fits
5972/spec-5972-56334-0745.fits
5972/spec-5972-56334-0746.fits
5972/spec-5972-56334-0747.fits
5972/spec-5972-56334-0748.fits
5972/spec-5972-56334-0749.fits
5972/spec-5972-56334-0750.fits
5972/spec-5972-56334-0751.fits
5972/spec-5972-56334-0752.fits
5972/spec-5972-56334-0753.fits
5972/spec-5972-56334-0754.fits
5972/spec-5972-56334-0755.fits
5972/spec-5972-56334-0756.fits
5972/spec-5972-56334-0757.fits
5972/spec-5972-56334-0758.fits
5972/spec-5972-56334-0759.fits
5972/spec-5972-56334-0760.fits
5972/spec-5972-56334-0761.fits
5972/spec-5972-56334-0762.fits
5972/spec-5972-56334-0763.fits
5972/spec-5972-56334-0764.fits
5972/spec-5972-56334-0765.fits
5972/spec-5972-56334-0766.fits
5972/spec-5972-56334-0767.fits
5972/spec-5972-56334-0768.fits
5972/spec-5972-56334-0769.fits
5972/spec-5972-56334-0770.fits
5972/spec-5972-56334-0771.fits
5972/spec-5972-56334-0772.fits
5972/spec-5972-56334-0773.fits
5972/spec-5972-56334-0774.fits
5972/spec-5972-56334-0775.fits
5972/spec-5972-56334-0776.fits
5972/spec-5972-56334-0777.fits
5972/spec-5972-56334-0778.fits
5972/spec-5972-56334-0779.fits
5972/spec-5972-56334-0780.fits
5972/spec-5972-56334-0781.fits
5972/spec-5972-56334-0782.fits
5972/spec-5972-56334-0783.fits
5972/spec-5972-56334-0784.fits
5972/spec-5972-56334-0785.fits
5972/spec-5972-56334-0786.fits
5972/spec-5972-56334-0787.fits
5972/spec-5972-56334-0788.fits
5972/spec-5972-56334-0789.fits
5972/spec-5972-56334-0790.fits
5972/spec-5972-56334-0791.fits
5972/spec-5972-56334-0792.fits
5972/spec-5972-56334-0793.fits
5972/spec-5972-56334-0794.fits
5972/spec-5972-56334-0795.fits
5972/spec-5972-56334-0796.fits
5972/spec-5972-56334-0797.fits
5972/spec-5972-56334-0798.fits
5972/spec-5972-56334-0799.fits
5972/spec-5972-56334-0800.fits
5972/spec-5972-56334-0801.fits
5972/spec-5972-56334-0802.fits
5972/spec-5972-56334-0803.fits
5972/spec-5972-56334-0804.fits
5972/spec-5972-56334-0805.fits
5972/spec-5972-56334-0806.fits
5972/spec-5972-56334-0807.fits
5972/spec-5972-56334-0808.fits
5972/spec-5972-56334-0809.fits
5972/spec-5972-56334-0810.fits
5972/spec-5972-56334-0811.fits
5972/spec-5972-56334-0812.fits
5972/spec-5972-56334-0813.fits
5972/spec-5972-56334-0814.fits
5972/spec-5972-56334-0815.fits
5972/spec-5972-56334-0816.fits
5972/spec-5972-56334-0817.fits
5972/spec-5972-56334-0818.fits
5972/spec-5972-56334-0819.fits
5972/spec-5972-56334-0820.fits
5972/spec-5972-56334-0821.fits
5972/spec-5972-56334-0822.fits
5972/spec-5972-56334-0823.fits
5972/spec-5972-56334-0824.fits
5972/spec-5972-56334-0825.fits
5972/spec-5972-56334-0826.fits
5972/spec-5972-56334-0827.fits
5972/spec-5972-56334-0828.fits
5972/spec-5972-56334-0829.fits
5972/spec-5972-56334-0830.fits
5972/spec-5972-56334-0831.fits
5972/spec-5972-56334-0832.fits
5972/spec-5972-56334-0833.fits
5972/spec-5972-56334-0834.fits
5972/spec-5972-56334-0835.fits
5972/spec-5972-56334-0836.fits
5972/spec-5972-56334-0837.fits
5972/spec-5972-56334-0838.fits
5972/spec-5972-56334-0839.fits
5972/spec-5972-56334-0840.fits
5972/spec-5972-56334-0841.fits
5972/spec-5972-56334-0842.fits
5972/spec-5972-56334-0843.fits
5972/spec-5972-56334-0844.fits
5972/spec-5972-56334-0845.fits
5972/spec-5972-56334-0846.fits
5972/spec-5972-56334-0847.fits
5972/spec-5972-56334-0848.fits
5972/spec-5972-56334-0849.fits
5972/spec-5972-56334-0850.fits
5972/spec-5972-56334-0851.fits
5972/spec-5972-56334-0852.fits
5972/spec-5972-56334-0853.fits
5972/spec-5972-56334-0854.fits
5972/spec-5972-56334-0855.fits
5972/spec-5972-56334-0856.fits
5972/spec-5972-56334-0857.fits
5972/spec-5972-56334-0858.fits
5972/spec-5972-56334-0859.fits
5972/spec-5972-56334-0860.fits
5972/spec-5972-56334-0861.fits
5972/spec-5972-56334-0862.fits
5972/spec-5972-56334-0863.fits
5972/spec-5972-56334-0864.fits
5972/spec-5972-56334-0865.fits
5972/spec-5972-56334-0866.fits
5972/spec-5972-56334-0867.fits
5972/spec-5972-56334-0868.fits
5972/spec-5972-56334-0869.fits
5972/spec-5972-56334-0870.fits
5972/spec-5972-56334-0871.fits
5972/spec-5972-56334-0872.fits
5972/spec-5972-56334-0873.fits
5972/spec-5972-56334-0874.fits
5972/spec-5972-56334-0875.fits
5972/spec-5972-56334-0876.fits
5972/spec-5972-56334-0877.fits
5972/spec-5972-56334-0878.fits
5972/spec-5972-56334-0879.fits
5972/spec-5972-56334-0880.fits
5972/spec-5972-56334-0881.fits
5972/spec-5972-56334-0882.fits
5972/spec-5972-56334-0883.fits
5972/spec-5972-56334-0884.fits
5972/spec-5972-56334-0885.fits
5972/spec-5972-56334-0886.fits
5972/spec-5972-56334-0887.fits
5972/spec-5972-56334-0888.fits
5972/spec-5972-56334-0889.fits
5972/spec-5972-56334-0890.fits
5972/spec-5972-56334-0891.fits
5972/spec-5972-56334-0892.fits
5972/spec-5972-56334-0893.fits
5972/spec-5972-56334-0894.fits
5972/spec-5972-56334-0895.fits
5972/spec-5972-56334-0896.fits
5972/spec-5972-56334-0897.fits
5972/spec-5972-56334-0898.fits
5972/spec-5972-56334-0899.fits
5972/spec-5972-56334-0900.fits
5972/spec-5972-56334-0901.fits
5972/spec-5972-56334-0902.fits
5972/spec-5972-56334-0903.fits
5972/spec-5972-56334-0904.fits
5972/spec-5972-56334-0905.fits
5972/spec-5972-56334-0906.fits
5972/spec-5972-56334-0907.fits
5972/spec-5972-56334-0908.fits
5972/spec-5972-56334-0909.fits
5972/spec-5972-56334-0910.fits
5972/spec-5972-56334-0911.fits
5972/spec-5972-56334-0912.fits
5972/spec-5972-56334-0913.fits
5972/spec-5972-56334-0914.fits
5972/spec-5972-56334-0915.fits
5972/spec-5972-56334-0916.fits
5972/spec-5972-56334-0917.fits
5972/spec-5972-56334-0918.fits
5972/spec-5972-56334-0919.fits
5972/spec-5972-56334-0920.fits
5972/spec-5972-56334-0921.fits
5972/spec-5972-56334-0922.fits
5972/spec-5972-56334-0923.fits
5972/spec-5972-56334-0924.fits
5972/spec-5972-56334-0925.fits
5972/spec-5972-56334-0926.fits
5972/spec-5972-56334-0927.fits
5972/spec-5972-56334-0928.fits
5972/spec-5972-56334-0929.fits
5972/spec-5972-56334-0930.fits
5972/spec-5972-56334-0931.fits
5972/spec-5972-56334-0932.fits
5972/spec-5972-56334-0933.fits
5972/spec-5972-56334-0934.fits
5972/spec-5972-56334-0935.fits
5972/spec-5972-56334-0936.fits
5972/spec-5972-56334-0937.fits
5972/spec-5972-56334-0938.fits
5972/spec-5972-56334-0939.fits
5972/spec-5972-56334-0940.fits
5972/spec-5972-56334-0941.fits
5972/spec-5972-56334-0942.fits
5972/spec-5972-56334-0943.fits
5972/spec-5972-56334-0944.fits
5972/spec-5972-56334-0945.fits
5972/spec-5972-56334-0946.fits
5972/spec-5972-56334-0947.fits
5972/spec-5972-56334-0948.fits
5972/spec-5972-56334-0949.fits
5972/spec-5972-56334-0950.fits
5972/spec-5972-56334-0951.fits
5972/spec-5972-56334-0952.fits
5972/spec-5972-56334-0953.fits
5972/spec-5972-56334-0954.fits
5972/spec-5972-56334-0955.fits
5972/spec-5972-56334-0956.fits
5972/spec-5972-56334-0957.fits
5972/spec-5972-56334-0958.fits
5972/spec-5972-56334-0959.fits
5972/spec-5972-56334-0960.fits
5972/spec-5972-56334-0961.fits
5972/spec-5972-56334-0962.fits
5972/spec-5972-56334-0963.fits
5972/spec-5972-56334-0964.fits
5972/spec-5972-56334-0965.fits
5972/spec-5972-56334-0966.fits
5972/spec-5972-56334-0967.fits
5972/spec-5972-56334-0968.fits
5972/spec-5972-56334-0969.fits
5972/spec-5972-56334-0970.fits
5972/spec-5972-56334-0971.fits
5972/spec-5972-56334-0972.fits
5972/spec-5972-56334-0973.fits
5972/spec-5972-56334-0974.fits
5972/spec-5972-56334-0975.fits
5972/spec-5972-56334-0976.fits
5972/spec-5972-56334-0977.fits
5972/spec-5972-56334-0978.fits
5972/spec-5972-56334-0979.fits
5972/spec-5972-56334-0980.fits
5972/spec-5972-56334-0981.fits
5972/spec-5972-56334-0982.fits
5972/spec-5972-56334-0983.fits
5972/spec-5972-56334-0984.fits
5972/spec-5972-56334-0985.fits
5972/spec-5972-56334-0986.fits
5972/spec-5972-56334-0987.fits
5972/spec-5972-56334-0988.fits
5972/spec-5972-56334-0989.fits
5972/spec-5972-56334-0990.fits
5972/spec-5972-56334-0991.fits
5972/spec-5972-56334-0992.fits
5972/spec-5972-56334-0993.fits
5972/spec-5972-56334-0994.fits
5972/spec-5972-56334-0995.fits
5972/spec-5972-56334-0996.fits
5972/spec-5972-56334-0997.fits
5972/spec-5972-56334-0998.fits
5972/spec-5972-56334-0999.fits
5972/spec-5972-56334-1000.fits
/var/lib/condor/execute/slot1/dir_29243
5972 5972.tgz R R361.tar.gz _condor_stderr _condor_stdout cB58_Lyman_break.fit condor_exec.exe hw4.R packages packages.tar.gz tmp var
[1] "Loaded package astro."
[1] 1000
5972 5972.csv 5972.tgz R R361.tar.gz _condor_stderr _condor_stdout cB58_Lyman_break.fit condor_exec.exe hw4.R packages packages.tar.gz tmp var
