5974
5974/
5974/spec-5974-56314-0001.fits
5974/spec-5974-56314-0002.fits
5974/spec-5974-56314-0003.fits
5974/spec-5974-56314-0004.fits
5974/spec-5974-56314-0005.fits
5974/spec-5974-56314-0006.fits
5974/spec-5974-56314-0007.fits
5974/spec-5974-56314-0008.fits
5974/spec-5974-56314-0009.fits
5974/spec-5974-56314-0010.fits
5974/spec-5974-56314-0011.fits
5974/spec-5974-56314-0012.fits
5974/spec-5974-56314-0013.fits
5974/spec-5974-56314-0014.fits
5974/spec-5974-56314-0015.fits
5974/spec-5974-56314-0016.fits
5974/spec-5974-56314-0017.fits
5974/spec-5974-56314-0018.fits
5974/spec-5974-56314-0019.fits
5974/spec-5974-56314-0020.fits
5974/spec-5974-56314-0021.fits
5974/spec-5974-56314-0022.fits
5974/spec-5974-56314-0023.fits
5974/spec-5974-56314-0024.fits
5974/spec-5974-56314-0025.fits
5974/spec-5974-56314-0026.fits
5974/spec-5974-56314-0027.fits
5974/spec-5974-56314-0028.fits
5974/spec-5974-56314-0029.fits
5974/spec-5974-56314-0030.fits
5974/spec-5974-56314-0031.fits
5974/spec-5974-56314-0032.fits
5974/spec-5974-56314-0033.fits
5974/spec-5974-56314-0034.fits
5974/spec-5974-56314-0035.fits
5974/spec-5974-56314-0036.fits
5974/spec-5974-56314-0037.fits
5974/spec-5974-56314-0038.fits
5974/spec-5974-56314-0039.fits
5974/spec-5974-56314-0040.fits
5974/spec-5974-56314-0041.fits
5974/spec-5974-56314-0042.fits
5974/spec-5974-56314-0043.fits
5974/spec-5974-56314-0044.fits
5974/spec-5974-56314-0045.fits
5974/spec-5974-56314-0046.fits
5974/spec-5974-56314-0047.fits
5974/spec-5974-56314-0048.fits
5974/spec-5974-56314-0049.fits
5974/spec-5974-56314-0050.fits
5974/spec-5974-56314-0051.fits
5974/spec-5974-56314-0052.fits
5974/spec-5974-56314-0053.fits
5974/spec-5974-56314-0054.fits
5974/spec-5974-56314-0055.fits
5974/spec-5974-56314-0056.fits
5974/spec-5974-56314-0057.fits
5974/spec-5974-56314-0058.fits
5974/spec-5974-56314-0059.fits
5974/spec-5974-56314-0060.fits
5974/spec-5974-56314-0061.fits
5974/spec-5974-56314-0062.fits
5974/spec-5974-56314-0063.fits
5974/spec-5974-56314-0064.fits
5974/spec-5974-56314-0065.fits
5974/spec-5974-56314-0066.fits
5974/spec-5974-56314-0067.fits
5974/spec-5974-56314-0068.fits
5974/spec-5974-56314-0069.fits
5974/spec-5974-56314-0070.fits
5974/spec-5974-56314-0071.fits
5974/spec-5974-56314-0072.fits
5974/spec-5974-56314-0073.fits
5974/spec-5974-56314-0074.fits
5974/spec-5974-56314-0075.fits
5974/spec-5974-56314-0076.fits
5974/spec-5974-56314-0077.fits
5974/spec-5974-56314-0078.fits
5974/spec-5974-56314-0079.fits
5974/spec-5974-56314-0080.fits
5974/spec-5974-56314-0081.fits
5974/spec-5974-56314-0082.fits
5974/spec-5974-56314-0083.fits
5974/spec-5974-56314-0084.fits
5974/spec-5974-56314-0085.fits
5974/spec-5974-56314-0086.fits
5974/spec-5974-56314-0087.fits
5974/spec-5974-56314-0088.fits
5974/spec-5974-56314-0089.fits
5974/spec-5974-56314-0090.fits
5974/spec-5974-56314-0091.fits
5974/spec-5974-56314-0092.fits
5974/spec-5974-56314-0093.fits
5974/spec-5974-56314-0094.fits
5974/spec-5974-56314-0095.fits
5974/spec-5974-56314-0096.fits
5974/spec-5974-56314-0097.fits
5974/spec-5974-56314-0098.fits
5974/spec-5974-56314-0099.fits
5974/spec-5974-56314-0100.fits
5974/spec-5974-56314-0101.fits
5974/spec-5974-56314-0102.fits
5974/spec-5974-56314-0103.fits
5974/spec-5974-56314-0104.fits
5974/spec-5974-56314-0105.fits
5974/spec-5974-56314-0106.fits
5974/spec-5974-56314-0107.fits
5974/spec-5974-56314-0108.fits
5974/spec-5974-56314-0109.fits
5974/spec-5974-56314-0110.fits
5974/spec-5974-56314-0111.fits
5974/spec-5974-56314-0112.fits
5974/spec-5974-56314-0113.fits
5974/spec-5974-56314-0114.fits
5974/spec-5974-56314-0115.fits
5974/spec-5974-56314-0116.fits
5974/spec-5974-56314-0117.fits
5974/spec-5974-56314-0118.fits
5974/spec-5974-56314-0119.fits
5974/spec-5974-56314-0120.fits
5974/spec-5974-56314-0121.fits
5974/spec-5974-56314-0122.fits
5974/spec-5974-56314-0123.fits
5974/spec-5974-56314-0124.fits
5974/spec-5974-56314-0125.fits
5974/spec-5974-56314-0126.fits
5974/spec-5974-56314-0127.fits
5974/spec-5974-56314-0128.fits
5974/spec-5974-56314-0129.fits
5974/spec-5974-56314-0130.fits
5974/spec-5974-56314-0131.fits
5974/spec-5974-56314-0132.fits
5974/spec-5974-56314-0133.fits
5974/spec-5974-56314-0134.fits
5974/spec-5974-56314-0135.fits
5974/spec-5974-56314-0136.fits
5974/spec-5974-56314-0137.fits
5974/spec-5974-56314-0138.fits
5974/spec-5974-56314-0139.fits
5974/spec-5974-56314-0140.fits
5974/spec-5974-56314-0141.fits
5974/spec-5974-56314-0142.fits
5974/spec-5974-56314-0143.fits
5974/spec-5974-56314-0144.fits
5974/spec-5974-56314-0145.fits
5974/spec-5974-56314-0146.fits
5974/spec-5974-56314-0147.fits
5974/spec-5974-56314-0148.fits
5974/spec-5974-56314-0149.fits
5974/spec-5974-56314-0150.fits
5974/spec-5974-56314-0151.fits
5974/spec-5974-56314-0152.fits
5974/spec-5974-56314-0153.fits
5974/spec-5974-56314-0154.fits
5974/spec-5974-56314-0155.fits
5974/spec-5974-56314-0156.fits
5974/spec-5974-56314-0157.fits
5974/spec-5974-56314-0158.fits
5974/spec-5974-56314-0159.fits
5974/spec-5974-56314-0160.fits
5974/spec-5974-56314-0161.fits
5974/spec-5974-56314-0162.fits
5974/spec-5974-56314-0163.fits
5974/spec-5974-56314-0164.fits
5974/spec-5974-56314-0165.fits
5974/spec-5974-56314-0166.fits
5974/spec-5974-56314-0167.fits
5974/spec-5974-56314-0168.fits
5974/spec-5974-56314-0169.fits
5974/spec-5974-56314-0170.fits
5974/spec-5974-56314-0171.fits
5974/spec-5974-56314-0172.fits
5974/spec-5974-56314-0173.fits
5974/spec-5974-56314-0174.fits
5974/spec-5974-56314-0175.fits
5974/spec-5974-56314-0176.fits
5974/spec-5974-56314-0177.fits
5974/spec-5974-56314-0178.fits
5974/spec-5974-56314-0179.fits
5974/spec-5974-56314-0180.fits
5974/spec-5974-56314-0181.fits
5974/spec-5974-56314-0182.fits
5974/spec-5974-56314-0183.fits
5974/spec-5974-56314-0184.fits
5974/spec-5974-56314-0185.fits
5974/spec-5974-56314-0186.fits
5974/spec-5974-56314-0187.fits
5974/spec-5974-56314-0188.fits
5974/spec-5974-56314-0189.fits
5974/spec-5974-56314-0190.fits
5974/spec-5974-56314-0191.fits
5974/spec-5974-56314-0192.fits
5974/spec-5974-56314-0193.fits
5974/spec-5974-56314-0194.fits
5974/spec-5974-56314-0195.fits
5974/spec-5974-56314-0196.fits
5974/spec-5974-56314-0197.fits
5974/spec-5974-56314-0198.fits
5974/spec-5974-56314-0199.fits
5974/spec-5974-56314-0200.fits
5974/spec-5974-56314-0201.fits
5974/spec-5974-56314-0202.fits
5974/spec-5974-56314-0203.fits
5974/spec-5974-56314-0204.fits
5974/spec-5974-56314-0205.fits
5974/spec-5974-56314-0206.fits
5974/spec-5974-56314-0207.fits
5974/spec-5974-56314-0208.fits
5974/spec-5974-56314-0209.fits
5974/spec-5974-56314-0210.fits
5974/spec-5974-56314-0211.fits
5974/spec-5974-56314-0212.fits
5974/spec-5974-56314-0213.fits
5974/spec-5974-56314-0214.fits
5974/spec-5974-56314-0215.fits
5974/spec-5974-56314-0216.fits
5974/spec-5974-56314-0217.fits
5974/spec-5974-56314-0218.fits
5974/spec-5974-56314-0219.fits
5974/spec-5974-56314-0220.fits
5974/spec-5974-56314-0221.fits
5974/spec-5974-56314-0222.fits
5974/spec-5974-56314-0223.fits
5974/spec-5974-56314-0224.fits
5974/spec-5974-56314-0225.fits
5974/spec-5974-56314-0226.fits
5974/spec-5974-56314-0227.fits
5974/spec-5974-56314-0228.fits
5974/spec-5974-56314-0229.fits
5974/spec-5974-56314-0230.fits
5974/spec-5974-56314-0231.fits
5974/spec-5974-56314-0232.fits
5974/spec-5974-56314-0233.fits
5974/spec-5974-56314-0234.fits
5974/spec-5974-56314-0235.fits
5974/spec-5974-56314-0236.fits
5974/spec-5974-56314-0237.fits
5974/spec-5974-56314-0238.fits
5974/spec-5974-56314-0239.fits
5974/spec-5974-56314-0240.fits
5974/spec-5974-56314-0241.fits
5974/spec-5974-56314-0242.fits
5974/spec-5974-56314-0243.fits
5974/spec-5974-56314-0244.fits
5974/spec-5974-56314-0245.fits
5974/spec-5974-56314-0246.fits
5974/spec-5974-56314-0247.fits
5974/spec-5974-56314-0248.fits
5974/spec-5974-56314-0249.fits
5974/spec-5974-56314-0250.fits
5974/spec-5974-56314-0251.fits
5974/spec-5974-56314-0252.fits
5974/spec-5974-56314-0253.fits
5974/spec-5974-56314-0254.fits
5974/spec-5974-56314-0255.fits
5974/spec-5974-56314-0256.fits
5974/spec-5974-56314-0257.fits
5974/spec-5974-56314-0258.fits
5974/spec-5974-56314-0259.fits
5974/spec-5974-56314-0260.fits
5974/spec-5974-56314-0261.fits
5974/spec-5974-56314-0262.fits
5974/spec-5974-56314-0263.fits
5974/spec-5974-56314-0264.fits
5974/spec-5974-56314-0265.fits
5974/spec-5974-56314-0266.fits
5974/spec-5974-56314-0267.fits
5974/spec-5974-56314-0268.fits
5974/spec-5974-56314-0269.fits
5974/spec-5974-56314-0270.fits
5974/spec-5974-56314-0271.fits
5974/spec-5974-56314-0272.fits
5974/spec-5974-56314-0273.fits
5974/spec-5974-56314-0274.fits
5974/spec-5974-56314-0275.fits
5974/spec-5974-56314-0276.fits
5974/spec-5974-56314-0277.fits
5974/spec-5974-56314-0278.fits
5974/spec-5974-56314-0279.fits
5974/spec-5974-56314-0280.fits
5974/spec-5974-56314-0281.fits
5974/spec-5974-56314-0282.fits
5974/spec-5974-56314-0283.fits
5974/spec-5974-56314-0284.fits
5974/spec-5974-56314-0285.fits
5974/spec-5974-56314-0286.fits
5974/spec-5974-56314-0287.fits
5974/spec-5974-56314-0288.fits
5974/spec-5974-56314-0289.fits
5974/spec-5974-56314-0290.fits
5974/spec-5974-56314-0291.fits
5974/spec-5974-56314-0292.fits
5974/spec-5974-56314-0293.fits
5974/spec-5974-56314-0294.fits
5974/spec-5974-56314-0295.fits
5974/spec-5974-56314-0296.fits
5974/spec-5974-56314-0297.fits
5974/spec-5974-56314-0298.fits
5974/spec-5974-56314-0299.fits
5974/spec-5974-56314-0300.fits
5974/spec-5974-56314-0301.fits
5974/spec-5974-56314-0302.fits
5974/spec-5974-56314-0303.fits
5974/spec-5974-56314-0304.fits
5974/spec-5974-56314-0305.fits
5974/spec-5974-56314-0306.fits
5974/spec-5974-56314-0307.fits
5974/spec-5974-56314-0308.fits
5974/spec-5974-56314-0309.fits
5974/spec-5974-56314-0310.fits
5974/spec-5974-56314-0311.fits
5974/spec-5974-56314-0312.fits
5974/spec-5974-56314-0313.fits
5974/spec-5974-56314-0314.fits
5974/spec-5974-56314-0315.fits
5974/spec-5974-56314-0316.fits
5974/spec-5974-56314-0317.fits
5974/spec-5974-56314-0318.fits
5974/spec-5974-56314-0319.fits
5974/spec-5974-56314-0320.fits
5974/spec-5974-56314-0321.fits
5974/spec-5974-56314-0322.fits
5974/spec-5974-56314-0323.fits
5974/spec-5974-56314-0324.fits
5974/spec-5974-56314-0325.fits
5974/spec-5974-56314-0326.fits
5974/spec-5974-56314-0327.fits
5974/spec-5974-56314-0328.fits
5974/spec-5974-56314-0329.fits
5974/spec-5974-56314-0330.fits
5974/spec-5974-56314-0331.fits
5974/spec-5974-56314-0332.fits
5974/spec-5974-56314-0333.fits
5974/spec-5974-56314-0334.fits
5974/spec-5974-56314-0335.fits
5974/spec-5974-56314-0336.fits
5974/spec-5974-56314-0337.fits
5974/spec-5974-56314-0338.fits
5974/spec-5974-56314-0339.fits
5974/spec-5974-56314-0340.fits
5974/spec-5974-56314-0341.fits
5974/spec-5974-56314-0342.fits
5974/spec-5974-56314-0343.fits
5974/spec-5974-56314-0344.fits
5974/spec-5974-56314-0345.fits
5974/spec-5974-56314-0346.fits
5974/spec-5974-56314-0347.fits
5974/spec-5974-56314-0348.fits
5974/spec-5974-56314-0349.fits
5974/spec-5974-56314-0350.fits
5974/spec-5974-56314-0351.fits
5974/spec-5974-56314-0352.fits
5974/spec-5974-56314-0353.fits
5974/spec-5974-56314-0354.fits
5974/spec-5974-56314-0355.fits
5974/spec-5974-56314-0356.fits
5974/spec-5974-56314-0357.fits
5974/spec-5974-56314-0358.fits
5974/spec-5974-56314-0359.fits
5974/spec-5974-56314-0360.fits
5974/spec-5974-56314-0361.fits
5974/spec-5974-56314-0362.fits
5974/spec-5974-56314-0363.fits
5974/spec-5974-56314-0364.fits
5974/spec-5974-56314-0365.fits
5974/spec-5974-56314-0366.fits
5974/spec-5974-56314-0367.fits
5974/spec-5974-56314-0368.fits
5974/spec-5974-56314-0369.fits
5974/spec-5974-56314-0370.fits
5974/spec-5974-56314-0371.fits
5974/spec-5974-56314-0372.fits
5974/spec-5974-56314-0373.fits
5974/spec-5974-56314-0374.fits
5974/spec-5974-56314-0375.fits
5974/spec-5974-56314-0376.fits
5974/spec-5974-56314-0377.fits
5974/spec-5974-56314-0378.fits
5974/spec-5974-56314-0379.fits
5974/spec-5974-56314-0380.fits
5974/spec-5974-56314-0381.fits
5974/spec-5974-56314-0382.fits
5974/spec-5974-56314-0383.fits
5974/spec-5974-56314-0384.fits
5974/spec-5974-56314-0385.fits
5974/spec-5974-56314-0386.fits
5974/spec-5974-56314-0387.fits
5974/spec-5974-56314-0388.fits
5974/spec-5974-56314-0389.fits
5974/spec-5974-56314-0390.fits
5974/spec-5974-56314-0391.fits
5974/spec-5974-56314-0392.fits
5974/spec-5974-56314-0393.fits
5974/spec-5974-56314-0394.fits
5974/spec-5974-56314-0395.fits
5974/spec-5974-56314-0396.fits
5974/spec-5974-56314-0397.fits
5974/spec-5974-56314-0398.fits
5974/spec-5974-56314-0399.fits
5974/spec-5974-56314-0400.fits
5974/spec-5974-56314-0401.fits
5974/spec-5974-56314-0402.fits
5974/spec-5974-56314-0403.fits
5974/spec-5974-56314-0404.fits
5974/spec-5974-56314-0405.fits
5974/spec-5974-56314-0406.fits
5974/spec-5974-56314-0407.fits
5974/spec-5974-56314-0408.fits
5974/spec-5974-56314-0409.fits
5974/spec-5974-56314-0410.fits
5974/spec-5974-56314-0411.fits
5974/spec-5974-56314-0412.fits
5974/spec-5974-56314-0413.fits
5974/spec-5974-56314-0414.fits
5974/spec-5974-56314-0415.fits
5974/spec-5974-56314-0416.fits
5974/spec-5974-56314-0417.fits
5974/spec-5974-56314-0418.fits
5974/spec-5974-56314-0419.fits
5974/spec-5974-56314-0420.fits
5974/spec-5974-56314-0421.fits
5974/spec-5974-56314-0422.fits
5974/spec-5974-56314-0423.fits
5974/spec-5974-56314-0424.fits
5974/spec-5974-56314-0425.fits
5974/spec-5974-56314-0426.fits
5974/spec-5974-56314-0427.fits
5974/spec-5974-56314-0428.fits
5974/spec-5974-56314-0429.fits
5974/spec-5974-56314-0430.fits
5974/spec-5974-56314-0431.fits
5974/spec-5974-56314-0432.fits
5974/spec-5974-56314-0433.fits
5974/spec-5974-56314-0434.fits
5974/spec-5974-56314-0435.fits
5974/spec-5974-56314-0436.fits
5974/spec-5974-56314-0437.fits
5974/spec-5974-56314-0438.fits
5974/spec-5974-56314-0439.fits
5974/spec-5974-56314-0440.fits
5974/spec-5974-56314-0441.fits
5974/spec-5974-56314-0442.fits
5974/spec-5974-56314-0443.fits
5974/spec-5974-56314-0444.fits
5974/spec-5974-56314-0445.fits
5974/spec-5974-56314-0446.fits
5974/spec-5974-56314-0447.fits
5974/spec-5974-56314-0448.fits
5974/spec-5974-56314-0449.fits
5974/spec-5974-56314-0450.fits
5974/spec-5974-56314-0451.fits
5974/spec-5974-56314-0452.fits
5974/spec-5974-56314-0453.fits
5974/spec-5974-56314-0454.fits
5974/spec-5974-56314-0455.fits
5974/spec-5974-56314-0456.fits
5974/spec-5974-56314-0457.fits
5974/spec-5974-56314-0458.fits
5974/spec-5974-56314-0459.fits
5974/spec-5974-56314-0460.fits
5974/spec-5974-56314-0461.fits
5974/spec-5974-56314-0462.fits
5974/spec-5974-56314-0463.fits
5974/spec-5974-56314-0464.fits
5974/spec-5974-56314-0465.fits
5974/spec-5974-56314-0466.fits
5974/spec-5974-56314-0467.fits
5974/spec-5974-56314-0468.fits
5974/spec-5974-56314-0469.fits
5974/spec-5974-56314-0470.fits
5974/spec-5974-56314-0471.fits
5974/spec-5974-56314-0472.fits
5974/spec-5974-56314-0473.fits
5974/spec-5974-56314-0474.fits
5974/spec-5974-56314-0475.fits
5974/spec-5974-56314-0476.fits
5974/spec-5974-56314-0477.fits
5974/spec-5974-56314-0478.fits
5974/spec-5974-56314-0479.fits
5974/spec-5974-56314-0480.fits
5974/spec-5974-56314-0481.fits
5974/spec-5974-56314-0482.fits
5974/spec-5974-56314-0483.fits
5974/spec-5974-56314-0484.fits
5974/spec-5974-56314-0485.fits
5974/spec-5974-56314-0486.fits
5974/spec-5974-56314-0487.fits
5974/spec-5974-56314-0488.fits
5974/spec-5974-56314-0489.fits
5974/spec-5974-56314-0490.fits
5974/spec-5974-56314-0491.fits
5974/spec-5974-56314-0492.fits
5974/spec-5974-56314-0493.fits
5974/spec-5974-56314-0494.fits
5974/spec-5974-56314-0495.fits
5974/spec-5974-56314-0496.fits
5974/spec-5974-56314-0497.fits
5974/spec-5974-56314-0498.fits
5974/spec-5974-56314-0499.fits
5974/spec-5974-56314-0500.fits
5974/spec-5974-56314-0501.fits
5974/spec-5974-56314-0502.fits
5974/spec-5974-56314-0503.fits
5974/spec-5974-56314-0504.fits
5974/spec-5974-56314-0505.fits
5974/spec-5974-56314-0506.fits
5974/spec-5974-56314-0507.fits
5974/spec-5974-56314-0508.fits
5974/spec-5974-56314-0509.fits
5974/spec-5974-56314-0510.fits
5974/spec-5974-56314-0511.fits
5974/spec-5974-56314-0512.fits
5974/spec-5974-56314-0513.fits
5974/spec-5974-56314-0514.fits
5974/spec-5974-56314-0515.fits
5974/spec-5974-56314-0516.fits
5974/spec-5974-56314-0517.fits
5974/spec-5974-56314-0518.fits
5974/spec-5974-56314-0519.fits
5974/spec-5974-56314-0520.fits
5974/spec-5974-56314-0521.fits
5974/spec-5974-56314-0522.fits
5974/spec-5974-56314-0523.fits
5974/spec-5974-56314-0524.fits
5974/spec-5974-56314-0525.fits
5974/spec-5974-56314-0526.fits
5974/spec-5974-56314-0527.fits
5974/spec-5974-56314-0528.fits
5974/spec-5974-56314-0529.fits
5974/spec-5974-56314-0530.fits
5974/spec-5974-56314-0531.fits
5974/spec-5974-56314-0532.fits
5974/spec-5974-56314-0533.fits
5974/spec-5974-56314-0534.fits
5974/spec-5974-56314-0535.fits
5974/spec-5974-56314-0536.fits
5974/spec-5974-56314-0537.fits
5974/spec-5974-56314-0538.fits
5974/spec-5974-56314-0539.fits
5974/spec-5974-56314-0540.fits
5974/spec-5974-56314-0541.fits
5974/spec-5974-56314-0542.fits
5974/spec-5974-56314-0543.fits
5974/spec-5974-56314-0544.fits
5974/spec-5974-56314-0545.fits
5974/spec-5974-56314-0546.fits
5974/spec-5974-56314-0547.fits
5974/spec-5974-56314-0548.fits
5974/spec-5974-56314-0549.fits
5974/spec-5974-56314-0550.fits
5974/spec-5974-56314-0551.fits
5974/spec-5974-56314-0552.fits
5974/spec-5974-56314-0553.fits
5974/spec-5974-56314-0554.fits
5974/spec-5974-56314-0555.fits
5974/spec-5974-56314-0556.fits
5974/spec-5974-56314-0557.fits
5974/spec-5974-56314-0558.fits
5974/spec-5974-56314-0559.fits
5974/spec-5974-56314-0560.fits
5974/spec-5974-56314-0561.fits
5974/spec-5974-56314-0562.fits
5974/spec-5974-56314-0563.fits
5974/spec-5974-56314-0564.fits
5974/spec-5974-56314-0565.fits
5974/spec-5974-56314-0566.fits
5974/spec-5974-56314-0567.fits
5974/spec-5974-56314-0568.fits
5974/spec-5974-56314-0569.fits
5974/spec-5974-56314-0570.fits
5974/spec-5974-56314-0571.fits
5974/spec-5974-56314-0572.fits
5974/spec-5974-56314-0573.fits
5974/spec-5974-56314-0574.fits
5974/spec-5974-56314-0575.fits
5974/spec-5974-56314-0576.fits
5974/spec-5974-56314-0577.fits
5974/spec-5974-56314-0578.fits
5974/spec-5974-56314-0579.fits
5974/spec-5974-56314-0580.fits
5974/spec-5974-56314-0581.fits
5974/spec-5974-56314-0582.fits
5974/spec-5974-56314-0583.fits
5974/spec-5974-56314-0584.fits
5974/spec-5974-56314-0585.fits
5974/spec-5974-56314-0586.fits
5974/spec-5974-56314-0587.fits
5974/spec-5974-56314-0588.fits
5974/spec-5974-56314-0589.fits
5974/spec-5974-56314-0590.fits
5974/spec-5974-56314-0591.fits
5974/spec-5974-56314-0592.fits
5974/spec-5974-56314-0593.fits
5974/spec-5974-56314-0594.fits
5974/spec-5974-56314-0595.fits
5974/spec-5974-56314-0596.fits
5974/spec-5974-56314-0597.fits
5974/spec-5974-56314-0598.fits
5974/spec-5974-56314-0599.fits
5974/spec-5974-56314-0600.fits
5974/spec-5974-56314-0601.fits
5974/spec-5974-56314-0602.fits
5974/spec-5974-56314-0603.fits
5974/spec-5974-56314-0604.fits
5974/spec-5974-56314-0605.fits
5974/spec-5974-56314-0606.fits
5974/spec-5974-56314-0607.fits
5974/spec-5974-56314-0608.fits
5974/spec-5974-56314-0609.fits
5974/spec-5974-56314-0610.fits
5974/spec-5974-56314-0611.fits
5974/spec-5974-56314-0612.fits
5974/spec-5974-56314-0613.fits
5974/spec-5974-56314-0614.fits
5974/spec-5974-56314-0615.fits
5974/spec-5974-56314-0616.fits
5974/spec-5974-56314-0617.fits
5974/spec-5974-56314-0618.fits
5974/spec-5974-56314-0619.fits
5974/spec-5974-56314-0620.fits
5974/spec-5974-56314-0621.fits
5974/spec-5974-56314-0622.fits
5974/spec-5974-56314-0623.fits
5974/spec-5974-56314-0624.fits
5974/spec-5974-56314-0625.fits
5974/spec-5974-56314-0626.fits
5974/spec-5974-56314-0627.fits
5974/spec-5974-56314-0628.fits
5974/spec-5974-56314-0629.fits
5974/spec-5974-56314-0630.fits
5974/spec-5974-56314-0631.fits
5974/spec-5974-56314-0632.fits
5974/spec-5974-56314-0633.fits
5974/spec-5974-56314-0634.fits
5974/spec-5974-56314-0635.fits
5974/spec-5974-56314-0636.fits
5974/spec-5974-56314-0637.fits
5974/spec-5974-56314-0638.fits
5974/spec-5974-56314-0639.fits
5974/spec-5974-56314-0640.fits
5974/spec-5974-56314-0641.fits
5974/spec-5974-56314-0642.fits
5974/spec-5974-56314-0643.fits
5974/spec-5974-56314-0644.fits
5974/spec-5974-56314-0645.fits
5974/spec-5974-56314-0646.fits
5974/spec-5974-56314-0647.fits
5974/spec-5974-56314-0648.fits
5974/spec-5974-56314-0649.fits
5974/spec-5974-56314-0650.fits
5974/spec-5974-56314-0651.fits
5974/spec-5974-56314-0652.fits
5974/spec-5974-56314-0653.fits
5974/spec-5974-56314-0654.fits
5974/spec-5974-56314-0655.fits
5974/spec-5974-56314-0656.fits
5974/spec-5974-56314-0657.fits
5974/spec-5974-56314-0658.fits
5974/spec-5974-56314-0659.fits
5974/spec-5974-56314-0660.fits
5974/spec-5974-56314-0661.fits
5974/spec-5974-56314-0662.fits
5974/spec-5974-56314-0663.fits
5974/spec-5974-56314-0664.fits
5974/spec-5974-56314-0665.fits
5974/spec-5974-56314-0666.fits
5974/spec-5974-56314-0667.fits
5974/spec-5974-56314-0668.fits
5974/spec-5974-56314-0669.fits
5974/spec-5974-56314-0670.fits
5974/spec-5974-56314-0671.fits
5974/spec-5974-56314-0672.fits
5974/spec-5974-56314-0673.fits
5974/spec-5974-56314-0674.fits
5974/spec-5974-56314-0675.fits
5974/spec-5974-56314-0676.fits
5974/spec-5974-56314-0677.fits
5974/spec-5974-56314-0678.fits
5974/spec-5974-56314-0679.fits
5974/spec-5974-56314-0680.fits
5974/spec-5974-56314-0681.fits
5974/spec-5974-56314-0682.fits
5974/spec-5974-56314-0683.fits
5974/spec-5974-56314-0684.fits
5974/spec-5974-56314-0685.fits
5974/spec-5974-56314-0686.fits
5974/spec-5974-56314-0687.fits
5974/spec-5974-56314-0688.fits
5974/spec-5974-56314-0689.fits
5974/spec-5974-56314-0690.fits
5974/spec-5974-56314-0691.fits
5974/spec-5974-56314-0692.fits
5974/spec-5974-56314-0693.fits
5974/spec-5974-56314-0694.fits
5974/spec-5974-56314-0695.fits
5974/spec-5974-56314-0696.fits
5974/spec-5974-56314-0697.fits
5974/spec-5974-56314-0698.fits
5974/spec-5974-56314-0699.fits
5974/spec-5974-56314-0700.fits
5974/spec-5974-56314-0701.fits
5974/spec-5974-56314-0702.fits
5974/spec-5974-56314-0703.fits
5974/spec-5974-56314-0704.fits
5974/spec-5974-56314-0705.fits
5974/spec-5974-56314-0706.fits
5974/spec-5974-56314-0707.fits
5974/spec-5974-56314-0708.fits
5974/spec-5974-56314-0709.fits
5974/spec-5974-56314-0710.fits
5974/spec-5974-56314-0711.fits
5974/spec-5974-56314-0712.fits
5974/spec-5974-56314-0713.fits
5974/spec-5974-56314-0714.fits
5974/spec-5974-56314-0715.fits
5974/spec-5974-56314-0716.fits
5974/spec-5974-56314-0717.fits
5974/spec-5974-56314-0718.fits
5974/spec-5974-56314-0719.fits
5974/spec-5974-56314-0720.fits
5974/spec-5974-56314-0721.fits
5974/spec-5974-56314-0722.fits
5974/spec-5974-56314-0723.fits
5974/spec-5974-56314-0724.fits
5974/spec-5974-56314-0725.fits
5974/spec-5974-56314-0726.fits
5974/spec-5974-56314-0727.fits
5974/spec-5974-56314-0728.fits
5974/spec-5974-56314-0729.fits
5974/spec-5974-56314-0730.fits
5974/spec-5974-56314-0731.fits
5974/spec-5974-56314-0732.fits
5974/spec-5974-56314-0733.fits
5974/spec-5974-56314-0734.fits
5974/spec-5974-56314-0735.fits
5974/spec-5974-56314-0736.fits
5974/spec-5974-56314-0737.fits
5974/spec-5974-56314-0738.fits
5974/spec-5974-56314-0739.fits
5974/spec-5974-56314-0740.fits
5974/spec-5974-56314-0741.fits
5974/spec-5974-56314-0742.fits
5974/spec-5974-56314-0743.fits
5974/spec-5974-56314-0744.fits
5974/spec-5974-56314-0745.fits
5974/spec-5974-56314-0746.fits
5974/spec-5974-56314-0747.fits
5974/spec-5974-56314-0748.fits
5974/spec-5974-56314-0749.fits
5974/spec-5974-56314-0750.fits
5974/spec-5974-56314-0751.fits
5974/spec-5974-56314-0752.fits
5974/spec-5974-56314-0753.fits
5974/spec-5974-56314-0754.fits
5974/spec-5974-56314-0755.fits
5974/spec-5974-56314-0756.fits
5974/spec-5974-56314-0757.fits
5974/spec-5974-56314-0758.fits
5974/spec-5974-56314-0759.fits
5974/spec-5974-56314-0760.fits
5974/spec-5974-56314-0761.fits
5974/spec-5974-56314-0762.fits
5974/spec-5974-56314-0763.fits
5974/spec-5974-56314-0764.fits
5974/spec-5974-56314-0765.fits
5974/spec-5974-56314-0766.fits
5974/spec-5974-56314-0767.fits
5974/spec-5974-56314-0768.fits
5974/spec-5974-56314-0769.fits
5974/spec-5974-56314-0770.fits
5974/spec-5974-56314-0771.fits
5974/spec-5974-56314-0772.fits
5974/spec-5974-56314-0773.fits
5974/spec-5974-56314-0774.fits
5974/spec-5974-56314-0775.fits
5974/spec-5974-56314-0776.fits
5974/spec-5974-56314-0777.fits
5974/spec-5974-56314-0778.fits
5974/spec-5974-56314-0779.fits
5974/spec-5974-56314-0780.fits
5974/spec-5974-56314-0781.fits
5974/spec-5974-56314-0782.fits
5974/spec-5974-56314-0783.fits
5974/spec-5974-56314-0784.fits
5974/spec-5974-56314-0785.fits
5974/spec-5974-56314-0786.fits
5974/spec-5974-56314-0787.fits
5974/spec-5974-56314-0788.fits
5974/spec-5974-56314-0789.fits
5974/spec-5974-56314-0790.fits
5974/spec-5974-56314-0791.fits
5974/spec-5974-56314-0792.fits
5974/spec-5974-56314-0793.fits
5974/spec-5974-56314-0794.fits
5974/spec-5974-56314-0795.fits
5974/spec-5974-56314-0796.fits
5974/spec-5974-56314-0797.fits
5974/spec-5974-56314-0798.fits
5974/spec-5974-56314-0799.fits
5974/spec-5974-56314-0800.fits
5974/spec-5974-56314-0801.fits
5974/spec-5974-56314-0802.fits
5974/spec-5974-56314-0803.fits
5974/spec-5974-56314-0804.fits
5974/spec-5974-56314-0805.fits
5974/spec-5974-56314-0806.fits
5974/spec-5974-56314-0807.fits
5974/spec-5974-56314-0808.fits
5974/spec-5974-56314-0809.fits
5974/spec-5974-56314-0810.fits
5974/spec-5974-56314-0811.fits
5974/spec-5974-56314-0812.fits
5974/spec-5974-56314-0813.fits
5974/spec-5974-56314-0814.fits
5974/spec-5974-56314-0815.fits
5974/spec-5974-56314-0816.fits
5974/spec-5974-56314-0817.fits
5974/spec-5974-56314-0818.fits
5974/spec-5974-56314-0819.fits
5974/spec-5974-56314-0820.fits
5974/spec-5974-56314-0821.fits
5974/spec-5974-56314-0822.fits
5974/spec-5974-56314-0823.fits
5974/spec-5974-56314-0824.fits
5974/spec-5974-56314-0825.fits
5974/spec-5974-56314-0826.fits
5974/spec-5974-56314-0827.fits
5974/spec-5974-56314-0828.fits
5974/spec-5974-56314-0829.fits
5974/spec-5974-56314-0830.fits
5974/spec-5974-56314-0831.fits
5974/spec-5974-56314-0832.fits
5974/spec-5974-56314-0833.fits
5974/spec-5974-56314-0834.fits
5974/spec-5974-56314-0835.fits
5974/spec-5974-56314-0836.fits
5974/spec-5974-56314-0837.fits
5974/spec-5974-56314-0838.fits
5974/spec-5974-56314-0839.fits
5974/spec-5974-56314-0840.fits
5974/spec-5974-56314-0841.fits
5974/spec-5974-56314-0842.fits
5974/spec-5974-56314-0843.fits
5974/spec-5974-56314-0844.fits
5974/spec-5974-56314-0845.fits
5974/spec-5974-56314-0846.fits
5974/spec-5974-56314-0847.fits
5974/spec-5974-56314-0848.fits
5974/spec-5974-56314-0849.fits
5974/spec-5974-56314-0850.fits
5974/spec-5974-56314-0851.fits
5974/spec-5974-56314-0852.fits
5974/spec-5974-56314-0853.fits
5974/spec-5974-56314-0854.fits
5974/spec-5974-56314-0855.fits
5974/spec-5974-56314-0856.fits
5974/spec-5974-56314-0857.fits
5974/spec-5974-56314-0858.fits
5974/spec-5974-56314-0859.fits
5974/spec-5974-56314-0860.fits
5974/spec-5974-56314-0861.fits
5974/spec-5974-56314-0862.fits
5974/spec-5974-56314-0863.fits
5974/spec-5974-56314-0864.fits
5974/spec-5974-56314-0865.fits
5974/spec-5974-56314-0866.fits
5974/spec-5974-56314-0867.fits
5974/spec-5974-56314-0868.fits
5974/spec-5974-56314-0869.fits
5974/spec-5974-56314-0870.fits
5974/spec-5974-56314-0871.fits
5974/spec-5974-56314-0872.fits
5974/spec-5974-56314-0873.fits
5974/spec-5974-56314-0874.fits
5974/spec-5974-56314-0875.fits
5974/spec-5974-56314-0876.fits
5974/spec-5974-56314-0877.fits
5974/spec-5974-56314-0878.fits
5974/spec-5974-56314-0879.fits
5974/spec-5974-56314-0880.fits
5974/spec-5974-56314-0881.fits
5974/spec-5974-56314-0882.fits
5974/spec-5974-56314-0883.fits
5974/spec-5974-56314-0884.fits
5974/spec-5974-56314-0885.fits
5974/spec-5974-56314-0886.fits
5974/spec-5974-56314-0887.fits
5974/spec-5974-56314-0888.fits
5974/spec-5974-56314-0889.fits
5974/spec-5974-56314-0890.fits
5974/spec-5974-56314-0891.fits
5974/spec-5974-56314-0892.fits
5974/spec-5974-56314-0893.fits
5974/spec-5974-56314-0894.fits
5974/spec-5974-56314-0895.fits
5974/spec-5974-56314-0896.fits
5974/spec-5974-56314-0897.fits
5974/spec-5974-56314-0898.fits
5974/spec-5974-56314-0899.fits
5974/spec-5974-56314-0900.fits
5974/spec-5974-56314-0901.fits
5974/spec-5974-56314-0902.fits
5974/spec-5974-56314-0903.fits
5974/spec-5974-56314-0904.fits
5974/spec-5974-56314-0905.fits
5974/spec-5974-56314-0906.fits
5974/spec-5974-56314-0907.fits
5974/spec-5974-56314-0908.fits
5974/spec-5974-56314-0909.fits
5974/spec-5974-56314-0910.fits
5974/spec-5974-56314-0911.fits
5974/spec-5974-56314-0912.fits
5974/spec-5974-56314-0913.fits
5974/spec-5974-56314-0914.fits
5974/spec-5974-56314-0915.fits
5974/spec-5974-56314-0916.fits
5974/spec-5974-56314-0917.fits
5974/spec-5974-56314-0918.fits
5974/spec-5974-56314-0919.fits
5974/spec-5974-56314-0920.fits
5974/spec-5974-56314-0921.fits
5974/spec-5974-56314-0922.fits
5974/spec-5974-56314-0923.fits
5974/spec-5974-56314-0924.fits
5974/spec-5974-56314-0925.fits
5974/spec-5974-56314-0926.fits
5974/spec-5974-56314-0927.fits
5974/spec-5974-56314-0928.fits
5974/spec-5974-56314-0929.fits
5974/spec-5974-56314-0930.fits
5974/spec-5974-56314-0931.fits
5974/spec-5974-56314-0932.fits
5974/spec-5974-56314-0933.fits
5974/spec-5974-56314-0934.fits
5974/spec-5974-56314-0935.fits
5974/spec-5974-56314-0936.fits
5974/spec-5974-56314-0937.fits
5974/spec-5974-56314-0938.fits
5974/spec-5974-56314-0939.fits
5974/spec-5974-56314-0940.fits
5974/spec-5974-56314-0941.fits
5974/spec-5974-56314-0942.fits
5974/spec-5974-56314-0943.fits
5974/spec-5974-56314-0944.fits
5974/spec-5974-56314-0945.fits
5974/spec-5974-56314-0946.fits
5974/spec-5974-56314-0947.fits
5974/spec-5974-56314-0948.fits
5974/spec-5974-56314-0949.fits
5974/spec-5974-56314-0950.fits
5974/spec-5974-56314-0951.fits
5974/spec-5974-56314-0952.fits
5974/spec-5974-56314-0953.fits
5974/spec-5974-56314-0954.fits
5974/spec-5974-56314-0955.fits
5974/spec-5974-56314-0956.fits
5974/spec-5974-56314-0957.fits
5974/spec-5974-56314-0958.fits
5974/spec-5974-56314-0959.fits
5974/spec-5974-56314-0960.fits
5974/spec-5974-56314-0961.fits
5974/spec-5974-56314-0962.fits
5974/spec-5974-56314-0963.fits
5974/spec-5974-56314-0964.fits
5974/spec-5974-56314-0965.fits
5974/spec-5974-56314-0966.fits
5974/spec-5974-56314-0967.fits
5974/spec-5974-56314-0968.fits
5974/spec-5974-56314-0969.fits
5974/spec-5974-56314-0970.fits
5974/spec-5974-56314-0971.fits
5974/spec-5974-56314-0972.fits
5974/spec-5974-56314-0973.fits
5974/spec-5974-56314-0974.fits
5974/spec-5974-56314-0975.fits
5974/spec-5974-56314-0976.fits
5974/spec-5974-56314-0977.fits
5974/spec-5974-56314-0978.fits
5974/spec-5974-56314-0979.fits
5974/spec-5974-56314-0980.fits
5974/spec-5974-56314-0981.fits
5974/spec-5974-56314-0982.fits
5974/spec-5974-56314-0983.fits
5974/spec-5974-56314-0984.fits
5974/spec-5974-56314-0985.fits
5974/spec-5974-56314-0986.fits
5974/spec-5974-56314-0987.fits
5974/spec-5974-56314-0988.fits
5974/spec-5974-56314-0989.fits
5974/spec-5974-56314-0990.fits
5974/spec-5974-56314-0991.fits
5974/spec-5974-56314-0992.fits
5974/spec-5974-56314-0993.fits
5974/spec-5974-56314-0994.fits
5974/spec-5974-56314-0995.fits
5974/spec-5974-56314-0996.fits
5974/spec-5974-56314-0997.fits
5974/spec-5974-56314-0998.fits
5974/spec-5974-56314-0999.fits
5974/spec-5974-56314-1000.fits
/var/lib/condor/execute/slot1/dir_16867
5974 5974.tgz R R361.tar.gz _condor_stderr _condor_stdout cB58_Lyman_break.fit condor_exec.exe hw4.R packages packages.tar.gz tmp var
[1] "Loaded package astro."
[1] 1000
5974 5974.csv 5974.tgz R R361.tar.gz _condor_stderr _condor_stdout cB58_Lyman_break.fit condor_exec.exe hw4.R packages packages.tar.gz tmp var
