3862
3862/
3862/spec-3862-55276-0001.fits
3862/spec-3862-55276-0002.fits
3862/spec-3862-55276-0003.fits
3862/spec-3862-55276-0004.fits
3862/spec-3862-55276-0005.fits
3862/spec-3862-55276-0006.fits
3862/spec-3862-55276-0007.fits
3862/spec-3862-55276-0008.fits
3862/spec-3862-55276-0009.fits
3862/spec-3862-55276-0010.fits
3862/spec-3862-55276-0011.fits
3862/spec-3862-55276-0012.fits
3862/spec-3862-55276-0013.fits
3862/spec-3862-55276-0014.fits
3862/spec-3862-55276-0015.fits
3862/spec-3862-55276-0016.fits
3862/spec-3862-55276-0017.fits
3862/spec-3862-55276-0018.fits
3862/spec-3862-55276-0019.fits
3862/spec-3862-55276-0020.fits
3862/spec-3862-55276-0021.fits
3862/spec-3862-55276-0022.fits
3862/spec-3862-55276-0023.fits
3862/spec-3862-55276-0024.fits
3862/spec-3862-55276-0025.fits
3862/spec-3862-55276-0026.fits
3862/spec-3862-55276-0027.fits
3862/spec-3862-55276-0028.fits
3862/spec-3862-55276-0029.fits
3862/spec-3862-55276-0030.fits
3862/spec-3862-55276-0031.fits
3862/spec-3862-55276-0032.fits
3862/spec-3862-55276-0033.fits
3862/spec-3862-55276-0034.fits
3862/spec-3862-55276-0035.fits
3862/spec-3862-55276-0036.fits
3862/spec-3862-55276-0037.fits
3862/spec-3862-55276-0038.fits
3862/spec-3862-55276-0039.fits
3862/spec-3862-55276-0040.fits
3862/spec-3862-55276-0041.fits
3862/spec-3862-55276-0042.fits
3862/spec-3862-55276-0043.fits
3862/spec-3862-55276-0044.fits
3862/spec-3862-55276-0045.fits
3862/spec-3862-55276-0046.fits
3862/spec-3862-55276-0047.fits
3862/spec-3862-55276-0048.fits
3862/spec-3862-55276-0049.fits
3862/spec-3862-55276-0050.fits
3862/spec-3862-55276-0051.fits
3862/spec-3862-55276-0052.fits
3862/spec-3862-55276-0053.fits
3862/spec-3862-55276-0054.fits
3862/spec-3862-55276-0055.fits
3862/spec-3862-55276-0056.fits
3862/spec-3862-55276-0057.fits
3862/spec-3862-55276-0058.fits
3862/spec-3862-55276-0059.fits
3862/spec-3862-55276-0060.fits
3862/spec-3862-55276-0061.fits
3862/spec-3862-55276-0062.fits
3862/spec-3862-55276-0063.fits
3862/spec-3862-55276-0064.fits
3862/spec-3862-55276-0065.fits
3862/spec-3862-55276-0066.fits
3862/spec-3862-55276-0067.fits
3862/spec-3862-55276-0068.fits
3862/spec-3862-55276-0069.fits
3862/spec-3862-55276-0070.fits
3862/spec-3862-55276-0071.fits
3862/spec-3862-55276-0072.fits
3862/spec-3862-55276-0073.fits
3862/spec-3862-55276-0074.fits
3862/spec-3862-55276-0075.fits
3862/spec-3862-55276-0076.fits
3862/spec-3862-55276-0077.fits
3862/spec-3862-55276-0078.fits
3862/spec-3862-55276-0079.fits
3862/spec-3862-55276-0080.fits
3862/spec-3862-55276-0081.fits
3862/spec-3862-55276-0082.fits
3862/spec-3862-55276-0083.fits
3862/spec-3862-55276-0084.fits
3862/spec-3862-55276-0085.fits
3862/spec-3862-55276-0086.fits
3862/spec-3862-55276-0087.fits
3862/spec-3862-55276-0088.fits
3862/spec-3862-55276-0089.fits
3862/spec-3862-55276-0090.fits
3862/spec-3862-55276-0091.fits
3862/spec-3862-55276-0092.fits
3862/spec-3862-55276-0093.fits
3862/spec-3862-55276-0094.fits
3862/spec-3862-55276-0095.fits
3862/spec-3862-55276-0096.fits
3862/spec-3862-55276-0097.fits
3862/spec-3862-55276-0098.fits
3862/spec-3862-55276-0099.fits
3862/spec-3862-55276-0100.fits
3862/spec-3862-55276-0101.fits
3862/spec-3862-55276-0102.fits
3862/spec-3862-55276-0103.fits
3862/spec-3862-55276-0104.fits
3862/spec-3862-55276-0105.fits
3862/spec-3862-55276-0106.fits
3862/spec-3862-55276-0107.fits
3862/spec-3862-55276-0108.fits
3862/spec-3862-55276-0109.fits
3862/spec-3862-55276-0110.fits
3862/spec-3862-55276-0111.fits
3862/spec-3862-55276-0112.fits
3862/spec-3862-55276-0113.fits
3862/spec-3862-55276-0114.fits
3862/spec-3862-55276-0115.fits
3862/spec-3862-55276-0116.fits
3862/spec-3862-55276-0117.fits
3862/spec-3862-55276-0118.fits
3862/spec-3862-55276-0119.fits
3862/spec-3862-55276-0120.fits
3862/spec-3862-55276-0121.fits
3862/spec-3862-55276-0122.fits
3862/spec-3862-55276-0123.fits
3862/spec-3862-55276-0124.fits
3862/spec-3862-55276-0125.fits
3862/spec-3862-55276-0126.fits
3862/spec-3862-55276-0127.fits
3862/spec-3862-55276-0128.fits
3862/spec-3862-55276-0129.fits
3862/spec-3862-55276-0130.fits
3862/spec-3862-55276-0131.fits
3862/spec-3862-55276-0132.fits
3862/spec-3862-55276-0133.fits
3862/spec-3862-55276-0134.fits
3862/spec-3862-55276-0135.fits
3862/spec-3862-55276-0136.fits
3862/spec-3862-55276-0137.fits
3862/spec-3862-55276-0138.fits
3862/spec-3862-55276-0139.fits
3862/spec-3862-55276-0140.fits
3862/spec-3862-55276-0141.fits
3862/spec-3862-55276-0142.fits
3862/spec-3862-55276-0143.fits
3862/spec-3862-55276-0144.fits
3862/spec-3862-55276-0145.fits
3862/spec-3862-55276-0146.fits
3862/spec-3862-55276-0147.fits
3862/spec-3862-55276-0148.fits
3862/spec-3862-55276-0149.fits
3862/spec-3862-55276-0150.fits
3862/spec-3862-55276-0151.fits
3862/spec-3862-55276-0152.fits
3862/spec-3862-55276-0153.fits
3862/spec-3862-55276-0154.fits
3862/spec-3862-55276-0155.fits
3862/spec-3862-55276-0156.fits
3862/spec-3862-55276-0157.fits
3862/spec-3862-55276-0158.fits
3862/spec-3862-55276-0159.fits
3862/spec-3862-55276-0160.fits
3862/spec-3862-55276-0161.fits
3862/spec-3862-55276-0162.fits
3862/spec-3862-55276-0163.fits
3862/spec-3862-55276-0164.fits
3862/spec-3862-55276-0165.fits
3862/spec-3862-55276-0166.fits
3862/spec-3862-55276-0167.fits
3862/spec-3862-55276-0168.fits
3862/spec-3862-55276-0169.fits
3862/spec-3862-55276-0170.fits
3862/spec-3862-55276-0171.fits
3862/spec-3862-55276-0172.fits
3862/spec-3862-55276-0173.fits
3862/spec-3862-55276-0174.fits
3862/spec-3862-55276-0175.fits
3862/spec-3862-55276-0176.fits
3862/spec-3862-55276-0177.fits
3862/spec-3862-55276-0178.fits
3862/spec-3862-55276-0179.fits
3862/spec-3862-55276-0180.fits
3862/spec-3862-55276-0181.fits
3862/spec-3862-55276-0182.fits
3862/spec-3862-55276-0183.fits
3862/spec-3862-55276-0184.fits
3862/spec-3862-55276-0185.fits
3862/spec-3862-55276-0186.fits
3862/spec-3862-55276-0187.fits
3862/spec-3862-55276-0188.fits
3862/spec-3862-55276-0189.fits
3862/spec-3862-55276-0190.fits
3862/spec-3862-55276-0191.fits
3862/spec-3862-55276-0192.fits
3862/spec-3862-55276-0193.fits
3862/spec-3862-55276-0194.fits
3862/spec-3862-55276-0195.fits
3862/spec-3862-55276-0196.fits
3862/spec-3862-55276-0197.fits
3862/spec-3862-55276-0198.fits
3862/spec-3862-55276-0199.fits
3862/spec-3862-55276-0200.fits
3862/spec-3862-55276-0201.fits
3862/spec-3862-55276-0202.fits
3862/spec-3862-55276-0203.fits
3862/spec-3862-55276-0204.fits
3862/spec-3862-55276-0205.fits
3862/spec-3862-55276-0206.fits
3862/spec-3862-55276-0207.fits
3862/spec-3862-55276-0208.fits
3862/spec-3862-55276-0209.fits
3862/spec-3862-55276-0210.fits
3862/spec-3862-55276-0211.fits
3862/spec-3862-55276-0212.fits
3862/spec-3862-55276-0213.fits
3862/spec-3862-55276-0214.fits
3862/spec-3862-55276-0215.fits
3862/spec-3862-55276-0216.fits
3862/spec-3862-55276-0217.fits
3862/spec-3862-55276-0218.fits
3862/spec-3862-55276-0219.fits
3862/spec-3862-55276-0220.fits
3862/spec-3862-55276-0221.fits
3862/spec-3862-55276-0222.fits
3862/spec-3862-55276-0223.fits
3862/spec-3862-55276-0224.fits
3862/spec-3862-55276-0225.fits
3862/spec-3862-55276-0226.fits
3862/spec-3862-55276-0227.fits
3862/spec-3862-55276-0228.fits
3862/spec-3862-55276-0229.fits
3862/spec-3862-55276-0230.fits
3862/spec-3862-55276-0231.fits
3862/spec-3862-55276-0232.fits
3862/spec-3862-55276-0233.fits
3862/spec-3862-55276-0234.fits
3862/spec-3862-55276-0235.fits
3862/spec-3862-55276-0236.fits
3862/spec-3862-55276-0237.fits
3862/spec-3862-55276-0238.fits
3862/spec-3862-55276-0239.fits
3862/spec-3862-55276-0240.fits
3862/spec-3862-55276-0241.fits
3862/spec-3862-55276-0242.fits
3862/spec-3862-55276-0243.fits
3862/spec-3862-55276-0244.fits
3862/spec-3862-55276-0245.fits
3862/spec-3862-55276-0246.fits
3862/spec-3862-55276-0247.fits
3862/spec-3862-55276-0248.fits
3862/spec-3862-55276-0249.fits
3862/spec-3862-55276-0250.fits
3862/spec-3862-55276-0251.fits
3862/spec-3862-55276-0252.fits
3862/spec-3862-55276-0253.fits
3862/spec-3862-55276-0254.fits
3862/spec-3862-55276-0255.fits
3862/spec-3862-55276-0256.fits
3862/spec-3862-55276-0257.fits
3862/spec-3862-55276-0258.fits
3862/spec-3862-55276-0259.fits
3862/spec-3862-55276-0260.fits
3862/spec-3862-55276-0261.fits
3862/spec-3862-55276-0262.fits
3862/spec-3862-55276-0263.fits
3862/spec-3862-55276-0264.fits
3862/spec-3862-55276-0265.fits
3862/spec-3862-55276-0266.fits
3862/spec-3862-55276-0267.fits
3862/spec-3862-55276-0268.fits
3862/spec-3862-55276-0269.fits
3862/spec-3862-55276-0270.fits
3862/spec-3862-55276-0271.fits
3862/spec-3862-55276-0272.fits
3862/spec-3862-55276-0273.fits
3862/spec-3862-55276-0274.fits
3862/spec-3862-55276-0275.fits
3862/spec-3862-55276-0276.fits
3862/spec-3862-55276-0277.fits
3862/spec-3862-55276-0278.fits
3862/spec-3862-55276-0279.fits
3862/spec-3862-55276-0280.fits
3862/spec-3862-55276-0281.fits
3862/spec-3862-55276-0282.fits
3862/spec-3862-55276-0283.fits
3862/spec-3862-55276-0284.fits
3862/spec-3862-55276-0285.fits
3862/spec-3862-55276-0286.fits
3862/spec-3862-55276-0287.fits
3862/spec-3862-55276-0288.fits
3862/spec-3862-55276-0289.fits
3862/spec-3862-55276-0290.fits
3862/spec-3862-55276-0291.fits
3862/spec-3862-55276-0292.fits
3862/spec-3862-55276-0293.fits
3862/spec-3862-55276-0294.fits
3862/spec-3862-55276-0295.fits
3862/spec-3862-55276-0296.fits
3862/spec-3862-55276-0297.fits
3862/spec-3862-55276-0298.fits
3862/spec-3862-55276-0299.fits
3862/spec-3862-55276-0300.fits
3862/spec-3862-55276-0301.fits
3862/spec-3862-55276-0302.fits
3862/spec-3862-55276-0303.fits
3862/spec-3862-55276-0304.fits
3862/spec-3862-55276-0305.fits
3862/spec-3862-55276-0306.fits
3862/spec-3862-55276-0307.fits
3862/spec-3862-55276-0308.fits
3862/spec-3862-55276-0309.fits
3862/spec-3862-55276-0310.fits
3862/spec-3862-55276-0311.fits
3862/spec-3862-55276-0312.fits
3862/spec-3862-55276-0313.fits
3862/spec-3862-55276-0314.fits
3862/spec-3862-55276-0315.fits
3862/spec-3862-55276-0316.fits
3862/spec-3862-55276-0317.fits
3862/spec-3862-55276-0318.fits
3862/spec-3862-55276-0319.fits
3862/spec-3862-55276-0320.fits
3862/spec-3862-55276-0321.fits
3862/spec-3862-55276-0322.fits
3862/spec-3862-55276-0323.fits
3862/spec-3862-55276-0324.fits
3862/spec-3862-55276-0325.fits
3862/spec-3862-55276-0326.fits
3862/spec-3862-55276-0327.fits
3862/spec-3862-55276-0328.fits
3862/spec-3862-55276-0329.fits
3862/spec-3862-55276-0330.fits
3862/spec-3862-55276-0331.fits
3862/spec-3862-55276-0332.fits
3862/spec-3862-55276-0333.fits
3862/spec-3862-55276-0334.fits
3862/spec-3862-55276-0335.fits
3862/spec-3862-55276-0336.fits
3862/spec-3862-55276-0337.fits
3862/spec-3862-55276-0338.fits
3862/spec-3862-55276-0339.fits
3862/spec-3862-55276-0340.fits
3862/spec-3862-55276-0341.fits
3862/spec-3862-55276-0342.fits
3862/spec-3862-55276-0343.fits
3862/spec-3862-55276-0344.fits
3862/spec-3862-55276-0345.fits
3862/spec-3862-55276-0346.fits
3862/spec-3862-55276-0347.fits
3862/spec-3862-55276-0348.fits
3862/spec-3862-55276-0349.fits
3862/spec-3862-55276-0350.fits
3862/spec-3862-55276-0351.fits
3862/spec-3862-55276-0352.fits
3862/spec-3862-55276-0353.fits
3862/spec-3862-55276-0354.fits
3862/spec-3862-55276-0355.fits
3862/spec-3862-55276-0356.fits
3862/spec-3862-55276-0357.fits
3862/spec-3862-55276-0358.fits
3862/spec-3862-55276-0359.fits
3862/spec-3862-55276-0360.fits
3862/spec-3862-55276-0361.fits
3862/spec-3862-55276-0362.fits
3862/spec-3862-55276-0363.fits
3862/spec-3862-55276-0364.fits
3862/spec-3862-55276-0365.fits
3862/spec-3862-55276-0366.fits
3862/spec-3862-55276-0367.fits
3862/spec-3862-55276-0368.fits
3862/spec-3862-55276-0369.fits
3862/spec-3862-55276-0370.fits
3862/spec-3862-55276-0371.fits
3862/spec-3862-55276-0372.fits
3862/spec-3862-55276-0373.fits
3862/spec-3862-55276-0374.fits
3862/spec-3862-55276-0375.fits
3862/spec-3862-55276-0376.fits
3862/spec-3862-55276-0377.fits
3862/spec-3862-55276-0378.fits
3862/spec-3862-55276-0379.fits
3862/spec-3862-55276-0380.fits
3862/spec-3862-55276-0381.fits
3862/spec-3862-55276-0382.fits
3862/spec-3862-55276-0383.fits
3862/spec-3862-55276-0384.fits
3862/spec-3862-55276-0385.fits
3862/spec-3862-55276-0386.fits
3862/spec-3862-55276-0387.fits
3862/spec-3862-55276-0388.fits
3862/spec-3862-55276-0389.fits
3862/spec-3862-55276-0390.fits
3862/spec-3862-55276-0391.fits
3862/spec-3862-55276-0392.fits
3862/spec-3862-55276-0393.fits
3862/spec-3862-55276-0394.fits
3862/spec-3862-55276-0395.fits
3862/spec-3862-55276-0396.fits
3862/spec-3862-55276-0397.fits
3862/spec-3862-55276-0398.fits
3862/spec-3862-55276-0399.fits
3862/spec-3862-55276-0400.fits
3862/spec-3862-55276-0401.fits
3862/spec-3862-55276-0402.fits
3862/spec-3862-55276-0403.fits
3862/spec-3862-55276-0404.fits
3862/spec-3862-55276-0405.fits
3862/spec-3862-55276-0406.fits
3862/spec-3862-55276-0407.fits
3862/spec-3862-55276-0408.fits
3862/spec-3862-55276-0409.fits
3862/spec-3862-55276-0410.fits
3862/spec-3862-55276-0411.fits
3862/spec-3862-55276-0412.fits
3862/spec-3862-55276-0413.fits
3862/spec-3862-55276-0414.fits
3862/spec-3862-55276-0415.fits
3862/spec-3862-55276-0416.fits
3862/spec-3862-55276-0417.fits
3862/spec-3862-55276-0418.fits
3862/spec-3862-55276-0419.fits
3862/spec-3862-55276-0420.fits
3862/spec-3862-55276-0421.fits
3862/spec-3862-55276-0422.fits
3862/spec-3862-55276-0423.fits
3862/spec-3862-55276-0424.fits
3862/spec-3862-55276-0425.fits
3862/spec-3862-55276-0426.fits
3862/spec-3862-55276-0427.fits
3862/spec-3862-55276-0428.fits
3862/spec-3862-55276-0429.fits
3862/spec-3862-55276-0430.fits
3862/spec-3862-55276-0431.fits
3862/spec-3862-55276-0432.fits
3862/spec-3862-55276-0433.fits
3862/spec-3862-55276-0434.fits
3862/spec-3862-55276-0435.fits
3862/spec-3862-55276-0436.fits
3862/spec-3862-55276-0437.fits
3862/spec-3862-55276-0438.fits
3862/spec-3862-55276-0439.fits
3862/spec-3862-55276-0440.fits
3862/spec-3862-55276-0441.fits
3862/spec-3862-55276-0442.fits
3862/spec-3862-55276-0443.fits
3862/spec-3862-55276-0444.fits
3862/spec-3862-55276-0445.fits
3862/spec-3862-55276-0446.fits
3862/spec-3862-55276-0447.fits
3862/spec-3862-55276-0448.fits
3862/spec-3862-55276-0449.fits
3862/spec-3862-55276-0450.fits
3862/spec-3862-55276-0451.fits
3862/spec-3862-55276-0452.fits
3862/spec-3862-55276-0453.fits
3862/spec-3862-55276-0454.fits
3862/spec-3862-55276-0455.fits
3862/spec-3862-55276-0456.fits
3862/spec-3862-55276-0457.fits
3862/spec-3862-55276-0458.fits
3862/spec-3862-55276-0459.fits
3862/spec-3862-55276-0460.fits
3862/spec-3862-55276-0461.fits
3862/spec-3862-55276-0462.fits
3862/spec-3862-55276-0463.fits
3862/spec-3862-55276-0464.fits
3862/spec-3862-55276-0465.fits
3862/spec-3862-55276-0466.fits
3862/spec-3862-55276-0467.fits
3862/spec-3862-55276-0468.fits
3862/spec-3862-55276-0469.fits
3862/spec-3862-55276-0470.fits
3862/spec-3862-55276-0471.fits
3862/spec-3862-55276-0472.fits
3862/spec-3862-55276-0473.fits
3862/spec-3862-55276-0474.fits
3862/spec-3862-55276-0475.fits
3862/spec-3862-55276-0476.fits
3862/spec-3862-55276-0477.fits
3862/spec-3862-55276-0478.fits
3862/spec-3862-55276-0479.fits
3862/spec-3862-55276-0480.fits
3862/spec-3862-55276-0481.fits
3862/spec-3862-55276-0482.fits
3862/spec-3862-55276-0483.fits
3862/spec-3862-55276-0484.fits
3862/spec-3862-55276-0485.fits
3862/spec-3862-55276-0486.fits
3862/spec-3862-55276-0487.fits
3862/spec-3862-55276-0488.fits
3862/spec-3862-55276-0489.fits
3862/spec-3862-55276-0490.fits
3862/spec-3862-55276-0491.fits
3862/spec-3862-55276-0492.fits
3862/spec-3862-55276-0493.fits
3862/spec-3862-55276-0494.fits
3862/spec-3862-55276-0495.fits
3862/spec-3862-55276-0496.fits
3862/spec-3862-55276-0497.fits
3862/spec-3862-55276-0498.fits
3862/spec-3862-55276-0499.fits
3862/spec-3862-55276-0500.fits
3862/spec-3862-55276-0501.fits
3862/spec-3862-55276-0502.fits
3862/spec-3862-55276-0503.fits
3862/spec-3862-55276-0504.fits
3862/spec-3862-55276-0505.fits
3862/spec-3862-55276-0506.fits
3862/spec-3862-55276-0507.fits
3862/spec-3862-55276-0508.fits
3862/spec-3862-55276-0509.fits
3862/spec-3862-55276-0510.fits
3862/spec-3862-55276-0511.fits
3862/spec-3862-55276-0512.fits
3862/spec-3862-55276-0513.fits
3862/spec-3862-55276-0514.fits
3862/spec-3862-55276-0515.fits
3862/spec-3862-55276-0516.fits
3862/spec-3862-55276-0517.fits
3862/spec-3862-55276-0518.fits
3862/spec-3862-55276-0519.fits
3862/spec-3862-55276-0520.fits
3862/spec-3862-55276-0521.fits
3862/spec-3862-55276-0522.fits
3862/spec-3862-55276-0523.fits
3862/spec-3862-55276-0524.fits
3862/spec-3862-55276-0525.fits
3862/spec-3862-55276-0526.fits
3862/spec-3862-55276-0527.fits
3862/spec-3862-55276-0528.fits
3862/spec-3862-55276-0529.fits
3862/spec-3862-55276-0530.fits
3862/spec-3862-55276-0531.fits
3862/spec-3862-55276-0532.fits
3862/spec-3862-55276-0533.fits
3862/spec-3862-55276-0534.fits
3862/spec-3862-55276-0535.fits
3862/spec-3862-55276-0536.fits
3862/spec-3862-55276-0537.fits
3862/spec-3862-55276-0538.fits
3862/spec-3862-55276-0539.fits
3862/spec-3862-55276-0540.fits
3862/spec-3862-55276-0541.fits
3862/spec-3862-55276-0542.fits
3862/spec-3862-55276-0543.fits
3862/spec-3862-55276-0544.fits
3862/spec-3862-55276-0545.fits
3862/spec-3862-55276-0546.fits
3862/spec-3862-55276-0547.fits
3862/spec-3862-55276-0548.fits
3862/spec-3862-55276-0549.fits
3862/spec-3862-55276-0550.fits
3862/spec-3862-55276-0551.fits
3862/spec-3862-55276-0552.fits
3862/spec-3862-55276-0553.fits
3862/spec-3862-55276-0554.fits
3862/spec-3862-55276-0555.fits
3862/spec-3862-55276-0556.fits
3862/spec-3862-55276-0557.fits
3862/spec-3862-55276-0558.fits
3862/spec-3862-55276-0559.fits
3862/spec-3862-55276-0560.fits
3862/spec-3862-55276-0561.fits
3862/spec-3862-55276-0562.fits
3862/spec-3862-55276-0563.fits
3862/spec-3862-55276-0564.fits
3862/spec-3862-55276-0565.fits
3862/spec-3862-55276-0566.fits
3862/spec-3862-55276-0567.fits
3862/spec-3862-55276-0568.fits
3862/spec-3862-55276-0569.fits
3862/spec-3862-55276-0570.fits
3862/spec-3862-55276-0571.fits
3862/spec-3862-55276-0572.fits
3862/spec-3862-55276-0573.fits
3862/spec-3862-55276-0574.fits
3862/spec-3862-55276-0575.fits
3862/spec-3862-55276-0576.fits
3862/spec-3862-55276-0577.fits
3862/spec-3862-55276-0578.fits
3862/spec-3862-55276-0579.fits
3862/spec-3862-55276-0580.fits
3862/spec-3862-55276-0581.fits
3862/spec-3862-55276-0582.fits
3862/spec-3862-55276-0583.fits
3862/spec-3862-55276-0584.fits
3862/spec-3862-55276-0585.fits
3862/spec-3862-55276-0586.fits
3862/spec-3862-55276-0587.fits
3862/spec-3862-55276-0588.fits
3862/spec-3862-55276-0589.fits
3862/spec-3862-55276-0590.fits
3862/spec-3862-55276-0591.fits
3862/spec-3862-55276-0592.fits
3862/spec-3862-55276-0593.fits
3862/spec-3862-55276-0594.fits
3862/spec-3862-55276-0595.fits
3862/spec-3862-55276-0596.fits
3862/spec-3862-55276-0597.fits
3862/spec-3862-55276-0598.fits
3862/spec-3862-55276-0599.fits
3862/spec-3862-55276-0600.fits
3862/spec-3862-55276-0601.fits
3862/spec-3862-55276-0602.fits
3862/spec-3862-55276-0603.fits
3862/spec-3862-55276-0604.fits
3862/spec-3862-55276-0605.fits
3862/spec-3862-55276-0606.fits
3862/spec-3862-55276-0607.fits
3862/spec-3862-55276-0608.fits
3862/spec-3862-55276-0609.fits
3862/spec-3862-55276-0610.fits
3862/spec-3862-55276-0611.fits
3862/spec-3862-55276-0612.fits
3862/spec-3862-55276-0613.fits
3862/spec-3862-55276-0614.fits
3862/spec-3862-55276-0615.fits
3862/spec-3862-55276-0616.fits
3862/spec-3862-55276-0617.fits
3862/spec-3862-55276-0618.fits
3862/spec-3862-55276-0619.fits
3862/spec-3862-55276-0620.fits
3862/spec-3862-55276-0621.fits
3862/spec-3862-55276-0622.fits
3862/spec-3862-55276-0623.fits
3862/spec-3862-55276-0624.fits
3862/spec-3862-55276-0625.fits
3862/spec-3862-55276-0626.fits
3862/spec-3862-55276-0627.fits
3862/spec-3862-55276-0628.fits
3862/spec-3862-55276-0629.fits
3862/spec-3862-55276-0630.fits
3862/spec-3862-55276-0631.fits
3862/spec-3862-55276-0632.fits
3862/spec-3862-55276-0633.fits
3862/spec-3862-55276-0634.fits
3862/spec-3862-55276-0635.fits
3862/spec-3862-55276-0636.fits
3862/spec-3862-55276-0637.fits
3862/spec-3862-55276-0638.fits
3862/spec-3862-55276-0639.fits
3862/spec-3862-55276-0640.fits
3862/spec-3862-55276-0641.fits
3862/spec-3862-55276-0642.fits
3862/spec-3862-55276-0643.fits
3862/spec-3862-55276-0644.fits
3862/spec-3862-55276-0645.fits
3862/spec-3862-55276-0646.fits
3862/spec-3862-55276-0647.fits
3862/spec-3862-55276-0648.fits
3862/spec-3862-55276-0649.fits
3862/spec-3862-55276-0650.fits
3862/spec-3862-55276-0651.fits
3862/spec-3862-55276-0652.fits
3862/spec-3862-55276-0653.fits
3862/spec-3862-55276-0654.fits
3862/spec-3862-55276-0655.fits
3862/spec-3862-55276-0656.fits
3862/spec-3862-55276-0657.fits
3862/spec-3862-55276-0658.fits
3862/spec-3862-55276-0659.fits
3862/spec-3862-55276-0660.fits
3862/spec-3862-55276-0661.fits
3862/spec-3862-55276-0662.fits
3862/spec-3862-55276-0663.fits
3862/spec-3862-55276-0664.fits
3862/spec-3862-55276-0665.fits
3862/spec-3862-55276-0666.fits
3862/spec-3862-55276-0667.fits
3862/spec-3862-55276-0668.fits
3862/spec-3862-55276-0669.fits
3862/spec-3862-55276-0670.fits
3862/spec-3862-55276-0671.fits
3862/spec-3862-55276-0672.fits
3862/spec-3862-55276-0673.fits
3862/spec-3862-55276-0674.fits
3862/spec-3862-55276-0675.fits
3862/spec-3862-55276-0676.fits
3862/spec-3862-55276-0677.fits
3862/spec-3862-55276-0678.fits
3862/spec-3862-55276-0679.fits
3862/spec-3862-55276-0680.fits
3862/spec-3862-55276-0681.fits
3862/spec-3862-55276-0682.fits
3862/spec-3862-55276-0683.fits
3862/spec-3862-55276-0684.fits
3862/spec-3862-55276-0685.fits
3862/spec-3862-55276-0686.fits
3862/spec-3862-55276-0687.fits
3862/spec-3862-55276-0688.fits
3862/spec-3862-55276-0689.fits
3862/spec-3862-55276-0690.fits
3862/spec-3862-55276-0691.fits
3862/spec-3862-55276-0692.fits
3862/spec-3862-55276-0693.fits
3862/spec-3862-55276-0694.fits
3862/spec-3862-55276-0695.fits
3862/spec-3862-55276-0696.fits
3862/spec-3862-55276-0697.fits
3862/spec-3862-55276-0698.fits
3862/spec-3862-55276-0699.fits
3862/spec-3862-55276-0700.fits
3862/spec-3862-55276-0701.fits
3862/spec-3862-55276-0702.fits
3862/spec-3862-55276-0703.fits
3862/spec-3862-55276-0704.fits
3862/spec-3862-55276-0705.fits
3862/spec-3862-55276-0706.fits
3862/spec-3862-55276-0707.fits
3862/spec-3862-55276-0708.fits
3862/spec-3862-55276-0709.fits
3862/spec-3862-55276-0710.fits
3862/spec-3862-55276-0711.fits
3862/spec-3862-55276-0712.fits
3862/spec-3862-55276-0713.fits
3862/spec-3862-55276-0714.fits
3862/spec-3862-55276-0715.fits
3862/spec-3862-55276-0716.fits
3862/spec-3862-55276-0717.fits
3862/spec-3862-55276-0718.fits
3862/spec-3862-55276-0719.fits
3862/spec-3862-55276-0720.fits
3862/spec-3862-55276-0721.fits
3862/spec-3862-55276-0722.fits
3862/spec-3862-55276-0723.fits
3862/spec-3862-55276-0724.fits
3862/spec-3862-55276-0725.fits
3862/spec-3862-55276-0726.fits
3862/spec-3862-55276-0727.fits
3862/spec-3862-55276-0728.fits
3862/spec-3862-55276-0729.fits
3862/spec-3862-55276-0730.fits
3862/spec-3862-55276-0731.fits
3862/spec-3862-55276-0732.fits
3862/spec-3862-55276-0733.fits
3862/spec-3862-55276-0734.fits
3862/spec-3862-55276-0735.fits
3862/spec-3862-55276-0736.fits
3862/spec-3862-55276-0737.fits
3862/spec-3862-55276-0738.fits
3862/spec-3862-55276-0739.fits
3862/spec-3862-55276-0740.fits
3862/spec-3862-55276-0741.fits
3862/spec-3862-55276-0742.fits
3862/spec-3862-55276-0743.fits
3862/spec-3862-55276-0744.fits
3862/spec-3862-55276-0745.fits
3862/spec-3862-55276-0746.fits
3862/spec-3862-55276-0747.fits
3862/spec-3862-55276-0748.fits
3862/spec-3862-55276-0749.fits
3862/spec-3862-55276-0750.fits
3862/spec-3862-55276-0751.fits
3862/spec-3862-55276-0752.fits
3862/spec-3862-55276-0753.fits
3862/spec-3862-55276-0754.fits
3862/spec-3862-55276-0755.fits
3862/spec-3862-55276-0756.fits
3862/spec-3862-55276-0757.fits
3862/spec-3862-55276-0758.fits
3862/spec-3862-55276-0759.fits
3862/spec-3862-55276-0760.fits
3862/spec-3862-55276-0761.fits
3862/spec-3862-55276-0762.fits
3862/spec-3862-55276-0763.fits
3862/spec-3862-55276-0764.fits
3862/spec-3862-55276-0765.fits
3862/spec-3862-55276-0766.fits
3862/spec-3862-55276-0767.fits
3862/spec-3862-55276-0768.fits
3862/spec-3862-55276-0769.fits
3862/spec-3862-55276-0770.fits
3862/spec-3862-55276-0771.fits
3862/spec-3862-55276-0772.fits
3862/spec-3862-55276-0773.fits
3862/spec-3862-55276-0774.fits
3862/spec-3862-55276-0775.fits
3862/spec-3862-55276-0776.fits
3862/spec-3862-55276-0777.fits
3862/spec-3862-55276-0778.fits
3862/spec-3862-55276-0779.fits
3862/spec-3862-55276-0780.fits
3862/spec-3862-55276-0781.fits
3862/spec-3862-55276-0782.fits
3862/spec-3862-55276-0783.fits
3862/spec-3862-55276-0784.fits
3862/spec-3862-55276-0785.fits
3862/spec-3862-55276-0786.fits
3862/spec-3862-55276-0787.fits
3862/spec-3862-55276-0788.fits
3862/spec-3862-55276-0789.fits
3862/spec-3862-55276-0790.fits
3862/spec-3862-55276-0791.fits
3862/spec-3862-55276-0792.fits
3862/spec-3862-55276-0793.fits
3862/spec-3862-55276-0794.fits
3862/spec-3862-55276-0795.fits
3862/spec-3862-55276-0796.fits
3862/spec-3862-55276-0797.fits
3862/spec-3862-55276-0798.fits
3862/spec-3862-55276-0799.fits
3862/spec-3862-55276-0800.fits
3862/spec-3862-55276-0801.fits
3862/spec-3862-55276-0802.fits
3862/spec-3862-55276-0803.fits
3862/spec-3862-55276-0804.fits
3862/spec-3862-55276-0805.fits
3862/spec-3862-55276-0806.fits
3862/spec-3862-55276-0807.fits
3862/spec-3862-55276-0808.fits
3862/spec-3862-55276-0809.fits
3862/spec-3862-55276-0810.fits
3862/spec-3862-55276-0811.fits
3862/spec-3862-55276-0812.fits
3862/spec-3862-55276-0813.fits
3862/spec-3862-55276-0814.fits
3862/spec-3862-55276-0815.fits
3862/spec-3862-55276-0816.fits
3862/spec-3862-55276-0817.fits
3862/spec-3862-55276-0818.fits
3862/spec-3862-55276-0819.fits
3862/spec-3862-55276-0820.fits
3862/spec-3862-55276-0821.fits
3862/spec-3862-55276-0822.fits
3862/spec-3862-55276-0823.fits
3862/spec-3862-55276-0824.fits
3862/spec-3862-55276-0825.fits
3862/spec-3862-55276-0826.fits
3862/spec-3862-55276-0827.fits
3862/spec-3862-55276-0828.fits
3862/spec-3862-55276-0829.fits
3862/spec-3862-55276-0830.fits
3862/spec-3862-55276-0831.fits
3862/spec-3862-55276-0832.fits
3862/spec-3862-55276-0833.fits
3862/spec-3862-55276-0834.fits
3862/spec-3862-55276-0835.fits
3862/spec-3862-55276-0836.fits
3862/spec-3862-55276-0837.fits
3862/spec-3862-55276-0838.fits
3862/spec-3862-55276-0839.fits
3862/spec-3862-55276-0840.fits
3862/spec-3862-55276-0841.fits
3862/spec-3862-55276-0842.fits
3862/spec-3862-55276-0843.fits
3862/spec-3862-55276-0844.fits
3862/spec-3862-55276-0845.fits
3862/spec-3862-55276-0846.fits
3862/spec-3862-55276-0847.fits
3862/spec-3862-55276-0848.fits
3862/spec-3862-55276-0849.fits
3862/spec-3862-55276-0850.fits
3862/spec-3862-55276-0851.fits
3862/spec-3862-55276-0852.fits
3862/spec-3862-55276-0853.fits
3862/spec-3862-55276-0854.fits
3862/spec-3862-55276-0855.fits
3862/spec-3862-55276-0856.fits
3862/spec-3862-55276-0857.fits
3862/spec-3862-55276-0858.fits
3862/spec-3862-55276-0859.fits
3862/spec-3862-55276-0860.fits
3862/spec-3862-55276-0861.fits
3862/spec-3862-55276-0862.fits
3862/spec-3862-55276-0863.fits
3862/spec-3862-55276-0864.fits
3862/spec-3862-55276-0865.fits
3862/spec-3862-55276-0866.fits
3862/spec-3862-55276-0867.fits
3862/spec-3862-55276-0868.fits
3862/spec-3862-55276-0869.fits
3862/spec-3862-55276-0870.fits
3862/spec-3862-55276-0871.fits
3862/spec-3862-55276-0872.fits
3862/spec-3862-55276-0873.fits
3862/spec-3862-55276-0874.fits
3862/spec-3862-55276-0875.fits
3862/spec-3862-55276-0876.fits
3862/spec-3862-55276-0877.fits
3862/spec-3862-55276-0878.fits
3862/spec-3862-55276-0879.fits
3862/spec-3862-55276-0880.fits
3862/spec-3862-55276-0881.fits
3862/spec-3862-55276-0882.fits
3862/spec-3862-55276-0883.fits
3862/spec-3862-55276-0884.fits
3862/spec-3862-55276-0885.fits
3862/spec-3862-55276-0886.fits
3862/spec-3862-55276-0887.fits
3862/spec-3862-55276-0888.fits
3862/spec-3862-55276-0889.fits
3862/spec-3862-55276-0890.fits
3862/spec-3862-55276-0891.fits
3862/spec-3862-55276-0892.fits
3862/spec-3862-55276-0893.fits
3862/spec-3862-55276-0894.fits
3862/spec-3862-55276-0895.fits
3862/spec-3862-55276-0896.fits
3862/spec-3862-55276-0897.fits
3862/spec-3862-55276-0898.fits
3862/spec-3862-55276-0899.fits
3862/spec-3862-55276-0900.fits
3862/spec-3862-55276-0901.fits
3862/spec-3862-55276-0902.fits
3862/spec-3862-55276-0903.fits
3862/spec-3862-55276-0904.fits
3862/spec-3862-55276-0905.fits
3862/spec-3862-55276-0906.fits
3862/spec-3862-55276-0907.fits
3862/spec-3862-55276-0908.fits
3862/spec-3862-55276-0909.fits
3862/spec-3862-55276-0910.fits
3862/spec-3862-55276-0911.fits
3862/spec-3862-55276-0912.fits
3862/spec-3862-55276-0913.fits
3862/spec-3862-55276-0914.fits
3862/spec-3862-55276-0915.fits
3862/spec-3862-55276-0916.fits
3862/spec-3862-55276-0917.fits
3862/spec-3862-55276-0918.fits
3862/spec-3862-55276-0919.fits
3862/spec-3862-55276-0920.fits
3862/spec-3862-55276-0921.fits
3862/spec-3862-55276-0922.fits
3862/spec-3862-55276-0923.fits
3862/spec-3862-55276-0924.fits
3862/spec-3862-55276-0925.fits
3862/spec-3862-55276-0926.fits
3862/spec-3862-55276-0927.fits
3862/spec-3862-55276-0928.fits
3862/spec-3862-55276-0929.fits
3862/spec-3862-55276-0930.fits
3862/spec-3862-55276-0931.fits
3862/spec-3862-55276-0932.fits
3862/spec-3862-55276-0933.fits
3862/spec-3862-55276-0934.fits
3862/spec-3862-55276-0935.fits
3862/spec-3862-55276-0936.fits
3862/spec-3862-55276-0937.fits
3862/spec-3862-55276-0938.fits
3862/spec-3862-55276-0939.fits
3862/spec-3862-55276-0940.fits
3862/spec-3862-55276-0941.fits
3862/spec-3862-55276-0942.fits
3862/spec-3862-55276-0943.fits
3862/spec-3862-55276-0944.fits
3862/spec-3862-55276-0945.fits
3862/spec-3862-55276-0946.fits
3862/spec-3862-55276-0947.fits
3862/spec-3862-55276-0948.fits
3862/spec-3862-55276-0949.fits
3862/spec-3862-55276-0950.fits
3862/spec-3862-55276-0951.fits
3862/spec-3862-55276-0952.fits
3862/spec-3862-55276-0953.fits
3862/spec-3862-55276-0954.fits
3862/spec-3862-55276-0955.fits
3862/spec-3862-55276-0956.fits
3862/spec-3862-55276-0957.fits
3862/spec-3862-55276-0958.fits
3862/spec-3862-55276-0959.fits
3862/spec-3862-55276-0960.fits
3862/spec-3862-55276-0961.fits
3862/spec-3862-55276-0962.fits
3862/spec-3862-55276-0963.fits
3862/spec-3862-55276-0964.fits
3862/spec-3862-55276-0965.fits
3862/spec-3862-55276-0966.fits
3862/spec-3862-55276-0967.fits
3862/spec-3862-55276-0968.fits
3862/spec-3862-55276-0969.fits
3862/spec-3862-55276-0970.fits
3862/spec-3862-55276-0971.fits
3862/spec-3862-55276-0972.fits
3862/spec-3862-55276-0973.fits
3862/spec-3862-55276-0974.fits
3862/spec-3862-55276-0975.fits
3862/spec-3862-55276-0976.fits
3862/spec-3862-55276-0977.fits
3862/spec-3862-55276-0978.fits
3862/spec-3862-55276-0979.fits
3862/spec-3862-55276-0980.fits
3862/spec-3862-55276-0981.fits
3862/spec-3862-55276-0982.fits
3862/spec-3862-55276-0983.fits
3862/spec-3862-55276-0984.fits
3862/spec-3862-55276-0985.fits
3862/spec-3862-55276-0986.fits
3862/spec-3862-55276-0987.fits
3862/spec-3862-55276-0988.fits
3862/spec-3862-55276-0989.fits
3862/spec-3862-55276-0990.fits
3862/spec-3862-55276-0991.fits
3862/spec-3862-55276-0992.fits
3862/spec-3862-55276-0993.fits
3862/spec-3862-55276-0994.fits
3862/spec-3862-55276-0995.fits
3862/spec-3862-55276-0996.fits
3862/spec-3862-55276-0997.fits
3862/spec-3862-55276-0998.fits
3862/spec-3862-55276-0999.fits
3862/spec-3862-55276-1000.fits
/var/lib/condor/execute/slot1/dir_34546
3862 3862.tgz R R361.tar.gz _condor_stderr _condor_stdout cB58_Lyman_break.fit condor_exec.exe hw4.R packages packages.tar.gz tmp var
[1] "Loaded package astro."
[1] 1000
3862 3862.csv 3862.tgz R R361.tar.gz _condor_stderr _condor_stdout cB58_Lyman_break.fit condor_exec.exe hw4.R packages packages.tar.gz tmp var
