6020
6020/
6020/spec-6020-56087-0001.fits
6020/spec-6020-56087-0002.fits
6020/spec-6020-56087-0003.fits
6020/spec-6020-56087-0004.fits
6020/spec-6020-56087-0005.fits
6020/spec-6020-56087-0006.fits
6020/spec-6020-56087-0007.fits
6020/spec-6020-56087-0008.fits
6020/spec-6020-56087-0009.fits
6020/spec-6020-56087-0010.fits
6020/spec-6020-56087-0011.fits
6020/spec-6020-56087-0012.fits
6020/spec-6020-56087-0013.fits
6020/spec-6020-56087-0014.fits
6020/spec-6020-56087-0015.fits
6020/spec-6020-56087-0016.fits
6020/spec-6020-56087-0017.fits
6020/spec-6020-56087-0018.fits
6020/spec-6020-56087-0019.fits
6020/spec-6020-56087-0020.fits
6020/spec-6020-56087-0021.fits
6020/spec-6020-56087-0022.fits
6020/spec-6020-56087-0023.fits
6020/spec-6020-56087-0024.fits
6020/spec-6020-56087-0025.fits
6020/spec-6020-56087-0026.fits
6020/spec-6020-56087-0027.fits
6020/spec-6020-56087-0028.fits
6020/spec-6020-56087-0029.fits
6020/spec-6020-56087-0030.fits
6020/spec-6020-56087-0031.fits
6020/spec-6020-56087-0032.fits
6020/spec-6020-56087-0033.fits
6020/spec-6020-56087-0034.fits
6020/spec-6020-56087-0035.fits
6020/spec-6020-56087-0036.fits
6020/spec-6020-56087-0037.fits
6020/spec-6020-56087-0038.fits
6020/spec-6020-56087-0039.fits
6020/spec-6020-56087-0040.fits
6020/spec-6020-56087-0041.fits
6020/spec-6020-56087-0042.fits
6020/spec-6020-56087-0043.fits
6020/spec-6020-56087-0044.fits
6020/spec-6020-56087-0045.fits
6020/spec-6020-56087-0046.fits
6020/spec-6020-56087-0047.fits
6020/spec-6020-56087-0048.fits
6020/spec-6020-56087-0049.fits
6020/spec-6020-56087-0050.fits
6020/spec-6020-56087-0051.fits
6020/spec-6020-56087-0052.fits
6020/spec-6020-56087-0053.fits
6020/spec-6020-56087-0054.fits
6020/spec-6020-56087-0055.fits
6020/spec-6020-56087-0056.fits
6020/spec-6020-56087-0057.fits
6020/spec-6020-56087-0058.fits
6020/spec-6020-56087-0059.fits
6020/spec-6020-56087-0060.fits
6020/spec-6020-56087-0061.fits
6020/spec-6020-56087-0062.fits
6020/spec-6020-56087-0063.fits
6020/spec-6020-56087-0064.fits
6020/spec-6020-56087-0065.fits
6020/spec-6020-56087-0066.fits
6020/spec-6020-56087-0067.fits
6020/spec-6020-56087-0068.fits
6020/spec-6020-56087-0069.fits
6020/spec-6020-56087-0070.fits
6020/spec-6020-56087-0071.fits
6020/spec-6020-56087-0072.fits
6020/spec-6020-56087-0073.fits
6020/spec-6020-56087-0074.fits
6020/spec-6020-56087-0075.fits
6020/spec-6020-56087-0076.fits
6020/spec-6020-56087-0077.fits
6020/spec-6020-56087-0078.fits
6020/spec-6020-56087-0079.fits
6020/spec-6020-56087-0080.fits
6020/spec-6020-56087-0081.fits
6020/spec-6020-56087-0082.fits
6020/spec-6020-56087-0083.fits
6020/spec-6020-56087-0084.fits
6020/spec-6020-56087-0085.fits
6020/spec-6020-56087-0086.fits
6020/spec-6020-56087-0087.fits
6020/spec-6020-56087-0088.fits
6020/spec-6020-56087-0089.fits
6020/spec-6020-56087-0090.fits
6020/spec-6020-56087-0091.fits
6020/spec-6020-56087-0092.fits
6020/spec-6020-56087-0093.fits
6020/spec-6020-56087-0094.fits
6020/spec-6020-56087-0095.fits
6020/spec-6020-56087-0096.fits
6020/spec-6020-56087-0097.fits
6020/spec-6020-56087-0098.fits
6020/spec-6020-56087-0099.fits
6020/spec-6020-56087-0100.fits
6020/spec-6020-56087-0101.fits
6020/spec-6020-56087-0102.fits
6020/spec-6020-56087-0103.fits
6020/spec-6020-56087-0104.fits
6020/spec-6020-56087-0105.fits
6020/spec-6020-56087-0106.fits
6020/spec-6020-56087-0107.fits
6020/spec-6020-56087-0108.fits
6020/spec-6020-56087-0109.fits
6020/spec-6020-56087-0110.fits
6020/spec-6020-56087-0111.fits
6020/spec-6020-56087-0112.fits
6020/spec-6020-56087-0113.fits
6020/spec-6020-56087-0114.fits
6020/spec-6020-56087-0115.fits
6020/spec-6020-56087-0116.fits
6020/spec-6020-56087-0117.fits
6020/spec-6020-56087-0118.fits
6020/spec-6020-56087-0119.fits
6020/spec-6020-56087-0120.fits
6020/spec-6020-56087-0121.fits
6020/spec-6020-56087-0122.fits
6020/spec-6020-56087-0123.fits
6020/spec-6020-56087-0124.fits
6020/spec-6020-56087-0125.fits
6020/spec-6020-56087-0126.fits
6020/spec-6020-56087-0127.fits
6020/spec-6020-56087-0128.fits
6020/spec-6020-56087-0129.fits
6020/spec-6020-56087-0130.fits
6020/spec-6020-56087-0131.fits
6020/spec-6020-56087-0132.fits
6020/spec-6020-56087-0133.fits
6020/spec-6020-56087-0134.fits
6020/spec-6020-56087-0135.fits
6020/spec-6020-56087-0136.fits
6020/spec-6020-56087-0137.fits
6020/spec-6020-56087-0138.fits
6020/spec-6020-56087-0139.fits
6020/spec-6020-56087-0140.fits
6020/spec-6020-56087-0141.fits
6020/spec-6020-56087-0142.fits
6020/spec-6020-56087-0143.fits
6020/spec-6020-56087-0144.fits
6020/spec-6020-56087-0145.fits
6020/spec-6020-56087-0146.fits
6020/spec-6020-56087-0147.fits
6020/spec-6020-56087-0148.fits
6020/spec-6020-56087-0149.fits
6020/spec-6020-56087-0150.fits
6020/spec-6020-56087-0151.fits
6020/spec-6020-56087-0152.fits
6020/spec-6020-56087-0153.fits
6020/spec-6020-56087-0154.fits
6020/spec-6020-56087-0155.fits
6020/spec-6020-56087-0156.fits
6020/spec-6020-56087-0157.fits
6020/spec-6020-56087-0158.fits
6020/spec-6020-56087-0159.fits
6020/spec-6020-56087-0160.fits
6020/spec-6020-56087-0161.fits
6020/spec-6020-56087-0162.fits
6020/spec-6020-56087-0163.fits
6020/spec-6020-56087-0164.fits
6020/spec-6020-56087-0165.fits
6020/spec-6020-56087-0166.fits
6020/spec-6020-56087-0167.fits
6020/spec-6020-56087-0168.fits
6020/spec-6020-56087-0169.fits
6020/spec-6020-56087-0170.fits
6020/spec-6020-56087-0171.fits
6020/spec-6020-56087-0172.fits
6020/spec-6020-56087-0173.fits
6020/spec-6020-56087-0174.fits
6020/spec-6020-56087-0175.fits
6020/spec-6020-56087-0176.fits
6020/spec-6020-56087-0177.fits
6020/spec-6020-56087-0178.fits
6020/spec-6020-56087-0179.fits
6020/spec-6020-56087-0180.fits
6020/spec-6020-56087-0181.fits
6020/spec-6020-56087-0182.fits
6020/spec-6020-56087-0183.fits
6020/spec-6020-56087-0184.fits
6020/spec-6020-56087-0185.fits
6020/spec-6020-56087-0186.fits
6020/spec-6020-56087-0187.fits
6020/spec-6020-56087-0188.fits
6020/spec-6020-56087-0189.fits
6020/spec-6020-56087-0190.fits
6020/spec-6020-56087-0191.fits
6020/spec-6020-56087-0192.fits
6020/spec-6020-56087-0193.fits
6020/spec-6020-56087-0194.fits
6020/spec-6020-56087-0195.fits
6020/spec-6020-56087-0196.fits
6020/spec-6020-56087-0197.fits
6020/spec-6020-56087-0198.fits
6020/spec-6020-56087-0199.fits
6020/spec-6020-56087-0200.fits
6020/spec-6020-56087-0201.fits
6020/spec-6020-56087-0202.fits
6020/spec-6020-56087-0203.fits
6020/spec-6020-56087-0204.fits
6020/spec-6020-56087-0205.fits
6020/spec-6020-56087-0206.fits
6020/spec-6020-56087-0207.fits
6020/spec-6020-56087-0208.fits
6020/spec-6020-56087-0209.fits
6020/spec-6020-56087-0210.fits
6020/spec-6020-56087-0211.fits
6020/spec-6020-56087-0212.fits
6020/spec-6020-56087-0213.fits
6020/spec-6020-56087-0214.fits
6020/spec-6020-56087-0215.fits
6020/spec-6020-56087-0216.fits
6020/spec-6020-56087-0217.fits
6020/spec-6020-56087-0218.fits
6020/spec-6020-56087-0219.fits
6020/spec-6020-56087-0220.fits
6020/spec-6020-56087-0221.fits
6020/spec-6020-56087-0222.fits
6020/spec-6020-56087-0223.fits
6020/spec-6020-56087-0224.fits
6020/spec-6020-56087-0225.fits
6020/spec-6020-56087-0226.fits
6020/spec-6020-56087-0227.fits
6020/spec-6020-56087-0228.fits
6020/spec-6020-56087-0229.fits
6020/spec-6020-56087-0230.fits
6020/spec-6020-56087-0231.fits
6020/spec-6020-56087-0232.fits
6020/spec-6020-56087-0233.fits
6020/spec-6020-56087-0234.fits
6020/spec-6020-56087-0235.fits
6020/spec-6020-56087-0236.fits
6020/spec-6020-56087-0237.fits
6020/spec-6020-56087-0238.fits
6020/spec-6020-56087-0239.fits
6020/spec-6020-56087-0240.fits
6020/spec-6020-56087-0241.fits
6020/spec-6020-56087-0242.fits
6020/spec-6020-56087-0243.fits
6020/spec-6020-56087-0244.fits
6020/spec-6020-56087-0245.fits
6020/spec-6020-56087-0246.fits
6020/spec-6020-56087-0247.fits
6020/spec-6020-56087-0248.fits
6020/spec-6020-56087-0249.fits
6020/spec-6020-56087-0250.fits
6020/spec-6020-56087-0251.fits
6020/spec-6020-56087-0252.fits
6020/spec-6020-56087-0253.fits
6020/spec-6020-56087-0254.fits
6020/spec-6020-56087-0255.fits
6020/spec-6020-56087-0256.fits
6020/spec-6020-56087-0257.fits
6020/spec-6020-56087-0258.fits
6020/spec-6020-56087-0259.fits
6020/spec-6020-56087-0260.fits
6020/spec-6020-56087-0261.fits
6020/spec-6020-56087-0262.fits
6020/spec-6020-56087-0263.fits
6020/spec-6020-56087-0264.fits
6020/spec-6020-56087-0265.fits
6020/spec-6020-56087-0266.fits
6020/spec-6020-56087-0267.fits
6020/spec-6020-56087-0268.fits
6020/spec-6020-56087-0269.fits
6020/spec-6020-56087-0270.fits
6020/spec-6020-56087-0271.fits
6020/spec-6020-56087-0272.fits
6020/spec-6020-56087-0273.fits
6020/spec-6020-56087-0274.fits
6020/spec-6020-56087-0275.fits
6020/spec-6020-56087-0276.fits
6020/spec-6020-56087-0277.fits
6020/spec-6020-56087-0278.fits
6020/spec-6020-56087-0279.fits
6020/spec-6020-56087-0280.fits
6020/spec-6020-56087-0281.fits
6020/spec-6020-56087-0282.fits
6020/spec-6020-56087-0283.fits
6020/spec-6020-56087-0284.fits
6020/spec-6020-56087-0285.fits
6020/spec-6020-56087-0286.fits
6020/spec-6020-56087-0287.fits
6020/spec-6020-56087-0288.fits
6020/spec-6020-56087-0289.fits
6020/spec-6020-56087-0290.fits
6020/spec-6020-56087-0291.fits
6020/spec-6020-56087-0292.fits
6020/spec-6020-56087-0293.fits
6020/spec-6020-56087-0294.fits
6020/spec-6020-56087-0295.fits
6020/spec-6020-56087-0296.fits
6020/spec-6020-56087-0297.fits
6020/spec-6020-56087-0298.fits
6020/spec-6020-56087-0299.fits
6020/spec-6020-56087-0300.fits
6020/spec-6020-56087-0301.fits
6020/spec-6020-56087-0302.fits
6020/spec-6020-56087-0303.fits
6020/spec-6020-56087-0304.fits
6020/spec-6020-56087-0305.fits
6020/spec-6020-56087-0306.fits
6020/spec-6020-56087-0307.fits
6020/spec-6020-56087-0308.fits
6020/spec-6020-56087-0309.fits
6020/spec-6020-56087-0310.fits
6020/spec-6020-56087-0311.fits
6020/spec-6020-56087-0312.fits
6020/spec-6020-56087-0313.fits
6020/spec-6020-56087-0314.fits
6020/spec-6020-56087-0315.fits
6020/spec-6020-56087-0316.fits
6020/spec-6020-56087-0317.fits
6020/spec-6020-56087-0318.fits
6020/spec-6020-56087-0319.fits
6020/spec-6020-56087-0320.fits
6020/spec-6020-56087-0321.fits
6020/spec-6020-56087-0322.fits
6020/spec-6020-56087-0323.fits
6020/spec-6020-56087-0324.fits
6020/spec-6020-56087-0325.fits
6020/spec-6020-56087-0326.fits
6020/spec-6020-56087-0327.fits
6020/spec-6020-56087-0328.fits
6020/spec-6020-56087-0329.fits
6020/spec-6020-56087-0330.fits
6020/spec-6020-56087-0331.fits
6020/spec-6020-56087-0332.fits
6020/spec-6020-56087-0333.fits
6020/spec-6020-56087-0334.fits
6020/spec-6020-56087-0335.fits
6020/spec-6020-56087-0336.fits
6020/spec-6020-56087-0337.fits
6020/spec-6020-56087-0338.fits
6020/spec-6020-56087-0339.fits
6020/spec-6020-56087-0340.fits
6020/spec-6020-56087-0341.fits
6020/spec-6020-56087-0342.fits
6020/spec-6020-56087-0343.fits
6020/spec-6020-56087-0344.fits
6020/spec-6020-56087-0345.fits
6020/spec-6020-56087-0346.fits
6020/spec-6020-56087-0347.fits
6020/spec-6020-56087-0348.fits
6020/spec-6020-56087-0349.fits
6020/spec-6020-56087-0350.fits
6020/spec-6020-56087-0351.fits
6020/spec-6020-56087-0352.fits
6020/spec-6020-56087-0353.fits
6020/spec-6020-56087-0354.fits
6020/spec-6020-56087-0355.fits
6020/spec-6020-56087-0356.fits
6020/spec-6020-56087-0357.fits
6020/spec-6020-56087-0358.fits
6020/spec-6020-56087-0359.fits
6020/spec-6020-56087-0360.fits
6020/spec-6020-56087-0361.fits
6020/spec-6020-56087-0362.fits
6020/spec-6020-56087-0363.fits
6020/spec-6020-56087-0364.fits
6020/spec-6020-56087-0365.fits
6020/spec-6020-56087-0366.fits
6020/spec-6020-56087-0367.fits
6020/spec-6020-56087-0368.fits
6020/spec-6020-56087-0369.fits
6020/spec-6020-56087-0370.fits
6020/spec-6020-56087-0371.fits
6020/spec-6020-56087-0372.fits
6020/spec-6020-56087-0373.fits
6020/spec-6020-56087-0374.fits
6020/spec-6020-56087-0375.fits
6020/spec-6020-56087-0376.fits
6020/spec-6020-56087-0377.fits
6020/spec-6020-56087-0378.fits
6020/spec-6020-56087-0379.fits
6020/spec-6020-56087-0380.fits
6020/spec-6020-56087-0381.fits
6020/spec-6020-56087-0382.fits
6020/spec-6020-56087-0383.fits
6020/spec-6020-56087-0384.fits
6020/spec-6020-56087-0385.fits
6020/spec-6020-56087-0386.fits
6020/spec-6020-56087-0387.fits
6020/spec-6020-56087-0388.fits
6020/spec-6020-56087-0389.fits
6020/spec-6020-56087-0390.fits
6020/spec-6020-56087-0391.fits
6020/spec-6020-56087-0392.fits
6020/spec-6020-56087-0393.fits
6020/spec-6020-56087-0394.fits
6020/spec-6020-56087-0395.fits
6020/spec-6020-56087-0396.fits
6020/spec-6020-56087-0397.fits
6020/spec-6020-56087-0398.fits
6020/spec-6020-56087-0399.fits
6020/spec-6020-56087-0400.fits
6020/spec-6020-56087-0401.fits
6020/spec-6020-56087-0402.fits
6020/spec-6020-56087-0403.fits
6020/spec-6020-56087-0404.fits
6020/spec-6020-56087-0405.fits
6020/spec-6020-56087-0406.fits
6020/spec-6020-56087-0407.fits
6020/spec-6020-56087-0408.fits
6020/spec-6020-56087-0409.fits
6020/spec-6020-56087-0410.fits
6020/spec-6020-56087-0411.fits
6020/spec-6020-56087-0412.fits
6020/spec-6020-56087-0413.fits
6020/spec-6020-56087-0414.fits
6020/spec-6020-56087-0415.fits
6020/spec-6020-56087-0416.fits
6020/spec-6020-56087-0417.fits
6020/spec-6020-56087-0418.fits
6020/spec-6020-56087-0419.fits
6020/spec-6020-56087-0420.fits
6020/spec-6020-56087-0421.fits
6020/spec-6020-56087-0422.fits
6020/spec-6020-56087-0423.fits
6020/spec-6020-56087-0424.fits
6020/spec-6020-56087-0425.fits
6020/spec-6020-56087-0426.fits
6020/spec-6020-56087-0427.fits
6020/spec-6020-56087-0428.fits
6020/spec-6020-56087-0429.fits
6020/spec-6020-56087-0430.fits
6020/spec-6020-56087-0431.fits
6020/spec-6020-56087-0432.fits
6020/spec-6020-56087-0433.fits
6020/spec-6020-56087-0434.fits
6020/spec-6020-56087-0435.fits
6020/spec-6020-56087-0436.fits
6020/spec-6020-56087-0437.fits
6020/spec-6020-56087-0438.fits
6020/spec-6020-56087-0439.fits
6020/spec-6020-56087-0440.fits
6020/spec-6020-56087-0441.fits
6020/spec-6020-56087-0442.fits
6020/spec-6020-56087-0443.fits
6020/spec-6020-56087-0444.fits
6020/spec-6020-56087-0445.fits
6020/spec-6020-56087-0446.fits
6020/spec-6020-56087-0447.fits
6020/spec-6020-56087-0448.fits
6020/spec-6020-56087-0449.fits
6020/spec-6020-56087-0450.fits
6020/spec-6020-56087-0451.fits
6020/spec-6020-56087-0452.fits
6020/spec-6020-56087-0453.fits
6020/spec-6020-56087-0454.fits
6020/spec-6020-56087-0455.fits
6020/spec-6020-56087-0456.fits
6020/spec-6020-56087-0457.fits
6020/spec-6020-56087-0458.fits
6020/spec-6020-56087-0459.fits
6020/spec-6020-56087-0460.fits
6020/spec-6020-56087-0461.fits
6020/spec-6020-56087-0462.fits
6020/spec-6020-56087-0463.fits
6020/spec-6020-56087-0464.fits
6020/spec-6020-56087-0465.fits
6020/spec-6020-56087-0466.fits
6020/spec-6020-56087-0467.fits
6020/spec-6020-56087-0468.fits
6020/spec-6020-56087-0469.fits
6020/spec-6020-56087-0470.fits
6020/spec-6020-56087-0471.fits
6020/spec-6020-56087-0472.fits
6020/spec-6020-56087-0473.fits
6020/spec-6020-56087-0474.fits
6020/spec-6020-56087-0475.fits
6020/spec-6020-56087-0476.fits
6020/spec-6020-56087-0477.fits
6020/spec-6020-56087-0478.fits
6020/spec-6020-56087-0479.fits
6020/spec-6020-56087-0480.fits
6020/spec-6020-56087-0481.fits
6020/spec-6020-56087-0482.fits
6020/spec-6020-56087-0483.fits
6020/spec-6020-56087-0484.fits
6020/spec-6020-56087-0485.fits
6020/spec-6020-56087-0486.fits
6020/spec-6020-56087-0487.fits
6020/spec-6020-56087-0488.fits
6020/spec-6020-56087-0489.fits
6020/spec-6020-56087-0490.fits
6020/spec-6020-56087-0491.fits
6020/spec-6020-56087-0492.fits
6020/spec-6020-56087-0493.fits
6020/spec-6020-56087-0494.fits
6020/spec-6020-56087-0495.fits
6020/spec-6020-56087-0496.fits
6020/spec-6020-56087-0497.fits
6020/spec-6020-56087-0498.fits
6020/spec-6020-56087-0499.fits
6020/spec-6020-56087-0500.fits
6020/spec-6020-56087-0501.fits
6020/spec-6020-56087-0502.fits
6020/spec-6020-56087-0503.fits
6020/spec-6020-56087-0504.fits
6020/spec-6020-56087-0505.fits
6020/spec-6020-56087-0506.fits
6020/spec-6020-56087-0507.fits
6020/spec-6020-56087-0508.fits
6020/spec-6020-56087-0509.fits
6020/spec-6020-56087-0510.fits
6020/spec-6020-56087-0511.fits
6020/spec-6020-56087-0512.fits
6020/spec-6020-56087-0513.fits
6020/spec-6020-56087-0514.fits
6020/spec-6020-56087-0515.fits
6020/spec-6020-56087-0516.fits
6020/spec-6020-56087-0517.fits
6020/spec-6020-56087-0518.fits
6020/spec-6020-56087-0519.fits
6020/spec-6020-56087-0520.fits
6020/spec-6020-56087-0521.fits
6020/spec-6020-56087-0522.fits
6020/spec-6020-56087-0523.fits
6020/spec-6020-56087-0524.fits
6020/spec-6020-56087-0525.fits
6020/spec-6020-56087-0526.fits
6020/spec-6020-56087-0527.fits
6020/spec-6020-56087-0528.fits
6020/spec-6020-56087-0529.fits
6020/spec-6020-56087-0530.fits
6020/spec-6020-56087-0531.fits
6020/spec-6020-56087-0532.fits
6020/spec-6020-56087-0533.fits
6020/spec-6020-56087-0534.fits
6020/spec-6020-56087-0535.fits
6020/spec-6020-56087-0536.fits
6020/spec-6020-56087-0537.fits
6020/spec-6020-56087-0538.fits
6020/spec-6020-56087-0539.fits
6020/spec-6020-56087-0540.fits
6020/spec-6020-56087-0541.fits
6020/spec-6020-56087-0542.fits
6020/spec-6020-56087-0543.fits
6020/spec-6020-56087-0544.fits
6020/spec-6020-56087-0545.fits
6020/spec-6020-56087-0546.fits
6020/spec-6020-56087-0547.fits
6020/spec-6020-56087-0548.fits
6020/spec-6020-56087-0549.fits
6020/spec-6020-56087-0550.fits
6020/spec-6020-56087-0551.fits
6020/spec-6020-56087-0552.fits
6020/spec-6020-56087-0553.fits
6020/spec-6020-56087-0554.fits
6020/spec-6020-56087-0555.fits
6020/spec-6020-56087-0556.fits
6020/spec-6020-56087-0557.fits
6020/spec-6020-56087-0558.fits
6020/spec-6020-56087-0559.fits
6020/spec-6020-56087-0560.fits
6020/spec-6020-56087-0561.fits
6020/spec-6020-56087-0562.fits
6020/spec-6020-56087-0563.fits
6020/spec-6020-56087-0564.fits
6020/spec-6020-56087-0565.fits
6020/spec-6020-56087-0566.fits
6020/spec-6020-56087-0567.fits
6020/spec-6020-56087-0568.fits
6020/spec-6020-56087-0569.fits
6020/spec-6020-56087-0570.fits
6020/spec-6020-56087-0571.fits
6020/spec-6020-56087-0572.fits
6020/spec-6020-56087-0573.fits
6020/spec-6020-56087-0574.fits
6020/spec-6020-56087-0575.fits
6020/spec-6020-56087-0576.fits
6020/spec-6020-56087-0577.fits
6020/spec-6020-56087-0578.fits
6020/spec-6020-56087-0579.fits
6020/spec-6020-56087-0580.fits
6020/spec-6020-56087-0581.fits
6020/spec-6020-56087-0582.fits
6020/spec-6020-56087-0583.fits
6020/spec-6020-56087-0584.fits
6020/spec-6020-56087-0585.fits
6020/spec-6020-56087-0586.fits
6020/spec-6020-56087-0587.fits
6020/spec-6020-56087-0588.fits
6020/spec-6020-56087-0589.fits
6020/spec-6020-56087-0590.fits
6020/spec-6020-56087-0591.fits
6020/spec-6020-56087-0592.fits
6020/spec-6020-56087-0593.fits
6020/spec-6020-56087-0594.fits
6020/spec-6020-56087-0595.fits
6020/spec-6020-56087-0596.fits
6020/spec-6020-56087-0597.fits
6020/spec-6020-56087-0598.fits
6020/spec-6020-56087-0599.fits
6020/spec-6020-56087-0600.fits
6020/spec-6020-56087-0601.fits
6020/spec-6020-56087-0602.fits
6020/spec-6020-56087-0603.fits
6020/spec-6020-56087-0604.fits
6020/spec-6020-56087-0605.fits
6020/spec-6020-56087-0606.fits
6020/spec-6020-56087-0607.fits
6020/spec-6020-56087-0608.fits
6020/spec-6020-56087-0609.fits
6020/spec-6020-56087-0610.fits
6020/spec-6020-56087-0611.fits
6020/spec-6020-56087-0612.fits
6020/spec-6020-56087-0613.fits
6020/spec-6020-56087-0614.fits
6020/spec-6020-56087-0615.fits
6020/spec-6020-56087-0616.fits
6020/spec-6020-56087-0617.fits
6020/spec-6020-56087-0618.fits
6020/spec-6020-56087-0619.fits
6020/spec-6020-56087-0620.fits
6020/spec-6020-56087-0621.fits
6020/spec-6020-56087-0622.fits
6020/spec-6020-56087-0623.fits
6020/spec-6020-56087-0624.fits
6020/spec-6020-56087-0625.fits
6020/spec-6020-56087-0626.fits
6020/spec-6020-56087-0627.fits
6020/spec-6020-56087-0628.fits
6020/spec-6020-56087-0629.fits
6020/spec-6020-56087-0630.fits
6020/spec-6020-56087-0631.fits
6020/spec-6020-56087-0632.fits
6020/spec-6020-56087-0633.fits
6020/spec-6020-56087-0634.fits
6020/spec-6020-56087-0635.fits
6020/spec-6020-56087-0636.fits
6020/spec-6020-56087-0637.fits
6020/spec-6020-56087-0638.fits
6020/spec-6020-56087-0639.fits
6020/spec-6020-56087-0640.fits
6020/spec-6020-56087-0641.fits
6020/spec-6020-56087-0642.fits
6020/spec-6020-56087-0643.fits
6020/spec-6020-56087-0644.fits
6020/spec-6020-56087-0645.fits
6020/spec-6020-56087-0646.fits
6020/spec-6020-56087-0647.fits
6020/spec-6020-56087-0648.fits
6020/spec-6020-56087-0649.fits
6020/spec-6020-56087-0650.fits
6020/spec-6020-56087-0651.fits
6020/spec-6020-56087-0652.fits
6020/spec-6020-56087-0653.fits
6020/spec-6020-56087-0654.fits
6020/spec-6020-56087-0655.fits
6020/spec-6020-56087-0656.fits
6020/spec-6020-56087-0657.fits
6020/spec-6020-56087-0658.fits
6020/spec-6020-56087-0659.fits
6020/spec-6020-56087-0660.fits
6020/spec-6020-56087-0661.fits
6020/spec-6020-56087-0662.fits
6020/spec-6020-56087-0663.fits
6020/spec-6020-56087-0664.fits
6020/spec-6020-56087-0665.fits
6020/spec-6020-56087-0666.fits
6020/spec-6020-56087-0667.fits
6020/spec-6020-56087-0668.fits
6020/spec-6020-56087-0669.fits
6020/spec-6020-56087-0670.fits
6020/spec-6020-56087-0671.fits
6020/spec-6020-56087-0672.fits
6020/spec-6020-56087-0673.fits
6020/spec-6020-56087-0674.fits
6020/spec-6020-56087-0675.fits
6020/spec-6020-56087-0676.fits
6020/spec-6020-56087-0677.fits
6020/spec-6020-56087-0678.fits
6020/spec-6020-56087-0679.fits
6020/spec-6020-56087-0680.fits
6020/spec-6020-56087-0681.fits
6020/spec-6020-56087-0682.fits
6020/spec-6020-56087-0683.fits
6020/spec-6020-56087-0684.fits
6020/spec-6020-56087-0685.fits
6020/spec-6020-56087-0686.fits
6020/spec-6020-56087-0687.fits
6020/spec-6020-56087-0688.fits
6020/spec-6020-56087-0689.fits
6020/spec-6020-56087-0690.fits
6020/spec-6020-56087-0691.fits
6020/spec-6020-56087-0692.fits
6020/spec-6020-56087-0693.fits
6020/spec-6020-56087-0694.fits
6020/spec-6020-56087-0695.fits
6020/spec-6020-56087-0696.fits
6020/spec-6020-56087-0697.fits
6020/spec-6020-56087-0698.fits
6020/spec-6020-56087-0699.fits
6020/spec-6020-56087-0700.fits
6020/spec-6020-56087-0701.fits
6020/spec-6020-56087-0702.fits
6020/spec-6020-56087-0703.fits
6020/spec-6020-56087-0704.fits
6020/spec-6020-56087-0705.fits
6020/spec-6020-56087-0706.fits
6020/spec-6020-56087-0707.fits
6020/spec-6020-56087-0708.fits
6020/spec-6020-56087-0709.fits
6020/spec-6020-56087-0710.fits
6020/spec-6020-56087-0711.fits
6020/spec-6020-56087-0712.fits
6020/spec-6020-56087-0713.fits
6020/spec-6020-56087-0714.fits
6020/spec-6020-56087-0715.fits
6020/spec-6020-56087-0716.fits
6020/spec-6020-56087-0717.fits
6020/spec-6020-56087-0718.fits
6020/spec-6020-56087-0719.fits
6020/spec-6020-56087-0720.fits
6020/spec-6020-56087-0721.fits
6020/spec-6020-56087-0722.fits
6020/spec-6020-56087-0723.fits
6020/spec-6020-56087-0724.fits
6020/spec-6020-56087-0725.fits
6020/spec-6020-56087-0726.fits
6020/spec-6020-56087-0727.fits
6020/spec-6020-56087-0728.fits
6020/spec-6020-56087-0729.fits
6020/spec-6020-56087-0730.fits
6020/spec-6020-56087-0731.fits
6020/spec-6020-56087-0732.fits
6020/spec-6020-56087-0733.fits
6020/spec-6020-56087-0734.fits
6020/spec-6020-56087-0735.fits
6020/spec-6020-56087-0736.fits
6020/spec-6020-56087-0737.fits
6020/spec-6020-56087-0738.fits
6020/spec-6020-56087-0739.fits
6020/spec-6020-56087-0740.fits
6020/spec-6020-56087-0741.fits
6020/spec-6020-56087-0742.fits
6020/spec-6020-56087-0743.fits
6020/spec-6020-56087-0744.fits
6020/spec-6020-56087-0745.fits
6020/spec-6020-56087-0746.fits
6020/spec-6020-56087-0747.fits
6020/spec-6020-56087-0748.fits
6020/spec-6020-56087-0749.fits
6020/spec-6020-56087-0750.fits
6020/spec-6020-56087-0751.fits
6020/spec-6020-56087-0752.fits
6020/spec-6020-56087-0753.fits
6020/spec-6020-56087-0754.fits
6020/spec-6020-56087-0755.fits
6020/spec-6020-56087-0756.fits
6020/spec-6020-56087-0757.fits
6020/spec-6020-56087-0758.fits
6020/spec-6020-56087-0759.fits
6020/spec-6020-56087-0760.fits
6020/spec-6020-56087-0761.fits
6020/spec-6020-56087-0762.fits
6020/spec-6020-56087-0763.fits
6020/spec-6020-56087-0764.fits
6020/spec-6020-56087-0765.fits
6020/spec-6020-56087-0766.fits
6020/spec-6020-56087-0767.fits
6020/spec-6020-56087-0768.fits
6020/spec-6020-56087-0769.fits
6020/spec-6020-56087-0770.fits
6020/spec-6020-56087-0771.fits
6020/spec-6020-56087-0772.fits
6020/spec-6020-56087-0773.fits
6020/spec-6020-56087-0774.fits
6020/spec-6020-56087-0775.fits
6020/spec-6020-56087-0776.fits
6020/spec-6020-56087-0777.fits
6020/spec-6020-56087-0778.fits
6020/spec-6020-56087-0779.fits
6020/spec-6020-56087-0780.fits
6020/spec-6020-56087-0781.fits
6020/spec-6020-56087-0782.fits
6020/spec-6020-56087-0783.fits
6020/spec-6020-56087-0784.fits
6020/spec-6020-56087-0785.fits
6020/spec-6020-56087-0786.fits
6020/spec-6020-56087-0787.fits
6020/spec-6020-56087-0788.fits
6020/spec-6020-56087-0789.fits
6020/spec-6020-56087-0790.fits
6020/spec-6020-56087-0791.fits
6020/spec-6020-56087-0792.fits
6020/spec-6020-56087-0793.fits
6020/spec-6020-56087-0794.fits
6020/spec-6020-56087-0795.fits
6020/spec-6020-56087-0796.fits
6020/spec-6020-56087-0797.fits
6020/spec-6020-56087-0798.fits
6020/spec-6020-56087-0799.fits
6020/spec-6020-56087-0800.fits
6020/spec-6020-56087-0801.fits
6020/spec-6020-56087-0802.fits
6020/spec-6020-56087-0803.fits
6020/spec-6020-56087-0804.fits
6020/spec-6020-56087-0805.fits
6020/spec-6020-56087-0806.fits
6020/spec-6020-56087-0807.fits
6020/spec-6020-56087-0808.fits
6020/spec-6020-56087-0809.fits
6020/spec-6020-56087-0810.fits
6020/spec-6020-56087-0811.fits
6020/spec-6020-56087-0812.fits
6020/spec-6020-56087-0813.fits
6020/spec-6020-56087-0814.fits
6020/spec-6020-56087-0815.fits
6020/spec-6020-56087-0816.fits
6020/spec-6020-56087-0817.fits
6020/spec-6020-56087-0818.fits
6020/spec-6020-56087-0819.fits
6020/spec-6020-56087-0820.fits
6020/spec-6020-56087-0821.fits
6020/spec-6020-56087-0822.fits
6020/spec-6020-56087-0823.fits
6020/spec-6020-56087-0824.fits
6020/spec-6020-56087-0825.fits
6020/spec-6020-56087-0826.fits
6020/spec-6020-56087-0827.fits
6020/spec-6020-56087-0828.fits
6020/spec-6020-56087-0829.fits
6020/spec-6020-56087-0830.fits
6020/spec-6020-56087-0831.fits
6020/spec-6020-56087-0832.fits
6020/spec-6020-56087-0833.fits
6020/spec-6020-56087-0834.fits
6020/spec-6020-56087-0835.fits
6020/spec-6020-56087-0836.fits
6020/spec-6020-56087-0837.fits
6020/spec-6020-56087-0838.fits
6020/spec-6020-56087-0839.fits
6020/spec-6020-56087-0840.fits
6020/spec-6020-56087-0841.fits
6020/spec-6020-56087-0842.fits
6020/spec-6020-56087-0843.fits
6020/spec-6020-56087-0844.fits
6020/spec-6020-56087-0845.fits
6020/spec-6020-56087-0846.fits
6020/spec-6020-56087-0847.fits
6020/spec-6020-56087-0848.fits
6020/spec-6020-56087-0849.fits
6020/spec-6020-56087-0850.fits
6020/spec-6020-56087-0851.fits
6020/spec-6020-56087-0852.fits
6020/spec-6020-56087-0853.fits
6020/spec-6020-56087-0854.fits
6020/spec-6020-56087-0855.fits
6020/spec-6020-56087-0856.fits
6020/spec-6020-56087-0857.fits
6020/spec-6020-56087-0858.fits
6020/spec-6020-56087-0859.fits
6020/spec-6020-56087-0860.fits
6020/spec-6020-56087-0861.fits
6020/spec-6020-56087-0862.fits
6020/spec-6020-56087-0863.fits
6020/spec-6020-56087-0864.fits
6020/spec-6020-56087-0865.fits
6020/spec-6020-56087-0866.fits
6020/spec-6020-56087-0867.fits
6020/spec-6020-56087-0868.fits
6020/spec-6020-56087-0869.fits
6020/spec-6020-56087-0870.fits
6020/spec-6020-56087-0871.fits
6020/spec-6020-56087-0872.fits
6020/spec-6020-56087-0873.fits
6020/spec-6020-56087-0874.fits
6020/spec-6020-56087-0875.fits
6020/spec-6020-56087-0876.fits
6020/spec-6020-56087-0877.fits
6020/spec-6020-56087-0878.fits
6020/spec-6020-56087-0879.fits
6020/spec-6020-56087-0880.fits
6020/spec-6020-56087-0881.fits
6020/spec-6020-56087-0882.fits
6020/spec-6020-56087-0883.fits
6020/spec-6020-56087-0884.fits
6020/spec-6020-56087-0885.fits
6020/spec-6020-56087-0886.fits
6020/spec-6020-56087-0887.fits
6020/spec-6020-56087-0888.fits
6020/spec-6020-56087-0889.fits
6020/spec-6020-56087-0890.fits
6020/spec-6020-56087-0891.fits
6020/spec-6020-56087-0892.fits
6020/spec-6020-56087-0893.fits
6020/spec-6020-56087-0894.fits
6020/spec-6020-56087-0895.fits
6020/spec-6020-56087-0896.fits
6020/spec-6020-56087-0897.fits
6020/spec-6020-56087-0898.fits
6020/spec-6020-56087-0899.fits
6020/spec-6020-56087-0900.fits
6020/spec-6020-56087-0901.fits
6020/spec-6020-56087-0902.fits
6020/spec-6020-56087-0903.fits
6020/spec-6020-56087-0904.fits
6020/spec-6020-56087-0905.fits
6020/spec-6020-56087-0906.fits
6020/spec-6020-56087-0907.fits
6020/spec-6020-56087-0908.fits
6020/spec-6020-56087-0909.fits
6020/spec-6020-56087-0910.fits
6020/spec-6020-56087-0911.fits
6020/spec-6020-56087-0912.fits
6020/spec-6020-56087-0913.fits
6020/spec-6020-56087-0914.fits
6020/spec-6020-56087-0915.fits
6020/spec-6020-56087-0916.fits
6020/spec-6020-56087-0917.fits
6020/spec-6020-56087-0918.fits
6020/spec-6020-56087-0919.fits
6020/spec-6020-56087-0920.fits
6020/spec-6020-56087-0921.fits
6020/spec-6020-56087-0922.fits
6020/spec-6020-56087-0923.fits
6020/spec-6020-56087-0924.fits
6020/spec-6020-56087-0925.fits
6020/spec-6020-56087-0926.fits
6020/spec-6020-56087-0927.fits
6020/spec-6020-56087-0928.fits
6020/spec-6020-56087-0929.fits
6020/spec-6020-56087-0930.fits
6020/spec-6020-56087-0931.fits
6020/spec-6020-56087-0932.fits
6020/spec-6020-56087-0933.fits
6020/spec-6020-56087-0934.fits
6020/spec-6020-56087-0935.fits
6020/spec-6020-56087-0936.fits
6020/spec-6020-56087-0937.fits
6020/spec-6020-56087-0938.fits
6020/spec-6020-56087-0939.fits
6020/spec-6020-56087-0940.fits
6020/spec-6020-56087-0941.fits
6020/spec-6020-56087-0942.fits
6020/spec-6020-56087-0943.fits
6020/spec-6020-56087-0944.fits
6020/spec-6020-56087-0945.fits
6020/spec-6020-56087-0946.fits
6020/spec-6020-56087-0947.fits
6020/spec-6020-56087-0948.fits
6020/spec-6020-56087-0949.fits
6020/spec-6020-56087-0950.fits
6020/spec-6020-56087-0951.fits
6020/spec-6020-56087-0952.fits
6020/spec-6020-56087-0953.fits
6020/spec-6020-56087-0954.fits
6020/spec-6020-56087-0955.fits
6020/spec-6020-56087-0956.fits
6020/spec-6020-56087-0957.fits
6020/spec-6020-56087-0958.fits
6020/spec-6020-56087-0959.fits
6020/spec-6020-56087-0960.fits
6020/spec-6020-56087-0961.fits
6020/spec-6020-56087-0962.fits
6020/spec-6020-56087-0963.fits
6020/spec-6020-56087-0964.fits
6020/spec-6020-56087-0965.fits
6020/spec-6020-56087-0966.fits
6020/spec-6020-56087-0967.fits
6020/spec-6020-56087-0968.fits
6020/spec-6020-56087-0969.fits
6020/spec-6020-56087-0970.fits
6020/spec-6020-56087-0971.fits
6020/spec-6020-56087-0972.fits
6020/spec-6020-56087-0973.fits
6020/spec-6020-56087-0974.fits
6020/spec-6020-56087-0975.fits
6020/spec-6020-56087-0976.fits
6020/spec-6020-56087-0977.fits
6020/spec-6020-56087-0978.fits
6020/spec-6020-56087-0979.fits
6020/spec-6020-56087-0980.fits
6020/spec-6020-56087-0981.fits
6020/spec-6020-56087-0982.fits
6020/spec-6020-56087-0983.fits
6020/spec-6020-56087-0984.fits
6020/spec-6020-56087-0985.fits
6020/spec-6020-56087-0986.fits
6020/spec-6020-56087-0987.fits
6020/spec-6020-56087-0988.fits
6020/spec-6020-56087-0989.fits
6020/spec-6020-56087-0990.fits
6020/spec-6020-56087-0991.fits
6020/spec-6020-56087-0992.fits
6020/spec-6020-56087-0993.fits
6020/spec-6020-56087-0994.fits
6020/spec-6020-56087-0995.fits
6020/spec-6020-56087-0996.fits
6020/spec-6020-56087-0997.fits
6020/spec-6020-56087-0998.fits
6020/spec-6020-56087-0999.fits
6020/spec-6020-56087-1000.fits
/var/lib/condor/execute/slot1/dir_29223
6020 6020.tgz R R361.tar.gz _condor_stderr _condor_stdout cB58_Lyman_break.fit condor_exec.exe hw4.R packages packages.tar.gz tmp var
[1] "Loaded package astro."
[1] 1000
6020 6020.csv 6020.tgz R R361.tar.gz _condor_stderr _condor_stdout cB58_Lyman_break.fit condor_exec.exe hw4.R packages packages.tar.gz tmp var
