6027
6027/
6027/spec-6027-56103-0001.fits
6027/spec-6027-56103-0002.fits
6027/spec-6027-56103-0003.fits
6027/spec-6027-56103-0004.fits
6027/spec-6027-56103-0005.fits
6027/spec-6027-56103-0006.fits
6027/spec-6027-56103-0007.fits
6027/spec-6027-56103-0008.fits
6027/spec-6027-56103-0009.fits
6027/spec-6027-56103-0010.fits
6027/spec-6027-56103-0011.fits
6027/spec-6027-56103-0012.fits
6027/spec-6027-56103-0013.fits
6027/spec-6027-56103-0014.fits
6027/spec-6027-56103-0015.fits
6027/spec-6027-56103-0016.fits
6027/spec-6027-56103-0017.fits
6027/spec-6027-56103-0018.fits
6027/spec-6027-56103-0019.fits
6027/spec-6027-56103-0020.fits
6027/spec-6027-56103-0021.fits
6027/spec-6027-56103-0022.fits
6027/spec-6027-56103-0023.fits
6027/spec-6027-56103-0024.fits
6027/spec-6027-56103-0025.fits
6027/spec-6027-56103-0026.fits
6027/spec-6027-56103-0027.fits
6027/spec-6027-56103-0028.fits
6027/spec-6027-56103-0029.fits
6027/spec-6027-56103-0030.fits
6027/spec-6027-56103-0031.fits
6027/spec-6027-56103-0032.fits
6027/spec-6027-56103-0033.fits
6027/spec-6027-56103-0034.fits
6027/spec-6027-56103-0035.fits
6027/spec-6027-56103-0036.fits
6027/spec-6027-56103-0037.fits
6027/spec-6027-56103-0038.fits
6027/spec-6027-56103-0039.fits
6027/spec-6027-56103-0040.fits
6027/spec-6027-56103-0041.fits
6027/spec-6027-56103-0042.fits
6027/spec-6027-56103-0043.fits
6027/spec-6027-56103-0044.fits
6027/spec-6027-56103-0045.fits
6027/spec-6027-56103-0046.fits
6027/spec-6027-56103-0047.fits
6027/spec-6027-56103-0048.fits
6027/spec-6027-56103-0049.fits
6027/spec-6027-56103-0050.fits
6027/spec-6027-56103-0051.fits
6027/spec-6027-56103-0052.fits
6027/spec-6027-56103-0053.fits
6027/spec-6027-56103-0054.fits
6027/spec-6027-56103-0055.fits
6027/spec-6027-56103-0056.fits
6027/spec-6027-56103-0057.fits
6027/spec-6027-56103-0058.fits
6027/spec-6027-56103-0059.fits
6027/spec-6027-56103-0060.fits
6027/spec-6027-56103-0061.fits
6027/spec-6027-56103-0062.fits
6027/spec-6027-56103-0063.fits
6027/spec-6027-56103-0064.fits
6027/spec-6027-56103-0065.fits
6027/spec-6027-56103-0066.fits
6027/spec-6027-56103-0067.fits
6027/spec-6027-56103-0068.fits
6027/spec-6027-56103-0069.fits
6027/spec-6027-56103-0070.fits
6027/spec-6027-56103-0071.fits
6027/spec-6027-56103-0072.fits
6027/spec-6027-56103-0073.fits
6027/spec-6027-56103-0074.fits
6027/spec-6027-56103-0075.fits
6027/spec-6027-56103-0076.fits
6027/spec-6027-56103-0077.fits
6027/spec-6027-56103-0078.fits
6027/spec-6027-56103-0079.fits
6027/spec-6027-56103-0080.fits
6027/spec-6027-56103-0081.fits
6027/spec-6027-56103-0082.fits
6027/spec-6027-56103-0083.fits
6027/spec-6027-56103-0084.fits
6027/spec-6027-56103-0085.fits
6027/spec-6027-56103-0086.fits
6027/spec-6027-56103-0087.fits
6027/spec-6027-56103-0088.fits
6027/spec-6027-56103-0089.fits
6027/spec-6027-56103-0090.fits
6027/spec-6027-56103-0091.fits
6027/spec-6027-56103-0092.fits
6027/spec-6027-56103-0093.fits
6027/spec-6027-56103-0094.fits
6027/spec-6027-56103-0095.fits
6027/spec-6027-56103-0096.fits
6027/spec-6027-56103-0097.fits
6027/spec-6027-56103-0098.fits
6027/spec-6027-56103-0099.fits
6027/spec-6027-56103-0100.fits
6027/spec-6027-56103-0101.fits
6027/spec-6027-56103-0102.fits
6027/spec-6027-56103-0103.fits
6027/spec-6027-56103-0104.fits
6027/spec-6027-56103-0105.fits
6027/spec-6027-56103-0106.fits
6027/spec-6027-56103-0107.fits
6027/spec-6027-56103-0108.fits
6027/spec-6027-56103-0109.fits
6027/spec-6027-56103-0110.fits
6027/spec-6027-56103-0111.fits
6027/spec-6027-56103-0112.fits
6027/spec-6027-56103-0113.fits
6027/spec-6027-56103-0114.fits
6027/spec-6027-56103-0115.fits
6027/spec-6027-56103-0116.fits
6027/spec-6027-56103-0117.fits
6027/spec-6027-56103-0118.fits
6027/spec-6027-56103-0119.fits
6027/spec-6027-56103-0120.fits
6027/spec-6027-56103-0121.fits
6027/spec-6027-56103-0122.fits
6027/spec-6027-56103-0123.fits
6027/spec-6027-56103-0124.fits
6027/spec-6027-56103-0125.fits
6027/spec-6027-56103-0126.fits
6027/spec-6027-56103-0127.fits
6027/spec-6027-56103-0128.fits
6027/spec-6027-56103-0129.fits
6027/spec-6027-56103-0130.fits
6027/spec-6027-56103-0131.fits
6027/spec-6027-56103-0132.fits
6027/spec-6027-56103-0133.fits
6027/spec-6027-56103-0134.fits
6027/spec-6027-56103-0135.fits
6027/spec-6027-56103-0136.fits
6027/spec-6027-56103-0137.fits
6027/spec-6027-56103-0138.fits
6027/spec-6027-56103-0139.fits
6027/spec-6027-56103-0140.fits
6027/spec-6027-56103-0141.fits
6027/spec-6027-56103-0142.fits
6027/spec-6027-56103-0143.fits
6027/spec-6027-56103-0144.fits
6027/spec-6027-56103-0145.fits
6027/spec-6027-56103-0146.fits
6027/spec-6027-56103-0147.fits
6027/spec-6027-56103-0148.fits
6027/spec-6027-56103-0149.fits
6027/spec-6027-56103-0150.fits
6027/spec-6027-56103-0151.fits
6027/spec-6027-56103-0152.fits
6027/spec-6027-56103-0153.fits
6027/spec-6027-56103-0154.fits
6027/spec-6027-56103-0155.fits
6027/spec-6027-56103-0156.fits
6027/spec-6027-56103-0157.fits
6027/spec-6027-56103-0158.fits
6027/spec-6027-56103-0159.fits
6027/spec-6027-56103-0160.fits
6027/spec-6027-56103-0161.fits
6027/spec-6027-56103-0162.fits
6027/spec-6027-56103-0163.fits
6027/spec-6027-56103-0164.fits
6027/spec-6027-56103-0165.fits
6027/spec-6027-56103-0166.fits
6027/spec-6027-56103-0167.fits
6027/spec-6027-56103-0168.fits
6027/spec-6027-56103-0169.fits
6027/spec-6027-56103-0170.fits
6027/spec-6027-56103-0171.fits
6027/spec-6027-56103-0172.fits
6027/spec-6027-56103-0173.fits
6027/spec-6027-56103-0174.fits
6027/spec-6027-56103-0175.fits
6027/spec-6027-56103-0176.fits
6027/spec-6027-56103-0177.fits
6027/spec-6027-56103-0178.fits
6027/spec-6027-56103-0179.fits
6027/spec-6027-56103-0180.fits
6027/spec-6027-56103-0181.fits
6027/spec-6027-56103-0182.fits
6027/spec-6027-56103-0183.fits
6027/spec-6027-56103-0184.fits
6027/spec-6027-56103-0185.fits
6027/spec-6027-56103-0186.fits
6027/spec-6027-56103-0187.fits
6027/spec-6027-56103-0188.fits
6027/spec-6027-56103-0189.fits
6027/spec-6027-56103-0190.fits
6027/spec-6027-56103-0191.fits
6027/spec-6027-56103-0192.fits
6027/spec-6027-56103-0193.fits
6027/spec-6027-56103-0194.fits
6027/spec-6027-56103-0195.fits
6027/spec-6027-56103-0196.fits
6027/spec-6027-56103-0197.fits
6027/spec-6027-56103-0198.fits
6027/spec-6027-56103-0199.fits
6027/spec-6027-56103-0200.fits
6027/spec-6027-56103-0201.fits
6027/spec-6027-56103-0202.fits
6027/spec-6027-56103-0203.fits
6027/spec-6027-56103-0204.fits
6027/spec-6027-56103-0205.fits
6027/spec-6027-56103-0206.fits
6027/spec-6027-56103-0207.fits
6027/spec-6027-56103-0208.fits
6027/spec-6027-56103-0209.fits
6027/spec-6027-56103-0210.fits
6027/spec-6027-56103-0211.fits
6027/spec-6027-56103-0212.fits
6027/spec-6027-56103-0213.fits
6027/spec-6027-56103-0214.fits
6027/spec-6027-56103-0215.fits
6027/spec-6027-56103-0216.fits
6027/spec-6027-56103-0217.fits
6027/spec-6027-56103-0218.fits
6027/spec-6027-56103-0219.fits
6027/spec-6027-56103-0220.fits
6027/spec-6027-56103-0221.fits
6027/spec-6027-56103-0222.fits
6027/spec-6027-56103-0223.fits
6027/spec-6027-56103-0224.fits
6027/spec-6027-56103-0225.fits
6027/spec-6027-56103-0226.fits
6027/spec-6027-56103-0227.fits
6027/spec-6027-56103-0228.fits
6027/spec-6027-56103-0229.fits
6027/spec-6027-56103-0230.fits
6027/spec-6027-56103-0231.fits
6027/spec-6027-56103-0232.fits
6027/spec-6027-56103-0233.fits
6027/spec-6027-56103-0234.fits
6027/spec-6027-56103-0235.fits
6027/spec-6027-56103-0236.fits
6027/spec-6027-56103-0237.fits
6027/spec-6027-56103-0238.fits
6027/spec-6027-56103-0239.fits
6027/spec-6027-56103-0240.fits
6027/spec-6027-56103-0241.fits
6027/spec-6027-56103-0242.fits
6027/spec-6027-56103-0243.fits
6027/spec-6027-56103-0244.fits
6027/spec-6027-56103-0245.fits
6027/spec-6027-56103-0246.fits
6027/spec-6027-56103-0247.fits
6027/spec-6027-56103-0248.fits
6027/spec-6027-56103-0249.fits
6027/spec-6027-56103-0250.fits
6027/spec-6027-56103-0251.fits
6027/spec-6027-56103-0252.fits
6027/spec-6027-56103-0253.fits
6027/spec-6027-56103-0254.fits
6027/spec-6027-56103-0255.fits
6027/spec-6027-56103-0256.fits
6027/spec-6027-56103-0257.fits
6027/spec-6027-56103-0258.fits
6027/spec-6027-56103-0259.fits
6027/spec-6027-56103-0260.fits
6027/spec-6027-56103-0261.fits
6027/spec-6027-56103-0262.fits
6027/spec-6027-56103-0263.fits
6027/spec-6027-56103-0264.fits
6027/spec-6027-56103-0265.fits
6027/spec-6027-56103-0266.fits
6027/spec-6027-56103-0267.fits
6027/spec-6027-56103-0268.fits
6027/spec-6027-56103-0269.fits
6027/spec-6027-56103-0270.fits
6027/spec-6027-56103-0271.fits
6027/spec-6027-56103-0272.fits
6027/spec-6027-56103-0273.fits
6027/spec-6027-56103-0274.fits
6027/spec-6027-56103-0275.fits
6027/spec-6027-56103-0276.fits
6027/spec-6027-56103-0277.fits
6027/spec-6027-56103-0278.fits
6027/spec-6027-56103-0279.fits
6027/spec-6027-56103-0280.fits
6027/spec-6027-56103-0281.fits
6027/spec-6027-56103-0282.fits
6027/spec-6027-56103-0283.fits
6027/spec-6027-56103-0284.fits
6027/spec-6027-56103-0285.fits
6027/spec-6027-56103-0286.fits
6027/spec-6027-56103-0287.fits
6027/spec-6027-56103-0288.fits
6027/spec-6027-56103-0289.fits
6027/spec-6027-56103-0290.fits
6027/spec-6027-56103-0291.fits
6027/spec-6027-56103-0292.fits
6027/spec-6027-56103-0293.fits
6027/spec-6027-56103-0294.fits
6027/spec-6027-56103-0295.fits
6027/spec-6027-56103-0296.fits
6027/spec-6027-56103-0297.fits
6027/spec-6027-56103-0298.fits
6027/spec-6027-56103-0299.fits
6027/spec-6027-56103-0300.fits
6027/spec-6027-56103-0301.fits
6027/spec-6027-56103-0302.fits
6027/spec-6027-56103-0303.fits
6027/spec-6027-56103-0304.fits
6027/spec-6027-56103-0305.fits
6027/spec-6027-56103-0306.fits
6027/spec-6027-56103-0307.fits
6027/spec-6027-56103-0308.fits
6027/spec-6027-56103-0309.fits
6027/spec-6027-56103-0310.fits
6027/spec-6027-56103-0311.fits
6027/spec-6027-56103-0312.fits
6027/spec-6027-56103-0313.fits
6027/spec-6027-56103-0314.fits
6027/spec-6027-56103-0315.fits
6027/spec-6027-56103-0316.fits
6027/spec-6027-56103-0317.fits
6027/spec-6027-56103-0318.fits
6027/spec-6027-56103-0319.fits
6027/spec-6027-56103-0320.fits
6027/spec-6027-56103-0321.fits
6027/spec-6027-56103-0322.fits
6027/spec-6027-56103-0323.fits
6027/spec-6027-56103-0324.fits
6027/spec-6027-56103-0325.fits
6027/spec-6027-56103-0326.fits
6027/spec-6027-56103-0327.fits
6027/spec-6027-56103-0328.fits
6027/spec-6027-56103-0329.fits
6027/spec-6027-56103-0330.fits
6027/spec-6027-56103-0331.fits
6027/spec-6027-56103-0332.fits
6027/spec-6027-56103-0333.fits
6027/spec-6027-56103-0334.fits
6027/spec-6027-56103-0335.fits
6027/spec-6027-56103-0336.fits
6027/spec-6027-56103-0337.fits
6027/spec-6027-56103-0338.fits
6027/spec-6027-56103-0339.fits
6027/spec-6027-56103-0340.fits
6027/spec-6027-56103-0341.fits
6027/spec-6027-56103-0342.fits
6027/spec-6027-56103-0343.fits
6027/spec-6027-56103-0344.fits
6027/spec-6027-56103-0345.fits
6027/spec-6027-56103-0346.fits
6027/spec-6027-56103-0347.fits
6027/spec-6027-56103-0348.fits
6027/spec-6027-56103-0349.fits
6027/spec-6027-56103-0350.fits
6027/spec-6027-56103-0351.fits
6027/spec-6027-56103-0352.fits
6027/spec-6027-56103-0353.fits
6027/spec-6027-56103-0354.fits
6027/spec-6027-56103-0355.fits
6027/spec-6027-56103-0356.fits
6027/spec-6027-56103-0357.fits
6027/spec-6027-56103-0358.fits
6027/spec-6027-56103-0359.fits
6027/spec-6027-56103-0360.fits
6027/spec-6027-56103-0361.fits
6027/spec-6027-56103-0362.fits
6027/spec-6027-56103-0363.fits
6027/spec-6027-56103-0364.fits
6027/spec-6027-56103-0365.fits
6027/spec-6027-56103-0366.fits
6027/spec-6027-56103-0367.fits
6027/spec-6027-56103-0368.fits
6027/spec-6027-56103-0369.fits
6027/spec-6027-56103-0370.fits
6027/spec-6027-56103-0371.fits
6027/spec-6027-56103-0372.fits
6027/spec-6027-56103-0373.fits
6027/spec-6027-56103-0374.fits
6027/spec-6027-56103-0375.fits
6027/spec-6027-56103-0376.fits
6027/spec-6027-56103-0377.fits
6027/spec-6027-56103-0378.fits
6027/spec-6027-56103-0379.fits
6027/spec-6027-56103-0380.fits
6027/spec-6027-56103-0381.fits
6027/spec-6027-56103-0382.fits
6027/spec-6027-56103-0383.fits
6027/spec-6027-56103-0384.fits
6027/spec-6027-56103-0385.fits
6027/spec-6027-56103-0386.fits
6027/spec-6027-56103-0387.fits
6027/spec-6027-56103-0388.fits
6027/spec-6027-56103-0389.fits
6027/spec-6027-56103-0390.fits
6027/spec-6027-56103-0391.fits
6027/spec-6027-56103-0392.fits
6027/spec-6027-56103-0393.fits
6027/spec-6027-56103-0394.fits
6027/spec-6027-56103-0395.fits
6027/spec-6027-56103-0396.fits
6027/spec-6027-56103-0397.fits
6027/spec-6027-56103-0398.fits
6027/spec-6027-56103-0399.fits
6027/spec-6027-56103-0400.fits
6027/spec-6027-56103-0401.fits
6027/spec-6027-56103-0402.fits
6027/spec-6027-56103-0403.fits
6027/spec-6027-56103-0404.fits
6027/spec-6027-56103-0405.fits
6027/spec-6027-56103-0406.fits
6027/spec-6027-56103-0407.fits
6027/spec-6027-56103-0408.fits
6027/spec-6027-56103-0409.fits
6027/spec-6027-56103-0410.fits
6027/spec-6027-56103-0411.fits
6027/spec-6027-56103-0412.fits
6027/spec-6027-56103-0413.fits
6027/spec-6027-56103-0414.fits
6027/spec-6027-56103-0415.fits
6027/spec-6027-56103-0416.fits
6027/spec-6027-56103-0417.fits
6027/spec-6027-56103-0418.fits
6027/spec-6027-56103-0419.fits
6027/spec-6027-56103-0420.fits
6027/spec-6027-56103-0421.fits
6027/spec-6027-56103-0422.fits
6027/spec-6027-56103-0423.fits
6027/spec-6027-56103-0424.fits
6027/spec-6027-56103-0425.fits
6027/spec-6027-56103-0426.fits
6027/spec-6027-56103-0427.fits
6027/spec-6027-56103-0428.fits
6027/spec-6027-56103-0429.fits
6027/spec-6027-56103-0430.fits
6027/spec-6027-56103-0431.fits
6027/spec-6027-56103-0432.fits
6027/spec-6027-56103-0433.fits
6027/spec-6027-56103-0434.fits
6027/spec-6027-56103-0435.fits
6027/spec-6027-56103-0436.fits
6027/spec-6027-56103-0437.fits
6027/spec-6027-56103-0438.fits
6027/spec-6027-56103-0439.fits
6027/spec-6027-56103-0440.fits
6027/spec-6027-56103-0441.fits
6027/spec-6027-56103-0442.fits
6027/spec-6027-56103-0443.fits
6027/spec-6027-56103-0444.fits
6027/spec-6027-56103-0445.fits
6027/spec-6027-56103-0446.fits
6027/spec-6027-56103-0447.fits
6027/spec-6027-56103-0448.fits
6027/spec-6027-56103-0449.fits
6027/spec-6027-56103-0450.fits
6027/spec-6027-56103-0451.fits
6027/spec-6027-56103-0452.fits
6027/spec-6027-56103-0453.fits
6027/spec-6027-56103-0454.fits
6027/spec-6027-56103-0455.fits
6027/spec-6027-56103-0456.fits
6027/spec-6027-56103-0457.fits
6027/spec-6027-56103-0458.fits
6027/spec-6027-56103-0459.fits
6027/spec-6027-56103-0460.fits
6027/spec-6027-56103-0461.fits
6027/spec-6027-56103-0462.fits
6027/spec-6027-56103-0463.fits
6027/spec-6027-56103-0464.fits
6027/spec-6027-56103-0465.fits
6027/spec-6027-56103-0466.fits
6027/spec-6027-56103-0467.fits
6027/spec-6027-56103-0468.fits
6027/spec-6027-56103-0469.fits
6027/spec-6027-56103-0470.fits
6027/spec-6027-56103-0471.fits
6027/spec-6027-56103-0472.fits
6027/spec-6027-56103-0473.fits
6027/spec-6027-56103-0474.fits
6027/spec-6027-56103-0475.fits
6027/spec-6027-56103-0476.fits
6027/spec-6027-56103-0477.fits
6027/spec-6027-56103-0478.fits
6027/spec-6027-56103-0479.fits
6027/spec-6027-56103-0480.fits
6027/spec-6027-56103-0481.fits
6027/spec-6027-56103-0482.fits
6027/spec-6027-56103-0483.fits
6027/spec-6027-56103-0484.fits
6027/spec-6027-56103-0485.fits
6027/spec-6027-56103-0486.fits
6027/spec-6027-56103-0487.fits
6027/spec-6027-56103-0488.fits
6027/spec-6027-56103-0489.fits
6027/spec-6027-56103-0490.fits
6027/spec-6027-56103-0491.fits
6027/spec-6027-56103-0492.fits
6027/spec-6027-56103-0493.fits
6027/spec-6027-56103-0494.fits
6027/spec-6027-56103-0495.fits
6027/spec-6027-56103-0496.fits
6027/spec-6027-56103-0497.fits
6027/spec-6027-56103-0498.fits
6027/spec-6027-56103-0499.fits
6027/spec-6027-56103-0500.fits
6027/spec-6027-56103-0501.fits
6027/spec-6027-56103-0502.fits
6027/spec-6027-56103-0503.fits
6027/spec-6027-56103-0504.fits
6027/spec-6027-56103-0505.fits
6027/spec-6027-56103-0506.fits
6027/spec-6027-56103-0507.fits
6027/spec-6027-56103-0508.fits
6027/spec-6027-56103-0509.fits
6027/spec-6027-56103-0510.fits
6027/spec-6027-56103-0511.fits
6027/spec-6027-56103-0512.fits
6027/spec-6027-56103-0513.fits
6027/spec-6027-56103-0514.fits
6027/spec-6027-56103-0515.fits
6027/spec-6027-56103-0516.fits
6027/spec-6027-56103-0517.fits
6027/spec-6027-56103-0518.fits
6027/spec-6027-56103-0519.fits
6027/spec-6027-56103-0520.fits
6027/spec-6027-56103-0521.fits
6027/spec-6027-56103-0522.fits
6027/spec-6027-56103-0523.fits
6027/spec-6027-56103-0524.fits
6027/spec-6027-56103-0525.fits
6027/spec-6027-56103-0526.fits
6027/spec-6027-56103-0527.fits
6027/spec-6027-56103-0528.fits
6027/spec-6027-56103-0529.fits
6027/spec-6027-56103-0530.fits
6027/spec-6027-56103-0531.fits
6027/spec-6027-56103-0532.fits
6027/spec-6027-56103-0533.fits
6027/spec-6027-56103-0534.fits
6027/spec-6027-56103-0535.fits
6027/spec-6027-56103-0536.fits
6027/spec-6027-56103-0537.fits
6027/spec-6027-56103-0538.fits
6027/spec-6027-56103-0539.fits
6027/spec-6027-56103-0540.fits
6027/spec-6027-56103-0541.fits
6027/spec-6027-56103-0542.fits
6027/spec-6027-56103-0543.fits
6027/spec-6027-56103-0544.fits
6027/spec-6027-56103-0545.fits
6027/spec-6027-56103-0546.fits
6027/spec-6027-56103-0547.fits
6027/spec-6027-56103-0548.fits
6027/spec-6027-56103-0549.fits
6027/spec-6027-56103-0550.fits
6027/spec-6027-56103-0551.fits
6027/spec-6027-56103-0552.fits
6027/spec-6027-56103-0553.fits
6027/spec-6027-56103-0554.fits
6027/spec-6027-56103-0555.fits
6027/spec-6027-56103-0556.fits
6027/spec-6027-56103-0557.fits
6027/spec-6027-56103-0558.fits
6027/spec-6027-56103-0559.fits
6027/spec-6027-56103-0560.fits
6027/spec-6027-56103-0561.fits
6027/spec-6027-56103-0562.fits
6027/spec-6027-56103-0563.fits
6027/spec-6027-56103-0564.fits
6027/spec-6027-56103-0565.fits
6027/spec-6027-56103-0566.fits
6027/spec-6027-56103-0567.fits
6027/spec-6027-56103-0568.fits
6027/spec-6027-56103-0569.fits
6027/spec-6027-56103-0570.fits
6027/spec-6027-56103-0571.fits
6027/spec-6027-56103-0572.fits
6027/spec-6027-56103-0573.fits
6027/spec-6027-56103-0574.fits
6027/spec-6027-56103-0575.fits
6027/spec-6027-56103-0576.fits
6027/spec-6027-56103-0577.fits
6027/spec-6027-56103-0578.fits
6027/spec-6027-56103-0579.fits
6027/spec-6027-56103-0580.fits
6027/spec-6027-56103-0581.fits
6027/spec-6027-56103-0582.fits
6027/spec-6027-56103-0583.fits
6027/spec-6027-56103-0584.fits
6027/spec-6027-56103-0585.fits
6027/spec-6027-56103-0586.fits
6027/spec-6027-56103-0587.fits
6027/spec-6027-56103-0588.fits
6027/spec-6027-56103-0589.fits
6027/spec-6027-56103-0590.fits
6027/spec-6027-56103-0591.fits
6027/spec-6027-56103-0592.fits
6027/spec-6027-56103-0593.fits
6027/spec-6027-56103-0594.fits
6027/spec-6027-56103-0595.fits
6027/spec-6027-56103-0596.fits
6027/spec-6027-56103-0597.fits
6027/spec-6027-56103-0598.fits
6027/spec-6027-56103-0599.fits
6027/spec-6027-56103-0600.fits
6027/spec-6027-56103-0601.fits
6027/spec-6027-56103-0602.fits
6027/spec-6027-56103-0603.fits
6027/spec-6027-56103-0604.fits
6027/spec-6027-56103-0605.fits
6027/spec-6027-56103-0606.fits
6027/spec-6027-56103-0607.fits
6027/spec-6027-56103-0608.fits
6027/spec-6027-56103-0609.fits
6027/spec-6027-56103-0610.fits
6027/spec-6027-56103-0611.fits
6027/spec-6027-56103-0612.fits
6027/spec-6027-56103-0613.fits
6027/spec-6027-56103-0614.fits
6027/spec-6027-56103-0615.fits
6027/spec-6027-56103-0616.fits
6027/spec-6027-56103-0617.fits
6027/spec-6027-56103-0618.fits
6027/spec-6027-56103-0619.fits
6027/spec-6027-56103-0620.fits
6027/spec-6027-56103-0621.fits
6027/spec-6027-56103-0622.fits
6027/spec-6027-56103-0623.fits
6027/spec-6027-56103-0624.fits
6027/spec-6027-56103-0625.fits
6027/spec-6027-56103-0626.fits
6027/spec-6027-56103-0627.fits
6027/spec-6027-56103-0628.fits
6027/spec-6027-56103-0629.fits
6027/spec-6027-56103-0630.fits
6027/spec-6027-56103-0631.fits
6027/spec-6027-56103-0632.fits
6027/spec-6027-56103-0633.fits
6027/spec-6027-56103-0634.fits
6027/spec-6027-56103-0635.fits
6027/spec-6027-56103-0636.fits
6027/spec-6027-56103-0637.fits
6027/spec-6027-56103-0638.fits
6027/spec-6027-56103-0639.fits
6027/spec-6027-56103-0640.fits
6027/spec-6027-56103-0641.fits
6027/spec-6027-56103-0642.fits
6027/spec-6027-56103-0643.fits
6027/spec-6027-56103-0644.fits
6027/spec-6027-56103-0645.fits
6027/spec-6027-56103-0646.fits
6027/spec-6027-56103-0647.fits
6027/spec-6027-56103-0648.fits
6027/spec-6027-56103-0649.fits
6027/spec-6027-56103-0650.fits
6027/spec-6027-56103-0651.fits
6027/spec-6027-56103-0652.fits
6027/spec-6027-56103-0653.fits
6027/spec-6027-56103-0654.fits
6027/spec-6027-56103-0655.fits
6027/spec-6027-56103-0656.fits
6027/spec-6027-56103-0657.fits
6027/spec-6027-56103-0658.fits
6027/spec-6027-56103-0659.fits
6027/spec-6027-56103-0660.fits
6027/spec-6027-56103-0661.fits
6027/spec-6027-56103-0662.fits
6027/spec-6027-56103-0663.fits
6027/spec-6027-56103-0664.fits
6027/spec-6027-56103-0665.fits
6027/spec-6027-56103-0666.fits
6027/spec-6027-56103-0667.fits
6027/spec-6027-56103-0668.fits
6027/spec-6027-56103-0669.fits
6027/spec-6027-56103-0670.fits
6027/spec-6027-56103-0671.fits
6027/spec-6027-56103-0672.fits
6027/spec-6027-56103-0673.fits
6027/spec-6027-56103-0674.fits
6027/spec-6027-56103-0675.fits
6027/spec-6027-56103-0676.fits
6027/spec-6027-56103-0677.fits
6027/spec-6027-56103-0678.fits
6027/spec-6027-56103-0679.fits
6027/spec-6027-56103-0680.fits
6027/spec-6027-56103-0681.fits
6027/spec-6027-56103-0682.fits
6027/spec-6027-56103-0683.fits
6027/spec-6027-56103-0684.fits
6027/spec-6027-56103-0685.fits
6027/spec-6027-56103-0686.fits
6027/spec-6027-56103-0687.fits
6027/spec-6027-56103-0688.fits
6027/spec-6027-56103-0689.fits
6027/spec-6027-56103-0690.fits
6027/spec-6027-56103-0691.fits
6027/spec-6027-56103-0692.fits
6027/spec-6027-56103-0693.fits
6027/spec-6027-56103-0694.fits
6027/spec-6027-56103-0695.fits
6027/spec-6027-56103-0696.fits
6027/spec-6027-56103-0697.fits
6027/spec-6027-56103-0698.fits
6027/spec-6027-56103-0699.fits
6027/spec-6027-56103-0700.fits
6027/spec-6027-56103-0701.fits
6027/spec-6027-56103-0702.fits
6027/spec-6027-56103-0703.fits
6027/spec-6027-56103-0704.fits
6027/spec-6027-56103-0705.fits
6027/spec-6027-56103-0706.fits
6027/spec-6027-56103-0707.fits
6027/spec-6027-56103-0708.fits
6027/spec-6027-56103-0709.fits
6027/spec-6027-56103-0710.fits
6027/spec-6027-56103-0711.fits
6027/spec-6027-56103-0712.fits
6027/spec-6027-56103-0713.fits
6027/spec-6027-56103-0714.fits
6027/spec-6027-56103-0715.fits
6027/spec-6027-56103-0716.fits
6027/spec-6027-56103-0717.fits
6027/spec-6027-56103-0718.fits
6027/spec-6027-56103-0719.fits
6027/spec-6027-56103-0720.fits
6027/spec-6027-56103-0721.fits
6027/spec-6027-56103-0722.fits
6027/spec-6027-56103-0723.fits
6027/spec-6027-56103-0724.fits
6027/spec-6027-56103-0725.fits
6027/spec-6027-56103-0726.fits
6027/spec-6027-56103-0727.fits
6027/spec-6027-56103-0728.fits
6027/spec-6027-56103-0729.fits
6027/spec-6027-56103-0730.fits
6027/spec-6027-56103-0731.fits
6027/spec-6027-56103-0732.fits
6027/spec-6027-56103-0733.fits
6027/spec-6027-56103-0734.fits
6027/spec-6027-56103-0735.fits
6027/spec-6027-56103-0736.fits
6027/spec-6027-56103-0737.fits
6027/spec-6027-56103-0738.fits
6027/spec-6027-56103-0739.fits
6027/spec-6027-56103-0740.fits
6027/spec-6027-56103-0741.fits
6027/spec-6027-56103-0742.fits
6027/spec-6027-56103-0743.fits
6027/spec-6027-56103-0744.fits
6027/spec-6027-56103-0745.fits
6027/spec-6027-56103-0746.fits
6027/spec-6027-56103-0747.fits
6027/spec-6027-56103-0748.fits
6027/spec-6027-56103-0749.fits
6027/spec-6027-56103-0750.fits
6027/spec-6027-56103-0751.fits
6027/spec-6027-56103-0752.fits
6027/spec-6027-56103-0753.fits
6027/spec-6027-56103-0754.fits
6027/spec-6027-56103-0755.fits
6027/spec-6027-56103-0756.fits
6027/spec-6027-56103-0757.fits
6027/spec-6027-56103-0758.fits
6027/spec-6027-56103-0759.fits
6027/spec-6027-56103-0760.fits
6027/spec-6027-56103-0761.fits
6027/spec-6027-56103-0762.fits
6027/spec-6027-56103-0763.fits
6027/spec-6027-56103-0764.fits
6027/spec-6027-56103-0765.fits
6027/spec-6027-56103-0766.fits
6027/spec-6027-56103-0767.fits
6027/spec-6027-56103-0768.fits
6027/spec-6027-56103-0769.fits
6027/spec-6027-56103-0770.fits
6027/spec-6027-56103-0771.fits
6027/spec-6027-56103-0772.fits
6027/spec-6027-56103-0773.fits
6027/spec-6027-56103-0774.fits
6027/spec-6027-56103-0775.fits
6027/spec-6027-56103-0776.fits
6027/spec-6027-56103-0777.fits
6027/spec-6027-56103-0778.fits
6027/spec-6027-56103-0779.fits
6027/spec-6027-56103-0780.fits
6027/spec-6027-56103-0781.fits
6027/spec-6027-56103-0782.fits
6027/spec-6027-56103-0783.fits
6027/spec-6027-56103-0784.fits
6027/spec-6027-56103-0785.fits
6027/spec-6027-56103-0786.fits
6027/spec-6027-56103-0787.fits
6027/spec-6027-56103-0788.fits
6027/spec-6027-56103-0789.fits
6027/spec-6027-56103-0790.fits
6027/spec-6027-56103-0791.fits
6027/spec-6027-56103-0792.fits
6027/spec-6027-56103-0793.fits
6027/spec-6027-56103-0794.fits
6027/spec-6027-56103-0795.fits
6027/spec-6027-56103-0796.fits
6027/spec-6027-56103-0797.fits
6027/spec-6027-56103-0798.fits
6027/spec-6027-56103-0799.fits
6027/spec-6027-56103-0800.fits
6027/spec-6027-56103-0801.fits
6027/spec-6027-56103-0802.fits
6027/spec-6027-56103-0803.fits
6027/spec-6027-56103-0804.fits
6027/spec-6027-56103-0805.fits
6027/spec-6027-56103-0806.fits
6027/spec-6027-56103-0807.fits
6027/spec-6027-56103-0808.fits
6027/spec-6027-56103-0809.fits
6027/spec-6027-56103-0810.fits
6027/spec-6027-56103-0811.fits
6027/spec-6027-56103-0812.fits
6027/spec-6027-56103-0813.fits
6027/spec-6027-56103-0814.fits
6027/spec-6027-56103-0815.fits
6027/spec-6027-56103-0816.fits
6027/spec-6027-56103-0817.fits
6027/spec-6027-56103-0818.fits
6027/spec-6027-56103-0819.fits
6027/spec-6027-56103-0820.fits
6027/spec-6027-56103-0821.fits
6027/spec-6027-56103-0822.fits
6027/spec-6027-56103-0823.fits
6027/spec-6027-56103-0824.fits
6027/spec-6027-56103-0825.fits
6027/spec-6027-56103-0826.fits
6027/spec-6027-56103-0827.fits
6027/spec-6027-56103-0828.fits
6027/spec-6027-56103-0829.fits
6027/spec-6027-56103-0830.fits
6027/spec-6027-56103-0831.fits
6027/spec-6027-56103-0832.fits
6027/spec-6027-56103-0833.fits
6027/spec-6027-56103-0834.fits
6027/spec-6027-56103-0835.fits
6027/spec-6027-56103-0836.fits
6027/spec-6027-56103-0837.fits
6027/spec-6027-56103-0838.fits
6027/spec-6027-56103-0839.fits
6027/spec-6027-56103-0840.fits
6027/spec-6027-56103-0841.fits
6027/spec-6027-56103-0842.fits
6027/spec-6027-56103-0843.fits
6027/spec-6027-56103-0844.fits
6027/spec-6027-56103-0845.fits
6027/spec-6027-56103-0846.fits
6027/spec-6027-56103-0847.fits
6027/spec-6027-56103-0848.fits
6027/spec-6027-56103-0849.fits
6027/spec-6027-56103-0850.fits
6027/spec-6027-56103-0851.fits
6027/spec-6027-56103-0852.fits
6027/spec-6027-56103-0853.fits
6027/spec-6027-56103-0854.fits
6027/spec-6027-56103-0855.fits
6027/spec-6027-56103-0856.fits
6027/spec-6027-56103-0857.fits
6027/spec-6027-56103-0858.fits
6027/spec-6027-56103-0859.fits
6027/spec-6027-56103-0860.fits
6027/spec-6027-56103-0861.fits
6027/spec-6027-56103-0862.fits
6027/spec-6027-56103-0863.fits
6027/spec-6027-56103-0864.fits
6027/spec-6027-56103-0865.fits
6027/spec-6027-56103-0866.fits
6027/spec-6027-56103-0867.fits
6027/spec-6027-56103-0868.fits
6027/spec-6027-56103-0869.fits
6027/spec-6027-56103-0870.fits
6027/spec-6027-56103-0871.fits
6027/spec-6027-56103-0872.fits
6027/spec-6027-56103-0873.fits
6027/spec-6027-56103-0874.fits
6027/spec-6027-56103-0875.fits
6027/spec-6027-56103-0876.fits
6027/spec-6027-56103-0877.fits
6027/spec-6027-56103-0878.fits
6027/spec-6027-56103-0879.fits
6027/spec-6027-56103-0880.fits
6027/spec-6027-56103-0881.fits
6027/spec-6027-56103-0882.fits
6027/spec-6027-56103-0883.fits
6027/spec-6027-56103-0884.fits
6027/spec-6027-56103-0885.fits
6027/spec-6027-56103-0886.fits
6027/spec-6027-56103-0887.fits
6027/spec-6027-56103-0888.fits
6027/spec-6027-56103-0889.fits
6027/spec-6027-56103-0890.fits
6027/spec-6027-56103-0891.fits
6027/spec-6027-56103-0892.fits
6027/spec-6027-56103-0893.fits
6027/spec-6027-56103-0894.fits
6027/spec-6027-56103-0895.fits
6027/spec-6027-56103-0896.fits
6027/spec-6027-56103-0897.fits
6027/spec-6027-56103-0898.fits
6027/spec-6027-56103-0899.fits
6027/spec-6027-56103-0900.fits
6027/spec-6027-56103-0901.fits
6027/spec-6027-56103-0902.fits
6027/spec-6027-56103-0903.fits
6027/spec-6027-56103-0904.fits
6027/spec-6027-56103-0905.fits
6027/spec-6027-56103-0906.fits
6027/spec-6027-56103-0907.fits
6027/spec-6027-56103-0908.fits
6027/spec-6027-56103-0909.fits
6027/spec-6027-56103-0910.fits
6027/spec-6027-56103-0911.fits
6027/spec-6027-56103-0912.fits
6027/spec-6027-56103-0913.fits
6027/spec-6027-56103-0914.fits
6027/spec-6027-56103-0915.fits
6027/spec-6027-56103-0916.fits
6027/spec-6027-56103-0917.fits
6027/spec-6027-56103-0918.fits
6027/spec-6027-56103-0919.fits
6027/spec-6027-56103-0920.fits
6027/spec-6027-56103-0921.fits
6027/spec-6027-56103-0922.fits
6027/spec-6027-56103-0923.fits
6027/spec-6027-56103-0924.fits
6027/spec-6027-56103-0925.fits
6027/spec-6027-56103-0926.fits
6027/spec-6027-56103-0927.fits
6027/spec-6027-56103-0928.fits
6027/spec-6027-56103-0929.fits
6027/spec-6027-56103-0930.fits
6027/spec-6027-56103-0931.fits
6027/spec-6027-56103-0932.fits
6027/spec-6027-56103-0933.fits
6027/spec-6027-56103-0934.fits
6027/spec-6027-56103-0935.fits
6027/spec-6027-56103-0936.fits
6027/spec-6027-56103-0937.fits
6027/spec-6027-56103-0938.fits
6027/spec-6027-56103-0939.fits
6027/spec-6027-56103-0940.fits
6027/spec-6027-56103-0941.fits
6027/spec-6027-56103-0942.fits
6027/spec-6027-56103-0943.fits
6027/spec-6027-56103-0944.fits
6027/spec-6027-56103-0945.fits
6027/spec-6027-56103-0946.fits
6027/spec-6027-56103-0947.fits
6027/spec-6027-56103-0948.fits
6027/spec-6027-56103-0949.fits
6027/spec-6027-56103-0950.fits
6027/spec-6027-56103-0951.fits
6027/spec-6027-56103-0952.fits
6027/spec-6027-56103-0953.fits
6027/spec-6027-56103-0954.fits
6027/spec-6027-56103-0955.fits
6027/spec-6027-56103-0956.fits
6027/spec-6027-56103-0957.fits
6027/spec-6027-56103-0958.fits
6027/spec-6027-56103-0959.fits
6027/spec-6027-56103-0960.fits
6027/spec-6027-56103-0961.fits
6027/spec-6027-56103-0962.fits
6027/spec-6027-56103-0963.fits
6027/spec-6027-56103-0964.fits
6027/spec-6027-56103-0965.fits
6027/spec-6027-56103-0966.fits
6027/spec-6027-56103-0967.fits
6027/spec-6027-56103-0968.fits
6027/spec-6027-56103-0969.fits
6027/spec-6027-56103-0970.fits
6027/spec-6027-56103-0971.fits
6027/spec-6027-56103-0972.fits
6027/spec-6027-56103-0973.fits
6027/spec-6027-56103-0974.fits
6027/spec-6027-56103-0975.fits
6027/spec-6027-56103-0976.fits
6027/spec-6027-56103-0977.fits
6027/spec-6027-56103-0978.fits
6027/spec-6027-56103-0979.fits
6027/spec-6027-56103-0980.fits
6027/spec-6027-56103-0981.fits
6027/spec-6027-56103-0982.fits
6027/spec-6027-56103-0983.fits
6027/spec-6027-56103-0984.fits
6027/spec-6027-56103-0985.fits
6027/spec-6027-56103-0986.fits
6027/spec-6027-56103-0987.fits
6027/spec-6027-56103-0988.fits
6027/spec-6027-56103-0989.fits
6027/spec-6027-56103-0990.fits
6027/spec-6027-56103-0991.fits
6027/spec-6027-56103-0992.fits
6027/spec-6027-56103-0993.fits
6027/spec-6027-56103-0994.fits
6027/spec-6027-56103-0995.fits
6027/spec-6027-56103-0996.fits
6027/spec-6027-56103-0997.fits
6027/spec-6027-56103-0998.fits
6027/spec-6027-56103-0999.fits
6027/spec-6027-56103-1000.fits
/var/lib/condor/execute/slot1/dir_8051
6027 6027.tgz R R361.tar.gz _condor_stderr _condor_stdout cB58_Lyman_break.fit condor_exec.exe hw4.R packages packages.tar.gz tmp var
[1] "Loaded package astro."
[1] 1000
6027 6027.csv 6027.tgz R R361.tar.gz _condor_stderr _condor_stdout cB58_Lyman_break.fit condor_exec.exe hw4.R packages packages.tar.gz tmp var
