6126
6126/
6126/spec-6126-56269-0001.fits
6126/spec-6126-56269-0002.fits
6126/spec-6126-56269-0003.fits
6126/spec-6126-56269-0004.fits
6126/spec-6126-56269-0005.fits
6126/spec-6126-56269-0006.fits
6126/spec-6126-56269-0007.fits
6126/spec-6126-56269-0008.fits
6126/spec-6126-56269-0009.fits
6126/spec-6126-56269-0010.fits
6126/spec-6126-56269-0011.fits
6126/spec-6126-56269-0012.fits
6126/spec-6126-56269-0013.fits
6126/spec-6126-56269-0014.fits
6126/spec-6126-56269-0015.fits
6126/spec-6126-56269-0016.fits
6126/spec-6126-56269-0017.fits
6126/spec-6126-56269-0018.fits
6126/spec-6126-56269-0019.fits
6126/spec-6126-56269-0020.fits
6126/spec-6126-56269-0021.fits
6126/spec-6126-56269-0022.fits
6126/spec-6126-56269-0023.fits
6126/spec-6126-56269-0024.fits
6126/spec-6126-56269-0025.fits
6126/spec-6126-56269-0026.fits
6126/spec-6126-56269-0027.fits
6126/spec-6126-56269-0028.fits
6126/spec-6126-56269-0029.fits
6126/spec-6126-56269-0030.fits
6126/spec-6126-56269-0031.fits
6126/spec-6126-56269-0032.fits
6126/spec-6126-56269-0033.fits
6126/spec-6126-56269-0034.fits
6126/spec-6126-56269-0035.fits
6126/spec-6126-56269-0036.fits
6126/spec-6126-56269-0037.fits
6126/spec-6126-56269-0038.fits
6126/spec-6126-56269-0039.fits
6126/spec-6126-56269-0040.fits
6126/spec-6126-56269-0041.fits
6126/spec-6126-56269-0042.fits
6126/spec-6126-56269-0043.fits
6126/spec-6126-56269-0044.fits
6126/spec-6126-56269-0045.fits
6126/spec-6126-56269-0046.fits
6126/spec-6126-56269-0047.fits
6126/spec-6126-56269-0048.fits
6126/spec-6126-56269-0049.fits
6126/spec-6126-56269-0050.fits
6126/spec-6126-56269-0051.fits
6126/spec-6126-56269-0052.fits
6126/spec-6126-56269-0053.fits
6126/spec-6126-56269-0054.fits
6126/spec-6126-56269-0055.fits
6126/spec-6126-56269-0056.fits
6126/spec-6126-56269-0057.fits
6126/spec-6126-56269-0058.fits
6126/spec-6126-56269-0059.fits
6126/spec-6126-56269-0060.fits
6126/spec-6126-56269-0061.fits
6126/spec-6126-56269-0062.fits
6126/spec-6126-56269-0063.fits
6126/spec-6126-56269-0064.fits
6126/spec-6126-56269-0065.fits
6126/spec-6126-56269-0066.fits
6126/spec-6126-56269-0067.fits
6126/spec-6126-56269-0068.fits
6126/spec-6126-56269-0069.fits
6126/spec-6126-56269-0070.fits
6126/spec-6126-56269-0071.fits
6126/spec-6126-56269-0072.fits
6126/spec-6126-56269-0073.fits
6126/spec-6126-56269-0074.fits
6126/spec-6126-56269-0075.fits
6126/spec-6126-56269-0076.fits
6126/spec-6126-56269-0077.fits
6126/spec-6126-56269-0078.fits
6126/spec-6126-56269-0079.fits
6126/spec-6126-56269-0080.fits
6126/spec-6126-56269-0081.fits
6126/spec-6126-56269-0082.fits
6126/spec-6126-56269-0083.fits
6126/spec-6126-56269-0084.fits
6126/spec-6126-56269-0085.fits
6126/spec-6126-56269-0086.fits
6126/spec-6126-56269-0087.fits
6126/spec-6126-56269-0088.fits
6126/spec-6126-56269-0089.fits
6126/spec-6126-56269-0090.fits
6126/spec-6126-56269-0091.fits
6126/spec-6126-56269-0092.fits
6126/spec-6126-56269-0093.fits
6126/spec-6126-56269-0094.fits
6126/spec-6126-56269-0095.fits
6126/spec-6126-56269-0096.fits
6126/spec-6126-56269-0097.fits
6126/spec-6126-56269-0098.fits
6126/spec-6126-56269-0099.fits
6126/spec-6126-56269-0100.fits
6126/spec-6126-56269-0101.fits
6126/spec-6126-56269-0102.fits
6126/spec-6126-56269-0103.fits
6126/spec-6126-56269-0104.fits
6126/spec-6126-56269-0105.fits
6126/spec-6126-56269-0106.fits
6126/spec-6126-56269-0107.fits
6126/spec-6126-56269-0108.fits
6126/spec-6126-56269-0109.fits
6126/spec-6126-56269-0110.fits
6126/spec-6126-56269-0111.fits
6126/spec-6126-56269-0112.fits
6126/spec-6126-56269-0113.fits
6126/spec-6126-56269-0114.fits
6126/spec-6126-56269-0115.fits
6126/spec-6126-56269-0116.fits
6126/spec-6126-56269-0117.fits
6126/spec-6126-56269-0118.fits
6126/spec-6126-56269-0119.fits
6126/spec-6126-56269-0120.fits
6126/spec-6126-56269-0121.fits
6126/spec-6126-56269-0122.fits
6126/spec-6126-56269-0123.fits
6126/spec-6126-56269-0124.fits
6126/spec-6126-56269-0125.fits
6126/spec-6126-56269-0126.fits
6126/spec-6126-56269-0127.fits
6126/spec-6126-56269-0128.fits
6126/spec-6126-56269-0129.fits
6126/spec-6126-56269-0130.fits
6126/spec-6126-56269-0131.fits
6126/spec-6126-56269-0132.fits
6126/spec-6126-56269-0133.fits
6126/spec-6126-56269-0134.fits
6126/spec-6126-56269-0135.fits
6126/spec-6126-56269-0136.fits
6126/spec-6126-56269-0137.fits
6126/spec-6126-56269-0138.fits
6126/spec-6126-56269-0139.fits
6126/spec-6126-56269-0140.fits
6126/spec-6126-56269-0141.fits
6126/spec-6126-56269-0142.fits
6126/spec-6126-56269-0143.fits
6126/spec-6126-56269-0144.fits
6126/spec-6126-56269-0145.fits
6126/spec-6126-56269-0146.fits
6126/spec-6126-56269-0147.fits
6126/spec-6126-56269-0148.fits
6126/spec-6126-56269-0149.fits
6126/spec-6126-56269-0150.fits
6126/spec-6126-56269-0151.fits
6126/spec-6126-56269-0152.fits
6126/spec-6126-56269-0153.fits
6126/spec-6126-56269-0154.fits
6126/spec-6126-56269-0155.fits
6126/spec-6126-56269-0156.fits
6126/spec-6126-56269-0157.fits
6126/spec-6126-56269-0158.fits
6126/spec-6126-56269-0159.fits
6126/spec-6126-56269-0160.fits
6126/spec-6126-56269-0161.fits
6126/spec-6126-56269-0162.fits
6126/spec-6126-56269-0163.fits
6126/spec-6126-56269-0164.fits
6126/spec-6126-56269-0165.fits
6126/spec-6126-56269-0166.fits
6126/spec-6126-56269-0167.fits
6126/spec-6126-56269-0168.fits
6126/spec-6126-56269-0169.fits
6126/spec-6126-56269-0170.fits
6126/spec-6126-56269-0171.fits
6126/spec-6126-56269-0172.fits
6126/spec-6126-56269-0173.fits
6126/spec-6126-56269-0174.fits
6126/spec-6126-56269-0175.fits
6126/spec-6126-56269-0176.fits
6126/spec-6126-56269-0177.fits
6126/spec-6126-56269-0178.fits
6126/spec-6126-56269-0179.fits
6126/spec-6126-56269-0180.fits
6126/spec-6126-56269-0181.fits
6126/spec-6126-56269-0182.fits
6126/spec-6126-56269-0183.fits
6126/spec-6126-56269-0184.fits
6126/spec-6126-56269-0185.fits
6126/spec-6126-56269-0186.fits
6126/spec-6126-56269-0187.fits
6126/spec-6126-56269-0188.fits
6126/spec-6126-56269-0189.fits
6126/spec-6126-56269-0190.fits
6126/spec-6126-56269-0191.fits
6126/spec-6126-56269-0192.fits
6126/spec-6126-56269-0193.fits
6126/spec-6126-56269-0194.fits
6126/spec-6126-56269-0195.fits
6126/spec-6126-56269-0196.fits
6126/spec-6126-56269-0197.fits
6126/spec-6126-56269-0198.fits
6126/spec-6126-56269-0199.fits
6126/spec-6126-56269-0200.fits
6126/spec-6126-56269-0201.fits
6126/spec-6126-56269-0202.fits
6126/spec-6126-56269-0203.fits
6126/spec-6126-56269-0204.fits
6126/spec-6126-56269-0205.fits
6126/spec-6126-56269-0206.fits
6126/spec-6126-56269-0207.fits
6126/spec-6126-56269-0208.fits
6126/spec-6126-56269-0209.fits
6126/spec-6126-56269-0210.fits
6126/spec-6126-56269-0211.fits
6126/spec-6126-56269-0212.fits
6126/spec-6126-56269-0213.fits
6126/spec-6126-56269-0214.fits
6126/spec-6126-56269-0215.fits
6126/spec-6126-56269-0216.fits
6126/spec-6126-56269-0217.fits
6126/spec-6126-56269-0218.fits
6126/spec-6126-56269-0219.fits
6126/spec-6126-56269-0220.fits
6126/spec-6126-56269-0221.fits
6126/spec-6126-56269-0222.fits
6126/spec-6126-56269-0223.fits
6126/spec-6126-56269-0224.fits
6126/spec-6126-56269-0225.fits
6126/spec-6126-56269-0226.fits
6126/spec-6126-56269-0227.fits
6126/spec-6126-56269-0228.fits
6126/spec-6126-56269-0229.fits
6126/spec-6126-56269-0230.fits
6126/spec-6126-56269-0231.fits
6126/spec-6126-56269-0232.fits
6126/spec-6126-56269-0233.fits
6126/spec-6126-56269-0234.fits
6126/spec-6126-56269-0235.fits
6126/spec-6126-56269-0236.fits
6126/spec-6126-56269-0237.fits
6126/spec-6126-56269-0238.fits
6126/spec-6126-56269-0239.fits
6126/spec-6126-56269-0240.fits
6126/spec-6126-56269-0241.fits
6126/spec-6126-56269-0242.fits
6126/spec-6126-56269-0243.fits
6126/spec-6126-56269-0244.fits
6126/spec-6126-56269-0245.fits
6126/spec-6126-56269-0246.fits
6126/spec-6126-56269-0247.fits
6126/spec-6126-56269-0248.fits
6126/spec-6126-56269-0249.fits
6126/spec-6126-56269-0250.fits
6126/spec-6126-56269-0251.fits
6126/spec-6126-56269-0252.fits
6126/spec-6126-56269-0253.fits
6126/spec-6126-56269-0254.fits
6126/spec-6126-56269-0255.fits
6126/spec-6126-56269-0256.fits
6126/spec-6126-56269-0257.fits
6126/spec-6126-56269-0258.fits
6126/spec-6126-56269-0259.fits
6126/spec-6126-56269-0260.fits
6126/spec-6126-56269-0261.fits
6126/spec-6126-56269-0262.fits
6126/spec-6126-56269-0263.fits
6126/spec-6126-56269-0264.fits
6126/spec-6126-56269-0265.fits
6126/spec-6126-56269-0266.fits
6126/spec-6126-56269-0267.fits
6126/spec-6126-56269-0268.fits
6126/spec-6126-56269-0269.fits
6126/spec-6126-56269-0270.fits
6126/spec-6126-56269-0271.fits
6126/spec-6126-56269-0272.fits
6126/spec-6126-56269-0273.fits
6126/spec-6126-56269-0274.fits
6126/spec-6126-56269-0275.fits
6126/spec-6126-56269-0276.fits
6126/spec-6126-56269-0277.fits
6126/spec-6126-56269-0278.fits
6126/spec-6126-56269-0279.fits
6126/spec-6126-56269-0280.fits
6126/spec-6126-56269-0281.fits
6126/spec-6126-56269-0282.fits
6126/spec-6126-56269-0283.fits
6126/spec-6126-56269-0284.fits
6126/spec-6126-56269-0285.fits
6126/spec-6126-56269-0286.fits
6126/spec-6126-56269-0287.fits
6126/spec-6126-56269-0288.fits
6126/spec-6126-56269-0289.fits
6126/spec-6126-56269-0290.fits
6126/spec-6126-56269-0291.fits
6126/spec-6126-56269-0292.fits
6126/spec-6126-56269-0293.fits
6126/spec-6126-56269-0294.fits
6126/spec-6126-56269-0295.fits
6126/spec-6126-56269-0296.fits
6126/spec-6126-56269-0297.fits
6126/spec-6126-56269-0298.fits
6126/spec-6126-56269-0299.fits
6126/spec-6126-56269-0300.fits
6126/spec-6126-56269-0301.fits
6126/spec-6126-56269-0302.fits
6126/spec-6126-56269-0303.fits
6126/spec-6126-56269-0304.fits
6126/spec-6126-56269-0305.fits
6126/spec-6126-56269-0306.fits
6126/spec-6126-56269-0307.fits
6126/spec-6126-56269-0308.fits
6126/spec-6126-56269-0309.fits
6126/spec-6126-56269-0310.fits
6126/spec-6126-56269-0311.fits
6126/spec-6126-56269-0312.fits
6126/spec-6126-56269-0313.fits
6126/spec-6126-56269-0314.fits
6126/spec-6126-56269-0315.fits
6126/spec-6126-56269-0316.fits
6126/spec-6126-56269-0317.fits
6126/spec-6126-56269-0318.fits
6126/spec-6126-56269-0319.fits
6126/spec-6126-56269-0320.fits
6126/spec-6126-56269-0321.fits
6126/spec-6126-56269-0322.fits
6126/spec-6126-56269-0323.fits
6126/spec-6126-56269-0324.fits
6126/spec-6126-56269-0325.fits
6126/spec-6126-56269-0326.fits
6126/spec-6126-56269-0327.fits
6126/spec-6126-56269-0328.fits
6126/spec-6126-56269-0329.fits
6126/spec-6126-56269-0330.fits
6126/spec-6126-56269-0331.fits
6126/spec-6126-56269-0332.fits
6126/spec-6126-56269-0333.fits
6126/spec-6126-56269-0334.fits
6126/spec-6126-56269-0335.fits
6126/spec-6126-56269-0336.fits
6126/spec-6126-56269-0337.fits
6126/spec-6126-56269-0338.fits
6126/spec-6126-56269-0339.fits
6126/spec-6126-56269-0340.fits
6126/spec-6126-56269-0341.fits
6126/spec-6126-56269-0342.fits
6126/spec-6126-56269-0343.fits
6126/spec-6126-56269-0344.fits
6126/spec-6126-56269-0345.fits
6126/spec-6126-56269-0346.fits
6126/spec-6126-56269-0347.fits
6126/spec-6126-56269-0348.fits
6126/spec-6126-56269-0349.fits
6126/spec-6126-56269-0350.fits
6126/spec-6126-56269-0351.fits
6126/spec-6126-56269-0352.fits
6126/spec-6126-56269-0353.fits
6126/spec-6126-56269-0354.fits
6126/spec-6126-56269-0355.fits
6126/spec-6126-56269-0356.fits
6126/spec-6126-56269-0357.fits
6126/spec-6126-56269-0358.fits
6126/spec-6126-56269-0359.fits
6126/spec-6126-56269-0360.fits
6126/spec-6126-56269-0361.fits
6126/spec-6126-56269-0362.fits
6126/spec-6126-56269-0363.fits
6126/spec-6126-56269-0364.fits
6126/spec-6126-56269-0365.fits
6126/spec-6126-56269-0366.fits
6126/spec-6126-56269-0367.fits
6126/spec-6126-56269-0368.fits
6126/spec-6126-56269-0369.fits
6126/spec-6126-56269-0370.fits
6126/spec-6126-56269-0371.fits
6126/spec-6126-56269-0372.fits
6126/spec-6126-56269-0373.fits
6126/spec-6126-56269-0374.fits
6126/spec-6126-56269-0375.fits
6126/spec-6126-56269-0376.fits
6126/spec-6126-56269-0377.fits
6126/spec-6126-56269-0378.fits
6126/spec-6126-56269-0379.fits
6126/spec-6126-56269-0380.fits
6126/spec-6126-56269-0381.fits
6126/spec-6126-56269-0382.fits
6126/spec-6126-56269-0383.fits
6126/spec-6126-56269-0384.fits
6126/spec-6126-56269-0385.fits
6126/spec-6126-56269-0386.fits
6126/spec-6126-56269-0387.fits
6126/spec-6126-56269-0388.fits
6126/spec-6126-56269-0389.fits
6126/spec-6126-56269-0390.fits
6126/spec-6126-56269-0391.fits
6126/spec-6126-56269-0392.fits
6126/spec-6126-56269-0393.fits
6126/spec-6126-56269-0394.fits
6126/spec-6126-56269-0395.fits
6126/spec-6126-56269-0396.fits
6126/spec-6126-56269-0397.fits
6126/spec-6126-56269-0398.fits
6126/spec-6126-56269-0399.fits
6126/spec-6126-56269-0400.fits
6126/spec-6126-56269-0401.fits
6126/spec-6126-56269-0402.fits
6126/spec-6126-56269-0403.fits
6126/spec-6126-56269-0404.fits
6126/spec-6126-56269-0405.fits
6126/spec-6126-56269-0406.fits
6126/spec-6126-56269-0407.fits
6126/spec-6126-56269-0408.fits
6126/spec-6126-56269-0409.fits
6126/spec-6126-56269-0410.fits
6126/spec-6126-56269-0411.fits
6126/spec-6126-56269-0412.fits
6126/spec-6126-56269-0413.fits
6126/spec-6126-56269-0414.fits
6126/spec-6126-56269-0415.fits
6126/spec-6126-56269-0416.fits
6126/spec-6126-56269-0417.fits
6126/spec-6126-56269-0418.fits
6126/spec-6126-56269-0419.fits
6126/spec-6126-56269-0420.fits
6126/spec-6126-56269-0421.fits
6126/spec-6126-56269-0422.fits
6126/spec-6126-56269-0423.fits
6126/spec-6126-56269-0424.fits
6126/spec-6126-56269-0425.fits
6126/spec-6126-56269-0426.fits
6126/spec-6126-56269-0427.fits
6126/spec-6126-56269-0428.fits
6126/spec-6126-56269-0429.fits
6126/spec-6126-56269-0430.fits
6126/spec-6126-56269-0431.fits
6126/spec-6126-56269-0432.fits
6126/spec-6126-56269-0433.fits
6126/spec-6126-56269-0434.fits
6126/spec-6126-56269-0435.fits
6126/spec-6126-56269-0436.fits
6126/spec-6126-56269-0437.fits
6126/spec-6126-56269-0438.fits
6126/spec-6126-56269-0439.fits
6126/spec-6126-56269-0440.fits
6126/spec-6126-56269-0441.fits
6126/spec-6126-56269-0442.fits
6126/spec-6126-56269-0443.fits
6126/spec-6126-56269-0444.fits
6126/spec-6126-56269-0445.fits
6126/spec-6126-56269-0446.fits
6126/spec-6126-56269-0447.fits
6126/spec-6126-56269-0448.fits
6126/spec-6126-56269-0449.fits
6126/spec-6126-56269-0450.fits
6126/spec-6126-56269-0451.fits
6126/spec-6126-56269-0452.fits
6126/spec-6126-56269-0453.fits
6126/spec-6126-56269-0454.fits
6126/spec-6126-56269-0455.fits
6126/spec-6126-56269-0456.fits
6126/spec-6126-56269-0457.fits
6126/spec-6126-56269-0458.fits
6126/spec-6126-56269-0459.fits
6126/spec-6126-56269-0460.fits
6126/spec-6126-56269-0461.fits
6126/spec-6126-56269-0462.fits
6126/spec-6126-56269-0463.fits
6126/spec-6126-56269-0464.fits
6126/spec-6126-56269-0465.fits
6126/spec-6126-56269-0466.fits
6126/spec-6126-56269-0467.fits
6126/spec-6126-56269-0468.fits
6126/spec-6126-56269-0469.fits
6126/spec-6126-56269-0470.fits
6126/spec-6126-56269-0471.fits
6126/spec-6126-56269-0472.fits
6126/spec-6126-56269-0473.fits
6126/spec-6126-56269-0474.fits
6126/spec-6126-56269-0475.fits
6126/spec-6126-56269-0476.fits
6126/spec-6126-56269-0477.fits
6126/spec-6126-56269-0478.fits
6126/spec-6126-56269-0479.fits
6126/spec-6126-56269-0480.fits
6126/spec-6126-56269-0481.fits
6126/spec-6126-56269-0482.fits
6126/spec-6126-56269-0483.fits
6126/spec-6126-56269-0484.fits
6126/spec-6126-56269-0485.fits
6126/spec-6126-56269-0486.fits
6126/spec-6126-56269-0487.fits
6126/spec-6126-56269-0488.fits
6126/spec-6126-56269-0489.fits
6126/spec-6126-56269-0490.fits
6126/spec-6126-56269-0491.fits
6126/spec-6126-56269-0492.fits
6126/spec-6126-56269-0493.fits
6126/spec-6126-56269-0494.fits
6126/spec-6126-56269-0495.fits
6126/spec-6126-56269-0496.fits
6126/spec-6126-56269-0497.fits
6126/spec-6126-56269-0498.fits
6126/spec-6126-56269-0499.fits
6126/spec-6126-56269-0500.fits
6126/spec-6126-56269-0501.fits
6126/spec-6126-56269-0502.fits
6126/spec-6126-56269-0503.fits
6126/spec-6126-56269-0504.fits
6126/spec-6126-56269-0505.fits
6126/spec-6126-56269-0506.fits
6126/spec-6126-56269-0507.fits
6126/spec-6126-56269-0508.fits
6126/spec-6126-56269-0509.fits
6126/spec-6126-56269-0510.fits
6126/spec-6126-56269-0511.fits
6126/spec-6126-56269-0512.fits
6126/spec-6126-56269-0513.fits
6126/spec-6126-56269-0514.fits
6126/spec-6126-56269-0515.fits
6126/spec-6126-56269-0516.fits
6126/spec-6126-56269-0517.fits
6126/spec-6126-56269-0518.fits
6126/spec-6126-56269-0519.fits
6126/spec-6126-56269-0520.fits
6126/spec-6126-56269-0521.fits
6126/spec-6126-56269-0522.fits
6126/spec-6126-56269-0523.fits
6126/spec-6126-56269-0524.fits
6126/spec-6126-56269-0525.fits
6126/spec-6126-56269-0526.fits
6126/spec-6126-56269-0527.fits
6126/spec-6126-56269-0528.fits
6126/spec-6126-56269-0529.fits
6126/spec-6126-56269-0530.fits
6126/spec-6126-56269-0531.fits
6126/spec-6126-56269-0532.fits
6126/spec-6126-56269-0533.fits
6126/spec-6126-56269-0534.fits
6126/spec-6126-56269-0535.fits
6126/spec-6126-56269-0536.fits
6126/spec-6126-56269-0537.fits
6126/spec-6126-56269-0538.fits
6126/spec-6126-56269-0539.fits
6126/spec-6126-56269-0540.fits
6126/spec-6126-56269-0541.fits
6126/spec-6126-56269-0542.fits
6126/spec-6126-56269-0543.fits
6126/spec-6126-56269-0544.fits
6126/spec-6126-56269-0545.fits
6126/spec-6126-56269-0546.fits
6126/spec-6126-56269-0547.fits
6126/spec-6126-56269-0548.fits
6126/spec-6126-56269-0549.fits
6126/spec-6126-56269-0550.fits
6126/spec-6126-56269-0551.fits
6126/spec-6126-56269-0552.fits
6126/spec-6126-56269-0553.fits
6126/spec-6126-56269-0554.fits
6126/spec-6126-56269-0555.fits
6126/spec-6126-56269-0556.fits
6126/spec-6126-56269-0557.fits
6126/spec-6126-56269-0558.fits
6126/spec-6126-56269-0559.fits
6126/spec-6126-56269-0560.fits
6126/spec-6126-56269-0561.fits
6126/spec-6126-56269-0562.fits
6126/spec-6126-56269-0563.fits
6126/spec-6126-56269-0564.fits
6126/spec-6126-56269-0565.fits
6126/spec-6126-56269-0566.fits
6126/spec-6126-56269-0567.fits
6126/spec-6126-56269-0568.fits
6126/spec-6126-56269-0569.fits
6126/spec-6126-56269-0570.fits
6126/spec-6126-56269-0571.fits
6126/spec-6126-56269-0572.fits
6126/spec-6126-56269-0573.fits
6126/spec-6126-56269-0574.fits
6126/spec-6126-56269-0575.fits
6126/spec-6126-56269-0576.fits
6126/spec-6126-56269-0577.fits
6126/spec-6126-56269-0578.fits
6126/spec-6126-56269-0579.fits
6126/spec-6126-56269-0580.fits
6126/spec-6126-56269-0581.fits
6126/spec-6126-56269-0582.fits
6126/spec-6126-56269-0583.fits
6126/spec-6126-56269-0584.fits
6126/spec-6126-56269-0585.fits
6126/spec-6126-56269-0586.fits
6126/spec-6126-56269-0587.fits
6126/spec-6126-56269-0588.fits
6126/spec-6126-56269-0589.fits
6126/spec-6126-56269-0590.fits
6126/spec-6126-56269-0591.fits
6126/spec-6126-56269-0592.fits
6126/spec-6126-56269-0593.fits
6126/spec-6126-56269-0594.fits
6126/spec-6126-56269-0595.fits
6126/spec-6126-56269-0596.fits
6126/spec-6126-56269-0597.fits
6126/spec-6126-56269-0598.fits
6126/spec-6126-56269-0599.fits
6126/spec-6126-56269-0600.fits
6126/spec-6126-56269-0601.fits
6126/spec-6126-56269-0602.fits
6126/spec-6126-56269-0603.fits
6126/spec-6126-56269-0604.fits
6126/spec-6126-56269-0605.fits
6126/spec-6126-56269-0606.fits
6126/spec-6126-56269-0607.fits
6126/spec-6126-56269-0608.fits
6126/spec-6126-56269-0609.fits
6126/spec-6126-56269-0610.fits
6126/spec-6126-56269-0611.fits
6126/spec-6126-56269-0612.fits
6126/spec-6126-56269-0613.fits
6126/spec-6126-56269-0614.fits
6126/spec-6126-56269-0615.fits
6126/spec-6126-56269-0616.fits
6126/spec-6126-56269-0617.fits
6126/spec-6126-56269-0618.fits
6126/spec-6126-56269-0619.fits
6126/spec-6126-56269-0620.fits
6126/spec-6126-56269-0621.fits
6126/spec-6126-56269-0622.fits
6126/spec-6126-56269-0623.fits
6126/spec-6126-56269-0624.fits
6126/spec-6126-56269-0625.fits
6126/spec-6126-56269-0626.fits
6126/spec-6126-56269-0627.fits
6126/spec-6126-56269-0628.fits
6126/spec-6126-56269-0629.fits
6126/spec-6126-56269-0630.fits
6126/spec-6126-56269-0631.fits
6126/spec-6126-56269-0632.fits
6126/spec-6126-56269-0633.fits
6126/spec-6126-56269-0634.fits
6126/spec-6126-56269-0635.fits
6126/spec-6126-56269-0636.fits
6126/spec-6126-56269-0637.fits
6126/spec-6126-56269-0638.fits
6126/spec-6126-56269-0639.fits
6126/spec-6126-56269-0640.fits
6126/spec-6126-56269-0641.fits
6126/spec-6126-56269-0642.fits
6126/spec-6126-56269-0643.fits
6126/spec-6126-56269-0644.fits
6126/spec-6126-56269-0645.fits
6126/spec-6126-56269-0646.fits
6126/spec-6126-56269-0647.fits
6126/spec-6126-56269-0648.fits
6126/spec-6126-56269-0649.fits
6126/spec-6126-56269-0650.fits
6126/spec-6126-56269-0651.fits
6126/spec-6126-56269-0652.fits
6126/spec-6126-56269-0653.fits
6126/spec-6126-56269-0654.fits
6126/spec-6126-56269-0655.fits
6126/spec-6126-56269-0656.fits
6126/spec-6126-56269-0657.fits
6126/spec-6126-56269-0658.fits
6126/spec-6126-56269-0659.fits
6126/spec-6126-56269-0660.fits
6126/spec-6126-56269-0661.fits
6126/spec-6126-56269-0662.fits
6126/spec-6126-56269-0663.fits
6126/spec-6126-56269-0664.fits
6126/spec-6126-56269-0665.fits
6126/spec-6126-56269-0666.fits
6126/spec-6126-56269-0667.fits
6126/spec-6126-56269-0668.fits
6126/spec-6126-56269-0669.fits
6126/spec-6126-56269-0670.fits
6126/spec-6126-56269-0671.fits
6126/spec-6126-56269-0672.fits
6126/spec-6126-56269-0673.fits
6126/spec-6126-56269-0674.fits
6126/spec-6126-56269-0675.fits
6126/spec-6126-56269-0676.fits
6126/spec-6126-56269-0677.fits
6126/spec-6126-56269-0678.fits
6126/spec-6126-56269-0679.fits
6126/spec-6126-56269-0680.fits
6126/spec-6126-56269-0681.fits
6126/spec-6126-56269-0682.fits
6126/spec-6126-56269-0683.fits
6126/spec-6126-56269-0684.fits
6126/spec-6126-56269-0685.fits
6126/spec-6126-56269-0686.fits
6126/spec-6126-56269-0687.fits
6126/spec-6126-56269-0688.fits
6126/spec-6126-56269-0689.fits
6126/spec-6126-56269-0690.fits
6126/spec-6126-56269-0691.fits
6126/spec-6126-56269-0692.fits
6126/spec-6126-56269-0693.fits
6126/spec-6126-56269-0694.fits
6126/spec-6126-56269-0695.fits
6126/spec-6126-56269-0696.fits
6126/spec-6126-56269-0697.fits
6126/spec-6126-56269-0698.fits
6126/spec-6126-56269-0699.fits
6126/spec-6126-56269-0700.fits
6126/spec-6126-56269-0701.fits
6126/spec-6126-56269-0702.fits
6126/spec-6126-56269-0703.fits
6126/spec-6126-56269-0704.fits
6126/spec-6126-56269-0705.fits
6126/spec-6126-56269-0706.fits
6126/spec-6126-56269-0707.fits
6126/spec-6126-56269-0708.fits
6126/spec-6126-56269-0709.fits
6126/spec-6126-56269-0710.fits
6126/spec-6126-56269-0711.fits
6126/spec-6126-56269-0712.fits
6126/spec-6126-56269-0713.fits
6126/spec-6126-56269-0714.fits
6126/spec-6126-56269-0715.fits
6126/spec-6126-56269-0716.fits
6126/spec-6126-56269-0717.fits
6126/spec-6126-56269-0718.fits
6126/spec-6126-56269-0719.fits
6126/spec-6126-56269-0720.fits
6126/spec-6126-56269-0721.fits
6126/spec-6126-56269-0722.fits
6126/spec-6126-56269-0723.fits
6126/spec-6126-56269-0724.fits
6126/spec-6126-56269-0725.fits
6126/spec-6126-56269-0726.fits
6126/spec-6126-56269-0727.fits
6126/spec-6126-56269-0728.fits
6126/spec-6126-56269-0729.fits
6126/spec-6126-56269-0730.fits
6126/spec-6126-56269-0731.fits
6126/spec-6126-56269-0732.fits
6126/spec-6126-56269-0733.fits
6126/spec-6126-56269-0734.fits
6126/spec-6126-56269-0735.fits
6126/spec-6126-56269-0736.fits
6126/spec-6126-56269-0737.fits
6126/spec-6126-56269-0738.fits
6126/spec-6126-56269-0739.fits
6126/spec-6126-56269-0740.fits
6126/spec-6126-56269-0741.fits
6126/spec-6126-56269-0742.fits
6126/spec-6126-56269-0743.fits
6126/spec-6126-56269-0744.fits
6126/spec-6126-56269-0745.fits
6126/spec-6126-56269-0746.fits
6126/spec-6126-56269-0747.fits
6126/spec-6126-56269-0748.fits
6126/spec-6126-56269-0749.fits
6126/spec-6126-56269-0750.fits
6126/spec-6126-56269-0751.fits
6126/spec-6126-56269-0752.fits
6126/spec-6126-56269-0753.fits
6126/spec-6126-56269-0754.fits
6126/spec-6126-56269-0755.fits
6126/spec-6126-56269-0756.fits
6126/spec-6126-56269-0757.fits
6126/spec-6126-56269-0758.fits
6126/spec-6126-56269-0759.fits
6126/spec-6126-56269-0760.fits
6126/spec-6126-56269-0761.fits
6126/spec-6126-56269-0762.fits
6126/spec-6126-56269-0763.fits
6126/spec-6126-56269-0764.fits
6126/spec-6126-56269-0765.fits
6126/spec-6126-56269-0766.fits
6126/spec-6126-56269-0767.fits
6126/spec-6126-56269-0768.fits
6126/spec-6126-56269-0769.fits
6126/spec-6126-56269-0770.fits
6126/spec-6126-56269-0771.fits
6126/spec-6126-56269-0772.fits
6126/spec-6126-56269-0773.fits
6126/spec-6126-56269-0774.fits
6126/spec-6126-56269-0775.fits
6126/spec-6126-56269-0776.fits
6126/spec-6126-56269-0777.fits
6126/spec-6126-56269-0778.fits
6126/spec-6126-56269-0779.fits
6126/spec-6126-56269-0780.fits
6126/spec-6126-56269-0781.fits
6126/spec-6126-56269-0782.fits
6126/spec-6126-56269-0783.fits
6126/spec-6126-56269-0784.fits
6126/spec-6126-56269-0785.fits
6126/spec-6126-56269-0786.fits
6126/spec-6126-56269-0787.fits
6126/spec-6126-56269-0788.fits
6126/spec-6126-56269-0789.fits
6126/spec-6126-56269-0790.fits
6126/spec-6126-56269-0791.fits
6126/spec-6126-56269-0792.fits
6126/spec-6126-56269-0793.fits
6126/spec-6126-56269-0794.fits
6126/spec-6126-56269-0795.fits
6126/spec-6126-56269-0796.fits
6126/spec-6126-56269-0797.fits
6126/spec-6126-56269-0798.fits
6126/spec-6126-56269-0799.fits
6126/spec-6126-56269-0800.fits
6126/spec-6126-56269-0801.fits
6126/spec-6126-56269-0802.fits
6126/spec-6126-56269-0803.fits
6126/spec-6126-56269-0804.fits
6126/spec-6126-56269-0805.fits
6126/spec-6126-56269-0806.fits
6126/spec-6126-56269-0807.fits
6126/spec-6126-56269-0808.fits
6126/spec-6126-56269-0809.fits
6126/spec-6126-56269-0810.fits
6126/spec-6126-56269-0811.fits
6126/spec-6126-56269-0812.fits
6126/spec-6126-56269-0813.fits
6126/spec-6126-56269-0814.fits
6126/spec-6126-56269-0815.fits
6126/spec-6126-56269-0816.fits
6126/spec-6126-56269-0817.fits
6126/spec-6126-56269-0818.fits
6126/spec-6126-56269-0819.fits
6126/spec-6126-56269-0820.fits
6126/spec-6126-56269-0821.fits
6126/spec-6126-56269-0822.fits
6126/spec-6126-56269-0823.fits
6126/spec-6126-56269-0824.fits
6126/spec-6126-56269-0825.fits
6126/spec-6126-56269-0826.fits
6126/spec-6126-56269-0827.fits
6126/spec-6126-56269-0828.fits
6126/spec-6126-56269-0829.fits
6126/spec-6126-56269-0830.fits
6126/spec-6126-56269-0831.fits
6126/spec-6126-56269-0832.fits
6126/spec-6126-56269-0833.fits
6126/spec-6126-56269-0834.fits
6126/spec-6126-56269-0835.fits
6126/spec-6126-56269-0836.fits
6126/spec-6126-56269-0837.fits
6126/spec-6126-56269-0838.fits
6126/spec-6126-56269-0839.fits
6126/spec-6126-56269-0840.fits
6126/spec-6126-56269-0841.fits
6126/spec-6126-56269-0842.fits
6126/spec-6126-56269-0843.fits
6126/spec-6126-56269-0844.fits
6126/spec-6126-56269-0845.fits
6126/spec-6126-56269-0846.fits
6126/spec-6126-56269-0847.fits
6126/spec-6126-56269-0848.fits
6126/spec-6126-56269-0849.fits
6126/spec-6126-56269-0850.fits
6126/spec-6126-56269-0851.fits
6126/spec-6126-56269-0852.fits
6126/spec-6126-56269-0853.fits
6126/spec-6126-56269-0854.fits
6126/spec-6126-56269-0855.fits
6126/spec-6126-56269-0856.fits
6126/spec-6126-56269-0857.fits
6126/spec-6126-56269-0858.fits
6126/spec-6126-56269-0859.fits
6126/spec-6126-56269-0860.fits
6126/spec-6126-56269-0861.fits
6126/spec-6126-56269-0862.fits
6126/spec-6126-56269-0863.fits
6126/spec-6126-56269-0864.fits
6126/spec-6126-56269-0865.fits
6126/spec-6126-56269-0866.fits
6126/spec-6126-56269-0867.fits
6126/spec-6126-56269-0868.fits
6126/spec-6126-56269-0869.fits
6126/spec-6126-56269-0870.fits
6126/spec-6126-56269-0871.fits
6126/spec-6126-56269-0872.fits
6126/spec-6126-56269-0873.fits
6126/spec-6126-56269-0874.fits
6126/spec-6126-56269-0875.fits
6126/spec-6126-56269-0876.fits
6126/spec-6126-56269-0877.fits
6126/spec-6126-56269-0878.fits
6126/spec-6126-56269-0879.fits
6126/spec-6126-56269-0880.fits
6126/spec-6126-56269-0881.fits
6126/spec-6126-56269-0882.fits
6126/spec-6126-56269-0883.fits
6126/spec-6126-56269-0884.fits
6126/spec-6126-56269-0885.fits
6126/spec-6126-56269-0886.fits
6126/spec-6126-56269-0887.fits
6126/spec-6126-56269-0888.fits
6126/spec-6126-56269-0889.fits
6126/spec-6126-56269-0890.fits
6126/spec-6126-56269-0891.fits
6126/spec-6126-56269-0892.fits
6126/spec-6126-56269-0893.fits
6126/spec-6126-56269-0894.fits
6126/spec-6126-56269-0895.fits
6126/spec-6126-56269-0896.fits
6126/spec-6126-56269-0897.fits
6126/spec-6126-56269-0898.fits
6126/spec-6126-56269-0899.fits
6126/spec-6126-56269-0900.fits
6126/spec-6126-56269-0901.fits
6126/spec-6126-56269-0902.fits
6126/spec-6126-56269-0903.fits
6126/spec-6126-56269-0904.fits
6126/spec-6126-56269-0905.fits
6126/spec-6126-56269-0906.fits
6126/spec-6126-56269-0907.fits
6126/spec-6126-56269-0908.fits
6126/spec-6126-56269-0909.fits
6126/spec-6126-56269-0910.fits
6126/spec-6126-56269-0911.fits
6126/spec-6126-56269-0912.fits
6126/spec-6126-56269-0913.fits
6126/spec-6126-56269-0914.fits
6126/spec-6126-56269-0915.fits
6126/spec-6126-56269-0916.fits
6126/spec-6126-56269-0917.fits
6126/spec-6126-56269-0918.fits
6126/spec-6126-56269-0919.fits
6126/spec-6126-56269-0920.fits
6126/spec-6126-56269-0921.fits
6126/spec-6126-56269-0922.fits
6126/spec-6126-56269-0923.fits
6126/spec-6126-56269-0924.fits
6126/spec-6126-56269-0925.fits
6126/spec-6126-56269-0926.fits
6126/spec-6126-56269-0927.fits
6126/spec-6126-56269-0928.fits
6126/spec-6126-56269-0929.fits
6126/spec-6126-56269-0930.fits
6126/spec-6126-56269-0931.fits
6126/spec-6126-56269-0932.fits
6126/spec-6126-56269-0933.fits
6126/spec-6126-56269-0934.fits
6126/spec-6126-56269-0935.fits
6126/spec-6126-56269-0936.fits
6126/spec-6126-56269-0937.fits
6126/spec-6126-56269-0938.fits
6126/spec-6126-56269-0939.fits
6126/spec-6126-56269-0940.fits
6126/spec-6126-56269-0941.fits
6126/spec-6126-56269-0942.fits
6126/spec-6126-56269-0943.fits
6126/spec-6126-56269-0944.fits
6126/spec-6126-56269-0945.fits
6126/spec-6126-56269-0946.fits
6126/spec-6126-56269-0947.fits
6126/spec-6126-56269-0948.fits
6126/spec-6126-56269-0949.fits
6126/spec-6126-56269-0950.fits
6126/spec-6126-56269-0951.fits
6126/spec-6126-56269-0952.fits
6126/spec-6126-56269-0953.fits
6126/spec-6126-56269-0954.fits
6126/spec-6126-56269-0955.fits
6126/spec-6126-56269-0956.fits
6126/spec-6126-56269-0957.fits
6126/spec-6126-56269-0958.fits
6126/spec-6126-56269-0959.fits
6126/spec-6126-56269-0960.fits
6126/spec-6126-56269-0961.fits
6126/spec-6126-56269-0962.fits
6126/spec-6126-56269-0963.fits
6126/spec-6126-56269-0964.fits
6126/spec-6126-56269-0965.fits
6126/spec-6126-56269-0966.fits
6126/spec-6126-56269-0967.fits
6126/spec-6126-56269-0968.fits
6126/spec-6126-56269-0969.fits
6126/spec-6126-56269-0970.fits
6126/spec-6126-56269-0971.fits
6126/spec-6126-56269-0972.fits
6126/spec-6126-56269-0973.fits
6126/spec-6126-56269-0974.fits
6126/spec-6126-56269-0975.fits
6126/spec-6126-56269-0976.fits
6126/spec-6126-56269-0977.fits
6126/spec-6126-56269-0978.fits
6126/spec-6126-56269-0979.fits
6126/spec-6126-56269-0980.fits
6126/spec-6126-56269-0981.fits
6126/spec-6126-56269-0982.fits
6126/spec-6126-56269-0983.fits
6126/spec-6126-56269-0984.fits
6126/spec-6126-56269-0985.fits
6126/spec-6126-56269-0986.fits
6126/spec-6126-56269-0987.fits
6126/spec-6126-56269-0988.fits
6126/spec-6126-56269-0989.fits
6126/spec-6126-56269-0990.fits
6126/spec-6126-56269-0991.fits
6126/spec-6126-56269-0992.fits
6126/spec-6126-56269-0993.fits
6126/spec-6126-56269-0994.fits
6126/spec-6126-56269-0995.fits
6126/spec-6126-56269-0996.fits
6126/spec-6126-56269-0997.fits
6126/spec-6126-56269-0998.fits
6126/spec-6126-56269-0999.fits
6126/spec-6126-56269-1000.fits
/var/lib/condor/execute/slot1/dir_28801
6126 6126.tgz R R361.tar.gz _condor_stderr _condor_stdout cB58_Lyman_break.fit condor_exec.exe hw4.R packages packages.tar.gz tmp var
[1] "Loaded package astro."
[1] 1000
6126 6126.csv 6126.tgz R R361.tar.gz _condor_stderr _condor_stdout cB58_Lyman_break.fit condor_exec.exe hw4.R packages packages.tar.gz tmp var
