6130
6130/
6130/spec-6130-56214-0001.fits
6130/spec-6130-56214-0002.fits
6130/spec-6130-56214-0003.fits
6130/spec-6130-56214-0004.fits
6130/spec-6130-56214-0005.fits
6130/spec-6130-56214-0006.fits
6130/spec-6130-56214-0007.fits
6130/spec-6130-56214-0008.fits
6130/spec-6130-56214-0009.fits
6130/spec-6130-56214-0010.fits
6130/spec-6130-56214-0011.fits
6130/spec-6130-56214-0012.fits
6130/spec-6130-56214-0013.fits
6130/spec-6130-56214-0014.fits
6130/spec-6130-56214-0015.fits
6130/spec-6130-56214-0016.fits
6130/spec-6130-56214-0017.fits
6130/spec-6130-56214-0018.fits
6130/spec-6130-56214-0019.fits
6130/spec-6130-56214-0020.fits
6130/spec-6130-56214-0021.fits
6130/spec-6130-56214-0022.fits
6130/spec-6130-56214-0023.fits
6130/spec-6130-56214-0024.fits
6130/spec-6130-56214-0025.fits
6130/spec-6130-56214-0026.fits
6130/spec-6130-56214-0027.fits
6130/spec-6130-56214-0028.fits
6130/spec-6130-56214-0029.fits
6130/spec-6130-56214-0030.fits
6130/spec-6130-56214-0031.fits
6130/spec-6130-56214-0032.fits
6130/spec-6130-56214-0033.fits
6130/spec-6130-56214-0034.fits
6130/spec-6130-56214-0035.fits
6130/spec-6130-56214-0036.fits
6130/spec-6130-56214-0037.fits
6130/spec-6130-56214-0038.fits
6130/spec-6130-56214-0039.fits
6130/spec-6130-56214-0040.fits
6130/spec-6130-56214-0041.fits
6130/spec-6130-56214-0042.fits
6130/spec-6130-56214-0043.fits
6130/spec-6130-56214-0044.fits
6130/spec-6130-56214-0045.fits
6130/spec-6130-56214-0046.fits
6130/spec-6130-56214-0047.fits
6130/spec-6130-56214-0048.fits
6130/spec-6130-56214-0049.fits
6130/spec-6130-56214-0050.fits
6130/spec-6130-56214-0051.fits
6130/spec-6130-56214-0052.fits
6130/spec-6130-56214-0053.fits
6130/spec-6130-56214-0054.fits
6130/spec-6130-56214-0055.fits
6130/spec-6130-56214-0056.fits
6130/spec-6130-56214-0057.fits
6130/spec-6130-56214-0058.fits
6130/spec-6130-56214-0059.fits
6130/spec-6130-56214-0060.fits
6130/spec-6130-56214-0061.fits
6130/spec-6130-56214-0062.fits
6130/spec-6130-56214-0063.fits
6130/spec-6130-56214-0064.fits
6130/spec-6130-56214-0065.fits
6130/spec-6130-56214-0066.fits
6130/spec-6130-56214-0067.fits
6130/spec-6130-56214-0068.fits
6130/spec-6130-56214-0069.fits
6130/spec-6130-56214-0070.fits
6130/spec-6130-56214-0071.fits
6130/spec-6130-56214-0072.fits
6130/spec-6130-56214-0073.fits
6130/spec-6130-56214-0074.fits
6130/spec-6130-56214-0075.fits
6130/spec-6130-56214-0076.fits
6130/spec-6130-56214-0077.fits
6130/spec-6130-56214-0078.fits
6130/spec-6130-56214-0079.fits
6130/spec-6130-56214-0080.fits
6130/spec-6130-56214-0081.fits
6130/spec-6130-56214-0082.fits
6130/spec-6130-56214-0083.fits
6130/spec-6130-56214-0084.fits
6130/spec-6130-56214-0085.fits
6130/spec-6130-56214-0086.fits
6130/spec-6130-56214-0087.fits
6130/spec-6130-56214-0088.fits
6130/spec-6130-56214-0089.fits
6130/spec-6130-56214-0090.fits
6130/spec-6130-56214-0091.fits
6130/spec-6130-56214-0092.fits
6130/spec-6130-56214-0093.fits
6130/spec-6130-56214-0094.fits
6130/spec-6130-56214-0095.fits
6130/spec-6130-56214-0096.fits
6130/spec-6130-56214-0097.fits
6130/spec-6130-56214-0098.fits
6130/spec-6130-56214-0099.fits
6130/spec-6130-56214-0100.fits
6130/spec-6130-56214-0101.fits
6130/spec-6130-56214-0102.fits
6130/spec-6130-56214-0103.fits
6130/spec-6130-56214-0104.fits
6130/spec-6130-56214-0105.fits
6130/spec-6130-56214-0106.fits
6130/spec-6130-56214-0107.fits
6130/spec-6130-56214-0108.fits
6130/spec-6130-56214-0109.fits
6130/spec-6130-56214-0110.fits
6130/spec-6130-56214-0111.fits
6130/spec-6130-56214-0112.fits
6130/spec-6130-56214-0113.fits
6130/spec-6130-56214-0114.fits
6130/spec-6130-56214-0115.fits
6130/spec-6130-56214-0116.fits
6130/spec-6130-56214-0117.fits
6130/spec-6130-56214-0118.fits
6130/spec-6130-56214-0119.fits
6130/spec-6130-56214-0120.fits
6130/spec-6130-56214-0121.fits
6130/spec-6130-56214-0122.fits
6130/spec-6130-56214-0123.fits
6130/spec-6130-56214-0124.fits
6130/spec-6130-56214-0125.fits
6130/spec-6130-56214-0126.fits
6130/spec-6130-56214-0127.fits
6130/spec-6130-56214-0128.fits
6130/spec-6130-56214-0129.fits
6130/spec-6130-56214-0130.fits
6130/spec-6130-56214-0131.fits
6130/spec-6130-56214-0132.fits
6130/spec-6130-56214-0133.fits
6130/spec-6130-56214-0134.fits
6130/spec-6130-56214-0135.fits
6130/spec-6130-56214-0136.fits
6130/spec-6130-56214-0137.fits
6130/spec-6130-56214-0138.fits
6130/spec-6130-56214-0139.fits
6130/spec-6130-56214-0140.fits
6130/spec-6130-56214-0141.fits
6130/spec-6130-56214-0142.fits
6130/spec-6130-56214-0143.fits
6130/spec-6130-56214-0144.fits
6130/spec-6130-56214-0145.fits
6130/spec-6130-56214-0146.fits
6130/spec-6130-56214-0147.fits
6130/spec-6130-56214-0148.fits
6130/spec-6130-56214-0149.fits
6130/spec-6130-56214-0150.fits
6130/spec-6130-56214-0151.fits
6130/spec-6130-56214-0152.fits
6130/spec-6130-56214-0153.fits
6130/spec-6130-56214-0154.fits
6130/spec-6130-56214-0155.fits
6130/spec-6130-56214-0156.fits
6130/spec-6130-56214-0157.fits
6130/spec-6130-56214-0158.fits
6130/spec-6130-56214-0159.fits
6130/spec-6130-56214-0160.fits
6130/spec-6130-56214-0161.fits
6130/spec-6130-56214-0162.fits
6130/spec-6130-56214-0163.fits
6130/spec-6130-56214-0164.fits
6130/spec-6130-56214-0165.fits
6130/spec-6130-56214-0166.fits
6130/spec-6130-56214-0167.fits
6130/spec-6130-56214-0168.fits
6130/spec-6130-56214-0169.fits
6130/spec-6130-56214-0170.fits
6130/spec-6130-56214-0171.fits
6130/spec-6130-56214-0172.fits
6130/spec-6130-56214-0173.fits
6130/spec-6130-56214-0174.fits
6130/spec-6130-56214-0175.fits
6130/spec-6130-56214-0176.fits
6130/spec-6130-56214-0177.fits
6130/spec-6130-56214-0178.fits
6130/spec-6130-56214-0179.fits
6130/spec-6130-56214-0180.fits
6130/spec-6130-56214-0181.fits
6130/spec-6130-56214-0182.fits
6130/spec-6130-56214-0183.fits
6130/spec-6130-56214-0184.fits
6130/spec-6130-56214-0185.fits
6130/spec-6130-56214-0186.fits
6130/spec-6130-56214-0187.fits
6130/spec-6130-56214-0188.fits
6130/spec-6130-56214-0189.fits
6130/spec-6130-56214-0190.fits
6130/spec-6130-56214-0191.fits
6130/spec-6130-56214-0192.fits
6130/spec-6130-56214-0193.fits
6130/spec-6130-56214-0194.fits
6130/spec-6130-56214-0195.fits
6130/spec-6130-56214-0196.fits
6130/spec-6130-56214-0197.fits
6130/spec-6130-56214-0198.fits
6130/spec-6130-56214-0199.fits
6130/spec-6130-56214-0200.fits
6130/spec-6130-56214-0201.fits
6130/spec-6130-56214-0202.fits
6130/spec-6130-56214-0203.fits
6130/spec-6130-56214-0204.fits
6130/spec-6130-56214-0205.fits
6130/spec-6130-56214-0206.fits
6130/spec-6130-56214-0207.fits
6130/spec-6130-56214-0208.fits
6130/spec-6130-56214-0209.fits
6130/spec-6130-56214-0210.fits
6130/spec-6130-56214-0211.fits
6130/spec-6130-56214-0212.fits
6130/spec-6130-56214-0213.fits
6130/spec-6130-56214-0214.fits
6130/spec-6130-56214-0215.fits
6130/spec-6130-56214-0216.fits
6130/spec-6130-56214-0217.fits
6130/spec-6130-56214-0218.fits
6130/spec-6130-56214-0219.fits
6130/spec-6130-56214-0220.fits
6130/spec-6130-56214-0221.fits
6130/spec-6130-56214-0222.fits
6130/spec-6130-56214-0223.fits
6130/spec-6130-56214-0224.fits
6130/spec-6130-56214-0225.fits
6130/spec-6130-56214-0226.fits
6130/spec-6130-56214-0227.fits
6130/spec-6130-56214-0228.fits
6130/spec-6130-56214-0229.fits
6130/spec-6130-56214-0230.fits
6130/spec-6130-56214-0231.fits
6130/spec-6130-56214-0232.fits
6130/spec-6130-56214-0233.fits
6130/spec-6130-56214-0234.fits
6130/spec-6130-56214-0235.fits
6130/spec-6130-56214-0236.fits
6130/spec-6130-56214-0237.fits
6130/spec-6130-56214-0238.fits
6130/spec-6130-56214-0239.fits
6130/spec-6130-56214-0240.fits
6130/spec-6130-56214-0241.fits
6130/spec-6130-56214-0242.fits
6130/spec-6130-56214-0243.fits
6130/spec-6130-56214-0244.fits
6130/spec-6130-56214-0245.fits
6130/spec-6130-56214-0246.fits
6130/spec-6130-56214-0247.fits
6130/spec-6130-56214-0248.fits
6130/spec-6130-56214-0249.fits
6130/spec-6130-56214-0250.fits
6130/spec-6130-56214-0251.fits
6130/spec-6130-56214-0252.fits
6130/spec-6130-56214-0253.fits
6130/spec-6130-56214-0254.fits
6130/spec-6130-56214-0255.fits
6130/spec-6130-56214-0256.fits
6130/spec-6130-56214-0257.fits
6130/spec-6130-56214-0258.fits
6130/spec-6130-56214-0259.fits
6130/spec-6130-56214-0260.fits
6130/spec-6130-56214-0261.fits
6130/spec-6130-56214-0262.fits
6130/spec-6130-56214-0263.fits
6130/spec-6130-56214-0264.fits
6130/spec-6130-56214-0265.fits
6130/spec-6130-56214-0266.fits
6130/spec-6130-56214-0267.fits
6130/spec-6130-56214-0268.fits
6130/spec-6130-56214-0269.fits
6130/spec-6130-56214-0270.fits
6130/spec-6130-56214-0271.fits
6130/spec-6130-56214-0272.fits
6130/spec-6130-56214-0273.fits
6130/spec-6130-56214-0274.fits
6130/spec-6130-56214-0275.fits
6130/spec-6130-56214-0276.fits
6130/spec-6130-56214-0277.fits
6130/spec-6130-56214-0278.fits
6130/spec-6130-56214-0279.fits
6130/spec-6130-56214-0280.fits
6130/spec-6130-56214-0281.fits
6130/spec-6130-56214-0282.fits
6130/spec-6130-56214-0283.fits
6130/spec-6130-56214-0284.fits
6130/spec-6130-56214-0285.fits
6130/spec-6130-56214-0286.fits
6130/spec-6130-56214-0287.fits
6130/spec-6130-56214-0288.fits
6130/spec-6130-56214-0289.fits
6130/spec-6130-56214-0290.fits
6130/spec-6130-56214-0291.fits
6130/spec-6130-56214-0292.fits
6130/spec-6130-56214-0293.fits
6130/spec-6130-56214-0294.fits
6130/spec-6130-56214-0295.fits
6130/spec-6130-56214-0296.fits
6130/spec-6130-56214-0297.fits
6130/spec-6130-56214-0298.fits
6130/spec-6130-56214-0299.fits
6130/spec-6130-56214-0300.fits
6130/spec-6130-56214-0301.fits
6130/spec-6130-56214-0302.fits
6130/spec-6130-56214-0303.fits
6130/spec-6130-56214-0304.fits
6130/spec-6130-56214-0305.fits
6130/spec-6130-56214-0306.fits
6130/spec-6130-56214-0307.fits
6130/spec-6130-56214-0308.fits
6130/spec-6130-56214-0309.fits
6130/spec-6130-56214-0310.fits
6130/spec-6130-56214-0311.fits
6130/spec-6130-56214-0312.fits
6130/spec-6130-56214-0313.fits
6130/spec-6130-56214-0314.fits
6130/spec-6130-56214-0315.fits
6130/spec-6130-56214-0316.fits
6130/spec-6130-56214-0317.fits
6130/spec-6130-56214-0318.fits
6130/spec-6130-56214-0319.fits
6130/spec-6130-56214-0320.fits
6130/spec-6130-56214-0321.fits
6130/spec-6130-56214-0322.fits
6130/spec-6130-56214-0323.fits
6130/spec-6130-56214-0324.fits
6130/spec-6130-56214-0325.fits
6130/spec-6130-56214-0326.fits
6130/spec-6130-56214-0327.fits
6130/spec-6130-56214-0328.fits
6130/spec-6130-56214-0329.fits
6130/spec-6130-56214-0330.fits
6130/spec-6130-56214-0331.fits
6130/spec-6130-56214-0332.fits
6130/spec-6130-56214-0333.fits
6130/spec-6130-56214-0334.fits
6130/spec-6130-56214-0335.fits
6130/spec-6130-56214-0336.fits
6130/spec-6130-56214-0337.fits
6130/spec-6130-56214-0338.fits
6130/spec-6130-56214-0339.fits
6130/spec-6130-56214-0340.fits
6130/spec-6130-56214-0341.fits
6130/spec-6130-56214-0342.fits
6130/spec-6130-56214-0343.fits
6130/spec-6130-56214-0344.fits
6130/spec-6130-56214-0345.fits
6130/spec-6130-56214-0346.fits
6130/spec-6130-56214-0347.fits
6130/spec-6130-56214-0348.fits
6130/spec-6130-56214-0349.fits
6130/spec-6130-56214-0350.fits
6130/spec-6130-56214-0351.fits
6130/spec-6130-56214-0352.fits
6130/spec-6130-56214-0353.fits
6130/spec-6130-56214-0354.fits
6130/spec-6130-56214-0355.fits
6130/spec-6130-56214-0356.fits
6130/spec-6130-56214-0357.fits
6130/spec-6130-56214-0358.fits
6130/spec-6130-56214-0359.fits
6130/spec-6130-56214-0360.fits
6130/spec-6130-56214-0361.fits
6130/spec-6130-56214-0362.fits
6130/spec-6130-56214-0363.fits
6130/spec-6130-56214-0364.fits
6130/spec-6130-56214-0365.fits
6130/spec-6130-56214-0366.fits
6130/spec-6130-56214-0367.fits
6130/spec-6130-56214-0368.fits
6130/spec-6130-56214-0369.fits
6130/spec-6130-56214-0370.fits
6130/spec-6130-56214-0371.fits
6130/spec-6130-56214-0372.fits
6130/spec-6130-56214-0373.fits
6130/spec-6130-56214-0374.fits
6130/spec-6130-56214-0375.fits
6130/spec-6130-56214-0376.fits
6130/spec-6130-56214-0377.fits
6130/spec-6130-56214-0378.fits
6130/spec-6130-56214-0379.fits
6130/spec-6130-56214-0380.fits
6130/spec-6130-56214-0381.fits
6130/spec-6130-56214-0382.fits
6130/spec-6130-56214-0383.fits
6130/spec-6130-56214-0384.fits
6130/spec-6130-56214-0385.fits
6130/spec-6130-56214-0386.fits
6130/spec-6130-56214-0387.fits
6130/spec-6130-56214-0388.fits
6130/spec-6130-56214-0389.fits
6130/spec-6130-56214-0390.fits
6130/spec-6130-56214-0391.fits
6130/spec-6130-56214-0392.fits
6130/spec-6130-56214-0393.fits
6130/spec-6130-56214-0394.fits
6130/spec-6130-56214-0395.fits
6130/spec-6130-56214-0396.fits
6130/spec-6130-56214-0397.fits
6130/spec-6130-56214-0398.fits
6130/spec-6130-56214-0399.fits
6130/spec-6130-56214-0400.fits
6130/spec-6130-56214-0401.fits
6130/spec-6130-56214-0402.fits
6130/spec-6130-56214-0403.fits
6130/spec-6130-56214-0404.fits
6130/spec-6130-56214-0405.fits
6130/spec-6130-56214-0406.fits
6130/spec-6130-56214-0407.fits
6130/spec-6130-56214-0408.fits
6130/spec-6130-56214-0409.fits
6130/spec-6130-56214-0410.fits
6130/spec-6130-56214-0411.fits
6130/spec-6130-56214-0412.fits
6130/spec-6130-56214-0413.fits
6130/spec-6130-56214-0414.fits
6130/spec-6130-56214-0415.fits
6130/spec-6130-56214-0416.fits
6130/spec-6130-56214-0417.fits
6130/spec-6130-56214-0418.fits
6130/spec-6130-56214-0419.fits
6130/spec-6130-56214-0420.fits
6130/spec-6130-56214-0421.fits
6130/spec-6130-56214-0422.fits
6130/spec-6130-56214-0423.fits
6130/spec-6130-56214-0424.fits
6130/spec-6130-56214-0425.fits
6130/spec-6130-56214-0426.fits
6130/spec-6130-56214-0427.fits
6130/spec-6130-56214-0428.fits
6130/spec-6130-56214-0429.fits
6130/spec-6130-56214-0430.fits
6130/spec-6130-56214-0431.fits
6130/spec-6130-56214-0432.fits
6130/spec-6130-56214-0433.fits
6130/spec-6130-56214-0434.fits
6130/spec-6130-56214-0435.fits
6130/spec-6130-56214-0436.fits
6130/spec-6130-56214-0437.fits
6130/spec-6130-56214-0438.fits
6130/spec-6130-56214-0439.fits
6130/spec-6130-56214-0440.fits
6130/spec-6130-56214-0441.fits
6130/spec-6130-56214-0442.fits
6130/spec-6130-56214-0443.fits
6130/spec-6130-56214-0444.fits
6130/spec-6130-56214-0445.fits
6130/spec-6130-56214-0446.fits
6130/spec-6130-56214-0447.fits
6130/spec-6130-56214-0448.fits
6130/spec-6130-56214-0449.fits
6130/spec-6130-56214-0450.fits
6130/spec-6130-56214-0451.fits
6130/spec-6130-56214-0452.fits
6130/spec-6130-56214-0453.fits
6130/spec-6130-56214-0454.fits
6130/spec-6130-56214-0455.fits
6130/spec-6130-56214-0456.fits
6130/spec-6130-56214-0457.fits
6130/spec-6130-56214-0458.fits
6130/spec-6130-56214-0459.fits
6130/spec-6130-56214-0460.fits
6130/spec-6130-56214-0461.fits
6130/spec-6130-56214-0462.fits
6130/spec-6130-56214-0463.fits
6130/spec-6130-56214-0464.fits
6130/spec-6130-56214-0465.fits
6130/spec-6130-56214-0466.fits
6130/spec-6130-56214-0467.fits
6130/spec-6130-56214-0468.fits
6130/spec-6130-56214-0469.fits
6130/spec-6130-56214-0470.fits
6130/spec-6130-56214-0471.fits
6130/spec-6130-56214-0472.fits
6130/spec-6130-56214-0473.fits
6130/spec-6130-56214-0474.fits
6130/spec-6130-56214-0475.fits
6130/spec-6130-56214-0476.fits
6130/spec-6130-56214-0477.fits
6130/spec-6130-56214-0478.fits
6130/spec-6130-56214-0479.fits
6130/spec-6130-56214-0480.fits
6130/spec-6130-56214-0481.fits
6130/spec-6130-56214-0482.fits
6130/spec-6130-56214-0483.fits
6130/spec-6130-56214-0484.fits
6130/spec-6130-56214-0485.fits
6130/spec-6130-56214-0486.fits
6130/spec-6130-56214-0487.fits
6130/spec-6130-56214-0488.fits
6130/spec-6130-56214-0489.fits
6130/spec-6130-56214-0490.fits
6130/spec-6130-56214-0491.fits
6130/spec-6130-56214-0492.fits
6130/spec-6130-56214-0493.fits
6130/spec-6130-56214-0494.fits
6130/spec-6130-56214-0495.fits
6130/spec-6130-56214-0496.fits
6130/spec-6130-56214-0497.fits
6130/spec-6130-56214-0498.fits
6130/spec-6130-56214-0499.fits
6130/spec-6130-56214-0500.fits
6130/spec-6130-56214-0501.fits
6130/spec-6130-56214-0502.fits
6130/spec-6130-56214-0503.fits
6130/spec-6130-56214-0504.fits
6130/spec-6130-56214-0505.fits
6130/spec-6130-56214-0506.fits
6130/spec-6130-56214-0507.fits
6130/spec-6130-56214-0508.fits
6130/spec-6130-56214-0509.fits
6130/spec-6130-56214-0510.fits
6130/spec-6130-56214-0511.fits
6130/spec-6130-56214-0512.fits
6130/spec-6130-56214-0513.fits
6130/spec-6130-56214-0514.fits
6130/spec-6130-56214-0515.fits
6130/spec-6130-56214-0516.fits
6130/spec-6130-56214-0517.fits
6130/spec-6130-56214-0518.fits
6130/spec-6130-56214-0519.fits
6130/spec-6130-56214-0520.fits
6130/spec-6130-56214-0521.fits
6130/spec-6130-56214-0522.fits
6130/spec-6130-56214-0523.fits
6130/spec-6130-56214-0524.fits
6130/spec-6130-56214-0525.fits
6130/spec-6130-56214-0526.fits
6130/spec-6130-56214-0527.fits
6130/spec-6130-56214-0528.fits
6130/spec-6130-56214-0529.fits
6130/spec-6130-56214-0530.fits
6130/spec-6130-56214-0531.fits
6130/spec-6130-56214-0532.fits
6130/spec-6130-56214-0533.fits
6130/spec-6130-56214-0534.fits
6130/spec-6130-56214-0535.fits
6130/spec-6130-56214-0536.fits
6130/spec-6130-56214-0537.fits
6130/spec-6130-56214-0538.fits
6130/spec-6130-56214-0539.fits
6130/spec-6130-56214-0540.fits
6130/spec-6130-56214-0541.fits
6130/spec-6130-56214-0542.fits
6130/spec-6130-56214-0543.fits
6130/spec-6130-56214-0544.fits
6130/spec-6130-56214-0545.fits
6130/spec-6130-56214-0546.fits
6130/spec-6130-56214-0547.fits
6130/spec-6130-56214-0548.fits
6130/spec-6130-56214-0549.fits
6130/spec-6130-56214-0550.fits
6130/spec-6130-56214-0551.fits
6130/spec-6130-56214-0552.fits
6130/spec-6130-56214-0553.fits
6130/spec-6130-56214-0554.fits
6130/spec-6130-56214-0555.fits
6130/spec-6130-56214-0556.fits
6130/spec-6130-56214-0557.fits
6130/spec-6130-56214-0558.fits
6130/spec-6130-56214-0559.fits
6130/spec-6130-56214-0560.fits
6130/spec-6130-56214-0561.fits
6130/spec-6130-56214-0562.fits
6130/spec-6130-56214-0563.fits
6130/spec-6130-56214-0564.fits
6130/spec-6130-56214-0565.fits
6130/spec-6130-56214-0566.fits
6130/spec-6130-56214-0567.fits
6130/spec-6130-56214-0568.fits
6130/spec-6130-56214-0569.fits
6130/spec-6130-56214-0570.fits
6130/spec-6130-56214-0571.fits
6130/spec-6130-56214-0572.fits
6130/spec-6130-56214-0573.fits
6130/spec-6130-56214-0574.fits
6130/spec-6130-56214-0575.fits
6130/spec-6130-56214-0576.fits
6130/spec-6130-56214-0577.fits
6130/spec-6130-56214-0578.fits
6130/spec-6130-56214-0579.fits
6130/spec-6130-56214-0580.fits
6130/spec-6130-56214-0581.fits
6130/spec-6130-56214-0582.fits
6130/spec-6130-56214-0583.fits
6130/spec-6130-56214-0584.fits
6130/spec-6130-56214-0585.fits
6130/spec-6130-56214-0586.fits
6130/spec-6130-56214-0587.fits
6130/spec-6130-56214-0588.fits
6130/spec-6130-56214-0589.fits
6130/spec-6130-56214-0590.fits
6130/spec-6130-56214-0591.fits
6130/spec-6130-56214-0592.fits
6130/spec-6130-56214-0593.fits
6130/spec-6130-56214-0594.fits
6130/spec-6130-56214-0595.fits
6130/spec-6130-56214-0596.fits
6130/spec-6130-56214-0597.fits
6130/spec-6130-56214-0598.fits
6130/spec-6130-56214-0599.fits
6130/spec-6130-56214-0600.fits
6130/spec-6130-56214-0601.fits
6130/spec-6130-56214-0602.fits
6130/spec-6130-56214-0603.fits
6130/spec-6130-56214-0604.fits
6130/spec-6130-56214-0605.fits
6130/spec-6130-56214-0606.fits
6130/spec-6130-56214-0607.fits
6130/spec-6130-56214-0608.fits
6130/spec-6130-56214-0609.fits
6130/spec-6130-56214-0610.fits
6130/spec-6130-56214-0611.fits
6130/spec-6130-56214-0612.fits
6130/spec-6130-56214-0613.fits
6130/spec-6130-56214-0614.fits
6130/spec-6130-56214-0615.fits
6130/spec-6130-56214-0616.fits
6130/spec-6130-56214-0617.fits
6130/spec-6130-56214-0618.fits
6130/spec-6130-56214-0619.fits
6130/spec-6130-56214-0620.fits
6130/spec-6130-56214-0621.fits
6130/spec-6130-56214-0622.fits
6130/spec-6130-56214-0623.fits
6130/spec-6130-56214-0624.fits
6130/spec-6130-56214-0625.fits
6130/spec-6130-56214-0626.fits
6130/spec-6130-56214-0627.fits
6130/spec-6130-56214-0628.fits
6130/spec-6130-56214-0629.fits
6130/spec-6130-56214-0630.fits
6130/spec-6130-56214-0631.fits
6130/spec-6130-56214-0632.fits
6130/spec-6130-56214-0633.fits
6130/spec-6130-56214-0634.fits
6130/spec-6130-56214-0635.fits
6130/spec-6130-56214-0636.fits
6130/spec-6130-56214-0637.fits
6130/spec-6130-56214-0638.fits
6130/spec-6130-56214-0639.fits
6130/spec-6130-56214-0640.fits
6130/spec-6130-56214-0641.fits
6130/spec-6130-56214-0642.fits
6130/spec-6130-56214-0643.fits
6130/spec-6130-56214-0644.fits
6130/spec-6130-56214-0645.fits
6130/spec-6130-56214-0646.fits
6130/spec-6130-56214-0647.fits
6130/spec-6130-56214-0648.fits
6130/spec-6130-56214-0649.fits
6130/spec-6130-56214-0650.fits
6130/spec-6130-56214-0651.fits
6130/spec-6130-56214-0652.fits
6130/spec-6130-56214-0653.fits
6130/spec-6130-56214-0654.fits
6130/spec-6130-56214-0655.fits
6130/spec-6130-56214-0656.fits
6130/spec-6130-56214-0657.fits
6130/spec-6130-56214-0658.fits
6130/spec-6130-56214-0659.fits
6130/spec-6130-56214-0660.fits
6130/spec-6130-56214-0661.fits
6130/spec-6130-56214-0662.fits
6130/spec-6130-56214-0663.fits
6130/spec-6130-56214-0664.fits
6130/spec-6130-56214-0665.fits
6130/spec-6130-56214-0666.fits
6130/spec-6130-56214-0667.fits
6130/spec-6130-56214-0668.fits
6130/spec-6130-56214-0669.fits
6130/spec-6130-56214-0670.fits
6130/spec-6130-56214-0671.fits
6130/spec-6130-56214-0672.fits
6130/spec-6130-56214-0673.fits
6130/spec-6130-56214-0674.fits
6130/spec-6130-56214-0675.fits
6130/spec-6130-56214-0676.fits
6130/spec-6130-56214-0677.fits
6130/spec-6130-56214-0678.fits
6130/spec-6130-56214-0679.fits
6130/spec-6130-56214-0680.fits
6130/spec-6130-56214-0681.fits
6130/spec-6130-56214-0682.fits
6130/spec-6130-56214-0683.fits
6130/spec-6130-56214-0684.fits
6130/spec-6130-56214-0685.fits
6130/spec-6130-56214-0686.fits
6130/spec-6130-56214-0687.fits
6130/spec-6130-56214-0688.fits
6130/spec-6130-56214-0689.fits
6130/spec-6130-56214-0690.fits
6130/spec-6130-56214-0691.fits
6130/spec-6130-56214-0692.fits
6130/spec-6130-56214-0693.fits
6130/spec-6130-56214-0694.fits
6130/spec-6130-56214-0695.fits
6130/spec-6130-56214-0696.fits
6130/spec-6130-56214-0697.fits
6130/spec-6130-56214-0698.fits
6130/spec-6130-56214-0699.fits
6130/spec-6130-56214-0700.fits
6130/spec-6130-56214-0701.fits
6130/spec-6130-56214-0702.fits
6130/spec-6130-56214-0703.fits
6130/spec-6130-56214-0704.fits
6130/spec-6130-56214-0705.fits
6130/spec-6130-56214-0706.fits
6130/spec-6130-56214-0707.fits
6130/spec-6130-56214-0708.fits
6130/spec-6130-56214-0709.fits
6130/spec-6130-56214-0710.fits
6130/spec-6130-56214-0711.fits
6130/spec-6130-56214-0712.fits
6130/spec-6130-56214-0713.fits
6130/spec-6130-56214-0714.fits
6130/spec-6130-56214-0715.fits
6130/spec-6130-56214-0716.fits
6130/spec-6130-56214-0717.fits
6130/spec-6130-56214-0718.fits
6130/spec-6130-56214-0719.fits
6130/spec-6130-56214-0720.fits
6130/spec-6130-56214-0721.fits
6130/spec-6130-56214-0722.fits
6130/spec-6130-56214-0723.fits
6130/spec-6130-56214-0724.fits
6130/spec-6130-56214-0725.fits
6130/spec-6130-56214-0726.fits
6130/spec-6130-56214-0727.fits
6130/spec-6130-56214-0728.fits
6130/spec-6130-56214-0729.fits
6130/spec-6130-56214-0730.fits
6130/spec-6130-56214-0731.fits
6130/spec-6130-56214-0732.fits
6130/spec-6130-56214-0733.fits
6130/spec-6130-56214-0734.fits
6130/spec-6130-56214-0735.fits
6130/spec-6130-56214-0736.fits
6130/spec-6130-56214-0737.fits
6130/spec-6130-56214-0738.fits
6130/spec-6130-56214-0739.fits
6130/spec-6130-56214-0740.fits
6130/spec-6130-56214-0741.fits
6130/spec-6130-56214-0742.fits
6130/spec-6130-56214-0743.fits
6130/spec-6130-56214-0744.fits
6130/spec-6130-56214-0745.fits
6130/spec-6130-56214-0746.fits
6130/spec-6130-56214-0747.fits
6130/spec-6130-56214-0748.fits
6130/spec-6130-56214-0749.fits
6130/spec-6130-56214-0750.fits
6130/spec-6130-56214-0751.fits
6130/spec-6130-56214-0752.fits
6130/spec-6130-56214-0753.fits
6130/spec-6130-56214-0754.fits
6130/spec-6130-56214-0755.fits
6130/spec-6130-56214-0756.fits
6130/spec-6130-56214-0757.fits
6130/spec-6130-56214-0758.fits
6130/spec-6130-56214-0759.fits
6130/spec-6130-56214-0760.fits
6130/spec-6130-56214-0761.fits
6130/spec-6130-56214-0762.fits
6130/spec-6130-56214-0763.fits
6130/spec-6130-56214-0764.fits
6130/spec-6130-56214-0765.fits
6130/spec-6130-56214-0766.fits
6130/spec-6130-56214-0767.fits
6130/spec-6130-56214-0768.fits
6130/spec-6130-56214-0769.fits
6130/spec-6130-56214-0770.fits
6130/spec-6130-56214-0771.fits
6130/spec-6130-56214-0772.fits
6130/spec-6130-56214-0773.fits
6130/spec-6130-56214-0774.fits
6130/spec-6130-56214-0775.fits
6130/spec-6130-56214-0776.fits
6130/spec-6130-56214-0777.fits
6130/spec-6130-56214-0778.fits
6130/spec-6130-56214-0779.fits
6130/spec-6130-56214-0780.fits
6130/spec-6130-56214-0781.fits
6130/spec-6130-56214-0782.fits
6130/spec-6130-56214-0783.fits
6130/spec-6130-56214-0784.fits
6130/spec-6130-56214-0785.fits
6130/spec-6130-56214-0786.fits
6130/spec-6130-56214-0787.fits
6130/spec-6130-56214-0788.fits
6130/spec-6130-56214-0789.fits
6130/spec-6130-56214-0790.fits
6130/spec-6130-56214-0791.fits
6130/spec-6130-56214-0792.fits
6130/spec-6130-56214-0793.fits
6130/spec-6130-56214-0794.fits
6130/spec-6130-56214-0795.fits
6130/spec-6130-56214-0796.fits
6130/spec-6130-56214-0797.fits
6130/spec-6130-56214-0798.fits
6130/spec-6130-56214-0799.fits
6130/spec-6130-56214-0800.fits
6130/spec-6130-56214-0801.fits
6130/spec-6130-56214-0802.fits
6130/spec-6130-56214-0803.fits
6130/spec-6130-56214-0804.fits
6130/spec-6130-56214-0805.fits
6130/spec-6130-56214-0806.fits
6130/spec-6130-56214-0807.fits
6130/spec-6130-56214-0808.fits
6130/spec-6130-56214-0809.fits
6130/spec-6130-56214-0810.fits
6130/spec-6130-56214-0811.fits
6130/spec-6130-56214-0812.fits
6130/spec-6130-56214-0813.fits
6130/spec-6130-56214-0814.fits
6130/spec-6130-56214-0815.fits
6130/spec-6130-56214-0816.fits
6130/spec-6130-56214-0817.fits
6130/spec-6130-56214-0818.fits
6130/spec-6130-56214-0819.fits
6130/spec-6130-56214-0820.fits
6130/spec-6130-56214-0821.fits
6130/spec-6130-56214-0822.fits
6130/spec-6130-56214-0823.fits
6130/spec-6130-56214-0824.fits
6130/spec-6130-56214-0825.fits
6130/spec-6130-56214-0826.fits
6130/spec-6130-56214-0827.fits
6130/spec-6130-56214-0828.fits
6130/spec-6130-56214-0829.fits
6130/spec-6130-56214-0830.fits
6130/spec-6130-56214-0831.fits
6130/spec-6130-56214-0832.fits
6130/spec-6130-56214-0833.fits
6130/spec-6130-56214-0834.fits
6130/spec-6130-56214-0835.fits
6130/spec-6130-56214-0836.fits
6130/spec-6130-56214-0837.fits
6130/spec-6130-56214-0838.fits
6130/spec-6130-56214-0839.fits
6130/spec-6130-56214-0840.fits
6130/spec-6130-56214-0841.fits
6130/spec-6130-56214-0842.fits
6130/spec-6130-56214-0843.fits
6130/spec-6130-56214-0844.fits
6130/spec-6130-56214-0845.fits
6130/spec-6130-56214-0846.fits
6130/spec-6130-56214-0847.fits
6130/spec-6130-56214-0848.fits
6130/spec-6130-56214-0849.fits
6130/spec-6130-56214-0850.fits
6130/spec-6130-56214-0851.fits
6130/spec-6130-56214-0852.fits
6130/spec-6130-56214-0853.fits
6130/spec-6130-56214-0854.fits
6130/spec-6130-56214-0855.fits
6130/spec-6130-56214-0856.fits
6130/spec-6130-56214-0857.fits
6130/spec-6130-56214-0858.fits
6130/spec-6130-56214-0859.fits
6130/spec-6130-56214-0860.fits
6130/spec-6130-56214-0861.fits
6130/spec-6130-56214-0862.fits
6130/spec-6130-56214-0863.fits
6130/spec-6130-56214-0864.fits
6130/spec-6130-56214-0865.fits
6130/spec-6130-56214-0866.fits
6130/spec-6130-56214-0867.fits
6130/spec-6130-56214-0868.fits
6130/spec-6130-56214-0869.fits
6130/spec-6130-56214-0870.fits
6130/spec-6130-56214-0871.fits
6130/spec-6130-56214-0872.fits
6130/spec-6130-56214-0873.fits
6130/spec-6130-56214-0874.fits
6130/spec-6130-56214-0875.fits
6130/spec-6130-56214-0876.fits
6130/spec-6130-56214-0877.fits
6130/spec-6130-56214-0878.fits
6130/spec-6130-56214-0879.fits
6130/spec-6130-56214-0880.fits
6130/spec-6130-56214-0881.fits
6130/spec-6130-56214-0882.fits
6130/spec-6130-56214-0883.fits
6130/spec-6130-56214-0884.fits
6130/spec-6130-56214-0885.fits
6130/spec-6130-56214-0886.fits
6130/spec-6130-56214-0887.fits
6130/spec-6130-56214-0888.fits
6130/spec-6130-56214-0889.fits
6130/spec-6130-56214-0890.fits
6130/spec-6130-56214-0891.fits
6130/spec-6130-56214-0892.fits
6130/spec-6130-56214-0893.fits
6130/spec-6130-56214-0894.fits
6130/spec-6130-56214-0895.fits
6130/spec-6130-56214-0896.fits
6130/spec-6130-56214-0897.fits
6130/spec-6130-56214-0898.fits
6130/spec-6130-56214-0899.fits
6130/spec-6130-56214-0900.fits
6130/spec-6130-56214-0901.fits
6130/spec-6130-56214-0902.fits
6130/spec-6130-56214-0903.fits
6130/spec-6130-56214-0904.fits
6130/spec-6130-56214-0905.fits
6130/spec-6130-56214-0906.fits
6130/spec-6130-56214-0907.fits
6130/spec-6130-56214-0908.fits
6130/spec-6130-56214-0909.fits
6130/spec-6130-56214-0910.fits
6130/spec-6130-56214-0911.fits
6130/spec-6130-56214-0912.fits
6130/spec-6130-56214-0913.fits
6130/spec-6130-56214-0914.fits
6130/spec-6130-56214-0915.fits
6130/spec-6130-56214-0916.fits
6130/spec-6130-56214-0917.fits
6130/spec-6130-56214-0918.fits
6130/spec-6130-56214-0919.fits
6130/spec-6130-56214-0920.fits
6130/spec-6130-56214-0921.fits
6130/spec-6130-56214-0922.fits
6130/spec-6130-56214-0923.fits
6130/spec-6130-56214-0924.fits
6130/spec-6130-56214-0925.fits
6130/spec-6130-56214-0926.fits
6130/spec-6130-56214-0927.fits
6130/spec-6130-56214-0928.fits
6130/spec-6130-56214-0929.fits
6130/spec-6130-56214-0930.fits
6130/spec-6130-56214-0931.fits
6130/spec-6130-56214-0932.fits
6130/spec-6130-56214-0933.fits
6130/spec-6130-56214-0934.fits
6130/spec-6130-56214-0935.fits
6130/spec-6130-56214-0936.fits
6130/spec-6130-56214-0937.fits
6130/spec-6130-56214-0938.fits
6130/spec-6130-56214-0939.fits
6130/spec-6130-56214-0940.fits
6130/spec-6130-56214-0941.fits
6130/spec-6130-56214-0942.fits
6130/spec-6130-56214-0943.fits
6130/spec-6130-56214-0944.fits
6130/spec-6130-56214-0945.fits
6130/spec-6130-56214-0946.fits
6130/spec-6130-56214-0947.fits
6130/spec-6130-56214-0948.fits
6130/spec-6130-56214-0949.fits
6130/spec-6130-56214-0950.fits
6130/spec-6130-56214-0951.fits
6130/spec-6130-56214-0952.fits
6130/spec-6130-56214-0953.fits
6130/spec-6130-56214-0954.fits
6130/spec-6130-56214-0955.fits
6130/spec-6130-56214-0956.fits
6130/spec-6130-56214-0957.fits
6130/spec-6130-56214-0958.fits
6130/spec-6130-56214-0959.fits
6130/spec-6130-56214-0960.fits
6130/spec-6130-56214-0961.fits
6130/spec-6130-56214-0962.fits
6130/spec-6130-56214-0963.fits
6130/spec-6130-56214-0964.fits
6130/spec-6130-56214-0965.fits
6130/spec-6130-56214-0966.fits
6130/spec-6130-56214-0967.fits
6130/spec-6130-56214-0968.fits
6130/spec-6130-56214-0969.fits
6130/spec-6130-56214-0970.fits
6130/spec-6130-56214-0971.fits
6130/spec-6130-56214-0972.fits
6130/spec-6130-56214-0973.fits
6130/spec-6130-56214-0974.fits
6130/spec-6130-56214-0975.fits
6130/spec-6130-56214-0976.fits
6130/spec-6130-56214-0977.fits
6130/spec-6130-56214-0978.fits
6130/spec-6130-56214-0979.fits
6130/spec-6130-56214-0980.fits
6130/spec-6130-56214-0981.fits
6130/spec-6130-56214-0982.fits
6130/spec-6130-56214-0983.fits
6130/spec-6130-56214-0984.fits
6130/spec-6130-56214-0985.fits
6130/spec-6130-56214-0986.fits
6130/spec-6130-56214-0987.fits
6130/spec-6130-56214-0988.fits
6130/spec-6130-56214-0989.fits
6130/spec-6130-56214-0990.fits
6130/spec-6130-56214-0991.fits
6130/spec-6130-56214-0992.fits
6130/spec-6130-56214-0993.fits
6130/spec-6130-56214-0994.fits
6130/spec-6130-56214-0995.fits
6130/spec-6130-56214-0996.fits
6130/spec-6130-56214-0997.fits
6130/spec-6130-56214-0998.fits
6130/spec-6130-56214-0999.fits
6130/spec-6130-56214-1000.fits
/var/lib/condor/execute/slot1/dir_8319
6130 6130.tgz R R361.tar.gz _condor_stderr _condor_stdout cB58_Lyman_break.fit condor_exec.exe hw4.R packages packages.tar.gz tmp var
[1] "Loaded package astro."
[1] 1000
6130 6130.csv 6130.tgz R R361.tar.gz _condor_stderr _condor_stdout cB58_Lyman_break.fit condor_exec.exe hw4.R packages packages.tar.gz tmp var
