3876
3876/
3876/spec-3876-55245-0001.fits
3876/spec-3876-55245-0002.fits
3876/spec-3876-55245-0003.fits
3876/spec-3876-55245-0004.fits
3876/spec-3876-55245-0005.fits
3876/spec-3876-55245-0006.fits
3876/spec-3876-55245-0007.fits
3876/spec-3876-55245-0008.fits
3876/spec-3876-55245-0009.fits
3876/spec-3876-55245-0010.fits
3876/spec-3876-55245-0011.fits
3876/spec-3876-55245-0012.fits
3876/spec-3876-55245-0013.fits
3876/spec-3876-55245-0014.fits
3876/spec-3876-55245-0015.fits
3876/spec-3876-55245-0016.fits
3876/spec-3876-55245-0017.fits
3876/spec-3876-55245-0018.fits
3876/spec-3876-55245-0019.fits
3876/spec-3876-55245-0020.fits
3876/spec-3876-55245-0021.fits
3876/spec-3876-55245-0022.fits
3876/spec-3876-55245-0023.fits
3876/spec-3876-55245-0024.fits
3876/spec-3876-55245-0025.fits
3876/spec-3876-55245-0026.fits
3876/spec-3876-55245-0027.fits
3876/spec-3876-55245-0028.fits
3876/spec-3876-55245-0029.fits
3876/spec-3876-55245-0030.fits
3876/spec-3876-55245-0031.fits
3876/spec-3876-55245-0032.fits
3876/spec-3876-55245-0033.fits
3876/spec-3876-55245-0034.fits
3876/spec-3876-55245-0035.fits
3876/spec-3876-55245-0036.fits
3876/spec-3876-55245-0037.fits
3876/spec-3876-55245-0038.fits
3876/spec-3876-55245-0039.fits
3876/spec-3876-55245-0040.fits
3876/spec-3876-55245-0041.fits
3876/spec-3876-55245-0042.fits
3876/spec-3876-55245-0043.fits
3876/spec-3876-55245-0044.fits
3876/spec-3876-55245-0045.fits
3876/spec-3876-55245-0046.fits
3876/spec-3876-55245-0047.fits
3876/spec-3876-55245-0048.fits
3876/spec-3876-55245-0049.fits
3876/spec-3876-55245-0050.fits
3876/spec-3876-55245-0051.fits
3876/spec-3876-55245-0052.fits
3876/spec-3876-55245-0053.fits
3876/spec-3876-55245-0054.fits
3876/spec-3876-55245-0055.fits
3876/spec-3876-55245-0056.fits
3876/spec-3876-55245-0057.fits
3876/spec-3876-55245-0058.fits
3876/spec-3876-55245-0059.fits
3876/spec-3876-55245-0060.fits
3876/spec-3876-55245-0061.fits
3876/spec-3876-55245-0062.fits
3876/spec-3876-55245-0063.fits
3876/spec-3876-55245-0064.fits
3876/spec-3876-55245-0065.fits
3876/spec-3876-55245-0066.fits
3876/spec-3876-55245-0067.fits
3876/spec-3876-55245-0068.fits
3876/spec-3876-55245-0069.fits
3876/spec-3876-55245-0070.fits
3876/spec-3876-55245-0071.fits
3876/spec-3876-55245-0072.fits
3876/spec-3876-55245-0073.fits
3876/spec-3876-55245-0074.fits
3876/spec-3876-55245-0075.fits
3876/spec-3876-55245-0076.fits
3876/spec-3876-55245-0077.fits
3876/spec-3876-55245-0078.fits
3876/spec-3876-55245-0079.fits
3876/spec-3876-55245-0080.fits
3876/spec-3876-55245-0081.fits
3876/spec-3876-55245-0082.fits
3876/spec-3876-55245-0083.fits
3876/spec-3876-55245-0084.fits
3876/spec-3876-55245-0085.fits
3876/spec-3876-55245-0086.fits
3876/spec-3876-55245-0087.fits
3876/spec-3876-55245-0088.fits
3876/spec-3876-55245-0089.fits
3876/spec-3876-55245-0090.fits
3876/spec-3876-55245-0091.fits
3876/spec-3876-55245-0092.fits
3876/spec-3876-55245-0093.fits
3876/spec-3876-55245-0094.fits
3876/spec-3876-55245-0095.fits
3876/spec-3876-55245-0096.fits
3876/spec-3876-55245-0097.fits
3876/spec-3876-55245-0098.fits
3876/spec-3876-55245-0099.fits
3876/spec-3876-55245-0100.fits
3876/spec-3876-55245-0101.fits
3876/spec-3876-55245-0102.fits
3876/spec-3876-55245-0103.fits
3876/spec-3876-55245-0104.fits
3876/spec-3876-55245-0105.fits
3876/spec-3876-55245-0106.fits
3876/spec-3876-55245-0107.fits
3876/spec-3876-55245-0108.fits
3876/spec-3876-55245-0109.fits
3876/spec-3876-55245-0110.fits
3876/spec-3876-55245-0111.fits
3876/spec-3876-55245-0112.fits
3876/spec-3876-55245-0113.fits
3876/spec-3876-55245-0114.fits
3876/spec-3876-55245-0115.fits
3876/spec-3876-55245-0116.fits
3876/spec-3876-55245-0117.fits
3876/spec-3876-55245-0118.fits
3876/spec-3876-55245-0119.fits
3876/spec-3876-55245-0120.fits
3876/spec-3876-55245-0121.fits
3876/spec-3876-55245-0122.fits
3876/spec-3876-55245-0123.fits
3876/spec-3876-55245-0124.fits
3876/spec-3876-55245-0125.fits
3876/spec-3876-55245-0126.fits
3876/spec-3876-55245-0127.fits
3876/spec-3876-55245-0128.fits
3876/spec-3876-55245-0129.fits
3876/spec-3876-55245-0130.fits
3876/spec-3876-55245-0131.fits
3876/spec-3876-55245-0132.fits
3876/spec-3876-55245-0133.fits
3876/spec-3876-55245-0134.fits
3876/spec-3876-55245-0135.fits
3876/spec-3876-55245-0136.fits
3876/spec-3876-55245-0137.fits
3876/spec-3876-55245-0138.fits
3876/spec-3876-55245-0139.fits
3876/spec-3876-55245-0140.fits
3876/spec-3876-55245-0141.fits
3876/spec-3876-55245-0142.fits
3876/spec-3876-55245-0143.fits
3876/spec-3876-55245-0144.fits
3876/spec-3876-55245-0145.fits
3876/spec-3876-55245-0146.fits
3876/spec-3876-55245-0147.fits
3876/spec-3876-55245-0148.fits
3876/spec-3876-55245-0149.fits
3876/spec-3876-55245-0150.fits
3876/spec-3876-55245-0151.fits
3876/spec-3876-55245-0152.fits
3876/spec-3876-55245-0153.fits
3876/spec-3876-55245-0154.fits
3876/spec-3876-55245-0155.fits
3876/spec-3876-55245-0156.fits
3876/spec-3876-55245-0157.fits
3876/spec-3876-55245-0158.fits
3876/spec-3876-55245-0159.fits
3876/spec-3876-55245-0160.fits
3876/spec-3876-55245-0161.fits
3876/spec-3876-55245-0162.fits
3876/spec-3876-55245-0163.fits
3876/spec-3876-55245-0164.fits
3876/spec-3876-55245-0165.fits
3876/spec-3876-55245-0166.fits
3876/spec-3876-55245-0167.fits
3876/spec-3876-55245-0168.fits
3876/spec-3876-55245-0169.fits
3876/spec-3876-55245-0170.fits
3876/spec-3876-55245-0171.fits
3876/spec-3876-55245-0172.fits
3876/spec-3876-55245-0173.fits
3876/spec-3876-55245-0174.fits
3876/spec-3876-55245-0175.fits
3876/spec-3876-55245-0176.fits
3876/spec-3876-55245-0177.fits
3876/spec-3876-55245-0178.fits
3876/spec-3876-55245-0179.fits
3876/spec-3876-55245-0180.fits
3876/spec-3876-55245-0181.fits
3876/spec-3876-55245-0182.fits
3876/spec-3876-55245-0183.fits
3876/spec-3876-55245-0184.fits
3876/spec-3876-55245-0185.fits
3876/spec-3876-55245-0186.fits
3876/spec-3876-55245-0187.fits
3876/spec-3876-55245-0188.fits
3876/spec-3876-55245-0189.fits
3876/spec-3876-55245-0190.fits
3876/spec-3876-55245-0191.fits
3876/spec-3876-55245-0192.fits
3876/spec-3876-55245-0193.fits
3876/spec-3876-55245-0194.fits
3876/spec-3876-55245-0195.fits
3876/spec-3876-55245-0196.fits
3876/spec-3876-55245-0197.fits
3876/spec-3876-55245-0198.fits
3876/spec-3876-55245-0199.fits
3876/spec-3876-55245-0200.fits
3876/spec-3876-55245-0201.fits
3876/spec-3876-55245-0202.fits
3876/spec-3876-55245-0203.fits
3876/spec-3876-55245-0204.fits
3876/spec-3876-55245-0205.fits
3876/spec-3876-55245-0206.fits
3876/spec-3876-55245-0207.fits
3876/spec-3876-55245-0208.fits
3876/spec-3876-55245-0209.fits
3876/spec-3876-55245-0210.fits
3876/spec-3876-55245-0211.fits
3876/spec-3876-55245-0212.fits
3876/spec-3876-55245-0213.fits
3876/spec-3876-55245-0214.fits
3876/spec-3876-55245-0215.fits
3876/spec-3876-55245-0216.fits
3876/spec-3876-55245-0217.fits
3876/spec-3876-55245-0218.fits
3876/spec-3876-55245-0219.fits
3876/spec-3876-55245-0220.fits
3876/spec-3876-55245-0221.fits
3876/spec-3876-55245-0222.fits
3876/spec-3876-55245-0223.fits
3876/spec-3876-55245-0224.fits
3876/spec-3876-55245-0225.fits
3876/spec-3876-55245-0226.fits
3876/spec-3876-55245-0227.fits
3876/spec-3876-55245-0228.fits
3876/spec-3876-55245-0229.fits
3876/spec-3876-55245-0230.fits
3876/spec-3876-55245-0231.fits
3876/spec-3876-55245-0232.fits
3876/spec-3876-55245-0233.fits
3876/spec-3876-55245-0234.fits
3876/spec-3876-55245-0235.fits
3876/spec-3876-55245-0236.fits
3876/spec-3876-55245-0237.fits
3876/spec-3876-55245-0238.fits
3876/spec-3876-55245-0239.fits
3876/spec-3876-55245-0240.fits
3876/spec-3876-55245-0241.fits
3876/spec-3876-55245-0242.fits
3876/spec-3876-55245-0243.fits
3876/spec-3876-55245-0244.fits
3876/spec-3876-55245-0245.fits
3876/spec-3876-55245-0246.fits
3876/spec-3876-55245-0247.fits
3876/spec-3876-55245-0248.fits
3876/spec-3876-55245-0249.fits
3876/spec-3876-55245-0250.fits
3876/spec-3876-55245-0251.fits
3876/spec-3876-55245-0252.fits
3876/spec-3876-55245-0253.fits
3876/spec-3876-55245-0254.fits
3876/spec-3876-55245-0255.fits
3876/spec-3876-55245-0256.fits
3876/spec-3876-55245-0257.fits
3876/spec-3876-55245-0258.fits
3876/spec-3876-55245-0259.fits
3876/spec-3876-55245-0260.fits
3876/spec-3876-55245-0261.fits
3876/spec-3876-55245-0262.fits
3876/spec-3876-55245-0263.fits
3876/spec-3876-55245-0264.fits
3876/spec-3876-55245-0265.fits
3876/spec-3876-55245-0266.fits
3876/spec-3876-55245-0267.fits
3876/spec-3876-55245-0268.fits
3876/spec-3876-55245-0269.fits
3876/spec-3876-55245-0270.fits
3876/spec-3876-55245-0271.fits
3876/spec-3876-55245-0272.fits
3876/spec-3876-55245-0273.fits
3876/spec-3876-55245-0274.fits
3876/spec-3876-55245-0275.fits
3876/spec-3876-55245-0276.fits
3876/spec-3876-55245-0277.fits
3876/spec-3876-55245-0278.fits
3876/spec-3876-55245-0279.fits
3876/spec-3876-55245-0280.fits
3876/spec-3876-55245-0281.fits
3876/spec-3876-55245-0282.fits
3876/spec-3876-55245-0283.fits
3876/spec-3876-55245-0284.fits
3876/spec-3876-55245-0285.fits
3876/spec-3876-55245-0286.fits
3876/spec-3876-55245-0287.fits
3876/spec-3876-55245-0288.fits
3876/spec-3876-55245-0289.fits
3876/spec-3876-55245-0290.fits
3876/spec-3876-55245-0291.fits
3876/spec-3876-55245-0292.fits
3876/spec-3876-55245-0293.fits
3876/spec-3876-55245-0294.fits
3876/spec-3876-55245-0295.fits
3876/spec-3876-55245-0296.fits
3876/spec-3876-55245-0297.fits
3876/spec-3876-55245-0298.fits
3876/spec-3876-55245-0299.fits
3876/spec-3876-55245-0300.fits
3876/spec-3876-55245-0301.fits
3876/spec-3876-55245-0302.fits
3876/spec-3876-55245-0303.fits
3876/spec-3876-55245-0304.fits
3876/spec-3876-55245-0305.fits
3876/spec-3876-55245-0306.fits
3876/spec-3876-55245-0307.fits
3876/spec-3876-55245-0308.fits
3876/spec-3876-55245-0309.fits
3876/spec-3876-55245-0310.fits
3876/spec-3876-55245-0311.fits
3876/spec-3876-55245-0312.fits
3876/spec-3876-55245-0313.fits
3876/spec-3876-55245-0314.fits
3876/spec-3876-55245-0315.fits
3876/spec-3876-55245-0316.fits
3876/spec-3876-55245-0317.fits
3876/spec-3876-55245-0318.fits
3876/spec-3876-55245-0319.fits
3876/spec-3876-55245-0320.fits
3876/spec-3876-55245-0321.fits
3876/spec-3876-55245-0322.fits
3876/spec-3876-55245-0323.fits
3876/spec-3876-55245-0324.fits
3876/spec-3876-55245-0325.fits
3876/spec-3876-55245-0326.fits
3876/spec-3876-55245-0327.fits
3876/spec-3876-55245-0328.fits
3876/spec-3876-55245-0329.fits
3876/spec-3876-55245-0330.fits
3876/spec-3876-55245-0331.fits
3876/spec-3876-55245-0332.fits
3876/spec-3876-55245-0333.fits
3876/spec-3876-55245-0334.fits
3876/spec-3876-55245-0335.fits
3876/spec-3876-55245-0336.fits
3876/spec-3876-55245-0337.fits
3876/spec-3876-55245-0338.fits
3876/spec-3876-55245-0339.fits
3876/spec-3876-55245-0340.fits
3876/spec-3876-55245-0341.fits
3876/spec-3876-55245-0342.fits
3876/spec-3876-55245-0343.fits
3876/spec-3876-55245-0344.fits
3876/spec-3876-55245-0345.fits
3876/spec-3876-55245-0346.fits
3876/spec-3876-55245-0347.fits
3876/spec-3876-55245-0348.fits
3876/spec-3876-55245-0349.fits
3876/spec-3876-55245-0350.fits
3876/spec-3876-55245-0351.fits
3876/spec-3876-55245-0352.fits
3876/spec-3876-55245-0353.fits
3876/spec-3876-55245-0354.fits
3876/spec-3876-55245-0355.fits
3876/spec-3876-55245-0356.fits
3876/spec-3876-55245-0357.fits
3876/spec-3876-55245-0358.fits
3876/spec-3876-55245-0359.fits
3876/spec-3876-55245-0360.fits
3876/spec-3876-55245-0361.fits
3876/spec-3876-55245-0362.fits
3876/spec-3876-55245-0363.fits
3876/spec-3876-55245-0364.fits
3876/spec-3876-55245-0365.fits
3876/spec-3876-55245-0366.fits
3876/spec-3876-55245-0367.fits
3876/spec-3876-55245-0368.fits
3876/spec-3876-55245-0369.fits
3876/spec-3876-55245-0370.fits
3876/spec-3876-55245-0371.fits
3876/spec-3876-55245-0372.fits
3876/spec-3876-55245-0373.fits
3876/spec-3876-55245-0374.fits
3876/spec-3876-55245-0375.fits
3876/spec-3876-55245-0376.fits
3876/spec-3876-55245-0377.fits
3876/spec-3876-55245-0378.fits
3876/spec-3876-55245-0379.fits
3876/spec-3876-55245-0380.fits
3876/spec-3876-55245-0381.fits
3876/spec-3876-55245-0382.fits
3876/spec-3876-55245-0383.fits
3876/spec-3876-55245-0384.fits
3876/spec-3876-55245-0385.fits
3876/spec-3876-55245-0386.fits
3876/spec-3876-55245-0387.fits
3876/spec-3876-55245-0388.fits
3876/spec-3876-55245-0389.fits
3876/spec-3876-55245-0390.fits
3876/spec-3876-55245-0391.fits
3876/spec-3876-55245-0392.fits
3876/spec-3876-55245-0393.fits
3876/spec-3876-55245-0394.fits
3876/spec-3876-55245-0395.fits
3876/spec-3876-55245-0396.fits
3876/spec-3876-55245-0397.fits
3876/spec-3876-55245-0398.fits
3876/spec-3876-55245-0399.fits
3876/spec-3876-55245-0400.fits
3876/spec-3876-55245-0401.fits
3876/spec-3876-55245-0402.fits
3876/spec-3876-55245-0403.fits
3876/spec-3876-55245-0404.fits
3876/spec-3876-55245-0405.fits
3876/spec-3876-55245-0406.fits
3876/spec-3876-55245-0407.fits
3876/spec-3876-55245-0408.fits
3876/spec-3876-55245-0409.fits
3876/spec-3876-55245-0410.fits
3876/spec-3876-55245-0411.fits
3876/spec-3876-55245-0412.fits
3876/spec-3876-55245-0413.fits
3876/spec-3876-55245-0414.fits
3876/spec-3876-55245-0415.fits
3876/spec-3876-55245-0416.fits
3876/spec-3876-55245-0417.fits
3876/spec-3876-55245-0418.fits
3876/spec-3876-55245-0419.fits
3876/spec-3876-55245-0420.fits
3876/spec-3876-55245-0421.fits
3876/spec-3876-55245-0422.fits
3876/spec-3876-55245-0423.fits
3876/spec-3876-55245-0424.fits
3876/spec-3876-55245-0425.fits
3876/spec-3876-55245-0426.fits
3876/spec-3876-55245-0427.fits
3876/spec-3876-55245-0428.fits
3876/spec-3876-55245-0429.fits
3876/spec-3876-55245-0430.fits
3876/spec-3876-55245-0431.fits
3876/spec-3876-55245-0432.fits
3876/spec-3876-55245-0433.fits
3876/spec-3876-55245-0434.fits
3876/spec-3876-55245-0435.fits
3876/spec-3876-55245-0436.fits
3876/spec-3876-55245-0437.fits
3876/spec-3876-55245-0438.fits
3876/spec-3876-55245-0439.fits
3876/spec-3876-55245-0440.fits
3876/spec-3876-55245-0441.fits
3876/spec-3876-55245-0442.fits
3876/spec-3876-55245-0443.fits
3876/spec-3876-55245-0444.fits
3876/spec-3876-55245-0445.fits
3876/spec-3876-55245-0446.fits
3876/spec-3876-55245-0447.fits
3876/spec-3876-55245-0448.fits
3876/spec-3876-55245-0449.fits
3876/spec-3876-55245-0450.fits
3876/spec-3876-55245-0451.fits
3876/spec-3876-55245-0452.fits
3876/spec-3876-55245-0453.fits
3876/spec-3876-55245-0454.fits
3876/spec-3876-55245-0455.fits
3876/spec-3876-55245-0456.fits
3876/spec-3876-55245-0457.fits
3876/spec-3876-55245-0458.fits
3876/spec-3876-55245-0459.fits
3876/spec-3876-55245-0460.fits
3876/spec-3876-55245-0461.fits
3876/spec-3876-55245-0462.fits
3876/spec-3876-55245-0463.fits
3876/spec-3876-55245-0464.fits
3876/spec-3876-55245-0465.fits
3876/spec-3876-55245-0466.fits
3876/spec-3876-55245-0467.fits
3876/spec-3876-55245-0468.fits
3876/spec-3876-55245-0469.fits
3876/spec-3876-55245-0470.fits
3876/spec-3876-55245-0471.fits
3876/spec-3876-55245-0472.fits
3876/spec-3876-55245-0473.fits
3876/spec-3876-55245-0474.fits
3876/spec-3876-55245-0475.fits
3876/spec-3876-55245-0476.fits
3876/spec-3876-55245-0477.fits
3876/spec-3876-55245-0478.fits
3876/spec-3876-55245-0479.fits
3876/spec-3876-55245-0480.fits
3876/spec-3876-55245-0481.fits
3876/spec-3876-55245-0482.fits
3876/spec-3876-55245-0483.fits
3876/spec-3876-55245-0484.fits
3876/spec-3876-55245-0485.fits
3876/spec-3876-55245-0486.fits
3876/spec-3876-55245-0487.fits
3876/spec-3876-55245-0488.fits
3876/spec-3876-55245-0489.fits
3876/spec-3876-55245-0490.fits
3876/spec-3876-55245-0491.fits
3876/spec-3876-55245-0492.fits
3876/spec-3876-55245-0493.fits
3876/spec-3876-55245-0494.fits
3876/spec-3876-55245-0495.fits
3876/spec-3876-55245-0496.fits
3876/spec-3876-55245-0497.fits
3876/spec-3876-55245-0498.fits
3876/spec-3876-55245-0499.fits
3876/spec-3876-55245-0500.fits
3876/spec-3876-55245-0501.fits
3876/spec-3876-55245-0502.fits
3876/spec-3876-55245-0503.fits
3876/spec-3876-55245-0504.fits
3876/spec-3876-55245-0505.fits
3876/spec-3876-55245-0506.fits
3876/spec-3876-55245-0507.fits
3876/spec-3876-55245-0508.fits
3876/spec-3876-55245-0509.fits
3876/spec-3876-55245-0510.fits
3876/spec-3876-55245-0511.fits
3876/spec-3876-55245-0512.fits
3876/spec-3876-55245-0513.fits
3876/spec-3876-55245-0514.fits
3876/spec-3876-55245-0515.fits
3876/spec-3876-55245-0516.fits
3876/spec-3876-55245-0517.fits
3876/spec-3876-55245-0518.fits
3876/spec-3876-55245-0519.fits
3876/spec-3876-55245-0520.fits
3876/spec-3876-55245-0521.fits
3876/spec-3876-55245-0522.fits
3876/spec-3876-55245-0523.fits
3876/spec-3876-55245-0524.fits
3876/spec-3876-55245-0525.fits
3876/spec-3876-55245-0526.fits
3876/spec-3876-55245-0527.fits
3876/spec-3876-55245-0528.fits
3876/spec-3876-55245-0529.fits
3876/spec-3876-55245-0530.fits
3876/spec-3876-55245-0531.fits
3876/spec-3876-55245-0532.fits
3876/spec-3876-55245-0533.fits
3876/spec-3876-55245-0534.fits
3876/spec-3876-55245-0535.fits
3876/spec-3876-55245-0536.fits
3876/spec-3876-55245-0537.fits
3876/spec-3876-55245-0538.fits
3876/spec-3876-55245-0539.fits
3876/spec-3876-55245-0540.fits
3876/spec-3876-55245-0541.fits
3876/spec-3876-55245-0542.fits
3876/spec-3876-55245-0543.fits
3876/spec-3876-55245-0544.fits
3876/spec-3876-55245-0545.fits
3876/spec-3876-55245-0546.fits
3876/spec-3876-55245-0547.fits
3876/spec-3876-55245-0548.fits
3876/spec-3876-55245-0549.fits
3876/spec-3876-55245-0550.fits
3876/spec-3876-55245-0551.fits
3876/spec-3876-55245-0552.fits
3876/spec-3876-55245-0553.fits
3876/spec-3876-55245-0554.fits
3876/spec-3876-55245-0555.fits
3876/spec-3876-55245-0556.fits
3876/spec-3876-55245-0557.fits
3876/spec-3876-55245-0558.fits
3876/spec-3876-55245-0559.fits
3876/spec-3876-55245-0560.fits
3876/spec-3876-55245-0561.fits
3876/spec-3876-55245-0562.fits
3876/spec-3876-55245-0563.fits
3876/spec-3876-55245-0564.fits
3876/spec-3876-55245-0565.fits
3876/spec-3876-55245-0566.fits
3876/spec-3876-55245-0567.fits
3876/spec-3876-55245-0568.fits
3876/spec-3876-55245-0569.fits
3876/spec-3876-55245-0570.fits
3876/spec-3876-55245-0571.fits
3876/spec-3876-55245-0572.fits
3876/spec-3876-55245-0573.fits
3876/spec-3876-55245-0574.fits
3876/spec-3876-55245-0575.fits
3876/spec-3876-55245-0576.fits
3876/spec-3876-55245-0577.fits
3876/spec-3876-55245-0578.fits
3876/spec-3876-55245-0579.fits
3876/spec-3876-55245-0580.fits
3876/spec-3876-55245-0581.fits
3876/spec-3876-55245-0582.fits
3876/spec-3876-55245-0583.fits
3876/spec-3876-55245-0584.fits
3876/spec-3876-55245-0585.fits
3876/spec-3876-55245-0586.fits
3876/spec-3876-55245-0587.fits
3876/spec-3876-55245-0588.fits
3876/spec-3876-55245-0589.fits
3876/spec-3876-55245-0590.fits
3876/spec-3876-55245-0591.fits
3876/spec-3876-55245-0592.fits
3876/spec-3876-55245-0593.fits
3876/spec-3876-55245-0594.fits
3876/spec-3876-55245-0595.fits
3876/spec-3876-55245-0596.fits
3876/spec-3876-55245-0597.fits
3876/spec-3876-55245-0598.fits
3876/spec-3876-55245-0599.fits
3876/spec-3876-55245-0600.fits
3876/spec-3876-55245-0601.fits
3876/spec-3876-55245-0602.fits
3876/spec-3876-55245-0603.fits
3876/spec-3876-55245-0604.fits
3876/spec-3876-55245-0605.fits
3876/spec-3876-55245-0606.fits
3876/spec-3876-55245-0607.fits
3876/spec-3876-55245-0608.fits
3876/spec-3876-55245-0609.fits
3876/spec-3876-55245-0610.fits
3876/spec-3876-55245-0611.fits
3876/spec-3876-55245-0612.fits
3876/spec-3876-55245-0613.fits
3876/spec-3876-55245-0614.fits
3876/spec-3876-55245-0615.fits
3876/spec-3876-55245-0616.fits
3876/spec-3876-55245-0617.fits
3876/spec-3876-55245-0618.fits
3876/spec-3876-55245-0619.fits
3876/spec-3876-55245-0620.fits
3876/spec-3876-55245-0621.fits
3876/spec-3876-55245-0622.fits
3876/spec-3876-55245-0623.fits
3876/spec-3876-55245-0624.fits
3876/spec-3876-55245-0625.fits
3876/spec-3876-55245-0626.fits
3876/spec-3876-55245-0627.fits
3876/spec-3876-55245-0628.fits
3876/spec-3876-55245-0629.fits
3876/spec-3876-55245-0630.fits
3876/spec-3876-55245-0631.fits
3876/spec-3876-55245-0632.fits
3876/spec-3876-55245-0633.fits
3876/spec-3876-55245-0634.fits
3876/spec-3876-55245-0635.fits
3876/spec-3876-55245-0636.fits
3876/spec-3876-55245-0637.fits
3876/spec-3876-55245-0638.fits
3876/spec-3876-55245-0639.fits
3876/spec-3876-55245-0640.fits
3876/spec-3876-55245-0641.fits
3876/spec-3876-55245-0642.fits
3876/spec-3876-55245-0643.fits
3876/spec-3876-55245-0644.fits
3876/spec-3876-55245-0645.fits
3876/spec-3876-55245-0646.fits
3876/spec-3876-55245-0647.fits
3876/spec-3876-55245-0648.fits
3876/spec-3876-55245-0649.fits
3876/spec-3876-55245-0650.fits
3876/spec-3876-55245-0651.fits
3876/spec-3876-55245-0652.fits
3876/spec-3876-55245-0653.fits
3876/spec-3876-55245-0654.fits
3876/spec-3876-55245-0655.fits
3876/spec-3876-55245-0656.fits
3876/spec-3876-55245-0657.fits
3876/spec-3876-55245-0658.fits
3876/spec-3876-55245-0659.fits
3876/spec-3876-55245-0660.fits
3876/spec-3876-55245-0661.fits
3876/spec-3876-55245-0662.fits
3876/spec-3876-55245-0663.fits
3876/spec-3876-55245-0664.fits
3876/spec-3876-55245-0665.fits
3876/spec-3876-55245-0666.fits
3876/spec-3876-55245-0667.fits
3876/spec-3876-55245-0668.fits
3876/spec-3876-55245-0669.fits
3876/spec-3876-55245-0670.fits
3876/spec-3876-55245-0671.fits
3876/spec-3876-55245-0672.fits
3876/spec-3876-55245-0673.fits
3876/spec-3876-55245-0674.fits
3876/spec-3876-55245-0675.fits
3876/spec-3876-55245-0676.fits
3876/spec-3876-55245-0677.fits
3876/spec-3876-55245-0678.fits
3876/spec-3876-55245-0679.fits
3876/spec-3876-55245-0680.fits
3876/spec-3876-55245-0681.fits
3876/spec-3876-55245-0682.fits
3876/spec-3876-55245-0683.fits
3876/spec-3876-55245-0684.fits
3876/spec-3876-55245-0685.fits
3876/spec-3876-55245-0686.fits
3876/spec-3876-55245-0687.fits
3876/spec-3876-55245-0688.fits
3876/spec-3876-55245-0689.fits
3876/spec-3876-55245-0690.fits
3876/spec-3876-55245-0691.fits
3876/spec-3876-55245-0692.fits
3876/spec-3876-55245-0693.fits
3876/spec-3876-55245-0694.fits
3876/spec-3876-55245-0695.fits
3876/spec-3876-55245-0696.fits
3876/spec-3876-55245-0697.fits
3876/spec-3876-55245-0698.fits
3876/spec-3876-55245-0699.fits
3876/spec-3876-55245-0700.fits
3876/spec-3876-55245-0701.fits
3876/spec-3876-55245-0702.fits
3876/spec-3876-55245-0703.fits
3876/spec-3876-55245-0704.fits
3876/spec-3876-55245-0705.fits
3876/spec-3876-55245-0706.fits
3876/spec-3876-55245-0707.fits
3876/spec-3876-55245-0708.fits
3876/spec-3876-55245-0709.fits
3876/spec-3876-55245-0710.fits
3876/spec-3876-55245-0711.fits
3876/spec-3876-55245-0712.fits
3876/spec-3876-55245-0713.fits
3876/spec-3876-55245-0714.fits
3876/spec-3876-55245-0715.fits
3876/spec-3876-55245-0716.fits
3876/spec-3876-55245-0717.fits
3876/spec-3876-55245-0718.fits
3876/spec-3876-55245-0719.fits
3876/spec-3876-55245-0720.fits
3876/spec-3876-55245-0721.fits
3876/spec-3876-55245-0722.fits
3876/spec-3876-55245-0723.fits
3876/spec-3876-55245-0724.fits
3876/spec-3876-55245-0725.fits
3876/spec-3876-55245-0726.fits
3876/spec-3876-55245-0727.fits
3876/spec-3876-55245-0728.fits
3876/spec-3876-55245-0729.fits
3876/spec-3876-55245-0730.fits
3876/spec-3876-55245-0731.fits
3876/spec-3876-55245-0732.fits
3876/spec-3876-55245-0733.fits
3876/spec-3876-55245-0734.fits
3876/spec-3876-55245-0735.fits
3876/spec-3876-55245-0736.fits
3876/spec-3876-55245-0737.fits
3876/spec-3876-55245-0738.fits
3876/spec-3876-55245-0739.fits
3876/spec-3876-55245-0740.fits
3876/spec-3876-55245-0741.fits
3876/spec-3876-55245-0742.fits
3876/spec-3876-55245-0743.fits
3876/spec-3876-55245-0744.fits
3876/spec-3876-55245-0745.fits
3876/spec-3876-55245-0746.fits
3876/spec-3876-55245-0747.fits
3876/spec-3876-55245-0748.fits
3876/spec-3876-55245-0749.fits
3876/spec-3876-55245-0750.fits
3876/spec-3876-55245-0751.fits
3876/spec-3876-55245-0752.fits
3876/spec-3876-55245-0753.fits
3876/spec-3876-55245-0754.fits
3876/spec-3876-55245-0755.fits
3876/spec-3876-55245-0756.fits
3876/spec-3876-55245-0757.fits
3876/spec-3876-55245-0758.fits
3876/spec-3876-55245-0759.fits
3876/spec-3876-55245-0760.fits
3876/spec-3876-55245-0761.fits
3876/spec-3876-55245-0762.fits
3876/spec-3876-55245-0763.fits
3876/spec-3876-55245-0764.fits
3876/spec-3876-55245-0765.fits
3876/spec-3876-55245-0766.fits
3876/spec-3876-55245-0767.fits
3876/spec-3876-55245-0768.fits
3876/spec-3876-55245-0769.fits
3876/spec-3876-55245-0770.fits
3876/spec-3876-55245-0771.fits
3876/spec-3876-55245-0772.fits
3876/spec-3876-55245-0773.fits
3876/spec-3876-55245-0774.fits
3876/spec-3876-55245-0775.fits
3876/spec-3876-55245-0776.fits
3876/spec-3876-55245-0777.fits
3876/spec-3876-55245-0778.fits
3876/spec-3876-55245-0779.fits
3876/spec-3876-55245-0780.fits
3876/spec-3876-55245-0781.fits
3876/spec-3876-55245-0782.fits
3876/spec-3876-55245-0783.fits
3876/spec-3876-55245-0784.fits
3876/spec-3876-55245-0785.fits
3876/spec-3876-55245-0786.fits
3876/spec-3876-55245-0787.fits
3876/spec-3876-55245-0788.fits
3876/spec-3876-55245-0789.fits
3876/spec-3876-55245-0790.fits
3876/spec-3876-55245-0791.fits
3876/spec-3876-55245-0792.fits
3876/spec-3876-55245-0793.fits
3876/spec-3876-55245-0794.fits
3876/spec-3876-55245-0795.fits
3876/spec-3876-55245-0796.fits
3876/spec-3876-55245-0797.fits
3876/spec-3876-55245-0798.fits
3876/spec-3876-55245-0799.fits
3876/spec-3876-55245-0800.fits
3876/spec-3876-55245-0801.fits
3876/spec-3876-55245-0802.fits
3876/spec-3876-55245-0803.fits
3876/spec-3876-55245-0804.fits
3876/spec-3876-55245-0805.fits
3876/spec-3876-55245-0806.fits
3876/spec-3876-55245-0807.fits
3876/spec-3876-55245-0808.fits
3876/spec-3876-55245-0809.fits
3876/spec-3876-55245-0810.fits
3876/spec-3876-55245-0811.fits
3876/spec-3876-55245-0812.fits
3876/spec-3876-55245-0813.fits
3876/spec-3876-55245-0814.fits
3876/spec-3876-55245-0815.fits
3876/spec-3876-55245-0816.fits
3876/spec-3876-55245-0817.fits
3876/spec-3876-55245-0818.fits
3876/spec-3876-55245-0819.fits
3876/spec-3876-55245-0820.fits
3876/spec-3876-55245-0821.fits
3876/spec-3876-55245-0822.fits
3876/spec-3876-55245-0823.fits
3876/spec-3876-55245-0824.fits
3876/spec-3876-55245-0825.fits
3876/spec-3876-55245-0826.fits
3876/spec-3876-55245-0827.fits
3876/spec-3876-55245-0828.fits
3876/spec-3876-55245-0829.fits
3876/spec-3876-55245-0830.fits
3876/spec-3876-55245-0831.fits
3876/spec-3876-55245-0832.fits
3876/spec-3876-55245-0833.fits
3876/spec-3876-55245-0834.fits
3876/spec-3876-55245-0835.fits
3876/spec-3876-55245-0836.fits
3876/spec-3876-55245-0837.fits
3876/spec-3876-55245-0838.fits
3876/spec-3876-55245-0839.fits
3876/spec-3876-55245-0840.fits
3876/spec-3876-55245-0841.fits
3876/spec-3876-55245-0842.fits
3876/spec-3876-55245-0843.fits
3876/spec-3876-55245-0844.fits
3876/spec-3876-55245-0845.fits
3876/spec-3876-55245-0846.fits
3876/spec-3876-55245-0847.fits
3876/spec-3876-55245-0848.fits
3876/spec-3876-55245-0849.fits
3876/spec-3876-55245-0850.fits
3876/spec-3876-55245-0851.fits
3876/spec-3876-55245-0852.fits
3876/spec-3876-55245-0853.fits
3876/spec-3876-55245-0854.fits
3876/spec-3876-55245-0855.fits
3876/spec-3876-55245-0856.fits
3876/spec-3876-55245-0857.fits
3876/spec-3876-55245-0858.fits
3876/spec-3876-55245-0859.fits
3876/spec-3876-55245-0860.fits
3876/spec-3876-55245-0861.fits
3876/spec-3876-55245-0862.fits
3876/spec-3876-55245-0863.fits
3876/spec-3876-55245-0864.fits
3876/spec-3876-55245-0865.fits
3876/spec-3876-55245-0866.fits
3876/spec-3876-55245-0867.fits
3876/spec-3876-55245-0868.fits
3876/spec-3876-55245-0869.fits
3876/spec-3876-55245-0870.fits
3876/spec-3876-55245-0871.fits
3876/spec-3876-55245-0872.fits
3876/spec-3876-55245-0873.fits
3876/spec-3876-55245-0874.fits
3876/spec-3876-55245-0875.fits
3876/spec-3876-55245-0876.fits
3876/spec-3876-55245-0877.fits
3876/spec-3876-55245-0878.fits
3876/spec-3876-55245-0879.fits
3876/spec-3876-55245-0880.fits
3876/spec-3876-55245-0881.fits
3876/spec-3876-55245-0882.fits
3876/spec-3876-55245-0883.fits
3876/spec-3876-55245-0884.fits
3876/spec-3876-55245-0885.fits
3876/spec-3876-55245-0886.fits
3876/spec-3876-55245-0887.fits
3876/spec-3876-55245-0888.fits
3876/spec-3876-55245-0889.fits
3876/spec-3876-55245-0890.fits
3876/spec-3876-55245-0891.fits
3876/spec-3876-55245-0892.fits
3876/spec-3876-55245-0893.fits
3876/spec-3876-55245-0894.fits
3876/spec-3876-55245-0895.fits
3876/spec-3876-55245-0896.fits
3876/spec-3876-55245-0897.fits
3876/spec-3876-55245-0898.fits
3876/spec-3876-55245-0899.fits
3876/spec-3876-55245-0900.fits
3876/spec-3876-55245-0901.fits
3876/spec-3876-55245-0902.fits
3876/spec-3876-55245-0903.fits
3876/spec-3876-55245-0904.fits
3876/spec-3876-55245-0905.fits
3876/spec-3876-55245-0906.fits
3876/spec-3876-55245-0907.fits
3876/spec-3876-55245-0908.fits
3876/spec-3876-55245-0909.fits
3876/spec-3876-55245-0910.fits
3876/spec-3876-55245-0911.fits
3876/spec-3876-55245-0912.fits
3876/spec-3876-55245-0913.fits
3876/spec-3876-55245-0914.fits
3876/spec-3876-55245-0915.fits
3876/spec-3876-55245-0916.fits
3876/spec-3876-55245-0917.fits
3876/spec-3876-55245-0918.fits
3876/spec-3876-55245-0919.fits
3876/spec-3876-55245-0920.fits
3876/spec-3876-55245-0921.fits
3876/spec-3876-55245-0922.fits
3876/spec-3876-55245-0923.fits
3876/spec-3876-55245-0924.fits
3876/spec-3876-55245-0925.fits
3876/spec-3876-55245-0926.fits
3876/spec-3876-55245-0927.fits
3876/spec-3876-55245-0928.fits
3876/spec-3876-55245-0929.fits
3876/spec-3876-55245-0930.fits
3876/spec-3876-55245-0931.fits
3876/spec-3876-55245-0932.fits
3876/spec-3876-55245-0933.fits
3876/spec-3876-55245-0934.fits
3876/spec-3876-55245-0935.fits
3876/spec-3876-55245-0936.fits
3876/spec-3876-55245-0937.fits
3876/spec-3876-55245-0938.fits
3876/spec-3876-55245-0939.fits
3876/spec-3876-55245-0940.fits
3876/spec-3876-55245-0941.fits
3876/spec-3876-55245-0942.fits
3876/spec-3876-55245-0943.fits
3876/spec-3876-55245-0944.fits
3876/spec-3876-55245-0945.fits
3876/spec-3876-55245-0946.fits
3876/spec-3876-55245-0947.fits
3876/spec-3876-55245-0948.fits
3876/spec-3876-55245-0949.fits
3876/spec-3876-55245-0950.fits
3876/spec-3876-55245-0951.fits
3876/spec-3876-55245-0952.fits
3876/spec-3876-55245-0953.fits
3876/spec-3876-55245-0954.fits
3876/spec-3876-55245-0955.fits
3876/spec-3876-55245-0956.fits
3876/spec-3876-55245-0957.fits
3876/spec-3876-55245-0958.fits
3876/spec-3876-55245-0959.fits
3876/spec-3876-55245-0960.fits
3876/spec-3876-55245-0961.fits
3876/spec-3876-55245-0962.fits
3876/spec-3876-55245-0963.fits
3876/spec-3876-55245-0964.fits
3876/spec-3876-55245-0965.fits
3876/spec-3876-55245-0966.fits
3876/spec-3876-55245-0967.fits
3876/spec-3876-55245-0968.fits
3876/spec-3876-55245-0969.fits
3876/spec-3876-55245-0970.fits
3876/spec-3876-55245-0971.fits
3876/spec-3876-55245-0972.fits
3876/spec-3876-55245-0973.fits
3876/spec-3876-55245-0974.fits
3876/spec-3876-55245-0975.fits
3876/spec-3876-55245-0976.fits
3876/spec-3876-55245-0977.fits
3876/spec-3876-55245-0978.fits
3876/spec-3876-55245-0979.fits
3876/spec-3876-55245-0980.fits
3876/spec-3876-55245-0981.fits
3876/spec-3876-55245-0982.fits
3876/spec-3876-55245-0983.fits
3876/spec-3876-55245-0984.fits
3876/spec-3876-55245-0985.fits
3876/spec-3876-55245-0986.fits
3876/spec-3876-55245-0987.fits
3876/spec-3876-55245-0988.fits
3876/spec-3876-55245-0989.fits
3876/spec-3876-55245-0990.fits
3876/spec-3876-55245-0991.fits
3876/spec-3876-55245-0992.fits
3876/spec-3876-55245-0993.fits
3876/spec-3876-55245-0994.fits
3876/spec-3876-55245-0995.fits
3876/spec-3876-55245-0996.fits
3876/spec-3876-55245-0997.fits
3876/spec-3876-55245-0998.fits
3876/spec-3876-55245-0999.fits
3876/spec-3876-55245-1000.fits
/var/lib/condor/execute/slot1/dir_7191
3876 3876.tgz R R361.tar.gz _condor_stderr _condor_stdout cB58_Lyman_break.fit condor_exec.exe hw4.R packages packages.tar.gz tmp var
[1] "Loaded package astro."
[1] 1000
3876 3876.csv 3876.tgz R R361.tar.gz _condor_stderr _condor_stdout cB58_Lyman_break.fit condor_exec.exe hw4.R packages packages.tar.gz tmp var
