6202
6202/
6202/spec-6202-56266-0001.fits
6202/spec-6202-56266-0002.fits
6202/spec-6202-56266-0003.fits
6202/spec-6202-56266-0004.fits
6202/spec-6202-56266-0005.fits
6202/spec-6202-56266-0006.fits
6202/spec-6202-56266-0007.fits
6202/spec-6202-56266-0008.fits
6202/spec-6202-56266-0009.fits
6202/spec-6202-56266-0010.fits
6202/spec-6202-56266-0011.fits
6202/spec-6202-56266-0012.fits
6202/spec-6202-56266-0013.fits
6202/spec-6202-56266-0014.fits
6202/spec-6202-56266-0015.fits
6202/spec-6202-56266-0016.fits
6202/spec-6202-56266-0017.fits
6202/spec-6202-56266-0018.fits
6202/spec-6202-56266-0019.fits
6202/spec-6202-56266-0020.fits
6202/spec-6202-56266-0021.fits
6202/spec-6202-56266-0022.fits
6202/spec-6202-56266-0023.fits
6202/spec-6202-56266-0024.fits
6202/spec-6202-56266-0025.fits
6202/spec-6202-56266-0026.fits
6202/spec-6202-56266-0027.fits
6202/spec-6202-56266-0028.fits
6202/spec-6202-56266-0029.fits
6202/spec-6202-56266-0030.fits
6202/spec-6202-56266-0031.fits
6202/spec-6202-56266-0032.fits
6202/spec-6202-56266-0033.fits
6202/spec-6202-56266-0034.fits
6202/spec-6202-56266-0035.fits
6202/spec-6202-56266-0036.fits
6202/spec-6202-56266-0037.fits
6202/spec-6202-56266-0038.fits
6202/spec-6202-56266-0039.fits
6202/spec-6202-56266-0040.fits
6202/spec-6202-56266-0041.fits
6202/spec-6202-56266-0042.fits
6202/spec-6202-56266-0043.fits
6202/spec-6202-56266-0044.fits
6202/spec-6202-56266-0045.fits
6202/spec-6202-56266-0046.fits
6202/spec-6202-56266-0047.fits
6202/spec-6202-56266-0048.fits
6202/spec-6202-56266-0049.fits
6202/spec-6202-56266-0050.fits
6202/spec-6202-56266-0051.fits
6202/spec-6202-56266-0052.fits
6202/spec-6202-56266-0053.fits
6202/spec-6202-56266-0054.fits
6202/spec-6202-56266-0055.fits
6202/spec-6202-56266-0056.fits
6202/spec-6202-56266-0057.fits
6202/spec-6202-56266-0058.fits
6202/spec-6202-56266-0059.fits
6202/spec-6202-56266-0060.fits
6202/spec-6202-56266-0061.fits
6202/spec-6202-56266-0062.fits
6202/spec-6202-56266-0063.fits
6202/spec-6202-56266-0064.fits
6202/spec-6202-56266-0065.fits
6202/spec-6202-56266-0066.fits
6202/spec-6202-56266-0067.fits
6202/spec-6202-56266-0068.fits
6202/spec-6202-56266-0069.fits
6202/spec-6202-56266-0070.fits
6202/spec-6202-56266-0071.fits
6202/spec-6202-56266-0072.fits
6202/spec-6202-56266-0073.fits
6202/spec-6202-56266-0074.fits
6202/spec-6202-56266-0075.fits
6202/spec-6202-56266-0076.fits
6202/spec-6202-56266-0077.fits
6202/spec-6202-56266-0078.fits
6202/spec-6202-56266-0079.fits
6202/spec-6202-56266-0080.fits
6202/spec-6202-56266-0081.fits
6202/spec-6202-56266-0082.fits
6202/spec-6202-56266-0083.fits
6202/spec-6202-56266-0084.fits
6202/spec-6202-56266-0085.fits
6202/spec-6202-56266-0086.fits
6202/spec-6202-56266-0087.fits
6202/spec-6202-56266-0088.fits
6202/spec-6202-56266-0089.fits
6202/spec-6202-56266-0090.fits
6202/spec-6202-56266-0091.fits
6202/spec-6202-56266-0092.fits
6202/spec-6202-56266-0093.fits
6202/spec-6202-56266-0094.fits
6202/spec-6202-56266-0095.fits
6202/spec-6202-56266-0096.fits
6202/spec-6202-56266-0097.fits
6202/spec-6202-56266-0098.fits
6202/spec-6202-56266-0099.fits
6202/spec-6202-56266-0100.fits
6202/spec-6202-56266-0101.fits
6202/spec-6202-56266-0102.fits
6202/spec-6202-56266-0103.fits
6202/spec-6202-56266-0104.fits
6202/spec-6202-56266-0105.fits
6202/spec-6202-56266-0106.fits
6202/spec-6202-56266-0107.fits
6202/spec-6202-56266-0108.fits
6202/spec-6202-56266-0109.fits
6202/spec-6202-56266-0110.fits
6202/spec-6202-56266-0111.fits
6202/spec-6202-56266-0112.fits
6202/spec-6202-56266-0113.fits
6202/spec-6202-56266-0114.fits
6202/spec-6202-56266-0115.fits
6202/spec-6202-56266-0116.fits
6202/spec-6202-56266-0117.fits
6202/spec-6202-56266-0118.fits
6202/spec-6202-56266-0119.fits
6202/spec-6202-56266-0120.fits
6202/spec-6202-56266-0121.fits
6202/spec-6202-56266-0122.fits
6202/spec-6202-56266-0123.fits
6202/spec-6202-56266-0124.fits
6202/spec-6202-56266-0125.fits
6202/spec-6202-56266-0126.fits
6202/spec-6202-56266-0127.fits
6202/spec-6202-56266-0128.fits
6202/spec-6202-56266-0129.fits
6202/spec-6202-56266-0130.fits
6202/spec-6202-56266-0131.fits
6202/spec-6202-56266-0132.fits
6202/spec-6202-56266-0133.fits
6202/spec-6202-56266-0134.fits
6202/spec-6202-56266-0135.fits
6202/spec-6202-56266-0136.fits
6202/spec-6202-56266-0137.fits
6202/spec-6202-56266-0138.fits
6202/spec-6202-56266-0139.fits
6202/spec-6202-56266-0140.fits
6202/spec-6202-56266-0141.fits
6202/spec-6202-56266-0142.fits
6202/spec-6202-56266-0143.fits
6202/spec-6202-56266-0144.fits
6202/spec-6202-56266-0145.fits
6202/spec-6202-56266-0146.fits
6202/spec-6202-56266-0147.fits
6202/spec-6202-56266-0148.fits
6202/spec-6202-56266-0149.fits
6202/spec-6202-56266-0150.fits
6202/spec-6202-56266-0151.fits
6202/spec-6202-56266-0152.fits
6202/spec-6202-56266-0153.fits
6202/spec-6202-56266-0154.fits
6202/spec-6202-56266-0155.fits
6202/spec-6202-56266-0156.fits
6202/spec-6202-56266-0157.fits
6202/spec-6202-56266-0158.fits
6202/spec-6202-56266-0159.fits
6202/spec-6202-56266-0160.fits
6202/spec-6202-56266-0161.fits
6202/spec-6202-56266-0162.fits
6202/spec-6202-56266-0163.fits
6202/spec-6202-56266-0164.fits
6202/spec-6202-56266-0165.fits
6202/spec-6202-56266-0166.fits
6202/spec-6202-56266-0167.fits
6202/spec-6202-56266-0168.fits
6202/spec-6202-56266-0169.fits
6202/spec-6202-56266-0170.fits
6202/spec-6202-56266-0171.fits
6202/spec-6202-56266-0172.fits
6202/spec-6202-56266-0173.fits
6202/spec-6202-56266-0174.fits
6202/spec-6202-56266-0175.fits
6202/spec-6202-56266-0176.fits
6202/spec-6202-56266-0177.fits
6202/spec-6202-56266-0178.fits
6202/spec-6202-56266-0179.fits
6202/spec-6202-56266-0180.fits
6202/spec-6202-56266-0181.fits
6202/spec-6202-56266-0182.fits
6202/spec-6202-56266-0183.fits
6202/spec-6202-56266-0184.fits
6202/spec-6202-56266-0185.fits
6202/spec-6202-56266-0186.fits
6202/spec-6202-56266-0187.fits
6202/spec-6202-56266-0188.fits
6202/spec-6202-56266-0189.fits
6202/spec-6202-56266-0190.fits
6202/spec-6202-56266-0191.fits
6202/spec-6202-56266-0192.fits
6202/spec-6202-56266-0193.fits
6202/spec-6202-56266-0194.fits
6202/spec-6202-56266-0195.fits
6202/spec-6202-56266-0196.fits
6202/spec-6202-56266-0197.fits
6202/spec-6202-56266-0198.fits
6202/spec-6202-56266-0199.fits
6202/spec-6202-56266-0200.fits
6202/spec-6202-56266-0201.fits
6202/spec-6202-56266-0202.fits
6202/spec-6202-56266-0203.fits
6202/spec-6202-56266-0204.fits
6202/spec-6202-56266-0205.fits
6202/spec-6202-56266-0206.fits
6202/spec-6202-56266-0207.fits
6202/spec-6202-56266-0208.fits
6202/spec-6202-56266-0209.fits
6202/spec-6202-56266-0210.fits
6202/spec-6202-56266-0211.fits
6202/spec-6202-56266-0212.fits
6202/spec-6202-56266-0213.fits
6202/spec-6202-56266-0214.fits
6202/spec-6202-56266-0215.fits
6202/spec-6202-56266-0216.fits
6202/spec-6202-56266-0217.fits
6202/spec-6202-56266-0218.fits
6202/spec-6202-56266-0219.fits
6202/spec-6202-56266-0220.fits
6202/spec-6202-56266-0221.fits
6202/spec-6202-56266-0222.fits
6202/spec-6202-56266-0223.fits
6202/spec-6202-56266-0224.fits
6202/spec-6202-56266-0225.fits
6202/spec-6202-56266-0226.fits
6202/spec-6202-56266-0227.fits
6202/spec-6202-56266-0228.fits
6202/spec-6202-56266-0229.fits
6202/spec-6202-56266-0230.fits
6202/spec-6202-56266-0231.fits
6202/spec-6202-56266-0232.fits
6202/spec-6202-56266-0233.fits
6202/spec-6202-56266-0234.fits
6202/spec-6202-56266-0235.fits
6202/spec-6202-56266-0236.fits
6202/spec-6202-56266-0237.fits
6202/spec-6202-56266-0238.fits
6202/spec-6202-56266-0239.fits
6202/spec-6202-56266-0240.fits
6202/spec-6202-56266-0241.fits
6202/spec-6202-56266-0242.fits
6202/spec-6202-56266-0243.fits
6202/spec-6202-56266-0244.fits
6202/spec-6202-56266-0245.fits
6202/spec-6202-56266-0246.fits
6202/spec-6202-56266-0247.fits
6202/spec-6202-56266-0248.fits
6202/spec-6202-56266-0249.fits
6202/spec-6202-56266-0250.fits
6202/spec-6202-56266-0251.fits
6202/spec-6202-56266-0252.fits
6202/spec-6202-56266-0253.fits
6202/spec-6202-56266-0254.fits
6202/spec-6202-56266-0255.fits
6202/spec-6202-56266-0256.fits
6202/spec-6202-56266-0257.fits
6202/spec-6202-56266-0258.fits
6202/spec-6202-56266-0259.fits
6202/spec-6202-56266-0260.fits
6202/spec-6202-56266-0261.fits
6202/spec-6202-56266-0262.fits
6202/spec-6202-56266-0263.fits
6202/spec-6202-56266-0264.fits
6202/spec-6202-56266-0265.fits
6202/spec-6202-56266-0266.fits
6202/spec-6202-56266-0267.fits
6202/spec-6202-56266-0268.fits
6202/spec-6202-56266-0269.fits
6202/spec-6202-56266-0270.fits
6202/spec-6202-56266-0271.fits
6202/spec-6202-56266-0272.fits
6202/spec-6202-56266-0273.fits
6202/spec-6202-56266-0274.fits
6202/spec-6202-56266-0275.fits
6202/spec-6202-56266-0276.fits
6202/spec-6202-56266-0277.fits
6202/spec-6202-56266-0278.fits
6202/spec-6202-56266-0279.fits
6202/spec-6202-56266-0280.fits
6202/spec-6202-56266-0281.fits
6202/spec-6202-56266-0282.fits
6202/spec-6202-56266-0283.fits
6202/spec-6202-56266-0284.fits
6202/spec-6202-56266-0285.fits
6202/spec-6202-56266-0286.fits
6202/spec-6202-56266-0287.fits
6202/spec-6202-56266-0288.fits
6202/spec-6202-56266-0289.fits
6202/spec-6202-56266-0290.fits
6202/spec-6202-56266-0291.fits
6202/spec-6202-56266-0292.fits
6202/spec-6202-56266-0293.fits
6202/spec-6202-56266-0294.fits
6202/spec-6202-56266-0295.fits
6202/spec-6202-56266-0296.fits
6202/spec-6202-56266-0297.fits
6202/spec-6202-56266-0298.fits
6202/spec-6202-56266-0299.fits
6202/spec-6202-56266-0300.fits
6202/spec-6202-56266-0301.fits
6202/spec-6202-56266-0302.fits
6202/spec-6202-56266-0303.fits
6202/spec-6202-56266-0304.fits
6202/spec-6202-56266-0305.fits
6202/spec-6202-56266-0306.fits
6202/spec-6202-56266-0307.fits
6202/spec-6202-56266-0308.fits
6202/spec-6202-56266-0309.fits
6202/spec-6202-56266-0310.fits
6202/spec-6202-56266-0311.fits
6202/spec-6202-56266-0312.fits
6202/spec-6202-56266-0313.fits
6202/spec-6202-56266-0314.fits
6202/spec-6202-56266-0315.fits
6202/spec-6202-56266-0316.fits
6202/spec-6202-56266-0317.fits
6202/spec-6202-56266-0318.fits
6202/spec-6202-56266-0319.fits
6202/spec-6202-56266-0320.fits
6202/spec-6202-56266-0321.fits
6202/spec-6202-56266-0322.fits
6202/spec-6202-56266-0323.fits
6202/spec-6202-56266-0324.fits
6202/spec-6202-56266-0325.fits
6202/spec-6202-56266-0326.fits
6202/spec-6202-56266-0327.fits
6202/spec-6202-56266-0328.fits
6202/spec-6202-56266-0329.fits
6202/spec-6202-56266-0330.fits
6202/spec-6202-56266-0331.fits
6202/spec-6202-56266-0332.fits
6202/spec-6202-56266-0333.fits
6202/spec-6202-56266-0334.fits
6202/spec-6202-56266-0335.fits
6202/spec-6202-56266-0336.fits
6202/spec-6202-56266-0337.fits
6202/spec-6202-56266-0338.fits
6202/spec-6202-56266-0339.fits
6202/spec-6202-56266-0340.fits
6202/spec-6202-56266-0341.fits
6202/spec-6202-56266-0342.fits
6202/spec-6202-56266-0343.fits
6202/spec-6202-56266-0344.fits
6202/spec-6202-56266-0345.fits
6202/spec-6202-56266-0346.fits
6202/spec-6202-56266-0347.fits
6202/spec-6202-56266-0348.fits
6202/spec-6202-56266-0349.fits
6202/spec-6202-56266-0350.fits
6202/spec-6202-56266-0351.fits
6202/spec-6202-56266-0352.fits
6202/spec-6202-56266-0353.fits
6202/spec-6202-56266-0354.fits
6202/spec-6202-56266-0355.fits
6202/spec-6202-56266-0356.fits
6202/spec-6202-56266-0357.fits
6202/spec-6202-56266-0358.fits
6202/spec-6202-56266-0359.fits
6202/spec-6202-56266-0360.fits
6202/spec-6202-56266-0361.fits
6202/spec-6202-56266-0362.fits
6202/spec-6202-56266-0363.fits
6202/spec-6202-56266-0364.fits
6202/spec-6202-56266-0365.fits
6202/spec-6202-56266-0366.fits
6202/spec-6202-56266-0367.fits
6202/spec-6202-56266-0368.fits
6202/spec-6202-56266-0369.fits
6202/spec-6202-56266-0370.fits
6202/spec-6202-56266-0371.fits
6202/spec-6202-56266-0372.fits
6202/spec-6202-56266-0373.fits
6202/spec-6202-56266-0374.fits
6202/spec-6202-56266-0375.fits
6202/spec-6202-56266-0376.fits
6202/spec-6202-56266-0377.fits
6202/spec-6202-56266-0378.fits
6202/spec-6202-56266-0379.fits
6202/spec-6202-56266-0380.fits
6202/spec-6202-56266-0381.fits
6202/spec-6202-56266-0382.fits
6202/spec-6202-56266-0383.fits
6202/spec-6202-56266-0384.fits
6202/spec-6202-56266-0385.fits
6202/spec-6202-56266-0386.fits
6202/spec-6202-56266-0387.fits
6202/spec-6202-56266-0388.fits
6202/spec-6202-56266-0389.fits
6202/spec-6202-56266-0390.fits
6202/spec-6202-56266-0391.fits
6202/spec-6202-56266-0392.fits
6202/spec-6202-56266-0393.fits
6202/spec-6202-56266-0394.fits
6202/spec-6202-56266-0395.fits
6202/spec-6202-56266-0396.fits
6202/spec-6202-56266-0397.fits
6202/spec-6202-56266-0398.fits
6202/spec-6202-56266-0399.fits
6202/spec-6202-56266-0400.fits
6202/spec-6202-56266-0401.fits
6202/spec-6202-56266-0402.fits
6202/spec-6202-56266-0403.fits
6202/spec-6202-56266-0404.fits
6202/spec-6202-56266-0405.fits
6202/spec-6202-56266-0406.fits
6202/spec-6202-56266-0407.fits
6202/spec-6202-56266-0408.fits
6202/spec-6202-56266-0409.fits
6202/spec-6202-56266-0410.fits
6202/spec-6202-56266-0411.fits
6202/spec-6202-56266-0412.fits
6202/spec-6202-56266-0413.fits
6202/spec-6202-56266-0414.fits
6202/spec-6202-56266-0415.fits
6202/spec-6202-56266-0416.fits
6202/spec-6202-56266-0417.fits
6202/spec-6202-56266-0418.fits
6202/spec-6202-56266-0419.fits
6202/spec-6202-56266-0420.fits
6202/spec-6202-56266-0421.fits
6202/spec-6202-56266-0422.fits
6202/spec-6202-56266-0423.fits
6202/spec-6202-56266-0424.fits
6202/spec-6202-56266-0425.fits
6202/spec-6202-56266-0426.fits
6202/spec-6202-56266-0427.fits
6202/spec-6202-56266-0428.fits
6202/spec-6202-56266-0429.fits
6202/spec-6202-56266-0430.fits
6202/spec-6202-56266-0431.fits
6202/spec-6202-56266-0432.fits
6202/spec-6202-56266-0433.fits
6202/spec-6202-56266-0434.fits
6202/spec-6202-56266-0435.fits
6202/spec-6202-56266-0436.fits
6202/spec-6202-56266-0437.fits
6202/spec-6202-56266-0438.fits
6202/spec-6202-56266-0439.fits
6202/spec-6202-56266-0440.fits
6202/spec-6202-56266-0441.fits
6202/spec-6202-56266-0442.fits
6202/spec-6202-56266-0443.fits
6202/spec-6202-56266-0444.fits
6202/spec-6202-56266-0445.fits
6202/spec-6202-56266-0446.fits
6202/spec-6202-56266-0447.fits
6202/spec-6202-56266-0448.fits
6202/spec-6202-56266-0449.fits
6202/spec-6202-56266-0450.fits
6202/spec-6202-56266-0451.fits
6202/spec-6202-56266-0452.fits
6202/spec-6202-56266-0453.fits
6202/spec-6202-56266-0454.fits
6202/spec-6202-56266-0455.fits
6202/spec-6202-56266-0456.fits
6202/spec-6202-56266-0457.fits
6202/spec-6202-56266-0458.fits
6202/spec-6202-56266-0459.fits
6202/spec-6202-56266-0460.fits
6202/spec-6202-56266-0461.fits
6202/spec-6202-56266-0462.fits
6202/spec-6202-56266-0463.fits
6202/spec-6202-56266-0464.fits
6202/spec-6202-56266-0465.fits
6202/spec-6202-56266-0466.fits
6202/spec-6202-56266-0467.fits
6202/spec-6202-56266-0468.fits
6202/spec-6202-56266-0469.fits
6202/spec-6202-56266-0470.fits
6202/spec-6202-56266-0471.fits
6202/spec-6202-56266-0472.fits
6202/spec-6202-56266-0473.fits
6202/spec-6202-56266-0474.fits
6202/spec-6202-56266-0475.fits
6202/spec-6202-56266-0476.fits
6202/spec-6202-56266-0477.fits
6202/spec-6202-56266-0478.fits
6202/spec-6202-56266-0479.fits
6202/spec-6202-56266-0480.fits
6202/spec-6202-56266-0481.fits
6202/spec-6202-56266-0482.fits
6202/spec-6202-56266-0483.fits
6202/spec-6202-56266-0484.fits
6202/spec-6202-56266-0485.fits
6202/spec-6202-56266-0486.fits
6202/spec-6202-56266-0487.fits
6202/spec-6202-56266-0488.fits
6202/spec-6202-56266-0489.fits
6202/spec-6202-56266-0490.fits
6202/spec-6202-56266-0491.fits
6202/spec-6202-56266-0492.fits
6202/spec-6202-56266-0493.fits
6202/spec-6202-56266-0494.fits
6202/spec-6202-56266-0495.fits
6202/spec-6202-56266-0496.fits
6202/spec-6202-56266-0497.fits
6202/spec-6202-56266-0498.fits
6202/spec-6202-56266-0499.fits
6202/spec-6202-56266-0500.fits
6202/spec-6202-56266-0501.fits
6202/spec-6202-56266-0502.fits
6202/spec-6202-56266-0503.fits
6202/spec-6202-56266-0504.fits
6202/spec-6202-56266-0505.fits
6202/spec-6202-56266-0506.fits
6202/spec-6202-56266-0507.fits
6202/spec-6202-56266-0508.fits
6202/spec-6202-56266-0509.fits
6202/spec-6202-56266-0510.fits
6202/spec-6202-56266-0511.fits
6202/spec-6202-56266-0512.fits
6202/spec-6202-56266-0513.fits
6202/spec-6202-56266-0514.fits
6202/spec-6202-56266-0515.fits
6202/spec-6202-56266-0516.fits
6202/spec-6202-56266-0517.fits
6202/spec-6202-56266-0518.fits
6202/spec-6202-56266-0519.fits
6202/spec-6202-56266-0520.fits
6202/spec-6202-56266-0521.fits
6202/spec-6202-56266-0522.fits
6202/spec-6202-56266-0523.fits
6202/spec-6202-56266-0524.fits
6202/spec-6202-56266-0525.fits
6202/spec-6202-56266-0526.fits
6202/spec-6202-56266-0527.fits
6202/spec-6202-56266-0528.fits
6202/spec-6202-56266-0529.fits
6202/spec-6202-56266-0530.fits
6202/spec-6202-56266-0531.fits
6202/spec-6202-56266-0532.fits
6202/spec-6202-56266-0533.fits
6202/spec-6202-56266-0534.fits
6202/spec-6202-56266-0535.fits
6202/spec-6202-56266-0536.fits
6202/spec-6202-56266-0537.fits
6202/spec-6202-56266-0538.fits
6202/spec-6202-56266-0539.fits
6202/spec-6202-56266-0540.fits
6202/spec-6202-56266-0541.fits
6202/spec-6202-56266-0542.fits
6202/spec-6202-56266-0543.fits
6202/spec-6202-56266-0544.fits
6202/spec-6202-56266-0545.fits
6202/spec-6202-56266-0546.fits
6202/spec-6202-56266-0547.fits
6202/spec-6202-56266-0548.fits
6202/spec-6202-56266-0549.fits
6202/spec-6202-56266-0550.fits
6202/spec-6202-56266-0551.fits
6202/spec-6202-56266-0552.fits
6202/spec-6202-56266-0553.fits
6202/spec-6202-56266-0554.fits
6202/spec-6202-56266-0555.fits
6202/spec-6202-56266-0556.fits
6202/spec-6202-56266-0557.fits
6202/spec-6202-56266-0558.fits
6202/spec-6202-56266-0559.fits
6202/spec-6202-56266-0560.fits
6202/spec-6202-56266-0561.fits
6202/spec-6202-56266-0562.fits
6202/spec-6202-56266-0563.fits
6202/spec-6202-56266-0564.fits
6202/spec-6202-56266-0565.fits
6202/spec-6202-56266-0566.fits
6202/spec-6202-56266-0567.fits
6202/spec-6202-56266-0568.fits
6202/spec-6202-56266-0569.fits
6202/spec-6202-56266-0570.fits
6202/spec-6202-56266-0571.fits
6202/spec-6202-56266-0572.fits
6202/spec-6202-56266-0573.fits
6202/spec-6202-56266-0574.fits
6202/spec-6202-56266-0575.fits
6202/spec-6202-56266-0576.fits
6202/spec-6202-56266-0577.fits
6202/spec-6202-56266-0578.fits
6202/spec-6202-56266-0579.fits
6202/spec-6202-56266-0580.fits
6202/spec-6202-56266-0581.fits
6202/spec-6202-56266-0582.fits
6202/spec-6202-56266-0583.fits
6202/spec-6202-56266-0584.fits
6202/spec-6202-56266-0585.fits
6202/spec-6202-56266-0586.fits
6202/spec-6202-56266-0587.fits
6202/spec-6202-56266-0588.fits
6202/spec-6202-56266-0589.fits
6202/spec-6202-56266-0590.fits
6202/spec-6202-56266-0591.fits
6202/spec-6202-56266-0592.fits
6202/spec-6202-56266-0593.fits
6202/spec-6202-56266-0594.fits
6202/spec-6202-56266-0595.fits
6202/spec-6202-56266-0596.fits
6202/spec-6202-56266-0597.fits
6202/spec-6202-56266-0598.fits
6202/spec-6202-56266-0599.fits
6202/spec-6202-56266-0600.fits
6202/spec-6202-56266-0601.fits
6202/spec-6202-56266-0602.fits
6202/spec-6202-56266-0603.fits
6202/spec-6202-56266-0604.fits
6202/spec-6202-56266-0605.fits
6202/spec-6202-56266-0606.fits
6202/spec-6202-56266-0607.fits
6202/spec-6202-56266-0608.fits
6202/spec-6202-56266-0609.fits
6202/spec-6202-56266-0610.fits
6202/spec-6202-56266-0611.fits
6202/spec-6202-56266-0612.fits
6202/spec-6202-56266-0613.fits
6202/spec-6202-56266-0614.fits
6202/spec-6202-56266-0615.fits
6202/spec-6202-56266-0616.fits
6202/spec-6202-56266-0617.fits
6202/spec-6202-56266-0618.fits
6202/spec-6202-56266-0619.fits
6202/spec-6202-56266-0620.fits
6202/spec-6202-56266-0621.fits
6202/spec-6202-56266-0622.fits
6202/spec-6202-56266-0623.fits
6202/spec-6202-56266-0624.fits
6202/spec-6202-56266-0625.fits
6202/spec-6202-56266-0626.fits
6202/spec-6202-56266-0627.fits
6202/spec-6202-56266-0628.fits
6202/spec-6202-56266-0629.fits
6202/spec-6202-56266-0630.fits
6202/spec-6202-56266-0631.fits
6202/spec-6202-56266-0632.fits
6202/spec-6202-56266-0633.fits
6202/spec-6202-56266-0634.fits
6202/spec-6202-56266-0635.fits
6202/spec-6202-56266-0636.fits
6202/spec-6202-56266-0637.fits
6202/spec-6202-56266-0638.fits
6202/spec-6202-56266-0639.fits
6202/spec-6202-56266-0640.fits
6202/spec-6202-56266-0641.fits
6202/spec-6202-56266-0642.fits
6202/spec-6202-56266-0643.fits
6202/spec-6202-56266-0644.fits
6202/spec-6202-56266-0645.fits
6202/spec-6202-56266-0646.fits
6202/spec-6202-56266-0647.fits
6202/spec-6202-56266-0648.fits
6202/spec-6202-56266-0649.fits
6202/spec-6202-56266-0650.fits
6202/spec-6202-56266-0651.fits
6202/spec-6202-56266-0652.fits
6202/spec-6202-56266-0653.fits
6202/spec-6202-56266-0654.fits
6202/spec-6202-56266-0655.fits
6202/spec-6202-56266-0656.fits
6202/spec-6202-56266-0657.fits
6202/spec-6202-56266-0658.fits
6202/spec-6202-56266-0659.fits
6202/spec-6202-56266-0660.fits
6202/spec-6202-56266-0661.fits
6202/spec-6202-56266-0662.fits
6202/spec-6202-56266-0663.fits
6202/spec-6202-56266-0664.fits
6202/spec-6202-56266-0665.fits
6202/spec-6202-56266-0666.fits
6202/spec-6202-56266-0667.fits
6202/spec-6202-56266-0668.fits
6202/spec-6202-56266-0669.fits
6202/spec-6202-56266-0670.fits
6202/spec-6202-56266-0671.fits
6202/spec-6202-56266-0672.fits
6202/spec-6202-56266-0673.fits
6202/spec-6202-56266-0674.fits
6202/spec-6202-56266-0675.fits
6202/spec-6202-56266-0676.fits
6202/spec-6202-56266-0677.fits
6202/spec-6202-56266-0678.fits
6202/spec-6202-56266-0679.fits
6202/spec-6202-56266-0680.fits
6202/spec-6202-56266-0681.fits
6202/spec-6202-56266-0682.fits
6202/spec-6202-56266-0683.fits
6202/spec-6202-56266-0684.fits
6202/spec-6202-56266-0685.fits
6202/spec-6202-56266-0686.fits
6202/spec-6202-56266-0687.fits
6202/spec-6202-56266-0688.fits
6202/spec-6202-56266-0689.fits
6202/spec-6202-56266-0690.fits
6202/spec-6202-56266-0691.fits
6202/spec-6202-56266-0692.fits
6202/spec-6202-56266-0693.fits
6202/spec-6202-56266-0694.fits
6202/spec-6202-56266-0695.fits
6202/spec-6202-56266-0696.fits
6202/spec-6202-56266-0697.fits
6202/spec-6202-56266-0698.fits
6202/spec-6202-56266-0699.fits
6202/spec-6202-56266-0700.fits
6202/spec-6202-56266-0701.fits
6202/spec-6202-56266-0702.fits
6202/spec-6202-56266-0703.fits
6202/spec-6202-56266-0704.fits
6202/spec-6202-56266-0705.fits
6202/spec-6202-56266-0706.fits
6202/spec-6202-56266-0707.fits
6202/spec-6202-56266-0708.fits
6202/spec-6202-56266-0709.fits
6202/spec-6202-56266-0710.fits
6202/spec-6202-56266-0711.fits
6202/spec-6202-56266-0712.fits
6202/spec-6202-56266-0713.fits
6202/spec-6202-56266-0714.fits
6202/spec-6202-56266-0715.fits
6202/spec-6202-56266-0716.fits
6202/spec-6202-56266-0717.fits
6202/spec-6202-56266-0718.fits
6202/spec-6202-56266-0719.fits
6202/spec-6202-56266-0720.fits
6202/spec-6202-56266-0721.fits
6202/spec-6202-56266-0722.fits
6202/spec-6202-56266-0723.fits
6202/spec-6202-56266-0724.fits
6202/spec-6202-56266-0725.fits
6202/spec-6202-56266-0726.fits
6202/spec-6202-56266-0727.fits
6202/spec-6202-56266-0728.fits
6202/spec-6202-56266-0729.fits
6202/spec-6202-56266-0730.fits
6202/spec-6202-56266-0731.fits
6202/spec-6202-56266-0732.fits
6202/spec-6202-56266-0733.fits
6202/spec-6202-56266-0734.fits
6202/spec-6202-56266-0735.fits
6202/spec-6202-56266-0736.fits
6202/spec-6202-56266-0737.fits
6202/spec-6202-56266-0738.fits
6202/spec-6202-56266-0739.fits
6202/spec-6202-56266-0740.fits
6202/spec-6202-56266-0741.fits
6202/spec-6202-56266-0742.fits
6202/spec-6202-56266-0743.fits
6202/spec-6202-56266-0744.fits
6202/spec-6202-56266-0745.fits
6202/spec-6202-56266-0746.fits
6202/spec-6202-56266-0747.fits
6202/spec-6202-56266-0748.fits
6202/spec-6202-56266-0749.fits
6202/spec-6202-56266-0750.fits
6202/spec-6202-56266-0751.fits
6202/spec-6202-56266-0752.fits
6202/spec-6202-56266-0753.fits
6202/spec-6202-56266-0754.fits
6202/spec-6202-56266-0755.fits
6202/spec-6202-56266-0756.fits
6202/spec-6202-56266-0757.fits
6202/spec-6202-56266-0758.fits
6202/spec-6202-56266-0759.fits
6202/spec-6202-56266-0760.fits
6202/spec-6202-56266-0761.fits
6202/spec-6202-56266-0762.fits
6202/spec-6202-56266-0763.fits
6202/spec-6202-56266-0764.fits
6202/spec-6202-56266-0765.fits
6202/spec-6202-56266-0766.fits
6202/spec-6202-56266-0767.fits
6202/spec-6202-56266-0768.fits
6202/spec-6202-56266-0769.fits
6202/spec-6202-56266-0770.fits
6202/spec-6202-56266-0771.fits
6202/spec-6202-56266-0772.fits
6202/spec-6202-56266-0773.fits
6202/spec-6202-56266-0774.fits
6202/spec-6202-56266-0775.fits
6202/spec-6202-56266-0776.fits
6202/spec-6202-56266-0777.fits
6202/spec-6202-56266-0778.fits
6202/spec-6202-56266-0779.fits
6202/spec-6202-56266-0780.fits
6202/spec-6202-56266-0781.fits
6202/spec-6202-56266-0782.fits
6202/spec-6202-56266-0783.fits
6202/spec-6202-56266-0784.fits
6202/spec-6202-56266-0785.fits
6202/spec-6202-56266-0786.fits
6202/spec-6202-56266-0787.fits
6202/spec-6202-56266-0788.fits
6202/spec-6202-56266-0789.fits
6202/spec-6202-56266-0790.fits
6202/spec-6202-56266-0791.fits
6202/spec-6202-56266-0792.fits
6202/spec-6202-56266-0793.fits
6202/spec-6202-56266-0794.fits
6202/spec-6202-56266-0795.fits
6202/spec-6202-56266-0796.fits
6202/spec-6202-56266-0797.fits
6202/spec-6202-56266-0798.fits
6202/spec-6202-56266-0799.fits
6202/spec-6202-56266-0800.fits
6202/spec-6202-56266-0801.fits
6202/spec-6202-56266-0802.fits
6202/spec-6202-56266-0803.fits
6202/spec-6202-56266-0804.fits
6202/spec-6202-56266-0805.fits
6202/spec-6202-56266-0806.fits
6202/spec-6202-56266-0807.fits
6202/spec-6202-56266-0808.fits
6202/spec-6202-56266-0809.fits
6202/spec-6202-56266-0810.fits
6202/spec-6202-56266-0811.fits
6202/spec-6202-56266-0812.fits
6202/spec-6202-56266-0813.fits
6202/spec-6202-56266-0814.fits
6202/spec-6202-56266-0815.fits
6202/spec-6202-56266-0816.fits
6202/spec-6202-56266-0817.fits
6202/spec-6202-56266-0818.fits
6202/spec-6202-56266-0819.fits
6202/spec-6202-56266-0820.fits
6202/spec-6202-56266-0821.fits
6202/spec-6202-56266-0822.fits
6202/spec-6202-56266-0823.fits
6202/spec-6202-56266-0824.fits
6202/spec-6202-56266-0825.fits
6202/spec-6202-56266-0826.fits
6202/spec-6202-56266-0827.fits
6202/spec-6202-56266-0828.fits
6202/spec-6202-56266-0829.fits
6202/spec-6202-56266-0830.fits
6202/spec-6202-56266-0831.fits
6202/spec-6202-56266-0832.fits
6202/spec-6202-56266-0833.fits
6202/spec-6202-56266-0834.fits
6202/spec-6202-56266-0835.fits
6202/spec-6202-56266-0836.fits
6202/spec-6202-56266-0837.fits
6202/spec-6202-56266-0838.fits
6202/spec-6202-56266-0839.fits
6202/spec-6202-56266-0840.fits
6202/spec-6202-56266-0841.fits
6202/spec-6202-56266-0842.fits
6202/spec-6202-56266-0843.fits
6202/spec-6202-56266-0844.fits
6202/spec-6202-56266-0845.fits
6202/spec-6202-56266-0846.fits
6202/spec-6202-56266-0847.fits
6202/spec-6202-56266-0848.fits
6202/spec-6202-56266-0849.fits
6202/spec-6202-56266-0850.fits
6202/spec-6202-56266-0851.fits
6202/spec-6202-56266-0852.fits
6202/spec-6202-56266-0853.fits
6202/spec-6202-56266-0854.fits
6202/spec-6202-56266-0855.fits
6202/spec-6202-56266-0856.fits
6202/spec-6202-56266-0857.fits
6202/spec-6202-56266-0858.fits
6202/spec-6202-56266-0859.fits
6202/spec-6202-56266-0860.fits
6202/spec-6202-56266-0861.fits
6202/spec-6202-56266-0862.fits
6202/spec-6202-56266-0863.fits
6202/spec-6202-56266-0864.fits
6202/spec-6202-56266-0865.fits
6202/spec-6202-56266-0866.fits
6202/spec-6202-56266-0867.fits
6202/spec-6202-56266-0868.fits
6202/spec-6202-56266-0869.fits
6202/spec-6202-56266-0870.fits
6202/spec-6202-56266-0871.fits
6202/spec-6202-56266-0872.fits
6202/spec-6202-56266-0873.fits
6202/spec-6202-56266-0874.fits
6202/spec-6202-56266-0875.fits
6202/spec-6202-56266-0876.fits
6202/spec-6202-56266-0877.fits
6202/spec-6202-56266-0878.fits
6202/spec-6202-56266-0879.fits
6202/spec-6202-56266-0880.fits
6202/spec-6202-56266-0881.fits
6202/spec-6202-56266-0882.fits
6202/spec-6202-56266-0883.fits
6202/spec-6202-56266-0884.fits
6202/spec-6202-56266-0885.fits
6202/spec-6202-56266-0886.fits
6202/spec-6202-56266-0887.fits
6202/spec-6202-56266-0888.fits
6202/spec-6202-56266-0889.fits
6202/spec-6202-56266-0890.fits
6202/spec-6202-56266-0891.fits
6202/spec-6202-56266-0892.fits
6202/spec-6202-56266-0893.fits
6202/spec-6202-56266-0894.fits
6202/spec-6202-56266-0895.fits
6202/spec-6202-56266-0896.fits
6202/spec-6202-56266-0897.fits
6202/spec-6202-56266-0898.fits
6202/spec-6202-56266-0899.fits
6202/spec-6202-56266-0900.fits
6202/spec-6202-56266-0901.fits
6202/spec-6202-56266-0902.fits
6202/spec-6202-56266-0903.fits
6202/spec-6202-56266-0904.fits
6202/spec-6202-56266-0905.fits
6202/spec-6202-56266-0906.fits
6202/spec-6202-56266-0907.fits
6202/spec-6202-56266-0908.fits
6202/spec-6202-56266-0909.fits
6202/spec-6202-56266-0910.fits
6202/spec-6202-56266-0911.fits
6202/spec-6202-56266-0912.fits
6202/spec-6202-56266-0913.fits
6202/spec-6202-56266-0914.fits
6202/spec-6202-56266-0915.fits
6202/spec-6202-56266-0916.fits
6202/spec-6202-56266-0917.fits
6202/spec-6202-56266-0918.fits
6202/spec-6202-56266-0919.fits
6202/spec-6202-56266-0920.fits
6202/spec-6202-56266-0921.fits
6202/spec-6202-56266-0922.fits
6202/spec-6202-56266-0923.fits
6202/spec-6202-56266-0924.fits
6202/spec-6202-56266-0925.fits
6202/spec-6202-56266-0926.fits
6202/spec-6202-56266-0927.fits
6202/spec-6202-56266-0928.fits
6202/spec-6202-56266-0929.fits
6202/spec-6202-56266-0930.fits
6202/spec-6202-56266-0931.fits
6202/spec-6202-56266-0932.fits
6202/spec-6202-56266-0933.fits
6202/spec-6202-56266-0934.fits
6202/spec-6202-56266-0935.fits
6202/spec-6202-56266-0936.fits
6202/spec-6202-56266-0937.fits
6202/spec-6202-56266-0938.fits
6202/spec-6202-56266-0939.fits
6202/spec-6202-56266-0940.fits
6202/spec-6202-56266-0941.fits
6202/spec-6202-56266-0942.fits
6202/spec-6202-56266-0943.fits
6202/spec-6202-56266-0944.fits
6202/spec-6202-56266-0945.fits
6202/spec-6202-56266-0946.fits
6202/spec-6202-56266-0947.fits
6202/spec-6202-56266-0948.fits
6202/spec-6202-56266-0949.fits
6202/spec-6202-56266-0950.fits
6202/spec-6202-56266-0951.fits
6202/spec-6202-56266-0952.fits
6202/spec-6202-56266-0953.fits
6202/spec-6202-56266-0954.fits
6202/spec-6202-56266-0955.fits
6202/spec-6202-56266-0956.fits
6202/spec-6202-56266-0957.fits
6202/spec-6202-56266-0958.fits
6202/spec-6202-56266-0959.fits
6202/spec-6202-56266-0960.fits
6202/spec-6202-56266-0961.fits
6202/spec-6202-56266-0962.fits
6202/spec-6202-56266-0963.fits
6202/spec-6202-56266-0964.fits
6202/spec-6202-56266-0965.fits
6202/spec-6202-56266-0966.fits
6202/spec-6202-56266-0967.fits
6202/spec-6202-56266-0968.fits
6202/spec-6202-56266-0969.fits
6202/spec-6202-56266-0970.fits
6202/spec-6202-56266-0971.fits
6202/spec-6202-56266-0972.fits
6202/spec-6202-56266-0973.fits
6202/spec-6202-56266-0974.fits
6202/spec-6202-56266-0975.fits
6202/spec-6202-56266-0976.fits
6202/spec-6202-56266-0977.fits
6202/spec-6202-56266-0978.fits
6202/spec-6202-56266-0979.fits
6202/spec-6202-56266-0980.fits
6202/spec-6202-56266-0981.fits
6202/spec-6202-56266-0982.fits
6202/spec-6202-56266-0983.fits
6202/spec-6202-56266-0984.fits
6202/spec-6202-56266-0985.fits
6202/spec-6202-56266-0986.fits
6202/spec-6202-56266-0987.fits
6202/spec-6202-56266-0988.fits
6202/spec-6202-56266-0989.fits
6202/spec-6202-56266-0990.fits
6202/spec-6202-56266-0991.fits
6202/spec-6202-56266-0992.fits
6202/spec-6202-56266-0993.fits
6202/spec-6202-56266-0994.fits
6202/spec-6202-56266-0995.fits
6202/spec-6202-56266-0996.fits
6202/spec-6202-56266-0997.fits
6202/spec-6202-56266-0998.fits
6202/spec-6202-56266-0999.fits
6202/spec-6202-56266-1000.fits
/var/lib/condor/execute/slot1/dir_15025
6202 6202.tgz R R361.tar.gz _condor_stderr _condor_stdout cB58_Lyman_break.fit condor_exec.exe hw4.R packages packages.tar.gz tmp var
[1] "Loaded package astro."
[1] 1000
6202 6202.csv 6202.tgz R R361.tar.gz _condor_stderr _condor_stdout cB58_Lyman_break.fit condor_exec.exe hw4.R packages packages.tar.gz tmp var
