6306
6306/
6306/spec-6306-56535-0001.fits
6306/spec-6306-56535-0002.fits
6306/spec-6306-56535-0003.fits
6306/spec-6306-56535-0004.fits
6306/spec-6306-56535-0005.fits
6306/spec-6306-56535-0006.fits
6306/spec-6306-56535-0007.fits
6306/spec-6306-56535-0008.fits
6306/spec-6306-56535-0009.fits
6306/spec-6306-56535-0010.fits
6306/spec-6306-56535-0011.fits
6306/spec-6306-56535-0012.fits
6306/spec-6306-56535-0013.fits
6306/spec-6306-56535-0014.fits
6306/spec-6306-56535-0015.fits
6306/spec-6306-56535-0016.fits
6306/spec-6306-56535-0017.fits
6306/spec-6306-56535-0018.fits
6306/spec-6306-56535-0019.fits
6306/spec-6306-56535-0020.fits
6306/spec-6306-56535-0021.fits
6306/spec-6306-56535-0022.fits
6306/spec-6306-56535-0023.fits
6306/spec-6306-56535-0024.fits
6306/spec-6306-56535-0025.fits
6306/spec-6306-56535-0026.fits
6306/spec-6306-56535-0027.fits
6306/spec-6306-56535-0028.fits
6306/spec-6306-56535-0029.fits
6306/spec-6306-56535-0030.fits
6306/spec-6306-56535-0031.fits
6306/spec-6306-56535-0032.fits
6306/spec-6306-56535-0033.fits
6306/spec-6306-56535-0034.fits
6306/spec-6306-56535-0035.fits
6306/spec-6306-56535-0036.fits
6306/spec-6306-56535-0037.fits
6306/spec-6306-56535-0038.fits
6306/spec-6306-56535-0039.fits
6306/spec-6306-56535-0040.fits
6306/spec-6306-56535-0041.fits
6306/spec-6306-56535-0042.fits
6306/spec-6306-56535-0043.fits
6306/spec-6306-56535-0044.fits
6306/spec-6306-56535-0045.fits
6306/spec-6306-56535-0046.fits
6306/spec-6306-56535-0047.fits
6306/spec-6306-56535-0048.fits
6306/spec-6306-56535-0049.fits
6306/spec-6306-56535-0050.fits
6306/spec-6306-56535-0051.fits
6306/spec-6306-56535-0052.fits
6306/spec-6306-56535-0053.fits
6306/spec-6306-56535-0054.fits
6306/spec-6306-56535-0055.fits
6306/spec-6306-56535-0056.fits
6306/spec-6306-56535-0057.fits
6306/spec-6306-56535-0058.fits
6306/spec-6306-56535-0059.fits
6306/spec-6306-56535-0060.fits
6306/spec-6306-56535-0061.fits
6306/spec-6306-56535-0062.fits
6306/spec-6306-56535-0063.fits
6306/spec-6306-56535-0064.fits
6306/spec-6306-56535-0065.fits
6306/spec-6306-56535-0066.fits
6306/spec-6306-56535-0067.fits
6306/spec-6306-56535-0068.fits
6306/spec-6306-56535-0069.fits
6306/spec-6306-56535-0070.fits
6306/spec-6306-56535-0071.fits
6306/spec-6306-56535-0072.fits
6306/spec-6306-56535-0073.fits
6306/spec-6306-56535-0074.fits
6306/spec-6306-56535-0075.fits
6306/spec-6306-56535-0076.fits
6306/spec-6306-56535-0077.fits
6306/spec-6306-56535-0078.fits
6306/spec-6306-56535-0079.fits
6306/spec-6306-56535-0080.fits
6306/spec-6306-56535-0081.fits
6306/spec-6306-56535-0082.fits
6306/spec-6306-56535-0083.fits
6306/spec-6306-56535-0084.fits
6306/spec-6306-56535-0085.fits
6306/spec-6306-56535-0086.fits
6306/spec-6306-56535-0087.fits
6306/spec-6306-56535-0088.fits
6306/spec-6306-56535-0089.fits
6306/spec-6306-56535-0090.fits
6306/spec-6306-56535-0091.fits
6306/spec-6306-56535-0092.fits
6306/spec-6306-56535-0093.fits
6306/spec-6306-56535-0094.fits
6306/spec-6306-56535-0095.fits
6306/spec-6306-56535-0096.fits
6306/spec-6306-56535-0097.fits
6306/spec-6306-56535-0098.fits
6306/spec-6306-56535-0099.fits
6306/spec-6306-56535-0100.fits
6306/spec-6306-56535-0101.fits
6306/spec-6306-56535-0102.fits
6306/spec-6306-56535-0103.fits
6306/spec-6306-56535-0104.fits
6306/spec-6306-56535-0105.fits
6306/spec-6306-56535-0106.fits
6306/spec-6306-56535-0107.fits
6306/spec-6306-56535-0108.fits
6306/spec-6306-56535-0109.fits
6306/spec-6306-56535-0110.fits
6306/spec-6306-56535-0111.fits
6306/spec-6306-56535-0112.fits
6306/spec-6306-56535-0113.fits
6306/spec-6306-56535-0114.fits
6306/spec-6306-56535-0115.fits
6306/spec-6306-56535-0116.fits
6306/spec-6306-56535-0117.fits
6306/spec-6306-56535-0118.fits
6306/spec-6306-56535-0119.fits
6306/spec-6306-56535-0120.fits
6306/spec-6306-56535-0121.fits
6306/spec-6306-56535-0122.fits
6306/spec-6306-56535-0123.fits
6306/spec-6306-56535-0124.fits
6306/spec-6306-56535-0125.fits
6306/spec-6306-56535-0126.fits
6306/spec-6306-56535-0127.fits
6306/spec-6306-56535-0128.fits
6306/spec-6306-56535-0129.fits
6306/spec-6306-56535-0130.fits
6306/spec-6306-56535-0131.fits
6306/spec-6306-56535-0132.fits
6306/spec-6306-56535-0133.fits
6306/spec-6306-56535-0134.fits
6306/spec-6306-56535-0135.fits
6306/spec-6306-56535-0136.fits
6306/spec-6306-56535-0137.fits
6306/spec-6306-56535-0138.fits
6306/spec-6306-56535-0139.fits
6306/spec-6306-56535-0140.fits
6306/spec-6306-56535-0141.fits
6306/spec-6306-56535-0142.fits
6306/spec-6306-56535-0143.fits
6306/spec-6306-56535-0144.fits
6306/spec-6306-56535-0145.fits
6306/spec-6306-56535-0146.fits
6306/spec-6306-56535-0147.fits
6306/spec-6306-56535-0148.fits
6306/spec-6306-56535-0149.fits
6306/spec-6306-56535-0150.fits
6306/spec-6306-56535-0151.fits
6306/spec-6306-56535-0152.fits
6306/spec-6306-56535-0153.fits
6306/spec-6306-56535-0154.fits
6306/spec-6306-56535-0155.fits
6306/spec-6306-56535-0156.fits
6306/spec-6306-56535-0157.fits
6306/spec-6306-56535-0158.fits
6306/spec-6306-56535-0159.fits
6306/spec-6306-56535-0160.fits
6306/spec-6306-56535-0161.fits
6306/spec-6306-56535-0162.fits
6306/spec-6306-56535-0163.fits
6306/spec-6306-56535-0164.fits
6306/spec-6306-56535-0165.fits
6306/spec-6306-56535-0166.fits
6306/spec-6306-56535-0167.fits
6306/spec-6306-56535-0168.fits
6306/spec-6306-56535-0169.fits
6306/spec-6306-56535-0170.fits
6306/spec-6306-56535-0171.fits
6306/spec-6306-56535-0172.fits
6306/spec-6306-56535-0173.fits
6306/spec-6306-56535-0174.fits
6306/spec-6306-56535-0175.fits
6306/spec-6306-56535-0176.fits
6306/spec-6306-56535-0177.fits
6306/spec-6306-56535-0178.fits
6306/spec-6306-56535-0179.fits
6306/spec-6306-56535-0180.fits
6306/spec-6306-56535-0181.fits
6306/spec-6306-56535-0182.fits
6306/spec-6306-56535-0183.fits
6306/spec-6306-56535-0184.fits
6306/spec-6306-56535-0185.fits
6306/spec-6306-56535-0186.fits
6306/spec-6306-56535-0187.fits
6306/spec-6306-56535-0188.fits
6306/spec-6306-56535-0189.fits
6306/spec-6306-56535-0190.fits
6306/spec-6306-56535-0191.fits
6306/spec-6306-56535-0192.fits
6306/spec-6306-56535-0193.fits
6306/spec-6306-56535-0194.fits
6306/spec-6306-56535-0195.fits
6306/spec-6306-56535-0196.fits
6306/spec-6306-56535-0197.fits
6306/spec-6306-56535-0198.fits
6306/spec-6306-56535-0199.fits
6306/spec-6306-56535-0200.fits
6306/spec-6306-56535-0201.fits
6306/spec-6306-56535-0202.fits
6306/spec-6306-56535-0203.fits
6306/spec-6306-56535-0204.fits
6306/spec-6306-56535-0205.fits
6306/spec-6306-56535-0206.fits
6306/spec-6306-56535-0207.fits
6306/spec-6306-56535-0208.fits
6306/spec-6306-56535-0209.fits
6306/spec-6306-56535-0210.fits
6306/spec-6306-56535-0211.fits
6306/spec-6306-56535-0212.fits
6306/spec-6306-56535-0213.fits
6306/spec-6306-56535-0214.fits
6306/spec-6306-56535-0215.fits
6306/spec-6306-56535-0216.fits
6306/spec-6306-56535-0217.fits
6306/spec-6306-56535-0218.fits
6306/spec-6306-56535-0219.fits
6306/spec-6306-56535-0220.fits
6306/spec-6306-56535-0221.fits
6306/spec-6306-56535-0222.fits
6306/spec-6306-56535-0223.fits
6306/spec-6306-56535-0224.fits
6306/spec-6306-56535-0225.fits
6306/spec-6306-56535-0226.fits
6306/spec-6306-56535-0227.fits
6306/spec-6306-56535-0228.fits
6306/spec-6306-56535-0229.fits
6306/spec-6306-56535-0230.fits
6306/spec-6306-56535-0231.fits
6306/spec-6306-56535-0232.fits
6306/spec-6306-56535-0233.fits
6306/spec-6306-56535-0234.fits
6306/spec-6306-56535-0235.fits
6306/spec-6306-56535-0236.fits
6306/spec-6306-56535-0237.fits
6306/spec-6306-56535-0238.fits
6306/spec-6306-56535-0239.fits
6306/spec-6306-56535-0240.fits
6306/spec-6306-56535-0241.fits
6306/spec-6306-56535-0242.fits
6306/spec-6306-56535-0243.fits
6306/spec-6306-56535-0244.fits
6306/spec-6306-56535-0245.fits
6306/spec-6306-56535-0246.fits
6306/spec-6306-56535-0247.fits
6306/spec-6306-56535-0248.fits
6306/spec-6306-56535-0249.fits
6306/spec-6306-56535-0250.fits
6306/spec-6306-56535-0251.fits
6306/spec-6306-56535-0252.fits
6306/spec-6306-56535-0253.fits
6306/spec-6306-56535-0254.fits
6306/spec-6306-56535-0255.fits
6306/spec-6306-56535-0256.fits
6306/spec-6306-56535-0257.fits
6306/spec-6306-56535-0258.fits
6306/spec-6306-56535-0259.fits
6306/spec-6306-56535-0260.fits
6306/spec-6306-56535-0261.fits
6306/spec-6306-56535-0262.fits
6306/spec-6306-56535-0263.fits
6306/spec-6306-56535-0264.fits
6306/spec-6306-56535-0265.fits
6306/spec-6306-56535-0266.fits
6306/spec-6306-56535-0267.fits
6306/spec-6306-56535-0268.fits
6306/spec-6306-56535-0269.fits
6306/spec-6306-56535-0270.fits
6306/spec-6306-56535-0271.fits
6306/spec-6306-56535-0272.fits
6306/spec-6306-56535-0273.fits
6306/spec-6306-56535-0274.fits
6306/spec-6306-56535-0275.fits
6306/spec-6306-56535-0276.fits
6306/spec-6306-56535-0277.fits
6306/spec-6306-56535-0278.fits
6306/spec-6306-56535-0279.fits
6306/spec-6306-56535-0280.fits
6306/spec-6306-56535-0281.fits
6306/spec-6306-56535-0282.fits
6306/spec-6306-56535-0283.fits
6306/spec-6306-56535-0284.fits
6306/spec-6306-56535-0285.fits
6306/spec-6306-56535-0286.fits
6306/spec-6306-56535-0287.fits
6306/spec-6306-56535-0288.fits
6306/spec-6306-56535-0289.fits
6306/spec-6306-56535-0290.fits
6306/spec-6306-56535-0291.fits
6306/spec-6306-56535-0292.fits
6306/spec-6306-56535-0293.fits
6306/spec-6306-56535-0294.fits
6306/spec-6306-56535-0295.fits
6306/spec-6306-56535-0296.fits
6306/spec-6306-56535-0297.fits
6306/spec-6306-56535-0298.fits
6306/spec-6306-56535-0299.fits
6306/spec-6306-56535-0300.fits
6306/spec-6306-56535-0301.fits
6306/spec-6306-56535-0302.fits
6306/spec-6306-56535-0303.fits
6306/spec-6306-56535-0304.fits
6306/spec-6306-56535-0305.fits
6306/spec-6306-56535-0306.fits
6306/spec-6306-56535-0307.fits
6306/spec-6306-56535-0308.fits
6306/spec-6306-56535-0309.fits
6306/spec-6306-56535-0310.fits
6306/spec-6306-56535-0311.fits
6306/spec-6306-56535-0312.fits
6306/spec-6306-56535-0313.fits
6306/spec-6306-56535-0314.fits
6306/spec-6306-56535-0315.fits
6306/spec-6306-56535-0316.fits
6306/spec-6306-56535-0317.fits
6306/spec-6306-56535-0318.fits
6306/spec-6306-56535-0319.fits
6306/spec-6306-56535-0320.fits
6306/spec-6306-56535-0321.fits
6306/spec-6306-56535-0322.fits
6306/spec-6306-56535-0323.fits
6306/spec-6306-56535-0324.fits
6306/spec-6306-56535-0325.fits
6306/spec-6306-56535-0326.fits
6306/spec-6306-56535-0327.fits
6306/spec-6306-56535-0328.fits
6306/spec-6306-56535-0329.fits
6306/spec-6306-56535-0330.fits
6306/spec-6306-56535-0331.fits
6306/spec-6306-56535-0332.fits
6306/spec-6306-56535-0333.fits
6306/spec-6306-56535-0334.fits
6306/spec-6306-56535-0335.fits
6306/spec-6306-56535-0336.fits
6306/spec-6306-56535-0337.fits
6306/spec-6306-56535-0338.fits
6306/spec-6306-56535-0339.fits
6306/spec-6306-56535-0340.fits
6306/spec-6306-56535-0341.fits
6306/spec-6306-56535-0342.fits
6306/spec-6306-56535-0343.fits
6306/spec-6306-56535-0344.fits
6306/spec-6306-56535-0345.fits
6306/spec-6306-56535-0346.fits
6306/spec-6306-56535-0347.fits
6306/spec-6306-56535-0348.fits
6306/spec-6306-56535-0349.fits
6306/spec-6306-56535-0350.fits
6306/spec-6306-56535-0351.fits
6306/spec-6306-56535-0352.fits
6306/spec-6306-56535-0353.fits
6306/spec-6306-56535-0354.fits
6306/spec-6306-56535-0355.fits
6306/spec-6306-56535-0356.fits
6306/spec-6306-56535-0357.fits
6306/spec-6306-56535-0358.fits
6306/spec-6306-56535-0359.fits
6306/spec-6306-56535-0360.fits
6306/spec-6306-56535-0361.fits
6306/spec-6306-56535-0362.fits
6306/spec-6306-56535-0363.fits
6306/spec-6306-56535-0364.fits
6306/spec-6306-56535-0365.fits
6306/spec-6306-56535-0366.fits
6306/spec-6306-56535-0367.fits
6306/spec-6306-56535-0368.fits
6306/spec-6306-56535-0369.fits
6306/spec-6306-56535-0370.fits
6306/spec-6306-56535-0371.fits
6306/spec-6306-56535-0372.fits
6306/spec-6306-56535-0373.fits
6306/spec-6306-56535-0374.fits
6306/spec-6306-56535-0375.fits
6306/spec-6306-56535-0376.fits
6306/spec-6306-56535-0377.fits
6306/spec-6306-56535-0378.fits
6306/spec-6306-56535-0379.fits
6306/spec-6306-56535-0380.fits
6306/spec-6306-56535-0381.fits
6306/spec-6306-56535-0382.fits
6306/spec-6306-56535-0383.fits
6306/spec-6306-56535-0384.fits
6306/spec-6306-56535-0385.fits
6306/spec-6306-56535-0386.fits
6306/spec-6306-56535-0387.fits
6306/spec-6306-56535-0388.fits
6306/spec-6306-56535-0389.fits
6306/spec-6306-56535-0390.fits
6306/spec-6306-56535-0391.fits
6306/spec-6306-56535-0392.fits
6306/spec-6306-56535-0393.fits
6306/spec-6306-56535-0394.fits
6306/spec-6306-56535-0395.fits
6306/spec-6306-56535-0396.fits
6306/spec-6306-56535-0397.fits
6306/spec-6306-56535-0398.fits
6306/spec-6306-56535-0399.fits
6306/spec-6306-56535-0400.fits
6306/spec-6306-56535-0401.fits
6306/spec-6306-56535-0402.fits
6306/spec-6306-56535-0403.fits
6306/spec-6306-56535-0404.fits
6306/spec-6306-56535-0405.fits
6306/spec-6306-56535-0406.fits
6306/spec-6306-56535-0407.fits
6306/spec-6306-56535-0408.fits
6306/spec-6306-56535-0409.fits
6306/spec-6306-56535-0410.fits
6306/spec-6306-56535-0411.fits
6306/spec-6306-56535-0412.fits
6306/spec-6306-56535-0413.fits
6306/spec-6306-56535-0414.fits
6306/spec-6306-56535-0415.fits
6306/spec-6306-56535-0416.fits
6306/spec-6306-56535-0417.fits
6306/spec-6306-56535-0418.fits
6306/spec-6306-56535-0419.fits
6306/spec-6306-56535-0420.fits
6306/spec-6306-56535-0421.fits
6306/spec-6306-56535-0422.fits
6306/spec-6306-56535-0423.fits
6306/spec-6306-56535-0424.fits
6306/spec-6306-56535-0425.fits
6306/spec-6306-56535-0426.fits
6306/spec-6306-56535-0427.fits
6306/spec-6306-56535-0428.fits
6306/spec-6306-56535-0429.fits
6306/spec-6306-56535-0430.fits
6306/spec-6306-56535-0431.fits
6306/spec-6306-56535-0432.fits
6306/spec-6306-56535-0433.fits
6306/spec-6306-56535-0434.fits
6306/spec-6306-56535-0435.fits
6306/spec-6306-56535-0436.fits
6306/spec-6306-56535-0437.fits
6306/spec-6306-56535-0438.fits
6306/spec-6306-56535-0439.fits
6306/spec-6306-56535-0440.fits
6306/spec-6306-56535-0441.fits
6306/spec-6306-56535-0442.fits
6306/spec-6306-56535-0443.fits
6306/spec-6306-56535-0444.fits
6306/spec-6306-56535-0445.fits
6306/spec-6306-56535-0446.fits
6306/spec-6306-56535-0447.fits
6306/spec-6306-56535-0448.fits
6306/spec-6306-56535-0449.fits
6306/spec-6306-56535-0450.fits
6306/spec-6306-56535-0451.fits
6306/spec-6306-56535-0452.fits
6306/spec-6306-56535-0453.fits
6306/spec-6306-56535-0454.fits
6306/spec-6306-56535-0455.fits
6306/spec-6306-56535-0456.fits
6306/spec-6306-56535-0457.fits
6306/spec-6306-56535-0458.fits
6306/spec-6306-56535-0459.fits
6306/spec-6306-56535-0460.fits
6306/spec-6306-56535-0461.fits
6306/spec-6306-56535-0462.fits
6306/spec-6306-56535-0463.fits
6306/spec-6306-56535-0464.fits
6306/spec-6306-56535-0465.fits
6306/spec-6306-56535-0466.fits
6306/spec-6306-56535-0467.fits
6306/spec-6306-56535-0468.fits
6306/spec-6306-56535-0469.fits
6306/spec-6306-56535-0470.fits
6306/spec-6306-56535-0471.fits
6306/spec-6306-56535-0472.fits
6306/spec-6306-56535-0473.fits
6306/spec-6306-56535-0474.fits
6306/spec-6306-56535-0475.fits
6306/spec-6306-56535-0476.fits
6306/spec-6306-56535-0477.fits
6306/spec-6306-56535-0478.fits
6306/spec-6306-56535-0479.fits
6306/spec-6306-56535-0480.fits
6306/spec-6306-56535-0481.fits
6306/spec-6306-56535-0482.fits
6306/spec-6306-56535-0483.fits
6306/spec-6306-56535-0484.fits
6306/spec-6306-56535-0485.fits
6306/spec-6306-56535-0486.fits
6306/spec-6306-56535-0487.fits
6306/spec-6306-56535-0488.fits
6306/spec-6306-56535-0489.fits
6306/spec-6306-56535-0490.fits
6306/spec-6306-56535-0491.fits
6306/spec-6306-56535-0492.fits
6306/spec-6306-56535-0493.fits
6306/spec-6306-56535-0494.fits
6306/spec-6306-56535-0495.fits
6306/spec-6306-56535-0496.fits
6306/spec-6306-56535-0497.fits
6306/spec-6306-56535-0498.fits
6306/spec-6306-56535-0499.fits
6306/spec-6306-56535-0500.fits
6306/spec-6306-56535-0501.fits
6306/spec-6306-56535-0502.fits
6306/spec-6306-56535-0503.fits
6306/spec-6306-56535-0504.fits
6306/spec-6306-56535-0505.fits
6306/spec-6306-56535-0506.fits
6306/spec-6306-56535-0507.fits
6306/spec-6306-56535-0508.fits
6306/spec-6306-56535-0509.fits
6306/spec-6306-56535-0510.fits
6306/spec-6306-56535-0511.fits
6306/spec-6306-56535-0512.fits
6306/spec-6306-56535-0513.fits
6306/spec-6306-56535-0514.fits
6306/spec-6306-56535-0515.fits
6306/spec-6306-56535-0516.fits
6306/spec-6306-56535-0517.fits
6306/spec-6306-56535-0518.fits
6306/spec-6306-56535-0519.fits
6306/spec-6306-56535-0520.fits
6306/spec-6306-56535-0521.fits
6306/spec-6306-56535-0522.fits
6306/spec-6306-56535-0523.fits
6306/spec-6306-56535-0524.fits
6306/spec-6306-56535-0525.fits
6306/spec-6306-56535-0526.fits
6306/spec-6306-56535-0527.fits
6306/spec-6306-56535-0528.fits
6306/spec-6306-56535-0529.fits
6306/spec-6306-56535-0530.fits
6306/spec-6306-56535-0531.fits
6306/spec-6306-56535-0532.fits
6306/spec-6306-56535-0533.fits
6306/spec-6306-56535-0534.fits
6306/spec-6306-56535-0535.fits
6306/spec-6306-56535-0536.fits
6306/spec-6306-56535-0537.fits
6306/spec-6306-56535-0538.fits
6306/spec-6306-56535-0539.fits
6306/spec-6306-56535-0540.fits
6306/spec-6306-56535-0541.fits
6306/spec-6306-56535-0542.fits
6306/spec-6306-56535-0543.fits
6306/spec-6306-56535-0544.fits
6306/spec-6306-56535-0545.fits
6306/spec-6306-56535-0546.fits
6306/spec-6306-56535-0547.fits
6306/spec-6306-56535-0548.fits
6306/spec-6306-56535-0549.fits
6306/spec-6306-56535-0550.fits
6306/spec-6306-56535-0551.fits
6306/spec-6306-56535-0552.fits
6306/spec-6306-56535-0553.fits
6306/spec-6306-56535-0554.fits
6306/spec-6306-56535-0555.fits
6306/spec-6306-56535-0556.fits
6306/spec-6306-56535-0557.fits
6306/spec-6306-56535-0558.fits
6306/spec-6306-56535-0559.fits
6306/spec-6306-56535-0560.fits
6306/spec-6306-56535-0561.fits
6306/spec-6306-56535-0562.fits
6306/spec-6306-56535-0563.fits
6306/spec-6306-56535-0564.fits
6306/spec-6306-56535-0565.fits
6306/spec-6306-56535-0566.fits
6306/spec-6306-56535-0567.fits
6306/spec-6306-56535-0568.fits
6306/spec-6306-56535-0569.fits
6306/spec-6306-56535-0570.fits
6306/spec-6306-56535-0571.fits
6306/spec-6306-56535-0572.fits
6306/spec-6306-56535-0573.fits
6306/spec-6306-56535-0574.fits
6306/spec-6306-56535-0575.fits
6306/spec-6306-56535-0576.fits
6306/spec-6306-56535-0577.fits
6306/spec-6306-56535-0578.fits
6306/spec-6306-56535-0579.fits
6306/spec-6306-56535-0580.fits
6306/spec-6306-56535-0581.fits
6306/spec-6306-56535-0582.fits
6306/spec-6306-56535-0583.fits
6306/spec-6306-56535-0584.fits
6306/spec-6306-56535-0585.fits
6306/spec-6306-56535-0586.fits
6306/spec-6306-56535-0587.fits
6306/spec-6306-56535-0588.fits
6306/spec-6306-56535-0589.fits
6306/spec-6306-56535-0590.fits
6306/spec-6306-56535-0591.fits
6306/spec-6306-56535-0592.fits
6306/spec-6306-56535-0593.fits
6306/spec-6306-56535-0594.fits
6306/spec-6306-56535-0595.fits
6306/spec-6306-56535-0596.fits
6306/spec-6306-56535-0597.fits
6306/spec-6306-56535-0598.fits
6306/spec-6306-56535-0599.fits
6306/spec-6306-56535-0600.fits
6306/spec-6306-56535-0601.fits
6306/spec-6306-56535-0602.fits
6306/spec-6306-56535-0603.fits
6306/spec-6306-56535-0604.fits
6306/spec-6306-56535-0605.fits
6306/spec-6306-56535-0606.fits
6306/spec-6306-56535-0607.fits
6306/spec-6306-56535-0608.fits
6306/spec-6306-56535-0609.fits
6306/spec-6306-56535-0610.fits
6306/spec-6306-56535-0611.fits
6306/spec-6306-56535-0612.fits
6306/spec-6306-56535-0613.fits
6306/spec-6306-56535-0614.fits
6306/spec-6306-56535-0615.fits
6306/spec-6306-56535-0616.fits
6306/spec-6306-56535-0617.fits
6306/spec-6306-56535-0618.fits
6306/spec-6306-56535-0619.fits
6306/spec-6306-56535-0620.fits
6306/spec-6306-56535-0621.fits
6306/spec-6306-56535-0622.fits
6306/spec-6306-56535-0623.fits
6306/spec-6306-56535-0624.fits
6306/spec-6306-56535-0625.fits
6306/spec-6306-56535-0626.fits
6306/spec-6306-56535-0627.fits
6306/spec-6306-56535-0628.fits
6306/spec-6306-56535-0629.fits
6306/spec-6306-56535-0630.fits
6306/spec-6306-56535-0631.fits
6306/spec-6306-56535-0632.fits
6306/spec-6306-56535-0633.fits
6306/spec-6306-56535-0634.fits
6306/spec-6306-56535-0635.fits
6306/spec-6306-56535-0636.fits
6306/spec-6306-56535-0637.fits
6306/spec-6306-56535-0638.fits
6306/spec-6306-56535-0639.fits
6306/spec-6306-56535-0640.fits
6306/spec-6306-56535-0641.fits
6306/spec-6306-56535-0642.fits
6306/spec-6306-56535-0643.fits
6306/spec-6306-56535-0644.fits
6306/spec-6306-56535-0645.fits
6306/spec-6306-56535-0646.fits
6306/spec-6306-56535-0647.fits
6306/spec-6306-56535-0648.fits
6306/spec-6306-56535-0649.fits
6306/spec-6306-56535-0650.fits
6306/spec-6306-56535-0651.fits
6306/spec-6306-56535-0652.fits
6306/spec-6306-56535-0653.fits
6306/spec-6306-56535-0654.fits
6306/spec-6306-56535-0655.fits
6306/spec-6306-56535-0656.fits
6306/spec-6306-56535-0657.fits
6306/spec-6306-56535-0658.fits
6306/spec-6306-56535-0659.fits
6306/spec-6306-56535-0660.fits
6306/spec-6306-56535-0661.fits
6306/spec-6306-56535-0662.fits
6306/spec-6306-56535-0663.fits
6306/spec-6306-56535-0664.fits
6306/spec-6306-56535-0665.fits
6306/spec-6306-56535-0666.fits
6306/spec-6306-56535-0667.fits
6306/spec-6306-56535-0668.fits
6306/spec-6306-56535-0669.fits
6306/spec-6306-56535-0670.fits
6306/spec-6306-56535-0671.fits
6306/spec-6306-56535-0672.fits
6306/spec-6306-56535-0673.fits
6306/spec-6306-56535-0674.fits
6306/spec-6306-56535-0675.fits
6306/spec-6306-56535-0676.fits
6306/spec-6306-56535-0677.fits
6306/spec-6306-56535-0678.fits
6306/spec-6306-56535-0679.fits
6306/spec-6306-56535-0680.fits
6306/spec-6306-56535-0681.fits
6306/spec-6306-56535-0682.fits
6306/spec-6306-56535-0683.fits
6306/spec-6306-56535-0684.fits
6306/spec-6306-56535-0685.fits
6306/spec-6306-56535-0686.fits
6306/spec-6306-56535-0687.fits
6306/spec-6306-56535-0688.fits
6306/spec-6306-56535-0689.fits
6306/spec-6306-56535-0690.fits
6306/spec-6306-56535-0691.fits
6306/spec-6306-56535-0692.fits
6306/spec-6306-56535-0693.fits
6306/spec-6306-56535-0694.fits
6306/spec-6306-56535-0695.fits
6306/spec-6306-56535-0696.fits
6306/spec-6306-56535-0697.fits
6306/spec-6306-56535-0698.fits
6306/spec-6306-56535-0699.fits
6306/spec-6306-56535-0700.fits
6306/spec-6306-56535-0701.fits
6306/spec-6306-56535-0702.fits
6306/spec-6306-56535-0703.fits
6306/spec-6306-56535-0704.fits
6306/spec-6306-56535-0705.fits
6306/spec-6306-56535-0706.fits
6306/spec-6306-56535-0707.fits
6306/spec-6306-56535-0708.fits
6306/spec-6306-56535-0709.fits
6306/spec-6306-56535-0710.fits
6306/spec-6306-56535-0711.fits
6306/spec-6306-56535-0712.fits
6306/spec-6306-56535-0713.fits
6306/spec-6306-56535-0714.fits
6306/spec-6306-56535-0715.fits
6306/spec-6306-56535-0716.fits
6306/spec-6306-56535-0717.fits
6306/spec-6306-56535-0718.fits
6306/spec-6306-56535-0719.fits
6306/spec-6306-56535-0720.fits
6306/spec-6306-56535-0721.fits
6306/spec-6306-56535-0722.fits
6306/spec-6306-56535-0723.fits
6306/spec-6306-56535-0724.fits
6306/spec-6306-56535-0725.fits
6306/spec-6306-56535-0726.fits
6306/spec-6306-56535-0727.fits
6306/spec-6306-56535-0728.fits
6306/spec-6306-56535-0729.fits
6306/spec-6306-56535-0730.fits
6306/spec-6306-56535-0731.fits
6306/spec-6306-56535-0732.fits
6306/spec-6306-56535-0733.fits
6306/spec-6306-56535-0734.fits
6306/spec-6306-56535-0735.fits
6306/spec-6306-56535-0736.fits
6306/spec-6306-56535-0737.fits
6306/spec-6306-56535-0738.fits
6306/spec-6306-56535-0739.fits
6306/spec-6306-56535-0740.fits
6306/spec-6306-56535-0741.fits
6306/spec-6306-56535-0742.fits
6306/spec-6306-56535-0743.fits
6306/spec-6306-56535-0744.fits
6306/spec-6306-56535-0745.fits
6306/spec-6306-56535-0746.fits
6306/spec-6306-56535-0747.fits
6306/spec-6306-56535-0748.fits
6306/spec-6306-56535-0749.fits
6306/spec-6306-56535-0750.fits
6306/spec-6306-56535-0751.fits
6306/spec-6306-56535-0752.fits
6306/spec-6306-56535-0753.fits
6306/spec-6306-56535-0754.fits
6306/spec-6306-56535-0755.fits
6306/spec-6306-56535-0756.fits
6306/spec-6306-56535-0757.fits
6306/spec-6306-56535-0758.fits
6306/spec-6306-56535-0759.fits
6306/spec-6306-56535-0760.fits
6306/spec-6306-56535-0761.fits
6306/spec-6306-56535-0762.fits
6306/spec-6306-56535-0763.fits
6306/spec-6306-56535-0764.fits
6306/spec-6306-56535-0765.fits
6306/spec-6306-56535-0766.fits
6306/spec-6306-56535-0767.fits
6306/spec-6306-56535-0768.fits
6306/spec-6306-56535-0769.fits
6306/spec-6306-56535-0770.fits
6306/spec-6306-56535-0771.fits
6306/spec-6306-56535-0772.fits
6306/spec-6306-56535-0773.fits
6306/spec-6306-56535-0774.fits
6306/spec-6306-56535-0775.fits
6306/spec-6306-56535-0776.fits
6306/spec-6306-56535-0777.fits
6306/spec-6306-56535-0778.fits
6306/spec-6306-56535-0779.fits
6306/spec-6306-56535-0780.fits
6306/spec-6306-56535-0781.fits
6306/spec-6306-56535-0782.fits
6306/spec-6306-56535-0783.fits
6306/spec-6306-56535-0784.fits
6306/spec-6306-56535-0785.fits
6306/spec-6306-56535-0786.fits
6306/spec-6306-56535-0787.fits
6306/spec-6306-56535-0788.fits
6306/spec-6306-56535-0789.fits
6306/spec-6306-56535-0790.fits
6306/spec-6306-56535-0791.fits
6306/spec-6306-56535-0792.fits
6306/spec-6306-56535-0793.fits
6306/spec-6306-56535-0794.fits
6306/spec-6306-56535-0795.fits
6306/spec-6306-56535-0796.fits
6306/spec-6306-56535-0797.fits
6306/spec-6306-56535-0798.fits
6306/spec-6306-56535-0799.fits
6306/spec-6306-56535-0800.fits
6306/spec-6306-56535-0801.fits
6306/spec-6306-56535-0802.fits
6306/spec-6306-56535-0803.fits
6306/spec-6306-56535-0804.fits
6306/spec-6306-56535-0805.fits
6306/spec-6306-56535-0806.fits
6306/spec-6306-56535-0807.fits
6306/spec-6306-56535-0808.fits
6306/spec-6306-56535-0809.fits
6306/spec-6306-56535-0810.fits
6306/spec-6306-56535-0811.fits
6306/spec-6306-56535-0812.fits
6306/spec-6306-56535-0813.fits
6306/spec-6306-56535-0814.fits
6306/spec-6306-56535-0815.fits
6306/spec-6306-56535-0816.fits
6306/spec-6306-56535-0817.fits
6306/spec-6306-56535-0818.fits
6306/spec-6306-56535-0819.fits
6306/spec-6306-56535-0820.fits
6306/spec-6306-56535-0821.fits
6306/spec-6306-56535-0822.fits
6306/spec-6306-56535-0823.fits
6306/spec-6306-56535-0824.fits
6306/spec-6306-56535-0825.fits
6306/spec-6306-56535-0826.fits
6306/spec-6306-56535-0827.fits
6306/spec-6306-56535-0828.fits
6306/spec-6306-56535-0829.fits
6306/spec-6306-56535-0830.fits
6306/spec-6306-56535-0831.fits
6306/spec-6306-56535-0832.fits
6306/spec-6306-56535-0833.fits
6306/spec-6306-56535-0834.fits
6306/spec-6306-56535-0835.fits
6306/spec-6306-56535-0836.fits
6306/spec-6306-56535-0837.fits
6306/spec-6306-56535-0838.fits
6306/spec-6306-56535-0839.fits
6306/spec-6306-56535-0840.fits
6306/spec-6306-56535-0841.fits
6306/spec-6306-56535-0842.fits
6306/spec-6306-56535-0843.fits
6306/spec-6306-56535-0844.fits
6306/spec-6306-56535-0845.fits
6306/spec-6306-56535-0846.fits
6306/spec-6306-56535-0847.fits
6306/spec-6306-56535-0848.fits
6306/spec-6306-56535-0849.fits
6306/spec-6306-56535-0850.fits
6306/spec-6306-56535-0851.fits
6306/spec-6306-56535-0852.fits
6306/spec-6306-56535-0853.fits
6306/spec-6306-56535-0854.fits
6306/spec-6306-56535-0855.fits
6306/spec-6306-56535-0856.fits
6306/spec-6306-56535-0857.fits
6306/spec-6306-56535-0858.fits
6306/spec-6306-56535-0859.fits
6306/spec-6306-56535-0860.fits
6306/spec-6306-56535-0861.fits
6306/spec-6306-56535-0862.fits
6306/spec-6306-56535-0863.fits
6306/spec-6306-56535-0864.fits
6306/spec-6306-56535-0865.fits
6306/spec-6306-56535-0866.fits
6306/spec-6306-56535-0867.fits
6306/spec-6306-56535-0868.fits
6306/spec-6306-56535-0869.fits
6306/spec-6306-56535-0870.fits
6306/spec-6306-56535-0871.fits
6306/spec-6306-56535-0872.fits
6306/spec-6306-56535-0873.fits
6306/spec-6306-56535-0874.fits
6306/spec-6306-56535-0875.fits
6306/spec-6306-56535-0876.fits
6306/spec-6306-56535-0877.fits
6306/spec-6306-56535-0878.fits
6306/spec-6306-56535-0879.fits
6306/spec-6306-56535-0880.fits
6306/spec-6306-56535-0881.fits
6306/spec-6306-56535-0882.fits
6306/spec-6306-56535-0883.fits
6306/spec-6306-56535-0884.fits
6306/spec-6306-56535-0885.fits
6306/spec-6306-56535-0886.fits
6306/spec-6306-56535-0887.fits
6306/spec-6306-56535-0888.fits
6306/spec-6306-56535-0889.fits
6306/spec-6306-56535-0890.fits
6306/spec-6306-56535-0891.fits
6306/spec-6306-56535-0892.fits
6306/spec-6306-56535-0893.fits
6306/spec-6306-56535-0894.fits
6306/spec-6306-56535-0895.fits
6306/spec-6306-56535-0896.fits
6306/spec-6306-56535-0897.fits
6306/spec-6306-56535-0898.fits
6306/spec-6306-56535-0899.fits
6306/spec-6306-56535-0900.fits
6306/spec-6306-56535-0901.fits
6306/spec-6306-56535-0902.fits
6306/spec-6306-56535-0903.fits
6306/spec-6306-56535-0904.fits
6306/spec-6306-56535-0905.fits
6306/spec-6306-56535-0906.fits
6306/spec-6306-56535-0907.fits
6306/spec-6306-56535-0908.fits
6306/spec-6306-56535-0909.fits
6306/spec-6306-56535-0910.fits
6306/spec-6306-56535-0911.fits
6306/spec-6306-56535-0912.fits
6306/spec-6306-56535-0913.fits
6306/spec-6306-56535-0914.fits
6306/spec-6306-56535-0915.fits
6306/spec-6306-56535-0916.fits
6306/spec-6306-56535-0917.fits
6306/spec-6306-56535-0918.fits
6306/spec-6306-56535-0919.fits
6306/spec-6306-56535-0920.fits
6306/spec-6306-56535-0921.fits
6306/spec-6306-56535-0922.fits
6306/spec-6306-56535-0923.fits
6306/spec-6306-56535-0924.fits
6306/spec-6306-56535-0925.fits
6306/spec-6306-56535-0926.fits
6306/spec-6306-56535-0927.fits
6306/spec-6306-56535-0928.fits
6306/spec-6306-56535-0929.fits
6306/spec-6306-56535-0930.fits
6306/spec-6306-56535-0931.fits
6306/spec-6306-56535-0932.fits
6306/spec-6306-56535-0933.fits
6306/spec-6306-56535-0934.fits
6306/spec-6306-56535-0935.fits
6306/spec-6306-56535-0936.fits
6306/spec-6306-56535-0937.fits
6306/spec-6306-56535-0938.fits
6306/spec-6306-56535-0939.fits
6306/spec-6306-56535-0940.fits
6306/spec-6306-56535-0941.fits
6306/spec-6306-56535-0942.fits
6306/spec-6306-56535-0943.fits
6306/spec-6306-56535-0944.fits
6306/spec-6306-56535-0945.fits
6306/spec-6306-56535-0946.fits
6306/spec-6306-56535-0947.fits
6306/spec-6306-56535-0948.fits
6306/spec-6306-56535-0949.fits
6306/spec-6306-56535-0950.fits
6306/spec-6306-56535-0951.fits
6306/spec-6306-56535-0952.fits
6306/spec-6306-56535-0953.fits
6306/spec-6306-56535-0954.fits
6306/spec-6306-56535-0955.fits
6306/spec-6306-56535-0956.fits
6306/spec-6306-56535-0957.fits
6306/spec-6306-56535-0958.fits
6306/spec-6306-56535-0959.fits
6306/spec-6306-56535-0960.fits
6306/spec-6306-56535-0961.fits
6306/spec-6306-56535-0962.fits
6306/spec-6306-56535-0963.fits
6306/spec-6306-56535-0964.fits
6306/spec-6306-56535-0965.fits
6306/spec-6306-56535-0966.fits
6306/spec-6306-56535-0967.fits
6306/spec-6306-56535-0968.fits
6306/spec-6306-56535-0969.fits
6306/spec-6306-56535-0970.fits
6306/spec-6306-56535-0971.fits
6306/spec-6306-56535-0972.fits
6306/spec-6306-56535-0973.fits
6306/spec-6306-56535-0974.fits
6306/spec-6306-56535-0975.fits
6306/spec-6306-56535-0976.fits
6306/spec-6306-56535-0977.fits
6306/spec-6306-56535-0978.fits
6306/spec-6306-56535-0979.fits
6306/spec-6306-56535-0980.fits
6306/spec-6306-56535-0981.fits
6306/spec-6306-56535-0982.fits
6306/spec-6306-56535-0983.fits
6306/spec-6306-56535-0984.fits
6306/spec-6306-56535-0985.fits
6306/spec-6306-56535-0986.fits
6306/spec-6306-56535-0987.fits
6306/spec-6306-56535-0988.fits
6306/spec-6306-56535-0989.fits
6306/spec-6306-56535-0990.fits
6306/spec-6306-56535-0991.fits
6306/spec-6306-56535-0992.fits
6306/spec-6306-56535-0993.fits
6306/spec-6306-56535-0994.fits
6306/spec-6306-56535-0995.fits
6306/spec-6306-56535-0996.fits
6306/spec-6306-56535-0997.fits
6306/spec-6306-56535-0998.fits
6306/spec-6306-56535-0999.fits
6306/spec-6306-56535-1000.fits
/var/lib/condor/execute/slot1/dir_3358
6306 6306.tgz R R361.tar.gz _condor_stderr _condor_stdout cB58_Lyman_break.fit condor_exec.exe hw4.R packages packages.tar.gz tmp var
[1] "Loaded package astro."
[1] 1000
6306 6306.csv 6306.tgz R R361.tar.gz _condor_stderr _condor_stdout cB58_Lyman_break.fit condor_exec.exe hw4.R packages packages.tar.gz tmp var
