6309
6309/
6309/spec-6309-56485-0001.fits
6309/spec-6309-56485-0002.fits
6309/spec-6309-56485-0003.fits
6309/spec-6309-56485-0004.fits
6309/spec-6309-56485-0005.fits
6309/spec-6309-56485-0006.fits
6309/spec-6309-56485-0007.fits
6309/spec-6309-56485-0008.fits
6309/spec-6309-56485-0009.fits
6309/spec-6309-56485-0010.fits
6309/spec-6309-56485-0011.fits
6309/spec-6309-56485-0012.fits
6309/spec-6309-56485-0013.fits
6309/spec-6309-56485-0014.fits
6309/spec-6309-56485-0015.fits
6309/spec-6309-56485-0016.fits
6309/spec-6309-56485-0017.fits
6309/spec-6309-56485-0018.fits
6309/spec-6309-56485-0019.fits
6309/spec-6309-56485-0020.fits
6309/spec-6309-56485-0021.fits
6309/spec-6309-56485-0022.fits
6309/spec-6309-56485-0023.fits
6309/spec-6309-56485-0024.fits
6309/spec-6309-56485-0025.fits
6309/spec-6309-56485-0026.fits
6309/spec-6309-56485-0027.fits
6309/spec-6309-56485-0028.fits
6309/spec-6309-56485-0029.fits
6309/spec-6309-56485-0030.fits
6309/spec-6309-56485-0031.fits
6309/spec-6309-56485-0032.fits
6309/spec-6309-56485-0033.fits
6309/spec-6309-56485-0034.fits
6309/spec-6309-56485-0035.fits
6309/spec-6309-56485-0036.fits
6309/spec-6309-56485-0037.fits
6309/spec-6309-56485-0038.fits
6309/spec-6309-56485-0039.fits
6309/spec-6309-56485-0040.fits
6309/spec-6309-56485-0041.fits
6309/spec-6309-56485-0042.fits
6309/spec-6309-56485-0043.fits
6309/spec-6309-56485-0044.fits
6309/spec-6309-56485-0045.fits
6309/spec-6309-56485-0046.fits
6309/spec-6309-56485-0047.fits
6309/spec-6309-56485-0048.fits
6309/spec-6309-56485-0049.fits
6309/spec-6309-56485-0050.fits
6309/spec-6309-56485-0051.fits
6309/spec-6309-56485-0052.fits
6309/spec-6309-56485-0053.fits
6309/spec-6309-56485-0054.fits
6309/spec-6309-56485-0055.fits
6309/spec-6309-56485-0056.fits
6309/spec-6309-56485-0057.fits
6309/spec-6309-56485-0058.fits
6309/spec-6309-56485-0059.fits
6309/spec-6309-56485-0060.fits
6309/spec-6309-56485-0061.fits
6309/spec-6309-56485-0062.fits
6309/spec-6309-56485-0063.fits
6309/spec-6309-56485-0064.fits
6309/spec-6309-56485-0065.fits
6309/spec-6309-56485-0066.fits
6309/spec-6309-56485-0067.fits
6309/spec-6309-56485-0068.fits
6309/spec-6309-56485-0069.fits
6309/spec-6309-56485-0070.fits
6309/spec-6309-56485-0071.fits
6309/spec-6309-56485-0072.fits
6309/spec-6309-56485-0073.fits
6309/spec-6309-56485-0074.fits
6309/spec-6309-56485-0075.fits
6309/spec-6309-56485-0076.fits
6309/spec-6309-56485-0077.fits
6309/spec-6309-56485-0078.fits
6309/spec-6309-56485-0079.fits
6309/spec-6309-56485-0080.fits
6309/spec-6309-56485-0081.fits
6309/spec-6309-56485-0082.fits
6309/spec-6309-56485-0083.fits
6309/spec-6309-56485-0084.fits
6309/spec-6309-56485-0085.fits
6309/spec-6309-56485-0086.fits
6309/spec-6309-56485-0087.fits
6309/spec-6309-56485-0088.fits
6309/spec-6309-56485-0089.fits
6309/spec-6309-56485-0090.fits
6309/spec-6309-56485-0091.fits
6309/spec-6309-56485-0092.fits
6309/spec-6309-56485-0093.fits
6309/spec-6309-56485-0094.fits
6309/spec-6309-56485-0095.fits
6309/spec-6309-56485-0096.fits
6309/spec-6309-56485-0097.fits
6309/spec-6309-56485-0098.fits
6309/spec-6309-56485-0099.fits
6309/spec-6309-56485-0100.fits
6309/spec-6309-56485-0101.fits
6309/spec-6309-56485-0102.fits
6309/spec-6309-56485-0103.fits
6309/spec-6309-56485-0104.fits
6309/spec-6309-56485-0105.fits
6309/spec-6309-56485-0106.fits
6309/spec-6309-56485-0107.fits
6309/spec-6309-56485-0108.fits
6309/spec-6309-56485-0109.fits
6309/spec-6309-56485-0110.fits
6309/spec-6309-56485-0111.fits
6309/spec-6309-56485-0112.fits
6309/spec-6309-56485-0113.fits
6309/spec-6309-56485-0114.fits
6309/spec-6309-56485-0115.fits
6309/spec-6309-56485-0116.fits
6309/spec-6309-56485-0117.fits
6309/spec-6309-56485-0118.fits
6309/spec-6309-56485-0119.fits
6309/spec-6309-56485-0120.fits
6309/spec-6309-56485-0121.fits
6309/spec-6309-56485-0122.fits
6309/spec-6309-56485-0123.fits
6309/spec-6309-56485-0124.fits
6309/spec-6309-56485-0125.fits
6309/spec-6309-56485-0126.fits
6309/spec-6309-56485-0127.fits
6309/spec-6309-56485-0128.fits
6309/spec-6309-56485-0129.fits
6309/spec-6309-56485-0130.fits
6309/spec-6309-56485-0131.fits
6309/spec-6309-56485-0132.fits
6309/spec-6309-56485-0133.fits
6309/spec-6309-56485-0134.fits
6309/spec-6309-56485-0135.fits
6309/spec-6309-56485-0136.fits
6309/spec-6309-56485-0137.fits
6309/spec-6309-56485-0138.fits
6309/spec-6309-56485-0139.fits
6309/spec-6309-56485-0140.fits
6309/spec-6309-56485-0141.fits
6309/spec-6309-56485-0142.fits
6309/spec-6309-56485-0143.fits
6309/spec-6309-56485-0144.fits
6309/spec-6309-56485-0145.fits
6309/spec-6309-56485-0146.fits
6309/spec-6309-56485-0147.fits
6309/spec-6309-56485-0148.fits
6309/spec-6309-56485-0149.fits
6309/spec-6309-56485-0150.fits
6309/spec-6309-56485-0151.fits
6309/spec-6309-56485-0152.fits
6309/spec-6309-56485-0153.fits
6309/spec-6309-56485-0154.fits
6309/spec-6309-56485-0155.fits
6309/spec-6309-56485-0156.fits
6309/spec-6309-56485-0157.fits
6309/spec-6309-56485-0158.fits
6309/spec-6309-56485-0159.fits
6309/spec-6309-56485-0160.fits
6309/spec-6309-56485-0161.fits
6309/spec-6309-56485-0162.fits
6309/spec-6309-56485-0163.fits
6309/spec-6309-56485-0164.fits
6309/spec-6309-56485-0165.fits
6309/spec-6309-56485-0166.fits
6309/spec-6309-56485-0167.fits
6309/spec-6309-56485-0168.fits
6309/spec-6309-56485-0169.fits
6309/spec-6309-56485-0170.fits
6309/spec-6309-56485-0171.fits
6309/spec-6309-56485-0172.fits
6309/spec-6309-56485-0173.fits
6309/spec-6309-56485-0174.fits
6309/spec-6309-56485-0175.fits
6309/spec-6309-56485-0176.fits
6309/spec-6309-56485-0177.fits
6309/spec-6309-56485-0178.fits
6309/spec-6309-56485-0179.fits
6309/spec-6309-56485-0180.fits
6309/spec-6309-56485-0181.fits
6309/spec-6309-56485-0182.fits
6309/spec-6309-56485-0183.fits
6309/spec-6309-56485-0184.fits
6309/spec-6309-56485-0185.fits
6309/spec-6309-56485-0186.fits
6309/spec-6309-56485-0187.fits
6309/spec-6309-56485-0188.fits
6309/spec-6309-56485-0189.fits
6309/spec-6309-56485-0190.fits
6309/spec-6309-56485-0191.fits
6309/spec-6309-56485-0192.fits
6309/spec-6309-56485-0193.fits
6309/spec-6309-56485-0194.fits
6309/spec-6309-56485-0195.fits
6309/spec-6309-56485-0196.fits
6309/spec-6309-56485-0197.fits
6309/spec-6309-56485-0198.fits
6309/spec-6309-56485-0199.fits
6309/spec-6309-56485-0200.fits
6309/spec-6309-56485-0201.fits
6309/spec-6309-56485-0202.fits
6309/spec-6309-56485-0203.fits
6309/spec-6309-56485-0204.fits
6309/spec-6309-56485-0205.fits
6309/spec-6309-56485-0206.fits
6309/spec-6309-56485-0207.fits
6309/spec-6309-56485-0208.fits
6309/spec-6309-56485-0209.fits
6309/spec-6309-56485-0210.fits
6309/spec-6309-56485-0211.fits
6309/spec-6309-56485-0212.fits
6309/spec-6309-56485-0213.fits
6309/spec-6309-56485-0214.fits
6309/spec-6309-56485-0215.fits
6309/spec-6309-56485-0216.fits
6309/spec-6309-56485-0217.fits
6309/spec-6309-56485-0218.fits
6309/spec-6309-56485-0219.fits
6309/spec-6309-56485-0220.fits
6309/spec-6309-56485-0221.fits
6309/spec-6309-56485-0222.fits
6309/spec-6309-56485-0223.fits
6309/spec-6309-56485-0224.fits
6309/spec-6309-56485-0225.fits
6309/spec-6309-56485-0226.fits
6309/spec-6309-56485-0227.fits
6309/spec-6309-56485-0228.fits
6309/spec-6309-56485-0229.fits
6309/spec-6309-56485-0230.fits
6309/spec-6309-56485-0231.fits
6309/spec-6309-56485-0232.fits
6309/spec-6309-56485-0233.fits
6309/spec-6309-56485-0234.fits
6309/spec-6309-56485-0235.fits
6309/spec-6309-56485-0236.fits
6309/spec-6309-56485-0237.fits
6309/spec-6309-56485-0238.fits
6309/spec-6309-56485-0239.fits
6309/spec-6309-56485-0240.fits
6309/spec-6309-56485-0241.fits
6309/spec-6309-56485-0242.fits
6309/spec-6309-56485-0243.fits
6309/spec-6309-56485-0244.fits
6309/spec-6309-56485-0245.fits
6309/spec-6309-56485-0246.fits
6309/spec-6309-56485-0247.fits
6309/spec-6309-56485-0248.fits
6309/spec-6309-56485-0249.fits
6309/spec-6309-56485-0250.fits
6309/spec-6309-56485-0251.fits
6309/spec-6309-56485-0252.fits
6309/spec-6309-56485-0253.fits
6309/spec-6309-56485-0254.fits
6309/spec-6309-56485-0255.fits
6309/spec-6309-56485-0256.fits
6309/spec-6309-56485-0257.fits
6309/spec-6309-56485-0258.fits
6309/spec-6309-56485-0259.fits
6309/spec-6309-56485-0260.fits
6309/spec-6309-56485-0261.fits
6309/spec-6309-56485-0262.fits
6309/spec-6309-56485-0263.fits
6309/spec-6309-56485-0264.fits
6309/spec-6309-56485-0265.fits
6309/spec-6309-56485-0266.fits
6309/spec-6309-56485-0267.fits
6309/spec-6309-56485-0268.fits
6309/spec-6309-56485-0269.fits
6309/spec-6309-56485-0270.fits
6309/spec-6309-56485-0271.fits
6309/spec-6309-56485-0272.fits
6309/spec-6309-56485-0273.fits
6309/spec-6309-56485-0274.fits
6309/spec-6309-56485-0275.fits
6309/spec-6309-56485-0276.fits
6309/spec-6309-56485-0277.fits
6309/spec-6309-56485-0278.fits
6309/spec-6309-56485-0279.fits
6309/spec-6309-56485-0280.fits
6309/spec-6309-56485-0281.fits
6309/spec-6309-56485-0282.fits
6309/spec-6309-56485-0283.fits
6309/spec-6309-56485-0284.fits
6309/spec-6309-56485-0285.fits
6309/spec-6309-56485-0286.fits
6309/spec-6309-56485-0287.fits
6309/spec-6309-56485-0288.fits
6309/spec-6309-56485-0289.fits
6309/spec-6309-56485-0290.fits
6309/spec-6309-56485-0291.fits
6309/spec-6309-56485-0292.fits
6309/spec-6309-56485-0293.fits
6309/spec-6309-56485-0294.fits
6309/spec-6309-56485-0295.fits
6309/spec-6309-56485-0296.fits
6309/spec-6309-56485-0297.fits
6309/spec-6309-56485-0298.fits
6309/spec-6309-56485-0299.fits
6309/spec-6309-56485-0300.fits
6309/spec-6309-56485-0301.fits
6309/spec-6309-56485-0302.fits
6309/spec-6309-56485-0303.fits
6309/spec-6309-56485-0304.fits
6309/spec-6309-56485-0305.fits
6309/spec-6309-56485-0306.fits
6309/spec-6309-56485-0307.fits
6309/spec-6309-56485-0308.fits
6309/spec-6309-56485-0309.fits
6309/spec-6309-56485-0310.fits
6309/spec-6309-56485-0311.fits
6309/spec-6309-56485-0312.fits
6309/spec-6309-56485-0313.fits
6309/spec-6309-56485-0314.fits
6309/spec-6309-56485-0315.fits
6309/spec-6309-56485-0316.fits
6309/spec-6309-56485-0317.fits
6309/spec-6309-56485-0318.fits
6309/spec-6309-56485-0319.fits
6309/spec-6309-56485-0320.fits
6309/spec-6309-56485-0321.fits
6309/spec-6309-56485-0322.fits
6309/spec-6309-56485-0323.fits
6309/spec-6309-56485-0324.fits
6309/spec-6309-56485-0325.fits
6309/spec-6309-56485-0326.fits
6309/spec-6309-56485-0327.fits
6309/spec-6309-56485-0328.fits
6309/spec-6309-56485-0329.fits
6309/spec-6309-56485-0330.fits
6309/spec-6309-56485-0331.fits
6309/spec-6309-56485-0332.fits
6309/spec-6309-56485-0333.fits
6309/spec-6309-56485-0334.fits
6309/spec-6309-56485-0335.fits
6309/spec-6309-56485-0336.fits
6309/spec-6309-56485-0337.fits
6309/spec-6309-56485-0338.fits
6309/spec-6309-56485-0339.fits
6309/spec-6309-56485-0340.fits
6309/spec-6309-56485-0341.fits
6309/spec-6309-56485-0342.fits
6309/spec-6309-56485-0343.fits
6309/spec-6309-56485-0344.fits
6309/spec-6309-56485-0345.fits
6309/spec-6309-56485-0346.fits
6309/spec-6309-56485-0347.fits
6309/spec-6309-56485-0348.fits
6309/spec-6309-56485-0349.fits
6309/spec-6309-56485-0350.fits
6309/spec-6309-56485-0351.fits
6309/spec-6309-56485-0352.fits
6309/spec-6309-56485-0353.fits
6309/spec-6309-56485-0354.fits
6309/spec-6309-56485-0355.fits
6309/spec-6309-56485-0356.fits
6309/spec-6309-56485-0357.fits
6309/spec-6309-56485-0358.fits
6309/spec-6309-56485-0359.fits
6309/spec-6309-56485-0360.fits
6309/spec-6309-56485-0361.fits
6309/spec-6309-56485-0362.fits
6309/spec-6309-56485-0363.fits
6309/spec-6309-56485-0364.fits
6309/spec-6309-56485-0365.fits
6309/spec-6309-56485-0366.fits
6309/spec-6309-56485-0367.fits
6309/spec-6309-56485-0368.fits
6309/spec-6309-56485-0369.fits
6309/spec-6309-56485-0370.fits
6309/spec-6309-56485-0371.fits
6309/spec-6309-56485-0372.fits
6309/spec-6309-56485-0373.fits
6309/spec-6309-56485-0374.fits
6309/spec-6309-56485-0375.fits
6309/spec-6309-56485-0376.fits
6309/spec-6309-56485-0377.fits
6309/spec-6309-56485-0378.fits
6309/spec-6309-56485-0379.fits
6309/spec-6309-56485-0380.fits
6309/spec-6309-56485-0381.fits
6309/spec-6309-56485-0382.fits
6309/spec-6309-56485-0383.fits
6309/spec-6309-56485-0384.fits
6309/spec-6309-56485-0385.fits
6309/spec-6309-56485-0386.fits
6309/spec-6309-56485-0387.fits
6309/spec-6309-56485-0388.fits
6309/spec-6309-56485-0389.fits
6309/spec-6309-56485-0390.fits
6309/spec-6309-56485-0391.fits
6309/spec-6309-56485-0392.fits
6309/spec-6309-56485-0393.fits
6309/spec-6309-56485-0394.fits
6309/spec-6309-56485-0395.fits
6309/spec-6309-56485-0396.fits
6309/spec-6309-56485-0397.fits
6309/spec-6309-56485-0398.fits
6309/spec-6309-56485-0399.fits
6309/spec-6309-56485-0400.fits
6309/spec-6309-56485-0401.fits
6309/spec-6309-56485-0402.fits
6309/spec-6309-56485-0403.fits
6309/spec-6309-56485-0404.fits
6309/spec-6309-56485-0405.fits
6309/spec-6309-56485-0406.fits
6309/spec-6309-56485-0407.fits
6309/spec-6309-56485-0408.fits
6309/spec-6309-56485-0409.fits
6309/spec-6309-56485-0410.fits
6309/spec-6309-56485-0411.fits
6309/spec-6309-56485-0412.fits
6309/spec-6309-56485-0413.fits
6309/spec-6309-56485-0414.fits
6309/spec-6309-56485-0415.fits
6309/spec-6309-56485-0416.fits
6309/spec-6309-56485-0417.fits
6309/spec-6309-56485-0418.fits
6309/spec-6309-56485-0419.fits
6309/spec-6309-56485-0420.fits
6309/spec-6309-56485-0421.fits
6309/spec-6309-56485-0422.fits
6309/spec-6309-56485-0423.fits
6309/spec-6309-56485-0424.fits
6309/spec-6309-56485-0425.fits
6309/spec-6309-56485-0426.fits
6309/spec-6309-56485-0427.fits
6309/spec-6309-56485-0428.fits
6309/spec-6309-56485-0429.fits
6309/spec-6309-56485-0430.fits
6309/spec-6309-56485-0431.fits
6309/spec-6309-56485-0432.fits
6309/spec-6309-56485-0433.fits
6309/spec-6309-56485-0434.fits
6309/spec-6309-56485-0435.fits
6309/spec-6309-56485-0436.fits
6309/spec-6309-56485-0437.fits
6309/spec-6309-56485-0438.fits
6309/spec-6309-56485-0439.fits
6309/spec-6309-56485-0440.fits
6309/spec-6309-56485-0441.fits
6309/spec-6309-56485-0442.fits
6309/spec-6309-56485-0443.fits
6309/spec-6309-56485-0444.fits
6309/spec-6309-56485-0445.fits
6309/spec-6309-56485-0446.fits
6309/spec-6309-56485-0447.fits
6309/spec-6309-56485-0448.fits
6309/spec-6309-56485-0449.fits
6309/spec-6309-56485-0450.fits
6309/spec-6309-56485-0451.fits
6309/spec-6309-56485-0452.fits
6309/spec-6309-56485-0453.fits
6309/spec-6309-56485-0454.fits
6309/spec-6309-56485-0455.fits
6309/spec-6309-56485-0456.fits
6309/spec-6309-56485-0457.fits
6309/spec-6309-56485-0458.fits
6309/spec-6309-56485-0459.fits
6309/spec-6309-56485-0460.fits
6309/spec-6309-56485-0461.fits
6309/spec-6309-56485-0462.fits
6309/spec-6309-56485-0463.fits
6309/spec-6309-56485-0464.fits
6309/spec-6309-56485-0465.fits
6309/spec-6309-56485-0466.fits
6309/spec-6309-56485-0467.fits
6309/spec-6309-56485-0468.fits
6309/spec-6309-56485-0469.fits
6309/spec-6309-56485-0470.fits
6309/spec-6309-56485-0471.fits
6309/spec-6309-56485-0472.fits
6309/spec-6309-56485-0473.fits
6309/spec-6309-56485-0474.fits
6309/spec-6309-56485-0475.fits
6309/spec-6309-56485-0476.fits
6309/spec-6309-56485-0477.fits
6309/spec-6309-56485-0478.fits
6309/spec-6309-56485-0479.fits
6309/spec-6309-56485-0480.fits
6309/spec-6309-56485-0481.fits
6309/spec-6309-56485-0482.fits
6309/spec-6309-56485-0483.fits
6309/spec-6309-56485-0484.fits
6309/spec-6309-56485-0485.fits
6309/spec-6309-56485-0486.fits
6309/spec-6309-56485-0487.fits
6309/spec-6309-56485-0488.fits
6309/spec-6309-56485-0489.fits
6309/spec-6309-56485-0490.fits
6309/spec-6309-56485-0491.fits
6309/spec-6309-56485-0492.fits
6309/spec-6309-56485-0493.fits
6309/spec-6309-56485-0494.fits
6309/spec-6309-56485-0495.fits
6309/spec-6309-56485-0496.fits
6309/spec-6309-56485-0497.fits
6309/spec-6309-56485-0498.fits
6309/spec-6309-56485-0499.fits
6309/spec-6309-56485-0500.fits
6309/spec-6309-56485-0501.fits
6309/spec-6309-56485-0502.fits
6309/spec-6309-56485-0503.fits
6309/spec-6309-56485-0504.fits
6309/spec-6309-56485-0505.fits
6309/spec-6309-56485-0506.fits
6309/spec-6309-56485-0507.fits
6309/spec-6309-56485-0508.fits
6309/spec-6309-56485-0509.fits
6309/spec-6309-56485-0510.fits
6309/spec-6309-56485-0511.fits
6309/spec-6309-56485-0512.fits
6309/spec-6309-56485-0513.fits
6309/spec-6309-56485-0514.fits
6309/spec-6309-56485-0515.fits
6309/spec-6309-56485-0516.fits
6309/spec-6309-56485-0517.fits
6309/spec-6309-56485-0518.fits
6309/spec-6309-56485-0519.fits
6309/spec-6309-56485-0520.fits
6309/spec-6309-56485-0521.fits
6309/spec-6309-56485-0522.fits
6309/spec-6309-56485-0523.fits
6309/spec-6309-56485-0524.fits
6309/spec-6309-56485-0525.fits
6309/spec-6309-56485-0526.fits
6309/spec-6309-56485-0527.fits
6309/spec-6309-56485-0528.fits
6309/spec-6309-56485-0529.fits
6309/spec-6309-56485-0530.fits
6309/spec-6309-56485-0531.fits
6309/spec-6309-56485-0532.fits
6309/spec-6309-56485-0533.fits
6309/spec-6309-56485-0534.fits
6309/spec-6309-56485-0535.fits
6309/spec-6309-56485-0536.fits
6309/spec-6309-56485-0537.fits
6309/spec-6309-56485-0538.fits
6309/spec-6309-56485-0539.fits
6309/spec-6309-56485-0540.fits
6309/spec-6309-56485-0541.fits
6309/spec-6309-56485-0542.fits
6309/spec-6309-56485-0543.fits
6309/spec-6309-56485-0544.fits
6309/spec-6309-56485-0545.fits
6309/spec-6309-56485-0546.fits
6309/spec-6309-56485-0547.fits
6309/spec-6309-56485-0548.fits
6309/spec-6309-56485-0549.fits
6309/spec-6309-56485-0550.fits
6309/spec-6309-56485-0551.fits
6309/spec-6309-56485-0552.fits
6309/spec-6309-56485-0553.fits
6309/spec-6309-56485-0554.fits
6309/spec-6309-56485-0555.fits
6309/spec-6309-56485-0556.fits
6309/spec-6309-56485-0557.fits
6309/spec-6309-56485-0558.fits
6309/spec-6309-56485-0559.fits
6309/spec-6309-56485-0560.fits
6309/spec-6309-56485-0561.fits
6309/spec-6309-56485-0562.fits
6309/spec-6309-56485-0563.fits
6309/spec-6309-56485-0564.fits
6309/spec-6309-56485-0565.fits
6309/spec-6309-56485-0566.fits
6309/spec-6309-56485-0567.fits
6309/spec-6309-56485-0568.fits
6309/spec-6309-56485-0569.fits
6309/spec-6309-56485-0570.fits
6309/spec-6309-56485-0571.fits
6309/spec-6309-56485-0572.fits
6309/spec-6309-56485-0573.fits
6309/spec-6309-56485-0574.fits
6309/spec-6309-56485-0575.fits
6309/spec-6309-56485-0576.fits
6309/spec-6309-56485-0577.fits
6309/spec-6309-56485-0578.fits
6309/spec-6309-56485-0579.fits
6309/spec-6309-56485-0580.fits
6309/spec-6309-56485-0581.fits
6309/spec-6309-56485-0582.fits
6309/spec-6309-56485-0583.fits
6309/spec-6309-56485-0584.fits
6309/spec-6309-56485-0585.fits
6309/spec-6309-56485-0586.fits
6309/spec-6309-56485-0587.fits
6309/spec-6309-56485-0588.fits
6309/spec-6309-56485-0589.fits
6309/spec-6309-56485-0590.fits
6309/spec-6309-56485-0591.fits
6309/spec-6309-56485-0592.fits
6309/spec-6309-56485-0593.fits
6309/spec-6309-56485-0594.fits
6309/spec-6309-56485-0595.fits
6309/spec-6309-56485-0596.fits
6309/spec-6309-56485-0597.fits
6309/spec-6309-56485-0598.fits
6309/spec-6309-56485-0599.fits
6309/spec-6309-56485-0600.fits
6309/spec-6309-56485-0601.fits
6309/spec-6309-56485-0602.fits
6309/spec-6309-56485-0603.fits
6309/spec-6309-56485-0604.fits
6309/spec-6309-56485-0605.fits
6309/spec-6309-56485-0606.fits
6309/spec-6309-56485-0607.fits
6309/spec-6309-56485-0608.fits
6309/spec-6309-56485-0609.fits
6309/spec-6309-56485-0610.fits
6309/spec-6309-56485-0611.fits
6309/spec-6309-56485-0612.fits
6309/spec-6309-56485-0613.fits
6309/spec-6309-56485-0614.fits
6309/spec-6309-56485-0615.fits
6309/spec-6309-56485-0616.fits
6309/spec-6309-56485-0617.fits
6309/spec-6309-56485-0618.fits
6309/spec-6309-56485-0619.fits
6309/spec-6309-56485-0620.fits
6309/spec-6309-56485-0621.fits
6309/spec-6309-56485-0622.fits
6309/spec-6309-56485-0623.fits
6309/spec-6309-56485-0624.fits
6309/spec-6309-56485-0625.fits
6309/spec-6309-56485-0626.fits
6309/spec-6309-56485-0627.fits
6309/spec-6309-56485-0628.fits
6309/spec-6309-56485-0629.fits
6309/spec-6309-56485-0630.fits
6309/spec-6309-56485-0631.fits
6309/spec-6309-56485-0632.fits
6309/spec-6309-56485-0633.fits
6309/spec-6309-56485-0634.fits
6309/spec-6309-56485-0635.fits
6309/spec-6309-56485-0636.fits
6309/spec-6309-56485-0637.fits
6309/spec-6309-56485-0638.fits
6309/spec-6309-56485-0639.fits
6309/spec-6309-56485-0640.fits
6309/spec-6309-56485-0641.fits
6309/spec-6309-56485-0642.fits
6309/spec-6309-56485-0643.fits
6309/spec-6309-56485-0644.fits
6309/spec-6309-56485-0645.fits
6309/spec-6309-56485-0646.fits
6309/spec-6309-56485-0647.fits
6309/spec-6309-56485-0648.fits
6309/spec-6309-56485-0649.fits
6309/spec-6309-56485-0650.fits
6309/spec-6309-56485-0651.fits
6309/spec-6309-56485-0652.fits
6309/spec-6309-56485-0653.fits
6309/spec-6309-56485-0654.fits
6309/spec-6309-56485-0655.fits
6309/spec-6309-56485-0656.fits
6309/spec-6309-56485-0657.fits
6309/spec-6309-56485-0658.fits
6309/spec-6309-56485-0659.fits
6309/spec-6309-56485-0660.fits
6309/spec-6309-56485-0661.fits
6309/spec-6309-56485-0662.fits
6309/spec-6309-56485-0663.fits
6309/spec-6309-56485-0664.fits
6309/spec-6309-56485-0665.fits
6309/spec-6309-56485-0666.fits
6309/spec-6309-56485-0667.fits
6309/spec-6309-56485-0668.fits
6309/spec-6309-56485-0669.fits
6309/spec-6309-56485-0670.fits
6309/spec-6309-56485-0671.fits
6309/spec-6309-56485-0672.fits
6309/spec-6309-56485-0673.fits
6309/spec-6309-56485-0674.fits
6309/spec-6309-56485-0675.fits
6309/spec-6309-56485-0676.fits
6309/spec-6309-56485-0677.fits
6309/spec-6309-56485-0678.fits
6309/spec-6309-56485-0679.fits
6309/spec-6309-56485-0680.fits
6309/spec-6309-56485-0681.fits
6309/spec-6309-56485-0682.fits
6309/spec-6309-56485-0683.fits
6309/spec-6309-56485-0684.fits
6309/spec-6309-56485-0685.fits
6309/spec-6309-56485-0686.fits
6309/spec-6309-56485-0687.fits
6309/spec-6309-56485-0688.fits
6309/spec-6309-56485-0689.fits
6309/spec-6309-56485-0690.fits
6309/spec-6309-56485-0691.fits
6309/spec-6309-56485-0692.fits
6309/spec-6309-56485-0693.fits
6309/spec-6309-56485-0694.fits
6309/spec-6309-56485-0695.fits
6309/spec-6309-56485-0696.fits
6309/spec-6309-56485-0697.fits
6309/spec-6309-56485-0698.fits
6309/spec-6309-56485-0699.fits
6309/spec-6309-56485-0700.fits
6309/spec-6309-56485-0701.fits
6309/spec-6309-56485-0702.fits
6309/spec-6309-56485-0703.fits
6309/spec-6309-56485-0704.fits
6309/spec-6309-56485-0705.fits
6309/spec-6309-56485-0706.fits
6309/spec-6309-56485-0707.fits
6309/spec-6309-56485-0708.fits
6309/spec-6309-56485-0709.fits
6309/spec-6309-56485-0710.fits
6309/spec-6309-56485-0711.fits
6309/spec-6309-56485-0712.fits
6309/spec-6309-56485-0713.fits
6309/spec-6309-56485-0714.fits
6309/spec-6309-56485-0715.fits
6309/spec-6309-56485-0716.fits
6309/spec-6309-56485-0717.fits
6309/spec-6309-56485-0718.fits
6309/spec-6309-56485-0719.fits
6309/spec-6309-56485-0720.fits
6309/spec-6309-56485-0721.fits
6309/spec-6309-56485-0722.fits
6309/spec-6309-56485-0723.fits
6309/spec-6309-56485-0724.fits
6309/spec-6309-56485-0725.fits
6309/spec-6309-56485-0726.fits
6309/spec-6309-56485-0727.fits
6309/spec-6309-56485-0728.fits
6309/spec-6309-56485-0729.fits
6309/spec-6309-56485-0730.fits
6309/spec-6309-56485-0731.fits
6309/spec-6309-56485-0732.fits
6309/spec-6309-56485-0733.fits
6309/spec-6309-56485-0734.fits
6309/spec-6309-56485-0735.fits
6309/spec-6309-56485-0736.fits
6309/spec-6309-56485-0737.fits
6309/spec-6309-56485-0738.fits
6309/spec-6309-56485-0739.fits
6309/spec-6309-56485-0740.fits
6309/spec-6309-56485-0741.fits
6309/spec-6309-56485-0742.fits
6309/spec-6309-56485-0743.fits
6309/spec-6309-56485-0744.fits
6309/spec-6309-56485-0745.fits
6309/spec-6309-56485-0746.fits
6309/spec-6309-56485-0747.fits
6309/spec-6309-56485-0748.fits
6309/spec-6309-56485-0749.fits
6309/spec-6309-56485-0750.fits
6309/spec-6309-56485-0751.fits
6309/spec-6309-56485-0752.fits
6309/spec-6309-56485-0753.fits
6309/spec-6309-56485-0754.fits
6309/spec-6309-56485-0755.fits
6309/spec-6309-56485-0756.fits
6309/spec-6309-56485-0757.fits
6309/spec-6309-56485-0758.fits
6309/spec-6309-56485-0759.fits
6309/spec-6309-56485-0760.fits
6309/spec-6309-56485-0761.fits
6309/spec-6309-56485-0762.fits
6309/spec-6309-56485-0763.fits
6309/spec-6309-56485-0764.fits
6309/spec-6309-56485-0765.fits
6309/spec-6309-56485-0766.fits
6309/spec-6309-56485-0767.fits
6309/spec-6309-56485-0768.fits
6309/spec-6309-56485-0769.fits
6309/spec-6309-56485-0770.fits
6309/spec-6309-56485-0771.fits
6309/spec-6309-56485-0772.fits
6309/spec-6309-56485-0773.fits
6309/spec-6309-56485-0774.fits
6309/spec-6309-56485-0775.fits
6309/spec-6309-56485-0776.fits
6309/spec-6309-56485-0777.fits
6309/spec-6309-56485-0778.fits
6309/spec-6309-56485-0779.fits
6309/spec-6309-56485-0780.fits
6309/spec-6309-56485-0781.fits
6309/spec-6309-56485-0782.fits
6309/spec-6309-56485-0783.fits
6309/spec-6309-56485-0784.fits
6309/spec-6309-56485-0785.fits
6309/spec-6309-56485-0786.fits
6309/spec-6309-56485-0787.fits
6309/spec-6309-56485-0788.fits
6309/spec-6309-56485-0789.fits
6309/spec-6309-56485-0790.fits
6309/spec-6309-56485-0791.fits
6309/spec-6309-56485-0792.fits
6309/spec-6309-56485-0793.fits
6309/spec-6309-56485-0794.fits
6309/spec-6309-56485-0795.fits
6309/spec-6309-56485-0796.fits
6309/spec-6309-56485-0797.fits
6309/spec-6309-56485-0798.fits
6309/spec-6309-56485-0799.fits
6309/spec-6309-56485-0800.fits
6309/spec-6309-56485-0801.fits
6309/spec-6309-56485-0802.fits
6309/spec-6309-56485-0803.fits
6309/spec-6309-56485-0804.fits
6309/spec-6309-56485-0805.fits
6309/spec-6309-56485-0806.fits
6309/spec-6309-56485-0807.fits
6309/spec-6309-56485-0808.fits
6309/spec-6309-56485-0809.fits
6309/spec-6309-56485-0810.fits
6309/spec-6309-56485-0811.fits
6309/spec-6309-56485-0812.fits
6309/spec-6309-56485-0813.fits
6309/spec-6309-56485-0814.fits
6309/spec-6309-56485-0815.fits
6309/spec-6309-56485-0816.fits
6309/spec-6309-56485-0817.fits
6309/spec-6309-56485-0818.fits
6309/spec-6309-56485-0819.fits
6309/spec-6309-56485-0820.fits
6309/spec-6309-56485-0821.fits
6309/spec-6309-56485-0822.fits
6309/spec-6309-56485-0823.fits
6309/spec-6309-56485-0824.fits
6309/spec-6309-56485-0825.fits
6309/spec-6309-56485-0826.fits
6309/spec-6309-56485-0827.fits
6309/spec-6309-56485-0828.fits
6309/spec-6309-56485-0829.fits
6309/spec-6309-56485-0830.fits
6309/spec-6309-56485-0831.fits
6309/spec-6309-56485-0832.fits
6309/spec-6309-56485-0833.fits
6309/spec-6309-56485-0834.fits
6309/spec-6309-56485-0835.fits
6309/spec-6309-56485-0836.fits
6309/spec-6309-56485-0837.fits
6309/spec-6309-56485-0838.fits
6309/spec-6309-56485-0839.fits
6309/spec-6309-56485-0840.fits
6309/spec-6309-56485-0841.fits
6309/spec-6309-56485-0842.fits
6309/spec-6309-56485-0843.fits
6309/spec-6309-56485-0844.fits
6309/spec-6309-56485-0845.fits
6309/spec-6309-56485-0846.fits
6309/spec-6309-56485-0847.fits
6309/spec-6309-56485-0848.fits
6309/spec-6309-56485-0849.fits
6309/spec-6309-56485-0850.fits
6309/spec-6309-56485-0851.fits
6309/spec-6309-56485-0852.fits
6309/spec-6309-56485-0853.fits
6309/spec-6309-56485-0854.fits
6309/spec-6309-56485-0855.fits
6309/spec-6309-56485-0856.fits
6309/spec-6309-56485-0857.fits
6309/spec-6309-56485-0858.fits
6309/spec-6309-56485-0859.fits
6309/spec-6309-56485-0860.fits
6309/spec-6309-56485-0861.fits
6309/spec-6309-56485-0862.fits
6309/spec-6309-56485-0863.fits
6309/spec-6309-56485-0864.fits
6309/spec-6309-56485-0865.fits
6309/spec-6309-56485-0866.fits
6309/spec-6309-56485-0867.fits
6309/spec-6309-56485-0868.fits
6309/spec-6309-56485-0869.fits
6309/spec-6309-56485-0870.fits
6309/spec-6309-56485-0871.fits
6309/spec-6309-56485-0872.fits
6309/spec-6309-56485-0873.fits
6309/spec-6309-56485-0874.fits
6309/spec-6309-56485-0875.fits
6309/spec-6309-56485-0876.fits
6309/spec-6309-56485-0877.fits
6309/spec-6309-56485-0878.fits
6309/spec-6309-56485-0879.fits
6309/spec-6309-56485-0880.fits
6309/spec-6309-56485-0881.fits
6309/spec-6309-56485-0882.fits
6309/spec-6309-56485-0883.fits
6309/spec-6309-56485-0884.fits
6309/spec-6309-56485-0885.fits
6309/spec-6309-56485-0886.fits
6309/spec-6309-56485-0887.fits
6309/spec-6309-56485-0888.fits
6309/spec-6309-56485-0889.fits
6309/spec-6309-56485-0890.fits
6309/spec-6309-56485-0891.fits
6309/spec-6309-56485-0892.fits
6309/spec-6309-56485-0893.fits
6309/spec-6309-56485-0894.fits
6309/spec-6309-56485-0895.fits
6309/spec-6309-56485-0896.fits
6309/spec-6309-56485-0897.fits
6309/spec-6309-56485-0898.fits
6309/spec-6309-56485-0899.fits
6309/spec-6309-56485-0900.fits
6309/spec-6309-56485-0901.fits
6309/spec-6309-56485-0902.fits
6309/spec-6309-56485-0903.fits
6309/spec-6309-56485-0904.fits
6309/spec-6309-56485-0905.fits
6309/spec-6309-56485-0906.fits
6309/spec-6309-56485-0907.fits
6309/spec-6309-56485-0908.fits
6309/spec-6309-56485-0909.fits
6309/spec-6309-56485-0910.fits
6309/spec-6309-56485-0911.fits
6309/spec-6309-56485-0912.fits
6309/spec-6309-56485-0913.fits
6309/spec-6309-56485-0914.fits
6309/spec-6309-56485-0915.fits
6309/spec-6309-56485-0916.fits
6309/spec-6309-56485-0917.fits
6309/spec-6309-56485-0918.fits
6309/spec-6309-56485-0919.fits
6309/spec-6309-56485-0920.fits
6309/spec-6309-56485-0921.fits
6309/spec-6309-56485-0922.fits
6309/spec-6309-56485-0923.fits
6309/spec-6309-56485-0924.fits
6309/spec-6309-56485-0925.fits
6309/spec-6309-56485-0926.fits
6309/spec-6309-56485-0927.fits
6309/spec-6309-56485-0928.fits
6309/spec-6309-56485-0929.fits
6309/spec-6309-56485-0930.fits
6309/spec-6309-56485-0931.fits
6309/spec-6309-56485-0932.fits
6309/spec-6309-56485-0933.fits
6309/spec-6309-56485-0934.fits
6309/spec-6309-56485-0935.fits
6309/spec-6309-56485-0936.fits
6309/spec-6309-56485-0937.fits
6309/spec-6309-56485-0938.fits
6309/spec-6309-56485-0939.fits
6309/spec-6309-56485-0940.fits
6309/spec-6309-56485-0941.fits
6309/spec-6309-56485-0942.fits
6309/spec-6309-56485-0943.fits
6309/spec-6309-56485-0944.fits
6309/spec-6309-56485-0945.fits
6309/spec-6309-56485-0946.fits
6309/spec-6309-56485-0947.fits
6309/spec-6309-56485-0948.fits
6309/spec-6309-56485-0949.fits
6309/spec-6309-56485-0950.fits
6309/spec-6309-56485-0951.fits
6309/spec-6309-56485-0952.fits
6309/spec-6309-56485-0953.fits
6309/spec-6309-56485-0954.fits
6309/spec-6309-56485-0955.fits
6309/spec-6309-56485-0956.fits
6309/spec-6309-56485-0957.fits
6309/spec-6309-56485-0958.fits
6309/spec-6309-56485-0959.fits
6309/spec-6309-56485-0960.fits
6309/spec-6309-56485-0961.fits
6309/spec-6309-56485-0962.fits
6309/spec-6309-56485-0963.fits
6309/spec-6309-56485-0964.fits
6309/spec-6309-56485-0965.fits
6309/spec-6309-56485-0966.fits
6309/spec-6309-56485-0967.fits
6309/spec-6309-56485-0968.fits
6309/spec-6309-56485-0969.fits
6309/spec-6309-56485-0970.fits
6309/spec-6309-56485-0971.fits
6309/spec-6309-56485-0972.fits
6309/spec-6309-56485-0973.fits
6309/spec-6309-56485-0974.fits
6309/spec-6309-56485-0975.fits
6309/spec-6309-56485-0976.fits
6309/spec-6309-56485-0977.fits
6309/spec-6309-56485-0978.fits
6309/spec-6309-56485-0979.fits
6309/spec-6309-56485-0980.fits
6309/spec-6309-56485-0981.fits
6309/spec-6309-56485-0982.fits
6309/spec-6309-56485-0983.fits
6309/spec-6309-56485-0984.fits
6309/spec-6309-56485-0985.fits
6309/spec-6309-56485-0986.fits
6309/spec-6309-56485-0987.fits
6309/spec-6309-56485-0988.fits
6309/spec-6309-56485-0989.fits
6309/spec-6309-56485-0990.fits
6309/spec-6309-56485-0991.fits
6309/spec-6309-56485-0992.fits
6309/spec-6309-56485-0993.fits
6309/spec-6309-56485-0994.fits
6309/spec-6309-56485-0995.fits
6309/spec-6309-56485-0996.fits
6309/spec-6309-56485-0997.fits
6309/spec-6309-56485-0998.fits
6309/spec-6309-56485-0999.fits
6309/spec-6309-56485-1000.fits
/var/lib/condor/execute/slot1/dir_24008
6309 6309.tgz R R361.tar.gz _condor_stderr _condor_stdout cB58_Lyman_break.fit condor_exec.exe hw4.R packages packages.tar.gz tmp var
[1] "Loaded package astro."
[1] 1000
6309 6309.csv 6309.tgz R R361.tar.gz _condor_stderr _condor_stdout cB58_Lyman_break.fit condor_exec.exe hw4.R packages packages.tar.gz tmp var
