6319
6319/
6319/spec-6319-56452-0001.fits
6319/spec-6319-56452-0002.fits
6319/spec-6319-56452-0003.fits
6319/spec-6319-56452-0004.fits
6319/spec-6319-56452-0005.fits
6319/spec-6319-56452-0006.fits
6319/spec-6319-56452-0007.fits
6319/spec-6319-56452-0008.fits
6319/spec-6319-56452-0009.fits
6319/spec-6319-56452-0010.fits
6319/spec-6319-56452-0011.fits
6319/spec-6319-56452-0012.fits
6319/spec-6319-56452-0013.fits
6319/spec-6319-56452-0014.fits
6319/spec-6319-56452-0015.fits
6319/spec-6319-56452-0016.fits
6319/spec-6319-56452-0017.fits
6319/spec-6319-56452-0018.fits
6319/spec-6319-56452-0019.fits
6319/spec-6319-56452-0020.fits
6319/spec-6319-56452-0021.fits
6319/spec-6319-56452-0022.fits
6319/spec-6319-56452-0023.fits
6319/spec-6319-56452-0024.fits
6319/spec-6319-56452-0025.fits
6319/spec-6319-56452-0026.fits
6319/spec-6319-56452-0027.fits
6319/spec-6319-56452-0028.fits
6319/spec-6319-56452-0029.fits
6319/spec-6319-56452-0030.fits
6319/spec-6319-56452-0031.fits
6319/spec-6319-56452-0032.fits
6319/spec-6319-56452-0033.fits
6319/spec-6319-56452-0034.fits
6319/spec-6319-56452-0035.fits
6319/spec-6319-56452-0036.fits
6319/spec-6319-56452-0037.fits
6319/spec-6319-56452-0038.fits
6319/spec-6319-56452-0039.fits
6319/spec-6319-56452-0040.fits
6319/spec-6319-56452-0041.fits
6319/spec-6319-56452-0042.fits
6319/spec-6319-56452-0043.fits
6319/spec-6319-56452-0044.fits
6319/spec-6319-56452-0045.fits
6319/spec-6319-56452-0046.fits
6319/spec-6319-56452-0047.fits
6319/spec-6319-56452-0048.fits
6319/spec-6319-56452-0049.fits
6319/spec-6319-56452-0050.fits
6319/spec-6319-56452-0051.fits
6319/spec-6319-56452-0052.fits
6319/spec-6319-56452-0053.fits
6319/spec-6319-56452-0054.fits
6319/spec-6319-56452-0055.fits
6319/spec-6319-56452-0056.fits
6319/spec-6319-56452-0057.fits
6319/spec-6319-56452-0058.fits
6319/spec-6319-56452-0059.fits
6319/spec-6319-56452-0060.fits
6319/spec-6319-56452-0061.fits
6319/spec-6319-56452-0062.fits
6319/spec-6319-56452-0063.fits
6319/spec-6319-56452-0064.fits
6319/spec-6319-56452-0065.fits
6319/spec-6319-56452-0066.fits
6319/spec-6319-56452-0067.fits
6319/spec-6319-56452-0068.fits
6319/spec-6319-56452-0069.fits
6319/spec-6319-56452-0070.fits
6319/spec-6319-56452-0071.fits
6319/spec-6319-56452-0072.fits
6319/spec-6319-56452-0073.fits
6319/spec-6319-56452-0074.fits
6319/spec-6319-56452-0075.fits
6319/spec-6319-56452-0076.fits
6319/spec-6319-56452-0077.fits
6319/spec-6319-56452-0078.fits
6319/spec-6319-56452-0079.fits
6319/spec-6319-56452-0080.fits
6319/spec-6319-56452-0081.fits
6319/spec-6319-56452-0082.fits
6319/spec-6319-56452-0083.fits
6319/spec-6319-56452-0084.fits
6319/spec-6319-56452-0085.fits
6319/spec-6319-56452-0086.fits
6319/spec-6319-56452-0087.fits
6319/spec-6319-56452-0088.fits
6319/spec-6319-56452-0089.fits
6319/spec-6319-56452-0090.fits
6319/spec-6319-56452-0091.fits
6319/spec-6319-56452-0092.fits
6319/spec-6319-56452-0093.fits
6319/spec-6319-56452-0094.fits
6319/spec-6319-56452-0095.fits
6319/spec-6319-56452-0096.fits
6319/spec-6319-56452-0097.fits
6319/spec-6319-56452-0098.fits
6319/spec-6319-56452-0099.fits
6319/spec-6319-56452-0100.fits
6319/spec-6319-56452-0101.fits
6319/spec-6319-56452-0102.fits
6319/spec-6319-56452-0103.fits
6319/spec-6319-56452-0104.fits
6319/spec-6319-56452-0105.fits
6319/spec-6319-56452-0106.fits
6319/spec-6319-56452-0107.fits
6319/spec-6319-56452-0108.fits
6319/spec-6319-56452-0109.fits
6319/spec-6319-56452-0110.fits
6319/spec-6319-56452-0111.fits
6319/spec-6319-56452-0112.fits
6319/spec-6319-56452-0113.fits
6319/spec-6319-56452-0114.fits
6319/spec-6319-56452-0115.fits
6319/spec-6319-56452-0116.fits
6319/spec-6319-56452-0117.fits
6319/spec-6319-56452-0118.fits
6319/spec-6319-56452-0119.fits
6319/spec-6319-56452-0120.fits
6319/spec-6319-56452-0121.fits
6319/spec-6319-56452-0122.fits
6319/spec-6319-56452-0123.fits
6319/spec-6319-56452-0124.fits
6319/spec-6319-56452-0125.fits
6319/spec-6319-56452-0126.fits
6319/spec-6319-56452-0127.fits
6319/spec-6319-56452-0128.fits
6319/spec-6319-56452-0129.fits
6319/spec-6319-56452-0130.fits
6319/spec-6319-56452-0131.fits
6319/spec-6319-56452-0132.fits
6319/spec-6319-56452-0133.fits
6319/spec-6319-56452-0134.fits
6319/spec-6319-56452-0135.fits
6319/spec-6319-56452-0136.fits
6319/spec-6319-56452-0137.fits
6319/spec-6319-56452-0138.fits
6319/spec-6319-56452-0139.fits
6319/spec-6319-56452-0140.fits
6319/spec-6319-56452-0141.fits
6319/spec-6319-56452-0142.fits
6319/spec-6319-56452-0143.fits
6319/spec-6319-56452-0144.fits
6319/spec-6319-56452-0145.fits
6319/spec-6319-56452-0146.fits
6319/spec-6319-56452-0147.fits
6319/spec-6319-56452-0148.fits
6319/spec-6319-56452-0149.fits
6319/spec-6319-56452-0150.fits
6319/spec-6319-56452-0151.fits
6319/spec-6319-56452-0152.fits
6319/spec-6319-56452-0153.fits
6319/spec-6319-56452-0154.fits
6319/spec-6319-56452-0155.fits
6319/spec-6319-56452-0156.fits
6319/spec-6319-56452-0157.fits
6319/spec-6319-56452-0158.fits
6319/spec-6319-56452-0159.fits
6319/spec-6319-56452-0160.fits
6319/spec-6319-56452-0161.fits
6319/spec-6319-56452-0162.fits
6319/spec-6319-56452-0163.fits
6319/spec-6319-56452-0164.fits
6319/spec-6319-56452-0165.fits
6319/spec-6319-56452-0166.fits
6319/spec-6319-56452-0167.fits
6319/spec-6319-56452-0168.fits
6319/spec-6319-56452-0169.fits
6319/spec-6319-56452-0170.fits
6319/spec-6319-56452-0171.fits
6319/spec-6319-56452-0172.fits
6319/spec-6319-56452-0173.fits
6319/spec-6319-56452-0174.fits
6319/spec-6319-56452-0175.fits
6319/spec-6319-56452-0176.fits
6319/spec-6319-56452-0177.fits
6319/spec-6319-56452-0178.fits
6319/spec-6319-56452-0179.fits
6319/spec-6319-56452-0180.fits
6319/spec-6319-56452-0181.fits
6319/spec-6319-56452-0182.fits
6319/spec-6319-56452-0183.fits
6319/spec-6319-56452-0184.fits
6319/spec-6319-56452-0185.fits
6319/spec-6319-56452-0186.fits
6319/spec-6319-56452-0187.fits
6319/spec-6319-56452-0188.fits
6319/spec-6319-56452-0189.fits
6319/spec-6319-56452-0190.fits
6319/spec-6319-56452-0191.fits
6319/spec-6319-56452-0192.fits
6319/spec-6319-56452-0193.fits
6319/spec-6319-56452-0194.fits
6319/spec-6319-56452-0195.fits
6319/spec-6319-56452-0196.fits
6319/spec-6319-56452-0197.fits
6319/spec-6319-56452-0198.fits
6319/spec-6319-56452-0199.fits
6319/spec-6319-56452-0200.fits
6319/spec-6319-56452-0201.fits
6319/spec-6319-56452-0202.fits
6319/spec-6319-56452-0203.fits
6319/spec-6319-56452-0204.fits
6319/spec-6319-56452-0205.fits
6319/spec-6319-56452-0206.fits
6319/spec-6319-56452-0207.fits
6319/spec-6319-56452-0208.fits
6319/spec-6319-56452-0209.fits
6319/spec-6319-56452-0210.fits
6319/spec-6319-56452-0211.fits
6319/spec-6319-56452-0212.fits
6319/spec-6319-56452-0213.fits
6319/spec-6319-56452-0214.fits
6319/spec-6319-56452-0215.fits
6319/spec-6319-56452-0216.fits
6319/spec-6319-56452-0217.fits
6319/spec-6319-56452-0218.fits
6319/spec-6319-56452-0219.fits
6319/spec-6319-56452-0220.fits
6319/spec-6319-56452-0221.fits
6319/spec-6319-56452-0222.fits
6319/spec-6319-56452-0223.fits
6319/spec-6319-56452-0224.fits
6319/spec-6319-56452-0225.fits
6319/spec-6319-56452-0226.fits
6319/spec-6319-56452-0227.fits
6319/spec-6319-56452-0228.fits
6319/spec-6319-56452-0229.fits
6319/spec-6319-56452-0230.fits
6319/spec-6319-56452-0231.fits
6319/spec-6319-56452-0232.fits
6319/spec-6319-56452-0233.fits
6319/spec-6319-56452-0234.fits
6319/spec-6319-56452-0235.fits
6319/spec-6319-56452-0236.fits
6319/spec-6319-56452-0237.fits
6319/spec-6319-56452-0238.fits
6319/spec-6319-56452-0239.fits
6319/spec-6319-56452-0240.fits
6319/spec-6319-56452-0241.fits
6319/spec-6319-56452-0242.fits
6319/spec-6319-56452-0243.fits
6319/spec-6319-56452-0244.fits
6319/spec-6319-56452-0245.fits
6319/spec-6319-56452-0246.fits
6319/spec-6319-56452-0247.fits
6319/spec-6319-56452-0248.fits
6319/spec-6319-56452-0249.fits
6319/spec-6319-56452-0250.fits
6319/spec-6319-56452-0251.fits
6319/spec-6319-56452-0252.fits
6319/spec-6319-56452-0253.fits
6319/spec-6319-56452-0254.fits
6319/spec-6319-56452-0255.fits
6319/spec-6319-56452-0256.fits
6319/spec-6319-56452-0257.fits
6319/spec-6319-56452-0258.fits
6319/spec-6319-56452-0259.fits
6319/spec-6319-56452-0260.fits
6319/spec-6319-56452-0261.fits
6319/spec-6319-56452-0262.fits
6319/spec-6319-56452-0263.fits
6319/spec-6319-56452-0264.fits
6319/spec-6319-56452-0265.fits
6319/spec-6319-56452-0266.fits
6319/spec-6319-56452-0267.fits
6319/spec-6319-56452-0268.fits
6319/spec-6319-56452-0269.fits
6319/spec-6319-56452-0270.fits
6319/spec-6319-56452-0271.fits
6319/spec-6319-56452-0272.fits
6319/spec-6319-56452-0273.fits
6319/spec-6319-56452-0274.fits
6319/spec-6319-56452-0275.fits
6319/spec-6319-56452-0276.fits
6319/spec-6319-56452-0277.fits
6319/spec-6319-56452-0278.fits
6319/spec-6319-56452-0279.fits
6319/spec-6319-56452-0280.fits
6319/spec-6319-56452-0281.fits
6319/spec-6319-56452-0282.fits
6319/spec-6319-56452-0283.fits
6319/spec-6319-56452-0284.fits
6319/spec-6319-56452-0285.fits
6319/spec-6319-56452-0286.fits
6319/spec-6319-56452-0287.fits
6319/spec-6319-56452-0288.fits
6319/spec-6319-56452-0289.fits
6319/spec-6319-56452-0290.fits
6319/spec-6319-56452-0291.fits
6319/spec-6319-56452-0292.fits
6319/spec-6319-56452-0293.fits
6319/spec-6319-56452-0294.fits
6319/spec-6319-56452-0295.fits
6319/spec-6319-56452-0296.fits
6319/spec-6319-56452-0297.fits
6319/spec-6319-56452-0298.fits
6319/spec-6319-56452-0299.fits
6319/spec-6319-56452-0300.fits
6319/spec-6319-56452-0301.fits
6319/spec-6319-56452-0302.fits
6319/spec-6319-56452-0303.fits
6319/spec-6319-56452-0304.fits
6319/spec-6319-56452-0305.fits
6319/spec-6319-56452-0306.fits
6319/spec-6319-56452-0307.fits
6319/spec-6319-56452-0308.fits
6319/spec-6319-56452-0309.fits
6319/spec-6319-56452-0310.fits
6319/spec-6319-56452-0311.fits
6319/spec-6319-56452-0312.fits
6319/spec-6319-56452-0313.fits
6319/spec-6319-56452-0314.fits
6319/spec-6319-56452-0315.fits
6319/spec-6319-56452-0316.fits
6319/spec-6319-56452-0317.fits
6319/spec-6319-56452-0318.fits
6319/spec-6319-56452-0319.fits
6319/spec-6319-56452-0320.fits
6319/spec-6319-56452-0321.fits
6319/spec-6319-56452-0322.fits
6319/spec-6319-56452-0323.fits
6319/spec-6319-56452-0324.fits
6319/spec-6319-56452-0325.fits
6319/spec-6319-56452-0326.fits
6319/spec-6319-56452-0327.fits
6319/spec-6319-56452-0328.fits
6319/spec-6319-56452-0329.fits
6319/spec-6319-56452-0330.fits
6319/spec-6319-56452-0331.fits
6319/spec-6319-56452-0332.fits
6319/spec-6319-56452-0333.fits
6319/spec-6319-56452-0334.fits
6319/spec-6319-56452-0335.fits
6319/spec-6319-56452-0336.fits
6319/spec-6319-56452-0337.fits
6319/spec-6319-56452-0338.fits
6319/spec-6319-56452-0339.fits
6319/spec-6319-56452-0340.fits
6319/spec-6319-56452-0341.fits
6319/spec-6319-56452-0342.fits
6319/spec-6319-56452-0343.fits
6319/spec-6319-56452-0344.fits
6319/spec-6319-56452-0345.fits
6319/spec-6319-56452-0346.fits
6319/spec-6319-56452-0347.fits
6319/spec-6319-56452-0348.fits
6319/spec-6319-56452-0349.fits
6319/spec-6319-56452-0350.fits
6319/spec-6319-56452-0351.fits
6319/spec-6319-56452-0352.fits
6319/spec-6319-56452-0353.fits
6319/spec-6319-56452-0354.fits
6319/spec-6319-56452-0355.fits
6319/spec-6319-56452-0356.fits
6319/spec-6319-56452-0357.fits
6319/spec-6319-56452-0358.fits
6319/spec-6319-56452-0359.fits
6319/spec-6319-56452-0360.fits
6319/spec-6319-56452-0361.fits
6319/spec-6319-56452-0362.fits
6319/spec-6319-56452-0363.fits
6319/spec-6319-56452-0364.fits
6319/spec-6319-56452-0365.fits
6319/spec-6319-56452-0366.fits
6319/spec-6319-56452-0367.fits
6319/spec-6319-56452-0368.fits
6319/spec-6319-56452-0369.fits
6319/spec-6319-56452-0370.fits
6319/spec-6319-56452-0371.fits
6319/spec-6319-56452-0372.fits
6319/spec-6319-56452-0373.fits
6319/spec-6319-56452-0374.fits
6319/spec-6319-56452-0375.fits
6319/spec-6319-56452-0376.fits
6319/spec-6319-56452-0377.fits
6319/spec-6319-56452-0378.fits
6319/spec-6319-56452-0379.fits
6319/spec-6319-56452-0380.fits
6319/spec-6319-56452-0381.fits
6319/spec-6319-56452-0382.fits
6319/spec-6319-56452-0383.fits
6319/spec-6319-56452-0384.fits
6319/spec-6319-56452-0385.fits
6319/spec-6319-56452-0386.fits
6319/spec-6319-56452-0387.fits
6319/spec-6319-56452-0388.fits
6319/spec-6319-56452-0389.fits
6319/spec-6319-56452-0390.fits
6319/spec-6319-56452-0391.fits
6319/spec-6319-56452-0392.fits
6319/spec-6319-56452-0393.fits
6319/spec-6319-56452-0394.fits
6319/spec-6319-56452-0395.fits
6319/spec-6319-56452-0396.fits
6319/spec-6319-56452-0397.fits
6319/spec-6319-56452-0398.fits
6319/spec-6319-56452-0399.fits
6319/spec-6319-56452-0400.fits
6319/spec-6319-56452-0401.fits
6319/spec-6319-56452-0402.fits
6319/spec-6319-56452-0403.fits
6319/spec-6319-56452-0404.fits
6319/spec-6319-56452-0405.fits
6319/spec-6319-56452-0406.fits
6319/spec-6319-56452-0407.fits
6319/spec-6319-56452-0408.fits
6319/spec-6319-56452-0409.fits
6319/spec-6319-56452-0410.fits
6319/spec-6319-56452-0411.fits
6319/spec-6319-56452-0412.fits
6319/spec-6319-56452-0413.fits
6319/spec-6319-56452-0414.fits
6319/spec-6319-56452-0415.fits
6319/spec-6319-56452-0416.fits
6319/spec-6319-56452-0417.fits
6319/spec-6319-56452-0418.fits
6319/spec-6319-56452-0419.fits
6319/spec-6319-56452-0420.fits
6319/spec-6319-56452-0421.fits
6319/spec-6319-56452-0422.fits
6319/spec-6319-56452-0423.fits
6319/spec-6319-56452-0424.fits
6319/spec-6319-56452-0425.fits
6319/spec-6319-56452-0426.fits
6319/spec-6319-56452-0427.fits
6319/spec-6319-56452-0428.fits
6319/spec-6319-56452-0429.fits
6319/spec-6319-56452-0430.fits
6319/spec-6319-56452-0431.fits
6319/spec-6319-56452-0432.fits
6319/spec-6319-56452-0433.fits
6319/spec-6319-56452-0434.fits
6319/spec-6319-56452-0435.fits
6319/spec-6319-56452-0436.fits
6319/spec-6319-56452-0437.fits
6319/spec-6319-56452-0438.fits
6319/spec-6319-56452-0439.fits
6319/spec-6319-56452-0440.fits
6319/spec-6319-56452-0441.fits
6319/spec-6319-56452-0442.fits
6319/spec-6319-56452-0443.fits
6319/spec-6319-56452-0444.fits
6319/spec-6319-56452-0445.fits
6319/spec-6319-56452-0446.fits
6319/spec-6319-56452-0447.fits
6319/spec-6319-56452-0448.fits
6319/spec-6319-56452-0449.fits
6319/spec-6319-56452-0450.fits
6319/spec-6319-56452-0451.fits
6319/spec-6319-56452-0452.fits
6319/spec-6319-56452-0453.fits
6319/spec-6319-56452-0454.fits
6319/spec-6319-56452-0455.fits
6319/spec-6319-56452-0456.fits
6319/spec-6319-56452-0457.fits
6319/spec-6319-56452-0458.fits
6319/spec-6319-56452-0459.fits
6319/spec-6319-56452-0460.fits
6319/spec-6319-56452-0461.fits
6319/spec-6319-56452-0462.fits
6319/spec-6319-56452-0463.fits
6319/spec-6319-56452-0464.fits
6319/spec-6319-56452-0465.fits
6319/spec-6319-56452-0466.fits
6319/spec-6319-56452-0467.fits
6319/spec-6319-56452-0468.fits
6319/spec-6319-56452-0469.fits
6319/spec-6319-56452-0470.fits
6319/spec-6319-56452-0471.fits
6319/spec-6319-56452-0472.fits
6319/spec-6319-56452-0473.fits
6319/spec-6319-56452-0474.fits
6319/spec-6319-56452-0475.fits
6319/spec-6319-56452-0476.fits
6319/spec-6319-56452-0477.fits
6319/spec-6319-56452-0478.fits
6319/spec-6319-56452-0479.fits
6319/spec-6319-56452-0480.fits
6319/spec-6319-56452-0481.fits
6319/spec-6319-56452-0482.fits
6319/spec-6319-56452-0483.fits
6319/spec-6319-56452-0484.fits
6319/spec-6319-56452-0485.fits
6319/spec-6319-56452-0486.fits
6319/spec-6319-56452-0487.fits
6319/spec-6319-56452-0488.fits
6319/spec-6319-56452-0489.fits
6319/spec-6319-56452-0490.fits
6319/spec-6319-56452-0491.fits
6319/spec-6319-56452-0492.fits
6319/spec-6319-56452-0493.fits
6319/spec-6319-56452-0494.fits
6319/spec-6319-56452-0495.fits
6319/spec-6319-56452-0496.fits
6319/spec-6319-56452-0497.fits
6319/spec-6319-56452-0498.fits
6319/spec-6319-56452-0499.fits
6319/spec-6319-56452-0500.fits
6319/spec-6319-56452-0501.fits
6319/spec-6319-56452-0502.fits
6319/spec-6319-56452-0503.fits
6319/spec-6319-56452-0504.fits
6319/spec-6319-56452-0505.fits
6319/spec-6319-56452-0506.fits
6319/spec-6319-56452-0507.fits
6319/spec-6319-56452-0508.fits
6319/spec-6319-56452-0509.fits
6319/spec-6319-56452-0510.fits
6319/spec-6319-56452-0511.fits
6319/spec-6319-56452-0512.fits
6319/spec-6319-56452-0513.fits
6319/spec-6319-56452-0514.fits
6319/spec-6319-56452-0515.fits
6319/spec-6319-56452-0516.fits
6319/spec-6319-56452-0517.fits
6319/spec-6319-56452-0518.fits
6319/spec-6319-56452-0519.fits
6319/spec-6319-56452-0520.fits
6319/spec-6319-56452-0521.fits
6319/spec-6319-56452-0522.fits
6319/spec-6319-56452-0523.fits
6319/spec-6319-56452-0524.fits
6319/spec-6319-56452-0525.fits
6319/spec-6319-56452-0526.fits
6319/spec-6319-56452-0527.fits
6319/spec-6319-56452-0528.fits
6319/spec-6319-56452-0529.fits
6319/spec-6319-56452-0530.fits
6319/spec-6319-56452-0531.fits
6319/spec-6319-56452-0532.fits
6319/spec-6319-56452-0533.fits
6319/spec-6319-56452-0534.fits
6319/spec-6319-56452-0535.fits
6319/spec-6319-56452-0536.fits
6319/spec-6319-56452-0537.fits
6319/spec-6319-56452-0538.fits
6319/spec-6319-56452-0539.fits
6319/spec-6319-56452-0540.fits
6319/spec-6319-56452-0541.fits
6319/spec-6319-56452-0542.fits
6319/spec-6319-56452-0543.fits
6319/spec-6319-56452-0544.fits
6319/spec-6319-56452-0545.fits
6319/spec-6319-56452-0546.fits
6319/spec-6319-56452-0547.fits
6319/spec-6319-56452-0548.fits
6319/spec-6319-56452-0549.fits
6319/spec-6319-56452-0550.fits
6319/spec-6319-56452-0551.fits
6319/spec-6319-56452-0552.fits
6319/spec-6319-56452-0553.fits
6319/spec-6319-56452-0554.fits
6319/spec-6319-56452-0555.fits
6319/spec-6319-56452-0556.fits
6319/spec-6319-56452-0557.fits
6319/spec-6319-56452-0558.fits
6319/spec-6319-56452-0559.fits
6319/spec-6319-56452-0560.fits
6319/spec-6319-56452-0561.fits
6319/spec-6319-56452-0562.fits
6319/spec-6319-56452-0563.fits
6319/spec-6319-56452-0564.fits
6319/spec-6319-56452-0565.fits
6319/spec-6319-56452-0566.fits
6319/spec-6319-56452-0567.fits
6319/spec-6319-56452-0568.fits
6319/spec-6319-56452-0569.fits
6319/spec-6319-56452-0570.fits
6319/spec-6319-56452-0571.fits
6319/spec-6319-56452-0572.fits
6319/spec-6319-56452-0573.fits
6319/spec-6319-56452-0574.fits
6319/spec-6319-56452-0575.fits
6319/spec-6319-56452-0576.fits
6319/spec-6319-56452-0577.fits
6319/spec-6319-56452-0578.fits
6319/spec-6319-56452-0579.fits
6319/spec-6319-56452-0580.fits
6319/spec-6319-56452-0581.fits
6319/spec-6319-56452-0582.fits
6319/spec-6319-56452-0583.fits
6319/spec-6319-56452-0584.fits
6319/spec-6319-56452-0585.fits
6319/spec-6319-56452-0586.fits
6319/spec-6319-56452-0587.fits
6319/spec-6319-56452-0588.fits
6319/spec-6319-56452-0589.fits
6319/spec-6319-56452-0590.fits
6319/spec-6319-56452-0591.fits
6319/spec-6319-56452-0592.fits
6319/spec-6319-56452-0593.fits
6319/spec-6319-56452-0594.fits
6319/spec-6319-56452-0595.fits
6319/spec-6319-56452-0596.fits
6319/spec-6319-56452-0597.fits
6319/spec-6319-56452-0598.fits
6319/spec-6319-56452-0599.fits
6319/spec-6319-56452-0600.fits
6319/spec-6319-56452-0601.fits
6319/spec-6319-56452-0602.fits
6319/spec-6319-56452-0603.fits
6319/spec-6319-56452-0604.fits
6319/spec-6319-56452-0605.fits
6319/spec-6319-56452-0606.fits
6319/spec-6319-56452-0607.fits
6319/spec-6319-56452-0608.fits
6319/spec-6319-56452-0609.fits
6319/spec-6319-56452-0610.fits
6319/spec-6319-56452-0611.fits
6319/spec-6319-56452-0612.fits
6319/spec-6319-56452-0613.fits
6319/spec-6319-56452-0614.fits
6319/spec-6319-56452-0615.fits
6319/spec-6319-56452-0616.fits
6319/spec-6319-56452-0617.fits
6319/spec-6319-56452-0618.fits
6319/spec-6319-56452-0619.fits
6319/spec-6319-56452-0620.fits
6319/spec-6319-56452-0621.fits
6319/spec-6319-56452-0622.fits
6319/spec-6319-56452-0623.fits
6319/spec-6319-56452-0624.fits
6319/spec-6319-56452-0625.fits
6319/spec-6319-56452-0626.fits
6319/spec-6319-56452-0627.fits
6319/spec-6319-56452-0628.fits
6319/spec-6319-56452-0629.fits
6319/spec-6319-56452-0630.fits
6319/spec-6319-56452-0631.fits
6319/spec-6319-56452-0632.fits
6319/spec-6319-56452-0633.fits
6319/spec-6319-56452-0634.fits
6319/spec-6319-56452-0635.fits
6319/spec-6319-56452-0636.fits
6319/spec-6319-56452-0637.fits
6319/spec-6319-56452-0638.fits
6319/spec-6319-56452-0639.fits
6319/spec-6319-56452-0640.fits
6319/spec-6319-56452-0641.fits
6319/spec-6319-56452-0642.fits
6319/spec-6319-56452-0643.fits
6319/spec-6319-56452-0644.fits
6319/spec-6319-56452-0645.fits
6319/spec-6319-56452-0646.fits
6319/spec-6319-56452-0647.fits
6319/spec-6319-56452-0648.fits
6319/spec-6319-56452-0649.fits
6319/spec-6319-56452-0650.fits
6319/spec-6319-56452-0651.fits
6319/spec-6319-56452-0652.fits
6319/spec-6319-56452-0653.fits
6319/spec-6319-56452-0654.fits
6319/spec-6319-56452-0655.fits
6319/spec-6319-56452-0656.fits
6319/spec-6319-56452-0657.fits
6319/spec-6319-56452-0658.fits
6319/spec-6319-56452-0659.fits
6319/spec-6319-56452-0660.fits
6319/spec-6319-56452-0661.fits
6319/spec-6319-56452-0662.fits
6319/spec-6319-56452-0663.fits
6319/spec-6319-56452-0664.fits
6319/spec-6319-56452-0665.fits
6319/spec-6319-56452-0666.fits
6319/spec-6319-56452-0667.fits
6319/spec-6319-56452-0668.fits
6319/spec-6319-56452-0669.fits
6319/spec-6319-56452-0670.fits
6319/spec-6319-56452-0671.fits
6319/spec-6319-56452-0672.fits
6319/spec-6319-56452-0673.fits
6319/spec-6319-56452-0674.fits
6319/spec-6319-56452-0675.fits
6319/spec-6319-56452-0676.fits
6319/spec-6319-56452-0677.fits
6319/spec-6319-56452-0678.fits
6319/spec-6319-56452-0679.fits
6319/spec-6319-56452-0680.fits
6319/spec-6319-56452-0681.fits
6319/spec-6319-56452-0682.fits
6319/spec-6319-56452-0683.fits
6319/spec-6319-56452-0684.fits
6319/spec-6319-56452-0685.fits
6319/spec-6319-56452-0686.fits
6319/spec-6319-56452-0687.fits
6319/spec-6319-56452-0688.fits
6319/spec-6319-56452-0689.fits
6319/spec-6319-56452-0690.fits
6319/spec-6319-56452-0691.fits
6319/spec-6319-56452-0692.fits
6319/spec-6319-56452-0693.fits
6319/spec-6319-56452-0694.fits
6319/spec-6319-56452-0695.fits
6319/spec-6319-56452-0696.fits
6319/spec-6319-56452-0697.fits
6319/spec-6319-56452-0698.fits
6319/spec-6319-56452-0699.fits
6319/spec-6319-56452-0700.fits
6319/spec-6319-56452-0701.fits
6319/spec-6319-56452-0702.fits
6319/spec-6319-56452-0703.fits
6319/spec-6319-56452-0704.fits
6319/spec-6319-56452-0705.fits
6319/spec-6319-56452-0706.fits
6319/spec-6319-56452-0707.fits
6319/spec-6319-56452-0708.fits
6319/spec-6319-56452-0709.fits
6319/spec-6319-56452-0710.fits
6319/spec-6319-56452-0711.fits
6319/spec-6319-56452-0712.fits
6319/spec-6319-56452-0713.fits
6319/spec-6319-56452-0714.fits
6319/spec-6319-56452-0715.fits
6319/spec-6319-56452-0716.fits
6319/spec-6319-56452-0717.fits
6319/spec-6319-56452-0718.fits
6319/spec-6319-56452-0719.fits
6319/spec-6319-56452-0720.fits
6319/spec-6319-56452-0721.fits
6319/spec-6319-56452-0722.fits
6319/spec-6319-56452-0723.fits
6319/spec-6319-56452-0724.fits
6319/spec-6319-56452-0725.fits
6319/spec-6319-56452-0726.fits
6319/spec-6319-56452-0727.fits
6319/spec-6319-56452-0728.fits
6319/spec-6319-56452-0729.fits
6319/spec-6319-56452-0730.fits
6319/spec-6319-56452-0731.fits
6319/spec-6319-56452-0732.fits
6319/spec-6319-56452-0733.fits
6319/spec-6319-56452-0734.fits
6319/spec-6319-56452-0735.fits
6319/spec-6319-56452-0736.fits
6319/spec-6319-56452-0737.fits
6319/spec-6319-56452-0738.fits
6319/spec-6319-56452-0739.fits
6319/spec-6319-56452-0740.fits
6319/spec-6319-56452-0741.fits
6319/spec-6319-56452-0742.fits
6319/spec-6319-56452-0743.fits
6319/spec-6319-56452-0744.fits
6319/spec-6319-56452-0745.fits
6319/spec-6319-56452-0746.fits
6319/spec-6319-56452-0747.fits
6319/spec-6319-56452-0748.fits
6319/spec-6319-56452-0749.fits
6319/spec-6319-56452-0750.fits
6319/spec-6319-56452-0751.fits
6319/spec-6319-56452-0752.fits
6319/spec-6319-56452-0753.fits
6319/spec-6319-56452-0754.fits
6319/spec-6319-56452-0755.fits
6319/spec-6319-56452-0756.fits
6319/spec-6319-56452-0757.fits
6319/spec-6319-56452-0758.fits
6319/spec-6319-56452-0759.fits
6319/spec-6319-56452-0760.fits
6319/spec-6319-56452-0761.fits
6319/spec-6319-56452-0762.fits
6319/spec-6319-56452-0763.fits
6319/spec-6319-56452-0764.fits
6319/spec-6319-56452-0765.fits
6319/spec-6319-56452-0766.fits
6319/spec-6319-56452-0767.fits
6319/spec-6319-56452-0768.fits
6319/spec-6319-56452-0769.fits
6319/spec-6319-56452-0770.fits
6319/spec-6319-56452-0771.fits
6319/spec-6319-56452-0772.fits
6319/spec-6319-56452-0773.fits
6319/spec-6319-56452-0774.fits
6319/spec-6319-56452-0775.fits
6319/spec-6319-56452-0776.fits
6319/spec-6319-56452-0777.fits
6319/spec-6319-56452-0778.fits
6319/spec-6319-56452-0779.fits
6319/spec-6319-56452-0780.fits
6319/spec-6319-56452-0781.fits
6319/spec-6319-56452-0782.fits
6319/spec-6319-56452-0783.fits
6319/spec-6319-56452-0784.fits
6319/spec-6319-56452-0785.fits
6319/spec-6319-56452-0786.fits
6319/spec-6319-56452-0787.fits
6319/spec-6319-56452-0788.fits
6319/spec-6319-56452-0789.fits
6319/spec-6319-56452-0790.fits
6319/spec-6319-56452-0791.fits
6319/spec-6319-56452-0792.fits
6319/spec-6319-56452-0793.fits
6319/spec-6319-56452-0794.fits
6319/spec-6319-56452-0795.fits
6319/spec-6319-56452-0796.fits
6319/spec-6319-56452-0797.fits
6319/spec-6319-56452-0798.fits
6319/spec-6319-56452-0799.fits
6319/spec-6319-56452-0800.fits
6319/spec-6319-56452-0801.fits
6319/spec-6319-56452-0802.fits
6319/spec-6319-56452-0803.fits
6319/spec-6319-56452-0804.fits
6319/spec-6319-56452-0805.fits
6319/spec-6319-56452-0806.fits
6319/spec-6319-56452-0807.fits
6319/spec-6319-56452-0808.fits
6319/spec-6319-56452-0809.fits
6319/spec-6319-56452-0810.fits
6319/spec-6319-56452-0811.fits
6319/spec-6319-56452-0812.fits
6319/spec-6319-56452-0813.fits
6319/spec-6319-56452-0814.fits
6319/spec-6319-56452-0815.fits
6319/spec-6319-56452-0816.fits
6319/spec-6319-56452-0817.fits
6319/spec-6319-56452-0818.fits
6319/spec-6319-56452-0819.fits
6319/spec-6319-56452-0820.fits
6319/spec-6319-56452-0821.fits
6319/spec-6319-56452-0822.fits
6319/spec-6319-56452-0823.fits
6319/spec-6319-56452-0824.fits
6319/spec-6319-56452-0825.fits
6319/spec-6319-56452-0826.fits
6319/spec-6319-56452-0827.fits
6319/spec-6319-56452-0828.fits
6319/spec-6319-56452-0829.fits
6319/spec-6319-56452-0830.fits
6319/spec-6319-56452-0831.fits
6319/spec-6319-56452-0832.fits
6319/spec-6319-56452-0833.fits
6319/spec-6319-56452-0834.fits
6319/spec-6319-56452-0835.fits
6319/spec-6319-56452-0836.fits
6319/spec-6319-56452-0837.fits
6319/spec-6319-56452-0838.fits
6319/spec-6319-56452-0839.fits
6319/spec-6319-56452-0840.fits
6319/spec-6319-56452-0841.fits
6319/spec-6319-56452-0842.fits
6319/spec-6319-56452-0843.fits
6319/spec-6319-56452-0844.fits
6319/spec-6319-56452-0845.fits
6319/spec-6319-56452-0846.fits
6319/spec-6319-56452-0847.fits
6319/spec-6319-56452-0848.fits
6319/spec-6319-56452-0849.fits
6319/spec-6319-56452-0850.fits
6319/spec-6319-56452-0851.fits
6319/spec-6319-56452-0852.fits
6319/spec-6319-56452-0853.fits
6319/spec-6319-56452-0854.fits
6319/spec-6319-56452-0855.fits
6319/spec-6319-56452-0856.fits
6319/spec-6319-56452-0857.fits
6319/spec-6319-56452-0858.fits
6319/spec-6319-56452-0859.fits
6319/spec-6319-56452-0860.fits
6319/spec-6319-56452-0861.fits
6319/spec-6319-56452-0862.fits
6319/spec-6319-56452-0863.fits
6319/spec-6319-56452-0864.fits
6319/spec-6319-56452-0865.fits
6319/spec-6319-56452-0866.fits
6319/spec-6319-56452-0867.fits
6319/spec-6319-56452-0868.fits
6319/spec-6319-56452-0869.fits
6319/spec-6319-56452-0870.fits
6319/spec-6319-56452-0871.fits
6319/spec-6319-56452-0872.fits
6319/spec-6319-56452-0873.fits
6319/spec-6319-56452-0874.fits
6319/spec-6319-56452-0875.fits
6319/spec-6319-56452-0876.fits
6319/spec-6319-56452-0877.fits
6319/spec-6319-56452-0878.fits
6319/spec-6319-56452-0879.fits
6319/spec-6319-56452-0880.fits
6319/spec-6319-56452-0881.fits
6319/spec-6319-56452-0882.fits
6319/spec-6319-56452-0883.fits
6319/spec-6319-56452-0884.fits
6319/spec-6319-56452-0885.fits
6319/spec-6319-56452-0886.fits
6319/spec-6319-56452-0887.fits
6319/spec-6319-56452-0888.fits
6319/spec-6319-56452-0889.fits
6319/spec-6319-56452-0890.fits
6319/spec-6319-56452-0891.fits
6319/spec-6319-56452-0892.fits
6319/spec-6319-56452-0893.fits
6319/spec-6319-56452-0894.fits
6319/spec-6319-56452-0895.fits
6319/spec-6319-56452-0896.fits
6319/spec-6319-56452-0897.fits
6319/spec-6319-56452-0898.fits
6319/spec-6319-56452-0899.fits
6319/spec-6319-56452-0900.fits
6319/spec-6319-56452-0901.fits
6319/spec-6319-56452-0902.fits
6319/spec-6319-56452-0903.fits
6319/spec-6319-56452-0904.fits
6319/spec-6319-56452-0905.fits
6319/spec-6319-56452-0906.fits
6319/spec-6319-56452-0907.fits
6319/spec-6319-56452-0908.fits
6319/spec-6319-56452-0909.fits
6319/spec-6319-56452-0910.fits
6319/spec-6319-56452-0911.fits
6319/spec-6319-56452-0912.fits
6319/spec-6319-56452-0913.fits
6319/spec-6319-56452-0914.fits
6319/spec-6319-56452-0915.fits
6319/spec-6319-56452-0916.fits
6319/spec-6319-56452-0917.fits
6319/spec-6319-56452-0918.fits
6319/spec-6319-56452-0919.fits
6319/spec-6319-56452-0920.fits
6319/spec-6319-56452-0921.fits
6319/spec-6319-56452-0922.fits
6319/spec-6319-56452-0923.fits
6319/spec-6319-56452-0924.fits
6319/spec-6319-56452-0925.fits
6319/spec-6319-56452-0926.fits
6319/spec-6319-56452-0927.fits
6319/spec-6319-56452-0928.fits
6319/spec-6319-56452-0929.fits
6319/spec-6319-56452-0930.fits
6319/spec-6319-56452-0931.fits
6319/spec-6319-56452-0932.fits
6319/spec-6319-56452-0933.fits
6319/spec-6319-56452-0934.fits
6319/spec-6319-56452-0935.fits
6319/spec-6319-56452-0936.fits
6319/spec-6319-56452-0937.fits
6319/spec-6319-56452-0938.fits
6319/spec-6319-56452-0939.fits
6319/spec-6319-56452-0940.fits
6319/spec-6319-56452-0941.fits
6319/spec-6319-56452-0942.fits
6319/spec-6319-56452-0943.fits
6319/spec-6319-56452-0944.fits
6319/spec-6319-56452-0945.fits
6319/spec-6319-56452-0946.fits
6319/spec-6319-56452-0947.fits
6319/spec-6319-56452-0948.fits
6319/spec-6319-56452-0949.fits
6319/spec-6319-56452-0950.fits
6319/spec-6319-56452-0951.fits
6319/spec-6319-56452-0952.fits
6319/spec-6319-56452-0953.fits
6319/spec-6319-56452-0954.fits
6319/spec-6319-56452-0955.fits
6319/spec-6319-56452-0956.fits
6319/spec-6319-56452-0957.fits
6319/spec-6319-56452-0958.fits
6319/spec-6319-56452-0959.fits
6319/spec-6319-56452-0960.fits
6319/spec-6319-56452-0961.fits
6319/spec-6319-56452-0962.fits
6319/spec-6319-56452-0963.fits
6319/spec-6319-56452-0964.fits
6319/spec-6319-56452-0965.fits
6319/spec-6319-56452-0966.fits
6319/spec-6319-56452-0967.fits
6319/spec-6319-56452-0968.fits
6319/spec-6319-56452-0969.fits
6319/spec-6319-56452-0970.fits
6319/spec-6319-56452-0971.fits
6319/spec-6319-56452-0972.fits
6319/spec-6319-56452-0973.fits
6319/spec-6319-56452-0974.fits
6319/spec-6319-56452-0975.fits
6319/spec-6319-56452-0976.fits
6319/spec-6319-56452-0977.fits
6319/spec-6319-56452-0978.fits
6319/spec-6319-56452-0979.fits
6319/spec-6319-56452-0980.fits
6319/spec-6319-56452-0981.fits
6319/spec-6319-56452-0982.fits
6319/spec-6319-56452-0983.fits
6319/spec-6319-56452-0984.fits
6319/spec-6319-56452-0985.fits
6319/spec-6319-56452-0986.fits
6319/spec-6319-56452-0987.fits
6319/spec-6319-56452-0988.fits
6319/spec-6319-56452-0989.fits
6319/spec-6319-56452-0990.fits
6319/spec-6319-56452-0991.fits
6319/spec-6319-56452-0992.fits
6319/spec-6319-56452-0993.fits
6319/spec-6319-56452-0994.fits
6319/spec-6319-56452-0995.fits
6319/spec-6319-56452-0996.fits
6319/spec-6319-56452-0997.fits
6319/spec-6319-56452-0998.fits
6319/spec-6319-56452-0999.fits
6319/spec-6319-56452-1000.fits
/var/lib/condor/execute/slot1/dir_37325
6319 6319.tgz R R361.tar.gz _condor_stderr _condor_stdout cB58_Lyman_break.fit condor_exec.exe hw4.R packages packages.tar.gz tmp var
[1] "Loaded package astro."
[1] 1000
6319 6319.csv 6319.tgz R R361.tar.gz _condor_stderr _condor_stdout cB58_Lyman_break.fit condor_exec.exe hw4.R packages packages.tar.gz tmp var
