6384
6384/
6384/spec-6384-56363-0001.fits
6384/spec-6384-56363-0002.fits
6384/spec-6384-56363-0003.fits
6384/spec-6384-56363-0004.fits
6384/spec-6384-56363-0005.fits
6384/spec-6384-56363-0006.fits
6384/spec-6384-56363-0007.fits
6384/spec-6384-56363-0008.fits
6384/spec-6384-56363-0009.fits
6384/spec-6384-56363-0010.fits
6384/spec-6384-56363-0011.fits
6384/spec-6384-56363-0012.fits
6384/spec-6384-56363-0013.fits
6384/spec-6384-56363-0014.fits
6384/spec-6384-56363-0015.fits
6384/spec-6384-56363-0016.fits
6384/spec-6384-56363-0017.fits
6384/spec-6384-56363-0018.fits
6384/spec-6384-56363-0019.fits
6384/spec-6384-56363-0020.fits
6384/spec-6384-56363-0021.fits
6384/spec-6384-56363-0022.fits
6384/spec-6384-56363-0023.fits
6384/spec-6384-56363-0024.fits
6384/spec-6384-56363-0025.fits
6384/spec-6384-56363-0026.fits
6384/spec-6384-56363-0027.fits
6384/spec-6384-56363-0028.fits
6384/spec-6384-56363-0029.fits
6384/spec-6384-56363-0030.fits
6384/spec-6384-56363-0031.fits
6384/spec-6384-56363-0032.fits
6384/spec-6384-56363-0033.fits
6384/spec-6384-56363-0034.fits
6384/spec-6384-56363-0035.fits
6384/spec-6384-56363-0036.fits
6384/spec-6384-56363-0037.fits
6384/spec-6384-56363-0038.fits
6384/spec-6384-56363-0039.fits
6384/spec-6384-56363-0040.fits
6384/spec-6384-56363-0041.fits
6384/spec-6384-56363-0042.fits
6384/spec-6384-56363-0043.fits
6384/spec-6384-56363-0044.fits
6384/spec-6384-56363-0045.fits
6384/spec-6384-56363-0046.fits
6384/spec-6384-56363-0047.fits
6384/spec-6384-56363-0048.fits
6384/spec-6384-56363-0049.fits
6384/spec-6384-56363-0050.fits
6384/spec-6384-56363-0051.fits
6384/spec-6384-56363-0052.fits
6384/spec-6384-56363-0053.fits
6384/spec-6384-56363-0054.fits
6384/spec-6384-56363-0055.fits
6384/spec-6384-56363-0056.fits
6384/spec-6384-56363-0057.fits
6384/spec-6384-56363-0058.fits
6384/spec-6384-56363-0059.fits
6384/spec-6384-56363-0060.fits
6384/spec-6384-56363-0061.fits
6384/spec-6384-56363-0062.fits
6384/spec-6384-56363-0063.fits
6384/spec-6384-56363-0064.fits
6384/spec-6384-56363-0065.fits
6384/spec-6384-56363-0066.fits
6384/spec-6384-56363-0067.fits
6384/spec-6384-56363-0068.fits
6384/spec-6384-56363-0069.fits
6384/spec-6384-56363-0070.fits
6384/spec-6384-56363-0071.fits
6384/spec-6384-56363-0072.fits
6384/spec-6384-56363-0073.fits
6384/spec-6384-56363-0074.fits
6384/spec-6384-56363-0075.fits
6384/spec-6384-56363-0076.fits
6384/spec-6384-56363-0077.fits
6384/spec-6384-56363-0078.fits
6384/spec-6384-56363-0079.fits
6384/spec-6384-56363-0080.fits
6384/spec-6384-56363-0081.fits
6384/spec-6384-56363-0082.fits
6384/spec-6384-56363-0083.fits
6384/spec-6384-56363-0084.fits
6384/spec-6384-56363-0085.fits
6384/spec-6384-56363-0086.fits
6384/spec-6384-56363-0087.fits
6384/spec-6384-56363-0088.fits
6384/spec-6384-56363-0089.fits
6384/spec-6384-56363-0090.fits
6384/spec-6384-56363-0091.fits
6384/spec-6384-56363-0092.fits
6384/spec-6384-56363-0093.fits
6384/spec-6384-56363-0094.fits
6384/spec-6384-56363-0095.fits
6384/spec-6384-56363-0096.fits
6384/spec-6384-56363-0097.fits
6384/spec-6384-56363-0098.fits
6384/spec-6384-56363-0099.fits
6384/spec-6384-56363-0100.fits
6384/spec-6384-56363-0101.fits
6384/spec-6384-56363-0102.fits
6384/spec-6384-56363-0103.fits
6384/spec-6384-56363-0104.fits
6384/spec-6384-56363-0105.fits
6384/spec-6384-56363-0106.fits
6384/spec-6384-56363-0107.fits
6384/spec-6384-56363-0108.fits
6384/spec-6384-56363-0109.fits
6384/spec-6384-56363-0110.fits
6384/spec-6384-56363-0111.fits
6384/spec-6384-56363-0112.fits
6384/spec-6384-56363-0113.fits
6384/spec-6384-56363-0114.fits
6384/spec-6384-56363-0115.fits
6384/spec-6384-56363-0116.fits
6384/spec-6384-56363-0117.fits
6384/spec-6384-56363-0118.fits
6384/spec-6384-56363-0119.fits
6384/spec-6384-56363-0120.fits
6384/spec-6384-56363-0121.fits
6384/spec-6384-56363-0122.fits
6384/spec-6384-56363-0123.fits
6384/spec-6384-56363-0124.fits
6384/spec-6384-56363-0125.fits
6384/spec-6384-56363-0126.fits
6384/spec-6384-56363-0127.fits
6384/spec-6384-56363-0128.fits
6384/spec-6384-56363-0129.fits
6384/spec-6384-56363-0130.fits
6384/spec-6384-56363-0131.fits
6384/spec-6384-56363-0132.fits
6384/spec-6384-56363-0133.fits
6384/spec-6384-56363-0134.fits
6384/spec-6384-56363-0135.fits
6384/spec-6384-56363-0136.fits
6384/spec-6384-56363-0137.fits
6384/spec-6384-56363-0138.fits
6384/spec-6384-56363-0139.fits
6384/spec-6384-56363-0140.fits
6384/spec-6384-56363-0141.fits
6384/spec-6384-56363-0142.fits
6384/spec-6384-56363-0143.fits
6384/spec-6384-56363-0144.fits
6384/spec-6384-56363-0145.fits
6384/spec-6384-56363-0146.fits
6384/spec-6384-56363-0147.fits
6384/spec-6384-56363-0148.fits
6384/spec-6384-56363-0149.fits
6384/spec-6384-56363-0150.fits
6384/spec-6384-56363-0151.fits
6384/spec-6384-56363-0152.fits
6384/spec-6384-56363-0153.fits
6384/spec-6384-56363-0154.fits
6384/spec-6384-56363-0155.fits
6384/spec-6384-56363-0156.fits
6384/spec-6384-56363-0157.fits
6384/spec-6384-56363-0158.fits
6384/spec-6384-56363-0159.fits
6384/spec-6384-56363-0160.fits
6384/spec-6384-56363-0161.fits
6384/spec-6384-56363-0162.fits
6384/spec-6384-56363-0163.fits
6384/spec-6384-56363-0164.fits
6384/spec-6384-56363-0165.fits
6384/spec-6384-56363-0166.fits
6384/spec-6384-56363-0167.fits
6384/spec-6384-56363-0168.fits
6384/spec-6384-56363-0169.fits
6384/spec-6384-56363-0170.fits
6384/spec-6384-56363-0171.fits
6384/spec-6384-56363-0172.fits
6384/spec-6384-56363-0173.fits
6384/spec-6384-56363-0174.fits
6384/spec-6384-56363-0175.fits
6384/spec-6384-56363-0176.fits
6384/spec-6384-56363-0177.fits
6384/spec-6384-56363-0178.fits
6384/spec-6384-56363-0179.fits
6384/spec-6384-56363-0180.fits
6384/spec-6384-56363-0181.fits
6384/spec-6384-56363-0182.fits
6384/spec-6384-56363-0183.fits
6384/spec-6384-56363-0184.fits
6384/spec-6384-56363-0185.fits
6384/spec-6384-56363-0186.fits
6384/spec-6384-56363-0187.fits
6384/spec-6384-56363-0188.fits
6384/spec-6384-56363-0189.fits
6384/spec-6384-56363-0190.fits
6384/spec-6384-56363-0191.fits
6384/spec-6384-56363-0192.fits
6384/spec-6384-56363-0193.fits
6384/spec-6384-56363-0194.fits
6384/spec-6384-56363-0195.fits
6384/spec-6384-56363-0196.fits
6384/spec-6384-56363-0197.fits
6384/spec-6384-56363-0198.fits
6384/spec-6384-56363-0199.fits
6384/spec-6384-56363-0200.fits
6384/spec-6384-56363-0201.fits
6384/spec-6384-56363-0202.fits
6384/spec-6384-56363-0203.fits
6384/spec-6384-56363-0204.fits
6384/spec-6384-56363-0205.fits
6384/spec-6384-56363-0206.fits
6384/spec-6384-56363-0207.fits
6384/spec-6384-56363-0208.fits
6384/spec-6384-56363-0209.fits
6384/spec-6384-56363-0210.fits
6384/spec-6384-56363-0211.fits
6384/spec-6384-56363-0212.fits
6384/spec-6384-56363-0213.fits
6384/spec-6384-56363-0214.fits
6384/spec-6384-56363-0215.fits
6384/spec-6384-56363-0216.fits
6384/spec-6384-56363-0217.fits
6384/spec-6384-56363-0218.fits
6384/spec-6384-56363-0219.fits
6384/spec-6384-56363-0220.fits
6384/spec-6384-56363-0221.fits
6384/spec-6384-56363-0222.fits
6384/spec-6384-56363-0223.fits
6384/spec-6384-56363-0224.fits
6384/spec-6384-56363-0225.fits
6384/spec-6384-56363-0226.fits
6384/spec-6384-56363-0227.fits
6384/spec-6384-56363-0228.fits
6384/spec-6384-56363-0229.fits
6384/spec-6384-56363-0230.fits
6384/spec-6384-56363-0231.fits
6384/spec-6384-56363-0232.fits
6384/spec-6384-56363-0233.fits
6384/spec-6384-56363-0234.fits
6384/spec-6384-56363-0235.fits
6384/spec-6384-56363-0236.fits
6384/spec-6384-56363-0237.fits
6384/spec-6384-56363-0238.fits
6384/spec-6384-56363-0239.fits
6384/spec-6384-56363-0240.fits
6384/spec-6384-56363-0241.fits
6384/spec-6384-56363-0242.fits
6384/spec-6384-56363-0243.fits
6384/spec-6384-56363-0244.fits
6384/spec-6384-56363-0245.fits
6384/spec-6384-56363-0246.fits
6384/spec-6384-56363-0247.fits
6384/spec-6384-56363-0248.fits
6384/spec-6384-56363-0249.fits
6384/spec-6384-56363-0250.fits
6384/spec-6384-56363-0251.fits
6384/spec-6384-56363-0252.fits
6384/spec-6384-56363-0253.fits
6384/spec-6384-56363-0254.fits
6384/spec-6384-56363-0255.fits
6384/spec-6384-56363-0256.fits
6384/spec-6384-56363-0257.fits
6384/spec-6384-56363-0258.fits
6384/spec-6384-56363-0259.fits
6384/spec-6384-56363-0260.fits
6384/spec-6384-56363-0261.fits
6384/spec-6384-56363-0262.fits
6384/spec-6384-56363-0263.fits
6384/spec-6384-56363-0264.fits
6384/spec-6384-56363-0265.fits
6384/spec-6384-56363-0266.fits
6384/spec-6384-56363-0267.fits
6384/spec-6384-56363-0268.fits
6384/spec-6384-56363-0269.fits
6384/spec-6384-56363-0270.fits
6384/spec-6384-56363-0271.fits
6384/spec-6384-56363-0272.fits
6384/spec-6384-56363-0273.fits
6384/spec-6384-56363-0274.fits
6384/spec-6384-56363-0275.fits
6384/spec-6384-56363-0276.fits
6384/spec-6384-56363-0277.fits
6384/spec-6384-56363-0278.fits
6384/spec-6384-56363-0279.fits
6384/spec-6384-56363-0280.fits
6384/spec-6384-56363-0281.fits
6384/spec-6384-56363-0282.fits
6384/spec-6384-56363-0283.fits
6384/spec-6384-56363-0284.fits
6384/spec-6384-56363-0285.fits
6384/spec-6384-56363-0286.fits
6384/spec-6384-56363-0287.fits
6384/spec-6384-56363-0288.fits
6384/spec-6384-56363-0289.fits
6384/spec-6384-56363-0290.fits
6384/spec-6384-56363-0291.fits
6384/spec-6384-56363-0292.fits
6384/spec-6384-56363-0293.fits
6384/spec-6384-56363-0294.fits
6384/spec-6384-56363-0295.fits
6384/spec-6384-56363-0296.fits
6384/spec-6384-56363-0297.fits
6384/spec-6384-56363-0298.fits
6384/spec-6384-56363-0299.fits
6384/spec-6384-56363-0300.fits
6384/spec-6384-56363-0301.fits
6384/spec-6384-56363-0302.fits
6384/spec-6384-56363-0303.fits
6384/spec-6384-56363-0304.fits
6384/spec-6384-56363-0305.fits
6384/spec-6384-56363-0306.fits
6384/spec-6384-56363-0307.fits
6384/spec-6384-56363-0308.fits
6384/spec-6384-56363-0309.fits
6384/spec-6384-56363-0310.fits
6384/spec-6384-56363-0311.fits
6384/spec-6384-56363-0312.fits
6384/spec-6384-56363-0313.fits
6384/spec-6384-56363-0314.fits
6384/spec-6384-56363-0315.fits
6384/spec-6384-56363-0316.fits
6384/spec-6384-56363-0317.fits
6384/spec-6384-56363-0318.fits
6384/spec-6384-56363-0319.fits
6384/spec-6384-56363-0320.fits
6384/spec-6384-56363-0321.fits
6384/spec-6384-56363-0322.fits
6384/spec-6384-56363-0323.fits
6384/spec-6384-56363-0324.fits
6384/spec-6384-56363-0325.fits
6384/spec-6384-56363-0326.fits
6384/spec-6384-56363-0327.fits
6384/spec-6384-56363-0328.fits
6384/spec-6384-56363-0329.fits
6384/spec-6384-56363-0330.fits
6384/spec-6384-56363-0331.fits
6384/spec-6384-56363-0332.fits
6384/spec-6384-56363-0333.fits
6384/spec-6384-56363-0334.fits
6384/spec-6384-56363-0335.fits
6384/spec-6384-56363-0336.fits
6384/spec-6384-56363-0337.fits
6384/spec-6384-56363-0338.fits
6384/spec-6384-56363-0339.fits
6384/spec-6384-56363-0340.fits
6384/spec-6384-56363-0341.fits
6384/spec-6384-56363-0342.fits
6384/spec-6384-56363-0343.fits
6384/spec-6384-56363-0344.fits
6384/spec-6384-56363-0345.fits
6384/spec-6384-56363-0346.fits
6384/spec-6384-56363-0347.fits
6384/spec-6384-56363-0348.fits
6384/spec-6384-56363-0349.fits
6384/spec-6384-56363-0350.fits
6384/spec-6384-56363-0351.fits
6384/spec-6384-56363-0352.fits
6384/spec-6384-56363-0353.fits
6384/spec-6384-56363-0354.fits
6384/spec-6384-56363-0355.fits
6384/spec-6384-56363-0356.fits
6384/spec-6384-56363-0357.fits
6384/spec-6384-56363-0358.fits
6384/spec-6384-56363-0359.fits
6384/spec-6384-56363-0360.fits
6384/spec-6384-56363-0361.fits
6384/spec-6384-56363-0362.fits
6384/spec-6384-56363-0363.fits
6384/spec-6384-56363-0364.fits
6384/spec-6384-56363-0365.fits
6384/spec-6384-56363-0366.fits
6384/spec-6384-56363-0367.fits
6384/spec-6384-56363-0368.fits
6384/spec-6384-56363-0369.fits
6384/spec-6384-56363-0370.fits
6384/spec-6384-56363-0371.fits
6384/spec-6384-56363-0372.fits
6384/spec-6384-56363-0373.fits
6384/spec-6384-56363-0374.fits
6384/spec-6384-56363-0375.fits
6384/spec-6384-56363-0376.fits
6384/spec-6384-56363-0377.fits
6384/spec-6384-56363-0378.fits
6384/spec-6384-56363-0379.fits
6384/spec-6384-56363-0380.fits
6384/spec-6384-56363-0381.fits
6384/spec-6384-56363-0382.fits
6384/spec-6384-56363-0383.fits
6384/spec-6384-56363-0384.fits
6384/spec-6384-56363-0385.fits
6384/spec-6384-56363-0386.fits
6384/spec-6384-56363-0387.fits
6384/spec-6384-56363-0388.fits
6384/spec-6384-56363-0389.fits
6384/spec-6384-56363-0390.fits
6384/spec-6384-56363-0391.fits
6384/spec-6384-56363-0392.fits
6384/spec-6384-56363-0393.fits
6384/spec-6384-56363-0394.fits
6384/spec-6384-56363-0395.fits
6384/spec-6384-56363-0396.fits
6384/spec-6384-56363-0397.fits
6384/spec-6384-56363-0398.fits
6384/spec-6384-56363-0399.fits
6384/spec-6384-56363-0400.fits
6384/spec-6384-56363-0401.fits
6384/spec-6384-56363-0402.fits
6384/spec-6384-56363-0403.fits
6384/spec-6384-56363-0404.fits
6384/spec-6384-56363-0405.fits
6384/spec-6384-56363-0406.fits
6384/spec-6384-56363-0407.fits
6384/spec-6384-56363-0408.fits
6384/spec-6384-56363-0409.fits
6384/spec-6384-56363-0410.fits
6384/spec-6384-56363-0411.fits
6384/spec-6384-56363-0412.fits
6384/spec-6384-56363-0413.fits
6384/spec-6384-56363-0414.fits
6384/spec-6384-56363-0415.fits
6384/spec-6384-56363-0416.fits
6384/spec-6384-56363-0417.fits
6384/spec-6384-56363-0418.fits
6384/spec-6384-56363-0419.fits
6384/spec-6384-56363-0420.fits
6384/spec-6384-56363-0421.fits
6384/spec-6384-56363-0422.fits
6384/spec-6384-56363-0423.fits
6384/spec-6384-56363-0424.fits
6384/spec-6384-56363-0425.fits
6384/spec-6384-56363-0426.fits
6384/spec-6384-56363-0427.fits
6384/spec-6384-56363-0428.fits
6384/spec-6384-56363-0429.fits
6384/spec-6384-56363-0430.fits
6384/spec-6384-56363-0431.fits
6384/spec-6384-56363-0432.fits
6384/spec-6384-56363-0433.fits
6384/spec-6384-56363-0434.fits
6384/spec-6384-56363-0435.fits
6384/spec-6384-56363-0436.fits
6384/spec-6384-56363-0437.fits
6384/spec-6384-56363-0438.fits
6384/spec-6384-56363-0439.fits
6384/spec-6384-56363-0440.fits
6384/spec-6384-56363-0441.fits
6384/spec-6384-56363-0442.fits
6384/spec-6384-56363-0443.fits
6384/spec-6384-56363-0444.fits
6384/spec-6384-56363-0445.fits
6384/spec-6384-56363-0446.fits
6384/spec-6384-56363-0447.fits
6384/spec-6384-56363-0448.fits
6384/spec-6384-56363-0449.fits
6384/spec-6384-56363-0450.fits
6384/spec-6384-56363-0451.fits
6384/spec-6384-56363-0452.fits
6384/spec-6384-56363-0453.fits
6384/spec-6384-56363-0454.fits
6384/spec-6384-56363-0455.fits
6384/spec-6384-56363-0456.fits
6384/spec-6384-56363-0457.fits
6384/spec-6384-56363-0458.fits
6384/spec-6384-56363-0459.fits
6384/spec-6384-56363-0460.fits
6384/spec-6384-56363-0461.fits
6384/spec-6384-56363-0462.fits
6384/spec-6384-56363-0463.fits
6384/spec-6384-56363-0464.fits
6384/spec-6384-56363-0465.fits
6384/spec-6384-56363-0466.fits
6384/spec-6384-56363-0467.fits
6384/spec-6384-56363-0468.fits
6384/spec-6384-56363-0469.fits
6384/spec-6384-56363-0470.fits
6384/spec-6384-56363-0471.fits
6384/spec-6384-56363-0472.fits
6384/spec-6384-56363-0473.fits
6384/spec-6384-56363-0474.fits
6384/spec-6384-56363-0475.fits
6384/spec-6384-56363-0476.fits
6384/spec-6384-56363-0477.fits
6384/spec-6384-56363-0478.fits
6384/spec-6384-56363-0479.fits
6384/spec-6384-56363-0480.fits
6384/spec-6384-56363-0481.fits
6384/spec-6384-56363-0482.fits
6384/spec-6384-56363-0483.fits
6384/spec-6384-56363-0484.fits
6384/spec-6384-56363-0485.fits
6384/spec-6384-56363-0486.fits
6384/spec-6384-56363-0487.fits
6384/spec-6384-56363-0488.fits
6384/spec-6384-56363-0489.fits
6384/spec-6384-56363-0490.fits
6384/spec-6384-56363-0491.fits
6384/spec-6384-56363-0492.fits
6384/spec-6384-56363-0493.fits
6384/spec-6384-56363-0494.fits
6384/spec-6384-56363-0495.fits
6384/spec-6384-56363-0496.fits
6384/spec-6384-56363-0497.fits
6384/spec-6384-56363-0498.fits
6384/spec-6384-56363-0499.fits
6384/spec-6384-56363-0500.fits
6384/spec-6384-56363-0501.fits
6384/spec-6384-56363-0502.fits
6384/spec-6384-56363-0503.fits
6384/spec-6384-56363-0504.fits
6384/spec-6384-56363-0505.fits
6384/spec-6384-56363-0506.fits
6384/spec-6384-56363-0507.fits
6384/spec-6384-56363-0508.fits
6384/spec-6384-56363-0509.fits
6384/spec-6384-56363-0510.fits
6384/spec-6384-56363-0511.fits
6384/spec-6384-56363-0512.fits
6384/spec-6384-56363-0513.fits
6384/spec-6384-56363-0514.fits
6384/spec-6384-56363-0515.fits
6384/spec-6384-56363-0516.fits
6384/spec-6384-56363-0517.fits
6384/spec-6384-56363-0518.fits
6384/spec-6384-56363-0519.fits
6384/spec-6384-56363-0520.fits
6384/spec-6384-56363-0521.fits
6384/spec-6384-56363-0522.fits
6384/spec-6384-56363-0523.fits
6384/spec-6384-56363-0524.fits
6384/spec-6384-56363-0525.fits
6384/spec-6384-56363-0526.fits
6384/spec-6384-56363-0527.fits
6384/spec-6384-56363-0528.fits
6384/spec-6384-56363-0529.fits
6384/spec-6384-56363-0530.fits
6384/spec-6384-56363-0531.fits
6384/spec-6384-56363-0532.fits
6384/spec-6384-56363-0533.fits
6384/spec-6384-56363-0534.fits
6384/spec-6384-56363-0535.fits
6384/spec-6384-56363-0536.fits
6384/spec-6384-56363-0537.fits
6384/spec-6384-56363-0538.fits
6384/spec-6384-56363-0539.fits
6384/spec-6384-56363-0540.fits
6384/spec-6384-56363-0541.fits
6384/spec-6384-56363-0542.fits
6384/spec-6384-56363-0543.fits
6384/spec-6384-56363-0544.fits
6384/spec-6384-56363-0545.fits
6384/spec-6384-56363-0546.fits
6384/spec-6384-56363-0547.fits
6384/spec-6384-56363-0548.fits
6384/spec-6384-56363-0549.fits
6384/spec-6384-56363-0550.fits
6384/spec-6384-56363-0551.fits
6384/spec-6384-56363-0552.fits
6384/spec-6384-56363-0553.fits
6384/spec-6384-56363-0554.fits
6384/spec-6384-56363-0555.fits
6384/spec-6384-56363-0556.fits
6384/spec-6384-56363-0557.fits
6384/spec-6384-56363-0558.fits
6384/spec-6384-56363-0559.fits
6384/spec-6384-56363-0560.fits
6384/spec-6384-56363-0561.fits
6384/spec-6384-56363-0562.fits
6384/spec-6384-56363-0563.fits
6384/spec-6384-56363-0564.fits
6384/spec-6384-56363-0565.fits
6384/spec-6384-56363-0566.fits
6384/spec-6384-56363-0567.fits
6384/spec-6384-56363-0568.fits
6384/spec-6384-56363-0569.fits
6384/spec-6384-56363-0570.fits
6384/spec-6384-56363-0571.fits
6384/spec-6384-56363-0572.fits
6384/spec-6384-56363-0573.fits
6384/spec-6384-56363-0574.fits
6384/spec-6384-56363-0575.fits
6384/spec-6384-56363-0576.fits
6384/spec-6384-56363-0577.fits
6384/spec-6384-56363-0578.fits
6384/spec-6384-56363-0579.fits
6384/spec-6384-56363-0580.fits
6384/spec-6384-56363-0581.fits
6384/spec-6384-56363-0582.fits
6384/spec-6384-56363-0583.fits
6384/spec-6384-56363-0584.fits
6384/spec-6384-56363-0585.fits
6384/spec-6384-56363-0586.fits
6384/spec-6384-56363-0587.fits
6384/spec-6384-56363-0588.fits
6384/spec-6384-56363-0589.fits
6384/spec-6384-56363-0590.fits
6384/spec-6384-56363-0591.fits
6384/spec-6384-56363-0592.fits
6384/spec-6384-56363-0593.fits
6384/spec-6384-56363-0594.fits
6384/spec-6384-56363-0595.fits
6384/spec-6384-56363-0596.fits
6384/spec-6384-56363-0597.fits
6384/spec-6384-56363-0598.fits
6384/spec-6384-56363-0599.fits
6384/spec-6384-56363-0600.fits
6384/spec-6384-56363-0601.fits
6384/spec-6384-56363-0602.fits
6384/spec-6384-56363-0603.fits
6384/spec-6384-56363-0604.fits
6384/spec-6384-56363-0605.fits
6384/spec-6384-56363-0606.fits
6384/spec-6384-56363-0607.fits
6384/spec-6384-56363-0608.fits
6384/spec-6384-56363-0609.fits
6384/spec-6384-56363-0610.fits
6384/spec-6384-56363-0611.fits
6384/spec-6384-56363-0612.fits
6384/spec-6384-56363-0613.fits
6384/spec-6384-56363-0614.fits
6384/spec-6384-56363-0615.fits
6384/spec-6384-56363-0616.fits
6384/spec-6384-56363-0617.fits
6384/spec-6384-56363-0618.fits
6384/spec-6384-56363-0619.fits
6384/spec-6384-56363-0620.fits
6384/spec-6384-56363-0621.fits
6384/spec-6384-56363-0622.fits
6384/spec-6384-56363-0623.fits
6384/spec-6384-56363-0624.fits
6384/spec-6384-56363-0625.fits
6384/spec-6384-56363-0626.fits
6384/spec-6384-56363-0627.fits
6384/spec-6384-56363-0628.fits
6384/spec-6384-56363-0629.fits
6384/spec-6384-56363-0630.fits
6384/spec-6384-56363-0631.fits
6384/spec-6384-56363-0632.fits
6384/spec-6384-56363-0633.fits
6384/spec-6384-56363-0634.fits
6384/spec-6384-56363-0635.fits
6384/spec-6384-56363-0636.fits
6384/spec-6384-56363-0637.fits
6384/spec-6384-56363-0638.fits
6384/spec-6384-56363-0639.fits
6384/spec-6384-56363-0640.fits
6384/spec-6384-56363-0641.fits
6384/spec-6384-56363-0642.fits
6384/spec-6384-56363-0643.fits
6384/spec-6384-56363-0644.fits
6384/spec-6384-56363-0645.fits
6384/spec-6384-56363-0646.fits
6384/spec-6384-56363-0647.fits
6384/spec-6384-56363-0648.fits
6384/spec-6384-56363-0649.fits
6384/spec-6384-56363-0650.fits
6384/spec-6384-56363-0651.fits
6384/spec-6384-56363-0652.fits
6384/spec-6384-56363-0653.fits
6384/spec-6384-56363-0654.fits
6384/spec-6384-56363-0655.fits
6384/spec-6384-56363-0656.fits
6384/spec-6384-56363-0657.fits
6384/spec-6384-56363-0658.fits
6384/spec-6384-56363-0659.fits
6384/spec-6384-56363-0660.fits
6384/spec-6384-56363-0661.fits
6384/spec-6384-56363-0662.fits
6384/spec-6384-56363-0663.fits
6384/spec-6384-56363-0664.fits
6384/spec-6384-56363-0665.fits
6384/spec-6384-56363-0666.fits
6384/spec-6384-56363-0667.fits
6384/spec-6384-56363-0668.fits
6384/spec-6384-56363-0669.fits
6384/spec-6384-56363-0670.fits
6384/spec-6384-56363-0671.fits
6384/spec-6384-56363-0672.fits
6384/spec-6384-56363-0673.fits
6384/spec-6384-56363-0674.fits
6384/spec-6384-56363-0675.fits
6384/spec-6384-56363-0676.fits
6384/spec-6384-56363-0677.fits
6384/spec-6384-56363-0678.fits
6384/spec-6384-56363-0679.fits
6384/spec-6384-56363-0680.fits
6384/spec-6384-56363-0681.fits
6384/spec-6384-56363-0682.fits
6384/spec-6384-56363-0683.fits
6384/spec-6384-56363-0684.fits
6384/spec-6384-56363-0685.fits
6384/spec-6384-56363-0686.fits
6384/spec-6384-56363-0687.fits
6384/spec-6384-56363-0688.fits
6384/spec-6384-56363-0689.fits
6384/spec-6384-56363-0690.fits
6384/spec-6384-56363-0691.fits
6384/spec-6384-56363-0692.fits
6384/spec-6384-56363-0693.fits
6384/spec-6384-56363-0694.fits
6384/spec-6384-56363-0695.fits
6384/spec-6384-56363-0696.fits
6384/spec-6384-56363-0697.fits
6384/spec-6384-56363-0698.fits
6384/spec-6384-56363-0699.fits
6384/spec-6384-56363-0700.fits
6384/spec-6384-56363-0701.fits
6384/spec-6384-56363-0702.fits
6384/spec-6384-56363-0703.fits
6384/spec-6384-56363-0704.fits
6384/spec-6384-56363-0705.fits
6384/spec-6384-56363-0706.fits
6384/spec-6384-56363-0707.fits
6384/spec-6384-56363-0708.fits
6384/spec-6384-56363-0709.fits
6384/spec-6384-56363-0710.fits
6384/spec-6384-56363-0711.fits
6384/spec-6384-56363-0712.fits
6384/spec-6384-56363-0713.fits
6384/spec-6384-56363-0714.fits
6384/spec-6384-56363-0715.fits
6384/spec-6384-56363-0716.fits
6384/spec-6384-56363-0717.fits
6384/spec-6384-56363-0718.fits
6384/spec-6384-56363-0719.fits
6384/spec-6384-56363-0720.fits
6384/spec-6384-56363-0721.fits
6384/spec-6384-56363-0722.fits
6384/spec-6384-56363-0723.fits
6384/spec-6384-56363-0724.fits
6384/spec-6384-56363-0725.fits
6384/spec-6384-56363-0726.fits
6384/spec-6384-56363-0727.fits
6384/spec-6384-56363-0728.fits
6384/spec-6384-56363-0729.fits
6384/spec-6384-56363-0730.fits
6384/spec-6384-56363-0731.fits
6384/spec-6384-56363-0732.fits
6384/spec-6384-56363-0733.fits
6384/spec-6384-56363-0734.fits
6384/spec-6384-56363-0735.fits
6384/spec-6384-56363-0736.fits
6384/spec-6384-56363-0737.fits
6384/spec-6384-56363-0738.fits
6384/spec-6384-56363-0739.fits
6384/spec-6384-56363-0740.fits
6384/spec-6384-56363-0741.fits
6384/spec-6384-56363-0742.fits
6384/spec-6384-56363-0743.fits
6384/spec-6384-56363-0744.fits
6384/spec-6384-56363-0745.fits
6384/spec-6384-56363-0746.fits
6384/spec-6384-56363-0747.fits
6384/spec-6384-56363-0748.fits
6384/spec-6384-56363-0749.fits
6384/spec-6384-56363-0750.fits
6384/spec-6384-56363-0751.fits
6384/spec-6384-56363-0752.fits
6384/spec-6384-56363-0753.fits
6384/spec-6384-56363-0754.fits
6384/spec-6384-56363-0755.fits
6384/spec-6384-56363-0756.fits
6384/spec-6384-56363-0757.fits
6384/spec-6384-56363-0758.fits
6384/spec-6384-56363-0759.fits
6384/spec-6384-56363-0760.fits
6384/spec-6384-56363-0761.fits
6384/spec-6384-56363-0762.fits
6384/spec-6384-56363-0763.fits
6384/spec-6384-56363-0764.fits
6384/spec-6384-56363-0765.fits
6384/spec-6384-56363-0766.fits
6384/spec-6384-56363-0767.fits
6384/spec-6384-56363-0768.fits
6384/spec-6384-56363-0769.fits
6384/spec-6384-56363-0770.fits
6384/spec-6384-56363-0771.fits
6384/spec-6384-56363-0772.fits
6384/spec-6384-56363-0773.fits
6384/spec-6384-56363-0774.fits
6384/spec-6384-56363-0775.fits
6384/spec-6384-56363-0776.fits
6384/spec-6384-56363-0777.fits
6384/spec-6384-56363-0778.fits
6384/spec-6384-56363-0779.fits
6384/spec-6384-56363-0780.fits
6384/spec-6384-56363-0781.fits
6384/spec-6384-56363-0782.fits
6384/spec-6384-56363-0783.fits
6384/spec-6384-56363-0784.fits
6384/spec-6384-56363-0785.fits
6384/spec-6384-56363-0786.fits
6384/spec-6384-56363-0787.fits
6384/spec-6384-56363-0788.fits
6384/spec-6384-56363-0789.fits
6384/spec-6384-56363-0790.fits
6384/spec-6384-56363-0791.fits
6384/spec-6384-56363-0792.fits
6384/spec-6384-56363-0793.fits
6384/spec-6384-56363-0794.fits
6384/spec-6384-56363-0795.fits
6384/spec-6384-56363-0796.fits
6384/spec-6384-56363-0797.fits
6384/spec-6384-56363-0798.fits
6384/spec-6384-56363-0799.fits
6384/spec-6384-56363-0800.fits
6384/spec-6384-56363-0801.fits
6384/spec-6384-56363-0802.fits
6384/spec-6384-56363-0803.fits
6384/spec-6384-56363-0804.fits
6384/spec-6384-56363-0805.fits
6384/spec-6384-56363-0806.fits
6384/spec-6384-56363-0807.fits
6384/spec-6384-56363-0808.fits
6384/spec-6384-56363-0809.fits
6384/spec-6384-56363-0810.fits
6384/spec-6384-56363-0811.fits
6384/spec-6384-56363-0812.fits
6384/spec-6384-56363-0813.fits
6384/spec-6384-56363-0814.fits
6384/spec-6384-56363-0815.fits
6384/spec-6384-56363-0816.fits
6384/spec-6384-56363-0817.fits
6384/spec-6384-56363-0818.fits
6384/spec-6384-56363-0819.fits
6384/spec-6384-56363-0820.fits
6384/spec-6384-56363-0821.fits
6384/spec-6384-56363-0822.fits
6384/spec-6384-56363-0823.fits
6384/spec-6384-56363-0824.fits
6384/spec-6384-56363-0825.fits
6384/spec-6384-56363-0826.fits
6384/spec-6384-56363-0827.fits
6384/spec-6384-56363-0828.fits
6384/spec-6384-56363-0829.fits
6384/spec-6384-56363-0830.fits
6384/spec-6384-56363-0831.fits
6384/spec-6384-56363-0832.fits
6384/spec-6384-56363-0833.fits
6384/spec-6384-56363-0834.fits
6384/spec-6384-56363-0835.fits
6384/spec-6384-56363-0836.fits
6384/spec-6384-56363-0837.fits
6384/spec-6384-56363-0838.fits
6384/spec-6384-56363-0839.fits
6384/spec-6384-56363-0840.fits
6384/spec-6384-56363-0841.fits
6384/spec-6384-56363-0842.fits
6384/spec-6384-56363-0843.fits
6384/spec-6384-56363-0844.fits
6384/spec-6384-56363-0845.fits
6384/spec-6384-56363-0846.fits
6384/spec-6384-56363-0847.fits
6384/spec-6384-56363-0848.fits
6384/spec-6384-56363-0849.fits
6384/spec-6384-56363-0850.fits
6384/spec-6384-56363-0851.fits
6384/spec-6384-56363-0852.fits
6384/spec-6384-56363-0853.fits
6384/spec-6384-56363-0854.fits
6384/spec-6384-56363-0855.fits
6384/spec-6384-56363-0856.fits
6384/spec-6384-56363-0857.fits
6384/spec-6384-56363-0858.fits
6384/spec-6384-56363-0859.fits
6384/spec-6384-56363-0860.fits
6384/spec-6384-56363-0861.fits
6384/spec-6384-56363-0862.fits
6384/spec-6384-56363-0863.fits
6384/spec-6384-56363-0864.fits
6384/spec-6384-56363-0865.fits
6384/spec-6384-56363-0866.fits
6384/spec-6384-56363-0867.fits
6384/spec-6384-56363-0868.fits
6384/spec-6384-56363-0869.fits
6384/spec-6384-56363-0870.fits
6384/spec-6384-56363-0871.fits
6384/spec-6384-56363-0872.fits
6384/spec-6384-56363-0873.fits
6384/spec-6384-56363-0874.fits
6384/spec-6384-56363-0875.fits
6384/spec-6384-56363-0876.fits
6384/spec-6384-56363-0877.fits
6384/spec-6384-56363-0878.fits
6384/spec-6384-56363-0879.fits
6384/spec-6384-56363-0880.fits
6384/spec-6384-56363-0881.fits
6384/spec-6384-56363-0882.fits
6384/spec-6384-56363-0883.fits
6384/spec-6384-56363-0884.fits
6384/spec-6384-56363-0885.fits
6384/spec-6384-56363-0886.fits
6384/spec-6384-56363-0887.fits
6384/spec-6384-56363-0888.fits
6384/spec-6384-56363-0889.fits
6384/spec-6384-56363-0890.fits
6384/spec-6384-56363-0891.fits
6384/spec-6384-56363-0892.fits
6384/spec-6384-56363-0893.fits
6384/spec-6384-56363-0894.fits
6384/spec-6384-56363-0895.fits
6384/spec-6384-56363-0896.fits
6384/spec-6384-56363-0897.fits
6384/spec-6384-56363-0898.fits
6384/spec-6384-56363-0899.fits
6384/spec-6384-56363-0900.fits
6384/spec-6384-56363-0901.fits
6384/spec-6384-56363-0902.fits
6384/spec-6384-56363-0903.fits
6384/spec-6384-56363-0904.fits
6384/spec-6384-56363-0905.fits
6384/spec-6384-56363-0906.fits
6384/spec-6384-56363-0907.fits
6384/spec-6384-56363-0908.fits
6384/spec-6384-56363-0909.fits
6384/spec-6384-56363-0910.fits
6384/spec-6384-56363-0911.fits
6384/spec-6384-56363-0912.fits
6384/spec-6384-56363-0913.fits
6384/spec-6384-56363-0914.fits
6384/spec-6384-56363-0915.fits
6384/spec-6384-56363-0916.fits
6384/spec-6384-56363-0917.fits
6384/spec-6384-56363-0918.fits
6384/spec-6384-56363-0919.fits
6384/spec-6384-56363-0920.fits
6384/spec-6384-56363-0921.fits
6384/spec-6384-56363-0922.fits
6384/spec-6384-56363-0923.fits
6384/spec-6384-56363-0924.fits
6384/spec-6384-56363-0925.fits
6384/spec-6384-56363-0926.fits
6384/spec-6384-56363-0927.fits
6384/spec-6384-56363-0928.fits
6384/spec-6384-56363-0929.fits
6384/spec-6384-56363-0930.fits
6384/spec-6384-56363-0931.fits
6384/spec-6384-56363-0932.fits
6384/spec-6384-56363-0933.fits
6384/spec-6384-56363-0934.fits
6384/spec-6384-56363-0935.fits
6384/spec-6384-56363-0936.fits
6384/spec-6384-56363-0937.fits
6384/spec-6384-56363-0938.fits
6384/spec-6384-56363-0939.fits
6384/spec-6384-56363-0940.fits
6384/spec-6384-56363-0941.fits
6384/spec-6384-56363-0942.fits
6384/spec-6384-56363-0943.fits
6384/spec-6384-56363-0944.fits
6384/spec-6384-56363-0945.fits
6384/spec-6384-56363-0946.fits
6384/spec-6384-56363-0947.fits
6384/spec-6384-56363-0948.fits
6384/spec-6384-56363-0949.fits
6384/spec-6384-56363-0950.fits
6384/spec-6384-56363-0951.fits
6384/spec-6384-56363-0952.fits
6384/spec-6384-56363-0953.fits
6384/spec-6384-56363-0954.fits
6384/spec-6384-56363-0955.fits
6384/spec-6384-56363-0956.fits
6384/spec-6384-56363-0957.fits
6384/spec-6384-56363-0958.fits
6384/spec-6384-56363-0959.fits
6384/spec-6384-56363-0960.fits
6384/spec-6384-56363-0961.fits
6384/spec-6384-56363-0962.fits
6384/spec-6384-56363-0963.fits
6384/spec-6384-56363-0964.fits
6384/spec-6384-56363-0965.fits
6384/spec-6384-56363-0966.fits
6384/spec-6384-56363-0967.fits
6384/spec-6384-56363-0968.fits
6384/spec-6384-56363-0969.fits
6384/spec-6384-56363-0970.fits
6384/spec-6384-56363-0971.fits
6384/spec-6384-56363-0972.fits
6384/spec-6384-56363-0973.fits
6384/spec-6384-56363-0974.fits
6384/spec-6384-56363-0975.fits
6384/spec-6384-56363-0976.fits
6384/spec-6384-56363-0977.fits
6384/spec-6384-56363-0978.fits
6384/spec-6384-56363-0979.fits
6384/spec-6384-56363-0980.fits
6384/spec-6384-56363-0981.fits
6384/spec-6384-56363-0982.fits
6384/spec-6384-56363-0983.fits
6384/spec-6384-56363-0984.fits
6384/spec-6384-56363-0985.fits
6384/spec-6384-56363-0986.fits
6384/spec-6384-56363-0987.fits
6384/spec-6384-56363-0988.fits
6384/spec-6384-56363-0989.fits
6384/spec-6384-56363-0990.fits
6384/spec-6384-56363-0991.fits
6384/spec-6384-56363-0992.fits
6384/spec-6384-56363-0993.fits
6384/spec-6384-56363-0994.fits
6384/spec-6384-56363-0995.fits
6384/spec-6384-56363-0996.fits
6384/spec-6384-56363-0997.fits
6384/spec-6384-56363-0998.fits
6384/spec-6384-56363-0999.fits
6384/spec-6384-56363-1000.fits
/var/lib/condor/execute/slot1/dir_32080
6384 6384.tgz R R361.tar.gz _condor_stderr _condor_stdout cB58_Lyman_break.fit condor_exec.exe hw4.R packages packages.tar.gz tmp var
[1] "Loaded package astro."
[1] 1000
6384 6384.csv 6384.tgz R R361.tar.gz _condor_stderr _condor_stdout cB58_Lyman_break.fit condor_exec.exe hw4.R packages packages.tar.gz tmp var
