6392
6392/
6392/spec-6392-56331-0001.fits
6392/spec-6392-56331-0002.fits
6392/spec-6392-56331-0003.fits
6392/spec-6392-56331-0004.fits
6392/spec-6392-56331-0005.fits
6392/spec-6392-56331-0006.fits
6392/spec-6392-56331-0007.fits
6392/spec-6392-56331-0008.fits
6392/spec-6392-56331-0009.fits
6392/spec-6392-56331-0010.fits
6392/spec-6392-56331-0011.fits
6392/spec-6392-56331-0012.fits
6392/spec-6392-56331-0013.fits
6392/spec-6392-56331-0014.fits
6392/spec-6392-56331-0015.fits
6392/spec-6392-56331-0016.fits
6392/spec-6392-56331-0017.fits
6392/spec-6392-56331-0018.fits
6392/spec-6392-56331-0019.fits
6392/spec-6392-56331-0020.fits
6392/spec-6392-56331-0021.fits
6392/spec-6392-56331-0022.fits
6392/spec-6392-56331-0023.fits
6392/spec-6392-56331-0024.fits
6392/spec-6392-56331-0025.fits
6392/spec-6392-56331-0026.fits
6392/spec-6392-56331-0027.fits
6392/spec-6392-56331-0028.fits
6392/spec-6392-56331-0029.fits
6392/spec-6392-56331-0030.fits
6392/spec-6392-56331-0031.fits
6392/spec-6392-56331-0032.fits
6392/spec-6392-56331-0033.fits
6392/spec-6392-56331-0034.fits
6392/spec-6392-56331-0035.fits
6392/spec-6392-56331-0036.fits
6392/spec-6392-56331-0037.fits
6392/spec-6392-56331-0038.fits
6392/spec-6392-56331-0039.fits
6392/spec-6392-56331-0040.fits
6392/spec-6392-56331-0041.fits
6392/spec-6392-56331-0042.fits
6392/spec-6392-56331-0043.fits
6392/spec-6392-56331-0044.fits
6392/spec-6392-56331-0045.fits
6392/spec-6392-56331-0046.fits
6392/spec-6392-56331-0047.fits
6392/spec-6392-56331-0048.fits
6392/spec-6392-56331-0049.fits
6392/spec-6392-56331-0050.fits
6392/spec-6392-56331-0051.fits
6392/spec-6392-56331-0052.fits
6392/spec-6392-56331-0053.fits
6392/spec-6392-56331-0054.fits
6392/spec-6392-56331-0055.fits
6392/spec-6392-56331-0056.fits
6392/spec-6392-56331-0057.fits
6392/spec-6392-56331-0058.fits
6392/spec-6392-56331-0059.fits
6392/spec-6392-56331-0060.fits
6392/spec-6392-56331-0061.fits
6392/spec-6392-56331-0062.fits
6392/spec-6392-56331-0063.fits
6392/spec-6392-56331-0064.fits
6392/spec-6392-56331-0065.fits
6392/spec-6392-56331-0066.fits
6392/spec-6392-56331-0067.fits
6392/spec-6392-56331-0068.fits
6392/spec-6392-56331-0069.fits
6392/spec-6392-56331-0070.fits
6392/spec-6392-56331-0071.fits
6392/spec-6392-56331-0072.fits
6392/spec-6392-56331-0073.fits
6392/spec-6392-56331-0074.fits
6392/spec-6392-56331-0075.fits
6392/spec-6392-56331-0076.fits
6392/spec-6392-56331-0077.fits
6392/spec-6392-56331-0078.fits
6392/spec-6392-56331-0079.fits
6392/spec-6392-56331-0080.fits
6392/spec-6392-56331-0081.fits
6392/spec-6392-56331-0082.fits
6392/spec-6392-56331-0083.fits
6392/spec-6392-56331-0084.fits
6392/spec-6392-56331-0085.fits
6392/spec-6392-56331-0086.fits
6392/spec-6392-56331-0087.fits
6392/spec-6392-56331-0088.fits
6392/spec-6392-56331-0089.fits
6392/spec-6392-56331-0090.fits
6392/spec-6392-56331-0091.fits
6392/spec-6392-56331-0092.fits
6392/spec-6392-56331-0093.fits
6392/spec-6392-56331-0094.fits
6392/spec-6392-56331-0095.fits
6392/spec-6392-56331-0096.fits
6392/spec-6392-56331-0097.fits
6392/spec-6392-56331-0098.fits
6392/spec-6392-56331-0099.fits
6392/spec-6392-56331-0100.fits
6392/spec-6392-56331-0101.fits
6392/spec-6392-56331-0102.fits
6392/spec-6392-56331-0103.fits
6392/spec-6392-56331-0104.fits
6392/spec-6392-56331-0105.fits
6392/spec-6392-56331-0106.fits
6392/spec-6392-56331-0107.fits
6392/spec-6392-56331-0108.fits
6392/spec-6392-56331-0109.fits
6392/spec-6392-56331-0110.fits
6392/spec-6392-56331-0111.fits
6392/spec-6392-56331-0112.fits
6392/spec-6392-56331-0113.fits
6392/spec-6392-56331-0114.fits
6392/spec-6392-56331-0115.fits
6392/spec-6392-56331-0116.fits
6392/spec-6392-56331-0117.fits
6392/spec-6392-56331-0118.fits
6392/spec-6392-56331-0119.fits
6392/spec-6392-56331-0120.fits
6392/spec-6392-56331-0121.fits
6392/spec-6392-56331-0122.fits
6392/spec-6392-56331-0123.fits
6392/spec-6392-56331-0124.fits
6392/spec-6392-56331-0125.fits
6392/spec-6392-56331-0126.fits
6392/spec-6392-56331-0127.fits
6392/spec-6392-56331-0128.fits
6392/spec-6392-56331-0129.fits
6392/spec-6392-56331-0130.fits
6392/spec-6392-56331-0131.fits
6392/spec-6392-56331-0132.fits
6392/spec-6392-56331-0133.fits
6392/spec-6392-56331-0134.fits
6392/spec-6392-56331-0135.fits
6392/spec-6392-56331-0136.fits
6392/spec-6392-56331-0137.fits
6392/spec-6392-56331-0138.fits
6392/spec-6392-56331-0139.fits
6392/spec-6392-56331-0140.fits
6392/spec-6392-56331-0141.fits
6392/spec-6392-56331-0142.fits
6392/spec-6392-56331-0143.fits
6392/spec-6392-56331-0144.fits
6392/spec-6392-56331-0145.fits
6392/spec-6392-56331-0146.fits
6392/spec-6392-56331-0147.fits
6392/spec-6392-56331-0148.fits
6392/spec-6392-56331-0149.fits
6392/spec-6392-56331-0150.fits
6392/spec-6392-56331-0151.fits
6392/spec-6392-56331-0152.fits
6392/spec-6392-56331-0153.fits
6392/spec-6392-56331-0154.fits
6392/spec-6392-56331-0155.fits
6392/spec-6392-56331-0156.fits
6392/spec-6392-56331-0157.fits
6392/spec-6392-56331-0158.fits
6392/spec-6392-56331-0159.fits
6392/spec-6392-56331-0160.fits
6392/spec-6392-56331-0161.fits
6392/spec-6392-56331-0162.fits
6392/spec-6392-56331-0163.fits
6392/spec-6392-56331-0164.fits
6392/spec-6392-56331-0165.fits
6392/spec-6392-56331-0166.fits
6392/spec-6392-56331-0167.fits
6392/spec-6392-56331-0168.fits
6392/spec-6392-56331-0169.fits
6392/spec-6392-56331-0170.fits
6392/spec-6392-56331-0171.fits
6392/spec-6392-56331-0172.fits
6392/spec-6392-56331-0173.fits
6392/spec-6392-56331-0174.fits
6392/spec-6392-56331-0175.fits
6392/spec-6392-56331-0176.fits
6392/spec-6392-56331-0177.fits
6392/spec-6392-56331-0178.fits
6392/spec-6392-56331-0179.fits
6392/spec-6392-56331-0180.fits
6392/spec-6392-56331-0181.fits
6392/spec-6392-56331-0182.fits
6392/spec-6392-56331-0183.fits
6392/spec-6392-56331-0184.fits
6392/spec-6392-56331-0185.fits
6392/spec-6392-56331-0186.fits
6392/spec-6392-56331-0187.fits
6392/spec-6392-56331-0188.fits
6392/spec-6392-56331-0189.fits
6392/spec-6392-56331-0190.fits
6392/spec-6392-56331-0191.fits
6392/spec-6392-56331-0192.fits
6392/spec-6392-56331-0193.fits
6392/spec-6392-56331-0194.fits
6392/spec-6392-56331-0195.fits
6392/spec-6392-56331-0196.fits
6392/spec-6392-56331-0197.fits
6392/spec-6392-56331-0198.fits
6392/spec-6392-56331-0199.fits
6392/spec-6392-56331-0200.fits
6392/spec-6392-56331-0201.fits
6392/spec-6392-56331-0202.fits
6392/spec-6392-56331-0203.fits
6392/spec-6392-56331-0204.fits
6392/spec-6392-56331-0205.fits
6392/spec-6392-56331-0206.fits
6392/spec-6392-56331-0207.fits
6392/spec-6392-56331-0208.fits
6392/spec-6392-56331-0209.fits
6392/spec-6392-56331-0210.fits
6392/spec-6392-56331-0211.fits
6392/spec-6392-56331-0212.fits
6392/spec-6392-56331-0213.fits
6392/spec-6392-56331-0214.fits
6392/spec-6392-56331-0215.fits
6392/spec-6392-56331-0216.fits
6392/spec-6392-56331-0217.fits
6392/spec-6392-56331-0218.fits
6392/spec-6392-56331-0219.fits
6392/spec-6392-56331-0220.fits
6392/spec-6392-56331-0221.fits
6392/spec-6392-56331-0222.fits
6392/spec-6392-56331-0223.fits
6392/spec-6392-56331-0224.fits
6392/spec-6392-56331-0225.fits
6392/spec-6392-56331-0226.fits
6392/spec-6392-56331-0227.fits
6392/spec-6392-56331-0228.fits
6392/spec-6392-56331-0229.fits
6392/spec-6392-56331-0230.fits
6392/spec-6392-56331-0231.fits
6392/spec-6392-56331-0232.fits
6392/spec-6392-56331-0233.fits
6392/spec-6392-56331-0234.fits
6392/spec-6392-56331-0235.fits
6392/spec-6392-56331-0236.fits
6392/spec-6392-56331-0237.fits
6392/spec-6392-56331-0238.fits
6392/spec-6392-56331-0239.fits
6392/spec-6392-56331-0240.fits
6392/spec-6392-56331-0241.fits
6392/spec-6392-56331-0242.fits
6392/spec-6392-56331-0243.fits
6392/spec-6392-56331-0244.fits
6392/spec-6392-56331-0245.fits
6392/spec-6392-56331-0246.fits
6392/spec-6392-56331-0247.fits
6392/spec-6392-56331-0248.fits
6392/spec-6392-56331-0249.fits
6392/spec-6392-56331-0250.fits
6392/spec-6392-56331-0251.fits
6392/spec-6392-56331-0252.fits
6392/spec-6392-56331-0253.fits
6392/spec-6392-56331-0254.fits
6392/spec-6392-56331-0255.fits
6392/spec-6392-56331-0256.fits
6392/spec-6392-56331-0257.fits
6392/spec-6392-56331-0258.fits
6392/spec-6392-56331-0259.fits
6392/spec-6392-56331-0260.fits
6392/spec-6392-56331-0261.fits
6392/spec-6392-56331-0262.fits
6392/spec-6392-56331-0263.fits
6392/spec-6392-56331-0264.fits
6392/spec-6392-56331-0265.fits
6392/spec-6392-56331-0266.fits
6392/spec-6392-56331-0267.fits
6392/spec-6392-56331-0268.fits
6392/spec-6392-56331-0269.fits
6392/spec-6392-56331-0270.fits
6392/spec-6392-56331-0271.fits
6392/spec-6392-56331-0272.fits
6392/spec-6392-56331-0273.fits
6392/spec-6392-56331-0274.fits
6392/spec-6392-56331-0275.fits
6392/spec-6392-56331-0276.fits
6392/spec-6392-56331-0277.fits
6392/spec-6392-56331-0278.fits
6392/spec-6392-56331-0279.fits
6392/spec-6392-56331-0280.fits
6392/spec-6392-56331-0281.fits
6392/spec-6392-56331-0282.fits
6392/spec-6392-56331-0283.fits
6392/spec-6392-56331-0284.fits
6392/spec-6392-56331-0285.fits
6392/spec-6392-56331-0286.fits
6392/spec-6392-56331-0287.fits
6392/spec-6392-56331-0288.fits
6392/spec-6392-56331-0289.fits
6392/spec-6392-56331-0290.fits
6392/spec-6392-56331-0291.fits
6392/spec-6392-56331-0292.fits
6392/spec-6392-56331-0293.fits
6392/spec-6392-56331-0294.fits
6392/spec-6392-56331-0295.fits
6392/spec-6392-56331-0296.fits
6392/spec-6392-56331-0297.fits
6392/spec-6392-56331-0298.fits
6392/spec-6392-56331-0299.fits
6392/spec-6392-56331-0300.fits
6392/spec-6392-56331-0301.fits
6392/spec-6392-56331-0302.fits
6392/spec-6392-56331-0303.fits
6392/spec-6392-56331-0304.fits
6392/spec-6392-56331-0305.fits
6392/spec-6392-56331-0306.fits
6392/spec-6392-56331-0307.fits
6392/spec-6392-56331-0308.fits
6392/spec-6392-56331-0309.fits
6392/spec-6392-56331-0310.fits
6392/spec-6392-56331-0311.fits
6392/spec-6392-56331-0312.fits
6392/spec-6392-56331-0313.fits
6392/spec-6392-56331-0314.fits
6392/spec-6392-56331-0315.fits
6392/spec-6392-56331-0316.fits
6392/spec-6392-56331-0317.fits
6392/spec-6392-56331-0318.fits
6392/spec-6392-56331-0319.fits
6392/spec-6392-56331-0320.fits
6392/spec-6392-56331-0321.fits
6392/spec-6392-56331-0322.fits
6392/spec-6392-56331-0323.fits
6392/spec-6392-56331-0324.fits
6392/spec-6392-56331-0325.fits
6392/spec-6392-56331-0326.fits
6392/spec-6392-56331-0327.fits
6392/spec-6392-56331-0328.fits
6392/spec-6392-56331-0329.fits
6392/spec-6392-56331-0330.fits
6392/spec-6392-56331-0331.fits
6392/spec-6392-56331-0332.fits
6392/spec-6392-56331-0333.fits
6392/spec-6392-56331-0334.fits
6392/spec-6392-56331-0335.fits
6392/spec-6392-56331-0336.fits
6392/spec-6392-56331-0337.fits
6392/spec-6392-56331-0338.fits
6392/spec-6392-56331-0339.fits
6392/spec-6392-56331-0340.fits
6392/spec-6392-56331-0341.fits
6392/spec-6392-56331-0342.fits
6392/spec-6392-56331-0343.fits
6392/spec-6392-56331-0344.fits
6392/spec-6392-56331-0345.fits
6392/spec-6392-56331-0346.fits
6392/spec-6392-56331-0347.fits
6392/spec-6392-56331-0348.fits
6392/spec-6392-56331-0349.fits
6392/spec-6392-56331-0350.fits
6392/spec-6392-56331-0351.fits
6392/spec-6392-56331-0352.fits
6392/spec-6392-56331-0353.fits
6392/spec-6392-56331-0354.fits
6392/spec-6392-56331-0355.fits
6392/spec-6392-56331-0356.fits
6392/spec-6392-56331-0357.fits
6392/spec-6392-56331-0358.fits
6392/spec-6392-56331-0359.fits
6392/spec-6392-56331-0360.fits
6392/spec-6392-56331-0361.fits
6392/spec-6392-56331-0362.fits
6392/spec-6392-56331-0363.fits
6392/spec-6392-56331-0364.fits
6392/spec-6392-56331-0365.fits
6392/spec-6392-56331-0366.fits
6392/spec-6392-56331-0367.fits
6392/spec-6392-56331-0368.fits
6392/spec-6392-56331-0369.fits
6392/spec-6392-56331-0370.fits
6392/spec-6392-56331-0371.fits
6392/spec-6392-56331-0372.fits
6392/spec-6392-56331-0373.fits
6392/spec-6392-56331-0374.fits
6392/spec-6392-56331-0375.fits
6392/spec-6392-56331-0376.fits
6392/spec-6392-56331-0377.fits
6392/spec-6392-56331-0378.fits
6392/spec-6392-56331-0379.fits
6392/spec-6392-56331-0380.fits
6392/spec-6392-56331-0381.fits
6392/spec-6392-56331-0382.fits
6392/spec-6392-56331-0383.fits
6392/spec-6392-56331-0384.fits
6392/spec-6392-56331-0385.fits
6392/spec-6392-56331-0386.fits
6392/spec-6392-56331-0387.fits
6392/spec-6392-56331-0388.fits
6392/spec-6392-56331-0389.fits
6392/spec-6392-56331-0390.fits
6392/spec-6392-56331-0391.fits
6392/spec-6392-56331-0392.fits
6392/spec-6392-56331-0393.fits
6392/spec-6392-56331-0394.fits
6392/spec-6392-56331-0395.fits
6392/spec-6392-56331-0396.fits
6392/spec-6392-56331-0397.fits
6392/spec-6392-56331-0398.fits
6392/spec-6392-56331-0399.fits
6392/spec-6392-56331-0400.fits
6392/spec-6392-56331-0401.fits
6392/spec-6392-56331-0402.fits
6392/spec-6392-56331-0403.fits
6392/spec-6392-56331-0404.fits
6392/spec-6392-56331-0405.fits
6392/spec-6392-56331-0406.fits
6392/spec-6392-56331-0407.fits
6392/spec-6392-56331-0408.fits
6392/spec-6392-56331-0409.fits
6392/spec-6392-56331-0410.fits
6392/spec-6392-56331-0411.fits
6392/spec-6392-56331-0412.fits
6392/spec-6392-56331-0413.fits
6392/spec-6392-56331-0414.fits
6392/spec-6392-56331-0415.fits
6392/spec-6392-56331-0416.fits
6392/spec-6392-56331-0417.fits
6392/spec-6392-56331-0418.fits
6392/spec-6392-56331-0419.fits
6392/spec-6392-56331-0420.fits
6392/spec-6392-56331-0421.fits
6392/spec-6392-56331-0422.fits
6392/spec-6392-56331-0423.fits
6392/spec-6392-56331-0424.fits
6392/spec-6392-56331-0425.fits
6392/spec-6392-56331-0426.fits
6392/spec-6392-56331-0427.fits
6392/spec-6392-56331-0428.fits
6392/spec-6392-56331-0429.fits
6392/spec-6392-56331-0430.fits
6392/spec-6392-56331-0431.fits
6392/spec-6392-56331-0432.fits
6392/spec-6392-56331-0433.fits
6392/spec-6392-56331-0434.fits
6392/spec-6392-56331-0435.fits
6392/spec-6392-56331-0436.fits
6392/spec-6392-56331-0437.fits
6392/spec-6392-56331-0438.fits
6392/spec-6392-56331-0439.fits
6392/spec-6392-56331-0440.fits
6392/spec-6392-56331-0441.fits
6392/spec-6392-56331-0442.fits
6392/spec-6392-56331-0443.fits
6392/spec-6392-56331-0444.fits
6392/spec-6392-56331-0445.fits
6392/spec-6392-56331-0446.fits
6392/spec-6392-56331-0447.fits
6392/spec-6392-56331-0448.fits
6392/spec-6392-56331-0449.fits
6392/spec-6392-56331-0450.fits
6392/spec-6392-56331-0451.fits
6392/spec-6392-56331-0452.fits
6392/spec-6392-56331-0453.fits
6392/spec-6392-56331-0454.fits
6392/spec-6392-56331-0455.fits
6392/spec-6392-56331-0456.fits
6392/spec-6392-56331-0457.fits
6392/spec-6392-56331-0458.fits
6392/spec-6392-56331-0459.fits
6392/spec-6392-56331-0460.fits
6392/spec-6392-56331-0461.fits
6392/spec-6392-56331-0462.fits
6392/spec-6392-56331-0463.fits
6392/spec-6392-56331-0464.fits
6392/spec-6392-56331-0465.fits
6392/spec-6392-56331-0466.fits
6392/spec-6392-56331-0467.fits
6392/spec-6392-56331-0468.fits
6392/spec-6392-56331-0469.fits
6392/spec-6392-56331-0470.fits
6392/spec-6392-56331-0471.fits
6392/spec-6392-56331-0472.fits
6392/spec-6392-56331-0473.fits
6392/spec-6392-56331-0474.fits
6392/spec-6392-56331-0475.fits
6392/spec-6392-56331-0476.fits
6392/spec-6392-56331-0477.fits
6392/spec-6392-56331-0478.fits
6392/spec-6392-56331-0479.fits
6392/spec-6392-56331-0480.fits
6392/spec-6392-56331-0481.fits
6392/spec-6392-56331-0482.fits
6392/spec-6392-56331-0483.fits
6392/spec-6392-56331-0484.fits
6392/spec-6392-56331-0485.fits
6392/spec-6392-56331-0486.fits
6392/spec-6392-56331-0487.fits
6392/spec-6392-56331-0488.fits
6392/spec-6392-56331-0489.fits
6392/spec-6392-56331-0490.fits
6392/spec-6392-56331-0491.fits
6392/spec-6392-56331-0492.fits
6392/spec-6392-56331-0493.fits
6392/spec-6392-56331-0494.fits
6392/spec-6392-56331-0495.fits
6392/spec-6392-56331-0496.fits
6392/spec-6392-56331-0497.fits
6392/spec-6392-56331-0498.fits
6392/spec-6392-56331-0499.fits
6392/spec-6392-56331-0500.fits
6392/spec-6392-56331-0501.fits
6392/spec-6392-56331-0502.fits
6392/spec-6392-56331-0503.fits
6392/spec-6392-56331-0504.fits
6392/spec-6392-56331-0505.fits
6392/spec-6392-56331-0506.fits
6392/spec-6392-56331-0507.fits
6392/spec-6392-56331-0508.fits
6392/spec-6392-56331-0509.fits
6392/spec-6392-56331-0510.fits
6392/spec-6392-56331-0511.fits
6392/spec-6392-56331-0512.fits
6392/spec-6392-56331-0513.fits
6392/spec-6392-56331-0514.fits
6392/spec-6392-56331-0515.fits
6392/spec-6392-56331-0516.fits
6392/spec-6392-56331-0517.fits
6392/spec-6392-56331-0518.fits
6392/spec-6392-56331-0519.fits
6392/spec-6392-56331-0520.fits
6392/spec-6392-56331-0521.fits
6392/spec-6392-56331-0522.fits
6392/spec-6392-56331-0523.fits
6392/spec-6392-56331-0524.fits
6392/spec-6392-56331-0525.fits
6392/spec-6392-56331-0526.fits
6392/spec-6392-56331-0527.fits
6392/spec-6392-56331-0528.fits
6392/spec-6392-56331-0529.fits
6392/spec-6392-56331-0530.fits
6392/spec-6392-56331-0531.fits
6392/spec-6392-56331-0532.fits
6392/spec-6392-56331-0533.fits
6392/spec-6392-56331-0534.fits
6392/spec-6392-56331-0535.fits
6392/spec-6392-56331-0536.fits
6392/spec-6392-56331-0537.fits
6392/spec-6392-56331-0538.fits
6392/spec-6392-56331-0539.fits
6392/spec-6392-56331-0540.fits
6392/spec-6392-56331-0541.fits
6392/spec-6392-56331-0542.fits
6392/spec-6392-56331-0543.fits
6392/spec-6392-56331-0544.fits
6392/spec-6392-56331-0545.fits
6392/spec-6392-56331-0546.fits
6392/spec-6392-56331-0547.fits
6392/spec-6392-56331-0548.fits
6392/spec-6392-56331-0549.fits
6392/spec-6392-56331-0550.fits
6392/spec-6392-56331-0551.fits
6392/spec-6392-56331-0552.fits
6392/spec-6392-56331-0553.fits
6392/spec-6392-56331-0554.fits
6392/spec-6392-56331-0555.fits
6392/spec-6392-56331-0556.fits
6392/spec-6392-56331-0557.fits
6392/spec-6392-56331-0558.fits
6392/spec-6392-56331-0559.fits
6392/spec-6392-56331-0560.fits
6392/spec-6392-56331-0561.fits
6392/spec-6392-56331-0562.fits
6392/spec-6392-56331-0563.fits
6392/spec-6392-56331-0564.fits
6392/spec-6392-56331-0565.fits
6392/spec-6392-56331-0566.fits
6392/spec-6392-56331-0567.fits
6392/spec-6392-56331-0568.fits
6392/spec-6392-56331-0569.fits
6392/spec-6392-56331-0570.fits
6392/spec-6392-56331-0571.fits
6392/spec-6392-56331-0572.fits
6392/spec-6392-56331-0573.fits
6392/spec-6392-56331-0574.fits
6392/spec-6392-56331-0575.fits
6392/spec-6392-56331-0576.fits
6392/spec-6392-56331-0577.fits
6392/spec-6392-56331-0578.fits
6392/spec-6392-56331-0579.fits
6392/spec-6392-56331-0580.fits
6392/spec-6392-56331-0581.fits
6392/spec-6392-56331-0582.fits
6392/spec-6392-56331-0583.fits
6392/spec-6392-56331-0584.fits
6392/spec-6392-56331-0585.fits
6392/spec-6392-56331-0586.fits
6392/spec-6392-56331-0587.fits
6392/spec-6392-56331-0588.fits
6392/spec-6392-56331-0589.fits
6392/spec-6392-56331-0590.fits
6392/spec-6392-56331-0591.fits
6392/spec-6392-56331-0592.fits
6392/spec-6392-56331-0593.fits
6392/spec-6392-56331-0594.fits
6392/spec-6392-56331-0595.fits
6392/spec-6392-56331-0596.fits
6392/spec-6392-56331-0597.fits
6392/spec-6392-56331-0598.fits
6392/spec-6392-56331-0599.fits
6392/spec-6392-56331-0600.fits
6392/spec-6392-56331-0601.fits
6392/spec-6392-56331-0602.fits
6392/spec-6392-56331-0603.fits
6392/spec-6392-56331-0604.fits
6392/spec-6392-56331-0605.fits
6392/spec-6392-56331-0606.fits
6392/spec-6392-56331-0607.fits
6392/spec-6392-56331-0608.fits
6392/spec-6392-56331-0609.fits
6392/spec-6392-56331-0610.fits
6392/spec-6392-56331-0611.fits
6392/spec-6392-56331-0612.fits
6392/spec-6392-56331-0613.fits
6392/spec-6392-56331-0614.fits
6392/spec-6392-56331-0615.fits
6392/spec-6392-56331-0616.fits
6392/spec-6392-56331-0617.fits
6392/spec-6392-56331-0618.fits
6392/spec-6392-56331-0619.fits
6392/spec-6392-56331-0620.fits
6392/spec-6392-56331-0621.fits
6392/spec-6392-56331-0622.fits
6392/spec-6392-56331-0623.fits
6392/spec-6392-56331-0624.fits
6392/spec-6392-56331-0625.fits
6392/spec-6392-56331-0626.fits
6392/spec-6392-56331-0627.fits
6392/spec-6392-56331-0628.fits
6392/spec-6392-56331-0629.fits
6392/spec-6392-56331-0630.fits
6392/spec-6392-56331-0631.fits
6392/spec-6392-56331-0632.fits
6392/spec-6392-56331-0633.fits
6392/spec-6392-56331-0634.fits
6392/spec-6392-56331-0635.fits
6392/spec-6392-56331-0636.fits
6392/spec-6392-56331-0637.fits
6392/spec-6392-56331-0638.fits
6392/spec-6392-56331-0639.fits
6392/spec-6392-56331-0640.fits
6392/spec-6392-56331-0641.fits
6392/spec-6392-56331-0642.fits
6392/spec-6392-56331-0643.fits
6392/spec-6392-56331-0644.fits
6392/spec-6392-56331-0645.fits
6392/spec-6392-56331-0646.fits
6392/spec-6392-56331-0647.fits
6392/spec-6392-56331-0648.fits
6392/spec-6392-56331-0649.fits
6392/spec-6392-56331-0650.fits
6392/spec-6392-56331-0651.fits
6392/spec-6392-56331-0652.fits
6392/spec-6392-56331-0653.fits
6392/spec-6392-56331-0654.fits
6392/spec-6392-56331-0655.fits
6392/spec-6392-56331-0656.fits
6392/spec-6392-56331-0657.fits
6392/spec-6392-56331-0658.fits
6392/spec-6392-56331-0659.fits
6392/spec-6392-56331-0660.fits
6392/spec-6392-56331-0661.fits
6392/spec-6392-56331-0662.fits
6392/spec-6392-56331-0663.fits
6392/spec-6392-56331-0664.fits
6392/spec-6392-56331-0665.fits
6392/spec-6392-56331-0666.fits
6392/spec-6392-56331-0667.fits
6392/spec-6392-56331-0668.fits
6392/spec-6392-56331-0669.fits
6392/spec-6392-56331-0670.fits
6392/spec-6392-56331-0671.fits
6392/spec-6392-56331-0672.fits
6392/spec-6392-56331-0673.fits
6392/spec-6392-56331-0674.fits
6392/spec-6392-56331-0675.fits
6392/spec-6392-56331-0676.fits
6392/spec-6392-56331-0677.fits
6392/spec-6392-56331-0678.fits
6392/spec-6392-56331-0679.fits
6392/spec-6392-56331-0680.fits
6392/spec-6392-56331-0681.fits
6392/spec-6392-56331-0682.fits
6392/spec-6392-56331-0683.fits
6392/spec-6392-56331-0684.fits
6392/spec-6392-56331-0685.fits
6392/spec-6392-56331-0686.fits
6392/spec-6392-56331-0687.fits
6392/spec-6392-56331-0688.fits
6392/spec-6392-56331-0689.fits
6392/spec-6392-56331-0690.fits
6392/spec-6392-56331-0691.fits
6392/spec-6392-56331-0692.fits
6392/spec-6392-56331-0693.fits
6392/spec-6392-56331-0694.fits
6392/spec-6392-56331-0695.fits
6392/spec-6392-56331-0696.fits
6392/spec-6392-56331-0697.fits
6392/spec-6392-56331-0698.fits
6392/spec-6392-56331-0699.fits
6392/spec-6392-56331-0700.fits
6392/spec-6392-56331-0701.fits
6392/spec-6392-56331-0702.fits
6392/spec-6392-56331-0703.fits
6392/spec-6392-56331-0704.fits
6392/spec-6392-56331-0705.fits
6392/spec-6392-56331-0706.fits
6392/spec-6392-56331-0707.fits
6392/spec-6392-56331-0708.fits
6392/spec-6392-56331-0709.fits
6392/spec-6392-56331-0710.fits
6392/spec-6392-56331-0711.fits
6392/spec-6392-56331-0712.fits
6392/spec-6392-56331-0713.fits
6392/spec-6392-56331-0714.fits
6392/spec-6392-56331-0715.fits
6392/spec-6392-56331-0716.fits
6392/spec-6392-56331-0717.fits
6392/spec-6392-56331-0718.fits
6392/spec-6392-56331-0719.fits
6392/spec-6392-56331-0720.fits
6392/spec-6392-56331-0721.fits
6392/spec-6392-56331-0722.fits
6392/spec-6392-56331-0723.fits
6392/spec-6392-56331-0724.fits
6392/spec-6392-56331-0725.fits
6392/spec-6392-56331-0726.fits
6392/spec-6392-56331-0727.fits
6392/spec-6392-56331-0728.fits
6392/spec-6392-56331-0729.fits
6392/spec-6392-56331-0730.fits
6392/spec-6392-56331-0731.fits
6392/spec-6392-56331-0732.fits
6392/spec-6392-56331-0733.fits
6392/spec-6392-56331-0734.fits
6392/spec-6392-56331-0735.fits
6392/spec-6392-56331-0736.fits
6392/spec-6392-56331-0737.fits
6392/spec-6392-56331-0738.fits
6392/spec-6392-56331-0739.fits
6392/spec-6392-56331-0740.fits
6392/spec-6392-56331-0741.fits
6392/spec-6392-56331-0742.fits
6392/spec-6392-56331-0743.fits
6392/spec-6392-56331-0744.fits
6392/spec-6392-56331-0745.fits
6392/spec-6392-56331-0746.fits
6392/spec-6392-56331-0747.fits
6392/spec-6392-56331-0748.fits
6392/spec-6392-56331-0749.fits
6392/spec-6392-56331-0750.fits
6392/spec-6392-56331-0751.fits
6392/spec-6392-56331-0752.fits
6392/spec-6392-56331-0753.fits
6392/spec-6392-56331-0754.fits
6392/spec-6392-56331-0755.fits
6392/spec-6392-56331-0756.fits
6392/spec-6392-56331-0757.fits
6392/spec-6392-56331-0758.fits
6392/spec-6392-56331-0759.fits
6392/spec-6392-56331-0760.fits
6392/spec-6392-56331-0761.fits
6392/spec-6392-56331-0762.fits
6392/spec-6392-56331-0763.fits
6392/spec-6392-56331-0764.fits
6392/spec-6392-56331-0765.fits
6392/spec-6392-56331-0766.fits
6392/spec-6392-56331-0767.fits
6392/spec-6392-56331-0768.fits
6392/spec-6392-56331-0769.fits
6392/spec-6392-56331-0770.fits
6392/spec-6392-56331-0771.fits
6392/spec-6392-56331-0772.fits
6392/spec-6392-56331-0773.fits
6392/spec-6392-56331-0774.fits
6392/spec-6392-56331-0775.fits
6392/spec-6392-56331-0776.fits
6392/spec-6392-56331-0777.fits
6392/spec-6392-56331-0778.fits
6392/spec-6392-56331-0779.fits
6392/spec-6392-56331-0780.fits
6392/spec-6392-56331-0781.fits
6392/spec-6392-56331-0782.fits
6392/spec-6392-56331-0783.fits
6392/spec-6392-56331-0784.fits
6392/spec-6392-56331-0785.fits
6392/spec-6392-56331-0786.fits
6392/spec-6392-56331-0787.fits
6392/spec-6392-56331-0788.fits
6392/spec-6392-56331-0789.fits
6392/spec-6392-56331-0790.fits
6392/spec-6392-56331-0791.fits
6392/spec-6392-56331-0792.fits
6392/spec-6392-56331-0793.fits
6392/spec-6392-56331-0794.fits
6392/spec-6392-56331-0795.fits
6392/spec-6392-56331-0796.fits
6392/spec-6392-56331-0797.fits
6392/spec-6392-56331-0798.fits
6392/spec-6392-56331-0799.fits
6392/spec-6392-56331-0800.fits
6392/spec-6392-56331-0801.fits
6392/spec-6392-56331-0802.fits
6392/spec-6392-56331-0803.fits
6392/spec-6392-56331-0804.fits
6392/spec-6392-56331-0805.fits
6392/spec-6392-56331-0806.fits
6392/spec-6392-56331-0807.fits
6392/spec-6392-56331-0808.fits
6392/spec-6392-56331-0809.fits
6392/spec-6392-56331-0810.fits
6392/spec-6392-56331-0811.fits
6392/spec-6392-56331-0812.fits
6392/spec-6392-56331-0813.fits
6392/spec-6392-56331-0814.fits
6392/spec-6392-56331-0815.fits
6392/spec-6392-56331-0816.fits
6392/spec-6392-56331-0817.fits
6392/spec-6392-56331-0818.fits
6392/spec-6392-56331-0819.fits
6392/spec-6392-56331-0820.fits
6392/spec-6392-56331-0821.fits
6392/spec-6392-56331-0822.fits
6392/spec-6392-56331-0823.fits
6392/spec-6392-56331-0824.fits
6392/spec-6392-56331-0825.fits
6392/spec-6392-56331-0826.fits
6392/spec-6392-56331-0827.fits
6392/spec-6392-56331-0828.fits
6392/spec-6392-56331-0829.fits
6392/spec-6392-56331-0830.fits
6392/spec-6392-56331-0831.fits
6392/spec-6392-56331-0832.fits
6392/spec-6392-56331-0833.fits
6392/spec-6392-56331-0834.fits
6392/spec-6392-56331-0835.fits
6392/spec-6392-56331-0836.fits
6392/spec-6392-56331-0837.fits
6392/spec-6392-56331-0838.fits
6392/spec-6392-56331-0839.fits
6392/spec-6392-56331-0840.fits
6392/spec-6392-56331-0841.fits
6392/spec-6392-56331-0842.fits
6392/spec-6392-56331-0843.fits
6392/spec-6392-56331-0844.fits
6392/spec-6392-56331-0845.fits
6392/spec-6392-56331-0846.fits
6392/spec-6392-56331-0847.fits
6392/spec-6392-56331-0848.fits
6392/spec-6392-56331-0849.fits
6392/spec-6392-56331-0850.fits
6392/spec-6392-56331-0851.fits
6392/spec-6392-56331-0852.fits
6392/spec-6392-56331-0853.fits
6392/spec-6392-56331-0854.fits
6392/spec-6392-56331-0855.fits
6392/spec-6392-56331-0856.fits
6392/spec-6392-56331-0857.fits
6392/spec-6392-56331-0858.fits
6392/spec-6392-56331-0859.fits
6392/spec-6392-56331-0860.fits
6392/spec-6392-56331-0861.fits
6392/spec-6392-56331-0862.fits
6392/spec-6392-56331-0863.fits
6392/spec-6392-56331-0864.fits
6392/spec-6392-56331-0865.fits
6392/spec-6392-56331-0866.fits
6392/spec-6392-56331-0867.fits
6392/spec-6392-56331-0868.fits
6392/spec-6392-56331-0869.fits
6392/spec-6392-56331-0870.fits
6392/spec-6392-56331-0871.fits
6392/spec-6392-56331-0872.fits
6392/spec-6392-56331-0873.fits
6392/spec-6392-56331-0874.fits
6392/spec-6392-56331-0875.fits
6392/spec-6392-56331-0876.fits
6392/spec-6392-56331-0877.fits
6392/spec-6392-56331-0878.fits
6392/spec-6392-56331-0879.fits
6392/spec-6392-56331-0880.fits
6392/spec-6392-56331-0881.fits
6392/spec-6392-56331-0882.fits
6392/spec-6392-56331-0883.fits
6392/spec-6392-56331-0884.fits
6392/spec-6392-56331-0885.fits
6392/spec-6392-56331-0886.fits
6392/spec-6392-56331-0887.fits
6392/spec-6392-56331-0888.fits
6392/spec-6392-56331-0889.fits
6392/spec-6392-56331-0890.fits
6392/spec-6392-56331-0891.fits
6392/spec-6392-56331-0892.fits
6392/spec-6392-56331-0893.fits
6392/spec-6392-56331-0894.fits
6392/spec-6392-56331-0895.fits
6392/spec-6392-56331-0896.fits
6392/spec-6392-56331-0897.fits
6392/spec-6392-56331-0898.fits
6392/spec-6392-56331-0899.fits
6392/spec-6392-56331-0900.fits
6392/spec-6392-56331-0901.fits
6392/spec-6392-56331-0902.fits
6392/spec-6392-56331-0903.fits
6392/spec-6392-56331-0904.fits
6392/spec-6392-56331-0905.fits
6392/spec-6392-56331-0906.fits
6392/spec-6392-56331-0907.fits
6392/spec-6392-56331-0908.fits
6392/spec-6392-56331-0909.fits
6392/spec-6392-56331-0910.fits
6392/spec-6392-56331-0911.fits
6392/spec-6392-56331-0912.fits
6392/spec-6392-56331-0913.fits
6392/spec-6392-56331-0914.fits
6392/spec-6392-56331-0915.fits
6392/spec-6392-56331-0916.fits
6392/spec-6392-56331-0917.fits
6392/spec-6392-56331-0918.fits
6392/spec-6392-56331-0919.fits
6392/spec-6392-56331-0920.fits
6392/spec-6392-56331-0921.fits
6392/spec-6392-56331-0922.fits
6392/spec-6392-56331-0923.fits
6392/spec-6392-56331-0924.fits
6392/spec-6392-56331-0925.fits
6392/spec-6392-56331-0926.fits
6392/spec-6392-56331-0927.fits
6392/spec-6392-56331-0928.fits
6392/spec-6392-56331-0929.fits
6392/spec-6392-56331-0930.fits
6392/spec-6392-56331-0931.fits
6392/spec-6392-56331-0932.fits
6392/spec-6392-56331-0933.fits
6392/spec-6392-56331-0934.fits
6392/spec-6392-56331-0935.fits
6392/spec-6392-56331-0936.fits
6392/spec-6392-56331-0937.fits
6392/spec-6392-56331-0938.fits
6392/spec-6392-56331-0939.fits
6392/spec-6392-56331-0940.fits
6392/spec-6392-56331-0941.fits
6392/spec-6392-56331-0942.fits
6392/spec-6392-56331-0943.fits
6392/spec-6392-56331-0944.fits
6392/spec-6392-56331-0945.fits
6392/spec-6392-56331-0946.fits
6392/spec-6392-56331-0947.fits
6392/spec-6392-56331-0948.fits
6392/spec-6392-56331-0949.fits
6392/spec-6392-56331-0950.fits
6392/spec-6392-56331-0951.fits
6392/spec-6392-56331-0952.fits
6392/spec-6392-56331-0953.fits
6392/spec-6392-56331-0954.fits
6392/spec-6392-56331-0955.fits
6392/spec-6392-56331-0956.fits
6392/spec-6392-56331-0957.fits
6392/spec-6392-56331-0958.fits
6392/spec-6392-56331-0959.fits
6392/spec-6392-56331-0960.fits
6392/spec-6392-56331-0961.fits
6392/spec-6392-56331-0962.fits
6392/spec-6392-56331-0963.fits
6392/spec-6392-56331-0964.fits
6392/spec-6392-56331-0965.fits
6392/spec-6392-56331-0966.fits
6392/spec-6392-56331-0967.fits
6392/spec-6392-56331-0968.fits
6392/spec-6392-56331-0969.fits
6392/spec-6392-56331-0970.fits
6392/spec-6392-56331-0971.fits
6392/spec-6392-56331-0972.fits
6392/spec-6392-56331-0973.fits
6392/spec-6392-56331-0974.fits
6392/spec-6392-56331-0975.fits
6392/spec-6392-56331-0976.fits
6392/spec-6392-56331-0977.fits
6392/spec-6392-56331-0978.fits
6392/spec-6392-56331-0979.fits
6392/spec-6392-56331-0980.fits
6392/spec-6392-56331-0981.fits
6392/spec-6392-56331-0982.fits
6392/spec-6392-56331-0983.fits
6392/spec-6392-56331-0984.fits
6392/spec-6392-56331-0985.fits
6392/spec-6392-56331-0986.fits
6392/spec-6392-56331-0987.fits
6392/spec-6392-56331-0988.fits
6392/spec-6392-56331-0989.fits
6392/spec-6392-56331-0990.fits
6392/spec-6392-56331-0991.fits
6392/spec-6392-56331-0992.fits
6392/spec-6392-56331-0993.fits
6392/spec-6392-56331-0994.fits
6392/spec-6392-56331-0995.fits
6392/spec-6392-56331-0996.fits
6392/spec-6392-56331-0997.fits
6392/spec-6392-56331-0998.fits
6392/spec-6392-56331-0999.fits
6392/spec-6392-56331-1000.fits
/var/lib/condor/execute/slot1/dir_27190
6392 6392.tgz R R361.tar.gz _condor_stderr _condor_stdout cB58_Lyman_break.fit condor_exec.exe hw4.R packages packages.tar.gz tmp var
[1] "Loaded package astro."
[1] 1000
6392 6392.csv 6392.tgz R R361.tar.gz _condor_stderr _condor_stdout cB58_Lyman_break.fit condor_exec.exe hw4.R packages packages.tar.gz tmp var
