6415
6415/
6415/spec-6415-56310-0001.fits
6415/spec-6415-56310-0002.fits
6415/spec-6415-56310-0003.fits
6415/spec-6415-56310-0004.fits
6415/spec-6415-56310-0005.fits
6415/spec-6415-56310-0006.fits
6415/spec-6415-56310-0007.fits
6415/spec-6415-56310-0008.fits
6415/spec-6415-56310-0009.fits
6415/spec-6415-56310-0010.fits
6415/spec-6415-56310-0011.fits
6415/spec-6415-56310-0012.fits
6415/spec-6415-56310-0013.fits
6415/spec-6415-56310-0014.fits
6415/spec-6415-56310-0015.fits
6415/spec-6415-56310-0016.fits
6415/spec-6415-56310-0017.fits
6415/spec-6415-56310-0018.fits
6415/spec-6415-56310-0019.fits
6415/spec-6415-56310-0020.fits
6415/spec-6415-56310-0021.fits
6415/spec-6415-56310-0022.fits
6415/spec-6415-56310-0023.fits
6415/spec-6415-56310-0024.fits
6415/spec-6415-56310-0025.fits
6415/spec-6415-56310-0026.fits
6415/spec-6415-56310-0027.fits
6415/spec-6415-56310-0028.fits
6415/spec-6415-56310-0029.fits
6415/spec-6415-56310-0030.fits
6415/spec-6415-56310-0031.fits
6415/spec-6415-56310-0032.fits
6415/spec-6415-56310-0033.fits
6415/spec-6415-56310-0034.fits
6415/spec-6415-56310-0035.fits
6415/spec-6415-56310-0036.fits
6415/spec-6415-56310-0037.fits
6415/spec-6415-56310-0038.fits
6415/spec-6415-56310-0039.fits
6415/spec-6415-56310-0040.fits
6415/spec-6415-56310-0041.fits
6415/spec-6415-56310-0042.fits
6415/spec-6415-56310-0043.fits
6415/spec-6415-56310-0044.fits
6415/spec-6415-56310-0045.fits
6415/spec-6415-56310-0046.fits
6415/spec-6415-56310-0047.fits
6415/spec-6415-56310-0048.fits
6415/spec-6415-56310-0049.fits
6415/spec-6415-56310-0050.fits
6415/spec-6415-56310-0051.fits
6415/spec-6415-56310-0052.fits
6415/spec-6415-56310-0053.fits
6415/spec-6415-56310-0054.fits
6415/spec-6415-56310-0055.fits
6415/spec-6415-56310-0056.fits
6415/spec-6415-56310-0057.fits
6415/spec-6415-56310-0058.fits
6415/spec-6415-56310-0059.fits
6415/spec-6415-56310-0060.fits
6415/spec-6415-56310-0061.fits
6415/spec-6415-56310-0062.fits
6415/spec-6415-56310-0063.fits
6415/spec-6415-56310-0064.fits
6415/spec-6415-56310-0065.fits
6415/spec-6415-56310-0066.fits
6415/spec-6415-56310-0067.fits
6415/spec-6415-56310-0068.fits
6415/spec-6415-56310-0069.fits
6415/spec-6415-56310-0070.fits
6415/spec-6415-56310-0071.fits
6415/spec-6415-56310-0072.fits
6415/spec-6415-56310-0073.fits
6415/spec-6415-56310-0074.fits
6415/spec-6415-56310-0075.fits
6415/spec-6415-56310-0076.fits
6415/spec-6415-56310-0077.fits
6415/spec-6415-56310-0078.fits
6415/spec-6415-56310-0079.fits
6415/spec-6415-56310-0080.fits
6415/spec-6415-56310-0081.fits
6415/spec-6415-56310-0082.fits
6415/spec-6415-56310-0083.fits
6415/spec-6415-56310-0084.fits
6415/spec-6415-56310-0085.fits
6415/spec-6415-56310-0086.fits
6415/spec-6415-56310-0087.fits
6415/spec-6415-56310-0088.fits
6415/spec-6415-56310-0089.fits
6415/spec-6415-56310-0090.fits
6415/spec-6415-56310-0091.fits
6415/spec-6415-56310-0092.fits
6415/spec-6415-56310-0093.fits
6415/spec-6415-56310-0094.fits
6415/spec-6415-56310-0095.fits
6415/spec-6415-56310-0096.fits
6415/spec-6415-56310-0097.fits
6415/spec-6415-56310-0098.fits
6415/spec-6415-56310-0099.fits
6415/spec-6415-56310-0100.fits
6415/spec-6415-56310-0101.fits
6415/spec-6415-56310-0102.fits
6415/spec-6415-56310-0103.fits
6415/spec-6415-56310-0104.fits
6415/spec-6415-56310-0105.fits
6415/spec-6415-56310-0106.fits
6415/spec-6415-56310-0107.fits
6415/spec-6415-56310-0108.fits
6415/spec-6415-56310-0109.fits
6415/spec-6415-56310-0110.fits
6415/spec-6415-56310-0111.fits
6415/spec-6415-56310-0112.fits
6415/spec-6415-56310-0113.fits
6415/spec-6415-56310-0114.fits
6415/spec-6415-56310-0115.fits
6415/spec-6415-56310-0116.fits
6415/spec-6415-56310-0117.fits
6415/spec-6415-56310-0118.fits
6415/spec-6415-56310-0119.fits
6415/spec-6415-56310-0120.fits
6415/spec-6415-56310-0121.fits
6415/spec-6415-56310-0122.fits
6415/spec-6415-56310-0123.fits
6415/spec-6415-56310-0124.fits
6415/spec-6415-56310-0125.fits
6415/spec-6415-56310-0126.fits
6415/spec-6415-56310-0127.fits
6415/spec-6415-56310-0128.fits
6415/spec-6415-56310-0129.fits
6415/spec-6415-56310-0130.fits
6415/spec-6415-56310-0131.fits
6415/spec-6415-56310-0132.fits
6415/spec-6415-56310-0133.fits
6415/spec-6415-56310-0134.fits
6415/spec-6415-56310-0135.fits
6415/spec-6415-56310-0136.fits
6415/spec-6415-56310-0137.fits
6415/spec-6415-56310-0138.fits
6415/spec-6415-56310-0139.fits
6415/spec-6415-56310-0140.fits
6415/spec-6415-56310-0141.fits
6415/spec-6415-56310-0142.fits
6415/spec-6415-56310-0143.fits
6415/spec-6415-56310-0144.fits
6415/spec-6415-56310-0145.fits
6415/spec-6415-56310-0146.fits
6415/spec-6415-56310-0147.fits
6415/spec-6415-56310-0148.fits
6415/spec-6415-56310-0149.fits
6415/spec-6415-56310-0150.fits
6415/spec-6415-56310-0151.fits
6415/spec-6415-56310-0152.fits
6415/spec-6415-56310-0153.fits
6415/spec-6415-56310-0154.fits
6415/spec-6415-56310-0155.fits
6415/spec-6415-56310-0156.fits
6415/spec-6415-56310-0157.fits
6415/spec-6415-56310-0158.fits
6415/spec-6415-56310-0159.fits
6415/spec-6415-56310-0160.fits
6415/spec-6415-56310-0161.fits
6415/spec-6415-56310-0162.fits
6415/spec-6415-56310-0163.fits
6415/spec-6415-56310-0164.fits
6415/spec-6415-56310-0165.fits
6415/spec-6415-56310-0166.fits
6415/spec-6415-56310-0167.fits
6415/spec-6415-56310-0168.fits
6415/spec-6415-56310-0169.fits
6415/spec-6415-56310-0170.fits
6415/spec-6415-56310-0171.fits
6415/spec-6415-56310-0172.fits
6415/spec-6415-56310-0173.fits
6415/spec-6415-56310-0174.fits
6415/spec-6415-56310-0175.fits
6415/spec-6415-56310-0176.fits
6415/spec-6415-56310-0177.fits
6415/spec-6415-56310-0178.fits
6415/spec-6415-56310-0179.fits
6415/spec-6415-56310-0180.fits
6415/spec-6415-56310-0181.fits
6415/spec-6415-56310-0182.fits
6415/spec-6415-56310-0183.fits
6415/spec-6415-56310-0184.fits
6415/spec-6415-56310-0185.fits
6415/spec-6415-56310-0186.fits
6415/spec-6415-56310-0187.fits
6415/spec-6415-56310-0188.fits
6415/spec-6415-56310-0189.fits
6415/spec-6415-56310-0190.fits
6415/spec-6415-56310-0191.fits
6415/spec-6415-56310-0192.fits
6415/spec-6415-56310-0193.fits
6415/spec-6415-56310-0194.fits
6415/spec-6415-56310-0195.fits
6415/spec-6415-56310-0196.fits
6415/spec-6415-56310-0197.fits
6415/spec-6415-56310-0198.fits
6415/spec-6415-56310-0199.fits
6415/spec-6415-56310-0200.fits
6415/spec-6415-56310-0201.fits
6415/spec-6415-56310-0202.fits
6415/spec-6415-56310-0203.fits
6415/spec-6415-56310-0204.fits
6415/spec-6415-56310-0205.fits
6415/spec-6415-56310-0206.fits
6415/spec-6415-56310-0207.fits
6415/spec-6415-56310-0208.fits
6415/spec-6415-56310-0209.fits
6415/spec-6415-56310-0210.fits
6415/spec-6415-56310-0211.fits
6415/spec-6415-56310-0212.fits
6415/spec-6415-56310-0213.fits
6415/spec-6415-56310-0214.fits
6415/spec-6415-56310-0215.fits
6415/spec-6415-56310-0216.fits
6415/spec-6415-56310-0217.fits
6415/spec-6415-56310-0218.fits
6415/spec-6415-56310-0219.fits
6415/spec-6415-56310-0220.fits
6415/spec-6415-56310-0221.fits
6415/spec-6415-56310-0222.fits
6415/spec-6415-56310-0223.fits
6415/spec-6415-56310-0224.fits
6415/spec-6415-56310-0225.fits
6415/spec-6415-56310-0226.fits
6415/spec-6415-56310-0227.fits
6415/spec-6415-56310-0228.fits
6415/spec-6415-56310-0229.fits
6415/spec-6415-56310-0230.fits
6415/spec-6415-56310-0231.fits
6415/spec-6415-56310-0232.fits
6415/spec-6415-56310-0233.fits
6415/spec-6415-56310-0234.fits
6415/spec-6415-56310-0235.fits
6415/spec-6415-56310-0236.fits
6415/spec-6415-56310-0237.fits
6415/spec-6415-56310-0238.fits
6415/spec-6415-56310-0239.fits
6415/spec-6415-56310-0240.fits
6415/spec-6415-56310-0241.fits
6415/spec-6415-56310-0242.fits
6415/spec-6415-56310-0243.fits
6415/spec-6415-56310-0244.fits
6415/spec-6415-56310-0245.fits
6415/spec-6415-56310-0246.fits
6415/spec-6415-56310-0247.fits
6415/spec-6415-56310-0248.fits
6415/spec-6415-56310-0249.fits
6415/spec-6415-56310-0250.fits
6415/spec-6415-56310-0251.fits
6415/spec-6415-56310-0252.fits
6415/spec-6415-56310-0253.fits
6415/spec-6415-56310-0254.fits
6415/spec-6415-56310-0255.fits
6415/spec-6415-56310-0256.fits
6415/spec-6415-56310-0257.fits
6415/spec-6415-56310-0258.fits
6415/spec-6415-56310-0259.fits
6415/spec-6415-56310-0260.fits
6415/spec-6415-56310-0261.fits
6415/spec-6415-56310-0262.fits
6415/spec-6415-56310-0263.fits
6415/spec-6415-56310-0264.fits
6415/spec-6415-56310-0265.fits
6415/spec-6415-56310-0266.fits
6415/spec-6415-56310-0267.fits
6415/spec-6415-56310-0268.fits
6415/spec-6415-56310-0269.fits
6415/spec-6415-56310-0270.fits
6415/spec-6415-56310-0271.fits
6415/spec-6415-56310-0272.fits
6415/spec-6415-56310-0273.fits
6415/spec-6415-56310-0274.fits
6415/spec-6415-56310-0275.fits
6415/spec-6415-56310-0276.fits
6415/spec-6415-56310-0277.fits
6415/spec-6415-56310-0278.fits
6415/spec-6415-56310-0279.fits
6415/spec-6415-56310-0280.fits
6415/spec-6415-56310-0281.fits
6415/spec-6415-56310-0282.fits
6415/spec-6415-56310-0283.fits
6415/spec-6415-56310-0284.fits
6415/spec-6415-56310-0285.fits
6415/spec-6415-56310-0286.fits
6415/spec-6415-56310-0287.fits
6415/spec-6415-56310-0288.fits
6415/spec-6415-56310-0289.fits
6415/spec-6415-56310-0290.fits
6415/spec-6415-56310-0291.fits
6415/spec-6415-56310-0292.fits
6415/spec-6415-56310-0293.fits
6415/spec-6415-56310-0294.fits
6415/spec-6415-56310-0295.fits
6415/spec-6415-56310-0296.fits
6415/spec-6415-56310-0297.fits
6415/spec-6415-56310-0298.fits
6415/spec-6415-56310-0299.fits
6415/spec-6415-56310-0300.fits
6415/spec-6415-56310-0301.fits
6415/spec-6415-56310-0302.fits
6415/spec-6415-56310-0303.fits
6415/spec-6415-56310-0304.fits
6415/spec-6415-56310-0305.fits
6415/spec-6415-56310-0306.fits
6415/spec-6415-56310-0307.fits
6415/spec-6415-56310-0308.fits
6415/spec-6415-56310-0309.fits
6415/spec-6415-56310-0310.fits
6415/spec-6415-56310-0311.fits
6415/spec-6415-56310-0312.fits
6415/spec-6415-56310-0313.fits
6415/spec-6415-56310-0314.fits
6415/spec-6415-56310-0315.fits
6415/spec-6415-56310-0316.fits
6415/spec-6415-56310-0317.fits
6415/spec-6415-56310-0318.fits
6415/spec-6415-56310-0319.fits
6415/spec-6415-56310-0320.fits
6415/spec-6415-56310-0321.fits
6415/spec-6415-56310-0322.fits
6415/spec-6415-56310-0323.fits
6415/spec-6415-56310-0324.fits
6415/spec-6415-56310-0325.fits
6415/spec-6415-56310-0326.fits
6415/spec-6415-56310-0327.fits
6415/spec-6415-56310-0328.fits
6415/spec-6415-56310-0329.fits
6415/spec-6415-56310-0330.fits
6415/spec-6415-56310-0331.fits
6415/spec-6415-56310-0332.fits
6415/spec-6415-56310-0333.fits
6415/spec-6415-56310-0334.fits
6415/spec-6415-56310-0335.fits
6415/spec-6415-56310-0336.fits
6415/spec-6415-56310-0337.fits
6415/spec-6415-56310-0338.fits
6415/spec-6415-56310-0339.fits
6415/spec-6415-56310-0340.fits
6415/spec-6415-56310-0341.fits
6415/spec-6415-56310-0342.fits
6415/spec-6415-56310-0343.fits
6415/spec-6415-56310-0344.fits
6415/spec-6415-56310-0345.fits
6415/spec-6415-56310-0346.fits
6415/spec-6415-56310-0347.fits
6415/spec-6415-56310-0348.fits
6415/spec-6415-56310-0349.fits
6415/spec-6415-56310-0350.fits
6415/spec-6415-56310-0351.fits
6415/spec-6415-56310-0352.fits
6415/spec-6415-56310-0353.fits
6415/spec-6415-56310-0354.fits
6415/spec-6415-56310-0355.fits
6415/spec-6415-56310-0356.fits
6415/spec-6415-56310-0357.fits
6415/spec-6415-56310-0358.fits
6415/spec-6415-56310-0359.fits
6415/spec-6415-56310-0360.fits
6415/spec-6415-56310-0361.fits
6415/spec-6415-56310-0362.fits
6415/spec-6415-56310-0363.fits
6415/spec-6415-56310-0364.fits
6415/spec-6415-56310-0365.fits
6415/spec-6415-56310-0366.fits
6415/spec-6415-56310-0367.fits
6415/spec-6415-56310-0368.fits
6415/spec-6415-56310-0369.fits
6415/spec-6415-56310-0370.fits
6415/spec-6415-56310-0371.fits
6415/spec-6415-56310-0372.fits
6415/spec-6415-56310-0373.fits
6415/spec-6415-56310-0374.fits
6415/spec-6415-56310-0375.fits
6415/spec-6415-56310-0376.fits
6415/spec-6415-56310-0377.fits
6415/spec-6415-56310-0378.fits
6415/spec-6415-56310-0379.fits
6415/spec-6415-56310-0380.fits
6415/spec-6415-56310-0381.fits
6415/spec-6415-56310-0382.fits
6415/spec-6415-56310-0383.fits
6415/spec-6415-56310-0384.fits
6415/spec-6415-56310-0385.fits
6415/spec-6415-56310-0386.fits
6415/spec-6415-56310-0387.fits
6415/spec-6415-56310-0388.fits
6415/spec-6415-56310-0389.fits
6415/spec-6415-56310-0390.fits
6415/spec-6415-56310-0391.fits
6415/spec-6415-56310-0392.fits
6415/spec-6415-56310-0393.fits
6415/spec-6415-56310-0394.fits
6415/spec-6415-56310-0395.fits
6415/spec-6415-56310-0396.fits
6415/spec-6415-56310-0397.fits
6415/spec-6415-56310-0398.fits
6415/spec-6415-56310-0399.fits
6415/spec-6415-56310-0400.fits
6415/spec-6415-56310-0401.fits
6415/spec-6415-56310-0402.fits
6415/spec-6415-56310-0403.fits
6415/spec-6415-56310-0404.fits
6415/spec-6415-56310-0405.fits
6415/spec-6415-56310-0406.fits
6415/spec-6415-56310-0407.fits
6415/spec-6415-56310-0408.fits
6415/spec-6415-56310-0409.fits
6415/spec-6415-56310-0410.fits
6415/spec-6415-56310-0411.fits
6415/spec-6415-56310-0412.fits
6415/spec-6415-56310-0413.fits
6415/spec-6415-56310-0414.fits
6415/spec-6415-56310-0415.fits
6415/spec-6415-56310-0416.fits
6415/spec-6415-56310-0417.fits
6415/spec-6415-56310-0418.fits
6415/spec-6415-56310-0419.fits
6415/spec-6415-56310-0420.fits
6415/spec-6415-56310-0421.fits
6415/spec-6415-56310-0422.fits
6415/spec-6415-56310-0423.fits
6415/spec-6415-56310-0424.fits
6415/spec-6415-56310-0425.fits
6415/spec-6415-56310-0426.fits
6415/spec-6415-56310-0427.fits
6415/spec-6415-56310-0428.fits
6415/spec-6415-56310-0429.fits
6415/spec-6415-56310-0430.fits
6415/spec-6415-56310-0431.fits
6415/spec-6415-56310-0432.fits
6415/spec-6415-56310-0433.fits
6415/spec-6415-56310-0434.fits
6415/spec-6415-56310-0435.fits
6415/spec-6415-56310-0436.fits
6415/spec-6415-56310-0437.fits
6415/spec-6415-56310-0438.fits
6415/spec-6415-56310-0439.fits
6415/spec-6415-56310-0440.fits
6415/spec-6415-56310-0441.fits
6415/spec-6415-56310-0442.fits
6415/spec-6415-56310-0443.fits
6415/spec-6415-56310-0444.fits
6415/spec-6415-56310-0445.fits
6415/spec-6415-56310-0446.fits
6415/spec-6415-56310-0447.fits
6415/spec-6415-56310-0448.fits
6415/spec-6415-56310-0449.fits
6415/spec-6415-56310-0450.fits
6415/spec-6415-56310-0451.fits
6415/spec-6415-56310-0452.fits
6415/spec-6415-56310-0453.fits
6415/spec-6415-56310-0454.fits
6415/spec-6415-56310-0455.fits
6415/spec-6415-56310-0456.fits
6415/spec-6415-56310-0457.fits
6415/spec-6415-56310-0458.fits
6415/spec-6415-56310-0459.fits
6415/spec-6415-56310-0460.fits
6415/spec-6415-56310-0461.fits
6415/spec-6415-56310-0462.fits
6415/spec-6415-56310-0463.fits
6415/spec-6415-56310-0464.fits
6415/spec-6415-56310-0465.fits
6415/spec-6415-56310-0466.fits
6415/spec-6415-56310-0467.fits
6415/spec-6415-56310-0468.fits
6415/spec-6415-56310-0469.fits
6415/spec-6415-56310-0470.fits
6415/spec-6415-56310-0471.fits
6415/spec-6415-56310-0472.fits
6415/spec-6415-56310-0473.fits
6415/spec-6415-56310-0474.fits
6415/spec-6415-56310-0475.fits
6415/spec-6415-56310-0476.fits
6415/spec-6415-56310-0477.fits
6415/spec-6415-56310-0478.fits
6415/spec-6415-56310-0479.fits
6415/spec-6415-56310-0480.fits
6415/spec-6415-56310-0481.fits
6415/spec-6415-56310-0482.fits
6415/spec-6415-56310-0483.fits
6415/spec-6415-56310-0484.fits
6415/spec-6415-56310-0485.fits
6415/spec-6415-56310-0486.fits
6415/spec-6415-56310-0487.fits
6415/spec-6415-56310-0488.fits
6415/spec-6415-56310-0489.fits
6415/spec-6415-56310-0490.fits
6415/spec-6415-56310-0491.fits
6415/spec-6415-56310-0492.fits
6415/spec-6415-56310-0493.fits
6415/spec-6415-56310-0494.fits
6415/spec-6415-56310-0495.fits
6415/spec-6415-56310-0496.fits
6415/spec-6415-56310-0497.fits
6415/spec-6415-56310-0498.fits
6415/spec-6415-56310-0499.fits
6415/spec-6415-56310-0500.fits
6415/spec-6415-56310-0501.fits
6415/spec-6415-56310-0502.fits
6415/spec-6415-56310-0503.fits
6415/spec-6415-56310-0504.fits
6415/spec-6415-56310-0505.fits
6415/spec-6415-56310-0506.fits
6415/spec-6415-56310-0507.fits
6415/spec-6415-56310-0508.fits
6415/spec-6415-56310-0509.fits
6415/spec-6415-56310-0510.fits
6415/spec-6415-56310-0511.fits
6415/spec-6415-56310-0512.fits
6415/spec-6415-56310-0513.fits
6415/spec-6415-56310-0514.fits
6415/spec-6415-56310-0515.fits
6415/spec-6415-56310-0516.fits
6415/spec-6415-56310-0517.fits
6415/spec-6415-56310-0518.fits
6415/spec-6415-56310-0519.fits
6415/spec-6415-56310-0520.fits
6415/spec-6415-56310-0521.fits
6415/spec-6415-56310-0522.fits
6415/spec-6415-56310-0523.fits
6415/spec-6415-56310-0524.fits
6415/spec-6415-56310-0525.fits
6415/spec-6415-56310-0526.fits
6415/spec-6415-56310-0527.fits
6415/spec-6415-56310-0528.fits
6415/spec-6415-56310-0529.fits
6415/spec-6415-56310-0530.fits
6415/spec-6415-56310-0531.fits
6415/spec-6415-56310-0532.fits
6415/spec-6415-56310-0533.fits
6415/spec-6415-56310-0534.fits
6415/spec-6415-56310-0535.fits
6415/spec-6415-56310-0536.fits
6415/spec-6415-56310-0537.fits
6415/spec-6415-56310-0538.fits
6415/spec-6415-56310-0539.fits
6415/spec-6415-56310-0540.fits
6415/spec-6415-56310-0541.fits
6415/spec-6415-56310-0542.fits
6415/spec-6415-56310-0543.fits
6415/spec-6415-56310-0544.fits
6415/spec-6415-56310-0545.fits
6415/spec-6415-56310-0546.fits
6415/spec-6415-56310-0547.fits
6415/spec-6415-56310-0548.fits
6415/spec-6415-56310-0549.fits
6415/spec-6415-56310-0550.fits
6415/spec-6415-56310-0551.fits
6415/spec-6415-56310-0552.fits
6415/spec-6415-56310-0553.fits
6415/spec-6415-56310-0554.fits
6415/spec-6415-56310-0555.fits
6415/spec-6415-56310-0556.fits
6415/spec-6415-56310-0557.fits
6415/spec-6415-56310-0558.fits
6415/spec-6415-56310-0559.fits
6415/spec-6415-56310-0560.fits
6415/spec-6415-56310-0561.fits
6415/spec-6415-56310-0562.fits
6415/spec-6415-56310-0563.fits
6415/spec-6415-56310-0564.fits
6415/spec-6415-56310-0565.fits
6415/spec-6415-56310-0566.fits
6415/spec-6415-56310-0567.fits
6415/spec-6415-56310-0568.fits
6415/spec-6415-56310-0569.fits
6415/spec-6415-56310-0570.fits
6415/spec-6415-56310-0571.fits
6415/spec-6415-56310-0572.fits
6415/spec-6415-56310-0573.fits
6415/spec-6415-56310-0574.fits
6415/spec-6415-56310-0575.fits
6415/spec-6415-56310-0576.fits
6415/spec-6415-56310-0577.fits
6415/spec-6415-56310-0578.fits
6415/spec-6415-56310-0579.fits
6415/spec-6415-56310-0580.fits
6415/spec-6415-56310-0581.fits
6415/spec-6415-56310-0582.fits
6415/spec-6415-56310-0583.fits
6415/spec-6415-56310-0584.fits
6415/spec-6415-56310-0585.fits
6415/spec-6415-56310-0586.fits
6415/spec-6415-56310-0587.fits
6415/spec-6415-56310-0588.fits
6415/spec-6415-56310-0589.fits
6415/spec-6415-56310-0590.fits
6415/spec-6415-56310-0591.fits
6415/spec-6415-56310-0592.fits
6415/spec-6415-56310-0593.fits
6415/spec-6415-56310-0594.fits
6415/spec-6415-56310-0595.fits
6415/spec-6415-56310-0596.fits
6415/spec-6415-56310-0597.fits
6415/spec-6415-56310-0598.fits
6415/spec-6415-56310-0599.fits
6415/spec-6415-56310-0600.fits
6415/spec-6415-56310-0601.fits
6415/spec-6415-56310-0602.fits
6415/spec-6415-56310-0603.fits
6415/spec-6415-56310-0604.fits
6415/spec-6415-56310-0605.fits
6415/spec-6415-56310-0606.fits
6415/spec-6415-56310-0607.fits
6415/spec-6415-56310-0608.fits
6415/spec-6415-56310-0609.fits
6415/spec-6415-56310-0610.fits
6415/spec-6415-56310-0611.fits
6415/spec-6415-56310-0612.fits
6415/spec-6415-56310-0613.fits
6415/spec-6415-56310-0614.fits
6415/spec-6415-56310-0615.fits
6415/spec-6415-56310-0616.fits
6415/spec-6415-56310-0617.fits
6415/spec-6415-56310-0618.fits
6415/spec-6415-56310-0619.fits
6415/spec-6415-56310-0620.fits
6415/spec-6415-56310-0621.fits
6415/spec-6415-56310-0622.fits
6415/spec-6415-56310-0623.fits
6415/spec-6415-56310-0624.fits
6415/spec-6415-56310-0625.fits
6415/spec-6415-56310-0626.fits
6415/spec-6415-56310-0627.fits
6415/spec-6415-56310-0628.fits
6415/spec-6415-56310-0629.fits
6415/spec-6415-56310-0630.fits
6415/spec-6415-56310-0631.fits
6415/spec-6415-56310-0632.fits
6415/spec-6415-56310-0633.fits
6415/spec-6415-56310-0634.fits
6415/spec-6415-56310-0635.fits
6415/spec-6415-56310-0636.fits
6415/spec-6415-56310-0637.fits
6415/spec-6415-56310-0638.fits
6415/spec-6415-56310-0639.fits
6415/spec-6415-56310-0640.fits
6415/spec-6415-56310-0641.fits
6415/spec-6415-56310-0642.fits
6415/spec-6415-56310-0643.fits
6415/spec-6415-56310-0644.fits
6415/spec-6415-56310-0645.fits
6415/spec-6415-56310-0646.fits
6415/spec-6415-56310-0647.fits
6415/spec-6415-56310-0648.fits
6415/spec-6415-56310-0649.fits
6415/spec-6415-56310-0650.fits
6415/spec-6415-56310-0651.fits
6415/spec-6415-56310-0652.fits
6415/spec-6415-56310-0653.fits
6415/spec-6415-56310-0654.fits
6415/spec-6415-56310-0655.fits
6415/spec-6415-56310-0656.fits
6415/spec-6415-56310-0657.fits
6415/spec-6415-56310-0658.fits
6415/spec-6415-56310-0659.fits
6415/spec-6415-56310-0660.fits
6415/spec-6415-56310-0661.fits
6415/spec-6415-56310-0662.fits
6415/spec-6415-56310-0663.fits
6415/spec-6415-56310-0664.fits
6415/spec-6415-56310-0665.fits
6415/spec-6415-56310-0666.fits
6415/spec-6415-56310-0667.fits
6415/spec-6415-56310-0668.fits
6415/spec-6415-56310-0669.fits
6415/spec-6415-56310-0670.fits
6415/spec-6415-56310-0671.fits
6415/spec-6415-56310-0672.fits
6415/spec-6415-56310-0673.fits
6415/spec-6415-56310-0674.fits
6415/spec-6415-56310-0675.fits
6415/spec-6415-56310-0676.fits
6415/spec-6415-56310-0677.fits
6415/spec-6415-56310-0678.fits
6415/spec-6415-56310-0679.fits
6415/spec-6415-56310-0680.fits
6415/spec-6415-56310-0681.fits
6415/spec-6415-56310-0682.fits
6415/spec-6415-56310-0683.fits
6415/spec-6415-56310-0684.fits
6415/spec-6415-56310-0685.fits
6415/spec-6415-56310-0686.fits
6415/spec-6415-56310-0687.fits
6415/spec-6415-56310-0688.fits
6415/spec-6415-56310-0689.fits
6415/spec-6415-56310-0690.fits
6415/spec-6415-56310-0691.fits
6415/spec-6415-56310-0692.fits
6415/spec-6415-56310-0693.fits
6415/spec-6415-56310-0694.fits
6415/spec-6415-56310-0695.fits
6415/spec-6415-56310-0696.fits
6415/spec-6415-56310-0697.fits
6415/spec-6415-56310-0698.fits
6415/spec-6415-56310-0699.fits
6415/spec-6415-56310-0700.fits
6415/spec-6415-56310-0701.fits
6415/spec-6415-56310-0702.fits
6415/spec-6415-56310-0703.fits
6415/spec-6415-56310-0704.fits
6415/spec-6415-56310-0705.fits
6415/spec-6415-56310-0706.fits
6415/spec-6415-56310-0707.fits
6415/spec-6415-56310-0708.fits
6415/spec-6415-56310-0709.fits
6415/spec-6415-56310-0710.fits
6415/spec-6415-56310-0711.fits
6415/spec-6415-56310-0712.fits
6415/spec-6415-56310-0713.fits
6415/spec-6415-56310-0714.fits
6415/spec-6415-56310-0715.fits
6415/spec-6415-56310-0716.fits
6415/spec-6415-56310-0717.fits
6415/spec-6415-56310-0718.fits
6415/spec-6415-56310-0719.fits
6415/spec-6415-56310-0720.fits
6415/spec-6415-56310-0721.fits
6415/spec-6415-56310-0722.fits
6415/spec-6415-56310-0723.fits
6415/spec-6415-56310-0724.fits
6415/spec-6415-56310-0725.fits
6415/spec-6415-56310-0726.fits
6415/spec-6415-56310-0727.fits
6415/spec-6415-56310-0728.fits
6415/spec-6415-56310-0729.fits
6415/spec-6415-56310-0730.fits
6415/spec-6415-56310-0731.fits
6415/spec-6415-56310-0732.fits
6415/spec-6415-56310-0733.fits
6415/spec-6415-56310-0734.fits
6415/spec-6415-56310-0735.fits
6415/spec-6415-56310-0736.fits
6415/spec-6415-56310-0737.fits
6415/spec-6415-56310-0738.fits
6415/spec-6415-56310-0739.fits
6415/spec-6415-56310-0740.fits
6415/spec-6415-56310-0741.fits
6415/spec-6415-56310-0742.fits
6415/spec-6415-56310-0743.fits
6415/spec-6415-56310-0744.fits
6415/spec-6415-56310-0745.fits
6415/spec-6415-56310-0746.fits
6415/spec-6415-56310-0747.fits
6415/spec-6415-56310-0748.fits
6415/spec-6415-56310-0749.fits
6415/spec-6415-56310-0750.fits
6415/spec-6415-56310-0751.fits
6415/spec-6415-56310-0752.fits
6415/spec-6415-56310-0753.fits
6415/spec-6415-56310-0754.fits
6415/spec-6415-56310-0755.fits
6415/spec-6415-56310-0756.fits
6415/spec-6415-56310-0757.fits
6415/spec-6415-56310-0758.fits
6415/spec-6415-56310-0759.fits
6415/spec-6415-56310-0760.fits
6415/spec-6415-56310-0761.fits
6415/spec-6415-56310-0762.fits
6415/spec-6415-56310-0763.fits
6415/spec-6415-56310-0764.fits
6415/spec-6415-56310-0765.fits
6415/spec-6415-56310-0766.fits
6415/spec-6415-56310-0767.fits
6415/spec-6415-56310-0768.fits
6415/spec-6415-56310-0769.fits
6415/spec-6415-56310-0770.fits
6415/spec-6415-56310-0771.fits
6415/spec-6415-56310-0772.fits
6415/spec-6415-56310-0773.fits
6415/spec-6415-56310-0774.fits
6415/spec-6415-56310-0775.fits
6415/spec-6415-56310-0776.fits
6415/spec-6415-56310-0777.fits
6415/spec-6415-56310-0778.fits
6415/spec-6415-56310-0779.fits
6415/spec-6415-56310-0780.fits
6415/spec-6415-56310-0781.fits
6415/spec-6415-56310-0782.fits
6415/spec-6415-56310-0783.fits
6415/spec-6415-56310-0784.fits
6415/spec-6415-56310-0785.fits
6415/spec-6415-56310-0786.fits
6415/spec-6415-56310-0787.fits
6415/spec-6415-56310-0788.fits
6415/spec-6415-56310-0789.fits
6415/spec-6415-56310-0790.fits
6415/spec-6415-56310-0791.fits
6415/spec-6415-56310-0792.fits
6415/spec-6415-56310-0793.fits
6415/spec-6415-56310-0794.fits
6415/spec-6415-56310-0795.fits
6415/spec-6415-56310-0796.fits
6415/spec-6415-56310-0797.fits
6415/spec-6415-56310-0798.fits
6415/spec-6415-56310-0799.fits
6415/spec-6415-56310-0800.fits
6415/spec-6415-56310-0801.fits
6415/spec-6415-56310-0802.fits
6415/spec-6415-56310-0803.fits
6415/spec-6415-56310-0804.fits
6415/spec-6415-56310-0805.fits
6415/spec-6415-56310-0806.fits
6415/spec-6415-56310-0807.fits
6415/spec-6415-56310-0808.fits
6415/spec-6415-56310-0809.fits
6415/spec-6415-56310-0810.fits
6415/spec-6415-56310-0811.fits
6415/spec-6415-56310-0812.fits
6415/spec-6415-56310-0813.fits
6415/spec-6415-56310-0814.fits
6415/spec-6415-56310-0815.fits
6415/spec-6415-56310-0816.fits
6415/spec-6415-56310-0817.fits
6415/spec-6415-56310-0818.fits
6415/spec-6415-56310-0819.fits
6415/spec-6415-56310-0820.fits
6415/spec-6415-56310-0821.fits
6415/spec-6415-56310-0822.fits
6415/spec-6415-56310-0823.fits
6415/spec-6415-56310-0824.fits
6415/spec-6415-56310-0825.fits
6415/spec-6415-56310-0826.fits
6415/spec-6415-56310-0827.fits
6415/spec-6415-56310-0828.fits
6415/spec-6415-56310-0829.fits
6415/spec-6415-56310-0830.fits
6415/spec-6415-56310-0831.fits
6415/spec-6415-56310-0832.fits
6415/spec-6415-56310-0833.fits
6415/spec-6415-56310-0834.fits
6415/spec-6415-56310-0835.fits
6415/spec-6415-56310-0836.fits
6415/spec-6415-56310-0837.fits
6415/spec-6415-56310-0838.fits
6415/spec-6415-56310-0839.fits
6415/spec-6415-56310-0840.fits
6415/spec-6415-56310-0841.fits
6415/spec-6415-56310-0842.fits
6415/spec-6415-56310-0843.fits
6415/spec-6415-56310-0844.fits
6415/spec-6415-56310-0845.fits
6415/spec-6415-56310-0846.fits
6415/spec-6415-56310-0847.fits
6415/spec-6415-56310-0848.fits
6415/spec-6415-56310-0849.fits
6415/spec-6415-56310-0850.fits
6415/spec-6415-56310-0851.fits
6415/spec-6415-56310-0852.fits
6415/spec-6415-56310-0853.fits
6415/spec-6415-56310-0854.fits
6415/spec-6415-56310-0855.fits
6415/spec-6415-56310-0856.fits
6415/spec-6415-56310-0857.fits
6415/spec-6415-56310-0858.fits
6415/spec-6415-56310-0859.fits
6415/spec-6415-56310-0860.fits
6415/spec-6415-56310-0861.fits
6415/spec-6415-56310-0862.fits
6415/spec-6415-56310-0863.fits
6415/spec-6415-56310-0864.fits
6415/spec-6415-56310-0865.fits
6415/spec-6415-56310-0866.fits
6415/spec-6415-56310-0867.fits
6415/spec-6415-56310-0868.fits
6415/spec-6415-56310-0869.fits
6415/spec-6415-56310-0870.fits
6415/spec-6415-56310-0871.fits
6415/spec-6415-56310-0872.fits
6415/spec-6415-56310-0873.fits
6415/spec-6415-56310-0874.fits
6415/spec-6415-56310-0875.fits
6415/spec-6415-56310-0876.fits
6415/spec-6415-56310-0877.fits
6415/spec-6415-56310-0878.fits
6415/spec-6415-56310-0879.fits
6415/spec-6415-56310-0880.fits
6415/spec-6415-56310-0881.fits
6415/spec-6415-56310-0882.fits
6415/spec-6415-56310-0883.fits
6415/spec-6415-56310-0884.fits
6415/spec-6415-56310-0885.fits
6415/spec-6415-56310-0886.fits
6415/spec-6415-56310-0887.fits
6415/spec-6415-56310-0888.fits
6415/spec-6415-56310-0889.fits
6415/spec-6415-56310-0890.fits
6415/spec-6415-56310-0891.fits
6415/spec-6415-56310-0892.fits
6415/spec-6415-56310-0893.fits
6415/spec-6415-56310-0894.fits
6415/spec-6415-56310-0895.fits
6415/spec-6415-56310-0896.fits
6415/spec-6415-56310-0897.fits
6415/spec-6415-56310-0898.fits
6415/spec-6415-56310-0899.fits
6415/spec-6415-56310-0900.fits
6415/spec-6415-56310-0901.fits
6415/spec-6415-56310-0902.fits
6415/spec-6415-56310-0903.fits
6415/spec-6415-56310-0904.fits
6415/spec-6415-56310-0905.fits
6415/spec-6415-56310-0906.fits
6415/spec-6415-56310-0907.fits
6415/spec-6415-56310-0908.fits
6415/spec-6415-56310-0909.fits
6415/spec-6415-56310-0910.fits
6415/spec-6415-56310-0911.fits
6415/spec-6415-56310-0912.fits
6415/spec-6415-56310-0913.fits
6415/spec-6415-56310-0914.fits
6415/spec-6415-56310-0915.fits
6415/spec-6415-56310-0916.fits
6415/spec-6415-56310-0917.fits
6415/spec-6415-56310-0918.fits
6415/spec-6415-56310-0919.fits
6415/spec-6415-56310-0920.fits
6415/spec-6415-56310-0921.fits
6415/spec-6415-56310-0922.fits
6415/spec-6415-56310-0923.fits
6415/spec-6415-56310-0924.fits
6415/spec-6415-56310-0925.fits
6415/spec-6415-56310-0926.fits
6415/spec-6415-56310-0927.fits
6415/spec-6415-56310-0928.fits
6415/spec-6415-56310-0929.fits
6415/spec-6415-56310-0930.fits
6415/spec-6415-56310-0931.fits
6415/spec-6415-56310-0932.fits
6415/spec-6415-56310-0933.fits
6415/spec-6415-56310-0934.fits
6415/spec-6415-56310-0935.fits
6415/spec-6415-56310-0936.fits
6415/spec-6415-56310-0937.fits
6415/spec-6415-56310-0938.fits
6415/spec-6415-56310-0939.fits
6415/spec-6415-56310-0940.fits
6415/spec-6415-56310-0941.fits
6415/spec-6415-56310-0942.fits
6415/spec-6415-56310-0943.fits
6415/spec-6415-56310-0944.fits
6415/spec-6415-56310-0945.fits
6415/spec-6415-56310-0946.fits
6415/spec-6415-56310-0947.fits
6415/spec-6415-56310-0948.fits
6415/spec-6415-56310-0949.fits
6415/spec-6415-56310-0950.fits
6415/spec-6415-56310-0951.fits
6415/spec-6415-56310-0952.fits
6415/spec-6415-56310-0953.fits
6415/spec-6415-56310-0954.fits
6415/spec-6415-56310-0955.fits
6415/spec-6415-56310-0956.fits
6415/spec-6415-56310-0957.fits
6415/spec-6415-56310-0958.fits
6415/spec-6415-56310-0959.fits
6415/spec-6415-56310-0960.fits
6415/spec-6415-56310-0961.fits
6415/spec-6415-56310-0962.fits
6415/spec-6415-56310-0963.fits
6415/spec-6415-56310-0964.fits
6415/spec-6415-56310-0965.fits
6415/spec-6415-56310-0966.fits
6415/spec-6415-56310-0967.fits
6415/spec-6415-56310-0968.fits
6415/spec-6415-56310-0969.fits
6415/spec-6415-56310-0970.fits
6415/spec-6415-56310-0971.fits
6415/spec-6415-56310-0972.fits
6415/spec-6415-56310-0973.fits
6415/spec-6415-56310-0974.fits
6415/spec-6415-56310-0975.fits
6415/spec-6415-56310-0976.fits
6415/spec-6415-56310-0977.fits
6415/spec-6415-56310-0978.fits
6415/spec-6415-56310-0979.fits
6415/spec-6415-56310-0980.fits
6415/spec-6415-56310-0981.fits
6415/spec-6415-56310-0982.fits
6415/spec-6415-56310-0983.fits
6415/spec-6415-56310-0984.fits
6415/spec-6415-56310-0985.fits
6415/spec-6415-56310-0986.fits
6415/spec-6415-56310-0987.fits
6415/spec-6415-56310-0988.fits
6415/spec-6415-56310-0989.fits
6415/spec-6415-56310-0990.fits
6415/spec-6415-56310-0991.fits
6415/spec-6415-56310-0992.fits
6415/spec-6415-56310-0993.fits
6415/spec-6415-56310-0994.fits
6415/spec-6415-56310-0995.fits
6415/spec-6415-56310-0996.fits
6415/spec-6415-56310-0997.fits
6415/spec-6415-56310-0998.fits
6415/spec-6415-56310-0999.fits
6415/spec-6415-56310-1000.fits
/var/lib/condor/execute/slot1/dir_18970
6415 6415.tgz R R361.tar.gz _condor_stderr _condor_stdout cB58_Lyman_break.fit condor_exec.exe hw4.R packages packages.tar.gz tmp var
[1] "Loaded package astro."
[1] 1000
6415 6415.csv 6415.tgz R R361.tar.gz _condor_stderr _condor_stdout cB58_Lyman_break.fit condor_exec.exe hw4.R packages packages.tar.gz tmp var
