6430
6430/
6430/spec-6430-56299-0001.fits
6430/spec-6430-56299-0002.fits
6430/spec-6430-56299-0003.fits
6430/spec-6430-56299-0004.fits
6430/spec-6430-56299-0005.fits
6430/spec-6430-56299-0006.fits
6430/spec-6430-56299-0007.fits
6430/spec-6430-56299-0008.fits
6430/spec-6430-56299-0009.fits
6430/spec-6430-56299-0010.fits
6430/spec-6430-56299-0011.fits
6430/spec-6430-56299-0012.fits
6430/spec-6430-56299-0013.fits
6430/spec-6430-56299-0014.fits
6430/spec-6430-56299-0015.fits
6430/spec-6430-56299-0016.fits
6430/spec-6430-56299-0017.fits
6430/spec-6430-56299-0018.fits
6430/spec-6430-56299-0019.fits
6430/spec-6430-56299-0020.fits
6430/spec-6430-56299-0021.fits
6430/spec-6430-56299-0022.fits
6430/spec-6430-56299-0023.fits
6430/spec-6430-56299-0024.fits
6430/spec-6430-56299-0025.fits
6430/spec-6430-56299-0026.fits
6430/spec-6430-56299-0027.fits
6430/spec-6430-56299-0028.fits
6430/spec-6430-56299-0029.fits
6430/spec-6430-56299-0030.fits
6430/spec-6430-56299-0031.fits
6430/spec-6430-56299-0032.fits
6430/spec-6430-56299-0033.fits
6430/spec-6430-56299-0034.fits
6430/spec-6430-56299-0035.fits
6430/spec-6430-56299-0036.fits
6430/spec-6430-56299-0037.fits
6430/spec-6430-56299-0038.fits
6430/spec-6430-56299-0039.fits
6430/spec-6430-56299-0040.fits
6430/spec-6430-56299-0041.fits
6430/spec-6430-56299-0042.fits
6430/spec-6430-56299-0043.fits
6430/spec-6430-56299-0044.fits
6430/spec-6430-56299-0045.fits
6430/spec-6430-56299-0046.fits
6430/spec-6430-56299-0047.fits
6430/spec-6430-56299-0048.fits
6430/spec-6430-56299-0049.fits
6430/spec-6430-56299-0050.fits
6430/spec-6430-56299-0051.fits
6430/spec-6430-56299-0052.fits
6430/spec-6430-56299-0053.fits
6430/spec-6430-56299-0054.fits
6430/spec-6430-56299-0055.fits
6430/spec-6430-56299-0056.fits
6430/spec-6430-56299-0057.fits
6430/spec-6430-56299-0058.fits
6430/spec-6430-56299-0059.fits
6430/spec-6430-56299-0060.fits
6430/spec-6430-56299-0061.fits
6430/spec-6430-56299-0062.fits
6430/spec-6430-56299-0063.fits
6430/spec-6430-56299-0064.fits
6430/spec-6430-56299-0065.fits
6430/spec-6430-56299-0066.fits
6430/spec-6430-56299-0067.fits
6430/spec-6430-56299-0068.fits
6430/spec-6430-56299-0069.fits
6430/spec-6430-56299-0070.fits
6430/spec-6430-56299-0071.fits
6430/spec-6430-56299-0072.fits
6430/spec-6430-56299-0073.fits
6430/spec-6430-56299-0074.fits
6430/spec-6430-56299-0075.fits
6430/spec-6430-56299-0076.fits
6430/spec-6430-56299-0077.fits
6430/spec-6430-56299-0078.fits
6430/spec-6430-56299-0079.fits
6430/spec-6430-56299-0080.fits
6430/spec-6430-56299-0081.fits
6430/spec-6430-56299-0082.fits
6430/spec-6430-56299-0083.fits
6430/spec-6430-56299-0084.fits
6430/spec-6430-56299-0085.fits
6430/spec-6430-56299-0086.fits
6430/spec-6430-56299-0087.fits
6430/spec-6430-56299-0088.fits
6430/spec-6430-56299-0089.fits
6430/spec-6430-56299-0090.fits
6430/spec-6430-56299-0091.fits
6430/spec-6430-56299-0092.fits
6430/spec-6430-56299-0093.fits
6430/spec-6430-56299-0094.fits
6430/spec-6430-56299-0095.fits
6430/spec-6430-56299-0096.fits
6430/spec-6430-56299-0097.fits
6430/spec-6430-56299-0098.fits
6430/spec-6430-56299-0099.fits
6430/spec-6430-56299-0100.fits
6430/spec-6430-56299-0101.fits
6430/spec-6430-56299-0102.fits
6430/spec-6430-56299-0103.fits
6430/spec-6430-56299-0104.fits
6430/spec-6430-56299-0105.fits
6430/spec-6430-56299-0106.fits
6430/spec-6430-56299-0107.fits
6430/spec-6430-56299-0108.fits
6430/spec-6430-56299-0109.fits
6430/spec-6430-56299-0110.fits
6430/spec-6430-56299-0111.fits
6430/spec-6430-56299-0112.fits
6430/spec-6430-56299-0113.fits
6430/spec-6430-56299-0114.fits
6430/spec-6430-56299-0115.fits
6430/spec-6430-56299-0116.fits
6430/spec-6430-56299-0117.fits
6430/spec-6430-56299-0118.fits
6430/spec-6430-56299-0119.fits
6430/spec-6430-56299-0120.fits
6430/spec-6430-56299-0121.fits
6430/spec-6430-56299-0122.fits
6430/spec-6430-56299-0123.fits
6430/spec-6430-56299-0124.fits
6430/spec-6430-56299-0125.fits
6430/spec-6430-56299-0126.fits
6430/spec-6430-56299-0127.fits
6430/spec-6430-56299-0128.fits
6430/spec-6430-56299-0129.fits
6430/spec-6430-56299-0130.fits
6430/spec-6430-56299-0131.fits
6430/spec-6430-56299-0132.fits
6430/spec-6430-56299-0133.fits
6430/spec-6430-56299-0134.fits
6430/spec-6430-56299-0135.fits
6430/spec-6430-56299-0136.fits
6430/spec-6430-56299-0137.fits
6430/spec-6430-56299-0138.fits
6430/spec-6430-56299-0139.fits
6430/spec-6430-56299-0140.fits
6430/spec-6430-56299-0141.fits
6430/spec-6430-56299-0142.fits
6430/spec-6430-56299-0143.fits
6430/spec-6430-56299-0144.fits
6430/spec-6430-56299-0145.fits
6430/spec-6430-56299-0146.fits
6430/spec-6430-56299-0147.fits
6430/spec-6430-56299-0148.fits
6430/spec-6430-56299-0149.fits
6430/spec-6430-56299-0150.fits
6430/spec-6430-56299-0151.fits
6430/spec-6430-56299-0152.fits
6430/spec-6430-56299-0153.fits
6430/spec-6430-56299-0154.fits
6430/spec-6430-56299-0155.fits
6430/spec-6430-56299-0156.fits
6430/spec-6430-56299-0157.fits
6430/spec-6430-56299-0158.fits
6430/spec-6430-56299-0159.fits
6430/spec-6430-56299-0160.fits
6430/spec-6430-56299-0161.fits
6430/spec-6430-56299-0162.fits
6430/spec-6430-56299-0163.fits
6430/spec-6430-56299-0164.fits
6430/spec-6430-56299-0165.fits
6430/spec-6430-56299-0166.fits
6430/spec-6430-56299-0167.fits
6430/spec-6430-56299-0168.fits
6430/spec-6430-56299-0169.fits
6430/spec-6430-56299-0170.fits
6430/spec-6430-56299-0171.fits
6430/spec-6430-56299-0172.fits
6430/spec-6430-56299-0173.fits
6430/spec-6430-56299-0174.fits
6430/spec-6430-56299-0175.fits
6430/spec-6430-56299-0176.fits
6430/spec-6430-56299-0177.fits
6430/spec-6430-56299-0178.fits
6430/spec-6430-56299-0179.fits
6430/spec-6430-56299-0180.fits
6430/spec-6430-56299-0181.fits
6430/spec-6430-56299-0182.fits
6430/spec-6430-56299-0183.fits
6430/spec-6430-56299-0184.fits
6430/spec-6430-56299-0185.fits
6430/spec-6430-56299-0186.fits
6430/spec-6430-56299-0187.fits
6430/spec-6430-56299-0188.fits
6430/spec-6430-56299-0189.fits
6430/spec-6430-56299-0190.fits
6430/spec-6430-56299-0191.fits
6430/spec-6430-56299-0192.fits
6430/spec-6430-56299-0193.fits
6430/spec-6430-56299-0194.fits
6430/spec-6430-56299-0195.fits
6430/spec-6430-56299-0196.fits
6430/spec-6430-56299-0197.fits
6430/spec-6430-56299-0198.fits
6430/spec-6430-56299-0199.fits
6430/spec-6430-56299-0200.fits
6430/spec-6430-56299-0201.fits
6430/spec-6430-56299-0202.fits
6430/spec-6430-56299-0203.fits
6430/spec-6430-56299-0204.fits
6430/spec-6430-56299-0205.fits
6430/spec-6430-56299-0206.fits
6430/spec-6430-56299-0207.fits
6430/spec-6430-56299-0208.fits
6430/spec-6430-56299-0209.fits
6430/spec-6430-56299-0210.fits
6430/spec-6430-56299-0211.fits
6430/spec-6430-56299-0212.fits
6430/spec-6430-56299-0213.fits
6430/spec-6430-56299-0214.fits
6430/spec-6430-56299-0215.fits
6430/spec-6430-56299-0216.fits
6430/spec-6430-56299-0217.fits
6430/spec-6430-56299-0218.fits
6430/spec-6430-56299-0219.fits
6430/spec-6430-56299-0220.fits
6430/spec-6430-56299-0221.fits
6430/spec-6430-56299-0222.fits
6430/spec-6430-56299-0223.fits
6430/spec-6430-56299-0224.fits
6430/spec-6430-56299-0225.fits
6430/spec-6430-56299-0226.fits
6430/spec-6430-56299-0227.fits
6430/spec-6430-56299-0228.fits
6430/spec-6430-56299-0229.fits
6430/spec-6430-56299-0230.fits
6430/spec-6430-56299-0231.fits
6430/spec-6430-56299-0232.fits
6430/spec-6430-56299-0233.fits
6430/spec-6430-56299-0234.fits
6430/spec-6430-56299-0235.fits
6430/spec-6430-56299-0236.fits
6430/spec-6430-56299-0237.fits
6430/spec-6430-56299-0238.fits
6430/spec-6430-56299-0239.fits
6430/spec-6430-56299-0240.fits
6430/spec-6430-56299-0241.fits
6430/spec-6430-56299-0242.fits
6430/spec-6430-56299-0243.fits
6430/spec-6430-56299-0244.fits
6430/spec-6430-56299-0245.fits
6430/spec-6430-56299-0246.fits
6430/spec-6430-56299-0247.fits
6430/spec-6430-56299-0248.fits
6430/spec-6430-56299-0249.fits
6430/spec-6430-56299-0250.fits
6430/spec-6430-56299-0251.fits
6430/spec-6430-56299-0252.fits
6430/spec-6430-56299-0253.fits
6430/spec-6430-56299-0254.fits
6430/spec-6430-56299-0255.fits
6430/spec-6430-56299-0256.fits
6430/spec-6430-56299-0257.fits
6430/spec-6430-56299-0258.fits
6430/spec-6430-56299-0259.fits
6430/spec-6430-56299-0260.fits
6430/spec-6430-56299-0261.fits
6430/spec-6430-56299-0262.fits
6430/spec-6430-56299-0263.fits
6430/spec-6430-56299-0264.fits
6430/spec-6430-56299-0265.fits
6430/spec-6430-56299-0266.fits
6430/spec-6430-56299-0267.fits
6430/spec-6430-56299-0268.fits
6430/spec-6430-56299-0269.fits
6430/spec-6430-56299-0270.fits
6430/spec-6430-56299-0271.fits
6430/spec-6430-56299-0272.fits
6430/spec-6430-56299-0273.fits
6430/spec-6430-56299-0274.fits
6430/spec-6430-56299-0275.fits
6430/spec-6430-56299-0276.fits
6430/spec-6430-56299-0277.fits
6430/spec-6430-56299-0278.fits
6430/spec-6430-56299-0279.fits
6430/spec-6430-56299-0280.fits
6430/spec-6430-56299-0281.fits
6430/spec-6430-56299-0282.fits
6430/spec-6430-56299-0283.fits
6430/spec-6430-56299-0284.fits
6430/spec-6430-56299-0285.fits
6430/spec-6430-56299-0286.fits
6430/spec-6430-56299-0287.fits
6430/spec-6430-56299-0288.fits
6430/spec-6430-56299-0289.fits
6430/spec-6430-56299-0290.fits
6430/spec-6430-56299-0291.fits
6430/spec-6430-56299-0292.fits
6430/spec-6430-56299-0293.fits
6430/spec-6430-56299-0294.fits
6430/spec-6430-56299-0295.fits
6430/spec-6430-56299-0296.fits
6430/spec-6430-56299-0297.fits
6430/spec-6430-56299-0298.fits
6430/spec-6430-56299-0299.fits
6430/spec-6430-56299-0300.fits
6430/spec-6430-56299-0301.fits
6430/spec-6430-56299-0302.fits
6430/spec-6430-56299-0303.fits
6430/spec-6430-56299-0304.fits
6430/spec-6430-56299-0305.fits
6430/spec-6430-56299-0306.fits
6430/spec-6430-56299-0307.fits
6430/spec-6430-56299-0308.fits
6430/spec-6430-56299-0309.fits
6430/spec-6430-56299-0310.fits
6430/spec-6430-56299-0311.fits
6430/spec-6430-56299-0312.fits
6430/spec-6430-56299-0313.fits
6430/spec-6430-56299-0314.fits
6430/spec-6430-56299-0315.fits
6430/spec-6430-56299-0316.fits
6430/spec-6430-56299-0317.fits
6430/spec-6430-56299-0318.fits
6430/spec-6430-56299-0319.fits
6430/spec-6430-56299-0320.fits
6430/spec-6430-56299-0321.fits
6430/spec-6430-56299-0322.fits
6430/spec-6430-56299-0323.fits
6430/spec-6430-56299-0324.fits
6430/spec-6430-56299-0325.fits
6430/spec-6430-56299-0326.fits
6430/spec-6430-56299-0327.fits
6430/spec-6430-56299-0328.fits
6430/spec-6430-56299-0329.fits
6430/spec-6430-56299-0330.fits
6430/spec-6430-56299-0331.fits
6430/spec-6430-56299-0332.fits
6430/spec-6430-56299-0333.fits
6430/spec-6430-56299-0334.fits
6430/spec-6430-56299-0335.fits
6430/spec-6430-56299-0336.fits
6430/spec-6430-56299-0337.fits
6430/spec-6430-56299-0338.fits
6430/spec-6430-56299-0339.fits
6430/spec-6430-56299-0340.fits
6430/spec-6430-56299-0341.fits
6430/spec-6430-56299-0342.fits
6430/spec-6430-56299-0343.fits
6430/spec-6430-56299-0344.fits
6430/spec-6430-56299-0345.fits
6430/spec-6430-56299-0346.fits
6430/spec-6430-56299-0347.fits
6430/spec-6430-56299-0348.fits
6430/spec-6430-56299-0349.fits
6430/spec-6430-56299-0350.fits
6430/spec-6430-56299-0351.fits
6430/spec-6430-56299-0352.fits
6430/spec-6430-56299-0353.fits
6430/spec-6430-56299-0354.fits
6430/spec-6430-56299-0355.fits
6430/spec-6430-56299-0356.fits
6430/spec-6430-56299-0357.fits
6430/spec-6430-56299-0358.fits
6430/spec-6430-56299-0359.fits
6430/spec-6430-56299-0360.fits
6430/spec-6430-56299-0361.fits
6430/spec-6430-56299-0362.fits
6430/spec-6430-56299-0363.fits
6430/spec-6430-56299-0364.fits
6430/spec-6430-56299-0365.fits
6430/spec-6430-56299-0366.fits
6430/spec-6430-56299-0367.fits
6430/spec-6430-56299-0368.fits
6430/spec-6430-56299-0369.fits
6430/spec-6430-56299-0370.fits
6430/spec-6430-56299-0371.fits
6430/spec-6430-56299-0372.fits
6430/spec-6430-56299-0373.fits
6430/spec-6430-56299-0374.fits
6430/spec-6430-56299-0375.fits
6430/spec-6430-56299-0376.fits
6430/spec-6430-56299-0377.fits
6430/spec-6430-56299-0378.fits
6430/spec-6430-56299-0379.fits
6430/spec-6430-56299-0380.fits
6430/spec-6430-56299-0381.fits
6430/spec-6430-56299-0382.fits
6430/spec-6430-56299-0383.fits
6430/spec-6430-56299-0384.fits
6430/spec-6430-56299-0385.fits
6430/spec-6430-56299-0386.fits
6430/spec-6430-56299-0387.fits
6430/spec-6430-56299-0388.fits
6430/spec-6430-56299-0389.fits
6430/spec-6430-56299-0390.fits
6430/spec-6430-56299-0391.fits
6430/spec-6430-56299-0392.fits
6430/spec-6430-56299-0393.fits
6430/spec-6430-56299-0394.fits
6430/spec-6430-56299-0395.fits
6430/spec-6430-56299-0396.fits
6430/spec-6430-56299-0397.fits
6430/spec-6430-56299-0398.fits
6430/spec-6430-56299-0399.fits
6430/spec-6430-56299-0400.fits
6430/spec-6430-56299-0401.fits
6430/spec-6430-56299-0402.fits
6430/spec-6430-56299-0403.fits
6430/spec-6430-56299-0404.fits
6430/spec-6430-56299-0405.fits
6430/spec-6430-56299-0406.fits
6430/spec-6430-56299-0407.fits
6430/spec-6430-56299-0408.fits
6430/spec-6430-56299-0409.fits
6430/spec-6430-56299-0410.fits
6430/spec-6430-56299-0411.fits
6430/spec-6430-56299-0412.fits
6430/spec-6430-56299-0413.fits
6430/spec-6430-56299-0414.fits
6430/spec-6430-56299-0415.fits
6430/spec-6430-56299-0416.fits
6430/spec-6430-56299-0417.fits
6430/spec-6430-56299-0418.fits
6430/spec-6430-56299-0419.fits
6430/spec-6430-56299-0420.fits
6430/spec-6430-56299-0421.fits
6430/spec-6430-56299-0422.fits
6430/spec-6430-56299-0423.fits
6430/spec-6430-56299-0424.fits
6430/spec-6430-56299-0425.fits
6430/spec-6430-56299-0426.fits
6430/spec-6430-56299-0427.fits
6430/spec-6430-56299-0428.fits
6430/spec-6430-56299-0429.fits
6430/spec-6430-56299-0430.fits
6430/spec-6430-56299-0431.fits
6430/spec-6430-56299-0432.fits
6430/spec-6430-56299-0433.fits
6430/spec-6430-56299-0434.fits
6430/spec-6430-56299-0435.fits
6430/spec-6430-56299-0436.fits
6430/spec-6430-56299-0437.fits
6430/spec-6430-56299-0438.fits
6430/spec-6430-56299-0439.fits
6430/spec-6430-56299-0440.fits
6430/spec-6430-56299-0441.fits
6430/spec-6430-56299-0442.fits
6430/spec-6430-56299-0443.fits
6430/spec-6430-56299-0444.fits
6430/spec-6430-56299-0445.fits
6430/spec-6430-56299-0446.fits
6430/spec-6430-56299-0447.fits
6430/spec-6430-56299-0448.fits
6430/spec-6430-56299-0449.fits
6430/spec-6430-56299-0450.fits
6430/spec-6430-56299-0451.fits
6430/spec-6430-56299-0452.fits
6430/spec-6430-56299-0453.fits
6430/spec-6430-56299-0454.fits
6430/spec-6430-56299-0455.fits
6430/spec-6430-56299-0456.fits
6430/spec-6430-56299-0457.fits
6430/spec-6430-56299-0458.fits
6430/spec-6430-56299-0459.fits
6430/spec-6430-56299-0460.fits
6430/spec-6430-56299-0461.fits
6430/spec-6430-56299-0462.fits
6430/spec-6430-56299-0463.fits
6430/spec-6430-56299-0464.fits
6430/spec-6430-56299-0465.fits
6430/spec-6430-56299-0466.fits
6430/spec-6430-56299-0467.fits
6430/spec-6430-56299-0468.fits
6430/spec-6430-56299-0469.fits
6430/spec-6430-56299-0470.fits
6430/spec-6430-56299-0471.fits
6430/spec-6430-56299-0472.fits
6430/spec-6430-56299-0473.fits
6430/spec-6430-56299-0474.fits
6430/spec-6430-56299-0475.fits
6430/spec-6430-56299-0476.fits
6430/spec-6430-56299-0477.fits
6430/spec-6430-56299-0478.fits
6430/spec-6430-56299-0479.fits
6430/spec-6430-56299-0480.fits
6430/spec-6430-56299-0481.fits
6430/spec-6430-56299-0482.fits
6430/spec-6430-56299-0483.fits
6430/spec-6430-56299-0484.fits
6430/spec-6430-56299-0485.fits
6430/spec-6430-56299-0486.fits
6430/spec-6430-56299-0487.fits
6430/spec-6430-56299-0488.fits
6430/spec-6430-56299-0489.fits
6430/spec-6430-56299-0490.fits
6430/spec-6430-56299-0491.fits
6430/spec-6430-56299-0492.fits
6430/spec-6430-56299-0493.fits
6430/spec-6430-56299-0494.fits
6430/spec-6430-56299-0495.fits
6430/spec-6430-56299-0496.fits
6430/spec-6430-56299-0497.fits
6430/spec-6430-56299-0498.fits
6430/spec-6430-56299-0499.fits
6430/spec-6430-56299-0500.fits
6430/spec-6430-56299-0501.fits
6430/spec-6430-56299-0502.fits
6430/spec-6430-56299-0503.fits
6430/spec-6430-56299-0504.fits
6430/spec-6430-56299-0505.fits
6430/spec-6430-56299-0506.fits
6430/spec-6430-56299-0507.fits
6430/spec-6430-56299-0508.fits
6430/spec-6430-56299-0509.fits
6430/spec-6430-56299-0510.fits
6430/spec-6430-56299-0511.fits
6430/spec-6430-56299-0512.fits
6430/spec-6430-56299-0513.fits
6430/spec-6430-56299-0514.fits
6430/spec-6430-56299-0515.fits
6430/spec-6430-56299-0516.fits
6430/spec-6430-56299-0517.fits
6430/spec-6430-56299-0518.fits
6430/spec-6430-56299-0519.fits
6430/spec-6430-56299-0520.fits
6430/spec-6430-56299-0521.fits
6430/spec-6430-56299-0522.fits
6430/spec-6430-56299-0523.fits
6430/spec-6430-56299-0524.fits
6430/spec-6430-56299-0525.fits
6430/spec-6430-56299-0526.fits
6430/spec-6430-56299-0527.fits
6430/spec-6430-56299-0528.fits
6430/spec-6430-56299-0529.fits
6430/spec-6430-56299-0530.fits
6430/spec-6430-56299-0531.fits
6430/spec-6430-56299-0532.fits
6430/spec-6430-56299-0533.fits
6430/spec-6430-56299-0534.fits
6430/spec-6430-56299-0535.fits
6430/spec-6430-56299-0536.fits
6430/spec-6430-56299-0537.fits
6430/spec-6430-56299-0538.fits
6430/spec-6430-56299-0539.fits
6430/spec-6430-56299-0540.fits
6430/spec-6430-56299-0541.fits
6430/spec-6430-56299-0542.fits
6430/spec-6430-56299-0543.fits
6430/spec-6430-56299-0544.fits
6430/spec-6430-56299-0545.fits
6430/spec-6430-56299-0546.fits
6430/spec-6430-56299-0547.fits
6430/spec-6430-56299-0548.fits
6430/spec-6430-56299-0549.fits
6430/spec-6430-56299-0550.fits
6430/spec-6430-56299-0551.fits
6430/spec-6430-56299-0552.fits
6430/spec-6430-56299-0553.fits
6430/spec-6430-56299-0554.fits
6430/spec-6430-56299-0555.fits
6430/spec-6430-56299-0556.fits
6430/spec-6430-56299-0557.fits
6430/spec-6430-56299-0558.fits
6430/spec-6430-56299-0559.fits
6430/spec-6430-56299-0560.fits
6430/spec-6430-56299-0561.fits
6430/spec-6430-56299-0562.fits
6430/spec-6430-56299-0563.fits
6430/spec-6430-56299-0564.fits
6430/spec-6430-56299-0565.fits
6430/spec-6430-56299-0566.fits
6430/spec-6430-56299-0567.fits
6430/spec-6430-56299-0568.fits
6430/spec-6430-56299-0569.fits
6430/spec-6430-56299-0570.fits
6430/spec-6430-56299-0571.fits
6430/spec-6430-56299-0572.fits
6430/spec-6430-56299-0573.fits
6430/spec-6430-56299-0574.fits
6430/spec-6430-56299-0575.fits
6430/spec-6430-56299-0576.fits
6430/spec-6430-56299-0577.fits
6430/spec-6430-56299-0578.fits
6430/spec-6430-56299-0579.fits
6430/spec-6430-56299-0580.fits
6430/spec-6430-56299-0581.fits
6430/spec-6430-56299-0582.fits
6430/spec-6430-56299-0583.fits
6430/spec-6430-56299-0584.fits
6430/spec-6430-56299-0585.fits
6430/spec-6430-56299-0586.fits
6430/spec-6430-56299-0587.fits
6430/spec-6430-56299-0588.fits
6430/spec-6430-56299-0589.fits
6430/spec-6430-56299-0590.fits
6430/spec-6430-56299-0591.fits
6430/spec-6430-56299-0592.fits
6430/spec-6430-56299-0593.fits
6430/spec-6430-56299-0594.fits
6430/spec-6430-56299-0595.fits
6430/spec-6430-56299-0596.fits
6430/spec-6430-56299-0597.fits
6430/spec-6430-56299-0598.fits
6430/spec-6430-56299-0599.fits
6430/spec-6430-56299-0600.fits
6430/spec-6430-56299-0601.fits
6430/spec-6430-56299-0602.fits
6430/spec-6430-56299-0603.fits
6430/spec-6430-56299-0604.fits
6430/spec-6430-56299-0605.fits
6430/spec-6430-56299-0606.fits
6430/spec-6430-56299-0607.fits
6430/spec-6430-56299-0608.fits
6430/spec-6430-56299-0609.fits
6430/spec-6430-56299-0610.fits
6430/spec-6430-56299-0611.fits
6430/spec-6430-56299-0612.fits
6430/spec-6430-56299-0613.fits
6430/spec-6430-56299-0614.fits
6430/spec-6430-56299-0615.fits
6430/spec-6430-56299-0616.fits
6430/spec-6430-56299-0617.fits
6430/spec-6430-56299-0618.fits
6430/spec-6430-56299-0619.fits
6430/spec-6430-56299-0620.fits
6430/spec-6430-56299-0621.fits
6430/spec-6430-56299-0622.fits
6430/spec-6430-56299-0623.fits
6430/spec-6430-56299-0624.fits
6430/spec-6430-56299-0625.fits
6430/spec-6430-56299-0626.fits
6430/spec-6430-56299-0627.fits
6430/spec-6430-56299-0628.fits
6430/spec-6430-56299-0629.fits
6430/spec-6430-56299-0630.fits
6430/spec-6430-56299-0631.fits
6430/spec-6430-56299-0632.fits
6430/spec-6430-56299-0633.fits
6430/spec-6430-56299-0634.fits
6430/spec-6430-56299-0635.fits
6430/spec-6430-56299-0636.fits
6430/spec-6430-56299-0637.fits
6430/spec-6430-56299-0638.fits
6430/spec-6430-56299-0639.fits
6430/spec-6430-56299-0640.fits
6430/spec-6430-56299-0641.fits
6430/spec-6430-56299-0642.fits
6430/spec-6430-56299-0643.fits
6430/spec-6430-56299-0644.fits
6430/spec-6430-56299-0645.fits
6430/spec-6430-56299-0646.fits
6430/spec-6430-56299-0647.fits
6430/spec-6430-56299-0648.fits
6430/spec-6430-56299-0649.fits
6430/spec-6430-56299-0650.fits
6430/spec-6430-56299-0651.fits
6430/spec-6430-56299-0652.fits
6430/spec-6430-56299-0653.fits
6430/spec-6430-56299-0654.fits
6430/spec-6430-56299-0655.fits
6430/spec-6430-56299-0656.fits
6430/spec-6430-56299-0657.fits
6430/spec-6430-56299-0658.fits
6430/spec-6430-56299-0659.fits
6430/spec-6430-56299-0660.fits
6430/spec-6430-56299-0661.fits
6430/spec-6430-56299-0662.fits
6430/spec-6430-56299-0663.fits
6430/spec-6430-56299-0664.fits
6430/spec-6430-56299-0665.fits
6430/spec-6430-56299-0666.fits
6430/spec-6430-56299-0667.fits
6430/spec-6430-56299-0668.fits
6430/spec-6430-56299-0669.fits
6430/spec-6430-56299-0670.fits
6430/spec-6430-56299-0671.fits
6430/spec-6430-56299-0672.fits
6430/spec-6430-56299-0673.fits
6430/spec-6430-56299-0674.fits
6430/spec-6430-56299-0675.fits
6430/spec-6430-56299-0676.fits
6430/spec-6430-56299-0677.fits
6430/spec-6430-56299-0678.fits
6430/spec-6430-56299-0679.fits
6430/spec-6430-56299-0680.fits
6430/spec-6430-56299-0681.fits
6430/spec-6430-56299-0682.fits
6430/spec-6430-56299-0683.fits
6430/spec-6430-56299-0684.fits
6430/spec-6430-56299-0685.fits
6430/spec-6430-56299-0686.fits
6430/spec-6430-56299-0687.fits
6430/spec-6430-56299-0688.fits
6430/spec-6430-56299-0689.fits
6430/spec-6430-56299-0690.fits
6430/spec-6430-56299-0691.fits
6430/spec-6430-56299-0692.fits
6430/spec-6430-56299-0693.fits
6430/spec-6430-56299-0694.fits
6430/spec-6430-56299-0695.fits
6430/spec-6430-56299-0696.fits
6430/spec-6430-56299-0697.fits
6430/spec-6430-56299-0698.fits
6430/spec-6430-56299-0699.fits
6430/spec-6430-56299-0700.fits
6430/spec-6430-56299-0701.fits
6430/spec-6430-56299-0702.fits
6430/spec-6430-56299-0703.fits
6430/spec-6430-56299-0704.fits
6430/spec-6430-56299-0705.fits
6430/spec-6430-56299-0706.fits
6430/spec-6430-56299-0707.fits
6430/spec-6430-56299-0708.fits
6430/spec-6430-56299-0709.fits
6430/spec-6430-56299-0710.fits
6430/spec-6430-56299-0711.fits
6430/spec-6430-56299-0712.fits
6430/spec-6430-56299-0713.fits
6430/spec-6430-56299-0714.fits
6430/spec-6430-56299-0715.fits
6430/spec-6430-56299-0716.fits
6430/spec-6430-56299-0717.fits
6430/spec-6430-56299-0718.fits
6430/spec-6430-56299-0719.fits
6430/spec-6430-56299-0720.fits
6430/spec-6430-56299-0721.fits
6430/spec-6430-56299-0722.fits
6430/spec-6430-56299-0723.fits
6430/spec-6430-56299-0724.fits
6430/spec-6430-56299-0725.fits
6430/spec-6430-56299-0726.fits
6430/spec-6430-56299-0727.fits
6430/spec-6430-56299-0728.fits
6430/spec-6430-56299-0729.fits
6430/spec-6430-56299-0730.fits
6430/spec-6430-56299-0731.fits
6430/spec-6430-56299-0732.fits
6430/spec-6430-56299-0733.fits
6430/spec-6430-56299-0734.fits
6430/spec-6430-56299-0735.fits
6430/spec-6430-56299-0736.fits
6430/spec-6430-56299-0737.fits
6430/spec-6430-56299-0738.fits
6430/spec-6430-56299-0739.fits
6430/spec-6430-56299-0740.fits
6430/spec-6430-56299-0741.fits
6430/spec-6430-56299-0742.fits
6430/spec-6430-56299-0743.fits
6430/spec-6430-56299-0744.fits
6430/spec-6430-56299-0745.fits
6430/spec-6430-56299-0746.fits
6430/spec-6430-56299-0747.fits
6430/spec-6430-56299-0748.fits
6430/spec-6430-56299-0749.fits
6430/spec-6430-56299-0750.fits
6430/spec-6430-56299-0751.fits
6430/spec-6430-56299-0752.fits
6430/spec-6430-56299-0753.fits
6430/spec-6430-56299-0754.fits
6430/spec-6430-56299-0755.fits
6430/spec-6430-56299-0756.fits
6430/spec-6430-56299-0757.fits
6430/spec-6430-56299-0758.fits
6430/spec-6430-56299-0759.fits
6430/spec-6430-56299-0760.fits
6430/spec-6430-56299-0761.fits
6430/spec-6430-56299-0762.fits
6430/spec-6430-56299-0763.fits
6430/spec-6430-56299-0764.fits
6430/spec-6430-56299-0765.fits
6430/spec-6430-56299-0766.fits
6430/spec-6430-56299-0767.fits
6430/spec-6430-56299-0768.fits
6430/spec-6430-56299-0769.fits
6430/spec-6430-56299-0770.fits
6430/spec-6430-56299-0771.fits
6430/spec-6430-56299-0772.fits
6430/spec-6430-56299-0773.fits
6430/spec-6430-56299-0774.fits
6430/spec-6430-56299-0775.fits
6430/spec-6430-56299-0776.fits
6430/spec-6430-56299-0777.fits
6430/spec-6430-56299-0778.fits
6430/spec-6430-56299-0779.fits
6430/spec-6430-56299-0780.fits
6430/spec-6430-56299-0781.fits
6430/spec-6430-56299-0782.fits
6430/spec-6430-56299-0783.fits
6430/spec-6430-56299-0784.fits
6430/spec-6430-56299-0785.fits
6430/spec-6430-56299-0786.fits
6430/spec-6430-56299-0787.fits
6430/spec-6430-56299-0788.fits
6430/spec-6430-56299-0789.fits
6430/spec-6430-56299-0790.fits
6430/spec-6430-56299-0791.fits
6430/spec-6430-56299-0792.fits
6430/spec-6430-56299-0793.fits
6430/spec-6430-56299-0794.fits
6430/spec-6430-56299-0795.fits
6430/spec-6430-56299-0796.fits
6430/spec-6430-56299-0797.fits
6430/spec-6430-56299-0798.fits
6430/spec-6430-56299-0799.fits
6430/spec-6430-56299-0800.fits
6430/spec-6430-56299-0801.fits
6430/spec-6430-56299-0802.fits
6430/spec-6430-56299-0803.fits
6430/spec-6430-56299-0804.fits
6430/spec-6430-56299-0805.fits
6430/spec-6430-56299-0806.fits
6430/spec-6430-56299-0807.fits
6430/spec-6430-56299-0808.fits
6430/spec-6430-56299-0809.fits
6430/spec-6430-56299-0810.fits
6430/spec-6430-56299-0811.fits
6430/spec-6430-56299-0812.fits
6430/spec-6430-56299-0813.fits
6430/spec-6430-56299-0814.fits
6430/spec-6430-56299-0815.fits
6430/spec-6430-56299-0816.fits
6430/spec-6430-56299-0817.fits
6430/spec-6430-56299-0818.fits
6430/spec-6430-56299-0819.fits
6430/spec-6430-56299-0820.fits
6430/spec-6430-56299-0821.fits
6430/spec-6430-56299-0822.fits
6430/spec-6430-56299-0823.fits
6430/spec-6430-56299-0824.fits
6430/spec-6430-56299-0825.fits
6430/spec-6430-56299-0826.fits
6430/spec-6430-56299-0827.fits
6430/spec-6430-56299-0828.fits
6430/spec-6430-56299-0829.fits
6430/spec-6430-56299-0830.fits
6430/spec-6430-56299-0831.fits
6430/spec-6430-56299-0832.fits
6430/spec-6430-56299-0833.fits
6430/spec-6430-56299-0834.fits
6430/spec-6430-56299-0835.fits
6430/spec-6430-56299-0836.fits
6430/spec-6430-56299-0837.fits
6430/spec-6430-56299-0838.fits
6430/spec-6430-56299-0839.fits
6430/spec-6430-56299-0840.fits
6430/spec-6430-56299-0841.fits
6430/spec-6430-56299-0842.fits
6430/spec-6430-56299-0843.fits
6430/spec-6430-56299-0844.fits
6430/spec-6430-56299-0845.fits
6430/spec-6430-56299-0846.fits
6430/spec-6430-56299-0847.fits
6430/spec-6430-56299-0848.fits
6430/spec-6430-56299-0849.fits
6430/spec-6430-56299-0850.fits
6430/spec-6430-56299-0851.fits
6430/spec-6430-56299-0852.fits
6430/spec-6430-56299-0853.fits
6430/spec-6430-56299-0854.fits
6430/spec-6430-56299-0855.fits
6430/spec-6430-56299-0856.fits
6430/spec-6430-56299-0857.fits
6430/spec-6430-56299-0858.fits
6430/spec-6430-56299-0859.fits
6430/spec-6430-56299-0860.fits
6430/spec-6430-56299-0861.fits
6430/spec-6430-56299-0862.fits
6430/spec-6430-56299-0863.fits
6430/spec-6430-56299-0864.fits
6430/spec-6430-56299-0865.fits
6430/spec-6430-56299-0866.fits
6430/spec-6430-56299-0867.fits
6430/spec-6430-56299-0868.fits
6430/spec-6430-56299-0869.fits
6430/spec-6430-56299-0870.fits
6430/spec-6430-56299-0871.fits
6430/spec-6430-56299-0872.fits
6430/spec-6430-56299-0873.fits
6430/spec-6430-56299-0874.fits
6430/spec-6430-56299-0875.fits
6430/spec-6430-56299-0876.fits
6430/spec-6430-56299-0877.fits
6430/spec-6430-56299-0878.fits
6430/spec-6430-56299-0879.fits
6430/spec-6430-56299-0880.fits
6430/spec-6430-56299-0881.fits
6430/spec-6430-56299-0882.fits
6430/spec-6430-56299-0883.fits
6430/spec-6430-56299-0884.fits
6430/spec-6430-56299-0885.fits
6430/spec-6430-56299-0886.fits
6430/spec-6430-56299-0887.fits
6430/spec-6430-56299-0888.fits
6430/spec-6430-56299-0889.fits
6430/spec-6430-56299-0890.fits
6430/spec-6430-56299-0891.fits
6430/spec-6430-56299-0892.fits
6430/spec-6430-56299-0893.fits
6430/spec-6430-56299-0894.fits
6430/spec-6430-56299-0895.fits
6430/spec-6430-56299-0896.fits
6430/spec-6430-56299-0897.fits
6430/spec-6430-56299-0898.fits
6430/spec-6430-56299-0899.fits
6430/spec-6430-56299-0900.fits
6430/spec-6430-56299-0901.fits
6430/spec-6430-56299-0902.fits
6430/spec-6430-56299-0903.fits
6430/spec-6430-56299-0904.fits
6430/spec-6430-56299-0905.fits
6430/spec-6430-56299-0906.fits
6430/spec-6430-56299-0907.fits
6430/spec-6430-56299-0908.fits
6430/spec-6430-56299-0909.fits
6430/spec-6430-56299-0910.fits
6430/spec-6430-56299-0911.fits
6430/spec-6430-56299-0912.fits
6430/spec-6430-56299-0913.fits
6430/spec-6430-56299-0914.fits
6430/spec-6430-56299-0915.fits
6430/spec-6430-56299-0916.fits
6430/spec-6430-56299-0917.fits
6430/spec-6430-56299-0918.fits
6430/spec-6430-56299-0919.fits
6430/spec-6430-56299-0920.fits
6430/spec-6430-56299-0921.fits
6430/spec-6430-56299-0922.fits
6430/spec-6430-56299-0923.fits
6430/spec-6430-56299-0924.fits
6430/spec-6430-56299-0925.fits
6430/spec-6430-56299-0926.fits
6430/spec-6430-56299-0927.fits
6430/spec-6430-56299-0928.fits
6430/spec-6430-56299-0929.fits
6430/spec-6430-56299-0930.fits
6430/spec-6430-56299-0931.fits
6430/spec-6430-56299-0932.fits
6430/spec-6430-56299-0933.fits
6430/spec-6430-56299-0934.fits
6430/spec-6430-56299-0935.fits
6430/spec-6430-56299-0936.fits
6430/spec-6430-56299-0937.fits
6430/spec-6430-56299-0938.fits
6430/spec-6430-56299-0939.fits
6430/spec-6430-56299-0940.fits
6430/spec-6430-56299-0941.fits
6430/spec-6430-56299-0942.fits
6430/spec-6430-56299-0943.fits
6430/spec-6430-56299-0944.fits
6430/spec-6430-56299-0945.fits
6430/spec-6430-56299-0946.fits
6430/spec-6430-56299-0947.fits
6430/spec-6430-56299-0948.fits
6430/spec-6430-56299-0949.fits
6430/spec-6430-56299-0950.fits
6430/spec-6430-56299-0951.fits
6430/spec-6430-56299-0952.fits
6430/spec-6430-56299-0953.fits
6430/spec-6430-56299-0954.fits
6430/spec-6430-56299-0955.fits
6430/spec-6430-56299-0956.fits
6430/spec-6430-56299-0957.fits
6430/spec-6430-56299-0958.fits
6430/spec-6430-56299-0959.fits
6430/spec-6430-56299-0960.fits
6430/spec-6430-56299-0961.fits
6430/spec-6430-56299-0962.fits
6430/spec-6430-56299-0963.fits
6430/spec-6430-56299-0964.fits
6430/spec-6430-56299-0965.fits
6430/spec-6430-56299-0966.fits
6430/spec-6430-56299-0967.fits
6430/spec-6430-56299-0968.fits
6430/spec-6430-56299-0969.fits
6430/spec-6430-56299-0970.fits
6430/spec-6430-56299-0971.fits
6430/spec-6430-56299-0972.fits
6430/spec-6430-56299-0973.fits
6430/spec-6430-56299-0974.fits
6430/spec-6430-56299-0975.fits
6430/spec-6430-56299-0976.fits
6430/spec-6430-56299-0977.fits
6430/spec-6430-56299-0978.fits
6430/spec-6430-56299-0979.fits
6430/spec-6430-56299-0980.fits
6430/spec-6430-56299-0981.fits
6430/spec-6430-56299-0982.fits
6430/spec-6430-56299-0983.fits
6430/spec-6430-56299-0984.fits
6430/spec-6430-56299-0985.fits
6430/spec-6430-56299-0986.fits
6430/spec-6430-56299-0987.fits
6430/spec-6430-56299-0988.fits
6430/spec-6430-56299-0989.fits
6430/spec-6430-56299-0990.fits
6430/spec-6430-56299-0991.fits
6430/spec-6430-56299-0992.fits
6430/spec-6430-56299-0993.fits
6430/spec-6430-56299-0994.fits
6430/spec-6430-56299-0995.fits
6430/spec-6430-56299-0996.fits
6430/spec-6430-56299-0997.fits
6430/spec-6430-56299-0998.fits
6430/spec-6430-56299-0999.fits
6430/spec-6430-56299-1000.fits
/var/lib/condor/execute/slot1/dir_18376
6430 6430.tgz R R361.tar.gz _condor_stderr _condor_stdout cB58_Lyman_break.fit condor_exec.exe hw4.R packages packages.tar.gz tmp var
[1] "Loaded package astro."
[1] 1000
6430 6430.csv 6430.tgz R R361.tar.gz _condor_stderr _condor_stdout cB58_Lyman_break.fit condor_exec.exe hw4.R packages packages.tar.gz tmp var
