3932
3932/
3932/spec-3932-55337-0001.fits
3932/spec-3932-55337-0002.fits
3932/spec-3932-55337-0003.fits
3932/spec-3932-55337-0004.fits
3932/spec-3932-55337-0005.fits
3932/spec-3932-55337-0006.fits
3932/spec-3932-55337-0007.fits
3932/spec-3932-55337-0008.fits
3932/spec-3932-55337-0009.fits
3932/spec-3932-55337-0010.fits
3932/spec-3932-55337-0011.fits
3932/spec-3932-55337-0012.fits
3932/spec-3932-55337-0013.fits
3932/spec-3932-55337-0014.fits
3932/spec-3932-55337-0015.fits
3932/spec-3932-55337-0016.fits
3932/spec-3932-55337-0017.fits
3932/spec-3932-55337-0018.fits
3932/spec-3932-55337-0019.fits
3932/spec-3932-55337-0020.fits
3932/spec-3932-55337-0021.fits
3932/spec-3932-55337-0022.fits
3932/spec-3932-55337-0023.fits
3932/spec-3932-55337-0024.fits
3932/spec-3932-55337-0025.fits
3932/spec-3932-55337-0026.fits
3932/spec-3932-55337-0027.fits
3932/spec-3932-55337-0028.fits
3932/spec-3932-55337-0029.fits
3932/spec-3932-55337-0030.fits
3932/spec-3932-55337-0031.fits
3932/spec-3932-55337-0032.fits
3932/spec-3932-55337-0033.fits
3932/spec-3932-55337-0034.fits
3932/spec-3932-55337-0035.fits
3932/spec-3932-55337-0036.fits
3932/spec-3932-55337-0037.fits
3932/spec-3932-55337-0038.fits
3932/spec-3932-55337-0039.fits
3932/spec-3932-55337-0040.fits
3932/spec-3932-55337-0041.fits
3932/spec-3932-55337-0042.fits
3932/spec-3932-55337-0043.fits
3932/spec-3932-55337-0044.fits
3932/spec-3932-55337-0045.fits
3932/spec-3932-55337-0046.fits
3932/spec-3932-55337-0047.fits
3932/spec-3932-55337-0048.fits
3932/spec-3932-55337-0049.fits
3932/spec-3932-55337-0050.fits
3932/spec-3932-55337-0051.fits
3932/spec-3932-55337-0052.fits
3932/spec-3932-55337-0053.fits
3932/spec-3932-55337-0054.fits
3932/spec-3932-55337-0055.fits
3932/spec-3932-55337-0056.fits
3932/spec-3932-55337-0057.fits
3932/spec-3932-55337-0058.fits
3932/spec-3932-55337-0059.fits
3932/spec-3932-55337-0060.fits
3932/spec-3932-55337-0061.fits
3932/spec-3932-55337-0062.fits
3932/spec-3932-55337-0063.fits
3932/spec-3932-55337-0064.fits
3932/spec-3932-55337-0065.fits
3932/spec-3932-55337-0066.fits
3932/spec-3932-55337-0067.fits
3932/spec-3932-55337-0068.fits
3932/spec-3932-55337-0069.fits
3932/spec-3932-55337-0070.fits
3932/spec-3932-55337-0071.fits
3932/spec-3932-55337-0072.fits
3932/spec-3932-55337-0073.fits
3932/spec-3932-55337-0074.fits
3932/spec-3932-55337-0075.fits
3932/spec-3932-55337-0076.fits
3932/spec-3932-55337-0077.fits
3932/spec-3932-55337-0078.fits
3932/spec-3932-55337-0079.fits
3932/spec-3932-55337-0080.fits
3932/spec-3932-55337-0081.fits
3932/spec-3932-55337-0082.fits
3932/spec-3932-55337-0083.fits
3932/spec-3932-55337-0084.fits
3932/spec-3932-55337-0085.fits
3932/spec-3932-55337-0086.fits
3932/spec-3932-55337-0087.fits
3932/spec-3932-55337-0088.fits
3932/spec-3932-55337-0089.fits
3932/spec-3932-55337-0090.fits
3932/spec-3932-55337-0091.fits
3932/spec-3932-55337-0092.fits
3932/spec-3932-55337-0093.fits
3932/spec-3932-55337-0094.fits
3932/spec-3932-55337-0095.fits
3932/spec-3932-55337-0096.fits
3932/spec-3932-55337-0097.fits
3932/spec-3932-55337-0098.fits
3932/spec-3932-55337-0099.fits
3932/spec-3932-55337-0100.fits
3932/spec-3932-55337-0101.fits
3932/spec-3932-55337-0102.fits
3932/spec-3932-55337-0103.fits
3932/spec-3932-55337-0104.fits
3932/spec-3932-55337-0105.fits
3932/spec-3932-55337-0106.fits
3932/spec-3932-55337-0107.fits
3932/spec-3932-55337-0108.fits
3932/spec-3932-55337-0109.fits
3932/spec-3932-55337-0110.fits
3932/spec-3932-55337-0111.fits
3932/spec-3932-55337-0112.fits
3932/spec-3932-55337-0113.fits
3932/spec-3932-55337-0114.fits
3932/spec-3932-55337-0115.fits
3932/spec-3932-55337-0116.fits
3932/spec-3932-55337-0117.fits
3932/spec-3932-55337-0118.fits
3932/spec-3932-55337-0119.fits
3932/spec-3932-55337-0120.fits
3932/spec-3932-55337-0121.fits
3932/spec-3932-55337-0122.fits
3932/spec-3932-55337-0123.fits
3932/spec-3932-55337-0124.fits
3932/spec-3932-55337-0125.fits
3932/spec-3932-55337-0126.fits
3932/spec-3932-55337-0127.fits
3932/spec-3932-55337-0128.fits
3932/spec-3932-55337-0129.fits
3932/spec-3932-55337-0130.fits
3932/spec-3932-55337-0131.fits
3932/spec-3932-55337-0132.fits
3932/spec-3932-55337-0133.fits
3932/spec-3932-55337-0134.fits
3932/spec-3932-55337-0135.fits
3932/spec-3932-55337-0136.fits
3932/spec-3932-55337-0137.fits
3932/spec-3932-55337-0138.fits
3932/spec-3932-55337-0139.fits
3932/spec-3932-55337-0140.fits
3932/spec-3932-55337-0141.fits
3932/spec-3932-55337-0142.fits
3932/spec-3932-55337-0143.fits
3932/spec-3932-55337-0144.fits
3932/spec-3932-55337-0145.fits
3932/spec-3932-55337-0146.fits
3932/spec-3932-55337-0147.fits
3932/spec-3932-55337-0148.fits
3932/spec-3932-55337-0149.fits
3932/spec-3932-55337-0150.fits
3932/spec-3932-55337-0151.fits
3932/spec-3932-55337-0152.fits
3932/spec-3932-55337-0153.fits
3932/spec-3932-55337-0154.fits
3932/spec-3932-55337-0155.fits
3932/spec-3932-55337-0156.fits
3932/spec-3932-55337-0157.fits
3932/spec-3932-55337-0158.fits
3932/spec-3932-55337-0159.fits
3932/spec-3932-55337-0160.fits
3932/spec-3932-55337-0161.fits
3932/spec-3932-55337-0162.fits
3932/spec-3932-55337-0163.fits
3932/spec-3932-55337-0164.fits
3932/spec-3932-55337-0165.fits
3932/spec-3932-55337-0166.fits
3932/spec-3932-55337-0167.fits
3932/spec-3932-55337-0168.fits
3932/spec-3932-55337-0169.fits
3932/spec-3932-55337-0170.fits
3932/spec-3932-55337-0171.fits
3932/spec-3932-55337-0172.fits
3932/spec-3932-55337-0173.fits
3932/spec-3932-55337-0174.fits
3932/spec-3932-55337-0175.fits
3932/spec-3932-55337-0176.fits
3932/spec-3932-55337-0177.fits
3932/spec-3932-55337-0178.fits
3932/spec-3932-55337-0179.fits
3932/spec-3932-55337-0180.fits
3932/spec-3932-55337-0181.fits
3932/spec-3932-55337-0182.fits
3932/spec-3932-55337-0183.fits
3932/spec-3932-55337-0184.fits
3932/spec-3932-55337-0185.fits
3932/spec-3932-55337-0186.fits
3932/spec-3932-55337-0187.fits
3932/spec-3932-55337-0188.fits
3932/spec-3932-55337-0189.fits
3932/spec-3932-55337-0190.fits
3932/spec-3932-55337-0191.fits
3932/spec-3932-55337-0192.fits
3932/spec-3932-55337-0193.fits
3932/spec-3932-55337-0194.fits
3932/spec-3932-55337-0195.fits
3932/spec-3932-55337-0196.fits
3932/spec-3932-55337-0197.fits
3932/spec-3932-55337-0198.fits
3932/spec-3932-55337-0199.fits
3932/spec-3932-55337-0200.fits
3932/spec-3932-55337-0201.fits
3932/spec-3932-55337-0202.fits
3932/spec-3932-55337-0203.fits
3932/spec-3932-55337-0204.fits
3932/spec-3932-55337-0205.fits
3932/spec-3932-55337-0206.fits
3932/spec-3932-55337-0207.fits
3932/spec-3932-55337-0208.fits
3932/spec-3932-55337-0209.fits
3932/spec-3932-55337-0210.fits
3932/spec-3932-55337-0211.fits
3932/spec-3932-55337-0212.fits
3932/spec-3932-55337-0213.fits
3932/spec-3932-55337-0214.fits
3932/spec-3932-55337-0215.fits
3932/spec-3932-55337-0216.fits
3932/spec-3932-55337-0217.fits
3932/spec-3932-55337-0218.fits
3932/spec-3932-55337-0219.fits
3932/spec-3932-55337-0220.fits
3932/spec-3932-55337-0221.fits
3932/spec-3932-55337-0222.fits
3932/spec-3932-55337-0223.fits
3932/spec-3932-55337-0224.fits
3932/spec-3932-55337-0225.fits
3932/spec-3932-55337-0226.fits
3932/spec-3932-55337-0227.fits
3932/spec-3932-55337-0228.fits
3932/spec-3932-55337-0229.fits
3932/spec-3932-55337-0230.fits
3932/spec-3932-55337-0231.fits
3932/spec-3932-55337-0232.fits
3932/spec-3932-55337-0233.fits
3932/spec-3932-55337-0234.fits
3932/spec-3932-55337-0235.fits
3932/spec-3932-55337-0236.fits
3932/spec-3932-55337-0237.fits
3932/spec-3932-55337-0238.fits
3932/spec-3932-55337-0239.fits
3932/spec-3932-55337-0240.fits
3932/spec-3932-55337-0241.fits
3932/spec-3932-55337-0242.fits
3932/spec-3932-55337-0243.fits
3932/spec-3932-55337-0244.fits
3932/spec-3932-55337-0245.fits
3932/spec-3932-55337-0246.fits
3932/spec-3932-55337-0247.fits
3932/spec-3932-55337-0248.fits
3932/spec-3932-55337-0249.fits
3932/spec-3932-55337-0250.fits
3932/spec-3932-55337-0251.fits
3932/spec-3932-55337-0252.fits
3932/spec-3932-55337-0253.fits
3932/spec-3932-55337-0254.fits
3932/spec-3932-55337-0255.fits
3932/spec-3932-55337-0256.fits
3932/spec-3932-55337-0257.fits
3932/spec-3932-55337-0258.fits
3932/spec-3932-55337-0259.fits
3932/spec-3932-55337-0260.fits
3932/spec-3932-55337-0261.fits
3932/spec-3932-55337-0262.fits
3932/spec-3932-55337-0263.fits
3932/spec-3932-55337-0264.fits
3932/spec-3932-55337-0265.fits
3932/spec-3932-55337-0266.fits
3932/spec-3932-55337-0267.fits
3932/spec-3932-55337-0268.fits
3932/spec-3932-55337-0269.fits
3932/spec-3932-55337-0270.fits
3932/spec-3932-55337-0271.fits
3932/spec-3932-55337-0272.fits
3932/spec-3932-55337-0273.fits
3932/spec-3932-55337-0274.fits
3932/spec-3932-55337-0275.fits
3932/spec-3932-55337-0276.fits
3932/spec-3932-55337-0277.fits
3932/spec-3932-55337-0278.fits
3932/spec-3932-55337-0279.fits
3932/spec-3932-55337-0280.fits
3932/spec-3932-55337-0281.fits
3932/spec-3932-55337-0282.fits
3932/spec-3932-55337-0283.fits
3932/spec-3932-55337-0284.fits
3932/spec-3932-55337-0285.fits
3932/spec-3932-55337-0286.fits
3932/spec-3932-55337-0287.fits
3932/spec-3932-55337-0288.fits
3932/spec-3932-55337-0289.fits
3932/spec-3932-55337-0290.fits
3932/spec-3932-55337-0291.fits
3932/spec-3932-55337-0292.fits
3932/spec-3932-55337-0293.fits
3932/spec-3932-55337-0294.fits
3932/spec-3932-55337-0295.fits
3932/spec-3932-55337-0296.fits
3932/spec-3932-55337-0297.fits
3932/spec-3932-55337-0298.fits
3932/spec-3932-55337-0299.fits
3932/spec-3932-55337-0300.fits
3932/spec-3932-55337-0301.fits
3932/spec-3932-55337-0302.fits
3932/spec-3932-55337-0303.fits
3932/spec-3932-55337-0304.fits
3932/spec-3932-55337-0305.fits
3932/spec-3932-55337-0306.fits
3932/spec-3932-55337-0307.fits
3932/spec-3932-55337-0308.fits
3932/spec-3932-55337-0309.fits
3932/spec-3932-55337-0310.fits
3932/spec-3932-55337-0311.fits
3932/spec-3932-55337-0312.fits
3932/spec-3932-55337-0313.fits
3932/spec-3932-55337-0314.fits
3932/spec-3932-55337-0315.fits
3932/spec-3932-55337-0316.fits
3932/spec-3932-55337-0317.fits
3932/spec-3932-55337-0318.fits
3932/spec-3932-55337-0319.fits
3932/spec-3932-55337-0320.fits
3932/spec-3932-55337-0321.fits
3932/spec-3932-55337-0322.fits
3932/spec-3932-55337-0323.fits
3932/spec-3932-55337-0324.fits
3932/spec-3932-55337-0325.fits
3932/spec-3932-55337-0326.fits
3932/spec-3932-55337-0327.fits
3932/spec-3932-55337-0328.fits
3932/spec-3932-55337-0329.fits
3932/spec-3932-55337-0330.fits
3932/spec-3932-55337-0331.fits
3932/spec-3932-55337-0332.fits
3932/spec-3932-55337-0333.fits
3932/spec-3932-55337-0334.fits
3932/spec-3932-55337-0335.fits
3932/spec-3932-55337-0336.fits
3932/spec-3932-55337-0337.fits
3932/spec-3932-55337-0338.fits
3932/spec-3932-55337-0339.fits
3932/spec-3932-55337-0340.fits
3932/spec-3932-55337-0341.fits
3932/spec-3932-55337-0342.fits
3932/spec-3932-55337-0343.fits
3932/spec-3932-55337-0344.fits
3932/spec-3932-55337-0345.fits
3932/spec-3932-55337-0346.fits
3932/spec-3932-55337-0347.fits
3932/spec-3932-55337-0348.fits
3932/spec-3932-55337-0349.fits
3932/spec-3932-55337-0350.fits
3932/spec-3932-55337-0351.fits
3932/spec-3932-55337-0352.fits
3932/spec-3932-55337-0353.fits
3932/spec-3932-55337-0354.fits
3932/spec-3932-55337-0355.fits
3932/spec-3932-55337-0356.fits
3932/spec-3932-55337-0357.fits
3932/spec-3932-55337-0358.fits
3932/spec-3932-55337-0359.fits
3932/spec-3932-55337-0360.fits
3932/spec-3932-55337-0361.fits
3932/spec-3932-55337-0362.fits
3932/spec-3932-55337-0363.fits
3932/spec-3932-55337-0364.fits
3932/spec-3932-55337-0365.fits
3932/spec-3932-55337-0366.fits
3932/spec-3932-55337-0367.fits
3932/spec-3932-55337-0368.fits
3932/spec-3932-55337-0369.fits
3932/spec-3932-55337-0370.fits
3932/spec-3932-55337-0371.fits
3932/spec-3932-55337-0372.fits
3932/spec-3932-55337-0373.fits
3932/spec-3932-55337-0374.fits
3932/spec-3932-55337-0375.fits
3932/spec-3932-55337-0376.fits
3932/spec-3932-55337-0377.fits
3932/spec-3932-55337-0378.fits
3932/spec-3932-55337-0379.fits
3932/spec-3932-55337-0380.fits
3932/spec-3932-55337-0381.fits
3932/spec-3932-55337-0382.fits
3932/spec-3932-55337-0383.fits
3932/spec-3932-55337-0384.fits
3932/spec-3932-55337-0385.fits
3932/spec-3932-55337-0386.fits
3932/spec-3932-55337-0387.fits
3932/spec-3932-55337-0388.fits
3932/spec-3932-55337-0389.fits
3932/spec-3932-55337-0390.fits
3932/spec-3932-55337-0391.fits
3932/spec-3932-55337-0392.fits
3932/spec-3932-55337-0393.fits
3932/spec-3932-55337-0394.fits
3932/spec-3932-55337-0395.fits
3932/spec-3932-55337-0396.fits
3932/spec-3932-55337-0397.fits
3932/spec-3932-55337-0398.fits
3932/spec-3932-55337-0399.fits
3932/spec-3932-55337-0400.fits
3932/spec-3932-55337-0401.fits
3932/spec-3932-55337-0402.fits
3932/spec-3932-55337-0403.fits
3932/spec-3932-55337-0404.fits
3932/spec-3932-55337-0405.fits
3932/spec-3932-55337-0406.fits
3932/spec-3932-55337-0407.fits
3932/spec-3932-55337-0408.fits
3932/spec-3932-55337-0409.fits
3932/spec-3932-55337-0410.fits
3932/spec-3932-55337-0411.fits
3932/spec-3932-55337-0412.fits
3932/spec-3932-55337-0413.fits
3932/spec-3932-55337-0414.fits
3932/spec-3932-55337-0415.fits
3932/spec-3932-55337-0416.fits
3932/spec-3932-55337-0417.fits
3932/spec-3932-55337-0418.fits
3932/spec-3932-55337-0419.fits
3932/spec-3932-55337-0420.fits
3932/spec-3932-55337-0421.fits
3932/spec-3932-55337-0422.fits
3932/spec-3932-55337-0423.fits
3932/spec-3932-55337-0424.fits
3932/spec-3932-55337-0425.fits
3932/spec-3932-55337-0426.fits
3932/spec-3932-55337-0427.fits
3932/spec-3932-55337-0428.fits
3932/spec-3932-55337-0429.fits
3932/spec-3932-55337-0430.fits
3932/spec-3932-55337-0431.fits
3932/spec-3932-55337-0432.fits
3932/spec-3932-55337-0433.fits
3932/spec-3932-55337-0434.fits
3932/spec-3932-55337-0435.fits
3932/spec-3932-55337-0436.fits
3932/spec-3932-55337-0437.fits
3932/spec-3932-55337-0438.fits
3932/spec-3932-55337-0439.fits
3932/spec-3932-55337-0440.fits
3932/spec-3932-55337-0441.fits
3932/spec-3932-55337-0442.fits
3932/spec-3932-55337-0443.fits
3932/spec-3932-55337-0444.fits
3932/spec-3932-55337-0445.fits
3932/spec-3932-55337-0446.fits
3932/spec-3932-55337-0447.fits
3932/spec-3932-55337-0448.fits
3932/spec-3932-55337-0449.fits
3932/spec-3932-55337-0450.fits
3932/spec-3932-55337-0451.fits
3932/spec-3932-55337-0452.fits
3932/spec-3932-55337-0453.fits
3932/spec-3932-55337-0454.fits
3932/spec-3932-55337-0455.fits
3932/spec-3932-55337-0456.fits
3932/spec-3932-55337-0457.fits
3932/spec-3932-55337-0458.fits
3932/spec-3932-55337-0459.fits
3932/spec-3932-55337-0460.fits
3932/spec-3932-55337-0461.fits
3932/spec-3932-55337-0462.fits
3932/spec-3932-55337-0463.fits
3932/spec-3932-55337-0464.fits
3932/spec-3932-55337-0465.fits
3932/spec-3932-55337-0466.fits
3932/spec-3932-55337-0467.fits
3932/spec-3932-55337-0468.fits
3932/spec-3932-55337-0469.fits
3932/spec-3932-55337-0470.fits
3932/spec-3932-55337-0471.fits
3932/spec-3932-55337-0472.fits
3932/spec-3932-55337-0473.fits
3932/spec-3932-55337-0474.fits
3932/spec-3932-55337-0475.fits
3932/spec-3932-55337-0476.fits
3932/spec-3932-55337-0477.fits
3932/spec-3932-55337-0478.fits
3932/spec-3932-55337-0479.fits
3932/spec-3932-55337-0480.fits
3932/spec-3932-55337-0481.fits
3932/spec-3932-55337-0482.fits
3932/spec-3932-55337-0483.fits
3932/spec-3932-55337-0484.fits
3932/spec-3932-55337-0485.fits
3932/spec-3932-55337-0486.fits
3932/spec-3932-55337-0487.fits
3932/spec-3932-55337-0488.fits
3932/spec-3932-55337-0489.fits
3932/spec-3932-55337-0490.fits
3932/spec-3932-55337-0491.fits
3932/spec-3932-55337-0492.fits
3932/spec-3932-55337-0493.fits
3932/spec-3932-55337-0494.fits
3932/spec-3932-55337-0495.fits
3932/spec-3932-55337-0496.fits
3932/spec-3932-55337-0497.fits
3932/spec-3932-55337-0498.fits
3932/spec-3932-55337-0499.fits
3932/spec-3932-55337-0500.fits
3932/spec-3932-55337-0501.fits
3932/spec-3932-55337-0502.fits
3932/spec-3932-55337-0503.fits
3932/spec-3932-55337-0504.fits
3932/spec-3932-55337-0505.fits
3932/spec-3932-55337-0506.fits
3932/spec-3932-55337-0507.fits
3932/spec-3932-55337-0508.fits
3932/spec-3932-55337-0509.fits
3932/spec-3932-55337-0510.fits
3932/spec-3932-55337-0511.fits
3932/spec-3932-55337-0512.fits
3932/spec-3932-55337-0513.fits
3932/spec-3932-55337-0514.fits
3932/spec-3932-55337-0515.fits
3932/spec-3932-55337-0516.fits
3932/spec-3932-55337-0517.fits
3932/spec-3932-55337-0518.fits
3932/spec-3932-55337-0519.fits
3932/spec-3932-55337-0520.fits
3932/spec-3932-55337-0521.fits
3932/spec-3932-55337-0522.fits
3932/spec-3932-55337-0523.fits
3932/spec-3932-55337-0524.fits
3932/spec-3932-55337-0525.fits
3932/spec-3932-55337-0526.fits
3932/spec-3932-55337-0527.fits
3932/spec-3932-55337-0528.fits
3932/spec-3932-55337-0529.fits
3932/spec-3932-55337-0530.fits
3932/spec-3932-55337-0531.fits
3932/spec-3932-55337-0532.fits
3932/spec-3932-55337-0533.fits
3932/spec-3932-55337-0534.fits
3932/spec-3932-55337-0535.fits
3932/spec-3932-55337-0536.fits
3932/spec-3932-55337-0537.fits
3932/spec-3932-55337-0538.fits
3932/spec-3932-55337-0539.fits
3932/spec-3932-55337-0540.fits
3932/spec-3932-55337-0541.fits
3932/spec-3932-55337-0542.fits
3932/spec-3932-55337-0543.fits
3932/spec-3932-55337-0544.fits
3932/spec-3932-55337-0545.fits
3932/spec-3932-55337-0546.fits
3932/spec-3932-55337-0547.fits
3932/spec-3932-55337-0548.fits
3932/spec-3932-55337-0549.fits
3932/spec-3932-55337-0550.fits
3932/spec-3932-55337-0551.fits
3932/spec-3932-55337-0552.fits
3932/spec-3932-55337-0553.fits
3932/spec-3932-55337-0554.fits
3932/spec-3932-55337-0555.fits
3932/spec-3932-55337-0556.fits
3932/spec-3932-55337-0557.fits
3932/spec-3932-55337-0558.fits
3932/spec-3932-55337-0559.fits
3932/spec-3932-55337-0560.fits
3932/spec-3932-55337-0561.fits
3932/spec-3932-55337-0562.fits
3932/spec-3932-55337-0563.fits
3932/spec-3932-55337-0564.fits
3932/spec-3932-55337-0565.fits
3932/spec-3932-55337-0566.fits
3932/spec-3932-55337-0567.fits
3932/spec-3932-55337-0568.fits
3932/spec-3932-55337-0569.fits
3932/spec-3932-55337-0570.fits
3932/spec-3932-55337-0571.fits
3932/spec-3932-55337-0572.fits
3932/spec-3932-55337-0573.fits
3932/spec-3932-55337-0574.fits
3932/spec-3932-55337-0575.fits
3932/spec-3932-55337-0576.fits
3932/spec-3932-55337-0577.fits
3932/spec-3932-55337-0578.fits
3932/spec-3932-55337-0579.fits
3932/spec-3932-55337-0580.fits
3932/spec-3932-55337-0581.fits
3932/spec-3932-55337-0582.fits
3932/spec-3932-55337-0583.fits
3932/spec-3932-55337-0584.fits
3932/spec-3932-55337-0585.fits
3932/spec-3932-55337-0586.fits
3932/spec-3932-55337-0587.fits
3932/spec-3932-55337-0588.fits
3932/spec-3932-55337-0589.fits
3932/spec-3932-55337-0590.fits
3932/spec-3932-55337-0591.fits
3932/spec-3932-55337-0592.fits
3932/spec-3932-55337-0593.fits
3932/spec-3932-55337-0594.fits
3932/spec-3932-55337-0595.fits
3932/spec-3932-55337-0596.fits
3932/spec-3932-55337-0597.fits
3932/spec-3932-55337-0598.fits
3932/spec-3932-55337-0599.fits
3932/spec-3932-55337-0600.fits
3932/spec-3932-55337-0601.fits
3932/spec-3932-55337-0602.fits
3932/spec-3932-55337-0603.fits
3932/spec-3932-55337-0604.fits
3932/spec-3932-55337-0605.fits
3932/spec-3932-55337-0606.fits
3932/spec-3932-55337-0607.fits
3932/spec-3932-55337-0608.fits
3932/spec-3932-55337-0609.fits
3932/spec-3932-55337-0610.fits
3932/spec-3932-55337-0611.fits
3932/spec-3932-55337-0612.fits
3932/spec-3932-55337-0613.fits
3932/spec-3932-55337-0614.fits
3932/spec-3932-55337-0615.fits
3932/spec-3932-55337-0616.fits
3932/spec-3932-55337-0617.fits
3932/spec-3932-55337-0618.fits
3932/spec-3932-55337-0619.fits
3932/spec-3932-55337-0620.fits
3932/spec-3932-55337-0621.fits
3932/spec-3932-55337-0622.fits
3932/spec-3932-55337-0623.fits
3932/spec-3932-55337-0624.fits
3932/spec-3932-55337-0625.fits
3932/spec-3932-55337-0626.fits
3932/spec-3932-55337-0627.fits
3932/spec-3932-55337-0628.fits
3932/spec-3932-55337-0629.fits
3932/spec-3932-55337-0630.fits
3932/spec-3932-55337-0631.fits
3932/spec-3932-55337-0632.fits
3932/spec-3932-55337-0633.fits
3932/spec-3932-55337-0634.fits
3932/spec-3932-55337-0635.fits
3932/spec-3932-55337-0636.fits
3932/spec-3932-55337-0637.fits
3932/spec-3932-55337-0638.fits
3932/spec-3932-55337-0639.fits
3932/spec-3932-55337-0640.fits
3932/spec-3932-55337-0641.fits
3932/spec-3932-55337-0642.fits
3932/spec-3932-55337-0643.fits
3932/spec-3932-55337-0644.fits
3932/spec-3932-55337-0645.fits
3932/spec-3932-55337-0646.fits
3932/spec-3932-55337-0647.fits
3932/spec-3932-55337-0648.fits
3932/spec-3932-55337-0649.fits
3932/spec-3932-55337-0650.fits
3932/spec-3932-55337-0651.fits
3932/spec-3932-55337-0652.fits
3932/spec-3932-55337-0653.fits
3932/spec-3932-55337-0654.fits
3932/spec-3932-55337-0655.fits
3932/spec-3932-55337-0656.fits
3932/spec-3932-55337-0657.fits
3932/spec-3932-55337-0658.fits
3932/spec-3932-55337-0659.fits
3932/spec-3932-55337-0660.fits
3932/spec-3932-55337-0661.fits
3932/spec-3932-55337-0662.fits
3932/spec-3932-55337-0663.fits
3932/spec-3932-55337-0664.fits
3932/spec-3932-55337-0665.fits
3932/spec-3932-55337-0666.fits
3932/spec-3932-55337-0667.fits
3932/spec-3932-55337-0668.fits
3932/spec-3932-55337-0669.fits
3932/spec-3932-55337-0670.fits
3932/spec-3932-55337-0671.fits
3932/spec-3932-55337-0672.fits
3932/spec-3932-55337-0673.fits
3932/spec-3932-55337-0674.fits
3932/spec-3932-55337-0675.fits
3932/spec-3932-55337-0676.fits
3932/spec-3932-55337-0677.fits
3932/spec-3932-55337-0678.fits
3932/spec-3932-55337-0679.fits
3932/spec-3932-55337-0680.fits
3932/spec-3932-55337-0681.fits
3932/spec-3932-55337-0682.fits
3932/spec-3932-55337-0683.fits
3932/spec-3932-55337-0684.fits
3932/spec-3932-55337-0685.fits
3932/spec-3932-55337-0686.fits
3932/spec-3932-55337-0687.fits
3932/spec-3932-55337-0688.fits
3932/spec-3932-55337-0689.fits
3932/spec-3932-55337-0690.fits
3932/spec-3932-55337-0691.fits
3932/spec-3932-55337-0692.fits
3932/spec-3932-55337-0693.fits
3932/spec-3932-55337-0694.fits
3932/spec-3932-55337-0695.fits
3932/spec-3932-55337-0696.fits
3932/spec-3932-55337-0697.fits
3932/spec-3932-55337-0698.fits
3932/spec-3932-55337-0699.fits
3932/spec-3932-55337-0700.fits
3932/spec-3932-55337-0701.fits
3932/spec-3932-55337-0702.fits
3932/spec-3932-55337-0703.fits
3932/spec-3932-55337-0704.fits
3932/spec-3932-55337-0705.fits
3932/spec-3932-55337-0706.fits
3932/spec-3932-55337-0707.fits
3932/spec-3932-55337-0708.fits
3932/spec-3932-55337-0709.fits
3932/spec-3932-55337-0710.fits
3932/spec-3932-55337-0711.fits
3932/spec-3932-55337-0712.fits
3932/spec-3932-55337-0713.fits
3932/spec-3932-55337-0714.fits
3932/spec-3932-55337-0715.fits
3932/spec-3932-55337-0716.fits
3932/spec-3932-55337-0717.fits
3932/spec-3932-55337-0718.fits
3932/spec-3932-55337-0719.fits
3932/spec-3932-55337-0720.fits
3932/spec-3932-55337-0721.fits
3932/spec-3932-55337-0722.fits
3932/spec-3932-55337-0723.fits
3932/spec-3932-55337-0724.fits
3932/spec-3932-55337-0725.fits
3932/spec-3932-55337-0726.fits
3932/spec-3932-55337-0727.fits
3932/spec-3932-55337-0728.fits
3932/spec-3932-55337-0729.fits
3932/spec-3932-55337-0730.fits
3932/spec-3932-55337-0731.fits
3932/spec-3932-55337-0732.fits
3932/spec-3932-55337-0733.fits
3932/spec-3932-55337-0734.fits
3932/spec-3932-55337-0735.fits
3932/spec-3932-55337-0736.fits
3932/spec-3932-55337-0737.fits
3932/spec-3932-55337-0738.fits
3932/spec-3932-55337-0739.fits
3932/spec-3932-55337-0740.fits
3932/spec-3932-55337-0741.fits
3932/spec-3932-55337-0742.fits
3932/spec-3932-55337-0743.fits
3932/spec-3932-55337-0744.fits
3932/spec-3932-55337-0745.fits
3932/spec-3932-55337-0746.fits
3932/spec-3932-55337-0747.fits
3932/spec-3932-55337-0748.fits
3932/spec-3932-55337-0749.fits
3932/spec-3932-55337-0750.fits
3932/spec-3932-55337-0751.fits
3932/spec-3932-55337-0752.fits
3932/spec-3932-55337-0753.fits
3932/spec-3932-55337-0754.fits
3932/spec-3932-55337-0755.fits
3932/spec-3932-55337-0756.fits
3932/spec-3932-55337-0757.fits
3932/spec-3932-55337-0758.fits
3932/spec-3932-55337-0759.fits
3932/spec-3932-55337-0760.fits
3932/spec-3932-55337-0761.fits
3932/spec-3932-55337-0762.fits
3932/spec-3932-55337-0763.fits
3932/spec-3932-55337-0764.fits
3932/spec-3932-55337-0765.fits
3932/spec-3932-55337-0766.fits
3932/spec-3932-55337-0767.fits
3932/spec-3932-55337-0768.fits
3932/spec-3932-55337-0769.fits
3932/spec-3932-55337-0770.fits
3932/spec-3932-55337-0771.fits
3932/spec-3932-55337-0772.fits
3932/spec-3932-55337-0773.fits
3932/spec-3932-55337-0774.fits
3932/spec-3932-55337-0775.fits
3932/spec-3932-55337-0776.fits
3932/spec-3932-55337-0777.fits
3932/spec-3932-55337-0778.fits
3932/spec-3932-55337-0779.fits
3932/spec-3932-55337-0780.fits
3932/spec-3932-55337-0781.fits
3932/spec-3932-55337-0782.fits
3932/spec-3932-55337-0783.fits
3932/spec-3932-55337-0784.fits
3932/spec-3932-55337-0785.fits
3932/spec-3932-55337-0786.fits
3932/spec-3932-55337-0787.fits
3932/spec-3932-55337-0788.fits
3932/spec-3932-55337-0789.fits
3932/spec-3932-55337-0790.fits
3932/spec-3932-55337-0791.fits
3932/spec-3932-55337-0792.fits
3932/spec-3932-55337-0793.fits
3932/spec-3932-55337-0794.fits
3932/spec-3932-55337-0795.fits
3932/spec-3932-55337-0796.fits
3932/spec-3932-55337-0797.fits
3932/spec-3932-55337-0798.fits
3932/spec-3932-55337-0799.fits
3932/spec-3932-55337-0800.fits
3932/spec-3932-55337-0801.fits
3932/spec-3932-55337-0802.fits
3932/spec-3932-55337-0803.fits
3932/spec-3932-55337-0804.fits
3932/spec-3932-55337-0805.fits
3932/spec-3932-55337-0806.fits
3932/spec-3932-55337-0807.fits
3932/spec-3932-55337-0808.fits
3932/spec-3932-55337-0809.fits
3932/spec-3932-55337-0810.fits
3932/spec-3932-55337-0811.fits
3932/spec-3932-55337-0812.fits
3932/spec-3932-55337-0813.fits
3932/spec-3932-55337-0814.fits
3932/spec-3932-55337-0815.fits
3932/spec-3932-55337-0816.fits
3932/spec-3932-55337-0817.fits
3932/spec-3932-55337-0818.fits
3932/spec-3932-55337-0819.fits
3932/spec-3932-55337-0820.fits
3932/spec-3932-55337-0821.fits
3932/spec-3932-55337-0822.fits
3932/spec-3932-55337-0823.fits
3932/spec-3932-55337-0824.fits
3932/spec-3932-55337-0825.fits
3932/spec-3932-55337-0826.fits
3932/spec-3932-55337-0827.fits
3932/spec-3932-55337-0828.fits
3932/spec-3932-55337-0829.fits
3932/spec-3932-55337-0830.fits
3932/spec-3932-55337-0831.fits
3932/spec-3932-55337-0832.fits
3932/spec-3932-55337-0833.fits
3932/spec-3932-55337-0834.fits
3932/spec-3932-55337-0835.fits
3932/spec-3932-55337-0836.fits
3932/spec-3932-55337-0837.fits
3932/spec-3932-55337-0838.fits
3932/spec-3932-55337-0839.fits
3932/spec-3932-55337-0840.fits
3932/spec-3932-55337-0841.fits
3932/spec-3932-55337-0842.fits
3932/spec-3932-55337-0843.fits
3932/spec-3932-55337-0844.fits
3932/spec-3932-55337-0845.fits
3932/spec-3932-55337-0846.fits
3932/spec-3932-55337-0847.fits
3932/spec-3932-55337-0848.fits
3932/spec-3932-55337-0849.fits
3932/spec-3932-55337-0850.fits
3932/spec-3932-55337-0851.fits
3932/spec-3932-55337-0852.fits
3932/spec-3932-55337-0853.fits
3932/spec-3932-55337-0854.fits
3932/spec-3932-55337-0855.fits
3932/spec-3932-55337-0856.fits
3932/spec-3932-55337-0857.fits
3932/spec-3932-55337-0858.fits
3932/spec-3932-55337-0859.fits
3932/spec-3932-55337-0860.fits
3932/spec-3932-55337-0861.fits
3932/spec-3932-55337-0862.fits
3932/spec-3932-55337-0863.fits
3932/spec-3932-55337-0864.fits
3932/spec-3932-55337-0865.fits
3932/spec-3932-55337-0866.fits
3932/spec-3932-55337-0867.fits
3932/spec-3932-55337-0868.fits
3932/spec-3932-55337-0869.fits
3932/spec-3932-55337-0870.fits
3932/spec-3932-55337-0871.fits
3932/spec-3932-55337-0872.fits
3932/spec-3932-55337-0873.fits
3932/spec-3932-55337-0874.fits
3932/spec-3932-55337-0875.fits
3932/spec-3932-55337-0876.fits
3932/spec-3932-55337-0877.fits
3932/spec-3932-55337-0878.fits
3932/spec-3932-55337-0879.fits
3932/spec-3932-55337-0880.fits
3932/spec-3932-55337-0881.fits
3932/spec-3932-55337-0882.fits
3932/spec-3932-55337-0883.fits
3932/spec-3932-55337-0884.fits
3932/spec-3932-55337-0885.fits
3932/spec-3932-55337-0886.fits
3932/spec-3932-55337-0887.fits
3932/spec-3932-55337-0888.fits
3932/spec-3932-55337-0889.fits
3932/spec-3932-55337-0890.fits
3932/spec-3932-55337-0891.fits
3932/spec-3932-55337-0892.fits
3932/spec-3932-55337-0893.fits
3932/spec-3932-55337-0894.fits
3932/spec-3932-55337-0895.fits
3932/spec-3932-55337-0896.fits
3932/spec-3932-55337-0897.fits
3932/spec-3932-55337-0898.fits
3932/spec-3932-55337-0899.fits
3932/spec-3932-55337-0900.fits
3932/spec-3932-55337-0901.fits
3932/spec-3932-55337-0902.fits
3932/spec-3932-55337-0903.fits
3932/spec-3932-55337-0904.fits
3932/spec-3932-55337-0905.fits
3932/spec-3932-55337-0906.fits
3932/spec-3932-55337-0907.fits
3932/spec-3932-55337-0908.fits
3932/spec-3932-55337-0909.fits
3932/spec-3932-55337-0910.fits
3932/spec-3932-55337-0911.fits
3932/spec-3932-55337-0912.fits
3932/spec-3932-55337-0913.fits
3932/spec-3932-55337-0914.fits
3932/spec-3932-55337-0915.fits
3932/spec-3932-55337-0916.fits
3932/spec-3932-55337-0917.fits
3932/spec-3932-55337-0918.fits
3932/spec-3932-55337-0919.fits
3932/spec-3932-55337-0920.fits
3932/spec-3932-55337-0921.fits
3932/spec-3932-55337-0922.fits
3932/spec-3932-55337-0923.fits
3932/spec-3932-55337-0924.fits
3932/spec-3932-55337-0925.fits
3932/spec-3932-55337-0926.fits
3932/spec-3932-55337-0927.fits
3932/spec-3932-55337-0928.fits
3932/spec-3932-55337-0929.fits
3932/spec-3932-55337-0930.fits
3932/spec-3932-55337-0931.fits
3932/spec-3932-55337-0932.fits
3932/spec-3932-55337-0933.fits
3932/spec-3932-55337-0934.fits
3932/spec-3932-55337-0935.fits
3932/spec-3932-55337-0936.fits
3932/spec-3932-55337-0937.fits
3932/spec-3932-55337-0938.fits
3932/spec-3932-55337-0939.fits
3932/spec-3932-55337-0940.fits
3932/spec-3932-55337-0941.fits
3932/spec-3932-55337-0942.fits
3932/spec-3932-55337-0943.fits
3932/spec-3932-55337-0944.fits
3932/spec-3932-55337-0945.fits
3932/spec-3932-55337-0946.fits
3932/spec-3932-55337-0947.fits
3932/spec-3932-55337-0948.fits
3932/spec-3932-55337-0949.fits
3932/spec-3932-55337-0950.fits
3932/spec-3932-55337-0951.fits
3932/spec-3932-55337-0952.fits
3932/spec-3932-55337-0953.fits
3932/spec-3932-55337-0954.fits
3932/spec-3932-55337-0955.fits
3932/spec-3932-55337-0956.fits
3932/spec-3932-55337-0957.fits
3932/spec-3932-55337-0958.fits
3932/spec-3932-55337-0959.fits
3932/spec-3932-55337-0960.fits
3932/spec-3932-55337-0961.fits
3932/spec-3932-55337-0962.fits
3932/spec-3932-55337-0963.fits
3932/spec-3932-55337-0964.fits
3932/spec-3932-55337-0965.fits
3932/spec-3932-55337-0966.fits
3932/spec-3932-55337-0967.fits
3932/spec-3932-55337-0968.fits
3932/spec-3932-55337-0969.fits
3932/spec-3932-55337-0970.fits
3932/spec-3932-55337-0971.fits
3932/spec-3932-55337-0972.fits
3932/spec-3932-55337-0973.fits
3932/spec-3932-55337-0974.fits
3932/spec-3932-55337-0975.fits
3932/spec-3932-55337-0976.fits
3932/spec-3932-55337-0977.fits
3932/spec-3932-55337-0978.fits
3932/spec-3932-55337-0979.fits
3932/spec-3932-55337-0980.fits
3932/spec-3932-55337-0981.fits
3932/spec-3932-55337-0982.fits
3932/spec-3932-55337-0983.fits
3932/spec-3932-55337-0984.fits
3932/spec-3932-55337-0985.fits
3932/spec-3932-55337-0986.fits
3932/spec-3932-55337-0987.fits
3932/spec-3932-55337-0988.fits
3932/spec-3932-55337-0989.fits
3932/spec-3932-55337-0990.fits
3932/spec-3932-55337-0991.fits
3932/spec-3932-55337-0992.fits
3932/spec-3932-55337-0993.fits
3932/spec-3932-55337-0994.fits
3932/spec-3932-55337-0995.fits
3932/spec-3932-55337-0996.fits
3932/spec-3932-55337-0997.fits
3932/spec-3932-55337-0998.fits
3932/spec-3932-55337-0999.fits
3932/spec-3932-55337-1000.fits
/var/lib/condor/execute/slot1/dir_1445
3932 3932.tgz R R361.tar.gz _condor_stderr _condor_stdout cB58_Lyman_break.fit condor_exec.exe hw4.R packages packages.tar.gz tmp var
[1] "Loaded package astro."
[1] 1000
3932 3932.csv 3932.tgz R R361.tar.gz _condor_stderr _condor_stdout cB58_Lyman_break.fit condor_exec.exe hw4.R packages packages.tar.gz tmp var
