6595
6595/
6595/spec-6595-56569-0001.fits
6595/spec-6595-56569-0002.fits
6595/spec-6595-56569-0003.fits
6595/spec-6595-56569-0004.fits
6595/spec-6595-56569-0005.fits
6595/spec-6595-56569-0006.fits
6595/spec-6595-56569-0007.fits
6595/spec-6595-56569-0008.fits
6595/spec-6595-56569-0009.fits
6595/spec-6595-56569-0010.fits
6595/spec-6595-56569-0011.fits
6595/spec-6595-56569-0012.fits
6595/spec-6595-56569-0013.fits
6595/spec-6595-56569-0014.fits
6595/spec-6595-56569-0015.fits
6595/spec-6595-56569-0016.fits
6595/spec-6595-56569-0017.fits
6595/spec-6595-56569-0018.fits
6595/spec-6595-56569-0019.fits
6595/spec-6595-56569-0020.fits
6595/spec-6595-56569-0021.fits
6595/spec-6595-56569-0022.fits
6595/spec-6595-56569-0023.fits
6595/spec-6595-56569-0024.fits
6595/spec-6595-56569-0025.fits
6595/spec-6595-56569-0026.fits
6595/spec-6595-56569-0027.fits
6595/spec-6595-56569-0028.fits
6595/spec-6595-56569-0029.fits
6595/spec-6595-56569-0030.fits
6595/spec-6595-56569-0031.fits
6595/spec-6595-56569-0032.fits
6595/spec-6595-56569-0033.fits
6595/spec-6595-56569-0034.fits
6595/spec-6595-56569-0035.fits
6595/spec-6595-56569-0036.fits
6595/spec-6595-56569-0037.fits
6595/spec-6595-56569-0038.fits
6595/spec-6595-56569-0039.fits
6595/spec-6595-56569-0040.fits
6595/spec-6595-56569-0041.fits
6595/spec-6595-56569-0042.fits
6595/spec-6595-56569-0043.fits
6595/spec-6595-56569-0044.fits
6595/spec-6595-56569-0045.fits
6595/spec-6595-56569-0046.fits
6595/spec-6595-56569-0047.fits
6595/spec-6595-56569-0048.fits
6595/spec-6595-56569-0049.fits
6595/spec-6595-56569-0050.fits
6595/spec-6595-56569-0051.fits
6595/spec-6595-56569-0052.fits
6595/spec-6595-56569-0053.fits
6595/spec-6595-56569-0054.fits
6595/spec-6595-56569-0055.fits
6595/spec-6595-56569-0056.fits
6595/spec-6595-56569-0057.fits
6595/spec-6595-56569-0058.fits
6595/spec-6595-56569-0059.fits
6595/spec-6595-56569-0060.fits
6595/spec-6595-56569-0061.fits
6595/spec-6595-56569-0062.fits
6595/spec-6595-56569-0063.fits
6595/spec-6595-56569-0064.fits
6595/spec-6595-56569-0065.fits
6595/spec-6595-56569-0066.fits
6595/spec-6595-56569-0067.fits
6595/spec-6595-56569-0068.fits
6595/spec-6595-56569-0069.fits
6595/spec-6595-56569-0070.fits
6595/spec-6595-56569-0071.fits
6595/spec-6595-56569-0072.fits
6595/spec-6595-56569-0073.fits
6595/spec-6595-56569-0074.fits
6595/spec-6595-56569-0075.fits
6595/spec-6595-56569-0076.fits
6595/spec-6595-56569-0077.fits
6595/spec-6595-56569-0078.fits
6595/spec-6595-56569-0079.fits
6595/spec-6595-56569-0080.fits
6595/spec-6595-56569-0081.fits
6595/spec-6595-56569-0082.fits
6595/spec-6595-56569-0083.fits
6595/spec-6595-56569-0084.fits
6595/spec-6595-56569-0085.fits
6595/spec-6595-56569-0086.fits
6595/spec-6595-56569-0087.fits
6595/spec-6595-56569-0088.fits
6595/spec-6595-56569-0089.fits
6595/spec-6595-56569-0090.fits
6595/spec-6595-56569-0091.fits
6595/spec-6595-56569-0092.fits
6595/spec-6595-56569-0093.fits
6595/spec-6595-56569-0094.fits
6595/spec-6595-56569-0095.fits
6595/spec-6595-56569-0096.fits
6595/spec-6595-56569-0097.fits
6595/spec-6595-56569-0098.fits
6595/spec-6595-56569-0099.fits
6595/spec-6595-56569-0100.fits
6595/spec-6595-56569-0101.fits
6595/spec-6595-56569-0102.fits
6595/spec-6595-56569-0103.fits
6595/spec-6595-56569-0104.fits
6595/spec-6595-56569-0105.fits
6595/spec-6595-56569-0106.fits
6595/spec-6595-56569-0107.fits
6595/spec-6595-56569-0108.fits
6595/spec-6595-56569-0109.fits
6595/spec-6595-56569-0110.fits
6595/spec-6595-56569-0111.fits
6595/spec-6595-56569-0112.fits
6595/spec-6595-56569-0113.fits
6595/spec-6595-56569-0114.fits
6595/spec-6595-56569-0115.fits
6595/spec-6595-56569-0116.fits
6595/spec-6595-56569-0117.fits
6595/spec-6595-56569-0118.fits
6595/spec-6595-56569-0119.fits
6595/spec-6595-56569-0120.fits
6595/spec-6595-56569-0121.fits
6595/spec-6595-56569-0122.fits
6595/spec-6595-56569-0123.fits
6595/spec-6595-56569-0124.fits
6595/spec-6595-56569-0125.fits
6595/spec-6595-56569-0126.fits
6595/spec-6595-56569-0127.fits
6595/spec-6595-56569-0128.fits
6595/spec-6595-56569-0129.fits
6595/spec-6595-56569-0130.fits
6595/spec-6595-56569-0131.fits
6595/spec-6595-56569-0132.fits
6595/spec-6595-56569-0133.fits
6595/spec-6595-56569-0134.fits
6595/spec-6595-56569-0135.fits
6595/spec-6595-56569-0136.fits
6595/spec-6595-56569-0137.fits
6595/spec-6595-56569-0138.fits
6595/spec-6595-56569-0139.fits
6595/spec-6595-56569-0140.fits
6595/spec-6595-56569-0141.fits
6595/spec-6595-56569-0142.fits
6595/spec-6595-56569-0143.fits
6595/spec-6595-56569-0144.fits
6595/spec-6595-56569-0145.fits
6595/spec-6595-56569-0146.fits
6595/spec-6595-56569-0147.fits
6595/spec-6595-56569-0148.fits
6595/spec-6595-56569-0149.fits
6595/spec-6595-56569-0150.fits
6595/spec-6595-56569-0151.fits
6595/spec-6595-56569-0152.fits
6595/spec-6595-56569-0153.fits
6595/spec-6595-56569-0154.fits
6595/spec-6595-56569-0155.fits
6595/spec-6595-56569-0156.fits
6595/spec-6595-56569-0157.fits
6595/spec-6595-56569-0158.fits
6595/spec-6595-56569-0159.fits
6595/spec-6595-56569-0160.fits
6595/spec-6595-56569-0161.fits
6595/spec-6595-56569-0162.fits
6595/spec-6595-56569-0163.fits
6595/spec-6595-56569-0164.fits
6595/spec-6595-56569-0165.fits
6595/spec-6595-56569-0166.fits
6595/spec-6595-56569-0167.fits
6595/spec-6595-56569-0168.fits
6595/spec-6595-56569-0169.fits
6595/spec-6595-56569-0170.fits
6595/spec-6595-56569-0171.fits
6595/spec-6595-56569-0172.fits
6595/spec-6595-56569-0173.fits
6595/spec-6595-56569-0174.fits
6595/spec-6595-56569-0175.fits
6595/spec-6595-56569-0176.fits
6595/spec-6595-56569-0177.fits
6595/spec-6595-56569-0178.fits
6595/spec-6595-56569-0179.fits
6595/spec-6595-56569-0180.fits
6595/spec-6595-56569-0181.fits
6595/spec-6595-56569-0182.fits
6595/spec-6595-56569-0183.fits
6595/spec-6595-56569-0184.fits
6595/spec-6595-56569-0185.fits
6595/spec-6595-56569-0186.fits
6595/spec-6595-56569-0187.fits
6595/spec-6595-56569-0188.fits
6595/spec-6595-56569-0189.fits
6595/spec-6595-56569-0190.fits
6595/spec-6595-56569-0191.fits
6595/spec-6595-56569-0192.fits
6595/spec-6595-56569-0193.fits
6595/spec-6595-56569-0194.fits
6595/spec-6595-56569-0195.fits
6595/spec-6595-56569-0196.fits
6595/spec-6595-56569-0197.fits
6595/spec-6595-56569-0198.fits
6595/spec-6595-56569-0199.fits
6595/spec-6595-56569-0200.fits
6595/spec-6595-56569-0201.fits
6595/spec-6595-56569-0202.fits
6595/spec-6595-56569-0203.fits
6595/spec-6595-56569-0204.fits
6595/spec-6595-56569-0205.fits
6595/spec-6595-56569-0206.fits
6595/spec-6595-56569-0207.fits
6595/spec-6595-56569-0208.fits
6595/spec-6595-56569-0209.fits
6595/spec-6595-56569-0210.fits
6595/spec-6595-56569-0211.fits
6595/spec-6595-56569-0212.fits
6595/spec-6595-56569-0213.fits
6595/spec-6595-56569-0214.fits
6595/spec-6595-56569-0215.fits
6595/spec-6595-56569-0216.fits
6595/spec-6595-56569-0217.fits
6595/spec-6595-56569-0218.fits
6595/spec-6595-56569-0219.fits
6595/spec-6595-56569-0220.fits
6595/spec-6595-56569-0221.fits
6595/spec-6595-56569-0222.fits
6595/spec-6595-56569-0223.fits
6595/spec-6595-56569-0224.fits
6595/spec-6595-56569-0225.fits
6595/spec-6595-56569-0226.fits
6595/spec-6595-56569-0227.fits
6595/spec-6595-56569-0228.fits
6595/spec-6595-56569-0229.fits
6595/spec-6595-56569-0230.fits
6595/spec-6595-56569-0231.fits
6595/spec-6595-56569-0232.fits
6595/spec-6595-56569-0233.fits
6595/spec-6595-56569-0234.fits
6595/spec-6595-56569-0235.fits
6595/spec-6595-56569-0236.fits
6595/spec-6595-56569-0237.fits
6595/spec-6595-56569-0238.fits
6595/spec-6595-56569-0239.fits
6595/spec-6595-56569-0240.fits
6595/spec-6595-56569-0241.fits
6595/spec-6595-56569-0242.fits
6595/spec-6595-56569-0243.fits
6595/spec-6595-56569-0244.fits
6595/spec-6595-56569-0245.fits
6595/spec-6595-56569-0246.fits
6595/spec-6595-56569-0247.fits
6595/spec-6595-56569-0248.fits
6595/spec-6595-56569-0249.fits
6595/spec-6595-56569-0250.fits
6595/spec-6595-56569-0251.fits
6595/spec-6595-56569-0252.fits
6595/spec-6595-56569-0253.fits
6595/spec-6595-56569-0254.fits
6595/spec-6595-56569-0255.fits
6595/spec-6595-56569-0256.fits
6595/spec-6595-56569-0257.fits
6595/spec-6595-56569-0258.fits
6595/spec-6595-56569-0259.fits
6595/spec-6595-56569-0260.fits
6595/spec-6595-56569-0261.fits
6595/spec-6595-56569-0262.fits
6595/spec-6595-56569-0263.fits
6595/spec-6595-56569-0264.fits
6595/spec-6595-56569-0265.fits
6595/spec-6595-56569-0266.fits
6595/spec-6595-56569-0267.fits
6595/spec-6595-56569-0268.fits
6595/spec-6595-56569-0269.fits
6595/spec-6595-56569-0270.fits
6595/spec-6595-56569-0271.fits
6595/spec-6595-56569-0272.fits
6595/spec-6595-56569-0273.fits
6595/spec-6595-56569-0274.fits
6595/spec-6595-56569-0275.fits
6595/spec-6595-56569-0276.fits
6595/spec-6595-56569-0277.fits
6595/spec-6595-56569-0278.fits
6595/spec-6595-56569-0279.fits
6595/spec-6595-56569-0280.fits
6595/spec-6595-56569-0281.fits
6595/spec-6595-56569-0282.fits
6595/spec-6595-56569-0283.fits
6595/spec-6595-56569-0284.fits
6595/spec-6595-56569-0285.fits
6595/spec-6595-56569-0286.fits
6595/spec-6595-56569-0287.fits
6595/spec-6595-56569-0288.fits
6595/spec-6595-56569-0289.fits
6595/spec-6595-56569-0290.fits
6595/spec-6595-56569-0291.fits
6595/spec-6595-56569-0292.fits
6595/spec-6595-56569-0293.fits
6595/spec-6595-56569-0294.fits
6595/spec-6595-56569-0295.fits
6595/spec-6595-56569-0296.fits
6595/spec-6595-56569-0297.fits
6595/spec-6595-56569-0298.fits
6595/spec-6595-56569-0299.fits
6595/spec-6595-56569-0300.fits
6595/spec-6595-56569-0301.fits
6595/spec-6595-56569-0302.fits
6595/spec-6595-56569-0303.fits
6595/spec-6595-56569-0304.fits
6595/spec-6595-56569-0305.fits
6595/spec-6595-56569-0306.fits
6595/spec-6595-56569-0307.fits
6595/spec-6595-56569-0308.fits
6595/spec-6595-56569-0309.fits
6595/spec-6595-56569-0310.fits
6595/spec-6595-56569-0311.fits
6595/spec-6595-56569-0312.fits
6595/spec-6595-56569-0313.fits
6595/spec-6595-56569-0314.fits
6595/spec-6595-56569-0315.fits
6595/spec-6595-56569-0316.fits
6595/spec-6595-56569-0317.fits
6595/spec-6595-56569-0318.fits
6595/spec-6595-56569-0319.fits
6595/spec-6595-56569-0320.fits
6595/spec-6595-56569-0321.fits
6595/spec-6595-56569-0322.fits
6595/spec-6595-56569-0323.fits
6595/spec-6595-56569-0324.fits
6595/spec-6595-56569-0325.fits
6595/spec-6595-56569-0326.fits
6595/spec-6595-56569-0327.fits
6595/spec-6595-56569-0328.fits
6595/spec-6595-56569-0329.fits
6595/spec-6595-56569-0330.fits
6595/spec-6595-56569-0331.fits
6595/spec-6595-56569-0332.fits
6595/spec-6595-56569-0333.fits
6595/spec-6595-56569-0334.fits
6595/spec-6595-56569-0335.fits
6595/spec-6595-56569-0336.fits
6595/spec-6595-56569-0337.fits
6595/spec-6595-56569-0338.fits
6595/spec-6595-56569-0339.fits
6595/spec-6595-56569-0340.fits
6595/spec-6595-56569-0341.fits
6595/spec-6595-56569-0342.fits
6595/spec-6595-56569-0343.fits
6595/spec-6595-56569-0344.fits
6595/spec-6595-56569-0345.fits
6595/spec-6595-56569-0346.fits
6595/spec-6595-56569-0347.fits
6595/spec-6595-56569-0348.fits
6595/spec-6595-56569-0349.fits
6595/spec-6595-56569-0350.fits
6595/spec-6595-56569-0351.fits
6595/spec-6595-56569-0352.fits
6595/spec-6595-56569-0353.fits
6595/spec-6595-56569-0354.fits
6595/spec-6595-56569-0355.fits
6595/spec-6595-56569-0356.fits
6595/spec-6595-56569-0357.fits
6595/spec-6595-56569-0358.fits
6595/spec-6595-56569-0359.fits
6595/spec-6595-56569-0360.fits
6595/spec-6595-56569-0361.fits
6595/spec-6595-56569-0362.fits
6595/spec-6595-56569-0363.fits
6595/spec-6595-56569-0364.fits
6595/spec-6595-56569-0365.fits
6595/spec-6595-56569-0366.fits
6595/spec-6595-56569-0367.fits
6595/spec-6595-56569-0368.fits
6595/spec-6595-56569-0369.fits
6595/spec-6595-56569-0370.fits
6595/spec-6595-56569-0371.fits
6595/spec-6595-56569-0372.fits
6595/spec-6595-56569-0373.fits
6595/spec-6595-56569-0374.fits
6595/spec-6595-56569-0375.fits
6595/spec-6595-56569-0376.fits
6595/spec-6595-56569-0377.fits
6595/spec-6595-56569-0378.fits
6595/spec-6595-56569-0379.fits
6595/spec-6595-56569-0380.fits
6595/spec-6595-56569-0381.fits
6595/spec-6595-56569-0382.fits
6595/spec-6595-56569-0383.fits
6595/spec-6595-56569-0384.fits
6595/spec-6595-56569-0385.fits
6595/spec-6595-56569-0386.fits
6595/spec-6595-56569-0387.fits
6595/spec-6595-56569-0388.fits
6595/spec-6595-56569-0389.fits
6595/spec-6595-56569-0390.fits
6595/spec-6595-56569-0391.fits
6595/spec-6595-56569-0392.fits
6595/spec-6595-56569-0393.fits
6595/spec-6595-56569-0394.fits
6595/spec-6595-56569-0395.fits
6595/spec-6595-56569-0396.fits
6595/spec-6595-56569-0397.fits
6595/spec-6595-56569-0398.fits
6595/spec-6595-56569-0399.fits
6595/spec-6595-56569-0400.fits
6595/spec-6595-56569-0401.fits
6595/spec-6595-56569-0402.fits
6595/spec-6595-56569-0403.fits
6595/spec-6595-56569-0404.fits
6595/spec-6595-56569-0405.fits
6595/spec-6595-56569-0406.fits
6595/spec-6595-56569-0407.fits
6595/spec-6595-56569-0408.fits
6595/spec-6595-56569-0409.fits
6595/spec-6595-56569-0410.fits
6595/spec-6595-56569-0411.fits
6595/spec-6595-56569-0412.fits
6595/spec-6595-56569-0413.fits
6595/spec-6595-56569-0414.fits
6595/spec-6595-56569-0415.fits
6595/spec-6595-56569-0416.fits
6595/spec-6595-56569-0417.fits
6595/spec-6595-56569-0418.fits
6595/spec-6595-56569-0419.fits
6595/spec-6595-56569-0420.fits
6595/spec-6595-56569-0421.fits
6595/spec-6595-56569-0422.fits
6595/spec-6595-56569-0423.fits
6595/spec-6595-56569-0424.fits
6595/spec-6595-56569-0425.fits
6595/spec-6595-56569-0426.fits
6595/spec-6595-56569-0427.fits
6595/spec-6595-56569-0428.fits
6595/spec-6595-56569-0429.fits
6595/spec-6595-56569-0430.fits
6595/spec-6595-56569-0431.fits
6595/spec-6595-56569-0432.fits
6595/spec-6595-56569-0433.fits
6595/spec-6595-56569-0434.fits
6595/spec-6595-56569-0435.fits
6595/spec-6595-56569-0436.fits
6595/spec-6595-56569-0437.fits
6595/spec-6595-56569-0438.fits
6595/spec-6595-56569-0439.fits
6595/spec-6595-56569-0440.fits
6595/spec-6595-56569-0441.fits
6595/spec-6595-56569-0442.fits
6595/spec-6595-56569-0443.fits
6595/spec-6595-56569-0444.fits
6595/spec-6595-56569-0445.fits
6595/spec-6595-56569-0446.fits
6595/spec-6595-56569-0447.fits
6595/spec-6595-56569-0448.fits
6595/spec-6595-56569-0449.fits
6595/spec-6595-56569-0450.fits
6595/spec-6595-56569-0451.fits
6595/spec-6595-56569-0452.fits
6595/spec-6595-56569-0453.fits
6595/spec-6595-56569-0454.fits
6595/spec-6595-56569-0455.fits
6595/spec-6595-56569-0456.fits
6595/spec-6595-56569-0457.fits
6595/spec-6595-56569-0458.fits
6595/spec-6595-56569-0459.fits
6595/spec-6595-56569-0460.fits
6595/spec-6595-56569-0461.fits
6595/spec-6595-56569-0462.fits
6595/spec-6595-56569-0463.fits
6595/spec-6595-56569-0464.fits
6595/spec-6595-56569-0465.fits
6595/spec-6595-56569-0466.fits
6595/spec-6595-56569-0467.fits
6595/spec-6595-56569-0468.fits
6595/spec-6595-56569-0469.fits
6595/spec-6595-56569-0470.fits
6595/spec-6595-56569-0471.fits
6595/spec-6595-56569-0472.fits
6595/spec-6595-56569-0473.fits
6595/spec-6595-56569-0474.fits
6595/spec-6595-56569-0475.fits
6595/spec-6595-56569-0476.fits
6595/spec-6595-56569-0477.fits
6595/spec-6595-56569-0478.fits
6595/spec-6595-56569-0479.fits
6595/spec-6595-56569-0480.fits
6595/spec-6595-56569-0481.fits
6595/spec-6595-56569-0482.fits
6595/spec-6595-56569-0483.fits
6595/spec-6595-56569-0484.fits
6595/spec-6595-56569-0485.fits
6595/spec-6595-56569-0486.fits
6595/spec-6595-56569-0487.fits
6595/spec-6595-56569-0488.fits
6595/spec-6595-56569-0489.fits
6595/spec-6595-56569-0490.fits
6595/spec-6595-56569-0491.fits
6595/spec-6595-56569-0492.fits
6595/spec-6595-56569-0493.fits
6595/spec-6595-56569-0494.fits
6595/spec-6595-56569-0495.fits
6595/spec-6595-56569-0496.fits
6595/spec-6595-56569-0497.fits
6595/spec-6595-56569-0498.fits
6595/spec-6595-56569-0499.fits
6595/spec-6595-56569-0500.fits
6595/spec-6595-56569-0501.fits
6595/spec-6595-56569-0502.fits
6595/spec-6595-56569-0503.fits
6595/spec-6595-56569-0504.fits
6595/spec-6595-56569-0505.fits
6595/spec-6595-56569-0506.fits
6595/spec-6595-56569-0507.fits
6595/spec-6595-56569-0508.fits
6595/spec-6595-56569-0509.fits
6595/spec-6595-56569-0510.fits
6595/spec-6595-56569-0511.fits
6595/spec-6595-56569-0512.fits
6595/spec-6595-56569-0513.fits
6595/spec-6595-56569-0514.fits
6595/spec-6595-56569-0515.fits
6595/spec-6595-56569-0516.fits
6595/spec-6595-56569-0517.fits
6595/spec-6595-56569-0518.fits
6595/spec-6595-56569-0519.fits
6595/spec-6595-56569-0520.fits
6595/spec-6595-56569-0521.fits
6595/spec-6595-56569-0522.fits
6595/spec-6595-56569-0523.fits
6595/spec-6595-56569-0524.fits
6595/spec-6595-56569-0525.fits
6595/spec-6595-56569-0526.fits
6595/spec-6595-56569-0527.fits
6595/spec-6595-56569-0528.fits
6595/spec-6595-56569-0529.fits
6595/spec-6595-56569-0530.fits
6595/spec-6595-56569-0531.fits
6595/spec-6595-56569-0532.fits
6595/spec-6595-56569-0533.fits
6595/spec-6595-56569-0534.fits
6595/spec-6595-56569-0535.fits
6595/spec-6595-56569-0536.fits
6595/spec-6595-56569-0537.fits
6595/spec-6595-56569-0538.fits
6595/spec-6595-56569-0539.fits
6595/spec-6595-56569-0540.fits
6595/spec-6595-56569-0541.fits
6595/spec-6595-56569-0542.fits
6595/spec-6595-56569-0543.fits
6595/spec-6595-56569-0544.fits
6595/spec-6595-56569-0545.fits
6595/spec-6595-56569-0546.fits
6595/spec-6595-56569-0547.fits
6595/spec-6595-56569-0548.fits
6595/spec-6595-56569-0549.fits
6595/spec-6595-56569-0550.fits
6595/spec-6595-56569-0551.fits
6595/spec-6595-56569-0552.fits
6595/spec-6595-56569-0553.fits
6595/spec-6595-56569-0554.fits
6595/spec-6595-56569-0555.fits
6595/spec-6595-56569-0556.fits
6595/spec-6595-56569-0557.fits
6595/spec-6595-56569-0558.fits
6595/spec-6595-56569-0559.fits
6595/spec-6595-56569-0560.fits
6595/spec-6595-56569-0561.fits
6595/spec-6595-56569-0562.fits
6595/spec-6595-56569-0563.fits
6595/spec-6595-56569-0564.fits
6595/spec-6595-56569-0565.fits
6595/spec-6595-56569-0566.fits
6595/spec-6595-56569-0567.fits
6595/spec-6595-56569-0568.fits
6595/spec-6595-56569-0569.fits
6595/spec-6595-56569-0570.fits
6595/spec-6595-56569-0571.fits
6595/spec-6595-56569-0572.fits
6595/spec-6595-56569-0573.fits
6595/spec-6595-56569-0574.fits
6595/spec-6595-56569-0575.fits
6595/spec-6595-56569-0576.fits
6595/spec-6595-56569-0577.fits
6595/spec-6595-56569-0578.fits
6595/spec-6595-56569-0579.fits
6595/spec-6595-56569-0580.fits
6595/spec-6595-56569-0581.fits
6595/spec-6595-56569-0582.fits
6595/spec-6595-56569-0583.fits
6595/spec-6595-56569-0584.fits
6595/spec-6595-56569-0585.fits
6595/spec-6595-56569-0586.fits
6595/spec-6595-56569-0587.fits
6595/spec-6595-56569-0588.fits
6595/spec-6595-56569-0589.fits
6595/spec-6595-56569-0590.fits
6595/spec-6595-56569-0591.fits
6595/spec-6595-56569-0592.fits
6595/spec-6595-56569-0593.fits
6595/spec-6595-56569-0594.fits
6595/spec-6595-56569-0595.fits
6595/spec-6595-56569-0596.fits
6595/spec-6595-56569-0597.fits
6595/spec-6595-56569-0598.fits
6595/spec-6595-56569-0599.fits
6595/spec-6595-56569-0600.fits
6595/spec-6595-56569-0601.fits
6595/spec-6595-56569-0602.fits
6595/spec-6595-56569-0603.fits
6595/spec-6595-56569-0604.fits
6595/spec-6595-56569-0605.fits
6595/spec-6595-56569-0606.fits
6595/spec-6595-56569-0607.fits
6595/spec-6595-56569-0608.fits
6595/spec-6595-56569-0609.fits
6595/spec-6595-56569-0610.fits
6595/spec-6595-56569-0611.fits
6595/spec-6595-56569-0612.fits
6595/spec-6595-56569-0613.fits
6595/spec-6595-56569-0614.fits
6595/spec-6595-56569-0615.fits
6595/spec-6595-56569-0616.fits
6595/spec-6595-56569-0617.fits
6595/spec-6595-56569-0618.fits
6595/spec-6595-56569-0619.fits
6595/spec-6595-56569-0620.fits
6595/spec-6595-56569-0621.fits
6595/spec-6595-56569-0622.fits
6595/spec-6595-56569-0623.fits
6595/spec-6595-56569-0624.fits
6595/spec-6595-56569-0625.fits
6595/spec-6595-56569-0626.fits
6595/spec-6595-56569-0627.fits
6595/spec-6595-56569-0628.fits
6595/spec-6595-56569-0629.fits
6595/spec-6595-56569-0630.fits
6595/spec-6595-56569-0631.fits
6595/spec-6595-56569-0632.fits
6595/spec-6595-56569-0633.fits
6595/spec-6595-56569-0634.fits
6595/spec-6595-56569-0635.fits
6595/spec-6595-56569-0636.fits
6595/spec-6595-56569-0637.fits
6595/spec-6595-56569-0638.fits
6595/spec-6595-56569-0639.fits
6595/spec-6595-56569-0640.fits
6595/spec-6595-56569-0641.fits
6595/spec-6595-56569-0642.fits
6595/spec-6595-56569-0643.fits
6595/spec-6595-56569-0644.fits
6595/spec-6595-56569-0645.fits
6595/spec-6595-56569-0646.fits
6595/spec-6595-56569-0647.fits
6595/spec-6595-56569-0648.fits
6595/spec-6595-56569-0649.fits
6595/spec-6595-56569-0650.fits
6595/spec-6595-56569-0651.fits
6595/spec-6595-56569-0652.fits
6595/spec-6595-56569-0653.fits
6595/spec-6595-56569-0654.fits
6595/spec-6595-56569-0655.fits
6595/spec-6595-56569-0656.fits
6595/spec-6595-56569-0657.fits
6595/spec-6595-56569-0658.fits
6595/spec-6595-56569-0659.fits
6595/spec-6595-56569-0660.fits
6595/spec-6595-56569-0661.fits
6595/spec-6595-56569-0662.fits
6595/spec-6595-56569-0663.fits
6595/spec-6595-56569-0664.fits
6595/spec-6595-56569-0665.fits
6595/spec-6595-56569-0666.fits
6595/spec-6595-56569-0667.fits
6595/spec-6595-56569-0668.fits
6595/spec-6595-56569-0669.fits
6595/spec-6595-56569-0670.fits
6595/spec-6595-56569-0671.fits
6595/spec-6595-56569-0672.fits
6595/spec-6595-56569-0673.fits
6595/spec-6595-56569-0674.fits
6595/spec-6595-56569-0675.fits
6595/spec-6595-56569-0676.fits
6595/spec-6595-56569-0677.fits
6595/spec-6595-56569-0678.fits
6595/spec-6595-56569-0679.fits
6595/spec-6595-56569-0680.fits
6595/spec-6595-56569-0681.fits
6595/spec-6595-56569-0682.fits
6595/spec-6595-56569-0683.fits
6595/spec-6595-56569-0684.fits
6595/spec-6595-56569-0685.fits
6595/spec-6595-56569-0686.fits
6595/spec-6595-56569-0687.fits
6595/spec-6595-56569-0688.fits
6595/spec-6595-56569-0689.fits
6595/spec-6595-56569-0690.fits
6595/spec-6595-56569-0691.fits
6595/spec-6595-56569-0692.fits
6595/spec-6595-56569-0693.fits
6595/spec-6595-56569-0694.fits
6595/spec-6595-56569-0695.fits
6595/spec-6595-56569-0696.fits
6595/spec-6595-56569-0697.fits
6595/spec-6595-56569-0698.fits
6595/spec-6595-56569-0699.fits
6595/spec-6595-56569-0700.fits
6595/spec-6595-56569-0701.fits
6595/spec-6595-56569-0702.fits
6595/spec-6595-56569-0703.fits
6595/spec-6595-56569-0704.fits
6595/spec-6595-56569-0705.fits
6595/spec-6595-56569-0706.fits
6595/spec-6595-56569-0707.fits
6595/spec-6595-56569-0708.fits
6595/spec-6595-56569-0709.fits
6595/spec-6595-56569-0710.fits
6595/spec-6595-56569-0711.fits
6595/spec-6595-56569-0712.fits
6595/spec-6595-56569-0713.fits
6595/spec-6595-56569-0714.fits
6595/spec-6595-56569-0715.fits
6595/spec-6595-56569-0716.fits
6595/spec-6595-56569-0717.fits
6595/spec-6595-56569-0718.fits
6595/spec-6595-56569-0719.fits
6595/spec-6595-56569-0720.fits
6595/spec-6595-56569-0721.fits
6595/spec-6595-56569-0722.fits
6595/spec-6595-56569-0723.fits
6595/spec-6595-56569-0724.fits
6595/spec-6595-56569-0725.fits
6595/spec-6595-56569-0726.fits
6595/spec-6595-56569-0727.fits
6595/spec-6595-56569-0728.fits
6595/spec-6595-56569-0729.fits
6595/spec-6595-56569-0730.fits
6595/spec-6595-56569-0731.fits
6595/spec-6595-56569-0732.fits
6595/spec-6595-56569-0733.fits
6595/spec-6595-56569-0734.fits
6595/spec-6595-56569-0735.fits
6595/spec-6595-56569-0736.fits
6595/spec-6595-56569-0737.fits
6595/spec-6595-56569-0738.fits
6595/spec-6595-56569-0739.fits
6595/spec-6595-56569-0740.fits
6595/spec-6595-56569-0741.fits
6595/spec-6595-56569-0742.fits
6595/spec-6595-56569-0743.fits
6595/spec-6595-56569-0744.fits
6595/spec-6595-56569-0745.fits
6595/spec-6595-56569-0746.fits
6595/spec-6595-56569-0747.fits
6595/spec-6595-56569-0748.fits
6595/spec-6595-56569-0749.fits
6595/spec-6595-56569-0750.fits
6595/spec-6595-56569-0751.fits
6595/spec-6595-56569-0752.fits
6595/spec-6595-56569-0753.fits
6595/spec-6595-56569-0754.fits
6595/spec-6595-56569-0755.fits
6595/spec-6595-56569-0756.fits
6595/spec-6595-56569-0757.fits
6595/spec-6595-56569-0758.fits
6595/spec-6595-56569-0759.fits
6595/spec-6595-56569-0760.fits
6595/spec-6595-56569-0761.fits
6595/spec-6595-56569-0762.fits
6595/spec-6595-56569-0763.fits
6595/spec-6595-56569-0764.fits
6595/spec-6595-56569-0765.fits
6595/spec-6595-56569-0766.fits
6595/spec-6595-56569-0767.fits
6595/spec-6595-56569-0768.fits
6595/spec-6595-56569-0769.fits
6595/spec-6595-56569-0770.fits
6595/spec-6595-56569-0771.fits
6595/spec-6595-56569-0772.fits
6595/spec-6595-56569-0773.fits
6595/spec-6595-56569-0774.fits
6595/spec-6595-56569-0775.fits
6595/spec-6595-56569-0776.fits
6595/spec-6595-56569-0777.fits
6595/spec-6595-56569-0778.fits
6595/spec-6595-56569-0779.fits
6595/spec-6595-56569-0780.fits
6595/spec-6595-56569-0781.fits
6595/spec-6595-56569-0782.fits
6595/spec-6595-56569-0783.fits
6595/spec-6595-56569-0784.fits
6595/spec-6595-56569-0785.fits
6595/spec-6595-56569-0786.fits
6595/spec-6595-56569-0787.fits
6595/spec-6595-56569-0788.fits
6595/spec-6595-56569-0789.fits
6595/spec-6595-56569-0790.fits
6595/spec-6595-56569-0791.fits
6595/spec-6595-56569-0792.fits
6595/spec-6595-56569-0793.fits
6595/spec-6595-56569-0794.fits
6595/spec-6595-56569-0795.fits
6595/spec-6595-56569-0796.fits
6595/spec-6595-56569-0797.fits
6595/spec-6595-56569-0798.fits
6595/spec-6595-56569-0799.fits
6595/spec-6595-56569-0800.fits
6595/spec-6595-56569-0801.fits
6595/spec-6595-56569-0802.fits
6595/spec-6595-56569-0803.fits
6595/spec-6595-56569-0804.fits
6595/spec-6595-56569-0805.fits
6595/spec-6595-56569-0806.fits
6595/spec-6595-56569-0807.fits
6595/spec-6595-56569-0808.fits
6595/spec-6595-56569-0809.fits
6595/spec-6595-56569-0810.fits
6595/spec-6595-56569-0811.fits
6595/spec-6595-56569-0812.fits
6595/spec-6595-56569-0813.fits
6595/spec-6595-56569-0814.fits
6595/spec-6595-56569-0815.fits
6595/spec-6595-56569-0816.fits
6595/spec-6595-56569-0817.fits
6595/spec-6595-56569-0818.fits
6595/spec-6595-56569-0819.fits
6595/spec-6595-56569-0820.fits
6595/spec-6595-56569-0821.fits
6595/spec-6595-56569-0822.fits
6595/spec-6595-56569-0823.fits
6595/spec-6595-56569-0824.fits
6595/spec-6595-56569-0825.fits
6595/spec-6595-56569-0826.fits
6595/spec-6595-56569-0827.fits
6595/spec-6595-56569-0828.fits
6595/spec-6595-56569-0829.fits
6595/spec-6595-56569-0830.fits
6595/spec-6595-56569-0831.fits
6595/spec-6595-56569-0832.fits
6595/spec-6595-56569-0833.fits
6595/spec-6595-56569-0834.fits
6595/spec-6595-56569-0835.fits
6595/spec-6595-56569-0836.fits
6595/spec-6595-56569-0837.fits
6595/spec-6595-56569-0838.fits
6595/spec-6595-56569-0839.fits
6595/spec-6595-56569-0840.fits
6595/spec-6595-56569-0841.fits
6595/spec-6595-56569-0842.fits
6595/spec-6595-56569-0843.fits
6595/spec-6595-56569-0844.fits
6595/spec-6595-56569-0845.fits
6595/spec-6595-56569-0846.fits
6595/spec-6595-56569-0847.fits
6595/spec-6595-56569-0848.fits
6595/spec-6595-56569-0849.fits
6595/spec-6595-56569-0850.fits
6595/spec-6595-56569-0851.fits
6595/spec-6595-56569-0852.fits
6595/spec-6595-56569-0853.fits
6595/spec-6595-56569-0854.fits
6595/spec-6595-56569-0855.fits
6595/spec-6595-56569-0856.fits
6595/spec-6595-56569-0857.fits
6595/spec-6595-56569-0858.fits
6595/spec-6595-56569-0859.fits
6595/spec-6595-56569-0860.fits
6595/spec-6595-56569-0861.fits
6595/spec-6595-56569-0862.fits
6595/spec-6595-56569-0863.fits
6595/spec-6595-56569-0864.fits
6595/spec-6595-56569-0865.fits
6595/spec-6595-56569-0866.fits
6595/spec-6595-56569-0867.fits
6595/spec-6595-56569-0868.fits
6595/spec-6595-56569-0869.fits
6595/spec-6595-56569-0870.fits
6595/spec-6595-56569-0871.fits
6595/spec-6595-56569-0872.fits
6595/spec-6595-56569-0873.fits
6595/spec-6595-56569-0874.fits
6595/spec-6595-56569-0875.fits
6595/spec-6595-56569-0876.fits
6595/spec-6595-56569-0877.fits
6595/spec-6595-56569-0878.fits
6595/spec-6595-56569-0879.fits
6595/spec-6595-56569-0880.fits
6595/spec-6595-56569-0881.fits
6595/spec-6595-56569-0882.fits
6595/spec-6595-56569-0883.fits
6595/spec-6595-56569-0884.fits
6595/spec-6595-56569-0885.fits
6595/spec-6595-56569-0886.fits
6595/spec-6595-56569-0887.fits
6595/spec-6595-56569-0888.fits
6595/spec-6595-56569-0889.fits
6595/spec-6595-56569-0890.fits
6595/spec-6595-56569-0891.fits
6595/spec-6595-56569-0892.fits
6595/spec-6595-56569-0893.fits
6595/spec-6595-56569-0894.fits
6595/spec-6595-56569-0895.fits
6595/spec-6595-56569-0896.fits
6595/spec-6595-56569-0897.fits
6595/spec-6595-56569-0898.fits
6595/spec-6595-56569-0899.fits
6595/spec-6595-56569-0900.fits
6595/spec-6595-56569-0901.fits
6595/spec-6595-56569-0902.fits
6595/spec-6595-56569-0903.fits
6595/spec-6595-56569-0904.fits
6595/spec-6595-56569-0905.fits
6595/spec-6595-56569-0906.fits
6595/spec-6595-56569-0907.fits
6595/spec-6595-56569-0908.fits
6595/spec-6595-56569-0909.fits
6595/spec-6595-56569-0910.fits
6595/spec-6595-56569-0911.fits
6595/spec-6595-56569-0912.fits
6595/spec-6595-56569-0913.fits
6595/spec-6595-56569-0914.fits
6595/spec-6595-56569-0915.fits
6595/spec-6595-56569-0916.fits
6595/spec-6595-56569-0917.fits
6595/spec-6595-56569-0918.fits
6595/spec-6595-56569-0919.fits
6595/spec-6595-56569-0920.fits
6595/spec-6595-56569-0921.fits
6595/spec-6595-56569-0922.fits
6595/spec-6595-56569-0923.fits
6595/spec-6595-56569-0924.fits
6595/spec-6595-56569-0925.fits
6595/spec-6595-56569-0926.fits
6595/spec-6595-56569-0927.fits
6595/spec-6595-56569-0928.fits
6595/spec-6595-56569-0929.fits
6595/spec-6595-56569-0930.fits
6595/spec-6595-56569-0931.fits
6595/spec-6595-56569-0932.fits
6595/spec-6595-56569-0933.fits
6595/spec-6595-56569-0934.fits
6595/spec-6595-56569-0935.fits
6595/spec-6595-56569-0936.fits
6595/spec-6595-56569-0937.fits
6595/spec-6595-56569-0938.fits
6595/spec-6595-56569-0939.fits
6595/spec-6595-56569-0940.fits
6595/spec-6595-56569-0941.fits
6595/spec-6595-56569-0942.fits
6595/spec-6595-56569-0943.fits
6595/spec-6595-56569-0944.fits
6595/spec-6595-56569-0945.fits
6595/spec-6595-56569-0946.fits
6595/spec-6595-56569-0947.fits
6595/spec-6595-56569-0948.fits
6595/spec-6595-56569-0949.fits
6595/spec-6595-56569-0950.fits
6595/spec-6595-56569-0951.fits
6595/spec-6595-56569-0952.fits
6595/spec-6595-56569-0953.fits
6595/spec-6595-56569-0954.fits
6595/spec-6595-56569-0955.fits
6595/spec-6595-56569-0956.fits
6595/spec-6595-56569-0957.fits
6595/spec-6595-56569-0958.fits
6595/spec-6595-56569-0959.fits
6595/spec-6595-56569-0960.fits
6595/spec-6595-56569-0961.fits
6595/spec-6595-56569-0962.fits
6595/spec-6595-56569-0963.fits
6595/spec-6595-56569-0964.fits
6595/spec-6595-56569-0965.fits
6595/spec-6595-56569-0966.fits
6595/spec-6595-56569-0967.fits
6595/spec-6595-56569-0968.fits
6595/spec-6595-56569-0969.fits
6595/spec-6595-56569-0970.fits
6595/spec-6595-56569-0971.fits
6595/spec-6595-56569-0972.fits
6595/spec-6595-56569-0973.fits
6595/spec-6595-56569-0974.fits
6595/spec-6595-56569-0975.fits
6595/spec-6595-56569-0976.fits
6595/spec-6595-56569-0977.fits
6595/spec-6595-56569-0978.fits
6595/spec-6595-56569-0979.fits
6595/spec-6595-56569-0980.fits
6595/spec-6595-56569-0981.fits
6595/spec-6595-56569-0982.fits
6595/spec-6595-56569-0983.fits
6595/spec-6595-56569-0984.fits
6595/spec-6595-56569-0985.fits
6595/spec-6595-56569-0986.fits
6595/spec-6595-56569-0987.fits
6595/spec-6595-56569-0988.fits
6595/spec-6595-56569-0989.fits
6595/spec-6595-56569-0990.fits
6595/spec-6595-56569-0991.fits
6595/spec-6595-56569-0992.fits
6595/spec-6595-56569-0993.fits
6595/spec-6595-56569-0994.fits
6595/spec-6595-56569-0995.fits
6595/spec-6595-56569-0996.fits
6595/spec-6595-56569-0997.fits
6595/spec-6595-56569-0998.fits
6595/spec-6595-56569-0999.fits
6595/spec-6595-56569-1000.fits
/var/lib/condor/execute/slot1/dir_37091
6595 6595.tgz R R361.tar.gz _condor_stderr _condor_stdout cB58_Lyman_break.fit condor_exec.exe hw4.R packages packages.tar.gz tmp var
[1] "Loaded package astro."
[1] 1000
6595 6595.csv 6595.tgz R R361.tar.gz _condor_stderr _condor_stdout cB58_Lyman_break.fit condor_exec.exe hw4.R packages packages.tar.gz tmp var
