3943
3943/
3943/spec-3943-55336-0001.fits
3943/spec-3943-55336-0002.fits
3943/spec-3943-55336-0003.fits
3943/spec-3943-55336-0004.fits
3943/spec-3943-55336-0005.fits
3943/spec-3943-55336-0006.fits
3943/spec-3943-55336-0007.fits
3943/spec-3943-55336-0008.fits
3943/spec-3943-55336-0009.fits
3943/spec-3943-55336-0010.fits
3943/spec-3943-55336-0011.fits
3943/spec-3943-55336-0012.fits
3943/spec-3943-55336-0013.fits
3943/spec-3943-55336-0014.fits
3943/spec-3943-55336-0015.fits
3943/spec-3943-55336-0016.fits
3943/spec-3943-55336-0017.fits
3943/spec-3943-55336-0018.fits
3943/spec-3943-55336-0019.fits
3943/spec-3943-55336-0020.fits
3943/spec-3943-55336-0021.fits
3943/spec-3943-55336-0022.fits
3943/spec-3943-55336-0023.fits
3943/spec-3943-55336-0024.fits
3943/spec-3943-55336-0025.fits
3943/spec-3943-55336-0026.fits
3943/spec-3943-55336-0027.fits
3943/spec-3943-55336-0028.fits
3943/spec-3943-55336-0029.fits
3943/spec-3943-55336-0030.fits
3943/spec-3943-55336-0031.fits
3943/spec-3943-55336-0032.fits
3943/spec-3943-55336-0033.fits
3943/spec-3943-55336-0034.fits
3943/spec-3943-55336-0035.fits
3943/spec-3943-55336-0036.fits
3943/spec-3943-55336-0037.fits
3943/spec-3943-55336-0038.fits
3943/spec-3943-55336-0039.fits
3943/spec-3943-55336-0040.fits
3943/spec-3943-55336-0041.fits
3943/spec-3943-55336-0042.fits
3943/spec-3943-55336-0043.fits
3943/spec-3943-55336-0044.fits
3943/spec-3943-55336-0045.fits
3943/spec-3943-55336-0046.fits
3943/spec-3943-55336-0047.fits
3943/spec-3943-55336-0048.fits
3943/spec-3943-55336-0049.fits
3943/spec-3943-55336-0050.fits
3943/spec-3943-55336-0051.fits
3943/spec-3943-55336-0052.fits
3943/spec-3943-55336-0053.fits
3943/spec-3943-55336-0054.fits
3943/spec-3943-55336-0055.fits
3943/spec-3943-55336-0056.fits
3943/spec-3943-55336-0057.fits
3943/spec-3943-55336-0058.fits
3943/spec-3943-55336-0059.fits
3943/spec-3943-55336-0060.fits
3943/spec-3943-55336-0061.fits
3943/spec-3943-55336-0062.fits
3943/spec-3943-55336-0063.fits
3943/spec-3943-55336-0064.fits
3943/spec-3943-55336-0065.fits
3943/spec-3943-55336-0066.fits
3943/spec-3943-55336-0067.fits
3943/spec-3943-55336-0068.fits
3943/spec-3943-55336-0069.fits
3943/spec-3943-55336-0070.fits
3943/spec-3943-55336-0071.fits
3943/spec-3943-55336-0072.fits
3943/spec-3943-55336-0073.fits
3943/spec-3943-55336-0074.fits
3943/spec-3943-55336-0075.fits
3943/spec-3943-55336-0076.fits
3943/spec-3943-55336-0077.fits
3943/spec-3943-55336-0078.fits
3943/spec-3943-55336-0079.fits
3943/spec-3943-55336-0080.fits
3943/spec-3943-55336-0081.fits
3943/spec-3943-55336-0082.fits
3943/spec-3943-55336-0083.fits
3943/spec-3943-55336-0084.fits
3943/spec-3943-55336-0085.fits
3943/spec-3943-55336-0086.fits
3943/spec-3943-55336-0087.fits
3943/spec-3943-55336-0088.fits
3943/spec-3943-55336-0089.fits
3943/spec-3943-55336-0090.fits
3943/spec-3943-55336-0091.fits
3943/spec-3943-55336-0092.fits
3943/spec-3943-55336-0093.fits
3943/spec-3943-55336-0094.fits
3943/spec-3943-55336-0095.fits
3943/spec-3943-55336-0096.fits
3943/spec-3943-55336-0097.fits
3943/spec-3943-55336-0098.fits
3943/spec-3943-55336-0099.fits
3943/spec-3943-55336-0100.fits
3943/spec-3943-55336-0101.fits
3943/spec-3943-55336-0102.fits
3943/spec-3943-55336-0103.fits
3943/spec-3943-55336-0104.fits
3943/spec-3943-55336-0105.fits
3943/spec-3943-55336-0106.fits
3943/spec-3943-55336-0107.fits
3943/spec-3943-55336-0108.fits
3943/spec-3943-55336-0109.fits
3943/spec-3943-55336-0110.fits
3943/spec-3943-55336-0111.fits
3943/spec-3943-55336-0112.fits
3943/spec-3943-55336-0113.fits
3943/spec-3943-55336-0114.fits
3943/spec-3943-55336-0115.fits
3943/spec-3943-55336-0116.fits
3943/spec-3943-55336-0117.fits
3943/spec-3943-55336-0118.fits
3943/spec-3943-55336-0119.fits
3943/spec-3943-55336-0120.fits
3943/spec-3943-55336-0121.fits
3943/spec-3943-55336-0122.fits
3943/spec-3943-55336-0123.fits
3943/spec-3943-55336-0124.fits
3943/spec-3943-55336-0125.fits
3943/spec-3943-55336-0126.fits
3943/spec-3943-55336-0127.fits
3943/spec-3943-55336-0128.fits
3943/spec-3943-55336-0129.fits
3943/spec-3943-55336-0130.fits
3943/spec-3943-55336-0131.fits
3943/spec-3943-55336-0132.fits
3943/spec-3943-55336-0133.fits
3943/spec-3943-55336-0134.fits
3943/spec-3943-55336-0135.fits
3943/spec-3943-55336-0136.fits
3943/spec-3943-55336-0137.fits
3943/spec-3943-55336-0138.fits
3943/spec-3943-55336-0139.fits
3943/spec-3943-55336-0140.fits
3943/spec-3943-55336-0141.fits
3943/spec-3943-55336-0142.fits
3943/spec-3943-55336-0143.fits
3943/spec-3943-55336-0144.fits
3943/spec-3943-55336-0145.fits
3943/spec-3943-55336-0146.fits
3943/spec-3943-55336-0147.fits
3943/spec-3943-55336-0148.fits
3943/spec-3943-55336-0149.fits
3943/spec-3943-55336-0150.fits
3943/spec-3943-55336-0151.fits
3943/spec-3943-55336-0152.fits
3943/spec-3943-55336-0153.fits
3943/spec-3943-55336-0154.fits
3943/spec-3943-55336-0155.fits
3943/spec-3943-55336-0156.fits
3943/spec-3943-55336-0157.fits
3943/spec-3943-55336-0158.fits
3943/spec-3943-55336-0159.fits
3943/spec-3943-55336-0160.fits
3943/spec-3943-55336-0161.fits
3943/spec-3943-55336-0162.fits
3943/spec-3943-55336-0163.fits
3943/spec-3943-55336-0164.fits
3943/spec-3943-55336-0165.fits
3943/spec-3943-55336-0166.fits
3943/spec-3943-55336-0167.fits
3943/spec-3943-55336-0168.fits
3943/spec-3943-55336-0169.fits
3943/spec-3943-55336-0170.fits
3943/spec-3943-55336-0171.fits
3943/spec-3943-55336-0172.fits
3943/spec-3943-55336-0173.fits
3943/spec-3943-55336-0174.fits
3943/spec-3943-55336-0175.fits
3943/spec-3943-55336-0176.fits
3943/spec-3943-55336-0177.fits
3943/spec-3943-55336-0178.fits
3943/spec-3943-55336-0179.fits
3943/spec-3943-55336-0180.fits
3943/spec-3943-55336-0181.fits
3943/spec-3943-55336-0182.fits
3943/spec-3943-55336-0183.fits
3943/spec-3943-55336-0184.fits
3943/spec-3943-55336-0185.fits
3943/spec-3943-55336-0186.fits
3943/spec-3943-55336-0187.fits
3943/spec-3943-55336-0188.fits
3943/spec-3943-55336-0189.fits
3943/spec-3943-55336-0190.fits
3943/spec-3943-55336-0191.fits
3943/spec-3943-55336-0192.fits
3943/spec-3943-55336-0193.fits
3943/spec-3943-55336-0194.fits
3943/spec-3943-55336-0195.fits
3943/spec-3943-55336-0196.fits
3943/spec-3943-55336-0197.fits
3943/spec-3943-55336-0198.fits
3943/spec-3943-55336-0199.fits
3943/spec-3943-55336-0200.fits
3943/spec-3943-55336-0201.fits
3943/spec-3943-55336-0202.fits
3943/spec-3943-55336-0203.fits
3943/spec-3943-55336-0204.fits
3943/spec-3943-55336-0205.fits
3943/spec-3943-55336-0206.fits
3943/spec-3943-55336-0207.fits
3943/spec-3943-55336-0208.fits
3943/spec-3943-55336-0209.fits
3943/spec-3943-55336-0210.fits
3943/spec-3943-55336-0211.fits
3943/spec-3943-55336-0212.fits
3943/spec-3943-55336-0213.fits
3943/spec-3943-55336-0214.fits
3943/spec-3943-55336-0215.fits
3943/spec-3943-55336-0216.fits
3943/spec-3943-55336-0217.fits
3943/spec-3943-55336-0218.fits
3943/spec-3943-55336-0219.fits
3943/spec-3943-55336-0220.fits
3943/spec-3943-55336-0221.fits
3943/spec-3943-55336-0222.fits
3943/spec-3943-55336-0223.fits
3943/spec-3943-55336-0224.fits
3943/spec-3943-55336-0225.fits
3943/spec-3943-55336-0226.fits
3943/spec-3943-55336-0227.fits
3943/spec-3943-55336-0228.fits
3943/spec-3943-55336-0229.fits
3943/spec-3943-55336-0230.fits
3943/spec-3943-55336-0231.fits
3943/spec-3943-55336-0232.fits
3943/spec-3943-55336-0233.fits
3943/spec-3943-55336-0234.fits
3943/spec-3943-55336-0235.fits
3943/spec-3943-55336-0236.fits
3943/spec-3943-55336-0237.fits
3943/spec-3943-55336-0238.fits
3943/spec-3943-55336-0239.fits
3943/spec-3943-55336-0240.fits
3943/spec-3943-55336-0241.fits
3943/spec-3943-55336-0242.fits
3943/spec-3943-55336-0243.fits
3943/spec-3943-55336-0244.fits
3943/spec-3943-55336-0245.fits
3943/spec-3943-55336-0246.fits
3943/spec-3943-55336-0247.fits
3943/spec-3943-55336-0248.fits
3943/spec-3943-55336-0249.fits
3943/spec-3943-55336-0250.fits
3943/spec-3943-55336-0251.fits
3943/spec-3943-55336-0252.fits
3943/spec-3943-55336-0253.fits
3943/spec-3943-55336-0254.fits
3943/spec-3943-55336-0255.fits
3943/spec-3943-55336-0256.fits
3943/spec-3943-55336-0257.fits
3943/spec-3943-55336-0258.fits
3943/spec-3943-55336-0259.fits
3943/spec-3943-55336-0260.fits
3943/spec-3943-55336-0261.fits
3943/spec-3943-55336-0262.fits
3943/spec-3943-55336-0263.fits
3943/spec-3943-55336-0264.fits
3943/spec-3943-55336-0265.fits
3943/spec-3943-55336-0266.fits
3943/spec-3943-55336-0267.fits
3943/spec-3943-55336-0268.fits
3943/spec-3943-55336-0269.fits
3943/spec-3943-55336-0270.fits
3943/spec-3943-55336-0271.fits
3943/spec-3943-55336-0272.fits
3943/spec-3943-55336-0273.fits
3943/spec-3943-55336-0274.fits
3943/spec-3943-55336-0275.fits
3943/spec-3943-55336-0276.fits
3943/spec-3943-55336-0277.fits
3943/spec-3943-55336-0278.fits
3943/spec-3943-55336-0279.fits
3943/spec-3943-55336-0280.fits
3943/spec-3943-55336-0281.fits
3943/spec-3943-55336-0282.fits
3943/spec-3943-55336-0283.fits
3943/spec-3943-55336-0284.fits
3943/spec-3943-55336-0285.fits
3943/spec-3943-55336-0286.fits
3943/spec-3943-55336-0287.fits
3943/spec-3943-55336-0288.fits
3943/spec-3943-55336-0289.fits
3943/spec-3943-55336-0290.fits
3943/spec-3943-55336-0291.fits
3943/spec-3943-55336-0292.fits
3943/spec-3943-55336-0293.fits
3943/spec-3943-55336-0294.fits
3943/spec-3943-55336-0295.fits
3943/spec-3943-55336-0296.fits
3943/spec-3943-55336-0297.fits
3943/spec-3943-55336-0298.fits
3943/spec-3943-55336-0299.fits
3943/spec-3943-55336-0300.fits
3943/spec-3943-55336-0301.fits
3943/spec-3943-55336-0302.fits
3943/spec-3943-55336-0303.fits
3943/spec-3943-55336-0304.fits
3943/spec-3943-55336-0305.fits
3943/spec-3943-55336-0306.fits
3943/spec-3943-55336-0307.fits
3943/spec-3943-55336-0308.fits
3943/spec-3943-55336-0309.fits
3943/spec-3943-55336-0310.fits
3943/spec-3943-55336-0311.fits
3943/spec-3943-55336-0312.fits
3943/spec-3943-55336-0313.fits
3943/spec-3943-55336-0314.fits
3943/spec-3943-55336-0315.fits
3943/spec-3943-55336-0316.fits
3943/spec-3943-55336-0317.fits
3943/spec-3943-55336-0318.fits
3943/spec-3943-55336-0319.fits
3943/spec-3943-55336-0320.fits
3943/spec-3943-55336-0321.fits
3943/spec-3943-55336-0322.fits
3943/spec-3943-55336-0323.fits
3943/spec-3943-55336-0324.fits
3943/spec-3943-55336-0325.fits
3943/spec-3943-55336-0326.fits
3943/spec-3943-55336-0327.fits
3943/spec-3943-55336-0328.fits
3943/spec-3943-55336-0329.fits
3943/spec-3943-55336-0330.fits
3943/spec-3943-55336-0331.fits
3943/spec-3943-55336-0332.fits
3943/spec-3943-55336-0333.fits
3943/spec-3943-55336-0334.fits
3943/spec-3943-55336-0335.fits
3943/spec-3943-55336-0336.fits
3943/spec-3943-55336-0337.fits
3943/spec-3943-55336-0338.fits
3943/spec-3943-55336-0339.fits
3943/spec-3943-55336-0340.fits
3943/spec-3943-55336-0341.fits
3943/spec-3943-55336-0342.fits
3943/spec-3943-55336-0343.fits
3943/spec-3943-55336-0344.fits
3943/spec-3943-55336-0345.fits
3943/spec-3943-55336-0346.fits
3943/spec-3943-55336-0347.fits
3943/spec-3943-55336-0348.fits
3943/spec-3943-55336-0349.fits
3943/spec-3943-55336-0350.fits
3943/spec-3943-55336-0351.fits
3943/spec-3943-55336-0352.fits
3943/spec-3943-55336-0353.fits
3943/spec-3943-55336-0354.fits
3943/spec-3943-55336-0355.fits
3943/spec-3943-55336-0356.fits
3943/spec-3943-55336-0357.fits
3943/spec-3943-55336-0358.fits
3943/spec-3943-55336-0359.fits
3943/spec-3943-55336-0360.fits
3943/spec-3943-55336-0361.fits
3943/spec-3943-55336-0362.fits
3943/spec-3943-55336-0363.fits
3943/spec-3943-55336-0364.fits
3943/spec-3943-55336-0365.fits
3943/spec-3943-55336-0366.fits
3943/spec-3943-55336-0367.fits
3943/spec-3943-55336-0368.fits
3943/spec-3943-55336-0369.fits
3943/spec-3943-55336-0370.fits
3943/spec-3943-55336-0371.fits
3943/spec-3943-55336-0372.fits
3943/spec-3943-55336-0373.fits
3943/spec-3943-55336-0374.fits
3943/spec-3943-55336-0375.fits
3943/spec-3943-55336-0376.fits
3943/spec-3943-55336-0377.fits
3943/spec-3943-55336-0378.fits
3943/spec-3943-55336-0379.fits
3943/spec-3943-55336-0380.fits
3943/spec-3943-55336-0381.fits
3943/spec-3943-55336-0382.fits
3943/spec-3943-55336-0383.fits
3943/spec-3943-55336-0384.fits
3943/spec-3943-55336-0385.fits
3943/spec-3943-55336-0386.fits
3943/spec-3943-55336-0387.fits
3943/spec-3943-55336-0388.fits
3943/spec-3943-55336-0389.fits
3943/spec-3943-55336-0390.fits
3943/spec-3943-55336-0391.fits
3943/spec-3943-55336-0392.fits
3943/spec-3943-55336-0393.fits
3943/spec-3943-55336-0394.fits
3943/spec-3943-55336-0395.fits
3943/spec-3943-55336-0396.fits
3943/spec-3943-55336-0397.fits
3943/spec-3943-55336-0398.fits
3943/spec-3943-55336-0399.fits
3943/spec-3943-55336-0400.fits
3943/spec-3943-55336-0401.fits
3943/spec-3943-55336-0402.fits
3943/spec-3943-55336-0403.fits
3943/spec-3943-55336-0404.fits
3943/spec-3943-55336-0405.fits
3943/spec-3943-55336-0406.fits
3943/spec-3943-55336-0407.fits
3943/spec-3943-55336-0408.fits
3943/spec-3943-55336-0409.fits
3943/spec-3943-55336-0410.fits
3943/spec-3943-55336-0411.fits
3943/spec-3943-55336-0412.fits
3943/spec-3943-55336-0413.fits
3943/spec-3943-55336-0414.fits
3943/spec-3943-55336-0415.fits
3943/spec-3943-55336-0416.fits
3943/spec-3943-55336-0417.fits
3943/spec-3943-55336-0418.fits
3943/spec-3943-55336-0419.fits
3943/spec-3943-55336-0420.fits
3943/spec-3943-55336-0421.fits
3943/spec-3943-55336-0422.fits
3943/spec-3943-55336-0423.fits
3943/spec-3943-55336-0424.fits
3943/spec-3943-55336-0425.fits
3943/spec-3943-55336-0426.fits
3943/spec-3943-55336-0427.fits
3943/spec-3943-55336-0428.fits
3943/spec-3943-55336-0429.fits
3943/spec-3943-55336-0430.fits
3943/spec-3943-55336-0431.fits
3943/spec-3943-55336-0432.fits
3943/spec-3943-55336-0433.fits
3943/spec-3943-55336-0434.fits
3943/spec-3943-55336-0435.fits
3943/spec-3943-55336-0436.fits
3943/spec-3943-55336-0437.fits
3943/spec-3943-55336-0438.fits
3943/spec-3943-55336-0439.fits
3943/spec-3943-55336-0440.fits
3943/spec-3943-55336-0441.fits
3943/spec-3943-55336-0442.fits
3943/spec-3943-55336-0443.fits
3943/spec-3943-55336-0444.fits
3943/spec-3943-55336-0445.fits
3943/spec-3943-55336-0446.fits
3943/spec-3943-55336-0447.fits
3943/spec-3943-55336-0448.fits
3943/spec-3943-55336-0449.fits
3943/spec-3943-55336-0450.fits
3943/spec-3943-55336-0451.fits
3943/spec-3943-55336-0452.fits
3943/spec-3943-55336-0453.fits
3943/spec-3943-55336-0454.fits
3943/spec-3943-55336-0455.fits
3943/spec-3943-55336-0456.fits
3943/spec-3943-55336-0457.fits
3943/spec-3943-55336-0458.fits
3943/spec-3943-55336-0459.fits
3943/spec-3943-55336-0460.fits
3943/spec-3943-55336-0461.fits
3943/spec-3943-55336-0462.fits
3943/spec-3943-55336-0463.fits
3943/spec-3943-55336-0464.fits
3943/spec-3943-55336-0465.fits
3943/spec-3943-55336-0466.fits
3943/spec-3943-55336-0467.fits
3943/spec-3943-55336-0468.fits
3943/spec-3943-55336-0469.fits
3943/spec-3943-55336-0470.fits
3943/spec-3943-55336-0471.fits
3943/spec-3943-55336-0472.fits
3943/spec-3943-55336-0473.fits
3943/spec-3943-55336-0474.fits
3943/spec-3943-55336-0475.fits
3943/spec-3943-55336-0476.fits
3943/spec-3943-55336-0477.fits
3943/spec-3943-55336-0478.fits
3943/spec-3943-55336-0479.fits
3943/spec-3943-55336-0480.fits
3943/spec-3943-55336-0481.fits
3943/spec-3943-55336-0482.fits
3943/spec-3943-55336-0483.fits
3943/spec-3943-55336-0484.fits
3943/spec-3943-55336-0485.fits
3943/spec-3943-55336-0486.fits
3943/spec-3943-55336-0487.fits
3943/spec-3943-55336-0488.fits
3943/spec-3943-55336-0489.fits
3943/spec-3943-55336-0490.fits
3943/spec-3943-55336-0491.fits
3943/spec-3943-55336-0492.fits
3943/spec-3943-55336-0493.fits
3943/spec-3943-55336-0494.fits
3943/spec-3943-55336-0495.fits
3943/spec-3943-55336-0496.fits
3943/spec-3943-55336-0497.fits
3943/spec-3943-55336-0498.fits
3943/spec-3943-55336-0499.fits
3943/spec-3943-55336-0500.fits
3943/spec-3943-55336-0501.fits
3943/spec-3943-55336-0502.fits
3943/spec-3943-55336-0503.fits
3943/spec-3943-55336-0504.fits
3943/spec-3943-55336-0505.fits
3943/spec-3943-55336-0506.fits
3943/spec-3943-55336-0507.fits
3943/spec-3943-55336-0508.fits
3943/spec-3943-55336-0509.fits
3943/spec-3943-55336-0510.fits
3943/spec-3943-55336-0511.fits
3943/spec-3943-55336-0512.fits
3943/spec-3943-55336-0513.fits
3943/spec-3943-55336-0514.fits
3943/spec-3943-55336-0515.fits
3943/spec-3943-55336-0516.fits
3943/spec-3943-55336-0517.fits
3943/spec-3943-55336-0518.fits
3943/spec-3943-55336-0519.fits
3943/spec-3943-55336-0520.fits
3943/spec-3943-55336-0521.fits
3943/spec-3943-55336-0522.fits
3943/spec-3943-55336-0523.fits
3943/spec-3943-55336-0524.fits
3943/spec-3943-55336-0525.fits
3943/spec-3943-55336-0526.fits
3943/spec-3943-55336-0527.fits
3943/spec-3943-55336-0528.fits
3943/spec-3943-55336-0529.fits
3943/spec-3943-55336-0530.fits
3943/spec-3943-55336-0531.fits
3943/spec-3943-55336-0532.fits
3943/spec-3943-55336-0533.fits
3943/spec-3943-55336-0534.fits
3943/spec-3943-55336-0535.fits
3943/spec-3943-55336-0536.fits
3943/spec-3943-55336-0537.fits
3943/spec-3943-55336-0538.fits
3943/spec-3943-55336-0539.fits
3943/spec-3943-55336-0540.fits
3943/spec-3943-55336-0541.fits
3943/spec-3943-55336-0542.fits
3943/spec-3943-55336-0543.fits
3943/spec-3943-55336-0544.fits
3943/spec-3943-55336-0545.fits
3943/spec-3943-55336-0546.fits
3943/spec-3943-55336-0547.fits
3943/spec-3943-55336-0548.fits
3943/spec-3943-55336-0549.fits
3943/spec-3943-55336-0550.fits
3943/spec-3943-55336-0551.fits
3943/spec-3943-55336-0552.fits
3943/spec-3943-55336-0553.fits
3943/spec-3943-55336-0554.fits
3943/spec-3943-55336-0555.fits
3943/spec-3943-55336-0556.fits
3943/spec-3943-55336-0557.fits
3943/spec-3943-55336-0558.fits
3943/spec-3943-55336-0559.fits
3943/spec-3943-55336-0560.fits
3943/spec-3943-55336-0561.fits
3943/spec-3943-55336-0562.fits
3943/spec-3943-55336-0563.fits
3943/spec-3943-55336-0564.fits
3943/spec-3943-55336-0565.fits
3943/spec-3943-55336-0566.fits
3943/spec-3943-55336-0567.fits
3943/spec-3943-55336-0568.fits
3943/spec-3943-55336-0569.fits
3943/spec-3943-55336-0570.fits
3943/spec-3943-55336-0571.fits
3943/spec-3943-55336-0572.fits
3943/spec-3943-55336-0573.fits
3943/spec-3943-55336-0574.fits
3943/spec-3943-55336-0575.fits
3943/spec-3943-55336-0576.fits
3943/spec-3943-55336-0577.fits
3943/spec-3943-55336-0578.fits
3943/spec-3943-55336-0579.fits
3943/spec-3943-55336-0580.fits
3943/spec-3943-55336-0581.fits
3943/spec-3943-55336-0582.fits
3943/spec-3943-55336-0583.fits
3943/spec-3943-55336-0584.fits
3943/spec-3943-55336-0585.fits
3943/spec-3943-55336-0586.fits
3943/spec-3943-55336-0587.fits
3943/spec-3943-55336-0588.fits
3943/spec-3943-55336-0589.fits
3943/spec-3943-55336-0590.fits
3943/spec-3943-55336-0591.fits
3943/spec-3943-55336-0592.fits
3943/spec-3943-55336-0593.fits
3943/spec-3943-55336-0594.fits
3943/spec-3943-55336-0595.fits
3943/spec-3943-55336-0596.fits
3943/spec-3943-55336-0597.fits
3943/spec-3943-55336-0598.fits
3943/spec-3943-55336-0599.fits
3943/spec-3943-55336-0600.fits
3943/spec-3943-55336-0601.fits
3943/spec-3943-55336-0602.fits
3943/spec-3943-55336-0603.fits
3943/spec-3943-55336-0604.fits
3943/spec-3943-55336-0605.fits
3943/spec-3943-55336-0606.fits
3943/spec-3943-55336-0607.fits
3943/spec-3943-55336-0608.fits
3943/spec-3943-55336-0609.fits
3943/spec-3943-55336-0610.fits
3943/spec-3943-55336-0611.fits
3943/spec-3943-55336-0612.fits
3943/spec-3943-55336-0613.fits
3943/spec-3943-55336-0614.fits
3943/spec-3943-55336-0615.fits
3943/spec-3943-55336-0616.fits
3943/spec-3943-55336-0617.fits
3943/spec-3943-55336-0618.fits
3943/spec-3943-55336-0619.fits
3943/spec-3943-55336-0620.fits
3943/spec-3943-55336-0621.fits
3943/spec-3943-55336-0622.fits
3943/spec-3943-55336-0623.fits
3943/spec-3943-55336-0624.fits
3943/spec-3943-55336-0625.fits
3943/spec-3943-55336-0626.fits
3943/spec-3943-55336-0627.fits
3943/spec-3943-55336-0628.fits
3943/spec-3943-55336-0629.fits
3943/spec-3943-55336-0630.fits
3943/spec-3943-55336-0631.fits
3943/spec-3943-55336-0632.fits
3943/spec-3943-55336-0633.fits
3943/spec-3943-55336-0634.fits
3943/spec-3943-55336-0635.fits
3943/spec-3943-55336-0636.fits
3943/spec-3943-55336-0637.fits
3943/spec-3943-55336-0638.fits
3943/spec-3943-55336-0639.fits
3943/spec-3943-55336-0640.fits
3943/spec-3943-55336-0641.fits
3943/spec-3943-55336-0642.fits
3943/spec-3943-55336-0643.fits
3943/spec-3943-55336-0644.fits
3943/spec-3943-55336-0645.fits
3943/spec-3943-55336-0646.fits
3943/spec-3943-55336-0647.fits
3943/spec-3943-55336-0648.fits
3943/spec-3943-55336-0649.fits
3943/spec-3943-55336-0650.fits
3943/spec-3943-55336-0651.fits
3943/spec-3943-55336-0652.fits
3943/spec-3943-55336-0653.fits
3943/spec-3943-55336-0654.fits
3943/spec-3943-55336-0655.fits
3943/spec-3943-55336-0656.fits
3943/spec-3943-55336-0657.fits
3943/spec-3943-55336-0658.fits
3943/spec-3943-55336-0659.fits
3943/spec-3943-55336-0660.fits
3943/spec-3943-55336-0661.fits
3943/spec-3943-55336-0662.fits
3943/spec-3943-55336-0663.fits
3943/spec-3943-55336-0664.fits
3943/spec-3943-55336-0665.fits
3943/spec-3943-55336-0666.fits
3943/spec-3943-55336-0667.fits
3943/spec-3943-55336-0668.fits
3943/spec-3943-55336-0669.fits
3943/spec-3943-55336-0670.fits
3943/spec-3943-55336-0671.fits
3943/spec-3943-55336-0672.fits
3943/spec-3943-55336-0673.fits
3943/spec-3943-55336-0674.fits
3943/spec-3943-55336-0675.fits
3943/spec-3943-55336-0676.fits
3943/spec-3943-55336-0677.fits
3943/spec-3943-55336-0678.fits
3943/spec-3943-55336-0679.fits
3943/spec-3943-55336-0680.fits
3943/spec-3943-55336-0681.fits
3943/spec-3943-55336-0682.fits
3943/spec-3943-55336-0683.fits
3943/spec-3943-55336-0684.fits
3943/spec-3943-55336-0685.fits
3943/spec-3943-55336-0686.fits
3943/spec-3943-55336-0687.fits
3943/spec-3943-55336-0688.fits
3943/spec-3943-55336-0689.fits
3943/spec-3943-55336-0690.fits
3943/spec-3943-55336-0691.fits
3943/spec-3943-55336-0692.fits
3943/spec-3943-55336-0693.fits
3943/spec-3943-55336-0694.fits
3943/spec-3943-55336-0695.fits
3943/spec-3943-55336-0696.fits
3943/spec-3943-55336-0697.fits
3943/spec-3943-55336-0698.fits
3943/spec-3943-55336-0699.fits
3943/spec-3943-55336-0700.fits
3943/spec-3943-55336-0701.fits
3943/spec-3943-55336-0702.fits
3943/spec-3943-55336-0703.fits
3943/spec-3943-55336-0704.fits
3943/spec-3943-55336-0705.fits
3943/spec-3943-55336-0706.fits
3943/spec-3943-55336-0707.fits
3943/spec-3943-55336-0708.fits
3943/spec-3943-55336-0709.fits
3943/spec-3943-55336-0710.fits
3943/spec-3943-55336-0711.fits
3943/spec-3943-55336-0712.fits
3943/spec-3943-55336-0713.fits
3943/spec-3943-55336-0714.fits
3943/spec-3943-55336-0715.fits
3943/spec-3943-55336-0716.fits
3943/spec-3943-55336-0717.fits
3943/spec-3943-55336-0718.fits
3943/spec-3943-55336-0719.fits
3943/spec-3943-55336-0720.fits
3943/spec-3943-55336-0721.fits
3943/spec-3943-55336-0722.fits
3943/spec-3943-55336-0723.fits
3943/spec-3943-55336-0724.fits
3943/spec-3943-55336-0725.fits
3943/spec-3943-55336-0726.fits
3943/spec-3943-55336-0727.fits
3943/spec-3943-55336-0728.fits
3943/spec-3943-55336-0729.fits
3943/spec-3943-55336-0730.fits
3943/spec-3943-55336-0731.fits
3943/spec-3943-55336-0732.fits
3943/spec-3943-55336-0733.fits
3943/spec-3943-55336-0734.fits
3943/spec-3943-55336-0735.fits
3943/spec-3943-55336-0736.fits
3943/spec-3943-55336-0737.fits
3943/spec-3943-55336-0738.fits
3943/spec-3943-55336-0739.fits
3943/spec-3943-55336-0740.fits
3943/spec-3943-55336-0741.fits
3943/spec-3943-55336-0742.fits
3943/spec-3943-55336-0743.fits
3943/spec-3943-55336-0744.fits
3943/spec-3943-55336-0745.fits
3943/spec-3943-55336-0746.fits
3943/spec-3943-55336-0747.fits
3943/spec-3943-55336-0748.fits
3943/spec-3943-55336-0749.fits
3943/spec-3943-55336-0750.fits
3943/spec-3943-55336-0751.fits
3943/spec-3943-55336-0752.fits
3943/spec-3943-55336-0753.fits
3943/spec-3943-55336-0754.fits
3943/spec-3943-55336-0755.fits
3943/spec-3943-55336-0756.fits
3943/spec-3943-55336-0757.fits
3943/spec-3943-55336-0758.fits
3943/spec-3943-55336-0759.fits
3943/spec-3943-55336-0760.fits
3943/spec-3943-55336-0761.fits
3943/spec-3943-55336-0762.fits
3943/spec-3943-55336-0763.fits
3943/spec-3943-55336-0764.fits
3943/spec-3943-55336-0765.fits
3943/spec-3943-55336-0766.fits
3943/spec-3943-55336-0767.fits
3943/spec-3943-55336-0768.fits
3943/spec-3943-55336-0769.fits
3943/spec-3943-55336-0770.fits
3943/spec-3943-55336-0771.fits
3943/spec-3943-55336-0772.fits
3943/spec-3943-55336-0773.fits
3943/spec-3943-55336-0774.fits
3943/spec-3943-55336-0775.fits
3943/spec-3943-55336-0776.fits
3943/spec-3943-55336-0777.fits
3943/spec-3943-55336-0778.fits
3943/spec-3943-55336-0779.fits
3943/spec-3943-55336-0780.fits
3943/spec-3943-55336-0781.fits
3943/spec-3943-55336-0782.fits
3943/spec-3943-55336-0783.fits
3943/spec-3943-55336-0784.fits
3943/spec-3943-55336-0785.fits
3943/spec-3943-55336-0786.fits
3943/spec-3943-55336-0787.fits
3943/spec-3943-55336-0788.fits
3943/spec-3943-55336-0789.fits
3943/spec-3943-55336-0790.fits
3943/spec-3943-55336-0791.fits
3943/spec-3943-55336-0792.fits
3943/spec-3943-55336-0793.fits
3943/spec-3943-55336-0794.fits
3943/spec-3943-55336-0795.fits
3943/spec-3943-55336-0796.fits
3943/spec-3943-55336-0797.fits
3943/spec-3943-55336-0798.fits
3943/spec-3943-55336-0799.fits
3943/spec-3943-55336-0800.fits
3943/spec-3943-55336-0801.fits
3943/spec-3943-55336-0802.fits
3943/spec-3943-55336-0803.fits
3943/spec-3943-55336-0804.fits
3943/spec-3943-55336-0805.fits
3943/spec-3943-55336-0806.fits
3943/spec-3943-55336-0807.fits
3943/spec-3943-55336-0808.fits
3943/spec-3943-55336-0809.fits
3943/spec-3943-55336-0810.fits
3943/spec-3943-55336-0811.fits
3943/spec-3943-55336-0812.fits
3943/spec-3943-55336-0813.fits
3943/spec-3943-55336-0814.fits
3943/spec-3943-55336-0815.fits
3943/spec-3943-55336-0816.fits
3943/spec-3943-55336-0817.fits
3943/spec-3943-55336-0818.fits
3943/spec-3943-55336-0819.fits
3943/spec-3943-55336-0820.fits
3943/spec-3943-55336-0821.fits
3943/spec-3943-55336-0822.fits
3943/spec-3943-55336-0823.fits
3943/spec-3943-55336-0824.fits
3943/spec-3943-55336-0825.fits
3943/spec-3943-55336-0826.fits
3943/spec-3943-55336-0827.fits
3943/spec-3943-55336-0828.fits
3943/spec-3943-55336-0829.fits
3943/spec-3943-55336-0830.fits
3943/spec-3943-55336-0831.fits
3943/spec-3943-55336-0832.fits
3943/spec-3943-55336-0833.fits
3943/spec-3943-55336-0834.fits
3943/spec-3943-55336-0835.fits
3943/spec-3943-55336-0836.fits
3943/spec-3943-55336-0837.fits
3943/spec-3943-55336-0838.fits
3943/spec-3943-55336-0839.fits
3943/spec-3943-55336-0840.fits
3943/spec-3943-55336-0841.fits
3943/spec-3943-55336-0842.fits
3943/spec-3943-55336-0843.fits
3943/spec-3943-55336-0844.fits
3943/spec-3943-55336-0845.fits
3943/spec-3943-55336-0846.fits
3943/spec-3943-55336-0847.fits
3943/spec-3943-55336-0848.fits
3943/spec-3943-55336-0849.fits
3943/spec-3943-55336-0850.fits
3943/spec-3943-55336-0851.fits
3943/spec-3943-55336-0852.fits
3943/spec-3943-55336-0853.fits
3943/spec-3943-55336-0854.fits
3943/spec-3943-55336-0855.fits
3943/spec-3943-55336-0856.fits
3943/spec-3943-55336-0857.fits
3943/spec-3943-55336-0858.fits
3943/spec-3943-55336-0859.fits
3943/spec-3943-55336-0860.fits
3943/spec-3943-55336-0861.fits
3943/spec-3943-55336-0862.fits
3943/spec-3943-55336-0863.fits
3943/spec-3943-55336-0864.fits
3943/spec-3943-55336-0865.fits
3943/spec-3943-55336-0866.fits
3943/spec-3943-55336-0867.fits
3943/spec-3943-55336-0868.fits
3943/spec-3943-55336-0869.fits
3943/spec-3943-55336-0870.fits
3943/spec-3943-55336-0871.fits
3943/spec-3943-55336-0872.fits
3943/spec-3943-55336-0873.fits
3943/spec-3943-55336-0874.fits
3943/spec-3943-55336-0875.fits
3943/spec-3943-55336-0876.fits
3943/spec-3943-55336-0877.fits
3943/spec-3943-55336-0878.fits
3943/spec-3943-55336-0879.fits
3943/spec-3943-55336-0880.fits
3943/spec-3943-55336-0881.fits
3943/spec-3943-55336-0882.fits
3943/spec-3943-55336-0883.fits
3943/spec-3943-55336-0884.fits
3943/spec-3943-55336-0885.fits
3943/spec-3943-55336-0886.fits
3943/spec-3943-55336-0887.fits
3943/spec-3943-55336-0888.fits
3943/spec-3943-55336-0889.fits
3943/spec-3943-55336-0890.fits
3943/spec-3943-55336-0891.fits
3943/spec-3943-55336-0892.fits
3943/spec-3943-55336-0893.fits
3943/spec-3943-55336-0894.fits
3943/spec-3943-55336-0895.fits
3943/spec-3943-55336-0896.fits
3943/spec-3943-55336-0897.fits
3943/spec-3943-55336-0898.fits
3943/spec-3943-55336-0899.fits
3943/spec-3943-55336-0900.fits
3943/spec-3943-55336-0901.fits
3943/spec-3943-55336-0902.fits
3943/spec-3943-55336-0903.fits
3943/spec-3943-55336-0904.fits
3943/spec-3943-55336-0905.fits
3943/spec-3943-55336-0906.fits
3943/spec-3943-55336-0907.fits
3943/spec-3943-55336-0908.fits
3943/spec-3943-55336-0909.fits
3943/spec-3943-55336-0910.fits
3943/spec-3943-55336-0911.fits
3943/spec-3943-55336-0912.fits
3943/spec-3943-55336-0913.fits
3943/spec-3943-55336-0914.fits
3943/spec-3943-55336-0915.fits
3943/spec-3943-55336-0916.fits
3943/spec-3943-55336-0917.fits
3943/spec-3943-55336-0918.fits
3943/spec-3943-55336-0919.fits
3943/spec-3943-55336-0920.fits
3943/spec-3943-55336-0921.fits
3943/spec-3943-55336-0922.fits
3943/spec-3943-55336-0923.fits
3943/spec-3943-55336-0924.fits
3943/spec-3943-55336-0925.fits
3943/spec-3943-55336-0926.fits
3943/spec-3943-55336-0927.fits
3943/spec-3943-55336-0928.fits
3943/spec-3943-55336-0929.fits
3943/spec-3943-55336-0930.fits
3943/spec-3943-55336-0931.fits
3943/spec-3943-55336-0932.fits
3943/spec-3943-55336-0933.fits
3943/spec-3943-55336-0934.fits
3943/spec-3943-55336-0935.fits
3943/spec-3943-55336-0936.fits
3943/spec-3943-55336-0937.fits
3943/spec-3943-55336-0938.fits
3943/spec-3943-55336-0939.fits
3943/spec-3943-55336-0940.fits
3943/spec-3943-55336-0941.fits
3943/spec-3943-55336-0942.fits
3943/spec-3943-55336-0943.fits
3943/spec-3943-55336-0944.fits
3943/spec-3943-55336-0945.fits
3943/spec-3943-55336-0946.fits
3943/spec-3943-55336-0947.fits
3943/spec-3943-55336-0948.fits
3943/spec-3943-55336-0949.fits
3943/spec-3943-55336-0950.fits
3943/spec-3943-55336-0951.fits
3943/spec-3943-55336-0952.fits
3943/spec-3943-55336-0953.fits
3943/spec-3943-55336-0954.fits
3943/spec-3943-55336-0955.fits
3943/spec-3943-55336-0956.fits
3943/spec-3943-55336-0957.fits
3943/spec-3943-55336-0958.fits
3943/spec-3943-55336-0959.fits
3943/spec-3943-55336-0960.fits
3943/spec-3943-55336-0961.fits
3943/spec-3943-55336-0962.fits
3943/spec-3943-55336-0963.fits
3943/spec-3943-55336-0964.fits
3943/spec-3943-55336-0965.fits
3943/spec-3943-55336-0966.fits
3943/spec-3943-55336-0967.fits
3943/spec-3943-55336-0968.fits
3943/spec-3943-55336-0969.fits
3943/spec-3943-55336-0970.fits
3943/spec-3943-55336-0971.fits
3943/spec-3943-55336-0972.fits
3943/spec-3943-55336-0973.fits
3943/spec-3943-55336-0974.fits
3943/spec-3943-55336-0975.fits
3943/spec-3943-55336-0976.fits
3943/spec-3943-55336-0977.fits
3943/spec-3943-55336-0978.fits
3943/spec-3943-55336-0979.fits
3943/spec-3943-55336-0980.fits
3943/spec-3943-55336-0981.fits
3943/spec-3943-55336-0982.fits
3943/spec-3943-55336-0983.fits
3943/spec-3943-55336-0984.fits
3943/spec-3943-55336-0985.fits
3943/spec-3943-55336-0986.fits
3943/spec-3943-55336-0987.fits
3943/spec-3943-55336-0988.fits
3943/spec-3943-55336-0989.fits
3943/spec-3943-55336-0990.fits
3943/spec-3943-55336-0991.fits
3943/spec-3943-55336-0992.fits
3943/spec-3943-55336-0993.fits
3943/spec-3943-55336-0994.fits
3943/spec-3943-55336-0995.fits
3943/spec-3943-55336-0996.fits
3943/spec-3943-55336-0997.fits
3943/spec-3943-55336-0998.fits
3943/spec-3943-55336-0999.fits
3943/spec-3943-55336-1000.fits
/var/lib/condor/execute/slot1/dir_28521
3943 3943.tgz R R361.tar.gz _condor_stderr _condor_stdout cB58_Lyman_break.fit condor_exec.exe hw4.R packages packages.tar.gz tmp var
[1] "Loaded package astro."
[1] 1000
3943 3943.csv 3943.tgz R R361.tar.gz _condor_stderr _condor_stdout cB58_Lyman_break.fit condor_exec.exe hw4.R packages packages.tar.gz tmp var
