6620
6620/
6620/spec-6620-56368-0001.fits
6620/spec-6620-56368-0002.fits
6620/spec-6620-56368-0003.fits
6620/spec-6620-56368-0004.fits
6620/spec-6620-56368-0005.fits
6620/spec-6620-56368-0006.fits
6620/spec-6620-56368-0007.fits
6620/spec-6620-56368-0008.fits
6620/spec-6620-56368-0009.fits
6620/spec-6620-56368-0010.fits
6620/spec-6620-56368-0011.fits
6620/spec-6620-56368-0012.fits
6620/spec-6620-56368-0013.fits
6620/spec-6620-56368-0014.fits
6620/spec-6620-56368-0015.fits
6620/spec-6620-56368-0016.fits
6620/spec-6620-56368-0017.fits
6620/spec-6620-56368-0018.fits
6620/spec-6620-56368-0019.fits
6620/spec-6620-56368-0020.fits
6620/spec-6620-56368-0021.fits
6620/spec-6620-56368-0022.fits
6620/spec-6620-56368-0023.fits
6620/spec-6620-56368-0024.fits
6620/spec-6620-56368-0025.fits
6620/spec-6620-56368-0026.fits
6620/spec-6620-56368-0027.fits
6620/spec-6620-56368-0028.fits
6620/spec-6620-56368-0029.fits
6620/spec-6620-56368-0030.fits
6620/spec-6620-56368-0031.fits
6620/spec-6620-56368-0032.fits
6620/spec-6620-56368-0033.fits
6620/spec-6620-56368-0034.fits
6620/spec-6620-56368-0035.fits
6620/spec-6620-56368-0036.fits
6620/spec-6620-56368-0037.fits
6620/spec-6620-56368-0038.fits
6620/spec-6620-56368-0039.fits
6620/spec-6620-56368-0040.fits
6620/spec-6620-56368-0041.fits
6620/spec-6620-56368-0042.fits
6620/spec-6620-56368-0043.fits
6620/spec-6620-56368-0044.fits
6620/spec-6620-56368-0045.fits
6620/spec-6620-56368-0046.fits
6620/spec-6620-56368-0047.fits
6620/spec-6620-56368-0048.fits
6620/spec-6620-56368-0049.fits
6620/spec-6620-56368-0050.fits
6620/spec-6620-56368-0051.fits
6620/spec-6620-56368-0052.fits
6620/spec-6620-56368-0053.fits
6620/spec-6620-56368-0054.fits
6620/spec-6620-56368-0055.fits
6620/spec-6620-56368-0056.fits
6620/spec-6620-56368-0057.fits
6620/spec-6620-56368-0058.fits
6620/spec-6620-56368-0059.fits
6620/spec-6620-56368-0060.fits
6620/spec-6620-56368-0061.fits
6620/spec-6620-56368-0062.fits
6620/spec-6620-56368-0063.fits
6620/spec-6620-56368-0064.fits
6620/spec-6620-56368-0065.fits
6620/spec-6620-56368-0066.fits
6620/spec-6620-56368-0067.fits
6620/spec-6620-56368-0068.fits
6620/spec-6620-56368-0069.fits
6620/spec-6620-56368-0070.fits
6620/spec-6620-56368-0071.fits
6620/spec-6620-56368-0072.fits
6620/spec-6620-56368-0073.fits
6620/spec-6620-56368-0074.fits
6620/spec-6620-56368-0075.fits
6620/spec-6620-56368-0076.fits
6620/spec-6620-56368-0077.fits
6620/spec-6620-56368-0078.fits
6620/spec-6620-56368-0079.fits
6620/spec-6620-56368-0080.fits
6620/spec-6620-56368-0081.fits
6620/spec-6620-56368-0082.fits
6620/spec-6620-56368-0083.fits
6620/spec-6620-56368-0084.fits
6620/spec-6620-56368-0085.fits
6620/spec-6620-56368-0086.fits
6620/spec-6620-56368-0087.fits
6620/spec-6620-56368-0088.fits
6620/spec-6620-56368-0089.fits
6620/spec-6620-56368-0090.fits
6620/spec-6620-56368-0091.fits
6620/spec-6620-56368-0092.fits
6620/spec-6620-56368-0093.fits
6620/spec-6620-56368-0094.fits
6620/spec-6620-56368-0095.fits
6620/spec-6620-56368-0096.fits
6620/spec-6620-56368-0097.fits
6620/spec-6620-56368-0098.fits
6620/spec-6620-56368-0099.fits
6620/spec-6620-56368-0100.fits
6620/spec-6620-56368-0101.fits
6620/spec-6620-56368-0102.fits
6620/spec-6620-56368-0103.fits
6620/spec-6620-56368-0104.fits
6620/spec-6620-56368-0105.fits
6620/spec-6620-56368-0106.fits
6620/spec-6620-56368-0107.fits
6620/spec-6620-56368-0108.fits
6620/spec-6620-56368-0109.fits
6620/spec-6620-56368-0110.fits
6620/spec-6620-56368-0111.fits
6620/spec-6620-56368-0112.fits
6620/spec-6620-56368-0113.fits
6620/spec-6620-56368-0114.fits
6620/spec-6620-56368-0115.fits
6620/spec-6620-56368-0116.fits
6620/spec-6620-56368-0117.fits
6620/spec-6620-56368-0118.fits
6620/spec-6620-56368-0119.fits
6620/spec-6620-56368-0120.fits
6620/spec-6620-56368-0121.fits
6620/spec-6620-56368-0122.fits
6620/spec-6620-56368-0123.fits
6620/spec-6620-56368-0124.fits
6620/spec-6620-56368-0125.fits
6620/spec-6620-56368-0126.fits
6620/spec-6620-56368-0127.fits
6620/spec-6620-56368-0128.fits
6620/spec-6620-56368-0129.fits
6620/spec-6620-56368-0130.fits
6620/spec-6620-56368-0131.fits
6620/spec-6620-56368-0132.fits
6620/spec-6620-56368-0133.fits
6620/spec-6620-56368-0134.fits
6620/spec-6620-56368-0135.fits
6620/spec-6620-56368-0136.fits
6620/spec-6620-56368-0137.fits
6620/spec-6620-56368-0138.fits
6620/spec-6620-56368-0139.fits
6620/spec-6620-56368-0140.fits
6620/spec-6620-56368-0141.fits
6620/spec-6620-56368-0142.fits
6620/spec-6620-56368-0143.fits
6620/spec-6620-56368-0144.fits
6620/spec-6620-56368-0145.fits
6620/spec-6620-56368-0146.fits
6620/spec-6620-56368-0147.fits
6620/spec-6620-56368-0148.fits
6620/spec-6620-56368-0149.fits
6620/spec-6620-56368-0150.fits
6620/spec-6620-56368-0151.fits
6620/spec-6620-56368-0152.fits
6620/spec-6620-56368-0153.fits
6620/spec-6620-56368-0154.fits
6620/spec-6620-56368-0155.fits
6620/spec-6620-56368-0156.fits
6620/spec-6620-56368-0157.fits
6620/spec-6620-56368-0158.fits
6620/spec-6620-56368-0159.fits
6620/spec-6620-56368-0160.fits
6620/spec-6620-56368-0161.fits
6620/spec-6620-56368-0162.fits
6620/spec-6620-56368-0163.fits
6620/spec-6620-56368-0164.fits
6620/spec-6620-56368-0165.fits
6620/spec-6620-56368-0166.fits
6620/spec-6620-56368-0167.fits
6620/spec-6620-56368-0168.fits
6620/spec-6620-56368-0169.fits
6620/spec-6620-56368-0170.fits
6620/spec-6620-56368-0171.fits
6620/spec-6620-56368-0172.fits
6620/spec-6620-56368-0173.fits
6620/spec-6620-56368-0174.fits
6620/spec-6620-56368-0175.fits
6620/spec-6620-56368-0176.fits
6620/spec-6620-56368-0177.fits
6620/spec-6620-56368-0178.fits
6620/spec-6620-56368-0179.fits
6620/spec-6620-56368-0180.fits
6620/spec-6620-56368-0181.fits
6620/spec-6620-56368-0182.fits
6620/spec-6620-56368-0183.fits
6620/spec-6620-56368-0184.fits
6620/spec-6620-56368-0185.fits
6620/spec-6620-56368-0186.fits
6620/spec-6620-56368-0187.fits
6620/spec-6620-56368-0188.fits
6620/spec-6620-56368-0189.fits
6620/spec-6620-56368-0190.fits
6620/spec-6620-56368-0191.fits
6620/spec-6620-56368-0192.fits
6620/spec-6620-56368-0193.fits
6620/spec-6620-56368-0194.fits
6620/spec-6620-56368-0195.fits
6620/spec-6620-56368-0196.fits
6620/spec-6620-56368-0197.fits
6620/spec-6620-56368-0198.fits
6620/spec-6620-56368-0199.fits
6620/spec-6620-56368-0200.fits
6620/spec-6620-56368-0201.fits
6620/spec-6620-56368-0202.fits
6620/spec-6620-56368-0203.fits
6620/spec-6620-56368-0204.fits
6620/spec-6620-56368-0205.fits
6620/spec-6620-56368-0206.fits
6620/spec-6620-56368-0207.fits
6620/spec-6620-56368-0208.fits
6620/spec-6620-56368-0209.fits
6620/spec-6620-56368-0210.fits
6620/spec-6620-56368-0211.fits
6620/spec-6620-56368-0212.fits
6620/spec-6620-56368-0213.fits
6620/spec-6620-56368-0214.fits
6620/spec-6620-56368-0215.fits
6620/spec-6620-56368-0216.fits
6620/spec-6620-56368-0217.fits
6620/spec-6620-56368-0218.fits
6620/spec-6620-56368-0219.fits
6620/spec-6620-56368-0220.fits
6620/spec-6620-56368-0221.fits
6620/spec-6620-56368-0222.fits
6620/spec-6620-56368-0223.fits
6620/spec-6620-56368-0224.fits
6620/spec-6620-56368-0225.fits
6620/spec-6620-56368-0226.fits
6620/spec-6620-56368-0227.fits
6620/spec-6620-56368-0228.fits
6620/spec-6620-56368-0229.fits
6620/spec-6620-56368-0230.fits
6620/spec-6620-56368-0231.fits
6620/spec-6620-56368-0232.fits
6620/spec-6620-56368-0233.fits
6620/spec-6620-56368-0234.fits
6620/spec-6620-56368-0235.fits
6620/spec-6620-56368-0236.fits
6620/spec-6620-56368-0237.fits
6620/spec-6620-56368-0238.fits
6620/spec-6620-56368-0239.fits
6620/spec-6620-56368-0240.fits
6620/spec-6620-56368-0241.fits
6620/spec-6620-56368-0242.fits
6620/spec-6620-56368-0243.fits
6620/spec-6620-56368-0244.fits
6620/spec-6620-56368-0245.fits
6620/spec-6620-56368-0246.fits
6620/spec-6620-56368-0247.fits
6620/spec-6620-56368-0248.fits
6620/spec-6620-56368-0249.fits
6620/spec-6620-56368-0250.fits
6620/spec-6620-56368-0251.fits
6620/spec-6620-56368-0252.fits
6620/spec-6620-56368-0253.fits
6620/spec-6620-56368-0254.fits
6620/spec-6620-56368-0255.fits
6620/spec-6620-56368-0256.fits
6620/spec-6620-56368-0257.fits
6620/spec-6620-56368-0258.fits
6620/spec-6620-56368-0259.fits
6620/spec-6620-56368-0260.fits
6620/spec-6620-56368-0261.fits
6620/spec-6620-56368-0262.fits
6620/spec-6620-56368-0263.fits
6620/spec-6620-56368-0264.fits
6620/spec-6620-56368-0265.fits
6620/spec-6620-56368-0266.fits
6620/spec-6620-56368-0267.fits
6620/spec-6620-56368-0268.fits
6620/spec-6620-56368-0269.fits
6620/spec-6620-56368-0270.fits
6620/spec-6620-56368-0271.fits
6620/spec-6620-56368-0272.fits
6620/spec-6620-56368-0273.fits
6620/spec-6620-56368-0274.fits
6620/spec-6620-56368-0275.fits
6620/spec-6620-56368-0276.fits
6620/spec-6620-56368-0277.fits
6620/spec-6620-56368-0278.fits
6620/spec-6620-56368-0279.fits
6620/spec-6620-56368-0280.fits
6620/spec-6620-56368-0281.fits
6620/spec-6620-56368-0282.fits
6620/spec-6620-56368-0283.fits
6620/spec-6620-56368-0284.fits
6620/spec-6620-56368-0285.fits
6620/spec-6620-56368-0286.fits
6620/spec-6620-56368-0287.fits
6620/spec-6620-56368-0288.fits
6620/spec-6620-56368-0289.fits
6620/spec-6620-56368-0290.fits
6620/spec-6620-56368-0291.fits
6620/spec-6620-56368-0292.fits
6620/spec-6620-56368-0293.fits
6620/spec-6620-56368-0294.fits
6620/spec-6620-56368-0295.fits
6620/spec-6620-56368-0296.fits
6620/spec-6620-56368-0297.fits
6620/spec-6620-56368-0298.fits
6620/spec-6620-56368-0299.fits
6620/spec-6620-56368-0300.fits
6620/spec-6620-56368-0301.fits
6620/spec-6620-56368-0302.fits
6620/spec-6620-56368-0303.fits
6620/spec-6620-56368-0304.fits
6620/spec-6620-56368-0305.fits
6620/spec-6620-56368-0306.fits
6620/spec-6620-56368-0307.fits
6620/spec-6620-56368-0308.fits
6620/spec-6620-56368-0309.fits
6620/spec-6620-56368-0310.fits
6620/spec-6620-56368-0311.fits
6620/spec-6620-56368-0312.fits
6620/spec-6620-56368-0313.fits
6620/spec-6620-56368-0314.fits
6620/spec-6620-56368-0315.fits
6620/spec-6620-56368-0316.fits
6620/spec-6620-56368-0317.fits
6620/spec-6620-56368-0318.fits
6620/spec-6620-56368-0319.fits
6620/spec-6620-56368-0320.fits
6620/spec-6620-56368-0321.fits
6620/spec-6620-56368-0322.fits
6620/spec-6620-56368-0323.fits
6620/spec-6620-56368-0324.fits
6620/spec-6620-56368-0325.fits
6620/spec-6620-56368-0326.fits
6620/spec-6620-56368-0327.fits
6620/spec-6620-56368-0328.fits
6620/spec-6620-56368-0329.fits
6620/spec-6620-56368-0330.fits
6620/spec-6620-56368-0331.fits
6620/spec-6620-56368-0332.fits
6620/spec-6620-56368-0333.fits
6620/spec-6620-56368-0334.fits
6620/spec-6620-56368-0335.fits
6620/spec-6620-56368-0336.fits
6620/spec-6620-56368-0337.fits
6620/spec-6620-56368-0338.fits
6620/spec-6620-56368-0339.fits
6620/spec-6620-56368-0340.fits
6620/spec-6620-56368-0341.fits
6620/spec-6620-56368-0342.fits
6620/spec-6620-56368-0343.fits
6620/spec-6620-56368-0344.fits
6620/spec-6620-56368-0345.fits
6620/spec-6620-56368-0346.fits
6620/spec-6620-56368-0347.fits
6620/spec-6620-56368-0348.fits
6620/spec-6620-56368-0349.fits
6620/spec-6620-56368-0350.fits
6620/spec-6620-56368-0351.fits
6620/spec-6620-56368-0352.fits
6620/spec-6620-56368-0353.fits
6620/spec-6620-56368-0354.fits
6620/spec-6620-56368-0355.fits
6620/spec-6620-56368-0356.fits
6620/spec-6620-56368-0357.fits
6620/spec-6620-56368-0358.fits
6620/spec-6620-56368-0359.fits
6620/spec-6620-56368-0360.fits
6620/spec-6620-56368-0361.fits
6620/spec-6620-56368-0362.fits
6620/spec-6620-56368-0363.fits
6620/spec-6620-56368-0364.fits
6620/spec-6620-56368-0365.fits
6620/spec-6620-56368-0366.fits
6620/spec-6620-56368-0367.fits
6620/spec-6620-56368-0368.fits
6620/spec-6620-56368-0369.fits
6620/spec-6620-56368-0370.fits
6620/spec-6620-56368-0371.fits
6620/spec-6620-56368-0372.fits
6620/spec-6620-56368-0373.fits
6620/spec-6620-56368-0374.fits
6620/spec-6620-56368-0375.fits
6620/spec-6620-56368-0376.fits
6620/spec-6620-56368-0377.fits
6620/spec-6620-56368-0378.fits
6620/spec-6620-56368-0379.fits
6620/spec-6620-56368-0380.fits
6620/spec-6620-56368-0381.fits
6620/spec-6620-56368-0382.fits
6620/spec-6620-56368-0383.fits
6620/spec-6620-56368-0384.fits
6620/spec-6620-56368-0385.fits
6620/spec-6620-56368-0386.fits
6620/spec-6620-56368-0387.fits
6620/spec-6620-56368-0388.fits
6620/spec-6620-56368-0389.fits
6620/spec-6620-56368-0390.fits
6620/spec-6620-56368-0391.fits
6620/spec-6620-56368-0392.fits
6620/spec-6620-56368-0393.fits
6620/spec-6620-56368-0394.fits
6620/spec-6620-56368-0395.fits
6620/spec-6620-56368-0396.fits
6620/spec-6620-56368-0397.fits
6620/spec-6620-56368-0398.fits
6620/spec-6620-56368-0399.fits
6620/spec-6620-56368-0400.fits
6620/spec-6620-56368-0401.fits
6620/spec-6620-56368-0402.fits
6620/spec-6620-56368-0403.fits
6620/spec-6620-56368-0404.fits
6620/spec-6620-56368-0405.fits
6620/spec-6620-56368-0406.fits
6620/spec-6620-56368-0407.fits
6620/spec-6620-56368-0408.fits
6620/spec-6620-56368-0409.fits
6620/spec-6620-56368-0410.fits
6620/spec-6620-56368-0411.fits
6620/spec-6620-56368-0412.fits
6620/spec-6620-56368-0413.fits
6620/spec-6620-56368-0414.fits
6620/spec-6620-56368-0415.fits
6620/spec-6620-56368-0416.fits
6620/spec-6620-56368-0417.fits
6620/spec-6620-56368-0418.fits
6620/spec-6620-56368-0419.fits
6620/spec-6620-56368-0420.fits
6620/spec-6620-56368-0421.fits
6620/spec-6620-56368-0422.fits
6620/spec-6620-56368-0423.fits
6620/spec-6620-56368-0424.fits
6620/spec-6620-56368-0425.fits
6620/spec-6620-56368-0426.fits
6620/spec-6620-56368-0427.fits
6620/spec-6620-56368-0428.fits
6620/spec-6620-56368-0429.fits
6620/spec-6620-56368-0430.fits
6620/spec-6620-56368-0431.fits
6620/spec-6620-56368-0432.fits
6620/spec-6620-56368-0433.fits
6620/spec-6620-56368-0434.fits
6620/spec-6620-56368-0435.fits
6620/spec-6620-56368-0436.fits
6620/spec-6620-56368-0437.fits
6620/spec-6620-56368-0438.fits
6620/spec-6620-56368-0439.fits
6620/spec-6620-56368-0440.fits
6620/spec-6620-56368-0441.fits
6620/spec-6620-56368-0442.fits
6620/spec-6620-56368-0443.fits
6620/spec-6620-56368-0444.fits
6620/spec-6620-56368-0445.fits
6620/spec-6620-56368-0446.fits
6620/spec-6620-56368-0447.fits
6620/spec-6620-56368-0448.fits
6620/spec-6620-56368-0449.fits
6620/spec-6620-56368-0450.fits
6620/spec-6620-56368-0451.fits
6620/spec-6620-56368-0452.fits
6620/spec-6620-56368-0453.fits
6620/spec-6620-56368-0454.fits
6620/spec-6620-56368-0455.fits
6620/spec-6620-56368-0456.fits
6620/spec-6620-56368-0457.fits
6620/spec-6620-56368-0458.fits
6620/spec-6620-56368-0459.fits
6620/spec-6620-56368-0460.fits
6620/spec-6620-56368-0461.fits
6620/spec-6620-56368-0462.fits
6620/spec-6620-56368-0463.fits
6620/spec-6620-56368-0464.fits
6620/spec-6620-56368-0465.fits
6620/spec-6620-56368-0466.fits
6620/spec-6620-56368-0467.fits
6620/spec-6620-56368-0468.fits
6620/spec-6620-56368-0469.fits
6620/spec-6620-56368-0470.fits
6620/spec-6620-56368-0471.fits
6620/spec-6620-56368-0472.fits
6620/spec-6620-56368-0473.fits
6620/spec-6620-56368-0474.fits
6620/spec-6620-56368-0475.fits
6620/spec-6620-56368-0476.fits
6620/spec-6620-56368-0477.fits
6620/spec-6620-56368-0478.fits
6620/spec-6620-56368-0479.fits
6620/spec-6620-56368-0480.fits
6620/spec-6620-56368-0481.fits
6620/spec-6620-56368-0482.fits
6620/spec-6620-56368-0483.fits
6620/spec-6620-56368-0484.fits
6620/spec-6620-56368-0485.fits
6620/spec-6620-56368-0486.fits
6620/spec-6620-56368-0487.fits
6620/spec-6620-56368-0488.fits
6620/spec-6620-56368-0489.fits
6620/spec-6620-56368-0490.fits
6620/spec-6620-56368-0491.fits
6620/spec-6620-56368-0492.fits
6620/spec-6620-56368-0493.fits
6620/spec-6620-56368-0494.fits
6620/spec-6620-56368-0495.fits
6620/spec-6620-56368-0496.fits
6620/spec-6620-56368-0497.fits
6620/spec-6620-56368-0498.fits
6620/spec-6620-56368-0499.fits
6620/spec-6620-56368-0500.fits
6620/spec-6620-56368-0501.fits
6620/spec-6620-56368-0502.fits
6620/spec-6620-56368-0503.fits
6620/spec-6620-56368-0504.fits
6620/spec-6620-56368-0505.fits
6620/spec-6620-56368-0506.fits
6620/spec-6620-56368-0507.fits
6620/spec-6620-56368-0508.fits
6620/spec-6620-56368-0509.fits
6620/spec-6620-56368-0510.fits
6620/spec-6620-56368-0511.fits
6620/spec-6620-56368-0512.fits
6620/spec-6620-56368-0513.fits
6620/spec-6620-56368-0514.fits
6620/spec-6620-56368-0515.fits
6620/spec-6620-56368-0516.fits
6620/spec-6620-56368-0517.fits
6620/spec-6620-56368-0518.fits
6620/spec-6620-56368-0519.fits
6620/spec-6620-56368-0520.fits
6620/spec-6620-56368-0521.fits
6620/spec-6620-56368-0522.fits
6620/spec-6620-56368-0523.fits
6620/spec-6620-56368-0524.fits
6620/spec-6620-56368-0525.fits
6620/spec-6620-56368-0526.fits
6620/spec-6620-56368-0527.fits
6620/spec-6620-56368-0528.fits
6620/spec-6620-56368-0529.fits
6620/spec-6620-56368-0530.fits
6620/spec-6620-56368-0531.fits
6620/spec-6620-56368-0532.fits
6620/spec-6620-56368-0533.fits
6620/spec-6620-56368-0534.fits
6620/spec-6620-56368-0535.fits
6620/spec-6620-56368-0536.fits
6620/spec-6620-56368-0537.fits
6620/spec-6620-56368-0538.fits
6620/spec-6620-56368-0539.fits
6620/spec-6620-56368-0540.fits
6620/spec-6620-56368-0541.fits
6620/spec-6620-56368-0542.fits
6620/spec-6620-56368-0543.fits
6620/spec-6620-56368-0544.fits
6620/spec-6620-56368-0545.fits
6620/spec-6620-56368-0546.fits
6620/spec-6620-56368-0547.fits
6620/spec-6620-56368-0548.fits
6620/spec-6620-56368-0549.fits
6620/spec-6620-56368-0550.fits
6620/spec-6620-56368-0551.fits
6620/spec-6620-56368-0552.fits
6620/spec-6620-56368-0553.fits
6620/spec-6620-56368-0554.fits
6620/spec-6620-56368-0555.fits
6620/spec-6620-56368-0556.fits
6620/spec-6620-56368-0557.fits
6620/spec-6620-56368-0558.fits
6620/spec-6620-56368-0559.fits
6620/spec-6620-56368-0560.fits
6620/spec-6620-56368-0561.fits
6620/spec-6620-56368-0562.fits
6620/spec-6620-56368-0563.fits
6620/spec-6620-56368-0564.fits
6620/spec-6620-56368-0565.fits
6620/spec-6620-56368-0566.fits
6620/spec-6620-56368-0567.fits
6620/spec-6620-56368-0568.fits
6620/spec-6620-56368-0569.fits
6620/spec-6620-56368-0570.fits
6620/spec-6620-56368-0571.fits
6620/spec-6620-56368-0572.fits
6620/spec-6620-56368-0573.fits
6620/spec-6620-56368-0574.fits
6620/spec-6620-56368-0575.fits
6620/spec-6620-56368-0576.fits
6620/spec-6620-56368-0577.fits
6620/spec-6620-56368-0578.fits
6620/spec-6620-56368-0579.fits
6620/spec-6620-56368-0580.fits
6620/spec-6620-56368-0581.fits
6620/spec-6620-56368-0582.fits
6620/spec-6620-56368-0583.fits
6620/spec-6620-56368-0584.fits
6620/spec-6620-56368-0585.fits
6620/spec-6620-56368-0586.fits
6620/spec-6620-56368-0587.fits
6620/spec-6620-56368-0588.fits
6620/spec-6620-56368-0589.fits
6620/spec-6620-56368-0590.fits
6620/spec-6620-56368-0591.fits
6620/spec-6620-56368-0592.fits
6620/spec-6620-56368-0593.fits
6620/spec-6620-56368-0594.fits
6620/spec-6620-56368-0595.fits
6620/spec-6620-56368-0596.fits
6620/spec-6620-56368-0597.fits
6620/spec-6620-56368-0598.fits
6620/spec-6620-56368-0599.fits
6620/spec-6620-56368-0600.fits
6620/spec-6620-56368-0601.fits
6620/spec-6620-56368-0602.fits
6620/spec-6620-56368-0603.fits
6620/spec-6620-56368-0604.fits
6620/spec-6620-56368-0605.fits
6620/spec-6620-56368-0606.fits
6620/spec-6620-56368-0607.fits
6620/spec-6620-56368-0608.fits
6620/spec-6620-56368-0609.fits
6620/spec-6620-56368-0610.fits
6620/spec-6620-56368-0611.fits
6620/spec-6620-56368-0612.fits
6620/spec-6620-56368-0613.fits
6620/spec-6620-56368-0614.fits
6620/spec-6620-56368-0615.fits
6620/spec-6620-56368-0616.fits
6620/spec-6620-56368-0617.fits
6620/spec-6620-56368-0618.fits
6620/spec-6620-56368-0619.fits
6620/spec-6620-56368-0620.fits
6620/spec-6620-56368-0621.fits
6620/spec-6620-56368-0622.fits
6620/spec-6620-56368-0623.fits
6620/spec-6620-56368-0624.fits
6620/spec-6620-56368-0625.fits
6620/spec-6620-56368-0626.fits
6620/spec-6620-56368-0627.fits
6620/spec-6620-56368-0628.fits
6620/spec-6620-56368-0629.fits
6620/spec-6620-56368-0630.fits
6620/spec-6620-56368-0631.fits
6620/spec-6620-56368-0632.fits
6620/spec-6620-56368-0633.fits
6620/spec-6620-56368-0634.fits
6620/spec-6620-56368-0635.fits
6620/spec-6620-56368-0636.fits
6620/spec-6620-56368-0637.fits
6620/spec-6620-56368-0638.fits
6620/spec-6620-56368-0639.fits
6620/spec-6620-56368-0640.fits
6620/spec-6620-56368-0641.fits
6620/spec-6620-56368-0642.fits
6620/spec-6620-56368-0643.fits
6620/spec-6620-56368-0644.fits
6620/spec-6620-56368-0645.fits
6620/spec-6620-56368-0646.fits
6620/spec-6620-56368-0647.fits
6620/spec-6620-56368-0648.fits
6620/spec-6620-56368-0649.fits
6620/spec-6620-56368-0650.fits
6620/spec-6620-56368-0651.fits
6620/spec-6620-56368-0652.fits
6620/spec-6620-56368-0653.fits
6620/spec-6620-56368-0654.fits
6620/spec-6620-56368-0655.fits
6620/spec-6620-56368-0656.fits
6620/spec-6620-56368-0657.fits
6620/spec-6620-56368-0658.fits
6620/spec-6620-56368-0659.fits
6620/spec-6620-56368-0660.fits
6620/spec-6620-56368-0661.fits
6620/spec-6620-56368-0662.fits
6620/spec-6620-56368-0663.fits
6620/spec-6620-56368-0664.fits
6620/spec-6620-56368-0665.fits
6620/spec-6620-56368-0666.fits
6620/spec-6620-56368-0667.fits
6620/spec-6620-56368-0668.fits
6620/spec-6620-56368-0669.fits
6620/spec-6620-56368-0670.fits
6620/spec-6620-56368-0671.fits
6620/spec-6620-56368-0672.fits
6620/spec-6620-56368-0673.fits
6620/spec-6620-56368-0674.fits
6620/spec-6620-56368-0675.fits
6620/spec-6620-56368-0676.fits
6620/spec-6620-56368-0677.fits
6620/spec-6620-56368-0678.fits
6620/spec-6620-56368-0679.fits
6620/spec-6620-56368-0680.fits
6620/spec-6620-56368-0681.fits
6620/spec-6620-56368-0682.fits
6620/spec-6620-56368-0683.fits
6620/spec-6620-56368-0684.fits
6620/spec-6620-56368-0685.fits
6620/spec-6620-56368-0686.fits
6620/spec-6620-56368-0687.fits
6620/spec-6620-56368-0688.fits
6620/spec-6620-56368-0689.fits
6620/spec-6620-56368-0690.fits
6620/spec-6620-56368-0691.fits
6620/spec-6620-56368-0692.fits
6620/spec-6620-56368-0693.fits
6620/spec-6620-56368-0694.fits
6620/spec-6620-56368-0695.fits
6620/spec-6620-56368-0696.fits
6620/spec-6620-56368-0697.fits
6620/spec-6620-56368-0698.fits
6620/spec-6620-56368-0699.fits
6620/spec-6620-56368-0700.fits
6620/spec-6620-56368-0701.fits
6620/spec-6620-56368-0702.fits
6620/spec-6620-56368-0703.fits
6620/spec-6620-56368-0704.fits
6620/spec-6620-56368-0705.fits
6620/spec-6620-56368-0706.fits
6620/spec-6620-56368-0707.fits
6620/spec-6620-56368-0708.fits
6620/spec-6620-56368-0709.fits
6620/spec-6620-56368-0710.fits
6620/spec-6620-56368-0711.fits
6620/spec-6620-56368-0712.fits
6620/spec-6620-56368-0713.fits
6620/spec-6620-56368-0714.fits
6620/spec-6620-56368-0715.fits
6620/spec-6620-56368-0716.fits
6620/spec-6620-56368-0717.fits
6620/spec-6620-56368-0718.fits
6620/spec-6620-56368-0719.fits
6620/spec-6620-56368-0720.fits
6620/spec-6620-56368-0721.fits
6620/spec-6620-56368-0722.fits
6620/spec-6620-56368-0723.fits
6620/spec-6620-56368-0724.fits
6620/spec-6620-56368-0725.fits
6620/spec-6620-56368-0726.fits
6620/spec-6620-56368-0727.fits
6620/spec-6620-56368-0728.fits
6620/spec-6620-56368-0729.fits
6620/spec-6620-56368-0730.fits
6620/spec-6620-56368-0731.fits
6620/spec-6620-56368-0732.fits
6620/spec-6620-56368-0733.fits
6620/spec-6620-56368-0734.fits
6620/spec-6620-56368-0735.fits
6620/spec-6620-56368-0736.fits
6620/spec-6620-56368-0737.fits
6620/spec-6620-56368-0738.fits
6620/spec-6620-56368-0739.fits
6620/spec-6620-56368-0740.fits
6620/spec-6620-56368-0741.fits
6620/spec-6620-56368-0742.fits
6620/spec-6620-56368-0743.fits
6620/spec-6620-56368-0744.fits
6620/spec-6620-56368-0745.fits
6620/spec-6620-56368-0746.fits
6620/spec-6620-56368-0747.fits
6620/spec-6620-56368-0748.fits
6620/spec-6620-56368-0749.fits
6620/spec-6620-56368-0750.fits
6620/spec-6620-56368-0751.fits
6620/spec-6620-56368-0752.fits
6620/spec-6620-56368-0753.fits
6620/spec-6620-56368-0754.fits
6620/spec-6620-56368-0755.fits
6620/spec-6620-56368-0756.fits
6620/spec-6620-56368-0757.fits
6620/spec-6620-56368-0758.fits
6620/spec-6620-56368-0759.fits
6620/spec-6620-56368-0760.fits
6620/spec-6620-56368-0761.fits
6620/spec-6620-56368-0762.fits
6620/spec-6620-56368-0763.fits
6620/spec-6620-56368-0764.fits
6620/spec-6620-56368-0765.fits
6620/spec-6620-56368-0766.fits
6620/spec-6620-56368-0767.fits
6620/spec-6620-56368-0768.fits
6620/spec-6620-56368-0769.fits
6620/spec-6620-56368-0770.fits
6620/spec-6620-56368-0771.fits
6620/spec-6620-56368-0772.fits
6620/spec-6620-56368-0773.fits
6620/spec-6620-56368-0774.fits
6620/spec-6620-56368-0775.fits
6620/spec-6620-56368-0776.fits
6620/spec-6620-56368-0777.fits
6620/spec-6620-56368-0778.fits
6620/spec-6620-56368-0779.fits
6620/spec-6620-56368-0780.fits
6620/spec-6620-56368-0781.fits
6620/spec-6620-56368-0782.fits
6620/spec-6620-56368-0783.fits
6620/spec-6620-56368-0784.fits
6620/spec-6620-56368-0785.fits
6620/spec-6620-56368-0786.fits
6620/spec-6620-56368-0787.fits
6620/spec-6620-56368-0788.fits
6620/spec-6620-56368-0789.fits
6620/spec-6620-56368-0790.fits
6620/spec-6620-56368-0791.fits
6620/spec-6620-56368-0792.fits
6620/spec-6620-56368-0793.fits
6620/spec-6620-56368-0794.fits
6620/spec-6620-56368-0795.fits
6620/spec-6620-56368-0796.fits
6620/spec-6620-56368-0797.fits
6620/spec-6620-56368-0798.fits
6620/spec-6620-56368-0799.fits
6620/spec-6620-56368-0800.fits
6620/spec-6620-56368-0801.fits
6620/spec-6620-56368-0802.fits
6620/spec-6620-56368-0803.fits
6620/spec-6620-56368-0804.fits
6620/spec-6620-56368-0805.fits
6620/spec-6620-56368-0806.fits
6620/spec-6620-56368-0807.fits
6620/spec-6620-56368-0808.fits
6620/spec-6620-56368-0809.fits
6620/spec-6620-56368-0810.fits
6620/spec-6620-56368-0811.fits
6620/spec-6620-56368-0812.fits
6620/spec-6620-56368-0813.fits
6620/spec-6620-56368-0814.fits
6620/spec-6620-56368-0815.fits
6620/spec-6620-56368-0816.fits
6620/spec-6620-56368-0817.fits
6620/spec-6620-56368-0818.fits
6620/spec-6620-56368-0819.fits
6620/spec-6620-56368-0820.fits
6620/spec-6620-56368-0821.fits
6620/spec-6620-56368-0822.fits
6620/spec-6620-56368-0823.fits
6620/spec-6620-56368-0824.fits
6620/spec-6620-56368-0825.fits
6620/spec-6620-56368-0826.fits
6620/spec-6620-56368-0827.fits
6620/spec-6620-56368-0828.fits
6620/spec-6620-56368-0829.fits
6620/spec-6620-56368-0830.fits
6620/spec-6620-56368-0831.fits
6620/spec-6620-56368-0832.fits
6620/spec-6620-56368-0833.fits
6620/spec-6620-56368-0834.fits
6620/spec-6620-56368-0835.fits
6620/spec-6620-56368-0836.fits
6620/spec-6620-56368-0837.fits
6620/spec-6620-56368-0838.fits
6620/spec-6620-56368-0839.fits
6620/spec-6620-56368-0840.fits
6620/spec-6620-56368-0841.fits
6620/spec-6620-56368-0842.fits
6620/spec-6620-56368-0843.fits
6620/spec-6620-56368-0844.fits
6620/spec-6620-56368-0845.fits
6620/spec-6620-56368-0846.fits
6620/spec-6620-56368-0847.fits
6620/spec-6620-56368-0848.fits
6620/spec-6620-56368-0849.fits
6620/spec-6620-56368-0850.fits
6620/spec-6620-56368-0851.fits
6620/spec-6620-56368-0852.fits
6620/spec-6620-56368-0853.fits
6620/spec-6620-56368-0854.fits
6620/spec-6620-56368-0855.fits
6620/spec-6620-56368-0856.fits
6620/spec-6620-56368-0857.fits
6620/spec-6620-56368-0858.fits
6620/spec-6620-56368-0859.fits
6620/spec-6620-56368-0860.fits
6620/spec-6620-56368-0861.fits
6620/spec-6620-56368-0862.fits
6620/spec-6620-56368-0863.fits
6620/spec-6620-56368-0864.fits
6620/spec-6620-56368-0865.fits
6620/spec-6620-56368-0866.fits
6620/spec-6620-56368-0867.fits
6620/spec-6620-56368-0868.fits
6620/spec-6620-56368-0869.fits
6620/spec-6620-56368-0870.fits
6620/spec-6620-56368-0871.fits
6620/spec-6620-56368-0872.fits
6620/spec-6620-56368-0873.fits
6620/spec-6620-56368-0874.fits
6620/spec-6620-56368-0875.fits
6620/spec-6620-56368-0876.fits
6620/spec-6620-56368-0877.fits
6620/spec-6620-56368-0878.fits
6620/spec-6620-56368-0879.fits
6620/spec-6620-56368-0880.fits
6620/spec-6620-56368-0881.fits
6620/spec-6620-56368-0882.fits
6620/spec-6620-56368-0883.fits
6620/spec-6620-56368-0884.fits
6620/spec-6620-56368-0885.fits
6620/spec-6620-56368-0886.fits
6620/spec-6620-56368-0887.fits
6620/spec-6620-56368-0888.fits
6620/spec-6620-56368-0889.fits
6620/spec-6620-56368-0890.fits
6620/spec-6620-56368-0891.fits
6620/spec-6620-56368-0892.fits
6620/spec-6620-56368-0893.fits
6620/spec-6620-56368-0894.fits
6620/spec-6620-56368-0895.fits
6620/spec-6620-56368-0896.fits
6620/spec-6620-56368-0897.fits
6620/spec-6620-56368-0898.fits
6620/spec-6620-56368-0899.fits
6620/spec-6620-56368-0900.fits
6620/spec-6620-56368-0901.fits
6620/spec-6620-56368-0902.fits
6620/spec-6620-56368-0903.fits
6620/spec-6620-56368-0904.fits
6620/spec-6620-56368-0905.fits
6620/spec-6620-56368-0906.fits
6620/spec-6620-56368-0907.fits
6620/spec-6620-56368-0908.fits
6620/spec-6620-56368-0909.fits
6620/spec-6620-56368-0910.fits
6620/spec-6620-56368-0911.fits
6620/spec-6620-56368-0912.fits
6620/spec-6620-56368-0913.fits
6620/spec-6620-56368-0914.fits
6620/spec-6620-56368-0915.fits
6620/spec-6620-56368-0916.fits
6620/spec-6620-56368-0917.fits
6620/spec-6620-56368-0918.fits
6620/spec-6620-56368-0919.fits
6620/spec-6620-56368-0920.fits
6620/spec-6620-56368-0921.fits
6620/spec-6620-56368-0922.fits
6620/spec-6620-56368-0923.fits
6620/spec-6620-56368-0924.fits
6620/spec-6620-56368-0925.fits
6620/spec-6620-56368-0926.fits
6620/spec-6620-56368-0927.fits
6620/spec-6620-56368-0928.fits
6620/spec-6620-56368-0929.fits
6620/spec-6620-56368-0930.fits
6620/spec-6620-56368-0931.fits
6620/spec-6620-56368-0932.fits
6620/spec-6620-56368-0933.fits
6620/spec-6620-56368-0934.fits
6620/spec-6620-56368-0935.fits
6620/spec-6620-56368-0936.fits
6620/spec-6620-56368-0937.fits
6620/spec-6620-56368-0938.fits
6620/spec-6620-56368-0939.fits
6620/spec-6620-56368-0940.fits
6620/spec-6620-56368-0941.fits
6620/spec-6620-56368-0942.fits
6620/spec-6620-56368-0943.fits
6620/spec-6620-56368-0944.fits
6620/spec-6620-56368-0945.fits
6620/spec-6620-56368-0946.fits
6620/spec-6620-56368-0947.fits
6620/spec-6620-56368-0948.fits
6620/spec-6620-56368-0949.fits
6620/spec-6620-56368-0950.fits
6620/spec-6620-56368-0951.fits
6620/spec-6620-56368-0952.fits
6620/spec-6620-56368-0953.fits
6620/spec-6620-56368-0954.fits
6620/spec-6620-56368-0955.fits
6620/spec-6620-56368-0956.fits
6620/spec-6620-56368-0957.fits
6620/spec-6620-56368-0958.fits
6620/spec-6620-56368-0959.fits
6620/spec-6620-56368-0960.fits
6620/spec-6620-56368-0961.fits
6620/spec-6620-56368-0962.fits
6620/spec-6620-56368-0963.fits
6620/spec-6620-56368-0964.fits
6620/spec-6620-56368-0965.fits
6620/spec-6620-56368-0966.fits
6620/spec-6620-56368-0967.fits
6620/spec-6620-56368-0968.fits
6620/spec-6620-56368-0969.fits
6620/spec-6620-56368-0970.fits
6620/spec-6620-56368-0971.fits
6620/spec-6620-56368-0972.fits
6620/spec-6620-56368-0973.fits
6620/spec-6620-56368-0974.fits
6620/spec-6620-56368-0975.fits
6620/spec-6620-56368-0976.fits
6620/spec-6620-56368-0977.fits
6620/spec-6620-56368-0978.fits
6620/spec-6620-56368-0979.fits
6620/spec-6620-56368-0980.fits
6620/spec-6620-56368-0981.fits
6620/spec-6620-56368-0982.fits
6620/spec-6620-56368-0983.fits
6620/spec-6620-56368-0984.fits
6620/spec-6620-56368-0985.fits
6620/spec-6620-56368-0986.fits
6620/spec-6620-56368-0987.fits
6620/spec-6620-56368-0988.fits
6620/spec-6620-56368-0989.fits
6620/spec-6620-56368-0990.fits
6620/spec-6620-56368-0991.fits
6620/spec-6620-56368-0992.fits
6620/spec-6620-56368-0993.fits
6620/spec-6620-56368-0994.fits
6620/spec-6620-56368-0995.fits
6620/spec-6620-56368-0996.fits
6620/spec-6620-56368-0997.fits
6620/spec-6620-56368-0998.fits
6620/spec-6620-56368-0999.fits
6620/spec-6620-56368-1000.fits
/var/lib/condor/execute/slot1/dir_14536
6620 6620.tgz R R361.tar.gz _condor_stderr _condor_stdout cB58_Lyman_break.fit condor_exec.exe hw4.R packages packages.tar.gz tmp var
[1] "Loaded package astro."
[1] 1000
6620 6620.csv 6620.tgz R R361.tar.gz _condor_stderr _condor_stdout cB58_Lyman_break.fit condor_exec.exe hw4.R packages packages.tar.gz tmp var
