6633
6633/
6633/spec-6633-56369-0001.fits
6633/spec-6633-56369-0002.fits
6633/spec-6633-56369-0003.fits
6633/spec-6633-56369-0004.fits
6633/spec-6633-56369-0005.fits
6633/spec-6633-56369-0006.fits
6633/spec-6633-56369-0007.fits
6633/spec-6633-56369-0008.fits
6633/spec-6633-56369-0009.fits
6633/spec-6633-56369-0010.fits
6633/spec-6633-56369-0011.fits
6633/spec-6633-56369-0012.fits
6633/spec-6633-56369-0013.fits
6633/spec-6633-56369-0014.fits
6633/spec-6633-56369-0015.fits
6633/spec-6633-56369-0016.fits
6633/spec-6633-56369-0017.fits
6633/spec-6633-56369-0018.fits
6633/spec-6633-56369-0019.fits
6633/spec-6633-56369-0020.fits
6633/spec-6633-56369-0021.fits
6633/spec-6633-56369-0022.fits
6633/spec-6633-56369-0023.fits
6633/spec-6633-56369-0024.fits
6633/spec-6633-56369-0025.fits
6633/spec-6633-56369-0026.fits
6633/spec-6633-56369-0027.fits
6633/spec-6633-56369-0028.fits
6633/spec-6633-56369-0029.fits
6633/spec-6633-56369-0030.fits
6633/spec-6633-56369-0031.fits
6633/spec-6633-56369-0032.fits
6633/spec-6633-56369-0033.fits
6633/spec-6633-56369-0034.fits
6633/spec-6633-56369-0035.fits
6633/spec-6633-56369-0036.fits
6633/spec-6633-56369-0037.fits
6633/spec-6633-56369-0038.fits
6633/spec-6633-56369-0039.fits
6633/spec-6633-56369-0040.fits
6633/spec-6633-56369-0041.fits
6633/spec-6633-56369-0042.fits
6633/spec-6633-56369-0043.fits
6633/spec-6633-56369-0044.fits
6633/spec-6633-56369-0045.fits
6633/spec-6633-56369-0046.fits
6633/spec-6633-56369-0047.fits
6633/spec-6633-56369-0048.fits
6633/spec-6633-56369-0049.fits
6633/spec-6633-56369-0050.fits
6633/spec-6633-56369-0051.fits
6633/spec-6633-56369-0052.fits
6633/spec-6633-56369-0053.fits
6633/spec-6633-56369-0054.fits
6633/spec-6633-56369-0055.fits
6633/spec-6633-56369-0056.fits
6633/spec-6633-56369-0057.fits
6633/spec-6633-56369-0058.fits
6633/spec-6633-56369-0059.fits
6633/spec-6633-56369-0060.fits
6633/spec-6633-56369-0061.fits
6633/spec-6633-56369-0062.fits
6633/spec-6633-56369-0063.fits
6633/spec-6633-56369-0064.fits
6633/spec-6633-56369-0065.fits
6633/spec-6633-56369-0066.fits
6633/spec-6633-56369-0067.fits
6633/spec-6633-56369-0068.fits
6633/spec-6633-56369-0069.fits
6633/spec-6633-56369-0070.fits
6633/spec-6633-56369-0071.fits
6633/spec-6633-56369-0072.fits
6633/spec-6633-56369-0073.fits
6633/spec-6633-56369-0074.fits
6633/spec-6633-56369-0075.fits
6633/spec-6633-56369-0076.fits
6633/spec-6633-56369-0077.fits
6633/spec-6633-56369-0078.fits
6633/spec-6633-56369-0079.fits
6633/spec-6633-56369-0080.fits
6633/spec-6633-56369-0081.fits
6633/spec-6633-56369-0082.fits
6633/spec-6633-56369-0083.fits
6633/spec-6633-56369-0084.fits
6633/spec-6633-56369-0085.fits
6633/spec-6633-56369-0086.fits
6633/spec-6633-56369-0087.fits
6633/spec-6633-56369-0088.fits
6633/spec-6633-56369-0089.fits
6633/spec-6633-56369-0090.fits
6633/spec-6633-56369-0091.fits
6633/spec-6633-56369-0092.fits
6633/spec-6633-56369-0093.fits
6633/spec-6633-56369-0094.fits
6633/spec-6633-56369-0095.fits
6633/spec-6633-56369-0096.fits
6633/spec-6633-56369-0097.fits
6633/spec-6633-56369-0098.fits
6633/spec-6633-56369-0099.fits
6633/spec-6633-56369-0100.fits
6633/spec-6633-56369-0101.fits
6633/spec-6633-56369-0102.fits
6633/spec-6633-56369-0103.fits
6633/spec-6633-56369-0104.fits
6633/spec-6633-56369-0105.fits
6633/spec-6633-56369-0106.fits
6633/spec-6633-56369-0107.fits
6633/spec-6633-56369-0108.fits
6633/spec-6633-56369-0109.fits
6633/spec-6633-56369-0110.fits
6633/spec-6633-56369-0111.fits
6633/spec-6633-56369-0112.fits
6633/spec-6633-56369-0113.fits
6633/spec-6633-56369-0114.fits
6633/spec-6633-56369-0115.fits
6633/spec-6633-56369-0116.fits
6633/spec-6633-56369-0117.fits
6633/spec-6633-56369-0118.fits
6633/spec-6633-56369-0119.fits
6633/spec-6633-56369-0120.fits
6633/spec-6633-56369-0121.fits
6633/spec-6633-56369-0122.fits
6633/spec-6633-56369-0123.fits
6633/spec-6633-56369-0124.fits
6633/spec-6633-56369-0125.fits
6633/spec-6633-56369-0126.fits
6633/spec-6633-56369-0127.fits
6633/spec-6633-56369-0128.fits
6633/spec-6633-56369-0129.fits
6633/spec-6633-56369-0130.fits
6633/spec-6633-56369-0131.fits
6633/spec-6633-56369-0132.fits
6633/spec-6633-56369-0133.fits
6633/spec-6633-56369-0134.fits
6633/spec-6633-56369-0135.fits
6633/spec-6633-56369-0136.fits
6633/spec-6633-56369-0137.fits
6633/spec-6633-56369-0138.fits
6633/spec-6633-56369-0139.fits
6633/spec-6633-56369-0140.fits
6633/spec-6633-56369-0141.fits
6633/spec-6633-56369-0142.fits
6633/spec-6633-56369-0143.fits
6633/spec-6633-56369-0144.fits
6633/spec-6633-56369-0145.fits
6633/spec-6633-56369-0146.fits
6633/spec-6633-56369-0147.fits
6633/spec-6633-56369-0148.fits
6633/spec-6633-56369-0149.fits
6633/spec-6633-56369-0150.fits
6633/spec-6633-56369-0151.fits
6633/spec-6633-56369-0152.fits
6633/spec-6633-56369-0153.fits
6633/spec-6633-56369-0154.fits
6633/spec-6633-56369-0155.fits
6633/spec-6633-56369-0156.fits
6633/spec-6633-56369-0157.fits
6633/spec-6633-56369-0158.fits
6633/spec-6633-56369-0159.fits
6633/spec-6633-56369-0160.fits
6633/spec-6633-56369-0161.fits
6633/spec-6633-56369-0162.fits
6633/spec-6633-56369-0163.fits
6633/spec-6633-56369-0164.fits
6633/spec-6633-56369-0165.fits
6633/spec-6633-56369-0166.fits
6633/spec-6633-56369-0167.fits
6633/spec-6633-56369-0168.fits
6633/spec-6633-56369-0169.fits
6633/spec-6633-56369-0170.fits
6633/spec-6633-56369-0171.fits
6633/spec-6633-56369-0172.fits
6633/spec-6633-56369-0173.fits
6633/spec-6633-56369-0174.fits
6633/spec-6633-56369-0175.fits
6633/spec-6633-56369-0176.fits
6633/spec-6633-56369-0177.fits
6633/spec-6633-56369-0178.fits
6633/spec-6633-56369-0179.fits
6633/spec-6633-56369-0180.fits
6633/spec-6633-56369-0181.fits
6633/spec-6633-56369-0182.fits
6633/spec-6633-56369-0183.fits
6633/spec-6633-56369-0184.fits
6633/spec-6633-56369-0185.fits
6633/spec-6633-56369-0186.fits
6633/spec-6633-56369-0187.fits
6633/spec-6633-56369-0188.fits
6633/spec-6633-56369-0189.fits
6633/spec-6633-56369-0190.fits
6633/spec-6633-56369-0191.fits
6633/spec-6633-56369-0192.fits
6633/spec-6633-56369-0193.fits
6633/spec-6633-56369-0194.fits
6633/spec-6633-56369-0195.fits
6633/spec-6633-56369-0196.fits
6633/spec-6633-56369-0197.fits
6633/spec-6633-56369-0198.fits
6633/spec-6633-56369-0199.fits
6633/spec-6633-56369-0200.fits
6633/spec-6633-56369-0201.fits
6633/spec-6633-56369-0202.fits
6633/spec-6633-56369-0203.fits
6633/spec-6633-56369-0204.fits
6633/spec-6633-56369-0205.fits
6633/spec-6633-56369-0206.fits
6633/spec-6633-56369-0207.fits
6633/spec-6633-56369-0208.fits
6633/spec-6633-56369-0209.fits
6633/spec-6633-56369-0210.fits
6633/spec-6633-56369-0211.fits
6633/spec-6633-56369-0212.fits
6633/spec-6633-56369-0213.fits
6633/spec-6633-56369-0214.fits
6633/spec-6633-56369-0215.fits
6633/spec-6633-56369-0216.fits
6633/spec-6633-56369-0217.fits
6633/spec-6633-56369-0218.fits
6633/spec-6633-56369-0219.fits
6633/spec-6633-56369-0220.fits
6633/spec-6633-56369-0221.fits
6633/spec-6633-56369-0222.fits
6633/spec-6633-56369-0223.fits
6633/spec-6633-56369-0224.fits
6633/spec-6633-56369-0225.fits
6633/spec-6633-56369-0226.fits
6633/spec-6633-56369-0227.fits
6633/spec-6633-56369-0228.fits
6633/spec-6633-56369-0229.fits
6633/spec-6633-56369-0230.fits
6633/spec-6633-56369-0231.fits
6633/spec-6633-56369-0232.fits
6633/spec-6633-56369-0233.fits
6633/spec-6633-56369-0234.fits
6633/spec-6633-56369-0235.fits
6633/spec-6633-56369-0236.fits
6633/spec-6633-56369-0237.fits
6633/spec-6633-56369-0238.fits
6633/spec-6633-56369-0239.fits
6633/spec-6633-56369-0240.fits
6633/spec-6633-56369-0241.fits
6633/spec-6633-56369-0242.fits
6633/spec-6633-56369-0243.fits
6633/spec-6633-56369-0244.fits
6633/spec-6633-56369-0245.fits
6633/spec-6633-56369-0246.fits
6633/spec-6633-56369-0247.fits
6633/spec-6633-56369-0248.fits
6633/spec-6633-56369-0249.fits
6633/spec-6633-56369-0250.fits
6633/spec-6633-56369-0251.fits
6633/spec-6633-56369-0252.fits
6633/spec-6633-56369-0253.fits
6633/spec-6633-56369-0254.fits
6633/spec-6633-56369-0255.fits
6633/spec-6633-56369-0256.fits
6633/spec-6633-56369-0257.fits
6633/spec-6633-56369-0258.fits
6633/spec-6633-56369-0259.fits
6633/spec-6633-56369-0260.fits
6633/spec-6633-56369-0261.fits
6633/spec-6633-56369-0262.fits
6633/spec-6633-56369-0263.fits
6633/spec-6633-56369-0264.fits
6633/spec-6633-56369-0265.fits
6633/spec-6633-56369-0266.fits
6633/spec-6633-56369-0267.fits
6633/spec-6633-56369-0268.fits
6633/spec-6633-56369-0269.fits
6633/spec-6633-56369-0270.fits
6633/spec-6633-56369-0271.fits
6633/spec-6633-56369-0272.fits
6633/spec-6633-56369-0273.fits
6633/spec-6633-56369-0274.fits
6633/spec-6633-56369-0275.fits
6633/spec-6633-56369-0276.fits
6633/spec-6633-56369-0277.fits
6633/spec-6633-56369-0278.fits
6633/spec-6633-56369-0279.fits
6633/spec-6633-56369-0280.fits
6633/spec-6633-56369-0281.fits
6633/spec-6633-56369-0282.fits
6633/spec-6633-56369-0283.fits
6633/spec-6633-56369-0284.fits
6633/spec-6633-56369-0285.fits
6633/spec-6633-56369-0286.fits
6633/spec-6633-56369-0287.fits
6633/spec-6633-56369-0288.fits
6633/spec-6633-56369-0289.fits
6633/spec-6633-56369-0290.fits
6633/spec-6633-56369-0291.fits
6633/spec-6633-56369-0292.fits
6633/spec-6633-56369-0293.fits
6633/spec-6633-56369-0294.fits
6633/spec-6633-56369-0295.fits
6633/spec-6633-56369-0296.fits
6633/spec-6633-56369-0297.fits
6633/spec-6633-56369-0298.fits
6633/spec-6633-56369-0299.fits
6633/spec-6633-56369-0300.fits
6633/spec-6633-56369-0301.fits
6633/spec-6633-56369-0302.fits
6633/spec-6633-56369-0303.fits
6633/spec-6633-56369-0304.fits
6633/spec-6633-56369-0305.fits
6633/spec-6633-56369-0306.fits
6633/spec-6633-56369-0307.fits
6633/spec-6633-56369-0308.fits
6633/spec-6633-56369-0309.fits
6633/spec-6633-56369-0310.fits
6633/spec-6633-56369-0311.fits
6633/spec-6633-56369-0312.fits
6633/spec-6633-56369-0313.fits
6633/spec-6633-56369-0314.fits
6633/spec-6633-56369-0315.fits
6633/spec-6633-56369-0316.fits
6633/spec-6633-56369-0317.fits
6633/spec-6633-56369-0318.fits
6633/spec-6633-56369-0319.fits
6633/spec-6633-56369-0320.fits
6633/spec-6633-56369-0321.fits
6633/spec-6633-56369-0322.fits
6633/spec-6633-56369-0323.fits
6633/spec-6633-56369-0324.fits
6633/spec-6633-56369-0325.fits
6633/spec-6633-56369-0326.fits
6633/spec-6633-56369-0327.fits
6633/spec-6633-56369-0328.fits
6633/spec-6633-56369-0329.fits
6633/spec-6633-56369-0330.fits
6633/spec-6633-56369-0331.fits
6633/spec-6633-56369-0332.fits
6633/spec-6633-56369-0333.fits
6633/spec-6633-56369-0334.fits
6633/spec-6633-56369-0335.fits
6633/spec-6633-56369-0336.fits
6633/spec-6633-56369-0337.fits
6633/spec-6633-56369-0338.fits
6633/spec-6633-56369-0339.fits
6633/spec-6633-56369-0340.fits
6633/spec-6633-56369-0341.fits
6633/spec-6633-56369-0342.fits
6633/spec-6633-56369-0343.fits
6633/spec-6633-56369-0344.fits
6633/spec-6633-56369-0345.fits
6633/spec-6633-56369-0346.fits
6633/spec-6633-56369-0347.fits
6633/spec-6633-56369-0348.fits
6633/spec-6633-56369-0349.fits
6633/spec-6633-56369-0350.fits
6633/spec-6633-56369-0351.fits
6633/spec-6633-56369-0352.fits
6633/spec-6633-56369-0353.fits
6633/spec-6633-56369-0354.fits
6633/spec-6633-56369-0355.fits
6633/spec-6633-56369-0356.fits
6633/spec-6633-56369-0357.fits
6633/spec-6633-56369-0358.fits
6633/spec-6633-56369-0359.fits
6633/spec-6633-56369-0360.fits
6633/spec-6633-56369-0361.fits
6633/spec-6633-56369-0362.fits
6633/spec-6633-56369-0363.fits
6633/spec-6633-56369-0364.fits
6633/spec-6633-56369-0365.fits
6633/spec-6633-56369-0366.fits
6633/spec-6633-56369-0367.fits
6633/spec-6633-56369-0368.fits
6633/spec-6633-56369-0369.fits
6633/spec-6633-56369-0370.fits
6633/spec-6633-56369-0371.fits
6633/spec-6633-56369-0372.fits
6633/spec-6633-56369-0373.fits
6633/spec-6633-56369-0374.fits
6633/spec-6633-56369-0375.fits
6633/spec-6633-56369-0376.fits
6633/spec-6633-56369-0377.fits
6633/spec-6633-56369-0378.fits
6633/spec-6633-56369-0379.fits
6633/spec-6633-56369-0380.fits
6633/spec-6633-56369-0381.fits
6633/spec-6633-56369-0382.fits
6633/spec-6633-56369-0383.fits
6633/spec-6633-56369-0384.fits
6633/spec-6633-56369-0385.fits
6633/spec-6633-56369-0386.fits
6633/spec-6633-56369-0387.fits
6633/spec-6633-56369-0388.fits
6633/spec-6633-56369-0389.fits
6633/spec-6633-56369-0390.fits
6633/spec-6633-56369-0391.fits
6633/spec-6633-56369-0392.fits
6633/spec-6633-56369-0393.fits
6633/spec-6633-56369-0394.fits
6633/spec-6633-56369-0395.fits
6633/spec-6633-56369-0396.fits
6633/spec-6633-56369-0397.fits
6633/spec-6633-56369-0398.fits
6633/spec-6633-56369-0399.fits
6633/spec-6633-56369-0400.fits
6633/spec-6633-56369-0401.fits
6633/spec-6633-56369-0402.fits
6633/spec-6633-56369-0403.fits
6633/spec-6633-56369-0404.fits
6633/spec-6633-56369-0405.fits
6633/spec-6633-56369-0406.fits
6633/spec-6633-56369-0407.fits
6633/spec-6633-56369-0408.fits
6633/spec-6633-56369-0409.fits
6633/spec-6633-56369-0410.fits
6633/spec-6633-56369-0411.fits
6633/spec-6633-56369-0412.fits
6633/spec-6633-56369-0413.fits
6633/spec-6633-56369-0414.fits
6633/spec-6633-56369-0415.fits
6633/spec-6633-56369-0416.fits
6633/spec-6633-56369-0417.fits
6633/spec-6633-56369-0418.fits
6633/spec-6633-56369-0419.fits
6633/spec-6633-56369-0420.fits
6633/spec-6633-56369-0421.fits
6633/spec-6633-56369-0422.fits
6633/spec-6633-56369-0423.fits
6633/spec-6633-56369-0424.fits
6633/spec-6633-56369-0425.fits
6633/spec-6633-56369-0426.fits
6633/spec-6633-56369-0427.fits
6633/spec-6633-56369-0428.fits
6633/spec-6633-56369-0429.fits
6633/spec-6633-56369-0430.fits
6633/spec-6633-56369-0431.fits
6633/spec-6633-56369-0432.fits
6633/spec-6633-56369-0433.fits
6633/spec-6633-56369-0434.fits
6633/spec-6633-56369-0435.fits
6633/spec-6633-56369-0436.fits
6633/spec-6633-56369-0437.fits
6633/spec-6633-56369-0438.fits
6633/spec-6633-56369-0439.fits
6633/spec-6633-56369-0440.fits
6633/spec-6633-56369-0441.fits
6633/spec-6633-56369-0442.fits
6633/spec-6633-56369-0443.fits
6633/spec-6633-56369-0444.fits
6633/spec-6633-56369-0445.fits
6633/spec-6633-56369-0446.fits
6633/spec-6633-56369-0447.fits
6633/spec-6633-56369-0448.fits
6633/spec-6633-56369-0449.fits
6633/spec-6633-56369-0450.fits
6633/spec-6633-56369-0451.fits
6633/spec-6633-56369-0452.fits
6633/spec-6633-56369-0453.fits
6633/spec-6633-56369-0454.fits
6633/spec-6633-56369-0455.fits
6633/spec-6633-56369-0456.fits
6633/spec-6633-56369-0457.fits
6633/spec-6633-56369-0458.fits
6633/spec-6633-56369-0459.fits
6633/spec-6633-56369-0460.fits
6633/spec-6633-56369-0461.fits
6633/spec-6633-56369-0462.fits
6633/spec-6633-56369-0463.fits
6633/spec-6633-56369-0464.fits
6633/spec-6633-56369-0465.fits
6633/spec-6633-56369-0466.fits
6633/spec-6633-56369-0467.fits
6633/spec-6633-56369-0468.fits
6633/spec-6633-56369-0469.fits
6633/spec-6633-56369-0470.fits
6633/spec-6633-56369-0471.fits
6633/spec-6633-56369-0472.fits
6633/spec-6633-56369-0473.fits
6633/spec-6633-56369-0474.fits
6633/spec-6633-56369-0475.fits
6633/spec-6633-56369-0476.fits
6633/spec-6633-56369-0477.fits
6633/spec-6633-56369-0478.fits
6633/spec-6633-56369-0479.fits
6633/spec-6633-56369-0480.fits
6633/spec-6633-56369-0481.fits
6633/spec-6633-56369-0482.fits
6633/spec-6633-56369-0483.fits
6633/spec-6633-56369-0484.fits
6633/spec-6633-56369-0485.fits
6633/spec-6633-56369-0486.fits
6633/spec-6633-56369-0487.fits
6633/spec-6633-56369-0488.fits
6633/spec-6633-56369-0489.fits
6633/spec-6633-56369-0490.fits
6633/spec-6633-56369-0491.fits
6633/spec-6633-56369-0492.fits
6633/spec-6633-56369-0493.fits
6633/spec-6633-56369-0494.fits
6633/spec-6633-56369-0495.fits
6633/spec-6633-56369-0496.fits
6633/spec-6633-56369-0497.fits
6633/spec-6633-56369-0498.fits
6633/spec-6633-56369-0499.fits
6633/spec-6633-56369-0500.fits
6633/spec-6633-56369-0501.fits
6633/spec-6633-56369-0502.fits
6633/spec-6633-56369-0503.fits
6633/spec-6633-56369-0504.fits
6633/spec-6633-56369-0505.fits
6633/spec-6633-56369-0506.fits
6633/spec-6633-56369-0507.fits
6633/spec-6633-56369-0508.fits
6633/spec-6633-56369-0509.fits
6633/spec-6633-56369-0510.fits
6633/spec-6633-56369-0511.fits
6633/spec-6633-56369-0512.fits
6633/spec-6633-56369-0513.fits
6633/spec-6633-56369-0514.fits
6633/spec-6633-56369-0515.fits
6633/spec-6633-56369-0516.fits
6633/spec-6633-56369-0517.fits
6633/spec-6633-56369-0518.fits
6633/spec-6633-56369-0519.fits
6633/spec-6633-56369-0520.fits
6633/spec-6633-56369-0521.fits
6633/spec-6633-56369-0522.fits
6633/spec-6633-56369-0523.fits
6633/spec-6633-56369-0524.fits
6633/spec-6633-56369-0525.fits
6633/spec-6633-56369-0526.fits
6633/spec-6633-56369-0527.fits
6633/spec-6633-56369-0528.fits
6633/spec-6633-56369-0529.fits
6633/spec-6633-56369-0530.fits
6633/spec-6633-56369-0531.fits
6633/spec-6633-56369-0532.fits
6633/spec-6633-56369-0533.fits
6633/spec-6633-56369-0534.fits
6633/spec-6633-56369-0535.fits
6633/spec-6633-56369-0536.fits
6633/spec-6633-56369-0537.fits
6633/spec-6633-56369-0538.fits
6633/spec-6633-56369-0539.fits
6633/spec-6633-56369-0540.fits
6633/spec-6633-56369-0541.fits
6633/spec-6633-56369-0542.fits
6633/spec-6633-56369-0543.fits
6633/spec-6633-56369-0544.fits
6633/spec-6633-56369-0545.fits
6633/spec-6633-56369-0546.fits
6633/spec-6633-56369-0547.fits
6633/spec-6633-56369-0548.fits
6633/spec-6633-56369-0549.fits
6633/spec-6633-56369-0550.fits
6633/spec-6633-56369-0551.fits
6633/spec-6633-56369-0552.fits
6633/spec-6633-56369-0553.fits
6633/spec-6633-56369-0554.fits
6633/spec-6633-56369-0555.fits
6633/spec-6633-56369-0556.fits
6633/spec-6633-56369-0557.fits
6633/spec-6633-56369-0558.fits
6633/spec-6633-56369-0559.fits
6633/spec-6633-56369-0560.fits
6633/spec-6633-56369-0561.fits
6633/spec-6633-56369-0562.fits
6633/spec-6633-56369-0563.fits
6633/spec-6633-56369-0564.fits
6633/spec-6633-56369-0565.fits
6633/spec-6633-56369-0566.fits
6633/spec-6633-56369-0567.fits
6633/spec-6633-56369-0568.fits
6633/spec-6633-56369-0569.fits
6633/spec-6633-56369-0570.fits
6633/spec-6633-56369-0571.fits
6633/spec-6633-56369-0572.fits
6633/spec-6633-56369-0573.fits
6633/spec-6633-56369-0574.fits
6633/spec-6633-56369-0575.fits
6633/spec-6633-56369-0576.fits
6633/spec-6633-56369-0577.fits
6633/spec-6633-56369-0578.fits
6633/spec-6633-56369-0579.fits
6633/spec-6633-56369-0580.fits
6633/spec-6633-56369-0581.fits
6633/spec-6633-56369-0582.fits
6633/spec-6633-56369-0583.fits
6633/spec-6633-56369-0584.fits
6633/spec-6633-56369-0585.fits
6633/spec-6633-56369-0586.fits
6633/spec-6633-56369-0587.fits
6633/spec-6633-56369-0588.fits
6633/spec-6633-56369-0589.fits
6633/spec-6633-56369-0590.fits
6633/spec-6633-56369-0591.fits
6633/spec-6633-56369-0592.fits
6633/spec-6633-56369-0593.fits
6633/spec-6633-56369-0594.fits
6633/spec-6633-56369-0595.fits
6633/spec-6633-56369-0596.fits
6633/spec-6633-56369-0597.fits
6633/spec-6633-56369-0598.fits
6633/spec-6633-56369-0599.fits
6633/spec-6633-56369-0600.fits
6633/spec-6633-56369-0601.fits
6633/spec-6633-56369-0602.fits
6633/spec-6633-56369-0603.fits
6633/spec-6633-56369-0604.fits
6633/spec-6633-56369-0605.fits
6633/spec-6633-56369-0606.fits
6633/spec-6633-56369-0607.fits
6633/spec-6633-56369-0608.fits
6633/spec-6633-56369-0609.fits
6633/spec-6633-56369-0610.fits
6633/spec-6633-56369-0611.fits
6633/spec-6633-56369-0612.fits
6633/spec-6633-56369-0613.fits
6633/spec-6633-56369-0614.fits
6633/spec-6633-56369-0615.fits
6633/spec-6633-56369-0616.fits
6633/spec-6633-56369-0617.fits
6633/spec-6633-56369-0618.fits
6633/spec-6633-56369-0619.fits
6633/spec-6633-56369-0620.fits
6633/spec-6633-56369-0621.fits
6633/spec-6633-56369-0622.fits
6633/spec-6633-56369-0623.fits
6633/spec-6633-56369-0624.fits
6633/spec-6633-56369-0625.fits
6633/spec-6633-56369-0626.fits
6633/spec-6633-56369-0627.fits
6633/spec-6633-56369-0628.fits
6633/spec-6633-56369-0629.fits
6633/spec-6633-56369-0630.fits
6633/spec-6633-56369-0631.fits
6633/spec-6633-56369-0632.fits
6633/spec-6633-56369-0633.fits
6633/spec-6633-56369-0634.fits
6633/spec-6633-56369-0635.fits
6633/spec-6633-56369-0636.fits
6633/spec-6633-56369-0637.fits
6633/spec-6633-56369-0638.fits
6633/spec-6633-56369-0639.fits
6633/spec-6633-56369-0640.fits
6633/spec-6633-56369-0641.fits
6633/spec-6633-56369-0642.fits
6633/spec-6633-56369-0643.fits
6633/spec-6633-56369-0644.fits
6633/spec-6633-56369-0645.fits
6633/spec-6633-56369-0646.fits
6633/spec-6633-56369-0647.fits
6633/spec-6633-56369-0648.fits
6633/spec-6633-56369-0649.fits
6633/spec-6633-56369-0650.fits
6633/spec-6633-56369-0651.fits
6633/spec-6633-56369-0652.fits
6633/spec-6633-56369-0653.fits
6633/spec-6633-56369-0654.fits
6633/spec-6633-56369-0655.fits
6633/spec-6633-56369-0656.fits
6633/spec-6633-56369-0657.fits
6633/spec-6633-56369-0658.fits
6633/spec-6633-56369-0659.fits
6633/spec-6633-56369-0660.fits
6633/spec-6633-56369-0661.fits
6633/spec-6633-56369-0662.fits
6633/spec-6633-56369-0663.fits
6633/spec-6633-56369-0664.fits
6633/spec-6633-56369-0665.fits
6633/spec-6633-56369-0666.fits
6633/spec-6633-56369-0667.fits
6633/spec-6633-56369-0668.fits
6633/spec-6633-56369-0669.fits
6633/spec-6633-56369-0670.fits
6633/spec-6633-56369-0671.fits
6633/spec-6633-56369-0672.fits
6633/spec-6633-56369-0673.fits
6633/spec-6633-56369-0674.fits
6633/spec-6633-56369-0675.fits
6633/spec-6633-56369-0676.fits
6633/spec-6633-56369-0677.fits
6633/spec-6633-56369-0678.fits
6633/spec-6633-56369-0679.fits
6633/spec-6633-56369-0680.fits
6633/spec-6633-56369-0681.fits
6633/spec-6633-56369-0682.fits
6633/spec-6633-56369-0683.fits
6633/spec-6633-56369-0684.fits
6633/spec-6633-56369-0685.fits
6633/spec-6633-56369-0686.fits
6633/spec-6633-56369-0687.fits
6633/spec-6633-56369-0688.fits
6633/spec-6633-56369-0689.fits
6633/spec-6633-56369-0690.fits
6633/spec-6633-56369-0691.fits
6633/spec-6633-56369-0692.fits
6633/spec-6633-56369-0693.fits
6633/spec-6633-56369-0694.fits
6633/spec-6633-56369-0695.fits
6633/spec-6633-56369-0696.fits
6633/spec-6633-56369-0697.fits
6633/spec-6633-56369-0698.fits
6633/spec-6633-56369-0699.fits
6633/spec-6633-56369-0700.fits
6633/spec-6633-56369-0701.fits
6633/spec-6633-56369-0702.fits
6633/spec-6633-56369-0703.fits
6633/spec-6633-56369-0704.fits
6633/spec-6633-56369-0705.fits
6633/spec-6633-56369-0706.fits
6633/spec-6633-56369-0707.fits
6633/spec-6633-56369-0708.fits
6633/spec-6633-56369-0709.fits
6633/spec-6633-56369-0710.fits
6633/spec-6633-56369-0711.fits
6633/spec-6633-56369-0712.fits
6633/spec-6633-56369-0713.fits
6633/spec-6633-56369-0714.fits
6633/spec-6633-56369-0715.fits
6633/spec-6633-56369-0716.fits
6633/spec-6633-56369-0717.fits
6633/spec-6633-56369-0718.fits
6633/spec-6633-56369-0719.fits
6633/spec-6633-56369-0720.fits
6633/spec-6633-56369-0721.fits
6633/spec-6633-56369-0722.fits
6633/spec-6633-56369-0723.fits
6633/spec-6633-56369-0724.fits
6633/spec-6633-56369-0725.fits
6633/spec-6633-56369-0726.fits
6633/spec-6633-56369-0727.fits
6633/spec-6633-56369-0728.fits
6633/spec-6633-56369-0729.fits
6633/spec-6633-56369-0730.fits
6633/spec-6633-56369-0731.fits
6633/spec-6633-56369-0732.fits
6633/spec-6633-56369-0733.fits
6633/spec-6633-56369-0734.fits
6633/spec-6633-56369-0735.fits
6633/spec-6633-56369-0736.fits
6633/spec-6633-56369-0737.fits
6633/spec-6633-56369-0738.fits
6633/spec-6633-56369-0739.fits
6633/spec-6633-56369-0740.fits
6633/spec-6633-56369-0741.fits
6633/spec-6633-56369-0742.fits
6633/spec-6633-56369-0743.fits
6633/spec-6633-56369-0744.fits
6633/spec-6633-56369-0745.fits
6633/spec-6633-56369-0746.fits
6633/spec-6633-56369-0747.fits
6633/spec-6633-56369-0748.fits
6633/spec-6633-56369-0749.fits
6633/spec-6633-56369-0750.fits
6633/spec-6633-56369-0751.fits
6633/spec-6633-56369-0752.fits
6633/spec-6633-56369-0753.fits
6633/spec-6633-56369-0754.fits
6633/spec-6633-56369-0755.fits
6633/spec-6633-56369-0756.fits
6633/spec-6633-56369-0757.fits
6633/spec-6633-56369-0758.fits
6633/spec-6633-56369-0759.fits
6633/spec-6633-56369-0760.fits
6633/spec-6633-56369-0761.fits
6633/spec-6633-56369-0762.fits
6633/spec-6633-56369-0763.fits
6633/spec-6633-56369-0764.fits
6633/spec-6633-56369-0765.fits
6633/spec-6633-56369-0766.fits
6633/spec-6633-56369-0767.fits
6633/spec-6633-56369-0768.fits
6633/spec-6633-56369-0769.fits
6633/spec-6633-56369-0770.fits
6633/spec-6633-56369-0771.fits
6633/spec-6633-56369-0772.fits
6633/spec-6633-56369-0773.fits
6633/spec-6633-56369-0774.fits
6633/spec-6633-56369-0775.fits
6633/spec-6633-56369-0776.fits
6633/spec-6633-56369-0777.fits
6633/spec-6633-56369-0778.fits
6633/spec-6633-56369-0779.fits
6633/spec-6633-56369-0780.fits
6633/spec-6633-56369-0781.fits
6633/spec-6633-56369-0782.fits
6633/spec-6633-56369-0783.fits
6633/spec-6633-56369-0784.fits
6633/spec-6633-56369-0785.fits
6633/spec-6633-56369-0786.fits
6633/spec-6633-56369-0787.fits
6633/spec-6633-56369-0788.fits
6633/spec-6633-56369-0789.fits
6633/spec-6633-56369-0790.fits
6633/spec-6633-56369-0791.fits
6633/spec-6633-56369-0792.fits
6633/spec-6633-56369-0793.fits
6633/spec-6633-56369-0794.fits
6633/spec-6633-56369-0795.fits
6633/spec-6633-56369-0796.fits
6633/spec-6633-56369-0797.fits
6633/spec-6633-56369-0798.fits
6633/spec-6633-56369-0799.fits
6633/spec-6633-56369-0800.fits
6633/spec-6633-56369-0801.fits
6633/spec-6633-56369-0802.fits
6633/spec-6633-56369-0803.fits
6633/spec-6633-56369-0804.fits
6633/spec-6633-56369-0805.fits
6633/spec-6633-56369-0806.fits
6633/spec-6633-56369-0807.fits
6633/spec-6633-56369-0808.fits
6633/spec-6633-56369-0809.fits
6633/spec-6633-56369-0810.fits
6633/spec-6633-56369-0811.fits
6633/spec-6633-56369-0812.fits
6633/spec-6633-56369-0813.fits
6633/spec-6633-56369-0814.fits
6633/spec-6633-56369-0815.fits
6633/spec-6633-56369-0816.fits
6633/spec-6633-56369-0817.fits
6633/spec-6633-56369-0818.fits
6633/spec-6633-56369-0819.fits
6633/spec-6633-56369-0820.fits
6633/spec-6633-56369-0821.fits
6633/spec-6633-56369-0822.fits
6633/spec-6633-56369-0823.fits
6633/spec-6633-56369-0824.fits
6633/spec-6633-56369-0825.fits
6633/spec-6633-56369-0826.fits
6633/spec-6633-56369-0827.fits
6633/spec-6633-56369-0828.fits
6633/spec-6633-56369-0829.fits
6633/spec-6633-56369-0830.fits
6633/spec-6633-56369-0831.fits
6633/spec-6633-56369-0832.fits
6633/spec-6633-56369-0833.fits
6633/spec-6633-56369-0834.fits
6633/spec-6633-56369-0835.fits
6633/spec-6633-56369-0836.fits
6633/spec-6633-56369-0837.fits
6633/spec-6633-56369-0838.fits
6633/spec-6633-56369-0839.fits
6633/spec-6633-56369-0840.fits
6633/spec-6633-56369-0841.fits
6633/spec-6633-56369-0842.fits
6633/spec-6633-56369-0843.fits
6633/spec-6633-56369-0844.fits
6633/spec-6633-56369-0845.fits
6633/spec-6633-56369-0846.fits
6633/spec-6633-56369-0847.fits
6633/spec-6633-56369-0848.fits
6633/spec-6633-56369-0849.fits
6633/spec-6633-56369-0850.fits
6633/spec-6633-56369-0851.fits
6633/spec-6633-56369-0852.fits
6633/spec-6633-56369-0853.fits
6633/spec-6633-56369-0854.fits
6633/spec-6633-56369-0855.fits
6633/spec-6633-56369-0856.fits
6633/spec-6633-56369-0857.fits
6633/spec-6633-56369-0858.fits
6633/spec-6633-56369-0859.fits
6633/spec-6633-56369-0860.fits
6633/spec-6633-56369-0861.fits
6633/spec-6633-56369-0862.fits
6633/spec-6633-56369-0863.fits
6633/spec-6633-56369-0864.fits
6633/spec-6633-56369-0865.fits
6633/spec-6633-56369-0866.fits
6633/spec-6633-56369-0867.fits
6633/spec-6633-56369-0868.fits
6633/spec-6633-56369-0869.fits
6633/spec-6633-56369-0870.fits
6633/spec-6633-56369-0871.fits
6633/spec-6633-56369-0872.fits
6633/spec-6633-56369-0873.fits
6633/spec-6633-56369-0874.fits
6633/spec-6633-56369-0875.fits
6633/spec-6633-56369-0876.fits
6633/spec-6633-56369-0877.fits
6633/spec-6633-56369-0878.fits
6633/spec-6633-56369-0879.fits
6633/spec-6633-56369-0880.fits
6633/spec-6633-56369-0881.fits
6633/spec-6633-56369-0882.fits
6633/spec-6633-56369-0883.fits
6633/spec-6633-56369-0884.fits
6633/spec-6633-56369-0885.fits
6633/spec-6633-56369-0886.fits
6633/spec-6633-56369-0887.fits
6633/spec-6633-56369-0888.fits
6633/spec-6633-56369-0889.fits
6633/spec-6633-56369-0890.fits
6633/spec-6633-56369-0891.fits
6633/spec-6633-56369-0892.fits
6633/spec-6633-56369-0893.fits
6633/spec-6633-56369-0894.fits
6633/spec-6633-56369-0895.fits
6633/spec-6633-56369-0896.fits
6633/spec-6633-56369-0897.fits
6633/spec-6633-56369-0898.fits
6633/spec-6633-56369-0899.fits
6633/spec-6633-56369-0900.fits
6633/spec-6633-56369-0901.fits
6633/spec-6633-56369-0902.fits
6633/spec-6633-56369-0903.fits
6633/spec-6633-56369-0904.fits
6633/spec-6633-56369-0905.fits
6633/spec-6633-56369-0906.fits
6633/spec-6633-56369-0907.fits
6633/spec-6633-56369-0908.fits
6633/spec-6633-56369-0909.fits
6633/spec-6633-56369-0910.fits
6633/spec-6633-56369-0911.fits
6633/spec-6633-56369-0912.fits
6633/spec-6633-56369-0913.fits
6633/spec-6633-56369-0914.fits
6633/spec-6633-56369-0915.fits
6633/spec-6633-56369-0916.fits
6633/spec-6633-56369-0917.fits
6633/spec-6633-56369-0918.fits
6633/spec-6633-56369-0919.fits
6633/spec-6633-56369-0920.fits
6633/spec-6633-56369-0921.fits
6633/spec-6633-56369-0922.fits
6633/spec-6633-56369-0923.fits
6633/spec-6633-56369-0924.fits
6633/spec-6633-56369-0925.fits
6633/spec-6633-56369-0926.fits
6633/spec-6633-56369-0927.fits
6633/spec-6633-56369-0928.fits
6633/spec-6633-56369-0929.fits
6633/spec-6633-56369-0930.fits
6633/spec-6633-56369-0931.fits
6633/spec-6633-56369-0932.fits
6633/spec-6633-56369-0933.fits
6633/spec-6633-56369-0934.fits
6633/spec-6633-56369-0935.fits
6633/spec-6633-56369-0936.fits
6633/spec-6633-56369-0937.fits
6633/spec-6633-56369-0938.fits
6633/spec-6633-56369-0939.fits
6633/spec-6633-56369-0940.fits
6633/spec-6633-56369-0941.fits
6633/spec-6633-56369-0942.fits
6633/spec-6633-56369-0943.fits
6633/spec-6633-56369-0944.fits
6633/spec-6633-56369-0945.fits
6633/spec-6633-56369-0946.fits
6633/spec-6633-56369-0947.fits
6633/spec-6633-56369-0948.fits
6633/spec-6633-56369-0949.fits
6633/spec-6633-56369-0950.fits
6633/spec-6633-56369-0951.fits
6633/spec-6633-56369-0952.fits
6633/spec-6633-56369-0953.fits
6633/spec-6633-56369-0954.fits
6633/spec-6633-56369-0955.fits
6633/spec-6633-56369-0956.fits
6633/spec-6633-56369-0957.fits
6633/spec-6633-56369-0958.fits
6633/spec-6633-56369-0959.fits
6633/spec-6633-56369-0960.fits
6633/spec-6633-56369-0961.fits
6633/spec-6633-56369-0962.fits
6633/spec-6633-56369-0963.fits
6633/spec-6633-56369-0964.fits
6633/spec-6633-56369-0965.fits
6633/spec-6633-56369-0966.fits
6633/spec-6633-56369-0967.fits
6633/spec-6633-56369-0968.fits
6633/spec-6633-56369-0969.fits
6633/spec-6633-56369-0970.fits
6633/spec-6633-56369-0971.fits
6633/spec-6633-56369-0972.fits
6633/spec-6633-56369-0973.fits
6633/spec-6633-56369-0974.fits
6633/spec-6633-56369-0975.fits
6633/spec-6633-56369-0976.fits
6633/spec-6633-56369-0977.fits
6633/spec-6633-56369-0978.fits
6633/spec-6633-56369-0979.fits
6633/spec-6633-56369-0980.fits
6633/spec-6633-56369-0981.fits
6633/spec-6633-56369-0982.fits
6633/spec-6633-56369-0983.fits
6633/spec-6633-56369-0984.fits
6633/spec-6633-56369-0985.fits
6633/spec-6633-56369-0986.fits
6633/spec-6633-56369-0987.fits
6633/spec-6633-56369-0988.fits
6633/spec-6633-56369-0989.fits
6633/spec-6633-56369-0990.fits
6633/spec-6633-56369-0991.fits
6633/spec-6633-56369-0992.fits
6633/spec-6633-56369-0993.fits
6633/spec-6633-56369-0994.fits
6633/spec-6633-56369-0995.fits
6633/spec-6633-56369-0996.fits
6633/spec-6633-56369-0997.fits
6633/spec-6633-56369-0998.fits
6633/spec-6633-56369-0999.fits
6633/spec-6633-56369-1000.fits
/var/lib/condor/execute/slot1/dir_14605
6633 6633.tgz R R361.tar.gz _condor_stderr _condor_stdout cB58_Lyman_break.fit condor_exec.exe hw4.R packages packages.tar.gz tmp var
[1] "Loaded package astro."
[1] 1000
6633 6633.csv 6633.tgz R R361.tar.gz _condor_stderr _condor_stdout cB58_Lyman_break.fit condor_exec.exe hw4.R packages packages.tar.gz tmp var
