6635
6635/
6635/spec-6635-56370-0001.fits
6635/spec-6635-56370-0002.fits
6635/spec-6635-56370-0003.fits
6635/spec-6635-56370-0004.fits
6635/spec-6635-56370-0005.fits
6635/spec-6635-56370-0006.fits
6635/spec-6635-56370-0007.fits
6635/spec-6635-56370-0008.fits
6635/spec-6635-56370-0009.fits
6635/spec-6635-56370-0010.fits
6635/spec-6635-56370-0011.fits
6635/spec-6635-56370-0012.fits
6635/spec-6635-56370-0013.fits
6635/spec-6635-56370-0014.fits
6635/spec-6635-56370-0015.fits
6635/spec-6635-56370-0016.fits
6635/spec-6635-56370-0017.fits
6635/spec-6635-56370-0018.fits
6635/spec-6635-56370-0019.fits
6635/spec-6635-56370-0020.fits
6635/spec-6635-56370-0021.fits
6635/spec-6635-56370-0022.fits
6635/spec-6635-56370-0023.fits
6635/spec-6635-56370-0024.fits
6635/spec-6635-56370-0025.fits
6635/spec-6635-56370-0026.fits
6635/spec-6635-56370-0027.fits
6635/spec-6635-56370-0028.fits
6635/spec-6635-56370-0029.fits
6635/spec-6635-56370-0030.fits
6635/spec-6635-56370-0031.fits
6635/spec-6635-56370-0032.fits
6635/spec-6635-56370-0033.fits
6635/spec-6635-56370-0034.fits
6635/spec-6635-56370-0035.fits
6635/spec-6635-56370-0036.fits
6635/spec-6635-56370-0037.fits
6635/spec-6635-56370-0038.fits
6635/spec-6635-56370-0039.fits
6635/spec-6635-56370-0040.fits
6635/spec-6635-56370-0041.fits
6635/spec-6635-56370-0042.fits
6635/spec-6635-56370-0043.fits
6635/spec-6635-56370-0044.fits
6635/spec-6635-56370-0045.fits
6635/spec-6635-56370-0046.fits
6635/spec-6635-56370-0047.fits
6635/spec-6635-56370-0048.fits
6635/spec-6635-56370-0049.fits
6635/spec-6635-56370-0050.fits
6635/spec-6635-56370-0051.fits
6635/spec-6635-56370-0052.fits
6635/spec-6635-56370-0053.fits
6635/spec-6635-56370-0054.fits
6635/spec-6635-56370-0055.fits
6635/spec-6635-56370-0056.fits
6635/spec-6635-56370-0057.fits
6635/spec-6635-56370-0058.fits
6635/spec-6635-56370-0059.fits
6635/spec-6635-56370-0060.fits
6635/spec-6635-56370-0061.fits
6635/spec-6635-56370-0062.fits
6635/spec-6635-56370-0063.fits
6635/spec-6635-56370-0064.fits
6635/spec-6635-56370-0065.fits
6635/spec-6635-56370-0066.fits
6635/spec-6635-56370-0067.fits
6635/spec-6635-56370-0068.fits
6635/spec-6635-56370-0069.fits
6635/spec-6635-56370-0070.fits
6635/spec-6635-56370-0071.fits
6635/spec-6635-56370-0072.fits
6635/spec-6635-56370-0073.fits
6635/spec-6635-56370-0074.fits
6635/spec-6635-56370-0075.fits
6635/spec-6635-56370-0076.fits
6635/spec-6635-56370-0077.fits
6635/spec-6635-56370-0078.fits
6635/spec-6635-56370-0079.fits
6635/spec-6635-56370-0080.fits
6635/spec-6635-56370-0081.fits
6635/spec-6635-56370-0082.fits
6635/spec-6635-56370-0083.fits
6635/spec-6635-56370-0084.fits
6635/spec-6635-56370-0085.fits
6635/spec-6635-56370-0086.fits
6635/spec-6635-56370-0087.fits
6635/spec-6635-56370-0088.fits
6635/spec-6635-56370-0089.fits
6635/spec-6635-56370-0090.fits
6635/spec-6635-56370-0091.fits
6635/spec-6635-56370-0092.fits
6635/spec-6635-56370-0093.fits
6635/spec-6635-56370-0094.fits
6635/spec-6635-56370-0095.fits
6635/spec-6635-56370-0096.fits
6635/spec-6635-56370-0097.fits
6635/spec-6635-56370-0098.fits
6635/spec-6635-56370-0099.fits
6635/spec-6635-56370-0100.fits
6635/spec-6635-56370-0101.fits
6635/spec-6635-56370-0102.fits
6635/spec-6635-56370-0103.fits
6635/spec-6635-56370-0104.fits
6635/spec-6635-56370-0105.fits
6635/spec-6635-56370-0106.fits
6635/spec-6635-56370-0107.fits
6635/spec-6635-56370-0108.fits
6635/spec-6635-56370-0109.fits
6635/spec-6635-56370-0110.fits
6635/spec-6635-56370-0111.fits
6635/spec-6635-56370-0112.fits
6635/spec-6635-56370-0113.fits
6635/spec-6635-56370-0114.fits
6635/spec-6635-56370-0115.fits
6635/spec-6635-56370-0116.fits
6635/spec-6635-56370-0117.fits
6635/spec-6635-56370-0118.fits
6635/spec-6635-56370-0119.fits
6635/spec-6635-56370-0120.fits
6635/spec-6635-56370-0121.fits
6635/spec-6635-56370-0122.fits
6635/spec-6635-56370-0123.fits
6635/spec-6635-56370-0124.fits
6635/spec-6635-56370-0125.fits
6635/spec-6635-56370-0126.fits
6635/spec-6635-56370-0127.fits
6635/spec-6635-56370-0128.fits
6635/spec-6635-56370-0129.fits
6635/spec-6635-56370-0130.fits
6635/spec-6635-56370-0131.fits
6635/spec-6635-56370-0132.fits
6635/spec-6635-56370-0133.fits
6635/spec-6635-56370-0134.fits
6635/spec-6635-56370-0135.fits
6635/spec-6635-56370-0136.fits
6635/spec-6635-56370-0137.fits
6635/spec-6635-56370-0138.fits
6635/spec-6635-56370-0139.fits
6635/spec-6635-56370-0140.fits
6635/spec-6635-56370-0141.fits
6635/spec-6635-56370-0142.fits
6635/spec-6635-56370-0143.fits
6635/spec-6635-56370-0144.fits
6635/spec-6635-56370-0145.fits
6635/spec-6635-56370-0146.fits
6635/spec-6635-56370-0147.fits
6635/spec-6635-56370-0148.fits
6635/spec-6635-56370-0149.fits
6635/spec-6635-56370-0150.fits
6635/spec-6635-56370-0151.fits
6635/spec-6635-56370-0152.fits
6635/spec-6635-56370-0153.fits
6635/spec-6635-56370-0154.fits
6635/spec-6635-56370-0155.fits
6635/spec-6635-56370-0156.fits
6635/spec-6635-56370-0157.fits
6635/spec-6635-56370-0158.fits
6635/spec-6635-56370-0159.fits
6635/spec-6635-56370-0160.fits
6635/spec-6635-56370-0161.fits
6635/spec-6635-56370-0162.fits
6635/spec-6635-56370-0163.fits
6635/spec-6635-56370-0164.fits
6635/spec-6635-56370-0165.fits
6635/spec-6635-56370-0166.fits
6635/spec-6635-56370-0167.fits
6635/spec-6635-56370-0168.fits
6635/spec-6635-56370-0169.fits
6635/spec-6635-56370-0170.fits
6635/spec-6635-56370-0171.fits
6635/spec-6635-56370-0172.fits
6635/spec-6635-56370-0173.fits
6635/spec-6635-56370-0174.fits
6635/spec-6635-56370-0175.fits
6635/spec-6635-56370-0176.fits
6635/spec-6635-56370-0177.fits
6635/spec-6635-56370-0178.fits
6635/spec-6635-56370-0179.fits
6635/spec-6635-56370-0180.fits
6635/spec-6635-56370-0181.fits
6635/spec-6635-56370-0182.fits
6635/spec-6635-56370-0183.fits
6635/spec-6635-56370-0184.fits
6635/spec-6635-56370-0185.fits
6635/spec-6635-56370-0186.fits
6635/spec-6635-56370-0187.fits
6635/spec-6635-56370-0188.fits
6635/spec-6635-56370-0189.fits
6635/spec-6635-56370-0190.fits
6635/spec-6635-56370-0191.fits
6635/spec-6635-56370-0192.fits
6635/spec-6635-56370-0193.fits
6635/spec-6635-56370-0194.fits
6635/spec-6635-56370-0195.fits
6635/spec-6635-56370-0196.fits
6635/spec-6635-56370-0197.fits
6635/spec-6635-56370-0198.fits
6635/spec-6635-56370-0199.fits
6635/spec-6635-56370-0200.fits
6635/spec-6635-56370-0201.fits
6635/spec-6635-56370-0202.fits
6635/spec-6635-56370-0203.fits
6635/spec-6635-56370-0204.fits
6635/spec-6635-56370-0205.fits
6635/spec-6635-56370-0206.fits
6635/spec-6635-56370-0207.fits
6635/spec-6635-56370-0208.fits
6635/spec-6635-56370-0209.fits
6635/spec-6635-56370-0210.fits
6635/spec-6635-56370-0211.fits
6635/spec-6635-56370-0212.fits
6635/spec-6635-56370-0213.fits
6635/spec-6635-56370-0214.fits
6635/spec-6635-56370-0215.fits
6635/spec-6635-56370-0216.fits
6635/spec-6635-56370-0217.fits
6635/spec-6635-56370-0218.fits
6635/spec-6635-56370-0219.fits
6635/spec-6635-56370-0220.fits
6635/spec-6635-56370-0221.fits
6635/spec-6635-56370-0222.fits
6635/spec-6635-56370-0223.fits
6635/spec-6635-56370-0224.fits
6635/spec-6635-56370-0225.fits
6635/spec-6635-56370-0226.fits
6635/spec-6635-56370-0227.fits
6635/spec-6635-56370-0228.fits
6635/spec-6635-56370-0229.fits
6635/spec-6635-56370-0230.fits
6635/spec-6635-56370-0231.fits
6635/spec-6635-56370-0232.fits
6635/spec-6635-56370-0233.fits
6635/spec-6635-56370-0234.fits
6635/spec-6635-56370-0235.fits
6635/spec-6635-56370-0236.fits
6635/spec-6635-56370-0237.fits
6635/spec-6635-56370-0238.fits
6635/spec-6635-56370-0239.fits
6635/spec-6635-56370-0240.fits
6635/spec-6635-56370-0241.fits
6635/spec-6635-56370-0242.fits
6635/spec-6635-56370-0243.fits
6635/spec-6635-56370-0244.fits
6635/spec-6635-56370-0245.fits
6635/spec-6635-56370-0246.fits
6635/spec-6635-56370-0247.fits
6635/spec-6635-56370-0248.fits
6635/spec-6635-56370-0249.fits
6635/spec-6635-56370-0250.fits
6635/spec-6635-56370-0251.fits
6635/spec-6635-56370-0252.fits
6635/spec-6635-56370-0253.fits
6635/spec-6635-56370-0254.fits
6635/spec-6635-56370-0255.fits
6635/spec-6635-56370-0256.fits
6635/spec-6635-56370-0257.fits
6635/spec-6635-56370-0258.fits
6635/spec-6635-56370-0259.fits
6635/spec-6635-56370-0260.fits
6635/spec-6635-56370-0261.fits
6635/spec-6635-56370-0262.fits
6635/spec-6635-56370-0263.fits
6635/spec-6635-56370-0264.fits
6635/spec-6635-56370-0265.fits
6635/spec-6635-56370-0266.fits
6635/spec-6635-56370-0267.fits
6635/spec-6635-56370-0268.fits
6635/spec-6635-56370-0269.fits
6635/spec-6635-56370-0270.fits
6635/spec-6635-56370-0271.fits
6635/spec-6635-56370-0272.fits
6635/spec-6635-56370-0273.fits
6635/spec-6635-56370-0274.fits
6635/spec-6635-56370-0275.fits
6635/spec-6635-56370-0276.fits
6635/spec-6635-56370-0277.fits
6635/spec-6635-56370-0278.fits
6635/spec-6635-56370-0279.fits
6635/spec-6635-56370-0280.fits
6635/spec-6635-56370-0281.fits
6635/spec-6635-56370-0282.fits
6635/spec-6635-56370-0283.fits
6635/spec-6635-56370-0284.fits
6635/spec-6635-56370-0285.fits
6635/spec-6635-56370-0286.fits
6635/spec-6635-56370-0287.fits
6635/spec-6635-56370-0288.fits
6635/spec-6635-56370-0289.fits
6635/spec-6635-56370-0290.fits
6635/spec-6635-56370-0291.fits
6635/spec-6635-56370-0292.fits
6635/spec-6635-56370-0293.fits
6635/spec-6635-56370-0294.fits
6635/spec-6635-56370-0295.fits
6635/spec-6635-56370-0296.fits
6635/spec-6635-56370-0297.fits
6635/spec-6635-56370-0298.fits
6635/spec-6635-56370-0299.fits
6635/spec-6635-56370-0300.fits
6635/spec-6635-56370-0301.fits
6635/spec-6635-56370-0302.fits
6635/spec-6635-56370-0303.fits
6635/spec-6635-56370-0304.fits
6635/spec-6635-56370-0305.fits
6635/spec-6635-56370-0306.fits
6635/spec-6635-56370-0307.fits
6635/spec-6635-56370-0308.fits
6635/spec-6635-56370-0309.fits
6635/spec-6635-56370-0310.fits
6635/spec-6635-56370-0311.fits
6635/spec-6635-56370-0312.fits
6635/spec-6635-56370-0313.fits
6635/spec-6635-56370-0314.fits
6635/spec-6635-56370-0315.fits
6635/spec-6635-56370-0316.fits
6635/spec-6635-56370-0317.fits
6635/spec-6635-56370-0318.fits
6635/spec-6635-56370-0319.fits
6635/spec-6635-56370-0320.fits
6635/spec-6635-56370-0321.fits
6635/spec-6635-56370-0322.fits
6635/spec-6635-56370-0323.fits
6635/spec-6635-56370-0324.fits
6635/spec-6635-56370-0325.fits
6635/spec-6635-56370-0326.fits
6635/spec-6635-56370-0327.fits
6635/spec-6635-56370-0328.fits
6635/spec-6635-56370-0329.fits
6635/spec-6635-56370-0330.fits
6635/spec-6635-56370-0331.fits
6635/spec-6635-56370-0332.fits
6635/spec-6635-56370-0333.fits
6635/spec-6635-56370-0334.fits
6635/spec-6635-56370-0335.fits
6635/spec-6635-56370-0336.fits
6635/spec-6635-56370-0337.fits
6635/spec-6635-56370-0338.fits
6635/spec-6635-56370-0339.fits
6635/spec-6635-56370-0340.fits
6635/spec-6635-56370-0341.fits
6635/spec-6635-56370-0342.fits
6635/spec-6635-56370-0343.fits
6635/spec-6635-56370-0344.fits
6635/spec-6635-56370-0345.fits
6635/spec-6635-56370-0346.fits
6635/spec-6635-56370-0347.fits
6635/spec-6635-56370-0348.fits
6635/spec-6635-56370-0349.fits
6635/spec-6635-56370-0350.fits
6635/spec-6635-56370-0351.fits
6635/spec-6635-56370-0352.fits
6635/spec-6635-56370-0353.fits
6635/spec-6635-56370-0354.fits
6635/spec-6635-56370-0355.fits
6635/spec-6635-56370-0356.fits
6635/spec-6635-56370-0357.fits
6635/spec-6635-56370-0358.fits
6635/spec-6635-56370-0359.fits
6635/spec-6635-56370-0360.fits
6635/spec-6635-56370-0361.fits
6635/spec-6635-56370-0362.fits
6635/spec-6635-56370-0363.fits
6635/spec-6635-56370-0364.fits
6635/spec-6635-56370-0365.fits
6635/spec-6635-56370-0366.fits
6635/spec-6635-56370-0367.fits
6635/spec-6635-56370-0368.fits
6635/spec-6635-56370-0369.fits
6635/spec-6635-56370-0370.fits
6635/spec-6635-56370-0371.fits
6635/spec-6635-56370-0372.fits
6635/spec-6635-56370-0373.fits
6635/spec-6635-56370-0374.fits
6635/spec-6635-56370-0375.fits
6635/spec-6635-56370-0376.fits
6635/spec-6635-56370-0377.fits
6635/spec-6635-56370-0378.fits
6635/spec-6635-56370-0379.fits
6635/spec-6635-56370-0380.fits
6635/spec-6635-56370-0381.fits
6635/spec-6635-56370-0382.fits
6635/spec-6635-56370-0383.fits
6635/spec-6635-56370-0384.fits
6635/spec-6635-56370-0385.fits
6635/spec-6635-56370-0386.fits
6635/spec-6635-56370-0387.fits
6635/spec-6635-56370-0388.fits
6635/spec-6635-56370-0389.fits
6635/spec-6635-56370-0390.fits
6635/spec-6635-56370-0391.fits
6635/spec-6635-56370-0392.fits
6635/spec-6635-56370-0393.fits
6635/spec-6635-56370-0394.fits
6635/spec-6635-56370-0395.fits
6635/spec-6635-56370-0396.fits
6635/spec-6635-56370-0397.fits
6635/spec-6635-56370-0398.fits
6635/spec-6635-56370-0399.fits
6635/spec-6635-56370-0400.fits
6635/spec-6635-56370-0401.fits
6635/spec-6635-56370-0402.fits
6635/spec-6635-56370-0403.fits
6635/spec-6635-56370-0404.fits
6635/spec-6635-56370-0405.fits
6635/spec-6635-56370-0406.fits
6635/spec-6635-56370-0407.fits
6635/spec-6635-56370-0408.fits
6635/spec-6635-56370-0409.fits
6635/spec-6635-56370-0410.fits
6635/spec-6635-56370-0411.fits
6635/spec-6635-56370-0412.fits
6635/spec-6635-56370-0413.fits
6635/spec-6635-56370-0414.fits
6635/spec-6635-56370-0415.fits
6635/spec-6635-56370-0416.fits
6635/spec-6635-56370-0417.fits
6635/spec-6635-56370-0418.fits
6635/spec-6635-56370-0419.fits
6635/spec-6635-56370-0420.fits
6635/spec-6635-56370-0421.fits
6635/spec-6635-56370-0422.fits
6635/spec-6635-56370-0423.fits
6635/spec-6635-56370-0424.fits
6635/spec-6635-56370-0425.fits
6635/spec-6635-56370-0426.fits
6635/spec-6635-56370-0427.fits
6635/spec-6635-56370-0428.fits
6635/spec-6635-56370-0429.fits
6635/spec-6635-56370-0430.fits
6635/spec-6635-56370-0431.fits
6635/spec-6635-56370-0432.fits
6635/spec-6635-56370-0433.fits
6635/spec-6635-56370-0434.fits
6635/spec-6635-56370-0435.fits
6635/spec-6635-56370-0436.fits
6635/spec-6635-56370-0437.fits
6635/spec-6635-56370-0438.fits
6635/spec-6635-56370-0439.fits
6635/spec-6635-56370-0440.fits
6635/spec-6635-56370-0441.fits
6635/spec-6635-56370-0442.fits
6635/spec-6635-56370-0443.fits
6635/spec-6635-56370-0444.fits
6635/spec-6635-56370-0445.fits
6635/spec-6635-56370-0446.fits
6635/spec-6635-56370-0447.fits
6635/spec-6635-56370-0448.fits
6635/spec-6635-56370-0449.fits
6635/spec-6635-56370-0450.fits
6635/spec-6635-56370-0451.fits
6635/spec-6635-56370-0452.fits
6635/spec-6635-56370-0453.fits
6635/spec-6635-56370-0454.fits
6635/spec-6635-56370-0455.fits
6635/spec-6635-56370-0456.fits
6635/spec-6635-56370-0457.fits
6635/spec-6635-56370-0458.fits
6635/spec-6635-56370-0459.fits
6635/spec-6635-56370-0460.fits
6635/spec-6635-56370-0461.fits
6635/spec-6635-56370-0462.fits
6635/spec-6635-56370-0463.fits
6635/spec-6635-56370-0464.fits
6635/spec-6635-56370-0465.fits
6635/spec-6635-56370-0466.fits
6635/spec-6635-56370-0467.fits
6635/spec-6635-56370-0468.fits
6635/spec-6635-56370-0469.fits
6635/spec-6635-56370-0470.fits
6635/spec-6635-56370-0471.fits
6635/spec-6635-56370-0472.fits
6635/spec-6635-56370-0473.fits
6635/spec-6635-56370-0474.fits
6635/spec-6635-56370-0475.fits
6635/spec-6635-56370-0476.fits
6635/spec-6635-56370-0477.fits
6635/spec-6635-56370-0478.fits
6635/spec-6635-56370-0479.fits
6635/spec-6635-56370-0480.fits
6635/spec-6635-56370-0481.fits
6635/spec-6635-56370-0482.fits
6635/spec-6635-56370-0483.fits
6635/spec-6635-56370-0484.fits
6635/spec-6635-56370-0485.fits
6635/spec-6635-56370-0486.fits
6635/spec-6635-56370-0487.fits
6635/spec-6635-56370-0488.fits
6635/spec-6635-56370-0489.fits
6635/spec-6635-56370-0490.fits
6635/spec-6635-56370-0491.fits
6635/spec-6635-56370-0492.fits
6635/spec-6635-56370-0493.fits
6635/spec-6635-56370-0494.fits
6635/spec-6635-56370-0495.fits
6635/spec-6635-56370-0496.fits
6635/spec-6635-56370-0497.fits
6635/spec-6635-56370-0498.fits
6635/spec-6635-56370-0499.fits
6635/spec-6635-56370-0500.fits
6635/spec-6635-56370-0501.fits
6635/spec-6635-56370-0502.fits
6635/spec-6635-56370-0503.fits
6635/spec-6635-56370-0504.fits
6635/spec-6635-56370-0505.fits
6635/spec-6635-56370-0506.fits
6635/spec-6635-56370-0507.fits
6635/spec-6635-56370-0508.fits
6635/spec-6635-56370-0509.fits
6635/spec-6635-56370-0510.fits
6635/spec-6635-56370-0511.fits
6635/spec-6635-56370-0512.fits
6635/spec-6635-56370-0513.fits
6635/spec-6635-56370-0514.fits
6635/spec-6635-56370-0515.fits
6635/spec-6635-56370-0516.fits
6635/spec-6635-56370-0517.fits
6635/spec-6635-56370-0518.fits
6635/spec-6635-56370-0519.fits
6635/spec-6635-56370-0520.fits
6635/spec-6635-56370-0521.fits
6635/spec-6635-56370-0522.fits
6635/spec-6635-56370-0523.fits
6635/spec-6635-56370-0524.fits
6635/spec-6635-56370-0525.fits
6635/spec-6635-56370-0526.fits
6635/spec-6635-56370-0527.fits
6635/spec-6635-56370-0528.fits
6635/spec-6635-56370-0529.fits
6635/spec-6635-56370-0530.fits
6635/spec-6635-56370-0531.fits
6635/spec-6635-56370-0532.fits
6635/spec-6635-56370-0533.fits
6635/spec-6635-56370-0534.fits
6635/spec-6635-56370-0535.fits
6635/spec-6635-56370-0536.fits
6635/spec-6635-56370-0537.fits
6635/spec-6635-56370-0538.fits
6635/spec-6635-56370-0539.fits
6635/spec-6635-56370-0540.fits
6635/spec-6635-56370-0541.fits
6635/spec-6635-56370-0542.fits
6635/spec-6635-56370-0543.fits
6635/spec-6635-56370-0544.fits
6635/spec-6635-56370-0545.fits
6635/spec-6635-56370-0546.fits
6635/spec-6635-56370-0547.fits
6635/spec-6635-56370-0548.fits
6635/spec-6635-56370-0549.fits
6635/spec-6635-56370-0550.fits
6635/spec-6635-56370-0551.fits
6635/spec-6635-56370-0552.fits
6635/spec-6635-56370-0553.fits
6635/spec-6635-56370-0554.fits
6635/spec-6635-56370-0555.fits
6635/spec-6635-56370-0556.fits
6635/spec-6635-56370-0557.fits
6635/spec-6635-56370-0558.fits
6635/spec-6635-56370-0559.fits
6635/spec-6635-56370-0560.fits
6635/spec-6635-56370-0561.fits
6635/spec-6635-56370-0562.fits
6635/spec-6635-56370-0563.fits
6635/spec-6635-56370-0564.fits
6635/spec-6635-56370-0565.fits
6635/spec-6635-56370-0566.fits
6635/spec-6635-56370-0567.fits
6635/spec-6635-56370-0568.fits
6635/spec-6635-56370-0569.fits
6635/spec-6635-56370-0570.fits
6635/spec-6635-56370-0571.fits
6635/spec-6635-56370-0572.fits
6635/spec-6635-56370-0573.fits
6635/spec-6635-56370-0574.fits
6635/spec-6635-56370-0575.fits
6635/spec-6635-56370-0576.fits
6635/spec-6635-56370-0577.fits
6635/spec-6635-56370-0578.fits
6635/spec-6635-56370-0579.fits
6635/spec-6635-56370-0580.fits
6635/spec-6635-56370-0581.fits
6635/spec-6635-56370-0582.fits
6635/spec-6635-56370-0583.fits
6635/spec-6635-56370-0584.fits
6635/spec-6635-56370-0585.fits
6635/spec-6635-56370-0586.fits
6635/spec-6635-56370-0587.fits
6635/spec-6635-56370-0588.fits
6635/spec-6635-56370-0589.fits
6635/spec-6635-56370-0590.fits
6635/spec-6635-56370-0591.fits
6635/spec-6635-56370-0592.fits
6635/spec-6635-56370-0593.fits
6635/spec-6635-56370-0594.fits
6635/spec-6635-56370-0595.fits
6635/spec-6635-56370-0596.fits
6635/spec-6635-56370-0597.fits
6635/spec-6635-56370-0598.fits
6635/spec-6635-56370-0599.fits
6635/spec-6635-56370-0600.fits
6635/spec-6635-56370-0601.fits
6635/spec-6635-56370-0602.fits
6635/spec-6635-56370-0603.fits
6635/spec-6635-56370-0604.fits
6635/spec-6635-56370-0605.fits
6635/spec-6635-56370-0606.fits
6635/spec-6635-56370-0607.fits
6635/spec-6635-56370-0608.fits
6635/spec-6635-56370-0609.fits
6635/spec-6635-56370-0610.fits
6635/spec-6635-56370-0611.fits
6635/spec-6635-56370-0612.fits
6635/spec-6635-56370-0613.fits
6635/spec-6635-56370-0614.fits
6635/spec-6635-56370-0615.fits
6635/spec-6635-56370-0616.fits
6635/spec-6635-56370-0617.fits
6635/spec-6635-56370-0618.fits
6635/spec-6635-56370-0619.fits
6635/spec-6635-56370-0620.fits
6635/spec-6635-56370-0621.fits
6635/spec-6635-56370-0622.fits
6635/spec-6635-56370-0623.fits
6635/spec-6635-56370-0624.fits
6635/spec-6635-56370-0625.fits
6635/spec-6635-56370-0626.fits
6635/spec-6635-56370-0627.fits
6635/spec-6635-56370-0628.fits
6635/spec-6635-56370-0629.fits
6635/spec-6635-56370-0630.fits
6635/spec-6635-56370-0631.fits
6635/spec-6635-56370-0632.fits
6635/spec-6635-56370-0633.fits
6635/spec-6635-56370-0634.fits
6635/spec-6635-56370-0635.fits
6635/spec-6635-56370-0636.fits
6635/spec-6635-56370-0637.fits
6635/spec-6635-56370-0638.fits
6635/spec-6635-56370-0639.fits
6635/spec-6635-56370-0640.fits
6635/spec-6635-56370-0641.fits
6635/spec-6635-56370-0642.fits
6635/spec-6635-56370-0643.fits
6635/spec-6635-56370-0644.fits
6635/spec-6635-56370-0645.fits
6635/spec-6635-56370-0646.fits
6635/spec-6635-56370-0647.fits
6635/spec-6635-56370-0648.fits
6635/spec-6635-56370-0649.fits
6635/spec-6635-56370-0650.fits
6635/spec-6635-56370-0651.fits
6635/spec-6635-56370-0652.fits
6635/spec-6635-56370-0653.fits
6635/spec-6635-56370-0654.fits
6635/spec-6635-56370-0655.fits
6635/spec-6635-56370-0656.fits
6635/spec-6635-56370-0657.fits
6635/spec-6635-56370-0658.fits
6635/spec-6635-56370-0659.fits
6635/spec-6635-56370-0660.fits
6635/spec-6635-56370-0661.fits
6635/spec-6635-56370-0662.fits
6635/spec-6635-56370-0663.fits
6635/spec-6635-56370-0664.fits
6635/spec-6635-56370-0665.fits
6635/spec-6635-56370-0666.fits
6635/spec-6635-56370-0667.fits
6635/spec-6635-56370-0668.fits
6635/spec-6635-56370-0669.fits
6635/spec-6635-56370-0670.fits
6635/spec-6635-56370-0671.fits
6635/spec-6635-56370-0672.fits
6635/spec-6635-56370-0673.fits
6635/spec-6635-56370-0674.fits
6635/spec-6635-56370-0675.fits
6635/spec-6635-56370-0676.fits
6635/spec-6635-56370-0677.fits
6635/spec-6635-56370-0678.fits
6635/spec-6635-56370-0679.fits
6635/spec-6635-56370-0680.fits
6635/spec-6635-56370-0681.fits
6635/spec-6635-56370-0682.fits
6635/spec-6635-56370-0683.fits
6635/spec-6635-56370-0684.fits
6635/spec-6635-56370-0685.fits
6635/spec-6635-56370-0686.fits
6635/spec-6635-56370-0687.fits
6635/spec-6635-56370-0688.fits
6635/spec-6635-56370-0689.fits
6635/spec-6635-56370-0690.fits
6635/spec-6635-56370-0691.fits
6635/spec-6635-56370-0692.fits
6635/spec-6635-56370-0693.fits
6635/spec-6635-56370-0694.fits
6635/spec-6635-56370-0695.fits
6635/spec-6635-56370-0696.fits
6635/spec-6635-56370-0697.fits
6635/spec-6635-56370-0698.fits
6635/spec-6635-56370-0699.fits
6635/spec-6635-56370-0700.fits
6635/spec-6635-56370-0701.fits
6635/spec-6635-56370-0702.fits
6635/spec-6635-56370-0703.fits
6635/spec-6635-56370-0704.fits
6635/spec-6635-56370-0705.fits
6635/spec-6635-56370-0706.fits
6635/spec-6635-56370-0707.fits
6635/spec-6635-56370-0708.fits
6635/spec-6635-56370-0709.fits
6635/spec-6635-56370-0710.fits
6635/spec-6635-56370-0711.fits
6635/spec-6635-56370-0712.fits
6635/spec-6635-56370-0713.fits
6635/spec-6635-56370-0714.fits
6635/spec-6635-56370-0715.fits
6635/spec-6635-56370-0716.fits
6635/spec-6635-56370-0717.fits
6635/spec-6635-56370-0718.fits
6635/spec-6635-56370-0719.fits
6635/spec-6635-56370-0720.fits
6635/spec-6635-56370-0721.fits
6635/spec-6635-56370-0722.fits
6635/spec-6635-56370-0723.fits
6635/spec-6635-56370-0724.fits
6635/spec-6635-56370-0725.fits
6635/spec-6635-56370-0726.fits
6635/spec-6635-56370-0727.fits
6635/spec-6635-56370-0728.fits
6635/spec-6635-56370-0729.fits
6635/spec-6635-56370-0730.fits
6635/spec-6635-56370-0731.fits
6635/spec-6635-56370-0732.fits
6635/spec-6635-56370-0733.fits
6635/spec-6635-56370-0734.fits
6635/spec-6635-56370-0735.fits
6635/spec-6635-56370-0736.fits
6635/spec-6635-56370-0737.fits
6635/spec-6635-56370-0738.fits
6635/spec-6635-56370-0739.fits
6635/spec-6635-56370-0740.fits
6635/spec-6635-56370-0741.fits
6635/spec-6635-56370-0742.fits
6635/spec-6635-56370-0743.fits
6635/spec-6635-56370-0744.fits
6635/spec-6635-56370-0745.fits
6635/spec-6635-56370-0746.fits
6635/spec-6635-56370-0747.fits
6635/spec-6635-56370-0748.fits
6635/spec-6635-56370-0749.fits
6635/spec-6635-56370-0750.fits
6635/spec-6635-56370-0751.fits
6635/spec-6635-56370-0752.fits
6635/spec-6635-56370-0753.fits
6635/spec-6635-56370-0754.fits
6635/spec-6635-56370-0755.fits
6635/spec-6635-56370-0756.fits
6635/spec-6635-56370-0757.fits
6635/spec-6635-56370-0758.fits
6635/spec-6635-56370-0759.fits
6635/spec-6635-56370-0760.fits
6635/spec-6635-56370-0761.fits
6635/spec-6635-56370-0762.fits
6635/spec-6635-56370-0763.fits
6635/spec-6635-56370-0764.fits
6635/spec-6635-56370-0765.fits
6635/spec-6635-56370-0766.fits
6635/spec-6635-56370-0767.fits
6635/spec-6635-56370-0768.fits
6635/spec-6635-56370-0769.fits
6635/spec-6635-56370-0770.fits
6635/spec-6635-56370-0771.fits
6635/spec-6635-56370-0772.fits
6635/spec-6635-56370-0773.fits
6635/spec-6635-56370-0774.fits
6635/spec-6635-56370-0775.fits
6635/spec-6635-56370-0776.fits
6635/spec-6635-56370-0777.fits
6635/spec-6635-56370-0778.fits
6635/spec-6635-56370-0779.fits
6635/spec-6635-56370-0780.fits
6635/spec-6635-56370-0781.fits
6635/spec-6635-56370-0782.fits
6635/spec-6635-56370-0783.fits
6635/spec-6635-56370-0784.fits
6635/spec-6635-56370-0785.fits
6635/spec-6635-56370-0786.fits
6635/spec-6635-56370-0787.fits
6635/spec-6635-56370-0788.fits
6635/spec-6635-56370-0789.fits
6635/spec-6635-56370-0790.fits
6635/spec-6635-56370-0791.fits
6635/spec-6635-56370-0792.fits
6635/spec-6635-56370-0793.fits
6635/spec-6635-56370-0794.fits
6635/spec-6635-56370-0795.fits
6635/spec-6635-56370-0796.fits
6635/spec-6635-56370-0797.fits
6635/spec-6635-56370-0798.fits
6635/spec-6635-56370-0799.fits
6635/spec-6635-56370-0800.fits
6635/spec-6635-56370-0801.fits
6635/spec-6635-56370-0802.fits
6635/spec-6635-56370-0803.fits
6635/spec-6635-56370-0804.fits
6635/spec-6635-56370-0805.fits
6635/spec-6635-56370-0806.fits
6635/spec-6635-56370-0807.fits
6635/spec-6635-56370-0808.fits
6635/spec-6635-56370-0809.fits
6635/spec-6635-56370-0810.fits
6635/spec-6635-56370-0811.fits
6635/spec-6635-56370-0812.fits
6635/spec-6635-56370-0813.fits
6635/spec-6635-56370-0814.fits
6635/spec-6635-56370-0815.fits
6635/spec-6635-56370-0816.fits
6635/spec-6635-56370-0817.fits
6635/spec-6635-56370-0818.fits
6635/spec-6635-56370-0819.fits
6635/spec-6635-56370-0820.fits
6635/spec-6635-56370-0821.fits
6635/spec-6635-56370-0822.fits
6635/spec-6635-56370-0823.fits
6635/spec-6635-56370-0824.fits
6635/spec-6635-56370-0825.fits
6635/spec-6635-56370-0826.fits
6635/spec-6635-56370-0827.fits
6635/spec-6635-56370-0828.fits
6635/spec-6635-56370-0829.fits
6635/spec-6635-56370-0830.fits
6635/spec-6635-56370-0831.fits
6635/spec-6635-56370-0832.fits
6635/spec-6635-56370-0833.fits
6635/spec-6635-56370-0834.fits
6635/spec-6635-56370-0835.fits
6635/spec-6635-56370-0836.fits
6635/spec-6635-56370-0837.fits
6635/spec-6635-56370-0838.fits
6635/spec-6635-56370-0839.fits
6635/spec-6635-56370-0840.fits
6635/spec-6635-56370-0841.fits
6635/spec-6635-56370-0842.fits
6635/spec-6635-56370-0843.fits
6635/spec-6635-56370-0844.fits
6635/spec-6635-56370-0845.fits
6635/spec-6635-56370-0846.fits
6635/spec-6635-56370-0847.fits
6635/spec-6635-56370-0848.fits
6635/spec-6635-56370-0849.fits
6635/spec-6635-56370-0850.fits
6635/spec-6635-56370-0851.fits
6635/spec-6635-56370-0852.fits
6635/spec-6635-56370-0853.fits
6635/spec-6635-56370-0854.fits
6635/spec-6635-56370-0855.fits
6635/spec-6635-56370-0856.fits
6635/spec-6635-56370-0857.fits
6635/spec-6635-56370-0858.fits
6635/spec-6635-56370-0859.fits
6635/spec-6635-56370-0860.fits
6635/spec-6635-56370-0861.fits
6635/spec-6635-56370-0862.fits
6635/spec-6635-56370-0863.fits
6635/spec-6635-56370-0864.fits
6635/spec-6635-56370-0865.fits
6635/spec-6635-56370-0866.fits
6635/spec-6635-56370-0867.fits
6635/spec-6635-56370-0868.fits
6635/spec-6635-56370-0869.fits
6635/spec-6635-56370-0870.fits
6635/spec-6635-56370-0871.fits
6635/spec-6635-56370-0872.fits
6635/spec-6635-56370-0873.fits
6635/spec-6635-56370-0874.fits
6635/spec-6635-56370-0875.fits
6635/spec-6635-56370-0876.fits
6635/spec-6635-56370-0877.fits
6635/spec-6635-56370-0878.fits
6635/spec-6635-56370-0879.fits
6635/spec-6635-56370-0880.fits
6635/spec-6635-56370-0881.fits
6635/spec-6635-56370-0882.fits
6635/spec-6635-56370-0883.fits
6635/spec-6635-56370-0884.fits
6635/spec-6635-56370-0885.fits
6635/spec-6635-56370-0886.fits
6635/spec-6635-56370-0887.fits
6635/spec-6635-56370-0888.fits
6635/spec-6635-56370-0889.fits
6635/spec-6635-56370-0890.fits
6635/spec-6635-56370-0891.fits
6635/spec-6635-56370-0892.fits
6635/spec-6635-56370-0893.fits
6635/spec-6635-56370-0894.fits
6635/spec-6635-56370-0895.fits
6635/spec-6635-56370-0896.fits
6635/spec-6635-56370-0897.fits
6635/spec-6635-56370-0898.fits
6635/spec-6635-56370-0899.fits
6635/spec-6635-56370-0900.fits
6635/spec-6635-56370-0901.fits
6635/spec-6635-56370-0902.fits
6635/spec-6635-56370-0903.fits
6635/spec-6635-56370-0904.fits
6635/spec-6635-56370-0905.fits
6635/spec-6635-56370-0906.fits
6635/spec-6635-56370-0907.fits
6635/spec-6635-56370-0908.fits
6635/spec-6635-56370-0909.fits
6635/spec-6635-56370-0910.fits
6635/spec-6635-56370-0911.fits
6635/spec-6635-56370-0912.fits
6635/spec-6635-56370-0913.fits
6635/spec-6635-56370-0914.fits
6635/spec-6635-56370-0915.fits
6635/spec-6635-56370-0916.fits
6635/spec-6635-56370-0917.fits
6635/spec-6635-56370-0918.fits
6635/spec-6635-56370-0919.fits
6635/spec-6635-56370-0920.fits
6635/spec-6635-56370-0921.fits
6635/spec-6635-56370-0922.fits
6635/spec-6635-56370-0923.fits
6635/spec-6635-56370-0924.fits
6635/spec-6635-56370-0925.fits
6635/spec-6635-56370-0926.fits
6635/spec-6635-56370-0927.fits
6635/spec-6635-56370-0928.fits
6635/spec-6635-56370-0929.fits
6635/spec-6635-56370-0930.fits
6635/spec-6635-56370-0931.fits
6635/spec-6635-56370-0932.fits
6635/spec-6635-56370-0933.fits
6635/spec-6635-56370-0934.fits
6635/spec-6635-56370-0935.fits
6635/spec-6635-56370-0936.fits
6635/spec-6635-56370-0937.fits
6635/spec-6635-56370-0938.fits
6635/spec-6635-56370-0939.fits
6635/spec-6635-56370-0940.fits
6635/spec-6635-56370-0941.fits
6635/spec-6635-56370-0942.fits
6635/spec-6635-56370-0943.fits
6635/spec-6635-56370-0944.fits
6635/spec-6635-56370-0945.fits
6635/spec-6635-56370-0946.fits
6635/spec-6635-56370-0947.fits
6635/spec-6635-56370-0948.fits
6635/spec-6635-56370-0949.fits
6635/spec-6635-56370-0950.fits
6635/spec-6635-56370-0951.fits
6635/spec-6635-56370-0952.fits
6635/spec-6635-56370-0953.fits
6635/spec-6635-56370-0954.fits
6635/spec-6635-56370-0955.fits
6635/spec-6635-56370-0956.fits
6635/spec-6635-56370-0957.fits
6635/spec-6635-56370-0958.fits
6635/spec-6635-56370-0959.fits
6635/spec-6635-56370-0960.fits
6635/spec-6635-56370-0961.fits
6635/spec-6635-56370-0962.fits
6635/spec-6635-56370-0963.fits
6635/spec-6635-56370-0964.fits
6635/spec-6635-56370-0965.fits
6635/spec-6635-56370-0966.fits
6635/spec-6635-56370-0967.fits
6635/spec-6635-56370-0968.fits
6635/spec-6635-56370-0969.fits
6635/spec-6635-56370-0970.fits
6635/spec-6635-56370-0971.fits
6635/spec-6635-56370-0972.fits
6635/spec-6635-56370-0973.fits
6635/spec-6635-56370-0974.fits
6635/spec-6635-56370-0975.fits
6635/spec-6635-56370-0976.fits
6635/spec-6635-56370-0977.fits
6635/spec-6635-56370-0978.fits
6635/spec-6635-56370-0979.fits
6635/spec-6635-56370-0980.fits
6635/spec-6635-56370-0981.fits
6635/spec-6635-56370-0982.fits
6635/spec-6635-56370-0983.fits
6635/spec-6635-56370-0984.fits
6635/spec-6635-56370-0985.fits
6635/spec-6635-56370-0986.fits
6635/spec-6635-56370-0987.fits
6635/spec-6635-56370-0988.fits
6635/spec-6635-56370-0989.fits
6635/spec-6635-56370-0990.fits
6635/spec-6635-56370-0991.fits
6635/spec-6635-56370-0992.fits
6635/spec-6635-56370-0993.fits
6635/spec-6635-56370-0994.fits
6635/spec-6635-56370-0995.fits
6635/spec-6635-56370-0996.fits
6635/spec-6635-56370-0997.fits
6635/spec-6635-56370-0998.fits
6635/spec-6635-56370-0999.fits
6635/spec-6635-56370-1000.fits
/var/lib/condor/execute/slot1/dir_53093
6635 6635.tgz R R361.tar.gz _condor_stderr _condor_stdout cB58_Lyman_break.fit condor_exec.exe hw4.R packages packages.tar.gz tmp var
[1] "Loaded package astro."
[1] 1000
6635 6635.csv 6635.tgz R R361.tar.gz _condor_stderr _condor_stdout cB58_Lyman_break.fit condor_exec.exe hw4.R packages packages.tar.gz tmp var
