6649
6649/
6649/spec-6649-56364-0001.fits
6649/spec-6649-56364-0002.fits
6649/spec-6649-56364-0003.fits
6649/spec-6649-56364-0004.fits
6649/spec-6649-56364-0005.fits
6649/spec-6649-56364-0006.fits
6649/spec-6649-56364-0007.fits
6649/spec-6649-56364-0008.fits
6649/spec-6649-56364-0009.fits
6649/spec-6649-56364-0010.fits
6649/spec-6649-56364-0011.fits
6649/spec-6649-56364-0012.fits
6649/spec-6649-56364-0013.fits
6649/spec-6649-56364-0014.fits
6649/spec-6649-56364-0015.fits
6649/spec-6649-56364-0016.fits
6649/spec-6649-56364-0017.fits
6649/spec-6649-56364-0018.fits
6649/spec-6649-56364-0019.fits
6649/spec-6649-56364-0020.fits
6649/spec-6649-56364-0021.fits
6649/spec-6649-56364-0022.fits
6649/spec-6649-56364-0023.fits
6649/spec-6649-56364-0024.fits
6649/spec-6649-56364-0025.fits
6649/spec-6649-56364-0026.fits
6649/spec-6649-56364-0027.fits
6649/spec-6649-56364-0028.fits
6649/spec-6649-56364-0029.fits
6649/spec-6649-56364-0030.fits
6649/spec-6649-56364-0031.fits
6649/spec-6649-56364-0032.fits
6649/spec-6649-56364-0033.fits
6649/spec-6649-56364-0034.fits
6649/spec-6649-56364-0035.fits
6649/spec-6649-56364-0036.fits
6649/spec-6649-56364-0037.fits
6649/spec-6649-56364-0038.fits
6649/spec-6649-56364-0039.fits
6649/spec-6649-56364-0040.fits
6649/spec-6649-56364-0041.fits
6649/spec-6649-56364-0042.fits
6649/spec-6649-56364-0043.fits
6649/spec-6649-56364-0044.fits
6649/spec-6649-56364-0045.fits
6649/spec-6649-56364-0046.fits
6649/spec-6649-56364-0047.fits
6649/spec-6649-56364-0048.fits
6649/spec-6649-56364-0049.fits
6649/spec-6649-56364-0050.fits
6649/spec-6649-56364-0051.fits
6649/spec-6649-56364-0052.fits
6649/spec-6649-56364-0053.fits
6649/spec-6649-56364-0054.fits
6649/spec-6649-56364-0055.fits
6649/spec-6649-56364-0056.fits
6649/spec-6649-56364-0057.fits
6649/spec-6649-56364-0058.fits
6649/spec-6649-56364-0059.fits
6649/spec-6649-56364-0060.fits
6649/spec-6649-56364-0061.fits
6649/spec-6649-56364-0062.fits
6649/spec-6649-56364-0063.fits
6649/spec-6649-56364-0064.fits
6649/spec-6649-56364-0065.fits
6649/spec-6649-56364-0066.fits
6649/spec-6649-56364-0067.fits
6649/spec-6649-56364-0068.fits
6649/spec-6649-56364-0069.fits
6649/spec-6649-56364-0070.fits
6649/spec-6649-56364-0071.fits
6649/spec-6649-56364-0072.fits
6649/spec-6649-56364-0073.fits
6649/spec-6649-56364-0074.fits
6649/spec-6649-56364-0075.fits
6649/spec-6649-56364-0076.fits
6649/spec-6649-56364-0077.fits
6649/spec-6649-56364-0078.fits
6649/spec-6649-56364-0079.fits
6649/spec-6649-56364-0080.fits
6649/spec-6649-56364-0081.fits
6649/spec-6649-56364-0082.fits
6649/spec-6649-56364-0083.fits
6649/spec-6649-56364-0084.fits
6649/spec-6649-56364-0085.fits
6649/spec-6649-56364-0086.fits
6649/spec-6649-56364-0087.fits
6649/spec-6649-56364-0088.fits
6649/spec-6649-56364-0089.fits
6649/spec-6649-56364-0090.fits
6649/spec-6649-56364-0091.fits
6649/spec-6649-56364-0092.fits
6649/spec-6649-56364-0093.fits
6649/spec-6649-56364-0094.fits
6649/spec-6649-56364-0095.fits
6649/spec-6649-56364-0096.fits
6649/spec-6649-56364-0097.fits
6649/spec-6649-56364-0098.fits
6649/spec-6649-56364-0099.fits
6649/spec-6649-56364-0100.fits
6649/spec-6649-56364-0101.fits
6649/spec-6649-56364-0102.fits
6649/spec-6649-56364-0103.fits
6649/spec-6649-56364-0104.fits
6649/spec-6649-56364-0105.fits
6649/spec-6649-56364-0106.fits
6649/spec-6649-56364-0107.fits
6649/spec-6649-56364-0108.fits
6649/spec-6649-56364-0109.fits
6649/spec-6649-56364-0110.fits
6649/spec-6649-56364-0111.fits
6649/spec-6649-56364-0112.fits
6649/spec-6649-56364-0113.fits
6649/spec-6649-56364-0114.fits
6649/spec-6649-56364-0115.fits
6649/spec-6649-56364-0116.fits
6649/spec-6649-56364-0117.fits
6649/spec-6649-56364-0118.fits
6649/spec-6649-56364-0119.fits
6649/spec-6649-56364-0120.fits
6649/spec-6649-56364-0121.fits
6649/spec-6649-56364-0122.fits
6649/spec-6649-56364-0123.fits
6649/spec-6649-56364-0124.fits
6649/spec-6649-56364-0125.fits
6649/spec-6649-56364-0126.fits
6649/spec-6649-56364-0127.fits
6649/spec-6649-56364-0128.fits
6649/spec-6649-56364-0129.fits
6649/spec-6649-56364-0130.fits
6649/spec-6649-56364-0131.fits
6649/spec-6649-56364-0132.fits
6649/spec-6649-56364-0133.fits
6649/spec-6649-56364-0134.fits
6649/spec-6649-56364-0135.fits
6649/spec-6649-56364-0136.fits
6649/spec-6649-56364-0137.fits
6649/spec-6649-56364-0138.fits
6649/spec-6649-56364-0139.fits
6649/spec-6649-56364-0140.fits
6649/spec-6649-56364-0141.fits
6649/spec-6649-56364-0142.fits
6649/spec-6649-56364-0143.fits
6649/spec-6649-56364-0144.fits
6649/spec-6649-56364-0145.fits
6649/spec-6649-56364-0146.fits
6649/spec-6649-56364-0147.fits
6649/spec-6649-56364-0148.fits
6649/spec-6649-56364-0149.fits
6649/spec-6649-56364-0150.fits
6649/spec-6649-56364-0151.fits
6649/spec-6649-56364-0152.fits
6649/spec-6649-56364-0153.fits
6649/spec-6649-56364-0154.fits
6649/spec-6649-56364-0155.fits
6649/spec-6649-56364-0156.fits
6649/spec-6649-56364-0157.fits
6649/spec-6649-56364-0158.fits
6649/spec-6649-56364-0159.fits
6649/spec-6649-56364-0160.fits
6649/spec-6649-56364-0161.fits
6649/spec-6649-56364-0162.fits
6649/spec-6649-56364-0163.fits
6649/spec-6649-56364-0164.fits
6649/spec-6649-56364-0165.fits
6649/spec-6649-56364-0166.fits
6649/spec-6649-56364-0167.fits
6649/spec-6649-56364-0168.fits
6649/spec-6649-56364-0169.fits
6649/spec-6649-56364-0170.fits
6649/spec-6649-56364-0171.fits
6649/spec-6649-56364-0172.fits
6649/spec-6649-56364-0173.fits
6649/spec-6649-56364-0174.fits
6649/spec-6649-56364-0175.fits
6649/spec-6649-56364-0176.fits
6649/spec-6649-56364-0177.fits
6649/spec-6649-56364-0178.fits
6649/spec-6649-56364-0179.fits
6649/spec-6649-56364-0180.fits
6649/spec-6649-56364-0181.fits
6649/spec-6649-56364-0182.fits
6649/spec-6649-56364-0183.fits
6649/spec-6649-56364-0184.fits
6649/spec-6649-56364-0185.fits
6649/spec-6649-56364-0186.fits
6649/spec-6649-56364-0187.fits
6649/spec-6649-56364-0188.fits
6649/spec-6649-56364-0189.fits
6649/spec-6649-56364-0190.fits
6649/spec-6649-56364-0191.fits
6649/spec-6649-56364-0192.fits
6649/spec-6649-56364-0193.fits
6649/spec-6649-56364-0194.fits
6649/spec-6649-56364-0195.fits
6649/spec-6649-56364-0196.fits
6649/spec-6649-56364-0197.fits
6649/spec-6649-56364-0198.fits
6649/spec-6649-56364-0199.fits
6649/spec-6649-56364-0200.fits
6649/spec-6649-56364-0201.fits
6649/spec-6649-56364-0202.fits
6649/spec-6649-56364-0203.fits
6649/spec-6649-56364-0204.fits
6649/spec-6649-56364-0205.fits
6649/spec-6649-56364-0206.fits
6649/spec-6649-56364-0207.fits
6649/spec-6649-56364-0208.fits
6649/spec-6649-56364-0209.fits
6649/spec-6649-56364-0210.fits
6649/spec-6649-56364-0211.fits
6649/spec-6649-56364-0212.fits
6649/spec-6649-56364-0213.fits
6649/spec-6649-56364-0214.fits
6649/spec-6649-56364-0215.fits
6649/spec-6649-56364-0216.fits
6649/spec-6649-56364-0217.fits
6649/spec-6649-56364-0218.fits
6649/spec-6649-56364-0219.fits
6649/spec-6649-56364-0220.fits
6649/spec-6649-56364-0221.fits
6649/spec-6649-56364-0222.fits
6649/spec-6649-56364-0223.fits
6649/spec-6649-56364-0224.fits
6649/spec-6649-56364-0225.fits
6649/spec-6649-56364-0226.fits
6649/spec-6649-56364-0227.fits
6649/spec-6649-56364-0228.fits
6649/spec-6649-56364-0229.fits
6649/spec-6649-56364-0230.fits
6649/spec-6649-56364-0231.fits
6649/spec-6649-56364-0232.fits
6649/spec-6649-56364-0233.fits
6649/spec-6649-56364-0234.fits
6649/spec-6649-56364-0235.fits
6649/spec-6649-56364-0236.fits
6649/spec-6649-56364-0237.fits
6649/spec-6649-56364-0238.fits
6649/spec-6649-56364-0239.fits
6649/spec-6649-56364-0240.fits
6649/spec-6649-56364-0241.fits
6649/spec-6649-56364-0242.fits
6649/spec-6649-56364-0243.fits
6649/spec-6649-56364-0244.fits
6649/spec-6649-56364-0245.fits
6649/spec-6649-56364-0246.fits
6649/spec-6649-56364-0247.fits
6649/spec-6649-56364-0248.fits
6649/spec-6649-56364-0249.fits
6649/spec-6649-56364-0250.fits
6649/spec-6649-56364-0251.fits
6649/spec-6649-56364-0252.fits
6649/spec-6649-56364-0253.fits
6649/spec-6649-56364-0254.fits
6649/spec-6649-56364-0255.fits
6649/spec-6649-56364-0256.fits
6649/spec-6649-56364-0257.fits
6649/spec-6649-56364-0258.fits
6649/spec-6649-56364-0259.fits
6649/spec-6649-56364-0260.fits
6649/spec-6649-56364-0261.fits
6649/spec-6649-56364-0262.fits
6649/spec-6649-56364-0263.fits
6649/spec-6649-56364-0264.fits
6649/spec-6649-56364-0265.fits
6649/spec-6649-56364-0266.fits
6649/spec-6649-56364-0267.fits
6649/spec-6649-56364-0268.fits
6649/spec-6649-56364-0269.fits
6649/spec-6649-56364-0270.fits
6649/spec-6649-56364-0271.fits
6649/spec-6649-56364-0272.fits
6649/spec-6649-56364-0273.fits
6649/spec-6649-56364-0274.fits
6649/spec-6649-56364-0275.fits
6649/spec-6649-56364-0276.fits
6649/spec-6649-56364-0277.fits
6649/spec-6649-56364-0278.fits
6649/spec-6649-56364-0279.fits
6649/spec-6649-56364-0280.fits
6649/spec-6649-56364-0281.fits
6649/spec-6649-56364-0282.fits
6649/spec-6649-56364-0283.fits
6649/spec-6649-56364-0284.fits
6649/spec-6649-56364-0285.fits
6649/spec-6649-56364-0286.fits
6649/spec-6649-56364-0287.fits
6649/spec-6649-56364-0288.fits
6649/spec-6649-56364-0289.fits
6649/spec-6649-56364-0290.fits
6649/spec-6649-56364-0291.fits
6649/spec-6649-56364-0292.fits
6649/spec-6649-56364-0293.fits
6649/spec-6649-56364-0294.fits
6649/spec-6649-56364-0295.fits
6649/spec-6649-56364-0296.fits
6649/spec-6649-56364-0297.fits
6649/spec-6649-56364-0298.fits
6649/spec-6649-56364-0299.fits
6649/spec-6649-56364-0300.fits
6649/spec-6649-56364-0301.fits
6649/spec-6649-56364-0302.fits
6649/spec-6649-56364-0303.fits
6649/spec-6649-56364-0304.fits
6649/spec-6649-56364-0305.fits
6649/spec-6649-56364-0306.fits
6649/spec-6649-56364-0307.fits
6649/spec-6649-56364-0308.fits
6649/spec-6649-56364-0309.fits
6649/spec-6649-56364-0310.fits
6649/spec-6649-56364-0311.fits
6649/spec-6649-56364-0312.fits
6649/spec-6649-56364-0313.fits
6649/spec-6649-56364-0314.fits
6649/spec-6649-56364-0315.fits
6649/spec-6649-56364-0316.fits
6649/spec-6649-56364-0317.fits
6649/spec-6649-56364-0318.fits
6649/spec-6649-56364-0319.fits
6649/spec-6649-56364-0320.fits
6649/spec-6649-56364-0321.fits
6649/spec-6649-56364-0322.fits
6649/spec-6649-56364-0323.fits
6649/spec-6649-56364-0324.fits
6649/spec-6649-56364-0325.fits
6649/spec-6649-56364-0326.fits
6649/spec-6649-56364-0327.fits
6649/spec-6649-56364-0328.fits
6649/spec-6649-56364-0329.fits
6649/spec-6649-56364-0330.fits
6649/spec-6649-56364-0331.fits
6649/spec-6649-56364-0332.fits
6649/spec-6649-56364-0333.fits
6649/spec-6649-56364-0334.fits
6649/spec-6649-56364-0335.fits
6649/spec-6649-56364-0336.fits
6649/spec-6649-56364-0337.fits
6649/spec-6649-56364-0338.fits
6649/spec-6649-56364-0339.fits
6649/spec-6649-56364-0340.fits
6649/spec-6649-56364-0341.fits
6649/spec-6649-56364-0342.fits
6649/spec-6649-56364-0343.fits
6649/spec-6649-56364-0344.fits
6649/spec-6649-56364-0345.fits
6649/spec-6649-56364-0346.fits
6649/spec-6649-56364-0347.fits
6649/spec-6649-56364-0348.fits
6649/spec-6649-56364-0349.fits
6649/spec-6649-56364-0350.fits
6649/spec-6649-56364-0351.fits
6649/spec-6649-56364-0352.fits
6649/spec-6649-56364-0353.fits
6649/spec-6649-56364-0354.fits
6649/spec-6649-56364-0355.fits
6649/spec-6649-56364-0356.fits
6649/spec-6649-56364-0357.fits
6649/spec-6649-56364-0358.fits
6649/spec-6649-56364-0359.fits
6649/spec-6649-56364-0360.fits
6649/spec-6649-56364-0361.fits
6649/spec-6649-56364-0362.fits
6649/spec-6649-56364-0363.fits
6649/spec-6649-56364-0364.fits
6649/spec-6649-56364-0365.fits
6649/spec-6649-56364-0366.fits
6649/spec-6649-56364-0367.fits
6649/spec-6649-56364-0368.fits
6649/spec-6649-56364-0369.fits
6649/spec-6649-56364-0370.fits
6649/spec-6649-56364-0371.fits
6649/spec-6649-56364-0372.fits
6649/spec-6649-56364-0373.fits
6649/spec-6649-56364-0374.fits
6649/spec-6649-56364-0375.fits
6649/spec-6649-56364-0376.fits
6649/spec-6649-56364-0377.fits
6649/spec-6649-56364-0378.fits
6649/spec-6649-56364-0379.fits
6649/spec-6649-56364-0380.fits
6649/spec-6649-56364-0381.fits
6649/spec-6649-56364-0382.fits
6649/spec-6649-56364-0383.fits
6649/spec-6649-56364-0384.fits
6649/spec-6649-56364-0385.fits
6649/spec-6649-56364-0386.fits
6649/spec-6649-56364-0387.fits
6649/spec-6649-56364-0388.fits
6649/spec-6649-56364-0389.fits
6649/spec-6649-56364-0390.fits
6649/spec-6649-56364-0391.fits
6649/spec-6649-56364-0392.fits
6649/spec-6649-56364-0393.fits
6649/spec-6649-56364-0394.fits
6649/spec-6649-56364-0395.fits
6649/spec-6649-56364-0396.fits
6649/spec-6649-56364-0397.fits
6649/spec-6649-56364-0398.fits
6649/spec-6649-56364-0399.fits
6649/spec-6649-56364-0400.fits
6649/spec-6649-56364-0401.fits
6649/spec-6649-56364-0402.fits
6649/spec-6649-56364-0403.fits
6649/spec-6649-56364-0404.fits
6649/spec-6649-56364-0405.fits
6649/spec-6649-56364-0406.fits
6649/spec-6649-56364-0407.fits
6649/spec-6649-56364-0408.fits
6649/spec-6649-56364-0409.fits
6649/spec-6649-56364-0410.fits
6649/spec-6649-56364-0411.fits
6649/spec-6649-56364-0412.fits
6649/spec-6649-56364-0413.fits
6649/spec-6649-56364-0414.fits
6649/spec-6649-56364-0415.fits
6649/spec-6649-56364-0416.fits
6649/spec-6649-56364-0417.fits
6649/spec-6649-56364-0418.fits
6649/spec-6649-56364-0419.fits
6649/spec-6649-56364-0420.fits
6649/spec-6649-56364-0421.fits
6649/spec-6649-56364-0422.fits
6649/spec-6649-56364-0423.fits
6649/spec-6649-56364-0424.fits
6649/spec-6649-56364-0425.fits
6649/spec-6649-56364-0426.fits
6649/spec-6649-56364-0427.fits
6649/spec-6649-56364-0428.fits
6649/spec-6649-56364-0429.fits
6649/spec-6649-56364-0430.fits
6649/spec-6649-56364-0431.fits
6649/spec-6649-56364-0432.fits
6649/spec-6649-56364-0433.fits
6649/spec-6649-56364-0434.fits
6649/spec-6649-56364-0435.fits
6649/spec-6649-56364-0436.fits
6649/spec-6649-56364-0437.fits
6649/spec-6649-56364-0438.fits
6649/spec-6649-56364-0439.fits
6649/spec-6649-56364-0440.fits
6649/spec-6649-56364-0441.fits
6649/spec-6649-56364-0442.fits
6649/spec-6649-56364-0443.fits
6649/spec-6649-56364-0444.fits
6649/spec-6649-56364-0445.fits
6649/spec-6649-56364-0446.fits
6649/spec-6649-56364-0447.fits
6649/spec-6649-56364-0448.fits
6649/spec-6649-56364-0449.fits
6649/spec-6649-56364-0450.fits
6649/spec-6649-56364-0451.fits
6649/spec-6649-56364-0452.fits
6649/spec-6649-56364-0453.fits
6649/spec-6649-56364-0454.fits
6649/spec-6649-56364-0455.fits
6649/spec-6649-56364-0456.fits
6649/spec-6649-56364-0457.fits
6649/spec-6649-56364-0458.fits
6649/spec-6649-56364-0459.fits
6649/spec-6649-56364-0460.fits
6649/spec-6649-56364-0461.fits
6649/spec-6649-56364-0462.fits
6649/spec-6649-56364-0463.fits
6649/spec-6649-56364-0464.fits
6649/spec-6649-56364-0465.fits
6649/spec-6649-56364-0466.fits
6649/spec-6649-56364-0467.fits
6649/spec-6649-56364-0468.fits
6649/spec-6649-56364-0469.fits
6649/spec-6649-56364-0470.fits
6649/spec-6649-56364-0471.fits
6649/spec-6649-56364-0472.fits
6649/spec-6649-56364-0473.fits
6649/spec-6649-56364-0474.fits
6649/spec-6649-56364-0475.fits
6649/spec-6649-56364-0476.fits
6649/spec-6649-56364-0477.fits
6649/spec-6649-56364-0478.fits
6649/spec-6649-56364-0479.fits
6649/spec-6649-56364-0480.fits
6649/spec-6649-56364-0481.fits
6649/spec-6649-56364-0482.fits
6649/spec-6649-56364-0483.fits
6649/spec-6649-56364-0484.fits
6649/spec-6649-56364-0485.fits
6649/spec-6649-56364-0486.fits
6649/spec-6649-56364-0487.fits
6649/spec-6649-56364-0488.fits
6649/spec-6649-56364-0489.fits
6649/spec-6649-56364-0490.fits
6649/spec-6649-56364-0491.fits
6649/spec-6649-56364-0492.fits
6649/spec-6649-56364-0493.fits
6649/spec-6649-56364-0494.fits
6649/spec-6649-56364-0495.fits
6649/spec-6649-56364-0496.fits
6649/spec-6649-56364-0497.fits
6649/spec-6649-56364-0498.fits
6649/spec-6649-56364-0499.fits
6649/spec-6649-56364-0500.fits
6649/spec-6649-56364-0501.fits
6649/spec-6649-56364-0502.fits
6649/spec-6649-56364-0503.fits
6649/spec-6649-56364-0504.fits
6649/spec-6649-56364-0505.fits
6649/spec-6649-56364-0506.fits
6649/spec-6649-56364-0507.fits
6649/spec-6649-56364-0508.fits
6649/spec-6649-56364-0509.fits
6649/spec-6649-56364-0510.fits
6649/spec-6649-56364-0511.fits
6649/spec-6649-56364-0512.fits
6649/spec-6649-56364-0513.fits
6649/spec-6649-56364-0514.fits
6649/spec-6649-56364-0515.fits
6649/spec-6649-56364-0516.fits
6649/spec-6649-56364-0517.fits
6649/spec-6649-56364-0518.fits
6649/spec-6649-56364-0519.fits
6649/spec-6649-56364-0520.fits
6649/spec-6649-56364-0521.fits
6649/spec-6649-56364-0522.fits
6649/spec-6649-56364-0523.fits
6649/spec-6649-56364-0524.fits
6649/spec-6649-56364-0525.fits
6649/spec-6649-56364-0526.fits
6649/spec-6649-56364-0527.fits
6649/spec-6649-56364-0528.fits
6649/spec-6649-56364-0529.fits
6649/spec-6649-56364-0530.fits
6649/spec-6649-56364-0531.fits
6649/spec-6649-56364-0532.fits
6649/spec-6649-56364-0533.fits
6649/spec-6649-56364-0534.fits
6649/spec-6649-56364-0535.fits
6649/spec-6649-56364-0536.fits
6649/spec-6649-56364-0537.fits
6649/spec-6649-56364-0538.fits
6649/spec-6649-56364-0539.fits
6649/spec-6649-56364-0540.fits
6649/spec-6649-56364-0541.fits
6649/spec-6649-56364-0542.fits
6649/spec-6649-56364-0543.fits
6649/spec-6649-56364-0544.fits
6649/spec-6649-56364-0545.fits
6649/spec-6649-56364-0546.fits
6649/spec-6649-56364-0547.fits
6649/spec-6649-56364-0548.fits
6649/spec-6649-56364-0549.fits
6649/spec-6649-56364-0550.fits
6649/spec-6649-56364-0551.fits
6649/spec-6649-56364-0552.fits
6649/spec-6649-56364-0553.fits
6649/spec-6649-56364-0554.fits
6649/spec-6649-56364-0555.fits
6649/spec-6649-56364-0556.fits
6649/spec-6649-56364-0557.fits
6649/spec-6649-56364-0558.fits
6649/spec-6649-56364-0559.fits
6649/spec-6649-56364-0560.fits
6649/spec-6649-56364-0561.fits
6649/spec-6649-56364-0562.fits
6649/spec-6649-56364-0563.fits
6649/spec-6649-56364-0564.fits
6649/spec-6649-56364-0565.fits
6649/spec-6649-56364-0566.fits
6649/spec-6649-56364-0567.fits
6649/spec-6649-56364-0568.fits
6649/spec-6649-56364-0569.fits
6649/spec-6649-56364-0570.fits
6649/spec-6649-56364-0571.fits
6649/spec-6649-56364-0572.fits
6649/spec-6649-56364-0573.fits
6649/spec-6649-56364-0574.fits
6649/spec-6649-56364-0575.fits
6649/spec-6649-56364-0576.fits
6649/spec-6649-56364-0577.fits
6649/spec-6649-56364-0578.fits
6649/spec-6649-56364-0579.fits
6649/spec-6649-56364-0580.fits
6649/spec-6649-56364-0581.fits
6649/spec-6649-56364-0582.fits
6649/spec-6649-56364-0583.fits
6649/spec-6649-56364-0584.fits
6649/spec-6649-56364-0585.fits
6649/spec-6649-56364-0586.fits
6649/spec-6649-56364-0587.fits
6649/spec-6649-56364-0588.fits
6649/spec-6649-56364-0589.fits
6649/spec-6649-56364-0590.fits
6649/spec-6649-56364-0591.fits
6649/spec-6649-56364-0592.fits
6649/spec-6649-56364-0593.fits
6649/spec-6649-56364-0594.fits
6649/spec-6649-56364-0595.fits
6649/spec-6649-56364-0596.fits
6649/spec-6649-56364-0597.fits
6649/spec-6649-56364-0598.fits
6649/spec-6649-56364-0599.fits
6649/spec-6649-56364-0600.fits
6649/spec-6649-56364-0601.fits
6649/spec-6649-56364-0602.fits
6649/spec-6649-56364-0603.fits
6649/spec-6649-56364-0604.fits
6649/spec-6649-56364-0605.fits
6649/spec-6649-56364-0606.fits
6649/spec-6649-56364-0607.fits
6649/spec-6649-56364-0608.fits
6649/spec-6649-56364-0609.fits
6649/spec-6649-56364-0610.fits
6649/spec-6649-56364-0611.fits
6649/spec-6649-56364-0612.fits
6649/spec-6649-56364-0613.fits
6649/spec-6649-56364-0614.fits
6649/spec-6649-56364-0615.fits
6649/spec-6649-56364-0616.fits
6649/spec-6649-56364-0617.fits
6649/spec-6649-56364-0618.fits
6649/spec-6649-56364-0619.fits
6649/spec-6649-56364-0620.fits
6649/spec-6649-56364-0621.fits
6649/spec-6649-56364-0622.fits
6649/spec-6649-56364-0623.fits
6649/spec-6649-56364-0624.fits
6649/spec-6649-56364-0625.fits
6649/spec-6649-56364-0626.fits
6649/spec-6649-56364-0627.fits
6649/spec-6649-56364-0628.fits
6649/spec-6649-56364-0629.fits
6649/spec-6649-56364-0630.fits
6649/spec-6649-56364-0631.fits
6649/spec-6649-56364-0632.fits
6649/spec-6649-56364-0633.fits
6649/spec-6649-56364-0634.fits
6649/spec-6649-56364-0635.fits
6649/spec-6649-56364-0636.fits
6649/spec-6649-56364-0637.fits
6649/spec-6649-56364-0638.fits
6649/spec-6649-56364-0639.fits
6649/spec-6649-56364-0640.fits
6649/spec-6649-56364-0641.fits
6649/spec-6649-56364-0642.fits
6649/spec-6649-56364-0643.fits
6649/spec-6649-56364-0644.fits
6649/spec-6649-56364-0645.fits
6649/spec-6649-56364-0646.fits
6649/spec-6649-56364-0647.fits
6649/spec-6649-56364-0648.fits
6649/spec-6649-56364-0649.fits
6649/spec-6649-56364-0650.fits
6649/spec-6649-56364-0651.fits
6649/spec-6649-56364-0652.fits
6649/spec-6649-56364-0653.fits
6649/spec-6649-56364-0654.fits
6649/spec-6649-56364-0655.fits
6649/spec-6649-56364-0656.fits
6649/spec-6649-56364-0657.fits
6649/spec-6649-56364-0658.fits
6649/spec-6649-56364-0659.fits
6649/spec-6649-56364-0660.fits
6649/spec-6649-56364-0661.fits
6649/spec-6649-56364-0662.fits
6649/spec-6649-56364-0663.fits
6649/spec-6649-56364-0664.fits
6649/spec-6649-56364-0665.fits
6649/spec-6649-56364-0666.fits
6649/spec-6649-56364-0667.fits
6649/spec-6649-56364-0668.fits
6649/spec-6649-56364-0669.fits
6649/spec-6649-56364-0670.fits
6649/spec-6649-56364-0671.fits
6649/spec-6649-56364-0672.fits
6649/spec-6649-56364-0673.fits
6649/spec-6649-56364-0674.fits
6649/spec-6649-56364-0675.fits
6649/spec-6649-56364-0676.fits
6649/spec-6649-56364-0677.fits
6649/spec-6649-56364-0678.fits
6649/spec-6649-56364-0679.fits
6649/spec-6649-56364-0680.fits
6649/spec-6649-56364-0681.fits
6649/spec-6649-56364-0682.fits
6649/spec-6649-56364-0683.fits
6649/spec-6649-56364-0684.fits
6649/spec-6649-56364-0685.fits
6649/spec-6649-56364-0686.fits
6649/spec-6649-56364-0687.fits
6649/spec-6649-56364-0688.fits
6649/spec-6649-56364-0689.fits
6649/spec-6649-56364-0690.fits
6649/spec-6649-56364-0691.fits
6649/spec-6649-56364-0692.fits
6649/spec-6649-56364-0693.fits
6649/spec-6649-56364-0694.fits
6649/spec-6649-56364-0695.fits
6649/spec-6649-56364-0696.fits
6649/spec-6649-56364-0697.fits
6649/spec-6649-56364-0698.fits
6649/spec-6649-56364-0699.fits
6649/spec-6649-56364-0700.fits
6649/spec-6649-56364-0701.fits
6649/spec-6649-56364-0702.fits
6649/spec-6649-56364-0703.fits
6649/spec-6649-56364-0704.fits
6649/spec-6649-56364-0705.fits
6649/spec-6649-56364-0706.fits
6649/spec-6649-56364-0707.fits
6649/spec-6649-56364-0708.fits
6649/spec-6649-56364-0709.fits
6649/spec-6649-56364-0710.fits
6649/spec-6649-56364-0711.fits
6649/spec-6649-56364-0712.fits
6649/spec-6649-56364-0713.fits
6649/spec-6649-56364-0714.fits
6649/spec-6649-56364-0715.fits
6649/spec-6649-56364-0716.fits
6649/spec-6649-56364-0717.fits
6649/spec-6649-56364-0718.fits
6649/spec-6649-56364-0719.fits
6649/spec-6649-56364-0720.fits
6649/spec-6649-56364-0721.fits
6649/spec-6649-56364-0722.fits
6649/spec-6649-56364-0723.fits
6649/spec-6649-56364-0724.fits
6649/spec-6649-56364-0725.fits
6649/spec-6649-56364-0726.fits
6649/spec-6649-56364-0727.fits
6649/spec-6649-56364-0728.fits
6649/spec-6649-56364-0729.fits
6649/spec-6649-56364-0730.fits
6649/spec-6649-56364-0731.fits
6649/spec-6649-56364-0732.fits
6649/spec-6649-56364-0733.fits
6649/spec-6649-56364-0734.fits
6649/spec-6649-56364-0735.fits
6649/spec-6649-56364-0736.fits
6649/spec-6649-56364-0737.fits
6649/spec-6649-56364-0738.fits
6649/spec-6649-56364-0739.fits
6649/spec-6649-56364-0740.fits
6649/spec-6649-56364-0741.fits
6649/spec-6649-56364-0742.fits
6649/spec-6649-56364-0743.fits
6649/spec-6649-56364-0744.fits
6649/spec-6649-56364-0745.fits
6649/spec-6649-56364-0746.fits
6649/spec-6649-56364-0747.fits
6649/spec-6649-56364-0748.fits
6649/spec-6649-56364-0749.fits
6649/spec-6649-56364-0750.fits
6649/spec-6649-56364-0751.fits
6649/spec-6649-56364-0752.fits
6649/spec-6649-56364-0753.fits
6649/spec-6649-56364-0754.fits
6649/spec-6649-56364-0755.fits
6649/spec-6649-56364-0756.fits
6649/spec-6649-56364-0757.fits
6649/spec-6649-56364-0758.fits
6649/spec-6649-56364-0759.fits
6649/spec-6649-56364-0760.fits
6649/spec-6649-56364-0761.fits
6649/spec-6649-56364-0762.fits
6649/spec-6649-56364-0763.fits
6649/spec-6649-56364-0764.fits
6649/spec-6649-56364-0765.fits
6649/spec-6649-56364-0766.fits
6649/spec-6649-56364-0767.fits
6649/spec-6649-56364-0768.fits
6649/spec-6649-56364-0769.fits
6649/spec-6649-56364-0770.fits
6649/spec-6649-56364-0771.fits
6649/spec-6649-56364-0772.fits
6649/spec-6649-56364-0773.fits
6649/spec-6649-56364-0774.fits
6649/spec-6649-56364-0775.fits
6649/spec-6649-56364-0776.fits
6649/spec-6649-56364-0777.fits
6649/spec-6649-56364-0778.fits
6649/spec-6649-56364-0779.fits
6649/spec-6649-56364-0780.fits
6649/spec-6649-56364-0781.fits
6649/spec-6649-56364-0782.fits
6649/spec-6649-56364-0783.fits
6649/spec-6649-56364-0784.fits
6649/spec-6649-56364-0785.fits
6649/spec-6649-56364-0786.fits
6649/spec-6649-56364-0787.fits
6649/spec-6649-56364-0788.fits
6649/spec-6649-56364-0789.fits
6649/spec-6649-56364-0790.fits
6649/spec-6649-56364-0791.fits
6649/spec-6649-56364-0792.fits
6649/spec-6649-56364-0793.fits
6649/spec-6649-56364-0794.fits
6649/spec-6649-56364-0795.fits
6649/spec-6649-56364-0796.fits
6649/spec-6649-56364-0797.fits
6649/spec-6649-56364-0798.fits
6649/spec-6649-56364-0799.fits
6649/spec-6649-56364-0800.fits
6649/spec-6649-56364-0801.fits
6649/spec-6649-56364-0802.fits
6649/spec-6649-56364-0803.fits
6649/spec-6649-56364-0804.fits
6649/spec-6649-56364-0805.fits
6649/spec-6649-56364-0806.fits
6649/spec-6649-56364-0807.fits
6649/spec-6649-56364-0808.fits
6649/spec-6649-56364-0809.fits
6649/spec-6649-56364-0810.fits
6649/spec-6649-56364-0811.fits
6649/spec-6649-56364-0812.fits
6649/spec-6649-56364-0813.fits
6649/spec-6649-56364-0814.fits
6649/spec-6649-56364-0815.fits
6649/spec-6649-56364-0816.fits
6649/spec-6649-56364-0817.fits
6649/spec-6649-56364-0818.fits
6649/spec-6649-56364-0819.fits
6649/spec-6649-56364-0820.fits
6649/spec-6649-56364-0821.fits
6649/spec-6649-56364-0822.fits
6649/spec-6649-56364-0823.fits
6649/spec-6649-56364-0824.fits
6649/spec-6649-56364-0825.fits
6649/spec-6649-56364-0826.fits
6649/spec-6649-56364-0827.fits
6649/spec-6649-56364-0828.fits
6649/spec-6649-56364-0829.fits
6649/spec-6649-56364-0830.fits
6649/spec-6649-56364-0831.fits
6649/spec-6649-56364-0832.fits
6649/spec-6649-56364-0833.fits
6649/spec-6649-56364-0834.fits
6649/spec-6649-56364-0835.fits
6649/spec-6649-56364-0836.fits
6649/spec-6649-56364-0837.fits
6649/spec-6649-56364-0838.fits
6649/spec-6649-56364-0839.fits
6649/spec-6649-56364-0840.fits
6649/spec-6649-56364-0841.fits
6649/spec-6649-56364-0842.fits
6649/spec-6649-56364-0843.fits
6649/spec-6649-56364-0844.fits
6649/spec-6649-56364-0845.fits
6649/spec-6649-56364-0846.fits
6649/spec-6649-56364-0847.fits
6649/spec-6649-56364-0848.fits
6649/spec-6649-56364-0849.fits
6649/spec-6649-56364-0850.fits
6649/spec-6649-56364-0851.fits
6649/spec-6649-56364-0852.fits
6649/spec-6649-56364-0853.fits
6649/spec-6649-56364-0854.fits
6649/spec-6649-56364-0855.fits
6649/spec-6649-56364-0856.fits
6649/spec-6649-56364-0857.fits
6649/spec-6649-56364-0858.fits
6649/spec-6649-56364-0859.fits
6649/spec-6649-56364-0860.fits
6649/spec-6649-56364-0861.fits
6649/spec-6649-56364-0862.fits
6649/spec-6649-56364-0863.fits
6649/spec-6649-56364-0864.fits
6649/spec-6649-56364-0865.fits
6649/spec-6649-56364-0866.fits
6649/spec-6649-56364-0867.fits
6649/spec-6649-56364-0868.fits
6649/spec-6649-56364-0869.fits
6649/spec-6649-56364-0870.fits
6649/spec-6649-56364-0871.fits
6649/spec-6649-56364-0872.fits
6649/spec-6649-56364-0873.fits
6649/spec-6649-56364-0874.fits
6649/spec-6649-56364-0875.fits
6649/spec-6649-56364-0876.fits
6649/spec-6649-56364-0877.fits
6649/spec-6649-56364-0878.fits
6649/spec-6649-56364-0879.fits
6649/spec-6649-56364-0880.fits
6649/spec-6649-56364-0881.fits
6649/spec-6649-56364-0882.fits
6649/spec-6649-56364-0883.fits
6649/spec-6649-56364-0884.fits
6649/spec-6649-56364-0885.fits
6649/spec-6649-56364-0886.fits
6649/spec-6649-56364-0887.fits
6649/spec-6649-56364-0888.fits
6649/spec-6649-56364-0889.fits
6649/spec-6649-56364-0890.fits
6649/spec-6649-56364-0891.fits
6649/spec-6649-56364-0892.fits
6649/spec-6649-56364-0893.fits
6649/spec-6649-56364-0894.fits
6649/spec-6649-56364-0895.fits
6649/spec-6649-56364-0896.fits
6649/spec-6649-56364-0897.fits
6649/spec-6649-56364-0898.fits
6649/spec-6649-56364-0899.fits
6649/spec-6649-56364-0900.fits
6649/spec-6649-56364-0901.fits
6649/spec-6649-56364-0902.fits
6649/spec-6649-56364-0903.fits
6649/spec-6649-56364-0904.fits
6649/spec-6649-56364-0905.fits
6649/spec-6649-56364-0906.fits
6649/spec-6649-56364-0907.fits
6649/spec-6649-56364-0908.fits
6649/spec-6649-56364-0909.fits
6649/spec-6649-56364-0910.fits
6649/spec-6649-56364-0911.fits
6649/spec-6649-56364-0912.fits
6649/spec-6649-56364-0913.fits
6649/spec-6649-56364-0914.fits
6649/spec-6649-56364-0915.fits
6649/spec-6649-56364-0916.fits
6649/spec-6649-56364-0917.fits
6649/spec-6649-56364-0918.fits
6649/spec-6649-56364-0919.fits
6649/spec-6649-56364-0920.fits
6649/spec-6649-56364-0921.fits
6649/spec-6649-56364-0922.fits
6649/spec-6649-56364-0923.fits
6649/spec-6649-56364-0924.fits
6649/spec-6649-56364-0925.fits
6649/spec-6649-56364-0926.fits
6649/spec-6649-56364-0927.fits
6649/spec-6649-56364-0928.fits
6649/spec-6649-56364-0929.fits
6649/spec-6649-56364-0930.fits
6649/spec-6649-56364-0931.fits
6649/spec-6649-56364-0932.fits
6649/spec-6649-56364-0933.fits
6649/spec-6649-56364-0934.fits
6649/spec-6649-56364-0935.fits
6649/spec-6649-56364-0936.fits
6649/spec-6649-56364-0937.fits
6649/spec-6649-56364-0938.fits
6649/spec-6649-56364-0939.fits
6649/spec-6649-56364-0940.fits
6649/spec-6649-56364-0941.fits
6649/spec-6649-56364-0942.fits
6649/spec-6649-56364-0943.fits
6649/spec-6649-56364-0944.fits
6649/spec-6649-56364-0945.fits
6649/spec-6649-56364-0946.fits
6649/spec-6649-56364-0947.fits
6649/spec-6649-56364-0948.fits
6649/spec-6649-56364-0949.fits
6649/spec-6649-56364-0950.fits
6649/spec-6649-56364-0951.fits
6649/spec-6649-56364-0952.fits
6649/spec-6649-56364-0953.fits
6649/spec-6649-56364-0954.fits
6649/spec-6649-56364-0955.fits
6649/spec-6649-56364-0956.fits
6649/spec-6649-56364-0957.fits
6649/spec-6649-56364-0958.fits
6649/spec-6649-56364-0959.fits
6649/spec-6649-56364-0960.fits
6649/spec-6649-56364-0961.fits
6649/spec-6649-56364-0962.fits
6649/spec-6649-56364-0963.fits
6649/spec-6649-56364-0964.fits
6649/spec-6649-56364-0965.fits
6649/spec-6649-56364-0966.fits
6649/spec-6649-56364-0967.fits
6649/spec-6649-56364-0968.fits
6649/spec-6649-56364-0969.fits
6649/spec-6649-56364-0970.fits
6649/spec-6649-56364-0971.fits
6649/spec-6649-56364-0972.fits
6649/spec-6649-56364-0973.fits
6649/spec-6649-56364-0974.fits
6649/spec-6649-56364-0975.fits
6649/spec-6649-56364-0976.fits
6649/spec-6649-56364-0977.fits
6649/spec-6649-56364-0978.fits
6649/spec-6649-56364-0979.fits
6649/spec-6649-56364-0980.fits
6649/spec-6649-56364-0981.fits
6649/spec-6649-56364-0982.fits
6649/spec-6649-56364-0983.fits
6649/spec-6649-56364-0984.fits
6649/spec-6649-56364-0985.fits
6649/spec-6649-56364-0986.fits
6649/spec-6649-56364-0987.fits
6649/spec-6649-56364-0988.fits
6649/spec-6649-56364-0989.fits
6649/spec-6649-56364-0990.fits
6649/spec-6649-56364-0991.fits
6649/spec-6649-56364-0992.fits
6649/spec-6649-56364-0993.fits
6649/spec-6649-56364-0994.fits
6649/spec-6649-56364-0995.fits
6649/spec-6649-56364-0996.fits
6649/spec-6649-56364-0997.fits
6649/spec-6649-56364-0998.fits
6649/spec-6649-56364-0999.fits
6649/spec-6649-56364-1000.fits
/var/lib/condor/execute/slot1/dir_17204
6649 6649.tgz R R361.tar.gz _condor_stderr _condor_stdout cB58_Lyman_break.fit condor_exec.exe hw4.R packages packages.tar.gz tmp var
[1] "Loaded package astro."
[1] 1000
6649 6649.csv 6649.tgz R R361.tar.gz _condor_stderr _condor_stdout cB58_Lyman_break.fit condor_exec.exe hw4.R packages packages.tar.gz tmp var
