6656
6656/
6656/spec-6656-56624-0001.fits
6656/spec-6656-56624-0002.fits
6656/spec-6656-56624-0003.fits
6656/spec-6656-56624-0004.fits
6656/spec-6656-56624-0005.fits
6656/spec-6656-56624-0006.fits
6656/spec-6656-56624-0007.fits
6656/spec-6656-56624-0008.fits
6656/spec-6656-56624-0009.fits
6656/spec-6656-56624-0010.fits
6656/spec-6656-56624-0011.fits
6656/spec-6656-56624-0012.fits
6656/spec-6656-56624-0013.fits
6656/spec-6656-56624-0014.fits
6656/spec-6656-56624-0015.fits
6656/spec-6656-56624-0016.fits
6656/spec-6656-56624-0017.fits
6656/spec-6656-56624-0018.fits
6656/spec-6656-56624-0019.fits
6656/spec-6656-56624-0020.fits
6656/spec-6656-56624-0021.fits
6656/spec-6656-56624-0022.fits
6656/spec-6656-56624-0023.fits
6656/spec-6656-56624-0024.fits
6656/spec-6656-56624-0025.fits
6656/spec-6656-56624-0026.fits
6656/spec-6656-56624-0027.fits
6656/spec-6656-56624-0028.fits
6656/spec-6656-56624-0029.fits
6656/spec-6656-56624-0030.fits
6656/spec-6656-56624-0031.fits
6656/spec-6656-56624-0032.fits
6656/spec-6656-56624-0033.fits
6656/spec-6656-56624-0034.fits
6656/spec-6656-56624-0035.fits
6656/spec-6656-56624-0036.fits
6656/spec-6656-56624-0037.fits
6656/spec-6656-56624-0038.fits
6656/spec-6656-56624-0039.fits
6656/spec-6656-56624-0040.fits
6656/spec-6656-56624-0041.fits
6656/spec-6656-56624-0042.fits
6656/spec-6656-56624-0043.fits
6656/spec-6656-56624-0044.fits
6656/spec-6656-56624-0045.fits
6656/spec-6656-56624-0046.fits
6656/spec-6656-56624-0047.fits
6656/spec-6656-56624-0048.fits
6656/spec-6656-56624-0049.fits
6656/spec-6656-56624-0050.fits
6656/spec-6656-56624-0051.fits
6656/spec-6656-56624-0052.fits
6656/spec-6656-56624-0053.fits
6656/spec-6656-56624-0054.fits
6656/spec-6656-56624-0055.fits
6656/spec-6656-56624-0056.fits
6656/spec-6656-56624-0057.fits
6656/spec-6656-56624-0058.fits
6656/spec-6656-56624-0059.fits
6656/spec-6656-56624-0060.fits
6656/spec-6656-56624-0061.fits
6656/spec-6656-56624-0062.fits
6656/spec-6656-56624-0063.fits
6656/spec-6656-56624-0064.fits
6656/spec-6656-56624-0065.fits
6656/spec-6656-56624-0066.fits
6656/spec-6656-56624-0067.fits
6656/spec-6656-56624-0068.fits
6656/spec-6656-56624-0069.fits
6656/spec-6656-56624-0070.fits
6656/spec-6656-56624-0071.fits
6656/spec-6656-56624-0072.fits
6656/spec-6656-56624-0073.fits
6656/spec-6656-56624-0074.fits
6656/spec-6656-56624-0075.fits
6656/spec-6656-56624-0076.fits
6656/spec-6656-56624-0077.fits
6656/spec-6656-56624-0078.fits
6656/spec-6656-56624-0079.fits
6656/spec-6656-56624-0080.fits
6656/spec-6656-56624-0081.fits
6656/spec-6656-56624-0082.fits
6656/spec-6656-56624-0083.fits
6656/spec-6656-56624-0084.fits
6656/spec-6656-56624-0085.fits
6656/spec-6656-56624-0086.fits
6656/spec-6656-56624-0087.fits
6656/spec-6656-56624-0088.fits
6656/spec-6656-56624-0089.fits
6656/spec-6656-56624-0090.fits
6656/spec-6656-56624-0091.fits
6656/spec-6656-56624-0092.fits
6656/spec-6656-56624-0093.fits
6656/spec-6656-56624-0094.fits
6656/spec-6656-56624-0095.fits
6656/spec-6656-56624-0096.fits
6656/spec-6656-56624-0097.fits
6656/spec-6656-56624-0098.fits
6656/spec-6656-56624-0099.fits
6656/spec-6656-56624-0100.fits
6656/spec-6656-56624-0101.fits
6656/spec-6656-56624-0102.fits
6656/spec-6656-56624-0103.fits
6656/spec-6656-56624-0104.fits
6656/spec-6656-56624-0105.fits
6656/spec-6656-56624-0106.fits
6656/spec-6656-56624-0107.fits
6656/spec-6656-56624-0108.fits
6656/spec-6656-56624-0109.fits
6656/spec-6656-56624-0110.fits
6656/spec-6656-56624-0111.fits
6656/spec-6656-56624-0112.fits
6656/spec-6656-56624-0113.fits
6656/spec-6656-56624-0114.fits
6656/spec-6656-56624-0115.fits
6656/spec-6656-56624-0116.fits
6656/spec-6656-56624-0117.fits
6656/spec-6656-56624-0118.fits
6656/spec-6656-56624-0119.fits
6656/spec-6656-56624-0120.fits
6656/spec-6656-56624-0121.fits
6656/spec-6656-56624-0122.fits
6656/spec-6656-56624-0123.fits
6656/spec-6656-56624-0124.fits
6656/spec-6656-56624-0125.fits
6656/spec-6656-56624-0126.fits
6656/spec-6656-56624-0127.fits
6656/spec-6656-56624-0128.fits
6656/spec-6656-56624-0129.fits
6656/spec-6656-56624-0130.fits
6656/spec-6656-56624-0131.fits
6656/spec-6656-56624-0132.fits
6656/spec-6656-56624-0133.fits
6656/spec-6656-56624-0134.fits
6656/spec-6656-56624-0135.fits
6656/spec-6656-56624-0136.fits
6656/spec-6656-56624-0137.fits
6656/spec-6656-56624-0138.fits
6656/spec-6656-56624-0139.fits
6656/spec-6656-56624-0140.fits
6656/spec-6656-56624-0141.fits
6656/spec-6656-56624-0142.fits
6656/spec-6656-56624-0143.fits
6656/spec-6656-56624-0144.fits
6656/spec-6656-56624-0145.fits
6656/spec-6656-56624-0146.fits
6656/spec-6656-56624-0147.fits
6656/spec-6656-56624-0148.fits
6656/spec-6656-56624-0149.fits
6656/spec-6656-56624-0150.fits
6656/spec-6656-56624-0151.fits
6656/spec-6656-56624-0152.fits
6656/spec-6656-56624-0153.fits
6656/spec-6656-56624-0154.fits
6656/spec-6656-56624-0155.fits
6656/spec-6656-56624-0156.fits
6656/spec-6656-56624-0157.fits
6656/spec-6656-56624-0158.fits
6656/spec-6656-56624-0159.fits
6656/spec-6656-56624-0160.fits
6656/spec-6656-56624-0161.fits
6656/spec-6656-56624-0162.fits
6656/spec-6656-56624-0163.fits
6656/spec-6656-56624-0164.fits
6656/spec-6656-56624-0165.fits
6656/spec-6656-56624-0166.fits
6656/spec-6656-56624-0167.fits
6656/spec-6656-56624-0168.fits
6656/spec-6656-56624-0169.fits
6656/spec-6656-56624-0170.fits
6656/spec-6656-56624-0171.fits
6656/spec-6656-56624-0172.fits
6656/spec-6656-56624-0173.fits
6656/spec-6656-56624-0174.fits
6656/spec-6656-56624-0175.fits
6656/spec-6656-56624-0176.fits
6656/spec-6656-56624-0177.fits
6656/spec-6656-56624-0178.fits
6656/spec-6656-56624-0179.fits
6656/spec-6656-56624-0180.fits
6656/spec-6656-56624-0181.fits
6656/spec-6656-56624-0182.fits
6656/spec-6656-56624-0183.fits
6656/spec-6656-56624-0184.fits
6656/spec-6656-56624-0185.fits
6656/spec-6656-56624-0186.fits
6656/spec-6656-56624-0187.fits
6656/spec-6656-56624-0188.fits
6656/spec-6656-56624-0189.fits
6656/spec-6656-56624-0190.fits
6656/spec-6656-56624-0191.fits
6656/spec-6656-56624-0192.fits
6656/spec-6656-56624-0193.fits
6656/spec-6656-56624-0194.fits
6656/spec-6656-56624-0195.fits
6656/spec-6656-56624-0196.fits
6656/spec-6656-56624-0197.fits
6656/spec-6656-56624-0198.fits
6656/spec-6656-56624-0199.fits
6656/spec-6656-56624-0200.fits
6656/spec-6656-56624-0201.fits
6656/spec-6656-56624-0202.fits
6656/spec-6656-56624-0203.fits
6656/spec-6656-56624-0204.fits
6656/spec-6656-56624-0205.fits
6656/spec-6656-56624-0206.fits
6656/spec-6656-56624-0207.fits
6656/spec-6656-56624-0208.fits
6656/spec-6656-56624-0209.fits
6656/spec-6656-56624-0210.fits
6656/spec-6656-56624-0211.fits
6656/spec-6656-56624-0212.fits
6656/spec-6656-56624-0213.fits
6656/spec-6656-56624-0214.fits
6656/spec-6656-56624-0215.fits
6656/spec-6656-56624-0216.fits
6656/spec-6656-56624-0217.fits
6656/spec-6656-56624-0218.fits
6656/spec-6656-56624-0219.fits
6656/spec-6656-56624-0220.fits
6656/spec-6656-56624-0221.fits
6656/spec-6656-56624-0222.fits
6656/spec-6656-56624-0223.fits
6656/spec-6656-56624-0224.fits
6656/spec-6656-56624-0225.fits
6656/spec-6656-56624-0226.fits
6656/spec-6656-56624-0227.fits
6656/spec-6656-56624-0228.fits
6656/spec-6656-56624-0229.fits
6656/spec-6656-56624-0230.fits
6656/spec-6656-56624-0231.fits
6656/spec-6656-56624-0232.fits
6656/spec-6656-56624-0233.fits
6656/spec-6656-56624-0234.fits
6656/spec-6656-56624-0235.fits
6656/spec-6656-56624-0236.fits
6656/spec-6656-56624-0237.fits
6656/spec-6656-56624-0238.fits
6656/spec-6656-56624-0239.fits
6656/spec-6656-56624-0240.fits
6656/spec-6656-56624-0241.fits
6656/spec-6656-56624-0242.fits
6656/spec-6656-56624-0243.fits
6656/spec-6656-56624-0244.fits
6656/spec-6656-56624-0245.fits
6656/spec-6656-56624-0246.fits
6656/spec-6656-56624-0247.fits
6656/spec-6656-56624-0248.fits
6656/spec-6656-56624-0249.fits
6656/spec-6656-56624-0250.fits
6656/spec-6656-56624-0251.fits
6656/spec-6656-56624-0252.fits
6656/spec-6656-56624-0253.fits
6656/spec-6656-56624-0254.fits
6656/spec-6656-56624-0255.fits
6656/spec-6656-56624-0256.fits
6656/spec-6656-56624-0257.fits
6656/spec-6656-56624-0258.fits
6656/spec-6656-56624-0259.fits
6656/spec-6656-56624-0260.fits
6656/spec-6656-56624-0261.fits
6656/spec-6656-56624-0262.fits
6656/spec-6656-56624-0263.fits
6656/spec-6656-56624-0264.fits
6656/spec-6656-56624-0265.fits
6656/spec-6656-56624-0266.fits
6656/spec-6656-56624-0267.fits
6656/spec-6656-56624-0268.fits
6656/spec-6656-56624-0269.fits
6656/spec-6656-56624-0270.fits
6656/spec-6656-56624-0271.fits
6656/spec-6656-56624-0272.fits
6656/spec-6656-56624-0273.fits
6656/spec-6656-56624-0274.fits
6656/spec-6656-56624-0275.fits
6656/spec-6656-56624-0276.fits
6656/spec-6656-56624-0277.fits
6656/spec-6656-56624-0278.fits
6656/spec-6656-56624-0279.fits
6656/spec-6656-56624-0280.fits
6656/spec-6656-56624-0281.fits
6656/spec-6656-56624-0282.fits
6656/spec-6656-56624-0283.fits
6656/spec-6656-56624-0284.fits
6656/spec-6656-56624-0285.fits
6656/spec-6656-56624-0286.fits
6656/spec-6656-56624-0287.fits
6656/spec-6656-56624-0288.fits
6656/spec-6656-56624-0289.fits
6656/spec-6656-56624-0290.fits
6656/spec-6656-56624-0291.fits
6656/spec-6656-56624-0292.fits
6656/spec-6656-56624-0293.fits
6656/spec-6656-56624-0294.fits
6656/spec-6656-56624-0295.fits
6656/spec-6656-56624-0296.fits
6656/spec-6656-56624-0297.fits
6656/spec-6656-56624-0298.fits
6656/spec-6656-56624-0299.fits
6656/spec-6656-56624-0300.fits
6656/spec-6656-56624-0301.fits
6656/spec-6656-56624-0302.fits
6656/spec-6656-56624-0303.fits
6656/spec-6656-56624-0304.fits
6656/spec-6656-56624-0305.fits
6656/spec-6656-56624-0306.fits
6656/spec-6656-56624-0307.fits
6656/spec-6656-56624-0308.fits
6656/spec-6656-56624-0309.fits
6656/spec-6656-56624-0310.fits
6656/spec-6656-56624-0311.fits
6656/spec-6656-56624-0312.fits
6656/spec-6656-56624-0313.fits
6656/spec-6656-56624-0314.fits
6656/spec-6656-56624-0315.fits
6656/spec-6656-56624-0316.fits
6656/spec-6656-56624-0317.fits
6656/spec-6656-56624-0318.fits
6656/spec-6656-56624-0319.fits
6656/spec-6656-56624-0320.fits
6656/spec-6656-56624-0321.fits
6656/spec-6656-56624-0322.fits
6656/spec-6656-56624-0323.fits
6656/spec-6656-56624-0324.fits
6656/spec-6656-56624-0325.fits
6656/spec-6656-56624-0326.fits
6656/spec-6656-56624-0327.fits
6656/spec-6656-56624-0328.fits
6656/spec-6656-56624-0329.fits
6656/spec-6656-56624-0330.fits
6656/spec-6656-56624-0331.fits
6656/spec-6656-56624-0332.fits
6656/spec-6656-56624-0333.fits
6656/spec-6656-56624-0334.fits
6656/spec-6656-56624-0335.fits
6656/spec-6656-56624-0336.fits
6656/spec-6656-56624-0337.fits
6656/spec-6656-56624-0338.fits
6656/spec-6656-56624-0339.fits
6656/spec-6656-56624-0340.fits
6656/spec-6656-56624-0341.fits
6656/spec-6656-56624-0342.fits
6656/spec-6656-56624-0343.fits
6656/spec-6656-56624-0344.fits
6656/spec-6656-56624-0345.fits
6656/spec-6656-56624-0346.fits
6656/spec-6656-56624-0347.fits
6656/spec-6656-56624-0348.fits
6656/spec-6656-56624-0349.fits
6656/spec-6656-56624-0350.fits
6656/spec-6656-56624-0351.fits
6656/spec-6656-56624-0352.fits
6656/spec-6656-56624-0353.fits
6656/spec-6656-56624-0354.fits
6656/spec-6656-56624-0355.fits
6656/spec-6656-56624-0356.fits
6656/spec-6656-56624-0357.fits
6656/spec-6656-56624-0358.fits
6656/spec-6656-56624-0359.fits
6656/spec-6656-56624-0360.fits
6656/spec-6656-56624-0361.fits
6656/spec-6656-56624-0362.fits
6656/spec-6656-56624-0363.fits
6656/spec-6656-56624-0364.fits
6656/spec-6656-56624-0365.fits
6656/spec-6656-56624-0366.fits
6656/spec-6656-56624-0367.fits
6656/spec-6656-56624-0368.fits
6656/spec-6656-56624-0369.fits
6656/spec-6656-56624-0370.fits
6656/spec-6656-56624-0371.fits
6656/spec-6656-56624-0372.fits
6656/spec-6656-56624-0373.fits
6656/spec-6656-56624-0374.fits
6656/spec-6656-56624-0375.fits
6656/spec-6656-56624-0376.fits
6656/spec-6656-56624-0377.fits
6656/spec-6656-56624-0378.fits
6656/spec-6656-56624-0379.fits
6656/spec-6656-56624-0380.fits
6656/spec-6656-56624-0381.fits
6656/spec-6656-56624-0382.fits
6656/spec-6656-56624-0383.fits
6656/spec-6656-56624-0384.fits
6656/spec-6656-56624-0385.fits
6656/spec-6656-56624-0386.fits
6656/spec-6656-56624-0387.fits
6656/spec-6656-56624-0388.fits
6656/spec-6656-56624-0389.fits
6656/spec-6656-56624-0390.fits
6656/spec-6656-56624-0391.fits
6656/spec-6656-56624-0392.fits
6656/spec-6656-56624-0393.fits
6656/spec-6656-56624-0394.fits
6656/spec-6656-56624-0395.fits
6656/spec-6656-56624-0396.fits
6656/spec-6656-56624-0397.fits
6656/spec-6656-56624-0398.fits
6656/spec-6656-56624-0399.fits
6656/spec-6656-56624-0400.fits
6656/spec-6656-56624-0401.fits
6656/spec-6656-56624-0402.fits
6656/spec-6656-56624-0403.fits
6656/spec-6656-56624-0404.fits
6656/spec-6656-56624-0405.fits
6656/spec-6656-56624-0406.fits
6656/spec-6656-56624-0407.fits
6656/spec-6656-56624-0408.fits
6656/spec-6656-56624-0409.fits
6656/spec-6656-56624-0410.fits
6656/spec-6656-56624-0411.fits
6656/spec-6656-56624-0412.fits
6656/spec-6656-56624-0413.fits
6656/spec-6656-56624-0414.fits
6656/spec-6656-56624-0415.fits
6656/spec-6656-56624-0416.fits
6656/spec-6656-56624-0417.fits
6656/spec-6656-56624-0418.fits
6656/spec-6656-56624-0419.fits
6656/spec-6656-56624-0420.fits
6656/spec-6656-56624-0421.fits
6656/spec-6656-56624-0422.fits
6656/spec-6656-56624-0423.fits
6656/spec-6656-56624-0424.fits
6656/spec-6656-56624-0425.fits
6656/spec-6656-56624-0426.fits
6656/spec-6656-56624-0427.fits
6656/spec-6656-56624-0428.fits
6656/spec-6656-56624-0429.fits
6656/spec-6656-56624-0430.fits
6656/spec-6656-56624-0431.fits
6656/spec-6656-56624-0432.fits
6656/spec-6656-56624-0433.fits
6656/spec-6656-56624-0434.fits
6656/spec-6656-56624-0435.fits
6656/spec-6656-56624-0436.fits
6656/spec-6656-56624-0437.fits
6656/spec-6656-56624-0438.fits
6656/spec-6656-56624-0439.fits
6656/spec-6656-56624-0440.fits
6656/spec-6656-56624-0441.fits
6656/spec-6656-56624-0442.fits
6656/spec-6656-56624-0443.fits
6656/spec-6656-56624-0444.fits
6656/spec-6656-56624-0445.fits
6656/spec-6656-56624-0446.fits
6656/spec-6656-56624-0447.fits
6656/spec-6656-56624-0448.fits
6656/spec-6656-56624-0449.fits
6656/spec-6656-56624-0450.fits
6656/spec-6656-56624-0451.fits
6656/spec-6656-56624-0452.fits
6656/spec-6656-56624-0453.fits
6656/spec-6656-56624-0454.fits
6656/spec-6656-56624-0455.fits
6656/spec-6656-56624-0456.fits
6656/spec-6656-56624-0457.fits
6656/spec-6656-56624-0458.fits
6656/spec-6656-56624-0459.fits
6656/spec-6656-56624-0460.fits
6656/spec-6656-56624-0461.fits
6656/spec-6656-56624-0462.fits
6656/spec-6656-56624-0463.fits
6656/spec-6656-56624-0464.fits
6656/spec-6656-56624-0465.fits
6656/spec-6656-56624-0466.fits
6656/spec-6656-56624-0467.fits
6656/spec-6656-56624-0468.fits
6656/spec-6656-56624-0469.fits
6656/spec-6656-56624-0470.fits
6656/spec-6656-56624-0471.fits
6656/spec-6656-56624-0472.fits
6656/spec-6656-56624-0473.fits
6656/spec-6656-56624-0474.fits
6656/spec-6656-56624-0475.fits
6656/spec-6656-56624-0476.fits
6656/spec-6656-56624-0477.fits
6656/spec-6656-56624-0478.fits
6656/spec-6656-56624-0479.fits
6656/spec-6656-56624-0480.fits
6656/spec-6656-56624-0481.fits
6656/spec-6656-56624-0482.fits
6656/spec-6656-56624-0483.fits
6656/spec-6656-56624-0484.fits
6656/spec-6656-56624-0485.fits
6656/spec-6656-56624-0486.fits
6656/spec-6656-56624-0487.fits
6656/spec-6656-56624-0488.fits
6656/spec-6656-56624-0489.fits
6656/spec-6656-56624-0490.fits
6656/spec-6656-56624-0491.fits
6656/spec-6656-56624-0492.fits
6656/spec-6656-56624-0493.fits
6656/spec-6656-56624-0494.fits
6656/spec-6656-56624-0495.fits
6656/spec-6656-56624-0496.fits
6656/spec-6656-56624-0497.fits
6656/spec-6656-56624-0498.fits
6656/spec-6656-56624-0499.fits
6656/spec-6656-56624-0500.fits
6656/spec-6656-56624-0501.fits
6656/spec-6656-56624-0502.fits
6656/spec-6656-56624-0503.fits
6656/spec-6656-56624-0504.fits
6656/spec-6656-56624-0505.fits
6656/spec-6656-56624-0506.fits
6656/spec-6656-56624-0507.fits
6656/spec-6656-56624-0508.fits
6656/spec-6656-56624-0509.fits
6656/spec-6656-56624-0510.fits
6656/spec-6656-56624-0511.fits
6656/spec-6656-56624-0512.fits
6656/spec-6656-56624-0513.fits
6656/spec-6656-56624-0514.fits
6656/spec-6656-56624-0515.fits
6656/spec-6656-56624-0516.fits
6656/spec-6656-56624-0517.fits
6656/spec-6656-56624-0518.fits
6656/spec-6656-56624-0519.fits
6656/spec-6656-56624-0520.fits
6656/spec-6656-56624-0521.fits
6656/spec-6656-56624-0522.fits
6656/spec-6656-56624-0523.fits
6656/spec-6656-56624-0524.fits
6656/spec-6656-56624-0525.fits
6656/spec-6656-56624-0526.fits
6656/spec-6656-56624-0527.fits
6656/spec-6656-56624-0528.fits
6656/spec-6656-56624-0529.fits
6656/spec-6656-56624-0530.fits
6656/spec-6656-56624-0531.fits
6656/spec-6656-56624-0532.fits
6656/spec-6656-56624-0533.fits
6656/spec-6656-56624-0534.fits
6656/spec-6656-56624-0535.fits
6656/spec-6656-56624-0536.fits
6656/spec-6656-56624-0537.fits
6656/spec-6656-56624-0538.fits
6656/spec-6656-56624-0539.fits
6656/spec-6656-56624-0540.fits
6656/spec-6656-56624-0541.fits
6656/spec-6656-56624-0542.fits
6656/spec-6656-56624-0543.fits
6656/spec-6656-56624-0544.fits
6656/spec-6656-56624-0545.fits
6656/spec-6656-56624-0546.fits
6656/spec-6656-56624-0547.fits
6656/spec-6656-56624-0548.fits
6656/spec-6656-56624-0549.fits
6656/spec-6656-56624-0550.fits
6656/spec-6656-56624-0551.fits
6656/spec-6656-56624-0552.fits
6656/spec-6656-56624-0553.fits
6656/spec-6656-56624-0554.fits
6656/spec-6656-56624-0555.fits
6656/spec-6656-56624-0556.fits
6656/spec-6656-56624-0557.fits
6656/spec-6656-56624-0558.fits
6656/spec-6656-56624-0559.fits
6656/spec-6656-56624-0560.fits
6656/spec-6656-56624-0561.fits
6656/spec-6656-56624-0562.fits
6656/spec-6656-56624-0563.fits
6656/spec-6656-56624-0564.fits
6656/spec-6656-56624-0565.fits
6656/spec-6656-56624-0566.fits
6656/spec-6656-56624-0567.fits
6656/spec-6656-56624-0568.fits
6656/spec-6656-56624-0569.fits
6656/spec-6656-56624-0570.fits
6656/spec-6656-56624-0571.fits
6656/spec-6656-56624-0572.fits
6656/spec-6656-56624-0573.fits
6656/spec-6656-56624-0574.fits
6656/spec-6656-56624-0575.fits
6656/spec-6656-56624-0576.fits
6656/spec-6656-56624-0577.fits
6656/spec-6656-56624-0578.fits
6656/spec-6656-56624-0579.fits
6656/spec-6656-56624-0580.fits
6656/spec-6656-56624-0581.fits
6656/spec-6656-56624-0582.fits
6656/spec-6656-56624-0583.fits
6656/spec-6656-56624-0584.fits
6656/spec-6656-56624-0585.fits
6656/spec-6656-56624-0586.fits
6656/spec-6656-56624-0587.fits
6656/spec-6656-56624-0588.fits
6656/spec-6656-56624-0589.fits
6656/spec-6656-56624-0590.fits
6656/spec-6656-56624-0591.fits
6656/spec-6656-56624-0592.fits
6656/spec-6656-56624-0593.fits
6656/spec-6656-56624-0594.fits
6656/spec-6656-56624-0595.fits
6656/spec-6656-56624-0596.fits
6656/spec-6656-56624-0597.fits
6656/spec-6656-56624-0598.fits
6656/spec-6656-56624-0599.fits
6656/spec-6656-56624-0600.fits
6656/spec-6656-56624-0601.fits
6656/spec-6656-56624-0602.fits
6656/spec-6656-56624-0603.fits
6656/spec-6656-56624-0604.fits
6656/spec-6656-56624-0605.fits
6656/spec-6656-56624-0606.fits
6656/spec-6656-56624-0607.fits
6656/spec-6656-56624-0608.fits
6656/spec-6656-56624-0609.fits
6656/spec-6656-56624-0610.fits
6656/spec-6656-56624-0611.fits
6656/spec-6656-56624-0612.fits
6656/spec-6656-56624-0613.fits
6656/spec-6656-56624-0614.fits
6656/spec-6656-56624-0615.fits
6656/spec-6656-56624-0616.fits
6656/spec-6656-56624-0617.fits
6656/spec-6656-56624-0618.fits
6656/spec-6656-56624-0619.fits
6656/spec-6656-56624-0620.fits
6656/spec-6656-56624-0621.fits
6656/spec-6656-56624-0622.fits
6656/spec-6656-56624-0623.fits
6656/spec-6656-56624-0624.fits
6656/spec-6656-56624-0625.fits
6656/spec-6656-56624-0626.fits
6656/spec-6656-56624-0627.fits
6656/spec-6656-56624-0628.fits
6656/spec-6656-56624-0629.fits
6656/spec-6656-56624-0630.fits
6656/spec-6656-56624-0631.fits
6656/spec-6656-56624-0632.fits
6656/spec-6656-56624-0633.fits
6656/spec-6656-56624-0634.fits
6656/spec-6656-56624-0635.fits
6656/spec-6656-56624-0636.fits
6656/spec-6656-56624-0637.fits
6656/spec-6656-56624-0638.fits
6656/spec-6656-56624-0639.fits
6656/spec-6656-56624-0640.fits
6656/spec-6656-56624-0641.fits
6656/spec-6656-56624-0642.fits
6656/spec-6656-56624-0643.fits
6656/spec-6656-56624-0644.fits
6656/spec-6656-56624-0645.fits
6656/spec-6656-56624-0646.fits
6656/spec-6656-56624-0647.fits
6656/spec-6656-56624-0648.fits
6656/spec-6656-56624-0649.fits
6656/spec-6656-56624-0650.fits
6656/spec-6656-56624-0651.fits
6656/spec-6656-56624-0652.fits
6656/spec-6656-56624-0653.fits
6656/spec-6656-56624-0654.fits
6656/spec-6656-56624-0655.fits
6656/spec-6656-56624-0656.fits
6656/spec-6656-56624-0657.fits
6656/spec-6656-56624-0658.fits
6656/spec-6656-56624-0659.fits
6656/spec-6656-56624-0660.fits
6656/spec-6656-56624-0661.fits
6656/spec-6656-56624-0662.fits
6656/spec-6656-56624-0663.fits
6656/spec-6656-56624-0664.fits
6656/spec-6656-56624-0665.fits
6656/spec-6656-56624-0666.fits
6656/spec-6656-56624-0667.fits
6656/spec-6656-56624-0668.fits
6656/spec-6656-56624-0669.fits
6656/spec-6656-56624-0670.fits
6656/spec-6656-56624-0671.fits
6656/spec-6656-56624-0672.fits
6656/spec-6656-56624-0673.fits
6656/spec-6656-56624-0674.fits
6656/spec-6656-56624-0675.fits
6656/spec-6656-56624-0676.fits
6656/spec-6656-56624-0677.fits
6656/spec-6656-56624-0678.fits
6656/spec-6656-56624-0679.fits
6656/spec-6656-56624-0680.fits
6656/spec-6656-56624-0681.fits
6656/spec-6656-56624-0682.fits
6656/spec-6656-56624-0683.fits
6656/spec-6656-56624-0684.fits
6656/spec-6656-56624-0685.fits
6656/spec-6656-56624-0686.fits
6656/spec-6656-56624-0687.fits
6656/spec-6656-56624-0688.fits
6656/spec-6656-56624-0689.fits
6656/spec-6656-56624-0690.fits
6656/spec-6656-56624-0691.fits
6656/spec-6656-56624-0692.fits
6656/spec-6656-56624-0693.fits
6656/spec-6656-56624-0694.fits
6656/spec-6656-56624-0695.fits
6656/spec-6656-56624-0696.fits
6656/spec-6656-56624-0697.fits
6656/spec-6656-56624-0698.fits
6656/spec-6656-56624-0699.fits
6656/spec-6656-56624-0700.fits
6656/spec-6656-56624-0701.fits
6656/spec-6656-56624-0702.fits
6656/spec-6656-56624-0703.fits
6656/spec-6656-56624-0704.fits
6656/spec-6656-56624-0705.fits
6656/spec-6656-56624-0706.fits
6656/spec-6656-56624-0707.fits
6656/spec-6656-56624-0708.fits
6656/spec-6656-56624-0709.fits
6656/spec-6656-56624-0710.fits
6656/spec-6656-56624-0711.fits
6656/spec-6656-56624-0712.fits
6656/spec-6656-56624-0713.fits
6656/spec-6656-56624-0714.fits
6656/spec-6656-56624-0715.fits
6656/spec-6656-56624-0716.fits
6656/spec-6656-56624-0717.fits
6656/spec-6656-56624-0718.fits
6656/spec-6656-56624-0719.fits
6656/spec-6656-56624-0720.fits
6656/spec-6656-56624-0721.fits
6656/spec-6656-56624-0722.fits
6656/spec-6656-56624-0723.fits
6656/spec-6656-56624-0724.fits
6656/spec-6656-56624-0725.fits
6656/spec-6656-56624-0726.fits
6656/spec-6656-56624-0727.fits
6656/spec-6656-56624-0728.fits
6656/spec-6656-56624-0729.fits
6656/spec-6656-56624-0730.fits
6656/spec-6656-56624-0731.fits
6656/spec-6656-56624-0732.fits
6656/spec-6656-56624-0733.fits
6656/spec-6656-56624-0734.fits
6656/spec-6656-56624-0735.fits
6656/spec-6656-56624-0736.fits
6656/spec-6656-56624-0737.fits
6656/spec-6656-56624-0738.fits
6656/spec-6656-56624-0739.fits
6656/spec-6656-56624-0740.fits
6656/spec-6656-56624-0741.fits
6656/spec-6656-56624-0742.fits
6656/spec-6656-56624-0743.fits
6656/spec-6656-56624-0744.fits
6656/spec-6656-56624-0745.fits
6656/spec-6656-56624-0746.fits
6656/spec-6656-56624-0747.fits
6656/spec-6656-56624-0748.fits
6656/spec-6656-56624-0749.fits
6656/spec-6656-56624-0750.fits
6656/spec-6656-56624-0751.fits
6656/spec-6656-56624-0752.fits
6656/spec-6656-56624-0753.fits
6656/spec-6656-56624-0754.fits
6656/spec-6656-56624-0755.fits
6656/spec-6656-56624-0756.fits
6656/spec-6656-56624-0757.fits
6656/spec-6656-56624-0758.fits
6656/spec-6656-56624-0759.fits
6656/spec-6656-56624-0760.fits
6656/spec-6656-56624-0761.fits
6656/spec-6656-56624-0762.fits
6656/spec-6656-56624-0763.fits
6656/spec-6656-56624-0764.fits
6656/spec-6656-56624-0765.fits
6656/spec-6656-56624-0766.fits
6656/spec-6656-56624-0767.fits
6656/spec-6656-56624-0768.fits
6656/spec-6656-56624-0769.fits
6656/spec-6656-56624-0770.fits
6656/spec-6656-56624-0771.fits
6656/spec-6656-56624-0772.fits
6656/spec-6656-56624-0773.fits
6656/spec-6656-56624-0774.fits
6656/spec-6656-56624-0775.fits
6656/spec-6656-56624-0776.fits
6656/spec-6656-56624-0777.fits
6656/spec-6656-56624-0778.fits
6656/spec-6656-56624-0779.fits
6656/spec-6656-56624-0780.fits
6656/spec-6656-56624-0781.fits
6656/spec-6656-56624-0782.fits
6656/spec-6656-56624-0783.fits
6656/spec-6656-56624-0784.fits
6656/spec-6656-56624-0785.fits
6656/spec-6656-56624-0786.fits
6656/spec-6656-56624-0787.fits
6656/spec-6656-56624-0788.fits
6656/spec-6656-56624-0789.fits
6656/spec-6656-56624-0790.fits
6656/spec-6656-56624-0791.fits
6656/spec-6656-56624-0792.fits
6656/spec-6656-56624-0793.fits
6656/spec-6656-56624-0794.fits
6656/spec-6656-56624-0795.fits
6656/spec-6656-56624-0796.fits
6656/spec-6656-56624-0797.fits
6656/spec-6656-56624-0798.fits
6656/spec-6656-56624-0799.fits
6656/spec-6656-56624-0800.fits
6656/spec-6656-56624-0801.fits
6656/spec-6656-56624-0802.fits
6656/spec-6656-56624-0803.fits
6656/spec-6656-56624-0804.fits
6656/spec-6656-56624-0805.fits
6656/spec-6656-56624-0806.fits
6656/spec-6656-56624-0807.fits
6656/spec-6656-56624-0808.fits
6656/spec-6656-56624-0809.fits
6656/spec-6656-56624-0810.fits
6656/spec-6656-56624-0811.fits
6656/spec-6656-56624-0812.fits
6656/spec-6656-56624-0813.fits
6656/spec-6656-56624-0814.fits
6656/spec-6656-56624-0815.fits
6656/spec-6656-56624-0816.fits
6656/spec-6656-56624-0817.fits
6656/spec-6656-56624-0818.fits
6656/spec-6656-56624-0819.fits
6656/spec-6656-56624-0820.fits
6656/spec-6656-56624-0821.fits
6656/spec-6656-56624-0822.fits
6656/spec-6656-56624-0823.fits
6656/spec-6656-56624-0824.fits
6656/spec-6656-56624-0825.fits
6656/spec-6656-56624-0826.fits
6656/spec-6656-56624-0827.fits
6656/spec-6656-56624-0828.fits
6656/spec-6656-56624-0829.fits
6656/spec-6656-56624-0830.fits
6656/spec-6656-56624-0831.fits
6656/spec-6656-56624-0832.fits
6656/spec-6656-56624-0833.fits
6656/spec-6656-56624-0834.fits
6656/spec-6656-56624-0835.fits
6656/spec-6656-56624-0836.fits
6656/spec-6656-56624-0837.fits
6656/spec-6656-56624-0838.fits
6656/spec-6656-56624-0839.fits
6656/spec-6656-56624-0840.fits
6656/spec-6656-56624-0841.fits
6656/spec-6656-56624-0842.fits
6656/spec-6656-56624-0843.fits
6656/spec-6656-56624-0844.fits
6656/spec-6656-56624-0845.fits
6656/spec-6656-56624-0846.fits
6656/spec-6656-56624-0847.fits
6656/spec-6656-56624-0848.fits
6656/spec-6656-56624-0849.fits
6656/spec-6656-56624-0850.fits
6656/spec-6656-56624-0851.fits
6656/spec-6656-56624-0852.fits
6656/spec-6656-56624-0853.fits
6656/spec-6656-56624-0854.fits
6656/spec-6656-56624-0855.fits
6656/spec-6656-56624-0856.fits
6656/spec-6656-56624-0857.fits
6656/spec-6656-56624-0858.fits
6656/spec-6656-56624-0859.fits
6656/spec-6656-56624-0860.fits
6656/spec-6656-56624-0861.fits
6656/spec-6656-56624-0862.fits
6656/spec-6656-56624-0863.fits
6656/spec-6656-56624-0864.fits
6656/spec-6656-56624-0865.fits
6656/spec-6656-56624-0866.fits
6656/spec-6656-56624-0867.fits
6656/spec-6656-56624-0868.fits
6656/spec-6656-56624-0869.fits
6656/spec-6656-56624-0870.fits
6656/spec-6656-56624-0871.fits
6656/spec-6656-56624-0872.fits
6656/spec-6656-56624-0873.fits
6656/spec-6656-56624-0874.fits
6656/spec-6656-56624-0875.fits
6656/spec-6656-56624-0876.fits
6656/spec-6656-56624-0877.fits
6656/spec-6656-56624-0878.fits
6656/spec-6656-56624-0879.fits
6656/spec-6656-56624-0880.fits
6656/spec-6656-56624-0881.fits
6656/spec-6656-56624-0882.fits
6656/spec-6656-56624-0883.fits
6656/spec-6656-56624-0884.fits
6656/spec-6656-56624-0885.fits
6656/spec-6656-56624-0886.fits
6656/spec-6656-56624-0887.fits
6656/spec-6656-56624-0888.fits
6656/spec-6656-56624-0889.fits
6656/spec-6656-56624-0890.fits
6656/spec-6656-56624-0891.fits
6656/spec-6656-56624-0892.fits
6656/spec-6656-56624-0893.fits
6656/spec-6656-56624-0894.fits
6656/spec-6656-56624-0895.fits
6656/spec-6656-56624-0896.fits
6656/spec-6656-56624-0897.fits
6656/spec-6656-56624-0898.fits
6656/spec-6656-56624-0899.fits
6656/spec-6656-56624-0900.fits
6656/spec-6656-56624-0901.fits
6656/spec-6656-56624-0902.fits
6656/spec-6656-56624-0903.fits
6656/spec-6656-56624-0904.fits
6656/spec-6656-56624-0905.fits
6656/spec-6656-56624-0906.fits
6656/spec-6656-56624-0907.fits
6656/spec-6656-56624-0908.fits
6656/spec-6656-56624-0909.fits
6656/spec-6656-56624-0910.fits
6656/spec-6656-56624-0911.fits
6656/spec-6656-56624-0912.fits
6656/spec-6656-56624-0913.fits
6656/spec-6656-56624-0914.fits
6656/spec-6656-56624-0915.fits
6656/spec-6656-56624-0916.fits
6656/spec-6656-56624-0917.fits
6656/spec-6656-56624-0918.fits
6656/spec-6656-56624-0919.fits
6656/spec-6656-56624-0920.fits
6656/spec-6656-56624-0921.fits
6656/spec-6656-56624-0922.fits
6656/spec-6656-56624-0923.fits
6656/spec-6656-56624-0924.fits
6656/spec-6656-56624-0925.fits
6656/spec-6656-56624-0926.fits
6656/spec-6656-56624-0927.fits
6656/spec-6656-56624-0928.fits
6656/spec-6656-56624-0929.fits
6656/spec-6656-56624-0930.fits
6656/spec-6656-56624-0931.fits
6656/spec-6656-56624-0932.fits
6656/spec-6656-56624-0933.fits
6656/spec-6656-56624-0934.fits
6656/spec-6656-56624-0935.fits
6656/spec-6656-56624-0936.fits
6656/spec-6656-56624-0937.fits
6656/spec-6656-56624-0938.fits
6656/spec-6656-56624-0939.fits
6656/spec-6656-56624-0940.fits
6656/spec-6656-56624-0941.fits
6656/spec-6656-56624-0942.fits
6656/spec-6656-56624-0943.fits
6656/spec-6656-56624-0944.fits
6656/spec-6656-56624-0945.fits
6656/spec-6656-56624-0946.fits
6656/spec-6656-56624-0947.fits
6656/spec-6656-56624-0948.fits
6656/spec-6656-56624-0949.fits
6656/spec-6656-56624-0950.fits
6656/spec-6656-56624-0951.fits
6656/spec-6656-56624-0952.fits
6656/spec-6656-56624-0953.fits
6656/spec-6656-56624-0954.fits
6656/spec-6656-56624-0955.fits
6656/spec-6656-56624-0956.fits
6656/spec-6656-56624-0957.fits
6656/spec-6656-56624-0958.fits
6656/spec-6656-56624-0959.fits
6656/spec-6656-56624-0960.fits
6656/spec-6656-56624-0961.fits
6656/spec-6656-56624-0962.fits
6656/spec-6656-56624-0963.fits
6656/spec-6656-56624-0964.fits
6656/spec-6656-56624-0965.fits
6656/spec-6656-56624-0966.fits
6656/spec-6656-56624-0967.fits
6656/spec-6656-56624-0968.fits
6656/spec-6656-56624-0969.fits
6656/spec-6656-56624-0970.fits
6656/spec-6656-56624-0971.fits
6656/spec-6656-56624-0972.fits
6656/spec-6656-56624-0973.fits
6656/spec-6656-56624-0974.fits
6656/spec-6656-56624-0975.fits
6656/spec-6656-56624-0976.fits
6656/spec-6656-56624-0977.fits
6656/spec-6656-56624-0978.fits
6656/spec-6656-56624-0979.fits
6656/spec-6656-56624-0980.fits
6656/spec-6656-56624-0981.fits
6656/spec-6656-56624-0982.fits
6656/spec-6656-56624-0983.fits
6656/spec-6656-56624-0984.fits
6656/spec-6656-56624-0985.fits
6656/spec-6656-56624-0986.fits
6656/spec-6656-56624-0987.fits
6656/spec-6656-56624-0988.fits
6656/spec-6656-56624-0989.fits
6656/spec-6656-56624-0990.fits
6656/spec-6656-56624-0991.fits
6656/spec-6656-56624-0992.fits
6656/spec-6656-56624-0993.fits
6656/spec-6656-56624-0994.fits
6656/spec-6656-56624-0995.fits
6656/spec-6656-56624-0996.fits
6656/spec-6656-56624-0997.fits
6656/spec-6656-56624-0998.fits
6656/spec-6656-56624-0999.fits
6656/spec-6656-56624-1000.fits
/var/lib/condor/execute/slot1/dir_6515
6656 6656.tgz R R361.tar.gz _condor_stderr _condor_stdout cB58_Lyman_break.fit condor_exec.exe hw4.R packages packages.tar.gz tmp var
[1] "Loaded package astro."
[1] 1000
6656 6656.csv 6656.tgz R R361.tar.gz _condor_stderr _condor_stdout cB58_Lyman_break.fit condor_exec.exe hw4.R packages packages.tar.gz tmp var
