3666
3666/
3666/spec-3666-55185-0001.fits
3666/spec-3666-55185-0002.fits
3666/spec-3666-55185-0003.fits
3666/spec-3666-55185-0004.fits
3666/spec-3666-55185-0005.fits
3666/spec-3666-55185-0006.fits
3666/spec-3666-55185-0007.fits
3666/spec-3666-55185-0008.fits
3666/spec-3666-55185-0009.fits
3666/spec-3666-55185-0010.fits
3666/spec-3666-55185-0011.fits
3666/spec-3666-55185-0012.fits
3666/spec-3666-55185-0013.fits
3666/spec-3666-55185-0014.fits
3666/spec-3666-55185-0015.fits
3666/spec-3666-55185-0016.fits
3666/spec-3666-55185-0017.fits
3666/spec-3666-55185-0018.fits
3666/spec-3666-55185-0019.fits
3666/spec-3666-55185-0020.fits
3666/spec-3666-55185-0021.fits
3666/spec-3666-55185-0022.fits
3666/spec-3666-55185-0023.fits
3666/spec-3666-55185-0024.fits
3666/spec-3666-55185-0025.fits
3666/spec-3666-55185-0026.fits
3666/spec-3666-55185-0027.fits
3666/spec-3666-55185-0028.fits
3666/spec-3666-55185-0029.fits
3666/spec-3666-55185-0030.fits
3666/spec-3666-55185-0031.fits
3666/spec-3666-55185-0032.fits
3666/spec-3666-55185-0033.fits
3666/spec-3666-55185-0034.fits
3666/spec-3666-55185-0035.fits
3666/spec-3666-55185-0036.fits
3666/spec-3666-55185-0037.fits
3666/spec-3666-55185-0038.fits
3666/spec-3666-55185-0039.fits
3666/spec-3666-55185-0040.fits
3666/spec-3666-55185-0041.fits
3666/spec-3666-55185-0042.fits
3666/spec-3666-55185-0043.fits
3666/spec-3666-55185-0044.fits
3666/spec-3666-55185-0045.fits
3666/spec-3666-55185-0046.fits
3666/spec-3666-55185-0047.fits
3666/spec-3666-55185-0048.fits
3666/spec-3666-55185-0049.fits
3666/spec-3666-55185-0050.fits
3666/spec-3666-55185-0051.fits
3666/spec-3666-55185-0052.fits
3666/spec-3666-55185-0053.fits
3666/spec-3666-55185-0054.fits
3666/spec-3666-55185-0055.fits
3666/spec-3666-55185-0056.fits
3666/spec-3666-55185-0057.fits
3666/spec-3666-55185-0058.fits
3666/spec-3666-55185-0059.fits
3666/spec-3666-55185-0060.fits
3666/spec-3666-55185-0061.fits
3666/spec-3666-55185-0062.fits
3666/spec-3666-55185-0063.fits
3666/spec-3666-55185-0064.fits
3666/spec-3666-55185-0065.fits
3666/spec-3666-55185-0066.fits
3666/spec-3666-55185-0067.fits
3666/spec-3666-55185-0068.fits
3666/spec-3666-55185-0069.fits
3666/spec-3666-55185-0070.fits
3666/spec-3666-55185-0071.fits
3666/spec-3666-55185-0072.fits
3666/spec-3666-55185-0073.fits
3666/spec-3666-55185-0074.fits
3666/spec-3666-55185-0075.fits
3666/spec-3666-55185-0076.fits
3666/spec-3666-55185-0077.fits
3666/spec-3666-55185-0078.fits
3666/spec-3666-55185-0079.fits
3666/spec-3666-55185-0080.fits
3666/spec-3666-55185-0081.fits
3666/spec-3666-55185-0082.fits
3666/spec-3666-55185-0083.fits
3666/spec-3666-55185-0084.fits
3666/spec-3666-55185-0085.fits
3666/spec-3666-55185-0086.fits
3666/spec-3666-55185-0087.fits
3666/spec-3666-55185-0088.fits
3666/spec-3666-55185-0089.fits
3666/spec-3666-55185-0090.fits
3666/spec-3666-55185-0091.fits
3666/spec-3666-55185-0092.fits
3666/spec-3666-55185-0093.fits
3666/spec-3666-55185-0094.fits
3666/spec-3666-55185-0095.fits
3666/spec-3666-55185-0096.fits
3666/spec-3666-55185-0097.fits
3666/spec-3666-55185-0098.fits
3666/spec-3666-55185-0099.fits
3666/spec-3666-55185-0100.fits
3666/spec-3666-55185-0101.fits
3666/spec-3666-55185-0102.fits
3666/spec-3666-55185-0103.fits
3666/spec-3666-55185-0104.fits
3666/spec-3666-55185-0105.fits
3666/spec-3666-55185-0106.fits
3666/spec-3666-55185-0107.fits
3666/spec-3666-55185-0108.fits
3666/spec-3666-55185-0109.fits
3666/spec-3666-55185-0110.fits
3666/spec-3666-55185-0111.fits
3666/spec-3666-55185-0112.fits
3666/spec-3666-55185-0113.fits
3666/spec-3666-55185-0114.fits
3666/spec-3666-55185-0115.fits
3666/spec-3666-55185-0116.fits
3666/spec-3666-55185-0117.fits
3666/spec-3666-55185-0118.fits
3666/spec-3666-55185-0119.fits
3666/spec-3666-55185-0120.fits
3666/spec-3666-55185-0121.fits
3666/spec-3666-55185-0122.fits
3666/spec-3666-55185-0123.fits
3666/spec-3666-55185-0124.fits
3666/spec-3666-55185-0125.fits
3666/spec-3666-55185-0126.fits
3666/spec-3666-55185-0127.fits
3666/spec-3666-55185-0128.fits
3666/spec-3666-55185-0129.fits
3666/spec-3666-55185-0130.fits
3666/spec-3666-55185-0131.fits
3666/spec-3666-55185-0132.fits
3666/spec-3666-55185-0133.fits
3666/spec-3666-55185-0134.fits
3666/spec-3666-55185-0135.fits
3666/spec-3666-55185-0136.fits
3666/spec-3666-55185-0137.fits
3666/spec-3666-55185-0138.fits
3666/spec-3666-55185-0139.fits
3666/spec-3666-55185-0140.fits
3666/spec-3666-55185-0141.fits
3666/spec-3666-55185-0142.fits
3666/spec-3666-55185-0143.fits
3666/spec-3666-55185-0144.fits
3666/spec-3666-55185-0145.fits
3666/spec-3666-55185-0146.fits
3666/spec-3666-55185-0147.fits
3666/spec-3666-55185-0148.fits
3666/spec-3666-55185-0149.fits
3666/spec-3666-55185-0150.fits
3666/spec-3666-55185-0151.fits
3666/spec-3666-55185-0152.fits
3666/spec-3666-55185-0153.fits
3666/spec-3666-55185-0154.fits
3666/spec-3666-55185-0155.fits
3666/spec-3666-55185-0156.fits
3666/spec-3666-55185-0157.fits
3666/spec-3666-55185-0158.fits
3666/spec-3666-55185-0159.fits
3666/spec-3666-55185-0160.fits
3666/spec-3666-55185-0161.fits
3666/spec-3666-55185-0162.fits
3666/spec-3666-55185-0163.fits
3666/spec-3666-55185-0164.fits
3666/spec-3666-55185-0165.fits
3666/spec-3666-55185-0166.fits
3666/spec-3666-55185-0167.fits
3666/spec-3666-55185-0168.fits
3666/spec-3666-55185-0169.fits
3666/spec-3666-55185-0170.fits
3666/spec-3666-55185-0171.fits
3666/spec-3666-55185-0172.fits
3666/spec-3666-55185-0173.fits
3666/spec-3666-55185-0174.fits
3666/spec-3666-55185-0175.fits
3666/spec-3666-55185-0176.fits
3666/spec-3666-55185-0177.fits
3666/spec-3666-55185-0178.fits
3666/spec-3666-55185-0179.fits
3666/spec-3666-55185-0180.fits
3666/spec-3666-55185-0181.fits
3666/spec-3666-55185-0182.fits
3666/spec-3666-55185-0183.fits
3666/spec-3666-55185-0184.fits
3666/spec-3666-55185-0185.fits
3666/spec-3666-55185-0186.fits
3666/spec-3666-55185-0187.fits
3666/spec-3666-55185-0188.fits
3666/spec-3666-55185-0189.fits
3666/spec-3666-55185-0190.fits
3666/spec-3666-55185-0191.fits
3666/spec-3666-55185-0192.fits
3666/spec-3666-55185-0193.fits
3666/spec-3666-55185-0194.fits
3666/spec-3666-55185-0195.fits
3666/spec-3666-55185-0196.fits
3666/spec-3666-55185-0197.fits
3666/spec-3666-55185-0198.fits
3666/spec-3666-55185-0199.fits
3666/spec-3666-55185-0200.fits
3666/spec-3666-55185-0201.fits
3666/spec-3666-55185-0202.fits
3666/spec-3666-55185-0203.fits
3666/spec-3666-55185-0204.fits
3666/spec-3666-55185-0205.fits
3666/spec-3666-55185-0206.fits
3666/spec-3666-55185-0207.fits
3666/spec-3666-55185-0208.fits
3666/spec-3666-55185-0209.fits
3666/spec-3666-55185-0210.fits
3666/spec-3666-55185-0211.fits
3666/spec-3666-55185-0212.fits
3666/spec-3666-55185-0213.fits
3666/spec-3666-55185-0214.fits
3666/spec-3666-55185-0215.fits
3666/spec-3666-55185-0216.fits
3666/spec-3666-55185-0217.fits
3666/spec-3666-55185-0218.fits
3666/spec-3666-55185-0219.fits
3666/spec-3666-55185-0220.fits
3666/spec-3666-55185-0221.fits
3666/spec-3666-55185-0222.fits
3666/spec-3666-55185-0223.fits
3666/spec-3666-55185-0224.fits
3666/spec-3666-55185-0225.fits
3666/spec-3666-55185-0226.fits
3666/spec-3666-55185-0227.fits
3666/spec-3666-55185-0228.fits
3666/spec-3666-55185-0229.fits
3666/spec-3666-55185-0230.fits
3666/spec-3666-55185-0231.fits
3666/spec-3666-55185-0232.fits
3666/spec-3666-55185-0233.fits
3666/spec-3666-55185-0234.fits
3666/spec-3666-55185-0235.fits
3666/spec-3666-55185-0236.fits
3666/spec-3666-55185-0237.fits
3666/spec-3666-55185-0238.fits
3666/spec-3666-55185-0239.fits
3666/spec-3666-55185-0240.fits
3666/spec-3666-55185-0241.fits
3666/spec-3666-55185-0242.fits
3666/spec-3666-55185-0243.fits
3666/spec-3666-55185-0244.fits
3666/spec-3666-55185-0245.fits
3666/spec-3666-55185-0246.fits
3666/spec-3666-55185-0247.fits
3666/spec-3666-55185-0248.fits
3666/spec-3666-55185-0249.fits
3666/spec-3666-55185-0250.fits
3666/spec-3666-55185-0251.fits
3666/spec-3666-55185-0252.fits
3666/spec-3666-55185-0253.fits
3666/spec-3666-55185-0254.fits
3666/spec-3666-55185-0255.fits
3666/spec-3666-55185-0256.fits
3666/spec-3666-55185-0257.fits
3666/spec-3666-55185-0258.fits
3666/spec-3666-55185-0259.fits
3666/spec-3666-55185-0260.fits
3666/spec-3666-55185-0261.fits
3666/spec-3666-55185-0262.fits
3666/spec-3666-55185-0263.fits
3666/spec-3666-55185-0264.fits
3666/spec-3666-55185-0265.fits
3666/spec-3666-55185-0266.fits
3666/spec-3666-55185-0267.fits
3666/spec-3666-55185-0268.fits
3666/spec-3666-55185-0269.fits
3666/spec-3666-55185-0270.fits
3666/spec-3666-55185-0271.fits
3666/spec-3666-55185-0272.fits
3666/spec-3666-55185-0273.fits
3666/spec-3666-55185-0274.fits
3666/spec-3666-55185-0275.fits
3666/spec-3666-55185-0276.fits
3666/spec-3666-55185-0277.fits
3666/spec-3666-55185-0278.fits
3666/spec-3666-55185-0279.fits
3666/spec-3666-55185-0280.fits
3666/spec-3666-55185-0281.fits
3666/spec-3666-55185-0282.fits
3666/spec-3666-55185-0283.fits
3666/spec-3666-55185-0284.fits
3666/spec-3666-55185-0285.fits
3666/spec-3666-55185-0286.fits
3666/spec-3666-55185-0287.fits
3666/spec-3666-55185-0288.fits
3666/spec-3666-55185-0289.fits
3666/spec-3666-55185-0290.fits
3666/spec-3666-55185-0291.fits
3666/spec-3666-55185-0292.fits
3666/spec-3666-55185-0293.fits
3666/spec-3666-55185-0294.fits
3666/spec-3666-55185-0295.fits
3666/spec-3666-55185-0296.fits
3666/spec-3666-55185-0297.fits
3666/spec-3666-55185-0298.fits
3666/spec-3666-55185-0299.fits
3666/spec-3666-55185-0300.fits
3666/spec-3666-55185-0301.fits
3666/spec-3666-55185-0302.fits
3666/spec-3666-55185-0303.fits
3666/spec-3666-55185-0304.fits
3666/spec-3666-55185-0305.fits
3666/spec-3666-55185-0306.fits
3666/spec-3666-55185-0307.fits
3666/spec-3666-55185-0308.fits
3666/spec-3666-55185-0309.fits
3666/spec-3666-55185-0310.fits
3666/spec-3666-55185-0311.fits
3666/spec-3666-55185-0312.fits
3666/spec-3666-55185-0313.fits
3666/spec-3666-55185-0314.fits
3666/spec-3666-55185-0315.fits
3666/spec-3666-55185-0316.fits
3666/spec-3666-55185-0317.fits
3666/spec-3666-55185-0318.fits
3666/spec-3666-55185-0319.fits
3666/spec-3666-55185-0320.fits
3666/spec-3666-55185-0321.fits
3666/spec-3666-55185-0322.fits
3666/spec-3666-55185-0323.fits
3666/spec-3666-55185-0324.fits
3666/spec-3666-55185-0325.fits
3666/spec-3666-55185-0326.fits
3666/spec-3666-55185-0327.fits
3666/spec-3666-55185-0328.fits
3666/spec-3666-55185-0329.fits
3666/spec-3666-55185-0330.fits
3666/spec-3666-55185-0331.fits
3666/spec-3666-55185-0332.fits
3666/spec-3666-55185-0333.fits
3666/spec-3666-55185-0334.fits
3666/spec-3666-55185-0335.fits
3666/spec-3666-55185-0336.fits
3666/spec-3666-55185-0337.fits
3666/spec-3666-55185-0338.fits
3666/spec-3666-55185-0339.fits
3666/spec-3666-55185-0340.fits
3666/spec-3666-55185-0341.fits
3666/spec-3666-55185-0342.fits
3666/spec-3666-55185-0343.fits
3666/spec-3666-55185-0344.fits
3666/spec-3666-55185-0345.fits
3666/spec-3666-55185-0346.fits
3666/spec-3666-55185-0347.fits
3666/spec-3666-55185-0348.fits
3666/spec-3666-55185-0349.fits
3666/spec-3666-55185-0350.fits
3666/spec-3666-55185-0351.fits
3666/spec-3666-55185-0352.fits
3666/spec-3666-55185-0353.fits
3666/spec-3666-55185-0354.fits
3666/spec-3666-55185-0355.fits
3666/spec-3666-55185-0356.fits
3666/spec-3666-55185-0357.fits
3666/spec-3666-55185-0358.fits
3666/spec-3666-55185-0359.fits
3666/spec-3666-55185-0360.fits
3666/spec-3666-55185-0361.fits
3666/spec-3666-55185-0362.fits
3666/spec-3666-55185-0363.fits
3666/spec-3666-55185-0364.fits
3666/spec-3666-55185-0365.fits
3666/spec-3666-55185-0366.fits
3666/spec-3666-55185-0367.fits
3666/spec-3666-55185-0368.fits
3666/spec-3666-55185-0369.fits
3666/spec-3666-55185-0370.fits
3666/spec-3666-55185-0371.fits
3666/spec-3666-55185-0372.fits
3666/spec-3666-55185-0373.fits
3666/spec-3666-55185-0374.fits
3666/spec-3666-55185-0375.fits
3666/spec-3666-55185-0376.fits
3666/spec-3666-55185-0377.fits
3666/spec-3666-55185-0378.fits
3666/spec-3666-55185-0379.fits
3666/spec-3666-55185-0380.fits
3666/spec-3666-55185-0381.fits
3666/spec-3666-55185-0382.fits
3666/spec-3666-55185-0383.fits
3666/spec-3666-55185-0384.fits
3666/spec-3666-55185-0385.fits
3666/spec-3666-55185-0386.fits
3666/spec-3666-55185-0387.fits
3666/spec-3666-55185-0388.fits
3666/spec-3666-55185-0389.fits
3666/spec-3666-55185-0390.fits
3666/spec-3666-55185-0391.fits
3666/spec-3666-55185-0392.fits
3666/spec-3666-55185-0393.fits
3666/spec-3666-55185-0394.fits
3666/spec-3666-55185-0395.fits
3666/spec-3666-55185-0396.fits
3666/spec-3666-55185-0397.fits
3666/spec-3666-55185-0398.fits
3666/spec-3666-55185-0399.fits
3666/spec-3666-55185-0400.fits
3666/spec-3666-55185-0401.fits
3666/spec-3666-55185-0402.fits
3666/spec-3666-55185-0403.fits
3666/spec-3666-55185-0404.fits
3666/spec-3666-55185-0405.fits
3666/spec-3666-55185-0406.fits
3666/spec-3666-55185-0407.fits
3666/spec-3666-55185-0408.fits
3666/spec-3666-55185-0409.fits
3666/spec-3666-55185-0410.fits
3666/spec-3666-55185-0411.fits
3666/spec-3666-55185-0412.fits
3666/spec-3666-55185-0413.fits
3666/spec-3666-55185-0414.fits
3666/spec-3666-55185-0415.fits
3666/spec-3666-55185-0416.fits
3666/spec-3666-55185-0417.fits
3666/spec-3666-55185-0418.fits
3666/spec-3666-55185-0419.fits
3666/spec-3666-55185-0420.fits
3666/spec-3666-55185-0421.fits
3666/spec-3666-55185-0422.fits
3666/spec-3666-55185-0423.fits
3666/spec-3666-55185-0424.fits
3666/spec-3666-55185-0425.fits
3666/spec-3666-55185-0426.fits
3666/spec-3666-55185-0427.fits
3666/spec-3666-55185-0428.fits
3666/spec-3666-55185-0429.fits
3666/spec-3666-55185-0430.fits
3666/spec-3666-55185-0431.fits
3666/spec-3666-55185-0432.fits
3666/spec-3666-55185-0433.fits
3666/spec-3666-55185-0434.fits
3666/spec-3666-55185-0435.fits
3666/spec-3666-55185-0436.fits
3666/spec-3666-55185-0437.fits
3666/spec-3666-55185-0438.fits
3666/spec-3666-55185-0439.fits
3666/spec-3666-55185-0440.fits
3666/spec-3666-55185-0441.fits
3666/spec-3666-55185-0442.fits
3666/spec-3666-55185-0443.fits
3666/spec-3666-55185-0444.fits
3666/spec-3666-55185-0445.fits
3666/spec-3666-55185-0446.fits
3666/spec-3666-55185-0447.fits
3666/spec-3666-55185-0448.fits
3666/spec-3666-55185-0449.fits
3666/spec-3666-55185-0450.fits
3666/spec-3666-55185-0451.fits
3666/spec-3666-55185-0452.fits
3666/spec-3666-55185-0453.fits
3666/spec-3666-55185-0454.fits
3666/spec-3666-55185-0455.fits
3666/spec-3666-55185-0456.fits
3666/spec-3666-55185-0457.fits
3666/spec-3666-55185-0458.fits
3666/spec-3666-55185-0459.fits
3666/spec-3666-55185-0460.fits
3666/spec-3666-55185-0461.fits
3666/spec-3666-55185-0462.fits
3666/spec-3666-55185-0463.fits
3666/spec-3666-55185-0464.fits
3666/spec-3666-55185-0465.fits
3666/spec-3666-55185-0466.fits
3666/spec-3666-55185-0467.fits
3666/spec-3666-55185-0468.fits
3666/spec-3666-55185-0469.fits
3666/spec-3666-55185-0470.fits
3666/spec-3666-55185-0471.fits
3666/spec-3666-55185-0472.fits
3666/spec-3666-55185-0473.fits
3666/spec-3666-55185-0474.fits
3666/spec-3666-55185-0475.fits
3666/spec-3666-55185-0476.fits
3666/spec-3666-55185-0477.fits
3666/spec-3666-55185-0478.fits
3666/spec-3666-55185-0479.fits
3666/spec-3666-55185-0480.fits
3666/spec-3666-55185-0481.fits
3666/spec-3666-55185-0482.fits
3666/spec-3666-55185-0483.fits
3666/spec-3666-55185-0484.fits
3666/spec-3666-55185-0485.fits
3666/spec-3666-55185-0486.fits
3666/spec-3666-55185-0487.fits
3666/spec-3666-55185-0488.fits
3666/spec-3666-55185-0489.fits
3666/spec-3666-55185-0490.fits
3666/spec-3666-55185-0491.fits
3666/spec-3666-55185-0492.fits
3666/spec-3666-55185-0493.fits
3666/spec-3666-55185-0494.fits
3666/spec-3666-55185-0495.fits
3666/spec-3666-55185-0496.fits
3666/spec-3666-55185-0497.fits
3666/spec-3666-55185-0498.fits
3666/spec-3666-55185-0499.fits
3666/spec-3666-55185-0500.fits
3666/spec-3666-55185-0501.fits
3666/spec-3666-55185-0502.fits
3666/spec-3666-55185-0503.fits
3666/spec-3666-55185-0504.fits
3666/spec-3666-55185-0505.fits
3666/spec-3666-55185-0506.fits
3666/spec-3666-55185-0507.fits
3666/spec-3666-55185-0508.fits
3666/spec-3666-55185-0509.fits
3666/spec-3666-55185-0510.fits
3666/spec-3666-55185-0511.fits
3666/spec-3666-55185-0512.fits
3666/spec-3666-55185-0513.fits
3666/spec-3666-55185-0514.fits
3666/spec-3666-55185-0515.fits
3666/spec-3666-55185-0516.fits
3666/spec-3666-55185-0517.fits
3666/spec-3666-55185-0518.fits
3666/spec-3666-55185-0519.fits
3666/spec-3666-55185-0520.fits
3666/spec-3666-55185-0521.fits
3666/spec-3666-55185-0522.fits
3666/spec-3666-55185-0523.fits
3666/spec-3666-55185-0524.fits
3666/spec-3666-55185-0525.fits
3666/spec-3666-55185-0526.fits
3666/spec-3666-55185-0527.fits
3666/spec-3666-55185-0528.fits
3666/spec-3666-55185-0529.fits
3666/spec-3666-55185-0530.fits
3666/spec-3666-55185-0531.fits
3666/spec-3666-55185-0532.fits
3666/spec-3666-55185-0533.fits
3666/spec-3666-55185-0534.fits
3666/spec-3666-55185-0535.fits
3666/spec-3666-55185-0536.fits
3666/spec-3666-55185-0537.fits
3666/spec-3666-55185-0538.fits
3666/spec-3666-55185-0539.fits
3666/spec-3666-55185-0540.fits
3666/spec-3666-55185-0541.fits
3666/spec-3666-55185-0542.fits
3666/spec-3666-55185-0543.fits
3666/spec-3666-55185-0544.fits
3666/spec-3666-55185-0545.fits
3666/spec-3666-55185-0546.fits
3666/spec-3666-55185-0547.fits
3666/spec-3666-55185-0548.fits
3666/spec-3666-55185-0549.fits
3666/spec-3666-55185-0550.fits
3666/spec-3666-55185-0551.fits
3666/spec-3666-55185-0552.fits
3666/spec-3666-55185-0553.fits
3666/spec-3666-55185-0554.fits
3666/spec-3666-55185-0555.fits
3666/spec-3666-55185-0556.fits
3666/spec-3666-55185-0557.fits
3666/spec-3666-55185-0558.fits
3666/spec-3666-55185-0559.fits
3666/spec-3666-55185-0560.fits
3666/spec-3666-55185-0561.fits
3666/spec-3666-55185-0562.fits
3666/spec-3666-55185-0563.fits
3666/spec-3666-55185-0564.fits
3666/spec-3666-55185-0565.fits
3666/spec-3666-55185-0566.fits
3666/spec-3666-55185-0567.fits
3666/spec-3666-55185-0568.fits
3666/spec-3666-55185-0569.fits
3666/spec-3666-55185-0570.fits
3666/spec-3666-55185-0571.fits
3666/spec-3666-55185-0572.fits
3666/spec-3666-55185-0573.fits
3666/spec-3666-55185-0574.fits
3666/spec-3666-55185-0575.fits
3666/spec-3666-55185-0576.fits
3666/spec-3666-55185-0577.fits
3666/spec-3666-55185-0578.fits
3666/spec-3666-55185-0579.fits
3666/spec-3666-55185-0580.fits
3666/spec-3666-55185-0581.fits
3666/spec-3666-55185-0582.fits
3666/spec-3666-55185-0583.fits
3666/spec-3666-55185-0584.fits
3666/spec-3666-55185-0585.fits
3666/spec-3666-55185-0586.fits
3666/spec-3666-55185-0587.fits
3666/spec-3666-55185-0588.fits
3666/spec-3666-55185-0589.fits
3666/spec-3666-55185-0590.fits
3666/spec-3666-55185-0591.fits
3666/spec-3666-55185-0592.fits
3666/spec-3666-55185-0593.fits
3666/spec-3666-55185-0594.fits
3666/spec-3666-55185-0595.fits
3666/spec-3666-55185-0596.fits
3666/spec-3666-55185-0597.fits
3666/spec-3666-55185-0598.fits
3666/spec-3666-55185-0599.fits
3666/spec-3666-55185-0600.fits
3666/spec-3666-55185-0601.fits
3666/spec-3666-55185-0602.fits
3666/spec-3666-55185-0603.fits
3666/spec-3666-55185-0604.fits
3666/spec-3666-55185-0605.fits
3666/spec-3666-55185-0606.fits
3666/spec-3666-55185-0607.fits
3666/spec-3666-55185-0608.fits
3666/spec-3666-55185-0609.fits
3666/spec-3666-55185-0610.fits
3666/spec-3666-55185-0611.fits
3666/spec-3666-55185-0612.fits
3666/spec-3666-55185-0613.fits
3666/spec-3666-55185-0614.fits
3666/spec-3666-55185-0615.fits
3666/spec-3666-55185-0616.fits
3666/spec-3666-55185-0617.fits
3666/spec-3666-55185-0618.fits
3666/spec-3666-55185-0619.fits
3666/spec-3666-55185-0620.fits
3666/spec-3666-55185-0621.fits
3666/spec-3666-55185-0622.fits
3666/spec-3666-55185-0623.fits
3666/spec-3666-55185-0624.fits
3666/spec-3666-55185-0625.fits
3666/spec-3666-55185-0626.fits
3666/spec-3666-55185-0627.fits
3666/spec-3666-55185-0628.fits
3666/spec-3666-55185-0629.fits
3666/spec-3666-55185-0630.fits
3666/spec-3666-55185-0631.fits
3666/spec-3666-55185-0632.fits
3666/spec-3666-55185-0633.fits
3666/spec-3666-55185-0634.fits
3666/spec-3666-55185-0635.fits
3666/spec-3666-55185-0636.fits
3666/spec-3666-55185-0637.fits
3666/spec-3666-55185-0638.fits
3666/spec-3666-55185-0639.fits
3666/spec-3666-55185-0640.fits
3666/spec-3666-55185-0641.fits
3666/spec-3666-55185-0642.fits
3666/spec-3666-55185-0643.fits
3666/spec-3666-55185-0644.fits
3666/spec-3666-55185-0645.fits
3666/spec-3666-55185-0646.fits
3666/spec-3666-55185-0647.fits
3666/spec-3666-55185-0648.fits
3666/spec-3666-55185-0649.fits
3666/spec-3666-55185-0650.fits
3666/spec-3666-55185-0651.fits
3666/spec-3666-55185-0652.fits
3666/spec-3666-55185-0653.fits
3666/spec-3666-55185-0654.fits
3666/spec-3666-55185-0655.fits
3666/spec-3666-55185-0656.fits
3666/spec-3666-55185-0657.fits
3666/spec-3666-55185-0658.fits
3666/spec-3666-55185-0659.fits
3666/spec-3666-55185-0660.fits
3666/spec-3666-55185-0661.fits
3666/spec-3666-55185-0662.fits
3666/spec-3666-55185-0663.fits
3666/spec-3666-55185-0664.fits
3666/spec-3666-55185-0665.fits
3666/spec-3666-55185-0666.fits
3666/spec-3666-55185-0667.fits
3666/spec-3666-55185-0668.fits
3666/spec-3666-55185-0669.fits
3666/spec-3666-55185-0670.fits
3666/spec-3666-55185-0671.fits
3666/spec-3666-55185-0672.fits
3666/spec-3666-55185-0673.fits
3666/spec-3666-55185-0674.fits
3666/spec-3666-55185-0675.fits
3666/spec-3666-55185-0676.fits
3666/spec-3666-55185-0677.fits
3666/spec-3666-55185-0678.fits
3666/spec-3666-55185-0679.fits
3666/spec-3666-55185-0680.fits
3666/spec-3666-55185-0681.fits
3666/spec-3666-55185-0682.fits
3666/spec-3666-55185-0683.fits
3666/spec-3666-55185-0684.fits
3666/spec-3666-55185-0685.fits
3666/spec-3666-55185-0686.fits
3666/spec-3666-55185-0687.fits
3666/spec-3666-55185-0688.fits
3666/spec-3666-55185-0689.fits
3666/spec-3666-55185-0690.fits
3666/spec-3666-55185-0691.fits
3666/spec-3666-55185-0692.fits
3666/spec-3666-55185-0693.fits
3666/spec-3666-55185-0694.fits
3666/spec-3666-55185-0695.fits
3666/spec-3666-55185-0696.fits
3666/spec-3666-55185-0697.fits
3666/spec-3666-55185-0698.fits
3666/spec-3666-55185-0699.fits
3666/spec-3666-55185-0700.fits
3666/spec-3666-55185-0701.fits
3666/spec-3666-55185-0702.fits
3666/spec-3666-55185-0703.fits
3666/spec-3666-55185-0704.fits
3666/spec-3666-55185-0705.fits
3666/spec-3666-55185-0706.fits
3666/spec-3666-55185-0707.fits
3666/spec-3666-55185-0708.fits
3666/spec-3666-55185-0709.fits
3666/spec-3666-55185-0710.fits
3666/spec-3666-55185-0711.fits
3666/spec-3666-55185-0712.fits
3666/spec-3666-55185-0713.fits
3666/spec-3666-55185-0714.fits
3666/spec-3666-55185-0715.fits
3666/spec-3666-55185-0716.fits
3666/spec-3666-55185-0717.fits
3666/spec-3666-55185-0718.fits
3666/spec-3666-55185-0719.fits
3666/spec-3666-55185-0720.fits
3666/spec-3666-55185-0721.fits
3666/spec-3666-55185-0722.fits
3666/spec-3666-55185-0723.fits
3666/spec-3666-55185-0724.fits
3666/spec-3666-55185-0725.fits
3666/spec-3666-55185-0726.fits
3666/spec-3666-55185-0727.fits
3666/spec-3666-55185-0728.fits
3666/spec-3666-55185-0729.fits
3666/spec-3666-55185-0730.fits
3666/spec-3666-55185-0731.fits
3666/spec-3666-55185-0732.fits
3666/spec-3666-55185-0733.fits
3666/spec-3666-55185-0734.fits
3666/spec-3666-55185-0735.fits
3666/spec-3666-55185-0736.fits
3666/spec-3666-55185-0737.fits
3666/spec-3666-55185-0738.fits
3666/spec-3666-55185-0739.fits
3666/spec-3666-55185-0740.fits
3666/spec-3666-55185-0741.fits
3666/spec-3666-55185-0742.fits
3666/spec-3666-55185-0743.fits
3666/spec-3666-55185-0744.fits
3666/spec-3666-55185-0745.fits
3666/spec-3666-55185-0746.fits
3666/spec-3666-55185-0747.fits
3666/spec-3666-55185-0748.fits
3666/spec-3666-55185-0749.fits
3666/spec-3666-55185-0750.fits
3666/spec-3666-55185-0751.fits
3666/spec-3666-55185-0752.fits
3666/spec-3666-55185-0753.fits
3666/spec-3666-55185-0754.fits
3666/spec-3666-55185-0755.fits
3666/spec-3666-55185-0756.fits
3666/spec-3666-55185-0757.fits
3666/spec-3666-55185-0758.fits
3666/spec-3666-55185-0759.fits
3666/spec-3666-55185-0760.fits
3666/spec-3666-55185-0761.fits
3666/spec-3666-55185-0762.fits
3666/spec-3666-55185-0763.fits
3666/spec-3666-55185-0764.fits
3666/spec-3666-55185-0765.fits
3666/spec-3666-55185-0766.fits
3666/spec-3666-55185-0767.fits
3666/spec-3666-55185-0768.fits
3666/spec-3666-55185-0769.fits
3666/spec-3666-55185-0770.fits
3666/spec-3666-55185-0771.fits
3666/spec-3666-55185-0772.fits
3666/spec-3666-55185-0773.fits
3666/spec-3666-55185-0774.fits
3666/spec-3666-55185-0775.fits
3666/spec-3666-55185-0776.fits
3666/spec-3666-55185-0777.fits
3666/spec-3666-55185-0778.fits
3666/spec-3666-55185-0779.fits
3666/spec-3666-55185-0780.fits
3666/spec-3666-55185-0781.fits
3666/spec-3666-55185-0782.fits
3666/spec-3666-55185-0783.fits
3666/spec-3666-55185-0784.fits
3666/spec-3666-55185-0785.fits
3666/spec-3666-55185-0786.fits
3666/spec-3666-55185-0787.fits
3666/spec-3666-55185-0788.fits
3666/spec-3666-55185-0789.fits
3666/spec-3666-55185-0790.fits
3666/spec-3666-55185-0791.fits
3666/spec-3666-55185-0792.fits
3666/spec-3666-55185-0793.fits
3666/spec-3666-55185-0794.fits
3666/spec-3666-55185-0795.fits
3666/spec-3666-55185-0796.fits
3666/spec-3666-55185-0797.fits
3666/spec-3666-55185-0798.fits
3666/spec-3666-55185-0799.fits
3666/spec-3666-55185-0800.fits
3666/spec-3666-55185-0801.fits
3666/spec-3666-55185-0802.fits
3666/spec-3666-55185-0803.fits
3666/spec-3666-55185-0804.fits
3666/spec-3666-55185-0805.fits
3666/spec-3666-55185-0806.fits
3666/spec-3666-55185-0807.fits
3666/spec-3666-55185-0808.fits
3666/spec-3666-55185-0809.fits
3666/spec-3666-55185-0810.fits
3666/spec-3666-55185-0811.fits
3666/spec-3666-55185-0812.fits
3666/spec-3666-55185-0813.fits
3666/spec-3666-55185-0814.fits
3666/spec-3666-55185-0815.fits
3666/spec-3666-55185-0816.fits
3666/spec-3666-55185-0817.fits
3666/spec-3666-55185-0818.fits
3666/spec-3666-55185-0819.fits
3666/spec-3666-55185-0820.fits
3666/spec-3666-55185-0821.fits
3666/spec-3666-55185-0822.fits
3666/spec-3666-55185-0823.fits
3666/spec-3666-55185-0824.fits
3666/spec-3666-55185-0825.fits
3666/spec-3666-55185-0826.fits
3666/spec-3666-55185-0827.fits
3666/spec-3666-55185-0828.fits
3666/spec-3666-55185-0829.fits
3666/spec-3666-55185-0830.fits
3666/spec-3666-55185-0831.fits
3666/spec-3666-55185-0832.fits
3666/spec-3666-55185-0833.fits
3666/spec-3666-55185-0834.fits
3666/spec-3666-55185-0835.fits
3666/spec-3666-55185-0836.fits
3666/spec-3666-55185-0837.fits
3666/spec-3666-55185-0838.fits
3666/spec-3666-55185-0839.fits
3666/spec-3666-55185-0840.fits
3666/spec-3666-55185-0841.fits
3666/spec-3666-55185-0842.fits
3666/spec-3666-55185-0843.fits
3666/spec-3666-55185-0844.fits
3666/spec-3666-55185-0845.fits
3666/spec-3666-55185-0846.fits
3666/spec-3666-55185-0847.fits
3666/spec-3666-55185-0848.fits
3666/spec-3666-55185-0849.fits
3666/spec-3666-55185-0850.fits
3666/spec-3666-55185-0851.fits
3666/spec-3666-55185-0852.fits
3666/spec-3666-55185-0853.fits
3666/spec-3666-55185-0854.fits
3666/spec-3666-55185-0855.fits
3666/spec-3666-55185-0856.fits
3666/spec-3666-55185-0857.fits
3666/spec-3666-55185-0858.fits
3666/spec-3666-55185-0859.fits
3666/spec-3666-55185-0860.fits
3666/spec-3666-55185-0861.fits
3666/spec-3666-55185-0862.fits
3666/spec-3666-55185-0863.fits
3666/spec-3666-55185-0864.fits
3666/spec-3666-55185-0865.fits
3666/spec-3666-55185-0866.fits
3666/spec-3666-55185-0867.fits
3666/spec-3666-55185-0868.fits
3666/spec-3666-55185-0869.fits
3666/spec-3666-55185-0870.fits
3666/spec-3666-55185-0871.fits
3666/spec-3666-55185-0872.fits
3666/spec-3666-55185-0873.fits
3666/spec-3666-55185-0874.fits
3666/spec-3666-55185-0875.fits
3666/spec-3666-55185-0876.fits
3666/spec-3666-55185-0877.fits
3666/spec-3666-55185-0878.fits
3666/spec-3666-55185-0879.fits
3666/spec-3666-55185-0880.fits
3666/spec-3666-55185-0881.fits
3666/spec-3666-55185-0882.fits
3666/spec-3666-55185-0883.fits
3666/spec-3666-55185-0884.fits
3666/spec-3666-55185-0885.fits
3666/spec-3666-55185-0886.fits
3666/spec-3666-55185-0887.fits
3666/spec-3666-55185-0888.fits
3666/spec-3666-55185-0889.fits
3666/spec-3666-55185-0890.fits
3666/spec-3666-55185-0891.fits
3666/spec-3666-55185-0892.fits
3666/spec-3666-55185-0893.fits
3666/spec-3666-55185-0894.fits
3666/spec-3666-55185-0895.fits
3666/spec-3666-55185-0896.fits
3666/spec-3666-55185-0897.fits
3666/spec-3666-55185-0898.fits
3666/spec-3666-55185-0899.fits
3666/spec-3666-55185-0900.fits
3666/spec-3666-55185-0901.fits
3666/spec-3666-55185-0902.fits
3666/spec-3666-55185-0903.fits
3666/spec-3666-55185-0904.fits
3666/spec-3666-55185-0905.fits
3666/spec-3666-55185-0906.fits
3666/spec-3666-55185-0907.fits
3666/spec-3666-55185-0908.fits
3666/spec-3666-55185-0909.fits
3666/spec-3666-55185-0910.fits
3666/spec-3666-55185-0911.fits
3666/spec-3666-55185-0912.fits
3666/spec-3666-55185-0913.fits
3666/spec-3666-55185-0914.fits
3666/spec-3666-55185-0915.fits
3666/spec-3666-55185-0916.fits
3666/spec-3666-55185-0917.fits
3666/spec-3666-55185-0918.fits
3666/spec-3666-55185-0919.fits
3666/spec-3666-55185-0920.fits
3666/spec-3666-55185-0921.fits
3666/spec-3666-55185-0922.fits
3666/spec-3666-55185-0923.fits
3666/spec-3666-55185-0924.fits
3666/spec-3666-55185-0925.fits
3666/spec-3666-55185-0926.fits
3666/spec-3666-55185-0927.fits
3666/spec-3666-55185-0928.fits
3666/spec-3666-55185-0929.fits
3666/spec-3666-55185-0930.fits
3666/spec-3666-55185-0931.fits
3666/spec-3666-55185-0932.fits
3666/spec-3666-55185-0933.fits
3666/spec-3666-55185-0934.fits
3666/spec-3666-55185-0935.fits
3666/spec-3666-55185-0936.fits
3666/spec-3666-55185-0937.fits
3666/spec-3666-55185-0938.fits
3666/spec-3666-55185-0939.fits
3666/spec-3666-55185-0940.fits
3666/spec-3666-55185-0941.fits
3666/spec-3666-55185-0942.fits
3666/spec-3666-55185-0943.fits
3666/spec-3666-55185-0944.fits
3666/spec-3666-55185-0945.fits
3666/spec-3666-55185-0946.fits
3666/spec-3666-55185-0947.fits
3666/spec-3666-55185-0948.fits
3666/spec-3666-55185-0949.fits
3666/spec-3666-55185-0950.fits
3666/spec-3666-55185-0951.fits
3666/spec-3666-55185-0952.fits
3666/spec-3666-55185-0953.fits
3666/spec-3666-55185-0954.fits
3666/spec-3666-55185-0955.fits
3666/spec-3666-55185-0956.fits
3666/spec-3666-55185-0957.fits
3666/spec-3666-55185-0958.fits
3666/spec-3666-55185-0959.fits
3666/spec-3666-55185-0960.fits
3666/spec-3666-55185-0961.fits
3666/spec-3666-55185-0962.fits
3666/spec-3666-55185-0963.fits
3666/spec-3666-55185-0964.fits
3666/spec-3666-55185-0965.fits
3666/spec-3666-55185-0966.fits
3666/spec-3666-55185-0967.fits
3666/spec-3666-55185-0968.fits
3666/spec-3666-55185-0969.fits
3666/spec-3666-55185-0970.fits
3666/spec-3666-55185-0971.fits
3666/spec-3666-55185-0972.fits
3666/spec-3666-55185-0973.fits
3666/spec-3666-55185-0974.fits
3666/spec-3666-55185-0975.fits
3666/spec-3666-55185-0976.fits
3666/spec-3666-55185-0977.fits
3666/spec-3666-55185-0978.fits
3666/spec-3666-55185-0979.fits
3666/spec-3666-55185-0980.fits
3666/spec-3666-55185-0981.fits
3666/spec-3666-55185-0982.fits
3666/spec-3666-55185-0983.fits
3666/spec-3666-55185-0984.fits
3666/spec-3666-55185-0985.fits
3666/spec-3666-55185-0986.fits
3666/spec-3666-55185-0987.fits
3666/spec-3666-55185-0988.fits
3666/spec-3666-55185-0989.fits
3666/spec-3666-55185-0990.fits
3666/spec-3666-55185-0991.fits
3666/spec-3666-55185-0992.fits
3666/spec-3666-55185-0993.fits
3666/spec-3666-55185-0994.fits
3666/spec-3666-55185-0995.fits
3666/spec-3666-55185-0996.fits
3666/spec-3666-55185-0997.fits
3666/spec-3666-55185-0998.fits
3666/spec-3666-55185-0999.fits
3666/spec-3666-55185-1000.fits
/var/lib/condor/execute/slot1/dir_30490
3666 3666.tgz R R361.tar.gz _condor_stderr _condor_stdout cB58_Lyman_break.fit condor_exec.exe hw4.R packages packages.tar.gz tmp var
[1] "Loaded package astro."
[1] 1000
3666 3666.csv 3666.tgz R R361.tar.gz _condor_stderr _condor_stdout cB58_Lyman_break.fit condor_exec.exe hw4.R packages packages.tar.gz tmp var
