6661
6661/
6661/spec-6661-56366-0001.fits
6661/spec-6661-56366-0002.fits
6661/spec-6661-56366-0003.fits
6661/spec-6661-56366-0004.fits
6661/spec-6661-56366-0005.fits
6661/spec-6661-56366-0006.fits
6661/spec-6661-56366-0007.fits
6661/spec-6661-56366-0008.fits
6661/spec-6661-56366-0009.fits
6661/spec-6661-56366-0010.fits
6661/spec-6661-56366-0011.fits
6661/spec-6661-56366-0012.fits
6661/spec-6661-56366-0013.fits
6661/spec-6661-56366-0014.fits
6661/spec-6661-56366-0015.fits
6661/spec-6661-56366-0016.fits
6661/spec-6661-56366-0017.fits
6661/spec-6661-56366-0018.fits
6661/spec-6661-56366-0019.fits
6661/spec-6661-56366-0020.fits
6661/spec-6661-56366-0021.fits
6661/spec-6661-56366-0022.fits
6661/spec-6661-56366-0023.fits
6661/spec-6661-56366-0024.fits
6661/spec-6661-56366-0025.fits
6661/spec-6661-56366-0026.fits
6661/spec-6661-56366-0027.fits
6661/spec-6661-56366-0028.fits
6661/spec-6661-56366-0029.fits
6661/spec-6661-56366-0030.fits
6661/spec-6661-56366-0031.fits
6661/spec-6661-56366-0032.fits
6661/spec-6661-56366-0033.fits
6661/spec-6661-56366-0034.fits
6661/spec-6661-56366-0035.fits
6661/spec-6661-56366-0036.fits
6661/spec-6661-56366-0037.fits
6661/spec-6661-56366-0038.fits
6661/spec-6661-56366-0039.fits
6661/spec-6661-56366-0040.fits
6661/spec-6661-56366-0041.fits
6661/spec-6661-56366-0042.fits
6661/spec-6661-56366-0043.fits
6661/spec-6661-56366-0044.fits
6661/spec-6661-56366-0045.fits
6661/spec-6661-56366-0046.fits
6661/spec-6661-56366-0047.fits
6661/spec-6661-56366-0048.fits
6661/spec-6661-56366-0049.fits
6661/spec-6661-56366-0050.fits
6661/spec-6661-56366-0051.fits
6661/spec-6661-56366-0052.fits
6661/spec-6661-56366-0053.fits
6661/spec-6661-56366-0054.fits
6661/spec-6661-56366-0055.fits
6661/spec-6661-56366-0056.fits
6661/spec-6661-56366-0057.fits
6661/spec-6661-56366-0058.fits
6661/spec-6661-56366-0059.fits
6661/spec-6661-56366-0060.fits
6661/spec-6661-56366-0061.fits
6661/spec-6661-56366-0062.fits
6661/spec-6661-56366-0063.fits
6661/spec-6661-56366-0064.fits
6661/spec-6661-56366-0065.fits
6661/spec-6661-56366-0066.fits
6661/spec-6661-56366-0067.fits
6661/spec-6661-56366-0068.fits
6661/spec-6661-56366-0069.fits
6661/spec-6661-56366-0070.fits
6661/spec-6661-56366-0071.fits
6661/spec-6661-56366-0072.fits
6661/spec-6661-56366-0073.fits
6661/spec-6661-56366-0074.fits
6661/spec-6661-56366-0075.fits
6661/spec-6661-56366-0076.fits
6661/spec-6661-56366-0077.fits
6661/spec-6661-56366-0078.fits
6661/spec-6661-56366-0079.fits
6661/spec-6661-56366-0080.fits
6661/spec-6661-56366-0081.fits
6661/spec-6661-56366-0082.fits
6661/spec-6661-56366-0083.fits
6661/spec-6661-56366-0084.fits
6661/spec-6661-56366-0085.fits
6661/spec-6661-56366-0086.fits
6661/spec-6661-56366-0087.fits
6661/spec-6661-56366-0088.fits
6661/spec-6661-56366-0089.fits
6661/spec-6661-56366-0090.fits
6661/spec-6661-56366-0091.fits
6661/spec-6661-56366-0092.fits
6661/spec-6661-56366-0093.fits
6661/spec-6661-56366-0094.fits
6661/spec-6661-56366-0095.fits
6661/spec-6661-56366-0096.fits
6661/spec-6661-56366-0097.fits
6661/spec-6661-56366-0098.fits
6661/spec-6661-56366-0099.fits
6661/spec-6661-56366-0100.fits
6661/spec-6661-56366-0101.fits
6661/spec-6661-56366-0102.fits
6661/spec-6661-56366-0103.fits
6661/spec-6661-56366-0104.fits
6661/spec-6661-56366-0105.fits
6661/spec-6661-56366-0106.fits
6661/spec-6661-56366-0107.fits
6661/spec-6661-56366-0108.fits
6661/spec-6661-56366-0109.fits
6661/spec-6661-56366-0110.fits
6661/spec-6661-56366-0111.fits
6661/spec-6661-56366-0112.fits
6661/spec-6661-56366-0113.fits
6661/spec-6661-56366-0114.fits
6661/spec-6661-56366-0115.fits
6661/spec-6661-56366-0116.fits
6661/spec-6661-56366-0117.fits
6661/spec-6661-56366-0118.fits
6661/spec-6661-56366-0119.fits
6661/spec-6661-56366-0120.fits
6661/spec-6661-56366-0121.fits
6661/spec-6661-56366-0122.fits
6661/spec-6661-56366-0123.fits
6661/spec-6661-56366-0124.fits
6661/spec-6661-56366-0125.fits
6661/spec-6661-56366-0126.fits
6661/spec-6661-56366-0127.fits
6661/spec-6661-56366-0128.fits
6661/spec-6661-56366-0129.fits
6661/spec-6661-56366-0130.fits
6661/spec-6661-56366-0131.fits
6661/spec-6661-56366-0132.fits
6661/spec-6661-56366-0133.fits
6661/spec-6661-56366-0134.fits
6661/spec-6661-56366-0135.fits
6661/spec-6661-56366-0136.fits
6661/spec-6661-56366-0137.fits
6661/spec-6661-56366-0138.fits
6661/spec-6661-56366-0139.fits
6661/spec-6661-56366-0140.fits
6661/spec-6661-56366-0141.fits
6661/spec-6661-56366-0142.fits
6661/spec-6661-56366-0143.fits
6661/spec-6661-56366-0144.fits
6661/spec-6661-56366-0145.fits
6661/spec-6661-56366-0146.fits
6661/spec-6661-56366-0147.fits
6661/spec-6661-56366-0148.fits
6661/spec-6661-56366-0149.fits
6661/spec-6661-56366-0150.fits
6661/spec-6661-56366-0151.fits
6661/spec-6661-56366-0152.fits
6661/spec-6661-56366-0153.fits
6661/spec-6661-56366-0154.fits
6661/spec-6661-56366-0155.fits
6661/spec-6661-56366-0156.fits
6661/spec-6661-56366-0157.fits
6661/spec-6661-56366-0158.fits
6661/spec-6661-56366-0159.fits
6661/spec-6661-56366-0160.fits
6661/spec-6661-56366-0161.fits
6661/spec-6661-56366-0162.fits
6661/spec-6661-56366-0163.fits
6661/spec-6661-56366-0164.fits
6661/spec-6661-56366-0165.fits
6661/spec-6661-56366-0166.fits
6661/spec-6661-56366-0167.fits
6661/spec-6661-56366-0168.fits
6661/spec-6661-56366-0169.fits
6661/spec-6661-56366-0170.fits
6661/spec-6661-56366-0171.fits
6661/spec-6661-56366-0172.fits
6661/spec-6661-56366-0173.fits
6661/spec-6661-56366-0174.fits
6661/spec-6661-56366-0175.fits
6661/spec-6661-56366-0176.fits
6661/spec-6661-56366-0177.fits
6661/spec-6661-56366-0178.fits
6661/spec-6661-56366-0179.fits
6661/spec-6661-56366-0180.fits
6661/spec-6661-56366-0181.fits
6661/spec-6661-56366-0182.fits
6661/spec-6661-56366-0183.fits
6661/spec-6661-56366-0184.fits
6661/spec-6661-56366-0185.fits
6661/spec-6661-56366-0186.fits
6661/spec-6661-56366-0187.fits
6661/spec-6661-56366-0188.fits
6661/spec-6661-56366-0189.fits
6661/spec-6661-56366-0190.fits
6661/spec-6661-56366-0191.fits
6661/spec-6661-56366-0192.fits
6661/spec-6661-56366-0193.fits
6661/spec-6661-56366-0194.fits
6661/spec-6661-56366-0195.fits
6661/spec-6661-56366-0196.fits
6661/spec-6661-56366-0197.fits
6661/spec-6661-56366-0198.fits
6661/spec-6661-56366-0199.fits
6661/spec-6661-56366-0200.fits
6661/spec-6661-56366-0201.fits
6661/spec-6661-56366-0202.fits
6661/spec-6661-56366-0203.fits
6661/spec-6661-56366-0204.fits
6661/spec-6661-56366-0205.fits
6661/spec-6661-56366-0206.fits
6661/spec-6661-56366-0207.fits
6661/spec-6661-56366-0208.fits
6661/spec-6661-56366-0209.fits
6661/spec-6661-56366-0210.fits
6661/spec-6661-56366-0211.fits
6661/spec-6661-56366-0212.fits
6661/spec-6661-56366-0213.fits
6661/spec-6661-56366-0214.fits
6661/spec-6661-56366-0215.fits
6661/spec-6661-56366-0216.fits
6661/spec-6661-56366-0217.fits
6661/spec-6661-56366-0218.fits
6661/spec-6661-56366-0219.fits
6661/spec-6661-56366-0220.fits
6661/spec-6661-56366-0221.fits
6661/spec-6661-56366-0222.fits
6661/spec-6661-56366-0223.fits
6661/spec-6661-56366-0224.fits
6661/spec-6661-56366-0225.fits
6661/spec-6661-56366-0226.fits
6661/spec-6661-56366-0227.fits
6661/spec-6661-56366-0228.fits
6661/spec-6661-56366-0229.fits
6661/spec-6661-56366-0230.fits
6661/spec-6661-56366-0231.fits
6661/spec-6661-56366-0232.fits
6661/spec-6661-56366-0233.fits
6661/spec-6661-56366-0234.fits
6661/spec-6661-56366-0235.fits
6661/spec-6661-56366-0236.fits
6661/spec-6661-56366-0237.fits
6661/spec-6661-56366-0238.fits
6661/spec-6661-56366-0239.fits
6661/spec-6661-56366-0240.fits
6661/spec-6661-56366-0241.fits
6661/spec-6661-56366-0242.fits
6661/spec-6661-56366-0243.fits
6661/spec-6661-56366-0244.fits
6661/spec-6661-56366-0245.fits
6661/spec-6661-56366-0246.fits
6661/spec-6661-56366-0247.fits
6661/spec-6661-56366-0248.fits
6661/spec-6661-56366-0249.fits
6661/spec-6661-56366-0250.fits
6661/spec-6661-56366-0251.fits
6661/spec-6661-56366-0252.fits
6661/spec-6661-56366-0253.fits
6661/spec-6661-56366-0254.fits
6661/spec-6661-56366-0255.fits
6661/spec-6661-56366-0256.fits
6661/spec-6661-56366-0257.fits
6661/spec-6661-56366-0258.fits
6661/spec-6661-56366-0259.fits
6661/spec-6661-56366-0260.fits
6661/spec-6661-56366-0261.fits
6661/spec-6661-56366-0262.fits
6661/spec-6661-56366-0263.fits
6661/spec-6661-56366-0264.fits
6661/spec-6661-56366-0265.fits
6661/spec-6661-56366-0266.fits
6661/spec-6661-56366-0267.fits
6661/spec-6661-56366-0268.fits
6661/spec-6661-56366-0269.fits
6661/spec-6661-56366-0270.fits
6661/spec-6661-56366-0271.fits
6661/spec-6661-56366-0272.fits
6661/spec-6661-56366-0273.fits
6661/spec-6661-56366-0274.fits
6661/spec-6661-56366-0275.fits
6661/spec-6661-56366-0276.fits
6661/spec-6661-56366-0277.fits
6661/spec-6661-56366-0278.fits
6661/spec-6661-56366-0279.fits
6661/spec-6661-56366-0280.fits
6661/spec-6661-56366-0281.fits
6661/spec-6661-56366-0282.fits
6661/spec-6661-56366-0283.fits
6661/spec-6661-56366-0284.fits
6661/spec-6661-56366-0285.fits
6661/spec-6661-56366-0286.fits
6661/spec-6661-56366-0287.fits
6661/spec-6661-56366-0288.fits
6661/spec-6661-56366-0289.fits
6661/spec-6661-56366-0290.fits
6661/spec-6661-56366-0291.fits
6661/spec-6661-56366-0292.fits
6661/spec-6661-56366-0293.fits
6661/spec-6661-56366-0294.fits
6661/spec-6661-56366-0295.fits
6661/spec-6661-56366-0296.fits
6661/spec-6661-56366-0297.fits
6661/spec-6661-56366-0298.fits
6661/spec-6661-56366-0299.fits
6661/spec-6661-56366-0300.fits
6661/spec-6661-56366-0301.fits
6661/spec-6661-56366-0302.fits
6661/spec-6661-56366-0303.fits
6661/spec-6661-56366-0304.fits
6661/spec-6661-56366-0305.fits
6661/spec-6661-56366-0306.fits
6661/spec-6661-56366-0307.fits
6661/spec-6661-56366-0308.fits
6661/spec-6661-56366-0309.fits
6661/spec-6661-56366-0310.fits
6661/spec-6661-56366-0311.fits
6661/spec-6661-56366-0312.fits
6661/spec-6661-56366-0313.fits
6661/spec-6661-56366-0314.fits
6661/spec-6661-56366-0315.fits
6661/spec-6661-56366-0316.fits
6661/spec-6661-56366-0317.fits
6661/spec-6661-56366-0318.fits
6661/spec-6661-56366-0319.fits
6661/spec-6661-56366-0320.fits
6661/spec-6661-56366-0321.fits
6661/spec-6661-56366-0322.fits
6661/spec-6661-56366-0323.fits
6661/spec-6661-56366-0324.fits
6661/spec-6661-56366-0325.fits
6661/spec-6661-56366-0326.fits
6661/spec-6661-56366-0327.fits
6661/spec-6661-56366-0328.fits
6661/spec-6661-56366-0329.fits
6661/spec-6661-56366-0330.fits
6661/spec-6661-56366-0331.fits
6661/spec-6661-56366-0332.fits
6661/spec-6661-56366-0333.fits
6661/spec-6661-56366-0334.fits
6661/spec-6661-56366-0335.fits
6661/spec-6661-56366-0336.fits
6661/spec-6661-56366-0337.fits
6661/spec-6661-56366-0338.fits
6661/spec-6661-56366-0339.fits
6661/spec-6661-56366-0340.fits
6661/spec-6661-56366-0341.fits
6661/spec-6661-56366-0342.fits
6661/spec-6661-56366-0343.fits
6661/spec-6661-56366-0344.fits
6661/spec-6661-56366-0345.fits
6661/spec-6661-56366-0346.fits
6661/spec-6661-56366-0347.fits
6661/spec-6661-56366-0348.fits
6661/spec-6661-56366-0349.fits
6661/spec-6661-56366-0350.fits
6661/spec-6661-56366-0351.fits
6661/spec-6661-56366-0352.fits
6661/spec-6661-56366-0353.fits
6661/spec-6661-56366-0354.fits
6661/spec-6661-56366-0355.fits
6661/spec-6661-56366-0356.fits
6661/spec-6661-56366-0357.fits
6661/spec-6661-56366-0358.fits
6661/spec-6661-56366-0359.fits
6661/spec-6661-56366-0360.fits
6661/spec-6661-56366-0361.fits
6661/spec-6661-56366-0362.fits
6661/spec-6661-56366-0363.fits
6661/spec-6661-56366-0364.fits
6661/spec-6661-56366-0365.fits
6661/spec-6661-56366-0366.fits
6661/spec-6661-56366-0367.fits
6661/spec-6661-56366-0368.fits
6661/spec-6661-56366-0369.fits
6661/spec-6661-56366-0370.fits
6661/spec-6661-56366-0371.fits
6661/spec-6661-56366-0372.fits
6661/spec-6661-56366-0373.fits
6661/spec-6661-56366-0374.fits
6661/spec-6661-56366-0375.fits
6661/spec-6661-56366-0376.fits
6661/spec-6661-56366-0377.fits
6661/spec-6661-56366-0378.fits
6661/spec-6661-56366-0379.fits
6661/spec-6661-56366-0380.fits
6661/spec-6661-56366-0381.fits
6661/spec-6661-56366-0382.fits
6661/spec-6661-56366-0383.fits
6661/spec-6661-56366-0384.fits
6661/spec-6661-56366-0385.fits
6661/spec-6661-56366-0386.fits
6661/spec-6661-56366-0387.fits
6661/spec-6661-56366-0388.fits
6661/spec-6661-56366-0389.fits
6661/spec-6661-56366-0390.fits
6661/spec-6661-56366-0391.fits
6661/spec-6661-56366-0392.fits
6661/spec-6661-56366-0393.fits
6661/spec-6661-56366-0394.fits
6661/spec-6661-56366-0395.fits
6661/spec-6661-56366-0396.fits
6661/spec-6661-56366-0397.fits
6661/spec-6661-56366-0398.fits
6661/spec-6661-56366-0399.fits
6661/spec-6661-56366-0400.fits
6661/spec-6661-56366-0401.fits
6661/spec-6661-56366-0402.fits
6661/spec-6661-56366-0403.fits
6661/spec-6661-56366-0404.fits
6661/spec-6661-56366-0405.fits
6661/spec-6661-56366-0406.fits
6661/spec-6661-56366-0407.fits
6661/spec-6661-56366-0408.fits
6661/spec-6661-56366-0409.fits
6661/spec-6661-56366-0410.fits
6661/spec-6661-56366-0411.fits
6661/spec-6661-56366-0412.fits
6661/spec-6661-56366-0413.fits
6661/spec-6661-56366-0414.fits
6661/spec-6661-56366-0415.fits
6661/spec-6661-56366-0416.fits
6661/spec-6661-56366-0417.fits
6661/spec-6661-56366-0418.fits
6661/spec-6661-56366-0419.fits
6661/spec-6661-56366-0420.fits
6661/spec-6661-56366-0421.fits
6661/spec-6661-56366-0422.fits
6661/spec-6661-56366-0423.fits
6661/spec-6661-56366-0424.fits
6661/spec-6661-56366-0425.fits
6661/spec-6661-56366-0426.fits
6661/spec-6661-56366-0427.fits
6661/spec-6661-56366-0428.fits
6661/spec-6661-56366-0429.fits
6661/spec-6661-56366-0430.fits
6661/spec-6661-56366-0431.fits
6661/spec-6661-56366-0432.fits
6661/spec-6661-56366-0433.fits
6661/spec-6661-56366-0434.fits
6661/spec-6661-56366-0435.fits
6661/spec-6661-56366-0436.fits
6661/spec-6661-56366-0437.fits
6661/spec-6661-56366-0438.fits
6661/spec-6661-56366-0439.fits
6661/spec-6661-56366-0440.fits
6661/spec-6661-56366-0441.fits
6661/spec-6661-56366-0442.fits
6661/spec-6661-56366-0443.fits
6661/spec-6661-56366-0444.fits
6661/spec-6661-56366-0445.fits
6661/spec-6661-56366-0446.fits
6661/spec-6661-56366-0447.fits
6661/spec-6661-56366-0448.fits
6661/spec-6661-56366-0449.fits
6661/spec-6661-56366-0450.fits
6661/spec-6661-56366-0451.fits
6661/spec-6661-56366-0452.fits
6661/spec-6661-56366-0453.fits
6661/spec-6661-56366-0454.fits
6661/spec-6661-56366-0455.fits
6661/spec-6661-56366-0456.fits
6661/spec-6661-56366-0457.fits
6661/spec-6661-56366-0458.fits
6661/spec-6661-56366-0459.fits
6661/spec-6661-56366-0460.fits
6661/spec-6661-56366-0461.fits
6661/spec-6661-56366-0462.fits
6661/spec-6661-56366-0463.fits
6661/spec-6661-56366-0464.fits
6661/spec-6661-56366-0465.fits
6661/spec-6661-56366-0466.fits
6661/spec-6661-56366-0467.fits
6661/spec-6661-56366-0468.fits
6661/spec-6661-56366-0469.fits
6661/spec-6661-56366-0470.fits
6661/spec-6661-56366-0471.fits
6661/spec-6661-56366-0472.fits
6661/spec-6661-56366-0473.fits
6661/spec-6661-56366-0474.fits
6661/spec-6661-56366-0475.fits
6661/spec-6661-56366-0476.fits
6661/spec-6661-56366-0477.fits
6661/spec-6661-56366-0478.fits
6661/spec-6661-56366-0479.fits
6661/spec-6661-56366-0480.fits
6661/spec-6661-56366-0481.fits
6661/spec-6661-56366-0482.fits
6661/spec-6661-56366-0483.fits
6661/spec-6661-56366-0484.fits
6661/spec-6661-56366-0485.fits
6661/spec-6661-56366-0486.fits
6661/spec-6661-56366-0487.fits
6661/spec-6661-56366-0488.fits
6661/spec-6661-56366-0489.fits
6661/spec-6661-56366-0490.fits
6661/spec-6661-56366-0491.fits
6661/spec-6661-56366-0492.fits
6661/spec-6661-56366-0493.fits
6661/spec-6661-56366-0494.fits
6661/spec-6661-56366-0495.fits
6661/spec-6661-56366-0496.fits
6661/spec-6661-56366-0497.fits
6661/spec-6661-56366-0498.fits
6661/spec-6661-56366-0499.fits
6661/spec-6661-56366-0500.fits
6661/spec-6661-56366-0501.fits
6661/spec-6661-56366-0502.fits
6661/spec-6661-56366-0503.fits
6661/spec-6661-56366-0504.fits
6661/spec-6661-56366-0505.fits
6661/spec-6661-56366-0506.fits
6661/spec-6661-56366-0507.fits
6661/spec-6661-56366-0508.fits
6661/spec-6661-56366-0509.fits
6661/spec-6661-56366-0510.fits
6661/spec-6661-56366-0511.fits
6661/spec-6661-56366-0512.fits
6661/spec-6661-56366-0513.fits
6661/spec-6661-56366-0514.fits
6661/spec-6661-56366-0515.fits
6661/spec-6661-56366-0516.fits
6661/spec-6661-56366-0517.fits
6661/spec-6661-56366-0518.fits
6661/spec-6661-56366-0519.fits
6661/spec-6661-56366-0520.fits
6661/spec-6661-56366-0521.fits
6661/spec-6661-56366-0522.fits
6661/spec-6661-56366-0523.fits
6661/spec-6661-56366-0524.fits
6661/spec-6661-56366-0525.fits
6661/spec-6661-56366-0526.fits
6661/spec-6661-56366-0527.fits
6661/spec-6661-56366-0528.fits
6661/spec-6661-56366-0529.fits
6661/spec-6661-56366-0530.fits
6661/spec-6661-56366-0531.fits
6661/spec-6661-56366-0532.fits
6661/spec-6661-56366-0533.fits
6661/spec-6661-56366-0534.fits
6661/spec-6661-56366-0535.fits
6661/spec-6661-56366-0536.fits
6661/spec-6661-56366-0537.fits
6661/spec-6661-56366-0538.fits
6661/spec-6661-56366-0539.fits
6661/spec-6661-56366-0540.fits
6661/spec-6661-56366-0541.fits
6661/spec-6661-56366-0542.fits
6661/spec-6661-56366-0543.fits
6661/spec-6661-56366-0544.fits
6661/spec-6661-56366-0545.fits
6661/spec-6661-56366-0546.fits
6661/spec-6661-56366-0547.fits
6661/spec-6661-56366-0548.fits
6661/spec-6661-56366-0549.fits
6661/spec-6661-56366-0550.fits
6661/spec-6661-56366-0551.fits
6661/spec-6661-56366-0552.fits
6661/spec-6661-56366-0553.fits
6661/spec-6661-56366-0554.fits
6661/spec-6661-56366-0555.fits
6661/spec-6661-56366-0556.fits
6661/spec-6661-56366-0557.fits
6661/spec-6661-56366-0558.fits
6661/spec-6661-56366-0559.fits
6661/spec-6661-56366-0560.fits
6661/spec-6661-56366-0561.fits
6661/spec-6661-56366-0562.fits
6661/spec-6661-56366-0563.fits
6661/spec-6661-56366-0564.fits
6661/spec-6661-56366-0565.fits
6661/spec-6661-56366-0566.fits
6661/spec-6661-56366-0567.fits
6661/spec-6661-56366-0568.fits
6661/spec-6661-56366-0569.fits
6661/spec-6661-56366-0570.fits
6661/spec-6661-56366-0571.fits
6661/spec-6661-56366-0572.fits
6661/spec-6661-56366-0573.fits
6661/spec-6661-56366-0574.fits
6661/spec-6661-56366-0575.fits
6661/spec-6661-56366-0576.fits
6661/spec-6661-56366-0577.fits
6661/spec-6661-56366-0578.fits
6661/spec-6661-56366-0579.fits
6661/spec-6661-56366-0580.fits
6661/spec-6661-56366-0581.fits
6661/spec-6661-56366-0582.fits
6661/spec-6661-56366-0583.fits
6661/spec-6661-56366-0584.fits
6661/spec-6661-56366-0585.fits
6661/spec-6661-56366-0586.fits
6661/spec-6661-56366-0587.fits
6661/spec-6661-56366-0588.fits
6661/spec-6661-56366-0589.fits
6661/spec-6661-56366-0590.fits
6661/spec-6661-56366-0591.fits
6661/spec-6661-56366-0592.fits
6661/spec-6661-56366-0593.fits
6661/spec-6661-56366-0594.fits
6661/spec-6661-56366-0595.fits
6661/spec-6661-56366-0596.fits
6661/spec-6661-56366-0597.fits
6661/spec-6661-56366-0598.fits
6661/spec-6661-56366-0599.fits
6661/spec-6661-56366-0600.fits
6661/spec-6661-56366-0601.fits
6661/spec-6661-56366-0602.fits
6661/spec-6661-56366-0603.fits
6661/spec-6661-56366-0604.fits
6661/spec-6661-56366-0605.fits
6661/spec-6661-56366-0606.fits
6661/spec-6661-56366-0607.fits
6661/spec-6661-56366-0608.fits
6661/spec-6661-56366-0609.fits
6661/spec-6661-56366-0610.fits
6661/spec-6661-56366-0611.fits
6661/spec-6661-56366-0612.fits
6661/spec-6661-56366-0613.fits
6661/spec-6661-56366-0614.fits
6661/spec-6661-56366-0615.fits
6661/spec-6661-56366-0616.fits
6661/spec-6661-56366-0617.fits
6661/spec-6661-56366-0618.fits
6661/spec-6661-56366-0619.fits
6661/spec-6661-56366-0620.fits
6661/spec-6661-56366-0621.fits
6661/spec-6661-56366-0622.fits
6661/spec-6661-56366-0623.fits
6661/spec-6661-56366-0624.fits
6661/spec-6661-56366-0625.fits
6661/spec-6661-56366-0626.fits
6661/spec-6661-56366-0627.fits
6661/spec-6661-56366-0628.fits
6661/spec-6661-56366-0629.fits
6661/spec-6661-56366-0630.fits
6661/spec-6661-56366-0631.fits
6661/spec-6661-56366-0632.fits
6661/spec-6661-56366-0633.fits
6661/spec-6661-56366-0634.fits
6661/spec-6661-56366-0635.fits
6661/spec-6661-56366-0636.fits
6661/spec-6661-56366-0637.fits
6661/spec-6661-56366-0638.fits
6661/spec-6661-56366-0639.fits
6661/spec-6661-56366-0640.fits
6661/spec-6661-56366-0641.fits
6661/spec-6661-56366-0642.fits
6661/spec-6661-56366-0643.fits
6661/spec-6661-56366-0644.fits
6661/spec-6661-56366-0645.fits
6661/spec-6661-56366-0646.fits
6661/spec-6661-56366-0647.fits
6661/spec-6661-56366-0648.fits
6661/spec-6661-56366-0649.fits
6661/spec-6661-56366-0650.fits
6661/spec-6661-56366-0651.fits
6661/spec-6661-56366-0652.fits
6661/spec-6661-56366-0653.fits
6661/spec-6661-56366-0654.fits
6661/spec-6661-56366-0655.fits
6661/spec-6661-56366-0656.fits
6661/spec-6661-56366-0657.fits
6661/spec-6661-56366-0658.fits
6661/spec-6661-56366-0659.fits
6661/spec-6661-56366-0660.fits
6661/spec-6661-56366-0661.fits
6661/spec-6661-56366-0662.fits
6661/spec-6661-56366-0663.fits
6661/spec-6661-56366-0664.fits
6661/spec-6661-56366-0665.fits
6661/spec-6661-56366-0666.fits
6661/spec-6661-56366-0667.fits
6661/spec-6661-56366-0668.fits
6661/spec-6661-56366-0669.fits
6661/spec-6661-56366-0670.fits
6661/spec-6661-56366-0671.fits
6661/spec-6661-56366-0672.fits
6661/spec-6661-56366-0673.fits
6661/spec-6661-56366-0674.fits
6661/spec-6661-56366-0675.fits
6661/spec-6661-56366-0676.fits
6661/spec-6661-56366-0677.fits
6661/spec-6661-56366-0678.fits
6661/spec-6661-56366-0679.fits
6661/spec-6661-56366-0680.fits
6661/spec-6661-56366-0681.fits
6661/spec-6661-56366-0682.fits
6661/spec-6661-56366-0683.fits
6661/spec-6661-56366-0684.fits
6661/spec-6661-56366-0685.fits
6661/spec-6661-56366-0686.fits
6661/spec-6661-56366-0687.fits
6661/spec-6661-56366-0688.fits
6661/spec-6661-56366-0689.fits
6661/spec-6661-56366-0690.fits
6661/spec-6661-56366-0691.fits
6661/spec-6661-56366-0692.fits
6661/spec-6661-56366-0693.fits
6661/spec-6661-56366-0694.fits
6661/spec-6661-56366-0695.fits
6661/spec-6661-56366-0696.fits
6661/spec-6661-56366-0697.fits
6661/spec-6661-56366-0698.fits
6661/spec-6661-56366-0699.fits
6661/spec-6661-56366-0700.fits
6661/spec-6661-56366-0701.fits
6661/spec-6661-56366-0702.fits
6661/spec-6661-56366-0703.fits
6661/spec-6661-56366-0704.fits
6661/spec-6661-56366-0705.fits
6661/spec-6661-56366-0706.fits
6661/spec-6661-56366-0707.fits
6661/spec-6661-56366-0708.fits
6661/spec-6661-56366-0709.fits
6661/spec-6661-56366-0710.fits
6661/spec-6661-56366-0711.fits
6661/spec-6661-56366-0712.fits
6661/spec-6661-56366-0713.fits
6661/spec-6661-56366-0714.fits
6661/spec-6661-56366-0715.fits
6661/spec-6661-56366-0716.fits
6661/spec-6661-56366-0717.fits
6661/spec-6661-56366-0718.fits
6661/spec-6661-56366-0719.fits
6661/spec-6661-56366-0720.fits
6661/spec-6661-56366-0721.fits
6661/spec-6661-56366-0722.fits
6661/spec-6661-56366-0723.fits
6661/spec-6661-56366-0724.fits
6661/spec-6661-56366-0725.fits
6661/spec-6661-56366-0726.fits
6661/spec-6661-56366-0727.fits
6661/spec-6661-56366-0728.fits
6661/spec-6661-56366-0729.fits
6661/spec-6661-56366-0730.fits
6661/spec-6661-56366-0731.fits
6661/spec-6661-56366-0732.fits
6661/spec-6661-56366-0733.fits
6661/spec-6661-56366-0734.fits
6661/spec-6661-56366-0735.fits
6661/spec-6661-56366-0736.fits
6661/spec-6661-56366-0737.fits
6661/spec-6661-56366-0738.fits
6661/spec-6661-56366-0739.fits
6661/spec-6661-56366-0740.fits
6661/spec-6661-56366-0741.fits
6661/spec-6661-56366-0742.fits
6661/spec-6661-56366-0743.fits
6661/spec-6661-56366-0744.fits
6661/spec-6661-56366-0745.fits
6661/spec-6661-56366-0746.fits
6661/spec-6661-56366-0747.fits
6661/spec-6661-56366-0748.fits
6661/spec-6661-56366-0749.fits
6661/spec-6661-56366-0750.fits
6661/spec-6661-56366-0751.fits
6661/spec-6661-56366-0752.fits
6661/spec-6661-56366-0753.fits
6661/spec-6661-56366-0754.fits
6661/spec-6661-56366-0755.fits
6661/spec-6661-56366-0756.fits
6661/spec-6661-56366-0757.fits
6661/spec-6661-56366-0758.fits
6661/spec-6661-56366-0759.fits
6661/spec-6661-56366-0760.fits
6661/spec-6661-56366-0761.fits
6661/spec-6661-56366-0762.fits
6661/spec-6661-56366-0763.fits
6661/spec-6661-56366-0764.fits
6661/spec-6661-56366-0765.fits
6661/spec-6661-56366-0766.fits
6661/spec-6661-56366-0767.fits
6661/spec-6661-56366-0768.fits
6661/spec-6661-56366-0769.fits
6661/spec-6661-56366-0770.fits
6661/spec-6661-56366-0771.fits
6661/spec-6661-56366-0772.fits
6661/spec-6661-56366-0773.fits
6661/spec-6661-56366-0774.fits
6661/spec-6661-56366-0775.fits
6661/spec-6661-56366-0776.fits
6661/spec-6661-56366-0777.fits
6661/spec-6661-56366-0778.fits
6661/spec-6661-56366-0779.fits
6661/spec-6661-56366-0780.fits
6661/spec-6661-56366-0781.fits
6661/spec-6661-56366-0782.fits
6661/spec-6661-56366-0783.fits
6661/spec-6661-56366-0784.fits
6661/spec-6661-56366-0785.fits
6661/spec-6661-56366-0786.fits
6661/spec-6661-56366-0787.fits
6661/spec-6661-56366-0788.fits
6661/spec-6661-56366-0789.fits
6661/spec-6661-56366-0790.fits
6661/spec-6661-56366-0791.fits
6661/spec-6661-56366-0792.fits
6661/spec-6661-56366-0793.fits
6661/spec-6661-56366-0794.fits
6661/spec-6661-56366-0795.fits
6661/spec-6661-56366-0796.fits
6661/spec-6661-56366-0797.fits
6661/spec-6661-56366-0798.fits
6661/spec-6661-56366-0799.fits
6661/spec-6661-56366-0800.fits
6661/spec-6661-56366-0801.fits
6661/spec-6661-56366-0802.fits
6661/spec-6661-56366-0803.fits
6661/spec-6661-56366-0804.fits
6661/spec-6661-56366-0805.fits
6661/spec-6661-56366-0806.fits
6661/spec-6661-56366-0807.fits
6661/spec-6661-56366-0808.fits
6661/spec-6661-56366-0809.fits
6661/spec-6661-56366-0810.fits
6661/spec-6661-56366-0811.fits
6661/spec-6661-56366-0812.fits
6661/spec-6661-56366-0813.fits
6661/spec-6661-56366-0814.fits
6661/spec-6661-56366-0815.fits
6661/spec-6661-56366-0816.fits
6661/spec-6661-56366-0817.fits
6661/spec-6661-56366-0818.fits
6661/spec-6661-56366-0819.fits
6661/spec-6661-56366-0820.fits
6661/spec-6661-56366-0821.fits
6661/spec-6661-56366-0822.fits
6661/spec-6661-56366-0823.fits
6661/spec-6661-56366-0824.fits
6661/spec-6661-56366-0825.fits
6661/spec-6661-56366-0826.fits
6661/spec-6661-56366-0827.fits
6661/spec-6661-56366-0828.fits
6661/spec-6661-56366-0829.fits
6661/spec-6661-56366-0830.fits
6661/spec-6661-56366-0831.fits
6661/spec-6661-56366-0832.fits
6661/spec-6661-56366-0833.fits
6661/spec-6661-56366-0834.fits
6661/spec-6661-56366-0835.fits
6661/spec-6661-56366-0836.fits
6661/spec-6661-56366-0837.fits
6661/spec-6661-56366-0838.fits
6661/spec-6661-56366-0839.fits
6661/spec-6661-56366-0840.fits
6661/spec-6661-56366-0841.fits
6661/spec-6661-56366-0842.fits
6661/spec-6661-56366-0843.fits
6661/spec-6661-56366-0844.fits
6661/spec-6661-56366-0845.fits
6661/spec-6661-56366-0846.fits
6661/spec-6661-56366-0847.fits
6661/spec-6661-56366-0848.fits
6661/spec-6661-56366-0849.fits
6661/spec-6661-56366-0850.fits
6661/spec-6661-56366-0851.fits
6661/spec-6661-56366-0852.fits
6661/spec-6661-56366-0853.fits
6661/spec-6661-56366-0854.fits
6661/spec-6661-56366-0855.fits
6661/spec-6661-56366-0856.fits
6661/spec-6661-56366-0857.fits
6661/spec-6661-56366-0858.fits
6661/spec-6661-56366-0859.fits
6661/spec-6661-56366-0860.fits
6661/spec-6661-56366-0861.fits
6661/spec-6661-56366-0862.fits
6661/spec-6661-56366-0863.fits
6661/spec-6661-56366-0864.fits
6661/spec-6661-56366-0865.fits
6661/spec-6661-56366-0866.fits
6661/spec-6661-56366-0867.fits
6661/spec-6661-56366-0868.fits
6661/spec-6661-56366-0869.fits
6661/spec-6661-56366-0870.fits
6661/spec-6661-56366-0871.fits
6661/spec-6661-56366-0872.fits
6661/spec-6661-56366-0873.fits
6661/spec-6661-56366-0874.fits
6661/spec-6661-56366-0875.fits
6661/spec-6661-56366-0876.fits
6661/spec-6661-56366-0877.fits
6661/spec-6661-56366-0878.fits
6661/spec-6661-56366-0879.fits
6661/spec-6661-56366-0880.fits
6661/spec-6661-56366-0881.fits
6661/spec-6661-56366-0882.fits
6661/spec-6661-56366-0883.fits
6661/spec-6661-56366-0884.fits
6661/spec-6661-56366-0885.fits
6661/spec-6661-56366-0886.fits
6661/spec-6661-56366-0887.fits
6661/spec-6661-56366-0888.fits
6661/spec-6661-56366-0889.fits
6661/spec-6661-56366-0890.fits
6661/spec-6661-56366-0891.fits
6661/spec-6661-56366-0892.fits
6661/spec-6661-56366-0893.fits
6661/spec-6661-56366-0894.fits
6661/spec-6661-56366-0895.fits
6661/spec-6661-56366-0896.fits
6661/spec-6661-56366-0897.fits
6661/spec-6661-56366-0898.fits
6661/spec-6661-56366-0899.fits
6661/spec-6661-56366-0900.fits
6661/spec-6661-56366-0901.fits
6661/spec-6661-56366-0902.fits
6661/spec-6661-56366-0903.fits
6661/spec-6661-56366-0904.fits
6661/spec-6661-56366-0905.fits
6661/spec-6661-56366-0906.fits
6661/spec-6661-56366-0907.fits
6661/spec-6661-56366-0908.fits
6661/spec-6661-56366-0909.fits
6661/spec-6661-56366-0910.fits
6661/spec-6661-56366-0911.fits
6661/spec-6661-56366-0912.fits
6661/spec-6661-56366-0913.fits
6661/spec-6661-56366-0914.fits
6661/spec-6661-56366-0915.fits
6661/spec-6661-56366-0916.fits
6661/spec-6661-56366-0917.fits
6661/spec-6661-56366-0918.fits
6661/spec-6661-56366-0919.fits
6661/spec-6661-56366-0920.fits
6661/spec-6661-56366-0921.fits
6661/spec-6661-56366-0922.fits
6661/spec-6661-56366-0923.fits
6661/spec-6661-56366-0924.fits
6661/spec-6661-56366-0925.fits
6661/spec-6661-56366-0926.fits
6661/spec-6661-56366-0927.fits
6661/spec-6661-56366-0928.fits
6661/spec-6661-56366-0929.fits
6661/spec-6661-56366-0930.fits
6661/spec-6661-56366-0931.fits
6661/spec-6661-56366-0932.fits
6661/spec-6661-56366-0933.fits
6661/spec-6661-56366-0934.fits
6661/spec-6661-56366-0935.fits
6661/spec-6661-56366-0936.fits
6661/spec-6661-56366-0937.fits
6661/spec-6661-56366-0938.fits
6661/spec-6661-56366-0939.fits
6661/spec-6661-56366-0940.fits
6661/spec-6661-56366-0941.fits
6661/spec-6661-56366-0942.fits
6661/spec-6661-56366-0943.fits
6661/spec-6661-56366-0944.fits
6661/spec-6661-56366-0945.fits
6661/spec-6661-56366-0946.fits
6661/spec-6661-56366-0947.fits
6661/spec-6661-56366-0948.fits
6661/spec-6661-56366-0949.fits
6661/spec-6661-56366-0950.fits
6661/spec-6661-56366-0951.fits
6661/spec-6661-56366-0952.fits
6661/spec-6661-56366-0953.fits
6661/spec-6661-56366-0954.fits
6661/spec-6661-56366-0955.fits
6661/spec-6661-56366-0956.fits
6661/spec-6661-56366-0957.fits
6661/spec-6661-56366-0958.fits
6661/spec-6661-56366-0959.fits
6661/spec-6661-56366-0960.fits
6661/spec-6661-56366-0961.fits
6661/spec-6661-56366-0962.fits
6661/spec-6661-56366-0963.fits
6661/spec-6661-56366-0964.fits
6661/spec-6661-56366-0965.fits
6661/spec-6661-56366-0966.fits
6661/spec-6661-56366-0967.fits
6661/spec-6661-56366-0968.fits
6661/spec-6661-56366-0969.fits
6661/spec-6661-56366-0970.fits
6661/spec-6661-56366-0971.fits
6661/spec-6661-56366-0972.fits
6661/spec-6661-56366-0973.fits
6661/spec-6661-56366-0974.fits
6661/spec-6661-56366-0975.fits
6661/spec-6661-56366-0976.fits
6661/spec-6661-56366-0977.fits
6661/spec-6661-56366-0978.fits
6661/spec-6661-56366-0979.fits
6661/spec-6661-56366-0980.fits
6661/spec-6661-56366-0981.fits
6661/spec-6661-56366-0982.fits
6661/spec-6661-56366-0983.fits
6661/spec-6661-56366-0984.fits
6661/spec-6661-56366-0985.fits
6661/spec-6661-56366-0986.fits
6661/spec-6661-56366-0987.fits
6661/spec-6661-56366-0988.fits
6661/spec-6661-56366-0989.fits
6661/spec-6661-56366-0990.fits
6661/spec-6661-56366-0991.fits
6661/spec-6661-56366-0992.fits
6661/spec-6661-56366-0993.fits
6661/spec-6661-56366-0994.fits
6661/spec-6661-56366-0995.fits
6661/spec-6661-56366-0996.fits
6661/spec-6661-56366-0997.fits
6661/spec-6661-56366-0998.fits
6661/spec-6661-56366-0999.fits
6661/spec-6661-56366-1000.fits
/var/lib/condor/execute/slot1/dir_7512
6661 6661.tgz R R361.tar.gz _condor_stderr _condor_stdout cB58_Lyman_break.fit condor_exec.exe hw4.R packages packages.tar.gz tmp var
[1] "Loaded package astro."
[1] 1000
6661 6661.csv 6661.tgz R R361.tar.gz _condor_stderr _condor_stdout cB58_Lyman_break.fit condor_exec.exe hw4.R packages packages.tar.gz tmp var
