3952
3952/
3952/spec-3952-55330-0001.fits
3952/spec-3952-55330-0002.fits
3952/spec-3952-55330-0003.fits
3952/spec-3952-55330-0004.fits
3952/spec-3952-55330-0005.fits
3952/spec-3952-55330-0006.fits
3952/spec-3952-55330-0007.fits
3952/spec-3952-55330-0008.fits
3952/spec-3952-55330-0009.fits
3952/spec-3952-55330-0010.fits
3952/spec-3952-55330-0011.fits
3952/spec-3952-55330-0012.fits
3952/spec-3952-55330-0013.fits
3952/spec-3952-55330-0014.fits
3952/spec-3952-55330-0015.fits
3952/spec-3952-55330-0016.fits
3952/spec-3952-55330-0017.fits
3952/spec-3952-55330-0018.fits
3952/spec-3952-55330-0019.fits
3952/spec-3952-55330-0020.fits
3952/spec-3952-55330-0021.fits
3952/spec-3952-55330-0022.fits
3952/spec-3952-55330-0023.fits
3952/spec-3952-55330-0024.fits
3952/spec-3952-55330-0025.fits
3952/spec-3952-55330-0026.fits
3952/spec-3952-55330-0027.fits
3952/spec-3952-55330-0028.fits
3952/spec-3952-55330-0029.fits
3952/spec-3952-55330-0030.fits
3952/spec-3952-55330-0031.fits
3952/spec-3952-55330-0032.fits
3952/spec-3952-55330-0033.fits
3952/spec-3952-55330-0034.fits
3952/spec-3952-55330-0035.fits
3952/spec-3952-55330-0036.fits
3952/spec-3952-55330-0037.fits
3952/spec-3952-55330-0038.fits
3952/spec-3952-55330-0039.fits
3952/spec-3952-55330-0040.fits
3952/spec-3952-55330-0041.fits
3952/spec-3952-55330-0042.fits
3952/spec-3952-55330-0043.fits
3952/spec-3952-55330-0044.fits
3952/spec-3952-55330-0045.fits
3952/spec-3952-55330-0046.fits
3952/spec-3952-55330-0047.fits
3952/spec-3952-55330-0048.fits
3952/spec-3952-55330-0049.fits
3952/spec-3952-55330-0050.fits
3952/spec-3952-55330-0051.fits
3952/spec-3952-55330-0052.fits
3952/spec-3952-55330-0053.fits
3952/spec-3952-55330-0054.fits
3952/spec-3952-55330-0055.fits
3952/spec-3952-55330-0056.fits
3952/spec-3952-55330-0057.fits
3952/spec-3952-55330-0058.fits
3952/spec-3952-55330-0059.fits
3952/spec-3952-55330-0060.fits
3952/spec-3952-55330-0061.fits
3952/spec-3952-55330-0062.fits
3952/spec-3952-55330-0063.fits
3952/spec-3952-55330-0064.fits
3952/spec-3952-55330-0065.fits
3952/spec-3952-55330-0066.fits
3952/spec-3952-55330-0067.fits
3952/spec-3952-55330-0068.fits
3952/spec-3952-55330-0069.fits
3952/spec-3952-55330-0070.fits
3952/spec-3952-55330-0071.fits
3952/spec-3952-55330-0072.fits
3952/spec-3952-55330-0073.fits
3952/spec-3952-55330-0074.fits
3952/spec-3952-55330-0075.fits
3952/spec-3952-55330-0076.fits
3952/spec-3952-55330-0077.fits
3952/spec-3952-55330-0078.fits
3952/spec-3952-55330-0079.fits
3952/spec-3952-55330-0080.fits
3952/spec-3952-55330-0081.fits
3952/spec-3952-55330-0082.fits
3952/spec-3952-55330-0083.fits
3952/spec-3952-55330-0084.fits
3952/spec-3952-55330-0085.fits
3952/spec-3952-55330-0086.fits
3952/spec-3952-55330-0087.fits
3952/spec-3952-55330-0088.fits
3952/spec-3952-55330-0089.fits
3952/spec-3952-55330-0090.fits
3952/spec-3952-55330-0091.fits
3952/spec-3952-55330-0092.fits
3952/spec-3952-55330-0093.fits
3952/spec-3952-55330-0094.fits
3952/spec-3952-55330-0095.fits
3952/spec-3952-55330-0096.fits
3952/spec-3952-55330-0097.fits
3952/spec-3952-55330-0098.fits
3952/spec-3952-55330-0099.fits
3952/spec-3952-55330-0100.fits
3952/spec-3952-55330-0101.fits
3952/spec-3952-55330-0102.fits
3952/spec-3952-55330-0103.fits
3952/spec-3952-55330-0104.fits
3952/spec-3952-55330-0105.fits
3952/spec-3952-55330-0106.fits
3952/spec-3952-55330-0107.fits
3952/spec-3952-55330-0108.fits
3952/spec-3952-55330-0109.fits
3952/spec-3952-55330-0110.fits
3952/spec-3952-55330-0111.fits
3952/spec-3952-55330-0112.fits
3952/spec-3952-55330-0113.fits
3952/spec-3952-55330-0114.fits
3952/spec-3952-55330-0115.fits
3952/spec-3952-55330-0116.fits
3952/spec-3952-55330-0117.fits
3952/spec-3952-55330-0118.fits
3952/spec-3952-55330-0119.fits
3952/spec-3952-55330-0120.fits
3952/spec-3952-55330-0121.fits
3952/spec-3952-55330-0122.fits
3952/spec-3952-55330-0123.fits
3952/spec-3952-55330-0124.fits
3952/spec-3952-55330-0125.fits
3952/spec-3952-55330-0126.fits
3952/spec-3952-55330-0127.fits
3952/spec-3952-55330-0128.fits
3952/spec-3952-55330-0129.fits
3952/spec-3952-55330-0130.fits
3952/spec-3952-55330-0131.fits
3952/spec-3952-55330-0132.fits
3952/spec-3952-55330-0133.fits
3952/spec-3952-55330-0134.fits
3952/spec-3952-55330-0135.fits
3952/spec-3952-55330-0136.fits
3952/spec-3952-55330-0137.fits
3952/spec-3952-55330-0138.fits
3952/spec-3952-55330-0139.fits
3952/spec-3952-55330-0140.fits
3952/spec-3952-55330-0141.fits
3952/spec-3952-55330-0142.fits
3952/spec-3952-55330-0143.fits
3952/spec-3952-55330-0144.fits
3952/spec-3952-55330-0145.fits
3952/spec-3952-55330-0146.fits
3952/spec-3952-55330-0147.fits
3952/spec-3952-55330-0148.fits
3952/spec-3952-55330-0149.fits
3952/spec-3952-55330-0150.fits
3952/spec-3952-55330-0151.fits
3952/spec-3952-55330-0152.fits
3952/spec-3952-55330-0153.fits
3952/spec-3952-55330-0154.fits
3952/spec-3952-55330-0155.fits
3952/spec-3952-55330-0156.fits
3952/spec-3952-55330-0157.fits
3952/spec-3952-55330-0158.fits
3952/spec-3952-55330-0159.fits
3952/spec-3952-55330-0160.fits
3952/spec-3952-55330-0161.fits
3952/spec-3952-55330-0162.fits
3952/spec-3952-55330-0163.fits
3952/spec-3952-55330-0164.fits
3952/spec-3952-55330-0165.fits
3952/spec-3952-55330-0166.fits
3952/spec-3952-55330-0167.fits
3952/spec-3952-55330-0168.fits
3952/spec-3952-55330-0169.fits
3952/spec-3952-55330-0170.fits
3952/spec-3952-55330-0171.fits
3952/spec-3952-55330-0172.fits
3952/spec-3952-55330-0173.fits
3952/spec-3952-55330-0174.fits
3952/spec-3952-55330-0175.fits
3952/spec-3952-55330-0176.fits
3952/spec-3952-55330-0177.fits
3952/spec-3952-55330-0178.fits
3952/spec-3952-55330-0179.fits
3952/spec-3952-55330-0180.fits
3952/spec-3952-55330-0181.fits
3952/spec-3952-55330-0182.fits
3952/spec-3952-55330-0183.fits
3952/spec-3952-55330-0184.fits
3952/spec-3952-55330-0185.fits
3952/spec-3952-55330-0186.fits
3952/spec-3952-55330-0187.fits
3952/spec-3952-55330-0188.fits
3952/spec-3952-55330-0189.fits
3952/spec-3952-55330-0190.fits
3952/spec-3952-55330-0191.fits
3952/spec-3952-55330-0192.fits
3952/spec-3952-55330-0193.fits
3952/spec-3952-55330-0194.fits
3952/spec-3952-55330-0195.fits
3952/spec-3952-55330-0196.fits
3952/spec-3952-55330-0197.fits
3952/spec-3952-55330-0198.fits
3952/spec-3952-55330-0199.fits
3952/spec-3952-55330-0200.fits
3952/spec-3952-55330-0201.fits
3952/spec-3952-55330-0202.fits
3952/spec-3952-55330-0203.fits
3952/spec-3952-55330-0204.fits
3952/spec-3952-55330-0205.fits
3952/spec-3952-55330-0206.fits
3952/spec-3952-55330-0207.fits
3952/spec-3952-55330-0208.fits
3952/spec-3952-55330-0209.fits
3952/spec-3952-55330-0210.fits
3952/spec-3952-55330-0211.fits
3952/spec-3952-55330-0212.fits
3952/spec-3952-55330-0213.fits
3952/spec-3952-55330-0214.fits
3952/spec-3952-55330-0215.fits
3952/spec-3952-55330-0216.fits
3952/spec-3952-55330-0217.fits
3952/spec-3952-55330-0218.fits
3952/spec-3952-55330-0219.fits
3952/spec-3952-55330-0220.fits
3952/spec-3952-55330-0221.fits
3952/spec-3952-55330-0222.fits
3952/spec-3952-55330-0223.fits
3952/spec-3952-55330-0224.fits
3952/spec-3952-55330-0225.fits
3952/spec-3952-55330-0226.fits
3952/spec-3952-55330-0227.fits
3952/spec-3952-55330-0228.fits
3952/spec-3952-55330-0229.fits
3952/spec-3952-55330-0230.fits
3952/spec-3952-55330-0231.fits
3952/spec-3952-55330-0232.fits
3952/spec-3952-55330-0233.fits
3952/spec-3952-55330-0234.fits
3952/spec-3952-55330-0235.fits
3952/spec-3952-55330-0236.fits
3952/spec-3952-55330-0237.fits
3952/spec-3952-55330-0238.fits
3952/spec-3952-55330-0239.fits
3952/spec-3952-55330-0240.fits
3952/spec-3952-55330-0241.fits
3952/spec-3952-55330-0242.fits
3952/spec-3952-55330-0243.fits
3952/spec-3952-55330-0244.fits
3952/spec-3952-55330-0245.fits
3952/spec-3952-55330-0246.fits
3952/spec-3952-55330-0247.fits
3952/spec-3952-55330-0248.fits
3952/spec-3952-55330-0249.fits
3952/spec-3952-55330-0250.fits
3952/spec-3952-55330-0251.fits
3952/spec-3952-55330-0252.fits
3952/spec-3952-55330-0253.fits
3952/spec-3952-55330-0254.fits
3952/spec-3952-55330-0255.fits
3952/spec-3952-55330-0256.fits
3952/spec-3952-55330-0257.fits
3952/spec-3952-55330-0258.fits
3952/spec-3952-55330-0259.fits
3952/spec-3952-55330-0260.fits
3952/spec-3952-55330-0261.fits
3952/spec-3952-55330-0262.fits
3952/spec-3952-55330-0263.fits
3952/spec-3952-55330-0264.fits
3952/spec-3952-55330-0265.fits
3952/spec-3952-55330-0266.fits
3952/spec-3952-55330-0267.fits
3952/spec-3952-55330-0268.fits
3952/spec-3952-55330-0269.fits
3952/spec-3952-55330-0270.fits
3952/spec-3952-55330-0271.fits
3952/spec-3952-55330-0272.fits
3952/spec-3952-55330-0273.fits
3952/spec-3952-55330-0274.fits
3952/spec-3952-55330-0275.fits
3952/spec-3952-55330-0276.fits
3952/spec-3952-55330-0277.fits
3952/spec-3952-55330-0278.fits
3952/spec-3952-55330-0279.fits
3952/spec-3952-55330-0280.fits
3952/spec-3952-55330-0281.fits
3952/spec-3952-55330-0282.fits
3952/spec-3952-55330-0283.fits
3952/spec-3952-55330-0284.fits
3952/spec-3952-55330-0285.fits
3952/spec-3952-55330-0286.fits
3952/spec-3952-55330-0287.fits
3952/spec-3952-55330-0288.fits
3952/spec-3952-55330-0289.fits
3952/spec-3952-55330-0290.fits
3952/spec-3952-55330-0291.fits
3952/spec-3952-55330-0292.fits
3952/spec-3952-55330-0293.fits
3952/spec-3952-55330-0294.fits
3952/spec-3952-55330-0295.fits
3952/spec-3952-55330-0296.fits
3952/spec-3952-55330-0297.fits
3952/spec-3952-55330-0298.fits
3952/spec-3952-55330-0299.fits
3952/spec-3952-55330-0300.fits
3952/spec-3952-55330-0301.fits
3952/spec-3952-55330-0302.fits
3952/spec-3952-55330-0303.fits
3952/spec-3952-55330-0304.fits
3952/spec-3952-55330-0305.fits
3952/spec-3952-55330-0306.fits
3952/spec-3952-55330-0307.fits
3952/spec-3952-55330-0308.fits
3952/spec-3952-55330-0309.fits
3952/spec-3952-55330-0310.fits
3952/spec-3952-55330-0311.fits
3952/spec-3952-55330-0312.fits
3952/spec-3952-55330-0313.fits
3952/spec-3952-55330-0314.fits
3952/spec-3952-55330-0315.fits
3952/spec-3952-55330-0316.fits
3952/spec-3952-55330-0317.fits
3952/spec-3952-55330-0318.fits
3952/spec-3952-55330-0319.fits
3952/spec-3952-55330-0320.fits
3952/spec-3952-55330-0321.fits
3952/spec-3952-55330-0322.fits
3952/spec-3952-55330-0323.fits
3952/spec-3952-55330-0324.fits
3952/spec-3952-55330-0325.fits
3952/spec-3952-55330-0326.fits
3952/spec-3952-55330-0327.fits
3952/spec-3952-55330-0328.fits
3952/spec-3952-55330-0329.fits
3952/spec-3952-55330-0330.fits
3952/spec-3952-55330-0331.fits
3952/spec-3952-55330-0332.fits
3952/spec-3952-55330-0333.fits
3952/spec-3952-55330-0334.fits
3952/spec-3952-55330-0335.fits
3952/spec-3952-55330-0336.fits
3952/spec-3952-55330-0337.fits
3952/spec-3952-55330-0338.fits
3952/spec-3952-55330-0339.fits
3952/spec-3952-55330-0340.fits
3952/spec-3952-55330-0341.fits
3952/spec-3952-55330-0342.fits
3952/spec-3952-55330-0343.fits
3952/spec-3952-55330-0344.fits
3952/spec-3952-55330-0345.fits
3952/spec-3952-55330-0346.fits
3952/spec-3952-55330-0347.fits
3952/spec-3952-55330-0348.fits
3952/spec-3952-55330-0349.fits
3952/spec-3952-55330-0350.fits
3952/spec-3952-55330-0351.fits
3952/spec-3952-55330-0352.fits
3952/spec-3952-55330-0353.fits
3952/spec-3952-55330-0354.fits
3952/spec-3952-55330-0355.fits
3952/spec-3952-55330-0356.fits
3952/spec-3952-55330-0357.fits
3952/spec-3952-55330-0358.fits
3952/spec-3952-55330-0359.fits
3952/spec-3952-55330-0360.fits
3952/spec-3952-55330-0361.fits
3952/spec-3952-55330-0362.fits
3952/spec-3952-55330-0363.fits
3952/spec-3952-55330-0364.fits
3952/spec-3952-55330-0365.fits
3952/spec-3952-55330-0366.fits
3952/spec-3952-55330-0367.fits
3952/spec-3952-55330-0368.fits
3952/spec-3952-55330-0369.fits
3952/spec-3952-55330-0370.fits
3952/spec-3952-55330-0371.fits
3952/spec-3952-55330-0372.fits
3952/spec-3952-55330-0373.fits
3952/spec-3952-55330-0374.fits
3952/spec-3952-55330-0375.fits
3952/spec-3952-55330-0376.fits
3952/spec-3952-55330-0377.fits
3952/spec-3952-55330-0378.fits
3952/spec-3952-55330-0379.fits
3952/spec-3952-55330-0380.fits
3952/spec-3952-55330-0381.fits
3952/spec-3952-55330-0382.fits
3952/spec-3952-55330-0383.fits
3952/spec-3952-55330-0384.fits
3952/spec-3952-55330-0385.fits
3952/spec-3952-55330-0386.fits
3952/spec-3952-55330-0387.fits
3952/spec-3952-55330-0388.fits
3952/spec-3952-55330-0389.fits
3952/spec-3952-55330-0390.fits
3952/spec-3952-55330-0391.fits
3952/spec-3952-55330-0392.fits
3952/spec-3952-55330-0393.fits
3952/spec-3952-55330-0394.fits
3952/spec-3952-55330-0395.fits
3952/spec-3952-55330-0396.fits
3952/spec-3952-55330-0397.fits
3952/spec-3952-55330-0398.fits
3952/spec-3952-55330-0399.fits
3952/spec-3952-55330-0400.fits
3952/spec-3952-55330-0401.fits
3952/spec-3952-55330-0402.fits
3952/spec-3952-55330-0403.fits
3952/spec-3952-55330-0404.fits
3952/spec-3952-55330-0405.fits
3952/spec-3952-55330-0406.fits
3952/spec-3952-55330-0407.fits
3952/spec-3952-55330-0408.fits
3952/spec-3952-55330-0409.fits
3952/spec-3952-55330-0410.fits
3952/spec-3952-55330-0411.fits
3952/spec-3952-55330-0412.fits
3952/spec-3952-55330-0413.fits
3952/spec-3952-55330-0414.fits
3952/spec-3952-55330-0415.fits
3952/spec-3952-55330-0416.fits
3952/spec-3952-55330-0417.fits
3952/spec-3952-55330-0418.fits
3952/spec-3952-55330-0419.fits
3952/spec-3952-55330-0420.fits
3952/spec-3952-55330-0421.fits
3952/spec-3952-55330-0422.fits
3952/spec-3952-55330-0423.fits
3952/spec-3952-55330-0424.fits
3952/spec-3952-55330-0425.fits
3952/spec-3952-55330-0426.fits
3952/spec-3952-55330-0427.fits
3952/spec-3952-55330-0428.fits
3952/spec-3952-55330-0429.fits
3952/spec-3952-55330-0430.fits
3952/spec-3952-55330-0431.fits
3952/spec-3952-55330-0432.fits
3952/spec-3952-55330-0433.fits
3952/spec-3952-55330-0434.fits
3952/spec-3952-55330-0435.fits
3952/spec-3952-55330-0436.fits
3952/spec-3952-55330-0437.fits
3952/spec-3952-55330-0438.fits
3952/spec-3952-55330-0439.fits
3952/spec-3952-55330-0440.fits
3952/spec-3952-55330-0441.fits
3952/spec-3952-55330-0442.fits
3952/spec-3952-55330-0443.fits
3952/spec-3952-55330-0444.fits
3952/spec-3952-55330-0445.fits
3952/spec-3952-55330-0446.fits
3952/spec-3952-55330-0447.fits
3952/spec-3952-55330-0448.fits
3952/spec-3952-55330-0449.fits
3952/spec-3952-55330-0450.fits
3952/spec-3952-55330-0451.fits
3952/spec-3952-55330-0452.fits
3952/spec-3952-55330-0453.fits
3952/spec-3952-55330-0454.fits
3952/spec-3952-55330-0455.fits
3952/spec-3952-55330-0456.fits
3952/spec-3952-55330-0457.fits
3952/spec-3952-55330-0458.fits
3952/spec-3952-55330-0459.fits
3952/spec-3952-55330-0460.fits
3952/spec-3952-55330-0461.fits
3952/spec-3952-55330-0462.fits
3952/spec-3952-55330-0463.fits
3952/spec-3952-55330-0464.fits
3952/spec-3952-55330-0465.fits
3952/spec-3952-55330-0466.fits
3952/spec-3952-55330-0467.fits
3952/spec-3952-55330-0468.fits
3952/spec-3952-55330-0469.fits
3952/spec-3952-55330-0470.fits
3952/spec-3952-55330-0471.fits
3952/spec-3952-55330-0472.fits
3952/spec-3952-55330-0473.fits
3952/spec-3952-55330-0474.fits
3952/spec-3952-55330-0475.fits
3952/spec-3952-55330-0476.fits
3952/spec-3952-55330-0477.fits
3952/spec-3952-55330-0478.fits
3952/spec-3952-55330-0479.fits
3952/spec-3952-55330-0480.fits
3952/spec-3952-55330-0481.fits
3952/spec-3952-55330-0482.fits
3952/spec-3952-55330-0483.fits
3952/spec-3952-55330-0484.fits
3952/spec-3952-55330-0485.fits
3952/spec-3952-55330-0486.fits
3952/spec-3952-55330-0487.fits
3952/spec-3952-55330-0488.fits
3952/spec-3952-55330-0489.fits
3952/spec-3952-55330-0490.fits
3952/spec-3952-55330-0491.fits
3952/spec-3952-55330-0492.fits
3952/spec-3952-55330-0493.fits
3952/spec-3952-55330-0494.fits
3952/spec-3952-55330-0495.fits
3952/spec-3952-55330-0496.fits
3952/spec-3952-55330-0497.fits
3952/spec-3952-55330-0498.fits
3952/spec-3952-55330-0499.fits
3952/spec-3952-55330-0500.fits
3952/spec-3952-55330-0501.fits
3952/spec-3952-55330-0502.fits
3952/spec-3952-55330-0503.fits
3952/spec-3952-55330-0504.fits
3952/spec-3952-55330-0505.fits
3952/spec-3952-55330-0506.fits
3952/spec-3952-55330-0507.fits
3952/spec-3952-55330-0508.fits
3952/spec-3952-55330-0509.fits
3952/spec-3952-55330-0510.fits
3952/spec-3952-55330-0511.fits
3952/spec-3952-55330-0512.fits
3952/spec-3952-55330-0513.fits
3952/spec-3952-55330-0514.fits
3952/spec-3952-55330-0515.fits
3952/spec-3952-55330-0516.fits
3952/spec-3952-55330-0517.fits
3952/spec-3952-55330-0518.fits
3952/spec-3952-55330-0519.fits
3952/spec-3952-55330-0520.fits
3952/spec-3952-55330-0521.fits
3952/spec-3952-55330-0522.fits
3952/spec-3952-55330-0523.fits
3952/spec-3952-55330-0524.fits
3952/spec-3952-55330-0525.fits
3952/spec-3952-55330-0526.fits
3952/spec-3952-55330-0527.fits
3952/spec-3952-55330-0528.fits
3952/spec-3952-55330-0529.fits
3952/spec-3952-55330-0530.fits
3952/spec-3952-55330-0531.fits
3952/spec-3952-55330-0532.fits
3952/spec-3952-55330-0533.fits
3952/spec-3952-55330-0534.fits
3952/spec-3952-55330-0535.fits
3952/spec-3952-55330-0536.fits
3952/spec-3952-55330-0537.fits
3952/spec-3952-55330-0538.fits
3952/spec-3952-55330-0539.fits
3952/spec-3952-55330-0540.fits
3952/spec-3952-55330-0541.fits
3952/spec-3952-55330-0542.fits
3952/spec-3952-55330-0543.fits
3952/spec-3952-55330-0544.fits
3952/spec-3952-55330-0545.fits
3952/spec-3952-55330-0546.fits
3952/spec-3952-55330-0547.fits
3952/spec-3952-55330-0548.fits
3952/spec-3952-55330-0549.fits
3952/spec-3952-55330-0550.fits
3952/spec-3952-55330-0551.fits
3952/spec-3952-55330-0552.fits
3952/spec-3952-55330-0553.fits
3952/spec-3952-55330-0554.fits
3952/spec-3952-55330-0555.fits
3952/spec-3952-55330-0556.fits
3952/spec-3952-55330-0557.fits
3952/spec-3952-55330-0558.fits
3952/spec-3952-55330-0559.fits
3952/spec-3952-55330-0560.fits
3952/spec-3952-55330-0561.fits
3952/spec-3952-55330-0562.fits
3952/spec-3952-55330-0563.fits
3952/spec-3952-55330-0564.fits
3952/spec-3952-55330-0565.fits
3952/spec-3952-55330-0566.fits
3952/spec-3952-55330-0567.fits
3952/spec-3952-55330-0568.fits
3952/spec-3952-55330-0569.fits
3952/spec-3952-55330-0570.fits
3952/spec-3952-55330-0571.fits
3952/spec-3952-55330-0572.fits
3952/spec-3952-55330-0573.fits
3952/spec-3952-55330-0574.fits
3952/spec-3952-55330-0575.fits
3952/spec-3952-55330-0576.fits
3952/spec-3952-55330-0577.fits
3952/spec-3952-55330-0578.fits
3952/spec-3952-55330-0579.fits
3952/spec-3952-55330-0580.fits
3952/spec-3952-55330-0581.fits
3952/spec-3952-55330-0582.fits
3952/spec-3952-55330-0583.fits
3952/spec-3952-55330-0584.fits
3952/spec-3952-55330-0585.fits
3952/spec-3952-55330-0586.fits
3952/spec-3952-55330-0587.fits
3952/spec-3952-55330-0588.fits
3952/spec-3952-55330-0589.fits
3952/spec-3952-55330-0590.fits
3952/spec-3952-55330-0591.fits
3952/spec-3952-55330-0592.fits
3952/spec-3952-55330-0593.fits
3952/spec-3952-55330-0594.fits
3952/spec-3952-55330-0595.fits
3952/spec-3952-55330-0596.fits
3952/spec-3952-55330-0597.fits
3952/spec-3952-55330-0598.fits
3952/spec-3952-55330-0599.fits
3952/spec-3952-55330-0600.fits
3952/spec-3952-55330-0601.fits
3952/spec-3952-55330-0602.fits
3952/spec-3952-55330-0603.fits
3952/spec-3952-55330-0604.fits
3952/spec-3952-55330-0605.fits
3952/spec-3952-55330-0606.fits
3952/spec-3952-55330-0607.fits
3952/spec-3952-55330-0608.fits
3952/spec-3952-55330-0609.fits
3952/spec-3952-55330-0610.fits
3952/spec-3952-55330-0611.fits
3952/spec-3952-55330-0612.fits
3952/spec-3952-55330-0613.fits
3952/spec-3952-55330-0614.fits
3952/spec-3952-55330-0615.fits
3952/spec-3952-55330-0616.fits
3952/spec-3952-55330-0617.fits
3952/spec-3952-55330-0618.fits
3952/spec-3952-55330-0619.fits
3952/spec-3952-55330-0620.fits
3952/spec-3952-55330-0621.fits
3952/spec-3952-55330-0622.fits
3952/spec-3952-55330-0623.fits
3952/spec-3952-55330-0624.fits
3952/spec-3952-55330-0625.fits
3952/spec-3952-55330-0626.fits
3952/spec-3952-55330-0627.fits
3952/spec-3952-55330-0628.fits
3952/spec-3952-55330-0629.fits
3952/spec-3952-55330-0630.fits
3952/spec-3952-55330-0631.fits
3952/spec-3952-55330-0632.fits
3952/spec-3952-55330-0633.fits
3952/spec-3952-55330-0634.fits
3952/spec-3952-55330-0635.fits
3952/spec-3952-55330-0636.fits
3952/spec-3952-55330-0637.fits
3952/spec-3952-55330-0638.fits
3952/spec-3952-55330-0639.fits
3952/spec-3952-55330-0640.fits
3952/spec-3952-55330-0641.fits
3952/spec-3952-55330-0642.fits
3952/spec-3952-55330-0643.fits
3952/spec-3952-55330-0644.fits
3952/spec-3952-55330-0645.fits
3952/spec-3952-55330-0646.fits
3952/spec-3952-55330-0647.fits
3952/spec-3952-55330-0648.fits
3952/spec-3952-55330-0649.fits
3952/spec-3952-55330-0650.fits
3952/spec-3952-55330-0651.fits
3952/spec-3952-55330-0652.fits
3952/spec-3952-55330-0653.fits
3952/spec-3952-55330-0654.fits
3952/spec-3952-55330-0655.fits
3952/spec-3952-55330-0656.fits
3952/spec-3952-55330-0657.fits
3952/spec-3952-55330-0658.fits
3952/spec-3952-55330-0659.fits
3952/spec-3952-55330-0660.fits
3952/spec-3952-55330-0661.fits
3952/spec-3952-55330-0662.fits
3952/spec-3952-55330-0663.fits
3952/spec-3952-55330-0664.fits
3952/spec-3952-55330-0665.fits
3952/spec-3952-55330-0666.fits
3952/spec-3952-55330-0667.fits
3952/spec-3952-55330-0668.fits
3952/spec-3952-55330-0669.fits
3952/spec-3952-55330-0670.fits
3952/spec-3952-55330-0671.fits
3952/spec-3952-55330-0672.fits
3952/spec-3952-55330-0673.fits
3952/spec-3952-55330-0674.fits
3952/spec-3952-55330-0675.fits
3952/spec-3952-55330-0676.fits
3952/spec-3952-55330-0677.fits
3952/spec-3952-55330-0678.fits
3952/spec-3952-55330-0679.fits
3952/spec-3952-55330-0680.fits
3952/spec-3952-55330-0681.fits
3952/spec-3952-55330-0682.fits
3952/spec-3952-55330-0683.fits
3952/spec-3952-55330-0684.fits
3952/spec-3952-55330-0685.fits
3952/spec-3952-55330-0686.fits
3952/spec-3952-55330-0687.fits
3952/spec-3952-55330-0688.fits
3952/spec-3952-55330-0689.fits
3952/spec-3952-55330-0690.fits
3952/spec-3952-55330-0691.fits
3952/spec-3952-55330-0692.fits
3952/spec-3952-55330-0693.fits
3952/spec-3952-55330-0694.fits
3952/spec-3952-55330-0695.fits
3952/spec-3952-55330-0696.fits
3952/spec-3952-55330-0697.fits
3952/spec-3952-55330-0698.fits
3952/spec-3952-55330-0699.fits
3952/spec-3952-55330-0700.fits
3952/spec-3952-55330-0701.fits
3952/spec-3952-55330-0702.fits
3952/spec-3952-55330-0703.fits
3952/spec-3952-55330-0704.fits
3952/spec-3952-55330-0705.fits
3952/spec-3952-55330-0706.fits
3952/spec-3952-55330-0707.fits
3952/spec-3952-55330-0708.fits
3952/spec-3952-55330-0709.fits
3952/spec-3952-55330-0710.fits
3952/spec-3952-55330-0711.fits
3952/spec-3952-55330-0712.fits
3952/spec-3952-55330-0713.fits
3952/spec-3952-55330-0714.fits
3952/spec-3952-55330-0715.fits
3952/spec-3952-55330-0716.fits
3952/spec-3952-55330-0717.fits
3952/spec-3952-55330-0718.fits
3952/spec-3952-55330-0719.fits
3952/spec-3952-55330-0720.fits
3952/spec-3952-55330-0721.fits
3952/spec-3952-55330-0722.fits
3952/spec-3952-55330-0723.fits
3952/spec-3952-55330-0724.fits
3952/spec-3952-55330-0725.fits
3952/spec-3952-55330-0726.fits
3952/spec-3952-55330-0727.fits
3952/spec-3952-55330-0728.fits
3952/spec-3952-55330-0729.fits
3952/spec-3952-55330-0730.fits
3952/spec-3952-55330-0731.fits
3952/spec-3952-55330-0732.fits
3952/spec-3952-55330-0733.fits
3952/spec-3952-55330-0734.fits
3952/spec-3952-55330-0735.fits
3952/spec-3952-55330-0736.fits
3952/spec-3952-55330-0737.fits
3952/spec-3952-55330-0738.fits
3952/spec-3952-55330-0739.fits
3952/spec-3952-55330-0740.fits
3952/spec-3952-55330-0741.fits
3952/spec-3952-55330-0742.fits
3952/spec-3952-55330-0743.fits
3952/spec-3952-55330-0744.fits
3952/spec-3952-55330-0745.fits
3952/spec-3952-55330-0746.fits
3952/spec-3952-55330-0747.fits
3952/spec-3952-55330-0748.fits
3952/spec-3952-55330-0749.fits
3952/spec-3952-55330-0750.fits
3952/spec-3952-55330-0751.fits
3952/spec-3952-55330-0752.fits
3952/spec-3952-55330-0753.fits
3952/spec-3952-55330-0754.fits
3952/spec-3952-55330-0755.fits
3952/spec-3952-55330-0756.fits
3952/spec-3952-55330-0757.fits
3952/spec-3952-55330-0758.fits
3952/spec-3952-55330-0759.fits
3952/spec-3952-55330-0760.fits
3952/spec-3952-55330-0761.fits
3952/spec-3952-55330-0762.fits
3952/spec-3952-55330-0763.fits
3952/spec-3952-55330-0764.fits
3952/spec-3952-55330-0765.fits
3952/spec-3952-55330-0766.fits
3952/spec-3952-55330-0767.fits
3952/spec-3952-55330-0768.fits
3952/spec-3952-55330-0769.fits
3952/spec-3952-55330-0770.fits
3952/spec-3952-55330-0771.fits
3952/spec-3952-55330-0772.fits
3952/spec-3952-55330-0773.fits
3952/spec-3952-55330-0774.fits
3952/spec-3952-55330-0775.fits
3952/spec-3952-55330-0776.fits
3952/spec-3952-55330-0777.fits
3952/spec-3952-55330-0778.fits
3952/spec-3952-55330-0779.fits
3952/spec-3952-55330-0780.fits
3952/spec-3952-55330-0781.fits
3952/spec-3952-55330-0782.fits
3952/spec-3952-55330-0783.fits
3952/spec-3952-55330-0784.fits
3952/spec-3952-55330-0785.fits
3952/spec-3952-55330-0786.fits
3952/spec-3952-55330-0787.fits
3952/spec-3952-55330-0788.fits
3952/spec-3952-55330-0789.fits
3952/spec-3952-55330-0790.fits
3952/spec-3952-55330-0791.fits
3952/spec-3952-55330-0792.fits
3952/spec-3952-55330-0793.fits
3952/spec-3952-55330-0794.fits
3952/spec-3952-55330-0795.fits
3952/spec-3952-55330-0796.fits
3952/spec-3952-55330-0797.fits
3952/spec-3952-55330-0798.fits
3952/spec-3952-55330-0799.fits
3952/spec-3952-55330-0800.fits
3952/spec-3952-55330-0801.fits
3952/spec-3952-55330-0802.fits
3952/spec-3952-55330-0803.fits
3952/spec-3952-55330-0804.fits
3952/spec-3952-55330-0805.fits
3952/spec-3952-55330-0806.fits
3952/spec-3952-55330-0807.fits
3952/spec-3952-55330-0808.fits
3952/spec-3952-55330-0809.fits
3952/spec-3952-55330-0810.fits
3952/spec-3952-55330-0811.fits
3952/spec-3952-55330-0812.fits
3952/spec-3952-55330-0813.fits
3952/spec-3952-55330-0814.fits
3952/spec-3952-55330-0815.fits
3952/spec-3952-55330-0816.fits
3952/spec-3952-55330-0817.fits
3952/spec-3952-55330-0818.fits
3952/spec-3952-55330-0819.fits
3952/spec-3952-55330-0820.fits
3952/spec-3952-55330-0821.fits
3952/spec-3952-55330-0822.fits
3952/spec-3952-55330-0823.fits
3952/spec-3952-55330-0824.fits
3952/spec-3952-55330-0825.fits
3952/spec-3952-55330-0826.fits
3952/spec-3952-55330-0827.fits
3952/spec-3952-55330-0828.fits
3952/spec-3952-55330-0829.fits
3952/spec-3952-55330-0830.fits
3952/spec-3952-55330-0831.fits
3952/spec-3952-55330-0832.fits
3952/spec-3952-55330-0833.fits
3952/spec-3952-55330-0834.fits
3952/spec-3952-55330-0835.fits
3952/spec-3952-55330-0836.fits
3952/spec-3952-55330-0837.fits
3952/spec-3952-55330-0838.fits
3952/spec-3952-55330-0839.fits
3952/spec-3952-55330-0840.fits
3952/spec-3952-55330-0841.fits
3952/spec-3952-55330-0842.fits
3952/spec-3952-55330-0843.fits
3952/spec-3952-55330-0844.fits
3952/spec-3952-55330-0845.fits
3952/spec-3952-55330-0846.fits
3952/spec-3952-55330-0847.fits
3952/spec-3952-55330-0848.fits
3952/spec-3952-55330-0849.fits
3952/spec-3952-55330-0850.fits
3952/spec-3952-55330-0851.fits
3952/spec-3952-55330-0852.fits
3952/spec-3952-55330-0853.fits
3952/spec-3952-55330-0854.fits
3952/spec-3952-55330-0855.fits
3952/spec-3952-55330-0856.fits
3952/spec-3952-55330-0857.fits
3952/spec-3952-55330-0858.fits
3952/spec-3952-55330-0859.fits
3952/spec-3952-55330-0860.fits
3952/spec-3952-55330-0861.fits
3952/spec-3952-55330-0862.fits
3952/spec-3952-55330-0863.fits
3952/spec-3952-55330-0864.fits
3952/spec-3952-55330-0865.fits
3952/spec-3952-55330-0866.fits
3952/spec-3952-55330-0867.fits
3952/spec-3952-55330-0868.fits
3952/spec-3952-55330-0869.fits
3952/spec-3952-55330-0870.fits
3952/spec-3952-55330-0871.fits
3952/spec-3952-55330-0872.fits
3952/spec-3952-55330-0873.fits
3952/spec-3952-55330-0874.fits
3952/spec-3952-55330-0875.fits
3952/spec-3952-55330-0876.fits
3952/spec-3952-55330-0877.fits
3952/spec-3952-55330-0878.fits
3952/spec-3952-55330-0879.fits
3952/spec-3952-55330-0880.fits
3952/spec-3952-55330-0881.fits
3952/spec-3952-55330-0882.fits
3952/spec-3952-55330-0883.fits
3952/spec-3952-55330-0884.fits
3952/spec-3952-55330-0885.fits
3952/spec-3952-55330-0886.fits
3952/spec-3952-55330-0887.fits
3952/spec-3952-55330-0888.fits
3952/spec-3952-55330-0889.fits
3952/spec-3952-55330-0890.fits
3952/spec-3952-55330-0891.fits
3952/spec-3952-55330-0892.fits
3952/spec-3952-55330-0893.fits
3952/spec-3952-55330-0894.fits
3952/spec-3952-55330-0895.fits
3952/spec-3952-55330-0896.fits
3952/spec-3952-55330-0897.fits
3952/spec-3952-55330-0898.fits
3952/spec-3952-55330-0899.fits
3952/spec-3952-55330-0900.fits
3952/spec-3952-55330-0901.fits
3952/spec-3952-55330-0902.fits
3952/spec-3952-55330-0903.fits
3952/spec-3952-55330-0904.fits
3952/spec-3952-55330-0905.fits
3952/spec-3952-55330-0906.fits
3952/spec-3952-55330-0907.fits
3952/spec-3952-55330-0908.fits
3952/spec-3952-55330-0909.fits
3952/spec-3952-55330-0910.fits
3952/spec-3952-55330-0911.fits
3952/spec-3952-55330-0912.fits
3952/spec-3952-55330-0913.fits
3952/spec-3952-55330-0914.fits
3952/spec-3952-55330-0915.fits
3952/spec-3952-55330-0916.fits
3952/spec-3952-55330-0917.fits
3952/spec-3952-55330-0918.fits
3952/spec-3952-55330-0919.fits
3952/spec-3952-55330-0920.fits
3952/spec-3952-55330-0921.fits
3952/spec-3952-55330-0922.fits
3952/spec-3952-55330-0923.fits
3952/spec-3952-55330-0924.fits
3952/spec-3952-55330-0925.fits
3952/spec-3952-55330-0926.fits
3952/spec-3952-55330-0927.fits
3952/spec-3952-55330-0928.fits
3952/spec-3952-55330-0929.fits
3952/spec-3952-55330-0930.fits
3952/spec-3952-55330-0931.fits
3952/spec-3952-55330-0932.fits
3952/spec-3952-55330-0933.fits
3952/spec-3952-55330-0934.fits
3952/spec-3952-55330-0935.fits
3952/spec-3952-55330-0936.fits
3952/spec-3952-55330-0937.fits
3952/spec-3952-55330-0938.fits
3952/spec-3952-55330-0939.fits
3952/spec-3952-55330-0940.fits
3952/spec-3952-55330-0941.fits
3952/spec-3952-55330-0942.fits
3952/spec-3952-55330-0943.fits
3952/spec-3952-55330-0944.fits
3952/spec-3952-55330-0945.fits
3952/spec-3952-55330-0946.fits
3952/spec-3952-55330-0947.fits
3952/spec-3952-55330-0948.fits
3952/spec-3952-55330-0949.fits
3952/spec-3952-55330-0950.fits
3952/spec-3952-55330-0951.fits
3952/spec-3952-55330-0952.fits
3952/spec-3952-55330-0953.fits
3952/spec-3952-55330-0954.fits
3952/spec-3952-55330-0955.fits
3952/spec-3952-55330-0956.fits
3952/spec-3952-55330-0957.fits
3952/spec-3952-55330-0958.fits
3952/spec-3952-55330-0959.fits
3952/spec-3952-55330-0960.fits
3952/spec-3952-55330-0961.fits
3952/spec-3952-55330-0962.fits
3952/spec-3952-55330-0963.fits
3952/spec-3952-55330-0964.fits
3952/spec-3952-55330-0965.fits
3952/spec-3952-55330-0966.fits
3952/spec-3952-55330-0967.fits
3952/spec-3952-55330-0968.fits
3952/spec-3952-55330-0969.fits
3952/spec-3952-55330-0970.fits
3952/spec-3952-55330-0971.fits
3952/spec-3952-55330-0972.fits
3952/spec-3952-55330-0973.fits
3952/spec-3952-55330-0974.fits
3952/spec-3952-55330-0975.fits
3952/spec-3952-55330-0976.fits
3952/spec-3952-55330-0977.fits
3952/spec-3952-55330-0978.fits
3952/spec-3952-55330-0979.fits
3952/spec-3952-55330-0980.fits
3952/spec-3952-55330-0981.fits
3952/spec-3952-55330-0982.fits
3952/spec-3952-55330-0983.fits
3952/spec-3952-55330-0984.fits
3952/spec-3952-55330-0985.fits
3952/spec-3952-55330-0986.fits
3952/spec-3952-55330-0987.fits
3952/spec-3952-55330-0988.fits
3952/spec-3952-55330-0989.fits
3952/spec-3952-55330-0990.fits
3952/spec-3952-55330-0991.fits
3952/spec-3952-55330-0992.fits
3952/spec-3952-55330-0993.fits
3952/spec-3952-55330-0994.fits
3952/spec-3952-55330-0995.fits
3952/spec-3952-55330-0996.fits
3952/spec-3952-55330-0997.fits
3952/spec-3952-55330-0998.fits
3952/spec-3952-55330-0999.fits
3952/spec-3952-55330-1000.fits
/var/lib/condor/execute/slot1/dir_28833
3952 3952.tgz R R361.tar.gz _condor_stderr _condor_stdout cB58_Lyman_break.fit condor_exec.exe hw4.R packages packages.tar.gz tmp var
[1] "Loaded package astro."
[1] 1000
3952 3952.csv 3952.tgz R R361.tar.gz _condor_stderr _condor_stdout cB58_Lyman_break.fit condor_exec.exe hw4.R packages packages.tar.gz tmp var
