6718
6718/
6718/spec-6718-56398-0001.fits
6718/spec-6718-56398-0002.fits
6718/spec-6718-56398-0003.fits
6718/spec-6718-56398-0004.fits
6718/spec-6718-56398-0005.fits
6718/spec-6718-56398-0006.fits
6718/spec-6718-56398-0007.fits
6718/spec-6718-56398-0008.fits
6718/spec-6718-56398-0009.fits
6718/spec-6718-56398-0010.fits
6718/spec-6718-56398-0011.fits
6718/spec-6718-56398-0012.fits
6718/spec-6718-56398-0013.fits
6718/spec-6718-56398-0014.fits
6718/spec-6718-56398-0015.fits
6718/spec-6718-56398-0016.fits
6718/spec-6718-56398-0017.fits
6718/spec-6718-56398-0018.fits
6718/spec-6718-56398-0019.fits
6718/spec-6718-56398-0020.fits
6718/spec-6718-56398-0021.fits
6718/spec-6718-56398-0022.fits
6718/spec-6718-56398-0023.fits
6718/spec-6718-56398-0024.fits
6718/spec-6718-56398-0025.fits
6718/spec-6718-56398-0026.fits
6718/spec-6718-56398-0027.fits
6718/spec-6718-56398-0028.fits
6718/spec-6718-56398-0029.fits
6718/spec-6718-56398-0030.fits
6718/spec-6718-56398-0031.fits
6718/spec-6718-56398-0032.fits
6718/spec-6718-56398-0033.fits
6718/spec-6718-56398-0034.fits
6718/spec-6718-56398-0035.fits
6718/spec-6718-56398-0036.fits
6718/spec-6718-56398-0037.fits
6718/spec-6718-56398-0038.fits
6718/spec-6718-56398-0039.fits
6718/spec-6718-56398-0040.fits
6718/spec-6718-56398-0041.fits
6718/spec-6718-56398-0042.fits
6718/spec-6718-56398-0043.fits
6718/spec-6718-56398-0044.fits
6718/spec-6718-56398-0045.fits
6718/spec-6718-56398-0046.fits
6718/spec-6718-56398-0047.fits
6718/spec-6718-56398-0048.fits
6718/spec-6718-56398-0049.fits
6718/spec-6718-56398-0050.fits
6718/spec-6718-56398-0051.fits
6718/spec-6718-56398-0052.fits
6718/spec-6718-56398-0053.fits
6718/spec-6718-56398-0054.fits
6718/spec-6718-56398-0055.fits
6718/spec-6718-56398-0056.fits
6718/spec-6718-56398-0057.fits
6718/spec-6718-56398-0058.fits
6718/spec-6718-56398-0059.fits
6718/spec-6718-56398-0060.fits
6718/spec-6718-56398-0061.fits
6718/spec-6718-56398-0062.fits
6718/spec-6718-56398-0063.fits
6718/spec-6718-56398-0064.fits
6718/spec-6718-56398-0065.fits
6718/spec-6718-56398-0066.fits
6718/spec-6718-56398-0067.fits
6718/spec-6718-56398-0068.fits
6718/spec-6718-56398-0069.fits
6718/spec-6718-56398-0070.fits
6718/spec-6718-56398-0071.fits
6718/spec-6718-56398-0072.fits
6718/spec-6718-56398-0073.fits
6718/spec-6718-56398-0074.fits
6718/spec-6718-56398-0075.fits
6718/spec-6718-56398-0076.fits
6718/spec-6718-56398-0077.fits
6718/spec-6718-56398-0078.fits
6718/spec-6718-56398-0079.fits
6718/spec-6718-56398-0080.fits
6718/spec-6718-56398-0081.fits
6718/spec-6718-56398-0082.fits
6718/spec-6718-56398-0083.fits
6718/spec-6718-56398-0084.fits
6718/spec-6718-56398-0085.fits
6718/spec-6718-56398-0086.fits
6718/spec-6718-56398-0087.fits
6718/spec-6718-56398-0088.fits
6718/spec-6718-56398-0089.fits
6718/spec-6718-56398-0090.fits
6718/spec-6718-56398-0091.fits
6718/spec-6718-56398-0092.fits
6718/spec-6718-56398-0093.fits
6718/spec-6718-56398-0094.fits
6718/spec-6718-56398-0095.fits
6718/spec-6718-56398-0096.fits
6718/spec-6718-56398-0097.fits
6718/spec-6718-56398-0098.fits
6718/spec-6718-56398-0099.fits
6718/spec-6718-56398-0100.fits
6718/spec-6718-56398-0101.fits
6718/spec-6718-56398-0102.fits
6718/spec-6718-56398-0103.fits
6718/spec-6718-56398-0104.fits
6718/spec-6718-56398-0105.fits
6718/spec-6718-56398-0106.fits
6718/spec-6718-56398-0107.fits
6718/spec-6718-56398-0108.fits
6718/spec-6718-56398-0109.fits
6718/spec-6718-56398-0110.fits
6718/spec-6718-56398-0111.fits
6718/spec-6718-56398-0112.fits
6718/spec-6718-56398-0113.fits
6718/spec-6718-56398-0114.fits
6718/spec-6718-56398-0115.fits
6718/spec-6718-56398-0116.fits
6718/spec-6718-56398-0117.fits
6718/spec-6718-56398-0118.fits
6718/spec-6718-56398-0119.fits
6718/spec-6718-56398-0120.fits
6718/spec-6718-56398-0121.fits
6718/spec-6718-56398-0122.fits
6718/spec-6718-56398-0123.fits
6718/spec-6718-56398-0124.fits
6718/spec-6718-56398-0125.fits
6718/spec-6718-56398-0126.fits
6718/spec-6718-56398-0127.fits
6718/spec-6718-56398-0128.fits
6718/spec-6718-56398-0129.fits
6718/spec-6718-56398-0130.fits
6718/spec-6718-56398-0131.fits
6718/spec-6718-56398-0132.fits
6718/spec-6718-56398-0133.fits
6718/spec-6718-56398-0134.fits
6718/spec-6718-56398-0135.fits
6718/spec-6718-56398-0136.fits
6718/spec-6718-56398-0137.fits
6718/spec-6718-56398-0138.fits
6718/spec-6718-56398-0139.fits
6718/spec-6718-56398-0140.fits
6718/spec-6718-56398-0141.fits
6718/spec-6718-56398-0142.fits
6718/spec-6718-56398-0143.fits
6718/spec-6718-56398-0144.fits
6718/spec-6718-56398-0145.fits
6718/spec-6718-56398-0146.fits
6718/spec-6718-56398-0147.fits
6718/spec-6718-56398-0148.fits
6718/spec-6718-56398-0149.fits
6718/spec-6718-56398-0150.fits
6718/spec-6718-56398-0151.fits
6718/spec-6718-56398-0152.fits
6718/spec-6718-56398-0153.fits
6718/spec-6718-56398-0154.fits
6718/spec-6718-56398-0155.fits
6718/spec-6718-56398-0156.fits
6718/spec-6718-56398-0157.fits
6718/spec-6718-56398-0158.fits
6718/spec-6718-56398-0159.fits
6718/spec-6718-56398-0160.fits
6718/spec-6718-56398-0161.fits
6718/spec-6718-56398-0162.fits
6718/spec-6718-56398-0163.fits
6718/spec-6718-56398-0164.fits
6718/spec-6718-56398-0165.fits
6718/spec-6718-56398-0166.fits
6718/spec-6718-56398-0167.fits
6718/spec-6718-56398-0168.fits
6718/spec-6718-56398-0169.fits
6718/spec-6718-56398-0170.fits
6718/spec-6718-56398-0171.fits
6718/spec-6718-56398-0172.fits
6718/spec-6718-56398-0173.fits
6718/spec-6718-56398-0174.fits
6718/spec-6718-56398-0175.fits
6718/spec-6718-56398-0176.fits
6718/spec-6718-56398-0177.fits
6718/spec-6718-56398-0178.fits
6718/spec-6718-56398-0179.fits
6718/spec-6718-56398-0180.fits
6718/spec-6718-56398-0181.fits
6718/spec-6718-56398-0182.fits
6718/spec-6718-56398-0183.fits
6718/spec-6718-56398-0184.fits
6718/spec-6718-56398-0185.fits
6718/spec-6718-56398-0186.fits
6718/spec-6718-56398-0187.fits
6718/spec-6718-56398-0188.fits
6718/spec-6718-56398-0189.fits
6718/spec-6718-56398-0190.fits
6718/spec-6718-56398-0191.fits
6718/spec-6718-56398-0192.fits
6718/spec-6718-56398-0193.fits
6718/spec-6718-56398-0194.fits
6718/spec-6718-56398-0195.fits
6718/spec-6718-56398-0196.fits
6718/spec-6718-56398-0197.fits
6718/spec-6718-56398-0198.fits
6718/spec-6718-56398-0199.fits
6718/spec-6718-56398-0200.fits
6718/spec-6718-56398-0201.fits
6718/spec-6718-56398-0202.fits
6718/spec-6718-56398-0203.fits
6718/spec-6718-56398-0204.fits
6718/spec-6718-56398-0205.fits
6718/spec-6718-56398-0206.fits
6718/spec-6718-56398-0207.fits
6718/spec-6718-56398-0208.fits
6718/spec-6718-56398-0209.fits
6718/spec-6718-56398-0210.fits
6718/spec-6718-56398-0211.fits
6718/spec-6718-56398-0212.fits
6718/spec-6718-56398-0213.fits
6718/spec-6718-56398-0214.fits
6718/spec-6718-56398-0215.fits
6718/spec-6718-56398-0216.fits
6718/spec-6718-56398-0217.fits
6718/spec-6718-56398-0218.fits
6718/spec-6718-56398-0219.fits
6718/spec-6718-56398-0220.fits
6718/spec-6718-56398-0221.fits
6718/spec-6718-56398-0222.fits
6718/spec-6718-56398-0223.fits
6718/spec-6718-56398-0224.fits
6718/spec-6718-56398-0225.fits
6718/spec-6718-56398-0226.fits
6718/spec-6718-56398-0227.fits
6718/spec-6718-56398-0228.fits
6718/spec-6718-56398-0229.fits
6718/spec-6718-56398-0230.fits
6718/spec-6718-56398-0231.fits
6718/spec-6718-56398-0232.fits
6718/spec-6718-56398-0233.fits
6718/spec-6718-56398-0234.fits
6718/spec-6718-56398-0235.fits
6718/spec-6718-56398-0236.fits
6718/spec-6718-56398-0237.fits
6718/spec-6718-56398-0238.fits
6718/spec-6718-56398-0239.fits
6718/spec-6718-56398-0240.fits
6718/spec-6718-56398-0241.fits
6718/spec-6718-56398-0242.fits
6718/spec-6718-56398-0243.fits
6718/spec-6718-56398-0244.fits
6718/spec-6718-56398-0245.fits
6718/spec-6718-56398-0246.fits
6718/spec-6718-56398-0247.fits
6718/spec-6718-56398-0248.fits
6718/spec-6718-56398-0249.fits
6718/spec-6718-56398-0250.fits
6718/spec-6718-56398-0251.fits
6718/spec-6718-56398-0252.fits
6718/spec-6718-56398-0253.fits
6718/spec-6718-56398-0254.fits
6718/spec-6718-56398-0255.fits
6718/spec-6718-56398-0256.fits
6718/spec-6718-56398-0257.fits
6718/spec-6718-56398-0258.fits
6718/spec-6718-56398-0259.fits
6718/spec-6718-56398-0260.fits
6718/spec-6718-56398-0261.fits
6718/spec-6718-56398-0262.fits
6718/spec-6718-56398-0263.fits
6718/spec-6718-56398-0264.fits
6718/spec-6718-56398-0265.fits
6718/spec-6718-56398-0266.fits
6718/spec-6718-56398-0267.fits
6718/spec-6718-56398-0268.fits
6718/spec-6718-56398-0269.fits
6718/spec-6718-56398-0270.fits
6718/spec-6718-56398-0271.fits
6718/spec-6718-56398-0272.fits
6718/spec-6718-56398-0273.fits
6718/spec-6718-56398-0274.fits
6718/spec-6718-56398-0275.fits
6718/spec-6718-56398-0276.fits
6718/spec-6718-56398-0277.fits
6718/spec-6718-56398-0278.fits
6718/spec-6718-56398-0279.fits
6718/spec-6718-56398-0280.fits
6718/spec-6718-56398-0281.fits
6718/spec-6718-56398-0282.fits
6718/spec-6718-56398-0283.fits
6718/spec-6718-56398-0284.fits
6718/spec-6718-56398-0285.fits
6718/spec-6718-56398-0286.fits
6718/spec-6718-56398-0287.fits
6718/spec-6718-56398-0288.fits
6718/spec-6718-56398-0289.fits
6718/spec-6718-56398-0290.fits
6718/spec-6718-56398-0291.fits
6718/spec-6718-56398-0292.fits
6718/spec-6718-56398-0293.fits
6718/spec-6718-56398-0294.fits
6718/spec-6718-56398-0295.fits
6718/spec-6718-56398-0296.fits
6718/spec-6718-56398-0297.fits
6718/spec-6718-56398-0298.fits
6718/spec-6718-56398-0299.fits
6718/spec-6718-56398-0300.fits
6718/spec-6718-56398-0301.fits
6718/spec-6718-56398-0302.fits
6718/spec-6718-56398-0303.fits
6718/spec-6718-56398-0304.fits
6718/spec-6718-56398-0305.fits
6718/spec-6718-56398-0306.fits
6718/spec-6718-56398-0307.fits
6718/spec-6718-56398-0308.fits
6718/spec-6718-56398-0309.fits
6718/spec-6718-56398-0310.fits
6718/spec-6718-56398-0311.fits
6718/spec-6718-56398-0312.fits
6718/spec-6718-56398-0313.fits
6718/spec-6718-56398-0314.fits
6718/spec-6718-56398-0315.fits
6718/spec-6718-56398-0316.fits
6718/spec-6718-56398-0317.fits
6718/spec-6718-56398-0318.fits
6718/spec-6718-56398-0319.fits
6718/spec-6718-56398-0320.fits
6718/spec-6718-56398-0321.fits
6718/spec-6718-56398-0322.fits
6718/spec-6718-56398-0323.fits
6718/spec-6718-56398-0324.fits
6718/spec-6718-56398-0325.fits
6718/spec-6718-56398-0326.fits
6718/spec-6718-56398-0327.fits
6718/spec-6718-56398-0328.fits
6718/spec-6718-56398-0329.fits
6718/spec-6718-56398-0330.fits
6718/spec-6718-56398-0331.fits
6718/spec-6718-56398-0332.fits
6718/spec-6718-56398-0333.fits
6718/spec-6718-56398-0334.fits
6718/spec-6718-56398-0335.fits
6718/spec-6718-56398-0336.fits
6718/spec-6718-56398-0337.fits
6718/spec-6718-56398-0338.fits
6718/spec-6718-56398-0339.fits
6718/spec-6718-56398-0340.fits
6718/spec-6718-56398-0341.fits
6718/spec-6718-56398-0342.fits
6718/spec-6718-56398-0343.fits
6718/spec-6718-56398-0344.fits
6718/spec-6718-56398-0345.fits
6718/spec-6718-56398-0346.fits
6718/spec-6718-56398-0347.fits
6718/spec-6718-56398-0348.fits
6718/spec-6718-56398-0349.fits
6718/spec-6718-56398-0350.fits
6718/spec-6718-56398-0351.fits
6718/spec-6718-56398-0352.fits
6718/spec-6718-56398-0353.fits
6718/spec-6718-56398-0354.fits
6718/spec-6718-56398-0355.fits
6718/spec-6718-56398-0356.fits
6718/spec-6718-56398-0357.fits
6718/spec-6718-56398-0358.fits
6718/spec-6718-56398-0359.fits
6718/spec-6718-56398-0360.fits
6718/spec-6718-56398-0361.fits
6718/spec-6718-56398-0362.fits
6718/spec-6718-56398-0363.fits
6718/spec-6718-56398-0364.fits
6718/spec-6718-56398-0365.fits
6718/spec-6718-56398-0366.fits
6718/spec-6718-56398-0367.fits
6718/spec-6718-56398-0368.fits
6718/spec-6718-56398-0369.fits
6718/spec-6718-56398-0370.fits
6718/spec-6718-56398-0371.fits
6718/spec-6718-56398-0372.fits
6718/spec-6718-56398-0373.fits
6718/spec-6718-56398-0374.fits
6718/spec-6718-56398-0375.fits
6718/spec-6718-56398-0376.fits
6718/spec-6718-56398-0377.fits
6718/spec-6718-56398-0378.fits
6718/spec-6718-56398-0379.fits
6718/spec-6718-56398-0380.fits
6718/spec-6718-56398-0381.fits
6718/spec-6718-56398-0382.fits
6718/spec-6718-56398-0383.fits
6718/spec-6718-56398-0384.fits
6718/spec-6718-56398-0385.fits
6718/spec-6718-56398-0386.fits
6718/spec-6718-56398-0387.fits
6718/spec-6718-56398-0388.fits
6718/spec-6718-56398-0389.fits
6718/spec-6718-56398-0390.fits
6718/spec-6718-56398-0391.fits
6718/spec-6718-56398-0392.fits
6718/spec-6718-56398-0393.fits
6718/spec-6718-56398-0394.fits
6718/spec-6718-56398-0395.fits
6718/spec-6718-56398-0396.fits
6718/spec-6718-56398-0397.fits
6718/spec-6718-56398-0398.fits
6718/spec-6718-56398-0399.fits
6718/spec-6718-56398-0400.fits
6718/spec-6718-56398-0401.fits
6718/spec-6718-56398-0402.fits
6718/spec-6718-56398-0403.fits
6718/spec-6718-56398-0404.fits
6718/spec-6718-56398-0405.fits
6718/spec-6718-56398-0406.fits
6718/spec-6718-56398-0407.fits
6718/spec-6718-56398-0408.fits
6718/spec-6718-56398-0409.fits
6718/spec-6718-56398-0410.fits
6718/spec-6718-56398-0411.fits
6718/spec-6718-56398-0412.fits
6718/spec-6718-56398-0413.fits
6718/spec-6718-56398-0414.fits
6718/spec-6718-56398-0415.fits
6718/spec-6718-56398-0416.fits
6718/spec-6718-56398-0417.fits
6718/spec-6718-56398-0418.fits
6718/spec-6718-56398-0419.fits
6718/spec-6718-56398-0420.fits
6718/spec-6718-56398-0421.fits
6718/spec-6718-56398-0422.fits
6718/spec-6718-56398-0423.fits
6718/spec-6718-56398-0424.fits
6718/spec-6718-56398-0425.fits
6718/spec-6718-56398-0426.fits
6718/spec-6718-56398-0427.fits
6718/spec-6718-56398-0428.fits
6718/spec-6718-56398-0429.fits
6718/spec-6718-56398-0430.fits
6718/spec-6718-56398-0431.fits
6718/spec-6718-56398-0432.fits
6718/spec-6718-56398-0433.fits
6718/spec-6718-56398-0434.fits
6718/spec-6718-56398-0435.fits
6718/spec-6718-56398-0436.fits
6718/spec-6718-56398-0437.fits
6718/spec-6718-56398-0438.fits
6718/spec-6718-56398-0439.fits
6718/spec-6718-56398-0440.fits
6718/spec-6718-56398-0441.fits
6718/spec-6718-56398-0442.fits
6718/spec-6718-56398-0443.fits
6718/spec-6718-56398-0444.fits
6718/spec-6718-56398-0445.fits
6718/spec-6718-56398-0446.fits
6718/spec-6718-56398-0447.fits
6718/spec-6718-56398-0448.fits
6718/spec-6718-56398-0449.fits
6718/spec-6718-56398-0450.fits
6718/spec-6718-56398-0451.fits
6718/spec-6718-56398-0452.fits
6718/spec-6718-56398-0453.fits
6718/spec-6718-56398-0454.fits
6718/spec-6718-56398-0455.fits
6718/spec-6718-56398-0456.fits
6718/spec-6718-56398-0457.fits
6718/spec-6718-56398-0458.fits
6718/spec-6718-56398-0459.fits
6718/spec-6718-56398-0460.fits
6718/spec-6718-56398-0461.fits
6718/spec-6718-56398-0462.fits
6718/spec-6718-56398-0463.fits
6718/spec-6718-56398-0464.fits
6718/spec-6718-56398-0465.fits
6718/spec-6718-56398-0466.fits
6718/spec-6718-56398-0467.fits
6718/spec-6718-56398-0468.fits
6718/spec-6718-56398-0469.fits
6718/spec-6718-56398-0470.fits
6718/spec-6718-56398-0471.fits
6718/spec-6718-56398-0472.fits
6718/spec-6718-56398-0473.fits
6718/spec-6718-56398-0474.fits
6718/spec-6718-56398-0475.fits
6718/spec-6718-56398-0476.fits
6718/spec-6718-56398-0477.fits
6718/spec-6718-56398-0478.fits
6718/spec-6718-56398-0479.fits
6718/spec-6718-56398-0480.fits
6718/spec-6718-56398-0481.fits
6718/spec-6718-56398-0482.fits
6718/spec-6718-56398-0483.fits
6718/spec-6718-56398-0484.fits
6718/spec-6718-56398-0485.fits
6718/spec-6718-56398-0486.fits
6718/spec-6718-56398-0487.fits
6718/spec-6718-56398-0488.fits
6718/spec-6718-56398-0489.fits
6718/spec-6718-56398-0490.fits
6718/spec-6718-56398-0491.fits
6718/spec-6718-56398-0492.fits
6718/spec-6718-56398-0493.fits
6718/spec-6718-56398-0494.fits
6718/spec-6718-56398-0495.fits
6718/spec-6718-56398-0496.fits
6718/spec-6718-56398-0497.fits
6718/spec-6718-56398-0498.fits
6718/spec-6718-56398-0499.fits
6718/spec-6718-56398-0500.fits
6718/spec-6718-56398-0501.fits
6718/spec-6718-56398-0502.fits
6718/spec-6718-56398-0503.fits
6718/spec-6718-56398-0504.fits
6718/spec-6718-56398-0505.fits
6718/spec-6718-56398-0506.fits
6718/spec-6718-56398-0507.fits
6718/spec-6718-56398-0508.fits
6718/spec-6718-56398-0509.fits
6718/spec-6718-56398-0510.fits
6718/spec-6718-56398-0511.fits
6718/spec-6718-56398-0512.fits
6718/spec-6718-56398-0513.fits
6718/spec-6718-56398-0514.fits
6718/spec-6718-56398-0515.fits
6718/spec-6718-56398-0516.fits
6718/spec-6718-56398-0517.fits
6718/spec-6718-56398-0518.fits
6718/spec-6718-56398-0519.fits
6718/spec-6718-56398-0520.fits
6718/spec-6718-56398-0521.fits
6718/spec-6718-56398-0522.fits
6718/spec-6718-56398-0523.fits
6718/spec-6718-56398-0524.fits
6718/spec-6718-56398-0525.fits
6718/spec-6718-56398-0526.fits
6718/spec-6718-56398-0527.fits
6718/spec-6718-56398-0528.fits
6718/spec-6718-56398-0529.fits
6718/spec-6718-56398-0530.fits
6718/spec-6718-56398-0531.fits
6718/spec-6718-56398-0532.fits
6718/spec-6718-56398-0533.fits
6718/spec-6718-56398-0534.fits
6718/spec-6718-56398-0535.fits
6718/spec-6718-56398-0536.fits
6718/spec-6718-56398-0537.fits
6718/spec-6718-56398-0538.fits
6718/spec-6718-56398-0539.fits
6718/spec-6718-56398-0540.fits
6718/spec-6718-56398-0541.fits
6718/spec-6718-56398-0542.fits
6718/spec-6718-56398-0543.fits
6718/spec-6718-56398-0544.fits
6718/spec-6718-56398-0545.fits
6718/spec-6718-56398-0546.fits
6718/spec-6718-56398-0547.fits
6718/spec-6718-56398-0548.fits
6718/spec-6718-56398-0549.fits
6718/spec-6718-56398-0550.fits
6718/spec-6718-56398-0551.fits
6718/spec-6718-56398-0552.fits
6718/spec-6718-56398-0553.fits
6718/spec-6718-56398-0554.fits
6718/spec-6718-56398-0555.fits
6718/spec-6718-56398-0556.fits
6718/spec-6718-56398-0557.fits
6718/spec-6718-56398-0558.fits
6718/spec-6718-56398-0559.fits
6718/spec-6718-56398-0560.fits
6718/spec-6718-56398-0561.fits
6718/spec-6718-56398-0562.fits
6718/spec-6718-56398-0563.fits
6718/spec-6718-56398-0564.fits
6718/spec-6718-56398-0565.fits
6718/spec-6718-56398-0566.fits
6718/spec-6718-56398-0567.fits
6718/spec-6718-56398-0568.fits
6718/spec-6718-56398-0569.fits
6718/spec-6718-56398-0570.fits
6718/spec-6718-56398-0571.fits
6718/spec-6718-56398-0572.fits
6718/spec-6718-56398-0573.fits
6718/spec-6718-56398-0574.fits
6718/spec-6718-56398-0575.fits
6718/spec-6718-56398-0576.fits
6718/spec-6718-56398-0577.fits
6718/spec-6718-56398-0578.fits
6718/spec-6718-56398-0579.fits
6718/spec-6718-56398-0580.fits
6718/spec-6718-56398-0581.fits
6718/spec-6718-56398-0582.fits
6718/spec-6718-56398-0583.fits
6718/spec-6718-56398-0584.fits
6718/spec-6718-56398-0585.fits
6718/spec-6718-56398-0586.fits
6718/spec-6718-56398-0587.fits
6718/spec-6718-56398-0588.fits
6718/spec-6718-56398-0589.fits
6718/spec-6718-56398-0590.fits
6718/spec-6718-56398-0591.fits
6718/spec-6718-56398-0592.fits
6718/spec-6718-56398-0593.fits
6718/spec-6718-56398-0594.fits
6718/spec-6718-56398-0595.fits
6718/spec-6718-56398-0596.fits
6718/spec-6718-56398-0597.fits
6718/spec-6718-56398-0598.fits
6718/spec-6718-56398-0599.fits
6718/spec-6718-56398-0600.fits
6718/spec-6718-56398-0601.fits
6718/spec-6718-56398-0602.fits
6718/spec-6718-56398-0603.fits
6718/spec-6718-56398-0604.fits
6718/spec-6718-56398-0605.fits
6718/spec-6718-56398-0606.fits
6718/spec-6718-56398-0607.fits
6718/spec-6718-56398-0608.fits
6718/spec-6718-56398-0609.fits
6718/spec-6718-56398-0610.fits
6718/spec-6718-56398-0611.fits
6718/spec-6718-56398-0612.fits
6718/spec-6718-56398-0613.fits
6718/spec-6718-56398-0614.fits
6718/spec-6718-56398-0615.fits
6718/spec-6718-56398-0616.fits
6718/spec-6718-56398-0617.fits
6718/spec-6718-56398-0618.fits
6718/spec-6718-56398-0619.fits
6718/spec-6718-56398-0620.fits
6718/spec-6718-56398-0621.fits
6718/spec-6718-56398-0622.fits
6718/spec-6718-56398-0623.fits
6718/spec-6718-56398-0624.fits
6718/spec-6718-56398-0625.fits
6718/spec-6718-56398-0626.fits
6718/spec-6718-56398-0627.fits
6718/spec-6718-56398-0628.fits
6718/spec-6718-56398-0629.fits
6718/spec-6718-56398-0630.fits
6718/spec-6718-56398-0631.fits
6718/spec-6718-56398-0632.fits
6718/spec-6718-56398-0633.fits
6718/spec-6718-56398-0634.fits
6718/spec-6718-56398-0635.fits
6718/spec-6718-56398-0636.fits
6718/spec-6718-56398-0637.fits
6718/spec-6718-56398-0638.fits
6718/spec-6718-56398-0639.fits
6718/spec-6718-56398-0640.fits
6718/spec-6718-56398-0641.fits
6718/spec-6718-56398-0642.fits
6718/spec-6718-56398-0643.fits
6718/spec-6718-56398-0644.fits
6718/spec-6718-56398-0645.fits
6718/spec-6718-56398-0646.fits
6718/spec-6718-56398-0647.fits
6718/spec-6718-56398-0648.fits
6718/spec-6718-56398-0649.fits
6718/spec-6718-56398-0650.fits
6718/spec-6718-56398-0651.fits
6718/spec-6718-56398-0652.fits
6718/spec-6718-56398-0653.fits
6718/spec-6718-56398-0654.fits
6718/spec-6718-56398-0655.fits
6718/spec-6718-56398-0656.fits
6718/spec-6718-56398-0657.fits
6718/spec-6718-56398-0658.fits
6718/spec-6718-56398-0659.fits
6718/spec-6718-56398-0660.fits
6718/spec-6718-56398-0661.fits
6718/spec-6718-56398-0662.fits
6718/spec-6718-56398-0663.fits
6718/spec-6718-56398-0664.fits
6718/spec-6718-56398-0665.fits
6718/spec-6718-56398-0666.fits
6718/spec-6718-56398-0667.fits
6718/spec-6718-56398-0668.fits
6718/spec-6718-56398-0669.fits
6718/spec-6718-56398-0670.fits
6718/spec-6718-56398-0671.fits
6718/spec-6718-56398-0672.fits
6718/spec-6718-56398-0673.fits
6718/spec-6718-56398-0674.fits
6718/spec-6718-56398-0675.fits
6718/spec-6718-56398-0676.fits
6718/spec-6718-56398-0677.fits
6718/spec-6718-56398-0678.fits
6718/spec-6718-56398-0679.fits
6718/spec-6718-56398-0680.fits
6718/spec-6718-56398-0681.fits
6718/spec-6718-56398-0682.fits
6718/spec-6718-56398-0683.fits
6718/spec-6718-56398-0684.fits
6718/spec-6718-56398-0685.fits
6718/spec-6718-56398-0686.fits
6718/spec-6718-56398-0687.fits
6718/spec-6718-56398-0688.fits
6718/spec-6718-56398-0689.fits
6718/spec-6718-56398-0690.fits
6718/spec-6718-56398-0691.fits
6718/spec-6718-56398-0692.fits
6718/spec-6718-56398-0693.fits
6718/spec-6718-56398-0694.fits
6718/spec-6718-56398-0695.fits
6718/spec-6718-56398-0696.fits
6718/spec-6718-56398-0697.fits
6718/spec-6718-56398-0698.fits
6718/spec-6718-56398-0699.fits
6718/spec-6718-56398-0700.fits
6718/spec-6718-56398-0701.fits
6718/spec-6718-56398-0702.fits
6718/spec-6718-56398-0703.fits
6718/spec-6718-56398-0704.fits
6718/spec-6718-56398-0705.fits
6718/spec-6718-56398-0706.fits
6718/spec-6718-56398-0707.fits
6718/spec-6718-56398-0708.fits
6718/spec-6718-56398-0709.fits
6718/spec-6718-56398-0710.fits
6718/spec-6718-56398-0711.fits
6718/spec-6718-56398-0712.fits
6718/spec-6718-56398-0713.fits
6718/spec-6718-56398-0714.fits
6718/spec-6718-56398-0715.fits
6718/spec-6718-56398-0716.fits
6718/spec-6718-56398-0717.fits
6718/spec-6718-56398-0718.fits
6718/spec-6718-56398-0719.fits
6718/spec-6718-56398-0720.fits
6718/spec-6718-56398-0721.fits
6718/spec-6718-56398-0722.fits
6718/spec-6718-56398-0723.fits
6718/spec-6718-56398-0724.fits
6718/spec-6718-56398-0725.fits
6718/spec-6718-56398-0726.fits
6718/spec-6718-56398-0727.fits
6718/spec-6718-56398-0728.fits
6718/spec-6718-56398-0729.fits
6718/spec-6718-56398-0730.fits
6718/spec-6718-56398-0731.fits
6718/spec-6718-56398-0732.fits
6718/spec-6718-56398-0733.fits
6718/spec-6718-56398-0734.fits
6718/spec-6718-56398-0735.fits
6718/spec-6718-56398-0736.fits
6718/spec-6718-56398-0737.fits
6718/spec-6718-56398-0738.fits
6718/spec-6718-56398-0739.fits
6718/spec-6718-56398-0740.fits
6718/spec-6718-56398-0741.fits
6718/spec-6718-56398-0742.fits
6718/spec-6718-56398-0743.fits
6718/spec-6718-56398-0744.fits
6718/spec-6718-56398-0745.fits
6718/spec-6718-56398-0746.fits
6718/spec-6718-56398-0747.fits
6718/spec-6718-56398-0748.fits
6718/spec-6718-56398-0749.fits
6718/spec-6718-56398-0750.fits
6718/spec-6718-56398-0751.fits
6718/spec-6718-56398-0752.fits
6718/spec-6718-56398-0753.fits
6718/spec-6718-56398-0754.fits
6718/spec-6718-56398-0755.fits
6718/spec-6718-56398-0756.fits
6718/spec-6718-56398-0757.fits
6718/spec-6718-56398-0758.fits
6718/spec-6718-56398-0759.fits
6718/spec-6718-56398-0760.fits
6718/spec-6718-56398-0761.fits
6718/spec-6718-56398-0762.fits
6718/spec-6718-56398-0763.fits
6718/spec-6718-56398-0764.fits
6718/spec-6718-56398-0765.fits
6718/spec-6718-56398-0766.fits
6718/spec-6718-56398-0767.fits
6718/spec-6718-56398-0768.fits
6718/spec-6718-56398-0769.fits
6718/spec-6718-56398-0770.fits
6718/spec-6718-56398-0771.fits
6718/spec-6718-56398-0772.fits
6718/spec-6718-56398-0773.fits
6718/spec-6718-56398-0774.fits
6718/spec-6718-56398-0775.fits
6718/spec-6718-56398-0776.fits
6718/spec-6718-56398-0777.fits
6718/spec-6718-56398-0778.fits
6718/spec-6718-56398-0779.fits
6718/spec-6718-56398-0780.fits
6718/spec-6718-56398-0781.fits
6718/spec-6718-56398-0782.fits
6718/spec-6718-56398-0783.fits
6718/spec-6718-56398-0784.fits
6718/spec-6718-56398-0785.fits
6718/spec-6718-56398-0786.fits
6718/spec-6718-56398-0787.fits
6718/spec-6718-56398-0788.fits
6718/spec-6718-56398-0789.fits
6718/spec-6718-56398-0790.fits
6718/spec-6718-56398-0791.fits
6718/spec-6718-56398-0792.fits
6718/spec-6718-56398-0793.fits
6718/spec-6718-56398-0794.fits
6718/spec-6718-56398-0795.fits
6718/spec-6718-56398-0796.fits
6718/spec-6718-56398-0797.fits
6718/spec-6718-56398-0798.fits
6718/spec-6718-56398-0799.fits
6718/spec-6718-56398-0800.fits
6718/spec-6718-56398-0801.fits
6718/spec-6718-56398-0802.fits
6718/spec-6718-56398-0803.fits
6718/spec-6718-56398-0804.fits
6718/spec-6718-56398-0805.fits
6718/spec-6718-56398-0806.fits
6718/spec-6718-56398-0807.fits
6718/spec-6718-56398-0808.fits
6718/spec-6718-56398-0809.fits
6718/spec-6718-56398-0810.fits
6718/spec-6718-56398-0811.fits
6718/spec-6718-56398-0812.fits
6718/spec-6718-56398-0813.fits
6718/spec-6718-56398-0814.fits
6718/spec-6718-56398-0815.fits
6718/spec-6718-56398-0816.fits
6718/spec-6718-56398-0817.fits
6718/spec-6718-56398-0818.fits
6718/spec-6718-56398-0819.fits
6718/spec-6718-56398-0820.fits
6718/spec-6718-56398-0821.fits
6718/spec-6718-56398-0822.fits
6718/spec-6718-56398-0823.fits
6718/spec-6718-56398-0824.fits
6718/spec-6718-56398-0825.fits
6718/spec-6718-56398-0826.fits
6718/spec-6718-56398-0827.fits
6718/spec-6718-56398-0828.fits
6718/spec-6718-56398-0829.fits
6718/spec-6718-56398-0830.fits
6718/spec-6718-56398-0831.fits
6718/spec-6718-56398-0832.fits
6718/spec-6718-56398-0833.fits
6718/spec-6718-56398-0834.fits
6718/spec-6718-56398-0835.fits
6718/spec-6718-56398-0836.fits
6718/spec-6718-56398-0837.fits
6718/spec-6718-56398-0838.fits
6718/spec-6718-56398-0839.fits
6718/spec-6718-56398-0840.fits
6718/spec-6718-56398-0841.fits
6718/spec-6718-56398-0842.fits
6718/spec-6718-56398-0843.fits
6718/spec-6718-56398-0844.fits
6718/spec-6718-56398-0845.fits
6718/spec-6718-56398-0846.fits
6718/spec-6718-56398-0847.fits
6718/spec-6718-56398-0848.fits
6718/spec-6718-56398-0849.fits
6718/spec-6718-56398-0850.fits
6718/spec-6718-56398-0851.fits
6718/spec-6718-56398-0852.fits
6718/spec-6718-56398-0853.fits
6718/spec-6718-56398-0854.fits
6718/spec-6718-56398-0855.fits
6718/spec-6718-56398-0856.fits
6718/spec-6718-56398-0857.fits
6718/spec-6718-56398-0858.fits
6718/spec-6718-56398-0859.fits
6718/spec-6718-56398-0860.fits
6718/spec-6718-56398-0861.fits
6718/spec-6718-56398-0862.fits
6718/spec-6718-56398-0863.fits
6718/spec-6718-56398-0864.fits
6718/spec-6718-56398-0865.fits
6718/spec-6718-56398-0866.fits
6718/spec-6718-56398-0867.fits
6718/spec-6718-56398-0868.fits
6718/spec-6718-56398-0869.fits
6718/spec-6718-56398-0870.fits
6718/spec-6718-56398-0871.fits
6718/spec-6718-56398-0872.fits
6718/spec-6718-56398-0873.fits
6718/spec-6718-56398-0874.fits
6718/spec-6718-56398-0875.fits
6718/spec-6718-56398-0876.fits
6718/spec-6718-56398-0877.fits
6718/spec-6718-56398-0878.fits
6718/spec-6718-56398-0879.fits
6718/spec-6718-56398-0880.fits
6718/spec-6718-56398-0881.fits
6718/spec-6718-56398-0882.fits
6718/spec-6718-56398-0883.fits
6718/spec-6718-56398-0884.fits
6718/spec-6718-56398-0885.fits
6718/spec-6718-56398-0886.fits
6718/spec-6718-56398-0887.fits
6718/spec-6718-56398-0888.fits
6718/spec-6718-56398-0889.fits
6718/spec-6718-56398-0890.fits
6718/spec-6718-56398-0891.fits
6718/spec-6718-56398-0892.fits
6718/spec-6718-56398-0893.fits
6718/spec-6718-56398-0894.fits
6718/spec-6718-56398-0895.fits
6718/spec-6718-56398-0896.fits
6718/spec-6718-56398-0897.fits
6718/spec-6718-56398-0898.fits
6718/spec-6718-56398-0899.fits
6718/spec-6718-56398-0900.fits
6718/spec-6718-56398-0901.fits
6718/spec-6718-56398-0902.fits
6718/spec-6718-56398-0903.fits
6718/spec-6718-56398-0904.fits
6718/spec-6718-56398-0905.fits
6718/spec-6718-56398-0906.fits
6718/spec-6718-56398-0907.fits
6718/spec-6718-56398-0908.fits
6718/spec-6718-56398-0909.fits
6718/spec-6718-56398-0910.fits
6718/spec-6718-56398-0911.fits
6718/spec-6718-56398-0912.fits
6718/spec-6718-56398-0913.fits
6718/spec-6718-56398-0914.fits
6718/spec-6718-56398-0915.fits
6718/spec-6718-56398-0916.fits
6718/spec-6718-56398-0917.fits
6718/spec-6718-56398-0918.fits
6718/spec-6718-56398-0919.fits
6718/spec-6718-56398-0920.fits
6718/spec-6718-56398-0921.fits
6718/spec-6718-56398-0922.fits
6718/spec-6718-56398-0923.fits
6718/spec-6718-56398-0924.fits
6718/spec-6718-56398-0925.fits
6718/spec-6718-56398-0926.fits
6718/spec-6718-56398-0927.fits
6718/spec-6718-56398-0928.fits
6718/spec-6718-56398-0929.fits
6718/spec-6718-56398-0930.fits
6718/spec-6718-56398-0931.fits
6718/spec-6718-56398-0932.fits
6718/spec-6718-56398-0933.fits
6718/spec-6718-56398-0934.fits
6718/spec-6718-56398-0935.fits
6718/spec-6718-56398-0936.fits
6718/spec-6718-56398-0937.fits
6718/spec-6718-56398-0938.fits
6718/spec-6718-56398-0939.fits
6718/spec-6718-56398-0940.fits
6718/spec-6718-56398-0941.fits
6718/spec-6718-56398-0942.fits
6718/spec-6718-56398-0943.fits
6718/spec-6718-56398-0944.fits
6718/spec-6718-56398-0945.fits
6718/spec-6718-56398-0946.fits
6718/spec-6718-56398-0947.fits
6718/spec-6718-56398-0948.fits
6718/spec-6718-56398-0949.fits
6718/spec-6718-56398-0950.fits
6718/spec-6718-56398-0951.fits
6718/spec-6718-56398-0952.fits
6718/spec-6718-56398-0953.fits
6718/spec-6718-56398-0954.fits
6718/spec-6718-56398-0955.fits
6718/spec-6718-56398-0956.fits
6718/spec-6718-56398-0957.fits
6718/spec-6718-56398-0958.fits
6718/spec-6718-56398-0959.fits
6718/spec-6718-56398-0960.fits
6718/spec-6718-56398-0961.fits
6718/spec-6718-56398-0962.fits
6718/spec-6718-56398-0963.fits
6718/spec-6718-56398-0964.fits
6718/spec-6718-56398-0965.fits
6718/spec-6718-56398-0966.fits
6718/spec-6718-56398-0967.fits
6718/spec-6718-56398-0968.fits
6718/spec-6718-56398-0969.fits
6718/spec-6718-56398-0970.fits
6718/spec-6718-56398-0971.fits
6718/spec-6718-56398-0972.fits
6718/spec-6718-56398-0973.fits
6718/spec-6718-56398-0974.fits
6718/spec-6718-56398-0975.fits
6718/spec-6718-56398-0976.fits
6718/spec-6718-56398-0977.fits
6718/spec-6718-56398-0978.fits
6718/spec-6718-56398-0979.fits
6718/spec-6718-56398-0980.fits
6718/spec-6718-56398-0981.fits
6718/spec-6718-56398-0982.fits
6718/spec-6718-56398-0983.fits
6718/spec-6718-56398-0984.fits
6718/spec-6718-56398-0985.fits
6718/spec-6718-56398-0986.fits
6718/spec-6718-56398-0987.fits
6718/spec-6718-56398-0988.fits
6718/spec-6718-56398-0989.fits
6718/spec-6718-56398-0990.fits
6718/spec-6718-56398-0991.fits
6718/spec-6718-56398-0992.fits
6718/spec-6718-56398-0993.fits
6718/spec-6718-56398-0994.fits
6718/spec-6718-56398-0995.fits
6718/spec-6718-56398-0996.fits
6718/spec-6718-56398-0997.fits
6718/spec-6718-56398-0998.fits
6718/spec-6718-56398-0999.fits
6718/spec-6718-56398-1000.fits
/var/lib/condor/execute/slot1/dir_5064
6718 6718.tgz R R361.tar.gz _condor_stderr _condor_stdout cB58_Lyman_break.fit condor_exec.exe hw4.R packages packages.tar.gz tmp var
[1] "Loaded package astro."
[1] 1000
6718 6718.csv 6718.tgz R R361.tar.gz _condor_stderr _condor_stdout cB58_Lyman_break.fit condor_exec.exe hw4.R packages packages.tar.gz tmp var
