6724
6724/
6724/spec-6724-56416-0001.fits
6724/spec-6724-56416-0002.fits
6724/spec-6724-56416-0003.fits
6724/spec-6724-56416-0004.fits
6724/spec-6724-56416-0005.fits
6724/spec-6724-56416-0006.fits
6724/spec-6724-56416-0007.fits
6724/spec-6724-56416-0008.fits
6724/spec-6724-56416-0009.fits
6724/spec-6724-56416-0010.fits
6724/spec-6724-56416-0011.fits
6724/spec-6724-56416-0012.fits
6724/spec-6724-56416-0013.fits
6724/spec-6724-56416-0014.fits
6724/spec-6724-56416-0015.fits
6724/spec-6724-56416-0016.fits
6724/spec-6724-56416-0017.fits
6724/spec-6724-56416-0018.fits
6724/spec-6724-56416-0019.fits
6724/spec-6724-56416-0020.fits
6724/spec-6724-56416-0021.fits
6724/spec-6724-56416-0022.fits
6724/spec-6724-56416-0023.fits
6724/spec-6724-56416-0024.fits
6724/spec-6724-56416-0025.fits
6724/spec-6724-56416-0026.fits
6724/spec-6724-56416-0027.fits
6724/spec-6724-56416-0028.fits
6724/spec-6724-56416-0029.fits
6724/spec-6724-56416-0030.fits
6724/spec-6724-56416-0031.fits
6724/spec-6724-56416-0032.fits
6724/spec-6724-56416-0033.fits
6724/spec-6724-56416-0034.fits
6724/spec-6724-56416-0035.fits
6724/spec-6724-56416-0036.fits
6724/spec-6724-56416-0037.fits
6724/spec-6724-56416-0038.fits
6724/spec-6724-56416-0039.fits
6724/spec-6724-56416-0040.fits
6724/spec-6724-56416-0041.fits
6724/spec-6724-56416-0042.fits
6724/spec-6724-56416-0043.fits
6724/spec-6724-56416-0044.fits
6724/spec-6724-56416-0045.fits
6724/spec-6724-56416-0046.fits
6724/spec-6724-56416-0047.fits
6724/spec-6724-56416-0048.fits
6724/spec-6724-56416-0049.fits
6724/spec-6724-56416-0050.fits
6724/spec-6724-56416-0051.fits
6724/spec-6724-56416-0052.fits
6724/spec-6724-56416-0053.fits
6724/spec-6724-56416-0054.fits
6724/spec-6724-56416-0055.fits
6724/spec-6724-56416-0056.fits
6724/spec-6724-56416-0057.fits
6724/spec-6724-56416-0058.fits
6724/spec-6724-56416-0059.fits
6724/spec-6724-56416-0060.fits
6724/spec-6724-56416-0061.fits
6724/spec-6724-56416-0062.fits
6724/spec-6724-56416-0063.fits
6724/spec-6724-56416-0064.fits
6724/spec-6724-56416-0065.fits
6724/spec-6724-56416-0066.fits
6724/spec-6724-56416-0067.fits
6724/spec-6724-56416-0068.fits
6724/spec-6724-56416-0069.fits
6724/spec-6724-56416-0070.fits
6724/spec-6724-56416-0071.fits
6724/spec-6724-56416-0072.fits
6724/spec-6724-56416-0073.fits
6724/spec-6724-56416-0074.fits
6724/spec-6724-56416-0075.fits
6724/spec-6724-56416-0076.fits
6724/spec-6724-56416-0077.fits
6724/spec-6724-56416-0078.fits
6724/spec-6724-56416-0079.fits
6724/spec-6724-56416-0080.fits
6724/spec-6724-56416-0081.fits
6724/spec-6724-56416-0082.fits
6724/spec-6724-56416-0083.fits
6724/spec-6724-56416-0084.fits
6724/spec-6724-56416-0085.fits
6724/spec-6724-56416-0086.fits
6724/spec-6724-56416-0087.fits
6724/spec-6724-56416-0088.fits
6724/spec-6724-56416-0089.fits
6724/spec-6724-56416-0090.fits
6724/spec-6724-56416-0091.fits
6724/spec-6724-56416-0092.fits
6724/spec-6724-56416-0093.fits
6724/spec-6724-56416-0094.fits
6724/spec-6724-56416-0095.fits
6724/spec-6724-56416-0096.fits
6724/spec-6724-56416-0097.fits
6724/spec-6724-56416-0098.fits
6724/spec-6724-56416-0099.fits
6724/spec-6724-56416-0100.fits
6724/spec-6724-56416-0101.fits
6724/spec-6724-56416-0102.fits
6724/spec-6724-56416-0103.fits
6724/spec-6724-56416-0104.fits
6724/spec-6724-56416-0105.fits
6724/spec-6724-56416-0106.fits
6724/spec-6724-56416-0107.fits
6724/spec-6724-56416-0108.fits
6724/spec-6724-56416-0109.fits
6724/spec-6724-56416-0110.fits
6724/spec-6724-56416-0111.fits
6724/spec-6724-56416-0112.fits
6724/spec-6724-56416-0113.fits
6724/spec-6724-56416-0114.fits
6724/spec-6724-56416-0115.fits
6724/spec-6724-56416-0116.fits
6724/spec-6724-56416-0117.fits
6724/spec-6724-56416-0118.fits
6724/spec-6724-56416-0119.fits
6724/spec-6724-56416-0120.fits
6724/spec-6724-56416-0121.fits
6724/spec-6724-56416-0122.fits
6724/spec-6724-56416-0123.fits
6724/spec-6724-56416-0124.fits
6724/spec-6724-56416-0125.fits
6724/spec-6724-56416-0126.fits
6724/spec-6724-56416-0127.fits
6724/spec-6724-56416-0128.fits
6724/spec-6724-56416-0129.fits
6724/spec-6724-56416-0130.fits
6724/spec-6724-56416-0131.fits
6724/spec-6724-56416-0132.fits
6724/spec-6724-56416-0133.fits
6724/spec-6724-56416-0134.fits
6724/spec-6724-56416-0135.fits
6724/spec-6724-56416-0136.fits
6724/spec-6724-56416-0137.fits
6724/spec-6724-56416-0138.fits
6724/spec-6724-56416-0139.fits
6724/spec-6724-56416-0140.fits
6724/spec-6724-56416-0141.fits
6724/spec-6724-56416-0142.fits
6724/spec-6724-56416-0143.fits
6724/spec-6724-56416-0144.fits
6724/spec-6724-56416-0145.fits
6724/spec-6724-56416-0146.fits
6724/spec-6724-56416-0147.fits
6724/spec-6724-56416-0148.fits
6724/spec-6724-56416-0149.fits
6724/spec-6724-56416-0150.fits
6724/spec-6724-56416-0151.fits
6724/spec-6724-56416-0152.fits
6724/spec-6724-56416-0153.fits
6724/spec-6724-56416-0154.fits
6724/spec-6724-56416-0155.fits
6724/spec-6724-56416-0156.fits
6724/spec-6724-56416-0157.fits
6724/spec-6724-56416-0158.fits
6724/spec-6724-56416-0159.fits
6724/spec-6724-56416-0160.fits
6724/spec-6724-56416-0161.fits
6724/spec-6724-56416-0162.fits
6724/spec-6724-56416-0163.fits
6724/spec-6724-56416-0164.fits
6724/spec-6724-56416-0165.fits
6724/spec-6724-56416-0166.fits
6724/spec-6724-56416-0167.fits
6724/spec-6724-56416-0168.fits
6724/spec-6724-56416-0169.fits
6724/spec-6724-56416-0170.fits
6724/spec-6724-56416-0171.fits
6724/spec-6724-56416-0172.fits
6724/spec-6724-56416-0173.fits
6724/spec-6724-56416-0174.fits
6724/spec-6724-56416-0175.fits
6724/spec-6724-56416-0176.fits
6724/spec-6724-56416-0177.fits
6724/spec-6724-56416-0178.fits
6724/spec-6724-56416-0179.fits
6724/spec-6724-56416-0180.fits
6724/spec-6724-56416-0181.fits
6724/spec-6724-56416-0182.fits
6724/spec-6724-56416-0183.fits
6724/spec-6724-56416-0184.fits
6724/spec-6724-56416-0185.fits
6724/spec-6724-56416-0186.fits
6724/spec-6724-56416-0187.fits
6724/spec-6724-56416-0188.fits
6724/spec-6724-56416-0189.fits
6724/spec-6724-56416-0190.fits
6724/spec-6724-56416-0191.fits
6724/spec-6724-56416-0192.fits
6724/spec-6724-56416-0193.fits
6724/spec-6724-56416-0194.fits
6724/spec-6724-56416-0195.fits
6724/spec-6724-56416-0196.fits
6724/spec-6724-56416-0197.fits
6724/spec-6724-56416-0198.fits
6724/spec-6724-56416-0199.fits
6724/spec-6724-56416-0200.fits
6724/spec-6724-56416-0201.fits
6724/spec-6724-56416-0202.fits
6724/spec-6724-56416-0203.fits
6724/spec-6724-56416-0204.fits
6724/spec-6724-56416-0205.fits
6724/spec-6724-56416-0206.fits
6724/spec-6724-56416-0207.fits
6724/spec-6724-56416-0208.fits
6724/spec-6724-56416-0209.fits
6724/spec-6724-56416-0210.fits
6724/spec-6724-56416-0211.fits
6724/spec-6724-56416-0212.fits
6724/spec-6724-56416-0213.fits
6724/spec-6724-56416-0214.fits
6724/spec-6724-56416-0215.fits
6724/spec-6724-56416-0216.fits
6724/spec-6724-56416-0217.fits
6724/spec-6724-56416-0218.fits
6724/spec-6724-56416-0219.fits
6724/spec-6724-56416-0220.fits
6724/spec-6724-56416-0221.fits
6724/spec-6724-56416-0222.fits
6724/spec-6724-56416-0223.fits
6724/spec-6724-56416-0224.fits
6724/spec-6724-56416-0225.fits
6724/spec-6724-56416-0226.fits
6724/spec-6724-56416-0227.fits
6724/spec-6724-56416-0228.fits
6724/spec-6724-56416-0229.fits
6724/spec-6724-56416-0230.fits
6724/spec-6724-56416-0231.fits
6724/spec-6724-56416-0232.fits
6724/spec-6724-56416-0233.fits
6724/spec-6724-56416-0234.fits
6724/spec-6724-56416-0235.fits
6724/spec-6724-56416-0236.fits
6724/spec-6724-56416-0237.fits
6724/spec-6724-56416-0238.fits
6724/spec-6724-56416-0239.fits
6724/spec-6724-56416-0240.fits
6724/spec-6724-56416-0241.fits
6724/spec-6724-56416-0242.fits
6724/spec-6724-56416-0243.fits
6724/spec-6724-56416-0244.fits
6724/spec-6724-56416-0245.fits
6724/spec-6724-56416-0246.fits
6724/spec-6724-56416-0247.fits
6724/spec-6724-56416-0248.fits
6724/spec-6724-56416-0249.fits
6724/spec-6724-56416-0250.fits
6724/spec-6724-56416-0251.fits
6724/spec-6724-56416-0252.fits
6724/spec-6724-56416-0253.fits
6724/spec-6724-56416-0254.fits
6724/spec-6724-56416-0255.fits
6724/spec-6724-56416-0256.fits
6724/spec-6724-56416-0257.fits
6724/spec-6724-56416-0258.fits
6724/spec-6724-56416-0259.fits
6724/spec-6724-56416-0260.fits
6724/spec-6724-56416-0261.fits
6724/spec-6724-56416-0262.fits
6724/spec-6724-56416-0263.fits
6724/spec-6724-56416-0264.fits
6724/spec-6724-56416-0265.fits
6724/spec-6724-56416-0266.fits
6724/spec-6724-56416-0267.fits
6724/spec-6724-56416-0268.fits
6724/spec-6724-56416-0269.fits
6724/spec-6724-56416-0270.fits
6724/spec-6724-56416-0271.fits
6724/spec-6724-56416-0272.fits
6724/spec-6724-56416-0273.fits
6724/spec-6724-56416-0274.fits
6724/spec-6724-56416-0275.fits
6724/spec-6724-56416-0276.fits
6724/spec-6724-56416-0277.fits
6724/spec-6724-56416-0278.fits
6724/spec-6724-56416-0279.fits
6724/spec-6724-56416-0280.fits
6724/spec-6724-56416-0281.fits
6724/spec-6724-56416-0282.fits
6724/spec-6724-56416-0283.fits
6724/spec-6724-56416-0284.fits
6724/spec-6724-56416-0285.fits
6724/spec-6724-56416-0286.fits
6724/spec-6724-56416-0287.fits
6724/spec-6724-56416-0288.fits
6724/spec-6724-56416-0289.fits
6724/spec-6724-56416-0290.fits
6724/spec-6724-56416-0291.fits
6724/spec-6724-56416-0292.fits
6724/spec-6724-56416-0293.fits
6724/spec-6724-56416-0294.fits
6724/spec-6724-56416-0295.fits
6724/spec-6724-56416-0296.fits
6724/spec-6724-56416-0297.fits
6724/spec-6724-56416-0298.fits
6724/spec-6724-56416-0299.fits
6724/spec-6724-56416-0300.fits
6724/spec-6724-56416-0301.fits
6724/spec-6724-56416-0302.fits
6724/spec-6724-56416-0303.fits
6724/spec-6724-56416-0304.fits
6724/spec-6724-56416-0305.fits
6724/spec-6724-56416-0306.fits
6724/spec-6724-56416-0307.fits
6724/spec-6724-56416-0308.fits
6724/spec-6724-56416-0309.fits
6724/spec-6724-56416-0310.fits
6724/spec-6724-56416-0311.fits
6724/spec-6724-56416-0312.fits
6724/spec-6724-56416-0313.fits
6724/spec-6724-56416-0314.fits
6724/spec-6724-56416-0315.fits
6724/spec-6724-56416-0316.fits
6724/spec-6724-56416-0317.fits
6724/spec-6724-56416-0318.fits
6724/spec-6724-56416-0319.fits
6724/spec-6724-56416-0320.fits
6724/spec-6724-56416-0321.fits
6724/spec-6724-56416-0322.fits
6724/spec-6724-56416-0323.fits
6724/spec-6724-56416-0324.fits
6724/spec-6724-56416-0325.fits
6724/spec-6724-56416-0326.fits
6724/spec-6724-56416-0327.fits
6724/spec-6724-56416-0328.fits
6724/spec-6724-56416-0329.fits
6724/spec-6724-56416-0330.fits
6724/spec-6724-56416-0331.fits
6724/spec-6724-56416-0332.fits
6724/spec-6724-56416-0333.fits
6724/spec-6724-56416-0334.fits
6724/spec-6724-56416-0335.fits
6724/spec-6724-56416-0336.fits
6724/spec-6724-56416-0337.fits
6724/spec-6724-56416-0338.fits
6724/spec-6724-56416-0339.fits
6724/spec-6724-56416-0340.fits
6724/spec-6724-56416-0341.fits
6724/spec-6724-56416-0342.fits
6724/spec-6724-56416-0343.fits
6724/spec-6724-56416-0344.fits
6724/spec-6724-56416-0345.fits
6724/spec-6724-56416-0346.fits
6724/spec-6724-56416-0347.fits
6724/spec-6724-56416-0348.fits
6724/spec-6724-56416-0349.fits
6724/spec-6724-56416-0350.fits
6724/spec-6724-56416-0351.fits
6724/spec-6724-56416-0352.fits
6724/spec-6724-56416-0353.fits
6724/spec-6724-56416-0354.fits
6724/spec-6724-56416-0355.fits
6724/spec-6724-56416-0356.fits
6724/spec-6724-56416-0357.fits
6724/spec-6724-56416-0358.fits
6724/spec-6724-56416-0359.fits
6724/spec-6724-56416-0360.fits
6724/spec-6724-56416-0361.fits
6724/spec-6724-56416-0362.fits
6724/spec-6724-56416-0363.fits
6724/spec-6724-56416-0364.fits
6724/spec-6724-56416-0365.fits
6724/spec-6724-56416-0366.fits
6724/spec-6724-56416-0367.fits
6724/spec-6724-56416-0368.fits
6724/spec-6724-56416-0369.fits
6724/spec-6724-56416-0370.fits
6724/spec-6724-56416-0371.fits
6724/spec-6724-56416-0372.fits
6724/spec-6724-56416-0373.fits
6724/spec-6724-56416-0374.fits
6724/spec-6724-56416-0375.fits
6724/spec-6724-56416-0376.fits
6724/spec-6724-56416-0377.fits
6724/spec-6724-56416-0378.fits
6724/spec-6724-56416-0379.fits
6724/spec-6724-56416-0380.fits
6724/spec-6724-56416-0381.fits
6724/spec-6724-56416-0382.fits
6724/spec-6724-56416-0383.fits
6724/spec-6724-56416-0384.fits
6724/spec-6724-56416-0385.fits
6724/spec-6724-56416-0386.fits
6724/spec-6724-56416-0387.fits
6724/spec-6724-56416-0388.fits
6724/spec-6724-56416-0389.fits
6724/spec-6724-56416-0390.fits
6724/spec-6724-56416-0391.fits
6724/spec-6724-56416-0392.fits
6724/spec-6724-56416-0393.fits
6724/spec-6724-56416-0394.fits
6724/spec-6724-56416-0395.fits
6724/spec-6724-56416-0396.fits
6724/spec-6724-56416-0397.fits
6724/spec-6724-56416-0398.fits
6724/spec-6724-56416-0399.fits
6724/spec-6724-56416-0400.fits
6724/spec-6724-56416-0401.fits
6724/spec-6724-56416-0402.fits
6724/spec-6724-56416-0403.fits
6724/spec-6724-56416-0404.fits
6724/spec-6724-56416-0405.fits
6724/spec-6724-56416-0406.fits
6724/spec-6724-56416-0407.fits
6724/spec-6724-56416-0408.fits
6724/spec-6724-56416-0409.fits
6724/spec-6724-56416-0410.fits
6724/spec-6724-56416-0411.fits
6724/spec-6724-56416-0412.fits
6724/spec-6724-56416-0413.fits
6724/spec-6724-56416-0414.fits
6724/spec-6724-56416-0415.fits
6724/spec-6724-56416-0416.fits
6724/spec-6724-56416-0417.fits
6724/spec-6724-56416-0418.fits
6724/spec-6724-56416-0419.fits
6724/spec-6724-56416-0420.fits
6724/spec-6724-56416-0421.fits
6724/spec-6724-56416-0422.fits
6724/spec-6724-56416-0423.fits
6724/spec-6724-56416-0424.fits
6724/spec-6724-56416-0425.fits
6724/spec-6724-56416-0426.fits
6724/spec-6724-56416-0427.fits
6724/spec-6724-56416-0428.fits
6724/spec-6724-56416-0429.fits
6724/spec-6724-56416-0430.fits
6724/spec-6724-56416-0431.fits
6724/spec-6724-56416-0432.fits
6724/spec-6724-56416-0433.fits
6724/spec-6724-56416-0434.fits
6724/spec-6724-56416-0435.fits
6724/spec-6724-56416-0436.fits
6724/spec-6724-56416-0437.fits
6724/spec-6724-56416-0438.fits
6724/spec-6724-56416-0439.fits
6724/spec-6724-56416-0440.fits
6724/spec-6724-56416-0441.fits
6724/spec-6724-56416-0442.fits
6724/spec-6724-56416-0443.fits
6724/spec-6724-56416-0444.fits
6724/spec-6724-56416-0445.fits
6724/spec-6724-56416-0446.fits
6724/spec-6724-56416-0447.fits
6724/spec-6724-56416-0448.fits
6724/spec-6724-56416-0449.fits
6724/spec-6724-56416-0450.fits
6724/spec-6724-56416-0451.fits
6724/spec-6724-56416-0452.fits
6724/spec-6724-56416-0453.fits
6724/spec-6724-56416-0454.fits
6724/spec-6724-56416-0455.fits
6724/spec-6724-56416-0456.fits
6724/spec-6724-56416-0457.fits
6724/spec-6724-56416-0458.fits
6724/spec-6724-56416-0459.fits
6724/spec-6724-56416-0460.fits
6724/spec-6724-56416-0461.fits
6724/spec-6724-56416-0462.fits
6724/spec-6724-56416-0463.fits
6724/spec-6724-56416-0464.fits
6724/spec-6724-56416-0465.fits
6724/spec-6724-56416-0466.fits
6724/spec-6724-56416-0467.fits
6724/spec-6724-56416-0468.fits
6724/spec-6724-56416-0469.fits
6724/spec-6724-56416-0470.fits
6724/spec-6724-56416-0471.fits
6724/spec-6724-56416-0472.fits
6724/spec-6724-56416-0473.fits
6724/spec-6724-56416-0474.fits
6724/spec-6724-56416-0475.fits
6724/spec-6724-56416-0476.fits
6724/spec-6724-56416-0477.fits
6724/spec-6724-56416-0478.fits
6724/spec-6724-56416-0479.fits
6724/spec-6724-56416-0480.fits
6724/spec-6724-56416-0481.fits
6724/spec-6724-56416-0482.fits
6724/spec-6724-56416-0483.fits
6724/spec-6724-56416-0484.fits
6724/spec-6724-56416-0485.fits
6724/spec-6724-56416-0486.fits
6724/spec-6724-56416-0487.fits
6724/spec-6724-56416-0488.fits
6724/spec-6724-56416-0489.fits
6724/spec-6724-56416-0490.fits
6724/spec-6724-56416-0491.fits
6724/spec-6724-56416-0492.fits
6724/spec-6724-56416-0493.fits
6724/spec-6724-56416-0494.fits
6724/spec-6724-56416-0495.fits
6724/spec-6724-56416-0496.fits
6724/spec-6724-56416-0497.fits
6724/spec-6724-56416-0498.fits
6724/spec-6724-56416-0499.fits
6724/spec-6724-56416-0500.fits
6724/spec-6724-56416-0501.fits
6724/spec-6724-56416-0502.fits
6724/spec-6724-56416-0503.fits
6724/spec-6724-56416-0504.fits
6724/spec-6724-56416-0505.fits
6724/spec-6724-56416-0506.fits
6724/spec-6724-56416-0507.fits
6724/spec-6724-56416-0508.fits
6724/spec-6724-56416-0509.fits
6724/spec-6724-56416-0510.fits
6724/spec-6724-56416-0511.fits
6724/spec-6724-56416-0512.fits
6724/spec-6724-56416-0513.fits
6724/spec-6724-56416-0514.fits
6724/spec-6724-56416-0515.fits
6724/spec-6724-56416-0516.fits
6724/spec-6724-56416-0517.fits
6724/spec-6724-56416-0518.fits
6724/spec-6724-56416-0519.fits
6724/spec-6724-56416-0520.fits
6724/spec-6724-56416-0521.fits
6724/spec-6724-56416-0522.fits
6724/spec-6724-56416-0523.fits
6724/spec-6724-56416-0524.fits
6724/spec-6724-56416-0525.fits
6724/spec-6724-56416-0526.fits
6724/spec-6724-56416-0527.fits
6724/spec-6724-56416-0528.fits
6724/spec-6724-56416-0529.fits
6724/spec-6724-56416-0530.fits
6724/spec-6724-56416-0531.fits
6724/spec-6724-56416-0532.fits
6724/spec-6724-56416-0533.fits
6724/spec-6724-56416-0534.fits
6724/spec-6724-56416-0535.fits
6724/spec-6724-56416-0536.fits
6724/spec-6724-56416-0537.fits
6724/spec-6724-56416-0538.fits
6724/spec-6724-56416-0539.fits
6724/spec-6724-56416-0540.fits
6724/spec-6724-56416-0541.fits
6724/spec-6724-56416-0542.fits
6724/spec-6724-56416-0543.fits
6724/spec-6724-56416-0544.fits
6724/spec-6724-56416-0545.fits
6724/spec-6724-56416-0546.fits
6724/spec-6724-56416-0547.fits
6724/spec-6724-56416-0548.fits
6724/spec-6724-56416-0549.fits
6724/spec-6724-56416-0550.fits
6724/spec-6724-56416-0551.fits
6724/spec-6724-56416-0552.fits
6724/spec-6724-56416-0553.fits
6724/spec-6724-56416-0554.fits
6724/spec-6724-56416-0555.fits
6724/spec-6724-56416-0556.fits
6724/spec-6724-56416-0557.fits
6724/spec-6724-56416-0558.fits
6724/spec-6724-56416-0559.fits
6724/spec-6724-56416-0560.fits
6724/spec-6724-56416-0561.fits
6724/spec-6724-56416-0562.fits
6724/spec-6724-56416-0563.fits
6724/spec-6724-56416-0564.fits
6724/spec-6724-56416-0565.fits
6724/spec-6724-56416-0566.fits
6724/spec-6724-56416-0567.fits
6724/spec-6724-56416-0568.fits
6724/spec-6724-56416-0569.fits
6724/spec-6724-56416-0570.fits
6724/spec-6724-56416-0571.fits
6724/spec-6724-56416-0572.fits
6724/spec-6724-56416-0573.fits
6724/spec-6724-56416-0574.fits
6724/spec-6724-56416-0575.fits
6724/spec-6724-56416-0576.fits
6724/spec-6724-56416-0577.fits
6724/spec-6724-56416-0578.fits
6724/spec-6724-56416-0579.fits
6724/spec-6724-56416-0580.fits
6724/spec-6724-56416-0581.fits
6724/spec-6724-56416-0582.fits
6724/spec-6724-56416-0583.fits
6724/spec-6724-56416-0584.fits
6724/spec-6724-56416-0585.fits
6724/spec-6724-56416-0586.fits
6724/spec-6724-56416-0587.fits
6724/spec-6724-56416-0588.fits
6724/spec-6724-56416-0589.fits
6724/spec-6724-56416-0590.fits
6724/spec-6724-56416-0591.fits
6724/spec-6724-56416-0592.fits
6724/spec-6724-56416-0593.fits
6724/spec-6724-56416-0594.fits
6724/spec-6724-56416-0595.fits
6724/spec-6724-56416-0596.fits
6724/spec-6724-56416-0597.fits
6724/spec-6724-56416-0598.fits
6724/spec-6724-56416-0599.fits
6724/spec-6724-56416-0600.fits
6724/spec-6724-56416-0601.fits
6724/spec-6724-56416-0602.fits
6724/spec-6724-56416-0603.fits
6724/spec-6724-56416-0604.fits
6724/spec-6724-56416-0605.fits
6724/spec-6724-56416-0606.fits
6724/spec-6724-56416-0607.fits
6724/spec-6724-56416-0608.fits
6724/spec-6724-56416-0609.fits
6724/spec-6724-56416-0610.fits
6724/spec-6724-56416-0611.fits
6724/spec-6724-56416-0612.fits
6724/spec-6724-56416-0613.fits
6724/spec-6724-56416-0614.fits
6724/spec-6724-56416-0615.fits
6724/spec-6724-56416-0616.fits
6724/spec-6724-56416-0617.fits
6724/spec-6724-56416-0618.fits
6724/spec-6724-56416-0619.fits
6724/spec-6724-56416-0620.fits
6724/spec-6724-56416-0621.fits
6724/spec-6724-56416-0622.fits
6724/spec-6724-56416-0623.fits
6724/spec-6724-56416-0624.fits
6724/spec-6724-56416-0625.fits
6724/spec-6724-56416-0626.fits
6724/spec-6724-56416-0627.fits
6724/spec-6724-56416-0628.fits
6724/spec-6724-56416-0629.fits
6724/spec-6724-56416-0630.fits
6724/spec-6724-56416-0631.fits
6724/spec-6724-56416-0632.fits
6724/spec-6724-56416-0633.fits
6724/spec-6724-56416-0634.fits
6724/spec-6724-56416-0635.fits
6724/spec-6724-56416-0636.fits
6724/spec-6724-56416-0637.fits
6724/spec-6724-56416-0638.fits
6724/spec-6724-56416-0639.fits
6724/spec-6724-56416-0640.fits
6724/spec-6724-56416-0641.fits
6724/spec-6724-56416-0642.fits
6724/spec-6724-56416-0643.fits
6724/spec-6724-56416-0644.fits
6724/spec-6724-56416-0645.fits
6724/spec-6724-56416-0646.fits
6724/spec-6724-56416-0647.fits
6724/spec-6724-56416-0648.fits
6724/spec-6724-56416-0649.fits
6724/spec-6724-56416-0650.fits
6724/spec-6724-56416-0651.fits
6724/spec-6724-56416-0652.fits
6724/spec-6724-56416-0653.fits
6724/spec-6724-56416-0654.fits
6724/spec-6724-56416-0655.fits
6724/spec-6724-56416-0656.fits
6724/spec-6724-56416-0657.fits
6724/spec-6724-56416-0658.fits
6724/spec-6724-56416-0659.fits
6724/spec-6724-56416-0660.fits
6724/spec-6724-56416-0661.fits
6724/spec-6724-56416-0662.fits
6724/spec-6724-56416-0663.fits
6724/spec-6724-56416-0664.fits
6724/spec-6724-56416-0665.fits
6724/spec-6724-56416-0666.fits
6724/spec-6724-56416-0667.fits
6724/spec-6724-56416-0668.fits
6724/spec-6724-56416-0669.fits
6724/spec-6724-56416-0670.fits
6724/spec-6724-56416-0671.fits
6724/spec-6724-56416-0672.fits
6724/spec-6724-56416-0673.fits
6724/spec-6724-56416-0674.fits
6724/spec-6724-56416-0675.fits
6724/spec-6724-56416-0676.fits
6724/spec-6724-56416-0677.fits
6724/spec-6724-56416-0678.fits
6724/spec-6724-56416-0679.fits
6724/spec-6724-56416-0680.fits
6724/spec-6724-56416-0681.fits
6724/spec-6724-56416-0682.fits
6724/spec-6724-56416-0683.fits
6724/spec-6724-56416-0684.fits
6724/spec-6724-56416-0685.fits
6724/spec-6724-56416-0686.fits
6724/spec-6724-56416-0687.fits
6724/spec-6724-56416-0688.fits
6724/spec-6724-56416-0689.fits
6724/spec-6724-56416-0690.fits
6724/spec-6724-56416-0691.fits
6724/spec-6724-56416-0692.fits
6724/spec-6724-56416-0693.fits
6724/spec-6724-56416-0694.fits
6724/spec-6724-56416-0695.fits
6724/spec-6724-56416-0696.fits
6724/spec-6724-56416-0697.fits
6724/spec-6724-56416-0698.fits
6724/spec-6724-56416-0699.fits
6724/spec-6724-56416-0700.fits
6724/spec-6724-56416-0701.fits
6724/spec-6724-56416-0702.fits
6724/spec-6724-56416-0703.fits
6724/spec-6724-56416-0704.fits
6724/spec-6724-56416-0705.fits
6724/spec-6724-56416-0706.fits
6724/spec-6724-56416-0707.fits
6724/spec-6724-56416-0708.fits
6724/spec-6724-56416-0709.fits
6724/spec-6724-56416-0710.fits
6724/spec-6724-56416-0711.fits
6724/spec-6724-56416-0712.fits
6724/spec-6724-56416-0713.fits
6724/spec-6724-56416-0714.fits
6724/spec-6724-56416-0715.fits
6724/spec-6724-56416-0716.fits
6724/spec-6724-56416-0717.fits
6724/spec-6724-56416-0718.fits
6724/spec-6724-56416-0719.fits
6724/spec-6724-56416-0720.fits
6724/spec-6724-56416-0721.fits
6724/spec-6724-56416-0722.fits
6724/spec-6724-56416-0723.fits
6724/spec-6724-56416-0724.fits
6724/spec-6724-56416-0725.fits
6724/spec-6724-56416-0726.fits
6724/spec-6724-56416-0727.fits
6724/spec-6724-56416-0728.fits
6724/spec-6724-56416-0729.fits
6724/spec-6724-56416-0730.fits
6724/spec-6724-56416-0731.fits
6724/spec-6724-56416-0732.fits
6724/spec-6724-56416-0733.fits
6724/spec-6724-56416-0734.fits
6724/spec-6724-56416-0735.fits
6724/spec-6724-56416-0736.fits
6724/spec-6724-56416-0737.fits
6724/spec-6724-56416-0738.fits
6724/spec-6724-56416-0739.fits
6724/spec-6724-56416-0740.fits
6724/spec-6724-56416-0741.fits
6724/spec-6724-56416-0742.fits
6724/spec-6724-56416-0743.fits
6724/spec-6724-56416-0744.fits
6724/spec-6724-56416-0745.fits
6724/spec-6724-56416-0746.fits
6724/spec-6724-56416-0747.fits
6724/spec-6724-56416-0748.fits
6724/spec-6724-56416-0749.fits
6724/spec-6724-56416-0750.fits
6724/spec-6724-56416-0751.fits
6724/spec-6724-56416-0752.fits
6724/spec-6724-56416-0753.fits
6724/spec-6724-56416-0754.fits
6724/spec-6724-56416-0755.fits
6724/spec-6724-56416-0756.fits
6724/spec-6724-56416-0757.fits
6724/spec-6724-56416-0758.fits
6724/spec-6724-56416-0759.fits
6724/spec-6724-56416-0760.fits
6724/spec-6724-56416-0761.fits
6724/spec-6724-56416-0762.fits
6724/spec-6724-56416-0763.fits
6724/spec-6724-56416-0764.fits
6724/spec-6724-56416-0765.fits
6724/spec-6724-56416-0766.fits
6724/spec-6724-56416-0767.fits
6724/spec-6724-56416-0768.fits
6724/spec-6724-56416-0769.fits
6724/spec-6724-56416-0770.fits
6724/spec-6724-56416-0771.fits
6724/spec-6724-56416-0772.fits
6724/spec-6724-56416-0773.fits
6724/spec-6724-56416-0774.fits
6724/spec-6724-56416-0775.fits
6724/spec-6724-56416-0776.fits
6724/spec-6724-56416-0777.fits
6724/spec-6724-56416-0778.fits
6724/spec-6724-56416-0779.fits
6724/spec-6724-56416-0780.fits
6724/spec-6724-56416-0781.fits
6724/spec-6724-56416-0782.fits
6724/spec-6724-56416-0783.fits
6724/spec-6724-56416-0784.fits
6724/spec-6724-56416-0785.fits
6724/spec-6724-56416-0786.fits
6724/spec-6724-56416-0787.fits
6724/spec-6724-56416-0788.fits
6724/spec-6724-56416-0789.fits
6724/spec-6724-56416-0790.fits
6724/spec-6724-56416-0791.fits
6724/spec-6724-56416-0792.fits
6724/spec-6724-56416-0793.fits
6724/spec-6724-56416-0794.fits
6724/spec-6724-56416-0795.fits
6724/spec-6724-56416-0796.fits
6724/spec-6724-56416-0797.fits
6724/spec-6724-56416-0798.fits
6724/spec-6724-56416-0799.fits
6724/spec-6724-56416-0800.fits
6724/spec-6724-56416-0801.fits
6724/spec-6724-56416-0802.fits
6724/spec-6724-56416-0803.fits
6724/spec-6724-56416-0804.fits
6724/spec-6724-56416-0805.fits
6724/spec-6724-56416-0806.fits
6724/spec-6724-56416-0807.fits
6724/spec-6724-56416-0808.fits
6724/spec-6724-56416-0809.fits
6724/spec-6724-56416-0810.fits
6724/spec-6724-56416-0811.fits
6724/spec-6724-56416-0812.fits
6724/spec-6724-56416-0813.fits
6724/spec-6724-56416-0814.fits
6724/spec-6724-56416-0815.fits
6724/spec-6724-56416-0816.fits
6724/spec-6724-56416-0817.fits
6724/spec-6724-56416-0818.fits
6724/spec-6724-56416-0819.fits
6724/spec-6724-56416-0820.fits
6724/spec-6724-56416-0821.fits
6724/spec-6724-56416-0822.fits
6724/spec-6724-56416-0823.fits
6724/spec-6724-56416-0824.fits
6724/spec-6724-56416-0825.fits
6724/spec-6724-56416-0826.fits
6724/spec-6724-56416-0827.fits
6724/spec-6724-56416-0828.fits
6724/spec-6724-56416-0829.fits
6724/spec-6724-56416-0830.fits
6724/spec-6724-56416-0831.fits
6724/spec-6724-56416-0832.fits
6724/spec-6724-56416-0833.fits
6724/spec-6724-56416-0834.fits
6724/spec-6724-56416-0835.fits
6724/spec-6724-56416-0836.fits
6724/spec-6724-56416-0837.fits
6724/spec-6724-56416-0838.fits
6724/spec-6724-56416-0839.fits
6724/spec-6724-56416-0840.fits
6724/spec-6724-56416-0841.fits
6724/spec-6724-56416-0842.fits
6724/spec-6724-56416-0843.fits
6724/spec-6724-56416-0844.fits
6724/spec-6724-56416-0845.fits
6724/spec-6724-56416-0846.fits
6724/spec-6724-56416-0847.fits
6724/spec-6724-56416-0848.fits
6724/spec-6724-56416-0849.fits
6724/spec-6724-56416-0850.fits
6724/spec-6724-56416-0851.fits
6724/spec-6724-56416-0852.fits
6724/spec-6724-56416-0853.fits
6724/spec-6724-56416-0854.fits
6724/spec-6724-56416-0855.fits
6724/spec-6724-56416-0856.fits
6724/spec-6724-56416-0857.fits
6724/spec-6724-56416-0858.fits
6724/spec-6724-56416-0859.fits
6724/spec-6724-56416-0860.fits
6724/spec-6724-56416-0861.fits
6724/spec-6724-56416-0862.fits
6724/spec-6724-56416-0863.fits
6724/spec-6724-56416-0864.fits
6724/spec-6724-56416-0865.fits
6724/spec-6724-56416-0866.fits
6724/spec-6724-56416-0867.fits
6724/spec-6724-56416-0868.fits
6724/spec-6724-56416-0869.fits
6724/spec-6724-56416-0870.fits
6724/spec-6724-56416-0871.fits
6724/spec-6724-56416-0872.fits
6724/spec-6724-56416-0873.fits
6724/spec-6724-56416-0874.fits
6724/spec-6724-56416-0875.fits
6724/spec-6724-56416-0876.fits
6724/spec-6724-56416-0877.fits
6724/spec-6724-56416-0878.fits
6724/spec-6724-56416-0879.fits
6724/spec-6724-56416-0880.fits
6724/spec-6724-56416-0881.fits
6724/spec-6724-56416-0882.fits
6724/spec-6724-56416-0883.fits
6724/spec-6724-56416-0884.fits
6724/spec-6724-56416-0885.fits
6724/spec-6724-56416-0886.fits
6724/spec-6724-56416-0887.fits
6724/spec-6724-56416-0888.fits
6724/spec-6724-56416-0889.fits
6724/spec-6724-56416-0890.fits
6724/spec-6724-56416-0891.fits
6724/spec-6724-56416-0892.fits
6724/spec-6724-56416-0893.fits
6724/spec-6724-56416-0894.fits
6724/spec-6724-56416-0895.fits
6724/spec-6724-56416-0896.fits
6724/spec-6724-56416-0897.fits
6724/spec-6724-56416-0898.fits
6724/spec-6724-56416-0899.fits
6724/spec-6724-56416-0900.fits
6724/spec-6724-56416-0901.fits
6724/spec-6724-56416-0902.fits
6724/spec-6724-56416-0903.fits
6724/spec-6724-56416-0904.fits
6724/spec-6724-56416-0905.fits
6724/spec-6724-56416-0906.fits
6724/spec-6724-56416-0907.fits
6724/spec-6724-56416-0908.fits
6724/spec-6724-56416-0909.fits
6724/spec-6724-56416-0910.fits
6724/spec-6724-56416-0911.fits
6724/spec-6724-56416-0912.fits
6724/spec-6724-56416-0913.fits
6724/spec-6724-56416-0914.fits
6724/spec-6724-56416-0915.fits
6724/spec-6724-56416-0916.fits
6724/spec-6724-56416-0917.fits
6724/spec-6724-56416-0918.fits
6724/spec-6724-56416-0919.fits
6724/spec-6724-56416-0920.fits
6724/spec-6724-56416-0921.fits
6724/spec-6724-56416-0922.fits
6724/spec-6724-56416-0923.fits
6724/spec-6724-56416-0924.fits
6724/spec-6724-56416-0925.fits
6724/spec-6724-56416-0926.fits
6724/spec-6724-56416-0927.fits
6724/spec-6724-56416-0928.fits
6724/spec-6724-56416-0929.fits
6724/spec-6724-56416-0930.fits
6724/spec-6724-56416-0931.fits
6724/spec-6724-56416-0932.fits
6724/spec-6724-56416-0933.fits
6724/spec-6724-56416-0934.fits
6724/spec-6724-56416-0935.fits
6724/spec-6724-56416-0936.fits
6724/spec-6724-56416-0937.fits
6724/spec-6724-56416-0938.fits
6724/spec-6724-56416-0939.fits
6724/spec-6724-56416-0940.fits
6724/spec-6724-56416-0941.fits
6724/spec-6724-56416-0942.fits
6724/spec-6724-56416-0943.fits
6724/spec-6724-56416-0944.fits
6724/spec-6724-56416-0945.fits
6724/spec-6724-56416-0946.fits
6724/spec-6724-56416-0947.fits
6724/spec-6724-56416-0948.fits
6724/spec-6724-56416-0949.fits
6724/spec-6724-56416-0950.fits
6724/spec-6724-56416-0951.fits
6724/spec-6724-56416-0952.fits
6724/spec-6724-56416-0953.fits
6724/spec-6724-56416-0954.fits
6724/spec-6724-56416-0955.fits
6724/spec-6724-56416-0956.fits
6724/spec-6724-56416-0957.fits
6724/spec-6724-56416-0958.fits
6724/spec-6724-56416-0959.fits
6724/spec-6724-56416-0960.fits
6724/spec-6724-56416-0961.fits
6724/spec-6724-56416-0962.fits
6724/spec-6724-56416-0963.fits
6724/spec-6724-56416-0964.fits
6724/spec-6724-56416-0965.fits
6724/spec-6724-56416-0966.fits
6724/spec-6724-56416-0967.fits
6724/spec-6724-56416-0968.fits
6724/spec-6724-56416-0969.fits
6724/spec-6724-56416-0970.fits
6724/spec-6724-56416-0971.fits
6724/spec-6724-56416-0972.fits
6724/spec-6724-56416-0973.fits
6724/spec-6724-56416-0974.fits
6724/spec-6724-56416-0975.fits
6724/spec-6724-56416-0976.fits
6724/spec-6724-56416-0977.fits
6724/spec-6724-56416-0978.fits
6724/spec-6724-56416-0979.fits
6724/spec-6724-56416-0980.fits
6724/spec-6724-56416-0981.fits
6724/spec-6724-56416-0982.fits
6724/spec-6724-56416-0983.fits
6724/spec-6724-56416-0984.fits
6724/spec-6724-56416-0985.fits
6724/spec-6724-56416-0986.fits
6724/spec-6724-56416-0987.fits
6724/spec-6724-56416-0988.fits
6724/spec-6724-56416-0989.fits
6724/spec-6724-56416-0990.fits
6724/spec-6724-56416-0991.fits
6724/spec-6724-56416-0992.fits
6724/spec-6724-56416-0993.fits
6724/spec-6724-56416-0994.fits
6724/spec-6724-56416-0995.fits
6724/spec-6724-56416-0996.fits
6724/spec-6724-56416-0997.fits
6724/spec-6724-56416-0998.fits
6724/spec-6724-56416-0999.fits
6724/spec-6724-56416-1000.fits
/var/lib/condor/execute/slot1/dir_56040
6724 6724.tgz R R361.tar.gz _condor_stderr _condor_stdout cB58_Lyman_break.fit condor_exec.exe hw4.R packages packages.tar.gz tmp var
[1] "Loaded package astro."
[1] 1000
6724 6724.csv 6724.tgz R R361.tar.gz _condor_stderr _condor_stdout cB58_Lyman_break.fit condor_exec.exe hw4.R packages packages.tar.gz tmp var
