3955
3955/
3955/spec-3955-55678-0001.fits
3955/spec-3955-55678-0002.fits
3955/spec-3955-55678-0003.fits
3955/spec-3955-55678-0004.fits
3955/spec-3955-55678-0005.fits
3955/spec-3955-55678-0006.fits
3955/spec-3955-55678-0007.fits
3955/spec-3955-55678-0008.fits
3955/spec-3955-55678-0009.fits
3955/spec-3955-55678-0010.fits
3955/spec-3955-55678-0011.fits
3955/spec-3955-55678-0012.fits
3955/spec-3955-55678-0013.fits
3955/spec-3955-55678-0014.fits
3955/spec-3955-55678-0015.fits
3955/spec-3955-55678-0016.fits
3955/spec-3955-55678-0017.fits
3955/spec-3955-55678-0018.fits
3955/spec-3955-55678-0019.fits
3955/spec-3955-55678-0020.fits
3955/spec-3955-55678-0021.fits
3955/spec-3955-55678-0022.fits
3955/spec-3955-55678-0023.fits
3955/spec-3955-55678-0024.fits
3955/spec-3955-55678-0025.fits
3955/spec-3955-55678-0026.fits
3955/spec-3955-55678-0027.fits
3955/spec-3955-55678-0028.fits
3955/spec-3955-55678-0029.fits
3955/spec-3955-55678-0030.fits
3955/spec-3955-55678-0031.fits
3955/spec-3955-55678-0032.fits
3955/spec-3955-55678-0033.fits
3955/spec-3955-55678-0034.fits
3955/spec-3955-55678-0035.fits
3955/spec-3955-55678-0036.fits
3955/spec-3955-55678-0037.fits
3955/spec-3955-55678-0038.fits
3955/spec-3955-55678-0039.fits
3955/spec-3955-55678-0040.fits
3955/spec-3955-55678-0041.fits
3955/spec-3955-55678-0042.fits
3955/spec-3955-55678-0043.fits
3955/spec-3955-55678-0044.fits
3955/spec-3955-55678-0045.fits
3955/spec-3955-55678-0046.fits
3955/spec-3955-55678-0047.fits
3955/spec-3955-55678-0048.fits
3955/spec-3955-55678-0049.fits
3955/spec-3955-55678-0050.fits
3955/spec-3955-55678-0051.fits
3955/spec-3955-55678-0052.fits
3955/spec-3955-55678-0053.fits
3955/spec-3955-55678-0054.fits
3955/spec-3955-55678-0055.fits
3955/spec-3955-55678-0056.fits
3955/spec-3955-55678-0057.fits
3955/spec-3955-55678-0058.fits
3955/spec-3955-55678-0059.fits
3955/spec-3955-55678-0060.fits
3955/spec-3955-55678-0061.fits
3955/spec-3955-55678-0062.fits
3955/spec-3955-55678-0063.fits
3955/spec-3955-55678-0064.fits
3955/spec-3955-55678-0065.fits
3955/spec-3955-55678-0066.fits
3955/spec-3955-55678-0067.fits
3955/spec-3955-55678-0068.fits
3955/spec-3955-55678-0069.fits
3955/spec-3955-55678-0070.fits
3955/spec-3955-55678-0071.fits
3955/spec-3955-55678-0072.fits
3955/spec-3955-55678-0073.fits
3955/spec-3955-55678-0074.fits
3955/spec-3955-55678-0075.fits
3955/spec-3955-55678-0076.fits
3955/spec-3955-55678-0077.fits
3955/spec-3955-55678-0078.fits
3955/spec-3955-55678-0079.fits
3955/spec-3955-55678-0080.fits
3955/spec-3955-55678-0081.fits
3955/spec-3955-55678-0082.fits
3955/spec-3955-55678-0083.fits
3955/spec-3955-55678-0084.fits
3955/spec-3955-55678-0085.fits
3955/spec-3955-55678-0086.fits
3955/spec-3955-55678-0087.fits
3955/spec-3955-55678-0088.fits
3955/spec-3955-55678-0089.fits
3955/spec-3955-55678-0090.fits
3955/spec-3955-55678-0091.fits
3955/spec-3955-55678-0092.fits
3955/spec-3955-55678-0093.fits
3955/spec-3955-55678-0094.fits
3955/spec-3955-55678-0095.fits
3955/spec-3955-55678-0096.fits
3955/spec-3955-55678-0097.fits
3955/spec-3955-55678-0098.fits
3955/spec-3955-55678-0099.fits
3955/spec-3955-55678-0100.fits
3955/spec-3955-55678-0101.fits
3955/spec-3955-55678-0102.fits
3955/spec-3955-55678-0103.fits
3955/spec-3955-55678-0104.fits
3955/spec-3955-55678-0105.fits
3955/spec-3955-55678-0106.fits
3955/spec-3955-55678-0107.fits
3955/spec-3955-55678-0108.fits
3955/spec-3955-55678-0109.fits
3955/spec-3955-55678-0110.fits
3955/spec-3955-55678-0111.fits
3955/spec-3955-55678-0112.fits
3955/spec-3955-55678-0113.fits
3955/spec-3955-55678-0114.fits
3955/spec-3955-55678-0115.fits
3955/spec-3955-55678-0116.fits
3955/spec-3955-55678-0117.fits
3955/spec-3955-55678-0118.fits
3955/spec-3955-55678-0119.fits
3955/spec-3955-55678-0120.fits
3955/spec-3955-55678-0121.fits
3955/spec-3955-55678-0122.fits
3955/spec-3955-55678-0123.fits
3955/spec-3955-55678-0124.fits
3955/spec-3955-55678-0125.fits
3955/spec-3955-55678-0126.fits
3955/spec-3955-55678-0127.fits
3955/spec-3955-55678-0128.fits
3955/spec-3955-55678-0129.fits
3955/spec-3955-55678-0130.fits
3955/spec-3955-55678-0131.fits
3955/spec-3955-55678-0132.fits
3955/spec-3955-55678-0133.fits
3955/spec-3955-55678-0134.fits
3955/spec-3955-55678-0135.fits
3955/spec-3955-55678-0136.fits
3955/spec-3955-55678-0137.fits
3955/spec-3955-55678-0138.fits
3955/spec-3955-55678-0139.fits
3955/spec-3955-55678-0140.fits
3955/spec-3955-55678-0141.fits
3955/spec-3955-55678-0142.fits
3955/spec-3955-55678-0143.fits
3955/spec-3955-55678-0144.fits
3955/spec-3955-55678-0145.fits
3955/spec-3955-55678-0146.fits
3955/spec-3955-55678-0147.fits
3955/spec-3955-55678-0148.fits
3955/spec-3955-55678-0149.fits
3955/spec-3955-55678-0150.fits
3955/spec-3955-55678-0151.fits
3955/spec-3955-55678-0152.fits
3955/spec-3955-55678-0153.fits
3955/spec-3955-55678-0154.fits
3955/spec-3955-55678-0155.fits
3955/spec-3955-55678-0156.fits
3955/spec-3955-55678-0157.fits
3955/spec-3955-55678-0158.fits
3955/spec-3955-55678-0159.fits
3955/spec-3955-55678-0160.fits
3955/spec-3955-55678-0161.fits
3955/spec-3955-55678-0162.fits
3955/spec-3955-55678-0163.fits
3955/spec-3955-55678-0164.fits
3955/spec-3955-55678-0165.fits
3955/spec-3955-55678-0166.fits
3955/spec-3955-55678-0167.fits
3955/spec-3955-55678-0168.fits
3955/spec-3955-55678-0169.fits
3955/spec-3955-55678-0170.fits
3955/spec-3955-55678-0171.fits
3955/spec-3955-55678-0172.fits
3955/spec-3955-55678-0173.fits
3955/spec-3955-55678-0174.fits
3955/spec-3955-55678-0175.fits
3955/spec-3955-55678-0176.fits
3955/spec-3955-55678-0177.fits
3955/spec-3955-55678-0178.fits
3955/spec-3955-55678-0179.fits
3955/spec-3955-55678-0180.fits
3955/spec-3955-55678-0181.fits
3955/spec-3955-55678-0182.fits
3955/spec-3955-55678-0183.fits
3955/spec-3955-55678-0184.fits
3955/spec-3955-55678-0185.fits
3955/spec-3955-55678-0186.fits
3955/spec-3955-55678-0187.fits
3955/spec-3955-55678-0188.fits
3955/spec-3955-55678-0189.fits
3955/spec-3955-55678-0190.fits
3955/spec-3955-55678-0191.fits
3955/spec-3955-55678-0192.fits
3955/spec-3955-55678-0193.fits
3955/spec-3955-55678-0194.fits
3955/spec-3955-55678-0195.fits
3955/spec-3955-55678-0196.fits
3955/spec-3955-55678-0197.fits
3955/spec-3955-55678-0198.fits
3955/spec-3955-55678-0199.fits
3955/spec-3955-55678-0200.fits
3955/spec-3955-55678-0201.fits
3955/spec-3955-55678-0202.fits
3955/spec-3955-55678-0203.fits
3955/spec-3955-55678-0204.fits
3955/spec-3955-55678-0205.fits
3955/spec-3955-55678-0206.fits
3955/spec-3955-55678-0207.fits
3955/spec-3955-55678-0208.fits
3955/spec-3955-55678-0209.fits
3955/spec-3955-55678-0210.fits
3955/spec-3955-55678-0211.fits
3955/spec-3955-55678-0212.fits
3955/spec-3955-55678-0213.fits
3955/spec-3955-55678-0214.fits
3955/spec-3955-55678-0215.fits
3955/spec-3955-55678-0216.fits
3955/spec-3955-55678-0217.fits
3955/spec-3955-55678-0218.fits
3955/spec-3955-55678-0219.fits
3955/spec-3955-55678-0220.fits
3955/spec-3955-55678-0221.fits
3955/spec-3955-55678-0222.fits
3955/spec-3955-55678-0223.fits
3955/spec-3955-55678-0224.fits
3955/spec-3955-55678-0225.fits
3955/spec-3955-55678-0226.fits
3955/spec-3955-55678-0227.fits
3955/spec-3955-55678-0228.fits
3955/spec-3955-55678-0229.fits
3955/spec-3955-55678-0230.fits
3955/spec-3955-55678-0231.fits
3955/spec-3955-55678-0232.fits
3955/spec-3955-55678-0233.fits
3955/spec-3955-55678-0234.fits
3955/spec-3955-55678-0235.fits
3955/spec-3955-55678-0236.fits
3955/spec-3955-55678-0237.fits
3955/spec-3955-55678-0238.fits
3955/spec-3955-55678-0239.fits
3955/spec-3955-55678-0240.fits
3955/spec-3955-55678-0241.fits
3955/spec-3955-55678-0242.fits
3955/spec-3955-55678-0243.fits
3955/spec-3955-55678-0244.fits
3955/spec-3955-55678-0245.fits
3955/spec-3955-55678-0246.fits
3955/spec-3955-55678-0247.fits
3955/spec-3955-55678-0248.fits
3955/spec-3955-55678-0249.fits
3955/spec-3955-55678-0250.fits
3955/spec-3955-55678-0251.fits
3955/spec-3955-55678-0252.fits
3955/spec-3955-55678-0253.fits
3955/spec-3955-55678-0254.fits
3955/spec-3955-55678-0255.fits
3955/spec-3955-55678-0256.fits
3955/spec-3955-55678-0257.fits
3955/spec-3955-55678-0258.fits
3955/spec-3955-55678-0259.fits
3955/spec-3955-55678-0260.fits
3955/spec-3955-55678-0261.fits
3955/spec-3955-55678-0262.fits
3955/spec-3955-55678-0263.fits
3955/spec-3955-55678-0264.fits
3955/spec-3955-55678-0265.fits
3955/spec-3955-55678-0266.fits
3955/spec-3955-55678-0267.fits
3955/spec-3955-55678-0268.fits
3955/spec-3955-55678-0269.fits
3955/spec-3955-55678-0270.fits
3955/spec-3955-55678-0271.fits
3955/spec-3955-55678-0272.fits
3955/spec-3955-55678-0273.fits
3955/spec-3955-55678-0274.fits
3955/spec-3955-55678-0275.fits
3955/spec-3955-55678-0276.fits
3955/spec-3955-55678-0277.fits
3955/spec-3955-55678-0278.fits
3955/spec-3955-55678-0279.fits
3955/spec-3955-55678-0280.fits
3955/spec-3955-55678-0281.fits
3955/spec-3955-55678-0282.fits
3955/spec-3955-55678-0283.fits
3955/spec-3955-55678-0284.fits
3955/spec-3955-55678-0285.fits
3955/spec-3955-55678-0286.fits
3955/spec-3955-55678-0287.fits
3955/spec-3955-55678-0288.fits
3955/spec-3955-55678-0289.fits
3955/spec-3955-55678-0290.fits
3955/spec-3955-55678-0291.fits
3955/spec-3955-55678-0292.fits
3955/spec-3955-55678-0293.fits
3955/spec-3955-55678-0294.fits
3955/spec-3955-55678-0295.fits
3955/spec-3955-55678-0296.fits
3955/spec-3955-55678-0297.fits
3955/spec-3955-55678-0298.fits
3955/spec-3955-55678-0299.fits
3955/spec-3955-55678-0300.fits
3955/spec-3955-55678-0301.fits
3955/spec-3955-55678-0302.fits
3955/spec-3955-55678-0303.fits
3955/spec-3955-55678-0304.fits
3955/spec-3955-55678-0305.fits
3955/spec-3955-55678-0306.fits
3955/spec-3955-55678-0307.fits
3955/spec-3955-55678-0308.fits
3955/spec-3955-55678-0309.fits
3955/spec-3955-55678-0310.fits
3955/spec-3955-55678-0311.fits
3955/spec-3955-55678-0312.fits
3955/spec-3955-55678-0313.fits
3955/spec-3955-55678-0314.fits
3955/spec-3955-55678-0315.fits
3955/spec-3955-55678-0316.fits
3955/spec-3955-55678-0317.fits
3955/spec-3955-55678-0318.fits
3955/spec-3955-55678-0319.fits
3955/spec-3955-55678-0320.fits
3955/spec-3955-55678-0321.fits
3955/spec-3955-55678-0322.fits
3955/spec-3955-55678-0323.fits
3955/spec-3955-55678-0324.fits
3955/spec-3955-55678-0325.fits
3955/spec-3955-55678-0326.fits
3955/spec-3955-55678-0327.fits
3955/spec-3955-55678-0328.fits
3955/spec-3955-55678-0329.fits
3955/spec-3955-55678-0330.fits
3955/spec-3955-55678-0331.fits
3955/spec-3955-55678-0332.fits
3955/spec-3955-55678-0333.fits
3955/spec-3955-55678-0334.fits
3955/spec-3955-55678-0335.fits
3955/spec-3955-55678-0336.fits
3955/spec-3955-55678-0337.fits
3955/spec-3955-55678-0338.fits
3955/spec-3955-55678-0339.fits
3955/spec-3955-55678-0340.fits
3955/spec-3955-55678-0341.fits
3955/spec-3955-55678-0342.fits
3955/spec-3955-55678-0343.fits
3955/spec-3955-55678-0344.fits
3955/spec-3955-55678-0345.fits
3955/spec-3955-55678-0346.fits
3955/spec-3955-55678-0347.fits
3955/spec-3955-55678-0348.fits
3955/spec-3955-55678-0349.fits
3955/spec-3955-55678-0350.fits
3955/spec-3955-55678-0351.fits
3955/spec-3955-55678-0352.fits
3955/spec-3955-55678-0353.fits
3955/spec-3955-55678-0354.fits
3955/spec-3955-55678-0355.fits
3955/spec-3955-55678-0356.fits
3955/spec-3955-55678-0357.fits
3955/spec-3955-55678-0358.fits
3955/spec-3955-55678-0359.fits
3955/spec-3955-55678-0360.fits
3955/spec-3955-55678-0361.fits
3955/spec-3955-55678-0362.fits
3955/spec-3955-55678-0363.fits
3955/spec-3955-55678-0364.fits
3955/spec-3955-55678-0365.fits
3955/spec-3955-55678-0366.fits
3955/spec-3955-55678-0367.fits
3955/spec-3955-55678-0368.fits
3955/spec-3955-55678-0369.fits
3955/spec-3955-55678-0370.fits
3955/spec-3955-55678-0371.fits
3955/spec-3955-55678-0372.fits
3955/spec-3955-55678-0373.fits
3955/spec-3955-55678-0374.fits
3955/spec-3955-55678-0375.fits
3955/spec-3955-55678-0376.fits
3955/spec-3955-55678-0377.fits
3955/spec-3955-55678-0378.fits
3955/spec-3955-55678-0379.fits
3955/spec-3955-55678-0380.fits
3955/spec-3955-55678-0381.fits
3955/spec-3955-55678-0382.fits
3955/spec-3955-55678-0383.fits
3955/spec-3955-55678-0384.fits
3955/spec-3955-55678-0385.fits
3955/spec-3955-55678-0386.fits
3955/spec-3955-55678-0387.fits
3955/spec-3955-55678-0388.fits
3955/spec-3955-55678-0389.fits
3955/spec-3955-55678-0390.fits
3955/spec-3955-55678-0391.fits
3955/spec-3955-55678-0392.fits
3955/spec-3955-55678-0393.fits
3955/spec-3955-55678-0394.fits
3955/spec-3955-55678-0395.fits
3955/spec-3955-55678-0396.fits
3955/spec-3955-55678-0397.fits
3955/spec-3955-55678-0398.fits
3955/spec-3955-55678-0399.fits
3955/spec-3955-55678-0400.fits
3955/spec-3955-55678-0401.fits
3955/spec-3955-55678-0402.fits
3955/spec-3955-55678-0403.fits
3955/spec-3955-55678-0404.fits
3955/spec-3955-55678-0405.fits
3955/spec-3955-55678-0406.fits
3955/spec-3955-55678-0407.fits
3955/spec-3955-55678-0408.fits
3955/spec-3955-55678-0409.fits
3955/spec-3955-55678-0410.fits
3955/spec-3955-55678-0411.fits
3955/spec-3955-55678-0412.fits
3955/spec-3955-55678-0413.fits
3955/spec-3955-55678-0414.fits
3955/spec-3955-55678-0415.fits
3955/spec-3955-55678-0416.fits
3955/spec-3955-55678-0417.fits
3955/spec-3955-55678-0418.fits
3955/spec-3955-55678-0419.fits
3955/spec-3955-55678-0420.fits
3955/spec-3955-55678-0421.fits
3955/spec-3955-55678-0422.fits
3955/spec-3955-55678-0423.fits
3955/spec-3955-55678-0424.fits
3955/spec-3955-55678-0425.fits
3955/spec-3955-55678-0426.fits
3955/spec-3955-55678-0427.fits
3955/spec-3955-55678-0428.fits
3955/spec-3955-55678-0429.fits
3955/spec-3955-55678-0430.fits
3955/spec-3955-55678-0431.fits
3955/spec-3955-55678-0432.fits
3955/spec-3955-55678-0433.fits
3955/spec-3955-55678-0434.fits
3955/spec-3955-55678-0435.fits
3955/spec-3955-55678-0436.fits
3955/spec-3955-55678-0437.fits
3955/spec-3955-55678-0438.fits
3955/spec-3955-55678-0439.fits
3955/spec-3955-55678-0440.fits
3955/spec-3955-55678-0441.fits
3955/spec-3955-55678-0442.fits
3955/spec-3955-55678-0443.fits
3955/spec-3955-55678-0444.fits
3955/spec-3955-55678-0445.fits
3955/spec-3955-55678-0446.fits
3955/spec-3955-55678-0447.fits
3955/spec-3955-55678-0448.fits
3955/spec-3955-55678-0449.fits
3955/spec-3955-55678-0450.fits
3955/spec-3955-55678-0451.fits
3955/spec-3955-55678-0452.fits
3955/spec-3955-55678-0453.fits
3955/spec-3955-55678-0454.fits
3955/spec-3955-55678-0455.fits
3955/spec-3955-55678-0456.fits
3955/spec-3955-55678-0457.fits
3955/spec-3955-55678-0458.fits
3955/spec-3955-55678-0459.fits
3955/spec-3955-55678-0460.fits
3955/spec-3955-55678-0461.fits
3955/spec-3955-55678-0462.fits
3955/spec-3955-55678-0463.fits
3955/spec-3955-55678-0464.fits
3955/spec-3955-55678-0465.fits
3955/spec-3955-55678-0466.fits
3955/spec-3955-55678-0467.fits
3955/spec-3955-55678-0468.fits
3955/spec-3955-55678-0469.fits
3955/spec-3955-55678-0470.fits
3955/spec-3955-55678-0471.fits
3955/spec-3955-55678-0472.fits
3955/spec-3955-55678-0473.fits
3955/spec-3955-55678-0474.fits
3955/spec-3955-55678-0475.fits
3955/spec-3955-55678-0476.fits
3955/spec-3955-55678-0477.fits
3955/spec-3955-55678-0478.fits
3955/spec-3955-55678-0479.fits
3955/spec-3955-55678-0480.fits
3955/spec-3955-55678-0481.fits
3955/spec-3955-55678-0482.fits
3955/spec-3955-55678-0483.fits
3955/spec-3955-55678-0484.fits
3955/spec-3955-55678-0485.fits
3955/spec-3955-55678-0486.fits
3955/spec-3955-55678-0487.fits
3955/spec-3955-55678-0488.fits
3955/spec-3955-55678-0489.fits
3955/spec-3955-55678-0490.fits
3955/spec-3955-55678-0491.fits
3955/spec-3955-55678-0492.fits
3955/spec-3955-55678-0493.fits
3955/spec-3955-55678-0494.fits
3955/spec-3955-55678-0495.fits
3955/spec-3955-55678-0496.fits
3955/spec-3955-55678-0497.fits
3955/spec-3955-55678-0498.fits
3955/spec-3955-55678-0499.fits
3955/spec-3955-55678-0500.fits
3955/spec-3955-55678-0501.fits
3955/spec-3955-55678-0502.fits
3955/spec-3955-55678-0503.fits
3955/spec-3955-55678-0504.fits
3955/spec-3955-55678-0505.fits
3955/spec-3955-55678-0506.fits
3955/spec-3955-55678-0507.fits
3955/spec-3955-55678-0508.fits
3955/spec-3955-55678-0509.fits
3955/spec-3955-55678-0510.fits
3955/spec-3955-55678-0511.fits
3955/spec-3955-55678-0512.fits
3955/spec-3955-55678-0513.fits
3955/spec-3955-55678-0514.fits
3955/spec-3955-55678-0515.fits
3955/spec-3955-55678-0516.fits
3955/spec-3955-55678-0517.fits
3955/spec-3955-55678-0518.fits
3955/spec-3955-55678-0519.fits
3955/spec-3955-55678-0520.fits
3955/spec-3955-55678-0521.fits
3955/spec-3955-55678-0522.fits
3955/spec-3955-55678-0523.fits
3955/spec-3955-55678-0524.fits
3955/spec-3955-55678-0525.fits
3955/spec-3955-55678-0526.fits
3955/spec-3955-55678-0527.fits
3955/spec-3955-55678-0528.fits
3955/spec-3955-55678-0529.fits
3955/spec-3955-55678-0530.fits
3955/spec-3955-55678-0531.fits
3955/spec-3955-55678-0532.fits
3955/spec-3955-55678-0533.fits
3955/spec-3955-55678-0534.fits
3955/spec-3955-55678-0535.fits
3955/spec-3955-55678-0536.fits
3955/spec-3955-55678-0537.fits
3955/spec-3955-55678-0538.fits
3955/spec-3955-55678-0539.fits
3955/spec-3955-55678-0540.fits
3955/spec-3955-55678-0541.fits
3955/spec-3955-55678-0542.fits
3955/spec-3955-55678-0543.fits
3955/spec-3955-55678-0544.fits
3955/spec-3955-55678-0545.fits
3955/spec-3955-55678-0546.fits
3955/spec-3955-55678-0547.fits
3955/spec-3955-55678-0548.fits
3955/spec-3955-55678-0549.fits
3955/spec-3955-55678-0550.fits
3955/spec-3955-55678-0551.fits
3955/spec-3955-55678-0552.fits
3955/spec-3955-55678-0553.fits
3955/spec-3955-55678-0554.fits
3955/spec-3955-55678-0555.fits
3955/spec-3955-55678-0556.fits
3955/spec-3955-55678-0557.fits
3955/spec-3955-55678-0558.fits
3955/spec-3955-55678-0559.fits
3955/spec-3955-55678-0560.fits
3955/spec-3955-55678-0561.fits
3955/spec-3955-55678-0562.fits
3955/spec-3955-55678-0563.fits
3955/spec-3955-55678-0564.fits
3955/spec-3955-55678-0565.fits
3955/spec-3955-55678-0566.fits
3955/spec-3955-55678-0567.fits
3955/spec-3955-55678-0568.fits
3955/spec-3955-55678-0569.fits
3955/spec-3955-55678-0570.fits
3955/spec-3955-55678-0571.fits
3955/spec-3955-55678-0572.fits
3955/spec-3955-55678-0573.fits
3955/spec-3955-55678-0574.fits
3955/spec-3955-55678-0575.fits
3955/spec-3955-55678-0576.fits
3955/spec-3955-55678-0577.fits
3955/spec-3955-55678-0578.fits
3955/spec-3955-55678-0579.fits
3955/spec-3955-55678-0580.fits
3955/spec-3955-55678-0581.fits
3955/spec-3955-55678-0582.fits
3955/spec-3955-55678-0583.fits
3955/spec-3955-55678-0584.fits
3955/spec-3955-55678-0585.fits
3955/spec-3955-55678-0586.fits
3955/spec-3955-55678-0587.fits
3955/spec-3955-55678-0588.fits
3955/spec-3955-55678-0589.fits
3955/spec-3955-55678-0590.fits
3955/spec-3955-55678-0591.fits
3955/spec-3955-55678-0592.fits
3955/spec-3955-55678-0593.fits
3955/spec-3955-55678-0594.fits
3955/spec-3955-55678-0595.fits
3955/spec-3955-55678-0596.fits
3955/spec-3955-55678-0597.fits
3955/spec-3955-55678-0598.fits
3955/spec-3955-55678-0599.fits
3955/spec-3955-55678-0600.fits
3955/spec-3955-55678-0601.fits
3955/spec-3955-55678-0602.fits
3955/spec-3955-55678-0603.fits
3955/spec-3955-55678-0604.fits
3955/spec-3955-55678-0605.fits
3955/spec-3955-55678-0606.fits
3955/spec-3955-55678-0607.fits
3955/spec-3955-55678-0608.fits
3955/spec-3955-55678-0609.fits
3955/spec-3955-55678-0610.fits
3955/spec-3955-55678-0611.fits
3955/spec-3955-55678-0612.fits
3955/spec-3955-55678-0613.fits
3955/spec-3955-55678-0614.fits
3955/spec-3955-55678-0615.fits
3955/spec-3955-55678-0616.fits
3955/spec-3955-55678-0617.fits
3955/spec-3955-55678-0618.fits
3955/spec-3955-55678-0619.fits
3955/spec-3955-55678-0620.fits
3955/spec-3955-55678-0621.fits
3955/spec-3955-55678-0622.fits
3955/spec-3955-55678-0623.fits
3955/spec-3955-55678-0624.fits
3955/spec-3955-55678-0625.fits
3955/spec-3955-55678-0626.fits
3955/spec-3955-55678-0627.fits
3955/spec-3955-55678-0628.fits
3955/spec-3955-55678-0629.fits
3955/spec-3955-55678-0630.fits
3955/spec-3955-55678-0631.fits
3955/spec-3955-55678-0632.fits
3955/spec-3955-55678-0633.fits
3955/spec-3955-55678-0634.fits
3955/spec-3955-55678-0635.fits
3955/spec-3955-55678-0636.fits
3955/spec-3955-55678-0637.fits
3955/spec-3955-55678-0638.fits
3955/spec-3955-55678-0639.fits
3955/spec-3955-55678-0640.fits
3955/spec-3955-55678-0641.fits
3955/spec-3955-55678-0642.fits
3955/spec-3955-55678-0643.fits
3955/spec-3955-55678-0644.fits
3955/spec-3955-55678-0645.fits
3955/spec-3955-55678-0646.fits
3955/spec-3955-55678-0647.fits
3955/spec-3955-55678-0648.fits
3955/spec-3955-55678-0649.fits
3955/spec-3955-55678-0650.fits
3955/spec-3955-55678-0651.fits
3955/spec-3955-55678-0652.fits
3955/spec-3955-55678-0653.fits
3955/spec-3955-55678-0654.fits
3955/spec-3955-55678-0655.fits
3955/spec-3955-55678-0656.fits
3955/spec-3955-55678-0657.fits
3955/spec-3955-55678-0658.fits
3955/spec-3955-55678-0659.fits
3955/spec-3955-55678-0660.fits
3955/spec-3955-55678-0661.fits
3955/spec-3955-55678-0662.fits
3955/spec-3955-55678-0663.fits
3955/spec-3955-55678-0664.fits
3955/spec-3955-55678-0665.fits
3955/spec-3955-55678-0666.fits
3955/spec-3955-55678-0667.fits
3955/spec-3955-55678-0668.fits
3955/spec-3955-55678-0669.fits
3955/spec-3955-55678-0670.fits
3955/spec-3955-55678-0671.fits
3955/spec-3955-55678-0672.fits
3955/spec-3955-55678-0673.fits
3955/spec-3955-55678-0674.fits
3955/spec-3955-55678-0675.fits
3955/spec-3955-55678-0676.fits
3955/spec-3955-55678-0677.fits
3955/spec-3955-55678-0678.fits
3955/spec-3955-55678-0679.fits
3955/spec-3955-55678-0680.fits
3955/spec-3955-55678-0681.fits
3955/spec-3955-55678-0682.fits
3955/spec-3955-55678-0683.fits
3955/spec-3955-55678-0684.fits
3955/spec-3955-55678-0685.fits
3955/spec-3955-55678-0686.fits
3955/spec-3955-55678-0687.fits
3955/spec-3955-55678-0688.fits
3955/spec-3955-55678-0689.fits
3955/spec-3955-55678-0690.fits
3955/spec-3955-55678-0691.fits
3955/spec-3955-55678-0692.fits
3955/spec-3955-55678-0693.fits
3955/spec-3955-55678-0694.fits
3955/spec-3955-55678-0695.fits
3955/spec-3955-55678-0696.fits
3955/spec-3955-55678-0697.fits
3955/spec-3955-55678-0698.fits
3955/spec-3955-55678-0699.fits
3955/spec-3955-55678-0700.fits
3955/spec-3955-55678-0701.fits
3955/spec-3955-55678-0702.fits
3955/spec-3955-55678-0703.fits
3955/spec-3955-55678-0704.fits
3955/spec-3955-55678-0705.fits
3955/spec-3955-55678-0706.fits
3955/spec-3955-55678-0707.fits
3955/spec-3955-55678-0708.fits
3955/spec-3955-55678-0709.fits
3955/spec-3955-55678-0710.fits
3955/spec-3955-55678-0711.fits
3955/spec-3955-55678-0712.fits
3955/spec-3955-55678-0713.fits
3955/spec-3955-55678-0714.fits
3955/spec-3955-55678-0715.fits
3955/spec-3955-55678-0716.fits
3955/spec-3955-55678-0717.fits
3955/spec-3955-55678-0718.fits
3955/spec-3955-55678-0719.fits
3955/spec-3955-55678-0720.fits
3955/spec-3955-55678-0721.fits
3955/spec-3955-55678-0722.fits
3955/spec-3955-55678-0723.fits
3955/spec-3955-55678-0724.fits
3955/spec-3955-55678-0725.fits
3955/spec-3955-55678-0726.fits
3955/spec-3955-55678-0727.fits
3955/spec-3955-55678-0728.fits
3955/spec-3955-55678-0729.fits
3955/spec-3955-55678-0730.fits
3955/spec-3955-55678-0731.fits
3955/spec-3955-55678-0732.fits
3955/spec-3955-55678-0733.fits
3955/spec-3955-55678-0734.fits
3955/spec-3955-55678-0735.fits
3955/spec-3955-55678-0736.fits
3955/spec-3955-55678-0737.fits
3955/spec-3955-55678-0738.fits
3955/spec-3955-55678-0739.fits
3955/spec-3955-55678-0740.fits
3955/spec-3955-55678-0741.fits
3955/spec-3955-55678-0742.fits
3955/spec-3955-55678-0743.fits
3955/spec-3955-55678-0744.fits
3955/spec-3955-55678-0745.fits
3955/spec-3955-55678-0746.fits
3955/spec-3955-55678-0747.fits
3955/spec-3955-55678-0748.fits
3955/spec-3955-55678-0749.fits
3955/spec-3955-55678-0750.fits
3955/spec-3955-55678-0751.fits
3955/spec-3955-55678-0752.fits
3955/spec-3955-55678-0753.fits
3955/spec-3955-55678-0754.fits
3955/spec-3955-55678-0755.fits
3955/spec-3955-55678-0756.fits
3955/spec-3955-55678-0757.fits
3955/spec-3955-55678-0758.fits
3955/spec-3955-55678-0759.fits
3955/spec-3955-55678-0760.fits
3955/spec-3955-55678-0761.fits
3955/spec-3955-55678-0762.fits
3955/spec-3955-55678-0763.fits
3955/spec-3955-55678-0764.fits
3955/spec-3955-55678-0765.fits
3955/spec-3955-55678-0766.fits
3955/spec-3955-55678-0767.fits
3955/spec-3955-55678-0768.fits
3955/spec-3955-55678-0769.fits
3955/spec-3955-55678-0770.fits
3955/spec-3955-55678-0771.fits
3955/spec-3955-55678-0772.fits
3955/spec-3955-55678-0773.fits
3955/spec-3955-55678-0774.fits
3955/spec-3955-55678-0775.fits
3955/spec-3955-55678-0776.fits
3955/spec-3955-55678-0777.fits
3955/spec-3955-55678-0778.fits
3955/spec-3955-55678-0779.fits
3955/spec-3955-55678-0780.fits
3955/spec-3955-55678-0781.fits
3955/spec-3955-55678-0782.fits
3955/spec-3955-55678-0783.fits
3955/spec-3955-55678-0784.fits
3955/spec-3955-55678-0785.fits
3955/spec-3955-55678-0786.fits
3955/spec-3955-55678-0787.fits
3955/spec-3955-55678-0788.fits
3955/spec-3955-55678-0789.fits
3955/spec-3955-55678-0790.fits
3955/spec-3955-55678-0791.fits
3955/spec-3955-55678-0792.fits
3955/spec-3955-55678-0793.fits
3955/spec-3955-55678-0794.fits
3955/spec-3955-55678-0795.fits
3955/spec-3955-55678-0796.fits
3955/spec-3955-55678-0797.fits
3955/spec-3955-55678-0798.fits
3955/spec-3955-55678-0799.fits
3955/spec-3955-55678-0800.fits
3955/spec-3955-55678-0801.fits
3955/spec-3955-55678-0802.fits
3955/spec-3955-55678-0803.fits
3955/spec-3955-55678-0804.fits
3955/spec-3955-55678-0805.fits
3955/spec-3955-55678-0806.fits
3955/spec-3955-55678-0807.fits
3955/spec-3955-55678-0808.fits
3955/spec-3955-55678-0809.fits
3955/spec-3955-55678-0810.fits
3955/spec-3955-55678-0811.fits
3955/spec-3955-55678-0812.fits
3955/spec-3955-55678-0813.fits
3955/spec-3955-55678-0814.fits
3955/spec-3955-55678-0815.fits
3955/spec-3955-55678-0816.fits
3955/spec-3955-55678-0817.fits
3955/spec-3955-55678-0818.fits
3955/spec-3955-55678-0819.fits
3955/spec-3955-55678-0820.fits
3955/spec-3955-55678-0821.fits
3955/spec-3955-55678-0822.fits
3955/spec-3955-55678-0823.fits
3955/spec-3955-55678-0824.fits
3955/spec-3955-55678-0825.fits
3955/spec-3955-55678-0826.fits
3955/spec-3955-55678-0827.fits
3955/spec-3955-55678-0828.fits
3955/spec-3955-55678-0829.fits
3955/spec-3955-55678-0830.fits
3955/spec-3955-55678-0831.fits
3955/spec-3955-55678-0832.fits
3955/spec-3955-55678-0833.fits
3955/spec-3955-55678-0834.fits
3955/spec-3955-55678-0835.fits
3955/spec-3955-55678-0836.fits
3955/spec-3955-55678-0837.fits
3955/spec-3955-55678-0838.fits
3955/spec-3955-55678-0839.fits
3955/spec-3955-55678-0840.fits
3955/spec-3955-55678-0841.fits
3955/spec-3955-55678-0842.fits
3955/spec-3955-55678-0843.fits
3955/spec-3955-55678-0844.fits
3955/spec-3955-55678-0845.fits
3955/spec-3955-55678-0846.fits
3955/spec-3955-55678-0847.fits
3955/spec-3955-55678-0848.fits
3955/spec-3955-55678-0849.fits
3955/spec-3955-55678-0850.fits
3955/spec-3955-55678-0851.fits
3955/spec-3955-55678-0852.fits
3955/spec-3955-55678-0853.fits
3955/spec-3955-55678-0854.fits
3955/spec-3955-55678-0855.fits
3955/spec-3955-55678-0856.fits
3955/spec-3955-55678-0857.fits
3955/spec-3955-55678-0858.fits
3955/spec-3955-55678-0859.fits
3955/spec-3955-55678-0860.fits
3955/spec-3955-55678-0861.fits
3955/spec-3955-55678-0862.fits
3955/spec-3955-55678-0863.fits
3955/spec-3955-55678-0864.fits
3955/spec-3955-55678-0865.fits
3955/spec-3955-55678-0866.fits
3955/spec-3955-55678-0867.fits
3955/spec-3955-55678-0868.fits
3955/spec-3955-55678-0869.fits
3955/spec-3955-55678-0870.fits
3955/spec-3955-55678-0871.fits
3955/spec-3955-55678-0872.fits
3955/spec-3955-55678-0873.fits
3955/spec-3955-55678-0874.fits
3955/spec-3955-55678-0875.fits
3955/spec-3955-55678-0876.fits
3955/spec-3955-55678-0877.fits
3955/spec-3955-55678-0878.fits
3955/spec-3955-55678-0879.fits
3955/spec-3955-55678-0880.fits
3955/spec-3955-55678-0881.fits
3955/spec-3955-55678-0882.fits
3955/spec-3955-55678-0883.fits
3955/spec-3955-55678-0884.fits
3955/spec-3955-55678-0885.fits
3955/spec-3955-55678-0886.fits
3955/spec-3955-55678-0887.fits
3955/spec-3955-55678-0888.fits
3955/spec-3955-55678-0889.fits
3955/spec-3955-55678-0890.fits
3955/spec-3955-55678-0891.fits
3955/spec-3955-55678-0892.fits
3955/spec-3955-55678-0893.fits
3955/spec-3955-55678-0894.fits
3955/spec-3955-55678-0895.fits
3955/spec-3955-55678-0896.fits
3955/spec-3955-55678-0897.fits
3955/spec-3955-55678-0898.fits
3955/spec-3955-55678-0899.fits
3955/spec-3955-55678-0900.fits
3955/spec-3955-55678-0901.fits
3955/spec-3955-55678-0902.fits
3955/spec-3955-55678-0903.fits
3955/spec-3955-55678-0904.fits
3955/spec-3955-55678-0905.fits
3955/spec-3955-55678-0906.fits
3955/spec-3955-55678-0907.fits
3955/spec-3955-55678-0908.fits
3955/spec-3955-55678-0909.fits
3955/spec-3955-55678-0910.fits
3955/spec-3955-55678-0911.fits
3955/spec-3955-55678-0912.fits
3955/spec-3955-55678-0913.fits
3955/spec-3955-55678-0914.fits
3955/spec-3955-55678-0915.fits
3955/spec-3955-55678-0916.fits
3955/spec-3955-55678-0917.fits
3955/spec-3955-55678-0918.fits
3955/spec-3955-55678-0919.fits
3955/spec-3955-55678-0920.fits
3955/spec-3955-55678-0921.fits
3955/spec-3955-55678-0922.fits
3955/spec-3955-55678-0923.fits
3955/spec-3955-55678-0924.fits
3955/spec-3955-55678-0925.fits
3955/spec-3955-55678-0926.fits
3955/spec-3955-55678-0927.fits
3955/spec-3955-55678-0928.fits
3955/spec-3955-55678-0929.fits
3955/spec-3955-55678-0930.fits
3955/spec-3955-55678-0931.fits
3955/spec-3955-55678-0932.fits
3955/spec-3955-55678-0933.fits
3955/spec-3955-55678-0934.fits
3955/spec-3955-55678-0935.fits
3955/spec-3955-55678-0936.fits
3955/spec-3955-55678-0937.fits
3955/spec-3955-55678-0938.fits
3955/spec-3955-55678-0939.fits
3955/spec-3955-55678-0940.fits
3955/spec-3955-55678-0941.fits
3955/spec-3955-55678-0942.fits
3955/spec-3955-55678-0943.fits
3955/spec-3955-55678-0944.fits
3955/spec-3955-55678-0945.fits
3955/spec-3955-55678-0946.fits
3955/spec-3955-55678-0947.fits
3955/spec-3955-55678-0948.fits
3955/spec-3955-55678-0949.fits
3955/spec-3955-55678-0950.fits
3955/spec-3955-55678-0951.fits
3955/spec-3955-55678-0952.fits
3955/spec-3955-55678-0953.fits
3955/spec-3955-55678-0954.fits
3955/spec-3955-55678-0955.fits
3955/spec-3955-55678-0956.fits
3955/spec-3955-55678-0957.fits
3955/spec-3955-55678-0958.fits
3955/spec-3955-55678-0959.fits
3955/spec-3955-55678-0960.fits
3955/spec-3955-55678-0961.fits
3955/spec-3955-55678-0962.fits
3955/spec-3955-55678-0963.fits
3955/spec-3955-55678-0964.fits
3955/spec-3955-55678-0965.fits
3955/spec-3955-55678-0966.fits
3955/spec-3955-55678-0967.fits
3955/spec-3955-55678-0968.fits
3955/spec-3955-55678-0969.fits
3955/spec-3955-55678-0970.fits
3955/spec-3955-55678-0971.fits
3955/spec-3955-55678-0972.fits
3955/spec-3955-55678-0973.fits
3955/spec-3955-55678-0974.fits
3955/spec-3955-55678-0975.fits
3955/spec-3955-55678-0976.fits
3955/spec-3955-55678-0977.fits
3955/spec-3955-55678-0978.fits
3955/spec-3955-55678-0979.fits
3955/spec-3955-55678-0980.fits
3955/spec-3955-55678-0981.fits
3955/spec-3955-55678-0982.fits
3955/spec-3955-55678-0983.fits
3955/spec-3955-55678-0984.fits
3955/spec-3955-55678-0985.fits
3955/spec-3955-55678-0986.fits
3955/spec-3955-55678-0987.fits
3955/spec-3955-55678-0988.fits
3955/spec-3955-55678-0989.fits
3955/spec-3955-55678-0990.fits
3955/spec-3955-55678-0991.fits
3955/spec-3955-55678-0992.fits
3955/spec-3955-55678-0993.fits
3955/spec-3955-55678-0994.fits
3955/spec-3955-55678-0995.fits
3955/spec-3955-55678-0996.fits
3955/spec-3955-55678-0997.fits
3955/spec-3955-55678-0998.fits
3955/spec-3955-55678-0999.fits
3955/spec-3955-55678-1000.fits
/var/lib/condor/execute/slot1/dir_2144
3955 3955.tgz R R361.tar.gz _condor_stderr _condor_stdout cB58_Lyman_break.fit condor_exec.exe hw4.R packages packages.tar.gz tmp var
[1] "Loaded package astro."
[1] 1000
3955 3955.csv 3955.tgz R R361.tar.gz _condor_stderr _condor_stdout cB58_Lyman_break.fit condor_exec.exe hw4.R packages packages.tar.gz tmp var
