6783
6783/
6783/spec-6783-56284-0001.fits
6783/spec-6783-56284-0002.fits
6783/spec-6783-56284-0003.fits
6783/spec-6783-56284-0004.fits
6783/spec-6783-56284-0005.fits
6783/spec-6783-56284-0006.fits
6783/spec-6783-56284-0007.fits
6783/spec-6783-56284-0008.fits
6783/spec-6783-56284-0009.fits
6783/spec-6783-56284-0010.fits
6783/spec-6783-56284-0011.fits
6783/spec-6783-56284-0012.fits
6783/spec-6783-56284-0013.fits
6783/spec-6783-56284-0014.fits
6783/spec-6783-56284-0015.fits
6783/spec-6783-56284-0016.fits
6783/spec-6783-56284-0017.fits
6783/spec-6783-56284-0018.fits
6783/spec-6783-56284-0019.fits
6783/spec-6783-56284-0020.fits
6783/spec-6783-56284-0021.fits
6783/spec-6783-56284-0022.fits
6783/spec-6783-56284-0023.fits
6783/spec-6783-56284-0024.fits
6783/spec-6783-56284-0025.fits
6783/spec-6783-56284-0026.fits
6783/spec-6783-56284-0027.fits
6783/spec-6783-56284-0028.fits
6783/spec-6783-56284-0029.fits
6783/spec-6783-56284-0030.fits
6783/spec-6783-56284-0031.fits
6783/spec-6783-56284-0032.fits
6783/spec-6783-56284-0033.fits
6783/spec-6783-56284-0034.fits
6783/spec-6783-56284-0035.fits
6783/spec-6783-56284-0036.fits
6783/spec-6783-56284-0037.fits
6783/spec-6783-56284-0038.fits
6783/spec-6783-56284-0039.fits
6783/spec-6783-56284-0040.fits
6783/spec-6783-56284-0041.fits
6783/spec-6783-56284-0042.fits
6783/spec-6783-56284-0043.fits
6783/spec-6783-56284-0044.fits
6783/spec-6783-56284-0045.fits
6783/spec-6783-56284-0046.fits
6783/spec-6783-56284-0047.fits
6783/spec-6783-56284-0048.fits
6783/spec-6783-56284-0049.fits
6783/spec-6783-56284-0050.fits
6783/spec-6783-56284-0051.fits
6783/spec-6783-56284-0052.fits
6783/spec-6783-56284-0053.fits
6783/spec-6783-56284-0054.fits
6783/spec-6783-56284-0055.fits
6783/spec-6783-56284-0056.fits
6783/spec-6783-56284-0057.fits
6783/spec-6783-56284-0058.fits
6783/spec-6783-56284-0059.fits
6783/spec-6783-56284-0060.fits
6783/spec-6783-56284-0061.fits
6783/spec-6783-56284-0062.fits
6783/spec-6783-56284-0063.fits
6783/spec-6783-56284-0064.fits
6783/spec-6783-56284-0065.fits
6783/spec-6783-56284-0066.fits
6783/spec-6783-56284-0067.fits
6783/spec-6783-56284-0068.fits
6783/spec-6783-56284-0069.fits
6783/spec-6783-56284-0070.fits
6783/spec-6783-56284-0071.fits
6783/spec-6783-56284-0072.fits
6783/spec-6783-56284-0073.fits
6783/spec-6783-56284-0074.fits
6783/spec-6783-56284-0075.fits
6783/spec-6783-56284-0076.fits
6783/spec-6783-56284-0077.fits
6783/spec-6783-56284-0078.fits
6783/spec-6783-56284-0079.fits
6783/spec-6783-56284-0080.fits
6783/spec-6783-56284-0081.fits
6783/spec-6783-56284-0082.fits
6783/spec-6783-56284-0083.fits
6783/spec-6783-56284-0084.fits
6783/spec-6783-56284-0085.fits
6783/spec-6783-56284-0086.fits
6783/spec-6783-56284-0087.fits
6783/spec-6783-56284-0088.fits
6783/spec-6783-56284-0089.fits
6783/spec-6783-56284-0090.fits
6783/spec-6783-56284-0091.fits
6783/spec-6783-56284-0092.fits
6783/spec-6783-56284-0093.fits
6783/spec-6783-56284-0094.fits
6783/spec-6783-56284-0095.fits
6783/spec-6783-56284-0096.fits
6783/spec-6783-56284-0097.fits
6783/spec-6783-56284-0098.fits
6783/spec-6783-56284-0099.fits
6783/spec-6783-56284-0100.fits
6783/spec-6783-56284-0101.fits
6783/spec-6783-56284-0102.fits
6783/spec-6783-56284-0103.fits
6783/spec-6783-56284-0104.fits
6783/spec-6783-56284-0105.fits
6783/spec-6783-56284-0106.fits
6783/spec-6783-56284-0107.fits
6783/spec-6783-56284-0108.fits
6783/spec-6783-56284-0109.fits
6783/spec-6783-56284-0110.fits
6783/spec-6783-56284-0111.fits
6783/spec-6783-56284-0112.fits
6783/spec-6783-56284-0113.fits
6783/spec-6783-56284-0114.fits
6783/spec-6783-56284-0115.fits
6783/spec-6783-56284-0116.fits
6783/spec-6783-56284-0117.fits
6783/spec-6783-56284-0118.fits
6783/spec-6783-56284-0119.fits
6783/spec-6783-56284-0120.fits
6783/spec-6783-56284-0121.fits
6783/spec-6783-56284-0122.fits
6783/spec-6783-56284-0123.fits
6783/spec-6783-56284-0124.fits
6783/spec-6783-56284-0125.fits
6783/spec-6783-56284-0126.fits
6783/spec-6783-56284-0127.fits
6783/spec-6783-56284-0128.fits
6783/spec-6783-56284-0129.fits
6783/spec-6783-56284-0130.fits
6783/spec-6783-56284-0131.fits
6783/spec-6783-56284-0132.fits
6783/spec-6783-56284-0133.fits
6783/spec-6783-56284-0134.fits
6783/spec-6783-56284-0135.fits
6783/spec-6783-56284-0136.fits
6783/spec-6783-56284-0137.fits
6783/spec-6783-56284-0138.fits
6783/spec-6783-56284-0139.fits
6783/spec-6783-56284-0140.fits
6783/spec-6783-56284-0141.fits
6783/spec-6783-56284-0142.fits
6783/spec-6783-56284-0143.fits
6783/spec-6783-56284-0144.fits
6783/spec-6783-56284-0145.fits
6783/spec-6783-56284-0146.fits
6783/spec-6783-56284-0147.fits
6783/spec-6783-56284-0148.fits
6783/spec-6783-56284-0149.fits
6783/spec-6783-56284-0150.fits
6783/spec-6783-56284-0151.fits
6783/spec-6783-56284-0152.fits
6783/spec-6783-56284-0153.fits
6783/spec-6783-56284-0154.fits
6783/spec-6783-56284-0155.fits
6783/spec-6783-56284-0156.fits
6783/spec-6783-56284-0157.fits
6783/spec-6783-56284-0158.fits
6783/spec-6783-56284-0159.fits
6783/spec-6783-56284-0160.fits
6783/spec-6783-56284-0161.fits
6783/spec-6783-56284-0162.fits
6783/spec-6783-56284-0163.fits
6783/spec-6783-56284-0164.fits
6783/spec-6783-56284-0165.fits
6783/spec-6783-56284-0166.fits
6783/spec-6783-56284-0167.fits
6783/spec-6783-56284-0168.fits
6783/spec-6783-56284-0169.fits
6783/spec-6783-56284-0170.fits
6783/spec-6783-56284-0171.fits
6783/spec-6783-56284-0172.fits
6783/spec-6783-56284-0173.fits
6783/spec-6783-56284-0174.fits
6783/spec-6783-56284-0175.fits
6783/spec-6783-56284-0176.fits
6783/spec-6783-56284-0177.fits
6783/spec-6783-56284-0178.fits
6783/spec-6783-56284-0179.fits
6783/spec-6783-56284-0180.fits
6783/spec-6783-56284-0181.fits
6783/spec-6783-56284-0182.fits
6783/spec-6783-56284-0183.fits
6783/spec-6783-56284-0184.fits
6783/spec-6783-56284-0185.fits
6783/spec-6783-56284-0186.fits
6783/spec-6783-56284-0187.fits
6783/spec-6783-56284-0188.fits
6783/spec-6783-56284-0189.fits
6783/spec-6783-56284-0190.fits
6783/spec-6783-56284-0191.fits
6783/spec-6783-56284-0192.fits
6783/spec-6783-56284-0193.fits
6783/spec-6783-56284-0194.fits
6783/spec-6783-56284-0195.fits
6783/spec-6783-56284-0196.fits
6783/spec-6783-56284-0197.fits
6783/spec-6783-56284-0198.fits
6783/spec-6783-56284-0199.fits
6783/spec-6783-56284-0200.fits
6783/spec-6783-56284-0201.fits
6783/spec-6783-56284-0202.fits
6783/spec-6783-56284-0203.fits
6783/spec-6783-56284-0204.fits
6783/spec-6783-56284-0205.fits
6783/spec-6783-56284-0206.fits
6783/spec-6783-56284-0207.fits
6783/spec-6783-56284-0208.fits
6783/spec-6783-56284-0209.fits
6783/spec-6783-56284-0210.fits
6783/spec-6783-56284-0211.fits
6783/spec-6783-56284-0212.fits
6783/spec-6783-56284-0213.fits
6783/spec-6783-56284-0214.fits
6783/spec-6783-56284-0215.fits
6783/spec-6783-56284-0216.fits
6783/spec-6783-56284-0217.fits
6783/spec-6783-56284-0218.fits
6783/spec-6783-56284-0219.fits
6783/spec-6783-56284-0220.fits
6783/spec-6783-56284-0221.fits
6783/spec-6783-56284-0222.fits
6783/spec-6783-56284-0223.fits
6783/spec-6783-56284-0224.fits
6783/spec-6783-56284-0225.fits
6783/spec-6783-56284-0226.fits
6783/spec-6783-56284-0227.fits
6783/spec-6783-56284-0228.fits
6783/spec-6783-56284-0229.fits
6783/spec-6783-56284-0230.fits
6783/spec-6783-56284-0231.fits
6783/spec-6783-56284-0232.fits
6783/spec-6783-56284-0233.fits
6783/spec-6783-56284-0234.fits
6783/spec-6783-56284-0235.fits
6783/spec-6783-56284-0236.fits
6783/spec-6783-56284-0237.fits
6783/spec-6783-56284-0238.fits
6783/spec-6783-56284-0239.fits
6783/spec-6783-56284-0240.fits
6783/spec-6783-56284-0241.fits
6783/spec-6783-56284-0242.fits
6783/spec-6783-56284-0243.fits
6783/spec-6783-56284-0244.fits
6783/spec-6783-56284-0245.fits
6783/spec-6783-56284-0246.fits
6783/spec-6783-56284-0247.fits
6783/spec-6783-56284-0248.fits
6783/spec-6783-56284-0249.fits
6783/spec-6783-56284-0250.fits
6783/spec-6783-56284-0251.fits
6783/spec-6783-56284-0252.fits
6783/spec-6783-56284-0253.fits
6783/spec-6783-56284-0254.fits
6783/spec-6783-56284-0255.fits
6783/spec-6783-56284-0256.fits
6783/spec-6783-56284-0257.fits
6783/spec-6783-56284-0258.fits
6783/spec-6783-56284-0259.fits
6783/spec-6783-56284-0260.fits
6783/spec-6783-56284-0261.fits
6783/spec-6783-56284-0262.fits
6783/spec-6783-56284-0263.fits
6783/spec-6783-56284-0264.fits
6783/spec-6783-56284-0265.fits
6783/spec-6783-56284-0266.fits
6783/spec-6783-56284-0267.fits
6783/spec-6783-56284-0268.fits
6783/spec-6783-56284-0269.fits
6783/spec-6783-56284-0270.fits
6783/spec-6783-56284-0271.fits
6783/spec-6783-56284-0272.fits
6783/spec-6783-56284-0273.fits
6783/spec-6783-56284-0274.fits
6783/spec-6783-56284-0275.fits
6783/spec-6783-56284-0276.fits
6783/spec-6783-56284-0277.fits
6783/spec-6783-56284-0278.fits
6783/spec-6783-56284-0279.fits
6783/spec-6783-56284-0280.fits
6783/spec-6783-56284-0281.fits
6783/spec-6783-56284-0282.fits
6783/spec-6783-56284-0283.fits
6783/spec-6783-56284-0284.fits
6783/spec-6783-56284-0285.fits
6783/spec-6783-56284-0286.fits
6783/spec-6783-56284-0287.fits
6783/spec-6783-56284-0288.fits
6783/spec-6783-56284-0289.fits
6783/spec-6783-56284-0290.fits
6783/spec-6783-56284-0291.fits
6783/spec-6783-56284-0292.fits
6783/spec-6783-56284-0293.fits
6783/spec-6783-56284-0294.fits
6783/spec-6783-56284-0295.fits
6783/spec-6783-56284-0296.fits
6783/spec-6783-56284-0297.fits
6783/spec-6783-56284-0298.fits
6783/spec-6783-56284-0299.fits
6783/spec-6783-56284-0300.fits
6783/spec-6783-56284-0301.fits
6783/spec-6783-56284-0302.fits
6783/spec-6783-56284-0303.fits
6783/spec-6783-56284-0304.fits
6783/spec-6783-56284-0305.fits
6783/spec-6783-56284-0306.fits
6783/spec-6783-56284-0307.fits
6783/spec-6783-56284-0308.fits
6783/spec-6783-56284-0309.fits
6783/spec-6783-56284-0310.fits
6783/spec-6783-56284-0311.fits
6783/spec-6783-56284-0312.fits
6783/spec-6783-56284-0313.fits
6783/spec-6783-56284-0314.fits
6783/spec-6783-56284-0315.fits
6783/spec-6783-56284-0316.fits
6783/spec-6783-56284-0317.fits
6783/spec-6783-56284-0318.fits
6783/spec-6783-56284-0319.fits
6783/spec-6783-56284-0320.fits
6783/spec-6783-56284-0321.fits
6783/spec-6783-56284-0322.fits
6783/spec-6783-56284-0323.fits
6783/spec-6783-56284-0324.fits
6783/spec-6783-56284-0325.fits
6783/spec-6783-56284-0326.fits
6783/spec-6783-56284-0327.fits
6783/spec-6783-56284-0328.fits
6783/spec-6783-56284-0329.fits
6783/spec-6783-56284-0330.fits
6783/spec-6783-56284-0331.fits
6783/spec-6783-56284-0332.fits
6783/spec-6783-56284-0333.fits
6783/spec-6783-56284-0334.fits
6783/spec-6783-56284-0335.fits
6783/spec-6783-56284-0336.fits
6783/spec-6783-56284-0337.fits
6783/spec-6783-56284-0338.fits
6783/spec-6783-56284-0339.fits
6783/spec-6783-56284-0340.fits
6783/spec-6783-56284-0341.fits
6783/spec-6783-56284-0342.fits
6783/spec-6783-56284-0343.fits
6783/spec-6783-56284-0344.fits
6783/spec-6783-56284-0345.fits
6783/spec-6783-56284-0346.fits
6783/spec-6783-56284-0347.fits
6783/spec-6783-56284-0348.fits
6783/spec-6783-56284-0349.fits
6783/spec-6783-56284-0350.fits
6783/spec-6783-56284-0351.fits
6783/spec-6783-56284-0352.fits
6783/spec-6783-56284-0353.fits
6783/spec-6783-56284-0354.fits
6783/spec-6783-56284-0355.fits
6783/spec-6783-56284-0356.fits
6783/spec-6783-56284-0357.fits
6783/spec-6783-56284-0358.fits
6783/spec-6783-56284-0359.fits
6783/spec-6783-56284-0360.fits
6783/spec-6783-56284-0361.fits
6783/spec-6783-56284-0362.fits
6783/spec-6783-56284-0363.fits
6783/spec-6783-56284-0364.fits
6783/spec-6783-56284-0365.fits
6783/spec-6783-56284-0366.fits
6783/spec-6783-56284-0367.fits
6783/spec-6783-56284-0368.fits
6783/spec-6783-56284-0369.fits
6783/spec-6783-56284-0370.fits
6783/spec-6783-56284-0371.fits
6783/spec-6783-56284-0372.fits
6783/spec-6783-56284-0373.fits
6783/spec-6783-56284-0374.fits
6783/spec-6783-56284-0375.fits
6783/spec-6783-56284-0376.fits
6783/spec-6783-56284-0377.fits
6783/spec-6783-56284-0378.fits
6783/spec-6783-56284-0379.fits
6783/spec-6783-56284-0380.fits
6783/spec-6783-56284-0381.fits
6783/spec-6783-56284-0382.fits
6783/spec-6783-56284-0383.fits
6783/spec-6783-56284-0384.fits
6783/spec-6783-56284-0385.fits
6783/spec-6783-56284-0386.fits
6783/spec-6783-56284-0387.fits
6783/spec-6783-56284-0388.fits
6783/spec-6783-56284-0389.fits
6783/spec-6783-56284-0390.fits
6783/spec-6783-56284-0391.fits
6783/spec-6783-56284-0392.fits
6783/spec-6783-56284-0393.fits
6783/spec-6783-56284-0394.fits
6783/spec-6783-56284-0395.fits
6783/spec-6783-56284-0396.fits
6783/spec-6783-56284-0397.fits
6783/spec-6783-56284-0398.fits
6783/spec-6783-56284-0399.fits
6783/spec-6783-56284-0400.fits
6783/spec-6783-56284-0401.fits
6783/spec-6783-56284-0402.fits
6783/spec-6783-56284-0403.fits
6783/spec-6783-56284-0404.fits
6783/spec-6783-56284-0405.fits
6783/spec-6783-56284-0406.fits
6783/spec-6783-56284-0407.fits
6783/spec-6783-56284-0408.fits
6783/spec-6783-56284-0409.fits
6783/spec-6783-56284-0410.fits
6783/spec-6783-56284-0411.fits
6783/spec-6783-56284-0412.fits
6783/spec-6783-56284-0413.fits
6783/spec-6783-56284-0414.fits
6783/spec-6783-56284-0415.fits
6783/spec-6783-56284-0416.fits
6783/spec-6783-56284-0417.fits
6783/spec-6783-56284-0418.fits
6783/spec-6783-56284-0419.fits
6783/spec-6783-56284-0420.fits
6783/spec-6783-56284-0421.fits
6783/spec-6783-56284-0422.fits
6783/spec-6783-56284-0423.fits
6783/spec-6783-56284-0424.fits
6783/spec-6783-56284-0425.fits
6783/spec-6783-56284-0426.fits
6783/spec-6783-56284-0427.fits
6783/spec-6783-56284-0428.fits
6783/spec-6783-56284-0429.fits
6783/spec-6783-56284-0430.fits
6783/spec-6783-56284-0431.fits
6783/spec-6783-56284-0432.fits
6783/spec-6783-56284-0433.fits
6783/spec-6783-56284-0434.fits
6783/spec-6783-56284-0435.fits
6783/spec-6783-56284-0436.fits
6783/spec-6783-56284-0437.fits
6783/spec-6783-56284-0438.fits
6783/spec-6783-56284-0439.fits
6783/spec-6783-56284-0440.fits
6783/spec-6783-56284-0441.fits
6783/spec-6783-56284-0442.fits
6783/spec-6783-56284-0443.fits
6783/spec-6783-56284-0444.fits
6783/spec-6783-56284-0445.fits
6783/spec-6783-56284-0446.fits
6783/spec-6783-56284-0447.fits
6783/spec-6783-56284-0448.fits
6783/spec-6783-56284-0449.fits
6783/spec-6783-56284-0450.fits
6783/spec-6783-56284-0451.fits
6783/spec-6783-56284-0452.fits
6783/spec-6783-56284-0453.fits
6783/spec-6783-56284-0454.fits
6783/spec-6783-56284-0455.fits
6783/spec-6783-56284-0456.fits
6783/spec-6783-56284-0457.fits
6783/spec-6783-56284-0458.fits
6783/spec-6783-56284-0459.fits
6783/spec-6783-56284-0460.fits
6783/spec-6783-56284-0461.fits
6783/spec-6783-56284-0462.fits
6783/spec-6783-56284-0463.fits
6783/spec-6783-56284-0464.fits
6783/spec-6783-56284-0465.fits
6783/spec-6783-56284-0466.fits
6783/spec-6783-56284-0467.fits
6783/spec-6783-56284-0468.fits
6783/spec-6783-56284-0469.fits
6783/spec-6783-56284-0470.fits
6783/spec-6783-56284-0471.fits
6783/spec-6783-56284-0472.fits
6783/spec-6783-56284-0473.fits
6783/spec-6783-56284-0474.fits
6783/spec-6783-56284-0475.fits
6783/spec-6783-56284-0476.fits
6783/spec-6783-56284-0477.fits
6783/spec-6783-56284-0478.fits
6783/spec-6783-56284-0479.fits
6783/spec-6783-56284-0480.fits
6783/spec-6783-56284-0481.fits
6783/spec-6783-56284-0482.fits
6783/spec-6783-56284-0483.fits
6783/spec-6783-56284-0484.fits
6783/spec-6783-56284-0485.fits
6783/spec-6783-56284-0486.fits
6783/spec-6783-56284-0487.fits
6783/spec-6783-56284-0488.fits
6783/spec-6783-56284-0489.fits
6783/spec-6783-56284-0490.fits
6783/spec-6783-56284-0491.fits
6783/spec-6783-56284-0492.fits
6783/spec-6783-56284-0493.fits
6783/spec-6783-56284-0494.fits
6783/spec-6783-56284-0495.fits
6783/spec-6783-56284-0496.fits
6783/spec-6783-56284-0497.fits
6783/spec-6783-56284-0498.fits
6783/spec-6783-56284-0499.fits
6783/spec-6783-56284-0500.fits
6783/spec-6783-56284-0501.fits
6783/spec-6783-56284-0502.fits
6783/spec-6783-56284-0503.fits
6783/spec-6783-56284-0504.fits
6783/spec-6783-56284-0505.fits
6783/spec-6783-56284-0506.fits
6783/spec-6783-56284-0507.fits
6783/spec-6783-56284-0508.fits
6783/spec-6783-56284-0509.fits
6783/spec-6783-56284-0510.fits
6783/spec-6783-56284-0511.fits
6783/spec-6783-56284-0512.fits
6783/spec-6783-56284-0513.fits
6783/spec-6783-56284-0514.fits
6783/spec-6783-56284-0515.fits
6783/spec-6783-56284-0516.fits
6783/spec-6783-56284-0517.fits
6783/spec-6783-56284-0518.fits
6783/spec-6783-56284-0519.fits
6783/spec-6783-56284-0520.fits
6783/spec-6783-56284-0521.fits
6783/spec-6783-56284-0522.fits
6783/spec-6783-56284-0523.fits
6783/spec-6783-56284-0524.fits
6783/spec-6783-56284-0525.fits
6783/spec-6783-56284-0526.fits
6783/spec-6783-56284-0527.fits
6783/spec-6783-56284-0528.fits
6783/spec-6783-56284-0529.fits
6783/spec-6783-56284-0530.fits
6783/spec-6783-56284-0531.fits
6783/spec-6783-56284-0532.fits
6783/spec-6783-56284-0533.fits
6783/spec-6783-56284-0534.fits
6783/spec-6783-56284-0535.fits
6783/spec-6783-56284-0536.fits
6783/spec-6783-56284-0537.fits
6783/spec-6783-56284-0538.fits
6783/spec-6783-56284-0539.fits
6783/spec-6783-56284-0540.fits
6783/spec-6783-56284-0541.fits
6783/spec-6783-56284-0542.fits
6783/spec-6783-56284-0543.fits
6783/spec-6783-56284-0544.fits
6783/spec-6783-56284-0545.fits
6783/spec-6783-56284-0546.fits
6783/spec-6783-56284-0547.fits
6783/spec-6783-56284-0548.fits
6783/spec-6783-56284-0549.fits
6783/spec-6783-56284-0550.fits
6783/spec-6783-56284-0551.fits
6783/spec-6783-56284-0552.fits
6783/spec-6783-56284-0553.fits
6783/spec-6783-56284-0554.fits
6783/spec-6783-56284-0555.fits
6783/spec-6783-56284-0556.fits
6783/spec-6783-56284-0557.fits
6783/spec-6783-56284-0558.fits
6783/spec-6783-56284-0559.fits
6783/spec-6783-56284-0560.fits
6783/spec-6783-56284-0561.fits
6783/spec-6783-56284-0562.fits
6783/spec-6783-56284-0563.fits
6783/spec-6783-56284-0564.fits
6783/spec-6783-56284-0565.fits
6783/spec-6783-56284-0566.fits
6783/spec-6783-56284-0567.fits
6783/spec-6783-56284-0568.fits
6783/spec-6783-56284-0569.fits
6783/spec-6783-56284-0570.fits
6783/spec-6783-56284-0571.fits
6783/spec-6783-56284-0572.fits
6783/spec-6783-56284-0573.fits
6783/spec-6783-56284-0574.fits
6783/spec-6783-56284-0575.fits
6783/spec-6783-56284-0576.fits
6783/spec-6783-56284-0577.fits
6783/spec-6783-56284-0578.fits
6783/spec-6783-56284-0579.fits
6783/spec-6783-56284-0580.fits
6783/spec-6783-56284-0581.fits
6783/spec-6783-56284-0582.fits
6783/spec-6783-56284-0583.fits
6783/spec-6783-56284-0584.fits
6783/spec-6783-56284-0585.fits
6783/spec-6783-56284-0586.fits
6783/spec-6783-56284-0587.fits
6783/spec-6783-56284-0588.fits
6783/spec-6783-56284-0589.fits
6783/spec-6783-56284-0590.fits
6783/spec-6783-56284-0591.fits
6783/spec-6783-56284-0592.fits
6783/spec-6783-56284-0593.fits
6783/spec-6783-56284-0594.fits
6783/spec-6783-56284-0595.fits
6783/spec-6783-56284-0596.fits
6783/spec-6783-56284-0597.fits
6783/spec-6783-56284-0598.fits
6783/spec-6783-56284-0599.fits
6783/spec-6783-56284-0600.fits
6783/spec-6783-56284-0601.fits
6783/spec-6783-56284-0602.fits
6783/spec-6783-56284-0603.fits
6783/spec-6783-56284-0604.fits
6783/spec-6783-56284-0605.fits
6783/spec-6783-56284-0606.fits
6783/spec-6783-56284-0607.fits
6783/spec-6783-56284-0608.fits
6783/spec-6783-56284-0609.fits
6783/spec-6783-56284-0610.fits
6783/spec-6783-56284-0611.fits
6783/spec-6783-56284-0612.fits
6783/spec-6783-56284-0613.fits
6783/spec-6783-56284-0614.fits
6783/spec-6783-56284-0615.fits
6783/spec-6783-56284-0616.fits
6783/spec-6783-56284-0617.fits
6783/spec-6783-56284-0618.fits
6783/spec-6783-56284-0619.fits
6783/spec-6783-56284-0620.fits
6783/spec-6783-56284-0621.fits
6783/spec-6783-56284-0622.fits
6783/spec-6783-56284-0623.fits
6783/spec-6783-56284-0624.fits
6783/spec-6783-56284-0625.fits
6783/spec-6783-56284-0626.fits
6783/spec-6783-56284-0627.fits
6783/spec-6783-56284-0628.fits
6783/spec-6783-56284-0629.fits
6783/spec-6783-56284-0630.fits
6783/spec-6783-56284-0631.fits
6783/spec-6783-56284-0632.fits
6783/spec-6783-56284-0633.fits
6783/spec-6783-56284-0634.fits
6783/spec-6783-56284-0635.fits
6783/spec-6783-56284-0636.fits
6783/spec-6783-56284-0637.fits
6783/spec-6783-56284-0638.fits
6783/spec-6783-56284-0639.fits
6783/spec-6783-56284-0640.fits
6783/spec-6783-56284-0641.fits
6783/spec-6783-56284-0642.fits
6783/spec-6783-56284-0643.fits
6783/spec-6783-56284-0644.fits
6783/spec-6783-56284-0645.fits
6783/spec-6783-56284-0646.fits
6783/spec-6783-56284-0647.fits
6783/spec-6783-56284-0648.fits
6783/spec-6783-56284-0649.fits
6783/spec-6783-56284-0650.fits
6783/spec-6783-56284-0651.fits
6783/spec-6783-56284-0652.fits
6783/spec-6783-56284-0653.fits
6783/spec-6783-56284-0654.fits
6783/spec-6783-56284-0655.fits
6783/spec-6783-56284-0656.fits
6783/spec-6783-56284-0657.fits
6783/spec-6783-56284-0658.fits
6783/spec-6783-56284-0659.fits
6783/spec-6783-56284-0660.fits
6783/spec-6783-56284-0661.fits
6783/spec-6783-56284-0662.fits
6783/spec-6783-56284-0663.fits
6783/spec-6783-56284-0664.fits
6783/spec-6783-56284-0665.fits
6783/spec-6783-56284-0666.fits
6783/spec-6783-56284-0667.fits
6783/spec-6783-56284-0668.fits
6783/spec-6783-56284-0669.fits
6783/spec-6783-56284-0670.fits
6783/spec-6783-56284-0671.fits
6783/spec-6783-56284-0672.fits
6783/spec-6783-56284-0673.fits
6783/spec-6783-56284-0674.fits
6783/spec-6783-56284-0675.fits
6783/spec-6783-56284-0676.fits
6783/spec-6783-56284-0677.fits
6783/spec-6783-56284-0678.fits
6783/spec-6783-56284-0679.fits
6783/spec-6783-56284-0680.fits
6783/spec-6783-56284-0681.fits
6783/spec-6783-56284-0682.fits
6783/spec-6783-56284-0683.fits
6783/spec-6783-56284-0684.fits
6783/spec-6783-56284-0685.fits
6783/spec-6783-56284-0686.fits
6783/spec-6783-56284-0687.fits
6783/spec-6783-56284-0688.fits
6783/spec-6783-56284-0689.fits
6783/spec-6783-56284-0690.fits
6783/spec-6783-56284-0691.fits
6783/spec-6783-56284-0692.fits
6783/spec-6783-56284-0693.fits
6783/spec-6783-56284-0694.fits
6783/spec-6783-56284-0695.fits
6783/spec-6783-56284-0696.fits
6783/spec-6783-56284-0697.fits
6783/spec-6783-56284-0698.fits
6783/spec-6783-56284-0699.fits
6783/spec-6783-56284-0700.fits
6783/spec-6783-56284-0701.fits
6783/spec-6783-56284-0702.fits
6783/spec-6783-56284-0703.fits
6783/spec-6783-56284-0704.fits
6783/spec-6783-56284-0705.fits
6783/spec-6783-56284-0706.fits
6783/spec-6783-56284-0707.fits
6783/spec-6783-56284-0708.fits
6783/spec-6783-56284-0709.fits
6783/spec-6783-56284-0710.fits
6783/spec-6783-56284-0711.fits
6783/spec-6783-56284-0712.fits
6783/spec-6783-56284-0713.fits
6783/spec-6783-56284-0714.fits
6783/spec-6783-56284-0715.fits
6783/spec-6783-56284-0716.fits
6783/spec-6783-56284-0717.fits
6783/spec-6783-56284-0718.fits
6783/spec-6783-56284-0719.fits
6783/spec-6783-56284-0720.fits
6783/spec-6783-56284-0721.fits
6783/spec-6783-56284-0722.fits
6783/spec-6783-56284-0723.fits
6783/spec-6783-56284-0724.fits
6783/spec-6783-56284-0725.fits
6783/spec-6783-56284-0726.fits
6783/spec-6783-56284-0727.fits
6783/spec-6783-56284-0728.fits
6783/spec-6783-56284-0729.fits
6783/spec-6783-56284-0730.fits
6783/spec-6783-56284-0731.fits
6783/spec-6783-56284-0732.fits
6783/spec-6783-56284-0733.fits
6783/spec-6783-56284-0734.fits
6783/spec-6783-56284-0735.fits
6783/spec-6783-56284-0736.fits
6783/spec-6783-56284-0737.fits
6783/spec-6783-56284-0738.fits
6783/spec-6783-56284-0739.fits
6783/spec-6783-56284-0740.fits
6783/spec-6783-56284-0741.fits
6783/spec-6783-56284-0742.fits
6783/spec-6783-56284-0743.fits
6783/spec-6783-56284-0744.fits
6783/spec-6783-56284-0745.fits
6783/spec-6783-56284-0746.fits
6783/spec-6783-56284-0747.fits
6783/spec-6783-56284-0748.fits
6783/spec-6783-56284-0749.fits
6783/spec-6783-56284-0750.fits
6783/spec-6783-56284-0751.fits
6783/spec-6783-56284-0752.fits
6783/spec-6783-56284-0753.fits
6783/spec-6783-56284-0754.fits
6783/spec-6783-56284-0755.fits
6783/spec-6783-56284-0756.fits
6783/spec-6783-56284-0757.fits
6783/spec-6783-56284-0758.fits
6783/spec-6783-56284-0759.fits
6783/spec-6783-56284-0760.fits
6783/spec-6783-56284-0761.fits
6783/spec-6783-56284-0762.fits
6783/spec-6783-56284-0763.fits
6783/spec-6783-56284-0764.fits
6783/spec-6783-56284-0765.fits
6783/spec-6783-56284-0766.fits
6783/spec-6783-56284-0767.fits
6783/spec-6783-56284-0768.fits
6783/spec-6783-56284-0769.fits
6783/spec-6783-56284-0770.fits
6783/spec-6783-56284-0771.fits
6783/spec-6783-56284-0772.fits
6783/spec-6783-56284-0773.fits
6783/spec-6783-56284-0774.fits
6783/spec-6783-56284-0775.fits
6783/spec-6783-56284-0776.fits
6783/spec-6783-56284-0777.fits
6783/spec-6783-56284-0778.fits
6783/spec-6783-56284-0779.fits
6783/spec-6783-56284-0780.fits
6783/spec-6783-56284-0781.fits
6783/spec-6783-56284-0782.fits
6783/spec-6783-56284-0783.fits
6783/spec-6783-56284-0784.fits
6783/spec-6783-56284-0785.fits
6783/spec-6783-56284-0786.fits
6783/spec-6783-56284-0787.fits
6783/spec-6783-56284-0788.fits
6783/spec-6783-56284-0789.fits
6783/spec-6783-56284-0790.fits
6783/spec-6783-56284-0791.fits
6783/spec-6783-56284-0792.fits
6783/spec-6783-56284-0793.fits
6783/spec-6783-56284-0794.fits
6783/spec-6783-56284-0795.fits
6783/spec-6783-56284-0796.fits
6783/spec-6783-56284-0797.fits
6783/spec-6783-56284-0798.fits
6783/spec-6783-56284-0799.fits
6783/spec-6783-56284-0800.fits
6783/spec-6783-56284-0801.fits
6783/spec-6783-56284-0802.fits
6783/spec-6783-56284-0803.fits
6783/spec-6783-56284-0804.fits
6783/spec-6783-56284-0805.fits
6783/spec-6783-56284-0806.fits
6783/spec-6783-56284-0807.fits
6783/spec-6783-56284-0808.fits
6783/spec-6783-56284-0809.fits
6783/spec-6783-56284-0810.fits
6783/spec-6783-56284-0811.fits
6783/spec-6783-56284-0812.fits
6783/spec-6783-56284-0813.fits
6783/spec-6783-56284-0814.fits
6783/spec-6783-56284-0815.fits
6783/spec-6783-56284-0816.fits
6783/spec-6783-56284-0817.fits
6783/spec-6783-56284-0818.fits
6783/spec-6783-56284-0819.fits
6783/spec-6783-56284-0820.fits
6783/spec-6783-56284-0821.fits
6783/spec-6783-56284-0822.fits
6783/spec-6783-56284-0823.fits
6783/spec-6783-56284-0824.fits
6783/spec-6783-56284-0825.fits
6783/spec-6783-56284-0826.fits
6783/spec-6783-56284-0827.fits
6783/spec-6783-56284-0828.fits
6783/spec-6783-56284-0829.fits
6783/spec-6783-56284-0830.fits
6783/spec-6783-56284-0831.fits
6783/spec-6783-56284-0832.fits
6783/spec-6783-56284-0833.fits
6783/spec-6783-56284-0834.fits
6783/spec-6783-56284-0835.fits
6783/spec-6783-56284-0836.fits
6783/spec-6783-56284-0837.fits
6783/spec-6783-56284-0838.fits
6783/spec-6783-56284-0839.fits
6783/spec-6783-56284-0840.fits
6783/spec-6783-56284-0841.fits
6783/spec-6783-56284-0842.fits
6783/spec-6783-56284-0843.fits
6783/spec-6783-56284-0844.fits
6783/spec-6783-56284-0845.fits
6783/spec-6783-56284-0846.fits
6783/spec-6783-56284-0847.fits
6783/spec-6783-56284-0848.fits
6783/spec-6783-56284-0849.fits
6783/spec-6783-56284-0850.fits
6783/spec-6783-56284-0851.fits
6783/spec-6783-56284-0852.fits
6783/spec-6783-56284-0853.fits
6783/spec-6783-56284-0854.fits
6783/spec-6783-56284-0855.fits
6783/spec-6783-56284-0856.fits
6783/spec-6783-56284-0857.fits
6783/spec-6783-56284-0858.fits
6783/spec-6783-56284-0859.fits
6783/spec-6783-56284-0860.fits
6783/spec-6783-56284-0861.fits
6783/spec-6783-56284-0862.fits
6783/spec-6783-56284-0863.fits
6783/spec-6783-56284-0864.fits
6783/spec-6783-56284-0865.fits
6783/spec-6783-56284-0866.fits
6783/spec-6783-56284-0867.fits
6783/spec-6783-56284-0868.fits
6783/spec-6783-56284-0869.fits
6783/spec-6783-56284-0870.fits
6783/spec-6783-56284-0871.fits
6783/spec-6783-56284-0872.fits
6783/spec-6783-56284-0873.fits
6783/spec-6783-56284-0874.fits
6783/spec-6783-56284-0875.fits
6783/spec-6783-56284-0876.fits
6783/spec-6783-56284-0877.fits
6783/spec-6783-56284-0878.fits
6783/spec-6783-56284-0879.fits
6783/spec-6783-56284-0880.fits
6783/spec-6783-56284-0881.fits
6783/spec-6783-56284-0882.fits
6783/spec-6783-56284-0883.fits
6783/spec-6783-56284-0884.fits
6783/spec-6783-56284-0885.fits
6783/spec-6783-56284-0886.fits
6783/spec-6783-56284-0887.fits
6783/spec-6783-56284-0888.fits
6783/spec-6783-56284-0889.fits
6783/spec-6783-56284-0890.fits
6783/spec-6783-56284-0891.fits
6783/spec-6783-56284-0892.fits
6783/spec-6783-56284-0893.fits
6783/spec-6783-56284-0894.fits
6783/spec-6783-56284-0895.fits
6783/spec-6783-56284-0896.fits
6783/spec-6783-56284-0897.fits
6783/spec-6783-56284-0898.fits
6783/spec-6783-56284-0899.fits
6783/spec-6783-56284-0900.fits
6783/spec-6783-56284-0901.fits
6783/spec-6783-56284-0902.fits
6783/spec-6783-56284-0903.fits
6783/spec-6783-56284-0904.fits
6783/spec-6783-56284-0905.fits
6783/spec-6783-56284-0906.fits
6783/spec-6783-56284-0907.fits
6783/spec-6783-56284-0908.fits
6783/spec-6783-56284-0909.fits
6783/spec-6783-56284-0910.fits
6783/spec-6783-56284-0911.fits
6783/spec-6783-56284-0912.fits
6783/spec-6783-56284-0913.fits
6783/spec-6783-56284-0914.fits
6783/spec-6783-56284-0915.fits
6783/spec-6783-56284-0916.fits
6783/spec-6783-56284-0917.fits
6783/spec-6783-56284-0918.fits
6783/spec-6783-56284-0919.fits
6783/spec-6783-56284-0920.fits
6783/spec-6783-56284-0921.fits
6783/spec-6783-56284-0922.fits
6783/spec-6783-56284-0923.fits
6783/spec-6783-56284-0924.fits
6783/spec-6783-56284-0925.fits
6783/spec-6783-56284-0926.fits
6783/spec-6783-56284-0927.fits
6783/spec-6783-56284-0928.fits
6783/spec-6783-56284-0929.fits
6783/spec-6783-56284-0930.fits
6783/spec-6783-56284-0931.fits
6783/spec-6783-56284-0932.fits
6783/spec-6783-56284-0933.fits
6783/spec-6783-56284-0934.fits
6783/spec-6783-56284-0935.fits
6783/spec-6783-56284-0936.fits
6783/spec-6783-56284-0937.fits
6783/spec-6783-56284-0938.fits
6783/spec-6783-56284-0939.fits
6783/spec-6783-56284-0940.fits
6783/spec-6783-56284-0941.fits
6783/spec-6783-56284-0942.fits
6783/spec-6783-56284-0943.fits
6783/spec-6783-56284-0944.fits
6783/spec-6783-56284-0945.fits
6783/spec-6783-56284-0946.fits
6783/spec-6783-56284-0947.fits
6783/spec-6783-56284-0948.fits
6783/spec-6783-56284-0949.fits
6783/spec-6783-56284-0950.fits
6783/spec-6783-56284-0951.fits
6783/spec-6783-56284-0952.fits
6783/spec-6783-56284-0953.fits
6783/spec-6783-56284-0954.fits
6783/spec-6783-56284-0955.fits
6783/spec-6783-56284-0956.fits
6783/spec-6783-56284-0957.fits
6783/spec-6783-56284-0958.fits
6783/spec-6783-56284-0959.fits
6783/spec-6783-56284-0960.fits
6783/spec-6783-56284-0961.fits
6783/spec-6783-56284-0962.fits
6783/spec-6783-56284-0963.fits
6783/spec-6783-56284-0964.fits
6783/spec-6783-56284-0965.fits
6783/spec-6783-56284-0966.fits
6783/spec-6783-56284-0967.fits
6783/spec-6783-56284-0968.fits
6783/spec-6783-56284-0969.fits
6783/spec-6783-56284-0970.fits
6783/spec-6783-56284-0971.fits
6783/spec-6783-56284-0972.fits
6783/spec-6783-56284-0973.fits
6783/spec-6783-56284-0974.fits
6783/spec-6783-56284-0975.fits
6783/spec-6783-56284-0976.fits
6783/spec-6783-56284-0977.fits
6783/spec-6783-56284-0978.fits
6783/spec-6783-56284-0979.fits
6783/spec-6783-56284-0980.fits
6783/spec-6783-56284-0981.fits
6783/spec-6783-56284-0982.fits
6783/spec-6783-56284-0983.fits
6783/spec-6783-56284-0984.fits
6783/spec-6783-56284-0985.fits
6783/spec-6783-56284-0986.fits
6783/spec-6783-56284-0987.fits
6783/spec-6783-56284-0988.fits
6783/spec-6783-56284-0989.fits
6783/spec-6783-56284-0990.fits
6783/spec-6783-56284-0991.fits
6783/spec-6783-56284-0992.fits
6783/spec-6783-56284-0993.fits
6783/spec-6783-56284-0994.fits
6783/spec-6783-56284-0995.fits
6783/spec-6783-56284-0996.fits
6783/spec-6783-56284-0997.fits
6783/spec-6783-56284-0998.fits
6783/spec-6783-56284-0999.fits
6783/spec-6783-56284-1000.fits
/var/lib/condor/execute/slot1/dir_1232
6783 6783.tgz R R361.tar.gz _condor_stderr _condor_stdout cB58_Lyman_break.fit condor_exec.exe hw4.R packages packages.tar.gz tmp var
[1] "Loaded package astro."
[1] 1000
6783 6783.csv 6783.tgz R R361.tar.gz _condor_stderr _condor_stdout cB58_Lyman_break.fit condor_exec.exe hw4.R packages packages.tar.gz tmp var
