6795
6795/
6795/spec-6795-56425-0001.fits
6795/spec-6795-56425-0002.fits
6795/spec-6795-56425-0003.fits
6795/spec-6795-56425-0004.fits
6795/spec-6795-56425-0005.fits
6795/spec-6795-56425-0006.fits
6795/spec-6795-56425-0007.fits
6795/spec-6795-56425-0008.fits
6795/spec-6795-56425-0009.fits
6795/spec-6795-56425-0010.fits
6795/spec-6795-56425-0011.fits
6795/spec-6795-56425-0012.fits
6795/spec-6795-56425-0013.fits
6795/spec-6795-56425-0014.fits
6795/spec-6795-56425-0015.fits
6795/spec-6795-56425-0016.fits
6795/spec-6795-56425-0017.fits
6795/spec-6795-56425-0018.fits
6795/spec-6795-56425-0019.fits
6795/spec-6795-56425-0020.fits
6795/spec-6795-56425-0021.fits
6795/spec-6795-56425-0022.fits
6795/spec-6795-56425-0023.fits
6795/spec-6795-56425-0024.fits
6795/spec-6795-56425-0025.fits
6795/spec-6795-56425-0026.fits
6795/spec-6795-56425-0027.fits
6795/spec-6795-56425-0028.fits
6795/spec-6795-56425-0029.fits
6795/spec-6795-56425-0030.fits
6795/spec-6795-56425-0031.fits
6795/spec-6795-56425-0032.fits
6795/spec-6795-56425-0033.fits
6795/spec-6795-56425-0034.fits
6795/spec-6795-56425-0035.fits
6795/spec-6795-56425-0036.fits
6795/spec-6795-56425-0037.fits
6795/spec-6795-56425-0038.fits
6795/spec-6795-56425-0039.fits
6795/spec-6795-56425-0040.fits
6795/spec-6795-56425-0041.fits
6795/spec-6795-56425-0042.fits
6795/spec-6795-56425-0043.fits
6795/spec-6795-56425-0044.fits
6795/spec-6795-56425-0045.fits
6795/spec-6795-56425-0046.fits
6795/spec-6795-56425-0047.fits
6795/spec-6795-56425-0048.fits
6795/spec-6795-56425-0049.fits
6795/spec-6795-56425-0050.fits
6795/spec-6795-56425-0051.fits
6795/spec-6795-56425-0052.fits
6795/spec-6795-56425-0053.fits
6795/spec-6795-56425-0054.fits
6795/spec-6795-56425-0055.fits
6795/spec-6795-56425-0056.fits
6795/spec-6795-56425-0057.fits
6795/spec-6795-56425-0058.fits
6795/spec-6795-56425-0059.fits
6795/spec-6795-56425-0060.fits
6795/spec-6795-56425-0061.fits
6795/spec-6795-56425-0062.fits
6795/spec-6795-56425-0063.fits
6795/spec-6795-56425-0064.fits
6795/spec-6795-56425-0065.fits
6795/spec-6795-56425-0066.fits
6795/spec-6795-56425-0067.fits
6795/spec-6795-56425-0068.fits
6795/spec-6795-56425-0069.fits
6795/spec-6795-56425-0070.fits
6795/spec-6795-56425-0071.fits
6795/spec-6795-56425-0072.fits
6795/spec-6795-56425-0073.fits
6795/spec-6795-56425-0074.fits
6795/spec-6795-56425-0075.fits
6795/spec-6795-56425-0076.fits
6795/spec-6795-56425-0077.fits
6795/spec-6795-56425-0078.fits
6795/spec-6795-56425-0079.fits
6795/spec-6795-56425-0080.fits
6795/spec-6795-56425-0081.fits
6795/spec-6795-56425-0082.fits
6795/spec-6795-56425-0083.fits
6795/spec-6795-56425-0084.fits
6795/spec-6795-56425-0085.fits
6795/spec-6795-56425-0086.fits
6795/spec-6795-56425-0087.fits
6795/spec-6795-56425-0088.fits
6795/spec-6795-56425-0089.fits
6795/spec-6795-56425-0090.fits
6795/spec-6795-56425-0091.fits
6795/spec-6795-56425-0092.fits
6795/spec-6795-56425-0093.fits
6795/spec-6795-56425-0094.fits
6795/spec-6795-56425-0095.fits
6795/spec-6795-56425-0096.fits
6795/spec-6795-56425-0097.fits
6795/spec-6795-56425-0098.fits
6795/spec-6795-56425-0099.fits
6795/spec-6795-56425-0100.fits
6795/spec-6795-56425-0101.fits
6795/spec-6795-56425-0102.fits
6795/spec-6795-56425-0103.fits
6795/spec-6795-56425-0104.fits
6795/spec-6795-56425-0105.fits
6795/spec-6795-56425-0106.fits
6795/spec-6795-56425-0107.fits
6795/spec-6795-56425-0108.fits
6795/spec-6795-56425-0109.fits
6795/spec-6795-56425-0110.fits
6795/spec-6795-56425-0111.fits
6795/spec-6795-56425-0112.fits
6795/spec-6795-56425-0113.fits
6795/spec-6795-56425-0114.fits
6795/spec-6795-56425-0115.fits
6795/spec-6795-56425-0116.fits
6795/spec-6795-56425-0117.fits
6795/spec-6795-56425-0118.fits
6795/spec-6795-56425-0119.fits
6795/spec-6795-56425-0120.fits
6795/spec-6795-56425-0121.fits
6795/spec-6795-56425-0122.fits
6795/spec-6795-56425-0123.fits
6795/spec-6795-56425-0124.fits
6795/spec-6795-56425-0125.fits
6795/spec-6795-56425-0126.fits
6795/spec-6795-56425-0127.fits
6795/spec-6795-56425-0128.fits
6795/spec-6795-56425-0129.fits
6795/spec-6795-56425-0130.fits
6795/spec-6795-56425-0131.fits
6795/spec-6795-56425-0132.fits
6795/spec-6795-56425-0133.fits
6795/spec-6795-56425-0134.fits
6795/spec-6795-56425-0135.fits
6795/spec-6795-56425-0136.fits
6795/spec-6795-56425-0137.fits
6795/spec-6795-56425-0138.fits
6795/spec-6795-56425-0139.fits
6795/spec-6795-56425-0140.fits
6795/spec-6795-56425-0141.fits
6795/spec-6795-56425-0142.fits
6795/spec-6795-56425-0143.fits
6795/spec-6795-56425-0144.fits
6795/spec-6795-56425-0145.fits
6795/spec-6795-56425-0146.fits
6795/spec-6795-56425-0147.fits
6795/spec-6795-56425-0148.fits
6795/spec-6795-56425-0149.fits
6795/spec-6795-56425-0150.fits
6795/spec-6795-56425-0151.fits
6795/spec-6795-56425-0152.fits
6795/spec-6795-56425-0153.fits
6795/spec-6795-56425-0154.fits
6795/spec-6795-56425-0155.fits
6795/spec-6795-56425-0156.fits
6795/spec-6795-56425-0157.fits
6795/spec-6795-56425-0158.fits
6795/spec-6795-56425-0159.fits
6795/spec-6795-56425-0160.fits
6795/spec-6795-56425-0161.fits
6795/spec-6795-56425-0162.fits
6795/spec-6795-56425-0163.fits
6795/spec-6795-56425-0164.fits
6795/spec-6795-56425-0165.fits
6795/spec-6795-56425-0166.fits
6795/spec-6795-56425-0167.fits
6795/spec-6795-56425-0168.fits
6795/spec-6795-56425-0169.fits
6795/spec-6795-56425-0170.fits
6795/spec-6795-56425-0171.fits
6795/spec-6795-56425-0172.fits
6795/spec-6795-56425-0173.fits
6795/spec-6795-56425-0174.fits
6795/spec-6795-56425-0175.fits
6795/spec-6795-56425-0176.fits
6795/spec-6795-56425-0177.fits
6795/spec-6795-56425-0178.fits
6795/spec-6795-56425-0179.fits
6795/spec-6795-56425-0180.fits
6795/spec-6795-56425-0181.fits
6795/spec-6795-56425-0182.fits
6795/spec-6795-56425-0183.fits
6795/spec-6795-56425-0184.fits
6795/spec-6795-56425-0185.fits
6795/spec-6795-56425-0186.fits
6795/spec-6795-56425-0187.fits
6795/spec-6795-56425-0188.fits
6795/spec-6795-56425-0189.fits
6795/spec-6795-56425-0190.fits
6795/spec-6795-56425-0191.fits
6795/spec-6795-56425-0192.fits
6795/spec-6795-56425-0193.fits
6795/spec-6795-56425-0194.fits
6795/spec-6795-56425-0195.fits
6795/spec-6795-56425-0196.fits
6795/spec-6795-56425-0197.fits
6795/spec-6795-56425-0198.fits
6795/spec-6795-56425-0199.fits
6795/spec-6795-56425-0200.fits
6795/spec-6795-56425-0201.fits
6795/spec-6795-56425-0202.fits
6795/spec-6795-56425-0203.fits
6795/spec-6795-56425-0204.fits
6795/spec-6795-56425-0205.fits
6795/spec-6795-56425-0206.fits
6795/spec-6795-56425-0207.fits
6795/spec-6795-56425-0208.fits
6795/spec-6795-56425-0209.fits
6795/spec-6795-56425-0210.fits
6795/spec-6795-56425-0211.fits
6795/spec-6795-56425-0212.fits
6795/spec-6795-56425-0213.fits
6795/spec-6795-56425-0214.fits
6795/spec-6795-56425-0215.fits
6795/spec-6795-56425-0216.fits
6795/spec-6795-56425-0217.fits
6795/spec-6795-56425-0218.fits
6795/spec-6795-56425-0219.fits
6795/spec-6795-56425-0220.fits
6795/spec-6795-56425-0221.fits
6795/spec-6795-56425-0222.fits
6795/spec-6795-56425-0223.fits
6795/spec-6795-56425-0224.fits
6795/spec-6795-56425-0225.fits
6795/spec-6795-56425-0226.fits
6795/spec-6795-56425-0227.fits
6795/spec-6795-56425-0228.fits
6795/spec-6795-56425-0229.fits
6795/spec-6795-56425-0230.fits
6795/spec-6795-56425-0231.fits
6795/spec-6795-56425-0232.fits
6795/spec-6795-56425-0233.fits
6795/spec-6795-56425-0234.fits
6795/spec-6795-56425-0235.fits
6795/spec-6795-56425-0236.fits
6795/spec-6795-56425-0237.fits
6795/spec-6795-56425-0238.fits
6795/spec-6795-56425-0239.fits
6795/spec-6795-56425-0240.fits
6795/spec-6795-56425-0241.fits
6795/spec-6795-56425-0242.fits
6795/spec-6795-56425-0243.fits
6795/spec-6795-56425-0244.fits
6795/spec-6795-56425-0245.fits
6795/spec-6795-56425-0246.fits
6795/spec-6795-56425-0247.fits
6795/spec-6795-56425-0248.fits
6795/spec-6795-56425-0249.fits
6795/spec-6795-56425-0250.fits
6795/spec-6795-56425-0251.fits
6795/spec-6795-56425-0252.fits
6795/spec-6795-56425-0253.fits
6795/spec-6795-56425-0254.fits
6795/spec-6795-56425-0255.fits
6795/spec-6795-56425-0256.fits
6795/spec-6795-56425-0257.fits
6795/spec-6795-56425-0258.fits
6795/spec-6795-56425-0259.fits
6795/spec-6795-56425-0260.fits
6795/spec-6795-56425-0261.fits
6795/spec-6795-56425-0262.fits
6795/spec-6795-56425-0263.fits
6795/spec-6795-56425-0264.fits
6795/spec-6795-56425-0265.fits
6795/spec-6795-56425-0266.fits
6795/spec-6795-56425-0267.fits
6795/spec-6795-56425-0268.fits
6795/spec-6795-56425-0269.fits
6795/spec-6795-56425-0270.fits
6795/spec-6795-56425-0271.fits
6795/spec-6795-56425-0272.fits
6795/spec-6795-56425-0273.fits
6795/spec-6795-56425-0274.fits
6795/spec-6795-56425-0275.fits
6795/spec-6795-56425-0276.fits
6795/spec-6795-56425-0277.fits
6795/spec-6795-56425-0278.fits
6795/spec-6795-56425-0279.fits
6795/spec-6795-56425-0280.fits
6795/spec-6795-56425-0281.fits
6795/spec-6795-56425-0282.fits
6795/spec-6795-56425-0283.fits
6795/spec-6795-56425-0284.fits
6795/spec-6795-56425-0285.fits
6795/spec-6795-56425-0286.fits
6795/spec-6795-56425-0287.fits
6795/spec-6795-56425-0288.fits
6795/spec-6795-56425-0289.fits
6795/spec-6795-56425-0290.fits
6795/spec-6795-56425-0291.fits
6795/spec-6795-56425-0292.fits
6795/spec-6795-56425-0293.fits
6795/spec-6795-56425-0294.fits
6795/spec-6795-56425-0295.fits
6795/spec-6795-56425-0296.fits
6795/spec-6795-56425-0297.fits
6795/spec-6795-56425-0298.fits
6795/spec-6795-56425-0299.fits
6795/spec-6795-56425-0300.fits
6795/spec-6795-56425-0301.fits
6795/spec-6795-56425-0302.fits
6795/spec-6795-56425-0303.fits
6795/spec-6795-56425-0304.fits
6795/spec-6795-56425-0305.fits
6795/spec-6795-56425-0306.fits
6795/spec-6795-56425-0307.fits
6795/spec-6795-56425-0308.fits
6795/spec-6795-56425-0309.fits
6795/spec-6795-56425-0310.fits
6795/spec-6795-56425-0311.fits
6795/spec-6795-56425-0312.fits
6795/spec-6795-56425-0313.fits
6795/spec-6795-56425-0314.fits
6795/spec-6795-56425-0315.fits
6795/spec-6795-56425-0316.fits
6795/spec-6795-56425-0317.fits
6795/spec-6795-56425-0318.fits
6795/spec-6795-56425-0319.fits
6795/spec-6795-56425-0320.fits
6795/spec-6795-56425-0321.fits
6795/spec-6795-56425-0322.fits
6795/spec-6795-56425-0323.fits
6795/spec-6795-56425-0324.fits
6795/spec-6795-56425-0325.fits
6795/spec-6795-56425-0326.fits
6795/spec-6795-56425-0327.fits
6795/spec-6795-56425-0328.fits
6795/spec-6795-56425-0329.fits
6795/spec-6795-56425-0330.fits
6795/spec-6795-56425-0331.fits
6795/spec-6795-56425-0332.fits
6795/spec-6795-56425-0333.fits
6795/spec-6795-56425-0334.fits
6795/spec-6795-56425-0335.fits
6795/spec-6795-56425-0336.fits
6795/spec-6795-56425-0337.fits
6795/spec-6795-56425-0338.fits
6795/spec-6795-56425-0339.fits
6795/spec-6795-56425-0340.fits
6795/spec-6795-56425-0341.fits
6795/spec-6795-56425-0342.fits
6795/spec-6795-56425-0343.fits
6795/spec-6795-56425-0344.fits
6795/spec-6795-56425-0345.fits
6795/spec-6795-56425-0346.fits
6795/spec-6795-56425-0347.fits
6795/spec-6795-56425-0348.fits
6795/spec-6795-56425-0349.fits
6795/spec-6795-56425-0350.fits
6795/spec-6795-56425-0351.fits
6795/spec-6795-56425-0352.fits
6795/spec-6795-56425-0353.fits
6795/spec-6795-56425-0354.fits
6795/spec-6795-56425-0355.fits
6795/spec-6795-56425-0356.fits
6795/spec-6795-56425-0357.fits
6795/spec-6795-56425-0358.fits
6795/spec-6795-56425-0359.fits
6795/spec-6795-56425-0360.fits
6795/spec-6795-56425-0361.fits
6795/spec-6795-56425-0362.fits
6795/spec-6795-56425-0363.fits
6795/spec-6795-56425-0364.fits
6795/spec-6795-56425-0365.fits
6795/spec-6795-56425-0366.fits
6795/spec-6795-56425-0367.fits
6795/spec-6795-56425-0368.fits
6795/spec-6795-56425-0369.fits
6795/spec-6795-56425-0370.fits
6795/spec-6795-56425-0371.fits
6795/spec-6795-56425-0372.fits
6795/spec-6795-56425-0373.fits
6795/spec-6795-56425-0374.fits
6795/spec-6795-56425-0375.fits
6795/spec-6795-56425-0376.fits
6795/spec-6795-56425-0377.fits
6795/spec-6795-56425-0378.fits
6795/spec-6795-56425-0379.fits
6795/spec-6795-56425-0380.fits
6795/spec-6795-56425-0381.fits
6795/spec-6795-56425-0382.fits
6795/spec-6795-56425-0383.fits
6795/spec-6795-56425-0384.fits
6795/spec-6795-56425-0385.fits
6795/spec-6795-56425-0386.fits
6795/spec-6795-56425-0387.fits
6795/spec-6795-56425-0388.fits
6795/spec-6795-56425-0389.fits
6795/spec-6795-56425-0390.fits
6795/spec-6795-56425-0391.fits
6795/spec-6795-56425-0392.fits
6795/spec-6795-56425-0393.fits
6795/spec-6795-56425-0394.fits
6795/spec-6795-56425-0395.fits
6795/spec-6795-56425-0396.fits
6795/spec-6795-56425-0397.fits
6795/spec-6795-56425-0398.fits
6795/spec-6795-56425-0399.fits
6795/spec-6795-56425-0400.fits
6795/spec-6795-56425-0401.fits
6795/spec-6795-56425-0402.fits
6795/spec-6795-56425-0403.fits
6795/spec-6795-56425-0404.fits
6795/spec-6795-56425-0405.fits
6795/spec-6795-56425-0406.fits
6795/spec-6795-56425-0407.fits
6795/spec-6795-56425-0408.fits
6795/spec-6795-56425-0409.fits
6795/spec-6795-56425-0410.fits
6795/spec-6795-56425-0411.fits
6795/spec-6795-56425-0412.fits
6795/spec-6795-56425-0413.fits
6795/spec-6795-56425-0414.fits
6795/spec-6795-56425-0415.fits
6795/spec-6795-56425-0416.fits
6795/spec-6795-56425-0417.fits
6795/spec-6795-56425-0418.fits
6795/spec-6795-56425-0419.fits
6795/spec-6795-56425-0420.fits
6795/spec-6795-56425-0421.fits
6795/spec-6795-56425-0422.fits
6795/spec-6795-56425-0423.fits
6795/spec-6795-56425-0424.fits
6795/spec-6795-56425-0425.fits
6795/spec-6795-56425-0426.fits
6795/spec-6795-56425-0427.fits
6795/spec-6795-56425-0428.fits
6795/spec-6795-56425-0429.fits
6795/spec-6795-56425-0430.fits
6795/spec-6795-56425-0431.fits
6795/spec-6795-56425-0432.fits
6795/spec-6795-56425-0433.fits
6795/spec-6795-56425-0434.fits
6795/spec-6795-56425-0435.fits
6795/spec-6795-56425-0436.fits
6795/spec-6795-56425-0437.fits
6795/spec-6795-56425-0438.fits
6795/spec-6795-56425-0439.fits
6795/spec-6795-56425-0440.fits
6795/spec-6795-56425-0441.fits
6795/spec-6795-56425-0442.fits
6795/spec-6795-56425-0443.fits
6795/spec-6795-56425-0444.fits
6795/spec-6795-56425-0445.fits
6795/spec-6795-56425-0446.fits
6795/spec-6795-56425-0447.fits
6795/spec-6795-56425-0448.fits
6795/spec-6795-56425-0449.fits
6795/spec-6795-56425-0450.fits
6795/spec-6795-56425-0451.fits
6795/spec-6795-56425-0452.fits
6795/spec-6795-56425-0453.fits
6795/spec-6795-56425-0454.fits
6795/spec-6795-56425-0455.fits
6795/spec-6795-56425-0456.fits
6795/spec-6795-56425-0457.fits
6795/spec-6795-56425-0458.fits
6795/spec-6795-56425-0459.fits
6795/spec-6795-56425-0460.fits
6795/spec-6795-56425-0461.fits
6795/spec-6795-56425-0462.fits
6795/spec-6795-56425-0463.fits
6795/spec-6795-56425-0464.fits
6795/spec-6795-56425-0465.fits
6795/spec-6795-56425-0466.fits
6795/spec-6795-56425-0467.fits
6795/spec-6795-56425-0468.fits
6795/spec-6795-56425-0469.fits
6795/spec-6795-56425-0470.fits
6795/spec-6795-56425-0471.fits
6795/spec-6795-56425-0472.fits
6795/spec-6795-56425-0473.fits
6795/spec-6795-56425-0474.fits
6795/spec-6795-56425-0475.fits
6795/spec-6795-56425-0476.fits
6795/spec-6795-56425-0477.fits
6795/spec-6795-56425-0478.fits
6795/spec-6795-56425-0479.fits
6795/spec-6795-56425-0480.fits
6795/spec-6795-56425-0481.fits
6795/spec-6795-56425-0482.fits
6795/spec-6795-56425-0483.fits
6795/spec-6795-56425-0484.fits
6795/spec-6795-56425-0485.fits
6795/spec-6795-56425-0486.fits
6795/spec-6795-56425-0487.fits
6795/spec-6795-56425-0488.fits
6795/spec-6795-56425-0489.fits
6795/spec-6795-56425-0490.fits
6795/spec-6795-56425-0491.fits
6795/spec-6795-56425-0492.fits
6795/spec-6795-56425-0493.fits
6795/spec-6795-56425-0494.fits
6795/spec-6795-56425-0495.fits
6795/spec-6795-56425-0496.fits
6795/spec-6795-56425-0497.fits
6795/spec-6795-56425-0498.fits
6795/spec-6795-56425-0499.fits
6795/spec-6795-56425-0500.fits
6795/spec-6795-56425-0501.fits
6795/spec-6795-56425-0502.fits
6795/spec-6795-56425-0503.fits
6795/spec-6795-56425-0504.fits
6795/spec-6795-56425-0505.fits
6795/spec-6795-56425-0506.fits
6795/spec-6795-56425-0507.fits
6795/spec-6795-56425-0508.fits
6795/spec-6795-56425-0509.fits
6795/spec-6795-56425-0510.fits
6795/spec-6795-56425-0511.fits
6795/spec-6795-56425-0512.fits
6795/spec-6795-56425-0513.fits
6795/spec-6795-56425-0514.fits
6795/spec-6795-56425-0515.fits
6795/spec-6795-56425-0516.fits
6795/spec-6795-56425-0517.fits
6795/spec-6795-56425-0518.fits
6795/spec-6795-56425-0519.fits
6795/spec-6795-56425-0520.fits
6795/spec-6795-56425-0521.fits
6795/spec-6795-56425-0522.fits
6795/spec-6795-56425-0523.fits
6795/spec-6795-56425-0524.fits
6795/spec-6795-56425-0525.fits
6795/spec-6795-56425-0526.fits
6795/spec-6795-56425-0527.fits
6795/spec-6795-56425-0528.fits
6795/spec-6795-56425-0529.fits
6795/spec-6795-56425-0530.fits
6795/spec-6795-56425-0531.fits
6795/spec-6795-56425-0532.fits
6795/spec-6795-56425-0533.fits
6795/spec-6795-56425-0534.fits
6795/spec-6795-56425-0535.fits
6795/spec-6795-56425-0536.fits
6795/spec-6795-56425-0537.fits
6795/spec-6795-56425-0538.fits
6795/spec-6795-56425-0539.fits
6795/spec-6795-56425-0540.fits
6795/spec-6795-56425-0541.fits
6795/spec-6795-56425-0542.fits
6795/spec-6795-56425-0543.fits
6795/spec-6795-56425-0544.fits
6795/spec-6795-56425-0545.fits
6795/spec-6795-56425-0546.fits
6795/spec-6795-56425-0547.fits
6795/spec-6795-56425-0548.fits
6795/spec-6795-56425-0549.fits
6795/spec-6795-56425-0550.fits
6795/spec-6795-56425-0551.fits
6795/spec-6795-56425-0552.fits
6795/spec-6795-56425-0553.fits
6795/spec-6795-56425-0554.fits
6795/spec-6795-56425-0555.fits
6795/spec-6795-56425-0556.fits
6795/spec-6795-56425-0557.fits
6795/spec-6795-56425-0558.fits
6795/spec-6795-56425-0559.fits
6795/spec-6795-56425-0560.fits
6795/spec-6795-56425-0561.fits
6795/spec-6795-56425-0562.fits
6795/spec-6795-56425-0563.fits
6795/spec-6795-56425-0564.fits
6795/spec-6795-56425-0565.fits
6795/spec-6795-56425-0566.fits
6795/spec-6795-56425-0567.fits
6795/spec-6795-56425-0568.fits
6795/spec-6795-56425-0569.fits
6795/spec-6795-56425-0570.fits
6795/spec-6795-56425-0571.fits
6795/spec-6795-56425-0572.fits
6795/spec-6795-56425-0573.fits
6795/spec-6795-56425-0574.fits
6795/spec-6795-56425-0575.fits
6795/spec-6795-56425-0576.fits
6795/spec-6795-56425-0577.fits
6795/spec-6795-56425-0578.fits
6795/spec-6795-56425-0579.fits
6795/spec-6795-56425-0580.fits
6795/spec-6795-56425-0581.fits
6795/spec-6795-56425-0582.fits
6795/spec-6795-56425-0583.fits
6795/spec-6795-56425-0584.fits
6795/spec-6795-56425-0585.fits
6795/spec-6795-56425-0586.fits
6795/spec-6795-56425-0587.fits
6795/spec-6795-56425-0588.fits
6795/spec-6795-56425-0589.fits
6795/spec-6795-56425-0590.fits
6795/spec-6795-56425-0591.fits
6795/spec-6795-56425-0592.fits
6795/spec-6795-56425-0593.fits
6795/spec-6795-56425-0594.fits
6795/spec-6795-56425-0595.fits
6795/spec-6795-56425-0596.fits
6795/spec-6795-56425-0597.fits
6795/spec-6795-56425-0598.fits
6795/spec-6795-56425-0599.fits
6795/spec-6795-56425-0600.fits
6795/spec-6795-56425-0601.fits
6795/spec-6795-56425-0602.fits
6795/spec-6795-56425-0603.fits
6795/spec-6795-56425-0604.fits
6795/spec-6795-56425-0605.fits
6795/spec-6795-56425-0606.fits
6795/spec-6795-56425-0607.fits
6795/spec-6795-56425-0608.fits
6795/spec-6795-56425-0609.fits
6795/spec-6795-56425-0610.fits
6795/spec-6795-56425-0611.fits
6795/spec-6795-56425-0612.fits
6795/spec-6795-56425-0613.fits
6795/spec-6795-56425-0614.fits
6795/spec-6795-56425-0615.fits
6795/spec-6795-56425-0616.fits
6795/spec-6795-56425-0617.fits
6795/spec-6795-56425-0618.fits
6795/spec-6795-56425-0619.fits
6795/spec-6795-56425-0620.fits
6795/spec-6795-56425-0621.fits
6795/spec-6795-56425-0622.fits
6795/spec-6795-56425-0623.fits
6795/spec-6795-56425-0624.fits
6795/spec-6795-56425-0625.fits
6795/spec-6795-56425-0626.fits
6795/spec-6795-56425-0627.fits
6795/spec-6795-56425-0628.fits
6795/spec-6795-56425-0629.fits
6795/spec-6795-56425-0630.fits
6795/spec-6795-56425-0631.fits
6795/spec-6795-56425-0632.fits
6795/spec-6795-56425-0633.fits
6795/spec-6795-56425-0634.fits
6795/spec-6795-56425-0635.fits
6795/spec-6795-56425-0636.fits
6795/spec-6795-56425-0637.fits
6795/spec-6795-56425-0638.fits
6795/spec-6795-56425-0639.fits
6795/spec-6795-56425-0640.fits
6795/spec-6795-56425-0641.fits
6795/spec-6795-56425-0642.fits
6795/spec-6795-56425-0643.fits
6795/spec-6795-56425-0644.fits
6795/spec-6795-56425-0645.fits
6795/spec-6795-56425-0646.fits
6795/spec-6795-56425-0647.fits
6795/spec-6795-56425-0648.fits
6795/spec-6795-56425-0649.fits
6795/spec-6795-56425-0650.fits
6795/spec-6795-56425-0651.fits
6795/spec-6795-56425-0652.fits
6795/spec-6795-56425-0653.fits
6795/spec-6795-56425-0654.fits
6795/spec-6795-56425-0655.fits
6795/spec-6795-56425-0656.fits
6795/spec-6795-56425-0657.fits
6795/spec-6795-56425-0658.fits
6795/spec-6795-56425-0659.fits
6795/spec-6795-56425-0660.fits
6795/spec-6795-56425-0661.fits
6795/spec-6795-56425-0662.fits
6795/spec-6795-56425-0663.fits
6795/spec-6795-56425-0664.fits
6795/spec-6795-56425-0665.fits
6795/spec-6795-56425-0666.fits
6795/spec-6795-56425-0667.fits
6795/spec-6795-56425-0668.fits
6795/spec-6795-56425-0669.fits
6795/spec-6795-56425-0670.fits
6795/spec-6795-56425-0671.fits
6795/spec-6795-56425-0672.fits
6795/spec-6795-56425-0673.fits
6795/spec-6795-56425-0674.fits
6795/spec-6795-56425-0675.fits
6795/spec-6795-56425-0676.fits
6795/spec-6795-56425-0677.fits
6795/spec-6795-56425-0678.fits
6795/spec-6795-56425-0679.fits
6795/spec-6795-56425-0680.fits
6795/spec-6795-56425-0681.fits
6795/spec-6795-56425-0682.fits
6795/spec-6795-56425-0683.fits
6795/spec-6795-56425-0684.fits
6795/spec-6795-56425-0685.fits
6795/spec-6795-56425-0686.fits
6795/spec-6795-56425-0687.fits
6795/spec-6795-56425-0688.fits
6795/spec-6795-56425-0689.fits
6795/spec-6795-56425-0690.fits
6795/spec-6795-56425-0691.fits
6795/spec-6795-56425-0692.fits
6795/spec-6795-56425-0693.fits
6795/spec-6795-56425-0694.fits
6795/spec-6795-56425-0695.fits
6795/spec-6795-56425-0696.fits
6795/spec-6795-56425-0697.fits
6795/spec-6795-56425-0698.fits
6795/spec-6795-56425-0699.fits
6795/spec-6795-56425-0700.fits
6795/spec-6795-56425-0701.fits
6795/spec-6795-56425-0702.fits
6795/spec-6795-56425-0703.fits
6795/spec-6795-56425-0704.fits
6795/spec-6795-56425-0705.fits
6795/spec-6795-56425-0706.fits
6795/spec-6795-56425-0707.fits
6795/spec-6795-56425-0708.fits
6795/spec-6795-56425-0709.fits
6795/spec-6795-56425-0710.fits
6795/spec-6795-56425-0711.fits
6795/spec-6795-56425-0712.fits
6795/spec-6795-56425-0713.fits
6795/spec-6795-56425-0714.fits
6795/spec-6795-56425-0715.fits
6795/spec-6795-56425-0716.fits
6795/spec-6795-56425-0717.fits
6795/spec-6795-56425-0718.fits
6795/spec-6795-56425-0719.fits
6795/spec-6795-56425-0720.fits
6795/spec-6795-56425-0721.fits
6795/spec-6795-56425-0722.fits
6795/spec-6795-56425-0723.fits
6795/spec-6795-56425-0724.fits
6795/spec-6795-56425-0725.fits
6795/spec-6795-56425-0726.fits
6795/spec-6795-56425-0727.fits
6795/spec-6795-56425-0728.fits
6795/spec-6795-56425-0729.fits
6795/spec-6795-56425-0730.fits
6795/spec-6795-56425-0731.fits
6795/spec-6795-56425-0732.fits
6795/spec-6795-56425-0733.fits
6795/spec-6795-56425-0734.fits
6795/spec-6795-56425-0735.fits
6795/spec-6795-56425-0736.fits
6795/spec-6795-56425-0737.fits
6795/spec-6795-56425-0738.fits
6795/spec-6795-56425-0739.fits
6795/spec-6795-56425-0740.fits
6795/spec-6795-56425-0741.fits
6795/spec-6795-56425-0742.fits
6795/spec-6795-56425-0743.fits
6795/spec-6795-56425-0744.fits
6795/spec-6795-56425-0745.fits
6795/spec-6795-56425-0746.fits
6795/spec-6795-56425-0747.fits
6795/spec-6795-56425-0748.fits
6795/spec-6795-56425-0749.fits
6795/spec-6795-56425-0750.fits
6795/spec-6795-56425-0751.fits
6795/spec-6795-56425-0752.fits
6795/spec-6795-56425-0753.fits
6795/spec-6795-56425-0754.fits
6795/spec-6795-56425-0755.fits
6795/spec-6795-56425-0756.fits
6795/spec-6795-56425-0757.fits
6795/spec-6795-56425-0758.fits
6795/spec-6795-56425-0759.fits
6795/spec-6795-56425-0760.fits
6795/spec-6795-56425-0761.fits
6795/spec-6795-56425-0762.fits
6795/spec-6795-56425-0763.fits
6795/spec-6795-56425-0764.fits
6795/spec-6795-56425-0765.fits
6795/spec-6795-56425-0766.fits
6795/spec-6795-56425-0767.fits
6795/spec-6795-56425-0768.fits
6795/spec-6795-56425-0769.fits
6795/spec-6795-56425-0770.fits
6795/spec-6795-56425-0771.fits
6795/spec-6795-56425-0772.fits
6795/spec-6795-56425-0773.fits
6795/spec-6795-56425-0774.fits
6795/spec-6795-56425-0775.fits
6795/spec-6795-56425-0776.fits
6795/spec-6795-56425-0777.fits
6795/spec-6795-56425-0778.fits
6795/spec-6795-56425-0779.fits
6795/spec-6795-56425-0780.fits
6795/spec-6795-56425-0781.fits
6795/spec-6795-56425-0782.fits
6795/spec-6795-56425-0783.fits
6795/spec-6795-56425-0784.fits
6795/spec-6795-56425-0785.fits
6795/spec-6795-56425-0786.fits
6795/spec-6795-56425-0787.fits
6795/spec-6795-56425-0788.fits
6795/spec-6795-56425-0789.fits
6795/spec-6795-56425-0790.fits
6795/spec-6795-56425-0791.fits
6795/spec-6795-56425-0792.fits
6795/spec-6795-56425-0793.fits
6795/spec-6795-56425-0794.fits
6795/spec-6795-56425-0795.fits
6795/spec-6795-56425-0796.fits
6795/spec-6795-56425-0797.fits
6795/spec-6795-56425-0798.fits
6795/spec-6795-56425-0799.fits
6795/spec-6795-56425-0800.fits
6795/spec-6795-56425-0801.fits
6795/spec-6795-56425-0802.fits
6795/spec-6795-56425-0803.fits
6795/spec-6795-56425-0804.fits
6795/spec-6795-56425-0805.fits
6795/spec-6795-56425-0806.fits
6795/spec-6795-56425-0807.fits
6795/spec-6795-56425-0808.fits
6795/spec-6795-56425-0809.fits
6795/spec-6795-56425-0810.fits
6795/spec-6795-56425-0811.fits
6795/spec-6795-56425-0812.fits
6795/spec-6795-56425-0813.fits
6795/spec-6795-56425-0814.fits
6795/spec-6795-56425-0815.fits
6795/spec-6795-56425-0816.fits
6795/spec-6795-56425-0817.fits
6795/spec-6795-56425-0818.fits
6795/spec-6795-56425-0819.fits
6795/spec-6795-56425-0820.fits
6795/spec-6795-56425-0821.fits
6795/spec-6795-56425-0822.fits
6795/spec-6795-56425-0823.fits
6795/spec-6795-56425-0824.fits
6795/spec-6795-56425-0825.fits
6795/spec-6795-56425-0826.fits
6795/spec-6795-56425-0827.fits
6795/spec-6795-56425-0828.fits
6795/spec-6795-56425-0829.fits
6795/spec-6795-56425-0830.fits
6795/spec-6795-56425-0831.fits
6795/spec-6795-56425-0832.fits
6795/spec-6795-56425-0833.fits
6795/spec-6795-56425-0834.fits
6795/spec-6795-56425-0835.fits
6795/spec-6795-56425-0836.fits
6795/spec-6795-56425-0837.fits
6795/spec-6795-56425-0838.fits
6795/spec-6795-56425-0839.fits
6795/spec-6795-56425-0840.fits
6795/spec-6795-56425-0841.fits
6795/spec-6795-56425-0842.fits
6795/spec-6795-56425-0843.fits
6795/spec-6795-56425-0844.fits
6795/spec-6795-56425-0845.fits
6795/spec-6795-56425-0846.fits
6795/spec-6795-56425-0847.fits
6795/spec-6795-56425-0848.fits
6795/spec-6795-56425-0849.fits
6795/spec-6795-56425-0850.fits
6795/spec-6795-56425-0851.fits
6795/spec-6795-56425-0852.fits
6795/spec-6795-56425-0853.fits
6795/spec-6795-56425-0854.fits
6795/spec-6795-56425-0855.fits
6795/spec-6795-56425-0856.fits
6795/spec-6795-56425-0857.fits
6795/spec-6795-56425-0858.fits
6795/spec-6795-56425-0859.fits
6795/spec-6795-56425-0860.fits
6795/spec-6795-56425-0861.fits
6795/spec-6795-56425-0862.fits
6795/spec-6795-56425-0863.fits
6795/spec-6795-56425-0864.fits
6795/spec-6795-56425-0865.fits
6795/spec-6795-56425-0866.fits
6795/spec-6795-56425-0867.fits
6795/spec-6795-56425-0868.fits
6795/spec-6795-56425-0869.fits
6795/spec-6795-56425-0870.fits
6795/spec-6795-56425-0871.fits
6795/spec-6795-56425-0872.fits
6795/spec-6795-56425-0873.fits
6795/spec-6795-56425-0874.fits
6795/spec-6795-56425-0875.fits
6795/spec-6795-56425-0876.fits
6795/spec-6795-56425-0877.fits
6795/spec-6795-56425-0878.fits
6795/spec-6795-56425-0879.fits
6795/spec-6795-56425-0880.fits
6795/spec-6795-56425-0881.fits
6795/spec-6795-56425-0882.fits
6795/spec-6795-56425-0883.fits
6795/spec-6795-56425-0884.fits
6795/spec-6795-56425-0885.fits
6795/spec-6795-56425-0886.fits
6795/spec-6795-56425-0887.fits
6795/spec-6795-56425-0888.fits
6795/spec-6795-56425-0889.fits
6795/spec-6795-56425-0890.fits
6795/spec-6795-56425-0891.fits
6795/spec-6795-56425-0892.fits
6795/spec-6795-56425-0893.fits
6795/spec-6795-56425-0894.fits
6795/spec-6795-56425-0895.fits
6795/spec-6795-56425-0896.fits
6795/spec-6795-56425-0897.fits
6795/spec-6795-56425-0898.fits
6795/spec-6795-56425-0899.fits
6795/spec-6795-56425-0900.fits
6795/spec-6795-56425-0901.fits
6795/spec-6795-56425-0902.fits
6795/spec-6795-56425-0903.fits
6795/spec-6795-56425-0904.fits
6795/spec-6795-56425-0905.fits
6795/spec-6795-56425-0906.fits
6795/spec-6795-56425-0907.fits
6795/spec-6795-56425-0908.fits
6795/spec-6795-56425-0909.fits
6795/spec-6795-56425-0910.fits
6795/spec-6795-56425-0911.fits
6795/spec-6795-56425-0912.fits
6795/spec-6795-56425-0913.fits
6795/spec-6795-56425-0914.fits
6795/spec-6795-56425-0915.fits
6795/spec-6795-56425-0916.fits
6795/spec-6795-56425-0917.fits
6795/spec-6795-56425-0918.fits
6795/spec-6795-56425-0919.fits
6795/spec-6795-56425-0920.fits
6795/spec-6795-56425-0921.fits
6795/spec-6795-56425-0922.fits
6795/spec-6795-56425-0923.fits
6795/spec-6795-56425-0924.fits
6795/spec-6795-56425-0925.fits
6795/spec-6795-56425-0926.fits
6795/spec-6795-56425-0927.fits
6795/spec-6795-56425-0928.fits
6795/spec-6795-56425-0929.fits
6795/spec-6795-56425-0930.fits
6795/spec-6795-56425-0931.fits
6795/spec-6795-56425-0932.fits
6795/spec-6795-56425-0933.fits
6795/spec-6795-56425-0934.fits
6795/spec-6795-56425-0935.fits
6795/spec-6795-56425-0936.fits
6795/spec-6795-56425-0937.fits
6795/spec-6795-56425-0938.fits
6795/spec-6795-56425-0939.fits
6795/spec-6795-56425-0940.fits
6795/spec-6795-56425-0941.fits
6795/spec-6795-56425-0942.fits
6795/spec-6795-56425-0943.fits
6795/spec-6795-56425-0944.fits
6795/spec-6795-56425-0945.fits
6795/spec-6795-56425-0946.fits
6795/spec-6795-56425-0947.fits
6795/spec-6795-56425-0948.fits
6795/spec-6795-56425-0949.fits
6795/spec-6795-56425-0950.fits
6795/spec-6795-56425-0951.fits
6795/spec-6795-56425-0952.fits
6795/spec-6795-56425-0953.fits
6795/spec-6795-56425-0954.fits
6795/spec-6795-56425-0955.fits
6795/spec-6795-56425-0956.fits
6795/spec-6795-56425-0957.fits
6795/spec-6795-56425-0958.fits
6795/spec-6795-56425-0959.fits
6795/spec-6795-56425-0960.fits
6795/spec-6795-56425-0961.fits
6795/spec-6795-56425-0962.fits
6795/spec-6795-56425-0963.fits
6795/spec-6795-56425-0964.fits
6795/spec-6795-56425-0965.fits
6795/spec-6795-56425-0966.fits
6795/spec-6795-56425-0967.fits
6795/spec-6795-56425-0968.fits
6795/spec-6795-56425-0969.fits
6795/spec-6795-56425-0970.fits
6795/spec-6795-56425-0971.fits
6795/spec-6795-56425-0972.fits
6795/spec-6795-56425-0973.fits
6795/spec-6795-56425-0974.fits
6795/spec-6795-56425-0975.fits
6795/spec-6795-56425-0976.fits
6795/spec-6795-56425-0977.fits
6795/spec-6795-56425-0978.fits
6795/spec-6795-56425-0979.fits
6795/spec-6795-56425-0980.fits
6795/spec-6795-56425-0981.fits
6795/spec-6795-56425-0982.fits
6795/spec-6795-56425-0983.fits
6795/spec-6795-56425-0984.fits
6795/spec-6795-56425-0985.fits
6795/spec-6795-56425-0986.fits
6795/spec-6795-56425-0987.fits
6795/spec-6795-56425-0988.fits
6795/spec-6795-56425-0989.fits
6795/spec-6795-56425-0990.fits
6795/spec-6795-56425-0991.fits
6795/spec-6795-56425-0992.fits
6795/spec-6795-56425-0993.fits
6795/spec-6795-56425-0994.fits
6795/spec-6795-56425-0995.fits
6795/spec-6795-56425-0996.fits
6795/spec-6795-56425-0997.fits
6795/spec-6795-56425-0998.fits
6795/spec-6795-56425-0999.fits
6795/spec-6795-56425-1000.fits
/var/lib/condor/execute/slot1/dir_23021
6795 6795.tgz R R361.tar.gz _condor_stderr _condor_stdout cB58_Lyman_break.fit condor_exec.exe hw4.R packages packages.tar.gz tmp var
[1] "Loaded package astro."
[1] 1000
6795 6795.csv 6795.tgz R R361.tar.gz _condor_stderr _condor_stdout cB58_Lyman_break.fit condor_exec.exe hw4.R packages packages.tar.gz tmp var
