3960
3960/
3960/spec-3960-55663-0001.fits
3960/spec-3960-55663-0002.fits
3960/spec-3960-55663-0003.fits
3960/spec-3960-55663-0004.fits
3960/spec-3960-55663-0005.fits
3960/spec-3960-55663-0006.fits
3960/spec-3960-55663-0007.fits
3960/spec-3960-55663-0008.fits
3960/spec-3960-55663-0009.fits
3960/spec-3960-55663-0010.fits
3960/spec-3960-55663-0011.fits
3960/spec-3960-55663-0012.fits
3960/spec-3960-55663-0013.fits
3960/spec-3960-55663-0014.fits
3960/spec-3960-55663-0015.fits
3960/spec-3960-55663-0016.fits
3960/spec-3960-55663-0017.fits
3960/spec-3960-55663-0018.fits
3960/spec-3960-55663-0019.fits
3960/spec-3960-55663-0020.fits
3960/spec-3960-55663-0021.fits
3960/spec-3960-55663-0022.fits
3960/spec-3960-55663-0023.fits
3960/spec-3960-55663-0024.fits
3960/spec-3960-55663-0025.fits
3960/spec-3960-55663-0026.fits
3960/spec-3960-55663-0027.fits
3960/spec-3960-55663-0028.fits
3960/spec-3960-55663-0029.fits
3960/spec-3960-55663-0030.fits
3960/spec-3960-55663-0031.fits
3960/spec-3960-55663-0032.fits
3960/spec-3960-55663-0033.fits
3960/spec-3960-55663-0034.fits
3960/spec-3960-55663-0035.fits
3960/spec-3960-55663-0036.fits
3960/spec-3960-55663-0037.fits
3960/spec-3960-55663-0038.fits
3960/spec-3960-55663-0039.fits
3960/spec-3960-55663-0040.fits
3960/spec-3960-55663-0041.fits
3960/spec-3960-55663-0042.fits
3960/spec-3960-55663-0043.fits
3960/spec-3960-55663-0044.fits
3960/spec-3960-55663-0045.fits
3960/spec-3960-55663-0046.fits
3960/spec-3960-55663-0047.fits
3960/spec-3960-55663-0048.fits
3960/spec-3960-55663-0049.fits
3960/spec-3960-55663-0050.fits
3960/spec-3960-55663-0051.fits
3960/spec-3960-55663-0052.fits
3960/spec-3960-55663-0053.fits
3960/spec-3960-55663-0054.fits
3960/spec-3960-55663-0055.fits
3960/spec-3960-55663-0056.fits
3960/spec-3960-55663-0057.fits
3960/spec-3960-55663-0058.fits
3960/spec-3960-55663-0059.fits
3960/spec-3960-55663-0060.fits
3960/spec-3960-55663-0061.fits
3960/spec-3960-55663-0062.fits
3960/spec-3960-55663-0063.fits
3960/spec-3960-55663-0064.fits
3960/spec-3960-55663-0065.fits
3960/spec-3960-55663-0066.fits
3960/spec-3960-55663-0067.fits
3960/spec-3960-55663-0068.fits
3960/spec-3960-55663-0069.fits
3960/spec-3960-55663-0070.fits
3960/spec-3960-55663-0071.fits
3960/spec-3960-55663-0072.fits
3960/spec-3960-55663-0073.fits
3960/spec-3960-55663-0074.fits
3960/spec-3960-55663-0075.fits
3960/spec-3960-55663-0076.fits
3960/spec-3960-55663-0077.fits
3960/spec-3960-55663-0078.fits
3960/spec-3960-55663-0079.fits
3960/spec-3960-55663-0080.fits
3960/spec-3960-55663-0081.fits
3960/spec-3960-55663-0082.fits
3960/spec-3960-55663-0083.fits
3960/spec-3960-55663-0084.fits
3960/spec-3960-55663-0085.fits
3960/spec-3960-55663-0086.fits
3960/spec-3960-55663-0087.fits
3960/spec-3960-55663-0088.fits
3960/spec-3960-55663-0089.fits
3960/spec-3960-55663-0090.fits
3960/spec-3960-55663-0091.fits
3960/spec-3960-55663-0092.fits
3960/spec-3960-55663-0093.fits
3960/spec-3960-55663-0094.fits
3960/spec-3960-55663-0095.fits
3960/spec-3960-55663-0096.fits
3960/spec-3960-55663-0097.fits
3960/spec-3960-55663-0098.fits
3960/spec-3960-55663-0099.fits
3960/spec-3960-55663-0100.fits
3960/spec-3960-55663-0101.fits
3960/spec-3960-55663-0102.fits
3960/spec-3960-55663-0103.fits
3960/spec-3960-55663-0104.fits
3960/spec-3960-55663-0105.fits
3960/spec-3960-55663-0106.fits
3960/spec-3960-55663-0107.fits
3960/spec-3960-55663-0108.fits
3960/spec-3960-55663-0109.fits
3960/spec-3960-55663-0110.fits
3960/spec-3960-55663-0111.fits
3960/spec-3960-55663-0112.fits
3960/spec-3960-55663-0113.fits
3960/spec-3960-55663-0114.fits
3960/spec-3960-55663-0115.fits
3960/spec-3960-55663-0116.fits
3960/spec-3960-55663-0117.fits
3960/spec-3960-55663-0118.fits
3960/spec-3960-55663-0119.fits
3960/spec-3960-55663-0120.fits
3960/spec-3960-55663-0121.fits
3960/spec-3960-55663-0122.fits
3960/spec-3960-55663-0123.fits
3960/spec-3960-55663-0124.fits
3960/spec-3960-55663-0125.fits
3960/spec-3960-55663-0126.fits
3960/spec-3960-55663-0127.fits
3960/spec-3960-55663-0128.fits
3960/spec-3960-55663-0129.fits
3960/spec-3960-55663-0130.fits
3960/spec-3960-55663-0131.fits
3960/spec-3960-55663-0132.fits
3960/spec-3960-55663-0133.fits
3960/spec-3960-55663-0134.fits
3960/spec-3960-55663-0135.fits
3960/spec-3960-55663-0136.fits
3960/spec-3960-55663-0137.fits
3960/spec-3960-55663-0138.fits
3960/spec-3960-55663-0139.fits
3960/spec-3960-55663-0140.fits
3960/spec-3960-55663-0141.fits
3960/spec-3960-55663-0142.fits
3960/spec-3960-55663-0143.fits
3960/spec-3960-55663-0144.fits
3960/spec-3960-55663-0145.fits
3960/spec-3960-55663-0146.fits
3960/spec-3960-55663-0147.fits
3960/spec-3960-55663-0148.fits
3960/spec-3960-55663-0149.fits
3960/spec-3960-55663-0150.fits
3960/spec-3960-55663-0151.fits
3960/spec-3960-55663-0152.fits
3960/spec-3960-55663-0153.fits
3960/spec-3960-55663-0154.fits
3960/spec-3960-55663-0155.fits
3960/spec-3960-55663-0156.fits
3960/spec-3960-55663-0157.fits
3960/spec-3960-55663-0158.fits
3960/spec-3960-55663-0159.fits
3960/spec-3960-55663-0160.fits
3960/spec-3960-55663-0161.fits
3960/spec-3960-55663-0162.fits
3960/spec-3960-55663-0163.fits
3960/spec-3960-55663-0164.fits
3960/spec-3960-55663-0165.fits
3960/spec-3960-55663-0166.fits
3960/spec-3960-55663-0167.fits
3960/spec-3960-55663-0168.fits
3960/spec-3960-55663-0169.fits
3960/spec-3960-55663-0170.fits
3960/spec-3960-55663-0171.fits
3960/spec-3960-55663-0172.fits
3960/spec-3960-55663-0173.fits
3960/spec-3960-55663-0174.fits
3960/spec-3960-55663-0175.fits
3960/spec-3960-55663-0176.fits
3960/spec-3960-55663-0177.fits
3960/spec-3960-55663-0178.fits
3960/spec-3960-55663-0179.fits
3960/spec-3960-55663-0180.fits
3960/spec-3960-55663-0181.fits
3960/spec-3960-55663-0182.fits
3960/spec-3960-55663-0183.fits
3960/spec-3960-55663-0184.fits
3960/spec-3960-55663-0185.fits
3960/spec-3960-55663-0186.fits
3960/spec-3960-55663-0187.fits
3960/spec-3960-55663-0188.fits
3960/spec-3960-55663-0189.fits
3960/spec-3960-55663-0190.fits
3960/spec-3960-55663-0191.fits
3960/spec-3960-55663-0192.fits
3960/spec-3960-55663-0193.fits
3960/spec-3960-55663-0194.fits
3960/spec-3960-55663-0195.fits
3960/spec-3960-55663-0196.fits
3960/spec-3960-55663-0197.fits
3960/spec-3960-55663-0198.fits
3960/spec-3960-55663-0199.fits
3960/spec-3960-55663-0200.fits
3960/spec-3960-55663-0201.fits
3960/spec-3960-55663-0202.fits
3960/spec-3960-55663-0203.fits
3960/spec-3960-55663-0204.fits
3960/spec-3960-55663-0205.fits
3960/spec-3960-55663-0206.fits
3960/spec-3960-55663-0207.fits
3960/spec-3960-55663-0208.fits
3960/spec-3960-55663-0209.fits
3960/spec-3960-55663-0210.fits
3960/spec-3960-55663-0211.fits
3960/spec-3960-55663-0212.fits
3960/spec-3960-55663-0213.fits
3960/spec-3960-55663-0214.fits
3960/spec-3960-55663-0215.fits
3960/spec-3960-55663-0216.fits
3960/spec-3960-55663-0217.fits
3960/spec-3960-55663-0218.fits
3960/spec-3960-55663-0219.fits
3960/spec-3960-55663-0220.fits
3960/spec-3960-55663-0221.fits
3960/spec-3960-55663-0222.fits
3960/spec-3960-55663-0223.fits
3960/spec-3960-55663-0224.fits
3960/spec-3960-55663-0225.fits
3960/spec-3960-55663-0226.fits
3960/spec-3960-55663-0227.fits
3960/spec-3960-55663-0228.fits
3960/spec-3960-55663-0229.fits
3960/spec-3960-55663-0230.fits
3960/spec-3960-55663-0231.fits
3960/spec-3960-55663-0232.fits
3960/spec-3960-55663-0233.fits
3960/spec-3960-55663-0234.fits
3960/spec-3960-55663-0235.fits
3960/spec-3960-55663-0236.fits
3960/spec-3960-55663-0237.fits
3960/spec-3960-55663-0238.fits
3960/spec-3960-55663-0239.fits
3960/spec-3960-55663-0240.fits
3960/spec-3960-55663-0241.fits
3960/spec-3960-55663-0242.fits
3960/spec-3960-55663-0243.fits
3960/spec-3960-55663-0244.fits
3960/spec-3960-55663-0245.fits
3960/spec-3960-55663-0246.fits
3960/spec-3960-55663-0247.fits
3960/spec-3960-55663-0248.fits
3960/spec-3960-55663-0249.fits
3960/spec-3960-55663-0250.fits
3960/spec-3960-55663-0251.fits
3960/spec-3960-55663-0252.fits
3960/spec-3960-55663-0253.fits
3960/spec-3960-55663-0254.fits
3960/spec-3960-55663-0255.fits
3960/spec-3960-55663-0256.fits
3960/spec-3960-55663-0257.fits
3960/spec-3960-55663-0258.fits
3960/spec-3960-55663-0259.fits
3960/spec-3960-55663-0260.fits
3960/spec-3960-55663-0261.fits
3960/spec-3960-55663-0262.fits
3960/spec-3960-55663-0263.fits
3960/spec-3960-55663-0264.fits
3960/spec-3960-55663-0265.fits
3960/spec-3960-55663-0266.fits
3960/spec-3960-55663-0267.fits
3960/spec-3960-55663-0268.fits
3960/spec-3960-55663-0269.fits
3960/spec-3960-55663-0270.fits
3960/spec-3960-55663-0271.fits
3960/spec-3960-55663-0272.fits
3960/spec-3960-55663-0273.fits
3960/spec-3960-55663-0274.fits
3960/spec-3960-55663-0275.fits
3960/spec-3960-55663-0276.fits
3960/spec-3960-55663-0277.fits
3960/spec-3960-55663-0278.fits
3960/spec-3960-55663-0279.fits
3960/spec-3960-55663-0280.fits
3960/spec-3960-55663-0281.fits
3960/spec-3960-55663-0282.fits
3960/spec-3960-55663-0283.fits
3960/spec-3960-55663-0284.fits
3960/spec-3960-55663-0285.fits
3960/spec-3960-55663-0286.fits
3960/spec-3960-55663-0287.fits
3960/spec-3960-55663-0288.fits
3960/spec-3960-55663-0289.fits
3960/spec-3960-55663-0290.fits
3960/spec-3960-55663-0291.fits
3960/spec-3960-55663-0292.fits
3960/spec-3960-55663-0293.fits
3960/spec-3960-55663-0294.fits
3960/spec-3960-55663-0295.fits
3960/spec-3960-55663-0296.fits
3960/spec-3960-55663-0297.fits
3960/spec-3960-55663-0298.fits
3960/spec-3960-55663-0299.fits
3960/spec-3960-55663-0300.fits
3960/spec-3960-55663-0301.fits
3960/spec-3960-55663-0302.fits
3960/spec-3960-55663-0303.fits
3960/spec-3960-55663-0304.fits
3960/spec-3960-55663-0305.fits
3960/spec-3960-55663-0306.fits
3960/spec-3960-55663-0307.fits
3960/spec-3960-55663-0308.fits
3960/spec-3960-55663-0309.fits
3960/spec-3960-55663-0310.fits
3960/spec-3960-55663-0311.fits
3960/spec-3960-55663-0312.fits
3960/spec-3960-55663-0313.fits
3960/spec-3960-55663-0314.fits
3960/spec-3960-55663-0315.fits
3960/spec-3960-55663-0316.fits
3960/spec-3960-55663-0317.fits
3960/spec-3960-55663-0318.fits
3960/spec-3960-55663-0319.fits
3960/spec-3960-55663-0320.fits
3960/spec-3960-55663-0321.fits
3960/spec-3960-55663-0322.fits
3960/spec-3960-55663-0323.fits
3960/spec-3960-55663-0324.fits
3960/spec-3960-55663-0325.fits
3960/spec-3960-55663-0326.fits
3960/spec-3960-55663-0327.fits
3960/spec-3960-55663-0328.fits
3960/spec-3960-55663-0329.fits
3960/spec-3960-55663-0330.fits
3960/spec-3960-55663-0331.fits
3960/spec-3960-55663-0332.fits
3960/spec-3960-55663-0333.fits
3960/spec-3960-55663-0334.fits
3960/spec-3960-55663-0335.fits
3960/spec-3960-55663-0336.fits
3960/spec-3960-55663-0337.fits
3960/spec-3960-55663-0338.fits
3960/spec-3960-55663-0339.fits
3960/spec-3960-55663-0340.fits
3960/spec-3960-55663-0341.fits
3960/spec-3960-55663-0342.fits
3960/spec-3960-55663-0343.fits
3960/spec-3960-55663-0344.fits
3960/spec-3960-55663-0345.fits
3960/spec-3960-55663-0346.fits
3960/spec-3960-55663-0347.fits
3960/spec-3960-55663-0348.fits
3960/spec-3960-55663-0349.fits
3960/spec-3960-55663-0350.fits
3960/spec-3960-55663-0351.fits
3960/spec-3960-55663-0352.fits
3960/spec-3960-55663-0353.fits
3960/spec-3960-55663-0354.fits
3960/spec-3960-55663-0355.fits
3960/spec-3960-55663-0356.fits
3960/spec-3960-55663-0357.fits
3960/spec-3960-55663-0358.fits
3960/spec-3960-55663-0359.fits
3960/spec-3960-55663-0360.fits
3960/spec-3960-55663-0361.fits
3960/spec-3960-55663-0362.fits
3960/spec-3960-55663-0363.fits
3960/spec-3960-55663-0364.fits
3960/spec-3960-55663-0365.fits
3960/spec-3960-55663-0366.fits
3960/spec-3960-55663-0367.fits
3960/spec-3960-55663-0368.fits
3960/spec-3960-55663-0369.fits
3960/spec-3960-55663-0370.fits
3960/spec-3960-55663-0371.fits
3960/spec-3960-55663-0372.fits
3960/spec-3960-55663-0373.fits
3960/spec-3960-55663-0374.fits
3960/spec-3960-55663-0375.fits
3960/spec-3960-55663-0376.fits
3960/spec-3960-55663-0377.fits
3960/spec-3960-55663-0378.fits
3960/spec-3960-55663-0379.fits
3960/spec-3960-55663-0380.fits
3960/spec-3960-55663-0381.fits
3960/spec-3960-55663-0382.fits
3960/spec-3960-55663-0383.fits
3960/spec-3960-55663-0384.fits
3960/spec-3960-55663-0385.fits
3960/spec-3960-55663-0386.fits
3960/spec-3960-55663-0387.fits
3960/spec-3960-55663-0388.fits
3960/spec-3960-55663-0389.fits
3960/spec-3960-55663-0390.fits
3960/spec-3960-55663-0391.fits
3960/spec-3960-55663-0392.fits
3960/spec-3960-55663-0393.fits
3960/spec-3960-55663-0394.fits
3960/spec-3960-55663-0395.fits
3960/spec-3960-55663-0396.fits
3960/spec-3960-55663-0397.fits
3960/spec-3960-55663-0398.fits
3960/spec-3960-55663-0399.fits
3960/spec-3960-55663-0400.fits
3960/spec-3960-55663-0401.fits
3960/spec-3960-55663-0402.fits
3960/spec-3960-55663-0403.fits
3960/spec-3960-55663-0404.fits
3960/spec-3960-55663-0405.fits
3960/spec-3960-55663-0406.fits
3960/spec-3960-55663-0407.fits
3960/spec-3960-55663-0408.fits
3960/spec-3960-55663-0409.fits
3960/spec-3960-55663-0410.fits
3960/spec-3960-55663-0411.fits
3960/spec-3960-55663-0412.fits
3960/spec-3960-55663-0413.fits
3960/spec-3960-55663-0414.fits
3960/spec-3960-55663-0415.fits
3960/spec-3960-55663-0416.fits
3960/spec-3960-55663-0417.fits
3960/spec-3960-55663-0418.fits
3960/spec-3960-55663-0419.fits
3960/spec-3960-55663-0420.fits
3960/spec-3960-55663-0421.fits
3960/spec-3960-55663-0422.fits
3960/spec-3960-55663-0423.fits
3960/spec-3960-55663-0424.fits
3960/spec-3960-55663-0425.fits
3960/spec-3960-55663-0426.fits
3960/spec-3960-55663-0427.fits
3960/spec-3960-55663-0428.fits
3960/spec-3960-55663-0429.fits
3960/spec-3960-55663-0430.fits
3960/spec-3960-55663-0431.fits
3960/spec-3960-55663-0432.fits
3960/spec-3960-55663-0433.fits
3960/spec-3960-55663-0434.fits
3960/spec-3960-55663-0435.fits
3960/spec-3960-55663-0436.fits
3960/spec-3960-55663-0437.fits
3960/spec-3960-55663-0438.fits
3960/spec-3960-55663-0439.fits
3960/spec-3960-55663-0440.fits
3960/spec-3960-55663-0441.fits
3960/spec-3960-55663-0442.fits
3960/spec-3960-55663-0443.fits
3960/spec-3960-55663-0444.fits
3960/spec-3960-55663-0445.fits
3960/spec-3960-55663-0446.fits
3960/spec-3960-55663-0447.fits
3960/spec-3960-55663-0448.fits
3960/spec-3960-55663-0449.fits
3960/spec-3960-55663-0450.fits
3960/spec-3960-55663-0451.fits
3960/spec-3960-55663-0452.fits
3960/spec-3960-55663-0453.fits
3960/spec-3960-55663-0454.fits
3960/spec-3960-55663-0455.fits
3960/spec-3960-55663-0456.fits
3960/spec-3960-55663-0457.fits
3960/spec-3960-55663-0458.fits
3960/spec-3960-55663-0459.fits
3960/spec-3960-55663-0460.fits
3960/spec-3960-55663-0461.fits
3960/spec-3960-55663-0462.fits
3960/spec-3960-55663-0463.fits
3960/spec-3960-55663-0464.fits
3960/spec-3960-55663-0465.fits
3960/spec-3960-55663-0466.fits
3960/spec-3960-55663-0467.fits
3960/spec-3960-55663-0468.fits
3960/spec-3960-55663-0469.fits
3960/spec-3960-55663-0470.fits
3960/spec-3960-55663-0471.fits
3960/spec-3960-55663-0472.fits
3960/spec-3960-55663-0473.fits
3960/spec-3960-55663-0474.fits
3960/spec-3960-55663-0475.fits
3960/spec-3960-55663-0476.fits
3960/spec-3960-55663-0477.fits
3960/spec-3960-55663-0478.fits
3960/spec-3960-55663-0479.fits
3960/spec-3960-55663-0480.fits
3960/spec-3960-55663-0481.fits
3960/spec-3960-55663-0482.fits
3960/spec-3960-55663-0483.fits
3960/spec-3960-55663-0484.fits
3960/spec-3960-55663-0485.fits
3960/spec-3960-55663-0486.fits
3960/spec-3960-55663-0487.fits
3960/spec-3960-55663-0488.fits
3960/spec-3960-55663-0489.fits
3960/spec-3960-55663-0490.fits
3960/spec-3960-55663-0491.fits
3960/spec-3960-55663-0492.fits
3960/spec-3960-55663-0493.fits
3960/spec-3960-55663-0494.fits
3960/spec-3960-55663-0495.fits
3960/spec-3960-55663-0496.fits
3960/spec-3960-55663-0497.fits
3960/spec-3960-55663-0498.fits
3960/spec-3960-55663-0499.fits
3960/spec-3960-55663-0500.fits
3960/spec-3960-55663-0501.fits
3960/spec-3960-55663-0502.fits
3960/spec-3960-55663-0503.fits
3960/spec-3960-55663-0504.fits
3960/spec-3960-55663-0505.fits
3960/spec-3960-55663-0506.fits
3960/spec-3960-55663-0507.fits
3960/spec-3960-55663-0508.fits
3960/spec-3960-55663-0509.fits
3960/spec-3960-55663-0510.fits
3960/spec-3960-55663-0511.fits
3960/spec-3960-55663-0512.fits
3960/spec-3960-55663-0513.fits
3960/spec-3960-55663-0514.fits
3960/spec-3960-55663-0515.fits
3960/spec-3960-55663-0516.fits
3960/spec-3960-55663-0517.fits
3960/spec-3960-55663-0518.fits
3960/spec-3960-55663-0519.fits
3960/spec-3960-55663-0520.fits
3960/spec-3960-55663-0521.fits
3960/spec-3960-55663-0522.fits
3960/spec-3960-55663-0523.fits
3960/spec-3960-55663-0524.fits
3960/spec-3960-55663-0525.fits
3960/spec-3960-55663-0526.fits
3960/spec-3960-55663-0527.fits
3960/spec-3960-55663-0528.fits
3960/spec-3960-55663-0529.fits
3960/spec-3960-55663-0530.fits
3960/spec-3960-55663-0531.fits
3960/spec-3960-55663-0532.fits
3960/spec-3960-55663-0533.fits
3960/spec-3960-55663-0534.fits
3960/spec-3960-55663-0535.fits
3960/spec-3960-55663-0536.fits
3960/spec-3960-55663-0537.fits
3960/spec-3960-55663-0538.fits
3960/spec-3960-55663-0539.fits
3960/spec-3960-55663-0540.fits
3960/spec-3960-55663-0541.fits
3960/spec-3960-55663-0542.fits
3960/spec-3960-55663-0543.fits
3960/spec-3960-55663-0544.fits
3960/spec-3960-55663-0545.fits
3960/spec-3960-55663-0546.fits
3960/spec-3960-55663-0547.fits
3960/spec-3960-55663-0548.fits
3960/spec-3960-55663-0549.fits
3960/spec-3960-55663-0550.fits
3960/spec-3960-55663-0551.fits
3960/spec-3960-55663-0552.fits
3960/spec-3960-55663-0553.fits
3960/spec-3960-55663-0554.fits
3960/spec-3960-55663-0555.fits
3960/spec-3960-55663-0556.fits
3960/spec-3960-55663-0557.fits
3960/spec-3960-55663-0558.fits
3960/spec-3960-55663-0559.fits
3960/spec-3960-55663-0560.fits
3960/spec-3960-55663-0561.fits
3960/spec-3960-55663-0562.fits
3960/spec-3960-55663-0563.fits
3960/spec-3960-55663-0564.fits
3960/spec-3960-55663-0565.fits
3960/spec-3960-55663-0566.fits
3960/spec-3960-55663-0567.fits
3960/spec-3960-55663-0568.fits
3960/spec-3960-55663-0569.fits
3960/spec-3960-55663-0570.fits
3960/spec-3960-55663-0571.fits
3960/spec-3960-55663-0572.fits
3960/spec-3960-55663-0573.fits
3960/spec-3960-55663-0574.fits
3960/spec-3960-55663-0575.fits
3960/spec-3960-55663-0576.fits
3960/spec-3960-55663-0577.fits
3960/spec-3960-55663-0578.fits
3960/spec-3960-55663-0579.fits
3960/spec-3960-55663-0580.fits
3960/spec-3960-55663-0581.fits
3960/spec-3960-55663-0582.fits
3960/spec-3960-55663-0583.fits
3960/spec-3960-55663-0584.fits
3960/spec-3960-55663-0585.fits
3960/spec-3960-55663-0586.fits
3960/spec-3960-55663-0587.fits
3960/spec-3960-55663-0588.fits
3960/spec-3960-55663-0589.fits
3960/spec-3960-55663-0590.fits
3960/spec-3960-55663-0591.fits
3960/spec-3960-55663-0592.fits
3960/spec-3960-55663-0593.fits
3960/spec-3960-55663-0594.fits
3960/spec-3960-55663-0595.fits
3960/spec-3960-55663-0596.fits
3960/spec-3960-55663-0597.fits
3960/spec-3960-55663-0598.fits
3960/spec-3960-55663-0599.fits
3960/spec-3960-55663-0600.fits
3960/spec-3960-55663-0601.fits
3960/spec-3960-55663-0602.fits
3960/spec-3960-55663-0603.fits
3960/spec-3960-55663-0604.fits
3960/spec-3960-55663-0605.fits
3960/spec-3960-55663-0606.fits
3960/spec-3960-55663-0607.fits
3960/spec-3960-55663-0608.fits
3960/spec-3960-55663-0609.fits
3960/spec-3960-55663-0610.fits
3960/spec-3960-55663-0611.fits
3960/spec-3960-55663-0612.fits
3960/spec-3960-55663-0613.fits
3960/spec-3960-55663-0614.fits
3960/spec-3960-55663-0615.fits
3960/spec-3960-55663-0616.fits
3960/spec-3960-55663-0617.fits
3960/spec-3960-55663-0618.fits
3960/spec-3960-55663-0619.fits
3960/spec-3960-55663-0620.fits
3960/spec-3960-55663-0621.fits
3960/spec-3960-55663-0622.fits
3960/spec-3960-55663-0623.fits
3960/spec-3960-55663-0624.fits
3960/spec-3960-55663-0625.fits
3960/spec-3960-55663-0626.fits
3960/spec-3960-55663-0627.fits
3960/spec-3960-55663-0628.fits
3960/spec-3960-55663-0629.fits
3960/spec-3960-55663-0630.fits
3960/spec-3960-55663-0631.fits
3960/spec-3960-55663-0632.fits
3960/spec-3960-55663-0633.fits
3960/spec-3960-55663-0634.fits
3960/spec-3960-55663-0635.fits
3960/spec-3960-55663-0636.fits
3960/spec-3960-55663-0637.fits
3960/spec-3960-55663-0638.fits
3960/spec-3960-55663-0639.fits
3960/spec-3960-55663-0640.fits
3960/spec-3960-55663-0641.fits
3960/spec-3960-55663-0642.fits
3960/spec-3960-55663-0643.fits
3960/spec-3960-55663-0644.fits
3960/spec-3960-55663-0645.fits
3960/spec-3960-55663-0646.fits
3960/spec-3960-55663-0647.fits
3960/spec-3960-55663-0648.fits
3960/spec-3960-55663-0649.fits
3960/spec-3960-55663-0650.fits
3960/spec-3960-55663-0651.fits
3960/spec-3960-55663-0652.fits
3960/spec-3960-55663-0653.fits
3960/spec-3960-55663-0654.fits
3960/spec-3960-55663-0655.fits
3960/spec-3960-55663-0656.fits
3960/spec-3960-55663-0657.fits
3960/spec-3960-55663-0658.fits
3960/spec-3960-55663-0659.fits
3960/spec-3960-55663-0660.fits
3960/spec-3960-55663-0661.fits
3960/spec-3960-55663-0662.fits
3960/spec-3960-55663-0663.fits
3960/spec-3960-55663-0664.fits
3960/spec-3960-55663-0665.fits
3960/spec-3960-55663-0666.fits
3960/spec-3960-55663-0667.fits
3960/spec-3960-55663-0668.fits
3960/spec-3960-55663-0669.fits
3960/spec-3960-55663-0670.fits
3960/spec-3960-55663-0671.fits
3960/spec-3960-55663-0672.fits
3960/spec-3960-55663-0673.fits
3960/spec-3960-55663-0674.fits
3960/spec-3960-55663-0675.fits
3960/spec-3960-55663-0676.fits
3960/spec-3960-55663-0677.fits
3960/spec-3960-55663-0678.fits
3960/spec-3960-55663-0679.fits
3960/spec-3960-55663-0680.fits
3960/spec-3960-55663-0681.fits
3960/spec-3960-55663-0682.fits
3960/spec-3960-55663-0683.fits
3960/spec-3960-55663-0684.fits
3960/spec-3960-55663-0685.fits
3960/spec-3960-55663-0686.fits
3960/spec-3960-55663-0687.fits
3960/spec-3960-55663-0688.fits
3960/spec-3960-55663-0689.fits
3960/spec-3960-55663-0690.fits
3960/spec-3960-55663-0691.fits
3960/spec-3960-55663-0692.fits
3960/spec-3960-55663-0693.fits
3960/spec-3960-55663-0694.fits
3960/spec-3960-55663-0695.fits
3960/spec-3960-55663-0696.fits
3960/spec-3960-55663-0697.fits
3960/spec-3960-55663-0698.fits
3960/spec-3960-55663-0699.fits
3960/spec-3960-55663-0700.fits
3960/spec-3960-55663-0701.fits
3960/spec-3960-55663-0702.fits
3960/spec-3960-55663-0703.fits
3960/spec-3960-55663-0704.fits
3960/spec-3960-55663-0705.fits
3960/spec-3960-55663-0706.fits
3960/spec-3960-55663-0707.fits
3960/spec-3960-55663-0708.fits
3960/spec-3960-55663-0709.fits
3960/spec-3960-55663-0710.fits
3960/spec-3960-55663-0711.fits
3960/spec-3960-55663-0712.fits
3960/spec-3960-55663-0713.fits
3960/spec-3960-55663-0714.fits
3960/spec-3960-55663-0715.fits
3960/spec-3960-55663-0716.fits
3960/spec-3960-55663-0717.fits
3960/spec-3960-55663-0718.fits
3960/spec-3960-55663-0719.fits
3960/spec-3960-55663-0720.fits
3960/spec-3960-55663-0721.fits
3960/spec-3960-55663-0722.fits
3960/spec-3960-55663-0723.fits
3960/spec-3960-55663-0724.fits
3960/spec-3960-55663-0725.fits
3960/spec-3960-55663-0726.fits
3960/spec-3960-55663-0727.fits
3960/spec-3960-55663-0728.fits
3960/spec-3960-55663-0729.fits
3960/spec-3960-55663-0730.fits
3960/spec-3960-55663-0731.fits
3960/spec-3960-55663-0732.fits
3960/spec-3960-55663-0733.fits
3960/spec-3960-55663-0734.fits
3960/spec-3960-55663-0735.fits
3960/spec-3960-55663-0736.fits
3960/spec-3960-55663-0737.fits
3960/spec-3960-55663-0738.fits
3960/spec-3960-55663-0739.fits
3960/spec-3960-55663-0740.fits
3960/spec-3960-55663-0741.fits
3960/spec-3960-55663-0742.fits
3960/spec-3960-55663-0743.fits
3960/spec-3960-55663-0744.fits
3960/spec-3960-55663-0745.fits
3960/spec-3960-55663-0746.fits
3960/spec-3960-55663-0747.fits
3960/spec-3960-55663-0748.fits
3960/spec-3960-55663-0749.fits
3960/spec-3960-55663-0750.fits
3960/spec-3960-55663-0751.fits
3960/spec-3960-55663-0752.fits
3960/spec-3960-55663-0753.fits
3960/spec-3960-55663-0754.fits
3960/spec-3960-55663-0755.fits
3960/spec-3960-55663-0756.fits
3960/spec-3960-55663-0757.fits
3960/spec-3960-55663-0758.fits
3960/spec-3960-55663-0759.fits
3960/spec-3960-55663-0760.fits
3960/spec-3960-55663-0761.fits
3960/spec-3960-55663-0762.fits
3960/spec-3960-55663-0763.fits
3960/spec-3960-55663-0764.fits
3960/spec-3960-55663-0765.fits
3960/spec-3960-55663-0766.fits
3960/spec-3960-55663-0767.fits
3960/spec-3960-55663-0768.fits
3960/spec-3960-55663-0769.fits
3960/spec-3960-55663-0770.fits
3960/spec-3960-55663-0771.fits
3960/spec-3960-55663-0772.fits
3960/spec-3960-55663-0773.fits
3960/spec-3960-55663-0774.fits
3960/spec-3960-55663-0775.fits
3960/spec-3960-55663-0776.fits
3960/spec-3960-55663-0777.fits
3960/spec-3960-55663-0778.fits
3960/spec-3960-55663-0779.fits
3960/spec-3960-55663-0780.fits
3960/spec-3960-55663-0781.fits
3960/spec-3960-55663-0782.fits
3960/spec-3960-55663-0783.fits
3960/spec-3960-55663-0784.fits
3960/spec-3960-55663-0785.fits
3960/spec-3960-55663-0786.fits
3960/spec-3960-55663-0787.fits
3960/spec-3960-55663-0788.fits
3960/spec-3960-55663-0789.fits
3960/spec-3960-55663-0790.fits
3960/spec-3960-55663-0791.fits
3960/spec-3960-55663-0792.fits
3960/spec-3960-55663-0793.fits
3960/spec-3960-55663-0794.fits
3960/spec-3960-55663-0795.fits
3960/spec-3960-55663-0796.fits
3960/spec-3960-55663-0797.fits
3960/spec-3960-55663-0798.fits
3960/spec-3960-55663-0799.fits
3960/spec-3960-55663-0800.fits
3960/spec-3960-55663-0801.fits
3960/spec-3960-55663-0802.fits
3960/spec-3960-55663-0803.fits
3960/spec-3960-55663-0804.fits
3960/spec-3960-55663-0805.fits
3960/spec-3960-55663-0806.fits
3960/spec-3960-55663-0807.fits
3960/spec-3960-55663-0808.fits
3960/spec-3960-55663-0809.fits
3960/spec-3960-55663-0810.fits
3960/spec-3960-55663-0811.fits
3960/spec-3960-55663-0812.fits
3960/spec-3960-55663-0813.fits
3960/spec-3960-55663-0814.fits
3960/spec-3960-55663-0815.fits
3960/spec-3960-55663-0816.fits
3960/spec-3960-55663-0817.fits
3960/spec-3960-55663-0818.fits
3960/spec-3960-55663-0819.fits
3960/spec-3960-55663-0820.fits
3960/spec-3960-55663-0821.fits
3960/spec-3960-55663-0822.fits
3960/spec-3960-55663-0823.fits
3960/spec-3960-55663-0824.fits
3960/spec-3960-55663-0825.fits
3960/spec-3960-55663-0826.fits
3960/spec-3960-55663-0827.fits
3960/spec-3960-55663-0828.fits
3960/spec-3960-55663-0829.fits
3960/spec-3960-55663-0830.fits
3960/spec-3960-55663-0831.fits
3960/spec-3960-55663-0832.fits
3960/spec-3960-55663-0833.fits
3960/spec-3960-55663-0834.fits
3960/spec-3960-55663-0835.fits
3960/spec-3960-55663-0836.fits
3960/spec-3960-55663-0837.fits
3960/spec-3960-55663-0838.fits
3960/spec-3960-55663-0839.fits
3960/spec-3960-55663-0840.fits
3960/spec-3960-55663-0841.fits
3960/spec-3960-55663-0842.fits
3960/spec-3960-55663-0843.fits
3960/spec-3960-55663-0844.fits
3960/spec-3960-55663-0845.fits
3960/spec-3960-55663-0846.fits
3960/spec-3960-55663-0847.fits
3960/spec-3960-55663-0848.fits
3960/spec-3960-55663-0849.fits
3960/spec-3960-55663-0850.fits
3960/spec-3960-55663-0851.fits
3960/spec-3960-55663-0852.fits
3960/spec-3960-55663-0853.fits
3960/spec-3960-55663-0854.fits
3960/spec-3960-55663-0855.fits
3960/spec-3960-55663-0856.fits
3960/spec-3960-55663-0857.fits
3960/spec-3960-55663-0858.fits
3960/spec-3960-55663-0859.fits
3960/spec-3960-55663-0860.fits
3960/spec-3960-55663-0861.fits
3960/spec-3960-55663-0862.fits
3960/spec-3960-55663-0863.fits
3960/spec-3960-55663-0864.fits
3960/spec-3960-55663-0865.fits
3960/spec-3960-55663-0866.fits
3960/spec-3960-55663-0867.fits
3960/spec-3960-55663-0868.fits
3960/spec-3960-55663-0869.fits
3960/spec-3960-55663-0870.fits
3960/spec-3960-55663-0871.fits
3960/spec-3960-55663-0872.fits
3960/spec-3960-55663-0873.fits
3960/spec-3960-55663-0874.fits
3960/spec-3960-55663-0875.fits
3960/spec-3960-55663-0876.fits
3960/spec-3960-55663-0877.fits
3960/spec-3960-55663-0878.fits
3960/spec-3960-55663-0879.fits
3960/spec-3960-55663-0880.fits
3960/spec-3960-55663-0881.fits
3960/spec-3960-55663-0882.fits
3960/spec-3960-55663-0883.fits
3960/spec-3960-55663-0884.fits
3960/spec-3960-55663-0885.fits
3960/spec-3960-55663-0886.fits
3960/spec-3960-55663-0887.fits
3960/spec-3960-55663-0888.fits
3960/spec-3960-55663-0889.fits
3960/spec-3960-55663-0890.fits
3960/spec-3960-55663-0891.fits
3960/spec-3960-55663-0892.fits
3960/spec-3960-55663-0893.fits
3960/spec-3960-55663-0894.fits
3960/spec-3960-55663-0895.fits
3960/spec-3960-55663-0896.fits
3960/spec-3960-55663-0897.fits
3960/spec-3960-55663-0898.fits
3960/spec-3960-55663-0899.fits
3960/spec-3960-55663-0900.fits
3960/spec-3960-55663-0901.fits
3960/spec-3960-55663-0902.fits
3960/spec-3960-55663-0903.fits
3960/spec-3960-55663-0904.fits
3960/spec-3960-55663-0905.fits
3960/spec-3960-55663-0906.fits
3960/spec-3960-55663-0907.fits
3960/spec-3960-55663-0908.fits
3960/spec-3960-55663-0909.fits
3960/spec-3960-55663-0910.fits
3960/spec-3960-55663-0911.fits
3960/spec-3960-55663-0912.fits
3960/spec-3960-55663-0913.fits
3960/spec-3960-55663-0914.fits
3960/spec-3960-55663-0915.fits
3960/spec-3960-55663-0916.fits
3960/spec-3960-55663-0917.fits
3960/spec-3960-55663-0918.fits
3960/spec-3960-55663-0919.fits
3960/spec-3960-55663-0920.fits
3960/spec-3960-55663-0921.fits
3960/spec-3960-55663-0922.fits
3960/spec-3960-55663-0923.fits
3960/spec-3960-55663-0924.fits
3960/spec-3960-55663-0925.fits
3960/spec-3960-55663-0926.fits
3960/spec-3960-55663-0927.fits
3960/spec-3960-55663-0928.fits
3960/spec-3960-55663-0929.fits
3960/spec-3960-55663-0930.fits
3960/spec-3960-55663-0931.fits
3960/spec-3960-55663-0932.fits
3960/spec-3960-55663-0933.fits
3960/spec-3960-55663-0934.fits
3960/spec-3960-55663-0935.fits
3960/spec-3960-55663-0936.fits
3960/spec-3960-55663-0937.fits
3960/spec-3960-55663-0938.fits
3960/spec-3960-55663-0939.fits
3960/spec-3960-55663-0940.fits
3960/spec-3960-55663-0941.fits
3960/spec-3960-55663-0942.fits
3960/spec-3960-55663-0943.fits
3960/spec-3960-55663-0944.fits
3960/spec-3960-55663-0945.fits
3960/spec-3960-55663-0946.fits
3960/spec-3960-55663-0947.fits
3960/spec-3960-55663-0948.fits
3960/spec-3960-55663-0949.fits
3960/spec-3960-55663-0950.fits
3960/spec-3960-55663-0951.fits
3960/spec-3960-55663-0952.fits
3960/spec-3960-55663-0953.fits
3960/spec-3960-55663-0954.fits
3960/spec-3960-55663-0955.fits
3960/spec-3960-55663-0956.fits
3960/spec-3960-55663-0957.fits
3960/spec-3960-55663-0958.fits
3960/spec-3960-55663-0959.fits
3960/spec-3960-55663-0960.fits
3960/spec-3960-55663-0961.fits
3960/spec-3960-55663-0962.fits
3960/spec-3960-55663-0963.fits
3960/spec-3960-55663-0964.fits
3960/spec-3960-55663-0965.fits
3960/spec-3960-55663-0966.fits
3960/spec-3960-55663-0967.fits
3960/spec-3960-55663-0968.fits
3960/spec-3960-55663-0969.fits
3960/spec-3960-55663-0970.fits
3960/spec-3960-55663-0971.fits
3960/spec-3960-55663-0972.fits
3960/spec-3960-55663-0973.fits
3960/spec-3960-55663-0974.fits
3960/spec-3960-55663-0975.fits
3960/spec-3960-55663-0976.fits
3960/spec-3960-55663-0977.fits
3960/spec-3960-55663-0978.fits
3960/spec-3960-55663-0979.fits
3960/spec-3960-55663-0980.fits
3960/spec-3960-55663-0981.fits
3960/spec-3960-55663-0982.fits
3960/spec-3960-55663-0983.fits
3960/spec-3960-55663-0984.fits
3960/spec-3960-55663-0985.fits
3960/spec-3960-55663-0986.fits
3960/spec-3960-55663-0987.fits
3960/spec-3960-55663-0988.fits
3960/spec-3960-55663-0989.fits
3960/spec-3960-55663-0990.fits
3960/spec-3960-55663-0991.fits
3960/spec-3960-55663-0992.fits
3960/spec-3960-55663-0993.fits
3960/spec-3960-55663-0994.fits
3960/spec-3960-55663-0995.fits
3960/spec-3960-55663-0996.fits
3960/spec-3960-55663-0997.fits
3960/spec-3960-55663-0998.fits
3960/spec-3960-55663-0999.fits
3960/spec-3960-55663-1000.fits
/var/lib/condor/execute/slot1/dir_28943
3960 3960.tgz R R361.tar.gz _condor_stderr _condor_stdout cB58_Lyman_break.fit condor_exec.exe hw4.R packages packages.tar.gz tmp var
[1] "Loaded package astro."
[1] 1000
3960 3960.csv 3960.tgz R R361.tar.gz _condor_stderr _condor_stdout cB58_Lyman_break.fit condor_exec.exe hw4.R packages packages.tar.gz tmp var
