6827
6827/
6827/spec-6827-56428-0001.fits
6827/spec-6827-56428-0002.fits
6827/spec-6827-56428-0003.fits
6827/spec-6827-56428-0004.fits
6827/spec-6827-56428-0005.fits
6827/spec-6827-56428-0006.fits
6827/spec-6827-56428-0007.fits
6827/spec-6827-56428-0008.fits
6827/spec-6827-56428-0009.fits
6827/spec-6827-56428-0010.fits
6827/spec-6827-56428-0011.fits
6827/spec-6827-56428-0012.fits
6827/spec-6827-56428-0013.fits
6827/spec-6827-56428-0014.fits
6827/spec-6827-56428-0015.fits
6827/spec-6827-56428-0016.fits
6827/spec-6827-56428-0017.fits
6827/spec-6827-56428-0018.fits
6827/spec-6827-56428-0019.fits
6827/spec-6827-56428-0020.fits
6827/spec-6827-56428-0021.fits
6827/spec-6827-56428-0022.fits
6827/spec-6827-56428-0023.fits
6827/spec-6827-56428-0024.fits
6827/spec-6827-56428-0025.fits
6827/spec-6827-56428-0026.fits
6827/spec-6827-56428-0027.fits
6827/spec-6827-56428-0028.fits
6827/spec-6827-56428-0029.fits
6827/spec-6827-56428-0030.fits
6827/spec-6827-56428-0031.fits
6827/spec-6827-56428-0032.fits
6827/spec-6827-56428-0033.fits
6827/spec-6827-56428-0034.fits
6827/spec-6827-56428-0035.fits
6827/spec-6827-56428-0036.fits
6827/spec-6827-56428-0037.fits
6827/spec-6827-56428-0038.fits
6827/spec-6827-56428-0039.fits
6827/spec-6827-56428-0040.fits
6827/spec-6827-56428-0041.fits
6827/spec-6827-56428-0042.fits
6827/spec-6827-56428-0043.fits
6827/spec-6827-56428-0044.fits
6827/spec-6827-56428-0045.fits
6827/spec-6827-56428-0046.fits
6827/spec-6827-56428-0047.fits
6827/spec-6827-56428-0048.fits
6827/spec-6827-56428-0049.fits
6827/spec-6827-56428-0050.fits
6827/spec-6827-56428-0051.fits
6827/spec-6827-56428-0052.fits
6827/spec-6827-56428-0053.fits
6827/spec-6827-56428-0054.fits
6827/spec-6827-56428-0055.fits
6827/spec-6827-56428-0056.fits
6827/spec-6827-56428-0057.fits
6827/spec-6827-56428-0058.fits
6827/spec-6827-56428-0059.fits
6827/spec-6827-56428-0060.fits
6827/spec-6827-56428-0061.fits
6827/spec-6827-56428-0062.fits
6827/spec-6827-56428-0063.fits
6827/spec-6827-56428-0064.fits
6827/spec-6827-56428-0065.fits
6827/spec-6827-56428-0066.fits
6827/spec-6827-56428-0067.fits
6827/spec-6827-56428-0068.fits
6827/spec-6827-56428-0069.fits
6827/spec-6827-56428-0070.fits
6827/spec-6827-56428-0071.fits
6827/spec-6827-56428-0072.fits
6827/spec-6827-56428-0073.fits
6827/spec-6827-56428-0074.fits
6827/spec-6827-56428-0075.fits
6827/spec-6827-56428-0076.fits
6827/spec-6827-56428-0077.fits
6827/spec-6827-56428-0078.fits
6827/spec-6827-56428-0079.fits
6827/spec-6827-56428-0080.fits
6827/spec-6827-56428-0081.fits
6827/spec-6827-56428-0082.fits
6827/spec-6827-56428-0083.fits
6827/spec-6827-56428-0084.fits
6827/spec-6827-56428-0085.fits
6827/spec-6827-56428-0086.fits
6827/spec-6827-56428-0087.fits
6827/spec-6827-56428-0088.fits
6827/spec-6827-56428-0089.fits
6827/spec-6827-56428-0090.fits
6827/spec-6827-56428-0091.fits
6827/spec-6827-56428-0092.fits
6827/spec-6827-56428-0093.fits
6827/spec-6827-56428-0094.fits
6827/spec-6827-56428-0095.fits
6827/spec-6827-56428-0096.fits
6827/spec-6827-56428-0097.fits
6827/spec-6827-56428-0098.fits
6827/spec-6827-56428-0099.fits
6827/spec-6827-56428-0100.fits
6827/spec-6827-56428-0101.fits
6827/spec-6827-56428-0102.fits
6827/spec-6827-56428-0103.fits
6827/spec-6827-56428-0104.fits
6827/spec-6827-56428-0105.fits
6827/spec-6827-56428-0106.fits
6827/spec-6827-56428-0107.fits
6827/spec-6827-56428-0108.fits
6827/spec-6827-56428-0109.fits
6827/spec-6827-56428-0110.fits
6827/spec-6827-56428-0111.fits
6827/spec-6827-56428-0112.fits
6827/spec-6827-56428-0113.fits
6827/spec-6827-56428-0114.fits
6827/spec-6827-56428-0115.fits
6827/spec-6827-56428-0116.fits
6827/spec-6827-56428-0117.fits
6827/spec-6827-56428-0118.fits
6827/spec-6827-56428-0119.fits
6827/spec-6827-56428-0120.fits
6827/spec-6827-56428-0121.fits
6827/spec-6827-56428-0122.fits
6827/spec-6827-56428-0123.fits
6827/spec-6827-56428-0124.fits
6827/spec-6827-56428-0125.fits
6827/spec-6827-56428-0126.fits
6827/spec-6827-56428-0127.fits
6827/spec-6827-56428-0128.fits
6827/spec-6827-56428-0129.fits
6827/spec-6827-56428-0130.fits
6827/spec-6827-56428-0131.fits
6827/spec-6827-56428-0132.fits
6827/spec-6827-56428-0133.fits
6827/spec-6827-56428-0134.fits
6827/spec-6827-56428-0135.fits
6827/spec-6827-56428-0136.fits
6827/spec-6827-56428-0137.fits
6827/spec-6827-56428-0138.fits
6827/spec-6827-56428-0139.fits
6827/spec-6827-56428-0140.fits
6827/spec-6827-56428-0141.fits
6827/spec-6827-56428-0142.fits
6827/spec-6827-56428-0143.fits
6827/spec-6827-56428-0144.fits
6827/spec-6827-56428-0145.fits
6827/spec-6827-56428-0146.fits
6827/spec-6827-56428-0147.fits
6827/spec-6827-56428-0148.fits
6827/spec-6827-56428-0149.fits
6827/spec-6827-56428-0150.fits
6827/spec-6827-56428-0151.fits
6827/spec-6827-56428-0152.fits
6827/spec-6827-56428-0153.fits
6827/spec-6827-56428-0154.fits
6827/spec-6827-56428-0155.fits
6827/spec-6827-56428-0156.fits
6827/spec-6827-56428-0157.fits
6827/spec-6827-56428-0158.fits
6827/spec-6827-56428-0159.fits
6827/spec-6827-56428-0160.fits
6827/spec-6827-56428-0161.fits
6827/spec-6827-56428-0162.fits
6827/spec-6827-56428-0163.fits
6827/spec-6827-56428-0164.fits
6827/spec-6827-56428-0165.fits
6827/spec-6827-56428-0166.fits
6827/spec-6827-56428-0167.fits
6827/spec-6827-56428-0168.fits
6827/spec-6827-56428-0169.fits
6827/spec-6827-56428-0170.fits
6827/spec-6827-56428-0171.fits
6827/spec-6827-56428-0172.fits
6827/spec-6827-56428-0173.fits
6827/spec-6827-56428-0174.fits
6827/spec-6827-56428-0175.fits
6827/spec-6827-56428-0176.fits
6827/spec-6827-56428-0177.fits
6827/spec-6827-56428-0178.fits
6827/spec-6827-56428-0179.fits
6827/spec-6827-56428-0180.fits
6827/spec-6827-56428-0181.fits
6827/spec-6827-56428-0182.fits
6827/spec-6827-56428-0183.fits
6827/spec-6827-56428-0184.fits
6827/spec-6827-56428-0185.fits
6827/spec-6827-56428-0186.fits
6827/spec-6827-56428-0187.fits
6827/spec-6827-56428-0188.fits
6827/spec-6827-56428-0189.fits
6827/spec-6827-56428-0190.fits
6827/spec-6827-56428-0191.fits
6827/spec-6827-56428-0192.fits
6827/spec-6827-56428-0193.fits
6827/spec-6827-56428-0194.fits
6827/spec-6827-56428-0195.fits
6827/spec-6827-56428-0196.fits
6827/spec-6827-56428-0197.fits
6827/spec-6827-56428-0198.fits
6827/spec-6827-56428-0199.fits
6827/spec-6827-56428-0200.fits
6827/spec-6827-56428-0201.fits
6827/spec-6827-56428-0202.fits
6827/spec-6827-56428-0203.fits
6827/spec-6827-56428-0204.fits
6827/spec-6827-56428-0205.fits
6827/spec-6827-56428-0206.fits
6827/spec-6827-56428-0207.fits
6827/spec-6827-56428-0208.fits
6827/spec-6827-56428-0209.fits
6827/spec-6827-56428-0210.fits
6827/spec-6827-56428-0211.fits
6827/spec-6827-56428-0212.fits
6827/spec-6827-56428-0213.fits
6827/spec-6827-56428-0214.fits
6827/spec-6827-56428-0215.fits
6827/spec-6827-56428-0216.fits
6827/spec-6827-56428-0217.fits
6827/spec-6827-56428-0218.fits
6827/spec-6827-56428-0219.fits
6827/spec-6827-56428-0220.fits
6827/spec-6827-56428-0221.fits
6827/spec-6827-56428-0222.fits
6827/spec-6827-56428-0223.fits
6827/spec-6827-56428-0224.fits
6827/spec-6827-56428-0225.fits
6827/spec-6827-56428-0226.fits
6827/spec-6827-56428-0227.fits
6827/spec-6827-56428-0228.fits
6827/spec-6827-56428-0229.fits
6827/spec-6827-56428-0230.fits
6827/spec-6827-56428-0231.fits
6827/spec-6827-56428-0232.fits
6827/spec-6827-56428-0233.fits
6827/spec-6827-56428-0234.fits
6827/spec-6827-56428-0235.fits
6827/spec-6827-56428-0236.fits
6827/spec-6827-56428-0237.fits
6827/spec-6827-56428-0238.fits
6827/spec-6827-56428-0239.fits
6827/spec-6827-56428-0240.fits
6827/spec-6827-56428-0241.fits
6827/spec-6827-56428-0242.fits
6827/spec-6827-56428-0243.fits
6827/spec-6827-56428-0244.fits
6827/spec-6827-56428-0245.fits
6827/spec-6827-56428-0246.fits
6827/spec-6827-56428-0247.fits
6827/spec-6827-56428-0248.fits
6827/spec-6827-56428-0249.fits
6827/spec-6827-56428-0250.fits
6827/spec-6827-56428-0251.fits
6827/spec-6827-56428-0252.fits
6827/spec-6827-56428-0253.fits
6827/spec-6827-56428-0254.fits
6827/spec-6827-56428-0255.fits
6827/spec-6827-56428-0256.fits
6827/spec-6827-56428-0257.fits
6827/spec-6827-56428-0258.fits
6827/spec-6827-56428-0259.fits
6827/spec-6827-56428-0260.fits
6827/spec-6827-56428-0261.fits
6827/spec-6827-56428-0262.fits
6827/spec-6827-56428-0263.fits
6827/spec-6827-56428-0264.fits
6827/spec-6827-56428-0265.fits
6827/spec-6827-56428-0266.fits
6827/spec-6827-56428-0267.fits
6827/spec-6827-56428-0268.fits
6827/spec-6827-56428-0269.fits
6827/spec-6827-56428-0270.fits
6827/spec-6827-56428-0271.fits
6827/spec-6827-56428-0272.fits
6827/spec-6827-56428-0273.fits
6827/spec-6827-56428-0274.fits
6827/spec-6827-56428-0275.fits
6827/spec-6827-56428-0276.fits
6827/spec-6827-56428-0277.fits
6827/spec-6827-56428-0278.fits
6827/spec-6827-56428-0279.fits
6827/spec-6827-56428-0280.fits
6827/spec-6827-56428-0281.fits
6827/spec-6827-56428-0282.fits
6827/spec-6827-56428-0283.fits
6827/spec-6827-56428-0284.fits
6827/spec-6827-56428-0285.fits
6827/spec-6827-56428-0286.fits
6827/spec-6827-56428-0287.fits
6827/spec-6827-56428-0288.fits
6827/spec-6827-56428-0289.fits
6827/spec-6827-56428-0290.fits
6827/spec-6827-56428-0291.fits
6827/spec-6827-56428-0292.fits
6827/spec-6827-56428-0293.fits
6827/spec-6827-56428-0294.fits
6827/spec-6827-56428-0295.fits
6827/spec-6827-56428-0296.fits
6827/spec-6827-56428-0297.fits
6827/spec-6827-56428-0298.fits
6827/spec-6827-56428-0299.fits
6827/spec-6827-56428-0300.fits
6827/spec-6827-56428-0301.fits
6827/spec-6827-56428-0302.fits
6827/spec-6827-56428-0303.fits
6827/spec-6827-56428-0304.fits
6827/spec-6827-56428-0305.fits
6827/spec-6827-56428-0306.fits
6827/spec-6827-56428-0307.fits
6827/spec-6827-56428-0308.fits
6827/spec-6827-56428-0309.fits
6827/spec-6827-56428-0310.fits
6827/spec-6827-56428-0311.fits
6827/spec-6827-56428-0312.fits
6827/spec-6827-56428-0313.fits
6827/spec-6827-56428-0314.fits
6827/spec-6827-56428-0315.fits
6827/spec-6827-56428-0316.fits
6827/spec-6827-56428-0317.fits
6827/spec-6827-56428-0318.fits
6827/spec-6827-56428-0319.fits
6827/spec-6827-56428-0320.fits
6827/spec-6827-56428-0321.fits
6827/spec-6827-56428-0322.fits
6827/spec-6827-56428-0323.fits
6827/spec-6827-56428-0324.fits
6827/spec-6827-56428-0325.fits
6827/spec-6827-56428-0326.fits
6827/spec-6827-56428-0327.fits
6827/spec-6827-56428-0328.fits
6827/spec-6827-56428-0329.fits
6827/spec-6827-56428-0330.fits
6827/spec-6827-56428-0331.fits
6827/spec-6827-56428-0332.fits
6827/spec-6827-56428-0333.fits
6827/spec-6827-56428-0334.fits
6827/spec-6827-56428-0335.fits
6827/spec-6827-56428-0336.fits
6827/spec-6827-56428-0337.fits
6827/spec-6827-56428-0338.fits
6827/spec-6827-56428-0339.fits
6827/spec-6827-56428-0340.fits
6827/spec-6827-56428-0341.fits
6827/spec-6827-56428-0342.fits
6827/spec-6827-56428-0343.fits
6827/spec-6827-56428-0344.fits
6827/spec-6827-56428-0345.fits
6827/spec-6827-56428-0346.fits
6827/spec-6827-56428-0347.fits
6827/spec-6827-56428-0348.fits
6827/spec-6827-56428-0349.fits
6827/spec-6827-56428-0350.fits
6827/spec-6827-56428-0351.fits
6827/spec-6827-56428-0352.fits
6827/spec-6827-56428-0353.fits
6827/spec-6827-56428-0354.fits
6827/spec-6827-56428-0355.fits
6827/spec-6827-56428-0356.fits
6827/spec-6827-56428-0357.fits
6827/spec-6827-56428-0358.fits
6827/spec-6827-56428-0359.fits
6827/spec-6827-56428-0360.fits
6827/spec-6827-56428-0361.fits
6827/spec-6827-56428-0362.fits
6827/spec-6827-56428-0363.fits
6827/spec-6827-56428-0364.fits
6827/spec-6827-56428-0365.fits
6827/spec-6827-56428-0366.fits
6827/spec-6827-56428-0367.fits
6827/spec-6827-56428-0368.fits
6827/spec-6827-56428-0369.fits
6827/spec-6827-56428-0370.fits
6827/spec-6827-56428-0371.fits
6827/spec-6827-56428-0372.fits
6827/spec-6827-56428-0373.fits
6827/spec-6827-56428-0374.fits
6827/spec-6827-56428-0375.fits
6827/spec-6827-56428-0376.fits
6827/spec-6827-56428-0377.fits
6827/spec-6827-56428-0378.fits
6827/spec-6827-56428-0379.fits
6827/spec-6827-56428-0380.fits
6827/spec-6827-56428-0381.fits
6827/spec-6827-56428-0382.fits
6827/spec-6827-56428-0383.fits
6827/spec-6827-56428-0384.fits
6827/spec-6827-56428-0385.fits
6827/spec-6827-56428-0386.fits
6827/spec-6827-56428-0387.fits
6827/spec-6827-56428-0388.fits
6827/spec-6827-56428-0389.fits
6827/spec-6827-56428-0390.fits
6827/spec-6827-56428-0391.fits
6827/spec-6827-56428-0392.fits
6827/spec-6827-56428-0393.fits
6827/spec-6827-56428-0394.fits
6827/spec-6827-56428-0395.fits
6827/spec-6827-56428-0396.fits
6827/spec-6827-56428-0397.fits
6827/spec-6827-56428-0398.fits
6827/spec-6827-56428-0399.fits
6827/spec-6827-56428-0400.fits
6827/spec-6827-56428-0401.fits
6827/spec-6827-56428-0402.fits
6827/spec-6827-56428-0403.fits
6827/spec-6827-56428-0404.fits
6827/spec-6827-56428-0405.fits
6827/spec-6827-56428-0406.fits
6827/spec-6827-56428-0407.fits
6827/spec-6827-56428-0408.fits
6827/spec-6827-56428-0409.fits
6827/spec-6827-56428-0410.fits
6827/spec-6827-56428-0411.fits
6827/spec-6827-56428-0412.fits
6827/spec-6827-56428-0413.fits
6827/spec-6827-56428-0414.fits
6827/spec-6827-56428-0415.fits
6827/spec-6827-56428-0416.fits
6827/spec-6827-56428-0417.fits
6827/spec-6827-56428-0418.fits
6827/spec-6827-56428-0419.fits
6827/spec-6827-56428-0420.fits
6827/spec-6827-56428-0421.fits
6827/spec-6827-56428-0422.fits
6827/spec-6827-56428-0423.fits
6827/spec-6827-56428-0424.fits
6827/spec-6827-56428-0425.fits
6827/spec-6827-56428-0426.fits
6827/spec-6827-56428-0427.fits
6827/spec-6827-56428-0428.fits
6827/spec-6827-56428-0429.fits
6827/spec-6827-56428-0430.fits
6827/spec-6827-56428-0431.fits
6827/spec-6827-56428-0432.fits
6827/spec-6827-56428-0433.fits
6827/spec-6827-56428-0434.fits
6827/spec-6827-56428-0435.fits
6827/spec-6827-56428-0436.fits
6827/spec-6827-56428-0437.fits
6827/spec-6827-56428-0438.fits
6827/spec-6827-56428-0439.fits
6827/spec-6827-56428-0440.fits
6827/spec-6827-56428-0441.fits
6827/spec-6827-56428-0442.fits
6827/spec-6827-56428-0443.fits
6827/spec-6827-56428-0444.fits
6827/spec-6827-56428-0445.fits
6827/spec-6827-56428-0446.fits
6827/spec-6827-56428-0447.fits
6827/spec-6827-56428-0448.fits
6827/spec-6827-56428-0449.fits
6827/spec-6827-56428-0450.fits
6827/spec-6827-56428-0451.fits
6827/spec-6827-56428-0452.fits
6827/spec-6827-56428-0453.fits
6827/spec-6827-56428-0454.fits
6827/spec-6827-56428-0455.fits
6827/spec-6827-56428-0456.fits
6827/spec-6827-56428-0457.fits
6827/spec-6827-56428-0458.fits
6827/spec-6827-56428-0459.fits
6827/spec-6827-56428-0460.fits
6827/spec-6827-56428-0461.fits
6827/spec-6827-56428-0462.fits
6827/spec-6827-56428-0463.fits
6827/spec-6827-56428-0464.fits
6827/spec-6827-56428-0465.fits
6827/spec-6827-56428-0466.fits
6827/spec-6827-56428-0467.fits
6827/spec-6827-56428-0468.fits
6827/spec-6827-56428-0469.fits
6827/spec-6827-56428-0470.fits
6827/spec-6827-56428-0471.fits
6827/spec-6827-56428-0472.fits
6827/spec-6827-56428-0473.fits
6827/spec-6827-56428-0474.fits
6827/spec-6827-56428-0475.fits
6827/spec-6827-56428-0476.fits
6827/spec-6827-56428-0477.fits
6827/spec-6827-56428-0478.fits
6827/spec-6827-56428-0479.fits
6827/spec-6827-56428-0480.fits
6827/spec-6827-56428-0481.fits
6827/spec-6827-56428-0482.fits
6827/spec-6827-56428-0483.fits
6827/spec-6827-56428-0484.fits
6827/spec-6827-56428-0485.fits
6827/spec-6827-56428-0486.fits
6827/spec-6827-56428-0487.fits
6827/spec-6827-56428-0488.fits
6827/spec-6827-56428-0489.fits
6827/spec-6827-56428-0490.fits
6827/spec-6827-56428-0491.fits
6827/spec-6827-56428-0492.fits
6827/spec-6827-56428-0493.fits
6827/spec-6827-56428-0494.fits
6827/spec-6827-56428-0495.fits
6827/spec-6827-56428-0496.fits
6827/spec-6827-56428-0497.fits
6827/spec-6827-56428-0498.fits
6827/spec-6827-56428-0499.fits
6827/spec-6827-56428-0500.fits
6827/spec-6827-56428-0501.fits
6827/spec-6827-56428-0502.fits
6827/spec-6827-56428-0503.fits
6827/spec-6827-56428-0504.fits
6827/spec-6827-56428-0505.fits
6827/spec-6827-56428-0506.fits
6827/spec-6827-56428-0507.fits
6827/spec-6827-56428-0508.fits
6827/spec-6827-56428-0509.fits
6827/spec-6827-56428-0510.fits
6827/spec-6827-56428-0511.fits
6827/spec-6827-56428-0512.fits
6827/spec-6827-56428-0513.fits
6827/spec-6827-56428-0514.fits
6827/spec-6827-56428-0515.fits
6827/spec-6827-56428-0516.fits
6827/spec-6827-56428-0517.fits
6827/spec-6827-56428-0518.fits
6827/spec-6827-56428-0519.fits
6827/spec-6827-56428-0520.fits
6827/spec-6827-56428-0521.fits
6827/spec-6827-56428-0522.fits
6827/spec-6827-56428-0523.fits
6827/spec-6827-56428-0524.fits
6827/spec-6827-56428-0525.fits
6827/spec-6827-56428-0526.fits
6827/spec-6827-56428-0527.fits
6827/spec-6827-56428-0528.fits
6827/spec-6827-56428-0529.fits
6827/spec-6827-56428-0530.fits
6827/spec-6827-56428-0531.fits
6827/spec-6827-56428-0532.fits
6827/spec-6827-56428-0533.fits
6827/spec-6827-56428-0534.fits
6827/spec-6827-56428-0535.fits
6827/spec-6827-56428-0536.fits
6827/spec-6827-56428-0537.fits
6827/spec-6827-56428-0538.fits
6827/spec-6827-56428-0539.fits
6827/spec-6827-56428-0540.fits
6827/spec-6827-56428-0541.fits
6827/spec-6827-56428-0542.fits
6827/spec-6827-56428-0543.fits
6827/spec-6827-56428-0544.fits
6827/spec-6827-56428-0545.fits
6827/spec-6827-56428-0546.fits
6827/spec-6827-56428-0547.fits
6827/spec-6827-56428-0548.fits
6827/spec-6827-56428-0549.fits
6827/spec-6827-56428-0550.fits
6827/spec-6827-56428-0551.fits
6827/spec-6827-56428-0552.fits
6827/spec-6827-56428-0553.fits
6827/spec-6827-56428-0554.fits
6827/spec-6827-56428-0555.fits
6827/spec-6827-56428-0556.fits
6827/spec-6827-56428-0557.fits
6827/spec-6827-56428-0558.fits
6827/spec-6827-56428-0559.fits
6827/spec-6827-56428-0560.fits
6827/spec-6827-56428-0561.fits
6827/spec-6827-56428-0562.fits
6827/spec-6827-56428-0563.fits
6827/spec-6827-56428-0564.fits
6827/spec-6827-56428-0565.fits
6827/spec-6827-56428-0566.fits
6827/spec-6827-56428-0567.fits
6827/spec-6827-56428-0568.fits
6827/spec-6827-56428-0569.fits
6827/spec-6827-56428-0570.fits
6827/spec-6827-56428-0571.fits
6827/spec-6827-56428-0572.fits
6827/spec-6827-56428-0573.fits
6827/spec-6827-56428-0574.fits
6827/spec-6827-56428-0575.fits
6827/spec-6827-56428-0576.fits
6827/spec-6827-56428-0577.fits
6827/spec-6827-56428-0578.fits
6827/spec-6827-56428-0579.fits
6827/spec-6827-56428-0580.fits
6827/spec-6827-56428-0581.fits
6827/spec-6827-56428-0582.fits
6827/spec-6827-56428-0583.fits
6827/spec-6827-56428-0584.fits
6827/spec-6827-56428-0585.fits
6827/spec-6827-56428-0586.fits
6827/spec-6827-56428-0587.fits
6827/spec-6827-56428-0588.fits
6827/spec-6827-56428-0589.fits
6827/spec-6827-56428-0590.fits
6827/spec-6827-56428-0591.fits
6827/spec-6827-56428-0592.fits
6827/spec-6827-56428-0593.fits
6827/spec-6827-56428-0594.fits
6827/spec-6827-56428-0595.fits
6827/spec-6827-56428-0596.fits
6827/spec-6827-56428-0597.fits
6827/spec-6827-56428-0598.fits
6827/spec-6827-56428-0599.fits
6827/spec-6827-56428-0600.fits
6827/spec-6827-56428-0601.fits
6827/spec-6827-56428-0602.fits
6827/spec-6827-56428-0603.fits
6827/spec-6827-56428-0604.fits
6827/spec-6827-56428-0605.fits
6827/spec-6827-56428-0606.fits
6827/spec-6827-56428-0607.fits
6827/spec-6827-56428-0608.fits
6827/spec-6827-56428-0609.fits
6827/spec-6827-56428-0610.fits
6827/spec-6827-56428-0611.fits
6827/spec-6827-56428-0612.fits
6827/spec-6827-56428-0613.fits
6827/spec-6827-56428-0614.fits
6827/spec-6827-56428-0615.fits
6827/spec-6827-56428-0616.fits
6827/spec-6827-56428-0617.fits
6827/spec-6827-56428-0618.fits
6827/spec-6827-56428-0619.fits
6827/spec-6827-56428-0620.fits
6827/spec-6827-56428-0621.fits
6827/spec-6827-56428-0622.fits
6827/spec-6827-56428-0623.fits
6827/spec-6827-56428-0624.fits
6827/spec-6827-56428-0625.fits
6827/spec-6827-56428-0626.fits
6827/spec-6827-56428-0627.fits
6827/spec-6827-56428-0628.fits
6827/spec-6827-56428-0629.fits
6827/spec-6827-56428-0630.fits
6827/spec-6827-56428-0631.fits
6827/spec-6827-56428-0632.fits
6827/spec-6827-56428-0633.fits
6827/spec-6827-56428-0634.fits
6827/spec-6827-56428-0635.fits
6827/spec-6827-56428-0636.fits
6827/spec-6827-56428-0637.fits
6827/spec-6827-56428-0638.fits
6827/spec-6827-56428-0639.fits
6827/spec-6827-56428-0640.fits
6827/spec-6827-56428-0641.fits
6827/spec-6827-56428-0642.fits
6827/spec-6827-56428-0643.fits
6827/spec-6827-56428-0644.fits
6827/spec-6827-56428-0645.fits
6827/spec-6827-56428-0646.fits
6827/spec-6827-56428-0647.fits
6827/spec-6827-56428-0648.fits
6827/spec-6827-56428-0649.fits
6827/spec-6827-56428-0650.fits
6827/spec-6827-56428-0651.fits
6827/spec-6827-56428-0652.fits
6827/spec-6827-56428-0653.fits
6827/spec-6827-56428-0654.fits
6827/spec-6827-56428-0655.fits
6827/spec-6827-56428-0656.fits
6827/spec-6827-56428-0657.fits
6827/spec-6827-56428-0658.fits
6827/spec-6827-56428-0659.fits
6827/spec-6827-56428-0660.fits
6827/spec-6827-56428-0661.fits
6827/spec-6827-56428-0662.fits
6827/spec-6827-56428-0663.fits
6827/spec-6827-56428-0664.fits
6827/spec-6827-56428-0665.fits
6827/spec-6827-56428-0666.fits
6827/spec-6827-56428-0667.fits
6827/spec-6827-56428-0668.fits
6827/spec-6827-56428-0669.fits
6827/spec-6827-56428-0670.fits
6827/spec-6827-56428-0671.fits
6827/spec-6827-56428-0672.fits
6827/spec-6827-56428-0673.fits
6827/spec-6827-56428-0674.fits
6827/spec-6827-56428-0675.fits
6827/spec-6827-56428-0676.fits
6827/spec-6827-56428-0677.fits
6827/spec-6827-56428-0678.fits
6827/spec-6827-56428-0679.fits
6827/spec-6827-56428-0680.fits
6827/spec-6827-56428-0681.fits
6827/spec-6827-56428-0682.fits
6827/spec-6827-56428-0683.fits
6827/spec-6827-56428-0684.fits
6827/spec-6827-56428-0685.fits
6827/spec-6827-56428-0686.fits
6827/spec-6827-56428-0687.fits
6827/spec-6827-56428-0688.fits
6827/spec-6827-56428-0689.fits
6827/spec-6827-56428-0690.fits
6827/spec-6827-56428-0691.fits
6827/spec-6827-56428-0692.fits
6827/spec-6827-56428-0693.fits
6827/spec-6827-56428-0694.fits
6827/spec-6827-56428-0695.fits
6827/spec-6827-56428-0696.fits
6827/spec-6827-56428-0697.fits
6827/spec-6827-56428-0698.fits
6827/spec-6827-56428-0699.fits
6827/spec-6827-56428-0700.fits
6827/spec-6827-56428-0701.fits
6827/spec-6827-56428-0702.fits
6827/spec-6827-56428-0703.fits
6827/spec-6827-56428-0704.fits
6827/spec-6827-56428-0705.fits
6827/spec-6827-56428-0706.fits
6827/spec-6827-56428-0707.fits
6827/spec-6827-56428-0708.fits
6827/spec-6827-56428-0709.fits
6827/spec-6827-56428-0710.fits
6827/spec-6827-56428-0711.fits
6827/spec-6827-56428-0712.fits
6827/spec-6827-56428-0713.fits
6827/spec-6827-56428-0714.fits
6827/spec-6827-56428-0715.fits
6827/spec-6827-56428-0716.fits
6827/spec-6827-56428-0717.fits
6827/spec-6827-56428-0718.fits
6827/spec-6827-56428-0719.fits
6827/spec-6827-56428-0720.fits
6827/spec-6827-56428-0721.fits
6827/spec-6827-56428-0722.fits
6827/spec-6827-56428-0723.fits
6827/spec-6827-56428-0724.fits
6827/spec-6827-56428-0725.fits
6827/spec-6827-56428-0726.fits
6827/spec-6827-56428-0727.fits
6827/spec-6827-56428-0728.fits
6827/spec-6827-56428-0729.fits
6827/spec-6827-56428-0730.fits
6827/spec-6827-56428-0731.fits
6827/spec-6827-56428-0732.fits
6827/spec-6827-56428-0733.fits
6827/spec-6827-56428-0734.fits
6827/spec-6827-56428-0735.fits
6827/spec-6827-56428-0736.fits
6827/spec-6827-56428-0737.fits
6827/spec-6827-56428-0738.fits
6827/spec-6827-56428-0739.fits
6827/spec-6827-56428-0740.fits
6827/spec-6827-56428-0741.fits
6827/spec-6827-56428-0742.fits
6827/spec-6827-56428-0743.fits
6827/spec-6827-56428-0744.fits
6827/spec-6827-56428-0745.fits
6827/spec-6827-56428-0746.fits
6827/spec-6827-56428-0747.fits
6827/spec-6827-56428-0748.fits
6827/spec-6827-56428-0749.fits
6827/spec-6827-56428-0750.fits
6827/spec-6827-56428-0751.fits
6827/spec-6827-56428-0752.fits
6827/spec-6827-56428-0753.fits
6827/spec-6827-56428-0754.fits
6827/spec-6827-56428-0755.fits
6827/spec-6827-56428-0756.fits
6827/spec-6827-56428-0757.fits
6827/spec-6827-56428-0758.fits
6827/spec-6827-56428-0759.fits
6827/spec-6827-56428-0760.fits
6827/spec-6827-56428-0761.fits
6827/spec-6827-56428-0762.fits
6827/spec-6827-56428-0763.fits
6827/spec-6827-56428-0764.fits
6827/spec-6827-56428-0765.fits
6827/spec-6827-56428-0766.fits
6827/spec-6827-56428-0767.fits
6827/spec-6827-56428-0768.fits
6827/spec-6827-56428-0769.fits
6827/spec-6827-56428-0770.fits
6827/spec-6827-56428-0771.fits
6827/spec-6827-56428-0772.fits
6827/spec-6827-56428-0773.fits
6827/spec-6827-56428-0774.fits
6827/spec-6827-56428-0775.fits
6827/spec-6827-56428-0776.fits
6827/spec-6827-56428-0777.fits
6827/spec-6827-56428-0778.fits
6827/spec-6827-56428-0779.fits
6827/spec-6827-56428-0780.fits
6827/spec-6827-56428-0781.fits
6827/spec-6827-56428-0782.fits
6827/spec-6827-56428-0783.fits
6827/spec-6827-56428-0784.fits
6827/spec-6827-56428-0785.fits
6827/spec-6827-56428-0786.fits
6827/spec-6827-56428-0787.fits
6827/spec-6827-56428-0788.fits
6827/spec-6827-56428-0789.fits
6827/spec-6827-56428-0790.fits
6827/spec-6827-56428-0791.fits
6827/spec-6827-56428-0792.fits
6827/spec-6827-56428-0793.fits
6827/spec-6827-56428-0794.fits
6827/spec-6827-56428-0795.fits
6827/spec-6827-56428-0796.fits
6827/spec-6827-56428-0797.fits
6827/spec-6827-56428-0798.fits
6827/spec-6827-56428-0799.fits
6827/spec-6827-56428-0800.fits
6827/spec-6827-56428-0801.fits
6827/spec-6827-56428-0802.fits
6827/spec-6827-56428-0803.fits
6827/spec-6827-56428-0804.fits
6827/spec-6827-56428-0805.fits
6827/spec-6827-56428-0806.fits
6827/spec-6827-56428-0807.fits
6827/spec-6827-56428-0808.fits
6827/spec-6827-56428-0809.fits
6827/spec-6827-56428-0810.fits
6827/spec-6827-56428-0811.fits
6827/spec-6827-56428-0812.fits
6827/spec-6827-56428-0813.fits
6827/spec-6827-56428-0814.fits
6827/spec-6827-56428-0815.fits
6827/spec-6827-56428-0816.fits
6827/spec-6827-56428-0817.fits
6827/spec-6827-56428-0818.fits
6827/spec-6827-56428-0819.fits
6827/spec-6827-56428-0820.fits
6827/spec-6827-56428-0821.fits
6827/spec-6827-56428-0822.fits
6827/spec-6827-56428-0823.fits
6827/spec-6827-56428-0824.fits
6827/spec-6827-56428-0825.fits
6827/spec-6827-56428-0826.fits
6827/spec-6827-56428-0827.fits
6827/spec-6827-56428-0828.fits
6827/spec-6827-56428-0829.fits
6827/spec-6827-56428-0830.fits
6827/spec-6827-56428-0831.fits
6827/spec-6827-56428-0832.fits
6827/spec-6827-56428-0833.fits
6827/spec-6827-56428-0834.fits
6827/spec-6827-56428-0835.fits
6827/spec-6827-56428-0836.fits
6827/spec-6827-56428-0837.fits
6827/spec-6827-56428-0838.fits
6827/spec-6827-56428-0839.fits
6827/spec-6827-56428-0840.fits
6827/spec-6827-56428-0841.fits
6827/spec-6827-56428-0842.fits
6827/spec-6827-56428-0843.fits
6827/spec-6827-56428-0844.fits
6827/spec-6827-56428-0845.fits
6827/spec-6827-56428-0846.fits
6827/spec-6827-56428-0847.fits
6827/spec-6827-56428-0848.fits
6827/spec-6827-56428-0849.fits
6827/spec-6827-56428-0850.fits
6827/spec-6827-56428-0851.fits
6827/spec-6827-56428-0852.fits
6827/spec-6827-56428-0853.fits
6827/spec-6827-56428-0854.fits
6827/spec-6827-56428-0855.fits
6827/spec-6827-56428-0856.fits
6827/spec-6827-56428-0857.fits
6827/spec-6827-56428-0858.fits
6827/spec-6827-56428-0859.fits
6827/spec-6827-56428-0860.fits
6827/spec-6827-56428-0861.fits
6827/spec-6827-56428-0862.fits
6827/spec-6827-56428-0863.fits
6827/spec-6827-56428-0864.fits
6827/spec-6827-56428-0865.fits
6827/spec-6827-56428-0866.fits
6827/spec-6827-56428-0867.fits
6827/spec-6827-56428-0868.fits
6827/spec-6827-56428-0869.fits
6827/spec-6827-56428-0870.fits
6827/spec-6827-56428-0871.fits
6827/spec-6827-56428-0872.fits
6827/spec-6827-56428-0873.fits
6827/spec-6827-56428-0874.fits
6827/spec-6827-56428-0875.fits
6827/spec-6827-56428-0876.fits
6827/spec-6827-56428-0877.fits
6827/spec-6827-56428-0878.fits
6827/spec-6827-56428-0879.fits
6827/spec-6827-56428-0880.fits
6827/spec-6827-56428-0881.fits
6827/spec-6827-56428-0882.fits
6827/spec-6827-56428-0883.fits
6827/spec-6827-56428-0884.fits
6827/spec-6827-56428-0885.fits
6827/spec-6827-56428-0886.fits
6827/spec-6827-56428-0887.fits
6827/spec-6827-56428-0888.fits
6827/spec-6827-56428-0889.fits
6827/spec-6827-56428-0890.fits
6827/spec-6827-56428-0891.fits
6827/spec-6827-56428-0892.fits
6827/spec-6827-56428-0893.fits
6827/spec-6827-56428-0894.fits
6827/spec-6827-56428-0895.fits
6827/spec-6827-56428-0896.fits
6827/spec-6827-56428-0897.fits
6827/spec-6827-56428-0898.fits
6827/spec-6827-56428-0899.fits
6827/spec-6827-56428-0900.fits
6827/spec-6827-56428-0901.fits
6827/spec-6827-56428-0902.fits
6827/spec-6827-56428-0903.fits
6827/spec-6827-56428-0904.fits
6827/spec-6827-56428-0905.fits
6827/spec-6827-56428-0906.fits
6827/spec-6827-56428-0907.fits
6827/spec-6827-56428-0908.fits
6827/spec-6827-56428-0909.fits
6827/spec-6827-56428-0910.fits
6827/spec-6827-56428-0911.fits
6827/spec-6827-56428-0912.fits
6827/spec-6827-56428-0913.fits
6827/spec-6827-56428-0914.fits
6827/spec-6827-56428-0915.fits
6827/spec-6827-56428-0916.fits
6827/spec-6827-56428-0917.fits
6827/spec-6827-56428-0918.fits
6827/spec-6827-56428-0919.fits
6827/spec-6827-56428-0920.fits
6827/spec-6827-56428-0921.fits
6827/spec-6827-56428-0922.fits
6827/spec-6827-56428-0923.fits
6827/spec-6827-56428-0924.fits
6827/spec-6827-56428-0925.fits
6827/spec-6827-56428-0926.fits
6827/spec-6827-56428-0927.fits
6827/spec-6827-56428-0928.fits
6827/spec-6827-56428-0929.fits
6827/spec-6827-56428-0930.fits
6827/spec-6827-56428-0931.fits
6827/spec-6827-56428-0932.fits
6827/spec-6827-56428-0933.fits
6827/spec-6827-56428-0934.fits
6827/spec-6827-56428-0935.fits
6827/spec-6827-56428-0936.fits
6827/spec-6827-56428-0937.fits
6827/spec-6827-56428-0938.fits
6827/spec-6827-56428-0939.fits
6827/spec-6827-56428-0940.fits
6827/spec-6827-56428-0941.fits
6827/spec-6827-56428-0942.fits
6827/spec-6827-56428-0943.fits
6827/spec-6827-56428-0944.fits
6827/spec-6827-56428-0945.fits
6827/spec-6827-56428-0946.fits
6827/spec-6827-56428-0947.fits
6827/spec-6827-56428-0948.fits
6827/spec-6827-56428-0949.fits
6827/spec-6827-56428-0950.fits
6827/spec-6827-56428-0951.fits
6827/spec-6827-56428-0952.fits
6827/spec-6827-56428-0953.fits
6827/spec-6827-56428-0954.fits
6827/spec-6827-56428-0955.fits
6827/spec-6827-56428-0956.fits
6827/spec-6827-56428-0957.fits
6827/spec-6827-56428-0958.fits
6827/spec-6827-56428-0959.fits
6827/spec-6827-56428-0960.fits
6827/spec-6827-56428-0961.fits
6827/spec-6827-56428-0962.fits
6827/spec-6827-56428-0963.fits
6827/spec-6827-56428-0964.fits
6827/spec-6827-56428-0965.fits
6827/spec-6827-56428-0966.fits
6827/spec-6827-56428-0967.fits
6827/spec-6827-56428-0968.fits
6827/spec-6827-56428-0969.fits
6827/spec-6827-56428-0970.fits
6827/spec-6827-56428-0971.fits
6827/spec-6827-56428-0972.fits
6827/spec-6827-56428-0973.fits
6827/spec-6827-56428-0974.fits
6827/spec-6827-56428-0975.fits
6827/spec-6827-56428-0976.fits
6827/spec-6827-56428-0977.fits
6827/spec-6827-56428-0978.fits
6827/spec-6827-56428-0979.fits
6827/spec-6827-56428-0980.fits
6827/spec-6827-56428-0981.fits
6827/spec-6827-56428-0982.fits
6827/spec-6827-56428-0983.fits
6827/spec-6827-56428-0984.fits
6827/spec-6827-56428-0985.fits
6827/spec-6827-56428-0986.fits
6827/spec-6827-56428-0987.fits
6827/spec-6827-56428-0988.fits
6827/spec-6827-56428-0989.fits
6827/spec-6827-56428-0990.fits
6827/spec-6827-56428-0991.fits
6827/spec-6827-56428-0992.fits
6827/spec-6827-56428-0993.fits
6827/spec-6827-56428-0994.fits
6827/spec-6827-56428-0995.fits
6827/spec-6827-56428-0996.fits
6827/spec-6827-56428-0997.fits
6827/spec-6827-56428-0998.fits
6827/spec-6827-56428-0999.fits
6827/spec-6827-56428-1000.fits
/var/lib/condor/execute/slot1/dir_37792
6827 6827.tgz R R361.tar.gz _condor_stderr _condor_stdout cB58_Lyman_break.fit condor_exec.exe hw4.R packages packages.tar.gz tmp var
[1] "Loaded package astro."
[1] 1000
6827 6827.csv 6827.tgz R R361.tar.gz _condor_stderr _condor_stdout cB58_Lyman_break.fit condor_exec.exe hw4.R packages packages.tar.gz tmp var
