6828
6828/
6828/spec-6828-56430-0001.fits
6828/spec-6828-56430-0002.fits
6828/spec-6828-56430-0003.fits
6828/spec-6828-56430-0004.fits
6828/spec-6828-56430-0005.fits
6828/spec-6828-56430-0006.fits
6828/spec-6828-56430-0007.fits
6828/spec-6828-56430-0008.fits
6828/spec-6828-56430-0009.fits
6828/spec-6828-56430-0010.fits
6828/spec-6828-56430-0011.fits
6828/spec-6828-56430-0012.fits
6828/spec-6828-56430-0013.fits
6828/spec-6828-56430-0014.fits
6828/spec-6828-56430-0015.fits
6828/spec-6828-56430-0016.fits
6828/spec-6828-56430-0017.fits
6828/spec-6828-56430-0018.fits
6828/spec-6828-56430-0019.fits
6828/spec-6828-56430-0020.fits
6828/spec-6828-56430-0021.fits
6828/spec-6828-56430-0022.fits
6828/spec-6828-56430-0023.fits
6828/spec-6828-56430-0024.fits
6828/spec-6828-56430-0025.fits
6828/spec-6828-56430-0026.fits
6828/spec-6828-56430-0027.fits
6828/spec-6828-56430-0028.fits
6828/spec-6828-56430-0029.fits
6828/spec-6828-56430-0030.fits
6828/spec-6828-56430-0031.fits
6828/spec-6828-56430-0032.fits
6828/spec-6828-56430-0033.fits
6828/spec-6828-56430-0034.fits
6828/spec-6828-56430-0035.fits
6828/spec-6828-56430-0036.fits
6828/spec-6828-56430-0037.fits
6828/spec-6828-56430-0038.fits
6828/spec-6828-56430-0039.fits
6828/spec-6828-56430-0040.fits
6828/spec-6828-56430-0041.fits
6828/spec-6828-56430-0042.fits
6828/spec-6828-56430-0043.fits
6828/spec-6828-56430-0044.fits
6828/spec-6828-56430-0045.fits
6828/spec-6828-56430-0046.fits
6828/spec-6828-56430-0047.fits
6828/spec-6828-56430-0048.fits
6828/spec-6828-56430-0049.fits
6828/spec-6828-56430-0050.fits
6828/spec-6828-56430-0051.fits
6828/spec-6828-56430-0052.fits
6828/spec-6828-56430-0053.fits
6828/spec-6828-56430-0054.fits
6828/spec-6828-56430-0055.fits
6828/spec-6828-56430-0056.fits
6828/spec-6828-56430-0057.fits
6828/spec-6828-56430-0058.fits
6828/spec-6828-56430-0059.fits
6828/spec-6828-56430-0060.fits
6828/spec-6828-56430-0061.fits
6828/spec-6828-56430-0062.fits
6828/spec-6828-56430-0063.fits
6828/spec-6828-56430-0064.fits
6828/spec-6828-56430-0065.fits
6828/spec-6828-56430-0066.fits
6828/spec-6828-56430-0067.fits
6828/spec-6828-56430-0068.fits
6828/spec-6828-56430-0069.fits
6828/spec-6828-56430-0070.fits
6828/spec-6828-56430-0071.fits
6828/spec-6828-56430-0072.fits
6828/spec-6828-56430-0073.fits
6828/spec-6828-56430-0074.fits
6828/spec-6828-56430-0075.fits
6828/spec-6828-56430-0076.fits
6828/spec-6828-56430-0077.fits
6828/spec-6828-56430-0078.fits
6828/spec-6828-56430-0079.fits
6828/spec-6828-56430-0080.fits
6828/spec-6828-56430-0081.fits
6828/spec-6828-56430-0082.fits
6828/spec-6828-56430-0083.fits
6828/spec-6828-56430-0084.fits
6828/spec-6828-56430-0085.fits
6828/spec-6828-56430-0086.fits
6828/spec-6828-56430-0087.fits
6828/spec-6828-56430-0088.fits
6828/spec-6828-56430-0089.fits
6828/spec-6828-56430-0090.fits
6828/spec-6828-56430-0091.fits
6828/spec-6828-56430-0092.fits
6828/spec-6828-56430-0093.fits
6828/spec-6828-56430-0094.fits
6828/spec-6828-56430-0095.fits
6828/spec-6828-56430-0096.fits
6828/spec-6828-56430-0097.fits
6828/spec-6828-56430-0098.fits
6828/spec-6828-56430-0099.fits
6828/spec-6828-56430-0100.fits
6828/spec-6828-56430-0101.fits
6828/spec-6828-56430-0102.fits
6828/spec-6828-56430-0103.fits
6828/spec-6828-56430-0104.fits
6828/spec-6828-56430-0105.fits
6828/spec-6828-56430-0106.fits
6828/spec-6828-56430-0107.fits
6828/spec-6828-56430-0108.fits
6828/spec-6828-56430-0109.fits
6828/spec-6828-56430-0110.fits
6828/spec-6828-56430-0111.fits
6828/spec-6828-56430-0112.fits
6828/spec-6828-56430-0113.fits
6828/spec-6828-56430-0114.fits
6828/spec-6828-56430-0115.fits
6828/spec-6828-56430-0116.fits
6828/spec-6828-56430-0117.fits
6828/spec-6828-56430-0118.fits
6828/spec-6828-56430-0119.fits
6828/spec-6828-56430-0120.fits
6828/spec-6828-56430-0121.fits
6828/spec-6828-56430-0122.fits
6828/spec-6828-56430-0123.fits
6828/spec-6828-56430-0124.fits
6828/spec-6828-56430-0125.fits
6828/spec-6828-56430-0126.fits
6828/spec-6828-56430-0127.fits
6828/spec-6828-56430-0128.fits
6828/spec-6828-56430-0129.fits
6828/spec-6828-56430-0130.fits
6828/spec-6828-56430-0131.fits
6828/spec-6828-56430-0132.fits
6828/spec-6828-56430-0133.fits
6828/spec-6828-56430-0134.fits
6828/spec-6828-56430-0135.fits
6828/spec-6828-56430-0136.fits
6828/spec-6828-56430-0137.fits
6828/spec-6828-56430-0138.fits
6828/spec-6828-56430-0139.fits
6828/spec-6828-56430-0140.fits
6828/spec-6828-56430-0141.fits
6828/spec-6828-56430-0142.fits
6828/spec-6828-56430-0143.fits
6828/spec-6828-56430-0144.fits
6828/spec-6828-56430-0145.fits
6828/spec-6828-56430-0146.fits
6828/spec-6828-56430-0147.fits
6828/spec-6828-56430-0148.fits
6828/spec-6828-56430-0149.fits
6828/spec-6828-56430-0150.fits
6828/spec-6828-56430-0151.fits
6828/spec-6828-56430-0152.fits
6828/spec-6828-56430-0153.fits
6828/spec-6828-56430-0154.fits
6828/spec-6828-56430-0155.fits
6828/spec-6828-56430-0156.fits
6828/spec-6828-56430-0157.fits
6828/spec-6828-56430-0158.fits
6828/spec-6828-56430-0159.fits
6828/spec-6828-56430-0160.fits
6828/spec-6828-56430-0161.fits
6828/spec-6828-56430-0162.fits
6828/spec-6828-56430-0163.fits
6828/spec-6828-56430-0164.fits
6828/spec-6828-56430-0165.fits
6828/spec-6828-56430-0166.fits
6828/spec-6828-56430-0167.fits
6828/spec-6828-56430-0168.fits
6828/spec-6828-56430-0169.fits
6828/spec-6828-56430-0170.fits
6828/spec-6828-56430-0171.fits
6828/spec-6828-56430-0172.fits
6828/spec-6828-56430-0173.fits
6828/spec-6828-56430-0174.fits
6828/spec-6828-56430-0175.fits
6828/spec-6828-56430-0176.fits
6828/spec-6828-56430-0177.fits
6828/spec-6828-56430-0178.fits
6828/spec-6828-56430-0179.fits
6828/spec-6828-56430-0180.fits
6828/spec-6828-56430-0181.fits
6828/spec-6828-56430-0182.fits
6828/spec-6828-56430-0183.fits
6828/spec-6828-56430-0184.fits
6828/spec-6828-56430-0185.fits
6828/spec-6828-56430-0186.fits
6828/spec-6828-56430-0187.fits
6828/spec-6828-56430-0188.fits
6828/spec-6828-56430-0189.fits
6828/spec-6828-56430-0190.fits
6828/spec-6828-56430-0191.fits
6828/spec-6828-56430-0192.fits
6828/spec-6828-56430-0193.fits
6828/spec-6828-56430-0194.fits
6828/spec-6828-56430-0195.fits
6828/spec-6828-56430-0196.fits
6828/spec-6828-56430-0197.fits
6828/spec-6828-56430-0198.fits
6828/spec-6828-56430-0199.fits
6828/spec-6828-56430-0200.fits
6828/spec-6828-56430-0201.fits
6828/spec-6828-56430-0202.fits
6828/spec-6828-56430-0203.fits
6828/spec-6828-56430-0204.fits
6828/spec-6828-56430-0205.fits
6828/spec-6828-56430-0206.fits
6828/spec-6828-56430-0207.fits
6828/spec-6828-56430-0208.fits
6828/spec-6828-56430-0209.fits
6828/spec-6828-56430-0210.fits
6828/spec-6828-56430-0211.fits
6828/spec-6828-56430-0212.fits
6828/spec-6828-56430-0213.fits
6828/spec-6828-56430-0214.fits
6828/spec-6828-56430-0215.fits
6828/spec-6828-56430-0216.fits
6828/spec-6828-56430-0217.fits
6828/spec-6828-56430-0218.fits
6828/spec-6828-56430-0219.fits
6828/spec-6828-56430-0220.fits
6828/spec-6828-56430-0221.fits
6828/spec-6828-56430-0222.fits
6828/spec-6828-56430-0223.fits
6828/spec-6828-56430-0224.fits
6828/spec-6828-56430-0225.fits
6828/spec-6828-56430-0226.fits
6828/spec-6828-56430-0227.fits
6828/spec-6828-56430-0228.fits
6828/spec-6828-56430-0229.fits
6828/spec-6828-56430-0230.fits
6828/spec-6828-56430-0231.fits
6828/spec-6828-56430-0232.fits
6828/spec-6828-56430-0233.fits
6828/spec-6828-56430-0234.fits
6828/spec-6828-56430-0235.fits
6828/spec-6828-56430-0236.fits
6828/spec-6828-56430-0237.fits
6828/spec-6828-56430-0238.fits
6828/spec-6828-56430-0239.fits
6828/spec-6828-56430-0240.fits
6828/spec-6828-56430-0241.fits
6828/spec-6828-56430-0242.fits
6828/spec-6828-56430-0243.fits
6828/spec-6828-56430-0244.fits
6828/spec-6828-56430-0245.fits
6828/spec-6828-56430-0246.fits
6828/spec-6828-56430-0247.fits
6828/spec-6828-56430-0248.fits
6828/spec-6828-56430-0249.fits
6828/spec-6828-56430-0250.fits
6828/spec-6828-56430-0251.fits
6828/spec-6828-56430-0252.fits
6828/spec-6828-56430-0253.fits
6828/spec-6828-56430-0254.fits
6828/spec-6828-56430-0255.fits
6828/spec-6828-56430-0256.fits
6828/spec-6828-56430-0257.fits
6828/spec-6828-56430-0258.fits
6828/spec-6828-56430-0259.fits
6828/spec-6828-56430-0260.fits
6828/spec-6828-56430-0261.fits
6828/spec-6828-56430-0262.fits
6828/spec-6828-56430-0263.fits
6828/spec-6828-56430-0264.fits
6828/spec-6828-56430-0265.fits
6828/spec-6828-56430-0266.fits
6828/spec-6828-56430-0267.fits
6828/spec-6828-56430-0268.fits
6828/spec-6828-56430-0269.fits
6828/spec-6828-56430-0270.fits
6828/spec-6828-56430-0271.fits
6828/spec-6828-56430-0272.fits
6828/spec-6828-56430-0273.fits
6828/spec-6828-56430-0274.fits
6828/spec-6828-56430-0275.fits
6828/spec-6828-56430-0276.fits
6828/spec-6828-56430-0277.fits
6828/spec-6828-56430-0278.fits
6828/spec-6828-56430-0279.fits
6828/spec-6828-56430-0280.fits
6828/spec-6828-56430-0281.fits
6828/spec-6828-56430-0282.fits
6828/spec-6828-56430-0283.fits
6828/spec-6828-56430-0284.fits
6828/spec-6828-56430-0285.fits
6828/spec-6828-56430-0286.fits
6828/spec-6828-56430-0287.fits
6828/spec-6828-56430-0288.fits
6828/spec-6828-56430-0289.fits
6828/spec-6828-56430-0290.fits
6828/spec-6828-56430-0291.fits
6828/spec-6828-56430-0292.fits
6828/spec-6828-56430-0293.fits
6828/spec-6828-56430-0294.fits
6828/spec-6828-56430-0295.fits
6828/spec-6828-56430-0296.fits
6828/spec-6828-56430-0297.fits
6828/spec-6828-56430-0298.fits
6828/spec-6828-56430-0299.fits
6828/spec-6828-56430-0300.fits
6828/spec-6828-56430-0301.fits
6828/spec-6828-56430-0302.fits
6828/spec-6828-56430-0303.fits
6828/spec-6828-56430-0304.fits
6828/spec-6828-56430-0305.fits
6828/spec-6828-56430-0306.fits
6828/spec-6828-56430-0307.fits
6828/spec-6828-56430-0308.fits
6828/spec-6828-56430-0309.fits
6828/spec-6828-56430-0310.fits
6828/spec-6828-56430-0311.fits
6828/spec-6828-56430-0312.fits
6828/spec-6828-56430-0313.fits
6828/spec-6828-56430-0314.fits
6828/spec-6828-56430-0315.fits
6828/spec-6828-56430-0316.fits
6828/spec-6828-56430-0317.fits
6828/spec-6828-56430-0318.fits
6828/spec-6828-56430-0319.fits
6828/spec-6828-56430-0320.fits
6828/spec-6828-56430-0321.fits
6828/spec-6828-56430-0322.fits
6828/spec-6828-56430-0323.fits
6828/spec-6828-56430-0324.fits
6828/spec-6828-56430-0325.fits
6828/spec-6828-56430-0326.fits
6828/spec-6828-56430-0327.fits
6828/spec-6828-56430-0328.fits
6828/spec-6828-56430-0329.fits
6828/spec-6828-56430-0330.fits
6828/spec-6828-56430-0331.fits
6828/spec-6828-56430-0332.fits
6828/spec-6828-56430-0333.fits
6828/spec-6828-56430-0334.fits
6828/spec-6828-56430-0335.fits
6828/spec-6828-56430-0336.fits
6828/spec-6828-56430-0337.fits
6828/spec-6828-56430-0338.fits
6828/spec-6828-56430-0339.fits
6828/spec-6828-56430-0340.fits
6828/spec-6828-56430-0341.fits
6828/spec-6828-56430-0342.fits
6828/spec-6828-56430-0343.fits
6828/spec-6828-56430-0344.fits
6828/spec-6828-56430-0345.fits
6828/spec-6828-56430-0346.fits
6828/spec-6828-56430-0347.fits
6828/spec-6828-56430-0348.fits
6828/spec-6828-56430-0349.fits
6828/spec-6828-56430-0350.fits
6828/spec-6828-56430-0351.fits
6828/spec-6828-56430-0352.fits
6828/spec-6828-56430-0353.fits
6828/spec-6828-56430-0354.fits
6828/spec-6828-56430-0355.fits
6828/spec-6828-56430-0356.fits
6828/spec-6828-56430-0357.fits
6828/spec-6828-56430-0358.fits
6828/spec-6828-56430-0359.fits
6828/spec-6828-56430-0360.fits
6828/spec-6828-56430-0361.fits
6828/spec-6828-56430-0362.fits
6828/spec-6828-56430-0363.fits
6828/spec-6828-56430-0364.fits
6828/spec-6828-56430-0365.fits
6828/spec-6828-56430-0366.fits
6828/spec-6828-56430-0367.fits
6828/spec-6828-56430-0368.fits
6828/spec-6828-56430-0369.fits
6828/spec-6828-56430-0370.fits
6828/spec-6828-56430-0371.fits
6828/spec-6828-56430-0372.fits
6828/spec-6828-56430-0373.fits
6828/spec-6828-56430-0374.fits
6828/spec-6828-56430-0375.fits
6828/spec-6828-56430-0376.fits
6828/spec-6828-56430-0377.fits
6828/spec-6828-56430-0378.fits
6828/spec-6828-56430-0379.fits
6828/spec-6828-56430-0380.fits
6828/spec-6828-56430-0381.fits
6828/spec-6828-56430-0382.fits
6828/spec-6828-56430-0383.fits
6828/spec-6828-56430-0384.fits
6828/spec-6828-56430-0385.fits
6828/spec-6828-56430-0386.fits
6828/spec-6828-56430-0387.fits
6828/spec-6828-56430-0388.fits
6828/spec-6828-56430-0389.fits
6828/spec-6828-56430-0390.fits
6828/spec-6828-56430-0391.fits
6828/spec-6828-56430-0392.fits
6828/spec-6828-56430-0393.fits
6828/spec-6828-56430-0394.fits
6828/spec-6828-56430-0395.fits
6828/spec-6828-56430-0396.fits
6828/spec-6828-56430-0397.fits
6828/spec-6828-56430-0398.fits
6828/spec-6828-56430-0399.fits
6828/spec-6828-56430-0400.fits
6828/spec-6828-56430-0401.fits
6828/spec-6828-56430-0402.fits
6828/spec-6828-56430-0403.fits
6828/spec-6828-56430-0404.fits
6828/spec-6828-56430-0405.fits
6828/spec-6828-56430-0406.fits
6828/spec-6828-56430-0407.fits
6828/spec-6828-56430-0408.fits
6828/spec-6828-56430-0409.fits
6828/spec-6828-56430-0410.fits
6828/spec-6828-56430-0411.fits
6828/spec-6828-56430-0412.fits
6828/spec-6828-56430-0413.fits
6828/spec-6828-56430-0414.fits
6828/spec-6828-56430-0415.fits
6828/spec-6828-56430-0416.fits
6828/spec-6828-56430-0417.fits
6828/spec-6828-56430-0418.fits
6828/spec-6828-56430-0419.fits
6828/spec-6828-56430-0420.fits
6828/spec-6828-56430-0421.fits
6828/spec-6828-56430-0422.fits
6828/spec-6828-56430-0423.fits
6828/spec-6828-56430-0424.fits
6828/spec-6828-56430-0425.fits
6828/spec-6828-56430-0426.fits
6828/spec-6828-56430-0427.fits
6828/spec-6828-56430-0428.fits
6828/spec-6828-56430-0429.fits
6828/spec-6828-56430-0430.fits
6828/spec-6828-56430-0431.fits
6828/spec-6828-56430-0432.fits
6828/spec-6828-56430-0433.fits
6828/spec-6828-56430-0434.fits
6828/spec-6828-56430-0435.fits
6828/spec-6828-56430-0436.fits
6828/spec-6828-56430-0437.fits
6828/spec-6828-56430-0438.fits
6828/spec-6828-56430-0439.fits
6828/spec-6828-56430-0440.fits
6828/spec-6828-56430-0441.fits
6828/spec-6828-56430-0442.fits
6828/spec-6828-56430-0443.fits
6828/spec-6828-56430-0444.fits
6828/spec-6828-56430-0445.fits
6828/spec-6828-56430-0446.fits
6828/spec-6828-56430-0447.fits
6828/spec-6828-56430-0448.fits
6828/spec-6828-56430-0449.fits
6828/spec-6828-56430-0450.fits
6828/spec-6828-56430-0451.fits
6828/spec-6828-56430-0452.fits
6828/spec-6828-56430-0453.fits
6828/spec-6828-56430-0454.fits
6828/spec-6828-56430-0455.fits
6828/spec-6828-56430-0456.fits
6828/spec-6828-56430-0457.fits
6828/spec-6828-56430-0458.fits
6828/spec-6828-56430-0459.fits
6828/spec-6828-56430-0460.fits
6828/spec-6828-56430-0461.fits
6828/spec-6828-56430-0462.fits
6828/spec-6828-56430-0463.fits
6828/spec-6828-56430-0464.fits
6828/spec-6828-56430-0465.fits
6828/spec-6828-56430-0466.fits
6828/spec-6828-56430-0467.fits
6828/spec-6828-56430-0468.fits
6828/spec-6828-56430-0469.fits
6828/spec-6828-56430-0470.fits
6828/spec-6828-56430-0471.fits
6828/spec-6828-56430-0472.fits
6828/spec-6828-56430-0473.fits
6828/spec-6828-56430-0474.fits
6828/spec-6828-56430-0475.fits
6828/spec-6828-56430-0476.fits
6828/spec-6828-56430-0477.fits
6828/spec-6828-56430-0478.fits
6828/spec-6828-56430-0479.fits
6828/spec-6828-56430-0480.fits
6828/spec-6828-56430-0481.fits
6828/spec-6828-56430-0482.fits
6828/spec-6828-56430-0483.fits
6828/spec-6828-56430-0484.fits
6828/spec-6828-56430-0485.fits
6828/spec-6828-56430-0486.fits
6828/spec-6828-56430-0487.fits
6828/spec-6828-56430-0488.fits
6828/spec-6828-56430-0489.fits
6828/spec-6828-56430-0490.fits
6828/spec-6828-56430-0491.fits
6828/spec-6828-56430-0492.fits
6828/spec-6828-56430-0493.fits
6828/spec-6828-56430-0494.fits
6828/spec-6828-56430-0495.fits
6828/spec-6828-56430-0496.fits
6828/spec-6828-56430-0497.fits
6828/spec-6828-56430-0498.fits
6828/spec-6828-56430-0499.fits
6828/spec-6828-56430-0500.fits
6828/spec-6828-56430-0501.fits
6828/spec-6828-56430-0502.fits
6828/spec-6828-56430-0503.fits
6828/spec-6828-56430-0504.fits
6828/spec-6828-56430-0505.fits
6828/spec-6828-56430-0506.fits
6828/spec-6828-56430-0507.fits
6828/spec-6828-56430-0508.fits
6828/spec-6828-56430-0509.fits
6828/spec-6828-56430-0510.fits
6828/spec-6828-56430-0511.fits
6828/spec-6828-56430-0512.fits
6828/spec-6828-56430-0513.fits
6828/spec-6828-56430-0514.fits
6828/spec-6828-56430-0515.fits
6828/spec-6828-56430-0516.fits
6828/spec-6828-56430-0517.fits
6828/spec-6828-56430-0518.fits
6828/spec-6828-56430-0519.fits
6828/spec-6828-56430-0520.fits
6828/spec-6828-56430-0521.fits
6828/spec-6828-56430-0522.fits
6828/spec-6828-56430-0523.fits
6828/spec-6828-56430-0524.fits
6828/spec-6828-56430-0525.fits
6828/spec-6828-56430-0526.fits
6828/spec-6828-56430-0527.fits
6828/spec-6828-56430-0528.fits
6828/spec-6828-56430-0529.fits
6828/spec-6828-56430-0530.fits
6828/spec-6828-56430-0531.fits
6828/spec-6828-56430-0532.fits
6828/spec-6828-56430-0533.fits
6828/spec-6828-56430-0534.fits
6828/spec-6828-56430-0535.fits
6828/spec-6828-56430-0536.fits
6828/spec-6828-56430-0537.fits
6828/spec-6828-56430-0538.fits
6828/spec-6828-56430-0539.fits
6828/spec-6828-56430-0540.fits
6828/spec-6828-56430-0541.fits
6828/spec-6828-56430-0542.fits
6828/spec-6828-56430-0543.fits
6828/spec-6828-56430-0544.fits
6828/spec-6828-56430-0545.fits
6828/spec-6828-56430-0546.fits
6828/spec-6828-56430-0547.fits
6828/spec-6828-56430-0548.fits
6828/spec-6828-56430-0549.fits
6828/spec-6828-56430-0550.fits
6828/spec-6828-56430-0551.fits
6828/spec-6828-56430-0552.fits
6828/spec-6828-56430-0553.fits
6828/spec-6828-56430-0554.fits
6828/spec-6828-56430-0555.fits
6828/spec-6828-56430-0556.fits
6828/spec-6828-56430-0557.fits
6828/spec-6828-56430-0558.fits
6828/spec-6828-56430-0559.fits
6828/spec-6828-56430-0560.fits
6828/spec-6828-56430-0561.fits
6828/spec-6828-56430-0562.fits
6828/spec-6828-56430-0563.fits
6828/spec-6828-56430-0564.fits
6828/spec-6828-56430-0565.fits
6828/spec-6828-56430-0566.fits
6828/spec-6828-56430-0567.fits
6828/spec-6828-56430-0568.fits
6828/spec-6828-56430-0569.fits
6828/spec-6828-56430-0570.fits
6828/spec-6828-56430-0571.fits
6828/spec-6828-56430-0572.fits
6828/spec-6828-56430-0573.fits
6828/spec-6828-56430-0574.fits
6828/spec-6828-56430-0575.fits
6828/spec-6828-56430-0576.fits
6828/spec-6828-56430-0577.fits
6828/spec-6828-56430-0578.fits
6828/spec-6828-56430-0579.fits
6828/spec-6828-56430-0580.fits
6828/spec-6828-56430-0581.fits
6828/spec-6828-56430-0582.fits
6828/spec-6828-56430-0583.fits
6828/spec-6828-56430-0584.fits
6828/spec-6828-56430-0585.fits
6828/spec-6828-56430-0586.fits
6828/spec-6828-56430-0587.fits
6828/spec-6828-56430-0588.fits
6828/spec-6828-56430-0589.fits
6828/spec-6828-56430-0590.fits
6828/spec-6828-56430-0591.fits
6828/spec-6828-56430-0592.fits
6828/spec-6828-56430-0593.fits
6828/spec-6828-56430-0594.fits
6828/spec-6828-56430-0595.fits
6828/spec-6828-56430-0596.fits
6828/spec-6828-56430-0597.fits
6828/spec-6828-56430-0598.fits
6828/spec-6828-56430-0599.fits
6828/spec-6828-56430-0600.fits
6828/spec-6828-56430-0601.fits
6828/spec-6828-56430-0602.fits
6828/spec-6828-56430-0603.fits
6828/spec-6828-56430-0604.fits
6828/spec-6828-56430-0605.fits
6828/spec-6828-56430-0606.fits
6828/spec-6828-56430-0607.fits
6828/spec-6828-56430-0608.fits
6828/spec-6828-56430-0609.fits
6828/spec-6828-56430-0610.fits
6828/spec-6828-56430-0611.fits
6828/spec-6828-56430-0612.fits
6828/spec-6828-56430-0613.fits
6828/spec-6828-56430-0614.fits
6828/spec-6828-56430-0615.fits
6828/spec-6828-56430-0616.fits
6828/spec-6828-56430-0617.fits
6828/spec-6828-56430-0618.fits
6828/spec-6828-56430-0619.fits
6828/spec-6828-56430-0620.fits
6828/spec-6828-56430-0621.fits
6828/spec-6828-56430-0622.fits
6828/spec-6828-56430-0623.fits
6828/spec-6828-56430-0624.fits
6828/spec-6828-56430-0625.fits
6828/spec-6828-56430-0626.fits
6828/spec-6828-56430-0627.fits
6828/spec-6828-56430-0628.fits
6828/spec-6828-56430-0629.fits
6828/spec-6828-56430-0630.fits
6828/spec-6828-56430-0631.fits
6828/spec-6828-56430-0632.fits
6828/spec-6828-56430-0633.fits
6828/spec-6828-56430-0634.fits
6828/spec-6828-56430-0635.fits
6828/spec-6828-56430-0636.fits
6828/spec-6828-56430-0637.fits
6828/spec-6828-56430-0638.fits
6828/spec-6828-56430-0639.fits
6828/spec-6828-56430-0640.fits
6828/spec-6828-56430-0641.fits
6828/spec-6828-56430-0642.fits
6828/spec-6828-56430-0643.fits
6828/spec-6828-56430-0644.fits
6828/spec-6828-56430-0645.fits
6828/spec-6828-56430-0646.fits
6828/spec-6828-56430-0647.fits
6828/spec-6828-56430-0648.fits
6828/spec-6828-56430-0649.fits
6828/spec-6828-56430-0650.fits
6828/spec-6828-56430-0651.fits
6828/spec-6828-56430-0652.fits
6828/spec-6828-56430-0653.fits
6828/spec-6828-56430-0654.fits
6828/spec-6828-56430-0655.fits
6828/spec-6828-56430-0656.fits
6828/spec-6828-56430-0657.fits
6828/spec-6828-56430-0658.fits
6828/spec-6828-56430-0659.fits
6828/spec-6828-56430-0660.fits
6828/spec-6828-56430-0661.fits
6828/spec-6828-56430-0662.fits
6828/spec-6828-56430-0663.fits
6828/spec-6828-56430-0664.fits
6828/spec-6828-56430-0665.fits
6828/spec-6828-56430-0666.fits
6828/spec-6828-56430-0667.fits
6828/spec-6828-56430-0668.fits
6828/spec-6828-56430-0669.fits
6828/spec-6828-56430-0670.fits
6828/spec-6828-56430-0671.fits
6828/spec-6828-56430-0672.fits
6828/spec-6828-56430-0673.fits
6828/spec-6828-56430-0674.fits
6828/spec-6828-56430-0675.fits
6828/spec-6828-56430-0676.fits
6828/spec-6828-56430-0677.fits
6828/spec-6828-56430-0678.fits
6828/spec-6828-56430-0679.fits
6828/spec-6828-56430-0680.fits
6828/spec-6828-56430-0681.fits
6828/spec-6828-56430-0682.fits
6828/spec-6828-56430-0683.fits
6828/spec-6828-56430-0684.fits
6828/spec-6828-56430-0685.fits
6828/spec-6828-56430-0686.fits
6828/spec-6828-56430-0687.fits
6828/spec-6828-56430-0688.fits
6828/spec-6828-56430-0689.fits
6828/spec-6828-56430-0690.fits
6828/spec-6828-56430-0691.fits
6828/spec-6828-56430-0692.fits
6828/spec-6828-56430-0693.fits
6828/spec-6828-56430-0694.fits
6828/spec-6828-56430-0695.fits
6828/spec-6828-56430-0696.fits
6828/spec-6828-56430-0697.fits
6828/spec-6828-56430-0698.fits
6828/spec-6828-56430-0699.fits
6828/spec-6828-56430-0700.fits
6828/spec-6828-56430-0701.fits
6828/spec-6828-56430-0702.fits
6828/spec-6828-56430-0703.fits
6828/spec-6828-56430-0704.fits
6828/spec-6828-56430-0705.fits
6828/spec-6828-56430-0706.fits
6828/spec-6828-56430-0707.fits
6828/spec-6828-56430-0708.fits
6828/spec-6828-56430-0709.fits
6828/spec-6828-56430-0710.fits
6828/spec-6828-56430-0711.fits
6828/spec-6828-56430-0712.fits
6828/spec-6828-56430-0713.fits
6828/spec-6828-56430-0714.fits
6828/spec-6828-56430-0715.fits
6828/spec-6828-56430-0716.fits
6828/spec-6828-56430-0717.fits
6828/spec-6828-56430-0718.fits
6828/spec-6828-56430-0719.fits
6828/spec-6828-56430-0720.fits
6828/spec-6828-56430-0721.fits
6828/spec-6828-56430-0722.fits
6828/spec-6828-56430-0723.fits
6828/spec-6828-56430-0724.fits
6828/spec-6828-56430-0725.fits
6828/spec-6828-56430-0726.fits
6828/spec-6828-56430-0727.fits
6828/spec-6828-56430-0728.fits
6828/spec-6828-56430-0729.fits
6828/spec-6828-56430-0730.fits
6828/spec-6828-56430-0731.fits
6828/spec-6828-56430-0732.fits
6828/spec-6828-56430-0733.fits
6828/spec-6828-56430-0734.fits
6828/spec-6828-56430-0735.fits
6828/spec-6828-56430-0736.fits
6828/spec-6828-56430-0737.fits
6828/spec-6828-56430-0738.fits
6828/spec-6828-56430-0739.fits
6828/spec-6828-56430-0740.fits
6828/spec-6828-56430-0741.fits
6828/spec-6828-56430-0742.fits
6828/spec-6828-56430-0743.fits
6828/spec-6828-56430-0744.fits
6828/spec-6828-56430-0745.fits
6828/spec-6828-56430-0746.fits
6828/spec-6828-56430-0747.fits
6828/spec-6828-56430-0748.fits
6828/spec-6828-56430-0749.fits
6828/spec-6828-56430-0750.fits
6828/spec-6828-56430-0751.fits
6828/spec-6828-56430-0752.fits
6828/spec-6828-56430-0753.fits
6828/spec-6828-56430-0754.fits
6828/spec-6828-56430-0755.fits
6828/spec-6828-56430-0756.fits
6828/spec-6828-56430-0757.fits
6828/spec-6828-56430-0758.fits
6828/spec-6828-56430-0759.fits
6828/spec-6828-56430-0760.fits
6828/spec-6828-56430-0761.fits
6828/spec-6828-56430-0762.fits
6828/spec-6828-56430-0763.fits
6828/spec-6828-56430-0764.fits
6828/spec-6828-56430-0765.fits
6828/spec-6828-56430-0766.fits
6828/spec-6828-56430-0767.fits
6828/spec-6828-56430-0768.fits
6828/spec-6828-56430-0769.fits
6828/spec-6828-56430-0770.fits
6828/spec-6828-56430-0771.fits
6828/spec-6828-56430-0772.fits
6828/spec-6828-56430-0773.fits
6828/spec-6828-56430-0774.fits
6828/spec-6828-56430-0775.fits
6828/spec-6828-56430-0776.fits
6828/spec-6828-56430-0777.fits
6828/spec-6828-56430-0778.fits
6828/spec-6828-56430-0779.fits
6828/spec-6828-56430-0780.fits
6828/spec-6828-56430-0781.fits
6828/spec-6828-56430-0782.fits
6828/spec-6828-56430-0783.fits
6828/spec-6828-56430-0784.fits
6828/spec-6828-56430-0785.fits
6828/spec-6828-56430-0786.fits
6828/spec-6828-56430-0787.fits
6828/spec-6828-56430-0788.fits
6828/spec-6828-56430-0789.fits
6828/spec-6828-56430-0790.fits
6828/spec-6828-56430-0791.fits
6828/spec-6828-56430-0792.fits
6828/spec-6828-56430-0793.fits
6828/spec-6828-56430-0794.fits
6828/spec-6828-56430-0795.fits
6828/spec-6828-56430-0796.fits
6828/spec-6828-56430-0797.fits
6828/spec-6828-56430-0798.fits
6828/spec-6828-56430-0799.fits
6828/spec-6828-56430-0800.fits
6828/spec-6828-56430-0801.fits
6828/spec-6828-56430-0802.fits
6828/spec-6828-56430-0803.fits
6828/spec-6828-56430-0804.fits
6828/spec-6828-56430-0805.fits
6828/spec-6828-56430-0806.fits
6828/spec-6828-56430-0807.fits
6828/spec-6828-56430-0808.fits
6828/spec-6828-56430-0809.fits
6828/spec-6828-56430-0810.fits
6828/spec-6828-56430-0811.fits
6828/spec-6828-56430-0812.fits
6828/spec-6828-56430-0813.fits
6828/spec-6828-56430-0814.fits
6828/spec-6828-56430-0815.fits
6828/spec-6828-56430-0816.fits
6828/spec-6828-56430-0817.fits
6828/spec-6828-56430-0818.fits
6828/spec-6828-56430-0819.fits
6828/spec-6828-56430-0820.fits
6828/spec-6828-56430-0821.fits
6828/spec-6828-56430-0822.fits
6828/spec-6828-56430-0823.fits
6828/spec-6828-56430-0824.fits
6828/spec-6828-56430-0825.fits
6828/spec-6828-56430-0826.fits
6828/spec-6828-56430-0827.fits
6828/spec-6828-56430-0828.fits
6828/spec-6828-56430-0829.fits
6828/spec-6828-56430-0830.fits
6828/spec-6828-56430-0831.fits
6828/spec-6828-56430-0832.fits
6828/spec-6828-56430-0833.fits
6828/spec-6828-56430-0834.fits
6828/spec-6828-56430-0835.fits
6828/spec-6828-56430-0836.fits
6828/spec-6828-56430-0837.fits
6828/spec-6828-56430-0838.fits
6828/spec-6828-56430-0839.fits
6828/spec-6828-56430-0840.fits
6828/spec-6828-56430-0841.fits
6828/spec-6828-56430-0842.fits
6828/spec-6828-56430-0843.fits
6828/spec-6828-56430-0844.fits
6828/spec-6828-56430-0845.fits
6828/spec-6828-56430-0846.fits
6828/spec-6828-56430-0847.fits
6828/spec-6828-56430-0848.fits
6828/spec-6828-56430-0849.fits
6828/spec-6828-56430-0850.fits
6828/spec-6828-56430-0851.fits
6828/spec-6828-56430-0852.fits
6828/spec-6828-56430-0853.fits
6828/spec-6828-56430-0854.fits
6828/spec-6828-56430-0855.fits
6828/spec-6828-56430-0856.fits
6828/spec-6828-56430-0857.fits
6828/spec-6828-56430-0858.fits
6828/spec-6828-56430-0859.fits
6828/spec-6828-56430-0860.fits
6828/spec-6828-56430-0861.fits
6828/spec-6828-56430-0862.fits
6828/spec-6828-56430-0863.fits
6828/spec-6828-56430-0864.fits
6828/spec-6828-56430-0865.fits
6828/spec-6828-56430-0866.fits
6828/spec-6828-56430-0867.fits
6828/spec-6828-56430-0868.fits
6828/spec-6828-56430-0869.fits
6828/spec-6828-56430-0870.fits
6828/spec-6828-56430-0871.fits
6828/spec-6828-56430-0872.fits
6828/spec-6828-56430-0873.fits
6828/spec-6828-56430-0874.fits
6828/spec-6828-56430-0875.fits
6828/spec-6828-56430-0876.fits
6828/spec-6828-56430-0877.fits
6828/spec-6828-56430-0878.fits
6828/spec-6828-56430-0879.fits
6828/spec-6828-56430-0880.fits
6828/spec-6828-56430-0881.fits
6828/spec-6828-56430-0882.fits
6828/spec-6828-56430-0883.fits
6828/spec-6828-56430-0884.fits
6828/spec-6828-56430-0885.fits
6828/spec-6828-56430-0886.fits
6828/spec-6828-56430-0887.fits
6828/spec-6828-56430-0888.fits
6828/spec-6828-56430-0889.fits
6828/spec-6828-56430-0890.fits
6828/spec-6828-56430-0891.fits
6828/spec-6828-56430-0892.fits
6828/spec-6828-56430-0893.fits
6828/spec-6828-56430-0894.fits
6828/spec-6828-56430-0895.fits
6828/spec-6828-56430-0896.fits
6828/spec-6828-56430-0897.fits
6828/spec-6828-56430-0898.fits
6828/spec-6828-56430-0899.fits
6828/spec-6828-56430-0900.fits
6828/spec-6828-56430-0901.fits
6828/spec-6828-56430-0902.fits
6828/spec-6828-56430-0903.fits
6828/spec-6828-56430-0904.fits
6828/spec-6828-56430-0905.fits
6828/spec-6828-56430-0906.fits
6828/spec-6828-56430-0907.fits
6828/spec-6828-56430-0908.fits
6828/spec-6828-56430-0909.fits
6828/spec-6828-56430-0910.fits
6828/spec-6828-56430-0911.fits
6828/spec-6828-56430-0912.fits
6828/spec-6828-56430-0913.fits
6828/spec-6828-56430-0914.fits
6828/spec-6828-56430-0915.fits
6828/spec-6828-56430-0916.fits
6828/spec-6828-56430-0917.fits
6828/spec-6828-56430-0918.fits
6828/spec-6828-56430-0919.fits
6828/spec-6828-56430-0920.fits
6828/spec-6828-56430-0921.fits
6828/spec-6828-56430-0922.fits
6828/spec-6828-56430-0923.fits
6828/spec-6828-56430-0924.fits
6828/spec-6828-56430-0925.fits
6828/spec-6828-56430-0926.fits
6828/spec-6828-56430-0927.fits
6828/spec-6828-56430-0928.fits
6828/spec-6828-56430-0929.fits
6828/spec-6828-56430-0930.fits
6828/spec-6828-56430-0931.fits
6828/spec-6828-56430-0932.fits
6828/spec-6828-56430-0933.fits
6828/spec-6828-56430-0934.fits
6828/spec-6828-56430-0935.fits
6828/spec-6828-56430-0936.fits
6828/spec-6828-56430-0937.fits
6828/spec-6828-56430-0938.fits
6828/spec-6828-56430-0939.fits
6828/spec-6828-56430-0940.fits
6828/spec-6828-56430-0941.fits
6828/spec-6828-56430-0942.fits
6828/spec-6828-56430-0943.fits
6828/spec-6828-56430-0944.fits
6828/spec-6828-56430-0945.fits
6828/spec-6828-56430-0946.fits
6828/spec-6828-56430-0947.fits
6828/spec-6828-56430-0948.fits
6828/spec-6828-56430-0949.fits
6828/spec-6828-56430-0950.fits
6828/spec-6828-56430-0951.fits
6828/spec-6828-56430-0952.fits
6828/spec-6828-56430-0953.fits
6828/spec-6828-56430-0954.fits
6828/spec-6828-56430-0955.fits
6828/spec-6828-56430-0956.fits
6828/spec-6828-56430-0957.fits
6828/spec-6828-56430-0958.fits
6828/spec-6828-56430-0959.fits
6828/spec-6828-56430-0960.fits
6828/spec-6828-56430-0961.fits
6828/spec-6828-56430-0962.fits
6828/spec-6828-56430-0963.fits
6828/spec-6828-56430-0964.fits
6828/spec-6828-56430-0965.fits
6828/spec-6828-56430-0966.fits
6828/spec-6828-56430-0967.fits
6828/spec-6828-56430-0968.fits
6828/spec-6828-56430-0969.fits
6828/spec-6828-56430-0970.fits
6828/spec-6828-56430-0971.fits
6828/spec-6828-56430-0972.fits
6828/spec-6828-56430-0973.fits
6828/spec-6828-56430-0974.fits
6828/spec-6828-56430-0975.fits
6828/spec-6828-56430-0976.fits
6828/spec-6828-56430-0977.fits
6828/spec-6828-56430-0978.fits
6828/spec-6828-56430-0979.fits
6828/spec-6828-56430-0980.fits
6828/spec-6828-56430-0981.fits
6828/spec-6828-56430-0982.fits
6828/spec-6828-56430-0983.fits
6828/spec-6828-56430-0984.fits
6828/spec-6828-56430-0985.fits
6828/spec-6828-56430-0986.fits
6828/spec-6828-56430-0987.fits
6828/spec-6828-56430-0988.fits
6828/spec-6828-56430-0989.fits
6828/spec-6828-56430-0990.fits
6828/spec-6828-56430-0991.fits
6828/spec-6828-56430-0992.fits
6828/spec-6828-56430-0993.fits
6828/spec-6828-56430-0994.fits
6828/spec-6828-56430-0995.fits
6828/spec-6828-56430-0996.fits
6828/spec-6828-56430-0997.fits
6828/spec-6828-56430-0998.fits
6828/spec-6828-56430-0999.fits
6828/spec-6828-56430-1000.fits
/var/lib/condor/execute/slot1/dir_32718
6828 6828.tgz R R361.tar.gz _condor_stderr _condor_stdout cB58_Lyman_break.fit condor_exec.exe hw4.R packages packages.tar.gz tmp var
[1] "Loaded package astro."
[1] 1000
6828 6828.csv 6828.tgz R R361.tar.gz _condor_stderr _condor_stdout cB58_Lyman_break.fit condor_exec.exe hw4.R packages packages.tar.gz tmp var
