6975
6975/
6975/spec-6975-56720-0001.fits
6975/spec-6975-56720-0002.fits
6975/spec-6975-56720-0003.fits
6975/spec-6975-56720-0004.fits
6975/spec-6975-56720-0005.fits
6975/spec-6975-56720-0006.fits
6975/spec-6975-56720-0007.fits
6975/spec-6975-56720-0008.fits
6975/spec-6975-56720-0009.fits
6975/spec-6975-56720-0010.fits
6975/spec-6975-56720-0011.fits
6975/spec-6975-56720-0012.fits
6975/spec-6975-56720-0013.fits
6975/spec-6975-56720-0014.fits
6975/spec-6975-56720-0015.fits
6975/spec-6975-56720-0016.fits
6975/spec-6975-56720-0017.fits
6975/spec-6975-56720-0018.fits
6975/spec-6975-56720-0019.fits
6975/spec-6975-56720-0020.fits
6975/spec-6975-56720-0021.fits
6975/spec-6975-56720-0022.fits
6975/spec-6975-56720-0023.fits
6975/spec-6975-56720-0024.fits
6975/spec-6975-56720-0025.fits
6975/spec-6975-56720-0026.fits
6975/spec-6975-56720-0027.fits
6975/spec-6975-56720-0028.fits
6975/spec-6975-56720-0029.fits
6975/spec-6975-56720-0030.fits
6975/spec-6975-56720-0031.fits
6975/spec-6975-56720-0032.fits
6975/spec-6975-56720-0033.fits
6975/spec-6975-56720-0034.fits
6975/spec-6975-56720-0035.fits
6975/spec-6975-56720-0036.fits
6975/spec-6975-56720-0037.fits
6975/spec-6975-56720-0038.fits
6975/spec-6975-56720-0039.fits
6975/spec-6975-56720-0040.fits
6975/spec-6975-56720-0041.fits
6975/spec-6975-56720-0042.fits
6975/spec-6975-56720-0043.fits
6975/spec-6975-56720-0044.fits
6975/spec-6975-56720-0045.fits
6975/spec-6975-56720-0046.fits
6975/spec-6975-56720-0047.fits
6975/spec-6975-56720-0048.fits
6975/spec-6975-56720-0049.fits
6975/spec-6975-56720-0050.fits
6975/spec-6975-56720-0051.fits
6975/spec-6975-56720-0052.fits
6975/spec-6975-56720-0053.fits
6975/spec-6975-56720-0054.fits
6975/spec-6975-56720-0055.fits
6975/spec-6975-56720-0056.fits
6975/spec-6975-56720-0057.fits
6975/spec-6975-56720-0058.fits
6975/spec-6975-56720-0059.fits
6975/spec-6975-56720-0060.fits
6975/spec-6975-56720-0061.fits
6975/spec-6975-56720-0062.fits
6975/spec-6975-56720-0063.fits
6975/spec-6975-56720-0064.fits
6975/spec-6975-56720-0065.fits
6975/spec-6975-56720-0066.fits
6975/spec-6975-56720-0067.fits
6975/spec-6975-56720-0068.fits
6975/spec-6975-56720-0069.fits
6975/spec-6975-56720-0070.fits
6975/spec-6975-56720-0071.fits
6975/spec-6975-56720-0072.fits
6975/spec-6975-56720-0073.fits
6975/spec-6975-56720-0074.fits
6975/spec-6975-56720-0075.fits
6975/spec-6975-56720-0076.fits
6975/spec-6975-56720-0077.fits
6975/spec-6975-56720-0078.fits
6975/spec-6975-56720-0079.fits
6975/spec-6975-56720-0080.fits
6975/spec-6975-56720-0081.fits
6975/spec-6975-56720-0082.fits
6975/spec-6975-56720-0083.fits
6975/spec-6975-56720-0084.fits
6975/spec-6975-56720-0085.fits
6975/spec-6975-56720-0086.fits
6975/spec-6975-56720-0087.fits
6975/spec-6975-56720-0088.fits
6975/spec-6975-56720-0089.fits
6975/spec-6975-56720-0090.fits
6975/spec-6975-56720-0091.fits
6975/spec-6975-56720-0092.fits
6975/spec-6975-56720-0093.fits
6975/spec-6975-56720-0094.fits
6975/spec-6975-56720-0095.fits
6975/spec-6975-56720-0096.fits
6975/spec-6975-56720-0097.fits
6975/spec-6975-56720-0098.fits
6975/spec-6975-56720-0099.fits
6975/spec-6975-56720-0100.fits
6975/spec-6975-56720-0101.fits
6975/spec-6975-56720-0102.fits
6975/spec-6975-56720-0103.fits
6975/spec-6975-56720-0104.fits
6975/spec-6975-56720-0105.fits
6975/spec-6975-56720-0106.fits
6975/spec-6975-56720-0107.fits
6975/spec-6975-56720-0108.fits
6975/spec-6975-56720-0109.fits
6975/spec-6975-56720-0110.fits
6975/spec-6975-56720-0111.fits
6975/spec-6975-56720-0112.fits
6975/spec-6975-56720-0113.fits
6975/spec-6975-56720-0114.fits
6975/spec-6975-56720-0115.fits
6975/spec-6975-56720-0116.fits
6975/spec-6975-56720-0117.fits
6975/spec-6975-56720-0118.fits
6975/spec-6975-56720-0119.fits
6975/spec-6975-56720-0120.fits
6975/spec-6975-56720-0121.fits
6975/spec-6975-56720-0122.fits
6975/spec-6975-56720-0123.fits
6975/spec-6975-56720-0124.fits
6975/spec-6975-56720-0125.fits
6975/spec-6975-56720-0126.fits
6975/spec-6975-56720-0127.fits
6975/spec-6975-56720-0128.fits
6975/spec-6975-56720-0129.fits
6975/spec-6975-56720-0130.fits
6975/spec-6975-56720-0131.fits
6975/spec-6975-56720-0132.fits
6975/spec-6975-56720-0133.fits
6975/spec-6975-56720-0134.fits
6975/spec-6975-56720-0135.fits
6975/spec-6975-56720-0136.fits
6975/spec-6975-56720-0137.fits
6975/spec-6975-56720-0138.fits
6975/spec-6975-56720-0139.fits
6975/spec-6975-56720-0140.fits
6975/spec-6975-56720-0141.fits
6975/spec-6975-56720-0142.fits
6975/spec-6975-56720-0143.fits
6975/spec-6975-56720-0144.fits
6975/spec-6975-56720-0145.fits
6975/spec-6975-56720-0146.fits
6975/spec-6975-56720-0147.fits
6975/spec-6975-56720-0148.fits
6975/spec-6975-56720-0149.fits
6975/spec-6975-56720-0150.fits
6975/spec-6975-56720-0151.fits
6975/spec-6975-56720-0152.fits
6975/spec-6975-56720-0153.fits
6975/spec-6975-56720-0154.fits
6975/spec-6975-56720-0155.fits
6975/spec-6975-56720-0156.fits
6975/spec-6975-56720-0157.fits
6975/spec-6975-56720-0158.fits
6975/spec-6975-56720-0159.fits
6975/spec-6975-56720-0160.fits
6975/spec-6975-56720-0161.fits
6975/spec-6975-56720-0162.fits
6975/spec-6975-56720-0163.fits
6975/spec-6975-56720-0164.fits
6975/spec-6975-56720-0165.fits
6975/spec-6975-56720-0166.fits
6975/spec-6975-56720-0167.fits
6975/spec-6975-56720-0168.fits
6975/spec-6975-56720-0169.fits
6975/spec-6975-56720-0170.fits
6975/spec-6975-56720-0171.fits
6975/spec-6975-56720-0172.fits
6975/spec-6975-56720-0173.fits
6975/spec-6975-56720-0174.fits
6975/spec-6975-56720-0175.fits
6975/spec-6975-56720-0176.fits
6975/spec-6975-56720-0177.fits
6975/spec-6975-56720-0178.fits
6975/spec-6975-56720-0179.fits
6975/spec-6975-56720-0180.fits
6975/spec-6975-56720-0181.fits
6975/spec-6975-56720-0182.fits
6975/spec-6975-56720-0183.fits
6975/spec-6975-56720-0184.fits
6975/spec-6975-56720-0185.fits
6975/spec-6975-56720-0186.fits
6975/spec-6975-56720-0187.fits
6975/spec-6975-56720-0188.fits
6975/spec-6975-56720-0189.fits
6975/spec-6975-56720-0190.fits
6975/spec-6975-56720-0191.fits
6975/spec-6975-56720-0192.fits
6975/spec-6975-56720-0193.fits
6975/spec-6975-56720-0194.fits
6975/spec-6975-56720-0195.fits
6975/spec-6975-56720-0196.fits
6975/spec-6975-56720-0197.fits
6975/spec-6975-56720-0198.fits
6975/spec-6975-56720-0199.fits
6975/spec-6975-56720-0200.fits
6975/spec-6975-56720-0201.fits
6975/spec-6975-56720-0202.fits
6975/spec-6975-56720-0203.fits
6975/spec-6975-56720-0204.fits
6975/spec-6975-56720-0205.fits
6975/spec-6975-56720-0206.fits
6975/spec-6975-56720-0207.fits
6975/spec-6975-56720-0208.fits
6975/spec-6975-56720-0209.fits
6975/spec-6975-56720-0210.fits
6975/spec-6975-56720-0211.fits
6975/spec-6975-56720-0212.fits
6975/spec-6975-56720-0213.fits
6975/spec-6975-56720-0214.fits
6975/spec-6975-56720-0215.fits
6975/spec-6975-56720-0216.fits
6975/spec-6975-56720-0217.fits
6975/spec-6975-56720-0218.fits
6975/spec-6975-56720-0219.fits
6975/spec-6975-56720-0220.fits
6975/spec-6975-56720-0221.fits
6975/spec-6975-56720-0222.fits
6975/spec-6975-56720-0223.fits
6975/spec-6975-56720-0224.fits
6975/spec-6975-56720-0225.fits
6975/spec-6975-56720-0226.fits
6975/spec-6975-56720-0227.fits
6975/spec-6975-56720-0228.fits
6975/spec-6975-56720-0229.fits
6975/spec-6975-56720-0230.fits
6975/spec-6975-56720-0231.fits
6975/spec-6975-56720-0232.fits
6975/spec-6975-56720-0233.fits
6975/spec-6975-56720-0234.fits
6975/spec-6975-56720-0235.fits
6975/spec-6975-56720-0236.fits
6975/spec-6975-56720-0237.fits
6975/spec-6975-56720-0238.fits
6975/spec-6975-56720-0239.fits
6975/spec-6975-56720-0240.fits
6975/spec-6975-56720-0241.fits
6975/spec-6975-56720-0242.fits
6975/spec-6975-56720-0243.fits
6975/spec-6975-56720-0244.fits
6975/spec-6975-56720-0245.fits
6975/spec-6975-56720-0246.fits
6975/spec-6975-56720-0247.fits
6975/spec-6975-56720-0248.fits
6975/spec-6975-56720-0249.fits
6975/spec-6975-56720-0250.fits
6975/spec-6975-56720-0251.fits
6975/spec-6975-56720-0252.fits
6975/spec-6975-56720-0253.fits
6975/spec-6975-56720-0254.fits
6975/spec-6975-56720-0255.fits
6975/spec-6975-56720-0256.fits
6975/spec-6975-56720-0257.fits
6975/spec-6975-56720-0258.fits
6975/spec-6975-56720-0259.fits
6975/spec-6975-56720-0260.fits
6975/spec-6975-56720-0261.fits
6975/spec-6975-56720-0262.fits
6975/spec-6975-56720-0263.fits
6975/spec-6975-56720-0264.fits
6975/spec-6975-56720-0265.fits
6975/spec-6975-56720-0266.fits
6975/spec-6975-56720-0267.fits
6975/spec-6975-56720-0268.fits
6975/spec-6975-56720-0269.fits
6975/spec-6975-56720-0270.fits
6975/spec-6975-56720-0271.fits
6975/spec-6975-56720-0272.fits
6975/spec-6975-56720-0273.fits
6975/spec-6975-56720-0274.fits
6975/spec-6975-56720-0275.fits
6975/spec-6975-56720-0276.fits
6975/spec-6975-56720-0277.fits
6975/spec-6975-56720-0278.fits
6975/spec-6975-56720-0279.fits
6975/spec-6975-56720-0280.fits
6975/spec-6975-56720-0281.fits
6975/spec-6975-56720-0282.fits
6975/spec-6975-56720-0283.fits
6975/spec-6975-56720-0284.fits
6975/spec-6975-56720-0285.fits
6975/spec-6975-56720-0286.fits
6975/spec-6975-56720-0287.fits
6975/spec-6975-56720-0288.fits
6975/spec-6975-56720-0289.fits
6975/spec-6975-56720-0290.fits
6975/spec-6975-56720-0291.fits
6975/spec-6975-56720-0292.fits
6975/spec-6975-56720-0293.fits
6975/spec-6975-56720-0294.fits
6975/spec-6975-56720-0295.fits
6975/spec-6975-56720-0296.fits
6975/spec-6975-56720-0297.fits
6975/spec-6975-56720-0298.fits
6975/spec-6975-56720-0299.fits
6975/spec-6975-56720-0300.fits
6975/spec-6975-56720-0301.fits
6975/spec-6975-56720-0302.fits
6975/spec-6975-56720-0303.fits
6975/spec-6975-56720-0304.fits
6975/spec-6975-56720-0305.fits
6975/spec-6975-56720-0306.fits
6975/spec-6975-56720-0307.fits
6975/spec-6975-56720-0308.fits
6975/spec-6975-56720-0309.fits
6975/spec-6975-56720-0310.fits
6975/spec-6975-56720-0311.fits
6975/spec-6975-56720-0312.fits
6975/spec-6975-56720-0313.fits
6975/spec-6975-56720-0314.fits
6975/spec-6975-56720-0315.fits
6975/spec-6975-56720-0316.fits
6975/spec-6975-56720-0317.fits
6975/spec-6975-56720-0318.fits
6975/spec-6975-56720-0319.fits
6975/spec-6975-56720-0320.fits
6975/spec-6975-56720-0321.fits
6975/spec-6975-56720-0322.fits
6975/spec-6975-56720-0323.fits
6975/spec-6975-56720-0324.fits
6975/spec-6975-56720-0325.fits
6975/spec-6975-56720-0326.fits
6975/spec-6975-56720-0327.fits
6975/spec-6975-56720-0328.fits
6975/spec-6975-56720-0329.fits
6975/spec-6975-56720-0330.fits
6975/spec-6975-56720-0331.fits
6975/spec-6975-56720-0332.fits
6975/spec-6975-56720-0333.fits
6975/spec-6975-56720-0334.fits
6975/spec-6975-56720-0335.fits
6975/spec-6975-56720-0336.fits
6975/spec-6975-56720-0337.fits
6975/spec-6975-56720-0338.fits
6975/spec-6975-56720-0339.fits
6975/spec-6975-56720-0340.fits
6975/spec-6975-56720-0341.fits
6975/spec-6975-56720-0342.fits
6975/spec-6975-56720-0343.fits
6975/spec-6975-56720-0344.fits
6975/spec-6975-56720-0345.fits
6975/spec-6975-56720-0346.fits
6975/spec-6975-56720-0347.fits
6975/spec-6975-56720-0348.fits
6975/spec-6975-56720-0349.fits
6975/spec-6975-56720-0350.fits
6975/spec-6975-56720-0351.fits
6975/spec-6975-56720-0352.fits
6975/spec-6975-56720-0353.fits
6975/spec-6975-56720-0354.fits
6975/spec-6975-56720-0355.fits
6975/spec-6975-56720-0356.fits
6975/spec-6975-56720-0357.fits
6975/spec-6975-56720-0358.fits
6975/spec-6975-56720-0359.fits
6975/spec-6975-56720-0360.fits
6975/spec-6975-56720-0361.fits
6975/spec-6975-56720-0362.fits
6975/spec-6975-56720-0363.fits
6975/spec-6975-56720-0364.fits
6975/spec-6975-56720-0365.fits
6975/spec-6975-56720-0366.fits
6975/spec-6975-56720-0367.fits
6975/spec-6975-56720-0368.fits
6975/spec-6975-56720-0369.fits
6975/spec-6975-56720-0370.fits
6975/spec-6975-56720-0371.fits
6975/spec-6975-56720-0372.fits
6975/spec-6975-56720-0373.fits
6975/spec-6975-56720-0374.fits
6975/spec-6975-56720-0375.fits
6975/spec-6975-56720-0376.fits
6975/spec-6975-56720-0377.fits
6975/spec-6975-56720-0378.fits
6975/spec-6975-56720-0379.fits
6975/spec-6975-56720-0380.fits
6975/spec-6975-56720-0381.fits
6975/spec-6975-56720-0382.fits
6975/spec-6975-56720-0383.fits
6975/spec-6975-56720-0384.fits
6975/spec-6975-56720-0385.fits
6975/spec-6975-56720-0386.fits
6975/spec-6975-56720-0387.fits
6975/spec-6975-56720-0388.fits
6975/spec-6975-56720-0389.fits
6975/spec-6975-56720-0390.fits
6975/spec-6975-56720-0391.fits
6975/spec-6975-56720-0392.fits
6975/spec-6975-56720-0393.fits
6975/spec-6975-56720-0394.fits
6975/spec-6975-56720-0395.fits
6975/spec-6975-56720-0396.fits
6975/spec-6975-56720-0397.fits
6975/spec-6975-56720-0398.fits
6975/spec-6975-56720-0399.fits
6975/spec-6975-56720-0400.fits
6975/spec-6975-56720-0401.fits
6975/spec-6975-56720-0402.fits
6975/spec-6975-56720-0403.fits
6975/spec-6975-56720-0404.fits
6975/spec-6975-56720-0405.fits
6975/spec-6975-56720-0406.fits
6975/spec-6975-56720-0407.fits
6975/spec-6975-56720-0408.fits
6975/spec-6975-56720-0409.fits
6975/spec-6975-56720-0410.fits
6975/spec-6975-56720-0411.fits
6975/spec-6975-56720-0412.fits
6975/spec-6975-56720-0413.fits
6975/spec-6975-56720-0414.fits
6975/spec-6975-56720-0415.fits
6975/spec-6975-56720-0416.fits
6975/spec-6975-56720-0417.fits
6975/spec-6975-56720-0418.fits
6975/spec-6975-56720-0419.fits
6975/spec-6975-56720-0420.fits
6975/spec-6975-56720-0421.fits
6975/spec-6975-56720-0422.fits
6975/spec-6975-56720-0423.fits
6975/spec-6975-56720-0424.fits
6975/spec-6975-56720-0425.fits
6975/spec-6975-56720-0426.fits
6975/spec-6975-56720-0427.fits
6975/spec-6975-56720-0428.fits
6975/spec-6975-56720-0429.fits
6975/spec-6975-56720-0430.fits
6975/spec-6975-56720-0431.fits
6975/spec-6975-56720-0432.fits
6975/spec-6975-56720-0433.fits
6975/spec-6975-56720-0434.fits
6975/spec-6975-56720-0435.fits
6975/spec-6975-56720-0436.fits
6975/spec-6975-56720-0437.fits
6975/spec-6975-56720-0438.fits
6975/spec-6975-56720-0439.fits
6975/spec-6975-56720-0440.fits
6975/spec-6975-56720-0441.fits
6975/spec-6975-56720-0442.fits
6975/spec-6975-56720-0443.fits
6975/spec-6975-56720-0444.fits
6975/spec-6975-56720-0445.fits
6975/spec-6975-56720-0446.fits
6975/spec-6975-56720-0447.fits
6975/spec-6975-56720-0448.fits
6975/spec-6975-56720-0449.fits
6975/spec-6975-56720-0450.fits
6975/spec-6975-56720-0451.fits
6975/spec-6975-56720-0452.fits
6975/spec-6975-56720-0453.fits
6975/spec-6975-56720-0454.fits
6975/spec-6975-56720-0455.fits
6975/spec-6975-56720-0456.fits
6975/spec-6975-56720-0457.fits
6975/spec-6975-56720-0458.fits
6975/spec-6975-56720-0459.fits
6975/spec-6975-56720-0460.fits
6975/spec-6975-56720-0461.fits
6975/spec-6975-56720-0462.fits
6975/spec-6975-56720-0463.fits
6975/spec-6975-56720-0464.fits
6975/spec-6975-56720-0465.fits
6975/spec-6975-56720-0466.fits
6975/spec-6975-56720-0467.fits
6975/spec-6975-56720-0468.fits
6975/spec-6975-56720-0469.fits
6975/spec-6975-56720-0470.fits
6975/spec-6975-56720-0471.fits
6975/spec-6975-56720-0472.fits
6975/spec-6975-56720-0473.fits
6975/spec-6975-56720-0474.fits
6975/spec-6975-56720-0475.fits
6975/spec-6975-56720-0476.fits
6975/spec-6975-56720-0477.fits
6975/spec-6975-56720-0478.fits
6975/spec-6975-56720-0479.fits
6975/spec-6975-56720-0480.fits
6975/spec-6975-56720-0481.fits
6975/spec-6975-56720-0482.fits
6975/spec-6975-56720-0483.fits
6975/spec-6975-56720-0484.fits
6975/spec-6975-56720-0485.fits
6975/spec-6975-56720-0486.fits
6975/spec-6975-56720-0487.fits
6975/spec-6975-56720-0488.fits
6975/spec-6975-56720-0489.fits
6975/spec-6975-56720-0490.fits
6975/spec-6975-56720-0491.fits
6975/spec-6975-56720-0492.fits
6975/spec-6975-56720-0493.fits
6975/spec-6975-56720-0494.fits
6975/spec-6975-56720-0495.fits
6975/spec-6975-56720-0496.fits
6975/spec-6975-56720-0497.fits
6975/spec-6975-56720-0498.fits
6975/spec-6975-56720-0499.fits
6975/spec-6975-56720-0500.fits
6975/spec-6975-56720-0501.fits
6975/spec-6975-56720-0502.fits
6975/spec-6975-56720-0503.fits
6975/spec-6975-56720-0504.fits
6975/spec-6975-56720-0505.fits
6975/spec-6975-56720-0506.fits
6975/spec-6975-56720-0507.fits
6975/spec-6975-56720-0508.fits
6975/spec-6975-56720-0509.fits
6975/spec-6975-56720-0510.fits
6975/spec-6975-56720-0511.fits
6975/spec-6975-56720-0512.fits
6975/spec-6975-56720-0513.fits
6975/spec-6975-56720-0514.fits
6975/spec-6975-56720-0515.fits
6975/spec-6975-56720-0516.fits
6975/spec-6975-56720-0517.fits
6975/spec-6975-56720-0518.fits
6975/spec-6975-56720-0519.fits
6975/spec-6975-56720-0520.fits
6975/spec-6975-56720-0521.fits
6975/spec-6975-56720-0522.fits
6975/spec-6975-56720-0523.fits
6975/spec-6975-56720-0524.fits
6975/spec-6975-56720-0525.fits
6975/spec-6975-56720-0526.fits
6975/spec-6975-56720-0527.fits
6975/spec-6975-56720-0528.fits
6975/spec-6975-56720-0529.fits
6975/spec-6975-56720-0530.fits
6975/spec-6975-56720-0531.fits
6975/spec-6975-56720-0532.fits
6975/spec-6975-56720-0533.fits
6975/spec-6975-56720-0534.fits
6975/spec-6975-56720-0535.fits
6975/spec-6975-56720-0536.fits
6975/spec-6975-56720-0537.fits
6975/spec-6975-56720-0538.fits
6975/spec-6975-56720-0539.fits
6975/spec-6975-56720-0540.fits
6975/spec-6975-56720-0541.fits
6975/spec-6975-56720-0542.fits
6975/spec-6975-56720-0543.fits
6975/spec-6975-56720-0544.fits
6975/spec-6975-56720-0545.fits
6975/spec-6975-56720-0546.fits
6975/spec-6975-56720-0547.fits
6975/spec-6975-56720-0548.fits
6975/spec-6975-56720-0549.fits
6975/spec-6975-56720-0550.fits
6975/spec-6975-56720-0551.fits
6975/spec-6975-56720-0552.fits
6975/spec-6975-56720-0553.fits
6975/spec-6975-56720-0554.fits
6975/spec-6975-56720-0555.fits
6975/spec-6975-56720-0556.fits
6975/spec-6975-56720-0557.fits
6975/spec-6975-56720-0558.fits
6975/spec-6975-56720-0559.fits
6975/spec-6975-56720-0560.fits
6975/spec-6975-56720-0561.fits
6975/spec-6975-56720-0562.fits
6975/spec-6975-56720-0563.fits
6975/spec-6975-56720-0564.fits
6975/spec-6975-56720-0565.fits
6975/spec-6975-56720-0566.fits
6975/spec-6975-56720-0567.fits
6975/spec-6975-56720-0568.fits
6975/spec-6975-56720-0569.fits
6975/spec-6975-56720-0570.fits
6975/spec-6975-56720-0571.fits
6975/spec-6975-56720-0572.fits
6975/spec-6975-56720-0573.fits
6975/spec-6975-56720-0574.fits
6975/spec-6975-56720-0575.fits
6975/spec-6975-56720-0576.fits
6975/spec-6975-56720-0577.fits
6975/spec-6975-56720-0578.fits
6975/spec-6975-56720-0579.fits
6975/spec-6975-56720-0580.fits
6975/spec-6975-56720-0581.fits
6975/spec-6975-56720-0582.fits
6975/spec-6975-56720-0583.fits
6975/spec-6975-56720-0584.fits
6975/spec-6975-56720-0585.fits
6975/spec-6975-56720-0586.fits
6975/spec-6975-56720-0587.fits
6975/spec-6975-56720-0588.fits
6975/spec-6975-56720-0589.fits
6975/spec-6975-56720-0590.fits
6975/spec-6975-56720-0591.fits
6975/spec-6975-56720-0592.fits
6975/spec-6975-56720-0593.fits
6975/spec-6975-56720-0594.fits
6975/spec-6975-56720-0595.fits
6975/spec-6975-56720-0596.fits
6975/spec-6975-56720-0597.fits
6975/spec-6975-56720-0598.fits
6975/spec-6975-56720-0599.fits
6975/spec-6975-56720-0600.fits
6975/spec-6975-56720-0601.fits
6975/spec-6975-56720-0602.fits
6975/spec-6975-56720-0603.fits
6975/spec-6975-56720-0604.fits
6975/spec-6975-56720-0605.fits
6975/spec-6975-56720-0606.fits
6975/spec-6975-56720-0607.fits
6975/spec-6975-56720-0608.fits
6975/spec-6975-56720-0609.fits
6975/spec-6975-56720-0610.fits
6975/spec-6975-56720-0611.fits
6975/spec-6975-56720-0612.fits
6975/spec-6975-56720-0613.fits
6975/spec-6975-56720-0614.fits
6975/spec-6975-56720-0615.fits
6975/spec-6975-56720-0616.fits
6975/spec-6975-56720-0617.fits
6975/spec-6975-56720-0618.fits
6975/spec-6975-56720-0619.fits
6975/spec-6975-56720-0620.fits
6975/spec-6975-56720-0621.fits
6975/spec-6975-56720-0622.fits
6975/spec-6975-56720-0623.fits
6975/spec-6975-56720-0624.fits
6975/spec-6975-56720-0625.fits
6975/spec-6975-56720-0626.fits
6975/spec-6975-56720-0627.fits
6975/spec-6975-56720-0628.fits
6975/spec-6975-56720-0629.fits
6975/spec-6975-56720-0630.fits
6975/spec-6975-56720-0631.fits
6975/spec-6975-56720-0632.fits
6975/spec-6975-56720-0633.fits
6975/spec-6975-56720-0634.fits
6975/spec-6975-56720-0635.fits
6975/spec-6975-56720-0636.fits
6975/spec-6975-56720-0637.fits
6975/spec-6975-56720-0638.fits
6975/spec-6975-56720-0639.fits
6975/spec-6975-56720-0640.fits
6975/spec-6975-56720-0641.fits
6975/spec-6975-56720-0642.fits
6975/spec-6975-56720-0643.fits
6975/spec-6975-56720-0644.fits
6975/spec-6975-56720-0645.fits
6975/spec-6975-56720-0646.fits
6975/spec-6975-56720-0647.fits
6975/spec-6975-56720-0648.fits
6975/spec-6975-56720-0649.fits
6975/spec-6975-56720-0650.fits
6975/spec-6975-56720-0651.fits
6975/spec-6975-56720-0652.fits
6975/spec-6975-56720-0653.fits
6975/spec-6975-56720-0654.fits
6975/spec-6975-56720-0655.fits
6975/spec-6975-56720-0656.fits
6975/spec-6975-56720-0657.fits
6975/spec-6975-56720-0658.fits
6975/spec-6975-56720-0659.fits
6975/spec-6975-56720-0660.fits
6975/spec-6975-56720-0661.fits
6975/spec-6975-56720-0662.fits
6975/spec-6975-56720-0663.fits
6975/spec-6975-56720-0664.fits
6975/spec-6975-56720-0665.fits
6975/spec-6975-56720-0666.fits
6975/spec-6975-56720-0667.fits
6975/spec-6975-56720-0668.fits
6975/spec-6975-56720-0669.fits
6975/spec-6975-56720-0670.fits
6975/spec-6975-56720-0671.fits
6975/spec-6975-56720-0672.fits
6975/spec-6975-56720-0673.fits
6975/spec-6975-56720-0674.fits
6975/spec-6975-56720-0675.fits
6975/spec-6975-56720-0676.fits
6975/spec-6975-56720-0677.fits
6975/spec-6975-56720-0678.fits
6975/spec-6975-56720-0679.fits
6975/spec-6975-56720-0680.fits
6975/spec-6975-56720-0681.fits
6975/spec-6975-56720-0682.fits
6975/spec-6975-56720-0683.fits
6975/spec-6975-56720-0684.fits
6975/spec-6975-56720-0685.fits
6975/spec-6975-56720-0686.fits
6975/spec-6975-56720-0687.fits
6975/spec-6975-56720-0688.fits
6975/spec-6975-56720-0689.fits
6975/spec-6975-56720-0690.fits
6975/spec-6975-56720-0691.fits
6975/spec-6975-56720-0692.fits
6975/spec-6975-56720-0693.fits
6975/spec-6975-56720-0694.fits
6975/spec-6975-56720-0695.fits
6975/spec-6975-56720-0696.fits
6975/spec-6975-56720-0697.fits
6975/spec-6975-56720-0698.fits
6975/spec-6975-56720-0699.fits
6975/spec-6975-56720-0700.fits
6975/spec-6975-56720-0701.fits
6975/spec-6975-56720-0702.fits
6975/spec-6975-56720-0703.fits
6975/spec-6975-56720-0704.fits
6975/spec-6975-56720-0705.fits
6975/spec-6975-56720-0706.fits
6975/spec-6975-56720-0707.fits
6975/spec-6975-56720-0708.fits
6975/spec-6975-56720-0709.fits
6975/spec-6975-56720-0710.fits
6975/spec-6975-56720-0711.fits
6975/spec-6975-56720-0712.fits
6975/spec-6975-56720-0713.fits
6975/spec-6975-56720-0714.fits
6975/spec-6975-56720-0715.fits
6975/spec-6975-56720-0716.fits
6975/spec-6975-56720-0717.fits
6975/spec-6975-56720-0718.fits
6975/spec-6975-56720-0719.fits
6975/spec-6975-56720-0720.fits
6975/spec-6975-56720-0721.fits
6975/spec-6975-56720-0722.fits
6975/spec-6975-56720-0723.fits
6975/spec-6975-56720-0724.fits
6975/spec-6975-56720-0725.fits
6975/spec-6975-56720-0726.fits
6975/spec-6975-56720-0727.fits
6975/spec-6975-56720-0728.fits
6975/spec-6975-56720-0729.fits
6975/spec-6975-56720-0730.fits
6975/spec-6975-56720-0731.fits
6975/spec-6975-56720-0732.fits
6975/spec-6975-56720-0733.fits
6975/spec-6975-56720-0734.fits
6975/spec-6975-56720-0735.fits
6975/spec-6975-56720-0736.fits
6975/spec-6975-56720-0737.fits
6975/spec-6975-56720-0738.fits
6975/spec-6975-56720-0739.fits
6975/spec-6975-56720-0740.fits
6975/spec-6975-56720-0741.fits
6975/spec-6975-56720-0742.fits
6975/spec-6975-56720-0743.fits
6975/spec-6975-56720-0744.fits
6975/spec-6975-56720-0745.fits
6975/spec-6975-56720-0746.fits
6975/spec-6975-56720-0747.fits
6975/spec-6975-56720-0748.fits
6975/spec-6975-56720-0749.fits
6975/spec-6975-56720-0750.fits
6975/spec-6975-56720-0751.fits
6975/spec-6975-56720-0752.fits
6975/spec-6975-56720-0753.fits
6975/spec-6975-56720-0754.fits
6975/spec-6975-56720-0755.fits
6975/spec-6975-56720-0756.fits
6975/spec-6975-56720-0757.fits
6975/spec-6975-56720-0758.fits
6975/spec-6975-56720-0759.fits
6975/spec-6975-56720-0760.fits
6975/spec-6975-56720-0761.fits
6975/spec-6975-56720-0762.fits
6975/spec-6975-56720-0763.fits
6975/spec-6975-56720-0764.fits
6975/spec-6975-56720-0765.fits
6975/spec-6975-56720-0766.fits
6975/spec-6975-56720-0767.fits
6975/spec-6975-56720-0768.fits
6975/spec-6975-56720-0769.fits
6975/spec-6975-56720-0770.fits
6975/spec-6975-56720-0771.fits
6975/spec-6975-56720-0772.fits
6975/spec-6975-56720-0773.fits
6975/spec-6975-56720-0774.fits
6975/spec-6975-56720-0775.fits
6975/spec-6975-56720-0776.fits
6975/spec-6975-56720-0777.fits
6975/spec-6975-56720-0778.fits
6975/spec-6975-56720-0779.fits
6975/spec-6975-56720-0780.fits
6975/spec-6975-56720-0781.fits
6975/spec-6975-56720-0782.fits
6975/spec-6975-56720-0783.fits
6975/spec-6975-56720-0784.fits
6975/spec-6975-56720-0785.fits
6975/spec-6975-56720-0786.fits
6975/spec-6975-56720-0787.fits
6975/spec-6975-56720-0788.fits
6975/spec-6975-56720-0789.fits
6975/spec-6975-56720-0790.fits
6975/spec-6975-56720-0791.fits
6975/spec-6975-56720-0792.fits
6975/spec-6975-56720-0793.fits
6975/spec-6975-56720-0794.fits
6975/spec-6975-56720-0795.fits
6975/spec-6975-56720-0796.fits
6975/spec-6975-56720-0797.fits
6975/spec-6975-56720-0798.fits
6975/spec-6975-56720-0799.fits
6975/spec-6975-56720-0800.fits
6975/spec-6975-56720-0801.fits
6975/spec-6975-56720-0802.fits
6975/spec-6975-56720-0803.fits
6975/spec-6975-56720-0804.fits
6975/spec-6975-56720-0805.fits
6975/spec-6975-56720-0806.fits
6975/spec-6975-56720-0807.fits
6975/spec-6975-56720-0808.fits
6975/spec-6975-56720-0809.fits
6975/spec-6975-56720-0810.fits
6975/spec-6975-56720-0811.fits
6975/spec-6975-56720-0812.fits
6975/spec-6975-56720-0813.fits
6975/spec-6975-56720-0814.fits
6975/spec-6975-56720-0815.fits
6975/spec-6975-56720-0816.fits
6975/spec-6975-56720-0817.fits
6975/spec-6975-56720-0818.fits
6975/spec-6975-56720-0819.fits
6975/spec-6975-56720-0820.fits
6975/spec-6975-56720-0821.fits
6975/spec-6975-56720-0822.fits
6975/spec-6975-56720-0823.fits
6975/spec-6975-56720-0824.fits
6975/spec-6975-56720-0825.fits
6975/spec-6975-56720-0826.fits
6975/spec-6975-56720-0827.fits
6975/spec-6975-56720-0828.fits
6975/spec-6975-56720-0829.fits
6975/spec-6975-56720-0830.fits
6975/spec-6975-56720-0831.fits
6975/spec-6975-56720-0832.fits
6975/spec-6975-56720-0833.fits
6975/spec-6975-56720-0834.fits
6975/spec-6975-56720-0835.fits
6975/spec-6975-56720-0836.fits
6975/spec-6975-56720-0837.fits
6975/spec-6975-56720-0838.fits
6975/spec-6975-56720-0839.fits
6975/spec-6975-56720-0840.fits
6975/spec-6975-56720-0841.fits
6975/spec-6975-56720-0842.fits
6975/spec-6975-56720-0843.fits
6975/spec-6975-56720-0844.fits
6975/spec-6975-56720-0845.fits
6975/spec-6975-56720-0846.fits
6975/spec-6975-56720-0847.fits
6975/spec-6975-56720-0848.fits
6975/spec-6975-56720-0849.fits
6975/spec-6975-56720-0850.fits
6975/spec-6975-56720-0851.fits
6975/spec-6975-56720-0852.fits
6975/spec-6975-56720-0853.fits
6975/spec-6975-56720-0854.fits
6975/spec-6975-56720-0855.fits
6975/spec-6975-56720-0856.fits
6975/spec-6975-56720-0857.fits
6975/spec-6975-56720-0858.fits
6975/spec-6975-56720-0859.fits
6975/spec-6975-56720-0860.fits
6975/spec-6975-56720-0861.fits
6975/spec-6975-56720-0862.fits
6975/spec-6975-56720-0863.fits
6975/spec-6975-56720-0864.fits
6975/spec-6975-56720-0865.fits
6975/spec-6975-56720-0866.fits
6975/spec-6975-56720-0867.fits
6975/spec-6975-56720-0868.fits
6975/spec-6975-56720-0869.fits
6975/spec-6975-56720-0870.fits
6975/spec-6975-56720-0871.fits
6975/spec-6975-56720-0872.fits
6975/spec-6975-56720-0873.fits
6975/spec-6975-56720-0874.fits
6975/spec-6975-56720-0875.fits
6975/spec-6975-56720-0876.fits
6975/spec-6975-56720-0877.fits
6975/spec-6975-56720-0878.fits
6975/spec-6975-56720-0879.fits
6975/spec-6975-56720-0880.fits
6975/spec-6975-56720-0881.fits
6975/spec-6975-56720-0882.fits
6975/spec-6975-56720-0883.fits
6975/spec-6975-56720-0884.fits
6975/spec-6975-56720-0885.fits
6975/spec-6975-56720-0886.fits
6975/spec-6975-56720-0887.fits
6975/spec-6975-56720-0888.fits
6975/spec-6975-56720-0889.fits
6975/spec-6975-56720-0890.fits
6975/spec-6975-56720-0891.fits
6975/spec-6975-56720-0892.fits
6975/spec-6975-56720-0893.fits
6975/spec-6975-56720-0894.fits
6975/spec-6975-56720-0895.fits
6975/spec-6975-56720-0896.fits
6975/spec-6975-56720-0897.fits
6975/spec-6975-56720-0898.fits
6975/spec-6975-56720-0899.fits
6975/spec-6975-56720-0900.fits
6975/spec-6975-56720-0901.fits
6975/spec-6975-56720-0902.fits
6975/spec-6975-56720-0903.fits
6975/spec-6975-56720-0904.fits
6975/spec-6975-56720-0905.fits
6975/spec-6975-56720-0906.fits
6975/spec-6975-56720-0907.fits
6975/spec-6975-56720-0908.fits
6975/spec-6975-56720-0909.fits
6975/spec-6975-56720-0910.fits
6975/spec-6975-56720-0911.fits
6975/spec-6975-56720-0912.fits
6975/spec-6975-56720-0913.fits
6975/spec-6975-56720-0914.fits
6975/spec-6975-56720-0915.fits
6975/spec-6975-56720-0916.fits
6975/spec-6975-56720-0917.fits
6975/spec-6975-56720-0918.fits
6975/spec-6975-56720-0919.fits
6975/spec-6975-56720-0920.fits
6975/spec-6975-56720-0921.fits
6975/spec-6975-56720-0922.fits
6975/spec-6975-56720-0923.fits
6975/spec-6975-56720-0924.fits
6975/spec-6975-56720-0925.fits
6975/spec-6975-56720-0926.fits
6975/spec-6975-56720-0927.fits
6975/spec-6975-56720-0928.fits
6975/spec-6975-56720-0929.fits
6975/spec-6975-56720-0930.fits
6975/spec-6975-56720-0931.fits
6975/spec-6975-56720-0932.fits
6975/spec-6975-56720-0933.fits
6975/spec-6975-56720-0934.fits
6975/spec-6975-56720-0935.fits
6975/spec-6975-56720-0936.fits
6975/spec-6975-56720-0937.fits
6975/spec-6975-56720-0938.fits
6975/spec-6975-56720-0939.fits
6975/spec-6975-56720-0940.fits
6975/spec-6975-56720-0941.fits
6975/spec-6975-56720-0942.fits
6975/spec-6975-56720-0943.fits
6975/spec-6975-56720-0944.fits
6975/spec-6975-56720-0945.fits
6975/spec-6975-56720-0946.fits
6975/spec-6975-56720-0947.fits
6975/spec-6975-56720-0948.fits
6975/spec-6975-56720-0949.fits
6975/spec-6975-56720-0950.fits
6975/spec-6975-56720-0951.fits
6975/spec-6975-56720-0952.fits
6975/spec-6975-56720-0953.fits
6975/spec-6975-56720-0954.fits
6975/spec-6975-56720-0955.fits
6975/spec-6975-56720-0956.fits
6975/spec-6975-56720-0957.fits
6975/spec-6975-56720-0958.fits
6975/spec-6975-56720-0959.fits
6975/spec-6975-56720-0960.fits
6975/spec-6975-56720-0961.fits
6975/spec-6975-56720-0962.fits
6975/spec-6975-56720-0963.fits
6975/spec-6975-56720-0964.fits
6975/spec-6975-56720-0965.fits
6975/spec-6975-56720-0966.fits
6975/spec-6975-56720-0967.fits
6975/spec-6975-56720-0968.fits
6975/spec-6975-56720-0969.fits
6975/spec-6975-56720-0970.fits
6975/spec-6975-56720-0971.fits
6975/spec-6975-56720-0972.fits
6975/spec-6975-56720-0973.fits
6975/spec-6975-56720-0974.fits
6975/spec-6975-56720-0975.fits
6975/spec-6975-56720-0976.fits
6975/spec-6975-56720-0977.fits
6975/spec-6975-56720-0978.fits
6975/spec-6975-56720-0979.fits
6975/spec-6975-56720-0980.fits
6975/spec-6975-56720-0981.fits
6975/spec-6975-56720-0982.fits
6975/spec-6975-56720-0983.fits
6975/spec-6975-56720-0984.fits
6975/spec-6975-56720-0985.fits
6975/spec-6975-56720-0986.fits
6975/spec-6975-56720-0987.fits
6975/spec-6975-56720-0988.fits
6975/spec-6975-56720-0989.fits
6975/spec-6975-56720-0990.fits
6975/spec-6975-56720-0991.fits
6975/spec-6975-56720-0992.fits
6975/spec-6975-56720-0993.fits
6975/spec-6975-56720-0994.fits
6975/spec-6975-56720-0995.fits
6975/spec-6975-56720-0996.fits
6975/spec-6975-56720-0997.fits
6975/spec-6975-56720-0998.fits
6975/spec-6975-56720-0999.fits
6975/spec-6975-56720-1000.fits
/var/lib/condor/execute/slot1/dir_24126
6975 6975.tgz R R361.tar.gz _condor_stderr _condor_stdout cB58_Lyman_break.fit condor_exec.exe hw4.R packages packages.tar.gz tmp var
[1] "Loaded package astro."
[1] 1000
6975 6975.csv 6975.tgz R R361.tar.gz _condor_stderr _condor_stdout cB58_Lyman_break.fit condor_exec.exe hw4.R packages packages.tar.gz tmp var
