7038
7038/
7038/spec-7038-56571-0001.fits
7038/spec-7038-56571-0002.fits
7038/spec-7038-56571-0003.fits
7038/spec-7038-56571-0004.fits
7038/spec-7038-56571-0005.fits
7038/spec-7038-56571-0006.fits
7038/spec-7038-56571-0007.fits
7038/spec-7038-56571-0008.fits
7038/spec-7038-56571-0009.fits
7038/spec-7038-56571-0010.fits
7038/spec-7038-56571-0011.fits
7038/spec-7038-56571-0012.fits
7038/spec-7038-56571-0013.fits
7038/spec-7038-56571-0014.fits
7038/spec-7038-56571-0015.fits
7038/spec-7038-56571-0016.fits
7038/spec-7038-56571-0017.fits
7038/spec-7038-56571-0018.fits
7038/spec-7038-56571-0019.fits
7038/spec-7038-56571-0020.fits
7038/spec-7038-56571-0021.fits
7038/spec-7038-56571-0022.fits
7038/spec-7038-56571-0023.fits
7038/spec-7038-56571-0024.fits
7038/spec-7038-56571-0025.fits
7038/spec-7038-56571-0026.fits
7038/spec-7038-56571-0027.fits
7038/spec-7038-56571-0028.fits
7038/spec-7038-56571-0029.fits
7038/spec-7038-56571-0030.fits
7038/spec-7038-56571-0031.fits
7038/spec-7038-56571-0032.fits
7038/spec-7038-56571-0033.fits
7038/spec-7038-56571-0034.fits
7038/spec-7038-56571-0035.fits
7038/spec-7038-56571-0036.fits
7038/spec-7038-56571-0037.fits
7038/spec-7038-56571-0038.fits
7038/spec-7038-56571-0039.fits
7038/spec-7038-56571-0040.fits
7038/spec-7038-56571-0041.fits
7038/spec-7038-56571-0042.fits
7038/spec-7038-56571-0043.fits
7038/spec-7038-56571-0044.fits
7038/spec-7038-56571-0045.fits
7038/spec-7038-56571-0046.fits
7038/spec-7038-56571-0047.fits
7038/spec-7038-56571-0048.fits
7038/spec-7038-56571-0049.fits
7038/spec-7038-56571-0050.fits
7038/spec-7038-56571-0051.fits
7038/spec-7038-56571-0052.fits
7038/spec-7038-56571-0053.fits
7038/spec-7038-56571-0054.fits
7038/spec-7038-56571-0055.fits
7038/spec-7038-56571-0056.fits
7038/spec-7038-56571-0057.fits
7038/spec-7038-56571-0058.fits
7038/spec-7038-56571-0059.fits
7038/spec-7038-56571-0060.fits
7038/spec-7038-56571-0061.fits
7038/spec-7038-56571-0062.fits
7038/spec-7038-56571-0063.fits
7038/spec-7038-56571-0064.fits
7038/spec-7038-56571-0065.fits
7038/spec-7038-56571-0066.fits
7038/spec-7038-56571-0067.fits
7038/spec-7038-56571-0068.fits
7038/spec-7038-56571-0069.fits
7038/spec-7038-56571-0070.fits
7038/spec-7038-56571-0071.fits
7038/spec-7038-56571-0072.fits
7038/spec-7038-56571-0073.fits
7038/spec-7038-56571-0074.fits
7038/spec-7038-56571-0075.fits
7038/spec-7038-56571-0076.fits
7038/spec-7038-56571-0077.fits
7038/spec-7038-56571-0078.fits
7038/spec-7038-56571-0079.fits
7038/spec-7038-56571-0080.fits
7038/spec-7038-56571-0081.fits
7038/spec-7038-56571-0082.fits
7038/spec-7038-56571-0083.fits
7038/spec-7038-56571-0084.fits
7038/spec-7038-56571-0085.fits
7038/spec-7038-56571-0086.fits
7038/spec-7038-56571-0087.fits
7038/spec-7038-56571-0088.fits
7038/spec-7038-56571-0089.fits
7038/spec-7038-56571-0090.fits
7038/spec-7038-56571-0091.fits
7038/spec-7038-56571-0092.fits
7038/spec-7038-56571-0093.fits
7038/spec-7038-56571-0094.fits
7038/spec-7038-56571-0095.fits
7038/spec-7038-56571-0096.fits
7038/spec-7038-56571-0097.fits
7038/spec-7038-56571-0098.fits
7038/spec-7038-56571-0099.fits
7038/spec-7038-56571-0100.fits
7038/spec-7038-56571-0101.fits
7038/spec-7038-56571-0102.fits
7038/spec-7038-56571-0103.fits
7038/spec-7038-56571-0104.fits
7038/spec-7038-56571-0105.fits
7038/spec-7038-56571-0106.fits
7038/spec-7038-56571-0107.fits
7038/spec-7038-56571-0108.fits
7038/spec-7038-56571-0109.fits
7038/spec-7038-56571-0110.fits
7038/spec-7038-56571-0111.fits
7038/spec-7038-56571-0112.fits
7038/spec-7038-56571-0113.fits
7038/spec-7038-56571-0114.fits
7038/spec-7038-56571-0115.fits
7038/spec-7038-56571-0116.fits
7038/spec-7038-56571-0117.fits
7038/spec-7038-56571-0118.fits
7038/spec-7038-56571-0119.fits
7038/spec-7038-56571-0120.fits
7038/spec-7038-56571-0121.fits
7038/spec-7038-56571-0122.fits
7038/spec-7038-56571-0123.fits
7038/spec-7038-56571-0124.fits
7038/spec-7038-56571-0125.fits
7038/spec-7038-56571-0126.fits
7038/spec-7038-56571-0127.fits
7038/spec-7038-56571-0128.fits
7038/spec-7038-56571-0129.fits
7038/spec-7038-56571-0130.fits
7038/spec-7038-56571-0131.fits
7038/spec-7038-56571-0132.fits
7038/spec-7038-56571-0133.fits
7038/spec-7038-56571-0134.fits
7038/spec-7038-56571-0135.fits
7038/spec-7038-56571-0136.fits
7038/spec-7038-56571-0137.fits
7038/spec-7038-56571-0138.fits
7038/spec-7038-56571-0139.fits
7038/spec-7038-56571-0140.fits
7038/spec-7038-56571-0141.fits
7038/spec-7038-56571-0142.fits
7038/spec-7038-56571-0143.fits
7038/spec-7038-56571-0144.fits
7038/spec-7038-56571-0145.fits
7038/spec-7038-56571-0146.fits
7038/spec-7038-56571-0147.fits
7038/spec-7038-56571-0148.fits
7038/spec-7038-56571-0149.fits
7038/spec-7038-56571-0150.fits
7038/spec-7038-56571-0151.fits
7038/spec-7038-56571-0152.fits
7038/spec-7038-56571-0153.fits
7038/spec-7038-56571-0154.fits
7038/spec-7038-56571-0155.fits
7038/spec-7038-56571-0156.fits
7038/spec-7038-56571-0157.fits
7038/spec-7038-56571-0158.fits
7038/spec-7038-56571-0159.fits
7038/spec-7038-56571-0160.fits
7038/spec-7038-56571-0161.fits
7038/spec-7038-56571-0162.fits
7038/spec-7038-56571-0163.fits
7038/spec-7038-56571-0164.fits
7038/spec-7038-56571-0165.fits
7038/spec-7038-56571-0166.fits
7038/spec-7038-56571-0167.fits
7038/spec-7038-56571-0168.fits
7038/spec-7038-56571-0169.fits
7038/spec-7038-56571-0170.fits
7038/spec-7038-56571-0171.fits
7038/spec-7038-56571-0172.fits
7038/spec-7038-56571-0173.fits
7038/spec-7038-56571-0174.fits
7038/spec-7038-56571-0175.fits
7038/spec-7038-56571-0176.fits
7038/spec-7038-56571-0177.fits
7038/spec-7038-56571-0178.fits
7038/spec-7038-56571-0179.fits
7038/spec-7038-56571-0180.fits
7038/spec-7038-56571-0181.fits
7038/spec-7038-56571-0182.fits
7038/spec-7038-56571-0183.fits
7038/spec-7038-56571-0184.fits
7038/spec-7038-56571-0185.fits
7038/spec-7038-56571-0186.fits
7038/spec-7038-56571-0187.fits
7038/spec-7038-56571-0188.fits
7038/spec-7038-56571-0189.fits
7038/spec-7038-56571-0190.fits
7038/spec-7038-56571-0191.fits
7038/spec-7038-56571-0192.fits
7038/spec-7038-56571-0193.fits
7038/spec-7038-56571-0194.fits
7038/spec-7038-56571-0195.fits
7038/spec-7038-56571-0196.fits
7038/spec-7038-56571-0197.fits
7038/spec-7038-56571-0198.fits
7038/spec-7038-56571-0199.fits
7038/spec-7038-56571-0200.fits
7038/spec-7038-56571-0201.fits
7038/spec-7038-56571-0202.fits
7038/spec-7038-56571-0203.fits
7038/spec-7038-56571-0204.fits
7038/spec-7038-56571-0205.fits
7038/spec-7038-56571-0206.fits
7038/spec-7038-56571-0207.fits
7038/spec-7038-56571-0208.fits
7038/spec-7038-56571-0209.fits
7038/spec-7038-56571-0210.fits
7038/spec-7038-56571-0211.fits
7038/spec-7038-56571-0212.fits
7038/spec-7038-56571-0213.fits
7038/spec-7038-56571-0214.fits
7038/spec-7038-56571-0215.fits
7038/spec-7038-56571-0216.fits
7038/spec-7038-56571-0217.fits
7038/spec-7038-56571-0218.fits
7038/spec-7038-56571-0219.fits
7038/spec-7038-56571-0220.fits
7038/spec-7038-56571-0221.fits
7038/spec-7038-56571-0222.fits
7038/spec-7038-56571-0223.fits
7038/spec-7038-56571-0224.fits
7038/spec-7038-56571-0225.fits
7038/spec-7038-56571-0226.fits
7038/spec-7038-56571-0227.fits
7038/spec-7038-56571-0228.fits
7038/spec-7038-56571-0229.fits
7038/spec-7038-56571-0230.fits
7038/spec-7038-56571-0231.fits
7038/spec-7038-56571-0232.fits
7038/spec-7038-56571-0233.fits
7038/spec-7038-56571-0234.fits
7038/spec-7038-56571-0235.fits
7038/spec-7038-56571-0236.fits
7038/spec-7038-56571-0237.fits
7038/spec-7038-56571-0238.fits
7038/spec-7038-56571-0239.fits
7038/spec-7038-56571-0240.fits
7038/spec-7038-56571-0241.fits
7038/spec-7038-56571-0242.fits
7038/spec-7038-56571-0243.fits
7038/spec-7038-56571-0244.fits
7038/spec-7038-56571-0245.fits
7038/spec-7038-56571-0246.fits
7038/spec-7038-56571-0247.fits
7038/spec-7038-56571-0248.fits
7038/spec-7038-56571-0249.fits
7038/spec-7038-56571-0250.fits
7038/spec-7038-56571-0251.fits
7038/spec-7038-56571-0252.fits
7038/spec-7038-56571-0253.fits
7038/spec-7038-56571-0254.fits
7038/spec-7038-56571-0255.fits
7038/spec-7038-56571-0256.fits
7038/spec-7038-56571-0257.fits
7038/spec-7038-56571-0258.fits
7038/spec-7038-56571-0259.fits
7038/spec-7038-56571-0260.fits
7038/spec-7038-56571-0261.fits
7038/spec-7038-56571-0262.fits
7038/spec-7038-56571-0263.fits
7038/spec-7038-56571-0264.fits
7038/spec-7038-56571-0265.fits
7038/spec-7038-56571-0266.fits
7038/spec-7038-56571-0267.fits
7038/spec-7038-56571-0268.fits
7038/spec-7038-56571-0269.fits
7038/spec-7038-56571-0270.fits
7038/spec-7038-56571-0271.fits
7038/spec-7038-56571-0272.fits
7038/spec-7038-56571-0273.fits
7038/spec-7038-56571-0274.fits
7038/spec-7038-56571-0275.fits
7038/spec-7038-56571-0276.fits
7038/spec-7038-56571-0277.fits
7038/spec-7038-56571-0278.fits
7038/spec-7038-56571-0279.fits
7038/spec-7038-56571-0280.fits
7038/spec-7038-56571-0281.fits
7038/spec-7038-56571-0282.fits
7038/spec-7038-56571-0283.fits
7038/spec-7038-56571-0284.fits
7038/spec-7038-56571-0285.fits
7038/spec-7038-56571-0286.fits
7038/spec-7038-56571-0287.fits
7038/spec-7038-56571-0288.fits
7038/spec-7038-56571-0289.fits
7038/spec-7038-56571-0290.fits
7038/spec-7038-56571-0291.fits
7038/spec-7038-56571-0292.fits
7038/spec-7038-56571-0293.fits
7038/spec-7038-56571-0294.fits
7038/spec-7038-56571-0295.fits
7038/spec-7038-56571-0296.fits
7038/spec-7038-56571-0297.fits
7038/spec-7038-56571-0298.fits
7038/spec-7038-56571-0299.fits
7038/spec-7038-56571-0300.fits
7038/spec-7038-56571-0301.fits
7038/spec-7038-56571-0302.fits
7038/spec-7038-56571-0303.fits
7038/spec-7038-56571-0304.fits
7038/spec-7038-56571-0305.fits
7038/spec-7038-56571-0306.fits
7038/spec-7038-56571-0307.fits
7038/spec-7038-56571-0308.fits
7038/spec-7038-56571-0309.fits
7038/spec-7038-56571-0310.fits
7038/spec-7038-56571-0311.fits
7038/spec-7038-56571-0312.fits
7038/spec-7038-56571-0313.fits
7038/spec-7038-56571-0314.fits
7038/spec-7038-56571-0315.fits
7038/spec-7038-56571-0316.fits
7038/spec-7038-56571-0317.fits
7038/spec-7038-56571-0318.fits
7038/spec-7038-56571-0319.fits
7038/spec-7038-56571-0320.fits
7038/spec-7038-56571-0321.fits
7038/spec-7038-56571-0322.fits
7038/spec-7038-56571-0323.fits
7038/spec-7038-56571-0324.fits
7038/spec-7038-56571-0325.fits
7038/spec-7038-56571-0326.fits
7038/spec-7038-56571-0327.fits
7038/spec-7038-56571-0328.fits
7038/spec-7038-56571-0329.fits
7038/spec-7038-56571-0330.fits
7038/spec-7038-56571-0331.fits
7038/spec-7038-56571-0332.fits
7038/spec-7038-56571-0333.fits
7038/spec-7038-56571-0334.fits
7038/spec-7038-56571-0335.fits
7038/spec-7038-56571-0336.fits
7038/spec-7038-56571-0337.fits
7038/spec-7038-56571-0338.fits
7038/spec-7038-56571-0339.fits
7038/spec-7038-56571-0340.fits
7038/spec-7038-56571-0341.fits
7038/spec-7038-56571-0342.fits
7038/spec-7038-56571-0343.fits
7038/spec-7038-56571-0344.fits
7038/spec-7038-56571-0345.fits
7038/spec-7038-56571-0346.fits
7038/spec-7038-56571-0347.fits
7038/spec-7038-56571-0348.fits
7038/spec-7038-56571-0349.fits
7038/spec-7038-56571-0350.fits
7038/spec-7038-56571-0351.fits
7038/spec-7038-56571-0352.fits
7038/spec-7038-56571-0353.fits
7038/spec-7038-56571-0354.fits
7038/spec-7038-56571-0355.fits
7038/spec-7038-56571-0356.fits
7038/spec-7038-56571-0357.fits
7038/spec-7038-56571-0358.fits
7038/spec-7038-56571-0359.fits
7038/spec-7038-56571-0360.fits
7038/spec-7038-56571-0361.fits
7038/spec-7038-56571-0362.fits
7038/spec-7038-56571-0363.fits
7038/spec-7038-56571-0364.fits
7038/spec-7038-56571-0365.fits
7038/spec-7038-56571-0366.fits
7038/spec-7038-56571-0367.fits
7038/spec-7038-56571-0368.fits
7038/spec-7038-56571-0369.fits
7038/spec-7038-56571-0370.fits
7038/spec-7038-56571-0371.fits
7038/spec-7038-56571-0372.fits
7038/spec-7038-56571-0373.fits
7038/spec-7038-56571-0374.fits
7038/spec-7038-56571-0375.fits
7038/spec-7038-56571-0376.fits
7038/spec-7038-56571-0377.fits
7038/spec-7038-56571-0378.fits
7038/spec-7038-56571-0379.fits
7038/spec-7038-56571-0380.fits
7038/spec-7038-56571-0381.fits
7038/spec-7038-56571-0382.fits
7038/spec-7038-56571-0383.fits
7038/spec-7038-56571-0384.fits
7038/spec-7038-56571-0385.fits
7038/spec-7038-56571-0386.fits
7038/spec-7038-56571-0387.fits
7038/spec-7038-56571-0388.fits
7038/spec-7038-56571-0389.fits
7038/spec-7038-56571-0390.fits
7038/spec-7038-56571-0391.fits
7038/spec-7038-56571-0392.fits
7038/spec-7038-56571-0393.fits
7038/spec-7038-56571-0394.fits
7038/spec-7038-56571-0395.fits
7038/spec-7038-56571-0396.fits
7038/spec-7038-56571-0397.fits
7038/spec-7038-56571-0398.fits
7038/spec-7038-56571-0399.fits
7038/spec-7038-56571-0400.fits
7038/spec-7038-56571-0401.fits
7038/spec-7038-56571-0402.fits
7038/spec-7038-56571-0403.fits
7038/spec-7038-56571-0404.fits
7038/spec-7038-56571-0405.fits
7038/spec-7038-56571-0406.fits
7038/spec-7038-56571-0407.fits
7038/spec-7038-56571-0408.fits
7038/spec-7038-56571-0409.fits
7038/spec-7038-56571-0410.fits
7038/spec-7038-56571-0411.fits
7038/spec-7038-56571-0412.fits
7038/spec-7038-56571-0413.fits
7038/spec-7038-56571-0414.fits
7038/spec-7038-56571-0415.fits
7038/spec-7038-56571-0416.fits
7038/spec-7038-56571-0417.fits
7038/spec-7038-56571-0418.fits
7038/spec-7038-56571-0419.fits
7038/spec-7038-56571-0420.fits
7038/spec-7038-56571-0421.fits
7038/spec-7038-56571-0422.fits
7038/spec-7038-56571-0423.fits
7038/spec-7038-56571-0424.fits
7038/spec-7038-56571-0425.fits
7038/spec-7038-56571-0426.fits
7038/spec-7038-56571-0427.fits
7038/spec-7038-56571-0428.fits
7038/spec-7038-56571-0429.fits
7038/spec-7038-56571-0430.fits
7038/spec-7038-56571-0431.fits
7038/spec-7038-56571-0432.fits
7038/spec-7038-56571-0433.fits
7038/spec-7038-56571-0434.fits
7038/spec-7038-56571-0435.fits
7038/spec-7038-56571-0436.fits
7038/spec-7038-56571-0437.fits
7038/spec-7038-56571-0438.fits
7038/spec-7038-56571-0439.fits
7038/spec-7038-56571-0440.fits
7038/spec-7038-56571-0441.fits
7038/spec-7038-56571-0442.fits
7038/spec-7038-56571-0443.fits
7038/spec-7038-56571-0444.fits
7038/spec-7038-56571-0445.fits
7038/spec-7038-56571-0446.fits
7038/spec-7038-56571-0447.fits
7038/spec-7038-56571-0448.fits
7038/spec-7038-56571-0449.fits
7038/spec-7038-56571-0450.fits
7038/spec-7038-56571-0451.fits
7038/spec-7038-56571-0452.fits
7038/spec-7038-56571-0453.fits
7038/spec-7038-56571-0454.fits
7038/spec-7038-56571-0455.fits
7038/spec-7038-56571-0456.fits
7038/spec-7038-56571-0457.fits
7038/spec-7038-56571-0458.fits
7038/spec-7038-56571-0459.fits
7038/spec-7038-56571-0460.fits
7038/spec-7038-56571-0461.fits
7038/spec-7038-56571-0462.fits
7038/spec-7038-56571-0463.fits
7038/spec-7038-56571-0464.fits
7038/spec-7038-56571-0465.fits
7038/spec-7038-56571-0466.fits
7038/spec-7038-56571-0467.fits
7038/spec-7038-56571-0468.fits
7038/spec-7038-56571-0469.fits
7038/spec-7038-56571-0470.fits
7038/spec-7038-56571-0471.fits
7038/spec-7038-56571-0472.fits
7038/spec-7038-56571-0473.fits
7038/spec-7038-56571-0474.fits
7038/spec-7038-56571-0475.fits
7038/spec-7038-56571-0476.fits
7038/spec-7038-56571-0477.fits
7038/spec-7038-56571-0478.fits
7038/spec-7038-56571-0479.fits
7038/spec-7038-56571-0480.fits
7038/spec-7038-56571-0481.fits
7038/spec-7038-56571-0482.fits
7038/spec-7038-56571-0483.fits
7038/spec-7038-56571-0484.fits
7038/spec-7038-56571-0485.fits
7038/spec-7038-56571-0486.fits
7038/spec-7038-56571-0487.fits
7038/spec-7038-56571-0488.fits
7038/spec-7038-56571-0489.fits
7038/spec-7038-56571-0490.fits
7038/spec-7038-56571-0491.fits
7038/spec-7038-56571-0492.fits
7038/spec-7038-56571-0493.fits
7038/spec-7038-56571-0494.fits
7038/spec-7038-56571-0495.fits
7038/spec-7038-56571-0496.fits
7038/spec-7038-56571-0497.fits
7038/spec-7038-56571-0498.fits
7038/spec-7038-56571-0499.fits
7038/spec-7038-56571-0500.fits
7038/spec-7038-56571-0501.fits
7038/spec-7038-56571-0502.fits
7038/spec-7038-56571-0503.fits
7038/spec-7038-56571-0504.fits
7038/spec-7038-56571-0505.fits
7038/spec-7038-56571-0506.fits
7038/spec-7038-56571-0507.fits
7038/spec-7038-56571-0508.fits
7038/spec-7038-56571-0509.fits
7038/spec-7038-56571-0510.fits
7038/spec-7038-56571-0511.fits
7038/spec-7038-56571-0512.fits
7038/spec-7038-56571-0513.fits
7038/spec-7038-56571-0514.fits
7038/spec-7038-56571-0515.fits
7038/spec-7038-56571-0516.fits
7038/spec-7038-56571-0517.fits
7038/spec-7038-56571-0518.fits
7038/spec-7038-56571-0519.fits
7038/spec-7038-56571-0520.fits
7038/spec-7038-56571-0521.fits
7038/spec-7038-56571-0522.fits
7038/spec-7038-56571-0523.fits
7038/spec-7038-56571-0524.fits
7038/spec-7038-56571-0525.fits
7038/spec-7038-56571-0526.fits
7038/spec-7038-56571-0527.fits
7038/spec-7038-56571-0528.fits
7038/spec-7038-56571-0529.fits
7038/spec-7038-56571-0530.fits
7038/spec-7038-56571-0531.fits
7038/spec-7038-56571-0532.fits
7038/spec-7038-56571-0533.fits
7038/spec-7038-56571-0534.fits
7038/spec-7038-56571-0535.fits
7038/spec-7038-56571-0536.fits
7038/spec-7038-56571-0537.fits
7038/spec-7038-56571-0538.fits
7038/spec-7038-56571-0539.fits
7038/spec-7038-56571-0540.fits
7038/spec-7038-56571-0541.fits
7038/spec-7038-56571-0542.fits
7038/spec-7038-56571-0543.fits
7038/spec-7038-56571-0544.fits
7038/spec-7038-56571-0545.fits
7038/spec-7038-56571-0546.fits
7038/spec-7038-56571-0547.fits
7038/spec-7038-56571-0548.fits
7038/spec-7038-56571-0549.fits
7038/spec-7038-56571-0550.fits
7038/spec-7038-56571-0551.fits
7038/spec-7038-56571-0552.fits
7038/spec-7038-56571-0553.fits
7038/spec-7038-56571-0554.fits
7038/spec-7038-56571-0555.fits
7038/spec-7038-56571-0556.fits
7038/spec-7038-56571-0557.fits
7038/spec-7038-56571-0558.fits
7038/spec-7038-56571-0559.fits
7038/spec-7038-56571-0560.fits
7038/spec-7038-56571-0561.fits
7038/spec-7038-56571-0562.fits
7038/spec-7038-56571-0563.fits
7038/spec-7038-56571-0564.fits
7038/spec-7038-56571-0565.fits
7038/spec-7038-56571-0566.fits
7038/spec-7038-56571-0567.fits
7038/spec-7038-56571-0568.fits
7038/spec-7038-56571-0569.fits
7038/spec-7038-56571-0570.fits
7038/spec-7038-56571-0571.fits
7038/spec-7038-56571-0572.fits
7038/spec-7038-56571-0573.fits
7038/spec-7038-56571-0574.fits
7038/spec-7038-56571-0575.fits
7038/spec-7038-56571-0576.fits
7038/spec-7038-56571-0577.fits
7038/spec-7038-56571-0578.fits
7038/spec-7038-56571-0579.fits
7038/spec-7038-56571-0580.fits
7038/spec-7038-56571-0581.fits
7038/spec-7038-56571-0582.fits
7038/spec-7038-56571-0583.fits
7038/spec-7038-56571-0584.fits
7038/spec-7038-56571-0585.fits
7038/spec-7038-56571-0586.fits
7038/spec-7038-56571-0587.fits
7038/spec-7038-56571-0588.fits
7038/spec-7038-56571-0589.fits
7038/spec-7038-56571-0590.fits
7038/spec-7038-56571-0591.fits
7038/spec-7038-56571-0592.fits
7038/spec-7038-56571-0593.fits
7038/spec-7038-56571-0594.fits
7038/spec-7038-56571-0595.fits
7038/spec-7038-56571-0596.fits
7038/spec-7038-56571-0597.fits
7038/spec-7038-56571-0598.fits
7038/spec-7038-56571-0599.fits
7038/spec-7038-56571-0600.fits
7038/spec-7038-56571-0601.fits
7038/spec-7038-56571-0602.fits
7038/spec-7038-56571-0603.fits
7038/spec-7038-56571-0604.fits
7038/spec-7038-56571-0605.fits
7038/spec-7038-56571-0606.fits
7038/spec-7038-56571-0607.fits
7038/spec-7038-56571-0608.fits
7038/spec-7038-56571-0609.fits
7038/spec-7038-56571-0610.fits
7038/spec-7038-56571-0611.fits
7038/spec-7038-56571-0612.fits
7038/spec-7038-56571-0613.fits
7038/spec-7038-56571-0614.fits
7038/spec-7038-56571-0615.fits
7038/spec-7038-56571-0616.fits
7038/spec-7038-56571-0617.fits
7038/spec-7038-56571-0618.fits
7038/spec-7038-56571-0619.fits
7038/spec-7038-56571-0620.fits
7038/spec-7038-56571-0621.fits
7038/spec-7038-56571-0622.fits
7038/spec-7038-56571-0623.fits
7038/spec-7038-56571-0624.fits
7038/spec-7038-56571-0625.fits
7038/spec-7038-56571-0626.fits
7038/spec-7038-56571-0627.fits
7038/spec-7038-56571-0628.fits
7038/spec-7038-56571-0629.fits
7038/spec-7038-56571-0630.fits
7038/spec-7038-56571-0631.fits
7038/spec-7038-56571-0632.fits
7038/spec-7038-56571-0633.fits
7038/spec-7038-56571-0634.fits
7038/spec-7038-56571-0635.fits
7038/spec-7038-56571-0636.fits
7038/spec-7038-56571-0637.fits
7038/spec-7038-56571-0638.fits
7038/spec-7038-56571-0639.fits
7038/spec-7038-56571-0640.fits
7038/spec-7038-56571-0641.fits
7038/spec-7038-56571-0642.fits
7038/spec-7038-56571-0643.fits
7038/spec-7038-56571-0644.fits
7038/spec-7038-56571-0645.fits
7038/spec-7038-56571-0646.fits
7038/spec-7038-56571-0647.fits
7038/spec-7038-56571-0648.fits
7038/spec-7038-56571-0649.fits
7038/spec-7038-56571-0650.fits
7038/spec-7038-56571-0651.fits
7038/spec-7038-56571-0652.fits
7038/spec-7038-56571-0653.fits
7038/spec-7038-56571-0654.fits
7038/spec-7038-56571-0655.fits
7038/spec-7038-56571-0656.fits
7038/spec-7038-56571-0657.fits
7038/spec-7038-56571-0658.fits
7038/spec-7038-56571-0659.fits
7038/spec-7038-56571-0660.fits
7038/spec-7038-56571-0661.fits
7038/spec-7038-56571-0662.fits
7038/spec-7038-56571-0663.fits
7038/spec-7038-56571-0664.fits
7038/spec-7038-56571-0665.fits
7038/spec-7038-56571-0666.fits
7038/spec-7038-56571-0667.fits
7038/spec-7038-56571-0668.fits
7038/spec-7038-56571-0669.fits
7038/spec-7038-56571-0670.fits
7038/spec-7038-56571-0671.fits
7038/spec-7038-56571-0672.fits
7038/spec-7038-56571-0673.fits
7038/spec-7038-56571-0674.fits
7038/spec-7038-56571-0675.fits
7038/spec-7038-56571-0676.fits
7038/spec-7038-56571-0677.fits
7038/spec-7038-56571-0678.fits
7038/spec-7038-56571-0679.fits
7038/spec-7038-56571-0680.fits
7038/spec-7038-56571-0681.fits
7038/spec-7038-56571-0682.fits
7038/spec-7038-56571-0683.fits
7038/spec-7038-56571-0684.fits
7038/spec-7038-56571-0685.fits
7038/spec-7038-56571-0686.fits
7038/spec-7038-56571-0687.fits
7038/spec-7038-56571-0688.fits
7038/spec-7038-56571-0689.fits
7038/spec-7038-56571-0690.fits
7038/spec-7038-56571-0691.fits
7038/spec-7038-56571-0692.fits
7038/spec-7038-56571-0693.fits
7038/spec-7038-56571-0694.fits
7038/spec-7038-56571-0695.fits
7038/spec-7038-56571-0696.fits
7038/spec-7038-56571-0697.fits
7038/spec-7038-56571-0698.fits
7038/spec-7038-56571-0699.fits
7038/spec-7038-56571-0700.fits
7038/spec-7038-56571-0701.fits
7038/spec-7038-56571-0702.fits
7038/spec-7038-56571-0703.fits
7038/spec-7038-56571-0704.fits
7038/spec-7038-56571-0705.fits
7038/spec-7038-56571-0706.fits
7038/spec-7038-56571-0707.fits
7038/spec-7038-56571-0708.fits
7038/spec-7038-56571-0709.fits
7038/spec-7038-56571-0710.fits
7038/spec-7038-56571-0711.fits
7038/spec-7038-56571-0712.fits
7038/spec-7038-56571-0713.fits
7038/spec-7038-56571-0714.fits
7038/spec-7038-56571-0715.fits
7038/spec-7038-56571-0716.fits
7038/spec-7038-56571-0717.fits
7038/spec-7038-56571-0718.fits
7038/spec-7038-56571-0719.fits
7038/spec-7038-56571-0720.fits
7038/spec-7038-56571-0721.fits
7038/spec-7038-56571-0722.fits
7038/spec-7038-56571-0723.fits
7038/spec-7038-56571-0724.fits
7038/spec-7038-56571-0725.fits
7038/spec-7038-56571-0726.fits
7038/spec-7038-56571-0727.fits
7038/spec-7038-56571-0728.fits
7038/spec-7038-56571-0729.fits
7038/spec-7038-56571-0730.fits
7038/spec-7038-56571-0731.fits
7038/spec-7038-56571-0732.fits
7038/spec-7038-56571-0733.fits
7038/spec-7038-56571-0734.fits
7038/spec-7038-56571-0735.fits
7038/spec-7038-56571-0736.fits
7038/spec-7038-56571-0737.fits
7038/spec-7038-56571-0738.fits
7038/spec-7038-56571-0739.fits
7038/spec-7038-56571-0740.fits
7038/spec-7038-56571-0741.fits
7038/spec-7038-56571-0742.fits
7038/spec-7038-56571-0743.fits
7038/spec-7038-56571-0744.fits
7038/spec-7038-56571-0745.fits
7038/spec-7038-56571-0746.fits
7038/spec-7038-56571-0747.fits
7038/spec-7038-56571-0748.fits
7038/spec-7038-56571-0749.fits
7038/spec-7038-56571-0750.fits
7038/spec-7038-56571-0751.fits
7038/spec-7038-56571-0752.fits
7038/spec-7038-56571-0753.fits
7038/spec-7038-56571-0754.fits
7038/spec-7038-56571-0755.fits
7038/spec-7038-56571-0756.fits
7038/spec-7038-56571-0757.fits
7038/spec-7038-56571-0758.fits
7038/spec-7038-56571-0759.fits
7038/spec-7038-56571-0760.fits
7038/spec-7038-56571-0761.fits
7038/spec-7038-56571-0762.fits
7038/spec-7038-56571-0763.fits
7038/spec-7038-56571-0764.fits
7038/spec-7038-56571-0765.fits
7038/spec-7038-56571-0766.fits
7038/spec-7038-56571-0767.fits
7038/spec-7038-56571-0768.fits
7038/spec-7038-56571-0769.fits
7038/spec-7038-56571-0770.fits
7038/spec-7038-56571-0771.fits
7038/spec-7038-56571-0772.fits
7038/spec-7038-56571-0773.fits
7038/spec-7038-56571-0774.fits
7038/spec-7038-56571-0775.fits
7038/spec-7038-56571-0776.fits
7038/spec-7038-56571-0777.fits
7038/spec-7038-56571-0778.fits
7038/spec-7038-56571-0779.fits
7038/spec-7038-56571-0780.fits
7038/spec-7038-56571-0781.fits
7038/spec-7038-56571-0782.fits
7038/spec-7038-56571-0783.fits
7038/spec-7038-56571-0784.fits
7038/spec-7038-56571-0785.fits
7038/spec-7038-56571-0786.fits
7038/spec-7038-56571-0787.fits
7038/spec-7038-56571-0788.fits
7038/spec-7038-56571-0789.fits
7038/spec-7038-56571-0790.fits
7038/spec-7038-56571-0791.fits
7038/spec-7038-56571-0792.fits
7038/spec-7038-56571-0793.fits
7038/spec-7038-56571-0794.fits
7038/spec-7038-56571-0795.fits
7038/spec-7038-56571-0796.fits
7038/spec-7038-56571-0797.fits
7038/spec-7038-56571-0798.fits
7038/spec-7038-56571-0799.fits
7038/spec-7038-56571-0800.fits
7038/spec-7038-56571-0801.fits
7038/spec-7038-56571-0802.fits
7038/spec-7038-56571-0803.fits
7038/spec-7038-56571-0804.fits
7038/spec-7038-56571-0805.fits
7038/spec-7038-56571-0806.fits
7038/spec-7038-56571-0807.fits
7038/spec-7038-56571-0808.fits
7038/spec-7038-56571-0809.fits
7038/spec-7038-56571-0810.fits
7038/spec-7038-56571-0811.fits
7038/spec-7038-56571-0812.fits
7038/spec-7038-56571-0813.fits
7038/spec-7038-56571-0814.fits
7038/spec-7038-56571-0815.fits
7038/spec-7038-56571-0816.fits
7038/spec-7038-56571-0817.fits
7038/spec-7038-56571-0818.fits
7038/spec-7038-56571-0819.fits
7038/spec-7038-56571-0820.fits
7038/spec-7038-56571-0821.fits
7038/spec-7038-56571-0822.fits
7038/spec-7038-56571-0823.fits
7038/spec-7038-56571-0824.fits
7038/spec-7038-56571-0825.fits
7038/spec-7038-56571-0826.fits
7038/spec-7038-56571-0827.fits
7038/spec-7038-56571-0828.fits
7038/spec-7038-56571-0829.fits
7038/spec-7038-56571-0830.fits
7038/spec-7038-56571-0831.fits
7038/spec-7038-56571-0832.fits
7038/spec-7038-56571-0833.fits
7038/spec-7038-56571-0834.fits
7038/spec-7038-56571-0835.fits
7038/spec-7038-56571-0836.fits
7038/spec-7038-56571-0837.fits
7038/spec-7038-56571-0838.fits
7038/spec-7038-56571-0839.fits
7038/spec-7038-56571-0840.fits
7038/spec-7038-56571-0841.fits
7038/spec-7038-56571-0842.fits
7038/spec-7038-56571-0843.fits
7038/spec-7038-56571-0844.fits
7038/spec-7038-56571-0845.fits
7038/spec-7038-56571-0846.fits
7038/spec-7038-56571-0847.fits
7038/spec-7038-56571-0848.fits
7038/spec-7038-56571-0849.fits
7038/spec-7038-56571-0850.fits
7038/spec-7038-56571-0851.fits
7038/spec-7038-56571-0852.fits
7038/spec-7038-56571-0853.fits
7038/spec-7038-56571-0854.fits
7038/spec-7038-56571-0855.fits
7038/spec-7038-56571-0856.fits
7038/spec-7038-56571-0857.fits
7038/spec-7038-56571-0858.fits
7038/spec-7038-56571-0859.fits
7038/spec-7038-56571-0860.fits
7038/spec-7038-56571-0861.fits
7038/spec-7038-56571-0862.fits
7038/spec-7038-56571-0863.fits
7038/spec-7038-56571-0864.fits
7038/spec-7038-56571-0865.fits
7038/spec-7038-56571-0866.fits
7038/spec-7038-56571-0867.fits
7038/spec-7038-56571-0868.fits
7038/spec-7038-56571-0869.fits
7038/spec-7038-56571-0870.fits
7038/spec-7038-56571-0871.fits
7038/spec-7038-56571-0872.fits
7038/spec-7038-56571-0873.fits
7038/spec-7038-56571-0874.fits
7038/spec-7038-56571-0875.fits
7038/spec-7038-56571-0876.fits
7038/spec-7038-56571-0877.fits
7038/spec-7038-56571-0878.fits
7038/spec-7038-56571-0879.fits
7038/spec-7038-56571-0880.fits
7038/spec-7038-56571-0881.fits
7038/spec-7038-56571-0882.fits
7038/spec-7038-56571-0883.fits
7038/spec-7038-56571-0884.fits
7038/spec-7038-56571-0885.fits
7038/spec-7038-56571-0886.fits
7038/spec-7038-56571-0887.fits
7038/spec-7038-56571-0888.fits
7038/spec-7038-56571-0889.fits
7038/spec-7038-56571-0890.fits
7038/spec-7038-56571-0891.fits
7038/spec-7038-56571-0892.fits
7038/spec-7038-56571-0893.fits
7038/spec-7038-56571-0894.fits
7038/spec-7038-56571-0895.fits
7038/spec-7038-56571-0896.fits
7038/spec-7038-56571-0897.fits
7038/spec-7038-56571-0898.fits
7038/spec-7038-56571-0899.fits
7038/spec-7038-56571-0900.fits
7038/spec-7038-56571-0901.fits
7038/spec-7038-56571-0902.fits
7038/spec-7038-56571-0903.fits
7038/spec-7038-56571-0904.fits
7038/spec-7038-56571-0905.fits
7038/spec-7038-56571-0906.fits
7038/spec-7038-56571-0907.fits
7038/spec-7038-56571-0908.fits
7038/spec-7038-56571-0909.fits
7038/spec-7038-56571-0910.fits
7038/spec-7038-56571-0911.fits
7038/spec-7038-56571-0912.fits
7038/spec-7038-56571-0913.fits
7038/spec-7038-56571-0914.fits
7038/spec-7038-56571-0915.fits
7038/spec-7038-56571-0916.fits
7038/spec-7038-56571-0917.fits
7038/spec-7038-56571-0918.fits
7038/spec-7038-56571-0919.fits
7038/spec-7038-56571-0920.fits
7038/spec-7038-56571-0921.fits
7038/spec-7038-56571-0922.fits
7038/spec-7038-56571-0923.fits
7038/spec-7038-56571-0924.fits
7038/spec-7038-56571-0925.fits
7038/spec-7038-56571-0926.fits
7038/spec-7038-56571-0927.fits
7038/spec-7038-56571-0928.fits
7038/spec-7038-56571-0929.fits
7038/spec-7038-56571-0930.fits
7038/spec-7038-56571-0931.fits
7038/spec-7038-56571-0932.fits
7038/spec-7038-56571-0933.fits
7038/spec-7038-56571-0934.fits
7038/spec-7038-56571-0935.fits
7038/spec-7038-56571-0936.fits
7038/spec-7038-56571-0937.fits
7038/spec-7038-56571-0938.fits
7038/spec-7038-56571-0939.fits
7038/spec-7038-56571-0940.fits
7038/spec-7038-56571-0941.fits
7038/spec-7038-56571-0942.fits
7038/spec-7038-56571-0943.fits
7038/spec-7038-56571-0944.fits
7038/spec-7038-56571-0945.fits
7038/spec-7038-56571-0946.fits
7038/spec-7038-56571-0947.fits
7038/spec-7038-56571-0948.fits
7038/spec-7038-56571-0949.fits
7038/spec-7038-56571-0950.fits
7038/spec-7038-56571-0951.fits
7038/spec-7038-56571-0952.fits
7038/spec-7038-56571-0953.fits
7038/spec-7038-56571-0954.fits
7038/spec-7038-56571-0955.fits
7038/spec-7038-56571-0956.fits
7038/spec-7038-56571-0957.fits
7038/spec-7038-56571-0958.fits
7038/spec-7038-56571-0959.fits
7038/spec-7038-56571-0960.fits
7038/spec-7038-56571-0961.fits
7038/spec-7038-56571-0962.fits
7038/spec-7038-56571-0963.fits
7038/spec-7038-56571-0964.fits
7038/spec-7038-56571-0965.fits
7038/spec-7038-56571-0966.fits
7038/spec-7038-56571-0967.fits
7038/spec-7038-56571-0968.fits
7038/spec-7038-56571-0969.fits
7038/spec-7038-56571-0970.fits
7038/spec-7038-56571-0971.fits
7038/spec-7038-56571-0972.fits
7038/spec-7038-56571-0973.fits
7038/spec-7038-56571-0974.fits
7038/spec-7038-56571-0975.fits
7038/spec-7038-56571-0976.fits
7038/spec-7038-56571-0977.fits
7038/spec-7038-56571-0978.fits
7038/spec-7038-56571-0979.fits
7038/spec-7038-56571-0980.fits
7038/spec-7038-56571-0981.fits
7038/spec-7038-56571-0982.fits
7038/spec-7038-56571-0983.fits
7038/spec-7038-56571-0984.fits
7038/spec-7038-56571-0985.fits
7038/spec-7038-56571-0986.fits
7038/spec-7038-56571-0987.fits
7038/spec-7038-56571-0988.fits
7038/spec-7038-56571-0989.fits
7038/spec-7038-56571-0990.fits
7038/spec-7038-56571-0991.fits
7038/spec-7038-56571-0992.fits
7038/spec-7038-56571-0993.fits
7038/spec-7038-56571-0994.fits
7038/spec-7038-56571-0995.fits
7038/spec-7038-56571-0996.fits
7038/spec-7038-56571-0997.fits
7038/spec-7038-56571-0998.fits
7038/spec-7038-56571-0999.fits
7038/spec-7038-56571-1000.fits
/var/lib/condor/execute/slot1/dir_27807
7038 7038.tgz R R361.tar.gz _condor_stderr _condor_stdout cB58_Lyman_break.fit condor_exec.exe hw4.R packages packages.tar.gz tmp var
[1] "Loaded package astro."
[1] 1000
7038 7038.csv 7038.tgz R R361.tar.gz _condor_stderr _condor_stdout cB58_Lyman_break.fit condor_exec.exe hw4.R packages packages.tar.gz tmp var
