3967
3967/
3967/spec-3967-55704-0001.fits
3967/spec-3967-55704-0002.fits
3967/spec-3967-55704-0003.fits
3967/spec-3967-55704-0004.fits
3967/spec-3967-55704-0005.fits
3967/spec-3967-55704-0006.fits
3967/spec-3967-55704-0007.fits
3967/spec-3967-55704-0008.fits
3967/spec-3967-55704-0009.fits
3967/spec-3967-55704-0010.fits
3967/spec-3967-55704-0011.fits
3967/spec-3967-55704-0012.fits
3967/spec-3967-55704-0013.fits
3967/spec-3967-55704-0014.fits
3967/spec-3967-55704-0015.fits
3967/spec-3967-55704-0016.fits
3967/spec-3967-55704-0017.fits
3967/spec-3967-55704-0018.fits
3967/spec-3967-55704-0019.fits
3967/spec-3967-55704-0020.fits
3967/spec-3967-55704-0021.fits
3967/spec-3967-55704-0022.fits
3967/spec-3967-55704-0023.fits
3967/spec-3967-55704-0024.fits
3967/spec-3967-55704-0025.fits
3967/spec-3967-55704-0026.fits
3967/spec-3967-55704-0027.fits
3967/spec-3967-55704-0028.fits
3967/spec-3967-55704-0029.fits
3967/spec-3967-55704-0030.fits
3967/spec-3967-55704-0031.fits
3967/spec-3967-55704-0032.fits
3967/spec-3967-55704-0033.fits
3967/spec-3967-55704-0034.fits
3967/spec-3967-55704-0035.fits
3967/spec-3967-55704-0036.fits
3967/spec-3967-55704-0037.fits
3967/spec-3967-55704-0038.fits
3967/spec-3967-55704-0039.fits
3967/spec-3967-55704-0040.fits
3967/spec-3967-55704-0041.fits
3967/spec-3967-55704-0042.fits
3967/spec-3967-55704-0043.fits
3967/spec-3967-55704-0044.fits
3967/spec-3967-55704-0045.fits
3967/spec-3967-55704-0046.fits
3967/spec-3967-55704-0047.fits
3967/spec-3967-55704-0048.fits
3967/spec-3967-55704-0049.fits
3967/spec-3967-55704-0050.fits
3967/spec-3967-55704-0051.fits
3967/spec-3967-55704-0052.fits
3967/spec-3967-55704-0053.fits
3967/spec-3967-55704-0054.fits
3967/spec-3967-55704-0055.fits
3967/spec-3967-55704-0056.fits
3967/spec-3967-55704-0057.fits
3967/spec-3967-55704-0058.fits
3967/spec-3967-55704-0059.fits
3967/spec-3967-55704-0060.fits
3967/spec-3967-55704-0061.fits
3967/spec-3967-55704-0062.fits
3967/spec-3967-55704-0063.fits
3967/spec-3967-55704-0064.fits
3967/spec-3967-55704-0065.fits
3967/spec-3967-55704-0066.fits
3967/spec-3967-55704-0067.fits
3967/spec-3967-55704-0068.fits
3967/spec-3967-55704-0069.fits
3967/spec-3967-55704-0070.fits
3967/spec-3967-55704-0071.fits
3967/spec-3967-55704-0072.fits
3967/spec-3967-55704-0073.fits
3967/spec-3967-55704-0074.fits
3967/spec-3967-55704-0075.fits
3967/spec-3967-55704-0076.fits
3967/spec-3967-55704-0077.fits
3967/spec-3967-55704-0078.fits
3967/spec-3967-55704-0079.fits
3967/spec-3967-55704-0080.fits
3967/spec-3967-55704-0081.fits
3967/spec-3967-55704-0082.fits
3967/spec-3967-55704-0083.fits
3967/spec-3967-55704-0084.fits
3967/spec-3967-55704-0085.fits
3967/spec-3967-55704-0086.fits
3967/spec-3967-55704-0087.fits
3967/spec-3967-55704-0088.fits
3967/spec-3967-55704-0089.fits
3967/spec-3967-55704-0090.fits
3967/spec-3967-55704-0091.fits
3967/spec-3967-55704-0092.fits
3967/spec-3967-55704-0093.fits
3967/spec-3967-55704-0094.fits
3967/spec-3967-55704-0095.fits
3967/spec-3967-55704-0096.fits
3967/spec-3967-55704-0097.fits
3967/spec-3967-55704-0098.fits
3967/spec-3967-55704-0099.fits
3967/spec-3967-55704-0100.fits
3967/spec-3967-55704-0101.fits
3967/spec-3967-55704-0102.fits
3967/spec-3967-55704-0103.fits
3967/spec-3967-55704-0104.fits
3967/spec-3967-55704-0105.fits
3967/spec-3967-55704-0106.fits
3967/spec-3967-55704-0107.fits
3967/spec-3967-55704-0108.fits
3967/spec-3967-55704-0109.fits
3967/spec-3967-55704-0110.fits
3967/spec-3967-55704-0111.fits
3967/spec-3967-55704-0112.fits
3967/spec-3967-55704-0113.fits
3967/spec-3967-55704-0114.fits
3967/spec-3967-55704-0115.fits
3967/spec-3967-55704-0116.fits
3967/spec-3967-55704-0117.fits
3967/spec-3967-55704-0118.fits
3967/spec-3967-55704-0119.fits
3967/spec-3967-55704-0120.fits
3967/spec-3967-55704-0121.fits
3967/spec-3967-55704-0122.fits
3967/spec-3967-55704-0123.fits
3967/spec-3967-55704-0124.fits
3967/spec-3967-55704-0125.fits
3967/spec-3967-55704-0126.fits
3967/spec-3967-55704-0127.fits
3967/spec-3967-55704-0128.fits
3967/spec-3967-55704-0129.fits
3967/spec-3967-55704-0130.fits
3967/spec-3967-55704-0131.fits
3967/spec-3967-55704-0132.fits
3967/spec-3967-55704-0133.fits
3967/spec-3967-55704-0134.fits
3967/spec-3967-55704-0135.fits
3967/spec-3967-55704-0136.fits
3967/spec-3967-55704-0137.fits
3967/spec-3967-55704-0138.fits
3967/spec-3967-55704-0139.fits
3967/spec-3967-55704-0140.fits
3967/spec-3967-55704-0141.fits
3967/spec-3967-55704-0142.fits
3967/spec-3967-55704-0143.fits
3967/spec-3967-55704-0144.fits
3967/spec-3967-55704-0145.fits
3967/spec-3967-55704-0146.fits
3967/spec-3967-55704-0147.fits
3967/spec-3967-55704-0148.fits
3967/spec-3967-55704-0149.fits
3967/spec-3967-55704-0150.fits
3967/spec-3967-55704-0151.fits
3967/spec-3967-55704-0152.fits
3967/spec-3967-55704-0153.fits
3967/spec-3967-55704-0154.fits
3967/spec-3967-55704-0155.fits
3967/spec-3967-55704-0156.fits
3967/spec-3967-55704-0157.fits
3967/spec-3967-55704-0158.fits
3967/spec-3967-55704-0159.fits
3967/spec-3967-55704-0160.fits
3967/spec-3967-55704-0161.fits
3967/spec-3967-55704-0162.fits
3967/spec-3967-55704-0163.fits
3967/spec-3967-55704-0164.fits
3967/spec-3967-55704-0165.fits
3967/spec-3967-55704-0166.fits
3967/spec-3967-55704-0167.fits
3967/spec-3967-55704-0168.fits
3967/spec-3967-55704-0169.fits
3967/spec-3967-55704-0170.fits
3967/spec-3967-55704-0171.fits
3967/spec-3967-55704-0172.fits
3967/spec-3967-55704-0173.fits
3967/spec-3967-55704-0174.fits
3967/spec-3967-55704-0175.fits
3967/spec-3967-55704-0176.fits
3967/spec-3967-55704-0177.fits
3967/spec-3967-55704-0178.fits
3967/spec-3967-55704-0179.fits
3967/spec-3967-55704-0180.fits
3967/spec-3967-55704-0181.fits
3967/spec-3967-55704-0182.fits
3967/spec-3967-55704-0183.fits
3967/spec-3967-55704-0184.fits
3967/spec-3967-55704-0185.fits
3967/spec-3967-55704-0186.fits
3967/spec-3967-55704-0187.fits
3967/spec-3967-55704-0188.fits
3967/spec-3967-55704-0189.fits
3967/spec-3967-55704-0190.fits
3967/spec-3967-55704-0191.fits
3967/spec-3967-55704-0192.fits
3967/spec-3967-55704-0193.fits
3967/spec-3967-55704-0194.fits
3967/spec-3967-55704-0195.fits
3967/spec-3967-55704-0196.fits
3967/spec-3967-55704-0197.fits
3967/spec-3967-55704-0198.fits
3967/spec-3967-55704-0199.fits
3967/spec-3967-55704-0200.fits
3967/spec-3967-55704-0201.fits
3967/spec-3967-55704-0202.fits
3967/spec-3967-55704-0203.fits
3967/spec-3967-55704-0204.fits
3967/spec-3967-55704-0205.fits
3967/spec-3967-55704-0206.fits
3967/spec-3967-55704-0207.fits
3967/spec-3967-55704-0208.fits
3967/spec-3967-55704-0209.fits
3967/spec-3967-55704-0210.fits
3967/spec-3967-55704-0211.fits
3967/spec-3967-55704-0212.fits
3967/spec-3967-55704-0213.fits
3967/spec-3967-55704-0214.fits
3967/spec-3967-55704-0215.fits
3967/spec-3967-55704-0216.fits
3967/spec-3967-55704-0217.fits
3967/spec-3967-55704-0218.fits
3967/spec-3967-55704-0219.fits
3967/spec-3967-55704-0220.fits
3967/spec-3967-55704-0221.fits
3967/spec-3967-55704-0222.fits
3967/spec-3967-55704-0223.fits
3967/spec-3967-55704-0224.fits
3967/spec-3967-55704-0225.fits
3967/spec-3967-55704-0226.fits
3967/spec-3967-55704-0227.fits
3967/spec-3967-55704-0228.fits
3967/spec-3967-55704-0229.fits
3967/spec-3967-55704-0230.fits
3967/spec-3967-55704-0231.fits
3967/spec-3967-55704-0232.fits
3967/spec-3967-55704-0233.fits
3967/spec-3967-55704-0234.fits
3967/spec-3967-55704-0235.fits
3967/spec-3967-55704-0236.fits
3967/spec-3967-55704-0237.fits
3967/spec-3967-55704-0238.fits
3967/spec-3967-55704-0239.fits
3967/spec-3967-55704-0240.fits
3967/spec-3967-55704-0241.fits
3967/spec-3967-55704-0242.fits
3967/spec-3967-55704-0243.fits
3967/spec-3967-55704-0244.fits
3967/spec-3967-55704-0245.fits
3967/spec-3967-55704-0246.fits
3967/spec-3967-55704-0247.fits
3967/spec-3967-55704-0248.fits
3967/spec-3967-55704-0249.fits
3967/spec-3967-55704-0250.fits
3967/spec-3967-55704-0251.fits
3967/spec-3967-55704-0252.fits
3967/spec-3967-55704-0253.fits
3967/spec-3967-55704-0254.fits
3967/spec-3967-55704-0255.fits
3967/spec-3967-55704-0256.fits
3967/spec-3967-55704-0257.fits
3967/spec-3967-55704-0258.fits
3967/spec-3967-55704-0259.fits
3967/spec-3967-55704-0260.fits
3967/spec-3967-55704-0261.fits
3967/spec-3967-55704-0262.fits
3967/spec-3967-55704-0263.fits
3967/spec-3967-55704-0264.fits
3967/spec-3967-55704-0265.fits
3967/spec-3967-55704-0266.fits
3967/spec-3967-55704-0267.fits
3967/spec-3967-55704-0268.fits
3967/spec-3967-55704-0269.fits
3967/spec-3967-55704-0270.fits
3967/spec-3967-55704-0271.fits
3967/spec-3967-55704-0272.fits
3967/spec-3967-55704-0273.fits
3967/spec-3967-55704-0274.fits
3967/spec-3967-55704-0275.fits
3967/spec-3967-55704-0276.fits
3967/spec-3967-55704-0277.fits
3967/spec-3967-55704-0278.fits
3967/spec-3967-55704-0279.fits
3967/spec-3967-55704-0280.fits
3967/spec-3967-55704-0281.fits
3967/spec-3967-55704-0282.fits
3967/spec-3967-55704-0283.fits
3967/spec-3967-55704-0284.fits
3967/spec-3967-55704-0285.fits
3967/spec-3967-55704-0286.fits
3967/spec-3967-55704-0287.fits
3967/spec-3967-55704-0288.fits
3967/spec-3967-55704-0289.fits
3967/spec-3967-55704-0290.fits
3967/spec-3967-55704-0291.fits
3967/spec-3967-55704-0292.fits
3967/spec-3967-55704-0293.fits
3967/spec-3967-55704-0294.fits
3967/spec-3967-55704-0295.fits
3967/spec-3967-55704-0296.fits
3967/spec-3967-55704-0297.fits
3967/spec-3967-55704-0298.fits
3967/spec-3967-55704-0299.fits
3967/spec-3967-55704-0300.fits
3967/spec-3967-55704-0301.fits
3967/spec-3967-55704-0302.fits
3967/spec-3967-55704-0303.fits
3967/spec-3967-55704-0304.fits
3967/spec-3967-55704-0305.fits
3967/spec-3967-55704-0306.fits
3967/spec-3967-55704-0307.fits
3967/spec-3967-55704-0308.fits
3967/spec-3967-55704-0309.fits
3967/spec-3967-55704-0310.fits
3967/spec-3967-55704-0311.fits
3967/spec-3967-55704-0312.fits
3967/spec-3967-55704-0313.fits
3967/spec-3967-55704-0314.fits
3967/spec-3967-55704-0315.fits
3967/spec-3967-55704-0316.fits
3967/spec-3967-55704-0317.fits
3967/spec-3967-55704-0318.fits
3967/spec-3967-55704-0319.fits
3967/spec-3967-55704-0320.fits
3967/spec-3967-55704-0321.fits
3967/spec-3967-55704-0322.fits
3967/spec-3967-55704-0323.fits
3967/spec-3967-55704-0324.fits
3967/spec-3967-55704-0325.fits
3967/spec-3967-55704-0326.fits
3967/spec-3967-55704-0327.fits
3967/spec-3967-55704-0328.fits
3967/spec-3967-55704-0329.fits
3967/spec-3967-55704-0330.fits
3967/spec-3967-55704-0331.fits
3967/spec-3967-55704-0332.fits
3967/spec-3967-55704-0333.fits
3967/spec-3967-55704-0334.fits
3967/spec-3967-55704-0335.fits
3967/spec-3967-55704-0336.fits
3967/spec-3967-55704-0337.fits
3967/spec-3967-55704-0338.fits
3967/spec-3967-55704-0339.fits
3967/spec-3967-55704-0340.fits
3967/spec-3967-55704-0341.fits
3967/spec-3967-55704-0342.fits
3967/spec-3967-55704-0343.fits
3967/spec-3967-55704-0344.fits
3967/spec-3967-55704-0345.fits
3967/spec-3967-55704-0346.fits
3967/spec-3967-55704-0347.fits
3967/spec-3967-55704-0348.fits
3967/spec-3967-55704-0349.fits
3967/spec-3967-55704-0350.fits
3967/spec-3967-55704-0351.fits
3967/spec-3967-55704-0352.fits
3967/spec-3967-55704-0353.fits
3967/spec-3967-55704-0354.fits
3967/spec-3967-55704-0355.fits
3967/spec-3967-55704-0356.fits
3967/spec-3967-55704-0357.fits
3967/spec-3967-55704-0358.fits
3967/spec-3967-55704-0359.fits
3967/spec-3967-55704-0360.fits
3967/spec-3967-55704-0361.fits
3967/spec-3967-55704-0362.fits
3967/spec-3967-55704-0363.fits
3967/spec-3967-55704-0364.fits
3967/spec-3967-55704-0365.fits
3967/spec-3967-55704-0366.fits
3967/spec-3967-55704-0367.fits
3967/spec-3967-55704-0368.fits
3967/spec-3967-55704-0369.fits
3967/spec-3967-55704-0370.fits
3967/spec-3967-55704-0371.fits
3967/spec-3967-55704-0372.fits
3967/spec-3967-55704-0373.fits
3967/spec-3967-55704-0374.fits
3967/spec-3967-55704-0375.fits
3967/spec-3967-55704-0376.fits
3967/spec-3967-55704-0377.fits
3967/spec-3967-55704-0378.fits
3967/spec-3967-55704-0379.fits
3967/spec-3967-55704-0380.fits
3967/spec-3967-55704-0381.fits
3967/spec-3967-55704-0382.fits
3967/spec-3967-55704-0383.fits
3967/spec-3967-55704-0384.fits
3967/spec-3967-55704-0385.fits
3967/spec-3967-55704-0386.fits
3967/spec-3967-55704-0387.fits
3967/spec-3967-55704-0388.fits
3967/spec-3967-55704-0389.fits
3967/spec-3967-55704-0390.fits
3967/spec-3967-55704-0391.fits
3967/spec-3967-55704-0392.fits
3967/spec-3967-55704-0393.fits
3967/spec-3967-55704-0394.fits
3967/spec-3967-55704-0395.fits
3967/spec-3967-55704-0396.fits
3967/spec-3967-55704-0397.fits
3967/spec-3967-55704-0398.fits
3967/spec-3967-55704-0399.fits
3967/spec-3967-55704-0400.fits
3967/spec-3967-55704-0401.fits
3967/spec-3967-55704-0402.fits
3967/spec-3967-55704-0403.fits
3967/spec-3967-55704-0404.fits
3967/spec-3967-55704-0405.fits
3967/spec-3967-55704-0406.fits
3967/spec-3967-55704-0407.fits
3967/spec-3967-55704-0408.fits
3967/spec-3967-55704-0409.fits
3967/spec-3967-55704-0410.fits
3967/spec-3967-55704-0411.fits
3967/spec-3967-55704-0412.fits
3967/spec-3967-55704-0413.fits
3967/spec-3967-55704-0414.fits
3967/spec-3967-55704-0415.fits
3967/spec-3967-55704-0416.fits
3967/spec-3967-55704-0417.fits
3967/spec-3967-55704-0418.fits
3967/spec-3967-55704-0419.fits
3967/spec-3967-55704-0420.fits
3967/spec-3967-55704-0421.fits
3967/spec-3967-55704-0422.fits
3967/spec-3967-55704-0423.fits
3967/spec-3967-55704-0424.fits
3967/spec-3967-55704-0425.fits
3967/spec-3967-55704-0426.fits
3967/spec-3967-55704-0427.fits
3967/spec-3967-55704-0428.fits
3967/spec-3967-55704-0429.fits
3967/spec-3967-55704-0430.fits
3967/spec-3967-55704-0431.fits
3967/spec-3967-55704-0432.fits
3967/spec-3967-55704-0433.fits
3967/spec-3967-55704-0434.fits
3967/spec-3967-55704-0435.fits
3967/spec-3967-55704-0436.fits
3967/spec-3967-55704-0437.fits
3967/spec-3967-55704-0438.fits
3967/spec-3967-55704-0439.fits
3967/spec-3967-55704-0440.fits
3967/spec-3967-55704-0441.fits
3967/spec-3967-55704-0442.fits
3967/spec-3967-55704-0443.fits
3967/spec-3967-55704-0444.fits
3967/spec-3967-55704-0445.fits
3967/spec-3967-55704-0446.fits
3967/spec-3967-55704-0447.fits
3967/spec-3967-55704-0448.fits
3967/spec-3967-55704-0449.fits
3967/spec-3967-55704-0450.fits
3967/spec-3967-55704-0451.fits
3967/spec-3967-55704-0452.fits
3967/spec-3967-55704-0453.fits
3967/spec-3967-55704-0454.fits
3967/spec-3967-55704-0455.fits
3967/spec-3967-55704-0456.fits
3967/spec-3967-55704-0457.fits
3967/spec-3967-55704-0458.fits
3967/spec-3967-55704-0459.fits
3967/spec-3967-55704-0460.fits
3967/spec-3967-55704-0461.fits
3967/spec-3967-55704-0462.fits
3967/spec-3967-55704-0463.fits
3967/spec-3967-55704-0464.fits
3967/spec-3967-55704-0465.fits
3967/spec-3967-55704-0466.fits
3967/spec-3967-55704-0467.fits
3967/spec-3967-55704-0468.fits
3967/spec-3967-55704-0469.fits
3967/spec-3967-55704-0470.fits
3967/spec-3967-55704-0471.fits
3967/spec-3967-55704-0472.fits
3967/spec-3967-55704-0473.fits
3967/spec-3967-55704-0474.fits
3967/spec-3967-55704-0475.fits
3967/spec-3967-55704-0476.fits
3967/spec-3967-55704-0477.fits
3967/spec-3967-55704-0478.fits
3967/spec-3967-55704-0479.fits
3967/spec-3967-55704-0480.fits
3967/spec-3967-55704-0481.fits
3967/spec-3967-55704-0482.fits
3967/spec-3967-55704-0483.fits
3967/spec-3967-55704-0484.fits
3967/spec-3967-55704-0485.fits
3967/spec-3967-55704-0486.fits
3967/spec-3967-55704-0487.fits
3967/spec-3967-55704-0488.fits
3967/spec-3967-55704-0489.fits
3967/spec-3967-55704-0490.fits
3967/spec-3967-55704-0491.fits
3967/spec-3967-55704-0492.fits
3967/spec-3967-55704-0493.fits
3967/spec-3967-55704-0494.fits
3967/spec-3967-55704-0495.fits
3967/spec-3967-55704-0496.fits
3967/spec-3967-55704-0497.fits
3967/spec-3967-55704-0498.fits
3967/spec-3967-55704-0499.fits
3967/spec-3967-55704-0500.fits
3967/spec-3967-55704-0501.fits
3967/spec-3967-55704-0502.fits
3967/spec-3967-55704-0503.fits
3967/spec-3967-55704-0504.fits
3967/spec-3967-55704-0505.fits
3967/spec-3967-55704-0506.fits
3967/spec-3967-55704-0507.fits
3967/spec-3967-55704-0508.fits
3967/spec-3967-55704-0509.fits
3967/spec-3967-55704-0510.fits
3967/spec-3967-55704-0511.fits
3967/spec-3967-55704-0512.fits
3967/spec-3967-55704-0513.fits
3967/spec-3967-55704-0514.fits
3967/spec-3967-55704-0515.fits
3967/spec-3967-55704-0516.fits
3967/spec-3967-55704-0517.fits
3967/spec-3967-55704-0518.fits
3967/spec-3967-55704-0519.fits
3967/spec-3967-55704-0520.fits
3967/spec-3967-55704-0521.fits
3967/spec-3967-55704-0522.fits
3967/spec-3967-55704-0523.fits
3967/spec-3967-55704-0524.fits
3967/spec-3967-55704-0525.fits
3967/spec-3967-55704-0526.fits
3967/spec-3967-55704-0527.fits
3967/spec-3967-55704-0528.fits
3967/spec-3967-55704-0529.fits
3967/spec-3967-55704-0530.fits
3967/spec-3967-55704-0531.fits
3967/spec-3967-55704-0532.fits
3967/spec-3967-55704-0533.fits
3967/spec-3967-55704-0534.fits
3967/spec-3967-55704-0535.fits
3967/spec-3967-55704-0536.fits
3967/spec-3967-55704-0537.fits
3967/spec-3967-55704-0538.fits
3967/spec-3967-55704-0539.fits
3967/spec-3967-55704-0540.fits
3967/spec-3967-55704-0541.fits
3967/spec-3967-55704-0542.fits
3967/spec-3967-55704-0543.fits
3967/spec-3967-55704-0544.fits
3967/spec-3967-55704-0545.fits
3967/spec-3967-55704-0546.fits
3967/spec-3967-55704-0547.fits
3967/spec-3967-55704-0548.fits
3967/spec-3967-55704-0549.fits
3967/spec-3967-55704-0550.fits
3967/spec-3967-55704-0551.fits
3967/spec-3967-55704-0552.fits
3967/spec-3967-55704-0553.fits
3967/spec-3967-55704-0554.fits
3967/spec-3967-55704-0555.fits
3967/spec-3967-55704-0556.fits
3967/spec-3967-55704-0557.fits
3967/spec-3967-55704-0558.fits
3967/spec-3967-55704-0559.fits
3967/spec-3967-55704-0560.fits
3967/spec-3967-55704-0561.fits
3967/spec-3967-55704-0562.fits
3967/spec-3967-55704-0563.fits
3967/spec-3967-55704-0564.fits
3967/spec-3967-55704-0565.fits
3967/spec-3967-55704-0566.fits
3967/spec-3967-55704-0567.fits
3967/spec-3967-55704-0568.fits
3967/spec-3967-55704-0569.fits
3967/spec-3967-55704-0570.fits
3967/spec-3967-55704-0571.fits
3967/spec-3967-55704-0572.fits
3967/spec-3967-55704-0573.fits
3967/spec-3967-55704-0574.fits
3967/spec-3967-55704-0575.fits
3967/spec-3967-55704-0576.fits
3967/spec-3967-55704-0577.fits
3967/spec-3967-55704-0578.fits
3967/spec-3967-55704-0579.fits
3967/spec-3967-55704-0580.fits
3967/spec-3967-55704-0581.fits
3967/spec-3967-55704-0582.fits
3967/spec-3967-55704-0583.fits
3967/spec-3967-55704-0584.fits
3967/spec-3967-55704-0585.fits
3967/spec-3967-55704-0586.fits
3967/spec-3967-55704-0587.fits
3967/spec-3967-55704-0588.fits
3967/spec-3967-55704-0589.fits
3967/spec-3967-55704-0590.fits
3967/spec-3967-55704-0591.fits
3967/spec-3967-55704-0592.fits
3967/spec-3967-55704-0593.fits
3967/spec-3967-55704-0594.fits
3967/spec-3967-55704-0595.fits
3967/spec-3967-55704-0596.fits
3967/spec-3967-55704-0597.fits
3967/spec-3967-55704-0598.fits
3967/spec-3967-55704-0599.fits
3967/spec-3967-55704-0600.fits
3967/spec-3967-55704-0601.fits
3967/spec-3967-55704-0602.fits
3967/spec-3967-55704-0603.fits
3967/spec-3967-55704-0604.fits
3967/spec-3967-55704-0605.fits
3967/spec-3967-55704-0606.fits
3967/spec-3967-55704-0607.fits
3967/spec-3967-55704-0608.fits
3967/spec-3967-55704-0609.fits
3967/spec-3967-55704-0610.fits
3967/spec-3967-55704-0611.fits
3967/spec-3967-55704-0612.fits
3967/spec-3967-55704-0613.fits
3967/spec-3967-55704-0614.fits
3967/spec-3967-55704-0615.fits
3967/spec-3967-55704-0616.fits
3967/spec-3967-55704-0617.fits
3967/spec-3967-55704-0618.fits
3967/spec-3967-55704-0619.fits
3967/spec-3967-55704-0620.fits
3967/spec-3967-55704-0621.fits
3967/spec-3967-55704-0622.fits
3967/spec-3967-55704-0623.fits
3967/spec-3967-55704-0624.fits
3967/spec-3967-55704-0625.fits
3967/spec-3967-55704-0626.fits
3967/spec-3967-55704-0627.fits
3967/spec-3967-55704-0628.fits
3967/spec-3967-55704-0629.fits
3967/spec-3967-55704-0630.fits
3967/spec-3967-55704-0631.fits
3967/spec-3967-55704-0632.fits
3967/spec-3967-55704-0633.fits
3967/spec-3967-55704-0634.fits
3967/spec-3967-55704-0635.fits
3967/spec-3967-55704-0636.fits
3967/spec-3967-55704-0637.fits
3967/spec-3967-55704-0638.fits
3967/spec-3967-55704-0639.fits
3967/spec-3967-55704-0640.fits
3967/spec-3967-55704-0641.fits
3967/spec-3967-55704-0642.fits
3967/spec-3967-55704-0643.fits
3967/spec-3967-55704-0644.fits
3967/spec-3967-55704-0645.fits
3967/spec-3967-55704-0646.fits
3967/spec-3967-55704-0647.fits
3967/spec-3967-55704-0648.fits
3967/spec-3967-55704-0649.fits
3967/spec-3967-55704-0650.fits
3967/spec-3967-55704-0651.fits
3967/spec-3967-55704-0652.fits
3967/spec-3967-55704-0653.fits
3967/spec-3967-55704-0654.fits
3967/spec-3967-55704-0655.fits
3967/spec-3967-55704-0656.fits
3967/spec-3967-55704-0657.fits
3967/spec-3967-55704-0658.fits
3967/spec-3967-55704-0659.fits
3967/spec-3967-55704-0660.fits
3967/spec-3967-55704-0661.fits
3967/spec-3967-55704-0662.fits
3967/spec-3967-55704-0663.fits
3967/spec-3967-55704-0664.fits
3967/spec-3967-55704-0665.fits
3967/spec-3967-55704-0666.fits
3967/spec-3967-55704-0667.fits
3967/spec-3967-55704-0668.fits
3967/spec-3967-55704-0669.fits
3967/spec-3967-55704-0670.fits
3967/spec-3967-55704-0671.fits
3967/spec-3967-55704-0672.fits
3967/spec-3967-55704-0673.fits
3967/spec-3967-55704-0674.fits
3967/spec-3967-55704-0675.fits
3967/spec-3967-55704-0676.fits
3967/spec-3967-55704-0677.fits
3967/spec-3967-55704-0678.fits
3967/spec-3967-55704-0679.fits
3967/spec-3967-55704-0680.fits
3967/spec-3967-55704-0681.fits
3967/spec-3967-55704-0682.fits
3967/spec-3967-55704-0683.fits
3967/spec-3967-55704-0684.fits
3967/spec-3967-55704-0685.fits
3967/spec-3967-55704-0686.fits
3967/spec-3967-55704-0687.fits
3967/spec-3967-55704-0688.fits
3967/spec-3967-55704-0689.fits
3967/spec-3967-55704-0690.fits
3967/spec-3967-55704-0691.fits
3967/spec-3967-55704-0692.fits
3967/spec-3967-55704-0693.fits
3967/spec-3967-55704-0694.fits
3967/spec-3967-55704-0695.fits
3967/spec-3967-55704-0696.fits
3967/spec-3967-55704-0697.fits
3967/spec-3967-55704-0698.fits
3967/spec-3967-55704-0699.fits
3967/spec-3967-55704-0700.fits
3967/spec-3967-55704-0701.fits
3967/spec-3967-55704-0702.fits
3967/spec-3967-55704-0703.fits
3967/spec-3967-55704-0704.fits
3967/spec-3967-55704-0705.fits
3967/spec-3967-55704-0706.fits
3967/spec-3967-55704-0707.fits
3967/spec-3967-55704-0708.fits
3967/spec-3967-55704-0709.fits
3967/spec-3967-55704-0710.fits
3967/spec-3967-55704-0711.fits
3967/spec-3967-55704-0712.fits
3967/spec-3967-55704-0713.fits
3967/spec-3967-55704-0714.fits
3967/spec-3967-55704-0715.fits
3967/spec-3967-55704-0716.fits
3967/spec-3967-55704-0717.fits
3967/spec-3967-55704-0718.fits
3967/spec-3967-55704-0719.fits
3967/spec-3967-55704-0720.fits
3967/spec-3967-55704-0721.fits
3967/spec-3967-55704-0722.fits
3967/spec-3967-55704-0723.fits
3967/spec-3967-55704-0724.fits
3967/spec-3967-55704-0725.fits
3967/spec-3967-55704-0726.fits
3967/spec-3967-55704-0727.fits
3967/spec-3967-55704-0728.fits
3967/spec-3967-55704-0729.fits
3967/spec-3967-55704-0730.fits
3967/spec-3967-55704-0731.fits
3967/spec-3967-55704-0732.fits
3967/spec-3967-55704-0733.fits
3967/spec-3967-55704-0734.fits
3967/spec-3967-55704-0735.fits
3967/spec-3967-55704-0736.fits
3967/spec-3967-55704-0737.fits
3967/spec-3967-55704-0738.fits
3967/spec-3967-55704-0739.fits
3967/spec-3967-55704-0740.fits
3967/spec-3967-55704-0741.fits
3967/spec-3967-55704-0742.fits
3967/spec-3967-55704-0743.fits
3967/spec-3967-55704-0744.fits
3967/spec-3967-55704-0745.fits
3967/spec-3967-55704-0746.fits
3967/spec-3967-55704-0747.fits
3967/spec-3967-55704-0748.fits
3967/spec-3967-55704-0749.fits
3967/spec-3967-55704-0750.fits
3967/spec-3967-55704-0751.fits
3967/spec-3967-55704-0752.fits
3967/spec-3967-55704-0753.fits
3967/spec-3967-55704-0754.fits
3967/spec-3967-55704-0755.fits
3967/spec-3967-55704-0756.fits
3967/spec-3967-55704-0757.fits
3967/spec-3967-55704-0758.fits
3967/spec-3967-55704-0759.fits
3967/spec-3967-55704-0760.fits
3967/spec-3967-55704-0761.fits
3967/spec-3967-55704-0762.fits
3967/spec-3967-55704-0763.fits
3967/spec-3967-55704-0764.fits
3967/spec-3967-55704-0765.fits
3967/spec-3967-55704-0766.fits
3967/spec-3967-55704-0767.fits
3967/spec-3967-55704-0768.fits
3967/spec-3967-55704-0769.fits
3967/spec-3967-55704-0770.fits
3967/spec-3967-55704-0771.fits
3967/spec-3967-55704-0772.fits
3967/spec-3967-55704-0773.fits
3967/spec-3967-55704-0774.fits
3967/spec-3967-55704-0775.fits
3967/spec-3967-55704-0776.fits
3967/spec-3967-55704-0777.fits
3967/spec-3967-55704-0778.fits
3967/spec-3967-55704-0779.fits
3967/spec-3967-55704-0780.fits
3967/spec-3967-55704-0781.fits
3967/spec-3967-55704-0782.fits
3967/spec-3967-55704-0783.fits
3967/spec-3967-55704-0784.fits
3967/spec-3967-55704-0785.fits
3967/spec-3967-55704-0786.fits
3967/spec-3967-55704-0787.fits
3967/spec-3967-55704-0788.fits
3967/spec-3967-55704-0789.fits
3967/spec-3967-55704-0790.fits
3967/spec-3967-55704-0791.fits
3967/spec-3967-55704-0792.fits
3967/spec-3967-55704-0793.fits
3967/spec-3967-55704-0794.fits
3967/spec-3967-55704-0795.fits
3967/spec-3967-55704-0796.fits
3967/spec-3967-55704-0797.fits
3967/spec-3967-55704-0798.fits
3967/spec-3967-55704-0799.fits
3967/spec-3967-55704-0800.fits
3967/spec-3967-55704-0801.fits
3967/spec-3967-55704-0802.fits
3967/spec-3967-55704-0803.fits
3967/spec-3967-55704-0804.fits
3967/spec-3967-55704-0805.fits
3967/spec-3967-55704-0806.fits
3967/spec-3967-55704-0807.fits
3967/spec-3967-55704-0808.fits
3967/spec-3967-55704-0809.fits
3967/spec-3967-55704-0810.fits
3967/spec-3967-55704-0811.fits
3967/spec-3967-55704-0812.fits
3967/spec-3967-55704-0813.fits
3967/spec-3967-55704-0814.fits
3967/spec-3967-55704-0815.fits
3967/spec-3967-55704-0816.fits
3967/spec-3967-55704-0817.fits
3967/spec-3967-55704-0818.fits
3967/spec-3967-55704-0819.fits
3967/spec-3967-55704-0820.fits
3967/spec-3967-55704-0821.fits
3967/spec-3967-55704-0822.fits
3967/spec-3967-55704-0823.fits
3967/spec-3967-55704-0824.fits
3967/spec-3967-55704-0825.fits
3967/spec-3967-55704-0826.fits
3967/spec-3967-55704-0827.fits
3967/spec-3967-55704-0828.fits
3967/spec-3967-55704-0829.fits
3967/spec-3967-55704-0830.fits
3967/spec-3967-55704-0831.fits
3967/spec-3967-55704-0832.fits
3967/spec-3967-55704-0833.fits
3967/spec-3967-55704-0834.fits
3967/spec-3967-55704-0835.fits
3967/spec-3967-55704-0836.fits
3967/spec-3967-55704-0837.fits
3967/spec-3967-55704-0838.fits
3967/spec-3967-55704-0839.fits
3967/spec-3967-55704-0840.fits
3967/spec-3967-55704-0841.fits
3967/spec-3967-55704-0842.fits
3967/spec-3967-55704-0843.fits
3967/spec-3967-55704-0844.fits
3967/spec-3967-55704-0845.fits
3967/spec-3967-55704-0846.fits
3967/spec-3967-55704-0847.fits
3967/spec-3967-55704-0848.fits
3967/spec-3967-55704-0849.fits
3967/spec-3967-55704-0850.fits
3967/spec-3967-55704-0851.fits
3967/spec-3967-55704-0852.fits
3967/spec-3967-55704-0853.fits
3967/spec-3967-55704-0854.fits
3967/spec-3967-55704-0855.fits
3967/spec-3967-55704-0856.fits
3967/spec-3967-55704-0857.fits
3967/spec-3967-55704-0858.fits
3967/spec-3967-55704-0859.fits
3967/spec-3967-55704-0860.fits
3967/spec-3967-55704-0861.fits
3967/spec-3967-55704-0862.fits
3967/spec-3967-55704-0863.fits
3967/spec-3967-55704-0864.fits
3967/spec-3967-55704-0865.fits
3967/spec-3967-55704-0866.fits
3967/spec-3967-55704-0867.fits
3967/spec-3967-55704-0868.fits
3967/spec-3967-55704-0869.fits
3967/spec-3967-55704-0870.fits
3967/spec-3967-55704-0871.fits
3967/spec-3967-55704-0872.fits
3967/spec-3967-55704-0873.fits
3967/spec-3967-55704-0874.fits
3967/spec-3967-55704-0875.fits
3967/spec-3967-55704-0876.fits
3967/spec-3967-55704-0877.fits
3967/spec-3967-55704-0878.fits
3967/spec-3967-55704-0879.fits
3967/spec-3967-55704-0880.fits
3967/spec-3967-55704-0881.fits
3967/spec-3967-55704-0882.fits
3967/spec-3967-55704-0883.fits
3967/spec-3967-55704-0884.fits
3967/spec-3967-55704-0885.fits
3967/spec-3967-55704-0886.fits
3967/spec-3967-55704-0887.fits
3967/spec-3967-55704-0888.fits
3967/spec-3967-55704-0889.fits
3967/spec-3967-55704-0890.fits
3967/spec-3967-55704-0891.fits
3967/spec-3967-55704-0892.fits
3967/spec-3967-55704-0893.fits
3967/spec-3967-55704-0894.fits
3967/spec-3967-55704-0895.fits
3967/spec-3967-55704-0896.fits
3967/spec-3967-55704-0897.fits
3967/spec-3967-55704-0898.fits
3967/spec-3967-55704-0899.fits
3967/spec-3967-55704-0900.fits
3967/spec-3967-55704-0901.fits
3967/spec-3967-55704-0902.fits
3967/spec-3967-55704-0903.fits
3967/spec-3967-55704-0904.fits
3967/spec-3967-55704-0905.fits
3967/spec-3967-55704-0906.fits
3967/spec-3967-55704-0907.fits
3967/spec-3967-55704-0908.fits
3967/spec-3967-55704-0909.fits
3967/spec-3967-55704-0910.fits
3967/spec-3967-55704-0911.fits
3967/spec-3967-55704-0912.fits
3967/spec-3967-55704-0913.fits
3967/spec-3967-55704-0914.fits
3967/spec-3967-55704-0915.fits
3967/spec-3967-55704-0916.fits
3967/spec-3967-55704-0917.fits
3967/spec-3967-55704-0918.fits
3967/spec-3967-55704-0919.fits
3967/spec-3967-55704-0920.fits
3967/spec-3967-55704-0921.fits
3967/spec-3967-55704-0922.fits
3967/spec-3967-55704-0923.fits
3967/spec-3967-55704-0924.fits
3967/spec-3967-55704-0925.fits
3967/spec-3967-55704-0926.fits
3967/spec-3967-55704-0927.fits
3967/spec-3967-55704-0928.fits
3967/spec-3967-55704-0929.fits
3967/spec-3967-55704-0930.fits
3967/spec-3967-55704-0931.fits
3967/spec-3967-55704-0932.fits
3967/spec-3967-55704-0933.fits
3967/spec-3967-55704-0934.fits
3967/spec-3967-55704-0935.fits
3967/spec-3967-55704-0936.fits
3967/spec-3967-55704-0937.fits
3967/spec-3967-55704-0938.fits
3967/spec-3967-55704-0939.fits
3967/spec-3967-55704-0940.fits
3967/spec-3967-55704-0941.fits
3967/spec-3967-55704-0942.fits
3967/spec-3967-55704-0943.fits
3967/spec-3967-55704-0944.fits
3967/spec-3967-55704-0945.fits
3967/spec-3967-55704-0946.fits
3967/spec-3967-55704-0947.fits
3967/spec-3967-55704-0948.fits
3967/spec-3967-55704-0949.fits
3967/spec-3967-55704-0950.fits
3967/spec-3967-55704-0951.fits
3967/spec-3967-55704-0952.fits
3967/spec-3967-55704-0953.fits
3967/spec-3967-55704-0954.fits
3967/spec-3967-55704-0955.fits
3967/spec-3967-55704-0956.fits
3967/spec-3967-55704-0957.fits
3967/spec-3967-55704-0958.fits
3967/spec-3967-55704-0959.fits
3967/spec-3967-55704-0960.fits
3967/spec-3967-55704-0961.fits
3967/spec-3967-55704-0962.fits
3967/spec-3967-55704-0963.fits
3967/spec-3967-55704-0964.fits
3967/spec-3967-55704-0965.fits
3967/spec-3967-55704-0966.fits
3967/spec-3967-55704-0967.fits
3967/spec-3967-55704-0968.fits
3967/spec-3967-55704-0969.fits
3967/spec-3967-55704-0970.fits
3967/spec-3967-55704-0971.fits
3967/spec-3967-55704-0972.fits
3967/spec-3967-55704-0973.fits
3967/spec-3967-55704-0974.fits
3967/spec-3967-55704-0975.fits
3967/spec-3967-55704-0976.fits
3967/spec-3967-55704-0977.fits
3967/spec-3967-55704-0978.fits
3967/spec-3967-55704-0979.fits
3967/spec-3967-55704-0980.fits
3967/spec-3967-55704-0981.fits
3967/spec-3967-55704-0982.fits
3967/spec-3967-55704-0983.fits
3967/spec-3967-55704-0984.fits
3967/spec-3967-55704-0985.fits
3967/spec-3967-55704-0986.fits
3967/spec-3967-55704-0987.fits
3967/spec-3967-55704-0988.fits
3967/spec-3967-55704-0989.fits
3967/spec-3967-55704-0990.fits
3967/spec-3967-55704-0991.fits
3967/spec-3967-55704-0992.fits
3967/spec-3967-55704-0993.fits
3967/spec-3967-55704-0994.fits
3967/spec-3967-55704-0995.fits
3967/spec-3967-55704-0996.fits
3967/spec-3967-55704-0997.fits
3967/spec-3967-55704-0998.fits
3967/spec-3967-55704-0999.fits
3967/spec-3967-55704-1000.fits
/var/lib/condor/execute/slot1/dir_26851
3967 3967.tgz R R361.tar.gz _condor_stderr _condor_stdout cB58_Lyman_break.fit condor_exec.exe hw4.R packages packages.tar.gz tmp var
[1] "Loaded package astro."
[1] 1000
3967 3967.csv 3967.tgz R R361.tar.gz _condor_stderr _condor_stdout cB58_Lyman_break.fit condor_exec.exe hw4.R packages packages.tar.gz tmp var
