7087
7087/
7087/spec-7087-56637-0001.fits
7087/spec-7087-56637-0002.fits
7087/spec-7087-56637-0003.fits
7087/spec-7087-56637-0004.fits
7087/spec-7087-56637-0005.fits
7087/spec-7087-56637-0006.fits
7087/spec-7087-56637-0007.fits
7087/spec-7087-56637-0008.fits
7087/spec-7087-56637-0009.fits
7087/spec-7087-56637-0010.fits
7087/spec-7087-56637-0011.fits
7087/spec-7087-56637-0012.fits
7087/spec-7087-56637-0013.fits
7087/spec-7087-56637-0014.fits
7087/spec-7087-56637-0015.fits
7087/spec-7087-56637-0016.fits
7087/spec-7087-56637-0017.fits
7087/spec-7087-56637-0018.fits
7087/spec-7087-56637-0019.fits
7087/spec-7087-56637-0020.fits
7087/spec-7087-56637-0021.fits
7087/spec-7087-56637-0022.fits
7087/spec-7087-56637-0023.fits
7087/spec-7087-56637-0024.fits
7087/spec-7087-56637-0025.fits
7087/spec-7087-56637-0026.fits
7087/spec-7087-56637-0027.fits
7087/spec-7087-56637-0028.fits
7087/spec-7087-56637-0029.fits
7087/spec-7087-56637-0030.fits
7087/spec-7087-56637-0031.fits
7087/spec-7087-56637-0032.fits
7087/spec-7087-56637-0033.fits
7087/spec-7087-56637-0034.fits
7087/spec-7087-56637-0035.fits
7087/spec-7087-56637-0036.fits
7087/spec-7087-56637-0037.fits
7087/spec-7087-56637-0038.fits
7087/spec-7087-56637-0039.fits
7087/spec-7087-56637-0040.fits
7087/spec-7087-56637-0041.fits
7087/spec-7087-56637-0042.fits
7087/spec-7087-56637-0043.fits
7087/spec-7087-56637-0044.fits
7087/spec-7087-56637-0045.fits
7087/spec-7087-56637-0046.fits
7087/spec-7087-56637-0047.fits
7087/spec-7087-56637-0048.fits
7087/spec-7087-56637-0049.fits
7087/spec-7087-56637-0050.fits
7087/spec-7087-56637-0051.fits
7087/spec-7087-56637-0052.fits
7087/spec-7087-56637-0053.fits
7087/spec-7087-56637-0054.fits
7087/spec-7087-56637-0055.fits
7087/spec-7087-56637-0056.fits
7087/spec-7087-56637-0057.fits
7087/spec-7087-56637-0058.fits
7087/spec-7087-56637-0059.fits
7087/spec-7087-56637-0060.fits
7087/spec-7087-56637-0061.fits
7087/spec-7087-56637-0062.fits
7087/spec-7087-56637-0063.fits
7087/spec-7087-56637-0064.fits
7087/spec-7087-56637-0065.fits
7087/spec-7087-56637-0066.fits
7087/spec-7087-56637-0067.fits
7087/spec-7087-56637-0068.fits
7087/spec-7087-56637-0069.fits
7087/spec-7087-56637-0070.fits
7087/spec-7087-56637-0071.fits
7087/spec-7087-56637-0072.fits
7087/spec-7087-56637-0073.fits
7087/spec-7087-56637-0074.fits
7087/spec-7087-56637-0075.fits
7087/spec-7087-56637-0076.fits
7087/spec-7087-56637-0077.fits
7087/spec-7087-56637-0078.fits
7087/spec-7087-56637-0079.fits
7087/spec-7087-56637-0080.fits
7087/spec-7087-56637-0081.fits
7087/spec-7087-56637-0082.fits
7087/spec-7087-56637-0083.fits
7087/spec-7087-56637-0084.fits
7087/spec-7087-56637-0085.fits
7087/spec-7087-56637-0086.fits
7087/spec-7087-56637-0087.fits
7087/spec-7087-56637-0088.fits
7087/spec-7087-56637-0089.fits
7087/spec-7087-56637-0090.fits
7087/spec-7087-56637-0091.fits
7087/spec-7087-56637-0092.fits
7087/spec-7087-56637-0093.fits
7087/spec-7087-56637-0094.fits
7087/spec-7087-56637-0095.fits
7087/spec-7087-56637-0096.fits
7087/spec-7087-56637-0097.fits
7087/spec-7087-56637-0098.fits
7087/spec-7087-56637-0099.fits
7087/spec-7087-56637-0100.fits
7087/spec-7087-56637-0101.fits
7087/spec-7087-56637-0102.fits
7087/spec-7087-56637-0103.fits
7087/spec-7087-56637-0104.fits
7087/spec-7087-56637-0105.fits
7087/spec-7087-56637-0106.fits
7087/spec-7087-56637-0107.fits
7087/spec-7087-56637-0108.fits
7087/spec-7087-56637-0109.fits
7087/spec-7087-56637-0110.fits
7087/spec-7087-56637-0111.fits
7087/spec-7087-56637-0112.fits
7087/spec-7087-56637-0113.fits
7087/spec-7087-56637-0114.fits
7087/spec-7087-56637-0115.fits
7087/spec-7087-56637-0116.fits
7087/spec-7087-56637-0117.fits
7087/spec-7087-56637-0118.fits
7087/spec-7087-56637-0119.fits
7087/spec-7087-56637-0120.fits
7087/spec-7087-56637-0121.fits
7087/spec-7087-56637-0122.fits
7087/spec-7087-56637-0123.fits
7087/spec-7087-56637-0124.fits
7087/spec-7087-56637-0125.fits
7087/spec-7087-56637-0126.fits
7087/spec-7087-56637-0127.fits
7087/spec-7087-56637-0128.fits
7087/spec-7087-56637-0129.fits
7087/spec-7087-56637-0130.fits
7087/spec-7087-56637-0131.fits
7087/spec-7087-56637-0132.fits
7087/spec-7087-56637-0133.fits
7087/spec-7087-56637-0134.fits
7087/spec-7087-56637-0135.fits
7087/spec-7087-56637-0136.fits
7087/spec-7087-56637-0137.fits
7087/spec-7087-56637-0138.fits
7087/spec-7087-56637-0139.fits
7087/spec-7087-56637-0140.fits
7087/spec-7087-56637-0141.fits
7087/spec-7087-56637-0142.fits
7087/spec-7087-56637-0143.fits
7087/spec-7087-56637-0144.fits
7087/spec-7087-56637-0145.fits
7087/spec-7087-56637-0146.fits
7087/spec-7087-56637-0147.fits
7087/spec-7087-56637-0148.fits
7087/spec-7087-56637-0149.fits
7087/spec-7087-56637-0150.fits
7087/spec-7087-56637-0151.fits
7087/spec-7087-56637-0152.fits
7087/spec-7087-56637-0153.fits
7087/spec-7087-56637-0154.fits
7087/spec-7087-56637-0155.fits
7087/spec-7087-56637-0156.fits
7087/spec-7087-56637-0157.fits
7087/spec-7087-56637-0158.fits
7087/spec-7087-56637-0159.fits
7087/spec-7087-56637-0160.fits
7087/spec-7087-56637-0161.fits
7087/spec-7087-56637-0162.fits
7087/spec-7087-56637-0163.fits
7087/spec-7087-56637-0164.fits
7087/spec-7087-56637-0165.fits
7087/spec-7087-56637-0166.fits
7087/spec-7087-56637-0167.fits
7087/spec-7087-56637-0168.fits
7087/spec-7087-56637-0169.fits
7087/spec-7087-56637-0170.fits
7087/spec-7087-56637-0171.fits
7087/spec-7087-56637-0172.fits
7087/spec-7087-56637-0173.fits
7087/spec-7087-56637-0174.fits
7087/spec-7087-56637-0175.fits
7087/spec-7087-56637-0176.fits
7087/spec-7087-56637-0177.fits
7087/spec-7087-56637-0178.fits
7087/spec-7087-56637-0179.fits
7087/spec-7087-56637-0180.fits
7087/spec-7087-56637-0181.fits
7087/spec-7087-56637-0182.fits
7087/spec-7087-56637-0183.fits
7087/spec-7087-56637-0184.fits
7087/spec-7087-56637-0185.fits
7087/spec-7087-56637-0186.fits
7087/spec-7087-56637-0187.fits
7087/spec-7087-56637-0188.fits
7087/spec-7087-56637-0189.fits
7087/spec-7087-56637-0190.fits
7087/spec-7087-56637-0191.fits
7087/spec-7087-56637-0192.fits
7087/spec-7087-56637-0193.fits
7087/spec-7087-56637-0194.fits
7087/spec-7087-56637-0195.fits
7087/spec-7087-56637-0196.fits
7087/spec-7087-56637-0197.fits
7087/spec-7087-56637-0198.fits
7087/spec-7087-56637-0199.fits
7087/spec-7087-56637-0200.fits
7087/spec-7087-56637-0201.fits
7087/spec-7087-56637-0202.fits
7087/spec-7087-56637-0203.fits
7087/spec-7087-56637-0204.fits
7087/spec-7087-56637-0205.fits
7087/spec-7087-56637-0206.fits
7087/spec-7087-56637-0207.fits
7087/spec-7087-56637-0208.fits
7087/spec-7087-56637-0209.fits
7087/spec-7087-56637-0210.fits
7087/spec-7087-56637-0211.fits
7087/spec-7087-56637-0212.fits
7087/spec-7087-56637-0213.fits
7087/spec-7087-56637-0214.fits
7087/spec-7087-56637-0215.fits
7087/spec-7087-56637-0216.fits
7087/spec-7087-56637-0217.fits
7087/spec-7087-56637-0218.fits
7087/spec-7087-56637-0219.fits
7087/spec-7087-56637-0220.fits
7087/spec-7087-56637-0221.fits
7087/spec-7087-56637-0222.fits
7087/spec-7087-56637-0223.fits
7087/spec-7087-56637-0224.fits
7087/spec-7087-56637-0225.fits
7087/spec-7087-56637-0226.fits
7087/spec-7087-56637-0227.fits
7087/spec-7087-56637-0228.fits
7087/spec-7087-56637-0229.fits
7087/spec-7087-56637-0230.fits
7087/spec-7087-56637-0231.fits
7087/spec-7087-56637-0232.fits
7087/spec-7087-56637-0233.fits
7087/spec-7087-56637-0234.fits
7087/spec-7087-56637-0235.fits
7087/spec-7087-56637-0236.fits
7087/spec-7087-56637-0237.fits
7087/spec-7087-56637-0238.fits
7087/spec-7087-56637-0239.fits
7087/spec-7087-56637-0240.fits
7087/spec-7087-56637-0241.fits
7087/spec-7087-56637-0242.fits
7087/spec-7087-56637-0243.fits
7087/spec-7087-56637-0244.fits
7087/spec-7087-56637-0245.fits
7087/spec-7087-56637-0246.fits
7087/spec-7087-56637-0247.fits
7087/spec-7087-56637-0248.fits
7087/spec-7087-56637-0249.fits
7087/spec-7087-56637-0250.fits
7087/spec-7087-56637-0251.fits
7087/spec-7087-56637-0252.fits
7087/spec-7087-56637-0253.fits
7087/spec-7087-56637-0254.fits
7087/spec-7087-56637-0255.fits
7087/spec-7087-56637-0256.fits
7087/spec-7087-56637-0257.fits
7087/spec-7087-56637-0258.fits
7087/spec-7087-56637-0259.fits
7087/spec-7087-56637-0260.fits
7087/spec-7087-56637-0261.fits
7087/spec-7087-56637-0262.fits
7087/spec-7087-56637-0263.fits
7087/spec-7087-56637-0264.fits
7087/spec-7087-56637-0265.fits
7087/spec-7087-56637-0266.fits
7087/spec-7087-56637-0267.fits
7087/spec-7087-56637-0268.fits
7087/spec-7087-56637-0269.fits
7087/spec-7087-56637-0270.fits
7087/spec-7087-56637-0271.fits
7087/spec-7087-56637-0272.fits
7087/spec-7087-56637-0273.fits
7087/spec-7087-56637-0274.fits
7087/spec-7087-56637-0275.fits
7087/spec-7087-56637-0276.fits
7087/spec-7087-56637-0277.fits
7087/spec-7087-56637-0278.fits
7087/spec-7087-56637-0279.fits
7087/spec-7087-56637-0280.fits
7087/spec-7087-56637-0281.fits
7087/spec-7087-56637-0282.fits
7087/spec-7087-56637-0283.fits
7087/spec-7087-56637-0284.fits
7087/spec-7087-56637-0285.fits
7087/spec-7087-56637-0286.fits
7087/spec-7087-56637-0287.fits
7087/spec-7087-56637-0288.fits
7087/spec-7087-56637-0289.fits
7087/spec-7087-56637-0290.fits
7087/spec-7087-56637-0291.fits
7087/spec-7087-56637-0292.fits
7087/spec-7087-56637-0293.fits
7087/spec-7087-56637-0294.fits
7087/spec-7087-56637-0295.fits
7087/spec-7087-56637-0296.fits
7087/spec-7087-56637-0297.fits
7087/spec-7087-56637-0298.fits
7087/spec-7087-56637-0299.fits
7087/spec-7087-56637-0300.fits
7087/spec-7087-56637-0301.fits
7087/spec-7087-56637-0302.fits
7087/spec-7087-56637-0303.fits
7087/spec-7087-56637-0304.fits
7087/spec-7087-56637-0305.fits
7087/spec-7087-56637-0306.fits
7087/spec-7087-56637-0307.fits
7087/spec-7087-56637-0308.fits
7087/spec-7087-56637-0309.fits
7087/spec-7087-56637-0310.fits
7087/spec-7087-56637-0311.fits
7087/spec-7087-56637-0312.fits
7087/spec-7087-56637-0313.fits
7087/spec-7087-56637-0314.fits
7087/spec-7087-56637-0315.fits
7087/spec-7087-56637-0316.fits
7087/spec-7087-56637-0317.fits
7087/spec-7087-56637-0318.fits
7087/spec-7087-56637-0319.fits
7087/spec-7087-56637-0320.fits
7087/spec-7087-56637-0321.fits
7087/spec-7087-56637-0322.fits
7087/spec-7087-56637-0323.fits
7087/spec-7087-56637-0324.fits
7087/spec-7087-56637-0325.fits
7087/spec-7087-56637-0326.fits
7087/spec-7087-56637-0327.fits
7087/spec-7087-56637-0328.fits
7087/spec-7087-56637-0329.fits
7087/spec-7087-56637-0330.fits
7087/spec-7087-56637-0331.fits
7087/spec-7087-56637-0332.fits
7087/spec-7087-56637-0333.fits
7087/spec-7087-56637-0334.fits
7087/spec-7087-56637-0335.fits
7087/spec-7087-56637-0336.fits
7087/spec-7087-56637-0337.fits
7087/spec-7087-56637-0338.fits
7087/spec-7087-56637-0339.fits
7087/spec-7087-56637-0340.fits
7087/spec-7087-56637-0341.fits
7087/spec-7087-56637-0342.fits
7087/spec-7087-56637-0343.fits
7087/spec-7087-56637-0344.fits
7087/spec-7087-56637-0345.fits
7087/spec-7087-56637-0346.fits
7087/spec-7087-56637-0347.fits
7087/spec-7087-56637-0348.fits
7087/spec-7087-56637-0349.fits
7087/spec-7087-56637-0350.fits
7087/spec-7087-56637-0351.fits
7087/spec-7087-56637-0352.fits
7087/spec-7087-56637-0353.fits
7087/spec-7087-56637-0354.fits
7087/spec-7087-56637-0355.fits
7087/spec-7087-56637-0356.fits
7087/spec-7087-56637-0357.fits
7087/spec-7087-56637-0358.fits
7087/spec-7087-56637-0359.fits
7087/spec-7087-56637-0360.fits
7087/spec-7087-56637-0361.fits
7087/spec-7087-56637-0362.fits
7087/spec-7087-56637-0363.fits
7087/spec-7087-56637-0364.fits
7087/spec-7087-56637-0365.fits
7087/spec-7087-56637-0366.fits
7087/spec-7087-56637-0367.fits
7087/spec-7087-56637-0368.fits
7087/spec-7087-56637-0369.fits
7087/spec-7087-56637-0370.fits
7087/spec-7087-56637-0371.fits
7087/spec-7087-56637-0372.fits
7087/spec-7087-56637-0373.fits
7087/spec-7087-56637-0374.fits
7087/spec-7087-56637-0375.fits
7087/spec-7087-56637-0376.fits
7087/spec-7087-56637-0377.fits
7087/spec-7087-56637-0378.fits
7087/spec-7087-56637-0379.fits
7087/spec-7087-56637-0380.fits
7087/spec-7087-56637-0381.fits
7087/spec-7087-56637-0382.fits
7087/spec-7087-56637-0383.fits
7087/spec-7087-56637-0384.fits
7087/spec-7087-56637-0385.fits
7087/spec-7087-56637-0386.fits
7087/spec-7087-56637-0387.fits
7087/spec-7087-56637-0388.fits
7087/spec-7087-56637-0389.fits
7087/spec-7087-56637-0390.fits
7087/spec-7087-56637-0391.fits
7087/spec-7087-56637-0392.fits
7087/spec-7087-56637-0393.fits
7087/spec-7087-56637-0394.fits
7087/spec-7087-56637-0395.fits
7087/spec-7087-56637-0396.fits
7087/spec-7087-56637-0397.fits
7087/spec-7087-56637-0398.fits
7087/spec-7087-56637-0399.fits
7087/spec-7087-56637-0400.fits
7087/spec-7087-56637-0401.fits
7087/spec-7087-56637-0402.fits
7087/spec-7087-56637-0403.fits
7087/spec-7087-56637-0404.fits
7087/spec-7087-56637-0405.fits
7087/spec-7087-56637-0406.fits
7087/spec-7087-56637-0407.fits
7087/spec-7087-56637-0408.fits
7087/spec-7087-56637-0409.fits
7087/spec-7087-56637-0410.fits
7087/spec-7087-56637-0411.fits
7087/spec-7087-56637-0412.fits
7087/spec-7087-56637-0413.fits
7087/spec-7087-56637-0414.fits
7087/spec-7087-56637-0415.fits
7087/spec-7087-56637-0416.fits
7087/spec-7087-56637-0417.fits
7087/spec-7087-56637-0418.fits
7087/spec-7087-56637-0419.fits
7087/spec-7087-56637-0420.fits
7087/spec-7087-56637-0421.fits
7087/spec-7087-56637-0422.fits
7087/spec-7087-56637-0423.fits
7087/spec-7087-56637-0424.fits
7087/spec-7087-56637-0425.fits
7087/spec-7087-56637-0426.fits
7087/spec-7087-56637-0427.fits
7087/spec-7087-56637-0428.fits
7087/spec-7087-56637-0429.fits
7087/spec-7087-56637-0430.fits
7087/spec-7087-56637-0431.fits
7087/spec-7087-56637-0432.fits
7087/spec-7087-56637-0433.fits
7087/spec-7087-56637-0434.fits
7087/spec-7087-56637-0435.fits
7087/spec-7087-56637-0436.fits
7087/spec-7087-56637-0437.fits
7087/spec-7087-56637-0438.fits
7087/spec-7087-56637-0439.fits
7087/spec-7087-56637-0440.fits
7087/spec-7087-56637-0441.fits
7087/spec-7087-56637-0442.fits
7087/spec-7087-56637-0443.fits
7087/spec-7087-56637-0444.fits
7087/spec-7087-56637-0445.fits
7087/spec-7087-56637-0446.fits
7087/spec-7087-56637-0447.fits
7087/spec-7087-56637-0448.fits
7087/spec-7087-56637-0449.fits
7087/spec-7087-56637-0450.fits
7087/spec-7087-56637-0451.fits
7087/spec-7087-56637-0452.fits
7087/spec-7087-56637-0453.fits
7087/spec-7087-56637-0454.fits
7087/spec-7087-56637-0455.fits
7087/spec-7087-56637-0456.fits
7087/spec-7087-56637-0457.fits
7087/spec-7087-56637-0458.fits
7087/spec-7087-56637-0459.fits
7087/spec-7087-56637-0460.fits
7087/spec-7087-56637-0461.fits
7087/spec-7087-56637-0462.fits
7087/spec-7087-56637-0463.fits
7087/spec-7087-56637-0464.fits
7087/spec-7087-56637-0465.fits
7087/spec-7087-56637-0466.fits
7087/spec-7087-56637-0467.fits
7087/spec-7087-56637-0468.fits
7087/spec-7087-56637-0469.fits
7087/spec-7087-56637-0470.fits
7087/spec-7087-56637-0471.fits
7087/spec-7087-56637-0472.fits
7087/spec-7087-56637-0473.fits
7087/spec-7087-56637-0474.fits
7087/spec-7087-56637-0475.fits
7087/spec-7087-56637-0476.fits
7087/spec-7087-56637-0477.fits
7087/spec-7087-56637-0478.fits
7087/spec-7087-56637-0479.fits
7087/spec-7087-56637-0480.fits
7087/spec-7087-56637-0481.fits
7087/spec-7087-56637-0482.fits
7087/spec-7087-56637-0483.fits
7087/spec-7087-56637-0484.fits
7087/spec-7087-56637-0485.fits
7087/spec-7087-56637-0486.fits
7087/spec-7087-56637-0487.fits
7087/spec-7087-56637-0488.fits
7087/spec-7087-56637-0489.fits
7087/spec-7087-56637-0490.fits
7087/spec-7087-56637-0491.fits
7087/spec-7087-56637-0492.fits
7087/spec-7087-56637-0493.fits
7087/spec-7087-56637-0494.fits
7087/spec-7087-56637-0495.fits
7087/spec-7087-56637-0496.fits
7087/spec-7087-56637-0497.fits
7087/spec-7087-56637-0498.fits
7087/spec-7087-56637-0499.fits
7087/spec-7087-56637-0500.fits
7087/spec-7087-56637-0501.fits
7087/spec-7087-56637-0502.fits
7087/spec-7087-56637-0503.fits
7087/spec-7087-56637-0504.fits
7087/spec-7087-56637-0505.fits
7087/spec-7087-56637-0506.fits
7087/spec-7087-56637-0507.fits
7087/spec-7087-56637-0508.fits
7087/spec-7087-56637-0509.fits
7087/spec-7087-56637-0510.fits
7087/spec-7087-56637-0511.fits
7087/spec-7087-56637-0512.fits
7087/spec-7087-56637-0513.fits
7087/spec-7087-56637-0514.fits
7087/spec-7087-56637-0515.fits
7087/spec-7087-56637-0516.fits
7087/spec-7087-56637-0517.fits
7087/spec-7087-56637-0518.fits
7087/spec-7087-56637-0519.fits
7087/spec-7087-56637-0520.fits
7087/spec-7087-56637-0521.fits
7087/spec-7087-56637-0522.fits
7087/spec-7087-56637-0523.fits
7087/spec-7087-56637-0524.fits
7087/spec-7087-56637-0525.fits
7087/spec-7087-56637-0526.fits
7087/spec-7087-56637-0527.fits
7087/spec-7087-56637-0528.fits
7087/spec-7087-56637-0529.fits
7087/spec-7087-56637-0530.fits
7087/spec-7087-56637-0531.fits
7087/spec-7087-56637-0532.fits
7087/spec-7087-56637-0533.fits
7087/spec-7087-56637-0534.fits
7087/spec-7087-56637-0535.fits
7087/spec-7087-56637-0536.fits
7087/spec-7087-56637-0537.fits
7087/spec-7087-56637-0538.fits
7087/spec-7087-56637-0539.fits
7087/spec-7087-56637-0540.fits
7087/spec-7087-56637-0541.fits
7087/spec-7087-56637-0542.fits
7087/spec-7087-56637-0543.fits
7087/spec-7087-56637-0544.fits
7087/spec-7087-56637-0545.fits
7087/spec-7087-56637-0546.fits
7087/spec-7087-56637-0547.fits
7087/spec-7087-56637-0548.fits
7087/spec-7087-56637-0549.fits
7087/spec-7087-56637-0550.fits
7087/spec-7087-56637-0551.fits
7087/spec-7087-56637-0552.fits
7087/spec-7087-56637-0553.fits
7087/spec-7087-56637-0554.fits
7087/spec-7087-56637-0555.fits
7087/spec-7087-56637-0556.fits
7087/spec-7087-56637-0557.fits
7087/spec-7087-56637-0558.fits
7087/spec-7087-56637-0559.fits
7087/spec-7087-56637-0560.fits
7087/spec-7087-56637-0561.fits
7087/spec-7087-56637-0562.fits
7087/spec-7087-56637-0563.fits
7087/spec-7087-56637-0564.fits
7087/spec-7087-56637-0565.fits
7087/spec-7087-56637-0566.fits
7087/spec-7087-56637-0567.fits
7087/spec-7087-56637-0568.fits
7087/spec-7087-56637-0569.fits
7087/spec-7087-56637-0570.fits
7087/spec-7087-56637-0571.fits
7087/spec-7087-56637-0572.fits
7087/spec-7087-56637-0573.fits
7087/spec-7087-56637-0574.fits
7087/spec-7087-56637-0575.fits
7087/spec-7087-56637-0576.fits
7087/spec-7087-56637-0577.fits
7087/spec-7087-56637-0578.fits
7087/spec-7087-56637-0579.fits
7087/spec-7087-56637-0580.fits
7087/spec-7087-56637-0581.fits
7087/spec-7087-56637-0582.fits
7087/spec-7087-56637-0583.fits
7087/spec-7087-56637-0584.fits
7087/spec-7087-56637-0585.fits
7087/spec-7087-56637-0586.fits
7087/spec-7087-56637-0587.fits
7087/spec-7087-56637-0588.fits
7087/spec-7087-56637-0589.fits
7087/spec-7087-56637-0590.fits
7087/spec-7087-56637-0591.fits
7087/spec-7087-56637-0592.fits
7087/spec-7087-56637-0593.fits
7087/spec-7087-56637-0594.fits
7087/spec-7087-56637-0595.fits
7087/spec-7087-56637-0596.fits
7087/spec-7087-56637-0597.fits
7087/spec-7087-56637-0598.fits
7087/spec-7087-56637-0599.fits
7087/spec-7087-56637-0600.fits
7087/spec-7087-56637-0601.fits
7087/spec-7087-56637-0602.fits
7087/spec-7087-56637-0603.fits
7087/spec-7087-56637-0604.fits
7087/spec-7087-56637-0605.fits
7087/spec-7087-56637-0606.fits
7087/spec-7087-56637-0607.fits
7087/spec-7087-56637-0608.fits
7087/spec-7087-56637-0609.fits
7087/spec-7087-56637-0610.fits
7087/spec-7087-56637-0611.fits
7087/spec-7087-56637-0612.fits
7087/spec-7087-56637-0613.fits
7087/spec-7087-56637-0614.fits
7087/spec-7087-56637-0615.fits
7087/spec-7087-56637-0616.fits
7087/spec-7087-56637-0617.fits
7087/spec-7087-56637-0618.fits
7087/spec-7087-56637-0619.fits
7087/spec-7087-56637-0620.fits
7087/spec-7087-56637-0621.fits
7087/spec-7087-56637-0622.fits
7087/spec-7087-56637-0623.fits
7087/spec-7087-56637-0624.fits
7087/spec-7087-56637-0625.fits
7087/spec-7087-56637-0626.fits
7087/spec-7087-56637-0627.fits
7087/spec-7087-56637-0628.fits
7087/spec-7087-56637-0629.fits
7087/spec-7087-56637-0630.fits
7087/spec-7087-56637-0631.fits
7087/spec-7087-56637-0632.fits
7087/spec-7087-56637-0633.fits
7087/spec-7087-56637-0634.fits
7087/spec-7087-56637-0635.fits
7087/spec-7087-56637-0636.fits
7087/spec-7087-56637-0637.fits
7087/spec-7087-56637-0638.fits
7087/spec-7087-56637-0639.fits
7087/spec-7087-56637-0640.fits
7087/spec-7087-56637-0641.fits
7087/spec-7087-56637-0642.fits
7087/spec-7087-56637-0643.fits
7087/spec-7087-56637-0644.fits
7087/spec-7087-56637-0645.fits
7087/spec-7087-56637-0646.fits
7087/spec-7087-56637-0647.fits
7087/spec-7087-56637-0648.fits
7087/spec-7087-56637-0649.fits
7087/spec-7087-56637-0650.fits
7087/spec-7087-56637-0651.fits
7087/spec-7087-56637-0652.fits
7087/spec-7087-56637-0653.fits
7087/spec-7087-56637-0654.fits
7087/spec-7087-56637-0655.fits
7087/spec-7087-56637-0656.fits
7087/spec-7087-56637-0657.fits
7087/spec-7087-56637-0658.fits
7087/spec-7087-56637-0659.fits
7087/spec-7087-56637-0660.fits
7087/spec-7087-56637-0661.fits
7087/spec-7087-56637-0662.fits
7087/spec-7087-56637-0663.fits
7087/spec-7087-56637-0664.fits
7087/spec-7087-56637-0665.fits
7087/spec-7087-56637-0666.fits
7087/spec-7087-56637-0667.fits
7087/spec-7087-56637-0668.fits
7087/spec-7087-56637-0669.fits
7087/spec-7087-56637-0670.fits
7087/spec-7087-56637-0671.fits
7087/spec-7087-56637-0672.fits
7087/spec-7087-56637-0673.fits
7087/spec-7087-56637-0674.fits
7087/spec-7087-56637-0675.fits
7087/spec-7087-56637-0676.fits
7087/spec-7087-56637-0677.fits
7087/spec-7087-56637-0678.fits
7087/spec-7087-56637-0679.fits
7087/spec-7087-56637-0680.fits
7087/spec-7087-56637-0681.fits
7087/spec-7087-56637-0682.fits
7087/spec-7087-56637-0683.fits
7087/spec-7087-56637-0684.fits
7087/spec-7087-56637-0685.fits
7087/spec-7087-56637-0686.fits
7087/spec-7087-56637-0687.fits
7087/spec-7087-56637-0688.fits
7087/spec-7087-56637-0689.fits
7087/spec-7087-56637-0690.fits
7087/spec-7087-56637-0691.fits
7087/spec-7087-56637-0692.fits
7087/spec-7087-56637-0693.fits
7087/spec-7087-56637-0694.fits
7087/spec-7087-56637-0695.fits
7087/spec-7087-56637-0696.fits
7087/spec-7087-56637-0697.fits
7087/spec-7087-56637-0698.fits
7087/spec-7087-56637-0699.fits
7087/spec-7087-56637-0700.fits
7087/spec-7087-56637-0701.fits
7087/spec-7087-56637-0702.fits
7087/spec-7087-56637-0703.fits
7087/spec-7087-56637-0704.fits
7087/spec-7087-56637-0705.fits
7087/spec-7087-56637-0706.fits
7087/spec-7087-56637-0707.fits
7087/spec-7087-56637-0708.fits
7087/spec-7087-56637-0709.fits
7087/spec-7087-56637-0710.fits
7087/spec-7087-56637-0711.fits
7087/spec-7087-56637-0712.fits
7087/spec-7087-56637-0713.fits
7087/spec-7087-56637-0714.fits
7087/spec-7087-56637-0715.fits
7087/spec-7087-56637-0716.fits
7087/spec-7087-56637-0717.fits
7087/spec-7087-56637-0718.fits
7087/spec-7087-56637-0719.fits
7087/spec-7087-56637-0720.fits
7087/spec-7087-56637-0721.fits
7087/spec-7087-56637-0722.fits
7087/spec-7087-56637-0723.fits
7087/spec-7087-56637-0724.fits
7087/spec-7087-56637-0725.fits
7087/spec-7087-56637-0726.fits
7087/spec-7087-56637-0727.fits
7087/spec-7087-56637-0728.fits
7087/spec-7087-56637-0729.fits
7087/spec-7087-56637-0730.fits
7087/spec-7087-56637-0731.fits
7087/spec-7087-56637-0732.fits
7087/spec-7087-56637-0733.fits
7087/spec-7087-56637-0734.fits
7087/spec-7087-56637-0735.fits
7087/spec-7087-56637-0736.fits
7087/spec-7087-56637-0737.fits
7087/spec-7087-56637-0738.fits
7087/spec-7087-56637-0739.fits
7087/spec-7087-56637-0740.fits
7087/spec-7087-56637-0741.fits
7087/spec-7087-56637-0742.fits
7087/spec-7087-56637-0743.fits
7087/spec-7087-56637-0744.fits
7087/spec-7087-56637-0745.fits
7087/spec-7087-56637-0746.fits
7087/spec-7087-56637-0747.fits
7087/spec-7087-56637-0748.fits
7087/spec-7087-56637-0749.fits
7087/spec-7087-56637-0750.fits
7087/spec-7087-56637-0751.fits
7087/spec-7087-56637-0752.fits
7087/spec-7087-56637-0753.fits
7087/spec-7087-56637-0754.fits
7087/spec-7087-56637-0755.fits
7087/spec-7087-56637-0756.fits
7087/spec-7087-56637-0757.fits
7087/spec-7087-56637-0758.fits
7087/spec-7087-56637-0759.fits
7087/spec-7087-56637-0760.fits
7087/spec-7087-56637-0761.fits
7087/spec-7087-56637-0762.fits
7087/spec-7087-56637-0763.fits
7087/spec-7087-56637-0764.fits
7087/spec-7087-56637-0765.fits
7087/spec-7087-56637-0766.fits
7087/spec-7087-56637-0767.fits
7087/spec-7087-56637-0768.fits
7087/spec-7087-56637-0769.fits
7087/spec-7087-56637-0770.fits
7087/spec-7087-56637-0771.fits
7087/spec-7087-56637-0772.fits
7087/spec-7087-56637-0773.fits
7087/spec-7087-56637-0774.fits
7087/spec-7087-56637-0775.fits
7087/spec-7087-56637-0776.fits
7087/spec-7087-56637-0777.fits
7087/spec-7087-56637-0778.fits
7087/spec-7087-56637-0779.fits
7087/spec-7087-56637-0780.fits
7087/spec-7087-56637-0781.fits
7087/spec-7087-56637-0782.fits
7087/spec-7087-56637-0783.fits
7087/spec-7087-56637-0784.fits
7087/spec-7087-56637-0785.fits
7087/spec-7087-56637-0786.fits
7087/spec-7087-56637-0787.fits
7087/spec-7087-56637-0788.fits
7087/spec-7087-56637-0789.fits
7087/spec-7087-56637-0790.fits
7087/spec-7087-56637-0791.fits
7087/spec-7087-56637-0792.fits
7087/spec-7087-56637-0793.fits
7087/spec-7087-56637-0794.fits
7087/spec-7087-56637-0795.fits
7087/spec-7087-56637-0796.fits
7087/spec-7087-56637-0797.fits
7087/spec-7087-56637-0798.fits
7087/spec-7087-56637-0799.fits
7087/spec-7087-56637-0800.fits
7087/spec-7087-56637-0801.fits
7087/spec-7087-56637-0802.fits
7087/spec-7087-56637-0803.fits
7087/spec-7087-56637-0804.fits
7087/spec-7087-56637-0805.fits
7087/spec-7087-56637-0806.fits
7087/spec-7087-56637-0807.fits
7087/spec-7087-56637-0808.fits
7087/spec-7087-56637-0809.fits
7087/spec-7087-56637-0810.fits
7087/spec-7087-56637-0811.fits
7087/spec-7087-56637-0812.fits
7087/spec-7087-56637-0813.fits
7087/spec-7087-56637-0814.fits
7087/spec-7087-56637-0815.fits
7087/spec-7087-56637-0816.fits
7087/spec-7087-56637-0817.fits
7087/spec-7087-56637-0818.fits
7087/spec-7087-56637-0819.fits
7087/spec-7087-56637-0820.fits
7087/spec-7087-56637-0821.fits
7087/spec-7087-56637-0822.fits
7087/spec-7087-56637-0823.fits
7087/spec-7087-56637-0824.fits
7087/spec-7087-56637-0825.fits
7087/spec-7087-56637-0826.fits
7087/spec-7087-56637-0827.fits
7087/spec-7087-56637-0828.fits
7087/spec-7087-56637-0829.fits
7087/spec-7087-56637-0830.fits
7087/spec-7087-56637-0831.fits
7087/spec-7087-56637-0832.fits
7087/spec-7087-56637-0833.fits
7087/spec-7087-56637-0834.fits
7087/spec-7087-56637-0835.fits
7087/spec-7087-56637-0836.fits
7087/spec-7087-56637-0837.fits
7087/spec-7087-56637-0838.fits
7087/spec-7087-56637-0839.fits
7087/spec-7087-56637-0840.fits
7087/spec-7087-56637-0841.fits
7087/spec-7087-56637-0842.fits
7087/spec-7087-56637-0843.fits
7087/spec-7087-56637-0844.fits
7087/spec-7087-56637-0845.fits
7087/spec-7087-56637-0846.fits
7087/spec-7087-56637-0847.fits
7087/spec-7087-56637-0848.fits
7087/spec-7087-56637-0849.fits
7087/spec-7087-56637-0850.fits
7087/spec-7087-56637-0851.fits
7087/spec-7087-56637-0852.fits
7087/spec-7087-56637-0853.fits
7087/spec-7087-56637-0854.fits
7087/spec-7087-56637-0855.fits
7087/spec-7087-56637-0856.fits
7087/spec-7087-56637-0857.fits
7087/spec-7087-56637-0858.fits
7087/spec-7087-56637-0859.fits
7087/spec-7087-56637-0860.fits
7087/spec-7087-56637-0861.fits
7087/spec-7087-56637-0862.fits
7087/spec-7087-56637-0863.fits
7087/spec-7087-56637-0864.fits
7087/spec-7087-56637-0865.fits
7087/spec-7087-56637-0866.fits
7087/spec-7087-56637-0867.fits
7087/spec-7087-56637-0868.fits
7087/spec-7087-56637-0869.fits
7087/spec-7087-56637-0870.fits
7087/spec-7087-56637-0871.fits
7087/spec-7087-56637-0872.fits
7087/spec-7087-56637-0873.fits
7087/spec-7087-56637-0874.fits
7087/spec-7087-56637-0875.fits
7087/spec-7087-56637-0876.fits
7087/spec-7087-56637-0877.fits
7087/spec-7087-56637-0878.fits
7087/spec-7087-56637-0879.fits
7087/spec-7087-56637-0880.fits
7087/spec-7087-56637-0881.fits
7087/spec-7087-56637-0882.fits
7087/spec-7087-56637-0883.fits
7087/spec-7087-56637-0884.fits
7087/spec-7087-56637-0885.fits
7087/spec-7087-56637-0886.fits
7087/spec-7087-56637-0887.fits
7087/spec-7087-56637-0888.fits
7087/spec-7087-56637-0889.fits
7087/spec-7087-56637-0890.fits
7087/spec-7087-56637-0891.fits
7087/spec-7087-56637-0892.fits
7087/spec-7087-56637-0893.fits
7087/spec-7087-56637-0894.fits
7087/spec-7087-56637-0895.fits
7087/spec-7087-56637-0896.fits
7087/spec-7087-56637-0897.fits
7087/spec-7087-56637-0898.fits
7087/spec-7087-56637-0899.fits
7087/spec-7087-56637-0900.fits
7087/spec-7087-56637-0901.fits
7087/spec-7087-56637-0902.fits
7087/spec-7087-56637-0903.fits
7087/spec-7087-56637-0904.fits
7087/spec-7087-56637-0905.fits
7087/spec-7087-56637-0906.fits
7087/spec-7087-56637-0907.fits
7087/spec-7087-56637-0908.fits
7087/spec-7087-56637-0909.fits
7087/spec-7087-56637-0910.fits
7087/spec-7087-56637-0911.fits
7087/spec-7087-56637-0912.fits
7087/spec-7087-56637-0913.fits
7087/spec-7087-56637-0914.fits
7087/spec-7087-56637-0915.fits
7087/spec-7087-56637-0916.fits
7087/spec-7087-56637-0917.fits
7087/spec-7087-56637-0918.fits
7087/spec-7087-56637-0919.fits
7087/spec-7087-56637-0920.fits
7087/spec-7087-56637-0921.fits
7087/spec-7087-56637-0922.fits
7087/spec-7087-56637-0923.fits
7087/spec-7087-56637-0924.fits
7087/spec-7087-56637-0925.fits
7087/spec-7087-56637-0926.fits
7087/spec-7087-56637-0927.fits
7087/spec-7087-56637-0928.fits
7087/spec-7087-56637-0929.fits
7087/spec-7087-56637-0930.fits
7087/spec-7087-56637-0931.fits
7087/spec-7087-56637-0932.fits
7087/spec-7087-56637-0933.fits
7087/spec-7087-56637-0934.fits
7087/spec-7087-56637-0935.fits
7087/spec-7087-56637-0936.fits
7087/spec-7087-56637-0937.fits
7087/spec-7087-56637-0938.fits
7087/spec-7087-56637-0939.fits
7087/spec-7087-56637-0940.fits
7087/spec-7087-56637-0941.fits
7087/spec-7087-56637-0942.fits
7087/spec-7087-56637-0943.fits
7087/spec-7087-56637-0944.fits
7087/spec-7087-56637-0945.fits
7087/spec-7087-56637-0946.fits
7087/spec-7087-56637-0947.fits
7087/spec-7087-56637-0948.fits
7087/spec-7087-56637-0949.fits
7087/spec-7087-56637-0950.fits
7087/spec-7087-56637-0951.fits
7087/spec-7087-56637-0952.fits
7087/spec-7087-56637-0953.fits
7087/spec-7087-56637-0954.fits
7087/spec-7087-56637-0955.fits
7087/spec-7087-56637-0956.fits
7087/spec-7087-56637-0957.fits
7087/spec-7087-56637-0958.fits
7087/spec-7087-56637-0959.fits
7087/spec-7087-56637-0960.fits
7087/spec-7087-56637-0961.fits
7087/spec-7087-56637-0962.fits
7087/spec-7087-56637-0963.fits
7087/spec-7087-56637-0964.fits
7087/spec-7087-56637-0965.fits
7087/spec-7087-56637-0966.fits
7087/spec-7087-56637-0967.fits
7087/spec-7087-56637-0968.fits
7087/spec-7087-56637-0969.fits
7087/spec-7087-56637-0970.fits
7087/spec-7087-56637-0971.fits
7087/spec-7087-56637-0972.fits
7087/spec-7087-56637-0973.fits
7087/spec-7087-56637-0974.fits
7087/spec-7087-56637-0975.fits
7087/spec-7087-56637-0976.fits
7087/spec-7087-56637-0977.fits
7087/spec-7087-56637-0978.fits
7087/spec-7087-56637-0979.fits
7087/spec-7087-56637-0980.fits
7087/spec-7087-56637-0981.fits
7087/spec-7087-56637-0982.fits
7087/spec-7087-56637-0983.fits
7087/spec-7087-56637-0984.fits
7087/spec-7087-56637-0985.fits
7087/spec-7087-56637-0986.fits
7087/spec-7087-56637-0987.fits
7087/spec-7087-56637-0988.fits
7087/spec-7087-56637-0989.fits
7087/spec-7087-56637-0990.fits
7087/spec-7087-56637-0991.fits
7087/spec-7087-56637-0992.fits
7087/spec-7087-56637-0993.fits
7087/spec-7087-56637-0994.fits
7087/spec-7087-56637-0995.fits
7087/spec-7087-56637-0996.fits
7087/spec-7087-56637-0997.fits
7087/spec-7087-56637-0998.fits
7087/spec-7087-56637-0999.fits
7087/spec-7087-56637-1000.fits
/var/lib/condor/execute/slot1/dir_22693
7087 7087.tgz R R361.tar.gz _condor_stderr _condor_stdout cB58_Lyman_break.fit condor_exec.exe hw4.R packages packages.tar.gz tmp var
[1] "Loaded package astro."
[1] 1000
7087 7087.csv 7087.tgz R R361.tar.gz _condor_stderr _condor_stdout cB58_Lyman_break.fit condor_exec.exe hw4.R packages packages.tar.gz tmp var
