3969
3969/
3969/spec-3969-55307-0001.fits
3969/spec-3969-55307-0002.fits
3969/spec-3969-55307-0003.fits
3969/spec-3969-55307-0004.fits
3969/spec-3969-55307-0005.fits
3969/spec-3969-55307-0006.fits
3969/spec-3969-55307-0007.fits
3969/spec-3969-55307-0008.fits
3969/spec-3969-55307-0009.fits
3969/spec-3969-55307-0010.fits
3969/spec-3969-55307-0011.fits
3969/spec-3969-55307-0012.fits
3969/spec-3969-55307-0013.fits
3969/spec-3969-55307-0014.fits
3969/spec-3969-55307-0015.fits
3969/spec-3969-55307-0016.fits
3969/spec-3969-55307-0017.fits
3969/spec-3969-55307-0018.fits
3969/spec-3969-55307-0019.fits
3969/spec-3969-55307-0020.fits
3969/spec-3969-55307-0021.fits
3969/spec-3969-55307-0022.fits
3969/spec-3969-55307-0023.fits
3969/spec-3969-55307-0024.fits
3969/spec-3969-55307-0025.fits
3969/spec-3969-55307-0026.fits
3969/spec-3969-55307-0027.fits
3969/spec-3969-55307-0028.fits
3969/spec-3969-55307-0029.fits
3969/spec-3969-55307-0030.fits
3969/spec-3969-55307-0031.fits
3969/spec-3969-55307-0032.fits
3969/spec-3969-55307-0033.fits
3969/spec-3969-55307-0034.fits
3969/spec-3969-55307-0035.fits
3969/spec-3969-55307-0036.fits
3969/spec-3969-55307-0037.fits
3969/spec-3969-55307-0038.fits
3969/spec-3969-55307-0039.fits
3969/spec-3969-55307-0040.fits
3969/spec-3969-55307-0041.fits
3969/spec-3969-55307-0042.fits
3969/spec-3969-55307-0043.fits
3969/spec-3969-55307-0044.fits
3969/spec-3969-55307-0045.fits
3969/spec-3969-55307-0046.fits
3969/spec-3969-55307-0047.fits
3969/spec-3969-55307-0048.fits
3969/spec-3969-55307-0049.fits
3969/spec-3969-55307-0050.fits
3969/spec-3969-55307-0051.fits
3969/spec-3969-55307-0052.fits
3969/spec-3969-55307-0053.fits
3969/spec-3969-55307-0054.fits
3969/spec-3969-55307-0055.fits
3969/spec-3969-55307-0056.fits
3969/spec-3969-55307-0057.fits
3969/spec-3969-55307-0058.fits
3969/spec-3969-55307-0059.fits
3969/spec-3969-55307-0060.fits
3969/spec-3969-55307-0061.fits
3969/spec-3969-55307-0062.fits
3969/spec-3969-55307-0063.fits
3969/spec-3969-55307-0064.fits
3969/spec-3969-55307-0065.fits
3969/spec-3969-55307-0066.fits
3969/spec-3969-55307-0067.fits
3969/spec-3969-55307-0068.fits
3969/spec-3969-55307-0069.fits
3969/spec-3969-55307-0070.fits
3969/spec-3969-55307-0071.fits
3969/spec-3969-55307-0072.fits
3969/spec-3969-55307-0073.fits
3969/spec-3969-55307-0074.fits
3969/spec-3969-55307-0075.fits
3969/spec-3969-55307-0076.fits
3969/spec-3969-55307-0077.fits
3969/spec-3969-55307-0078.fits
3969/spec-3969-55307-0079.fits
3969/spec-3969-55307-0080.fits
3969/spec-3969-55307-0081.fits
3969/spec-3969-55307-0082.fits
3969/spec-3969-55307-0083.fits
3969/spec-3969-55307-0084.fits
3969/spec-3969-55307-0085.fits
3969/spec-3969-55307-0086.fits
3969/spec-3969-55307-0087.fits
3969/spec-3969-55307-0088.fits
3969/spec-3969-55307-0089.fits
3969/spec-3969-55307-0090.fits
3969/spec-3969-55307-0091.fits
3969/spec-3969-55307-0092.fits
3969/spec-3969-55307-0093.fits
3969/spec-3969-55307-0094.fits
3969/spec-3969-55307-0095.fits
3969/spec-3969-55307-0096.fits
3969/spec-3969-55307-0097.fits
3969/spec-3969-55307-0098.fits
3969/spec-3969-55307-0099.fits
3969/spec-3969-55307-0100.fits
3969/spec-3969-55307-0101.fits
3969/spec-3969-55307-0102.fits
3969/spec-3969-55307-0103.fits
3969/spec-3969-55307-0104.fits
3969/spec-3969-55307-0105.fits
3969/spec-3969-55307-0106.fits
3969/spec-3969-55307-0107.fits
3969/spec-3969-55307-0108.fits
3969/spec-3969-55307-0109.fits
3969/spec-3969-55307-0110.fits
3969/spec-3969-55307-0111.fits
3969/spec-3969-55307-0112.fits
3969/spec-3969-55307-0113.fits
3969/spec-3969-55307-0114.fits
3969/spec-3969-55307-0115.fits
3969/spec-3969-55307-0116.fits
3969/spec-3969-55307-0117.fits
3969/spec-3969-55307-0118.fits
3969/spec-3969-55307-0119.fits
3969/spec-3969-55307-0120.fits
3969/spec-3969-55307-0121.fits
3969/spec-3969-55307-0122.fits
3969/spec-3969-55307-0123.fits
3969/spec-3969-55307-0124.fits
3969/spec-3969-55307-0125.fits
3969/spec-3969-55307-0126.fits
3969/spec-3969-55307-0127.fits
3969/spec-3969-55307-0128.fits
3969/spec-3969-55307-0129.fits
3969/spec-3969-55307-0130.fits
3969/spec-3969-55307-0131.fits
3969/spec-3969-55307-0132.fits
3969/spec-3969-55307-0133.fits
3969/spec-3969-55307-0134.fits
3969/spec-3969-55307-0135.fits
3969/spec-3969-55307-0136.fits
3969/spec-3969-55307-0137.fits
3969/spec-3969-55307-0138.fits
3969/spec-3969-55307-0139.fits
3969/spec-3969-55307-0140.fits
3969/spec-3969-55307-0141.fits
3969/spec-3969-55307-0142.fits
3969/spec-3969-55307-0143.fits
3969/spec-3969-55307-0144.fits
3969/spec-3969-55307-0145.fits
3969/spec-3969-55307-0146.fits
3969/spec-3969-55307-0147.fits
3969/spec-3969-55307-0148.fits
3969/spec-3969-55307-0149.fits
3969/spec-3969-55307-0150.fits
3969/spec-3969-55307-0151.fits
3969/spec-3969-55307-0152.fits
3969/spec-3969-55307-0153.fits
3969/spec-3969-55307-0154.fits
3969/spec-3969-55307-0155.fits
3969/spec-3969-55307-0156.fits
3969/spec-3969-55307-0157.fits
3969/spec-3969-55307-0158.fits
3969/spec-3969-55307-0159.fits
3969/spec-3969-55307-0160.fits
3969/spec-3969-55307-0161.fits
3969/spec-3969-55307-0162.fits
3969/spec-3969-55307-0163.fits
3969/spec-3969-55307-0164.fits
3969/spec-3969-55307-0165.fits
3969/spec-3969-55307-0166.fits
3969/spec-3969-55307-0167.fits
3969/spec-3969-55307-0168.fits
3969/spec-3969-55307-0169.fits
3969/spec-3969-55307-0170.fits
3969/spec-3969-55307-0171.fits
3969/spec-3969-55307-0172.fits
3969/spec-3969-55307-0173.fits
3969/spec-3969-55307-0174.fits
3969/spec-3969-55307-0175.fits
3969/spec-3969-55307-0176.fits
3969/spec-3969-55307-0177.fits
3969/spec-3969-55307-0178.fits
3969/spec-3969-55307-0179.fits
3969/spec-3969-55307-0180.fits
3969/spec-3969-55307-0181.fits
3969/spec-3969-55307-0182.fits
3969/spec-3969-55307-0183.fits
3969/spec-3969-55307-0184.fits
3969/spec-3969-55307-0185.fits
3969/spec-3969-55307-0186.fits
3969/spec-3969-55307-0187.fits
3969/spec-3969-55307-0188.fits
3969/spec-3969-55307-0189.fits
3969/spec-3969-55307-0190.fits
3969/spec-3969-55307-0191.fits
3969/spec-3969-55307-0192.fits
3969/spec-3969-55307-0193.fits
3969/spec-3969-55307-0194.fits
3969/spec-3969-55307-0195.fits
3969/spec-3969-55307-0196.fits
3969/spec-3969-55307-0197.fits
3969/spec-3969-55307-0198.fits
3969/spec-3969-55307-0199.fits
3969/spec-3969-55307-0200.fits
3969/spec-3969-55307-0201.fits
3969/spec-3969-55307-0202.fits
3969/spec-3969-55307-0203.fits
3969/spec-3969-55307-0204.fits
3969/spec-3969-55307-0205.fits
3969/spec-3969-55307-0206.fits
3969/spec-3969-55307-0207.fits
3969/spec-3969-55307-0208.fits
3969/spec-3969-55307-0209.fits
3969/spec-3969-55307-0210.fits
3969/spec-3969-55307-0211.fits
3969/spec-3969-55307-0212.fits
3969/spec-3969-55307-0213.fits
3969/spec-3969-55307-0214.fits
3969/spec-3969-55307-0215.fits
3969/spec-3969-55307-0216.fits
3969/spec-3969-55307-0217.fits
3969/spec-3969-55307-0218.fits
3969/spec-3969-55307-0219.fits
3969/spec-3969-55307-0220.fits
3969/spec-3969-55307-0221.fits
3969/spec-3969-55307-0222.fits
3969/spec-3969-55307-0223.fits
3969/spec-3969-55307-0224.fits
3969/spec-3969-55307-0225.fits
3969/spec-3969-55307-0226.fits
3969/spec-3969-55307-0227.fits
3969/spec-3969-55307-0228.fits
3969/spec-3969-55307-0229.fits
3969/spec-3969-55307-0230.fits
3969/spec-3969-55307-0231.fits
3969/spec-3969-55307-0232.fits
3969/spec-3969-55307-0233.fits
3969/spec-3969-55307-0234.fits
3969/spec-3969-55307-0235.fits
3969/spec-3969-55307-0236.fits
3969/spec-3969-55307-0237.fits
3969/spec-3969-55307-0238.fits
3969/spec-3969-55307-0239.fits
3969/spec-3969-55307-0240.fits
3969/spec-3969-55307-0241.fits
3969/spec-3969-55307-0242.fits
3969/spec-3969-55307-0243.fits
3969/spec-3969-55307-0244.fits
3969/spec-3969-55307-0245.fits
3969/spec-3969-55307-0246.fits
3969/spec-3969-55307-0247.fits
3969/spec-3969-55307-0248.fits
3969/spec-3969-55307-0249.fits
3969/spec-3969-55307-0250.fits
3969/spec-3969-55307-0251.fits
3969/spec-3969-55307-0252.fits
3969/spec-3969-55307-0253.fits
3969/spec-3969-55307-0254.fits
3969/spec-3969-55307-0255.fits
3969/spec-3969-55307-0256.fits
3969/spec-3969-55307-0257.fits
3969/spec-3969-55307-0258.fits
3969/spec-3969-55307-0259.fits
3969/spec-3969-55307-0260.fits
3969/spec-3969-55307-0261.fits
3969/spec-3969-55307-0262.fits
3969/spec-3969-55307-0263.fits
3969/spec-3969-55307-0264.fits
3969/spec-3969-55307-0265.fits
3969/spec-3969-55307-0266.fits
3969/spec-3969-55307-0267.fits
3969/spec-3969-55307-0268.fits
3969/spec-3969-55307-0269.fits
3969/spec-3969-55307-0270.fits
3969/spec-3969-55307-0271.fits
3969/spec-3969-55307-0272.fits
3969/spec-3969-55307-0273.fits
3969/spec-3969-55307-0274.fits
3969/spec-3969-55307-0275.fits
3969/spec-3969-55307-0276.fits
3969/spec-3969-55307-0277.fits
3969/spec-3969-55307-0278.fits
3969/spec-3969-55307-0279.fits
3969/spec-3969-55307-0280.fits
3969/spec-3969-55307-0281.fits
3969/spec-3969-55307-0282.fits
3969/spec-3969-55307-0283.fits
3969/spec-3969-55307-0284.fits
3969/spec-3969-55307-0285.fits
3969/spec-3969-55307-0286.fits
3969/spec-3969-55307-0287.fits
3969/spec-3969-55307-0288.fits
3969/spec-3969-55307-0289.fits
3969/spec-3969-55307-0290.fits
3969/spec-3969-55307-0291.fits
3969/spec-3969-55307-0292.fits
3969/spec-3969-55307-0293.fits
3969/spec-3969-55307-0294.fits
3969/spec-3969-55307-0295.fits
3969/spec-3969-55307-0296.fits
3969/spec-3969-55307-0297.fits
3969/spec-3969-55307-0298.fits
3969/spec-3969-55307-0299.fits
3969/spec-3969-55307-0300.fits
3969/spec-3969-55307-0301.fits
3969/spec-3969-55307-0302.fits
3969/spec-3969-55307-0303.fits
3969/spec-3969-55307-0304.fits
3969/spec-3969-55307-0305.fits
3969/spec-3969-55307-0306.fits
3969/spec-3969-55307-0307.fits
3969/spec-3969-55307-0308.fits
3969/spec-3969-55307-0309.fits
3969/spec-3969-55307-0310.fits
3969/spec-3969-55307-0311.fits
3969/spec-3969-55307-0312.fits
3969/spec-3969-55307-0313.fits
3969/spec-3969-55307-0314.fits
3969/spec-3969-55307-0315.fits
3969/spec-3969-55307-0316.fits
3969/spec-3969-55307-0317.fits
3969/spec-3969-55307-0318.fits
3969/spec-3969-55307-0319.fits
3969/spec-3969-55307-0320.fits
3969/spec-3969-55307-0321.fits
3969/spec-3969-55307-0322.fits
3969/spec-3969-55307-0323.fits
3969/spec-3969-55307-0324.fits
3969/spec-3969-55307-0325.fits
3969/spec-3969-55307-0326.fits
3969/spec-3969-55307-0327.fits
3969/spec-3969-55307-0328.fits
3969/spec-3969-55307-0329.fits
3969/spec-3969-55307-0330.fits
3969/spec-3969-55307-0331.fits
3969/spec-3969-55307-0332.fits
3969/spec-3969-55307-0333.fits
3969/spec-3969-55307-0334.fits
3969/spec-3969-55307-0335.fits
3969/spec-3969-55307-0336.fits
3969/spec-3969-55307-0337.fits
3969/spec-3969-55307-0338.fits
3969/spec-3969-55307-0339.fits
3969/spec-3969-55307-0340.fits
3969/spec-3969-55307-0341.fits
3969/spec-3969-55307-0342.fits
3969/spec-3969-55307-0343.fits
3969/spec-3969-55307-0344.fits
3969/spec-3969-55307-0345.fits
3969/spec-3969-55307-0346.fits
3969/spec-3969-55307-0347.fits
3969/spec-3969-55307-0348.fits
3969/spec-3969-55307-0349.fits
3969/spec-3969-55307-0350.fits
3969/spec-3969-55307-0351.fits
3969/spec-3969-55307-0352.fits
3969/spec-3969-55307-0353.fits
3969/spec-3969-55307-0354.fits
3969/spec-3969-55307-0355.fits
3969/spec-3969-55307-0356.fits
3969/spec-3969-55307-0357.fits
3969/spec-3969-55307-0358.fits
3969/spec-3969-55307-0359.fits
3969/spec-3969-55307-0360.fits
3969/spec-3969-55307-0361.fits
3969/spec-3969-55307-0362.fits
3969/spec-3969-55307-0363.fits
3969/spec-3969-55307-0364.fits
3969/spec-3969-55307-0365.fits
3969/spec-3969-55307-0366.fits
3969/spec-3969-55307-0367.fits
3969/spec-3969-55307-0368.fits
3969/spec-3969-55307-0369.fits
3969/spec-3969-55307-0370.fits
3969/spec-3969-55307-0371.fits
3969/spec-3969-55307-0372.fits
3969/spec-3969-55307-0373.fits
3969/spec-3969-55307-0374.fits
3969/spec-3969-55307-0375.fits
3969/spec-3969-55307-0376.fits
3969/spec-3969-55307-0377.fits
3969/spec-3969-55307-0378.fits
3969/spec-3969-55307-0379.fits
3969/spec-3969-55307-0380.fits
3969/spec-3969-55307-0381.fits
3969/spec-3969-55307-0382.fits
3969/spec-3969-55307-0383.fits
3969/spec-3969-55307-0384.fits
3969/spec-3969-55307-0385.fits
3969/spec-3969-55307-0386.fits
3969/spec-3969-55307-0387.fits
3969/spec-3969-55307-0388.fits
3969/spec-3969-55307-0389.fits
3969/spec-3969-55307-0390.fits
3969/spec-3969-55307-0391.fits
3969/spec-3969-55307-0392.fits
3969/spec-3969-55307-0393.fits
3969/spec-3969-55307-0394.fits
3969/spec-3969-55307-0395.fits
3969/spec-3969-55307-0396.fits
3969/spec-3969-55307-0397.fits
3969/spec-3969-55307-0398.fits
3969/spec-3969-55307-0399.fits
3969/spec-3969-55307-0400.fits
3969/spec-3969-55307-0401.fits
3969/spec-3969-55307-0402.fits
3969/spec-3969-55307-0403.fits
3969/spec-3969-55307-0404.fits
3969/spec-3969-55307-0405.fits
3969/spec-3969-55307-0406.fits
3969/spec-3969-55307-0407.fits
3969/spec-3969-55307-0408.fits
3969/spec-3969-55307-0409.fits
3969/spec-3969-55307-0410.fits
3969/spec-3969-55307-0411.fits
3969/spec-3969-55307-0412.fits
3969/spec-3969-55307-0413.fits
3969/spec-3969-55307-0414.fits
3969/spec-3969-55307-0415.fits
3969/spec-3969-55307-0416.fits
3969/spec-3969-55307-0417.fits
3969/spec-3969-55307-0418.fits
3969/spec-3969-55307-0419.fits
3969/spec-3969-55307-0420.fits
3969/spec-3969-55307-0421.fits
3969/spec-3969-55307-0422.fits
3969/spec-3969-55307-0423.fits
3969/spec-3969-55307-0424.fits
3969/spec-3969-55307-0425.fits
3969/spec-3969-55307-0426.fits
3969/spec-3969-55307-0427.fits
3969/spec-3969-55307-0428.fits
3969/spec-3969-55307-0429.fits
3969/spec-3969-55307-0430.fits
3969/spec-3969-55307-0431.fits
3969/spec-3969-55307-0432.fits
3969/spec-3969-55307-0433.fits
3969/spec-3969-55307-0434.fits
3969/spec-3969-55307-0435.fits
3969/spec-3969-55307-0436.fits
3969/spec-3969-55307-0437.fits
3969/spec-3969-55307-0438.fits
3969/spec-3969-55307-0439.fits
3969/spec-3969-55307-0440.fits
3969/spec-3969-55307-0441.fits
3969/spec-3969-55307-0442.fits
3969/spec-3969-55307-0443.fits
3969/spec-3969-55307-0444.fits
3969/spec-3969-55307-0445.fits
3969/spec-3969-55307-0446.fits
3969/spec-3969-55307-0447.fits
3969/spec-3969-55307-0448.fits
3969/spec-3969-55307-0449.fits
3969/spec-3969-55307-0450.fits
3969/spec-3969-55307-0451.fits
3969/spec-3969-55307-0452.fits
3969/spec-3969-55307-0453.fits
3969/spec-3969-55307-0454.fits
3969/spec-3969-55307-0455.fits
3969/spec-3969-55307-0456.fits
3969/spec-3969-55307-0457.fits
3969/spec-3969-55307-0458.fits
3969/spec-3969-55307-0459.fits
3969/spec-3969-55307-0460.fits
3969/spec-3969-55307-0461.fits
3969/spec-3969-55307-0462.fits
3969/spec-3969-55307-0463.fits
3969/spec-3969-55307-0464.fits
3969/spec-3969-55307-0465.fits
3969/spec-3969-55307-0466.fits
3969/spec-3969-55307-0467.fits
3969/spec-3969-55307-0468.fits
3969/spec-3969-55307-0469.fits
3969/spec-3969-55307-0470.fits
3969/spec-3969-55307-0471.fits
3969/spec-3969-55307-0472.fits
3969/spec-3969-55307-0473.fits
3969/spec-3969-55307-0474.fits
3969/spec-3969-55307-0475.fits
3969/spec-3969-55307-0476.fits
3969/spec-3969-55307-0477.fits
3969/spec-3969-55307-0478.fits
3969/spec-3969-55307-0479.fits
3969/spec-3969-55307-0480.fits
3969/spec-3969-55307-0481.fits
3969/spec-3969-55307-0482.fits
3969/spec-3969-55307-0483.fits
3969/spec-3969-55307-0484.fits
3969/spec-3969-55307-0485.fits
3969/spec-3969-55307-0486.fits
3969/spec-3969-55307-0487.fits
3969/spec-3969-55307-0488.fits
3969/spec-3969-55307-0489.fits
3969/spec-3969-55307-0490.fits
3969/spec-3969-55307-0491.fits
3969/spec-3969-55307-0492.fits
3969/spec-3969-55307-0493.fits
3969/spec-3969-55307-0494.fits
3969/spec-3969-55307-0495.fits
3969/spec-3969-55307-0496.fits
3969/spec-3969-55307-0497.fits
3969/spec-3969-55307-0498.fits
3969/spec-3969-55307-0499.fits
3969/spec-3969-55307-0500.fits
3969/spec-3969-55307-0501.fits
3969/spec-3969-55307-0502.fits
3969/spec-3969-55307-0503.fits
3969/spec-3969-55307-0504.fits
3969/spec-3969-55307-0505.fits
3969/spec-3969-55307-0506.fits
3969/spec-3969-55307-0507.fits
3969/spec-3969-55307-0508.fits
3969/spec-3969-55307-0509.fits
3969/spec-3969-55307-0510.fits
3969/spec-3969-55307-0511.fits
3969/spec-3969-55307-0512.fits
3969/spec-3969-55307-0513.fits
3969/spec-3969-55307-0514.fits
3969/spec-3969-55307-0515.fits
3969/spec-3969-55307-0516.fits
3969/spec-3969-55307-0517.fits
3969/spec-3969-55307-0518.fits
3969/spec-3969-55307-0519.fits
3969/spec-3969-55307-0520.fits
3969/spec-3969-55307-0521.fits
3969/spec-3969-55307-0522.fits
3969/spec-3969-55307-0523.fits
3969/spec-3969-55307-0524.fits
3969/spec-3969-55307-0525.fits
3969/spec-3969-55307-0526.fits
3969/spec-3969-55307-0527.fits
3969/spec-3969-55307-0528.fits
3969/spec-3969-55307-0529.fits
3969/spec-3969-55307-0530.fits
3969/spec-3969-55307-0531.fits
3969/spec-3969-55307-0532.fits
3969/spec-3969-55307-0533.fits
3969/spec-3969-55307-0534.fits
3969/spec-3969-55307-0535.fits
3969/spec-3969-55307-0536.fits
3969/spec-3969-55307-0537.fits
3969/spec-3969-55307-0538.fits
3969/spec-3969-55307-0539.fits
3969/spec-3969-55307-0540.fits
3969/spec-3969-55307-0541.fits
3969/spec-3969-55307-0542.fits
3969/spec-3969-55307-0543.fits
3969/spec-3969-55307-0544.fits
3969/spec-3969-55307-0545.fits
3969/spec-3969-55307-0546.fits
3969/spec-3969-55307-0547.fits
3969/spec-3969-55307-0548.fits
3969/spec-3969-55307-0549.fits
3969/spec-3969-55307-0550.fits
3969/spec-3969-55307-0551.fits
3969/spec-3969-55307-0552.fits
3969/spec-3969-55307-0553.fits
3969/spec-3969-55307-0554.fits
3969/spec-3969-55307-0555.fits
3969/spec-3969-55307-0556.fits
3969/spec-3969-55307-0557.fits
3969/spec-3969-55307-0558.fits
3969/spec-3969-55307-0559.fits
3969/spec-3969-55307-0560.fits
3969/spec-3969-55307-0561.fits
3969/spec-3969-55307-0562.fits
3969/spec-3969-55307-0563.fits
3969/spec-3969-55307-0564.fits
3969/spec-3969-55307-0565.fits
3969/spec-3969-55307-0566.fits
3969/spec-3969-55307-0567.fits
3969/spec-3969-55307-0568.fits
3969/spec-3969-55307-0569.fits
3969/spec-3969-55307-0570.fits
3969/spec-3969-55307-0571.fits
3969/spec-3969-55307-0572.fits
3969/spec-3969-55307-0573.fits
3969/spec-3969-55307-0574.fits
3969/spec-3969-55307-0575.fits
3969/spec-3969-55307-0576.fits
3969/spec-3969-55307-0577.fits
3969/spec-3969-55307-0578.fits
3969/spec-3969-55307-0579.fits
3969/spec-3969-55307-0580.fits
3969/spec-3969-55307-0581.fits
3969/spec-3969-55307-0582.fits
3969/spec-3969-55307-0583.fits
3969/spec-3969-55307-0584.fits
3969/spec-3969-55307-0585.fits
3969/spec-3969-55307-0586.fits
3969/spec-3969-55307-0587.fits
3969/spec-3969-55307-0588.fits
3969/spec-3969-55307-0589.fits
3969/spec-3969-55307-0590.fits
3969/spec-3969-55307-0591.fits
3969/spec-3969-55307-0592.fits
3969/spec-3969-55307-0593.fits
3969/spec-3969-55307-0594.fits
3969/spec-3969-55307-0595.fits
3969/spec-3969-55307-0596.fits
3969/spec-3969-55307-0597.fits
3969/spec-3969-55307-0598.fits
3969/spec-3969-55307-0599.fits
3969/spec-3969-55307-0600.fits
3969/spec-3969-55307-0601.fits
3969/spec-3969-55307-0602.fits
3969/spec-3969-55307-0603.fits
3969/spec-3969-55307-0604.fits
3969/spec-3969-55307-0605.fits
3969/spec-3969-55307-0606.fits
3969/spec-3969-55307-0607.fits
3969/spec-3969-55307-0608.fits
3969/spec-3969-55307-0609.fits
3969/spec-3969-55307-0610.fits
3969/spec-3969-55307-0611.fits
3969/spec-3969-55307-0612.fits
3969/spec-3969-55307-0613.fits
3969/spec-3969-55307-0614.fits
3969/spec-3969-55307-0615.fits
3969/spec-3969-55307-0616.fits
3969/spec-3969-55307-0617.fits
3969/spec-3969-55307-0618.fits
3969/spec-3969-55307-0619.fits
3969/spec-3969-55307-0620.fits
3969/spec-3969-55307-0621.fits
3969/spec-3969-55307-0622.fits
3969/spec-3969-55307-0623.fits
3969/spec-3969-55307-0624.fits
3969/spec-3969-55307-0625.fits
3969/spec-3969-55307-0626.fits
3969/spec-3969-55307-0627.fits
3969/spec-3969-55307-0628.fits
3969/spec-3969-55307-0629.fits
3969/spec-3969-55307-0630.fits
3969/spec-3969-55307-0631.fits
3969/spec-3969-55307-0632.fits
3969/spec-3969-55307-0633.fits
3969/spec-3969-55307-0634.fits
3969/spec-3969-55307-0635.fits
3969/spec-3969-55307-0636.fits
3969/spec-3969-55307-0637.fits
3969/spec-3969-55307-0638.fits
3969/spec-3969-55307-0639.fits
3969/spec-3969-55307-0640.fits
3969/spec-3969-55307-0641.fits
3969/spec-3969-55307-0642.fits
3969/spec-3969-55307-0643.fits
3969/spec-3969-55307-0644.fits
3969/spec-3969-55307-0645.fits
3969/spec-3969-55307-0646.fits
3969/spec-3969-55307-0647.fits
3969/spec-3969-55307-0648.fits
3969/spec-3969-55307-0649.fits
3969/spec-3969-55307-0650.fits
3969/spec-3969-55307-0651.fits
3969/spec-3969-55307-0652.fits
3969/spec-3969-55307-0653.fits
3969/spec-3969-55307-0654.fits
3969/spec-3969-55307-0655.fits
3969/spec-3969-55307-0656.fits
3969/spec-3969-55307-0657.fits
3969/spec-3969-55307-0658.fits
3969/spec-3969-55307-0659.fits
3969/spec-3969-55307-0660.fits
3969/spec-3969-55307-0661.fits
3969/spec-3969-55307-0662.fits
3969/spec-3969-55307-0663.fits
3969/spec-3969-55307-0664.fits
3969/spec-3969-55307-0665.fits
3969/spec-3969-55307-0666.fits
3969/spec-3969-55307-0667.fits
3969/spec-3969-55307-0668.fits
3969/spec-3969-55307-0669.fits
3969/spec-3969-55307-0670.fits
3969/spec-3969-55307-0671.fits
3969/spec-3969-55307-0672.fits
3969/spec-3969-55307-0673.fits
3969/spec-3969-55307-0674.fits
3969/spec-3969-55307-0675.fits
3969/spec-3969-55307-0676.fits
3969/spec-3969-55307-0677.fits
3969/spec-3969-55307-0678.fits
3969/spec-3969-55307-0679.fits
3969/spec-3969-55307-0680.fits
3969/spec-3969-55307-0681.fits
3969/spec-3969-55307-0682.fits
3969/spec-3969-55307-0683.fits
3969/spec-3969-55307-0684.fits
3969/spec-3969-55307-0685.fits
3969/spec-3969-55307-0686.fits
3969/spec-3969-55307-0687.fits
3969/spec-3969-55307-0688.fits
3969/spec-3969-55307-0689.fits
3969/spec-3969-55307-0690.fits
3969/spec-3969-55307-0691.fits
3969/spec-3969-55307-0692.fits
3969/spec-3969-55307-0693.fits
3969/spec-3969-55307-0694.fits
3969/spec-3969-55307-0695.fits
3969/spec-3969-55307-0696.fits
3969/spec-3969-55307-0697.fits
3969/spec-3969-55307-0698.fits
3969/spec-3969-55307-0699.fits
3969/spec-3969-55307-0700.fits
3969/spec-3969-55307-0701.fits
3969/spec-3969-55307-0702.fits
3969/spec-3969-55307-0703.fits
3969/spec-3969-55307-0704.fits
3969/spec-3969-55307-0705.fits
3969/spec-3969-55307-0706.fits
3969/spec-3969-55307-0707.fits
3969/spec-3969-55307-0708.fits
3969/spec-3969-55307-0709.fits
3969/spec-3969-55307-0710.fits
3969/spec-3969-55307-0711.fits
3969/spec-3969-55307-0712.fits
3969/spec-3969-55307-0713.fits
3969/spec-3969-55307-0714.fits
3969/spec-3969-55307-0715.fits
3969/spec-3969-55307-0716.fits
3969/spec-3969-55307-0717.fits
3969/spec-3969-55307-0718.fits
3969/spec-3969-55307-0719.fits
3969/spec-3969-55307-0720.fits
3969/spec-3969-55307-0721.fits
3969/spec-3969-55307-0722.fits
3969/spec-3969-55307-0723.fits
3969/spec-3969-55307-0724.fits
3969/spec-3969-55307-0725.fits
3969/spec-3969-55307-0726.fits
3969/spec-3969-55307-0727.fits
3969/spec-3969-55307-0728.fits
3969/spec-3969-55307-0729.fits
3969/spec-3969-55307-0730.fits
3969/spec-3969-55307-0731.fits
3969/spec-3969-55307-0732.fits
3969/spec-3969-55307-0733.fits
3969/spec-3969-55307-0734.fits
3969/spec-3969-55307-0735.fits
3969/spec-3969-55307-0736.fits
3969/spec-3969-55307-0737.fits
3969/spec-3969-55307-0738.fits
3969/spec-3969-55307-0739.fits
3969/spec-3969-55307-0740.fits
3969/spec-3969-55307-0741.fits
3969/spec-3969-55307-0742.fits
3969/spec-3969-55307-0743.fits
3969/spec-3969-55307-0744.fits
3969/spec-3969-55307-0745.fits
3969/spec-3969-55307-0746.fits
3969/spec-3969-55307-0747.fits
3969/spec-3969-55307-0748.fits
3969/spec-3969-55307-0749.fits
3969/spec-3969-55307-0750.fits
3969/spec-3969-55307-0751.fits
3969/spec-3969-55307-0752.fits
3969/spec-3969-55307-0753.fits
3969/spec-3969-55307-0754.fits
3969/spec-3969-55307-0755.fits
3969/spec-3969-55307-0756.fits
3969/spec-3969-55307-0757.fits
3969/spec-3969-55307-0758.fits
3969/spec-3969-55307-0759.fits
3969/spec-3969-55307-0760.fits
3969/spec-3969-55307-0761.fits
3969/spec-3969-55307-0762.fits
3969/spec-3969-55307-0763.fits
3969/spec-3969-55307-0764.fits
3969/spec-3969-55307-0765.fits
3969/spec-3969-55307-0766.fits
3969/spec-3969-55307-0767.fits
3969/spec-3969-55307-0768.fits
3969/spec-3969-55307-0769.fits
3969/spec-3969-55307-0770.fits
3969/spec-3969-55307-0771.fits
3969/spec-3969-55307-0772.fits
3969/spec-3969-55307-0773.fits
3969/spec-3969-55307-0774.fits
3969/spec-3969-55307-0775.fits
3969/spec-3969-55307-0776.fits
3969/spec-3969-55307-0777.fits
3969/spec-3969-55307-0778.fits
3969/spec-3969-55307-0779.fits
3969/spec-3969-55307-0780.fits
3969/spec-3969-55307-0781.fits
3969/spec-3969-55307-0782.fits
3969/spec-3969-55307-0783.fits
3969/spec-3969-55307-0784.fits
3969/spec-3969-55307-0785.fits
3969/spec-3969-55307-0786.fits
3969/spec-3969-55307-0787.fits
3969/spec-3969-55307-0788.fits
3969/spec-3969-55307-0789.fits
3969/spec-3969-55307-0790.fits
3969/spec-3969-55307-0791.fits
3969/spec-3969-55307-0792.fits
3969/spec-3969-55307-0793.fits
3969/spec-3969-55307-0794.fits
3969/spec-3969-55307-0795.fits
3969/spec-3969-55307-0796.fits
3969/spec-3969-55307-0797.fits
3969/spec-3969-55307-0798.fits
3969/spec-3969-55307-0799.fits
3969/spec-3969-55307-0800.fits
3969/spec-3969-55307-0801.fits
3969/spec-3969-55307-0802.fits
3969/spec-3969-55307-0803.fits
3969/spec-3969-55307-0804.fits
3969/spec-3969-55307-0805.fits
3969/spec-3969-55307-0806.fits
3969/spec-3969-55307-0807.fits
3969/spec-3969-55307-0808.fits
3969/spec-3969-55307-0809.fits
3969/spec-3969-55307-0810.fits
3969/spec-3969-55307-0811.fits
3969/spec-3969-55307-0812.fits
3969/spec-3969-55307-0813.fits
3969/spec-3969-55307-0814.fits
3969/spec-3969-55307-0815.fits
3969/spec-3969-55307-0816.fits
3969/spec-3969-55307-0817.fits
3969/spec-3969-55307-0818.fits
3969/spec-3969-55307-0819.fits
3969/spec-3969-55307-0820.fits
3969/spec-3969-55307-0821.fits
3969/spec-3969-55307-0822.fits
3969/spec-3969-55307-0823.fits
3969/spec-3969-55307-0824.fits
3969/spec-3969-55307-0825.fits
3969/spec-3969-55307-0826.fits
3969/spec-3969-55307-0827.fits
3969/spec-3969-55307-0828.fits
3969/spec-3969-55307-0829.fits
3969/spec-3969-55307-0830.fits
3969/spec-3969-55307-0831.fits
3969/spec-3969-55307-0832.fits
3969/spec-3969-55307-0833.fits
3969/spec-3969-55307-0834.fits
3969/spec-3969-55307-0835.fits
3969/spec-3969-55307-0836.fits
3969/spec-3969-55307-0837.fits
3969/spec-3969-55307-0838.fits
3969/spec-3969-55307-0839.fits
3969/spec-3969-55307-0840.fits
3969/spec-3969-55307-0841.fits
3969/spec-3969-55307-0842.fits
3969/spec-3969-55307-0843.fits
3969/spec-3969-55307-0844.fits
3969/spec-3969-55307-0845.fits
3969/spec-3969-55307-0846.fits
3969/spec-3969-55307-0847.fits
3969/spec-3969-55307-0848.fits
3969/spec-3969-55307-0849.fits
3969/spec-3969-55307-0850.fits
3969/spec-3969-55307-0851.fits
3969/spec-3969-55307-0852.fits
3969/spec-3969-55307-0853.fits
3969/spec-3969-55307-0854.fits
3969/spec-3969-55307-0855.fits
3969/spec-3969-55307-0856.fits
3969/spec-3969-55307-0857.fits
3969/spec-3969-55307-0858.fits
3969/spec-3969-55307-0859.fits
3969/spec-3969-55307-0860.fits
3969/spec-3969-55307-0861.fits
3969/spec-3969-55307-0862.fits
3969/spec-3969-55307-0863.fits
3969/spec-3969-55307-0864.fits
3969/spec-3969-55307-0865.fits
3969/spec-3969-55307-0866.fits
3969/spec-3969-55307-0867.fits
3969/spec-3969-55307-0868.fits
3969/spec-3969-55307-0869.fits
3969/spec-3969-55307-0870.fits
3969/spec-3969-55307-0871.fits
3969/spec-3969-55307-0872.fits
3969/spec-3969-55307-0873.fits
3969/spec-3969-55307-0874.fits
3969/spec-3969-55307-0875.fits
3969/spec-3969-55307-0876.fits
3969/spec-3969-55307-0877.fits
3969/spec-3969-55307-0878.fits
3969/spec-3969-55307-0879.fits
3969/spec-3969-55307-0880.fits
3969/spec-3969-55307-0881.fits
3969/spec-3969-55307-0882.fits
3969/spec-3969-55307-0883.fits
3969/spec-3969-55307-0884.fits
3969/spec-3969-55307-0885.fits
3969/spec-3969-55307-0886.fits
3969/spec-3969-55307-0887.fits
3969/spec-3969-55307-0888.fits
3969/spec-3969-55307-0889.fits
3969/spec-3969-55307-0890.fits
3969/spec-3969-55307-0891.fits
3969/spec-3969-55307-0892.fits
3969/spec-3969-55307-0893.fits
3969/spec-3969-55307-0894.fits
3969/spec-3969-55307-0895.fits
3969/spec-3969-55307-0896.fits
3969/spec-3969-55307-0897.fits
3969/spec-3969-55307-0898.fits
3969/spec-3969-55307-0899.fits
3969/spec-3969-55307-0900.fits
3969/spec-3969-55307-0901.fits
3969/spec-3969-55307-0902.fits
3969/spec-3969-55307-0903.fits
3969/spec-3969-55307-0904.fits
3969/spec-3969-55307-0905.fits
3969/spec-3969-55307-0906.fits
3969/spec-3969-55307-0907.fits
3969/spec-3969-55307-0908.fits
3969/spec-3969-55307-0909.fits
3969/spec-3969-55307-0910.fits
3969/spec-3969-55307-0911.fits
3969/spec-3969-55307-0912.fits
3969/spec-3969-55307-0913.fits
3969/spec-3969-55307-0914.fits
3969/spec-3969-55307-0915.fits
3969/spec-3969-55307-0916.fits
3969/spec-3969-55307-0917.fits
3969/spec-3969-55307-0918.fits
3969/spec-3969-55307-0919.fits
3969/spec-3969-55307-0920.fits
3969/spec-3969-55307-0921.fits
3969/spec-3969-55307-0922.fits
3969/spec-3969-55307-0923.fits
3969/spec-3969-55307-0924.fits
3969/spec-3969-55307-0925.fits
3969/spec-3969-55307-0926.fits
3969/spec-3969-55307-0927.fits
3969/spec-3969-55307-0928.fits
3969/spec-3969-55307-0929.fits
3969/spec-3969-55307-0930.fits
3969/spec-3969-55307-0931.fits
3969/spec-3969-55307-0932.fits
3969/spec-3969-55307-0933.fits
3969/spec-3969-55307-0934.fits
3969/spec-3969-55307-0935.fits
3969/spec-3969-55307-0936.fits
3969/spec-3969-55307-0937.fits
3969/spec-3969-55307-0938.fits
3969/spec-3969-55307-0939.fits
3969/spec-3969-55307-0940.fits
3969/spec-3969-55307-0941.fits
3969/spec-3969-55307-0942.fits
3969/spec-3969-55307-0943.fits
3969/spec-3969-55307-0944.fits
3969/spec-3969-55307-0945.fits
3969/spec-3969-55307-0946.fits
3969/spec-3969-55307-0947.fits
3969/spec-3969-55307-0948.fits
3969/spec-3969-55307-0949.fits
3969/spec-3969-55307-0950.fits
3969/spec-3969-55307-0951.fits
3969/spec-3969-55307-0952.fits
3969/spec-3969-55307-0953.fits
3969/spec-3969-55307-0954.fits
3969/spec-3969-55307-0955.fits
3969/spec-3969-55307-0956.fits
3969/spec-3969-55307-0957.fits
3969/spec-3969-55307-0958.fits
3969/spec-3969-55307-0959.fits
3969/spec-3969-55307-0960.fits
3969/spec-3969-55307-0961.fits
3969/spec-3969-55307-0962.fits
3969/spec-3969-55307-0963.fits
3969/spec-3969-55307-0964.fits
3969/spec-3969-55307-0965.fits
3969/spec-3969-55307-0966.fits
3969/spec-3969-55307-0967.fits
3969/spec-3969-55307-0968.fits
3969/spec-3969-55307-0969.fits
3969/spec-3969-55307-0970.fits
3969/spec-3969-55307-0971.fits
3969/spec-3969-55307-0972.fits
3969/spec-3969-55307-0973.fits
3969/spec-3969-55307-0974.fits
3969/spec-3969-55307-0975.fits
3969/spec-3969-55307-0976.fits
3969/spec-3969-55307-0977.fits
3969/spec-3969-55307-0978.fits
3969/spec-3969-55307-0979.fits
3969/spec-3969-55307-0980.fits
3969/spec-3969-55307-0981.fits
3969/spec-3969-55307-0982.fits
3969/spec-3969-55307-0983.fits
3969/spec-3969-55307-0984.fits
3969/spec-3969-55307-0985.fits
3969/spec-3969-55307-0986.fits
3969/spec-3969-55307-0987.fits
3969/spec-3969-55307-0988.fits
3969/spec-3969-55307-0989.fits
3969/spec-3969-55307-0990.fits
3969/spec-3969-55307-0991.fits
3969/spec-3969-55307-0992.fits
3969/spec-3969-55307-0993.fits
3969/spec-3969-55307-0994.fits
3969/spec-3969-55307-0995.fits
3969/spec-3969-55307-0996.fits
3969/spec-3969-55307-0997.fits
3969/spec-3969-55307-0998.fits
3969/spec-3969-55307-0999.fits
3969/spec-3969-55307-1000.fits
/var/lib/condor/execute/slot1/dir_2391
3969 3969.tgz R R361.tar.gz _condor_stderr _condor_stdout cB58_Lyman_break.fit condor_exec.exe hw4.R packages packages.tar.gz tmp var
[1] "Loaded package astro."
[1] 1000
3969 3969.csv 3969.tgz R R361.tar.gz _condor_stderr _condor_stdout cB58_Lyman_break.fit condor_exec.exe hw4.R packages packages.tar.gz tmp var
