7102
7102/
7102/spec-7102-56666-0001.fits
7102/spec-7102-56666-0002.fits
7102/spec-7102-56666-0003.fits
7102/spec-7102-56666-0004.fits
7102/spec-7102-56666-0005.fits
7102/spec-7102-56666-0006.fits
7102/spec-7102-56666-0007.fits
7102/spec-7102-56666-0008.fits
7102/spec-7102-56666-0009.fits
7102/spec-7102-56666-0010.fits
7102/spec-7102-56666-0011.fits
7102/spec-7102-56666-0012.fits
7102/spec-7102-56666-0013.fits
7102/spec-7102-56666-0014.fits
7102/spec-7102-56666-0015.fits
7102/spec-7102-56666-0016.fits
7102/spec-7102-56666-0017.fits
7102/spec-7102-56666-0018.fits
7102/spec-7102-56666-0019.fits
7102/spec-7102-56666-0020.fits
7102/spec-7102-56666-0021.fits
7102/spec-7102-56666-0022.fits
7102/spec-7102-56666-0023.fits
7102/spec-7102-56666-0024.fits
7102/spec-7102-56666-0025.fits
7102/spec-7102-56666-0026.fits
7102/spec-7102-56666-0027.fits
7102/spec-7102-56666-0028.fits
7102/spec-7102-56666-0029.fits
7102/spec-7102-56666-0030.fits
7102/spec-7102-56666-0031.fits
7102/spec-7102-56666-0032.fits
7102/spec-7102-56666-0033.fits
7102/spec-7102-56666-0034.fits
7102/spec-7102-56666-0035.fits
7102/spec-7102-56666-0036.fits
7102/spec-7102-56666-0037.fits
7102/spec-7102-56666-0038.fits
7102/spec-7102-56666-0039.fits
7102/spec-7102-56666-0040.fits
7102/spec-7102-56666-0041.fits
7102/spec-7102-56666-0042.fits
7102/spec-7102-56666-0043.fits
7102/spec-7102-56666-0044.fits
7102/spec-7102-56666-0045.fits
7102/spec-7102-56666-0046.fits
7102/spec-7102-56666-0047.fits
7102/spec-7102-56666-0048.fits
7102/spec-7102-56666-0049.fits
7102/spec-7102-56666-0050.fits
7102/spec-7102-56666-0051.fits
7102/spec-7102-56666-0052.fits
7102/spec-7102-56666-0053.fits
7102/spec-7102-56666-0054.fits
7102/spec-7102-56666-0055.fits
7102/spec-7102-56666-0056.fits
7102/spec-7102-56666-0057.fits
7102/spec-7102-56666-0058.fits
7102/spec-7102-56666-0059.fits
7102/spec-7102-56666-0060.fits
7102/spec-7102-56666-0061.fits
7102/spec-7102-56666-0062.fits
7102/spec-7102-56666-0063.fits
7102/spec-7102-56666-0064.fits
7102/spec-7102-56666-0065.fits
7102/spec-7102-56666-0066.fits
7102/spec-7102-56666-0067.fits
7102/spec-7102-56666-0068.fits
7102/spec-7102-56666-0069.fits
7102/spec-7102-56666-0070.fits
7102/spec-7102-56666-0071.fits
7102/spec-7102-56666-0072.fits
7102/spec-7102-56666-0073.fits
7102/spec-7102-56666-0074.fits
7102/spec-7102-56666-0075.fits
7102/spec-7102-56666-0076.fits
7102/spec-7102-56666-0077.fits
7102/spec-7102-56666-0078.fits
7102/spec-7102-56666-0079.fits
7102/spec-7102-56666-0080.fits
7102/spec-7102-56666-0081.fits
7102/spec-7102-56666-0082.fits
7102/spec-7102-56666-0083.fits
7102/spec-7102-56666-0084.fits
7102/spec-7102-56666-0085.fits
7102/spec-7102-56666-0086.fits
7102/spec-7102-56666-0087.fits
7102/spec-7102-56666-0088.fits
7102/spec-7102-56666-0089.fits
7102/spec-7102-56666-0090.fits
7102/spec-7102-56666-0091.fits
7102/spec-7102-56666-0092.fits
7102/spec-7102-56666-0093.fits
7102/spec-7102-56666-0094.fits
7102/spec-7102-56666-0095.fits
7102/spec-7102-56666-0096.fits
7102/spec-7102-56666-0097.fits
7102/spec-7102-56666-0098.fits
7102/spec-7102-56666-0099.fits
7102/spec-7102-56666-0100.fits
7102/spec-7102-56666-0101.fits
7102/spec-7102-56666-0102.fits
7102/spec-7102-56666-0103.fits
7102/spec-7102-56666-0104.fits
7102/spec-7102-56666-0105.fits
7102/spec-7102-56666-0106.fits
7102/spec-7102-56666-0107.fits
7102/spec-7102-56666-0108.fits
7102/spec-7102-56666-0109.fits
7102/spec-7102-56666-0110.fits
7102/spec-7102-56666-0111.fits
7102/spec-7102-56666-0112.fits
7102/spec-7102-56666-0113.fits
7102/spec-7102-56666-0114.fits
7102/spec-7102-56666-0115.fits
7102/spec-7102-56666-0116.fits
7102/spec-7102-56666-0117.fits
7102/spec-7102-56666-0118.fits
7102/spec-7102-56666-0119.fits
7102/spec-7102-56666-0120.fits
7102/spec-7102-56666-0121.fits
7102/spec-7102-56666-0122.fits
7102/spec-7102-56666-0123.fits
7102/spec-7102-56666-0124.fits
7102/spec-7102-56666-0125.fits
7102/spec-7102-56666-0126.fits
7102/spec-7102-56666-0127.fits
7102/spec-7102-56666-0128.fits
7102/spec-7102-56666-0129.fits
7102/spec-7102-56666-0130.fits
7102/spec-7102-56666-0131.fits
7102/spec-7102-56666-0132.fits
7102/spec-7102-56666-0133.fits
7102/spec-7102-56666-0134.fits
7102/spec-7102-56666-0135.fits
7102/spec-7102-56666-0136.fits
7102/spec-7102-56666-0137.fits
7102/spec-7102-56666-0138.fits
7102/spec-7102-56666-0139.fits
7102/spec-7102-56666-0140.fits
7102/spec-7102-56666-0141.fits
7102/spec-7102-56666-0142.fits
7102/spec-7102-56666-0143.fits
7102/spec-7102-56666-0144.fits
7102/spec-7102-56666-0145.fits
7102/spec-7102-56666-0146.fits
7102/spec-7102-56666-0147.fits
7102/spec-7102-56666-0148.fits
7102/spec-7102-56666-0149.fits
7102/spec-7102-56666-0150.fits
7102/spec-7102-56666-0151.fits
7102/spec-7102-56666-0152.fits
7102/spec-7102-56666-0153.fits
7102/spec-7102-56666-0154.fits
7102/spec-7102-56666-0155.fits
7102/spec-7102-56666-0156.fits
7102/spec-7102-56666-0157.fits
7102/spec-7102-56666-0158.fits
7102/spec-7102-56666-0159.fits
7102/spec-7102-56666-0160.fits
7102/spec-7102-56666-0161.fits
7102/spec-7102-56666-0162.fits
7102/spec-7102-56666-0163.fits
7102/spec-7102-56666-0164.fits
7102/spec-7102-56666-0165.fits
7102/spec-7102-56666-0166.fits
7102/spec-7102-56666-0167.fits
7102/spec-7102-56666-0168.fits
7102/spec-7102-56666-0169.fits
7102/spec-7102-56666-0170.fits
7102/spec-7102-56666-0171.fits
7102/spec-7102-56666-0172.fits
7102/spec-7102-56666-0173.fits
7102/spec-7102-56666-0174.fits
7102/spec-7102-56666-0175.fits
7102/spec-7102-56666-0176.fits
7102/spec-7102-56666-0177.fits
7102/spec-7102-56666-0178.fits
7102/spec-7102-56666-0179.fits
7102/spec-7102-56666-0180.fits
7102/spec-7102-56666-0181.fits
7102/spec-7102-56666-0182.fits
7102/spec-7102-56666-0183.fits
7102/spec-7102-56666-0184.fits
7102/spec-7102-56666-0185.fits
7102/spec-7102-56666-0186.fits
7102/spec-7102-56666-0187.fits
7102/spec-7102-56666-0188.fits
7102/spec-7102-56666-0189.fits
7102/spec-7102-56666-0190.fits
7102/spec-7102-56666-0191.fits
7102/spec-7102-56666-0192.fits
7102/spec-7102-56666-0193.fits
7102/spec-7102-56666-0194.fits
7102/spec-7102-56666-0195.fits
7102/spec-7102-56666-0196.fits
7102/spec-7102-56666-0197.fits
7102/spec-7102-56666-0198.fits
7102/spec-7102-56666-0199.fits
7102/spec-7102-56666-0200.fits
7102/spec-7102-56666-0201.fits
7102/spec-7102-56666-0202.fits
7102/spec-7102-56666-0203.fits
7102/spec-7102-56666-0204.fits
7102/spec-7102-56666-0205.fits
7102/spec-7102-56666-0206.fits
7102/spec-7102-56666-0207.fits
7102/spec-7102-56666-0208.fits
7102/spec-7102-56666-0209.fits
7102/spec-7102-56666-0210.fits
7102/spec-7102-56666-0211.fits
7102/spec-7102-56666-0212.fits
7102/spec-7102-56666-0213.fits
7102/spec-7102-56666-0214.fits
7102/spec-7102-56666-0215.fits
7102/spec-7102-56666-0216.fits
7102/spec-7102-56666-0217.fits
7102/spec-7102-56666-0218.fits
7102/spec-7102-56666-0219.fits
7102/spec-7102-56666-0220.fits
7102/spec-7102-56666-0221.fits
7102/spec-7102-56666-0222.fits
7102/spec-7102-56666-0223.fits
7102/spec-7102-56666-0224.fits
7102/spec-7102-56666-0225.fits
7102/spec-7102-56666-0226.fits
7102/spec-7102-56666-0227.fits
7102/spec-7102-56666-0228.fits
7102/spec-7102-56666-0229.fits
7102/spec-7102-56666-0230.fits
7102/spec-7102-56666-0231.fits
7102/spec-7102-56666-0232.fits
7102/spec-7102-56666-0233.fits
7102/spec-7102-56666-0234.fits
7102/spec-7102-56666-0235.fits
7102/spec-7102-56666-0236.fits
7102/spec-7102-56666-0237.fits
7102/spec-7102-56666-0238.fits
7102/spec-7102-56666-0239.fits
7102/spec-7102-56666-0240.fits
7102/spec-7102-56666-0241.fits
7102/spec-7102-56666-0242.fits
7102/spec-7102-56666-0243.fits
7102/spec-7102-56666-0244.fits
7102/spec-7102-56666-0245.fits
7102/spec-7102-56666-0246.fits
7102/spec-7102-56666-0247.fits
7102/spec-7102-56666-0248.fits
7102/spec-7102-56666-0249.fits
7102/spec-7102-56666-0250.fits
7102/spec-7102-56666-0251.fits
7102/spec-7102-56666-0252.fits
7102/spec-7102-56666-0253.fits
7102/spec-7102-56666-0254.fits
7102/spec-7102-56666-0255.fits
7102/spec-7102-56666-0256.fits
7102/spec-7102-56666-0257.fits
7102/spec-7102-56666-0258.fits
7102/spec-7102-56666-0259.fits
7102/spec-7102-56666-0260.fits
7102/spec-7102-56666-0261.fits
7102/spec-7102-56666-0262.fits
7102/spec-7102-56666-0263.fits
7102/spec-7102-56666-0264.fits
7102/spec-7102-56666-0265.fits
7102/spec-7102-56666-0266.fits
7102/spec-7102-56666-0267.fits
7102/spec-7102-56666-0268.fits
7102/spec-7102-56666-0269.fits
7102/spec-7102-56666-0270.fits
7102/spec-7102-56666-0271.fits
7102/spec-7102-56666-0272.fits
7102/spec-7102-56666-0273.fits
7102/spec-7102-56666-0274.fits
7102/spec-7102-56666-0275.fits
7102/spec-7102-56666-0276.fits
7102/spec-7102-56666-0277.fits
7102/spec-7102-56666-0278.fits
7102/spec-7102-56666-0279.fits
7102/spec-7102-56666-0280.fits
7102/spec-7102-56666-0281.fits
7102/spec-7102-56666-0282.fits
7102/spec-7102-56666-0283.fits
7102/spec-7102-56666-0284.fits
7102/spec-7102-56666-0285.fits
7102/spec-7102-56666-0286.fits
7102/spec-7102-56666-0287.fits
7102/spec-7102-56666-0288.fits
7102/spec-7102-56666-0289.fits
7102/spec-7102-56666-0290.fits
7102/spec-7102-56666-0291.fits
7102/spec-7102-56666-0292.fits
7102/spec-7102-56666-0293.fits
7102/spec-7102-56666-0294.fits
7102/spec-7102-56666-0295.fits
7102/spec-7102-56666-0296.fits
7102/spec-7102-56666-0297.fits
7102/spec-7102-56666-0298.fits
7102/spec-7102-56666-0299.fits
7102/spec-7102-56666-0300.fits
7102/spec-7102-56666-0301.fits
7102/spec-7102-56666-0302.fits
7102/spec-7102-56666-0303.fits
7102/spec-7102-56666-0304.fits
7102/spec-7102-56666-0305.fits
7102/spec-7102-56666-0306.fits
7102/spec-7102-56666-0307.fits
7102/spec-7102-56666-0308.fits
7102/spec-7102-56666-0309.fits
7102/spec-7102-56666-0310.fits
7102/spec-7102-56666-0311.fits
7102/spec-7102-56666-0312.fits
7102/spec-7102-56666-0313.fits
7102/spec-7102-56666-0314.fits
7102/spec-7102-56666-0315.fits
7102/spec-7102-56666-0316.fits
7102/spec-7102-56666-0317.fits
7102/spec-7102-56666-0318.fits
7102/spec-7102-56666-0319.fits
7102/spec-7102-56666-0320.fits
7102/spec-7102-56666-0321.fits
7102/spec-7102-56666-0322.fits
7102/spec-7102-56666-0323.fits
7102/spec-7102-56666-0324.fits
7102/spec-7102-56666-0325.fits
7102/spec-7102-56666-0326.fits
7102/spec-7102-56666-0327.fits
7102/spec-7102-56666-0328.fits
7102/spec-7102-56666-0329.fits
7102/spec-7102-56666-0330.fits
7102/spec-7102-56666-0331.fits
7102/spec-7102-56666-0332.fits
7102/spec-7102-56666-0333.fits
7102/spec-7102-56666-0334.fits
7102/spec-7102-56666-0335.fits
7102/spec-7102-56666-0336.fits
7102/spec-7102-56666-0337.fits
7102/spec-7102-56666-0338.fits
7102/spec-7102-56666-0339.fits
7102/spec-7102-56666-0340.fits
7102/spec-7102-56666-0341.fits
7102/spec-7102-56666-0342.fits
7102/spec-7102-56666-0343.fits
7102/spec-7102-56666-0344.fits
7102/spec-7102-56666-0345.fits
7102/spec-7102-56666-0346.fits
7102/spec-7102-56666-0347.fits
7102/spec-7102-56666-0348.fits
7102/spec-7102-56666-0349.fits
7102/spec-7102-56666-0350.fits
7102/spec-7102-56666-0351.fits
7102/spec-7102-56666-0352.fits
7102/spec-7102-56666-0353.fits
7102/spec-7102-56666-0354.fits
7102/spec-7102-56666-0355.fits
7102/spec-7102-56666-0356.fits
7102/spec-7102-56666-0357.fits
7102/spec-7102-56666-0358.fits
7102/spec-7102-56666-0359.fits
7102/spec-7102-56666-0360.fits
7102/spec-7102-56666-0361.fits
7102/spec-7102-56666-0362.fits
7102/spec-7102-56666-0363.fits
7102/spec-7102-56666-0364.fits
7102/spec-7102-56666-0365.fits
7102/spec-7102-56666-0366.fits
7102/spec-7102-56666-0367.fits
7102/spec-7102-56666-0368.fits
7102/spec-7102-56666-0369.fits
7102/spec-7102-56666-0370.fits
7102/spec-7102-56666-0371.fits
7102/spec-7102-56666-0372.fits
7102/spec-7102-56666-0373.fits
7102/spec-7102-56666-0374.fits
7102/spec-7102-56666-0375.fits
7102/spec-7102-56666-0376.fits
7102/spec-7102-56666-0377.fits
7102/spec-7102-56666-0378.fits
7102/spec-7102-56666-0379.fits
7102/spec-7102-56666-0380.fits
7102/spec-7102-56666-0381.fits
7102/spec-7102-56666-0382.fits
7102/spec-7102-56666-0383.fits
7102/spec-7102-56666-0384.fits
7102/spec-7102-56666-0385.fits
7102/spec-7102-56666-0386.fits
7102/spec-7102-56666-0387.fits
7102/spec-7102-56666-0388.fits
7102/spec-7102-56666-0389.fits
7102/spec-7102-56666-0390.fits
7102/spec-7102-56666-0391.fits
7102/spec-7102-56666-0392.fits
7102/spec-7102-56666-0393.fits
7102/spec-7102-56666-0394.fits
7102/spec-7102-56666-0395.fits
7102/spec-7102-56666-0396.fits
7102/spec-7102-56666-0397.fits
7102/spec-7102-56666-0398.fits
7102/spec-7102-56666-0399.fits
7102/spec-7102-56666-0400.fits
7102/spec-7102-56666-0401.fits
7102/spec-7102-56666-0402.fits
7102/spec-7102-56666-0403.fits
7102/spec-7102-56666-0404.fits
7102/spec-7102-56666-0405.fits
7102/spec-7102-56666-0406.fits
7102/spec-7102-56666-0407.fits
7102/spec-7102-56666-0408.fits
7102/spec-7102-56666-0409.fits
7102/spec-7102-56666-0410.fits
7102/spec-7102-56666-0411.fits
7102/spec-7102-56666-0412.fits
7102/spec-7102-56666-0413.fits
7102/spec-7102-56666-0414.fits
7102/spec-7102-56666-0415.fits
7102/spec-7102-56666-0416.fits
7102/spec-7102-56666-0417.fits
7102/spec-7102-56666-0418.fits
7102/spec-7102-56666-0419.fits
7102/spec-7102-56666-0420.fits
7102/spec-7102-56666-0421.fits
7102/spec-7102-56666-0422.fits
7102/spec-7102-56666-0423.fits
7102/spec-7102-56666-0424.fits
7102/spec-7102-56666-0425.fits
7102/spec-7102-56666-0426.fits
7102/spec-7102-56666-0427.fits
7102/spec-7102-56666-0428.fits
7102/spec-7102-56666-0429.fits
7102/spec-7102-56666-0430.fits
7102/spec-7102-56666-0431.fits
7102/spec-7102-56666-0432.fits
7102/spec-7102-56666-0433.fits
7102/spec-7102-56666-0434.fits
7102/spec-7102-56666-0435.fits
7102/spec-7102-56666-0436.fits
7102/spec-7102-56666-0437.fits
7102/spec-7102-56666-0438.fits
7102/spec-7102-56666-0439.fits
7102/spec-7102-56666-0440.fits
7102/spec-7102-56666-0441.fits
7102/spec-7102-56666-0442.fits
7102/spec-7102-56666-0443.fits
7102/spec-7102-56666-0444.fits
7102/spec-7102-56666-0445.fits
7102/spec-7102-56666-0446.fits
7102/spec-7102-56666-0447.fits
7102/spec-7102-56666-0448.fits
7102/spec-7102-56666-0449.fits
7102/spec-7102-56666-0450.fits
7102/spec-7102-56666-0451.fits
7102/spec-7102-56666-0452.fits
7102/spec-7102-56666-0453.fits
7102/spec-7102-56666-0454.fits
7102/spec-7102-56666-0455.fits
7102/spec-7102-56666-0456.fits
7102/spec-7102-56666-0457.fits
7102/spec-7102-56666-0458.fits
7102/spec-7102-56666-0459.fits
7102/spec-7102-56666-0460.fits
7102/spec-7102-56666-0461.fits
7102/spec-7102-56666-0462.fits
7102/spec-7102-56666-0463.fits
7102/spec-7102-56666-0464.fits
7102/spec-7102-56666-0465.fits
7102/spec-7102-56666-0466.fits
7102/spec-7102-56666-0467.fits
7102/spec-7102-56666-0468.fits
7102/spec-7102-56666-0469.fits
7102/spec-7102-56666-0470.fits
7102/spec-7102-56666-0471.fits
7102/spec-7102-56666-0472.fits
7102/spec-7102-56666-0473.fits
7102/spec-7102-56666-0474.fits
7102/spec-7102-56666-0475.fits
7102/spec-7102-56666-0476.fits
7102/spec-7102-56666-0477.fits
7102/spec-7102-56666-0478.fits
7102/spec-7102-56666-0479.fits
7102/spec-7102-56666-0480.fits
7102/spec-7102-56666-0481.fits
7102/spec-7102-56666-0482.fits
7102/spec-7102-56666-0483.fits
7102/spec-7102-56666-0484.fits
7102/spec-7102-56666-0485.fits
7102/spec-7102-56666-0486.fits
7102/spec-7102-56666-0487.fits
7102/spec-7102-56666-0488.fits
7102/spec-7102-56666-0489.fits
7102/spec-7102-56666-0490.fits
7102/spec-7102-56666-0491.fits
7102/spec-7102-56666-0492.fits
7102/spec-7102-56666-0493.fits
7102/spec-7102-56666-0494.fits
7102/spec-7102-56666-0495.fits
7102/spec-7102-56666-0496.fits
7102/spec-7102-56666-0497.fits
7102/spec-7102-56666-0498.fits
7102/spec-7102-56666-0499.fits
7102/spec-7102-56666-0500.fits
7102/spec-7102-56666-0501.fits
7102/spec-7102-56666-0502.fits
7102/spec-7102-56666-0503.fits
7102/spec-7102-56666-0504.fits
7102/spec-7102-56666-0505.fits
7102/spec-7102-56666-0506.fits
7102/spec-7102-56666-0507.fits
7102/spec-7102-56666-0508.fits
7102/spec-7102-56666-0509.fits
7102/spec-7102-56666-0510.fits
7102/spec-7102-56666-0511.fits
7102/spec-7102-56666-0512.fits
7102/spec-7102-56666-0513.fits
7102/spec-7102-56666-0514.fits
7102/spec-7102-56666-0515.fits
7102/spec-7102-56666-0516.fits
7102/spec-7102-56666-0517.fits
7102/spec-7102-56666-0518.fits
7102/spec-7102-56666-0519.fits
7102/spec-7102-56666-0520.fits
7102/spec-7102-56666-0521.fits
7102/spec-7102-56666-0522.fits
7102/spec-7102-56666-0523.fits
7102/spec-7102-56666-0524.fits
7102/spec-7102-56666-0525.fits
7102/spec-7102-56666-0526.fits
7102/spec-7102-56666-0527.fits
7102/spec-7102-56666-0528.fits
7102/spec-7102-56666-0529.fits
7102/spec-7102-56666-0530.fits
7102/spec-7102-56666-0531.fits
7102/spec-7102-56666-0532.fits
7102/spec-7102-56666-0533.fits
7102/spec-7102-56666-0534.fits
7102/spec-7102-56666-0535.fits
7102/spec-7102-56666-0536.fits
7102/spec-7102-56666-0537.fits
7102/spec-7102-56666-0538.fits
7102/spec-7102-56666-0539.fits
7102/spec-7102-56666-0540.fits
7102/spec-7102-56666-0541.fits
7102/spec-7102-56666-0542.fits
7102/spec-7102-56666-0543.fits
7102/spec-7102-56666-0544.fits
7102/spec-7102-56666-0545.fits
7102/spec-7102-56666-0546.fits
7102/spec-7102-56666-0547.fits
7102/spec-7102-56666-0548.fits
7102/spec-7102-56666-0549.fits
7102/spec-7102-56666-0550.fits
7102/spec-7102-56666-0551.fits
7102/spec-7102-56666-0552.fits
7102/spec-7102-56666-0553.fits
7102/spec-7102-56666-0554.fits
7102/spec-7102-56666-0555.fits
7102/spec-7102-56666-0556.fits
7102/spec-7102-56666-0557.fits
7102/spec-7102-56666-0558.fits
7102/spec-7102-56666-0559.fits
7102/spec-7102-56666-0560.fits
7102/spec-7102-56666-0561.fits
7102/spec-7102-56666-0562.fits
7102/spec-7102-56666-0563.fits
7102/spec-7102-56666-0564.fits
7102/spec-7102-56666-0565.fits
7102/spec-7102-56666-0566.fits
7102/spec-7102-56666-0567.fits
7102/spec-7102-56666-0568.fits
7102/spec-7102-56666-0569.fits
7102/spec-7102-56666-0570.fits
7102/spec-7102-56666-0571.fits
7102/spec-7102-56666-0572.fits
7102/spec-7102-56666-0573.fits
7102/spec-7102-56666-0574.fits
7102/spec-7102-56666-0575.fits
7102/spec-7102-56666-0576.fits
7102/spec-7102-56666-0577.fits
7102/spec-7102-56666-0578.fits
7102/spec-7102-56666-0579.fits
7102/spec-7102-56666-0580.fits
7102/spec-7102-56666-0581.fits
7102/spec-7102-56666-0582.fits
7102/spec-7102-56666-0583.fits
7102/spec-7102-56666-0584.fits
7102/spec-7102-56666-0585.fits
7102/spec-7102-56666-0586.fits
7102/spec-7102-56666-0587.fits
7102/spec-7102-56666-0588.fits
7102/spec-7102-56666-0589.fits
7102/spec-7102-56666-0590.fits
7102/spec-7102-56666-0591.fits
7102/spec-7102-56666-0592.fits
7102/spec-7102-56666-0593.fits
7102/spec-7102-56666-0594.fits
7102/spec-7102-56666-0595.fits
7102/spec-7102-56666-0596.fits
7102/spec-7102-56666-0597.fits
7102/spec-7102-56666-0598.fits
7102/spec-7102-56666-0599.fits
7102/spec-7102-56666-0600.fits
7102/spec-7102-56666-0601.fits
7102/spec-7102-56666-0602.fits
7102/spec-7102-56666-0603.fits
7102/spec-7102-56666-0604.fits
7102/spec-7102-56666-0605.fits
7102/spec-7102-56666-0606.fits
7102/spec-7102-56666-0607.fits
7102/spec-7102-56666-0608.fits
7102/spec-7102-56666-0609.fits
7102/spec-7102-56666-0610.fits
7102/spec-7102-56666-0611.fits
7102/spec-7102-56666-0612.fits
7102/spec-7102-56666-0613.fits
7102/spec-7102-56666-0614.fits
7102/spec-7102-56666-0615.fits
7102/spec-7102-56666-0616.fits
7102/spec-7102-56666-0617.fits
7102/spec-7102-56666-0618.fits
7102/spec-7102-56666-0619.fits
7102/spec-7102-56666-0620.fits
7102/spec-7102-56666-0621.fits
7102/spec-7102-56666-0622.fits
7102/spec-7102-56666-0623.fits
7102/spec-7102-56666-0624.fits
7102/spec-7102-56666-0625.fits
7102/spec-7102-56666-0626.fits
7102/spec-7102-56666-0627.fits
7102/spec-7102-56666-0628.fits
7102/spec-7102-56666-0629.fits
7102/spec-7102-56666-0630.fits
7102/spec-7102-56666-0631.fits
7102/spec-7102-56666-0632.fits
7102/spec-7102-56666-0633.fits
7102/spec-7102-56666-0634.fits
7102/spec-7102-56666-0635.fits
7102/spec-7102-56666-0636.fits
7102/spec-7102-56666-0637.fits
7102/spec-7102-56666-0638.fits
7102/spec-7102-56666-0639.fits
7102/spec-7102-56666-0640.fits
7102/spec-7102-56666-0641.fits
7102/spec-7102-56666-0642.fits
7102/spec-7102-56666-0643.fits
7102/spec-7102-56666-0644.fits
7102/spec-7102-56666-0645.fits
7102/spec-7102-56666-0646.fits
7102/spec-7102-56666-0647.fits
7102/spec-7102-56666-0648.fits
7102/spec-7102-56666-0649.fits
7102/spec-7102-56666-0650.fits
7102/spec-7102-56666-0651.fits
7102/spec-7102-56666-0652.fits
7102/spec-7102-56666-0653.fits
7102/spec-7102-56666-0654.fits
7102/spec-7102-56666-0655.fits
7102/spec-7102-56666-0656.fits
7102/spec-7102-56666-0657.fits
7102/spec-7102-56666-0658.fits
7102/spec-7102-56666-0659.fits
7102/spec-7102-56666-0660.fits
7102/spec-7102-56666-0661.fits
7102/spec-7102-56666-0662.fits
7102/spec-7102-56666-0663.fits
7102/spec-7102-56666-0664.fits
7102/spec-7102-56666-0665.fits
7102/spec-7102-56666-0666.fits
7102/spec-7102-56666-0667.fits
7102/spec-7102-56666-0668.fits
7102/spec-7102-56666-0669.fits
7102/spec-7102-56666-0670.fits
7102/spec-7102-56666-0671.fits
7102/spec-7102-56666-0672.fits
7102/spec-7102-56666-0673.fits
7102/spec-7102-56666-0674.fits
7102/spec-7102-56666-0675.fits
7102/spec-7102-56666-0676.fits
7102/spec-7102-56666-0677.fits
7102/spec-7102-56666-0678.fits
7102/spec-7102-56666-0679.fits
7102/spec-7102-56666-0680.fits
7102/spec-7102-56666-0681.fits
7102/spec-7102-56666-0682.fits
7102/spec-7102-56666-0683.fits
7102/spec-7102-56666-0684.fits
7102/spec-7102-56666-0685.fits
7102/spec-7102-56666-0686.fits
7102/spec-7102-56666-0687.fits
7102/spec-7102-56666-0688.fits
7102/spec-7102-56666-0689.fits
7102/spec-7102-56666-0690.fits
7102/spec-7102-56666-0691.fits
7102/spec-7102-56666-0692.fits
7102/spec-7102-56666-0693.fits
7102/spec-7102-56666-0694.fits
7102/spec-7102-56666-0695.fits
7102/spec-7102-56666-0696.fits
7102/spec-7102-56666-0697.fits
7102/spec-7102-56666-0698.fits
7102/spec-7102-56666-0699.fits
7102/spec-7102-56666-0700.fits
7102/spec-7102-56666-0701.fits
7102/spec-7102-56666-0702.fits
7102/spec-7102-56666-0703.fits
7102/spec-7102-56666-0704.fits
7102/spec-7102-56666-0705.fits
7102/spec-7102-56666-0706.fits
7102/spec-7102-56666-0707.fits
7102/spec-7102-56666-0708.fits
7102/spec-7102-56666-0709.fits
7102/spec-7102-56666-0710.fits
7102/spec-7102-56666-0711.fits
7102/spec-7102-56666-0712.fits
7102/spec-7102-56666-0713.fits
7102/spec-7102-56666-0714.fits
7102/spec-7102-56666-0715.fits
7102/spec-7102-56666-0716.fits
7102/spec-7102-56666-0717.fits
7102/spec-7102-56666-0718.fits
7102/spec-7102-56666-0719.fits
7102/spec-7102-56666-0720.fits
7102/spec-7102-56666-0721.fits
7102/spec-7102-56666-0722.fits
7102/spec-7102-56666-0723.fits
7102/spec-7102-56666-0724.fits
7102/spec-7102-56666-0725.fits
7102/spec-7102-56666-0726.fits
7102/spec-7102-56666-0727.fits
7102/spec-7102-56666-0728.fits
7102/spec-7102-56666-0729.fits
7102/spec-7102-56666-0730.fits
7102/spec-7102-56666-0731.fits
7102/spec-7102-56666-0732.fits
7102/spec-7102-56666-0733.fits
7102/spec-7102-56666-0734.fits
7102/spec-7102-56666-0735.fits
7102/spec-7102-56666-0736.fits
7102/spec-7102-56666-0737.fits
7102/spec-7102-56666-0738.fits
7102/spec-7102-56666-0739.fits
7102/spec-7102-56666-0740.fits
7102/spec-7102-56666-0741.fits
7102/spec-7102-56666-0742.fits
7102/spec-7102-56666-0743.fits
7102/spec-7102-56666-0744.fits
7102/spec-7102-56666-0745.fits
7102/spec-7102-56666-0746.fits
7102/spec-7102-56666-0747.fits
7102/spec-7102-56666-0748.fits
7102/spec-7102-56666-0749.fits
7102/spec-7102-56666-0750.fits
7102/spec-7102-56666-0751.fits
7102/spec-7102-56666-0752.fits
7102/spec-7102-56666-0753.fits
7102/spec-7102-56666-0754.fits
7102/spec-7102-56666-0755.fits
7102/spec-7102-56666-0756.fits
7102/spec-7102-56666-0757.fits
7102/spec-7102-56666-0758.fits
7102/spec-7102-56666-0759.fits
7102/spec-7102-56666-0760.fits
7102/spec-7102-56666-0761.fits
7102/spec-7102-56666-0762.fits
7102/spec-7102-56666-0763.fits
7102/spec-7102-56666-0764.fits
7102/spec-7102-56666-0765.fits
7102/spec-7102-56666-0766.fits
7102/spec-7102-56666-0767.fits
7102/spec-7102-56666-0768.fits
7102/spec-7102-56666-0769.fits
7102/spec-7102-56666-0770.fits
7102/spec-7102-56666-0771.fits
7102/spec-7102-56666-0772.fits
7102/spec-7102-56666-0773.fits
7102/spec-7102-56666-0774.fits
7102/spec-7102-56666-0775.fits
7102/spec-7102-56666-0776.fits
7102/spec-7102-56666-0777.fits
7102/spec-7102-56666-0778.fits
7102/spec-7102-56666-0779.fits
7102/spec-7102-56666-0780.fits
7102/spec-7102-56666-0781.fits
7102/spec-7102-56666-0782.fits
7102/spec-7102-56666-0783.fits
7102/spec-7102-56666-0784.fits
7102/spec-7102-56666-0785.fits
7102/spec-7102-56666-0786.fits
7102/spec-7102-56666-0787.fits
7102/spec-7102-56666-0788.fits
7102/spec-7102-56666-0789.fits
7102/spec-7102-56666-0790.fits
7102/spec-7102-56666-0791.fits
7102/spec-7102-56666-0792.fits
7102/spec-7102-56666-0793.fits
7102/spec-7102-56666-0794.fits
7102/spec-7102-56666-0795.fits
7102/spec-7102-56666-0796.fits
7102/spec-7102-56666-0797.fits
7102/spec-7102-56666-0798.fits
7102/spec-7102-56666-0799.fits
7102/spec-7102-56666-0800.fits
7102/spec-7102-56666-0801.fits
7102/spec-7102-56666-0802.fits
7102/spec-7102-56666-0803.fits
7102/spec-7102-56666-0804.fits
7102/spec-7102-56666-0805.fits
7102/spec-7102-56666-0806.fits
7102/spec-7102-56666-0807.fits
7102/spec-7102-56666-0808.fits
7102/spec-7102-56666-0809.fits
7102/spec-7102-56666-0810.fits
7102/spec-7102-56666-0811.fits
7102/spec-7102-56666-0812.fits
7102/spec-7102-56666-0813.fits
7102/spec-7102-56666-0814.fits
7102/spec-7102-56666-0815.fits
7102/spec-7102-56666-0816.fits
7102/spec-7102-56666-0817.fits
7102/spec-7102-56666-0818.fits
7102/spec-7102-56666-0819.fits
7102/spec-7102-56666-0820.fits
7102/spec-7102-56666-0821.fits
7102/spec-7102-56666-0822.fits
7102/spec-7102-56666-0823.fits
7102/spec-7102-56666-0824.fits
7102/spec-7102-56666-0825.fits
7102/spec-7102-56666-0826.fits
7102/spec-7102-56666-0827.fits
7102/spec-7102-56666-0828.fits
7102/spec-7102-56666-0829.fits
7102/spec-7102-56666-0830.fits
7102/spec-7102-56666-0831.fits
7102/spec-7102-56666-0832.fits
7102/spec-7102-56666-0833.fits
7102/spec-7102-56666-0834.fits
7102/spec-7102-56666-0835.fits
7102/spec-7102-56666-0836.fits
7102/spec-7102-56666-0837.fits
7102/spec-7102-56666-0838.fits
7102/spec-7102-56666-0839.fits
7102/spec-7102-56666-0840.fits
7102/spec-7102-56666-0841.fits
7102/spec-7102-56666-0842.fits
7102/spec-7102-56666-0843.fits
7102/spec-7102-56666-0844.fits
7102/spec-7102-56666-0845.fits
7102/spec-7102-56666-0846.fits
7102/spec-7102-56666-0847.fits
7102/spec-7102-56666-0848.fits
7102/spec-7102-56666-0849.fits
7102/spec-7102-56666-0850.fits
7102/spec-7102-56666-0851.fits
7102/spec-7102-56666-0852.fits
7102/spec-7102-56666-0853.fits
7102/spec-7102-56666-0854.fits
7102/spec-7102-56666-0855.fits
7102/spec-7102-56666-0856.fits
7102/spec-7102-56666-0857.fits
7102/spec-7102-56666-0858.fits
7102/spec-7102-56666-0859.fits
7102/spec-7102-56666-0860.fits
7102/spec-7102-56666-0861.fits
7102/spec-7102-56666-0862.fits
7102/spec-7102-56666-0863.fits
7102/spec-7102-56666-0864.fits
7102/spec-7102-56666-0865.fits
7102/spec-7102-56666-0866.fits
7102/spec-7102-56666-0867.fits
7102/spec-7102-56666-0868.fits
7102/spec-7102-56666-0869.fits
7102/spec-7102-56666-0870.fits
7102/spec-7102-56666-0871.fits
7102/spec-7102-56666-0872.fits
7102/spec-7102-56666-0873.fits
7102/spec-7102-56666-0874.fits
7102/spec-7102-56666-0875.fits
7102/spec-7102-56666-0876.fits
7102/spec-7102-56666-0877.fits
7102/spec-7102-56666-0878.fits
7102/spec-7102-56666-0879.fits
7102/spec-7102-56666-0880.fits
7102/spec-7102-56666-0881.fits
7102/spec-7102-56666-0882.fits
7102/spec-7102-56666-0883.fits
7102/spec-7102-56666-0884.fits
7102/spec-7102-56666-0885.fits
7102/spec-7102-56666-0886.fits
7102/spec-7102-56666-0887.fits
7102/spec-7102-56666-0888.fits
7102/spec-7102-56666-0889.fits
7102/spec-7102-56666-0890.fits
7102/spec-7102-56666-0891.fits
7102/spec-7102-56666-0892.fits
7102/spec-7102-56666-0893.fits
7102/spec-7102-56666-0894.fits
7102/spec-7102-56666-0895.fits
7102/spec-7102-56666-0896.fits
7102/spec-7102-56666-0897.fits
7102/spec-7102-56666-0898.fits
7102/spec-7102-56666-0899.fits
7102/spec-7102-56666-0900.fits
7102/spec-7102-56666-0901.fits
7102/spec-7102-56666-0902.fits
7102/spec-7102-56666-0903.fits
7102/spec-7102-56666-0904.fits
7102/spec-7102-56666-0905.fits
7102/spec-7102-56666-0906.fits
7102/spec-7102-56666-0907.fits
7102/spec-7102-56666-0908.fits
7102/spec-7102-56666-0909.fits
7102/spec-7102-56666-0910.fits
7102/spec-7102-56666-0911.fits
7102/spec-7102-56666-0912.fits
7102/spec-7102-56666-0913.fits
7102/spec-7102-56666-0914.fits
7102/spec-7102-56666-0915.fits
7102/spec-7102-56666-0916.fits
7102/spec-7102-56666-0917.fits
7102/spec-7102-56666-0918.fits
7102/spec-7102-56666-0919.fits
7102/spec-7102-56666-0920.fits
7102/spec-7102-56666-0921.fits
7102/spec-7102-56666-0922.fits
7102/spec-7102-56666-0923.fits
7102/spec-7102-56666-0924.fits
7102/spec-7102-56666-0925.fits
7102/spec-7102-56666-0926.fits
7102/spec-7102-56666-0927.fits
7102/spec-7102-56666-0928.fits
7102/spec-7102-56666-0929.fits
7102/spec-7102-56666-0930.fits
7102/spec-7102-56666-0931.fits
7102/spec-7102-56666-0932.fits
7102/spec-7102-56666-0933.fits
7102/spec-7102-56666-0934.fits
7102/spec-7102-56666-0935.fits
7102/spec-7102-56666-0936.fits
7102/spec-7102-56666-0937.fits
7102/spec-7102-56666-0938.fits
7102/spec-7102-56666-0939.fits
7102/spec-7102-56666-0940.fits
7102/spec-7102-56666-0941.fits
7102/spec-7102-56666-0942.fits
7102/spec-7102-56666-0943.fits
7102/spec-7102-56666-0944.fits
7102/spec-7102-56666-0945.fits
7102/spec-7102-56666-0946.fits
7102/spec-7102-56666-0947.fits
7102/spec-7102-56666-0948.fits
7102/spec-7102-56666-0949.fits
7102/spec-7102-56666-0950.fits
7102/spec-7102-56666-0951.fits
7102/spec-7102-56666-0952.fits
7102/spec-7102-56666-0953.fits
7102/spec-7102-56666-0954.fits
7102/spec-7102-56666-0955.fits
7102/spec-7102-56666-0956.fits
7102/spec-7102-56666-0957.fits
7102/spec-7102-56666-0958.fits
7102/spec-7102-56666-0959.fits
7102/spec-7102-56666-0960.fits
7102/spec-7102-56666-0961.fits
7102/spec-7102-56666-0962.fits
7102/spec-7102-56666-0963.fits
7102/spec-7102-56666-0964.fits
7102/spec-7102-56666-0965.fits
7102/spec-7102-56666-0966.fits
7102/spec-7102-56666-0967.fits
7102/spec-7102-56666-0968.fits
7102/spec-7102-56666-0969.fits
7102/spec-7102-56666-0970.fits
7102/spec-7102-56666-0971.fits
7102/spec-7102-56666-0972.fits
7102/spec-7102-56666-0973.fits
7102/spec-7102-56666-0974.fits
7102/spec-7102-56666-0975.fits
7102/spec-7102-56666-0976.fits
7102/spec-7102-56666-0977.fits
7102/spec-7102-56666-0978.fits
7102/spec-7102-56666-0979.fits
7102/spec-7102-56666-0980.fits
7102/spec-7102-56666-0981.fits
7102/spec-7102-56666-0982.fits
7102/spec-7102-56666-0983.fits
7102/spec-7102-56666-0984.fits
7102/spec-7102-56666-0985.fits
7102/spec-7102-56666-0986.fits
7102/spec-7102-56666-0987.fits
7102/spec-7102-56666-0988.fits
7102/spec-7102-56666-0989.fits
7102/spec-7102-56666-0990.fits
7102/spec-7102-56666-0991.fits
7102/spec-7102-56666-0992.fits
7102/spec-7102-56666-0993.fits
7102/spec-7102-56666-0994.fits
7102/spec-7102-56666-0995.fits
7102/spec-7102-56666-0996.fits
7102/spec-7102-56666-0997.fits
7102/spec-7102-56666-0998.fits
7102/spec-7102-56666-0999.fits
7102/spec-7102-56666-1000.fits
/var/lib/condor/execute/slot1/dir_34304
7102 7102.tgz R R361.tar.gz _condor_stderr _condor_stdout cB58_Lyman_break.fit condor_exec.exe hw4.R packages packages.tar.gz tmp var
[1] "Loaded package astro."
[1] 1000
7102 7102.csv 7102.tgz R R361.tar.gz _condor_stderr _condor_stdout cB58_Lyman_break.fit condor_exec.exe hw4.R packages packages.tar.gz tmp var
