7106
7106/
7106/spec-7106-56663-0001.fits
7106/spec-7106-56663-0002.fits
7106/spec-7106-56663-0003.fits
7106/spec-7106-56663-0004.fits
7106/spec-7106-56663-0005.fits
7106/spec-7106-56663-0006.fits
7106/spec-7106-56663-0007.fits
7106/spec-7106-56663-0008.fits
7106/spec-7106-56663-0009.fits
7106/spec-7106-56663-0010.fits
7106/spec-7106-56663-0011.fits
7106/spec-7106-56663-0012.fits
7106/spec-7106-56663-0013.fits
7106/spec-7106-56663-0014.fits
7106/spec-7106-56663-0015.fits
7106/spec-7106-56663-0016.fits
7106/spec-7106-56663-0017.fits
7106/spec-7106-56663-0018.fits
7106/spec-7106-56663-0019.fits
7106/spec-7106-56663-0020.fits
7106/spec-7106-56663-0021.fits
7106/spec-7106-56663-0022.fits
7106/spec-7106-56663-0023.fits
7106/spec-7106-56663-0024.fits
7106/spec-7106-56663-0025.fits
7106/spec-7106-56663-0026.fits
7106/spec-7106-56663-0027.fits
7106/spec-7106-56663-0028.fits
7106/spec-7106-56663-0029.fits
7106/spec-7106-56663-0030.fits
7106/spec-7106-56663-0031.fits
7106/spec-7106-56663-0032.fits
7106/spec-7106-56663-0033.fits
7106/spec-7106-56663-0034.fits
7106/spec-7106-56663-0035.fits
7106/spec-7106-56663-0036.fits
7106/spec-7106-56663-0037.fits
7106/spec-7106-56663-0038.fits
7106/spec-7106-56663-0039.fits
7106/spec-7106-56663-0040.fits
7106/spec-7106-56663-0041.fits
7106/spec-7106-56663-0042.fits
7106/spec-7106-56663-0043.fits
7106/spec-7106-56663-0044.fits
7106/spec-7106-56663-0045.fits
7106/spec-7106-56663-0046.fits
7106/spec-7106-56663-0047.fits
7106/spec-7106-56663-0048.fits
7106/spec-7106-56663-0049.fits
7106/spec-7106-56663-0050.fits
7106/spec-7106-56663-0051.fits
7106/spec-7106-56663-0052.fits
7106/spec-7106-56663-0053.fits
7106/spec-7106-56663-0054.fits
7106/spec-7106-56663-0055.fits
7106/spec-7106-56663-0056.fits
7106/spec-7106-56663-0057.fits
7106/spec-7106-56663-0058.fits
7106/spec-7106-56663-0059.fits
7106/spec-7106-56663-0060.fits
7106/spec-7106-56663-0061.fits
7106/spec-7106-56663-0062.fits
7106/spec-7106-56663-0063.fits
7106/spec-7106-56663-0064.fits
7106/spec-7106-56663-0065.fits
7106/spec-7106-56663-0066.fits
7106/spec-7106-56663-0067.fits
7106/spec-7106-56663-0068.fits
7106/spec-7106-56663-0069.fits
7106/spec-7106-56663-0070.fits
7106/spec-7106-56663-0071.fits
7106/spec-7106-56663-0072.fits
7106/spec-7106-56663-0073.fits
7106/spec-7106-56663-0074.fits
7106/spec-7106-56663-0075.fits
7106/spec-7106-56663-0076.fits
7106/spec-7106-56663-0077.fits
7106/spec-7106-56663-0078.fits
7106/spec-7106-56663-0079.fits
7106/spec-7106-56663-0080.fits
7106/spec-7106-56663-0081.fits
7106/spec-7106-56663-0082.fits
7106/spec-7106-56663-0083.fits
7106/spec-7106-56663-0084.fits
7106/spec-7106-56663-0085.fits
7106/spec-7106-56663-0086.fits
7106/spec-7106-56663-0087.fits
7106/spec-7106-56663-0088.fits
7106/spec-7106-56663-0089.fits
7106/spec-7106-56663-0090.fits
7106/spec-7106-56663-0091.fits
7106/spec-7106-56663-0092.fits
7106/spec-7106-56663-0093.fits
7106/spec-7106-56663-0094.fits
7106/spec-7106-56663-0095.fits
7106/spec-7106-56663-0096.fits
7106/spec-7106-56663-0097.fits
7106/spec-7106-56663-0098.fits
7106/spec-7106-56663-0099.fits
7106/spec-7106-56663-0100.fits
7106/spec-7106-56663-0101.fits
7106/spec-7106-56663-0102.fits
7106/spec-7106-56663-0103.fits
7106/spec-7106-56663-0104.fits
7106/spec-7106-56663-0105.fits
7106/spec-7106-56663-0106.fits
7106/spec-7106-56663-0107.fits
7106/spec-7106-56663-0108.fits
7106/spec-7106-56663-0109.fits
7106/spec-7106-56663-0110.fits
7106/spec-7106-56663-0111.fits
7106/spec-7106-56663-0112.fits
7106/spec-7106-56663-0113.fits
7106/spec-7106-56663-0114.fits
7106/spec-7106-56663-0115.fits
7106/spec-7106-56663-0116.fits
7106/spec-7106-56663-0117.fits
7106/spec-7106-56663-0118.fits
7106/spec-7106-56663-0119.fits
7106/spec-7106-56663-0120.fits
7106/spec-7106-56663-0121.fits
7106/spec-7106-56663-0122.fits
7106/spec-7106-56663-0123.fits
7106/spec-7106-56663-0124.fits
7106/spec-7106-56663-0125.fits
7106/spec-7106-56663-0126.fits
7106/spec-7106-56663-0127.fits
7106/spec-7106-56663-0128.fits
7106/spec-7106-56663-0129.fits
7106/spec-7106-56663-0130.fits
7106/spec-7106-56663-0131.fits
7106/spec-7106-56663-0132.fits
7106/spec-7106-56663-0133.fits
7106/spec-7106-56663-0134.fits
7106/spec-7106-56663-0135.fits
7106/spec-7106-56663-0136.fits
7106/spec-7106-56663-0137.fits
7106/spec-7106-56663-0138.fits
7106/spec-7106-56663-0139.fits
7106/spec-7106-56663-0140.fits
7106/spec-7106-56663-0141.fits
7106/spec-7106-56663-0142.fits
7106/spec-7106-56663-0143.fits
7106/spec-7106-56663-0144.fits
7106/spec-7106-56663-0145.fits
7106/spec-7106-56663-0146.fits
7106/spec-7106-56663-0147.fits
7106/spec-7106-56663-0148.fits
7106/spec-7106-56663-0149.fits
7106/spec-7106-56663-0150.fits
7106/spec-7106-56663-0151.fits
7106/spec-7106-56663-0152.fits
7106/spec-7106-56663-0153.fits
7106/spec-7106-56663-0154.fits
7106/spec-7106-56663-0155.fits
7106/spec-7106-56663-0156.fits
7106/spec-7106-56663-0157.fits
7106/spec-7106-56663-0158.fits
7106/spec-7106-56663-0159.fits
7106/spec-7106-56663-0160.fits
7106/spec-7106-56663-0161.fits
7106/spec-7106-56663-0162.fits
7106/spec-7106-56663-0163.fits
7106/spec-7106-56663-0164.fits
7106/spec-7106-56663-0165.fits
7106/spec-7106-56663-0166.fits
7106/spec-7106-56663-0167.fits
7106/spec-7106-56663-0168.fits
7106/spec-7106-56663-0169.fits
7106/spec-7106-56663-0170.fits
7106/spec-7106-56663-0171.fits
7106/spec-7106-56663-0172.fits
7106/spec-7106-56663-0173.fits
7106/spec-7106-56663-0174.fits
7106/spec-7106-56663-0175.fits
7106/spec-7106-56663-0176.fits
7106/spec-7106-56663-0177.fits
7106/spec-7106-56663-0178.fits
7106/spec-7106-56663-0179.fits
7106/spec-7106-56663-0180.fits
7106/spec-7106-56663-0181.fits
7106/spec-7106-56663-0182.fits
7106/spec-7106-56663-0183.fits
7106/spec-7106-56663-0184.fits
7106/spec-7106-56663-0185.fits
7106/spec-7106-56663-0186.fits
7106/spec-7106-56663-0187.fits
7106/spec-7106-56663-0188.fits
7106/spec-7106-56663-0189.fits
7106/spec-7106-56663-0190.fits
7106/spec-7106-56663-0191.fits
7106/spec-7106-56663-0192.fits
7106/spec-7106-56663-0193.fits
7106/spec-7106-56663-0194.fits
7106/spec-7106-56663-0195.fits
7106/spec-7106-56663-0196.fits
7106/spec-7106-56663-0197.fits
7106/spec-7106-56663-0198.fits
7106/spec-7106-56663-0199.fits
7106/spec-7106-56663-0200.fits
7106/spec-7106-56663-0201.fits
7106/spec-7106-56663-0202.fits
7106/spec-7106-56663-0203.fits
7106/spec-7106-56663-0204.fits
7106/spec-7106-56663-0205.fits
7106/spec-7106-56663-0206.fits
7106/spec-7106-56663-0207.fits
7106/spec-7106-56663-0208.fits
7106/spec-7106-56663-0209.fits
7106/spec-7106-56663-0210.fits
7106/spec-7106-56663-0211.fits
7106/spec-7106-56663-0212.fits
7106/spec-7106-56663-0213.fits
7106/spec-7106-56663-0214.fits
7106/spec-7106-56663-0215.fits
7106/spec-7106-56663-0216.fits
7106/spec-7106-56663-0217.fits
7106/spec-7106-56663-0218.fits
7106/spec-7106-56663-0219.fits
7106/spec-7106-56663-0220.fits
7106/spec-7106-56663-0221.fits
7106/spec-7106-56663-0222.fits
7106/spec-7106-56663-0223.fits
7106/spec-7106-56663-0224.fits
7106/spec-7106-56663-0225.fits
7106/spec-7106-56663-0226.fits
7106/spec-7106-56663-0227.fits
7106/spec-7106-56663-0228.fits
7106/spec-7106-56663-0229.fits
7106/spec-7106-56663-0230.fits
7106/spec-7106-56663-0231.fits
7106/spec-7106-56663-0232.fits
7106/spec-7106-56663-0233.fits
7106/spec-7106-56663-0234.fits
7106/spec-7106-56663-0235.fits
7106/spec-7106-56663-0236.fits
7106/spec-7106-56663-0237.fits
7106/spec-7106-56663-0238.fits
7106/spec-7106-56663-0239.fits
7106/spec-7106-56663-0240.fits
7106/spec-7106-56663-0241.fits
7106/spec-7106-56663-0242.fits
7106/spec-7106-56663-0243.fits
7106/spec-7106-56663-0244.fits
7106/spec-7106-56663-0245.fits
7106/spec-7106-56663-0246.fits
7106/spec-7106-56663-0247.fits
7106/spec-7106-56663-0248.fits
7106/spec-7106-56663-0249.fits
7106/spec-7106-56663-0250.fits
7106/spec-7106-56663-0251.fits
7106/spec-7106-56663-0252.fits
7106/spec-7106-56663-0253.fits
7106/spec-7106-56663-0254.fits
7106/spec-7106-56663-0255.fits
7106/spec-7106-56663-0256.fits
7106/spec-7106-56663-0257.fits
7106/spec-7106-56663-0258.fits
7106/spec-7106-56663-0259.fits
7106/spec-7106-56663-0260.fits
7106/spec-7106-56663-0261.fits
7106/spec-7106-56663-0262.fits
7106/spec-7106-56663-0263.fits
7106/spec-7106-56663-0264.fits
7106/spec-7106-56663-0265.fits
7106/spec-7106-56663-0266.fits
7106/spec-7106-56663-0267.fits
7106/spec-7106-56663-0268.fits
7106/spec-7106-56663-0269.fits
7106/spec-7106-56663-0270.fits
7106/spec-7106-56663-0271.fits
7106/spec-7106-56663-0272.fits
7106/spec-7106-56663-0273.fits
7106/spec-7106-56663-0274.fits
7106/spec-7106-56663-0275.fits
7106/spec-7106-56663-0276.fits
7106/spec-7106-56663-0277.fits
7106/spec-7106-56663-0278.fits
7106/spec-7106-56663-0279.fits
7106/spec-7106-56663-0280.fits
7106/spec-7106-56663-0281.fits
7106/spec-7106-56663-0282.fits
7106/spec-7106-56663-0283.fits
7106/spec-7106-56663-0284.fits
7106/spec-7106-56663-0285.fits
7106/spec-7106-56663-0286.fits
7106/spec-7106-56663-0287.fits
7106/spec-7106-56663-0288.fits
7106/spec-7106-56663-0289.fits
7106/spec-7106-56663-0290.fits
7106/spec-7106-56663-0291.fits
7106/spec-7106-56663-0292.fits
7106/spec-7106-56663-0293.fits
7106/spec-7106-56663-0294.fits
7106/spec-7106-56663-0295.fits
7106/spec-7106-56663-0296.fits
7106/spec-7106-56663-0297.fits
7106/spec-7106-56663-0298.fits
7106/spec-7106-56663-0299.fits
7106/spec-7106-56663-0300.fits
7106/spec-7106-56663-0301.fits
7106/spec-7106-56663-0302.fits
7106/spec-7106-56663-0303.fits
7106/spec-7106-56663-0304.fits
7106/spec-7106-56663-0305.fits
7106/spec-7106-56663-0306.fits
7106/spec-7106-56663-0307.fits
7106/spec-7106-56663-0308.fits
7106/spec-7106-56663-0309.fits
7106/spec-7106-56663-0310.fits
7106/spec-7106-56663-0311.fits
7106/spec-7106-56663-0312.fits
7106/spec-7106-56663-0313.fits
7106/spec-7106-56663-0314.fits
7106/spec-7106-56663-0315.fits
7106/spec-7106-56663-0316.fits
7106/spec-7106-56663-0317.fits
7106/spec-7106-56663-0318.fits
7106/spec-7106-56663-0319.fits
7106/spec-7106-56663-0320.fits
7106/spec-7106-56663-0321.fits
7106/spec-7106-56663-0322.fits
7106/spec-7106-56663-0323.fits
7106/spec-7106-56663-0324.fits
7106/spec-7106-56663-0325.fits
7106/spec-7106-56663-0326.fits
7106/spec-7106-56663-0327.fits
7106/spec-7106-56663-0328.fits
7106/spec-7106-56663-0329.fits
7106/spec-7106-56663-0330.fits
7106/spec-7106-56663-0331.fits
7106/spec-7106-56663-0332.fits
7106/spec-7106-56663-0333.fits
7106/spec-7106-56663-0334.fits
7106/spec-7106-56663-0335.fits
7106/spec-7106-56663-0336.fits
7106/spec-7106-56663-0337.fits
7106/spec-7106-56663-0338.fits
7106/spec-7106-56663-0339.fits
7106/spec-7106-56663-0340.fits
7106/spec-7106-56663-0341.fits
7106/spec-7106-56663-0342.fits
7106/spec-7106-56663-0343.fits
7106/spec-7106-56663-0344.fits
7106/spec-7106-56663-0345.fits
7106/spec-7106-56663-0346.fits
7106/spec-7106-56663-0347.fits
7106/spec-7106-56663-0348.fits
7106/spec-7106-56663-0349.fits
7106/spec-7106-56663-0350.fits
7106/spec-7106-56663-0351.fits
7106/spec-7106-56663-0352.fits
7106/spec-7106-56663-0353.fits
7106/spec-7106-56663-0354.fits
7106/spec-7106-56663-0355.fits
7106/spec-7106-56663-0356.fits
7106/spec-7106-56663-0357.fits
7106/spec-7106-56663-0358.fits
7106/spec-7106-56663-0359.fits
7106/spec-7106-56663-0360.fits
7106/spec-7106-56663-0361.fits
7106/spec-7106-56663-0362.fits
7106/spec-7106-56663-0363.fits
7106/spec-7106-56663-0364.fits
7106/spec-7106-56663-0365.fits
7106/spec-7106-56663-0366.fits
7106/spec-7106-56663-0367.fits
7106/spec-7106-56663-0368.fits
7106/spec-7106-56663-0369.fits
7106/spec-7106-56663-0370.fits
7106/spec-7106-56663-0371.fits
7106/spec-7106-56663-0372.fits
7106/spec-7106-56663-0373.fits
7106/spec-7106-56663-0374.fits
7106/spec-7106-56663-0375.fits
7106/spec-7106-56663-0376.fits
7106/spec-7106-56663-0377.fits
7106/spec-7106-56663-0378.fits
7106/spec-7106-56663-0379.fits
7106/spec-7106-56663-0380.fits
7106/spec-7106-56663-0381.fits
7106/spec-7106-56663-0382.fits
7106/spec-7106-56663-0383.fits
7106/spec-7106-56663-0384.fits
7106/spec-7106-56663-0385.fits
7106/spec-7106-56663-0386.fits
7106/spec-7106-56663-0387.fits
7106/spec-7106-56663-0388.fits
7106/spec-7106-56663-0389.fits
7106/spec-7106-56663-0390.fits
7106/spec-7106-56663-0391.fits
7106/spec-7106-56663-0392.fits
7106/spec-7106-56663-0393.fits
7106/spec-7106-56663-0394.fits
7106/spec-7106-56663-0395.fits
7106/spec-7106-56663-0396.fits
7106/spec-7106-56663-0397.fits
7106/spec-7106-56663-0398.fits
7106/spec-7106-56663-0399.fits
7106/spec-7106-56663-0400.fits
7106/spec-7106-56663-0401.fits
7106/spec-7106-56663-0402.fits
7106/spec-7106-56663-0403.fits
7106/spec-7106-56663-0404.fits
7106/spec-7106-56663-0405.fits
7106/spec-7106-56663-0406.fits
7106/spec-7106-56663-0407.fits
7106/spec-7106-56663-0408.fits
7106/spec-7106-56663-0409.fits
7106/spec-7106-56663-0410.fits
7106/spec-7106-56663-0411.fits
7106/spec-7106-56663-0412.fits
7106/spec-7106-56663-0413.fits
7106/spec-7106-56663-0414.fits
7106/spec-7106-56663-0415.fits
7106/spec-7106-56663-0416.fits
7106/spec-7106-56663-0417.fits
7106/spec-7106-56663-0418.fits
7106/spec-7106-56663-0419.fits
7106/spec-7106-56663-0420.fits
7106/spec-7106-56663-0421.fits
7106/spec-7106-56663-0422.fits
7106/spec-7106-56663-0423.fits
7106/spec-7106-56663-0424.fits
7106/spec-7106-56663-0425.fits
7106/spec-7106-56663-0426.fits
7106/spec-7106-56663-0427.fits
7106/spec-7106-56663-0428.fits
7106/spec-7106-56663-0429.fits
7106/spec-7106-56663-0430.fits
7106/spec-7106-56663-0431.fits
7106/spec-7106-56663-0432.fits
7106/spec-7106-56663-0433.fits
7106/spec-7106-56663-0434.fits
7106/spec-7106-56663-0435.fits
7106/spec-7106-56663-0436.fits
7106/spec-7106-56663-0437.fits
7106/spec-7106-56663-0438.fits
7106/spec-7106-56663-0439.fits
7106/spec-7106-56663-0440.fits
7106/spec-7106-56663-0441.fits
7106/spec-7106-56663-0442.fits
7106/spec-7106-56663-0443.fits
7106/spec-7106-56663-0444.fits
7106/spec-7106-56663-0445.fits
7106/spec-7106-56663-0446.fits
7106/spec-7106-56663-0447.fits
7106/spec-7106-56663-0448.fits
7106/spec-7106-56663-0449.fits
7106/spec-7106-56663-0450.fits
7106/spec-7106-56663-0451.fits
7106/spec-7106-56663-0452.fits
7106/spec-7106-56663-0453.fits
7106/spec-7106-56663-0454.fits
7106/spec-7106-56663-0455.fits
7106/spec-7106-56663-0456.fits
7106/spec-7106-56663-0457.fits
7106/spec-7106-56663-0458.fits
7106/spec-7106-56663-0459.fits
7106/spec-7106-56663-0460.fits
7106/spec-7106-56663-0461.fits
7106/spec-7106-56663-0462.fits
7106/spec-7106-56663-0463.fits
7106/spec-7106-56663-0464.fits
7106/spec-7106-56663-0465.fits
7106/spec-7106-56663-0466.fits
7106/spec-7106-56663-0467.fits
7106/spec-7106-56663-0468.fits
7106/spec-7106-56663-0469.fits
7106/spec-7106-56663-0470.fits
7106/spec-7106-56663-0471.fits
7106/spec-7106-56663-0472.fits
7106/spec-7106-56663-0473.fits
7106/spec-7106-56663-0474.fits
7106/spec-7106-56663-0475.fits
7106/spec-7106-56663-0476.fits
7106/spec-7106-56663-0477.fits
7106/spec-7106-56663-0478.fits
7106/spec-7106-56663-0479.fits
7106/spec-7106-56663-0480.fits
7106/spec-7106-56663-0481.fits
7106/spec-7106-56663-0482.fits
7106/spec-7106-56663-0483.fits
7106/spec-7106-56663-0484.fits
7106/spec-7106-56663-0485.fits
7106/spec-7106-56663-0486.fits
7106/spec-7106-56663-0487.fits
7106/spec-7106-56663-0488.fits
7106/spec-7106-56663-0489.fits
7106/spec-7106-56663-0490.fits
7106/spec-7106-56663-0491.fits
7106/spec-7106-56663-0492.fits
7106/spec-7106-56663-0493.fits
7106/spec-7106-56663-0494.fits
7106/spec-7106-56663-0495.fits
7106/spec-7106-56663-0496.fits
7106/spec-7106-56663-0497.fits
7106/spec-7106-56663-0498.fits
7106/spec-7106-56663-0499.fits
7106/spec-7106-56663-0500.fits
7106/spec-7106-56663-0501.fits
7106/spec-7106-56663-0502.fits
7106/spec-7106-56663-0503.fits
7106/spec-7106-56663-0504.fits
7106/spec-7106-56663-0505.fits
7106/spec-7106-56663-0506.fits
7106/spec-7106-56663-0507.fits
7106/spec-7106-56663-0508.fits
7106/spec-7106-56663-0509.fits
7106/spec-7106-56663-0510.fits
7106/spec-7106-56663-0511.fits
7106/spec-7106-56663-0512.fits
7106/spec-7106-56663-0513.fits
7106/spec-7106-56663-0514.fits
7106/spec-7106-56663-0515.fits
7106/spec-7106-56663-0516.fits
7106/spec-7106-56663-0517.fits
7106/spec-7106-56663-0518.fits
7106/spec-7106-56663-0519.fits
7106/spec-7106-56663-0520.fits
7106/spec-7106-56663-0521.fits
7106/spec-7106-56663-0522.fits
7106/spec-7106-56663-0523.fits
7106/spec-7106-56663-0524.fits
7106/spec-7106-56663-0525.fits
7106/spec-7106-56663-0526.fits
7106/spec-7106-56663-0527.fits
7106/spec-7106-56663-0528.fits
7106/spec-7106-56663-0529.fits
7106/spec-7106-56663-0530.fits
7106/spec-7106-56663-0531.fits
7106/spec-7106-56663-0532.fits
7106/spec-7106-56663-0533.fits
7106/spec-7106-56663-0534.fits
7106/spec-7106-56663-0535.fits
7106/spec-7106-56663-0536.fits
7106/spec-7106-56663-0537.fits
7106/spec-7106-56663-0538.fits
7106/spec-7106-56663-0539.fits
7106/spec-7106-56663-0540.fits
7106/spec-7106-56663-0541.fits
7106/spec-7106-56663-0542.fits
7106/spec-7106-56663-0543.fits
7106/spec-7106-56663-0544.fits
7106/spec-7106-56663-0545.fits
7106/spec-7106-56663-0546.fits
7106/spec-7106-56663-0547.fits
7106/spec-7106-56663-0548.fits
7106/spec-7106-56663-0549.fits
7106/spec-7106-56663-0550.fits
7106/spec-7106-56663-0551.fits
7106/spec-7106-56663-0552.fits
7106/spec-7106-56663-0553.fits
7106/spec-7106-56663-0554.fits
7106/spec-7106-56663-0555.fits
7106/spec-7106-56663-0556.fits
7106/spec-7106-56663-0557.fits
7106/spec-7106-56663-0558.fits
7106/spec-7106-56663-0559.fits
7106/spec-7106-56663-0560.fits
7106/spec-7106-56663-0561.fits
7106/spec-7106-56663-0562.fits
7106/spec-7106-56663-0563.fits
7106/spec-7106-56663-0564.fits
7106/spec-7106-56663-0565.fits
7106/spec-7106-56663-0566.fits
7106/spec-7106-56663-0567.fits
7106/spec-7106-56663-0568.fits
7106/spec-7106-56663-0569.fits
7106/spec-7106-56663-0570.fits
7106/spec-7106-56663-0571.fits
7106/spec-7106-56663-0572.fits
7106/spec-7106-56663-0573.fits
7106/spec-7106-56663-0574.fits
7106/spec-7106-56663-0575.fits
7106/spec-7106-56663-0576.fits
7106/spec-7106-56663-0577.fits
7106/spec-7106-56663-0578.fits
7106/spec-7106-56663-0579.fits
7106/spec-7106-56663-0580.fits
7106/spec-7106-56663-0581.fits
7106/spec-7106-56663-0582.fits
7106/spec-7106-56663-0583.fits
7106/spec-7106-56663-0584.fits
7106/spec-7106-56663-0585.fits
7106/spec-7106-56663-0586.fits
7106/spec-7106-56663-0587.fits
7106/spec-7106-56663-0588.fits
7106/spec-7106-56663-0589.fits
7106/spec-7106-56663-0590.fits
7106/spec-7106-56663-0591.fits
7106/spec-7106-56663-0592.fits
7106/spec-7106-56663-0593.fits
7106/spec-7106-56663-0594.fits
7106/spec-7106-56663-0595.fits
7106/spec-7106-56663-0596.fits
7106/spec-7106-56663-0597.fits
7106/spec-7106-56663-0598.fits
7106/spec-7106-56663-0599.fits
7106/spec-7106-56663-0600.fits
7106/spec-7106-56663-0601.fits
7106/spec-7106-56663-0602.fits
7106/spec-7106-56663-0603.fits
7106/spec-7106-56663-0604.fits
7106/spec-7106-56663-0605.fits
7106/spec-7106-56663-0606.fits
7106/spec-7106-56663-0607.fits
7106/spec-7106-56663-0608.fits
7106/spec-7106-56663-0609.fits
7106/spec-7106-56663-0610.fits
7106/spec-7106-56663-0611.fits
7106/spec-7106-56663-0612.fits
7106/spec-7106-56663-0613.fits
7106/spec-7106-56663-0614.fits
7106/spec-7106-56663-0615.fits
7106/spec-7106-56663-0616.fits
7106/spec-7106-56663-0617.fits
7106/spec-7106-56663-0618.fits
7106/spec-7106-56663-0619.fits
7106/spec-7106-56663-0620.fits
7106/spec-7106-56663-0621.fits
7106/spec-7106-56663-0622.fits
7106/spec-7106-56663-0623.fits
7106/spec-7106-56663-0624.fits
7106/spec-7106-56663-0625.fits
7106/spec-7106-56663-0626.fits
7106/spec-7106-56663-0627.fits
7106/spec-7106-56663-0628.fits
7106/spec-7106-56663-0629.fits
7106/spec-7106-56663-0630.fits
7106/spec-7106-56663-0631.fits
7106/spec-7106-56663-0632.fits
7106/spec-7106-56663-0633.fits
7106/spec-7106-56663-0634.fits
7106/spec-7106-56663-0635.fits
7106/spec-7106-56663-0636.fits
7106/spec-7106-56663-0637.fits
7106/spec-7106-56663-0638.fits
7106/spec-7106-56663-0639.fits
7106/spec-7106-56663-0640.fits
7106/spec-7106-56663-0641.fits
7106/spec-7106-56663-0642.fits
7106/spec-7106-56663-0643.fits
7106/spec-7106-56663-0644.fits
7106/spec-7106-56663-0645.fits
7106/spec-7106-56663-0646.fits
7106/spec-7106-56663-0647.fits
7106/spec-7106-56663-0648.fits
7106/spec-7106-56663-0649.fits
7106/spec-7106-56663-0650.fits
7106/spec-7106-56663-0651.fits
7106/spec-7106-56663-0652.fits
7106/spec-7106-56663-0653.fits
7106/spec-7106-56663-0654.fits
7106/spec-7106-56663-0655.fits
7106/spec-7106-56663-0656.fits
7106/spec-7106-56663-0657.fits
7106/spec-7106-56663-0658.fits
7106/spec-7106-56663-0659.fits
7106/spec-7106-56663-0660.fits
7106/spec-7106-56663-0661.fits
7106/spec-7106-56663-0662.fits
7106/spec-7106-56663-0663.fits
7106/spec-7106-56663-0664.fits
7106/spec-7106-56663-0665.fits
7106/spec-7106-56663-0666.fits
7106/spec-7106-56663-0667.fits
7106/spec-7106-56663-0668.fits
7106/spec-7106-56663-0669.fits
7106/spec-7106-56663-0670.fits
7106/spec-7106-56663-0671.fits
7106/spec-7106-56663-0672.fits
7106/spec-7106-56663-0673.fits
7106/spec-7106-56663-0674.fits
7106/spec-7106-56663-0675.fits
7106/spec-7106-56663-0676.fits
7106/spec-7106-56663-0677.fits
7106/spec-7106-56663-0678.fits
7106/spec-7106-56663-0679.fits
7106/spec-7106-56663-0680.fits
7106/spec-7106-56663-0681.fits
7106/spec-7106-56663-0682.fits
7106/spec-7106-56663-0683.fits
7106/spec-7106-56663-0684.fits
7106/spec-7106-56663-0685.fits
7106/spec-7106-56663-0686.fits
7106/spec-7106-56663-0687.fits
7106/spec-7106-56663-0688.fits
7106/spec-7106-56663-0689.fits
7106/spec-7106-56663-0690.fits
7106/spec-7106-56663-0691.fits
7106/spec-7106-56663-0692.fits
7106/spec-7106-56663-0693.fits
7106/spec-7106-56663-0694.fits
7106/spec-7106-56663-0695.fits
7106/spec-7106-56663-0696.fits
7106/spec-7106-56663-0697.fits
7106/spec-7106-56663-0698.fits
7106/spec-7106-56663-0699.fits
7106/spec-7106-56663-0700.fits
7106/spec-7106-56663-0701.fits
7106/spec-7106-56663-0702.fits
7106/spec-7106-56663-0703.fits
7106/spec-7106-56663-0704.fits
7106/spec-7106-56663-0705.fits
7106/spec-7106-56663-0706.fits
7106/spec-7106-56663-0707.fits
7106/spec-7106-56663-0708.fits
7106/spec-7106-56663-0709.fits
7106/spec-7106-56663-0710.fits
7106/spec-7106-56663-0711.fits
7106/spec-7106-56663-0712.fits
7106/spec-7106-56663-0713.fits
7106/spec-7106-56663-0714.fits
7106/spec-7106-56663-0715.fits
7106/spec-7106-56663-0716.fits
7106/spec-7106-56663-0717.fits
7106/spec-7106-56663-0718.fits
7106/spec-7106-56663-0719.fits
7106/spec-7106-56663-0720.fits
7106/spec-7106-56663-0721.fits
7106/spec-7106-56663-0722.fits
7106/spec-7106-56663-0723.fits
7106/spec-7106-56663-0724.fits
7106/spec-7106-56663-0725.fits
7106/spec-7106-56663-0726.fits
7106/spec-7106-56663-0727.fits
7106/spec-7106-56663-0728.fits
7106/spec-7106-56663-0729.fits
7106/spec-7106-56663-0730.fits
7106/spec-7106-56663-0731.fits
7106/spec-7106-56663-0732.fits
7106/spec-7106-56663-0733.fits
7106/spec-7106-56663-0734.fits
7106/spec-7106-56663-0735.fits
7106/spec-7106-56663-0736.fits
7106/spec-7106-56663-0737.fits
7106/spec-7106-56663-0738.fits
7106/spec-7106-56663-0739.fits
7106/spec-7106-56663-0740.fits
7106/spec-7106-56663-0741.fits
7106/spec-7106-56663-0742.fits
7106/spec-7106-56663-0743.fits
7106/spec-7106-56663-0744.fits
7106/spec-7106-56663-0745.fits
7106/spec-7106-56663-0746.fits
7106/spec-7106-56663-0747.fits
7106/spec-7106-56663-0748.fits
7106/spec-7106-56663-0749.fits
7106/spec-7106-56663-0750.fits
7106/spec-7106-56663-0751.fits
7106/spec-7106-56663-0752.fits
7106/spec-7106-56663-0753.fits
7106/spec-7106-56663-0754.fits
7106/spec-7106-56663-0755.fits
7106/spec-7106-56663-0756.fits
7106/spec-7106-56663-0757.fits
7106/spec-7106-56663-0758.fits
7106/spec-7106-56663-0759.fits
7106/spec-7106-56663-0760.fits
7106/spec-7106-56663-0761.fits
7106/spec-7106-56663-0762.fits
7106/spec-7106-56663-0763.fits
7106/spec-7106-56663-0764.fits
7106/spec-7106-56663-0765.fits
7106/spec-7106-56663-0766.fits
7106/spec-7106-56663-0767.fits
7106/spec-7106-56663-0768.fits
7106/spec-7106-56663-0769.fits
7106/spec-7106-56663-0770.fits
7106/spec-7106-56663-0771.fits
7106/spec-7106-56663-0772.fits
7106/spec-7106-56663-0773.fits
7106/spec-7106-56663-0774.fits
7106/spec-7106-56663-0775.fits
7106/spec-7106-56663-0776.fits
7106/spec-7106-56663-0777.fits
7106/spec-7106-56663-0778.fits
7106/spec-7106-56663-0779.fits
7106/spec-7106-56663-0780.fits
7106/spec-7106-56663-0781.fits
7106/spec-7106-56663-0782.fits
7106/spec-7106-56663-0783.fits
7106/spec-7106-56663-0784.fits
7106/spec-7106-56663-0785.fits
7106/spec-7106-56663-0786.fits
7106/spec-7106-56663-0787.fits
7106/spec-7106-56663-0788.fits
7106/spec-7106-56663-0789.fits
7106/spec-7106-56663-0790.fits
7106/spec-7106-56663-0791.fits
7106/spec-7106-56663-0792.fits
7106/spec-7106-56663-0793.fits
7106/spec-7106-56663-0794.fits
7106/spec-7106-56663-0795.fits
7106/spec-7106-56663-0796.fits
7106/spec-7106-56663-0797.fits
7106/spec-7106-56663-0798.fits
7106/spec-7106-56663-0799.fits
7106/spec-7106-56663-0800.fits
7106/spec-7106-56663-0801.fits
7106/spec-7106-56663-0802.fits
7106/spec-7106-56663-0803.fits
7106/spec-7106-56663-0804.fits
7106/spec-7106-56663-0805.fits
7106/spec-7106-56663-0806.fits
7106/spec-7106-56663-0807.fits
7106/spec-7106-56663-0808.fits
7106/spec-7106-56663-0809.fits
7106/spec-7106-56663-0810.fits
7106/spec-7106-56663-0811.fits
7106/spec-7106-56663-0812.fits
7106/spec-7106-56663-0813.fits
7106/spec-7106-56663-0814.fits
7106/spec-7106-56663-0815.fits
7106/spec-7106-56663-0816.fits
7106/spec-7106-56663-0817.fits
7106/spec-7106-56663-0818.fits
7106/spec-7106-56663-0819.fits
7106/spec-7106-56663-0820.fits
7106/spec-7106-56663-0821.fits
7106/spec-7106-56663-0822.fits
7106/spec-7106-56663-0823.fits
7106/spec-7106-56663-0824.fits
7106/spec-7106-56663-0825.fits
7106/spec-7106-56663-0826.fits
7106/spec-7106-56663-0827.fits
7106/spec-7106-56663-0828.fits
7106/spec-7106-56663-0829.fits
7106/spec-7106-56663-0830.fits
7106/spec-7106-56663-0831.fits
7106/spec-7106-56663-0832.fits
7106/spec-7106-56663-0833.fits
7106/spec-7106-56663-0834.fits
7106/spec-7106-56663-0835.fits
7106/spec-7106-56663-0836.fits
7106/spec-7106-56663-0837.fits
7106/spec-7106-56663-0838.fits
7106/spec-7106-56663-0839.fits
7106/spec-7106-56663-0840.fits
7106/spec-7106-56663-0841.fits
7106/spec-7106-56663-0842.fits
7106/spec-7106-56663-0843.fits
7106/spec-7106-56663-0844.fits
7106/spec-7106-56663-0845.fits
7106/spec-7106-56663-0846.fits
7106/spec-7106-56663-0847.fits
7106/spec-7106-56663-0848.fits
7106/spec-7106-56663-0849.fits
7106/spec-7106-56663-0850.fits
7106/spec-7106-56663-0851.fits
7106/spec-7106-56663-0852.fits
7106/spec-7106-56663-0853.fits
7106/spec-7106-56663-0854.fits
7106/spec-7106-56663-0855.fits
7106/spec-7106-56663-0856.fits
7106/spec-7106-56663-0857.fits
7106/spec-7106-56663-0858.fits
7106/spec-7106-56663-0859.fits
7106/spec-7106-56663-0860.fits
7106/spec-7106-56663-0861.fits
7106/spec-7106-56663-0862.fits
7106/spec-7106-56663-0863.fits
7106/spec-7106-56663-0864.fits
7106/spec-7106-56663-0865.fits
7106/spec-7106-56663-0866.fits
7106/spec-7106-56663-0867.fits
7106/spec-7106-56663-0868.fits
7106/spec-7106-56663-0869.fits
7106/spec-7106-56663-0870.fits
7106/spec-7106-56663-0871.fits
7106/spec-7106-56663-0872.fits
7106/spec-7106-56663-0873.fits
7106/spec-7106-56663-0874.fits
7106/spec-7106-56663-0875.fits
7106/spec-7106-56663-0876.fits
7106/spec-7106-56663-0877.fits
7106/spec-7106-56663-0878.fits
7106/spec-7106-56663-0879.fits
7106/spec-7106-56663-0880.fits
7106/spec-7106-56663-0881.fits
7106/spec-7106-56663-0882.fits
7106/spec-7106-56663-0883.fits
7106/spec-7106-56663-0884.fits
7106/spec-7106-56663-0885.fits
7106/spec-7106-56663-0886.fits
7106/spec-7106-56663-0887.fits
7106/spec-7106-56663-0888.fits
7106/spec-7106-56663-0889.fits
7106/spec-7106-56663-0890.fits
7106/spec-7106-56663-0891.fits
7106/spec-7106-56663-0892.fits
7106/spec-7106-56663-0893.fits
7106/spec-7106-56663-0894.fits
7106/spec-7106-56663-0895.fits
7106/spec-7106-56663-0896.fits
7106/spec-7106-56663-0897.fits
7106/spec-7106-56663-0898.fits
7106/spec-7106-56663-0899.fits
7106/spec-7106-56663-0900.fits
7106/spec-7106-56663-0901.fits
7106/spec-7106-56663-0902.fits
7106/spec-7106-56663-0903.fits
7106/spec-7106-56663-0904.fits
7106/spec-7106-56663-0905.fits
7106/spec-7106-56663-0906.fits
7106/spec-7106-56663-0907.fits
7106/spec-7106-56663-0908.fits
7106/spec-7106-56663-0909.fits
7106/spec-7106-56663-0910.fits
7106/spec-7106-56663-0911.fits
7106/spec-7106-56663-0912.fits
7106/spec-7106-56663-0913.fits
7106/spec-7106-56663-0914.fits
7106/spec-7106-56663-0915.fits
7106/spec-7106-56663-0916.fits
7106/spec-7106-56663-0917.fits
7106/spec-7106-56663-0918.fits
7106/spec-7106-56663-0919.fits
7106/spec-7106-56663-0920.fits
7106/spec-7106-56663-0921.fits
7106/spec-7106-56663-0922.fits
7106/spec-7106-56663-0923.fits
7106/spec-7106-56663-0924.fits
7106/spec-7106-56663-0925.fits
7106/spec-7106-56663-0926.fits
7106/spec-7106-56663-0927.fits
7106/spec-7106-56663-0928.fits
7106/spec-7106-56663-0929.fits
7106/spec-7106-56663-0930.fits
7106/spec-7106-56663-0931.fits
7106/spec-7106-56663-0932.fits
7106/spec-7106-56663-0933.fits
7106/spec-7106-56663-0934.fits
7106/spec-7106-56663-0935.fits
7106/spec-7106-56663-0936.fits
7106/spec-7106-56663-0937.fits
7106/spec-7106-56663-0938.fits
7106/spec-7106-56663-0939.fits
7106/spec-7106-56663-0940.fits
7106/spec-7106-56663-0941.fits
7106/spec-7106-56663-0942.fits
7106/spec-7106-56663-0943.fits
7106/spec-7106-56663-0944.fits
7106/spec-7106-56663-0945.fits
7106/spec-7106-56663-0946.fits
7106/spec-7106-56663-0947.fits
7106/spec-7106-56663-0948.fits
7106/spec-7106-56663-0949.fits
7106/spec-7106-56663-0950.fits
7106/spec-7106-56663-0951.fits
7106/spec-7106-56663-0952.fits
7106/spec-7106-56663-0953.fits
7106/spec-7106-56663-0954.fits
7106/spec-7106-56663-0955.fits
7106/spec-7106-56663-0956.fits
7106/spec-7106-56663-0957.fits
7106/spec-7106-56663-0958.fits
7106/spec-7106-56663-0959.fits
7106/spec-7106-56663-0960.fits
7106/spec-7106-56663-0961.fits
7106/spec-7106-56663-0962.fits
7106/spec-7106-56663-0963.fits
7106/spec-7106-56663-0964.fits
7106/spec-7106-56663-0965.fits
7106/spec-7106-56663-0966.fits
7106/spec-7106-56663-0967.fits
7106/spec-7106-56663-0968.fits
7106/spec-7106-56663-0969.fits
7106/spec-7106-56663-0970.fits
7106/spec-7106-56663-0971.fits
7106/spec-7106-56663-0972.fits
7106/spec-7106-56663-0973.fits
7106/spec-7106-56663-0974.fits
7106/spec-7106-56663-0975.fits
7106/spec-7106-56663-0976.fits
7106/spec-7106-56663-0977.fits
7106/spec-7106-56663-0978.fits
7106/spec-7106-56663-0979.fits
7106/spec-7106-56663-0980.fits
7106/spec-7106-56663-0981.fits
7106/spec-7106-56663-0982.fits
7106/spec-7106-56663-0983.fits
7106/spec-7106-56663-0984.fits
7106/spec-7106-56663-0985.fits
7106/spec-7106-56663-0986.fits
7106/spec-7106-56663-0987.fits
7106/spec-7106-56663-0988.fits
7106/spec-7106-56663-0989.fits
7106/spec-7106-56663-0990.fits
7106/spec-7106-56663-0991.fits
7106/spec-7106-56663-0992.fits
7106/spec-7106-56663-0993.fits
7106/spec-7106-56663-0994.fits
7106/spec-7106-56663-0995.fits
7106/spec-7106-56663-0996.fits
7106/spec-7106-56663-0997.fits
7106/spec-7106-56663-0998.fits
7106/spec-7106-56663-0999.fits
7106/spec-7106-56663-1000.fits
/var/lib/condor/execute/slot1/dir_25391
7106 7106.tgz R R361.tar.gz _condor_stderr _condor_stdout cB58_Lyman_break.fit condor_exec.exe hw4.R packages packages.tar.gz tmp var
[1] "Loaded package astro."
[1] 1000
7106 7106.csv 7106.tgz R R361.tar.gz _condor_stderr _condor_stdout cB58_Lyman_break.fit condor_exec.exe hw4.R packages packages.tar.gz tmp var
