7137
7137/
7137/spec-7137-56566-0001.fits
7137/spec-7137-56566-0002.fits
7137/spec-7137-56566-0003.fits
7137/spec-7137-56566-0004.fits
7137/spec-7137-56566-0005.fits
7137/spec-7137-56566-0006.fits
7137/spec-7137-56566-0007.fits
7137/spec-7137-56566-0008.fits
7137/spec-7137-56566-0009.fits
7137/spec-7137-56566-0010.fits
7137/spec-7137-56566-0011.fits
7137/spec-7137-56566-0012.fits
7137/spec-7137-56566-0013.fits
7137/spec-7137-56566-0014.fits
7137/spec-7137-56566-0015.fits
7137/spec-7137-56566-0016.fits
7137/spec-7137-56566-0017.fits
7137/spec-7137-56566-0018.fits
7137/spec-7137-56566-0019.fits
7137/spec-7137-56566-0020.fits
7137/spec-7137-56566-0021.fits
7137/spec-7137-56566-0022.fits
7137/spec-7137-56566-0023.fits
7137/spec-7137-56566-0024.fits
7137/spec-7137-56566-0025.fits
7137/spec-7137-56566-0026.fits
7137/spec-7137-56566-0027.fits
7137/spec-7137-56566-0028.fits
7137/spec-7137-56566-0029.fits
7137/spec-7137-56566-0030.fits
7137/spec-7137-56566-0031.fits
7137/spec-7137-56566-0032.fits
7137/spec-7137-56566-0033.fits
7137/spec-7137-56566-0034.fits
7137/spec-7137-56566-0035.fits
7137/spec-7137-56566-0036.fits
7137/spec-7137-56566-0037.fits
7137/spec-7137-56566-0038.fits
7137/spec-7137-56566-0039.fits
7137/spec-7137-56566-0040.fits
7137/spec-7137-56566-0041.fits
7137/spec-7137-56566-0042.fits
7137/spec-7137-56566-0043.fits
7137/spec-7137-56566-0044.fits
7137/spec-7137-56566-0045.fits
7137/spec-7137-56566-0046.fits
7137/spec-7137-56566-0047.fits
7137/spec-7137-56566-0048.fits
7137/spec-7137-56566-0049.fits
7137/spec-7137-56566-0050.fits
7137/spec-7137-56566-0051.fits
7137/spec-7137-56566-0052.fits
7137/spec-7137-56566-0053.fits
7137/spec-7137-56566-0054.fits
7137/spec-7137-56566-0055.fits
7137/spec-7137-56566-0056.fits
7137/spec-7137-56566-0057.fits
7137/spec-7137-56566-0058.fits
7137/spec-7137-56566-0059.fits
7137/spec-7137-56566-0060.fits
7137/spec-7137-56566-0061.fits
7137/spec-7137-56566-0062.fits
7137/spec-7137-56566-0063.fits
7137/spec-7137-56566-0064.fits
7137/spec-7137-56566-0065.fits
7137/spec-7137-56566-0066.fits
7137/spec-7137-56566-0067.fits
7137/spec-7137-56566-0068.fits
7137/spec-7137-56566-0069.fits
7137/spec-7137-56566-0070.fits
7137/spec-7137-56566-0071.fits
7137/spec-7137-56566-0072.fits
7137/spec-7137-56566-0073.fits
7137/spec-7137-56566-0074.fits
7137/spec-7137-56566-0075.fits
7137/spec-7137-56566-0076.fits
7137/spec-7137-56566-0077.fits
7137/spec-7137-56566-0078.fits
7137/spec-7137-56566-0079.fits
7137/spec-7137-56566-0080.fits
7137/spec-7137-56566-0081.fits
7137/spec-7137-56566-0082.fits
7137/spec-7137-56566-0083.fits
7137/spec-7137-56566-0084.fits
7137/spec-7137-56566-0085.fits
7137/spec-7137-56566-0086.fits
7137/spec-7137-56566-0087.fits
7137/spec-7137-56566-0088.fits
7137/spec-7137-56566-0089.fits
7137/spec-7137-56566-0090.fits
7137/spec-7137-56566-0091.fits
7137/spec-7137-56566-0092.fits
7137/spec-7137-56566-0093.fits
7137/spec-7137-56566-0094.fits
7137/spec-7137-56566-0095.fits
7137/spec-7137-56566-0096.fits
7137/spec-7137-56566-0097.fits
7137/spec-7137-56566-0098.fits
7137/spec-7137-56566-0099.fits
7137/spec-7137-56566-0100.fits
7137/spec-7137-56566-0101.fits
7137/spec-7137-56566-0102.fits
7137/spec-7137-56566-0103.fits
7137/spec-7137-56566-0104.fits
7137/spec-7137-56566-0105.fits
7137/spec-7137-56566-0106.fits
7137/spec-7137-56566-0107.fits
7137/spec-7137-56566-0108.fits
7137/spec-7137-56566-0109.fits
7137/spec-7137-56566-0110.fits
7137/spec-7137-56566-0111.fits
7137/spec-7137-56566-0112.fits
7137/spec-7137-56566-0113.fits
7137/spec-7137-56566-0114.fits
7137/spec-7137-56566-0115.fits
7137/spec-7137-56566-0116.fits
7137/spec-7137-56566-0117.fits
7137/spec-7137-56566-0118.fits
7137/spec-7137-56566-0119.fits
7137/spec-7137-56566-0120.fits
7137/spec-7137-56566-0121.fits
7137/spec-7137-56566-0122.fits
7137/spec-7137-56566-0123.fits
7137/spec-7137-56566-0124.fits
7137/spec-7137-56566-0125.fits
7137/spec-7137-56566-0126.fits
7137/spec-7137-56566-0127.fits
7137/spec-7137-56566-0128.fits
7137/spec-7137-56566-0129.fits
7137/spec-7137-56566-0130.fits
7137/spec-7137-56566-0131.fits
7137/spec-7137-56566-0132.fits
7137/spec-7137-56566-0133.fits
7137/spec-7137-56566-0134.fits
7137/spec-7137-56566-0135.fits
7137/spec-7137-56566-0136.fits
7137/spec-7137-56566-0137.fits
7137/spec-7137-56566-0138.fits
7137/spec-7137-56566-0139.fits
7137/spec-7137-56566-0140.fits
7137/spec-7137-56566-0141.fits
7137/spec-7137-56566-0142.fits
7137/spec-7137-56566-0143.fits
7137/spec-7137-56566-0144.fits
7137/spec-7137-56566-0145.fits
7137/spec-7137-56566-0146.fits
7137/spec-7137-56566-0147.fits
7137/spec-7137-56566-0148.fits
7137/spec-7137-56566-0149.fits
7137/spec-7137-56566-0150.fits
7137/spec-7137-56566-0151.fits
7137/spec-7137-56566-0152.fits
7137/spec-7137-56566-0153.fits
7137/spec-7137-56566-0154.fits
7137/spec-7137-56566-0155.fits
7137/spec-7137-56566-0156.fits
7137/spec-7137-56566-0157.fits
7137/spec-7137-56566-0158.fits
7137/spec-7137-56566-0159.fits
7137/spec-7137-56566-0160.fits
7137/spec-7137-56566-0161.fits
7137/spec-7137-56566-0162.fits
7137/spec-7137-56566-0163.fits
7137/spec-7137-56566-0164.fits
7137/spec-7137-56566-0165.fits
7137/spec-7137-56566-0166.fits
7137/spec-7137-56566-0167.fits
7137/spec-7137-56566-0168.fits
7137/spec-7137-56566-0169.fits
7137/spec-7137-56566-0170.fits
7137/spec-7137-56566-0171.fits
7137/spec-7137-56566-0172.fits
7137/spec-7137-56566-0173.fits
7137/spec-7137-56566-0174.fits
7137/spec-7137-56566-0175.fits
7137/spec-7137-56566-0176.fits
7137/spec-7137-56566-0177.fits
7137/spec-7137-56566-0178.fits
7137/spec-7137-56566-0179.fits
7137/spec-7137-56566-0180.fits
7137/spec-7137-56566-0181.fits
7137/spec-7137-56566-0182.fits
7137/spec-7137-56566-0183.fits
7137/spec-7137-56566-0184.fits
7137/spec-7137-56566-0185.fits
7137/spec-7137-56566-0186.fits
7137/spec-7137-56566-0187.fits
7137/spec-7137-56566-0188.fits
7137/spec-7137-56566-0189.fits
7137/spec-7137-56566-0190.fits
7137/spec-7137-56566-0191.fits
7137/spec-7137-56566-0192.fits
7137/spec-7137-56566-0193.fits
7137/spec-7137-56566-0194.fits
7137/spec-7137-56566-0195.fits
7137/spec-7137-56566-0196.fits
7137/spec-7137-56566-0197.fits
7137/spec-7137-56566-0198.fits
7137/spec-7137-56566-0199.fits
7137/spec-7137-56566-0200.fits
7137/spec-7137-56566-0201.fits
7137/spec-7137-56566-0202.fits
7137/spec-7137-56566-0203.fits
7137/spec-7137-56566-0204.fits
7137/spec-7137-56566-0205.fits
7137/spec-7137-56566-0206.fits
7137/spec-7137-56566-0207.fits
7137/spec-7137-56566-0208.fits
7137/spec-7137-56566-0209.fits
7137/spec-7137-56566-0210.fits
7137/spec-7137-56566-0211.fits
7137/spec-7137-56566-0212.fits
7137/spec-7137-56566-0213.fits
7137/spec-7137-56566-0214.fits
7137/spec-7137-56566-0215.fits
7137/spec-7137-56566-0216.fits
7137/spec-7137-56566-0217.fits
7137/spec-7137-56566-0218.fits
7137/spec-7137-56566-0219.fits
7137/spec-7137-56566-0220.fits
7137/spec-7137-56566-0221.fits
7137/spec-7137-56566-0222.fits
7137/spec-7137-56566-0223.fits
7137/spec-7137-56566-0224.fits
7137/spec-7137-56566-0225.fits
7137/spec-7137-56566-0226.fits
7137/spec-7137-56566-0227.fits
7137/spec-7137-56566-0228.fits
7137/spec-7137-56566-0229.fits
7137/spec-7137-56566-0230.fits
7137/spec-7137-56566-0231.fits
7137/spec-7137-56566-0232.fits
7137/spec-7137-56566-0233.fits
7137/spec-7137-56566-0234.fits
7137/spec-7137-56566-0235.fits
7137/spec-7137-56566-0236.fits
7137/spec-7137-56566-0237.fits
7137/spec-7137-56566-0238.fits
7137/spec-7137-56566-0239.fits
7137/spec-7137-56566-0240.fits
7137/spec-7137-56566-0241.fits
7137/spec-7137-56566-0242.fits
7137/spec-7137-56566-0243.fits
7137/spec-7137-56566-0244.fits
7137/spec-7137-56566-0245.fits
7137/spec-7137-56566-0246.fits
7137/spec-7137-56566-0247.fits
7137/spec-7137-56566-0248.fits
7137/spec-7137-56566-0249.fits
7137/spec-7137-56566-0250.fits
7137/spec-7137-56566-0251.fits
7137/spec-7137-56566-0252.fits
7137/spec-7137-56566-0253.fits
7137/spec-7137-56566-0254.fits
7137/spec-7137-56566-0255.fits
7137/spec-7137-56566-0256.fits
7137/spec-7137-56566-0257.fits
7137/spec-7137-56566-0258.fits
7137/spec-7137-56566-0259.fits
7137/spec-7137-56566-0260.fits
7137/spec-7137-56566-0261.fits
7137/spec-7137-56566-0262.fits
7137/spec-7137-56566-0263.fits
7137/spec-7137-56566-0264.fits
7137/spec-7137-56566-0265.fits
7137/spec-7137-56566-0266.fits
7137/spec-7137-56566-0267.fits
7137/spec-7137-56566-0268.fits
7137/spec-7137-56566-0269.fits
7137/spec-7137-56566-0270.fits
7137/spec-7137-56566-0271.fits
7137/spec-7137-56566-0272.fits
7137/spec-7137-56566-0273.fits
7137/spec-7137-56566-0274.fits
7137/spec-7137-56566-0275.fits
7137/spec-7137-56566-0276.fits
7137/spec-7137-56566-0277.fits
7137/spec-7137-56566-0278.fits
7137/spec-7137-56566-0279.fits
7137/spec-7137-56566-0280.fits
7137/spec-7137-56566-0281.fits
7137/spec-7137-56566-0282.fits
7137/spec-7137-56566-0283.fits
7137/spec-7137-56566-0284.fits
7137/spec-7137-56566-0285.fits
7137/spec-7137-56566-0286.fits
7137/spec-7137-56566-0287.fits
7137/spec-7137-56566-0288.fits
7137/spec-7137-56566-0289.fits
7137/spec-7137-56566-0290.fits
7137/spec-7137-56566-0291.fits
7137/spec-7137-56566-0292.fits
7137/spec-7137-56566-0293.fits
7137/spec-7137-56566-0294.fits
7137/spec-7137-56566-0295.fits
7137/spec-7137-56566-0296.fits
7137/spec-7137-56566-0297.fits
7137/spec-7137-56566-0298.fits
7137/spec-7137-56566-0299.fits
7137/spec-7137-56566-0300.fits
7137/spec-7137-56566-0301.fits
7137/spec-7137-56566-0302.fits
7137/spec-7137-56566-0303.fits
7137/spec-7137-56566-0304.fits
7137/spec-7137-56566-0305.fits
7137/spec-7137-56566-0306.fits
7137/spec-7137-56566-0307.fits
7137/spec-7137-56566-0308.fits
7137/spec-7137-56566-0309.fits
7137/spec-7137-56566-0310.fits
7137/spec-7137-56566-0311.fits
7137/spec-7137-56566-0312.fits
7137/spec-7137-56566-0313.fits
7137/spec-7137-56566-0314.fits
7137/spec-7137-56566-0315.fits
7137/spec-7137-56566-0316.fits
7137/spec-7137-56566-0317.fits
7137/spec-7137-56566-0318.fits
7137/spec-7137-56566-0319.fits
7137/spec-7137-56566-0320.fits
7137/spec-7137-56566-0321.fits
7137/spec-7137-56566-0322.fits
7137/spec-7137-56566-0323.fits
7137/spec-7137-56566-0324.fits
7137/spec-7137-56566-0325.fits
7137/spec-7137-56566-0326.fits
7137/spec-7137-56566-0327.fits
7137/spec-7137-56566-0328.fits
7137/spec-7137-56566-0329.fits
7137/spec-7137-56566-0330.fits
7137/spec-7137-56566-0331.fits
7137/spec-7137-56566-0332.fits
7137/spec-7137-56566-0333.fits
7137/spec-7137-56566-0334.fits
7137/spec-7137-56566-0335.fits
7137/spec-7137-56566-0336.fits
7137/spec-7137-56566-0337.fits
7137/spec-7137-56566-0338.fits
7137/spec-7137-56566-0339.fits
7137/spec-7137-56566-0340.fits
7137/spec-7137-56566-0341.fits
7137/spec-7137-56566-0342.fits
7137/spec-7137-56566-0343.fits
7137/spec-7137-56566-0344.fits
7137/spec-7137-56566-0345.fits
7137/spec-7137-56566-0346.fits
7137/spec-7137-56566-0347.fits
7137/spec-7137-56566-0348.fits
7137/spec-7137-56566-0349.fits
7137/spec-7137-56566-0350.fits
7137/spec-7137-56566-0351.fits
7137/spec-7137-56566-0352.fits
7137/spec-7137-56566-0353.fits
7137/spec-7137-56566-0354.fits
7137/spec-7137-56566-0355.fits
7137/spec-7137-56566-0356.fits
7137/spec-7137-56566-0357.fits
7137/spec-7137-56566-0358.fits
7137/spec-7137-56566-0359.fits
7137/spec-7137-56566-0360.fits
7137/spec-7137-56566-0361.fits
7137/spec-7137-56566-0362.fits
7137/spec-7137-56566-0363.fits
7137/spec-7137-56566-0364.fits
7137/spec-7137-56566-0365.fits
7137/spec-7137-56566-0366.fits
7137/spec-7137-56566-0367.fits
7137/spec-7137-56566-0368.fits
7137/spec-7137-56566-0369.fits
7137/spec-7137-56566-0370.fits
7137/spec-7137-56566-0371.fits
7137/spec-7137-56566-0372.fits
7137/spec-7137-56566-0373.fits
7137/spec-7137-56566-0374.fits
7137/spec-7137-56566-0375.fits
7137/spec-7137-56566-0376.fits
7137/spec-7137-56566-0377.fits
7137/spec-7137-56566-0378.fits
7137/spec-7137-56566-0379.fits
7137/spec-7137-56566-0380.fits
7137/spec-7137-56566-0381.fits
7137/spec-7137-56566-0382.fits
7137/spec-7137-56566-0383.fits
7137/spec-7137-56566-0384.fits
7137/spec-7137-56566-0385.fits
7137/spec-7137-56566-0386.fits
7137/spec-7137-56566-0387.fits
7137/spec-7137-56566-0388.fits
7137/spec-7137-56566-0389.fits
7137/spec-7137-56566-0390.fits
7137/spec-7137-56566-0391.fits
7137/spec-7137-56566-0392.fits
7137/spec-7137-56566-0393.fits
7137/spec-7137-56566-0394.fits
7137/spec-7137-56566-0395.fits
7137/spec-7137-56566-0396.fits
7137/spec-7137-56566-0397.fits
7137/spec-7137-56566-0398.fits
7137/spec-7137-56566-0399.fits
7137/spec-7137-56566-0400.fits
7137/spec-7137-56566-0401.fits
7137/spec-7137-56566-0402.fits
7137/spec-7137-56566-0403.fits
7137/spec-7137-56566-0404.fits
7137/spec-7137-56566-0405.fits
7137/spec-7137-56566-0406.fits
7137/spec-7137-56566-0407.fits
7137/spec-7137-56566-0408.fits
7137/spec-7137-56566-0409.fits
7137/spec-7137-56566-0410.fits
7137/spec-7137-56566-0411.fits
7137/spec-7137-56566-0412.fits
7137/spec-7137-56566-0413.fits
7137/spec-7137-56566-0414.fits
7137/spec-7137-56566-0415.fits
7137/spec-7137-56566-0416.fits
7137/spec-7137-56566-0417.fits
7137/spec-7137-56566-0418.fits
7137/spec-7137-56566-0419.fits
7137/spec-7137-56566-0420.fits
7137/spec-7137-56566-0421.fits
7137/spec-7137-56566-0422.fits
7137/spec-7137-56566-0423.fits
7137/spec-7137-56566-0424.fits
7137/spec-7137-56566-0425.fits
7137/spec-7137-56566-0426.fits
7137/spec-7137-56566-0427.fits
7137/spec-7137-56566-0428.fits
7137/spec-7137-56566-0429.fits
7137/spec-7137-56566-0430.fits
7137/spec-7137-56566-0431.fits
7137/spec-7137-56566-0432.fits
7137/spec-7137-56566-0433.fits
7137/spec-7137-56566-0434.fits
7137/spec-7137-56566-0435.fits
7137/spec-7137-56566-0436.fits
7137/spec-7137-56566-0437.fits
7137/spec-7137-56566-0438.fits
7137/spec-7137-56566-0439.fits
7137/spec-7137-56566-0440.fits
7137/spec-7137-56566-0441.fits
7137/spec-7137-56566-0442.fits
7137/spec-7137-56566-0443.fits
7137/spec-7137-56566-0444.fits
7137/spec-7137-56566-0445.fits
7137/spec-7137-56566-0446.fits
7137/spec-7137-56566-0447.fits
7137/spec-7137-56566-0448.fits
7137/spec-7137-56566-0449.fits
7137/spec-7137-56566-0450.fits
7137/spec-7137-56566-0451.fits
7137/spec-7137-56566-0452.fits
7137/spec-7137-56566-0453.fits
7137/spec-7137-56566-0454.fits
7137/spec-7137-56566-0455.fits
7137/spec-7137-56566-0456.fits
7137/spec-7137-56566-0457.fits
7137/spec-7137-56566-0458.fits
7137/spec-7137-56566-0459.fits
7137/spec-7137-56566-0460.fits
7137/spec-7137-56566-0461.fits
7137/spec-7137-56566-0462.fits
7137/spec-7137-56566-0463.fits
7137/spec-7137-56566-0464.fits
7137/spec-7137-56566-0465.fits
7137/spec-7137-56566-0466.fits
7137/spec-7137-56566-0467.fits
7137/spec-7137-56566-0468.fits
7137/spec-7137-56566-0469.fits
7137/spec-7137-56566-0470.fits
7137/spec-7137-56566-0471.fits
7137/spec-7137-56566-0472.fits
7137/spec-7137-56566-0473.fits
7137/spec-7137-56566-0474.fits
7137/spec-7137-56566-0475.fits
7137/spec-7137-56566-0476.fits
7137/spec-7137-56566-0477.fits
7137/spec-7137-56566-0478.fits
7137/spec-7137-56566-0479.fits
7137/spec-7137-56566-0480.fits
7137/spec-7137-56566-0481.fits
7137/spec-7137-56566-0482.fits
7137/spec-7137-56566-0483.fits
7137/spec-7137-56566-0484.fits
7137/spec-7137-56566-0485.fits
7137/spec-7137-56566-0486.fits
7137/spec-7137-56566-0487.fits
7137/spec-7137-56566-0488.fits
7137/spec-7137-56566-0489.fits
7137/spec-7137-56566-0490.fits
7137/spec-7137-56566-0491.fits
7137/spec-7137-56566-0492.fits
7137/spec-7137-56566-0493.fits
7137/spec-7137-56566-0494.fits
7137/spec-7137-56566-0495.fits
7137/spec-7137-56566-0496.fits
7137/spec-7137-56566-0497.fits
7137/spec-7137-56566-0498.fits
7137/spec-7137-56566-0499.fits
7137/spec-7137-56566-0500.fits
7137/spec-7137-56566-0501.fits
7137/spec-7137-56566-0502.fits
7137/spec-7137-56566-0503.fits
7137/spec-7137-56566-0504.fits
7137/spec-7137-56566-0505.fits
7137/spec-7137-56566-0506.fits
7137/spec-7137-56566-0507.fits
7137/spec-7137-56566-0508.fits
7137/spec-7137-56566-0509.fits
7137/spec-7137-56566-0510.fits
7137/spec-7137-56566-0511.fits
7137/spec-7137-56566-0512.fits
7137/spec-7137-56566-0513.fits
7137/spec-7137-56566-0514.fits
7137/spec-7137-56566-0515.fits
7137/spec-7137-56566-0516.fits
7137/spec-7137-56566-0517.fits
7137/spec-7137-56566-0518.fits
7137/spec-7137-56566-0519.fits
7137/spec-7137-56566-0520.fits
7137/spec-7137-56566-0521.fits
7137/spec-7137-56566-0522.fits
7137/spec-7137-56566-0523.fits
7137/spec-7137-56566-0524.fits
7137/spec-7137-56566-0525.fits
7137/spec-7137-56566-0526.fits
7137/spec-7137-56566-0527.fits
7137/spec-7137-56566-0528.fits
7137/spec-7137-56566-0529.fits
7137/spec-7137-56566-0530.fits
7137/spec-7137-56566-0531.fits
7137/spec-7137-56566-0532.fits
7137/spec-7137-56566-0533.fits
7137/spec-7137-56566-0534.fits
7137/spec-7137-56566-0535.fits
7137/spec-7137-56566-0536.fits
7137/spec-7137-56566-0537.fits
7137/spec-7137-56566-0538.fits
7137/spec-7137-56566-0539.fits
7137/spec-7137-56566-0540.fits
7137/spec-7137-56566-0541.fits
7137/spec-7137-56566-0542.fits
7137/spec-7137-56566-0543.fits
7137/spec-7137-56566-0544.fits
7137/spec-7137-56566-0545.fits
7137/spec-7137-56566-0546.fits
7137/spec-7137-56566-0547.fits
7137/spec-7137-56566-0548.fits
7137/spec-7137-56566-0549.fits
7137/spec-7137-56566-0550.fits
7137/spec-7137-56566-0551.fits
7137/spec-7137-56566-0552.fits
7137/spec-7137-56566-0553.fits
7137/spec-7137-56566-0554.fits
7137/spec-7137-56566-0555.fits
7137/spec-7137-56566-0556.fits
7137/spec-7137-56566-0557.fits
7137/spec-7137-56566-0558.fits
7137/spec-7137-56566-0559.fits
7137/spec-7137-56566-0560.fits
7137/spec-7137-56566-0561.fits
7137/spec-7137-56566-0562.fits
7137/spec-7137-56566-0563.fits
7137/spec-7137-56566-0564.fits
7137/spec-7137-56566-0565.fits
7137/spec-7137-56566-0566.fits
7137/spec-7137-56566-0567.fits
7137/spec-7137-56566-0568.fits
7137/spec-7137-56566-0569.fits
7137/spec-7137-56566-0570.fits
7137/spec-7137-56566-0571.fits
7137/spec-7137-56566-0572.fits
7137/spec-7137-56566-0573.fits
7137/spec-7137-56566-0574.fits
7137/spec-7137-56566-0575.fits
7137/spec-7137-56566-0576.fits
7137/spec-7137-56566-0577.fits
7137/spec-7137-56566-0578.fits
7137/spec-7137-56566-0579.fits
7137/spec-7137-56566-0580.fits
7137/spec-7137-56566-0581.fits
7137/spec-7137-56566-0582.fits
7137/spec-7137-56566-0583.fits
7137/spec-7137-56566-0584.fits
7137/spec-7137-56566-0585.fits
7137/spec-7137-56566-0586.fits
7137/spec-7137-56566-0587.fits
7137/spec-7137-56566-0588.fits
7137/spec-7137-56566-0589.fits
7137/spec-7137-56566-0590.fits
7137/spec-7137-56566-0591.fits
7137/spec-7137-56566-0592.fits
7137/spec-7137-56566-0593.fits
7137/spec-7137-56566-0594.fits
7137/spec-7137-56566-0595.fits
7137/spec-7137-56566-0596.fits
7137/spec-7137-56566-0597.fits
7137/spec-7137-56566-0598.fits
7137/spec-7137-56566-0599.fits
7137/spec-7137-56566-0600.fits
7137/spec-7137-56566-0601.fits
7137/spec-7137-56566-0602.fits
7137/spec-7137-56566-0603.fits
7137/spec-7137-56566-0604.fits
7137/spec-7137-56566-0605.fits
7137/spec-7137-56566-0606.fits
7137/spec-7137-56566-0607.fits
7137/spec-7137-56566-0608.fits
7137/spec-7137-56566-0609.fits
7137/spec-7137-56566-0610.fits
7137/spec-7137-56566-0611.fits
7137/spec-7137-56566-0612.fits
7137/spec-7137-56566-0613.fits
7137/spec-7137-56566-0614.fits
7137/spec-7137-56566-0615.fits
7137/spec-7137-56566-0616.fits
7137/spec-7137-56566-0617.fits
7137/spec-7137-56566-0618.fits
7137/spec-7137-56566-0619.fits
7137/spec-7137-56566-0620.fits
7137/spec-7137-56566-0621.fits
7137/spec-7137-56566-0622.fits
7137/spec-7137-56566-0623.fits
7137/spec-7137-56566-0624.fits
7137/spec-7137-56566-0625.fits
7137/spec-7137-56566-0626.fits
7137/spec-7137-56566-0627.fits
7137/spec-7137-56566-0628.fits
7137/spec-7137-56566-0629.fits
7137/spec-7137-56566-0630.fits
7137/spec-7137-56566-0631.fits
7137/spec-7137-56566-0632.fits
7137/spec-7137-56566-0633.fits
7137/spec-7137-56566-0634.fits
7137/spec-7137-56566-0635.fits
7137/spec-7137-56566-0636.fits
7137/spec-7137-56566-0637.fits
7137/spec-7137-56566-0638.fits
7137/spec-7137-56566-0639.fits
7137/spec-7137-56566-0640.fits
7137/spec-7137-56566-0641.fits
7137/spec-7137-56566-0642.fits
7137/spec-7137-56566-0643.fits
7137/spec-7137-56566-0644.fits
7137/spec-7137-56566-0645.fits
7137/spec-7137-56566-0646.fits
7137/spec-7137-56566-0647.fits
7137/spec-7137-56566-0648.fits
7137/spec-7137-56566-0649.fits
7137/spec-7137-56566-0650.fits
7137/spec-7137-56566-0651.fits
7137/spec-7137-56566-0652.fits
7137/spec-7137-56566-0653.fits
7137/spec-7137-56566-0654.fits
7137/spec-7137-56566-0655.fits
7137/spec-7137-56566-0656.fits
7137/spec-7137-56566-0657.fits
7137/spec-7137-56566-0658.fits
7137/spec-7137-56566-0659.fits
7137/spec-7137-56566-0660.fits
7137/spec-7137-56566-0661.fits
7137/spec-7137-56566-0662.fits
7137/spec-7137-56566-0663.fits
7137/spec-7137-56566-0664.fits
7137/spec-7137-56566-0665.fits
7137/spec-7137-56566-0666.fits
7137/spec-7137-56566-0667.fits
7137/spec-7137-56566-0668.fits
7137/spec-7137-56566-0669.fits
7137/spec-7137-56566-0670.fits
7137/spec-7137-56566-0671.fits
7137/spec-7137-56566-0672.fits
7137/spec-7137-56566-0673.fits
7137/spec-7137-56566-0674.fits
7137/spec-7137-56566-0675.fits
7137/spec-7137-56566-0676.fits
7137/spec-7137-56566-0677.fits
7137/spec-7137-56566-0678.fits
7137/spec-7137-56566-0679.fits
7137/spec-7137-56566-0680.fits
7137/spec-7137-56566-0681.fits
7137/spec-7137-56566-0682.fits
7137/spec-7137-56566-0683.fits
7137/spec-7137-56566-0684.fits
7137/spec-7137-56566-0685.fits
7137/spec-7137-56566-0686.fits
7137/spec-7137-56566-0687.fits
7137/spec-7137-56566-0688.fits
7137/spec-7137-56566-0689.fits
7137/spec-7137-56566-0690.fits
7137/spec-7137-56566-0691.fits
7137/spec-7137-56566-0692.fits
7137/spec-7137-56566-0693.fits
7137/spec-7137-56566-0694.fits
7137/spec-7137-56566-0695.fits
7137/spec-7137-56566-0696.fits
7137/spec-7137-56566-0697.fits
7137/spec-7137-56566-0698.fits
7137/spec-7137-56566-0699.fits
7137/spec-7137-56566-0700.fits
7137/spec-7137-56566-0701.fits
7137/spec-7137-56566-0702.fits
7137/spec-7137-56566-0703.fits
7137/spec-7137-56566-0704.fits
7137/spec-7137-56566-0705.fits
7137/spec-7137-56566-0706.fits
7137/spec-7137-56566-0707.fits
7137/spec-7137-56566-0708.fits
7137/spec-7137-56566-0709.fits
7137/spec-7137-56566-0710.fits
7137/spec-7137-56566-0711.fits
7137/spec-7137-56566-0712.fits
7137/spec-7137-56566-0713.fits
7137/spec-7137-56566-0714.fits
7137/spec-7137-56566-0715.fits
7137/spec-7137-56566-0716.fits
7137/spec-7137-56566-0717.fits
7137/spec-7137-56566-0718.fits
7137/spec-7137-56566-0719.fits
7137/spec-7137-56566-0720.fits
7137/spec-7137-56566-0721.fits
7137/spec-7137-56566-0722.fits
7137/spec-7137-56566-0723.fits
7137/spec-7137-56566-0724.fits
7137/spec-7137-56566-0725.fits
7137/spec-7137-56566-0726.fits
7137/spec-7137-56566-0727.fits
7137/spec-7137-56566-0728.fits
7137/spec-7137-56566-0729.fits
7137/spec-7137-56566-0730.fits
7137/spec-7137-56566-0731.fits
7137/spec-7137-56566-0732.fits
7137/spec-7137-56566-0733.fits
7137/spec-7137-56566-0734.fits
7137/spec-7137-56566-0735.fits
7137/spec-7137-56566-0736.fits
7137/spec-7137-56566-0737.fits
7137/spec-7137-56566-0738.fits
7137/spec-7137-56566-0739.fits
7137/spec-7137-56566-0740.fits
7137/spec-7137-56566-0741.fits
7137/spec-7137-56566-0742.fits
7137/spec-7137-56566-0743.fits
7137/spec-7137-56566-0744.fits
7137/spec-7137-56566-0745.fits
7137/spec-7137-56566-0746.fits
7137/spec-7137-56566-0747.fits
7137/spec-7137-56566-0748.fits
7137/spec-7137-56566-0749.fits
7137/spec-7137-56566-0750.fits
7137/spec-7137-56566-0751.fits
7137/spec-7137-56566-0752.fits
7137/spec-7137-56566-0753.fits
7137/spec-7137-56566-0754.fits
7137/spec-7137-56566-0755.fits
7137/spec-7137-56566-0756.fits
7137/spec-7137-56566-0757.fits
7137/spec-7137-56566-0758.fits
7137/spec-7137-56566-0759.fits
7137/spec-7137-56566-0760.fits
7137/spec-7137-56566-0761.fits
7137/spec-7137-56566-0762.fits
7137/spec-7137-56566-0763.fits
7137/spec-7137-56566-0764.fits
7137/spec-7137-56566-0765.fits
7137/spec-7137-56566-0766.fits
7137/spec-7137-56566-0767.fits
7137/spec-7137-56566-0768.fits
7137/spec-7137-56566-0769.fits
7137/spec-7137-56566-0770.fits
7137/spec-7137-56566-0771.fits
7137/spec-7137-56566-0772.fits
7137/spec-7137-56566-0773.fits
7137/spec-7137-56566-0774.fits
7137/spec-7137-56566-0775.fits
7137/spec-7137-56566-0776.fits
7137/spec-7137-56566-0777.fits
7137/spec-7137-56566-0778.fits
7137/spec-7137-56566-0779.fits
7137/spec-7137-56566-0780.fits
7137/spec-7137-56566-0781.fits
7137/spec-7137-56566-0782.fits
7137/spec-7137-56566-0783.fits
7137/spec-7137-56566-0784.fits
7137/spec-7137-56566-0785.fits
7137/spec-7137-56566-0786.fits
7137/spec-7137-56566-0787.fits
7137/spec-7137-56566-0788.fits
7137/spec-7137-56566-0789.fits
7137/spec-7137-56566-0790.fits
7137/spec-7137-56566-0791.fits
7137/spec-7137-56566-0792.fits
7137/spec-7137-56566-0793.fits
7137/spec-7137-56566-0794.fits
7137/spec-7137-56566-0795.fits
7137/spec-7137-56566-0796.fits
7137/spec-7137-56566-0797.fits
7137/spec-7137-56566-0798.fits
7137/spec-7137-56566-0799.fits
7137/spec-7137-56566-0800.fits
7137/spec-7137-56566-0801.fits
7137/spec-7137-56566-0802.fits
7137/spec-7137-56566-0803.fits
7137/spec-7137-56566-0804.fits
7137/spec-7137-56566-0805.fits
7137/spec-7137-56566-0806.fits
7137/spec-7137-56566-0807.fits
7137/spec-7137-56566-0808.fits
7137/spec-7137-56566-0809.fits
7137/spec-7137-56566-0810.fits
7137/spec-7137-56566-0811.fits
7137/spec-7137-56566-0812.fits
7137/spec-7137-56566-0813.fits
7137/spec-7137-56566-0814.fits
7137/spec-7137-56566-0815.fits
7137/spec-7137-56566-0816.fits
7137/spec-7137-56566-0817.fits
7137/spec-7137-56566-0818.fits
7137/spec-7137-56566-0819.fits
7137/spec-7137-56566-0820.fits
7137/spec-7137-56566-0821.fits
7137/spec-7137-56566-0822.fits
7137/spec-7137-56566-0823.fits
7137/spec-7137-56566-0824.fits
7137/spec-7137-56566-0825.fits
7137/spec-7137-56566-0826.fits
7137/spec-7137-56566-0827.fits
7137/spec-7137-56566-0828.fits
7137/spec-7137-56566-0829.fits
7137/spec-7137-56566-0830.fits
7137/spec-7137-56566-0831.fits
7137/spec-7137-56566-0832.fits
7137/spec-7137-56566-0833.fits
7137/spec-7137-56566-0834.fits
7137/spec-7137-56566-0835.fits
7137/spec-7137-56566-0836.fits
7137/spec-7137-56566-0837.fits
7137/spec-7137-56566-0838.fits
7137/spec-7137-56566-0839.fits
7137/spec-7137-56566-0840.fits
7137/spec-7137-56566-0841.fits
7137/spec-7137-56566-0842.fits
7137/spec-7137-56566-0843.fits
7137/spec-7137-56566-0844.fits
7137/spec-7137-56566-0845.fits
7137/spec-7137-56566-0846.fits
7137/spec-7137-56566-0847.fits
7137/spec-7137-56566-0848.fits
7137/spec-7137-56566-0849.fits
7137/spec-7137-56566-0850.fits
7137/spec-7137-56566-0851.fits
7137/spec-7137-56566-0852.fits
7137/spec-7137-56566-0853.fits
7137/spec-7137-56566-0854.fits
7137/spec-7137-56566-0855.fits
7137/spec-7137-56566-0856.fits
7137/spec-7137-56566-0857.fits
7137/spec-7137-56566-0858.fits
7137/spec-7137-56566-0859.fits
7137/spec-7137-56566-0860.fits
7137/spec-7137-56566-0861.fits
7137/spec-7137-56566-0862.fits
7137/spec-7137-56566-0863.fits
7137/spec-7137-56566-0864.fits
7137/spec-7137-56566-0865.fits
7137/spec-7137-56566-0866.fits
7137/spec-7137-56566-0867.fits
7137/spec-7137-56566-0868.fits
7137/spec-7137-56566-0869.fits
7137/spec-7137-56566-0870.fits
7137/spec-7137-56566-0871.fits
7137/spec-7137-56566-0872.fits
7137/spec-7137-56566-0873.fits
7137/spec-7137-56566-0874.fits
7137/spec-7137-56566-0875.fits
7137/spec-7137-56566-0876.fits
7137/spec-7137-56566-0877.fits
7137/spec-7137-56566-0878.fits
7137/spec-7137-56566-0879.fits
7137/spec-7137-56566-0880.fits
7137/spec-7137-56566-0881.fits
7137/spec-7137-56566-0882.fits
7137/spec-7137-56566-0883.fits
7137/spec-7137-56566-0884.fits
7137/spec-7137-56566-0885.fits
7137/spec-7137-56566-0886.fits
7137/spec-7137-56566-0887.fits
7137/spec-7137-56566-0888.fits
7137/spec-7137-56566-0889.fits
7137/spec-7137-56566-0890.fits
7137/spec-7137-56566-0891.fits
7137/spec-7137-56566-0892.fits
7137/spec-7137-56566-0893.fits
7137/spec-7137-56566-0894.fits
7137/spec-7137-56566-0895.fits
7137/spec-7137-56566-0896.fits
7137/spec-7137-56566-0897.fits
7137/spec-7137-56566-0898.fits
7137/spec-7137-56566-0899.fits
7137/spec-7137-56566-0900.fits
7137/spec-7137-56566-0901.fits
7137/spec-7137-56566-0902.fits
7137/spec-7137-56566-0903.fits
7137/spec-7137-56566-0904.fits
7137/spec-7137-56566-0905.fits
7137/spec-7137-56566-0906.fits
7137/spec-7137-56566-0907.fits
7137/spec-7137-56566-0908.fits
7137/spec-7137-56566-0909.fits
7137/spec-7137-56566-0910.fits
7137/spec-7137-56566-0911.fits
7137/spec-7137-56566-0912.fits
7137/spec-7137-56566-0913.fits
7137/spec-7137-56566-0914.fits
7137/spec-7137-56566-0915.fits
7137/spec-7137-56566-0916.fits
7137/spec-7137-56566-0917.fits
7137/spec-7137-56566-0918.fits
7137/spec-7137-56566-0919.fits
7137/spec-7137-56566-0920.fits
7137/spec-7137-56566-0921.fits
7137/spec-7137-56566-0922.fits
7137/spec-7137-56566-0923.fits
7137/spec-7137-56566-0924.fits
7137/spec-7137-56566-0925.fits
7137/spec-7137-56566-0926.fits
7137/spec-7137-56566-0927.fits
7137/spec-7137-56566-0928.fits
7137/spec-7137-56566-0929.fits
7137/spec-7137-56566-0930.fits
7137/spec-7137-56566-0931.fits
7137/spec-7137-56566-0932.fits
7137/spec-7137-56566-0933.fits
7137/spec-7137-56566-0934.fits
7137/spec-7137-56566-0935.fits
7137/spec-7137-56566-0936.fits
7137/spec-7137-56566-0937.fits
7137/spec-7137-56566-0938.fits
7137/spec-7137-56566-0939.fits
7137/spec-7137-56566-0940.fits
7137/spec-7137-56566-0941.fits
7137/spec-7137-56566-0942.fits
7137/spec-7137-56566-0943.fits
7137/spec-7137-56566-0944.fits
7137/spec-7137-56566-0945.fits
7137/spec-7137-56566-0946.fits
7137/spec-7137-56566-0947.fits
7137/spec-7137-56566-0948.fits
7137/spec-7137-56566-0949.fits
7137/spec-7137-56566-0950.fits
7137/spec-7137-56566-0951.fits
7137/spec-7137-56566-0952.fits
7137/spec-7137-56566-0953.fits
7137/spec-7137-56566-0954.fits
7137/spec-7137-56566-0955.fits
7137/spec-7137-56566-0956.fits
7137/spec-7137-56566-0957.fits
7137/spec-7137-56566-0958.fits
7137/spec-7137-56566-0959.fits
7137/spec-7137-56566-0960.fits
7137/spec-7137-56566-0961.fits
7137/spec-7137-56566-0962.fits
7137/spec-7137-56566-0963.fits
7137/spec-7137-56566-0964.fits
7137/spec-7137-56566-0965.fits
7137/spec-7137-56566-0966.fits
7137/spec-7137-56566-0967.fits
7137/spec-7137-56566-0968.fits
7137/spec-7137-56566-0969.fits
7137/spec-7137-56566-0970.fits
7137/spec-7137-56566-0971.fits
7137/spec-7137-56566-0972.fits
7137/spec-7137-56566-0973.fits
7137/spec-7137-56566-0974.fits
7137/spec-7137-56566-0975.fits
7137/spec-7137-56566-0976.fits
7137/spec-7137-56566-0977.fits
7137/spec-7137-56566-0978.fits
7137/spec-7137-56566-0979.fits
7137/spec-7137-56566-0980.fits
7137/spec-7137-56566-0981.fits
7137/spec-7137-56566-0982.fits
7137/spec-7137-56566-0983.fits
7137/spec-7137-56566-0984.fits
7137/spec-7137-56566-0985.fits
7137/spec-7137-56566-0986.fits
7137/spec-7137-56566-0987.fits
7137/spec-7137-56566-0988.fits
7137/spec-7137-56566-0989.fits
7137/spec-7137-56566-0990.fits
7137/spec-7137-56566-0991.fits
7137/spec-7137-56566-0992.fits
7137/spec-7137-56566-0993.fits
7137/spec-7137-56566-0994.fits
7137/spec-7137-56566-0995.fits
7137/spec-7137-56566-0996.fits
7137/spec-7137-56566-0997.fits
7137/spec-7137-56566-0998.fits
7137/spec-7137-56566-0999.fits
7137/spec-7137-56566-1000.fits
/var/lib/condor/execute/slot1/dir_34048
7137 7137.tgz R R361.tar.gz _condor_stderr _condor_stdout cB58_Lyman_break.fit condor_exec.exe hw4.R packages packages.tar.gz tmp var
[1] "Loaded package astro."
[1] 1000
7137 7137.csv 7137.tgz R R361.tar.gz _condor_stderr _condor_stdout cB58_Lyman_break.fit condor_exec.exe hw4.R packages packages.tar.gz tmp var
