7144
7144/
7144/spec-7144-56564-0001.fits
7144/spec-7144-56564-0002.fits
7144/spec-7144-56564-0003.fits
7144/spec-7144-56564-0004.fits
7144/spec-7144-56564-0005.fits
7144/spec-7144-56564-0006.fits
7144/spec-7144-56564-0007.fits
7144/spec-7144-56564-0008.fits
7144/spec-7144-56564-0009.fits
7144/spec-7144-56564-0010.fits
7144/spec-7144-56564-0011.fits
7144/spec-7144-56564-0012.fits
7144/spec-7144-56564-0013.fits
7144/spec-7144-56564-0014.fits
7144/spec-7144-56564-0015.fits
7144/spec-7144-56564-0016.fits
7144/spec-7144-56564-0017.fits
7144/spec-7144-56564-0018.fits
7144/spec-7144-56564-0019.fits
7144/spec-7144-56564-0020.fits
7144/spec-7144-56564-0021.fits
7144/spec-7144-56564-0022.fits
7144/spec-7144-56564-0023.fits
7144/spec-7144-56564-0024.fits
7144/spec-7144-56564-0025.fits
7144/spec-7144-56564-0026.fits
7144/spec-7144-56564-0027.fits
7144/spec-7144-56564-0028.fits
7144/spec-7144-56564-0029.fits
7144/spec-7144-56564-0030.fits
7144/spec-7144-56564-0031.fits
7144/spec-7144-56564-0032.fits
7144/spec-7144-56564-0033.fits
7144/spec-7144-56564-0034.fits
7144/spec-7144-56564-0035.fits
7144/spec-7144-56564-0036.fits
7144/spec-7144-56564-0037.fits
7144/spec-7144-56564-0038.fits
7144/spec-7144-56564-0039.fits
7144/spec-7144-56564-0040.fits
7144/spec-7144-56564-0041.fits
7144/spec-7144-56564-0042.fits
7144/spec-7144-56564-0043.fits
7144/spec-7144-56564-0044.fits
7144/spec-7144-56564-0045.fits
7144/spec-7144-56564-0046.fits
7144/spec-7144-56564-0047.fits
7144/spec-7144-56564-0048.fits
7144/spec-7144-56564-0049.fits
7144/spec-7144-56564-0050.fits
7144/spec-7144-56564-0051.fits
7144/spec-7144-56564-0052.fits
7144/spec-7144-56564-0053.fits
7144/spec-7144-56564-0054.fits
7144/spec-7144-56564-0055.fits
7144/spec-7144-56564-0056.fits
7144/spec-7144-56564-0057.fits
7144/spec-7144-56564-0058.fits
7144/spec-7144-56564-0059.fits
7144/spec-7144-56564-0060.fits
7144/spec-7144-56564-0061.fits
7144/spec-7144-56564-0062.fits
7144/spec-7144-56564-0063.fits
7144/spec-7144-56564-0064.fits
7144/spec-7144-56564-0065.fits
7144/spec-7144-56564-0066.fits
7144/spec-7144-56564-0067.fits
7144/spec-7144-56564-0068.fits
7144/spec-7144-56564-0069.fits
7144/spec-7144-56564-0070.fits
7144/spec-7144-56564-0071.fits
7144/spec-7144-56564-0072.fits
7144/spec-7144-56564-0073.fits
7144/spec-7144-56564-0074.fits
7144/spec-7144-56564-0075.fits
7144/spec-7144-56564-0076.fits
7144/spec-7144-56564-0077.fits
7144/spec-7144-56564-0078.fits
7144/spec-7144-56564-0079.fits
7144/spec-7144-56564-0080.fits
7144/spec-7144-56564-0081.fits
7144/spec-7144-56564-0082.fits
7144/spec-7144-56564-0083.fits
7144/spec-7144-56564-0084.fits
7144/spec-7144-56564-0085.fits
7144/spec-7144-56564-0086.fits
7144/spec-7144-56564-0087.fits
7144/spec-7144-56564-0088.fits
7144/spec-7144-56564-0089.fits
7144/spec-7144-56564-0090.fits
7144/spec-7144-56564-0091.fits
7144/spec-7144-56564-0092.fits
7144/spec-7144-56564-0093.fits
7144/spec-7144-56564-0094.fits
7144/spec-7144-56564-0095.fits
7144/spec-7144-56564-0096.fits
7144/spec-7144-56564-0097.fits
7144/spec-7144-56564-0098.fits
7144/spec-7144-56564-0099.fits
7144/spec-7144-56564-0100.fits
7144/spec-7144-56564-0101.fits
7144/spec-7144-56564-0102.fits
7144/spec-7144-56564-0103.fits
7144/spec-7144-56564-0104.fits
7144/spec-7144-56564-0105.fits
7144/spec-7144-56564-0106.fits
7144/spec-7144-56564-0107.fits
7144/spec-7144-56564-0108.fits
7144/spec-7144-56564-0109.fits
7144/spec-7144-56564-0110.fits
7144/spec-7144-56564-0111.fits
7144/spec-7144-56564-0112.fits
7144/spec-7144-56564-0113.fits
7144/spec-7144-56564-0114.fits
7144/spec-7144-56564-0115.fits
7144/spec-7144-56564-0116.fits
7144/spec-7144-56564-0117.fits
7144/spec-7144-56564-0118.fits
7144/spec-7144-56564-0119.fits
7144/spec-7144-56564-0120.fits
7144/spec-7144-56564-0121.fits
7144/spec-7144-56564-0122.fits
7144/spec-7144-56564-0123.fits
7144/spec-7144-56564-0124.fits
7144/spec-7144-56564-0125.fits
7144/spec-7144-56564-0126.fits
7144/spec-7144-56564-0127.fits
7144/spec-7144-56564-0128.fits
7144/spec-7144-56564-0129.fits
7144/spec-7144-56564-0130.fits
7144/spec-7144-56564-0131.fits
7144/spec-7144-56564-0132.fits
7144/spec-7144-56564-0133.fits
7144/spec-7144-56564-0134.fits
7144/spec-7144-56564-0135.fits
7144/spec-7144-56564-0136.fits
7144/spec-7144-56564-0137.fits
7144/spec-7144-56564-0138.fits
7144/spec-7144-56564-0139.fits
7144/spec-7144-56564-0140.fits
7144/spec-7144-56564-0141.fits
7144/spec-7144-56564-0142.fits
7144/spec-7144-56564-0143.fits
7144/spec-7144-56564-0144.fits
7144/spec-7144-56564-0145.fits
7144/spec-7144-56564-0146.fits
7144/spec-7144-56564-0147.fits
7144/spec-7144-56564-0148.fits
7144/spec-7144-56564-0149.fits
7144/spec-7144-56564-0150.fits
7144/spec-7144-56564-0151.fits
7144/spec-7144-56564-0152.fits
7144/spec-7144-56564-0153.fits
7144/spec-7144-56564-0154.fits
7144/spec-7144-56564-0155.fits
7144/spec-7144-56564-0156.fits
7144/spec-7144-56564-0157.fits
7144/spec-7144-56564-0158.fits
7144/spec-7144-56564-0159.fits
7144/spec-7144-56564-0160.fits
7144/spec-7144-56564-0161.fits
7144/spec-7144-56564-0162.fits
7144/spec-7144-56564-0163.fits
7144/spec-7144-56564-0164.fits
7144/spec-7144-56564-0165.fits
7144/spec-7144-56564-0166.fits
7144/spec-7144-56564-0167.fits
7144/spec-7144-56564-0168.fits
7144/spec-7144-56564-0169.fits
7144/spec-7144-56564-0170.fits
7144/spec-7144-56564-0171.fits
7144/spec-7144-56564-0172.fits
7144/spec-7144-56564-0173.fits
7144/spec-7144-56564-0174.fits
7144/spec-7144-56564-0175.fits
7144/spec-7144-56564-0176.fits
7144/spec-7144-56564-0177.fits
7144/spec-7144-56564-0178.fits
7144/spec-7144-56564-0179.fits
7144/spec-7144-56564-0180.fits
7144/spec-7144-56564-0181.fits
7144/spec-7144-56564-0182.fits
7144/spec-7144-56564-0183.fits
7144/spec-7144-56564-0184.fits
7144/spec-7144-56564-0185.fits
7144/spec-7144-56564-0186.fits
7144/spec-7144-56564-0187.fits
7144/spec-7144-56564-0188.fits
7144/spec-7144-56564-0189.fits
7144/spec-7144-56564-0190.fits
7144/spec-7144-56564-0191.fits
7144/spec-7144-56564-0192.fits
7144/spec-7144-56564-0193.fits
7144/spec-7144-56564-0194.fits
7144/spec-7144-56564-0195.fits
7144/spec-7144-56564-0196.fits
7144/spec-7144-56564-0197.fits
7144/spec-7144-56564-0198.fits
7144/spec-7144-56564-0199.fits
7144/spec-7144-56564-0200.fits
7144/spec-7144-56564-0201.fits
7144/spec-7144-56564-0202.fits
7144/spec-7144-56564-0203.fits
7144/spec-7144-56564-0204.fits
7144/spec-7144-56564-0205.fits
7144/spec-7144-56564-0206.fits
7144/spec-7144-56564-0207.fits
7144/spec-7144-56564-0208.fits
7144/spec-7144-56564-0209.fits
7144/spec-7144-56564-0210.fits
7144/spec-7144-56564-0211.fits
7144/spec-7144-56564-0212.fits
7144/spec-7144-56564-0213.fits
7144/spec-7144-56564-0214.fits
7144/spec-7144-56564-0215.fits
7144/spec-7144-56564-0216.fits
7144/spec-7144-56564-0217.fits
7144/spec-7144-56564-0218.fits
7144/spec-7144-56564-0219.fits
7144/spec-7144-56564-0220.fits
7144/spec-7144-56564-0221.fits
7144/spec-7144-56564-0222.fits
7144/spec-7144-56564-0223.fits
7144/spec-7144-56564-0224.fits
7144/spec-7144-56564-0225.fits
7144/spec-7144-56564-0226.fits
7144/spec-7144-56564-0227.fits
7144/spec-7144-56564-0228.fits
7144/spec-7144-56564-0229.fits
7144/spec-7144-56564-0230.fits
7144/spec-7144-56564-0231.fits
7144/spec-7144-56564-0232.fits
7144/spec-7144-56564-0233.fits
7144/spec-7144-56564-0234.fits
7144/spec-7144-56564-0235.fits
7144/spec-7144-56564-0236.fits
7144/spec-7144-56564-0237.fits
7144/spec-7144-56564-0238.fits
7144/spec-7144-56564-0239.fits
7144/spec-7144-56564-0240.fits
7144/spec-7144-56564-0241.fits
7144/spec-7144-56564-0242.fits
7144/spec-7144-56564-0243.fits
7144/spec-7144-56564-0244.fits
7144/spec-7144-56564-0245.fits
7144/spec-7144-56564-0246.fits
7144/spec-7144-56564-0247.fits
7144/spec-7144-56564-0248.fits
7144/spec-7144-56564-0249.fits
7144/spec-7144-56564-0250.fits
7144/spec-7144-56564-0251.fits
7144/spec-7144-56564-0252.fits
7144/spec-7144-56564-0253.fits
7144/spec-7144-56564-0254.fits
7144/spec-7144-56564-0255.fits
7144/spec-7144-56564-0256.fits
7144/spec-7144-56564-0257.fits
7144/spec-7144-56564-0258.fits
7144/spec-7144-56564-0259.fits
7144/spec-7144-56564-0260.fits
7144/spec-7144-56564-0261.fits
7144/spec-7144-56564-0262.fits
7144/spec-7144-56564-0263.fits
7144/spec-7144-56564-0264.fits
7144/spec-7144-56564-0265.fits
7144/spec-7144-56564-0266.fits
7144/spec-7144-56564-0267.fits
7144/spec-7144-56564-0268.fits
7144/spec-7144-56564-0269.fits
7144/spec-7144-56564-0270.fits
7144/spec-7144-56564-0271.fits
7144/spec-7144-56564-0272.fits
7144/spec-7144-56564-0273.fits
7144/spec-7144-56564-0274.fits
7144/spec-7144-56564-0275.fits
7144/spec-7144-56564-0276.fits
7144/spec-7144-56564-0277.fits
7144/spec-7144-56564-0278.fits
7144/spec-7144-56564-0279.fits
7144/spec-7144-56564-0280.fits
7144/spec-7144-56564-0281.fits
7144/spec-7144-56564-0282.fits
7144/spec-7144-56564-0283.fits
7144/spec-7144-56564-0284.fits
7144/spec-7144-56564-0285.fits
7144/spec-7144-56564-0286.fits
7144/spec-7144-56564-0287.fits
7144/spec-7144-56564-0288.fits
7144/spec-7144-56564-0289.fits
7144/spec-7144-56564-0290.fits
7144/spec-7144-56564-0291.fits
7144/spec-7144-56564-0292.fits
7144/spec-7144-56564-0293.fits
7144/spec-7144-56564-0294.fits
7144/spec-7144-56564-0295.fits
7144/spec-7144-56564-0296.fits
7144/spec-7144-56564-0297.fits
7144/spec-7144-56564-0298.fits
7144/spec-7144-56564-0299.fits
7144/spec-7144-56564-0300.fits
7144/spec-7144-56564-0301.fits
7144/spec-7144-56564-0302.fits
7144/spec-7144-56564-0303.fits
7144/spec-7144-56564-0304.fits
7144/spec-7144-56564-0305.fits
7144/spec-7144-56564-0306.fits
7144/spec-7144-56564-0307.fits
7144/spec-7144-56564-0308.fits
7144/spec-7144-56564-0309.fits
7144/spec-7144-56564-0310.fits
7144/spec-7144-56564-0311.fits
7144/spec-7144-56564-0312.fits
7144/spec-7144-56564-0313.fits
7144/spec-7144-56564-0314.fits
7144/spec-7144-56564-0315.fits
7144/spec-7144-56564-0316.fits
7144/spec-7144-56564-0317.fits
7144/spec-7144-56564-0318.fits
7144/spec-7144-56564-0319.fits
7144/spec-7144-56564-0320.fits
7144/spec-7144-56564-0321.fits
7144/spec-7144-56564-0322.fits
7144/spec-7144-56564-0323.fits
7144/spec-7144-56564-0324.fits
7144/spec-7144-56564-0325.fits
7144/spec-7144-56564-0326.fits
7144/spec-7144-56564-0327.fits
7144/spec-7144-56564-0328.fits
7144/spec-7144-56564-0329.fits
7144/spec-7144-56564-0330.fits
7144/spec-7144-56564-0331.fits
7144/spec-7144-56564-0332.fits
7144/spec-7144-56564-0333.fits
7144/spec-7144-56564-0334.fits
7144/spec-7144-56564-0335.fits
7144/spec-7144-56564-0336.fits
7144/spec-7144-56564-0337.fits
7144/spec-7144-56564-0338.fits
7144/spec-7144-56564-0339.fits
7144/spec-7144-56564-0340.fits
7144/spec-7144-56564-0341.fits
7144/spec-7144-56564-0342.fits
7144/spec-7144-56564-0343.fits
7144/spec-7144-56564-0344.fits
7144/spec-7144-56564-0345.fits
7144/spec-7144-56564-0346.fits
7144/spec-7144-56564-0347.fits
7144/spec-7144-56564-0348.fits
7144/spec-7144-56564-0349.fits
7144/spec-7144-56564-0350.fits
7144/spec-7144-56564-0351.fits
7144/spec-7144-56564-0352.fits
7144/spec-7144-56564-0353.fits
7144/spec-7144-56564-0354.fits
7144/spec-7144-56564-0355.fits
7144/spec-7144-56564-0356.fits
7144/spec-7144-56564-0357.fits
7144/spec-7144-56564-0358.fits
7144/spec-7144-56564-0359.fits
7144/spec-7144-56564-0360.fits
7144/spec-7144-56564-0361.fits
7144/spec-7144-56564-0362.fits
7144/spec-7144-56564-0363.fits
7144/spec-7144-56564-0364.fits
7144/spec-7144-56564-0365.fits
7144/spec-7144-56564-0366.fits
7144/spec-7144-56564-0367.fits
7144/spec-7144-56564-0368.fits
7144/spec-7144-56564-0369.fits
7144/spec-7144-56564-0370.fits
7144/spec-7144-56564-0371.fits
7144/spec-7144-56564-0372.fits
7144/spec-7144-56564-0373.fits
7144/spec-7144-56564-0374.fits
7144/spec-7144-56564-0375.fits
7144/spec-7144-56564-0376.fits
7144/spec-7144-56564-0377.fits
7144/spec-7144-56564-0378.fits
7144/spec-7144-56564-0379.fits
7144/spec-7144-56564-0380.fits
7144/spec-7144-56564-0381.fits
7144/spec-7144-56564-0382.fits
7144/spec-7144-56564-0383.fits
7144/spec-7144-56564-0384.fits
7144/spec-7144-56564-0385.fits
7144/spec-7144-56564-0386.fits
7144/spec-7144-56564-0387.fits
7144/spec-7144-56564-0388.fits
7144/spec-7144-56564-0389.fits
7144/spec-7144-56564-0390.fits
7144/spec-7144-56564-0391.fits
7144/spec-7144-56564-0392.fits
7144/spec-7144-56564-0393.fits
7144/spec-7144-56564-0394.fits
7144/spec-7144-56564-0395.fits
7144/spec-7144-56564-0396.fits
7144/spec-7144-56564-0397.fits
7144/spec-7144-56564-0398.fits
7144/spec-7144-56564-0399.fits
7144/spec-7144-56564-0400.fits
7144/spec-7144-56564-0401.fits
7144/spec-7144-56564-0402.fits
7144/spec-7144-56564-0403.fits
7144/spec-7144-56564-0404.fits
7144/spec-7144-56564-0405.fits
7144/spec-7144-56564-0406.fits
7144/spec-7144-56564-0407.fits
7144/spec-7144-56564-0408.fits
7144/spec-7144-56564-0409.fits
7144/spec-7144-56564-0410.fits
7144/spec-7144-56564-0411.fits
7144/spec-7144-56564-0412.fits
7144/spec-7144-56564-0413.fits
7144/spec-7144-56564-0414.fits
7144/spec-7144-56564-0415.fits
7144/spec-7144-56564-0416.fits
7144/spec-7144-56564-0417.fits
7144/spec-7144-56564-0418.fits
7144/spec-7144-56564-0419.fits
7144/spec-7144-56564-0420.fits
7144/spec-7144-56564-0421.fits
7144/spec-7144-56564-0422.fits
7144/spec-7144-56564-0423.fits
7144/spec-7144-56564-0424.fits
7144/spec-7144-56564-0425.fits
7144/spec-7144-56564-0426.fits
7144/spec-7144-56564-0427.fits
7144/spec-7144-56564-0428.fits
7144/spec-7144-56564-0429.fits
7144/spec-7144-56564-0430.fits
7144/spec-7144-56564-0431.fits
7144/spec-7144-56564-0432.fits
7144/spec-7144-56564-0433.fits
7144/spec-7144-56564-0434.fits
7144/spec-7144-56564-0435.fits
7144/spec-7144-56564-0436.fits
7144/spec-7144-56564-0437.fits
7144/spec-7144-56564-0438.fits
7144/spec-7144-56564-0439.fits
7144/spec-7144-56564-0440.fits
7144/spec-7144-56564-0441.fits
7144/spec-7144-56564-0442.fits
7144/spec-7144-56564-0443.fits
7144/spec-7144-56564-0444.fits
7144/spec-7144-56564-0445.fits
7144/spec-7144-56564-0446.fits
7144/spec-7144-56564-0447.fits
7144/spec-7144-56564-0448.fits
7144/spec-7144-56564-0449.fits
7144/spec-7144-56564-0450.fits
7144/spec-7144-56564-0451.fits
7144/spec-7144-56564-0452.fits
7144/spec-7144-56564-0453.fits
7144/spec-7144-56564-0454.fits
7144/spec-7144-56564-0455.fits
7144/spec-7144-56564-0456.fits
7144/spec-7144-56564-0457.fits
7144/spec-7144-56564-0458.fits
7144/spec-7144-56564-0459.fits
7144/spec-7144-56564-0460.fits
7144/spec-7144-56564-0461.fits
7144/spec-7144-56564-0462.fits
7144/spec-7144-56564-0463.fits
7144/spec-7144-56564-0464.fits
7144/spec-7144-56564-0465.fits
7144/spec-7144-56564-0466.fits
7144/spec-7144-56564-0467.fits
7144/spec-7144-56564-0468.fits
7144/spec-7144-56564-0469.fits
7144/spec-7144-56564-0470.fits
7144/spec-7144-56564-0471.fits
7144/spec-7144-56564-0472.fits
7144/spec-7144-56564-0473.fits
7144/spec-7144-56564-0474.fits
7144/spec-7144-56564-0475.fits
7144/spec-7144-56564-0476.fits
7144/spec-7144-56564-0477.fits
7144/spec-7144-56564-0478.fits
7144/spec-7144-56564-0479.fits
7144/spec-7144-56564-0480.fits
7144/spec-7144-56564-0481.fits
7144/spec-7144-56564-0482.fits
7144/spec-7144-56564-0483.fits
7144/spec-7144-56564-0484.fits
7144/spec-7144-56564-0485.fits
7144/spec-7144-56564-0486.fits
7144/spec-7144-56564-0487.fits
7144/spec-7144-56564-0488.fits
7144/spec-7144-56564-0489.fits
7144/spec-7144-56564-0490.fits
7144/spec-7144-56564-0491.fits
7144/spec-7144-56564-0492.fits
7144/spec-7144-56564-0493.fits
7144/spec-7144-56564-0494.fits
7144/spec-7144-56564-0495.fits
7144/spec-7144-56564-0496.fits
7144/spec-7144-56564-0497.fits
7144/spec-7144-56564-0498.fits
7144/spec-7144-56564-0499.fits
7144/spec-7144-56564-0500.fits
7144/spec-7144-56564-0501.fits
7144/spec-7144-56564-0502.fits
7144/spec-7144-56564-0503.fits
7144/spec-7144-56564-0504.fits
7144/spec-7144-56564-0505.fits
7144/spec-7144-56564-0506.fits
7144/spec-7144-56564-0507.fits
7144/spec-7144-56564-0508.fits
7144/spec-7144-56564-0509.fits
7144/spec-7144-56564-0510.fits
7144/spec-7144-56564-0511.fits
7144/spec-7144-56564-0512.fits
7144/spec-7144-56564-0513.fits
7144/spec-7144-56564-0514.fits
7144/spec-7144-56564-0515.fits
7144/spec-7144-56564-0516.fits
7144/spec-7144-56564-0517.fits
7144/spec-7144-56564-0518.fits
7144/spec-7144-56564-0519.fits
7144/spec-7144-56564-0520.fits
7144/spec-7144-56564-0521.fits
7144/spec-7144-56564-0522.fits
7144/spec-7144-56564-0523.fits
7144/spec-7144-56564-0524.fits
7144/spec-7144-56564-0525.fits
7144/spec-7144-56564-0526.fits
7144/spec-7144-56564-0527.fits
7144/spec-7144-56564-0528.fits
7144/spec-7144-56564-0529.fits
7144/spec-7144-56564-0530.fits
7144/spec-7144-56564-0531.fits
7144/spec-7144-56564-0532.fits
7144/spec-7144-56564-0533.fits
7144/spec-7144-56564-0534.fits
7144/spec-7144-56564-0535.fits
7144/spec-7144-56564-0536.fits
7144/spec-7144-56564-0537.fits
7144/spec-7144-56564-0538.fits
7144/spec-7144-56564-0539.fits
7144/spec-7144-56564-0540.fits
7144/spec-7144-56564-0541.fits
7144/spec-7144-56564-0542.fits
7144/spec-7144-56564-0543.fits
7144/spec-7144-56564-0544.fits
7144/spec-7144-56564-0545.fits
7144/spec-7144-56564-0546.fits
7144/spec-7144-56564-0547.fits
7144/spec-7144-56564-0548.fits
7144/spec-7144-56564-0549.fits
7144/spec-7144-56564-0550.fits
7144/spec-7144-56564-0551.fits
7144/spec-7144-56564-0552.fits
7144/spec-7144-56564-0553.fits
7144/spec-7144-56564-0554.fits
7144/spec-7144-56564-0555.fits
7144/spec-7144-56564-0556.fits
7144/spec-7144-56564-0557.fits
7144/spec-7144-56564-0558.fits
7144/spec-7144-56564-0559.fits
7144/spec-7144-56564-0560.fits
7144/spec-7144-56564-0561.fits
7144/spec-7144-56564-0562.fits
7144/spec-7144-56564-0563.fits
7144/spec-7144-56564-0564.fits
7144/spec-7144-56564-0565.fits
7144/spec-7144-56564-0566.fits
7144/spec-7144-56564-0567.fits
7144/spec-7144-56564-0568.fits
7144/spec-7144-56564-0569.fits
7144/spec-7144-56564-0570.fits
7144/spec-7144-56564-0571.fits
7144/spec-7144-56564-0572.fits
7144/spec-7144-56564-0573.fits
7144/spec-7144-56564-0574.fits
7144/spec-7144-56564-0575.fits
7144/spec-7144-56564-0576.fits
7144/spec-7144-56564-0577.fits
7144/spec-7144-56564-0578.fits
7144/spec-7144-56564-0579.fits
7144/spec-7144-56564-0580.fits
7144/spec-7144-56564-0581.fits
7144/spec-7144-56564-0582.fits
7144/spec-7144-56564-0583.fits
7144/spec-7144-56564-0584.fits
7144/spec-7144-56564-0585.fits
7144/spec-7144-56564-0586.fits
7144/spec-7144-56564-0587.fits
7144/spec-7144-56564-0588.fits
7144/spec-7144-56564-0589.fits
7144/spec-7144-56564-0590.fits
7144/spec-7144-56564-0591.fits
7144/spec-7144-56564-0592.fits
7144/spec-7144-56564-0593.fits
7144/spec-7144-56564-0594.fits
7144/spec-7144-56564-0595.fits
7144/spec-7144-56564-0596.fits
7144/spec-7144-56564-0597.fits
7144/spec-7144-56564-0598.fits
7144/spec-7144-56564-0599.fits
7144/spec-7144-56564-0600.fits
7144/spec-7144-56564-0601.fits
7144/spec-7144-56564-0602.fits
7144/spec-7144-56564-0603.fits
7144/spec-7144-56564-0604.fits
7144/spec-7144-56564-0605.fits
7144/spec-7144-56564-0606.fits
7144/spec-7144-56564-0607.fits
7144/spec-7144-56564-0608.fits
7144/spec-7144-56564-0609.fits
7144/spec-7144-56564-0610.fits
7144/spec-7144-56564-0611.fits
7144/spec-7144-56564-0612.fits
7144/spec-7144-56564-0613.fits
7144/spec-7144-56564-0614.fits
7144/spec-7144-56564-0615.fits
7144/spec-7144-56564-0616.fits
7144/spec-7144-56564-0617.fits
7144/spec-7144-56564-0618.fits
7144/spec-7144-56564-0619.fits
7144/spec-7144-56564-0620.fits
7144/spec-7144-56564-0621.fits
7144/spec-7144-56564-0622.fits
7144/spec-7144-56564-0623.fits
7144/spec-7144-56564-0624.fits
7144/spec-7144-56564-0625.fits
7144/spec-7144-56564-0626.fits
7144/spec-7144-56564-0627.fits
7144/spec-7144-56564-0628.fits
7144/spec-7144-56564-0629.fits
7144/spec-7144-56564-0630.fits
7144/spec-7144-56564-0631.fits
7144/spec-7144-56564-0632.fits
7144/spec-7144-56564-0633.fits
7144/spec-7144-56564-0634.fits
7144/spec-7144-56564-0635.fits
7144/spec-7144-56564-0636.fits
7144/spec-7144-56564-0637.fits
7144/spec-7144-56564-0638.fits
7144/spec-7144-56564-0639.fits
7144/spec-7144-56564-0640.fits
7144/spec-7144-56564-0641.fits
7144/spec-7144-56564-0642.fits
7144/spec-7144-56564-0643.fits
7144/spec-7144-56564-0644.fits
7144/spec-7144-56564-0645.fits
7144/spec-7144-56564-0646.fits
7144/spec-7144-56564-0647.fits
7144/spec-7144-56564-0648.fits
7144/spec-7144-56564-0649.fits
7144/spec-7144-56564-0650.fits
7144/spec-7144-56564-0651.fits
7144/spec-7144-56564-0652.fits
7144/spec-7144-56564-0653.fits
7144/spec-7144-56564-0654.fits
7144/spec-7144-56564-0655.fits
7144/spec-7144-56564-0656.fits
7144/spec-7144-56564-0657.fits
7144/spec-7144-56564-0658.fits
7144/spec-7144-56564-0659.fits
7144/spec-7144-56564-0660.fits
7144/spec-7144-56564-0661.fits
7144/spec-7144-56564-0662.fits
7144/spec-7144-56564-0663.fits
7144/spec-7144-56564-0664.fits
7144/spec-7144-56564-0665.fits
7144/spec-7144-56564-0666.fits
7144/spec-7144-56564-0667.fits
7144/spec-7144-56564-0668.fits
7144/spec-7144-56564-0669.fits
7144/spec-7144-56564-0670.fits
7144/spec-7144-56564-0671.fits
7144/spec-7144-56564-0672.fits
7144/spec-7144-56564-0673.fits
7144/spec-7144-56564-0674.fits
7144/spec-7144-56564-0675.fits
7144/spec-7144-56564-0676.fits
7144/spec-7144-56564-0677.fits
7144/spec-7144-56564-0678.fits
7144/spec-7144-56564-0679.fits
7144/spec-7144-56564-0680.fits
7144/spec-7144-56564-0681.fits
7144/spec-7144-56564-0682.fits
7144/spec-7144-56564-0683.fits
7144/spec-7144-56564-0684.fits
7144/spec-7144-56564-0685.fits
7144/spec-7144-56564-0686.fits
7144/spec-7144-56564-0687.fits
7144/spec-7144-56564-0688.fits
7144/spec-7144-56564-0689.fits
7144/spec-7144-56564-0690.fits
7144/spec-7144-56564-0691.fits
7144/spec-7144-56564-0692.fits
7144/spec-7144-56564-0693.fits
7144/spec-7144-56564-0694.fits
7144/spec-7144-56564-0695.fits
7144/spec-7144-56564-0696.fits
7144/spec-7144-56564-0697.fits
7144/spec-7144-56564-0698.fits
7144/spec-7144-56564-0699.fits
7144/spec-7144-56564-0700.fits
7144/spec-7144-56564-0701.fits
7144/spec-7144-56564-0702.fits
7144/spec-7144-56564-0703.fits
7144/spec-7144-56564-0704.fits
7144/spec-7144-56564-0705.fits
7144/spec-7144-56564-0706.fits
7144/spec-7144-56564-0707.fits
7144/spec-7144-56564-0708.fits
7144/spec-7144-56564-0709.fits
7144/spec-7144-56564-0710.fits
7144/spec-7144-56564-0711.fits
7144/spec-7144-56564-0712.fits
7144/spec-7144-56564-0713.fits
7144/spec-7144-56564-0714.fits
7144/spec-7144-56564-0715.fits
7144/spec-7144-56564-0716.fits
7144/spec-7144-56564-0717.fits
7144/spec-7144-56564-0718.fits
7144/spec-7144-56564-0719.fits
7144/spec-7144-56564-0720.fits
7144/spec-7144-56564-0721.fits
7144/spec-7144-56564-0722.fits
7144/spec-7144-56564-0723.fits
7144/spec-7144-56564-0724.fits
7144/spec-7144-56564-0725.fits
7144/spec-7144-56564-0726.fits
7144/spec-7144-56564-0727.fits
7144/spec-7144-56564-0728.fits
7144/spec-7144-56564-0729.fits
7144/spec-7144-56564-0730.fits
7144/spec-7144-56564-0731.fits
7144/spec-7144-56564-0732.fits
7144/spec-7144-56564-0733.fits
7144/spec-7144-56564-0734.fits
7144/spec-7144-56564-0735.fits
7144/spec-7144-56564-0736.fits
7144/spec-7144-56564-0737.fits
7144/spec-7144-56564-0738.fits
7144/spec-7144-56564-0739.fits
7144/spec-7144-56564-0740.fits
7144/spec-7144-56564-0741.fits
7144/spec-7144-56564-0742.fits
7144/spec-7144-56564-0743.fits
7144/spec-7144-56564-0744.fits
7144/spec-7144-56564-0745.fits
7144/spec-7144-56564-0746.fits
7144/spec-7144-56564-0747.fits
7144/spec-7144-56564-0748.fits
7144/spec-7144-56564-0749.fits
7144/spec-7144-56564-0750.fits
7144/spec-7144-56564-0751.fits
7144/spec-7144-56564-0752.fits
7144/spec-7144-56564-0753.fits
7144/spec-7144-56564-0754.fits
7144/spec-7144-56564-0755.fits
7144/spec-7144-56564-0756.fits
7144/spec-7144-56564-0757.fits
7144/spec-7144-56564-0758.fits
7144/spec-7144-56564-0759.fits
7144/spec-7144-56564-0760.fits
7144/spec-7144-56564-0761.fits
7144/spec-7144-56564-0762.fits
7144/spec-7144-56564-0763.fits
7144/spec-7144-56564-0764.fits
7144/spec-7144-56564-0765.fits
7144/spec-7144-56564-0766.fits
7144/spec-7144-56564-0767.fits
7144/spec-7144-56564-0768.fits
7144/spec-7144-56564-0769.fits
7144/spec-7144-56564-0770.fits
7144/spec-7144-56564-0771.fits
7144/spec-7144-56564-0772.fits
7144/spec-7144-56564-0773.fits
7144/spec-7144-56564-0774.fits
7144/spec-7144-56564-0775.fits
7144/spec-7144-56564-0776.fits
7144/spec-7144-56564-0777.fits
7144/spec-7144-56564-0778.fits
7144/spec-7144-56564-0779.fits
7144/spec-7144-56564-0780.fits
7144/spec-7144-56564-0781.fits
7144/spec-7144-56564-0782.fits
7144/spec-7144-56564-0783.fits
7144/spec-7144-56564-0784.fits
7144/spec-7144-56564-0785.fits
7144/spec-7144-56564-0786.fits
7144/spec-7144-56564-0787.fits
7144/spec-7144-56564-0788.fits
7144/spec-7144-56564-0789.fits
7144/spec-7144-56564-0790.fits
7144/spec-7144-56564-0791.fits
7144/spec-7144-56564-0792.fits
7144/spec-7144-56564-0793.fits
7144/spec-7144-56564-0794.fits
7144/spec-7144-56564-0795.fits
7144/spec-7144-56564-0796.fits
7144/spec-7144-56564-0797.fits
7144/spec-7144-56564-0798.fits
7144/spec-7144-56564-0799.fits
7144/spec-7144-56564-0800.fits
7144/spec-7144-56564-0801.fits
7144/spec-7144-56564-0802.fits
7144/spec-7144-56564-0803.fits
7144/spec-7144-56564-0804.fits
7144/spec-7144-56564-0805.fits
7144/spec-7144-56564-0806.fits
7144/spec-7144-56564-0807.fits
7144/spec-7144-56564-0808.fits
7144/spec-7144-56564-0809.fits
7144/spec-7144-56564-0810.fits
7144/spec-7144-56564-0811.fits
7144/spec-7144-56564-0812.fits
7144/spec-7144-56564-0813.fits
7144/spec-7144-56564-0814.fits
7144/spec-7144-56564-0815.fits
7144/spec-7144-56564-0816.fits
7144/spec-7144-56564-0817.fits
7144/spec-7144-56564-0818.fits
7144/spec-7144-56564-0819.fits
7144/spec-7144-56564-0820.fits
7144/spec-7144-56564-0821.fits
7144/spec-7144-56564-0822.fits
7144/spec-7144-56564-0823.fits
7144/spec-7144-56564-0824.fits
7144/spec-7144-56564-0825.fits
7144/spec-7144-56564-0826.fits
7144/spec-7144-56564-0827.fits
7144/spec-7144-56564-0828.fits
7144/spec-7144-56564-0829.fits
7144/spec-7144-56564-0830.fits
7144/spec-7144-56564-0831.fits
7144/spec-7144-56564-0832.fits
7144/spec-7144-56564-0833.fits
7144/spec-7144-56564-0834.fits
7144/spec-7144-56564-0835.fits
7144/spec-7144-56564-0836.fits
7144/spec-7144-56564-0837.fits
7144/spec-7144-56564-0838.fits
7144/spec-7144-56564-0839.fits
7144/spec-7144-56564-0840.fits
7144/spec-7144-56564-0841.fits
7144/spec-7144-56564-0842.fits
7144/spec-7144-56564-0843.fits
7144/spec-7144-56564-0844.fits
7144/spec-7144-56564-0845.fits
7144/spec-7144-56564-0846.fits
7144/spec-7144-56564-0847.fits
7144/spec-7144-56564-0848.fits
7144/spec-7144-56564-0849.fits
7144/spec-7144-56564-0850.fits
7144/spec-7144-56564-0851.fits
7144/spec-7144-56564-0852.fits
7144/spec-7144-56564-0853.fits
7144/spec-7144-56564-0854.fits
7144/spec-7144-56564-0855.fits
7144/spec-7144-56564-0856.fits
7144/spec-7144-56564-0857.fits
7144/spec-7144-56564-0858.fits
7144/spec-7144-56564-0859.fits
7144/spec-7144-56564-0860.fits
7144/spec-7144-56564-0861.fits
7144/spec-7144-56564-0862.fits
7144/spec-7144-56564-0863.fits
7144/spec-7144-56564-0864.fits
7144/spec-7144-56564-0865.fits
7144/spec-7144-56564-0866.fits
7144/spec-7144-56564-0867.fits
7144/spec-7144-56564-0868.fits
7144/spec-7144-56564-0869.fits
7144/spec-7144-56564-0870.fits
7144/spec-7144-56564-0871.fits
7144/spec-7144-56564-0872.fits
7144/spec-7144-56564-0873.fits
7144/spec-7144-56564-0874.fits
7144/spec-7144-56564-0875.fits
7144/spec-7144-56564-0876.fits
7144/spec-7144-56564-0877.fits
7144/spec-7144-56564-0878.fits
7144/spec-7144-56564-0879.fits
7144/spec-7144-56564-0880.fits
7144/spec-7144-56564-0881.fits
7144/spec-7144-56564-0882.fits
7144/spec-7144-56564-0883.fits
7144/spec-7144-56564-0884.fits
7144/spec-7144-56564-0885.fits
7144/spec-7144-56564-0886.fits
7144/spec-7144-56564-0887.fits
7144/spec-7144-56564-0888.fits
7144/spec-7144-56564-0889.fits
7144/spec-7144-56564-0890.fits
7144/spec-7144-56564-0891.fits
7144/spec-7144-56564-0892.fits
7144/spec-7144-56564-0893.fits
7144/spec-7144-56564-0894.fits
7144/spec-7144-56564-0895.fits
7144/spec-7144-56564-0896.fits
7144/spec-7144-56564-0897.fits
7144/spec-7144-56564-0898.fits
7144/spec-7144-56564-0899.fits
7144/spec-7144-56564-0900.fits
7144/spec-7144-56564-0901.fits
7144/spec-7144-56564-0902.fits
7144/spec-7144-56564-0903.fits
7144/spec-7144-56564-0904.fits
7144/spec-7144-56564-0905.fits
7144/spec-7144-56564-0906.fits
7144/spec-7144-56564-0907.fits
7144/spec-7144-56564-0908.fits
7144/spec-7144-56564-0909.fits
7144/spec-7144-56564-0910.fits
7144/spec-7144-56564-0911.fits
7144/spec-7144-56564-0912.fits
7144/spec-7144-56564-0913.fits
7144/spec-7144-56564-0914.fits
7144/spec-7144-56564-0915.fits
7144/spec-7144-56564-0916.fits
7144/spec-7144-56564-0917.fits
7144/spec-7144-56564-0918.fits
7144/spec-7144-56564-0919.fits
7144/spec-7144-56564-0920.fits
7144/spec-7144-56564-0921.fits
7144/spec-7144-56564-0922.fits
7144/spec-7144-56564-0923.fits
7144/spec-7144-56564-0924.fits
7144/spec-7144-56564-0925.fits
7144/spec-7144-56564-0926.fits
7144/spec-7144-56564-0927.fits
7144/spec-7144-56564-0928.fits
7144/spec-7144-56564-0929.fits
7144/spec-7144-56564-0930.fits
7144/spec-7144-56564-0931.fits
7144/spec-7144-56564-0932.fits
7144/spec-7144-56564-0933.fits
7144/spec-7144-56564-0934.fits
7144/spec-7144-56564-0935.fits
7144/spec-7144-56564-0936.fits
7144/spec-7144-56564-0937.fits
7144/spec-7144-56564-0938.fits
7144/spec-7144-56564-0939.fits
7144/spec-7144-56564-0940.fits
7144/spec-7144-56564-0941.fits
7144/spec-7144-56564-0942.fits
7144/spec-7144-56564-0943.fits
7144/spec-7144-56564-0944.fits
7144/spec-7144-56564-0945.fits
7144/spec-7144-56564-0946.fits
7144/spec-7144-56564-0947.fits
7144/spec-7144-56564-0948.fits
7144/spec-7144-56564-0949.fits
7144/spec-7144-56564-0950.fits
7144/spec-7144-56564-0951.fits
7144/spec-7144-56564-0952.fits
7144/spec-7144-56564-0953.fits
7144/spec-7144-56564-0954.fits
7144/spec-7144-56564-0955.fits
7144/spec-7144-56564-0956.fits
7144/spec-7144-56564-0957.fits
7144/spec-7144-56564-0958.fits
7144/spec-7144-56564-0959.fits
7144/spec-7144-56564-0960.fits
7144/spec-7144-56564-0961.fits
7144/spec-7144-56564-0962.fits
7144/spec-7144-56564-0963.fits
7144/spec-7144-56564-0964.fits
7144/spec-7144-56564-0965.fits
7144/spec-7144-56564-0966.fits
7144/spec-7144-56564-0967.fits
7144/spec-7144-56564-0968.fits
7144/spec-7144-56564-0969.fits
7144/spec-7144-56564-0970.fits
7144/spec-7144-56564-0971.fits
7144/spec-7144-56564-0972.fits
7144/spec-7144-56564-0973.fits
7144/spec-7144-56564-0974.fits
7144/spec-7144-56564-0975.fits
7144/spec-7144-56564-0976.fits
7144/spec-7144-56564-0977.fits
7144/spec-7144-56564-0978.fits
7144/spec-7144-56564-0979.fits
7144/spec-7144-56564-0980.fits
7144/spec-7144-56564-0981.fits
7144/spec-7144-56564-0982.fits
7144/spec-7144-56564-0983.fits
7144/spec-7144-56564-0984.fits
7144/spec-7144-56564-0985.fits
7144/spec-7144-56564-0986.fits
7144/spec-7144-56564-0987.fits
7144/spec-7144-56564-0988.fits
7144/spec-7144-56564-0989.fits
7144/spec-7144-56564-0990.fits
7144/spec-7144-56564-0991.fits
7144/spec-7144-56564-0992.fits
7144/spec-7144-56564-0993.fits
7144/spec-7144-56564-0994.fits
7144/spec-7144-56564-0995.fits
7144/spec-7144-56564-0996.fits
7144/spec-7144-56564-0997.fits
7144/spec-7144-56564-0998.fits
7144/spec-7144-56564-0999.fits
7144/spec-7144-56564-1000.fits
/var/lib/condor/execute/slot1/dir_11927
7144 7144.tgz R R361.tar.gz _condor_stderr _condor_stdout cB58_Lyman_break.fit condor_exec.exe hw4.R packages packages.tar.gz tmp var
[1] "Loaded package astro."
[1] 1000
7144 7144.csv 7144.tgz R R361.tar.gz _condor_stderr _condor_stdout cB58_Lyman_break.fit condor_exec.exe hw4.R packages packages.tar.gz tmp var
