7156
7156/
7156/spec-7156-56959-0001.fits
7156/spec-7156-56959-0002.fits
7156/spec-7156-56959-0003.fits
7156/spec-7156-56959-0004.fits
7156/spec-7156-56959-0005.fits
7156/spec-7156-56959-0006.fits
7156/spec-7156-56959-0007.fits
7156/spec-7156-56959-0008.fits
7156/spec-7156-56959-0009.fits
7156/spec-7156-56959-0010.fits
7156/spec-7156-56959-0011.fits
7156/spec-7156-56959-0012.fits
7156/spec-7156-56959-0013.fits
7156/spec-7156-56959-0014.fits
7156/spec-7156-56959-0015.fits
7156/spec-7156-56959-0016.fits
7156/spec-7156-56959-0017.fits
7156/spec-7156-56959-0018.fits
7156/spec-7156-56959-0019.fits
7156/spec-7156-56959-0020.fits
7156/spec-7156-56959-0021.fits
7156/spec-7156-56959-0022.fits
7156/spec-7156-56959-0023.fits
7156/spec-7156-56959-0024.fits
7156/spec-7156-56959-0025.fits
7156/spec-7156-56959-0026.fits
7156/spec-7156-56959-0027.fits
7156/spec-7156-56959-0028.fits
7156/spec-7156-56959-0029.fits
7156/spec-7156-56959-0030.fits
7156/spec-7156-56959-0031.fits
7156/spec-7156-56959-0032.fits
7156/spec-7156-56959-0033.fits
7156/spec-7156-56959-0034.fits
7156/spec-7156-56959-0035.fits
7156/spec-7156-56959-0036.fits
7156/spec-7156-56959-0037.fits
7156/spec-7156-56959-0038.fits
7156/spec-7156-56959-0039.fits
7156/spec-7156-56959-0040.fits
7156/spec-7156-56959-0041.fits
7156/spec-7156-56959-0042.fits
7156/spec-7156-56959-0043.fits
7156/spec-7156-56959-0044.fits
7156/spec-7156-56959-0045.fits
7156/spec-7156-56959-0046.fits
7156/spec-7156-56959-0047.fits
7156/spec-7156-56959-0048.fits
7156/spec-7156-56959-0049.fits
7156/spec-7156-56959-0050.fits
7156/spec-7156-56959-0051.fits
7156/spec-7156-56959-0052.fits
7156/spec-7156-56959-0053.fits
7156/spec-7156-56959-0054.fits
7156/spec-7156-56959-0055.fits
7156/spec-7156-56959-0056.fits
7156/spec-7156-56959-0057.fits
7156/spec-7156-56959-0058.fits
7156/spec-7156-56959-0059.fits
7156/spec-7156-56959-0060.fits
7156/spec-7156-56959-0061.fits
7156/spec-7156-56959-0062.fits
7156/spec-7156-56959-0063.fits
7156/spec-7156-56959-0064.fits
7156/spec-7156-56959-0065.fits
7156/spec-7156-56959-0066.fits
7156/spec-7156-56959-0067.fits
7156/spec-7156-56959-0068.fits
7156/spec-7156-56959-0069.fits
7156/spec-7156-56959-0070.fits
7156/spec-7156-56959-0071.fits
7156/spec-7156-56959-0072.fits
7156/spec-7156-56959-0073.fits
7156/spec-7156-56959-0074.fits
7156/spec-7156-56959-0075.fits
7156/spec-7156-56959-0076.fits
7156/spec-7156-56959-0077.fits
7156/spec-7156-56959-0078.fits
7156/spec-7156-56959-0079.fits
7156/spec-7156-56959-0080.fits
7156/spec-7156-56959-0081.fits
7156/spec-7156-56959-0082.fits
7156/spec-7156-56959-0083.fits
7156/spec-7156-56959-0084.fits
7156/spec-7156-56959-0085.fits
7156/spec-7156-56959-0086.fits
7156/spec-7156-56959-0087.fits
7156/spec-7156-56959-0088.fits
7156/spec-7156-56959-0089.fits
7156/spec-7156-56959-0090.fits
7156/spec-7156-56959-0091.fits
7156/spec-7156-56959-0092.fits
7156/spec-7156-56959-0093.fits
7156/spec-7156-56959-0094.fits
7156/spec-7156-56959-0095.fits
7156/spec-7156-56959-0096.fits
7156/spec-7156-56959-0097.fits
7156/spec-7156-56959-0098.fits
7156/spec-7156-56959-0099.fits
7156/spec-7156-56959-0100.fits
7156/spec-7156-56959-0101.fits
7156/spec-7156-56959-0102.fits
7156/spec-7156-56959-0103.fits
7156/spec-7156-56959-0104.fits
7156/spec-7156-56959-0105.fits
7156/spec-7156-56959-0106.fits
7156/spec-7156-56959-0107.fits
7156/spec-7156-56959-0108.fits
7156/spec-7156-56959-0109.fits
7156/spec-7156-56959-0110.fits
7156/spec-7156-56959-0111.fits
7156/spec-7156-56959-0112.fits
7156/spec-7156-56959-0113.fits
7156/spec-7156-56959-0114.fits
7156/spec-7156-56959-0115.fits
7156/spec-7156-56959-0116.fits
7156/spec-7156-56959-0117.fits
7156/spec-7156-56959-0118.fits
7156/spec-7156-56959-0119.fits
7156/spec-7156-56959-0120.fits
7156/spec-7156-56959-0121.fits
7156/spec-7156-56959-0122.fits
7156/spec-7156-56959-0123.fits
7156/spec-7156-56959-0124.fits
7156/spec-7156-56959-0125.fits
7156/spec-7156-56959-0126.fits
7156/spec-7156-56959-0127.fits
7156/spec-7156-56959-0128.fits
7156/spec-7156-56959-0129.fits
7156/spec-7156-56959-0130.fits
7156/spec-7156-56959-0131.fits
7156/spec-7156-56959-0132.fits
7156/spec-7156-56959-0133.fits
7156/spec-7156-56959-0134.fits
7156/spec-7156-56959-0135.fits
7156/spec-7156-56959-0136.fits
7156/spec-7156-56959-0137.fits
7156/spec-7156-56959-0138.fits
7156/spec-7156-56959-0139.fits
7156/spec-7156-56959-0140.fits
7156/spec-7156-56959-0141.fits
7156/spec-7156-56959-0142.fits
7156/spec-7156-56959-0143.fits
7156/spec-7156-56959-0144.fits
7156/spec-7156-56959-0145.fits
7156/spec-7156-56959-0146.fits
7156/spec-7156-56959-0147.fits
7156/spec-7156-56959-0148.fits
7156/spec-7156-56959-0149.fits
7156/spec-7156-56959-0150.fits
7156/spec-7156-56959-0151.fits
7156/spec-7156-56959-0152.fits
7156/spec-7156-56959-0153.fits
7156/spec-7156-56959-0154.fits
7156/spec-7156-56959-0155.fits
7156/spec-7156-56959-0156.fits
7156/spec-7156-56959-0157.fits
7156/spec-7156-56959-0158.fits
7156/spec-7156-56959-0159.fits
7156/spec-7156-56959-0160.fits
7156/spec-7156-56959-0161.fits
7156/spec-7156-56959-0162.fits
7156/spec-7156-56959-0163.fits
7156/spec-7156-56959-0164.fits
7156/spec-7156-56959-0165.fits
7156/spec-7156-56959-0166.fits
7156/spec-7156-56959-0167.fits
7156/spec-7156-56959-0168.fits
7156/spec-7156-56959-0169.fits
7156/spec-7156-56959-0170.fits
7156/spec-7156-56959-0171.fits
7156/spec-7156-56959-0172.fits
7156/spec-7156-56959-0173.fits
7156/spec-7156-56959-0174.fits
7156/spec-7156-56959-0175.fits
7156/spec-7156-56959-0176.fits
7156/spec-7156-56959-0177.fits
7156/spec-7156-56959-0178.fits
7156/spec-7156-56959-0179.fits
7156/spec-7156-56959-0180.fits
7156/spec-7156-56959-0181.fits
7156/spec-7156-56959-0182.fits
7156/spec-7156-56959-0183.fits
7156/spec-7156-56959-0184.fits
7156/spec-7156-56959-0185.fits
7156/spec-7156-56959-0186.fits
7156/spec-7156-56959-0187.fits
7156/spec-7156-56959-0188.fits
7156/spec-7156-56959-0189.fits
7156/spec-7156-56959-0190.fits
7156/spec-7156-56959-0191.fits
7156/spec-7156-56959-0192.fits
7156/spec-7156-56959-0193.fits
7156/spec-7156-56959-0194.fits
7156/spec-7156-56959-0195.fits
7156/spec-7156-56959-0196.fits
7156/spec-7156-56959-0197.fits
7156/spec-7156-56959-0198.fits
7156/spec-7156-56959-0199.fits
7156/spec-7156-56959-0200.fits
7156/spec-7156-56959-0201.fits
7156/spec-7156-56959-0202.fits
7156/spec-7156-56959-0203.fits
7156/spec-7156-56959-0204.fits
7156/spec-7156-56959-0205.fits
7156/spec-7156-56959-0206.fits
7156/spec-7156-56959-0207.fits
7156/spec-7156-56959-0208.fits
7156/spec-7156-56959-0209.fits
7156/spec-7156-56959-0210.fits
7156/spec-7156-56959-0211.fits
7156/spec-7156-56959-0212.fits
7156/spec-7156-56959-0213.fits
7156/spec-7156-56959-0214.fits
7156/spec-7156-56959-0215.fits
7156/spec-7156-56959-0216.fits
7156/spec-7156-56959-0217.fits
7156/spec-7156-56959-0218.fits
7156/spec-7156-56959-0219.fits
7156/spec-7156-56959-0220.fits
7156/spec-7156-56959-0221.fits
7156/spec-7156-56959-0222.fits
7156/spec-7156-56959-0223.fits
7156/spec-7156-56959-0224.fits
7156/spec-7156-56959-0225.fits
7156/spec-7156-56959-0226.fits
7156/spec-7156-56959-0227.fits
7156/spec-7156-56959-0228.fits
7156/spec-7156-56959-0229.fits
7156/spec-7156-56959-0230.fits
7156/spec-7156-56959-0231.fits
7156/spec-7156-56959-0232.fits
7156/spec-7156-56959-0233.fits
7156/spec-7156-56959-0234.fits
7156/spec-7156-56959-0235.fits
7156/spec-7156-56959-0236.fits
7156/spec-7156-56959-0237.fits
7156/spec-7156-56959-0238.fits
7156/spec-7156-56959-0239.fits
7156/spec-7156-56959-0240.fits
7156/spec-7156-56959-0241.fits
7156/spec-7156-56959-0242.fits
7156/spec-7156-56959-0243.fits
7156/spec-7156-56959-0244.fits
7156/spec-7156-56959-0245.fits
7156/spec-7156-56959-0246.fits
7156/spec-7156-56959-0247.fits
7156/spec-7156-56959-0248.fits
7156/spec-7156-56959-0249.fits
7156/spec-7156-56959-0250.fits
7156/spec-7156-56959-0251.fits
7156/spec-7156-56959-0252.fits
7156/spec-7156-56959-0253.fits
7156/spec-7156-56959-0254.fits
7156/spec-7156-56959-0255.fits
7156/spec-7156-56959-0256.fits
7156/spec-7156-56959-0257.fits
7156/spec-7156-56959-0258.fits
7156/spec-7156-56959-0259.fits
7156/spec-7156-56959-0260.fits
7156/spec-7156-56959-0261.fits
7156/spec-7156-56959-0262.fits
7156/spec-7156-56959-0263.fits
7156/spec-7156-56959-0264.fits
7156/spec-7156-56959-0265.fits
7156/spec-7156-56959-0266.fits
7156/spec-7156-56959-0267.fits
7156/spec-7156-56959-0268.fits
7156/spec-7156-56959-0269.fits
7156/spec-7156-56959-0270.fits
7156/spec-7156-56959-0271.fits
7156/spec-7156-56959-0272.fits
7156/spec-7156-56959-0273.fits
7156/spec-7156-56959-0274.fits
7156/spec-7156-56959-0275.fits
7156/spec-7156-56959-0276.fits
7156/spec-7156-56959-0277.fits
7156/spec-7156-56959-0278.fits
7156/spec-7156-56959-0279.fits
7156/spec-7156-56959-0280.fits
7156/spec-7156-56959-0281.fits
7156/spec-7156-56959-0282.fits
7156/spec-7156-56959-0283.fits
7156/spec-7156-56959-0284.fits
7156/spec-7156-56959-0285.fits
7156/spec-7156-56959-0286.fits
7156/spec-7156-56959-0287.fits
7156/spec-7156-56959-0288.fits
7156/spec-7156-56959-0289.fits
7156/spec-7156-56959-0290.fits
7156/spec-7156-56959-0291.fits
7156/spec-7156-56959-0292.fits
7156/spec-7156-56959-0293.fits
7156/spec-7156-56959-0294.fits
7156/spec-7156-56959-0295.fits
7156/spec-7156-56959-0296.fits
7156/spec-7156-56959-0297.fits
7156/spec-7156-56959-0298.fits
7156/spec-7156-56959-0299.fits
7156/spec-7156-56959-0300.fits
7156/spec-7156-56959-0301.fits
7156/spec-7156-56959-0302.fits
7156/spec-7156-56959-0303.fits
7156/spec-7156-56959-0304.fits
7156/spec-7156-56959-0305.fits
7156/spec-7156-56959-0306.fits
7156/spec-7156-56959-0307.fits
7156/spec-7156-56959-0308.fits
7156/spec-7156-56959-0309.fits
7156/spec-7156-56959-0310.fits
7156/spec-7156-56959-0311.fits
7156/spec-7156-56959-0312.fits
7156/spec-7156-56959-0313.fits
7156/spec-7156-56959-0314.fits
7156/spec-7156-56959-0315.fits
7156/spec-7156-56959-0316.fits
7156/spec-7156-56959-0317.fits
7156/spec-7156-56959-0318.fits
7156/spec-7156-56959-0319.fits
7156/spec-7156-56959-0320.fits
7156/spec-7156-56959-0321.fits
7156/spec-7156-56959-0322.fits
7156/spec-7156-56959-0323.fits
7156/spec-7156-56959-0324.fits
7156/spec-7156-56959-0325.fits
7156/spec-7156-56959-0326.fits
7156/spec-7156-56959-0327.fits
7156/spec-7156-56959-0328.fits
7156/spec-7156-56959-0329.fits
7156/spec-7156-56959-0330.fits
7156/spec-7156-56959-0331.fits
7156/spec-7156-56959-0332.fits
7156/spec-7156-56959-0333.fits
7156/spec-7156-56959-0334.fits
7156/spec-7156-56959-0335.fits
7156/spec-7156-56959-0336.fits
7156/spec-7156-56959-0337.fits
7156/spec-7156-56959-0338.fits
7156/spec-7156-56959-0339.fits
7156/spec-7156-56959-0340.fits
7156/spec-7156-56959-0341.fits
7156/spec-7156-56959-0342.fits
7156/spec-7156-56959-0343.fits
7156/spec-7156-56959-0344.fits
7156/spec-7156-56959-0345.fits
7156/spec-7156-56959-0346.fits
7156/spec-7156-56959-0347.fits
7156/spec-7156-56959-0348.fits
7156/spec-7156-56959-0349.fits
7156/spec-7156-56959-0350.fits
7156/spec-7156-56959-0351.fits
7156/spec-7156-56959-0352.fits
7156/spec-7156-56959-0353.fits
7156/spec-7156-56959-0354.fits
7156/spec-7156-56959-0355.fits
7156/spec-7156-56959-0356.fits
7156/spec-7156-56959-0357.fits
7156/spec-7156-56959-0358.fits
7156/spec-7156-56959-0359.fits
7156/spec-7156-56959-0360.fits
7156/spec-7156-56959-0361.fits
7156/spec-7156-56959-0362.fits
7156/spec-7156-56959-0363.fits
7156/spec-7156-56959-0364.fits
7156/spec-7156-56959-0365.fits
7156/spec-7156-56959-0366.fits
7156/spec-7156-56959-0367.fits
7156/spec-7156-56959-0368.fits
7156/spec-7156-56959-0369.fits
7156/spec-7156-56959-0370.fits
7156/spec-7156-56959-0371.fits
7156/spec-7156-56959-0372.fits
7156/spec-7156-56959-0373.fits
7156/spec-7156-56959-0374.fits
7156/spec-7156-56959-0375.fits
7156/spec-7156-56959-0376.fits
7156/spec-7156-56959-0377.fits
7156/spec-7156-56959-0378.fits
7156/spec-7156-56959-0379.fits
7156/spec-7156-56959-0380.fits
7156/spec-7156-56959-0381.fits
7156/spec-7156-56959-0382.fits
7156/spec-7156-56959-0383.fits
7156/spec-7156-56959-0384.fits
7156/spec-7156-56959-0385.fits
7156/spec-7156-56959-0386.fits
7156/spec-7156-56959-0387.fits
7156/spec-7156-56959-0388.fits
7156/spec-7156-56959-0389.fits
7156/spec-7156-56959-0390.fits
7156/spec-7156-56959-0391.fits
7156/spec-7156-56959-0392.fits
7156/spec-7156-56959-0393.fits
7156/spec-7156-56959-0394.fits
7156/spec-7156-56959-0395.fits
7156/spec-7156-56959-0396.fits
7156/spec-7156-56959-0397.fits
7156/spec-7156-56959-0398.fits
7156/spec-7156-56959-0399.fits
7156/spec-7156-56959-0400.fits
7156/spec-7156-56959-0401.fits
7156/spec-7156-56959-0402.fits
7156/spec-7156-56959-0403.fits
7156/spec-7156-56959-0404.fits
7156/spec-7156-56959-0405.fits
7156/spec-7156-56959-0406.fits
7156/spec-7156-56959-0407.fits
7156/spec-7156-56959-0408.fits
7156/spec-7156-56959-0409.fits
7156/spec-7156-56959-0410.fits
7156/spec-7156-56959-0411.fits
7156/spec-7156-56959-0412.fits
7156/spec-7156-56959-0413.fits
7156/spec-7156-56959-0414.fits
7156/spec-7156-56959-0415.fits
7156/spec-7156-56959-0416.fits
7156/spec-7156-56959-0417.fits
7156/spec-7156-56959-0418.fits
7156/spec-7156-56959-0419.fits
7156/spec-7156-56959-0420.fits
7156/spec-7156-56959-0421.fits
7156/spec-7156-56959-0422.fits
7156/spec-7156-56959-0423.fits
7156/spec-7156-56959-0424.fits
7156/spec-7156-56959-0425.fits
7156/spec-7156-56959-0426.fits
7156/spec-7156-56959-0427.fits
7156/spec-7156-56959-0428.fits
7156/spec-7156-56959-0429.fits
7156/spec-7156-56959-0430.fits
7156/spec-7156-56959-0431.fits
7156/spec-7156-56959-0432.fits
7156/spec-7156-56959-0433.fits
7156/spec-7156-56959-0434.fits
7156/spec-7156-56959-0435.fits
7156/spec-7156-56959-0436.fits
7156/spec-7156-56959-0437.fits
7156/spec-7156-56959-0438.fits
7156/spec-7156-56959-0439.fits
7156/spec-7156-56959-0440.fits
7156/spec-7156-56959-0441.fits
7156/spec-7156-56959-0442.fits
7156/spec-7156-56959-0443.fits
7156/spec-7156-56959-0444.fits
7156/spec-7156-56959-0445.fits
7156/spec-7156-56959-0446.fits
7156/spec-7156-56959-0447.fits
7156/spec-7156-56959-0448.fits
7156/spec-7156-56959-0449.fits
7156/spec-7156-56959-0450.fits
7156/spec-7156-56959-0451.fits
7156/spec-7156-56959-0452.fits
7156/spec-7156-56959-0453.fits
7156/spec-7156-56959-0454.fits
7156/spec-7156-56959-0455.fits
7156/spec-7156-56959-0456.fits
7156/spec-7156-56959-0457.fits
7156/spec-7156-56959-0458.fits
7156/spec-7156-56959-0459.fits
7156/spec-7156-56959-0460.fits
7156/spec-7156-56959-0461.fits
7156/spec-7156-56959-0462.fits
7156/spec-7156-56959-0463.fits
7156/spec-7156-56959-0464.fits
7156/spec-7156-56959-0465.fits
7156/spec-7156-56959-0466.fits
7156/spec-7156-56959-0467.fits
7156/spec-7156-56959-0468.fits
7156/spec-7156-56959-0469.fits
7156/spec-7156-56959-0470.fits
7156/spec-7156-56959-0471.fits
7156/spec-7156-56959-0472.fits
7156/spec-7156-56959-0473.fits
7156/spec-7156-56959-0474.fits
7156/spec-7156-56959-0475.fits
7156/spec-7156-56959-0476.fits
7156/spec-7156-56959-0477.fits
7156/spec-7156-56959-0478.fits
7156/spec-7156-56959-0479.fits
7156/spec-7156-56959-0480.fits
7156/spec-7156-56959-0481.fits
7156/spec-7156-56959-0482.fits
7156/spec-7156-56959-0483.fits
7156/spec-7156-56959-0484.fits
7156/spec-7156-56959-0485.fits
7156/spec-7156-56959-0486.fits
7156/spec-7156-56959-0487.fits
7156/spec-7156-56959-0488.fits
7156/spec-7156-56959-0489.fits
7156/spec-7156-56959-0490.fits
7156/spec-7156-56959-0491.fits
7156/spec-7156-56959-0492.fits
7156/spec-7156-56959-0493.fits
7156/spec-7156-56959-0494.fits
7156/spec-7156-56959-0495.fits
7156/spec-7156-56959-0496.fits
7156/spec-7156-56959-0497.fits
7156/spec-7156-56959-0498.fits
7156/spec-7156-56959-0499.fits
7156/spec-7156-56959-0500.fits
7156/spec-7156-56959-0501.fits
7156/spec-7156-56959-0502.fits
7156/spec-7156-56959-0503.fits
7156/spec-7156-56959-0504.fits
7156/spec-7156-56959-0505.fits
7156/spec-7156-56959-0506.fits
7156/spec-7156-56959-0507.fits
7156/spec-7156-56959-0508.fits
7156/spec-7156-56959-0509.fits
7156/spec-7156-56959-0510.fits
7156/spec-7156-56959-0511.fits
7156/spec-7156-56959-0512.fits
7156/spec-7156-56959-0513.fits
7156/spec-7156-56959-0514.fits
7156/spec-7156-56959-0515.fits
7156/spec-7156-56959-0516.fits
7156/spec-7156-56959-0517.fits
7156/spec-7156-56959-0518.fits
7156/spec-7156-56959-0519.fits
7156/spec-7156-56959-0520.fits
7156/spec-7156-56959-0521.fits
7156/spec-7156-56959-0522.fits
7156/spec-7156-56959-0523.fits
7156/spec-7156-56959-0524.fits
7156/spec-7156-56959-0525.fits
7156/spec-7156-56959-0526.fits
7156/spec-7156-56959-0527.fits
7156/spec-7156-56959-0528.fits
7156/spec-7156-56959-0529.fits
7156/spec-7156-56959-0530.fits
7156/spec-7156-56959-0531.fits
7156/spec-7156-56959-0532.fits
7156/spec-7156-56959-0533.fits
7156/spec-7156-56959-0534.fits
7156/spec-7156-56959-0535.fits
7156/spec-7156-56959-0536.fits
7156/spec-7156-56959-0537.fits
7156/spec-7156-56959-0538.fits
7156/spec-7156-56959-0539.fits
7156/spec-7156-56959-0540.fits
7156/spec-7156-56959-0541.fits
7156/spec-7156-56959-0542.fits
7156/spec-7156-56959-0543.fits
7156/spec-7156-56959-0544.fits
7156/spec-7156-56959-0545.fits
7156/spec-7156-56959-0546.fits
7156/spec-7156-56959-0547.fits
7156/spec-7156-56959-0548.fits
7156/spec-7156-56959-0549.fits
7156/spec-7156-56959-0550.fits
7156/spec-7156-56959-0551.fits
7156/spec-7156-56959-0552.fits
7156/spec-7156-56959-0553.fits
7156/spec-7156-56959-0554.fits
7156/spec-7156-56959-0555.fits
7156/spec-7156-56959-0556.fits
7156/spec-7156-56959-0557.fits
7156/spec-7156-56959-0558.fits
7156/spec-7156-56959-0559.fits
7156/spec-7156-56959-0560.fits
7156/spec-7156-56959-0561.fits
7156/spec-7156-56959-0562.fits
7156/spec-7156-56959-0563.fits
7156/spec-7156-56959-0564.fits
7156/spec-7156-56959-0565.fits
7156/spec-7156-56959-0566.fits
7156/spec-7156-56959-0567.fits
7156/spec-7156-56959-0568.fits
7156/spec-7156-56959-0569.fits
7156/spec-7156-56959-0570.fits
7156/spec-7156-56959-0571.fits
7156/spec-7156-56959-0572.fits
7156/spec-7156-56959-0573.fits
7156/spec-7156-56959-0574.fits
7156/spec-7156-56959-0575.fits
7156/spec-7156-56959-0576.fits
7156/spec-7156-56959-0577.fits
7156/spec-7156-56959-0578.fits
7156/spec-7156-56959-0579.fits
7156/spec-7156-56959-0580.fits
7156/spec-7156-56959-0581.fits
7156/spec-7156-56959-0582.fits
7156/spec-7156-56959-0583.fits
7156/spec-7156-56959-0584.fits
7156/spec-7156-56959-0585.fits
7156/spec-7156-56959-0586.fits
7156/spec-7156-56959-0587.fits
7156/spec-7156-56959-0588.fits
7156/spec-7156-56959-0589.fits
7156/spec-7156-56959-0590.fits
7156/spec-7156-56959-0591.fits
7156/spec-7156-56959-0592.fits
7156/spec-7156-56959-0593.fits
7156/spec-7156-56959-0594.fits
7156/spec-7156-56959-0595.fits
7156/spec-7156-56959-0596.fits
7156/spec-7156-56959-0597.fits
7156/spec-7156-56959-0598.fits
7156/spec-7156-56959-0599.fits
7156/spec-7156-56959-0600.fits
7156/spec-7156-56959-0601.fits
7156/spec-7156-56959-0602.fits
7156/spec-7156-56959-0603.fits
7156/spec-7156-56959-0604.fits
7156/spec-7156-56959-0605.fits
7156/spec-7156-56959-0606.fits
7156/spec-7156-56959-0607.fits
7156/spec-7156-56959-0608.fits
7156/spec-7156-56959-0609.fits
7156/spec-7156-56959-0610.fits
7156/spec-7156-56959-0611.fits
7156/spec-7156-56959-0612.fits
7156/spec-7156-56959-0613.fits
7156/spec-7156-56959-0614.fits
7156/spec-7156-56959-0615.fits
7156/spec-7156-56959-0616.fits
7156/spec-7156-56959-0617.fits
7156/spec-7156-56959-0618.fits
7156/spec-7156-56959-0619.fits
7156/spec-7156-56959-0620.fits
7156/spec-7156-56959-0621.fits
7156/spec-7156-56959-0622.fits
7156/spec-7156-56959-0623.fits
7156/spec-7156-56959-0624.fits
7156/spec-7156-56959-0625.fits
7156/spec-7156-56959-0626.fits
7156/spec-7156-56959-0627.fits
7156/spec-7156-56959-0628.fits
7156/spec-7156-56959-0629.fits
7156/spec-7156-56959-0630.fits
7156/spec-7156-56959-0631.fits
7156/spec-7156-56959-0632.fits
7156/spec-7156-56959-0633.fits
7156/spec-7156-56959-0634.fits
7156/spec-7156-56959-0635.fits
7156/spec-7156-56959-0636.fits
7156/spec-7156-56959-0637.fits
7156/spec-7156-56959-0638.fits
7156/spec-7156-56959-0639.fits
7156/spec-7156-56959-0640.fits
7156/spec-7156-56959-0641.fits
7156/spec-7156-56959-0642.fits
7156/spec-7156-56959-0643.fits
7156/spec-7156-56959-0644.fits
7156/spec-7156-56959-0645.fits
7156/spec-7156-56959-0646.fits
7156/spec-7156-56959-0647.fits
7156/spec-7156-56959-0648.fits
7156/spec-7156-56959-0649.fits
7156/spec-7156-56959-0650.fits
7156/spec-7156-56959-0651.fits
7156/spec-7156-56959-0652.fits
7156/spec-7156-56959-0653.fits
7156/spec-7156-56959-0654.fits
7156/spec-7156-56959-0655.fits
7156/spec-7156-56959-0656.fits
7156/spec-7156-56959-0657.fits
7156/spec-7156-56959-0658.fits
7156/spec-7156-56959-0659.fits
7156/spec-7156-56959-0660.fits
7156/spec-7156-56959-0661.fits
7156/spec-7156-56959-0662.fits
7156/spec-7156-56959-0663.fits
7156/spec-7156-56959-0664.fits
7156/spec-7156-56959-0665.fits
7156/spec-7156-56959-0666.fits
7156/spec-7156-56959-0667.fits
7156/spec-7156-56959-0668.fits
7156/spec-7156-56959-0669.fits
7156/spec-7156-56959-0670.fits
7156/spec-7156-56959-0671.fits
7156/spec-7156-56959-0672.fits
7156/spec-7156-56959-0673.fits
7156/spec-7156-56959-0674.fits
7156/spec-7156-56959-0675.fits
7156/spec-7156-56959-0676.fits
7156/spec-7156-56959-0677.fits
7156/spec-7156-56959-0678.fits
7156/spec-7156-56959-0679.fits
7156/spec-7156-56959-0680.fits
7156/spec-7156-56959-0681.fits
7156/spec-7156-56959-0682.fits
7156/spec-7156-56959-0683.fits
7156/spec-7156-56959-0684.fits
7156/spec-7156-56959-0685.fits
7156/spec-7156-56959-0686.fits
7156/spec-7156-56959-0687.fits
7156/spec-7156-56959-0688.fits
7156/spec-7156-56959-0689.fits
7156/spec-7156-56959-0690.fits
7156/spec-7156-56959-0691.fits
7156/spec-7156-56959-0692.fits
7156/spec-7156-56959-0693.fits
7156/spec-7156-56959-0694.fits
7156/spec-7156-56959-0695.fits
7156/spec-7156-56959-0696.fits
7156/spec-7156-56959-0697.fits
7156/spec-7156-56959-0698.fits
7156/spec-7156-56959-0699.fits
7156/spec-7156-56959-0700.fits
7156/spec-7156-56959-0701.fits
7156/spec-7156-56959-0702.fits
7156/spec-7156-56959-0703.fits
7156/spec-7156-56959-0704.fits
7156/spec-7156-56959-0705.fits
7156/spec-7156-56959-0706.fits
7156/spec-7156-56959-0707.fits
7156/spec-7156-56959-0708.fits
7156/spec-7156-56959-0709.fits
7156/spec-7156-56959-0710.fits
7156/spec-7156-56959-0711.fits
7156/spec-7156-56959-0712.fits
7156/spec-7156-56959-0713.fits
7156/spec-7156-56959-0714.fits
7156/spec-7156-56959-0715.fits
7156/spec-7156-56959-0716.fits
7156/spec-7156-56959-0717.fits
7156/spec-7156-56959-0718.fits
7156/spec-7156-56959-0719.fits
7156/spec-7156-56959-0720.fits
7156/spec-7156-56959-0721.fits
7156/spec-7156-56959-0722.fits
7156/spec-7156-56959-0723.fits
7156/spec-7156-56959-0724.fits
7156/spec-7156-56959-0725.fits
7156/spec-7156-56959-0726.fits
7156/spec-7156-56959-0727.fits
7156/spec-7156-56959-0728.fits
7156/spec-7156-56959-0729.fits
7156/spec-7156-56959-0730.fits
7156/spec-7156-56959-0731.fits
7156/spec-7156-56959-0732.fits
7156/spec-7156-56959-0733.fits
7156/spec-7156-56959-0734.fits
7156/spec-7156-56959-0735.fits
7156/spec-7156-56959-0736.fits
7156/spec-7156-56959-0737.fits
7156/spec-7156-56959-0738.fits
7156/spec-7156-56959-0739.fits
7156/spec-7156-56959-0740.fits
7156/spec-7156-56959-0741.fits
7156/spec-7156-56959-0742.fits
7156/spec-7156-56959-0743.fits
7156/spec-7156-56959-0744.fits
7156/spec-7156-56959-0745.fits
7156/spec-7156-56959-0746.fits
7156/spec-7156-56959-0747.fits
7156/spec-7156-56959-0748.fits
7156/spec-7156-56959-0749.fits
7156/spec-7156-56959-0750.fits
7156/spec-7156-56959-0751.fits
7156/spec-7156-56959-0752.fits
7156/spec-7156-56959-0753.fits
7156/spec-7156-56959-0754.fits
7156/spec-7156-56959-0755.fits
7156/spec-7156-56959-0756.fits
7156/spec-7156-56959-0757.fits
7156/spec-7156-56959-0758.fits
7156/spec-7156-56959-0759.fits
7156/spec-7156-56959-0760.fits
7156/spec-7156-56959-0761.fits
7156/spec-7156-56959-0762.fits
7156/spec-7156-56959-0763.fits
7156/spec-7156-56959-0764.fits
7156/spec-7156-56959-0765.fits
7156/spec-7156-56959-0766.fits
7156/spec-7156-56959-0767.fits
7156/spec-7156-56959-0768.fits
7156/spec-7156-56959-0769.fits
7156/spec-7156-56959-0770.fits
7156/spec-7156-56959-0771.fits
7156/spec-7156-56959-0772.fits
7156/spec-7156-56959-0773.fits
7156/spec-7156-56959-0774.fits
7156/spec-7156-56959-0775.fits
7156/spec-7156-56959-0776.fits
7156/spec-7156-56959-0777.fits
7156/spec-7156-56959-0778.fits
7156/spec-7156-56959-0779.fits
7156/spec-7156-56959-0780.fits
7156/spec-7156-56959-0781.fits
7156/spec-7156-56959-0782.fits
7156/spec-7156-56959-0783.fits
7156/spec-7156-56959-0784.fits
7156/spec-7156-56959-0785.fits
7156/spec-7156-56959-0786.fits
7156/spec-7156-56959-0787.fits
7156/spec-7156-56959-0788.fits
7156/spec-7156-56959-0789.fits
7156/spec-7156-56959-0790.fits
7156/spec-7156-56959-0791.fits
7156/spec-7156-56959-0792.fits
7156/spec-7156-56959-0793.fits
7156/spec-7156-56959-0794.fits
7156/spec-7156-56959-0795.fits
7156/spec-7156-56959-0796.fits
7156/spec-7156-56959-0797.fits
7156/spec-7156-56959-0798.fits
7156/spec-7156-56959-0799.fits
7156/spec-7156-56959-0800.fits
7156/spec-7156-56959-0801.fits
7156/spec-7156-56959-0802.fits
7156/spec-7156-56959-0803.fits
7156/spec-7156-56959-0804.fits
7156/spec-7156-56959-0805.fits
7156/spec-7156-56959-0806.fits
7156/spec-7156-56959-0807.fits
7156/spec-7156-56959-0808.fits
7156/spec-7156-56959-0809.fits
7156/spec-7156-56959-0810.fits
7156/spec-7156-56959-0811.fits
7156/spec-7156-56959-0812.fits
7156/spec-7156-56959-0813.fits
7156/spec-7156-56959-0814.fits
7156/spec-7156-56959-0815.fits
7156/spec-7156-56959-0816.fits
7156/spec-7156-56959-0817.fits
7156/spec-7156-56959-0818.fits
7156/spec-7156-56959-0819.fits
7156/spec-7156-56959-0820.fits
7156/spec-7156-56959-0821.fits
7156/spec-7156-56959-0822.fits
7156/spec-7156-56959-0823.fits
7156/spec-7156-56959-0824.fits
7156/spec-7156-56959-0825.fits
7156/spec-7156-56959-0826.fits
7156/spec-7156-56959-0827.fits
7156/spec-7156-56959-0828.fits
7156/spec-7156-56959-0829.fits
7156/spec-7156-56959-0830.fits
7156/spec-7156-56959-0831.fits
7156/spec-7156-56959-0832.fits
7156/spec-7156-56959-0833.fits
7156/spec-7156-56959-0834.fits
7156/spec-7156-56959-0835.fits
7156/spec-7156-56959-0836.fits
7156/spec-7156-56959-0837.fits
7156/spec-7156-56959-0838.fits
7156/spec-7156-56959-0839.fits
7156/spec-7156-56959-0840.fits
7156/spec-7156-56959-0841.fits
7156/spec-7156-56959-0842.fits
7156/spec-7156-56959-0843.fits
7156/spec-7156-56959-0844.fits
7156/spec-7156-56959-0845.fits
7156/spec-7156-56959-0846.fits
7156/spec-7156-56959-0847.fits
7156/spec-7156-56959-0848.fits
7156/spec-7156-56959-0849.fits
7156/spec-7156-56959-0850.fits
7156/spec-7156-56959-0851.fits
7156/spec-7156-56959-0852.fits
7156/spec-7156-56959-0853.fits
7156/spec-7156-56959-0854.fits
7156/spec-7156-56959-0855.fits
7156/spec-7156-56959-0856.fits
7156/spec-7156-56959-0857.fits
7156/spec-7156-56959-0858.fits
7156/spec-7156-56959-0859.fits
7156/spec-7156-56959-0860.fits
7156/spec-7156-56959-0861.fits
7156/spec-7156-56959-0862.fits
7156/spec-7156-56959-0863.fits
7156/spec-7156-56959-0864.fits
7156/spec-7156-56959-0865.fits
7156/spec-7156-56959-0866.fits
7156/spec-7156-56959-0867.fits
7156/spec-7156-56959-0868.fits
7156/spec-7156-56959-0869.fits
7156/spec-7156-56959-0870.fits
7156/spec-7156-56959-0871.fits
7156/spec-7156-56959-0872.fits
7156/spec-7156-56959-0873.fits
7156/spec-7156-56959-0874.fits
7156/spec-7156-56959-0875.fits
7156/spec-7156-56959-0876.fits
7156/spec-7156-56959-0877.fits
7156/spec-7156-56959-0878.fits
7156/spec-7156-56959-0879.fits
7156/spec-7156-56959-0880.fits
7156/spec-7156-56959-0881.fits
7156/spec-7156-56959-0882.fits
7156/spec-7156-56959-0883.fits
7156/spec-7156-56959-0884.fits
7156/spec-7156-56959-0885.fits
7156/spec-7156-56959-0886.fits
7156/spec-7156-56959-0887.fits
7156/spec-7156-56959-0888.fits
7156/spec-7156-56959-0889.fits
7156/spec-7156-56959-0890.fits
7156/spec-7156-56959-0891.fits
7156/spec-7156-56959-0892.fits
7156/spec-7156-56959-0893.fits
7156/spec-7156-56959-0894.fits
7156/spec-7156-56959-0895.fits
7156/spec-7156-56959-0896.fits
7156/spec-7156-56959-0897.fits
7156/spec-7156-56959-0898.fits
7156/spec-7156-56959-0899.fits
7156/spec-7156-56959-0900.fits
7156/spec-7156-56959-0901.fits
7156/spec-7156-56959-0902.fits
7156/spec-7156-56959-0903.fits
7156/spec-7156-56959-0904.fits
7156/spec-7156-56959-0905.fits
7156/spec-7156-56959-0906.fits
7156/spec-7156-56959-0907.fits
7156/spec-7156-56959-0908.fits
7156/spec-7156-56959-0909.fits
7156/spec-7156-56959-0910.fits
7156/spec-7156-56959-0911.fits
7156/spec-7156-56959-0912.fits
7156/spec-7156-56959-0913.fits
7156/spec-7156-56959-0914.fits
7156/spec-7156-56959-0915.fits
7156/spec-7156-56959-0916.fits
7156/spec-7156-56959-0917.fits
7156/spec-7156-56959-0918.fits
7156/spec-7156-56959-0919.fits
7156/spec-7156-56959-0920.fits
7156/spec-7156-56959-0921.fits
7156/spec-7156-56959-0922.fits
7156/spec-7156-56959-0923.fits
7156/spec-7156-56959-0924.fits
7156/spec-7156-56959-0925.fits
7156/spec-7156-56959-0926.fits
7156/spec-7156-56959-0927.fits
7156/spec-7156-56959-0928.fits
7156/spec-7156-56959-0929.fits
7156/spec-7156-56959-0930.fits
7156/spec-7156-56959-0931.fits
7156/spec-7156-56959-0932.fits
7156/spec-7156-56959-0933.fits
7156/spec-7156-56959-0934.fits
7156/spec-7156-56959-0935.fits
7156/spec-7156-56959-0936.fits
7156/spec-7156-56959-0937.fits
7156/spec-7156-56959-0938.fits
7156/spec-7156-56959-0939.fits
7156/spec-7156-56959-0940.fits
7156/spec-7156-56959-0941.fits
7156/spec-7156-56959-0942.fits
7156/spec-7156-56959-0943.fits
7156/spec-7156-56959-0944.fits
7156/spec-7156-56959-0945.fits
7156/spec-7156-56959-0946.fits
7156/spec-7156-56959-0947.fits
7156/spec-7156-56959-0948.fits
7156/spec-7156-56959-0949.fits
7156/spec-7156-56959-0950.fits
7156/spec-7156-56959-0951.fits
7156/spec-7156-56959-0952.fits
7156/spec-7156-56959-0953.fits
7156/spec-7156-56959-0954.fits
7156/spec-7156-56959-0955.fits
7156/spec-7156-56959-0956.fits
7156/spec-7156-56959-0957.fits
7156/spec-7156-56959-0958.fits
7156/spec-7156-56959-0959.fits
7156/spec-7156-56959-0960.fits
7156/spec-7156-56959-0961.fits
7156/spec-7156-56959-0962.fits
7156/spec-7156-56959-0963.fits
7156/spec-7156-56959-0964.fits
7156/spec-7156-56959-0965.fits
7156/spec-7156-56959-0966.fits
7156/spec-7156-56959-0967.fits
7156/spec-7156-56959-0968.fits
7156/spec-7156-56959-0969.fits
7156/spec-7156-56959-0970.fits
7156/spec-7156-56959-0971.fits
7156/spec-7156-56959-0972.fits
7156/spec-7156-56959-0973.fits
7156/spec-7156-56959-0974.fits
7156/spec-7156-56959-0975.fits
7156/spec-7156-56959-0976.fits
7156/spec-7156-56959-0977.fits
7156/spec-7156-56959-0978.fits
7156/spec-7156-56959-0979.fits
7156/spec-7156-56959-0980.fits
7156/spec-7156-56959-0981.fits
7156/spec-7156-56959-0982.fits
7156/spec-7156-56959-0983.fits
7156/spec-7156-56959-0984.fits
7156/spec-7156-56959-0985.fits
7156/spec-7156-56959-0986.fits
7156/spec-7156-56959-0987.fits
7156/spec-7156-56959-0988.fits
7156/spec-7156-56959-0989.fits
7156/spec-7156-56959-0990.fits
7156/spec-7156-56959-0991.fits
7156/spec-7156-56959-0992.fits
7156/spec-7156-56959-0993.fits
7156/spec-7156-56959-0994.fits
7156/spec-7156-56959-0995.fits
7156/spec-7156-56959-0996.fits
7156/spec-7156-56959-0997.fits
7156/spec-7156-56959-0998.fits
7156/spec-7156-56959-0999.fits
7156/spec-7156-56959-1000.fits
/var/lib/condor/execute/slot1/dir_16333
7156 7156.tgz R R361.tar.gz _condor_stderr _condor_stdout cB58_Lyman_break.fit condor_exec.exe hw4.R packages packages.tar.gz tmp var
[1] "Loaded package astro."
[1] 1000
7156 7156.csv 7156.tgz R R361.tar.gz _condor_stderr _condor_stdout cB58_Lyman_break.fit condor_exec.exe hw4.R packages packages.tar.gz tmp var
