7247
7247/
7247/spec-7247-56626-0001.fits
7247/spec-7247-56626-0002.fits
7247/spec-7247-56626-0003.fits
7247/spec-7247-56626-0004.fits
7247/spec-7247-56626-0005.fits
7247/spec-7247-56626-0006.fits
7247/spec-7247-56626-0007.fits
7247/spec-7247-56626-0008.fits
7247/spec-7247-56626-0009.fits
7247/spec-7247-56626-0010.fits
7247/spec-7247-56626-0011.fits
7247/spec-7247-56626-0012.fits
7247/spec-7247-56626-0013.fits
7247/spec-7247-56626-0014.fits
7247/spec-7247-56626-0015.fits
7247/spec-7247-56626-0016.fits
7247/spec-7247-56626-0017.fits
7247/spec-7247-56626-0018.fits
7247/spec-7247-56626-0019.fits
7247/spec-7247-56626-0020.fits
7247/spec-7247-56626-0021.fits
7247/spec-7247-56626-0022.fits
7247/spec-7247-56626-0023.fits
7247/spec-7247-56626-0024.fits
7247/spec-7247-56626-0025.fits
7247/spec-7247-56626-0026.fits
7247/spec-7247-56626-0027.fits
7247/spec-7247-56626-0028.fits
7247/spec-7247-56626-0029.fits
7247/spec-7247-56626-0030.fits
7247/spec-7247-56626-0031.fits
7247/spec-7247-56626-0032.fits
7247/spec-7247-56626-0033.fits
7247/spec-7247-56626-0034.fits
7247/spec-7247-56626-0035.fits
7247/spec-7247-56626-0036.fits
7247/spec-7247-56626-0037.fits
7247/spec-7247-56626-0038.fits
7247/spec-7247-56626-0039.fits
7247/spec-7247-56626-0040.fits
7247/spec-7247-56626-0041.fits
7247/spec-7247-56626-0042.fits
7247/spec-7247-56626-0043.fits
7247/spec-7247-56626-0044.fits
7247/spec-7247-56626-0045.fits
7247/spec-7247-56626-0046.fits
7247/spec-7247-56626-0047.fits
7247/spec-7247-56626-0048.fits
7247/spec-7247-56626-0049.fits
7247/spec-7247-56626-0050.fits
7247/spec-7247-56626-0051.fits
7247/spec-7247-56626-0052.fits
7247/spec-7247-56626-0053.fits
7247/spec-7247-56626-0054.fits
7247/spec-7247-56626-0055.fits
7247/spec-7247-56626-0056.fits
7247/spec-7247-56626-0057.fits
7247/spec-7247-56626-0058.fits
7247/spec-7247-56626-0059.fits
7247/spec-7247-56626-0060.fits
7247/spec-7247-56626-0061.fits
7247/spec-7247-56626-0062.fits
7247/spec-7247-56626-0063.fits
7247/spec-7247-56626-0064.fits
7247/spec-7247-56626-0065.fits
7247/spec-7247-56626-0066.fits
7247/spec-7247-56626-0067.fits
7247/spec-7247-56626-0068.fits
7247/spec-7247-56626-0069.fits
7247/spec-7247-56626-0070.fits
7247/spec-7247-56626-0071.fits
7247/spec-7247-56626-0072.fits
7247/spec-7247-56626-0073.fits
7247/spec-7247-56626-0074.fits
7247/spec-7247-56626-0075.fits
7247/spec-7247-56626-0076.fits
7247/spec-7247-56626-0077.fits
7247/spec-7247-56626-0078.fits
7247/spec-7247-56626-0079.fits
7247/spec-7247-56626-0080.fits
7247/spec-7247-56626-0081.fits
7247/spec-7247-56626-0082.fits
7247/spec-7247-56626-0083.fits
7247/spec-7247-56626-0084.fits
7247/spec-7247-56626-0085.fits
7247/spec-7247-56626-0086.fits
7247/spec-7247-56626-0087.fits
7247/spec-7247-56626-0088.fits
7247/spec-7247-56626-0089.fits
7247/spec-7247-56626-0090.fits
7247/spec-7247-56626-0091.fits
7247/spec-7247-56626-0092.fits
7247/spec-7247-56626-0093.fits
7247/spec-7247-56626-0094.fits
7247/spec-7247-56626-0095.fits
7247/spec-7247-56626-0096.fits
7247/spec-7247-56626-0097.fits
7247/spec-7247-56626-0098.fits
7247/spec-7247-56626-0099.fits
7247/spec-7247-56626-0100.fits
7247/spec-7247-56626-0101.fits
7247/spec-7247-56626-0102.fits
7247/spec-7247-56626-0103.fits
7247/spec-7247-56626-0104.fits
7247/spec-7247-56626-0105.fits
7247/spec-7247-56626-0106.fits
7247/spec-7247-56626-0107.fits
7247/spec-7247-56626-0108.fits
7247/spec-7247-56626-0109.fits
7247/spec-7247-56626-0110.fits
7247/spec-7247-56626-0111.fits
7247/spec-7247-56626-0112.fits
7247/spec-7247-56626-0113.fits
7247/spec-7247-56626-0114.fits
7247/spec-7247-56626-0115.fits
7247/spec-7247-56626-0116.fits
7247/spec-7247-56626-0117.fits
7247/spec-7247-56626-0118.fits
7247/spec-7247-56626-0119.fits
7247/spec-7247-56626-0120.fits
7247/spec-7247-56626-0121.fits
7247/spec-7247-56626-0122.fits
7247/spec-7247-56626-0123.fits
7247/spec-7247-56626-0124.fits
7247/spec-7247-56626-0125.fits
7247/spec-7247-56626-0126.fits
7247/spec-7247-56626-0127.fits
7247/spec-7247-56626-0128.fits
7247/spec-7247-56626-0129.fits
7247/spec-7247-56626-0130.fits
7247/spec-7247-56626-0131.fits
7247/spec-7247-56626-0132.fits
7247/spec-7247-56626-0133.fits
7247/spec-7247-56626-0134.fits
7247/spec-7247-56626-0135.fits
7247/spec-7247-56626-0136.fits
7247/spec-7247-56626-0137.fits
7247/spec-7247-56626-0138.fits
7247/spec-7247-56626-0139.fits
7247/spec-7247-56626-0140.fits
7247/spec-7247-56626-0141.fits
7247/spec-7247-56626-0142.fits
7247/spec-7247-56626-0143.fits
7247/spec-7247-56626-0144.fits
7247/spec-7247-56626-0145.fits
7247/spec-7247-56626-0146.fits
7247/spec-7247-56626-0147.fits
7247/spec-7247-56626-0148.fits
7247/spec-7247-56626-0149.fits
7247/spec-7247-56626-0150.fits
7247/spec-7247-56626-0151.fits
7247/spec-7247-56626-0152.fits
7247/spec-7247-56626-0153.fits
7247/spec-7247-56626-0154.fits
7247/spec-7247-56626-0155.fits
7247/spec-7247-56626-0156.fits
7247/spec-7247-56626-0157.fits
7247/spec-7247-56626-0158.fits
7247/spec-7247-56626-0159.fits
7247/spec-7247-56626-0160.fits
7247/spec-7247-56626-0161.fits
7247/spec-7247-56626-0162.fits
7247/spec-7247-56626-0163.fits
7247/spec-7247-56626-0164.fits
7247/spec-7247-56626-0165.fits
7247/spec-7247-56626-0166.fits
7247/spec-7247-56626-0167.fits
7247/spec-7247-56626-0168.fits
7247/spec-7247-56626-0169.fits
7247/spec-7247-56626-0170.fits
7247/spec-7247-56626-0171.fits
7247/spec-7247-56626-0172.fits
7247/spec-7247-56626-0173.fits
7247/spec-7247-56626-0174.fits
7247/spec-7247-56626-0175.fits
7247/spec-7247-56626-0176.fits
7247/spec-7247-56626-0177.fits
7247/spec-7247-56626-0178.fits
7247/spec-7247-56626-0179.fits
7247/spec-7247-56626-0180.fits
7247/spec-7247-56626-0181.fits
7247/spec-7247-56626-0182.fits
7247/spec-7247-56626-0183.fits
7247/spec-7247-56626-0184.fits
7247/spec-7247-56626-0185.fits
7247/spec-7247-56626-0186.fits
7247/spec-7247-56626-0187.fits
7247/spec-7247-56626-0188.fits
7247/spec-7247-56626-0189.fits
7247/spec-7247-56626-0190.fits
7247/spec-7247-56626-0191.fits
7247/spec-7247-56626-0192.fits
7247/spec-7247-56626-0193.fits
7247/spec-7247-56626-0194.fits
7247/spec-7247-56626-0195.fits
7247/spec-7247-56626-0196.fits
7247/spec-7247-56626-0197.fits
7247/spec-7247-56626-0198.fits
7247/spec-7247-56626-0199.fits
7247/spec-7247-56626-0200.fits
7247/spec-7247-56626-0201.fits
7247/spec-7247-56626-0202.fits
7247/spec-7247-56626-0203.fits
7247/spec-7247-56626-0204.fits
7247/spec-7247-56626-0205.fits
7247/spec-7247-56626-0206.fits
7247/spec-7247-56626-0207.fits
7247/spec-7247-56626-0208.fits
7247/spec-7247-56626-0209.fits
7247/spec-7247-56626-0210.fits
7247/spec-7247-56626-0211.fits
7247/spec-7247-56626-0212.fits
7247/spec-7247-56626-0213.fits
7247/spec-7247-56626-0214.fits
7247/spec-7247-56626-0215.fits
7247/spec-7247-56626-0216.fits
7247/spec-7247-56626-0217.fits
7247/spec-7247-56626-0218.fits
7247/spec-7247-56626-0219.fits
7247/spec-7247-56626-0220.fits
7247/spec-7247-56626-0221.fits
7247/spec-7247-56626-0222.fits
7247/spec-7247-56626-0223.fits
7247/spec-7247-56626-0224.fits
7247/spec-7247-56626-0225.fits
7247/spec-7247-56626-0226.fits
7247/spec-7247-56626-0227.fits
7247/spec-7247-56626-0228.fits
7247/spec-7247-56626-0229.fits
7247/spec-7247-56626-0230.fits
7247/spec-7247-56626-0231.fits
7247/spec-7247-56626-0232.fits
7247/spec-7247-56626-0233.fits
7247/spec-7247-56626-0234.fits
7247/spec-7247-56626-0235.fits
7247/spec-7247-56626-0236.fits
7247/spec-7247-56626-0237.fits
7247/spec-7247-56626-0238.fits
7247/spec-7247-56626-0239.fits
7247/spec-7247-56626-0240.fits
7247/spec-7247-56626-0241.fits
7247/spec-7247-56626-0242.fits
7247/spec-7247-56626-0243.fits
7247/spec-7247-56626-0244.fits
7247/spec-7247-56626-0245.fits
7247/spec-7247-56626-0246.fits
7247/spec-7247-56626-0247.fits
7247/spec-7247-56626-0248.fits
7247/spec-7247-56626-0249.fits
7247/spec-7247-56626-0250.fits
7247/spec-7247-56626-0251.fits
7247/spec-7247-56626-0252.fits
7247/spec-7247-56626-0253.fits
7247/spec-7247-56626-0254.fits
7247/spec-7247-56626-0255.fits
7247/spec-7247-56626-0256.fits
7247/spec-7247-56626-0257.fits
7247/spec-7247-56626-0258.fits
7247/spec-7247-56626-0259.fits
7247/spec-7247-56626-0260.fits
7247/spec-7247-56626-0261.fits
7247/spec-7247-56626-0262.fits
7247/spec-7247-56626-0263.fits
7247/spec-7247-56626-0264.fits
7247/spec-7247-56626-0265.fits
7247/spec-7247-56626-0266.fits
7247/spec-7247-56626-0267.fits
7247/spec-7247-56626-0268.fits
7247/spec-7247-56626-0269.fits
7247/spec-7247-56626-0270.fits
7247/spec-7247-56626-0271.fits
7247/spec-7247-56626-0272.fits
7247/spec-7247-56626-0273.fits
7247/spec-7247-56626-0274.fits
7247/spec-7247-56626-0275.fits
7247/spec-7247-56626-0276.fits
7247/spec-7247-56626-0277.fits
7247/spec-7247-56626-0278.fits
7247/spec-7247-56626-0279.fits
7247/spec-7247-56626-0280.fits
7247/spec-7247-56626-0281.fits
7247/spec-7247-56626-0282.fits
7247/spec-7247-56626-0283.fits
7247/spec-7247-56626-0284.fits
7247/spec-7247-56626-0285.fits
7247/spec-7247-56626-0286.fits
7247/spec-7247-56626-0287.fits
7247/spec-7247-56626-0288.fits
7247/spec-7247-56626-0289.fits
7247/spec-7247-56626-0290.fits
7247/spec-7247-56626-0291.fits
7247/spec-7247-56626-0292.fits
7247/spec-7247-56626-0293.fits
7247/spec-7247-56626-0294.fits
7247/spec-7247-56626-0295.fits
7247/spec-7247-56626-0296.fits
7247/spec-7247-56626-0297.fits
7247/spec-7247-56626-0298.fits
7247/spec-7247-56626-0299.fits
7247/spec-7247-56626-0300.fits
7247/spec-7247-56626-0301.fits
7247/spec-7247-56626-0302.fits
7247/spec-7247-56626-0303.fits
7247/spec-7247-56626-0304.fits
7247/spec-7247-56626-0305.fits
7247/spec-7247-56626-0306.fits
7247/spec-7247-56626-0307.fits
7247/spec-7247-56626-0308.fits
7247/spec-7247-56626-0309.fits
7247/spec-7247-56626-0310.fits
7247/spec-7247-56626-0311.fits
7247/spec-7247-56626-0312.fits
7247/spec-7247-56626-0313.fits
7247/spec-7247-56626-0314.fits
7247/spec-7247-56626-0315.fits
7247/spec-7247-56626-0316.fits
7247/spec-7247-56626-0317.fits
7247/spec-7247-56626-0318.fits
7247/spec-7247-56626-0319.fits
7247/spec-7247-56626-0320.fits
7247/spec-7247-56626-0321.fits
7247/spec-7247-56626-0322.fits
7247/spec-7247-56626-0323.fits
7247/spec-7247-56626-0324.fits
7247/spec-7247-56626-0325.fits
7247/spec-7247-56626-0326.fits
7247/spec-7247-56626-0327.fits
7247/spec-7247-56626-0328.fits
7247/spec-7247-56626-0329.fits
7247/spec-7247-56626-0330.fits
7247/spec-7247-56626-0331.fits
7247/spec-7247-56626-0332.fits
7247/spec-7247-56626-0333.fits
7247/spec-7247-56626-0334.fits
7247/spec-7247-56626-0335.fits
7247/spec-7247-56626-0336.fits
7247/spec-7247-56626-0337.fits
7247/spec-7247-56626-0338.fits
7247/spec-7247-56626-0339.fits
7247/spec-7247-56626-0340.fits
7247/spec-7247-56626-0341.fits
7247/spec-7247-56626-0342.fits
7247/spec-7247-56626-0343.fits
7247/spec-7247-56626-0344.fits
7247/spec-7247-56626-0345.fits
7247/spec-7247-56626-0346.fits
7247/spec-7247-56626-0347.fits
7247/spec-7247-56626-0348.fits
7247/spec-7247-56626-0349.fits
7247/spec-7247-56626-0350.fits
7247/spec-7247-56626-0351.fits
7247/spec-7247-56626-0352.fits
7247/spec-7247-56626-0353.fits
7247/spec-7247-56626-0354.fits
7247/spec-7247-56626-0355.fits
7247/spec-7247-56626-0356.fits
7247/spec-7247-56626-0357.fits
7247/spec-7247-56626-0358.fits
7247/spec-7247-56626-0359.fits
7247/spec-7247-56626-0360.fits
7247/spec-7247-56626-0361.fits
7247/spec-7247-56626-0362.fits
7247/spec-7247-56626-0363.fits
7247/spec-7247-56626-0364.fits
7247/spec-7247-56626-0365.fits
7247/spec-7247-56626-0366.fits
7247/spec-7247-56626-0367.fits
7247/spec-7247-56626-0368.fits
7247/spec-7247-56626-0369.fits
7247/spec-7247-56626-0370.fits
7247/spec-7247-56626-0371.fits
7247/spec-7247-56626-0372.fits
7247/spec-7247-56626-0373.fits
7247/spec-7247-56626-0374.fits
7247/spec-7247-56626-0375.fits
7247/spec-7247-56626-0376.fits
7247/spec-7247-56626-0377.fits
7247/spec-7247-56626-0378.fits
7247/spec-7247-56626-0379.fits
7247/spec-7247-56626-0380.fits
7247/spec-7247-56626-0381.fits
7247/spec-7247-56626-0382.fits
7247/spec-7247-56626-0383.fits
7247/spec-7247-56626-0384.fits
7247/spec-7247-56626-0385.fits
7247/spec-7247-56626-0386.fits
7247/spec-7247-56626-0387.fits
7247/spec-7247-56626-0388.fits
7247/spec-7247-56626-0389.fits
7247/spec-7247-56626-0390.fits
7247/spec-7247-56626-0391.fits
7247/spec-7247-56626-0392.fits
7247/spec-7247-56626-0393.fits
7247/spec-7247-56626-0394.fits
7247/spec-7247-56626-0395.fits
7247/spec-7247-56626-0396.fits
7247/spec-7247-56626-0397.fits
7247/spec-7247-56626-0398.fits
7247/spec-7247-56626-0399.fits
7247/spec-7247-56626-0400.fits
7247/spec-7247-56626-0401.fits
7247/spec-7247-56626-0402.fits
7247/spec-7247-56626-0403.fits
7247/spec-7247-56626-0404.fits
7247/spec-7247-56626-0405.fits
7247/spec-7247-56626-0406.fits
7247/spec-7247-56626-0407.fits
7247/spec-7247-56626-0408.fits
7247/spec-7247-56626-0409.fits
7247/spec-7247-56626-0410.fits
7247/spec-7247-56626-0411.fits
7247/spec-7247-56626-0412.fits
7247/spec-7247-56626-0413.fits
7247/spec-7247-56626-0414.fits
7247/spec-7247-56626-0415.fits
7247/spec-7247-56626-0416.fits
7247/spec-7247-56626-0417.fits
7247/spec-7247-56626-0418.fits
7247/spec-7247-56626-0419.fits
7247/spec-7247-56626-0420.fits
7247/spec-7247-56626-0421.fits
7247/spec-7247-56626-0422.fits
7247/spec-7247-56626-0423.fits
7247/spec-7247-56626-0424.fits
7247/spec-7247-56626-0425.fits
7247/spec-7247-56626-0426.fits
7247/spec-7247-56626-0427.fits
7247/spec-7247-56626-0428.fits
7247/spec-7247-56626-0429.fits
7247/spec-7247-56626-0430.fits
7247/spec-7247-56626-0431.fits
7247/spec-7247-56626-0432.fits
7247/spec-7247-56626-0433.fits
7247/spec-7247-56626-0434.fits
7247/spec-7247-56626-0435.fits
7247/spec-7247-56626-0436.fits
7247/spec-7247-56626-0437.fits
7247/spec-7247-56626-0438.fits
7247/spec-7247-56626-0439.fits
7247/spec-7247-56626-0440.fits
7247/spec-7247-56626-0441.fits
7247/spec-7247-56626-0442.fits
7247/spec-7247-56626-0443.fits
7247/spec-7247-56626-0444.fits
7247/spec-7247-56626-0445.fits
7247/spec-7247-56626-0446.fits
7247/spec-7247-56626-0447.fits
7247/spec-7247-56626-0448.fits
7247/spec-7247-56626-0449.fits
7247/spec-7247-56626-0450.fits
7247/spec-7247-56626-0451.fits
7247/spec-7247-56626-0452.fits
7247/spec-7247-56626-0453.fits
7247/spec-7247-56626-0454.fits
7247/spec-7247-56626-0455.fits
7247/spec-7247-56626-0456.fits
7247/spec-7247-56626-0457.fits
7247/spec-7247-56626-0458.fits
7247/spec-7247-56626-0459.fits
7247/spec-7247-56626-0460.fits
7247/spec-7247-56626-0461.fits
7247/spec-7247-56626-0462.fits
7247/spec-7247-56626-0463.fits
7247/spec-7247-56626-0464.fits
7247/spec-7247-56626-0465.fits
7247/spec-7247-56626-0466.fits
7247/spec-7247-56626-0467.fits
7247/spec-7247-56626-0468.fits
7247/spec-7247-56626-0469.fits
7247/spec-7247-56626-0470.fits
7247/spec-7247-56626-0471.fits
7247/spec-7247-56626-0472.fits
7247/spec-7247-56626-0473.fits
7247/spec-7247-56626-0474.fits
7247/spec-7247-56626-0475.fits
7247/spec-7247-56626-0476.fits
7247/spec-7247-56626-0477.fits
7247/spec-7247-56626-0478.fits
7247/spec-7247-56626-0479.fits
7247/spec-7247-56626-0480.fits
7247/spec-7247-56626-0481.fits
7247/spec-7247-56626-0482.fits
7247/spec-7247-56626-0483.fits
7247/spec-7247-56626-0484.fits
7247/spec-7247-56626-0485.fits
7247/spec-7247-56626-0486.fits
7247/spec-7247-56626-0487.fits
7247/spec-7247-56626-0488.fits
7247/spec-7247-56626-0489.fits
7247/spec-7247-56626-0490.fits
7247/spec-7247-56626-0491.fits
7247/spec-7247-56626-0492.fits
7247/spec-7247-56626-0493.fits
7247/spec-7247-56626-0494.fits
7247/spec-7247-56626-0495.fits
7247/spec-7247-56626-0496.fits
7247/spec-7247-56626-0497.fits
7247/spec-7247-56626-0498.fits
7247/spec-7247-56626-0499.fits
7247/spec-7247-56626-0500.fits
7247/spec-7247-56626-0501.fits
7247/spec-7247-56626-0502.fits
7247/spec-7247-56626-0503.fits
7247/spec-7247-56626-0504.fits
7247/spec-7247-56626-0505.fits
7247/spec-7247-56626-0506.fits
7247/spec-7247-56626-0507.fits
7247/spec-7247-56626-0508.fits
7247/spec-7247-56626-0509.fits
7247/spec-7247-56626-0510.fits
7247/spec-7247-56626-0511.fits
7247/spec-7247-56626-0512.fits
7247/spec-7247-56626-0513.fits
7247/spec-7247-56626-0514.fits
7247/spec-7247-56626-0515.fits
7247/spec-7247-56626-0516.fits
7247/spec-7247-56626-0517.fits
7247/spec-7247-56626-0518.fits
7247/spec-7247-56626-0519.fits
7247/spec-7247-56626-0520.fits
7247/spec-7247-56626-0521.fits
7247/spec-7247-56626-0522.fits
7247/spec-7247-56626-0523.fits
7247/spec-7247-56626-0524.fits
7247/spec-7247-56626-0525.fits
7247/spec-7247-56626-0526.fits
7247/spec-7247-56626-0527.fits
7247/spec-7247-56626-0528.fits
7247/spec-7247-56626-0529.fits
7247/spec-7247-56626-0530.fits
7247/spec-7247-56626-0531.fits
7247/spec-7247-56626-0532.fits
7247/spec-7247-56626-0533.fits
7247/spec-7247-56626-0534.fits
7247/spec-7247-56626-0535.fits
7247/spec-7247-56626-0536.fits
7247/spec-7247-56626-0537.fits
7247/spec-7247-56626-0538.fits
7247/spec-7247-56626-0539.fits
7247/spec-7247-56626-0540.fits
7247/spec-7247-56626-0541.fits
7247/spec-7247-56626-0542.fits
7247/spec-7247-56626-0543.fits
7247/spec-7247-56626-0544.fits
7247/spec-7247-56626-0545.fits
7247/spec-7247-56626-0546.fits
7247/spec-7247-56626-0547.fits
7247/spec-7247-56626-0548.fits
7247/spec-7247-56626-0549.fits
7247/spec-7247-56626-0550.fits
7247/spec-7247-56626-0551.fits
7247/spec-7247-56626-0552.fits
7247/spec-7247-56626-0553.fits
7247/spec-7247-56626-0554.fits
7247/spec-7247-56626-0555.fits
7247/spec-7247-56626-0556.fits
7247/spec-7247-56626-0557.fits
7247/spec-7247-56626-0558.fits
7247/spec-7247-56626-0559.fits
7247/spec-7247-56626-0560.fits
7247/spec-7247-56626-0561.fits
7247/spec-7247-56626-0562.fits
7247/spec-7247-56626-0563.fits
7247/spec-7247-56626-0564.fits
7247/spec-7247-56626-0565.fits
7247/spec-7247-56626-0566.fits
7247/spec-7247-56626-0567.fits
7247/spec-7247-56626-0568.fits
7247/spec-7247-56626-0569.fits
7247/spec-7247-56626-0570.fits
7247/spec-7247-56626-0571.fits
7247/spec-7247-56626-0572.fits
7247/spec-7247-56626-0573.fits
7247/spec-7247-56626-0574.fits
7247/spec-7247-56626-0575.fits
7247/spec-7247-56626-0576.fits
7247/spec-7247-56626-0577.fits
7247/spec-7247-56626-0578.fits
7247/spec-7247-56626-0579.fits
7247/spec-7247-56626-0580.fits
7247/spec-7247-56626-0581.fits
7247/spec-7247-56626-0582.fits
7247/spec-7247-56626-0583.fits
7247/spec-7247-56626-0584.fits
7247/spec-7247-56626-0585.fits
7247/spec-7247-56626-0586.fits
7247/spec-7247-56626-0587.fits
7247/spec-7247-56626-0588.fits
7247/spec-7247-56626-0589.fits
7247/spec-7247-56626-0590.fits
7247/spec-7247-56626-0591.fits
7247/spec-7247-56626-0592.fits
7247/spec-7247-56626-0593.fits
7247/spec-7247-56626-0594.fits
7247/spec-7247-56626-0595.fits
7247/spec-7247-56626-0596.fits
7247/spec-7247-56626-0597.fits
7247/spec-7247-56626-0598.fits
7247/spec-7247-56626-0599.fits
7247/spec-7247-56626-0600.fits
7247/spec-7247-56626-0601.fits
7247/spec-7247-56626-0602.fits
7247/spec-7247-56626-0603.fits
7247/spec-7247-56626-0604.fits
7247/spec-7247-56626-0605.fits
7247/spec-7247-56626-0606.fits
7247/spec-7247-56626-0607.fits
7247/spec-7247-56626-0608.fits
7247/spec-7247-56626-0609.fits
7247/spec-7247-56626-0610.fits
7247/spec-7247-56626-0611.fits
7247/spec-7247-56626-0612.fits
7247/spec-7247-56626-0613.fits
7247/spec-7247-56626-0614.fits
7247/spec-7247-56626-0615.fits
7247/spec-7247-56626-0616.fits
7247/spec-7247-56626-0617.fits
7247/spec-7247-56626-0618.fits
7247/spec-7247-56626-0619.fits
7247/spec-7247-56626-0620.fits
7247/spec-7247-56626-0621.fits
7247/spec-7247-56626-0622.fits
7247/spec-7247-56626-0623.fits
7247/spec-7247-56626-0624.fits
7247/spec-7247-56626-0625.fits
7247/spec-7247-56626-0626.fits
7247/spec-7247-56626-0627.fits
7247/spec-7247-56626-0628.fits
7247/spec-7247-56626-0629.fits
7247/spec-7247-56626-0630.fits
7247/spec-7247-56626-0631.fits
7247/spec-7247-56626-0632.fits
7247/spec-7247-56626-0633.fits
7247/spec-7247-56626-0634.fits
7247/spec-7247-56626-0635.fits
7247/spec-7247-56626-0636.fits
7247/spec-7247-56626-0637.fits
7247/spec-7247-56626-0638.fits
7247/spec-7247-56626-0639.fits
7247/spec-7247-56626-0640.fits
7247/spec-7247-56626-0641.fits
7247/spec-7247-56626-0642.fits
7247/spec-7247-56626-0643.fits
7247/spec-7247-56626-0644.fits
7247/spec-7247-56626-0645.fits
7247/spec-7247-56626-0646.fits
7247/spec-7247-56626-0647.fits
7247/spec-7247-56626-0648.fits
7247/spec-7247-56626-0649.fits
7247/spec-7247-56626-0650.fits
7247/spec-7247-56626-0651.fits
7247/spec-7247-56626-0652.fits
7247/spec-7247-56626-0653.fits
7247/spec-7247-56626-0654.fits
7247/spec-7247-56626-0655.fits
7247/spec-7247-56626-0656.fits
7247/spec-7247-56626-0657.fits
7247/spec-7247-56626-0658.fits
7247/spec-7247-56626-0659.fits
7247/spec-7247-56626-0660.fits
7247/spec-7247-56626-0661.fits
7247/spec-7247-56626-0662.fits
7247/spec-7247-56626-0663.fits
7247/spec-7247-56626-0664.fits
7247/spec-7247-56626-0665.fits
7247/spec-7247-56626-0666.fits
7247/spec-7247-56626-0667.fits
7247/spec-7247-56626-0668.fits
7247/spec-7247-56626-0669.fits
7247/spec-7247-56626-0670.fits
7247/spec-7247-56626-0671.fits
7247/spec-7247-56626-0672.fits
7247/spec-7247-56626-0673.fits
7247/spec-7247-56626-0674.fits
7247/spec-7247-56626-0675.fits
7247/spec-7247-56626-0676.fits
7247/spec-7247-56626-0677.fits
7247/spec-7247-56626-0678.fits
7247/spec-7247-56626-0679.fits
7247/spec-7247-56626-0680.fits
7247/spec-7247-56626-0681.fits
7247/spec-7247-56626-0682.fits
7247/spec-7247-56626-0683.fits
7247/spec-7247-56626-0684.fits
7247/spec-7247-56626-0685.fits
7247/spec-7247-56626-0686.fits
7247/spec-7247-56626-0687.fits
7247/spec-7247-56626-0688.fits
7247/spec-7247-56626-0689.fits
7247/spec-7247-56626-0690.fits
7247/spec-7247-56626-0691.fits
7247/spec-7247-56626-0692.fits
7247/spec-7247-56626-0693.fits
7247/spec-7247-56626-0694.fits
7247/spec-7247-56626-0695.fits
7247/spec-7247-56626-0696.fits
7247/spec-7247-56626-0697.fits
7247/spec-7247-56626-0698.fits
7247/spec-7247-56626-0699.fits
7247/spec-7247-56626-0700.fits
7247/spec-7247-56626-0701.fits
7247/spec-7247-56626-0702.fits
7247/spec-7247-56626-0703.fits
7247/spec-7247-56626-0704.fits
7247/spec-7247-56626-0705.fits
7247/spec-7247-56626-0706.fits
7247/spec-7247-56626-0707.fits
7247/spec-7247-56626-0708.fits
7247/spec-7247-56626-0709.fits
7247/spec-7247-56626-0710.fits
7247/spec-7247-56626-0711.fits
7247/spec-7247-56626-0712.fits
7247/spec-7247-56626-0713.fits
7247/spec-7247-56626-0714.fits
7247/spec-7247-56626-0715.fits
7247/spec-7247-56626-0716.fits
7247/spec-7247-56626-0717.fits
7247/spec-7247-56626-0718.fits
7247/spec-7247-56626-0719.fits
7247/spec-7247-56626-0720.fits
7247/spec-7247-56626-0721.fits
7247/spec-7247-56626-0722.fits
7247/spec-7247-56626-0723.fits
7247/spec-7247-56626-0724.fits
7247/spec-7247-56626-0725.fits
7247/spec-7247-56626-0726.fits
7247/spec-7247-56626-0727.fits
7247/spec-7247-56626-0728.fits
7247/spec-7247-56626-0729.fits
7247/spec-7247-56626-0730.fits
7247/spec-7247-56626-0731.fits
7247/spec-7247-56626-0732.fits
7247/spec-7247-56626-0733.fits
7247/spec-7247-56626-0734.fits
7247/spec-7247-56626-0735.fits
7247/spec-7247-56626-0736.fits
7247/spec-7247-56626-0737.fits
7247/spec-7247-56626-0738.fits
7247/spec-7247-56626-0739.fits
7247/spec-7247-56626-0740.fits
7247/spec-7247-56626-0741.fits
7247/spec-7247-56626-0742.fits
7247/spec-7247-56626-0743.fits
7247/spec-7247-56626-0744.fits
7247/spec-7247-56626-0745.fits
7247/spec-7247-56626-0746.fits
7247/spec-7247-56626-0747.fits
7247/spec-7247-56626-0748.fits
7247/spec-7247-56626-0749.fits
7247/spec-7247-56626-0750.fits
7247/spec-7247-56626-0751.fits
7247/spec-7247-56626-0752.fits
7247/spec-7247-56626-0753.fits
7247/spec-7247-56626-0754.fits
7247/spec-7247-56626-0755.fits
7247/spec-7247-56626-0756.fits
7247/spec-7247-56626-0757.fits
7247/spec-7247-56626-0758.fits
7247/spec-7247-56626-0759.fits
7247/spec-7247-56626-0760.fits
7247/spec-7247-56626-0761.fits
7247/spec-7247-56626-0762.fits
7247/spec-7247-56626-0763.fits
7247/spec-7247-56626-0764.fits
7247/spec-7247-56626-0765.fits
7247/spec-7247-56626-0766.fits
7247/spec-7247-56626-0767.fits
7247/spec-7247-56626-0768.fits
7247/spec-7247-56626-0769.fits
7247/spec-7247-56626-0770.fits
7247/spec-7247-56626-0771.fits
7247/spec-7247-56626-0772.fits
7247/spec-7247-56626-0773.fits
7247/spec-7247-56626-0774.fits
7247/spec-7247-56626-0775.fits
7247/spec-7247-56626-0776.fits
7247/spec-7247-56626-0777.fits
7247/spec-7247-56626-0778.fits
7247/spec-7247-56626-0779.fits
7247/spec-7247-56626-0780.fits
7247/spec-7247-56626-0781.fits
7247/spec-7247-56626-0782.fits
7247/spec-7247-56626-0783.fits
7247/spec-7247-56626-0784.fits
7247/spec-7247-56626-0785.fits
7247/spec-7247-56626-0786.fits
7247/spec-7247-56626-0787.fits
7247/spec-7247-56626-0788.fits
7247/spec-7247-56626-0789.fits
7247/spec-7247-56626-0790.fits
7247/spec-7247-56626-0791.fits
7247/spec-7247-56626-0792.fits
7247/spec-7247-56626-0793.fits
7247/spec-7247-56626-0794.fits
7247/spec-7247-56626-0795.fits
7247/spec-7247-56626-0796.fits
7247/spec-7247-56626-0797.fits
7247/spec-7247-56626-0798.fits
7247/spec-7247-56626-0799.fits
7247/spec-7247-56626-0800.fits
7247/spec-7247-56626-0801.fits
7247/spec-7247-56626-0802.fits
7247/spec-7247-56626-0803.fits
7247/spec-7247-56626-0804.fits
7247/spec-7247-56626-0805.fits
7247/spec-7247-56626-0806.fits
7247/spec-7247-56626-0807.fits
7247/spec-7247-56626-0808.fits
7247/spec-7247-56626-0809.fits
7247/spec-7247-56626-0810.fits
7247/spec-7247-56626-0811.fits
7247/spec-7247-56626-0812.fits
7247/spec-7247-56626-0813.fits
7247/spec-7247-56626-0814.fits
7247/spec-7247-56626-0815.fits
7247/spec-7247-56626-0816.fits
7247/spec-7247-56626-0817.fits
7247/spec-7247-56626-0818.fits
7247/spec-7247-56626-0819.fits
7247/spec-7247-56626-0820.fits
7247/spec-7247-56626-0821.fits
7247/spec-7247-56626-0822.fits
7247/spec-7247-56626-0823.fits
7247/spec-7247-56626-0824.fits
7247/spec-7247-56626-0825.fits
7247/spec-7247-56626-0826.fits
7247/spec-7247-56626-0827.fits
7247/spec-7247-56626-0828.fits
7247/spec-7247-56626-0829.fits
7247/spec-7247-56626-0830.fits
7247/spec-7247-56626-0831.fits
7247/spec-7247-56626-0832.fits
7247/spec-7247-56626-0833.fits
7247/spec-7247-56626-0834.fits
7247/spec-7247-56626-0835.fits
7247/spec-7247-56626-0836.fits
7247/spec-7247-56626-0837.fits
7247/spec-7247-56626-0838.fits
7247/spec-7247-56626-0839.fits
7247/spec-7247-56626-0840.fits
7247/spec-7247-56626-0841.fits
7247/spec-7247-56626-0842.fits
7247/spec-7247-56626-0843.fits
7247/spec-7247-56626-0844.fits
7247/spec-7247-56626-0845.fits
7247/spec-7247-56626-0846.fits
7247/spec-7247-56626-0847.fits
7247/spec-7247-56626-0848.fits
7247/spec-7247-56626-0849.fits
7247/spec-7247-56626-0850.fits
7247/spec-7247-56626-0851.fits
7247/spec-7247-56626-0852.fits
7247/spec-7247-56626-0853.fits
7247/spec-7247-56626-0854.fits
7247/spec-7247-56626-0855.fits
7247/spec-7247-56626-0856.fits
7247/spec-7247-56626-0857.fits
7247/spec-7247-56626-0858.fits
7247/spec-7247-56626-0859.fits
7247/spec-7247-56626-0860.fits
7247/spec-7247-56626-0861.fits
7247/spec-7247-56626-0862.fits
7247/spec-7247-56626-0863.fits
7247/spec-7247-56626-0864.fits
7247/spec-7247-56626-0865.fits
7247/spec-7247-56626-0866.fits
7247/spec-7247-56626-0867.fits
7247/spec-7247-56626-0868.fits
7247/spec-7247-56626-0869.fits
7247/spec-7247-56626-0870.fits
7247/spec-7247-56626-0871.fits
7247/spec-7247-56626-0872.fits
7247/spec-7247-56626-0873.fits
7247/spec-7247-56626-0874.fits
7247/spec-7247-56626-0875.fits
7247/spec-7247-56626-0876.fits
7247/spec-7247-56626-0877.fits
7247/spec-7247-56626-0878.fits
7247/spec-7247-56626-0879.fits
7247/spec-7247-56626-0880.fits
7247/spec-7247-56626-0881.fits
7247/spec-7247-56626-0882.fits
7247/spec-7247-56626-0883.fits
7247/spec-7247-56626-0884.fits
7247/spec-7247-56626-0885.fits
7247/spec-7247-56626-0886.fits
7247/spec-7247-56626-0887.fits
7247/spec-7247-56626-0888.fits
7247/spec-7247-56626-0889.fits
7247/spec-7247-56626-0890.fits
7247/spec-7247-56626-0891.fits
7247/spec-7247-56626-0892.fits
7247/spec-7247-56626-0893.fits
7247/spec-7247-56626-0894.fits
7247/spec-7247-56626-0895.fits
7247/spec-7247-56626-0896.fits
7247/spec-7247-56626-0897.fits
7247/spec-7247-56626-0898.fits
7247/spec-7247-56626-0899.fits
7247/spec-7247-56626-0900.fits
7247/spec-7247-56626-0901.fits
7247/spec-7247-56626-0902.fits
7247/spec-7247-56626-0903.fits
7247/spec-7247-56626-0904.fits
7247/spec-7247-56626-0905.fits
7247/spec-7247-56626-0906.fits
7247/spec-7247-56626-0907.fits
7247/spec-7247-56626-0908.fits
7247/spec-7247-56626-0909.fits
7247/spec-7247-56626-0910.fits
7247/spec-7247-56626-0911.fits
7247/spec-7247-56626-0912.fits
7247/spec-7247-56626-0913.fits
7247/spec-7247-56626-0914.fits
7247/spec-7247-56626-0915.fits
7247/spec-7247-56626-0916.fits
7247/spec-7247-56626-0917.fits
7247/spec-7247-56626-0918.fits
7247/spec-7247-56626-0919.fits
7247/spec-7247-56626-0920.fits
7247/spec-7247-56626-0921.fits
7247/spec-7247-56626-0922.fits
7247/spec-7247-56626-0923.fits
7247/spec-7247-56626-0924.fits
7247/spec-7247-56626-0925.fits
7247/spec-7247-56626-0926.fits
7247/spec-7247-56626-0927.fits
7247/spec-7247-56626-0928.fits
7247/spec-7247-56626-0929.fits
7247/spec-7247-56626-0930.fits
7247/spec-7247-56626-0931.fits
7247/spec-7247-56626-0932.fits
7247/spec-7247-56626-0933.fits
7247/spec-7247-56626-0934.fits
7247/spec-7247-56626-0935.fits
7247/spec-7247-56626-0936.fits
7247/spec-7247-56626-0937.fits
7247/spec-7247-56626-0938.fits
7247/spec-7247-56626-0939.fits
7247/spec-7247-56626-0940.fits
7247/spec-7247-56626-0941.fits
7247/spec-7247-56626-0942.fits
7247/spec-7247-56626-0943.fits
7247/spec-7247-56626-0944.fits
7247/spec-7247-56626-0945.fits
7247/spec-7247-56626-0946.fits
7247/spec-7247-56626-0947.fits
7247/spec-7247-56626-0948.fits
7247/spec-7247-56626-0949.fits
7247/spec-7247-56626-0950.fits
7247/spec-7247-56626-0951.fits
7247/spec-7247-56626-0952.fits
7247/spec-7247-56626-0953.fits
7247/spec-7247-56626-0954.fits
7247/spec-7247-56626-0955.fits
7247/spec-7247-56626-0956.fits
7247/spec-7247-56626-0957.fits
7247/spec-7247-56626-0958.fits
7247/spec-7247-56626-0959.fits
7247/spec-7247-56626-0960.fits
7247/spec-7247-56626-0961.fits
7247/spec-7247-56626-0962.fits
7247/spec-7247-56626-0963.fits
7247/spec-7247-56626-0964.fits
7247/spec-7247-56626-0965.fits
7247/spec-7247-56626-0966.fits
7247/spec-7247-56626-0967.fits
7247/spec-7247-56626-0968.fits
7247/spec-7247-56626-0969.fits
7247/spec-7247-56626-0970.fits
7247/spec-7247-56626-0971.fits
7247/spec-7247-56626-0972.fits
7247/spec-7247-56626-0973.fits
7247/spec-7247-56626-0974.fits
7247/spec-7247-56626-0975.fits
7247/spec-7247-56626-0976.fits
7247/spec-7247-56626-0977.fits
7247/spec-7247-56626-0978.fits
7247/spec-7247-56626-0979.fits
7247/spec-7247-56626-0980.fits
7247/spec-7247-56626-0981.fits
7247/spec-7247-56626-0982.fits
7247/spec-7247-56626-0983.fits
7247/spec-7247-56626-0984.fits
7247/spec-7247-56626-0985.fits
7247/spec-7247-56626-0986.fits
7247/spec-7247-56626-0987.fits
7247/spec-7247-56626-0988.fits
7247/spec-7247-56626-0989.fits
7247/spec-7247-56626-0990.fits
7247/spec-7247-56626-0991.fits
7247/spec-7247-56626-0992.fits
7247/spec-7247-56626-0993.fits
7247/spec-7247-56626-0994.fits
7247/spec-7247-56626-0995.fits
7247/spec-7247-56626-0996.fits
7247/spec-7247-56626-0997.fits
7247/spec-7247-56626-0998.fits
7247/spec-7247-56626-0999.fits
7247/spec-7247-56626-1000.fits
/var/lib/condor/execute/slot1/dir_32434
7247 7247.tgz R R361.tar.gz _condor_stderr _condor_stdout cB58_Lyman_break.fit condor_exec.exe hw4.R packages packages.tar.gz tmp var
[1] "Loaded package astro."
[1] 1000
7247 7247.csv 7247.tgz R R361.tar.gz _condor_stderr _condor_stdout cB58_Lyman_break.fit condor_exec.exe hw4.R packages packages.tar.gz tmp var
