7283
7283/
7283/spec-7283-57063-0001.fits
7283/spec-7283-57063-0002.fits
7283/spec-7283-57063-0003.fits
7283/spec-7283-57063-0004.fits
7283/spec-7283-57063-0005.fits
7283/spec-7283-57063-0006.fits
7283/spec-7283-57063-0007.fits
7283/spec-7283-57063-0008.fits
7283/spec-7283-57063-0009.fits
7283/spec-7283-57063-0010.fits
7283/spec-7283-57063-0011.fits
7283/spec-7283-57063-0012.fits
7283/spec-7283-57063-0013.fits
7283/spec-7283-57063-0014.fits
7283/spec-7283-57063-0015.fits
7283/spec-7283-57063-0016.fits
7283/spec-7283-57063-0017.fits
7283/spec-7283-57063-0018.fits
7283/spec-7283-57063-0019.fits
7283/spec-7283-57063-0020.fits
7283/spec-7283-57063-0021.fits
7283/spec-7283-57063-0022.fits
7283/spec-7283-57063-0023.fits
7283/spec-7283-57063-0024.fits
7283/spec-7283-57063-0025.fits
7283/spec-7283-57063-0026.fits
7283/spec-7283-57063-0027.fits
7283/spec-7283-57063-0028.fits
7283/spec-7283-57063-0029.fits
7283/spec-7283-57063-0030.fits
7283/spec-7283-57063-0031.fits
7283/spec-7283-57063-0032.fits
7283/spec-7283-57063-0033.fits
7283/spec-7283-57063-0034.fits
7283/spec-7283-57063-0035.fits
7283/spec-7283-57063-0036.fits
7283/spec-7283-57063-0037.fits
7283/spec-7283-57063-0038.fits
7283/spec-7283-57063-0039.fits
7283/spec-7283-57063-0040.fits
7283/spec-7283-57063-0041.fits
7283/spec-7283-57063-0042.fits
7283/spec-7283-57063-0043.fits
7283/spec-7283-57063-0044.fits
7283/spec-7283-57063-0045.fits
7283/spec-7283-57063-0046.fits
7283/spec-7283-57063-0047.fits
7283/spec-7283-57063-0048.fits
7283/spec-7283-57063-0049.fits
7283/spec-7283-57063-0050.fits
7283/spec-7283-57063-0051.fits
7283/spec-7283-57063-0052.fits
7283/spec-7283-57063-0053.fits
7283/spec-7283-57063-0054.fits
7283/spec-7283-57063-0055.fits
7283/spec-7283-57063-0056.fits
7283/spec-7283-57063-0057.fits
7283/spec-7283-57063-0058.fits
7283/spec-7283-57063-0059.fits
7283/spec-7283-57063-0060.fits
7283/spec-7283-57063-0061.fits
7283/spec-7283-57063-0062.fits
7283/spec-7283-57063-0063.fits
7283/spec-7283-57063-0064.fits
7283/spec-7283-57063-0065.fits
7283/spec-7283-57063-0066.fits
7283/spec-7283-57063-0067.fits
7283/spec-7283-57063-0068.fits
7283/spec-7283-57063-0069.fits
7283/spec-7283-57063-0070.fits
7283/spec-7283-57063-0071.fits
7283/spec-7283-57063-0072.fits
7283/spec-7283-57063-0073.fits
7283/spec-7283-57063-0074.fits
7283/spec-7283-57063-0075.fits
7283/spec-7283-57063-0076.fits
7283/spec-7283-57063-0077.fits
7283/spec-7283-57063-0078.fits
7283/spec-7283-57063-0079.fits
7283/spec-7283-57063-0080.fits
7283/spec-7283-57063-0081.fits
7283/spec-7283-57063-0082.fits
7283/spec-7283-57063-0083.fits
7283/spec-7283-57063-0084.fits
7283/spec-7283-57063-0085.fits
7283/spec-7283-57063-0086.fits
7283/spec-7283-57063-0087.fits
7283/spec-7283-57063-0088.fits
7283/spec-7283-57063-0089.fits
7283/spec-7283-57063-0090.fits
7283/spec-7283-57063-0091.fits
7283/spec-7283-57063-0092.fits
7283/spec-7283-57063-0093.fits
7283/spec-7283-57063-0094.fits
7283/spec-7283-57063-0095.fits
7283/spec-7283-57063-0096.fits
7283/spec-7283-57063-0097.fits
7283/spec-7283-57063-0098.fits
7283/spec-7283-57063-0099.fits
7283/spec-7283-57063-0100.fits
7283/spec-7283-57063-0101.fits
7283/spec-7283-57063-0102.fits
7283/spec-7283-57063-0103.fits
7283/spec-7283-57063-0104.fits
7283/spec-7283-57063-0105.fits
7283/spec-7283-57063-0106.fits
7283/spec-7283-57063-0107.fits
7283/spec-7283-57063-0108.fits
7283/spec-7283-57063-0109.fits
7283/spec-7283-57063-0110.fits
7283/spec-7283-57063-0111.fits
7283/spec-7283-57063-0112.fits
7283/spec-7283-57063-0113.fits
7283/spec-7283-57063-0114.fits
7283/spec-7283-57063-0115.fits
7283/spec-7283-57063-0116.fits
7283/spec-7283-57063-0117.fits
7283/spec-7283-57063-0118.fits
7283/spec-7283-57063-0119.fits
7283/spec-7283-57063-0120.fits
7283/spec-7283-57063-0121.fits
7283/spec-7283-57063-0122.fits
7283/spec-7283-57063-0123.fits
7283/spec-7283-57063-0124.fits
7283/spec-7283-57063-0125.fits
7283/spec-7283-57063-0126.fits
7283/spec-7283-57063-0127.fits
7283/spec-7283-57063-0128.fits
7283/spec-7283-57063-0129.fits
7283/spec-7283-57063-0130.fits
7283/spec-7283-57063-0131.fits
7283/spec-7283-57063-0132.fits
7283/spec-7283-57063-0133.fits
7283/spec-7283-57063-0134.fits
7283/spec-7283-57063-0135.fits
7283/spec-7283-57063-0136.fits
7283/spec-7283-57063-0137.fits
7283/spec-7283-57063-0138.fits
7283/spec-7283-57063-0139.fits
7283/spec-7283-57063-0140.fits
7283/spec-7283-57063-0141.fits
7283/spec-7283-57063-0142.fits
7283/spec-7283-57063-0143.fits
7283/spec-7283-57063-0144.fits
7283/spec-7283-57063-0145.fits
7283/spec-7283-57063-0146.fits
7283/spec-7283-57063-0147.fits
7283/spec-7283-57063-0148.fits
7283/spec-7283-57063-0149.fits
7283/spec-7283-57063-0150.fits
7283/spec-7283-57063-0151.fits
7283/spec-7283-57063-0152.fits
7283/spec-7283-57063-0153.fits
7283/spec-7283-57063-0154.fits
7283/spec-7283-57063-0155.fits
7283/spec-7283-57063-0156.fits
7283/spec-7283-57063-0157.fits
7283/spec-7283-57063-0158.fits
7283/spec-7283-57063-0159.fits
7283/spec-7283-57063-0160.fits
7283/spec-7283-57063-0161.fits
7283/spec-7283-57063-0162.fits
7283/spec-7283-57063-0163.fits
7283/spec-7283-57063-0164.fits
7283/spec-7283-57063-0165.fits
7283/spec-7283-57063-0166.fits
7283/spec-7283-57063-0167.fits
7283/spec-7283-57063-0168.fits
7283/spec-7283-57063-0169.fits
7283/spec-7283-57063-0170.fits
7283/spec-7283-57063-0171.fits
7283/spec-7283-57063-0172.fits
7283/spec-7283-57063-0173.fits
7283/spec-7283-57063-0174.fits
7283/spec-7283-57063-0175.fits
7283/spec-7283-57063-0176.fits
7283/spec-7283-57063-0177.fits
7283/spec-7283-57063-0178.fits
7283/spec-7283-57063-0179.fits
7283/spec-7283-57063-0180.fits
7283/spec-7283-57063-0181.fits
7283/spec-7283-57063-0182.fits
7283/spec-7283-57063-0183.fits
7283/spec-7283-57063-0184.fits
7283/spec-7283-57063-0185.fits
7283/spec-7283-57063-0186.fits
7283/spec-7283-57063-0187.fits
7283/spec-7283-57063-0188.fits
7283/spec-7283-57063-0189.fits
7283/spec-7283-57063-0190.fits
7283/spec-7283-57063-0191.fits
7283/spec-7283-57063-0192.fits
7283/spec-7283-57063-0193.fits
7283/spec-7283-57063-0194.fits
7283/spec-7283-57063-0195.fits
7283/spec-7283-57063-0196.fits
7283/spec-7283-57063-0197.fits
7283/spec-7283-57063-0198.fits
7283/spec-7283-57063-0199.fits
7283/spec-7283-57063-0200.fits
7283/spec-7283-57063-0201.fits
7283/spec-7283-57063-0202.fits
7283/spec-7283-57063-0203.fits
7283/spec-7283-57063-0204.fits
7283/spec-7283-57063-0205.fits
7283/spec-7283-57063-0206.fits
7283/spec-7283-57063-0207.fits
7283/spec-7283-57063-0208.fits
7283/spec-7283-57063-0209.fits
7283/spec-7283-57063-0210.fits
7283/spec-7283-57063-0211.fits
7283/spec-7283-57063-0212.fits
7283/spec-7283-57063-0213.fits
7283/spec-7283-57063-0214.fits
7283/spec-7283-57063-0215.fits
7283/spec-7283-57063-0216.fits
7283/spec-7283-57063-0217.fits
7283/spec-7283-57063-0218.fits
7283/spec-7283-57063-0219.fits
7283/spec-7283-57063-0220.fits
7283/spec-7283-57063-0221.fits
7283/spec-7283-57063-0222.fits
7283/spec-7283-57063-0223.fits
7283/spec-7283-57063-0224.fits
7283/spec-7283-57063-0225.fits
7283/spec-7283-57063-0226.fits
7283/spec-7283-57063-0227.fits
7283/spec-7283-57063-0228.fits
7283/spec-7283-57063-0229.fits
7283/spec-7283-57063-0230.fits
7283/spec-7283-57063-0231.fits
7283/spec-7283-57063-0232.fits
7283/spec-7283-57063-0233.fits
7283/spec-7283-57063-0234.fits
7283/spec-7283-57063-0235.fits
7283/spec-7283-57063-0236.fits
7283/spec-7283-57063-0237.fits
7283/spec-7283-57063-0238.fits
7283/spec-7283-57063-0239.fits
7283/spec-7283-57063-0240.fits
7283/spec-7283-57063-0241.fits
7283/spec-7283-57063-0242.fits
7283/spec-7283-57063-0243.fits
7283/spec-7283-57063-0244.fits
7283/spec-7283-57063-0245.fits
7283/spec-7283-57063-0246.fits
7283/spec-7283-57063-0247.fits
7283/spec-7283-57063-0248.fits
7283/spec-7283-57063-0249.fits
7283/spec-7283-57063-0250.fits
7283/spec-7283-57063-0251.fits
7283/spec-7283-57063-0252.fits
7283/spec-7283-57063-0253.fits
7283/spec-7283-57063-0254.fits
7283/spec-7283-57063-0255.fits
7283/spec-7283-57063-0256.fits
7283/spec-7283-57063-0257.fits
7283/spec-7283-57063-0258.fits
7283/spec-7283-57063-0259.fits
7283/spec-7283-57063-0260.fits
7283/spec-7283-57063-0261.fits
7283/spec-7283-57063-0262.fits
7283/spec-7283-57063-0263.fits
7283/spec-7283-57063-0264.fits
7283/spec-7283-57063-0265.fits
7283/spec-7283-57063-0266.fits
7283/spec-7283-57063-0267.fits
7283/spec-7283-57063-0268.fits
7283/spec-7283-57063-0269.fits
7283/spec-7283-57063-0270.fits
7283/spec-7283-57063-0271.fits
7283/spec-7283-57063-0272.fits
7283/spec-7283-57063-0273.fits
7283/spec-7283-57063-0274.fits
7283/spec-7283-57063-0275.fits
7283/spec-7283-57063-0276.fits
7283/spec-7283-57063-0277.fits
7283/spec-7283-57063-0278.fits
7283/spec-7283-57063-0279.fits
7283/spec-7283-57063-0280.fits
7283/spec-7283-57063-0281.fits
7283/spec-7283-57063-0282.fits
7283/spec-7283-57063-0283.fits
7283/spec-7283-57063-0284.fits
7283/spec-7283-57063-0285.fits
7283/spec-7283-57063-0286.fits
7283/spec-7283-57063-0287.fits
7283/spec-7283-57063-0288.fits
7283/spec-7283-57063-0289.fits
7283/spec-7283-57063-0290.fits
7283/spec-7283-57063-0291.fits
7283/spec-7283-57063-0292.fits
7283/spec-7283-57063-0293.fits
7283/spec-7283-57063-0294.fits
7283/spec-7283-57063-0295.fits
7283/spec-7283-57063-0296.fits
7283/spec-7283-57063-0297.fits
7283/spec-7283-57063-0298.fits
7283/spec-7283-57063-0299.fits
7283/spec-7283-57063-0300.fits
7283/spec-7283-57063-0301.fits
7283/spec-7283-57063-0302.fits
7283/spec-7283-57063-0303.fits
7283/spec-7283-57063-0304.fits
7283/spec-7283-57063-0305.fits
7283/spec-7283-57063-0306.fits
7283/spec-7283-57063-0307.fits
7283/spec-7283-57063-0308.fits
7283/spec-7283-57063-0309.fits
7283/spec-7283-57063-0310.fits
7283/spec-7283-57063-0311.fits
7283/spec-7283-57063-0312.fits
7283/spec-7283-57063-0313.fits
7283/spec-7283-57063-0314.fits
7283/spec-7283-57063-0315.fits
7283/spec-7283-57063-0316.fits
7283/spec-7283-57063-0317.fits
7283/spec-7283-57063-0318.fits
7283/spec-7283-57063-0319.fits
7283/spec-7283-57063-0320.fits
7283/spec-7283-57063-0321.fits
7283/spec-7283-57063-0322.fits
7283/spec-7283-57063-0323.fits
7283/spec-7283-57063-0324.fits
7283/spec-7283-57063-0325.fits
7283/spec-7283-57063-0326.fits
7283/spec-7283-57063-0327.fits
7283/spec-7283-57063-0328.fits
7283/spec-7283-57063-0329.fits
7283/spec-7283-57063-0330.fits
7283/spec-7283-57063-0331.fits
7283/spec-7283-57063-0332.fits
7283/spec-7283-57063-0333.fits
7283/spec-7283-57063-0334.fits
7283/spec-7283-57063-0335.fits
7283/spec-7283-57063-0336.fits
7283/spec-7283-57063-0337.fits
7283/spec-7283-57063-0338.fits
7283/spec-7283-57063-0339.fits
7283/spec-7283-57063-0340.fits
7283/spec-7283-57063-0341.fits
7283/spec-7283-57063-0342.fits
7283/spec-7283-57063-0343.fits
7283/spec-7283-57063-0344.fits
7283/spec-7283-57063-0345.fits
7283/spec-7283-57063-0346.fits
7283/spec-7283-57063-0347.fits
7283/spec-7283-57063-0348.fits
7283/spec-7283-57063-0349.fits
7283/spec-7283-57063-0350.fits
7283/spec-7283-57063-0351.fits
7283/spec-7283-57063-0352.fits
7283/spec-7283-57063-0353.fits
7283/spec-7283-57063-0354.fits
7283/spec-7283-57063-0355.fits
7283/spec-7283-57063-0356.fits
7283/spec-7283-57063-0357.fits
7283/spec-7283-57063-0358.fits
7283/spec-7283-57063-0359.fits
7283/spec-7283-57063-0360.fits
7283/spec-7283-57063-0361.fits
7283/spec-7283-57063-0362.fits
7283/spec-7283-57063-0363.fits
7283/spec-7283-57063-0364.fits
7283/spec-7283-57063-0365.fits
7283/spec-7283-57063-0366.fits
7283/spec-7283-57063-0367.fits
7283/spec-7283-57063-0368.fits
7283/spec-7283-57063-0369.fits
7283/spec-7283-57063-0370.fits
7283/spec-7283-57063-0371.fits
7283/spec-7283-57063-0372.fits
7283/spec-7283-57063-0373.fits
7283/spec-7283-57063-0374.fits
7283/spec-7283-57063-0375.fits
7283/spec-7283-57063-0376.fits
7283/spec-7283-57063-0377.fits
7283/spec-7283-57063-0378.fits
7283/spec-7283-57063-0379.fits
7283/spec-7283-57063-0380.fits
7283/spec-7283-57063-0381.fits
7283/spec-7283-57063-0382.fits
7283/spec-7283-57063-0383.fits
7283/spec-7283-57063-0384.fits
7283/spec-7283-57063-0385.fits
7283/spec-7283-57063-0386.fits
7283/spec-7283-57063-0387.fits
7283/spec-7283-57063-0388.fits
7283/spec-7283-57063-0389.fits
7283/spec-7283-57063-0390.fits
7283/spec-7283-57063-0391.fits
7283/spec-7283-57063-0392.fits
7283/spec-7283-57063-0393.fits
7283/spec-7283-57063-0394.fits
7283/spec-7283-57063-0395.fits
7283/spec-7283-57063-0396.fits
7283/spec-7283-57063-0397.fits
7283/spec-7283-57063-0398.fits
7283/spec-7283-57063-0399.fits
7283/spec-7283-57063-0400.fits
7283/spec-7283-57063-0401.fits
7283/spec-7283-57063-0402.fits
7283/spec-7283-57063-0403.fits
7283/spec-7283-57063-0404.fits
7283/spec-7283-57063-0405.fits
7283/spec-7283-57063-0406.fits
7283/spec-7283-57063-0407.fits
7283/spec-7283-57063-0408.fits
7283/spec-7283-57063-0409.fits
7283/spec-7283-57063-0410.fits
7283/spec-7283-57063-0411.fits
7283/spec-7283-57063-0412.fits
7283/spec-7283-57063-0413.fits
7283/spec-7283-57063-0414.fits
7283/spec-7283-57063-0415.fits
7283/spec-7283-57063-0416.fits
7283/spec-7283-57063-0417.fits
7283/spec-7283-57063-0418.fits
7283/spec-7283-57063-0419.fits
7283/spec-7283-57063-0420.fits
7283/spec-7283-57063-0421.fits
7283/spec-7283-57063-0422.fits
7283/spec-7283-57063-0423.fits
7283/spec-7283-57063-0424.fits
7283/spec-7283-57063-0425.fits
7283/spec-7283-57063-0426.fits
7283/spec-7283-57063-0427.fits
7283/spec-7283-57063-0428.fits
7283/spec-7283-57063-0429.fits
7283/spec-7283-57063-0430.fits
7283/spec-7283-57063-0431.fits
7283/spec-7283-57063-0432.fits
7283/spec-7283-57063-0433.fits
7283/spec-7283-57063-0434.fits
7283/spec-7283-57063-0435.fits
7283/spec-7283-57063-0436.fits
7283/spec-7283-57063-0437.fits
7283/spec-7283-57063-0438.fits
7283/spec-7283-57063-0439.fits
7283/spec-7283-57063-0440.fits
7283/spec-7283-57063-0441.fits
7283/spec-7283-57063-0442.fits
7283/spec-7283-57063-0443.fits
7283/spec-7283-57063-0444.fits
7283/spec-7283-57063-0445.fits
7283/spec-7283-57063-0446.fits
7283/spec-7283-57063-0447.fits
7283/spec-7283-57063-0448.fits
7283/spec-7283-57063-0449.fits
7283/spec-7283-57063-0450.fits
7283/spec-7283-57063-0451.fits
7283/spec-7283-57063-0452.fits
7283/spec-7283-57063-0453.fits
7283/spec-7283-57063-0454.fits
7283/spec-7283-57063-0455.fits
7283/spec-7283-57063-0456.fits
7283/spec-7283-57063-0457.fits
7283/spec-7283-57063-0458.fits
7283/spec-7283-57063-0459.fits
7283/spec-7283-57063-0460.fits
7283/spec-7283-57063-0461.fits
7283/spec-7283-57063-0462.fits
7283/spec-7283-57063-0463.fits
7283/spec-7283-57063-0464.fits
7283/spec-7283-57063-0465.fits
7283/spec-7283-57063-0466.fits
7283/spec-7283-57063-0467.fits
7283/spec-7283-57063-0468.fits
7283/spec-7283-57063-0469.fits
7283/spec-7283-57063-0470.fits
7283/spec-7283-57063-0471.fits
7283/spec-7283-57063-0472.fits
7283/spec-7283-57063-0473.fits
7283/spec-7283-57063-0474.fits
7283/spec-7283-57063-0475.fits
7283/spec-7283-57063-0476.fits
7283/spec-7283-57063-0477.fits
7283/spec-7283-57063-0478.fits
7283/spec-7283-57063-0479.fits
7283/spec-7283-57063-0480.fits
7283/spec-7283-57063-0481.fits
7283/spec-7283-57063-0482.fits
7283/spec-7283-57063-0483.fits
7283/spec-7283-57063-0484.fits
7283/spec-7283-57063-0485.fits
7283/spec-7283-57063-0486.fits
7283/spec-7283-57063-0487.fits
7283/spec-7283-57063-0488.fits
7283/spec-7283-57063-0489.fits
7283/spec-7283-57063-0490.fits
7283/spec-7283-57063-0491.fits
7283/spec-7283-57063-0492.fits
7283/spec-7283-57063-0493.fits
7283/spec-7283-57063-0494.fits
7283/spec-7283-57063-0495.fits
7283/spec-7283-57063-0496.fits
7283/spec-7283-57063-0497.fits
7283/spec-7283-57063-0498.fits
7283/spec-7283-57063-0499.fits
7283/spec-7283-57063-0500.fits
7283/spec-7283-57063-0501.fits
7283/spec-7283-57063-0502.fits
7283/spec-7283-57063-0503.fits
7283/spec-7283-57063-0504.fits
7283/spec-7283-57063-0505.fits
7283/spec-7283-57063-0506.fits
7283/spec-7283-57063-0507.fits
7283/spec-7283-57063-0508.fits
7283/spec-7283-57063-0509.fits
7283/spec-7283-57063-0510.fits
7283/spec-7283-57063-0511.fits
7283/spec-7283-57063-0512.fits
7283/spec-7283-57063-0513.fits
7283/spec-7283-57063-0514.fits
7283/spec-7283-57063-0515.fits
7283/spec-7283-57063-0516.fits
7283/spec-7283-57063-0517.fits
7283/spec-7283-57063-0518.fits
7283/spec-7283-57063-0519.fits
7283/spec-7283-57063-0520.fits
7283/spec-7283-57063-0521.fits
7283/spec-7283-57063-0522.fits
7283/spec-7283-57063-0523.fits
7283/spec-7283-57063-0524.fits
7283/spec-7283-57063-0525.fits
7283/spec-7283-57063-0526.fits
7283/spec-7283-57063-0527.fits
7283/spec-7283-57063-0528.fits
7283/spec-7283-57063-0529.fits
7283/spec-7283-57063-0530.fits
7283/spec-7283-57063-0531.fits
7283/spec-7283-57063-0532.fits
7283/spec-7283-57063-0533.fits
7283/spec-7283-57063-0534.fits
7283/spec-7283-57063-0535.fits
7283/spec-7283-57063-0536.fits
7283/spec-7283-57063-0537.fits
7283/spec-7283-57063-0538.fits
7283/spec-7283-57063-0539.fits
7283/spec-7283-57063-0540.fits
7283/spec-7283-57063-0541.fits
7283/spec-7283-57063-0542.fits
7283/spec-7283-57063-0543.fits
7283/spec-7283-57063-0544.fits
7283/spec-7283-57063-0545.fits
7283/spec-7283-57063-0546.fits
7283/spec-7283-57063-0547.fits
7283/spec-7283-57063-0548.fits
7283/spec-7283-57063-0549.fits
7283/spec-7283-57063-0550.fits
7283/spec-7283-57063-0551.fits
7283/spec-7283-57063-0552.fits
7283/spec-7283-57063-0553.fits
7283/spec-7283-57063-0554.fits
7283/spec-7283-57063-0555.fits
7283/spec-7283-57063-0556.fits
7283/spec-7283-57063-0557.fits
7283/spec-7283-57063-0558.fits
7283/spec-7283-57063-0559.fits
7283/spec-7283-57063-0560.fits
7283/spec-7283-57063-0561.fits
7283/spec-7283-57063-0562.fits
7283/spec-7283-57063-0563.fits
7283/spec-7283-57063-0564.fits
7283/spec-7283-57063-0565.fits
7283/spec-7283-57063-0566.fits
7283/spec-7283-57063-0567.fits
7283/spec-7283-57063-0568.fits
7283/spec-7283-57063-0569.fits
7283/spec-7283-57063-0570.fits
7283/spec-7283-57063-0571.fits
7283/spec-7283-57063-0572.fits
7283/spec-7283-57063-0573.fits
7283/spec-7283-57063-0574.fits
7283/spec-7283-57063-0575.fits
7283/spec-7283-57063-0576.fits
7283/spec-7283-57063-0577.fits
7283/spec-7283-57063-0578.fits
7283/spec-7283-57063-0579.fits
7283/spec-7283-57063-0580.fits
7283/spec-7283-57063-0581.fits
7283/spec-7283-57063-0582.fits
7283/spec-7283-57063-0583.fits
7283/spec-7283-57063-0584.fits
7283/spec-7283-57063-0585.fits
7283/spec-7283-57063-0586.fits
7283/spec-7283-57063-0587.fits
7283/spec-7283-57063-0588.fits
7283/spec-7283-57063-0589.fits
7283/spec-7283-57063-0590.fits
7283/spec-7283-57063-0591.fits
7283/spec-7283-57063-0592.fits
7283/spec-7283-57063-0593.fits
7283/spec-7283-57063-0594.fits
7283/spec-7283-57063-0595.fits
7283/spec-7283-57063-0596.fits
7283/spec-7283-57063-0597.fits
7283/spec-7283-57063-0598.fits
7283/spec-7283-57063-0599.fits
7283/spec-7283-57063-0600.fits
7283/spec-7283-57063-0601.fits
7283/spec-7283-57063-0602.fits
7283/spec-7283-57063-0603.fits
7283/spec-7283-57063-0604.fits
7283/spec-7283-57063-0605.fits
7283/spec-7283-57063-0606.fits
7283/spec-7283-57063-0607.fits
7283/spec-7283-57063-0608.fits
7283/spec-7283-57063-0609.fits
7283/spec-7283-57063-0610.fits
7283/spec-7283-57063-0611.fits
7283/spec-7283-57063-0612.fits
7283/spec-7283-57063-0613.fits
7283/spec-7283-57063-0614.fits
7283/spec-7283-57063-0615.fits
7283/spec-7283-57063-0616.fits
7283/spec-7283-57063-0617.fits
7283/spec-7283-57063-0618.fits
7283/spec-7283-57063-0619.fits
7283/spec-7283-57063-0620.fits
7283/spec-7283-57063-0621.fits
7283/spec-7283-57063-0622.fits
7283/spec-7283-57063-0623.fits
7283/spec-7283-57063-0624.fits
7283/spec-7283-57063-0625.fits
7283/spec-7283-57063-0626.fits
7283/spec-7283-57063-0627.fits
7283/spec-7283-57063-0628.fits
7283/spec-7283-57063-0629.fits
7283/spec-7283-57063-0630.fits
7283/spec-7283-57063-0631.fits
7283/spec-7283-57063-0632.fits
7283/spec-7283-57063-0633.fits
7283/spec-7283-57063-0634.fits
7283/spec-7283-57063-0635.fits
7283/spec-7283-57063-0636.fits
7283/spec-7283-57063-0637.fits
7283/spec-7283-57063-0638.fits
7283/spec-7283-57063-0639.fits
7283/spec-7283-57063-0640.fits
7283/spec-7283-57063-0641.fits
7283/spec-7283-57063-0642.fits
7283/spec-7283-57063-0643.fits
7283/spec-7283-57063-0644.fits
7283/spec-7283-57063-0645.fits
7283/spec-7283-57063-0646.fits
7283/spec-7283-57063-0647.fits
7283/spec-7283-57063-0648.fits
7283/spec-7283-57063-0649.fits
7283/spec-7283-57063-0650.fits
7283/spec-7283-57063-0651.fits
7283/spec-7283-57063-0652.fits
7283/spec-7283-57063-0653.fits
7283/spec-7283-57063-0654.fits
7283/spec-7283-57063-0655.fits
7283/spec-7283-57063-0656.fits
7283/spec-7283-57063-0657.fits
7283/spec-7283-57063-0658.fits
7283/spec-7283-57063-0659.fits
7283/spec-7283-57063-0660.fits
7283/spec-7283-57063-0661.fits
7283/spec-7283-57063-0662.fits
7283/spec-7283-57063-0663.fits
7283/spec-7283-57063-0664.fits
7283/spec-7283-57063-0665.fits
7283/spec-7283-57063-0666.fits
7283/spec-7283-57063-0667.fits
7283/spec-7283-57063-0668.fits
7283/spec-7283-57063-0669.fits
7283/spec-7283-57063-0670.fits
7283/spec-7283-57063-0671.fits
7283/spec-7283-57063-0672.fits
7283/spec-7283-57063-0673.fits
7283/spec-7283-57063-0674.fits
7283/spec-7283-57063-0675.fits
7283/spec-7283-57063-0676.fits
7283/spec-7283-57063-0677.fits
7283/spec-7283-57063-0678.fits
7283/spec-7283-57063-0679.fits
7283/spec-7283-57063-0680.fits
7283/spec-7283-57063-0681.fits
7283/spec-7283-57063-0682.fits
7283/spec-7283-57063-0683.fits
7283/spec-7283-57063-0684.fits
7283/spec-7283-57063-0685.fits
7283/spec-7283-57063-0686.fits
7283/spec-7283-57063-0687.fits
7283/spec-7283-57063-0688.fits
7283/spec-7283-57063-0689.fits
7283/spec-7283-57063-0690.fits
7283/spec-7283-57063-0691.fits
7283/spec-7283-57063-0692.fits
7283/spec-7283-57063-0693.fits
7283/spec-7283-57063-0694.fits
7283/spec-7283-57063-0695.fits
7283/spec-7283-57063-0696.fits
7283/spec-7283-57063-0697.fits
7283/spec-7283-57063-0698.fits
7283/spec-7283-57063-0699.fits
7283/spec-7283-57063-0700.fits
7283/spec-7283-57063-0701.fits
7283/spec-7283-57063-0702.fits
7283/spec-7283-57063-0703.fits
7283/spec-7283-57063-0704.fits
7283/spec-7283-57063-0705.fits
7283/spec-7283-57063-0706.fits
7283/spec-7283-57063-0707.fits
7283/spec-7283-57063-0708.fits
7283/spec-7283-57063-0709.fits
7283/spec-7283-57063-0710.fits
7283/spec-7283-57063-0711.fits
7283/spec-7283-57063-0712.fits
7283/spec-7283-57063-0713.fits
7283/spec-7283-57063-0714.fits
7283/spec-7283-57063-0715.fits
7283/spec-7283-57063-0716.fits
7283/spec-7283-57063-0717.fits
7283/spec-7283-57063-0718.fits
7283/spec-7283-57063-0719.fits
7283/spec-7283-57063-0720.fits
7283/spec-7283-57063-0721.fits
7283/spec-7283-57063-0722.fits
7283/spec-7283-57063-0723.fits
7283/spec-7283-57063-0724.fits
7283/spec-7283-57063-0725.fits
7283/spec-7283-57063-0726.fits
7283/spec-7283-57063-0727.fits
7283/spec-7283-57063-0728.fits
7283/spec-7283-57063-0729.fits
7283/spec-7283-57063-0730.fits
7283/spec-7283-57063-0731.fits
7283/spec-7283-57063-0732.fits
7283/spec-7283-57063-0733.fits
7283/spec-7283-57063-0734.fits
7283/spec-7283-57063-0735.fits
7283/spec-7283-57063-0736.fits
7283/spec-7283-57063-0737.fits
7283/spec-7283-57063-0738.fits
7283/spec-7283-57063-0739.fits
7283/spec-7283-57063-0740.fits
7283/spec-7283-57063-0741.fits
7283/spec-7283-57063-0742.fits
7283/spec-7283-57063-0743.fits
7283/spec-7283-57063-0744.fits
7283/spec-7283-57063-0745.fits
7283/spec-7283-57063-0746.fits
7283/spec-7283-57063-0747.fits
7283/spec-7283-57063-0748.fits
7283/spec-7283-57063-0749.fits
7283/spec-7283-57063-0750.fits
7283/spec-7283-57063-0751.fits
7283/spec-7283-57063-0752.fits
7283/spec-7283-57063-0753.fits
7283/spec-7283-57063-0754.fits
7283/spec-7283-57063-0755.fits
7283/spec-7283-57063-0756.fits
7283/spec-7283-57063-0757.fits
7283/spec-7283-57063-0758.fits
7283/spec-7283-57063-0759.fits
7283/spec-7283-57063-0760.fits
7283/spec-7283-57063-0761.fits
7283/spec-7283-57063-0762.fits
7283/spec-7283-57063-0763.fits
7283/spec-7283-57063-0764.fits
7283/spec-7283-57063-0765.fits
7283/spec-7283-57063-0766.fits
7283/spec-7283-57063-0767.fits
7283/spec-7283-57063-0768.fits
7283/spec-7283-57063-0769.fits
7283/spec-7283-57063-0770.fits
7283/spec-7283-57063-0771.fits
7283/spec-7283-57063-0772.fits
7283/spec-7283-57063-0773.fits
7283/spec-7283-57063-0774.fits
7283/spec-7283-57063-0775.fits
7283/spec-7283-57063-0776.fits
7283/spec-7283-57063-0777.fits
7283/spec-7283-57063-0778.fits
7283/spec-7283-57063-0779.fits
7283/spec-7283-57063-0780.fits
7283/spec-7283-57063-0781.fits
7283/spec-7283-57063-0782.fits
7283/spec-7283-57063-0783.fits
7283/spec-7283-57063-0784.fits
7283/spec-7283-57063-0785.fits
7283/spec-7283-57063-0786.fits
7283/spec-7283-57063-0787.fits
7283/spec-7283-57063-0788.fits
7283/spec-7283-57063-0789.fits
7283/spec-7283-57063-0790.fits
7283/spec-7283-57063-0791.fits
7283/spec-7283-57063-0792.fits
7283/spec-7283-57063-0793.fits
7283/spec-7283-57063-0794.fits
7283/spec-7283-57063-0795.fits
7283/spec-7283-57063-0796.fits
7283/spec-7283-57063-0797.fits
7283/spec-7283-57063-0798.fits
7283/spec-7283-57063-0799.fits
7283/spec-7283-57063-0800.fits
7283/spec-7283-57063-0801.fits
7283/spec-7283-57063-0802.fits
7283/spec-7283-57063-0803.fits
7283/spec-7283-57063-0804.fits
7283/spec-7283-57063-0805.fits
7283/spec-7283-57063-0806.fits
7283/spec-7283-57063-0807.fits
7283/spec-7283-57063-0808.fits
7283/spec-7283-57063-0809.fits
7283/spec-7283-57063-0810.fits
7283/spec-7283-57063-0811.fits
7283/spec-7283-57063-0812.fits
7283/spec-7283-57063-0813.fits
7283/spec-7283-57063-0814.fits
7283/spec-7283-57063-0815.fits
7283/spec-7283-57063-0816.fits
7283/spec-7283-57063-0817.fits
7283/spec-7283-57063-0818.fits
7283/spec-7283-57063-0819.fits
7283/spec-7283-57063-0820.fits
7283/spec-7283-57063-0821.fits
7283/spec-7283-57063-0822.fits
7283/spec-7283-57063-0823.fits
7283/spec-7283-57063-0824.fits
7283/spec-7283-57063-0825.fits
7283/spec-7283-57063-0826.fits
7283/spec-7283-57063-0827.fits
7283/spec-7283-57063-0828.fits
7283/spec-7283-57063-0829.fits
7283/spec-7283-57063-0830.fits
7283/spec-7283-57063-0831.fits
7283/spec-7283-57063-0832.fits
7283/spec-7283-57063-0833.fits
7283/spec-7283-57063-0834.fits
7283/spec-7283-57063-0835.fits
7283/spec-7283-57063-0836.fits
7283/spec-7283-57063-0837.fits
7283/spec-7283-57063-0838.fits
7283/spec-7283-57063-0839.fits
7283/spec-7283-57063-0840.fits
7283/spec-7283-57063-0841.fits
7283/spec-7283-57063-0842.fits
7283/spec-7283-57063-0843.fits
7283/spec-7283-57063-0844.fits
7283/spec-7283-57063-0845.fits
7283/spec-7283-57063-0846.fits
7283/spec-7283-57063-0847.fits
7283/spec-7283-57063-0848.fits
7283/spec-7283-57063-0849.fits
7283/spec-7283-57063-0850.fits
7283/spec-7283-57063-0851.fits
7283/spec-7283-57063-0852.fits
7283/spec-7283-57063-0853.fits
7283/spec-7283-57063-0854.fits
7283/spec-7283-57063-0855.fits
7283/spec-7283-57063-0856.fits
7283/spec-7283-57063-0857.fits
7283/spec-7283-57063-0858.fits
7283/spec-7283-57063-0859.fits
7283/spec-7283-57063-0860.fits
7283/spec-7283-57063-0861.fits
7283/spec-7283-57063-0862.fits
7283/spec-7283-57063-0863.fits
7283/spec-7283-57063-0864.fits
7283/spec-7283-57063-0865.fits
7283/spec-7283-57063-0866.fits
7283/spec-7283-57063-0867.fits
7283/spec-7283-57063-0868.fits
7283/spec-7283-57063-0869.fits
7283/spec-7283-57063-0870.fits
7283/spec-7283-57063-0871.fits
7283/spec-7283-57063-0872.fits
7283/spec-7283-57063-0873.fits
7283/spec-7283-57063-0874.fits
7283/spec-7283-57063-0875.fits
7283/spec-7283-57063-0876.fits
7283/spec-7283-57063-0877.fits
7283/spec-7283-57063-0878.fits
7283/spec-7283-57063-0879.fits
7283/spec-7283-57063-0880.fits
7283/spec-7283-57063-0881.fits
7283/spec-7283-57063-0882.fits
7283/spec-7283-57063-0883.fits
7283/spec-7283-57063-0884.fits
7283/spec-7283-57063-0885.fits
7283/spec-7283-57063-0886.fits
7283/spec-7283-57063-0887.fits
7283/spec-7283-57063-0888.fits
7283/spec-7283-57063-0889.fits
7283/spec-7283-57063-0890.fits
7283/spec-7283-57063-0891.fits
7283/spec-7283-57063-0892.fits
7283/spec-7283-57063-0893.fits
7283/spec-7283-57063-0894.fits
7283/spec-7283-57063-0895.fits
7283/spec-7283-57063-0896.fits
7283/spec-7283-57063-0897.fits
7283/spec-7283-57063-0898.fits
7283/spec-7283-57063-0899.fits
7283/spec-7283-57063-0900.fits
7283/spec-7283-57063-0901.fits
7283/spec-7283-57063-0902.fits
7283/spec-7283-57063-0903.fits
7283/spec-7283-57063-0904.fits
7283/spec-7283-57063-0905.fits
7283/spec-7283-57063-0906.fits
7283/spec-7283-57063-0907.fits
7283/spec-7283-57063-0908.fits
7283/spec-7283-57063-0909.fits
7283/spec-7283-57063-0910.fits
7283/spec-7283-57063-0911.fits
7283/spec-7283-57063-0912.fits
7283/spec-7283-57063-0913.fits
7283/spec-7283-57063-0914.fits
7283/spec-7283-57063-0915.fits
7283/spec-7283-57063-0916.fits
7283/spec-7283-57063-0917.fits
7283/spec-7283-57063-0918.fits
7283/spec-7283-57063-0919.fits
7283/spec-7283-57063-0920.fits
7283/spec-7283-57063-0921.fits
7283/spec-7283-57063-0922.fits
7283/spec-7283-57063-0923.fits
7283/spec-7283-57063-0924.fits
7283/spec-7283-57063-0925.fits
7283/spec-7283-57063-0926.fits
7283/spec-7283-57063-0927.fits
7283/spec-7283-57063-0928.fits
7283/spec-7283-57063-0929.fits
7283/spec-7283-57063-0930.fits
7283/spec-7283-57063-0931.fits
7283/spec-7283-57063-0932.fits
7283/spec-7283-57063-0933.fits
7283/spec-7283-57063-0934.fits
7283/spec-7283-57063-0935.fits
7283/spec-7283-57063-0936.fits
7283/spec-7283-57063-0937.fits
7283/spec-7283-57063-0938.fits
7283/spec-7283-57063-0939.fits
7283/spec-7283-57063-0940.fits
7283/spec-7283-57063-0941.fits
7283/spec-7283-57063-0942.fits
7283/spec-7283-57063-0943.fits
7283/spec-7283-57063-0944.fits
7283/spec-7283-57063-0945.fits
7283/spec-7283-57063-0946.fits
7283/spec-7283-57063-0947.fits
7283/spec-7283-57063-0948.fits
7283/spec-7283-57063-0949.fits
7283/spec-7283-57063-0950.fits
7283/spec-7283-57063-0951.fits
7283/spec-7283-57063-0952.fits
7283/spec-7283-57063-0953.fits
7283/spec-7283-57063-0954.fits
7283/spec-7283-57063-0955.fits
7283/spec-7283-57063-0956.fits
7283/spec-7283-57063-0957.fits
7283/spec-7283-57063-0958.fits
7283/spec-7283-57063-0959.fits
7283/spec-7283-57063-0960.fits
7283/spec-7283-57063-0961.fits
7283/spec-7283-57063-0962.fits
7283/spec-7283-57063-0963.fits
7283/spec-7283-57063-0964.fits
7283/spec-7283-57063-0965.fits
7283/spec-7283-57063-0966.fits
7283/spec-7283-57063-0967.fits
7283/spec-7283-57063-0968.fits
7283/spec-7283-57063-0969.fits
7283/spec-7283-57063-0970.fits
7283/spec-7283-57063-0971.fits
7283/spec-7283-57063-0972.fits
7283/spec-7283-57063-0973.fits
7283/spec-7283-57063-0974.fits
7283/spec-7283-57063-0975.fits
7283/spec-7283-57063-0976.fits
7283/spec-7283-57063-0977.fits
7283/spec-7283-57063-0978.fits
7283/spec-7283-57063-0979.fits
7283/spec-7283-57063-0980.fits
7283/spec-7283-57063-0981.fits
7283/spec-7283-57063-0982.fits
7283/spec-7283-57063-0983.fits
7283/spec-7283-57063-0984.fits
7283/spec-7283-57063-0985.fits
7283/spec-7283-57063-0986.fits
7283/spec-7283-57063-0987.fits
7283/spec-7283-57063-0988.fits
7283/spec-7283-57063-0989.fits
7283/spec-7283-57063-0990.fits
7283/spec-7283-57063-0991.fits
7283/spec-7283-57063-0992.fits
7283/spec-7283-57063-0993.fits
7283/spec-7283-57063-0994.fits
7283/spec-7283-57063-0995.fits
7283/spec-7283-57063-0996.fits
7283/spec-7283-57063-0997.fits
7283/spec-7283-57063-0998.fits
7283/spec-7283-57063-0999.fits
7283/spec-7283-57063-1000.fits
/var/lib/condor/execute/slot1/dir_1974
7283 7283.tgz R R361.tar.gz _condor_stderr _condor_stdout cB58_Lyman_break.fit condor_exec.exe hw4.R packages packages.tar.gz tmp var
[1] "Loaded package astro."
[1] 1000
7283 7283.csv 7283.tgz R R361.tar.gz _condor_stderr _condor_stdout cB58_Lyman_break.fit condor_exec.exe hw4.R packages packages.tar.gz tmp var
