7310
7310/
7310/spec-7310-56693-0001.fits
7310/spec-7310-56693-0002.fits
7310/spec-7310-56693-0003.fits
7310/spec-7310-56693-0004.fits
7310/spec-7310-56693-0005.fits
7310/spec-7310-56693-0006.fits
7310/spec-7310-56693-0007.fits
7310/spec-7310-56693-0008.fits
7310/spec-7310-56693-0009.fits
7310/spec-7310-56693-0010.fits
7310/spec-7310-56693-0011.fits
7310/spec-7310-56693-0012.fits
7310/spec-7310-56693-0013.fits
7310/spec-7310-56693-0014.fits
7310/spec-7310-56693-0015.fits
7310/spec-7310-56693-0016.fits
7310/spec-7310-56693-0017.fits
7310/spec-7310-56693-0018.fits
7310/spec-7310-56693-0019.fits
7310/spec-7310-56693-0020.fits
7310/spec-7310-56693-0021.fits
7310/spec-7310-56693-0022.fits
7310/spec-7310-56693-0023.fits
7310/spec-7310-56693-0024.fits
7310/spec-7310-56693-0025.fits
7310/spec-7310-56693-0026.fits
7310/spec-7310-56693-0027.fits
7310/spec-7310-56693-0028.fits
7310/spec-7310-56693-0029.fits
7310/spec-7310-56693-0030.fits
7310/spec-7310-56693-0031.fits
7310/spec-7310-56693-0032.fits
7310/spec-7310-56693-0033.fits
7310/spec-7310-56693-0034.fits
7310/spec-7310-56693-0035.fits
7310/spec-7310-56693-0036.fits
7310/spec-7310-56693-0037.fits
7310/spec-7310-56693-0038.fits
7310/spec-7310-56693-0039.fits
7310/spec-7310-56693-0040.fits
7310/spec-7310-56693-0041.fits
7310/spec-7310-56693-0042.fits
7310/spec-7310-56693-0043.fits
7310/spec-7310-56693-0044.fits
7310/spec-7310-56693-0045.fits
7310/spec-7310-56693-0046.fits
7310/spec-7310-56693-0047.fits
7310/spec-7310-56693-0048.fits
7310/spec-7310-56693-0049.fits
7310/spec-7310-56693-0050.fits
7310/spec-7310-56693-0051.fits
7310/spec-7310-56693-0052.fits
7310/spec-7310-56693-0053.fits
7310/spec-7310-56693-0054.fits
7310/spec-7310-56693-0055.fits
7310/spec-7310-56693-0056.fits
7310/spec-7310-56693-0057.fits
7310/spec-7310-56693-0058.fits
7310/spec-7310-56693-0059.fits
7310/spec-7310-56693-0060.fits
7310/spec-7310-56693-0061.fits
7310/spec-7310-56693-0062.fits
7310/spec-7310-56693-0063.fits
7310/spec-7310-56693-0064.fits
7310/spec-7310-56693-0065.fits
7310/spec-7310-56693-0066.fits
7310/spec-7310-56693-0067.fits
7310/spec-7310-56693-0068.fits
7310/spec-7310-56693-0069.fits
7310/spec-7310-56693-0070.fits
7310/spec-7310-56693-0071.fits
7310/spec-7310-56693-0072.fits
7310/spec-7310-56693-0073.fits
7310/spec-7310-56693-0074.fits
7310/spec-7310-56693-0075.fits
7310/spec-7310-56693-0076.fits
7310/spec-7310-56693-0077.fits
7310/spec-7310-56693-0078.fits
7310/spec-7310-56693-0079.fits
7310/spec-7310-56693-0080.fits
7310/spec-7310-56693-0081.fits
7310/spec-7310-56693-0082.fits
7310/spec-7310-56693-0083.fits
7310/spec-7310-56693-0084.fits
7310/spec-7310-56693-0085.fits
7310/spec-7310-56693-0086.fits
7310/spec-7310-56693-0087.fits
7310/spec-7310-56693-0088.fits
7310/spec-7310-56693-0089.fits
7310/spec-7310-56693-0090.fits
7310/spec-7310-56693-0091.fits
7310/spec-7310-56693-0092.fits
7310/spec-7310-56693-0093.fits
7310/spec-7310-56693-0094.fits
7310/spec-7310-56693-0095.fits
7310/spec-7310-56693-0096.fits
7310/spec-7310-56693-0097.fits
7310/spec-7310-56693-0098.fits
7310/spec-7310-56693-0099.fits
7310/spec-7310-56693-0100.fits
7310/spec-7310-56693-0101.fits
7310/spec-7310-56693-0102.fits
7310/spec-7310-56693-0103.fits
7310/spec-7310-56693-0104.fits
7310/spec-7310-56693-0105.fits
7310/spec-7310-56693-0106.fits
7310/spec-7310-56693-0107.fits
7310/spec-7310-56693-0108.fits
7310/spec-7310-56693-0109.fits
7310/spec-7310-56693-0110.fits
7310/spec-7310-56693-0111.fits
7310/spec-7310-56693-0112.fits
7310/spec-7310-56693-0113.fits
7310/spec-7310-56693-0114.fits
7310/spec-7310-56693-0115.fits
7310/spec-7310-56693-0116.fits
7310/spec-7310-56693-0117.fits
7310/spec-7310-56693-0118.fits
7310/spec-7310-56693-0119.fits
7310/spec-7310-56693-0120.fits
7310/spec-7310-56693-0121.fits
7310/spec-7310-56693-0122.fits
7310/spec-7310-56693-0123.fits
7310/spec-7310-56693-0124.fits
7310/spec-7310-56693-0125.fits
7310/spec-7310-56693-0126.fits
7310/spec-7310-56693-0127.fits
7310/spec-7310-56693-0128.fits
7310/spec-7310-56693-0129.fits
7310/spec-7310-56693-0130.fits
7310/spec-7310-56693-0131.fits
7310/spec-7310-56693-0132.fits
7310/spec-7310-56693-0133.fits
7310/spec-7310-56693-0134.fits
7310/spec-7310-56693-0135.fits
7310/spec-7310-56693-0136.fits
7310/spec-7310-56693-0137.fits
7310/spec-7310-56693-0138.fits
7310/spec-7310-56693-0139.fits
7310/spec-7310-56693-0140.fits
7310/spec-7310-56693-0141.fits
7310/spec-7310-56693-0142.fits
7310/spec-7310-56693-0143.fits
7310/spec-7310-56693-0144.fits
7310/spec-7310-56693-0145.fits
7310/spec-7310-56693-0146.fits
7310/spec-7310-56693-0147.fits
7310/spec-7310-56693-0148.fits
7310/spec-7310-56693-0149.fits
7310/spec-7310-56693-0150.fits
7310/spec-7310-56693-0151.fits
7310/spec-7310-56693-0152.fits
7310/spec-7310-56693-0153.fits
7310/spec-7310-56693-0154.fits
7310/spec-7310-56693-0155.fits
7310/spec-7310-56693-0156.fits
7310/spec-7310-56693-0157.fits
7310/spec-7310-56693-0158.fits
7310/spec-7310-56693-0159.fits
7310/spec-7310-56693-0160.fits
7310/spec-7310-56693-0161.fits
7310/spec-7310-56693-0162.fits
7310/spec-7310-56693-0163.fits
7310/spec-7310-56693-0164.fits
7310/spec-7310-56693-0165.fits
7310/spec-7310-56693-0166.fits
7310/spec-7310-56693-0167.fits
7310/spec-7310-56693-0168.fits
7310/spec-7310-56693-0169.fits
7310/spec-7310-56693-0170.fits
7310/spec-7310-56693-0171.fits
7310/spec-7310-56693-0172.fits
7310/spec-7310-56693-0173.fits
7310/spec-7310-56693-0174.fits
7310/spec-7310-56693-0175.fits
7310/spec-7310-56693-0176.fits
7310/spec-7310-56693-0177.fits
7310/spec-7310-56693-0178.fits
7310/spec-7310-56693-0179.fits
7310/spec-7310-56693-0180.fits
7310/spec-7310-56693-0181.fits
7310/spec-7310-56693-0182.fits
7310/spec-7310-56693-0183.fits
7310/spec-7310-56693-0184.fits
7310/spec-7310-56693-0185.fits
7310/spec-7310-56693-0186.fits
7310/spec-7310-56693-0187.fits
7310/spec-7310-56693-0188.fits
7310/spec-7310-56693-0189.fits
7310/spec-7310-56693-0190.fits
7310/spec-7310-56693-0191.fits
7310/spec-7310-56693-0192.fits
7310/spec-7310-56693-0193.fits
7310/spec-7310-56693-0194.fits
7310/spec-7310-56693-0195.fits
7310/spec-7310-56693-0196.fits
7310/spec-7310-56693-0197.fits
7310/spec-7310-56693-0198.fits
7310/spec-7310-56693-0199.fits
7310/spec-7310-56693-0200.fits
7310/spec-7310-56693-0201.fits
7310/spec-7310-56693-0202.fits
7310/spec-7310-56693-0203.fits
7310/spec-7310-56693-0204.fits
7310/spec-7310-56693-0205.fits
7310/spec-7310-56693-0206.fits
7310/spec-7310-56693-0207.fits
7310/spec-7310-56693-0208.fits
7310/spec-7310-56693-0209.fits
7310/spec-7310-56693-0210.fits
7310/spec-7310-56693-0211.fits
7310/spec-7310-56693-0212.fits
7310/spec-7310-56693-0213.fits
7310/spec-7310-56693-0214.fits
7310/spec-7310-56693-0215.fits
7310/spec-7310-56693-0216.fits
7310/spec-7310-56693-0217.fits
7310/spec-7310-56693-0218.fits
7310/spec-7310-56693-0219.fits
7310/spec-7310-56693-0220.fits
7310/spec-7310-56693-0221.fits
7310/spec-7310-56693-0222.fits
7310/spec-7310-56693-0223.fits
7310/spec-7310-56693-0224.fits
7310/spec-7310-56693-0225.fits
7310/spec-7310-56693-0226.fits
7310/spec-7310-56693-0227.fits
7310/spec-7310-56693-0228.fits
7310/spec-7310-56693-0229.fits
7310/spec-7310-56693-0230.fits
7310/spec-7310-56693-0231.fits
7310/spec-7310-56693-0232.fits
7310/spec-7310-56693-0233.fits
7310/spec-7310-56693-0234.fits
7310/spec-7310-56693-0235.fits
7310/spec-7310-56693-0236.fits
7310/spec-7310-56693-0237.fits
7310/spec-7310-56693-0238.fits
7310/spec-7310-56693-0239.fits
7310/spec-7310-56693-0240.fits
7310/spec-7310-56693-0241.fits
7310/spec-7310-56693-0242.fits
7310/spec-7310-56693-0243.fits
7310/spec-7310-56693-0244.fits
7310/spec-7310-56693-0245.fits
7310/spec-7310-56693-0246.fits
7310/spec-7310-56693-0247.fits
7310/spec-7310-56693-0248.fits
7310/spec-7310-56693-0249.fits
7310/spec-7310-56693-0250.fits
7310/spec-7310-56693-0251.fits
7310/spec-7310-56693-0252.fits
7310/spec-7310-56693-0253.fits
7310/spec-7310-56693-0254.fits
7310/spec-7310-56693-0255.fits
7310/spec-7310-56693-0256.fits
7310/spec-7310-56693-0257.fits
7310/spec-7310-56693-0258.fits
7310/spec-7310-56693-0259.fits
7310/spec-7310-56693-0260.fits
7310/spec-7310-56693-0261.fits
7310/spec-7310-56693-0262.fits
7310/spec-7310-56693-0263.fits
7310/spec-7310-56693-0264.fits
7310/spec-7310-56693-0265.fits
7310/spec-7310-56693-0266.fits
7310/spec-7310-56693-0267.fits
7310/spec-7310-56693-0268.fits
7310/spec-7310-56693-0269.fits
7310/spec-7310-56693-0270.fits
7310/spec-7310-56693-0271.fits
7310/spec-7310-56693-0272.fits
7310/spec-7310-56693-0273.fits
7310/spec-7310-56693-0274.fits
7310/spec-7310-56693-0275.fits
7310/spec-7310-56693-0276.fits
7310/spec-7310-56693-0277.fits
7310/spec-7310-56693-0278.fits
7310/spec-7310-56693-0279.fits
7310/spec-7310-56693-0280.fits
7310/spec-7310-56693-0281.fits
7310/spec-7310-56693-0282.fits
7310/spec-7310-56693-0283.fits
7310/spec-7310-56693-0284.fits
7310/spec-7310-56693-0285.fits
7310/spec-7310-56693-0286.fits
7310/spec-7310-56693-0287.fits
7310/spec-7310-56693-0288.fits
7310/spec-7310-56693-0289.fits
7310/spec-7310-56693-0290.fits
7310/spec-7310-56693-0291.fits
7310/spec-7310-56693-0292.fits
7310/spec-7310-56693-0293.fits
7310/spec-7310-56693-0294.fits
7310/spec-7310-56693-0295.fits
7310/spec-7310-56693-0296.fits
7310/spec-7310-56693-0297.fits
7310/spec-7310-56693-0298.fits
7310/spec-7310-56693-0299.fits
7310/spec-7310-56693-0300.fits
7310/spec-7310-56693-0301.fits
7310/spec-7310-56693-0302.fits
7310/spec-7310-56693-0303.fits
7310/spec-7310-56693-0304.fits
7310/spec-7310-56693-0305.fits
7310/spec-7310-56693-0306.fits
7310/spec-7310-56693-0307.fits
7310/spec-7310-56693-0308.fits
7310/spec-7310-56693-0309.fits
7310/spec-7310-56693-0310.fits
7310/spec-7310-56693-0311.fits
7310/spec-7310-56693-0312.fits
7310/spec-7310-56693-0313.fits
7310/spec-7310-56693-0314.fits
7310/spec-7310-56693-0315.fits
7310/spec-7310-56693-0316.fits
7310/spec-7310-56693-0317.fits
7310/spec-7310-56693-0318.fits
7310/spec-7310-56693-0319.fits
7310/spec-7310-56693-0320.fits
7310/spec-7310-56693-0321.fits
7310/spec-7310-56693-0322.fits
7310/spec-7310-56693-0323.fits
7310/spec-7310-56693-0324.fits
7310/spec-7310-56693-0325.fits
7310/spec-7310-56693-0326.fits
7310/spec-7310-56693-0327.fits
7310/spec-7310-56693-0328.fits
7310/spec-7310-56693-0329.fits
7310/spec-7310-56693-0330.fits
7310/spec-7310-56693-0331.fits
7310/spec-7310-56693-0332.fits
7310/spec-7310-56693-0333.fits
7310/spec-7310-56693-0334.fits
7310/spec-7310-56693-0335.fits
7310/spec-7310-56693-0336.fits
7310/spec-7310-56693-0337.fits
7310/spec-7310-56693-0338.fits
7310/spec-7310-56693-0339.fits
7310/spec-7310-56693-0340.fits
7310/spec-7310-56693-0341.fits
7310/spec-7310-56693-0342.fits
7310/spec-7310-56693-0343.fits
7310/spec-7310-56693-0344.fits
7310/spec-7310-56693-0345.fits
7310/spec-7310-56693-0346.fits
7310/spec-7310-56693-0347.fits
7310/spec-7310-56693-0348.fits
7310/spec-7310-56693-0349.fits
7310/spec-7310-56693-0350.fits
7310/spec-7310-56693-0351.fits
7310/spec-7310-56693-0352.fits
7310/spec-7310-56693-0353.fits
7310/spec-7310-56693-0354.fits
7310/spec-7310-56693-0355.fits
7310/spec-7310-56693-0356.fits
7310/spec-7310-56693-0357.fits
7310/spec-7310-56693-0358.fits
7310/spec-7310-56693-0359.fits
7310/spec-7310-56693-0360.fits
7310/spec-7310-56693-0361.fits
7310/spec-7310-56693-0362.fits
7310/spec-7310-56693-0363.fits
7310/spec-7310-56693-0364.fits
7310/spec-7310-56693-0365.fits
7310/spec-7310-56693-0366.fits
7310/spec-7310-56693-0367.fits
7310/spec-7310-56693-0368.fits
7310/spec-7310-56693-0369.fits
7310/spec-7310-56693-0370.fits
7310/spec-7310-56693-0371.fits
7310/spec-7310-56693-0372.fits
7310/spec-7310-56693-0373.fits
7310/spec-7310-56693-0374.fits
7310/spec-7310-56693-0375.fits
7310/spec-7310-56693-0376.fits
7310/spec-7310-56693-0377.fits
7310/spec-7310-56693-0378.fits
7310/spec-7310-56693-0379.fits
7310/spec-7310-56693-0380.fits
7310/spec-7310-56693-0381.fits
7310/spec-7310-56693-0382.fits
7310/spec-7310-56693-0383.fits
7310/spec-7310-56693-0384.fits
7310/spec-7310-56693-0385.fits
7310/spec-7310-56693-0386.fits
7310/spec-7310-56693-0387.fits
7310/spec-7310-56693-0388.fits
7310/spec-7310-56693-0389.fits
7310/spec-7310-56693-0390.fits
7310/spec-7310-56693-0391.fits
7310/spec-7310-56693-0392.fits
7310/spec-7310-56693-0393.fits
7310/spec-7310-56693-0394.fits
7310/spec-7310-56693-0395.fits
7310/spec-7310-56693-0396.fits
7310/spec-7310-56693-0397.fits
7310/spec-7310-56693-0398.fits
7310/spec-7310-56693-0399.fits
7310/spec-7310-56693-0400.fits
7310/spec-7310-56693-0401.fits
7310/spec-7310-56693-0402.fits
7310/spec-7310-56693-0403.fits
7310/spec-7310-56693-0404.fits
7310/spec-7310-56693-0405.fits
7310/spec-7310-56693-0406.fits
7310/spec-7310-56693-0407.fits
7310/spec-7310-56693-0408.fits
7310/spec-7310-56693-0409.fits
7310/spec-7310-56693-0410.fits
7310/spec-7310-56693-0411.fits
7310/spec-7310-56693-0412.fits
7310/spec-7310-56693-0413.fits
7310/spec-7310-56693-0414.fits
7310/spec-7310-56693-0415.fits
7310/spec-7310-56693-0416.fits
7310/spec-7310-56693-0417.fits
7310/spec-7310-56693-0418.fits
7310/spec-7310-56693-0419.fits
7310/spec-7310-56693-0420.fits
7310/spec-7310-56693-0421.fits
7310/spec-7310-56693-0422.fits
7310/spec-7310-56693-0423.fits
7310/spec-7310-56693-0424.fits
7310/spec-7310-56693-0425.fits
7310/spec-7310-56693-0426.fits
7310/spec-7310-56693-0427.fits
7310/spec-7310-56693-0428.fits
7310/spec-7310-56693-0429.fits
7310/spec-7310-56693-0430.fits
7310/spec-7310-56693-0431.fits
7310/spec-7310-56693-0432.fits
7310/spec-7310-56693-0433.fits
7310/spec-7310-56693-0434.fits
7310/spec-7310-56693-0435.fits
7310/spec-7310-56693-0436.fits
7310/spec-7310-56693-0437.fits
7310/spec-7310-56693-0438.fits
7310/spec-7310-56693-0439.fits
7310/spec-7310-56693-0440.fits
7310/spec-7310-56693-0441.fits
7310/spec-7310-56693-0442.fits
7310/spec-7310-56693-0443.fits
7310/spec-7310-56693-0444.fits
7310/spec-7310-56693-0445.fits
7310/spec-7310-56693-0446.fits
7310/spec-7310-56693-0447.fits
7310/spec-7310-56693-0448.fits
7310/spec-7310-56693-0449.fits
7310/spec-7310-56693-0450.fits
7310/spec-7310-56693-0451.fits
7310/spec-7310-56693-0452.fits
7310/spec-7310-56693-0453.fits
7310/spec-7310-56693-0454.fits
7310/spec-7310-56693-0455.fits
7310/spec-7310-56693-0456.fits
7310/spec-7310-56693-0457.fits
7310/spec-7310-56693-0458.fits
7310/spec-7310-56693-0459.fits
7310/spec-7310-56693-0460.fits
7310/spec-7310-56693-0461.fits
7310/spec-7310-56693-0462.fits
7310/spec-7310-56693-0463.fits
7310/spec-7310-56693-0464.fits
7310/spec-7310-56693-0465.fits
7310/spec-7310-56693-0466.fits
7310/spec-7310-56693-0467.fits
7310/spec-7310-56693-0468.fits
7310/spec-7310-56693-0469.fits
7310/spec-7310-56693-0470.fits
7310/spec-7310-56693-0471.fits
7310/spec-7310-56693-0472.fits
7310/spec-7310-56693-0473.fits
7310/spec-7310-56693-0474.fits
7310/spec-7310-56693-0475.fits
7310/spec-7310-56693-0476.fits
7310/spec-7310-56693-0477.fits
7310/spec-7310-56693-0478.fits
7310/spec-7310-56693-0479.fits
7310/spec-7310-56693-0480.fits
7310/spec-7310-56693-0481.fits
7310/spec-7310-56693-0482.fits
7310/spec-7310-56693-0483.fits
7310/spec-7310-56693-0484.fits
7310/spec-7310-56693-0485.fits
7310/spec-7310-56693-0486.fits
7310/spec-7310-56693-0487.fits
7310/spec-7310-56693-0488.fits
7310/spec-7310-56693-0489.fits
7310/spec-7310-56693-0490.fits
7310/spec-7310-56693-0491.fits
7310/spec-7310-56693-0492.fits
7310/spec-7310-56693-0493.fits
7310/spec-7310-56693-0494.fits
7310/spec-7310-56693-0495.fits
7310/spec-7310-56693-0496.fits
7310/spec-7310-56693-0497.fits
7310/spec-7310-56693-0498.fits
7310/spec-7310-56693-0499.fits
7310/spec-7310-56693-0500.fits
7310/spec-7310-56693-0501.fits
7310/spec-7310-56693-0502.fits
7310/spec-7310-56693-0503.fits
7310/spec-7310-56693-0504.fits
7310/spec-7310-56693-0505.fits
7310/spec-7310-56693-0506.fits
7310/spec-7310-56693-0507.fits
7310/spec-7310-56693-0508.fits
7310/spec-7310-56693-0509.fits
7310/spec-7310-56693-0510.fits
7310/spec-7310-56693-0511.fits
7310/spec-7310-56693-0512.fits
7310/spec-7310-56693-0513.fits
7310/spec-7310-56693-0514.fits
7310/spec-7310-56693-0515.fits
7310/spec-7310-56693-0516.fits
7310/spec-7310-56693-0517.fits
7310/spec-7310-56693-0518.fits
7310/spec-7310-56693-0519.fits
7310/spec-7310-56693-0520.fits
7310/spec-7310-56693-0521.fits
7310/spec-7310-56693-0522.fits
7310/spec-7310-56693-0523.fits
7310/spec-7310-56693-0524.fits
7310/spec-7310-56693-0525.fits
7310/spec-7310-56693-0526.fits
7310/spec-7310-56693-0527.fits
7310/spec-7310-56693-0528.fits
7310/spec-7310-56693-0529.fits
7310/spec-7310-56693-0530.fits
7310/spec-7310-56693-0531.fits
7310/spec-7310-56693-0532.fits
7310/spec-7310-56693-0533.fits
7310/spec-7310-56693-0534.fits
7310/spec-7310-56693-0535.fits
7310/spec-7310-56693-0536.fits
7310/spec-7310-56693-0537.fits
7310/spec-7310-56693-0538.fits
7310/spec-7310-56693-0539.fits
7310/spec-7310-56693-0540.fits
7310/spec-7310-56693-0541.fits
7310/spec-7310-56693-0542.fits
7310/spec-7310-56693-0543.fits
7310/spec-7310-56693-0544.fits
7310/spec-7310-56693-0545.fits
7310/spec-7310-56693-0546.fits
7310/spec-7310-56693-0547.fits
7310/spec-7310-56693-0548.fits
7310/spec-7310-56693-0549.fits
7310/spec-7310-56693-0550.fits
7310/spec-7310-56693-0551.fits
7310/spec-7310-56693-0552.fits
7310/spec-7310-56693-0553.fits
7310/spec-7310-56693-0554.fits
7310/spec-7310-56693-0555.fits
7310/spec-7310-56693-0556.fits
7310/spec-7310-56693-0557.fits
7310/spec-7310-56693-0558.fits
7310/spec-7310-56693-0559.fits
7310/spec-7310-56693-0560.fits
7310/spec-7310-56693-0561.fits
7310/spec-7310-56693-0562.fits
7310/spec-7310-56693-0563.fits
7310/spec-7310-56693-0564.fits
7310/spec-7310-56693-0565.fits
7310/spec-7310-56693-0566.fits
7310/spec-7310-56693-0567.fits
7310/spec-7310-56693-0568.fits
7310/spec-7310-56693-0569.fits
7310/spec-7310-56693-0570.fits
7310/spec-7310-56693-0571.fits
7310/spec-7310-56693-0572.fits
7310/spec-7310-56693-0573.fits
7310/spec-7310-56693-0574.fits
7310/spec-7310-56693-0575.fits
7310/spec-7310-56693-0576.fits
7310/spec-7310-56693-0577.fits
7310/spec-7310-56693-0578.fits
7310/spec-7310-56693-0579.fits
7310/spec-7310-56693-0580.fits
7310/spec-7310-56693-0581.fits
7310/spec-7310-56693-0582.fits
7310/spec-7310-56693-0583.fits
7310/spec-7310-56693-0584.fits
7310/spec-7310-56693-0585.fits
7310/spec-7310-56693-0586.fits
7310/spec-7310-56693-0587.fits
7310/spec-7310-56693-0588.fits
7310/spec-7310-56693-0589.fits
7310/spec-7310-56693-0590.fits
7310/spec-7310-56693-0591.fits
7310/spec-7310-56693-0592.fits
7310/spec-7310-56693-0593.fits
7310/spec-7310-56693-0594.fits
7310/spec-7310-56693-0595.fits
7310/spec-7310-56693-0596.fits
7310/spec-7310-56693-0597.fits
7310/spec-7310-56693-0598.fits
7310/spec-7310-56693-0599.fits
7310/spec-7310-56693-0600.fits
7310/spec-7310-56693-0601.fits
7310/spec-7310-56693-0602.fits
7310/spec-7310-56693-0603.fits
7310/spec-7310-56693-0604.fits
7310/spec-7310-56693-0605.fits
7310/spec-7310-56693-0606.fits
7310/spec-7310-56693-0607.fits
7310/spec-7310-56693-0608.fits
7310/spec-7310-56693-0609.fits
7310/spec-7310-56693-0610.fits
7310/spec-7310-56693-0611.fits
7310/spec-7310-56693-0612.fits
7310/spec-7310-56693-0613.fits
7310/spec-7310-56693-0614.fits
7310/spec-7310-56693-0615.fits
7310/spec-7310-56693-0616.fits
7310/spec-7310-56693-0617.fits
7310/spec-7310-56693-0618.fits
7310/spec-7310-56693-0619.fits
7310/spec-7310-56693-0620.fits
7310/spec-7310-56693-0621.fits
7310/spec-7310-56693-0622.fits
7310/spec-7310-56693-0623.fits
7310/spec-7310-56693-0624.fits
7310/spec-7310-56693-0625.fits
7310/spec-7310-56693-0626.fits
7310/spec-7310-56693-0627.fits
7310/spec-7310-56693-0628.fits
7310/spec-7310-56693-0629.fits
7310/spec-7310-56693-0630.fits
7310/spec-7310-56693-0631.fits
7310/spec-7310-56693-0632.fits
7310/spec-7310-56693-0633.fits
7310/spec-7310-56693-0634.fits
7310/spec-7310-56693-0635.fits
7310/spec-7310-56693-0636.fits
7310/spec-7310-56693-0637.fits
7310/spec-7310-56693-0638.fits
7310/spec-7310-56693-0639.fits
7310/spec-7310-56693-0640.fits
7310/spec-7310-56693-0641.fits
7310/spec-7310-56693-0642.fits
7310/spec-7310-56693-0643.fits
7310/spec-7310-56693-0644.fits
7310/spec-7310-56693-0645.fits
7310/spec-7310-56693-0646.fits
7310/spec-7310-56693-0647.fits
7310/spec-7310-56693-0648.fits
7310/spec-7310-56693-0649.fits
7310/spec-7310-56693-0650.fits
7310/spec-7310-56693-0651.fits
7310/spec-7310-56693-0652.fits
7310/spec-7310-56693-0653.fits
7310/spec-7310-56693-0654.fits
7310/spec-7310-56693-0655.fits
7310/spec-7310-56693-0656.fits
7310/spec-7310-56693-0657.fits
7310/spec-7310-56693-0658.fits
7310/spec-7310-56693-0659.fits
7310/spec-7310-56693-0660.fits
7310/spec-7310-56693-0661.fits
7310/spec-7310-56693-0662.fits
7310/spec-7310-56693-0663.fits
7310/spec-7310-56693-0664.fits
7310/spec-7310-56693-0665.fits
7310/spec-7310-56693-0666.fits
7310/spec-7310-56693-0667.fits
7310/spec-7310-56693-0668.fits
7310/spec-7310-56693-0669.fits
7310/spec-7310-56693-0670.fits
7310/spec-7310-56693-0671.fits
7310/spec-7310-56693-0672.fits
7310/spec-7310-56693-0673.fits
7310/spec-7310-56693-0674.fits
7310/spec-7310-56693-0675.fits
7310/spec-7310-56693-0676.fits
7310/spec-7310-56693-0677.fits
7310/spec-7310-56693-0678.fits
7310/spec-7310-56693-0679.fits
7310/spec-7310-56693-0680.fits
7310/spec-7310-56693-0681.fits
7310/spec-7310-56693-0682.fits
7310/spec-7310-56693-0683.fits
7310/spec-7310-56693-0684.fits
7310/spec-7310-56693-0685.fits
7310/spec-7310-56693-0686.fits
7310/spec-7310-56693-0687.fits
7310/spec-7310-56693-0688.fits
7310/spec-7310-56693-0689.fits
7310/spec-7310-56693-0690.fits
7310/spec-7310-56693-0691.fits
7310/spec-7310-56693-0692.fits
7310/spec-7310-56693-0693.fits
7310/spec-7310-56693-0694.fits
7310/spec-7310-56693-0695.fits
7310/spec-7310-56693-0696.fits
7310/spec-7310-56693-0697.fits
7310/spec-7310-56693-0698.fits
7310/spec-7310-56693-0699.fits
7310/spec-7310-56693-0700.fits
7310/spec-7310-56693-0701.fits
7310/spec-7310-56693-0702.fits
7310/spec-7310-56693-0703.fits
7310/spec-7310-56693-0704.fits
7310/spec-7310-56693-0705.fits
7310/spec-7310-56693-0706.fits
7310/spec-7310-56693-0707.fits
7310/spec-7310-56693-0708.fits
7310/spec-7310-56693-0709.fits
7310/spec-7310-56693-0710.fits
7310/spec-7310-56693-0711.fits
7310/spec-7310-56693-0712.fits
7310/spec-7310-56693-0713.fits
7310/spec-7310-56693-0714.fits
7310/spec-7310-56693-0715.fits
7310/spec-7310-56693-0716.fits
7310/spec-7310-56693-0717.fits
7310/spec-7310-56693-0718.fits
7310/spec-7310-56693-0719.fits
7310/spec-7310-56693-0720.fits
7310/spec-7310-56693-0721.fits
7310/spec-7310-56693-0722.fits
7310/spec-7310-56693-0723.fits
7310/spec-7310-56693-0724.fits
7310/spec-7310-56693-0725.fits
7310/spec-7310-56693-0726.fits
7310/spec-7310-56693-0727.fits
7310/spec-7310-56693-0728.fits
7310/spec-7310-56693-0729.fits
7310/spec-7310-56693-0730.fits
7310/spec-7310-56693-0731.fits
7310/spec-7310-56693-0732.fits
7310/spec-7310-56693-0733.fits
7310/spec-7310-56693-0734.fits
7310/spec-7310-56693-0735.fits
7310/spec-7310-56693-0736.fits
7310/spec-7310-56693-0737.fits
7310/spec-7310-56693-0738.fits
7310/spec-7310-56693-0739.fits
7310/spec-7310-56693-0740.fits
7310/spec-7310-56693-0741.fits
7310/spec-7310-56693-0742.fits
7310/spec-7310-56693-0743.fits
7310/spec-7310-56693-0744.fits
7310/spec-7310-56693-0745.fits
7310/spec-7310-56693-0746.fits
7310/spec-7310-56693-0747.fits
7310/spec-7310-56693-0748.fits
7310/spec-7310-56693-0749.fits
7310/spec-7310-56693-0750.fits
7310/spec-7310-56693-0751.fits
7310/spec-7310-56693-0752.fits
7310/spec-7310-56693-0753.fits
7310/spec-7310-56693-0754.fits
7310/spec-7310-56693-0755.fits
7310/spec-7310-56693-0756.fits
7310/spec-7310-56693-0757.fits
7310/spec-7310-56693-0758.fits
7310/spec-7310-56693-0759.fits
7310/spec-7310-56693-0760.fits
7310/spec-7310-56693-0761.fits
7310/spec-7310-56693-0762.fits
7310/spec-7310-56693-0763.fits
7310/spec-7310-56693-0764.fits
7310/spec-7310-56693-0765.fits
7310/spec-7310-56693-0766.fits
7310/spec-7310-56693-0767.fits
7310/spec-7310-56693-0768.fits
7310/spec-7310-56693-0769.fits
7310/spec-7310-56693-0770.fits
7310/spec-7310-56693-0771.fits
7310/spec-7310-56693-0772.fits
7310/spec-7310-56693-0773.fits
7310/spec-7310-56693-0774.fits
7310/spec-7310-56693-0775.fits
7310/spec-7310-56693-0776.fits
7310/spec-7310-56693-0777.fits
7310/spec-7310-56693-0778.fits
7310/spec-7310-56693-0779.fits
7310/spec-7310-56693-0780.fits
7310/spec-7310-56693-0781.fits
7310/spec-7310-56693-0782.fits
7310/spec-7310-56693-0783.fits
7310/spec-7310-56693-0784.fits
7310/spec-7310-56693-0785.fits
7310/spec-7310-56693-0786.fits
7310/spec-7310-56693-0787.fits
7310/spec-7310-56693-0788.fits
7310/spec-7310-56693-0789.fits
7310/spec-7310-56693-0790.fits
7310/spec-7310-56693-0791.fits
7310/spec-7310-56693-0792.fits
7310/spec-7310-56693-0793.fits
7310/spec-7310-56693-0794.fits
7310/spec-7310-56693-0795.fits
7310/spec-7310-56693-0796.fits
7310/spec-7310-56693-0797.fits
7310/spec-7310-56693-0798.fits
7310/spec-7310-56693-0799.fits
7310/spec-7310-56693-0800.fits
7310/spec-7310-56693-0801.fits
7310/spec-7310-56693-0802.fits
7310/spec-7310-56693-0803.fits
7310/spec-7310-56693-0804.fits
7310/spec-7310-56693-0805.fits
7310/spec-7310-56693-0806.fits
7310/spec-7310-56693-0807.fits
7310/spec-7310-56693-0808.fits
7310/spec-7310-56693-0809.fits
7310/spec-7310-56693-0810.fits
7310/spec-7310-56693-0811.fits
7310/spec-7310-56693-0812.fits
7310/spec-7310-56693-0813.fits
7310/spec-7310-56693-0814.fits
7310/spec-7310-56693-0815.fits
7310/spec-7310-56693-0816.fits
7310/spec-7310-56693-0817.fits
7310/spec-7310-56693-0818.fits
7310/spec-7310-56693-0819.fits
7310/spec-7310-56693-0820.fits
7310/spec-7310-56693-0821.fits
7310/spec-7310-56693-0822.fits
7310/spec-7310-56693-0823.fits
7310/spec-7310-56693-0824.fits
7310/spec-7310-56693-0825.fits
7310/spec-7310-56693-0826.fits
7310/spec-7310-56693-0827.fits
7310/spec-7310-56693-0828.fits
7310/spec-7310-56693-0829.fits
7310/spec-7310-56693-0830.fits
7310/spec-7310-56693-0831.fits
7310/spec-7310-56693-0832.fits
7310/spec-7310-56693-0833.fits
7310/spec-7310-56693-0834.fits
7310/spec-7310-56693-0835.fits
7310/spec-7310-56693-0836.fits
7310/spec-7310-56693-0837.fits
7310/spec-7310-56693-0838.fits
7310/spec-7310-56693-0839.fits
7310/spec-7310-56693-0840.fits
7310/spec-7310-56693-0841.fits
7310/spec-7310-56693-0842.fits
7310/spec-7310-56693-0843.fits
7310/spec-7310-56693-0844.fits
7310/spec-7310-56693-0845.fits
7310/spec-7310-56693-0846.fits
7310/spec-7310-56693-0847.fits
7310/spec-7310-56693-0848.fits
7310/spec-7310-56693-0849.fits
7310/spec-7310-56693-0850.fits
7310/spec-7310-56693-0851.fits
7310/spec-7310-56693-0852.fits
7310/spec-7310-56693-0853.fits
7310/spec-7310-56693-0854.fits
7310/spec-7310-56693-0855.fits
7310/spec-7310-56693-0856.fits
7310/spec-7310-56693-0857.fits
7310/spec-7310-56693-0858.fits
7310/spec-7310-56693-0859.fits
7310/spec-7310-56693-0860.fits
7310/spec-7310-56693-0861.fits
7310/spec-7310-56693-0862.fits
7310/spec-7310-56693-0863.fits
7310/spec-7310-56693-0864.fits
7310/spec-7310-56693-0865.fits
7310/spec-7310-56693-0866.fits
7310/spec-7310-56693-0867.fits
7310/spec-7310-56693-0868.fits
7310/spec-7310-56693-0869.fits
7310/spec-7310-56693-0870.fits
7310/spec-7310-56693-0871.fits
7310/spec-7310-56693-0872.fits
7310/spec-7310-56693-0873.fits
7310/spec-7310-56693-0874.fits
7310/spec-7310-56693-0875.fits
7310/spec-7310-56693-0876.fits
7310/spec-7310-56693-0877.fits
7310/spec-7310-56693-0878.fits
7310/spec-7310-56693-0879.fits
7310/spec-7310-56693-0880.fits
7310/spec-7310-56693-0881.fits
7310/spec-7310-56693-0882.fits
7310/spec-7310-56693-0883.fits
7310/spec-7310-56693-0884.fits
7310/spec-7310-56693-0885.fits
7310/spec-7310-56693-0886.fits
7310/spec-7310-56693-0887.fits
7310/spec-7310-56693-0888.fits
7310/spec-7310-56693-0889.fits
7310/spec-7310-56693-0890.fits
7310/spec-7310-56693-0891.fits
7310/spec-7310-56693-0892.fits
7310/spec-7310-56693-0893.fits
7310/spec-7310-56693-0894.fits
7310/spec-7310-56693-0895.fits
7310/spec-7310-56693-0896.fits
7310/spec-7310-56693-0897.fits
7310/spec-7310-56693-0898.fits
7310/spec-7310-56693-0899.fits
7310/spec-7310-56693-0900.fits
7310/spec-7310-56693-0901.fits
7310/spec-7310-56693-0902.fits
7310/spec-7310-56693-0903.fits
7310/spec-7310-56693-0904.fits
7310/spec-7310-56693-0905.fits
7310/spec-7310-56693-0906.fits
7310/spec-7310-56693-0907.fits
7310/spec-7310-56693-0908.fits
7310/spec-7310-56693-0909.fits
7310/spec-7310-56693-0910.fits
7310/spec-7310-56693-0911.fits
7310/spec-7310-56693-0912.fits
7310/spec-7310-56693-0913.fits
7310/spec-7310-56693-0914.fits
7310/spec-7310-56693-0915.fits
7310/spec-7310-56693-0916.fits
7310/spec-7310-56693-0917.fits
7310/spec-7310-56693-0918.fits
7310/spec-7310-56693-0919.fits
7310/spec-7310-56693-0920.fits
7310/spec-7310-56693-0921.fits
7310/spec-7310-56693-0922.fits
7310/spec-7310-56693-0923.fits
7310/spec-7310-56693-0924.fits
7310/spec-7310-56693-0925.fits
7310/spec-7310-56693-0926.fits
7310/spec-7310-56693-0927.fits
7310/spec-7310-56693-0928.fits
7310/spec-7310-56693-0929.fits
7310/spec-7310-56693-0930.fits
7310/spec-7310-56693-0931.fits
7310/spec-7310-56693-0932.fits
7310/spec-7310-56693-0933.fits
7310/spec-7310-56693-0934.fits
7310/spec-7310-56693-0935.fits
7310/spec-7310-56693-0936.fits
7310/spec-7310-56693-0937.fits
7310/spec-7310-56693-0938.fits
7310/spec-7310-56693-0939.fits
7310/spec-7310-56693-0940.fits
7310/spec-7310-56693-0941.fits
7310/spec-7310-56693-0942.fits
7310/spec-7310-56693-0943.fits
7310/spec-7310-56693-0944.fits
7310/spec-7310-56693-0945.fits
7310/spec-7310-56693-0946.fits
7310/spec-7310-56693-0947.fits
7310/spec-7310-56693-0948.fits
7310/spec-7310-56693-0949.fits
7310/spec-7310-56693-0950.fits
7310/spec-7310-56693-0951.fits
7310/spec-7310-56693-0952.fits
7310/spec-7310-56693-0953.fits
7310/spec-7310-56693-0954.fits
7310/spec-7310-56693-0955.fits
7310/spec-7310-56693-0956.fits
7310/spec-7310-56693-0957.fits
7310/spec-7310-56693-0958.fits
7310/spec-7310-56693-0959.fits
7310/spec-7310-56693-0960.fits
7310/spec-7310-56693-0961.fits
7310/spec-7310-56693-0962.fits
7310/spec-7310-56693-0963.fits
7310/spec-7310-56693-0964.fits
7310/spec-7310-56693-0965.fits
7310/spec-7310-56693-0966.fits
7310/spec-7310-56693-0967.fits
7310/spec-7310-56693-0968.fits
7310/spec-7310-56693-0969.fits
7310/spec-7310-56693-0970.fits
7310/spec-7310-56693-0971.fits
7310/spec-7310-56693-0972.fits
7310/spec-7310-56693-0973.fits
7310/spec-7310-56693-0974.fits
7310/spec-7310-56693-0975.fits
7310/spec-7310-56693-0976.fits
7310/spec-7310-56693-0977.fits
7310/spec-7310-56693-0978.fits
7310/spec-7310-56693-0979.fits
7310/spec-7310-56693-0980.fits
7310/spec-7310-56693-0981.fits
7310/spec-7310-56693-0982.fits
7310/spec-7310-56693-0983.fits
7310/spec-7310-56693-0984.fits
7310/spec-7310-56693-0985.fits
7310/spec-7310-56693-0986.fits
7310/spec-7310-56693-0987.fits
7310/spec-7310-56693-0988.fits
7310/spec-7310-56693-0989.fits
7310/spec-7310-56693-0990.fits
7310/spec-7310-56693-0991.fits
7310/spec-7310-56693-0992.fits
7310/spec-7310-56693-0993.fits
7310/spec-7310-56693-0994.fits
7310/spec-7310-56693-0995.fits
7310/spec-7310-56693-0996.fits
7310/spec-7310-56693-0997.fits
7310/spec-7310-56693-0998.fits
7310/spec-7310-56693-0999.fits
7310/spec-7310-56693-1000.fits
/var/lib/condor/execute/slot1/dir_27803
7310 7310.tgz R R361.tar.gz _condor_stderr _condor_stdout cB58_Lyman_break.fit condor_exec.exe hw4.R packages packages.tar.gz tmp var
[1] "Loaded package astro."
[1] 1000
7310 7310.csv 7310.tgz R R361.tar.gz _condor_stderr _condor_stdout cB58_Lyman_break.fit condor_exec.exe hw4.R packages packages.tar.gz tmp var
