7311
7311/
7311/spec-7311-57038-0001.fits
7311/spec-7311-57038-0002.fits
7311/spec-7311-57038-0003.fits
7311/spec-7311-57038-0004.fits
7311/spec-7311-57038-0005.fits
7311/spec-7311-57038-0006.fits
7311/spec-7311-57038-0007.fits
7311/spec-7311-57038-0008.fits
7311/spec-7311-57038-0009.fits
7311/spec-7311-57038-0010.fits
7311/spec-7311-57038-0011.fits
7311/spec-7311-57038-0012.fits
7311/spec-7311-57038-0013.fits
7311/spec-7311-57038-0014.fits
7311/spec-7311-57038-0015.fits
7311/spec-7311-57038-0016.fits
7311/spec-7311-57038-0017.fits
7311/spec-7311-57038-0018.fits
7311/spec-7311-57038-0019.fits
7311/spec-7311-57038-0020.fits
7311/spec-7311-57038-0021.fits
7311/spec-7311-57038-0022.fits
7311/spec-7311-57038-0023.fits
7311/spec-7311-57038-0024.fits
7311/spec-7311-57038-0025.fits
7311/spec-7311-57038-0026.fits
7311/spec-7311-57038-0027.fits
7311/spec-7311-57038-0028.fits
7311/spec-7311-57038-0029.fits
7311/spec-7311-57038-0030.fits
7311/spec-7311-57038-0031.fits
7311/spec-7311-57038-0032.fits
7311/spec-7311-57038-0033.fits
7311/spec-7311-57038-0034.fits
7311/spec-7311-57038-0035.fits
7311/spec-7311-57038-0036.fits
7311/spec-7311-57038-0037.fits
7311/spec-7311-57038-0038.fits
7311/spec-7311-57038-0039.fits
7311/spec-7311-57038-0040.fits
7311/spec-7311-57038-0041.fits
7311/spec-7311-57038-0042.fits
7311/spec-7311-57038-0043.fits
7311/spec-7311-57038-0044.fits
7311/spec-7311-57038-0045.fits
7311/spec-7311-57038-0046.fits
7311/spec-7311-57038-0047.fits
7311/spec-7311-57038-0048.fits
7311/spec-7311-57038-0049.fits
7311/spec-7311-57038-0050.fits
7311/spec-7311-57038-0051.fits
7311/spec-7311-57038-0052.fits
7311/spec-7311-57038-0053.fits
7311/spec-7311-57038-0054.fits
7311/spec-7311-57038-0055.fits
7311/spec-7311-57038-0056.fits
7311/spec-7311-57038-0057.fits
7311/spec-7311-57038-0058.fits
7311/spec-7311-57038-0059.fits
7311/spec-7311-57038-0060.fits
7311/spec-7311-57038-0061.fits
7311/spec-7311-57038-0062.fits
7311/spec-7311-57038-0063.fits
7311/spec-7311-57038-0064.fits
7311/spec-7311-57038-0065.fits
7311/spec-7311-57038-0066.fits
7311/spec-7311-57038-0067.fits
7311/spec-7311-57038-0068.fits
7311/spec-7311-57038-0069.fits
7311/spec-7311-57038-0070.fits
7311/spec-7311-57038-0071.fits
7311/spec-7311-57038-0072.fits
7311/spec-7311-57038-0073.fits
7311/spec-7311-57038-0074.fits
7311/spec-7311-57038-0075.fits
7311/spec-7311-57038-0076.fits
7311/spec-7311-57038-0077.fits
7311/spec-7311-57038-0078.fits
7311/spec-7311-57038-0079.fits
7311/spec-7311-57038-0080.fits
7311/spec-7311-57038-0081.fits
7311/spec-7311-57038-0082.fits
7311/spec-7311-57038-0083.fits
7311/spec-7311-57038-0084.fits
7311/spec-7311-57038-0085.fits
7311/spec-7311-57038-0086.fits
7311/spec-7311-57038-0087.fits
7311/spec-7311-57038-0088.fits
7311/spec-7311-57038-0089.fits
7311/spec-7311-57038-0090.fits
7311/spec-7311-57038-0091.fits
7311/spec-7311-57038-0092.fits
7311/spec-7311-57038-0093.fits
7311/spec-7311-57038-0094.fits
7311/spec-7311-57038-0095.fits
7311/spec-7311-57038-0096.fits
7311/spec-7311-57038-0097.fits
7311/spec-7311-57038-0098.fits
7311/spec-7311-57038-0099.fits
7311/spec-7311-57038-0100.fits
7311/spec-7311-57038-0101.fits
7311/spec-7311-57038-0102.fits
7311/spec-7311-57038-0103.fits
7311/spec-7311-57038-0104.fits
7311/spec-7311-57038-0105.fits
7311/spec-7311-57038-0106.fits
7311/spec-7311-57038-0107.fits
7311/spec-7311-57038-0108.fits
7311/spec-7311-57038-0109.fits
7311/spec-7311-57038-0110.fits
7311/spec-7311-57038-0111.fits
7311/spec-7311-57038-0112.fits
7311/spec-7311-57038-0113.fits
7311/spec-7311-57038-0114.fits
7311/spec-7311-57038-0115.fits
7311/spec-7311-57038-0116.fits
7311/spec-7311-57038-0117.fits
7311/spec-7311-57038-0118.fits
7311/spec-7311-57038-0119.fits
7311/spec-7311-57038-0120.fits
7311/spec-7311-57038-0121.fits
7311/spec-7311-57038-0122.fits
7311/spec-7311-57038-0123.fits
7311/spec-7311-57038-0124.fits
7311/spec-7311-57038-0125.fits
7311/spec-7311-57038-0126.fits
7311/spec-7311-57038-0127.fits
7311/spec-7311-57038-0128.fits
7311/spec-7311-57038-0129.fits
7311/spec-7311-57038-0130.fits
7311/spec-7311-57038-0131.fits
7311/spec-7311-57038-0132.fits
7311/spec-7311-57038-0133.fits
7311/spec-7311-57038-0134.fits
7311/spec-7311-57038-0135.fits
7311/spec-7311-57038-0136.fits
7311/spec-7311-57038-0137.fits
7311/spec-7311-57038-0138.fits
7311/spec-7311-57038-0139.fits
7311/spec-7311-57038-0140.fits
7311/spec-7311-57038-0141.fits
7311/spec-7311-57038-0142.fits
7311/spec-7311-57038-0143.fits
7311/spec-7311-57038-0144.fits
7311/spec-7311-57038-0145.fits
7311/spec-7311-57038-0146.fits
7311/spec-7311-57038-0147.fits
7311/spec-7311-57038-0148.fits
7311/spec-7311-57038-0149.fits
7311/spec-7311-57038-0150.fits
7311/spec-7311-57038-0151.fits
7311/spec-7311-57038-0152.fits
7311/spec-7311-57038-0153.fits
7311/spec-7311-57038-0154.fits
7311/spec-7311-57038-0155.fits
7311/spec-7311-57038-0156.fits
7311/spec-7311-57038-0157.fits
7311/spec-7311-57038-0158.fits
7311/spec-7311-57038-0159.fits
7311/spec-7311-57038-0160.fits
7311/spec-7311-57038-0161.fits
7311/spec-7311-57038-0162.fits
7311/spec-7311-57038-0163.fits
7311/spec-7311-57038-0164.fits
7311/spec-7311-57038-0165.fits
7311/spec-7311-57038-0166.fits
7311/spec-7311-57038-0167.fits
7311/spec-7311-57038-0168.fits
7311/spec-7311-57038-0169.fits
7311/spec-7311-57038-0170.fits
7311/spec-7311-57038-0171.fits
7311/spec-7311-57038-0172.fits
7311/spec-7311-57038-0173.fits
7311/spec-7311-57038-0174.fits
7311/spec-7311-57038-0175.fits
7311/spec-7311-57038-0176.fits
7311/spec-7311-57038-0177.fits
7311/spec-7311-57038-0178.fits
7311/spec-7311-57038-0179.fits
7311/spec-7311-57038-0180.fits
7311/spec-7311-57038-0181.fits
7311/spec-7311-57038-0182.fits
7311/spec-7311-57038-0183.fits
7311/spec-7311-57038-0184.fits
7311/spec-7311-57038-0185.fits
7311/spec-7311-57038-0186.fits
7311/spec-7311-57038-0187.fits
7311/spec-7311-57038-0188.fits
7311/spec-7311-57038-0189.fits
7311/spec-7311-57038-0190.fits
7311/spec-7311-57038-0191.fits
7311/spec-7311-57038-0192.fits
7311/spec-7311-57038-0193.fits
7311/spec-7311-57038-0194.fits
7311/spec-7311-57038-0195.fits
7311/spec-7311-57038-0196.fits
7311/spec-7311-57038-0197.fits
7311/spec-7311-57038-0198.fits
7311/spec-7311-57038-0199.fits
7311/spec-7311-57038-0200.fits
7311/spec-7311-57038-0201.fits
7311/spec-7311-57038-0202.fits
7311/spec-7311-57038-0203.fits
7311/spec-7311-57038-0204.fits
7311/spec-7311-57038-0205.fits
7311/spec-7311-57038-0206.fits
7311/spec-7311-57038-0207.fits
7311/spec-7311-57038-0208.fits
7311/spec-7311-57038-0209.fits
7311/spec-7311-57038-0210.fits
7311/spec-7311-57038-0211.fits
7311/spec-7311-57038-0212.fits
7311/spec-7311-57038-0213.fits
7311/spec-7311-57038-0214.fits
7311/spec-7311-57038-0215.fits
7311/spec-7311-57038-0216.fits
7311/spec-7311-57038-0217.fits
7311/spec-7311-57038-0218.fits
7311/spec-7311-57038-0219.fits
7311/spec-7311-57038-0220.fits
7311/spec-7311-57038-0221.fits
7311/spec-7311-57038-0222.fits
7311/spec-7311-57038-0223.fits
7311/spec-7311-57038-0224.fits
7311/spec-7311-57038-0225.fits
7311/spec-7311-57038-0226.fits
7311/spec-7311-57038-0227.fits
7311/spec-7311-57038-0228.fits
7311/spec-7311-57038-0229.fits
7311/spec-7311-57038-0230.fits
7311/spec-7311-57038-0231.fits
7311/spec-7311-57038-0232.fits
7311/spec-7311-57038-0233.fits
7311/spec-7311-57038-0234.fits
7311/spec-7311-57038-0235.fits
7311/spec-7311-57038-0236.fits
7311/spec-7311-57038-0237.fits
7311/spec-7311-57038-0238.fits
7311/spec-7311-57038-0239.fits
7311/spec-7311-57038-0240.fits
7311/spec-7311-57038-0241.fits
7311/spec-7311-57038-0242.fits
7311/spec-7311-57038-0243.fits
7311/spec-7311-57038-0244.fits
7311/spec-7311-57038-0245.fits
7311/spec-7311-57038-0246.fits
7311/spec-7311-57038-0247.fits
7311/spec-7311-57038-0248.fits
7311/spec-7311-57038-0249.fits
7311/spec-7311-57038-0250.fits
7311/spec-7311-57038-0251.fits
7311/spec-7311-57038-0252.fits
7311/spec-7311-57038-0253.fits
7311/spec-7311-57038-0254.fits
7311/spec-7311-57038-0255.fits
7311/spec-7311-57038-0256.fits
7311/spec-7311-57038-0257.fits
7311/spec-7311-57038-0258.fits
7311/spec-7311-57038-0259.fits
7311/spec-7311-57038-0260.fits
7311/spec-7311-57038-0261.fits
7311/spec-7311-57038-0262.fits
7311/spec-7311-57038-0263.fits
7311/spec-7311-57038-0264.fits
7311/spec-7311-57038-0265.fits
7311/spec-7311-57038-0266.fits
7311/spec-7311-57038-0267.fits
7311/spec-7311-57038-0268.fits
7311/spec-7311-57038-0269.fits
7311/spec-7311-57038-0270.fits
7311/spec-7311-57038-0271.fits
7311/spec-7311-57038-0272.fits
7311/spec-7311-57038-0273.fits
7311/spec-7311-57038-0274.fits
7311/spec-7311-57038-0275.fits
7311/spec-7311-57038-0276.fits
7311/spec-7311-57038-0277.fits
7311/spec-7311-57038-0278.fits
7311/spec-7311-57038-0279.fits
7311/spec-7311-57038-0280.fits
7311/spec-7311-57038-0281.fits
7311/spec-7311-57038-0282.fits
7311/spec-7311-57038-0283.fits
7311/spec-7311-57038-0284.fits
7311/spec-7311-57038-0285.fits
7311/spec-7311-57038-0286.fits
7311/spec-7311-57038-0287.fits
7311/spec-7311-57038-0288.fits
7311/spec-7311-57038-0289.fits
7311/spec-7311-57038-0290.fits
7311/spec-7311-57038-0291.fits
7311/spec-7311-57038-0292.fits
7311/spec-7311-57038-0293.fits
7311/spec-7311-57038-0294.fits
7311/spec-7311-57038-0295.fits
7311/spec-7311-57038-0296.fits
7311/spec-7311-57038-0297.fits
7311/spec-7311-57038-0298.fits
7311/spec-7311-57038-0299.fits
7311/spec-7311-57038-0300.fits
7311/spec-7311-57038-0301.fits
7311/spec-7311-57038-0302.fits
7311/spec-7311-57038-0303.fits
7311/spec-7311-57038-0304.fits
7311/spec-7311-57038-0305.fits
7311/spec-7311-57038-0306.fits
7311/spec-7311-57038-0307.fits
7311/spec-7311-57038-0308.fits
7311/spec-7311-57038-0309.fits
7311/spec-7311-57038-0310.fits
7311/spec-7311-57038-0311.fits
7311/spec-7311-57038-0312.fits
7311/spec-7311-57038-0313.fits
7311/spec-7311-57038-0314.fits
7311/spec-7311-57038-0315.fits
7311/spec-7311-57038-0316.fits
7311/spec-7311-57038-0317.fits
7311/spec-7311-57038-0318.fits
7311/spec-7311-57038-0319.fits
7311/spec-7311-57038-0320.fits
7311/spec-7311-57038-0321.fits
7311/spec-7311-57038-0322.fits
7311/spec-7311-57038-0323.fits
7311/spec-7311-57038-0324.fits
7311/spec-7311-57038-0325.fits
7311/spec-7311-57038-0326.fits
7311/spec-7311-57038-0327.fits
7311/spec-7311-57038-0328.fits
7311/spec-7311-57038-0329.fits
7311/spec-7311-57038-0330.fits
7311/spec-7311-57038-0331.fits
7311/spec-7311-57038-0332.fits
7311/spec-7311-57038-0333.fits
7311/spec-7311-57038-0334.fits
7311/spec-7311-57038-0335.fits
7311/spec-7311-57038-0336.fits
7311/spec-7311-57038-0337.fits
7311/spec-7311-57038-0338.fits
7311/spec-7311-57038-0339.fits
7311/spec-7311-57038-0340.fits
7311/spec-7311-57038-0341.fits
7311/spec-7311-57038-0342.fits
7311/spec-7311-57038-0343.fits
7311/spec-7311-57038-0344.fits
7311/spec-7311-57038-0345.fits
7311/spec-7311-57038-0346.fits
7311/spec-7311-57038-0347.fits
7311/spec-7311-57038-0348.fits
7311/spec-7311-57038-0349.fits
7311/spec-7311-57038-0350.fits
7311/spec-7311-57038-0351.fits
7311/spec-7311-57038-0352.fits
7311/spec-7311-57038-0353.fits
7311/spec-7311-57038-0354.fits
7311/spec-7311-57038-0355.fits
7311/spec-7311-57038-0356.fits
7311/spec-7311-57038-0357.fits
7311/spec-7311-57038-0358.fits
7311/spec-7311-57038-0359.fits
7311/spec-7311-57038-0360.fits
7311/spec-7311-57038-0361.fits
7311/spec-7311-57038-0362.fits
7311/spec-7311-57038-0363.fits
7311/spec-7311-57038-0364.fits
7311/spec-7311-57038-0365.fits
7311/spec-7311-57038-0366.fits
7311/spec-7311-57038-0367.fits
7311/spec-7311-57038-0368.fits
7311/spec-7311-57038-0369.fits
7311/spec-7311-57038-0370.fits
7311/spec-7311-57038-0371.fits
7311/spec-7311-57038-0372.fits
7311/spec-7311-57038-0373.fits
7311/spec-7311-57038-0374.fits
7311/spec-7311-57038-0375.fits
7311/spec-7311-57038-0376.fits
7311/spec-7311-57038-0377.fits
7311/spec-7311-57038-0378.fits
7311/spec-7311-57038-0379.fits
7311/spec-7311-57038-0380.fits
7311/spec-7311-57038-0381.fits
7311/spec-7311-57038-0382.fits
7311/spec-7311-57038-0383.fits
7311/spec-7311-57038-0384.fits
7311/spec-7311-57038-0385.fits
7311/spec-7311-57038-0386.fits
7311/spec-7311-57038-0387.fits
7311/spec-7311-57038-0388.fits
7311/spec-7311-57038-0389.fits
7311/spec-7311-57038-0390.fits
7311/spec-7311-57038-0391.fits
7311/spec-7311-57038-0392.fits
7311/spec-7311-57038-0393.fits
7311/spec-7311-57038-0394.fits
7311/spec-7311-57038-0395.fits
7311/spec-7311-57038-0396.fits
7311/spec-7311-57038-0397.fits
7311/spec-7311-57038-0398.fits
7311/spec-7311-57038-0399.fits
7311/spec-7311-57038-0400.fits
7311/spec-7311-57038-0401.fits
7311/spec-7311-57038-0402.fits
7311/spec-7311-57038-0403.fits
7311/spec-7311-57038-0404.fits
7311/spec-7311-57038-0405.fits
7311/spec-7311-57038-0406.fits
7311/spec-7311-57038-0407.fits
7311/spec-7311-57038-0408.fits
7311/spec-7311-57038-0409.fits
7311/spec-7311-57038-0410.fits
7311/spec-7311-57038-0411.fits
7311/spec-7311-57038-0412.fits
7311/spec-7311-57038-0413.fits
7311/spec-7311-57038-0414.fits
7311/spec-7311-57038-0415.fits
7311/spec-7311-57038-0416.fits
7311/spec-7311-57038-0417.fits
7311/spec-7311-57038-0418.fits
7311/spec-7311-57038-0419.fits
7311/spec-7311-57038-0420.fits
7311/spec-7311-57038-0421.fits
7311/spec-7311-57038-0422.fits
7311/spec-7311-57038-0423.fits
7311/spec-7311-57038-0424.fits
7311/spec-7311-57038-0425.fits
7311/spec-7311-57038-0426.fits
7311/spec-7311-57038-0427.fits
7311/spec-7311-57038-0428.fits
7311/spec-7311-57038-0429.fits
7311/spec-7311-57038-0430.fits
7311/spec-7311-57038-0431.fits
7311/spec-7311-57038-0432.fits
7311/spec-7311-57038-0433.fits
7311/spec-7311-57038-0434.fits
7311/spec-7311-57038-0435.fits
7311/spec-7311-57038-0436.fits
7311/spec-7311-57038-0437.fits
7311/spec-7311-57038-0438.fits
7311/spec-7311-57038-0439.fits
7311/spec-7311-57038-0440.fits
7311/spec-7311-57038-0441.fits
7311/spec-7311-57038-0442.fits
7311/spec-7311-57038-0443.fits
7311/spec-7311-57038-0444.fits
7311/spec-7311-57038-0445.fits
7311/spec-7311-57038-0446.fits
7311/spec-7311-57038-0447.fits
7311/spec-7311-57038-0448.fits
7311/spec-7311-57038-0449.fits
7311/spec-7311-57038-0450.fits
7311/spec-7311-57038-0451.fits
7311/spec-7311-57038-0452.fits
7311/spec-7311-57038-0453.fits
7311/spec-7311-57038-0454.fits
7311/spec-7311-57038-0455.fits
7311/spec-7311-57038-0456.fits
7311/spec-7311-57038-0457.fits
7311/spec-7311-57038-0458.fits
7311/spec-7311-57038-0459.fits
7311/spec-7311-57038-0460.fits
7311/spec-7311-57038-0461.fits
7311/spec-7311-57038-0462.fits
7311/spec-7311-57038-0463.fits
7311/spec-7311-57038-0464.fits
7311/spec-7311-57038-0465.fits
7311/spec-7311-57038-0466.fits
7311/spec-7311-57038-0467.fits
7311/spec-7311-57038-0468.fits
7311/spec-7311-57038-0469.fits
7311/spec-7311-57038-0470.fits
7311/spec-7311-57038-0471.fits
7311/spec-7311-57038-0472.fits
7311/spec-7311-57038-0473.fits
7311/spec-7311-57038-0474.fits
7311/spec-7311-57038-0475.fits
7311/spec-7311-57038-0476.fits
7311/spec-7311-57038-0477.fits
7311/spec-7311-57038-0478.fits
7311/spec-7311-57038-0479.fits
7311/spec-7311-57038-0480.fits
7311/spec-7311-57038-0481.fits
7311/spec-7311-57038-0482.fits
7311/spec-7311-57038-0483.fits
7311/spec-7311-57038-0484.fits
7311/spec-7311-57038-0485.fits
7311/spec-7311-57038-0486.fits
7311/spec-7311-57038-0487.fits
7311/spec-7311-57038-0488.fits
7311/spec-7311-57038-0489.fits
7311/spec-7311-57038-0490.fits
7311/spec-7311-57038-0491.fits
7311/spec-7311-57038-0492.fits
7311/spec-7311-57038-0493.fits
7311/spec-7311-57038-0494.fits
7311/spec-7311-57038-0495.fits
7311/spec-7311-57038-0496.fits
7311/spec-7311-57038-0497.fits
7311/spec-7311-57038-0498.fits
7311/spec-7311-57038-0499.fits
7311/spec-7311-57038-0500.fits
7311/spec-7311-57038-0501.fits
7311/spec-7311-57038-0502.fits
7311/spec-7311-57038-0503.fits
7311/spec-7311-57038-0504.fits
7311/spec-7311-57038-0505.fits
7311/spec-7311-57038-0506.fits
7311/spec-7311-57038-0507.fits
7311/spec-7311-57038-0508.fits
7311/spec-7311-57038-0509.fits
7311/spec-7311-57038-0510.fits
7311/spec-7311-57038-0511.fits
7311/spec-7311-57038-0512.fits
7311/spec-7311-57038-0513.fits
7311/spec-7311-57038-0514.fits
7311/spec-7311-57038-0515.fits
7311/spec-7311-57038-0516.fits
7311/spec-7311-57038-0517.fits
7311/spec-7311-57038-0518.fits
7311/spec-7311-57038-0519.fits
7311/spec-7311-57038-0520.fits
7311/spec-7311-57038-0521.fits
7311/spec-7311-57038-0522.fits
7311/spec-7311-57038-0523.fits
7311/spec-7311-57038-0524.fits
7311/spec-7311-57038-0525.fits
7311/spec-7311-57038-0526.fits
7311/spec-7311-57038-0527.fits
7311/spec-7311-57038-0528.fits
7311/spec-7311-57038-0529.fits
7311/spec-7311-57038-0530.fits
7311/spec-7311-57038-0531.fits
7311/spec-7311-57038-0532.fits
7311/spec-7311-57038-0533.fits
7311/spec-7311-57038-0534.fits
7311/spec-7311-57038-0535.fits
7311/spec-7311-57038-0536.fits
7311/spec-7311-57038-0537.fits
7311/spec-7311-57038-0538.fits
7311/spec-7311-57038-0539.fits
7311/spec-7311-57038-0540.fits
7311/spec-7311-57038-0541.fits
7311/spec-7311-57038-0542.fits
7311/spec-7311-57038-0543.fits
7311/spec-7311-57038-0544.fits
7311/spec-7311-57038-0545.fits
7311/spec-7311-57038-0546.fits
7311/spec-7311-57038-0547.fits
7311/spec-7311-57038-0548.fits
7311/spec-7311-57038-0549.fits
7311/spec-7311-57038-0550.fits
7311/spec-7311-57038-0551.fits
7311/spec-7311-57038-0552.fits
7311/spec-7311-57038-0553.fits
7311/spec-7311-57038-0554.fits
7311/spec-7311-57038-0555.fits
7311/spec-7311-57038-0556.fits
7311/spec-7311-57038-0557.fits
7311/spec-7311-57038-0558.fits
7311/spec-7311-57038-0559.fits
7311/spec-7311-57038-0560.fits
7311/spec-7311-57038-0561.fits
7311/spec-7311-57038-0562.fits
7311/spec-7311-57038-0563.fits
7311/spec-7311-57038-0564.fits
7311/spec-7311-57038-0565.fits
7311/spec-7311-57038-0566.fits
7311/spec-7311-57038-0567.fits
7311/spec-7311-57038-0568.fits
7311/spec-7311-57038-0569.fits
7311/spec-7311-57038-0570.fits
7311/spec-7311-57038-0571.fits
7311/spec-7311-57038-0572.fits
7311/spec-7311-57038-0573.fits
7311/spec-7311-57038-0574.fits
7311/spec-7311-57038-0575.fits
7311/spec-7311-57038-0576.fits
7311/spec-7311-57038-0577.fits
7311/spec-7311-57038-0578.fits
7311/spec-7311-57038-0579.fits
7311/spec-7311-57038-0580.fits
7311/spec-7311-57038-0581.fits
7311/spec-7311-57038-0582.fits
7311/spec-7311-57038-0583.fits
7311/spec-7311-57038-0584.fits
7311/spec-7311-57038-0585.fits
7311/spec-7311-57038-0586.fits
7311/spec-7311-57038-0587.fits
7311/spec-7311-57038-0588.fits
7311/spec-7311-57038-0589.fits
7311/spec-7311-57038-0590.fits
7311/spec-7311-57038-0591.fits
7311/spec-7311-57038-0592.fits
7311/spec-7311-57038-0593.fits
7311/spec-7311-57038-0594.fits
7311/spec-7311-57038-0595.fits
7311/spec-7311-57038-0596.fits
7311/spec-7311-57038-0597.fits
7311/spec-7311-57038-0598.fits
7311/spec-7311-57038-0599.fits
7311/spec-7311-57038-0600.fits
7311/spec-7311-57038-0601.fits
7311/spec-7311-57038-0602.fits
7311/spec-7311-57038-0603.fits
7311/spec-7311-57038-0604.fits
7311/spec-7311-57038-0605.fits
7311/spec-7311-57038-0606.fits
7311/spec-7311-57038-0607.fits
7311/spec-7311-57038-0608.fits
7311/spec-7311-57038-0609.fits
7311/spec-7311-57038-0610.fits
7311/spec-7311-57038-0611.fits
7311/spec-7311-57038-0612.fits
7311/spec-7311-57038-0613.fits
7311/spec-7311-57038-0614.fits
7311/spec-7311-57038-0615.fits
7311/spec-7311-57038-0616.fits
7311/spec-7311-57038-0617.fits
7311/spec-7311-57038-0618.fits
7311/spec-7311-57038-0619.fits
7311/spec-7311-57038-0620.fits
7311/spec-7311-57038-0621.fits
7311/spec-7311-57038-0622.fits
7311/spec-7311-57038-0623.fits
7311/spec-7311-57038-0624.fits
7311/spec-7311-57038-0625.fits
7311/spec-7311-57038-0626.fits
7311/spec-7311-57038-0627.fits
7311/spec-7311-57038-0628.fits
7311/spec-7311-57038-0629.fits
7311/spec-7311-57038-0630.fits
7311/spec-7311-57038-0631.fits
7311/spec-7311-57038-0632.fits
7311/spec-7311-57038-0633.fits
7311/spec-7311-57038-0634.fits
7311/spec-7311-57038-0635.fits
7311/spec-7311-57038-0636.fits
7311/spec-7311-57038-0637.fits
7311/spec-7311-57038-0638.fits
7311/spec-7311-57038-0639.fits
7311/spec-7311-57038-0640.fits
7311/spec-7311-57038-0641.fits
7311/spec-7311-57038-0642.fits
7311/spec-7311-57038-0643.fits
7311/spec-7311-57038-0644.fits
7311/spec-7311-57038-0645.fits
7311/spec-7311-57038-0646.fits
7311/spec-7311-57038-0647.fits
7311/spec-7311-57038-0648.fits
7311/spec-7311-57038-0649.fits
7311/spec-7311-57038-0650.fits
7311/spec-7311-57038-0651.fits
7311/spec-7311-57038-0652.fits
7311/spec-7311-57038-0653.fits
7311/spec-7311-57038-0654.fits
7311/spec-7311-57038-0655.fits
7311/spec-7311-57038-0656.fits
7311/spec-7311-57038-0657.fits
7311/spec-7311-57038-0658.fits
7311/spec-7311-57038-0659.fits
7311/spec-7311-57038-0660.fits
7311/spec-7311-57038-0661.fits
7311/spec-7311-57038-0662.fits
7311/spec-7311-57038-0663.fits
7311/spec-7311-57038-0664.fits
7311/spec-7311-57038-0665.fits
7311/spec-7311-57038-0666.fits
7311/spec-7311-57038-0667.fits
7311/spec-7311-57038-0668.fits
7311/spec-7311-57038-0669.fits
7311/spec-7311-57038-0670.fits
7311/spec-7311-57038-0671.fits
7311/spec-7311-57038-0672.fits
7311/spec-7311-57038-0673.fits
7311/spec-7311-57038-0674.fits
7311/spec-7311-57038-0675.fits
7311/spec-7311-57038-0676.fits
7311/spec-7311-57038-0677.fits
7311/spec-7311-57038-0678.fits
7311/spec-7311-57038-0679.fits
7311/spec-7311-57038-0680.fits
7311/spec-7311-57038-0681.fits
7311/spec-7311-57038-0682.fits
7311/spec-7311-57038-0683.fits
7311/spec-7311-57038-0684.fits
7311/spec-7311-57038-0685.fits
7311/spec-7311-57038-0686.fits
7311/spec-7311-57038-0687.fits
7311/spec-7311-57038-0688.fits
7311/spec-7311-57038-0689.fits
7311/spec-7311-57038-0690.fits
7311/spec-7311-57038-0691.fits
7311/spec-7311-57038-0692.fits
7311/spec-7311-57038-0693.fits
7311/spec-7311-57038-0694.fits
7311/spec-7311-57038-0695.fits
7311/spec-7311-57038-0696.fits
7311/spec-7311-57038-0697.fits
7311/spec-7311-57038-0698.fits
7311/spec-7311-57038-0699.fits
7311/spec-7311-57038-0700.fits
7311/spec-7311-57038-0701.fits
7311/spec-7311-57038-0702.fits
7311/spec-7311-57038-0703.fits
7311/spec-7311-57038-0704.fits
7311/spec-7311-57038-0705.fits
7311/spec-7311-57038-0706.fits
7311/spec-7311-57038-0707.fits
7311/spec-7311-57038-0708.fits
7311/spec-7311-57038-0709.fits
7311/spec-7311-57038-0710.fits
7311/spec-7311-57038-0711.fits
7311/spec-7311-57038-0712.fits
7311/spec-7311-57038-0713.fits
7311/spec-7311-57038-0714.fits
7311/spec-7311-57038-0715.fits
7311/spec-7311-57038-0716.fits
7311/spec-7311-57038-0717.fits
7311/spec-7311-57038-0718.fits
7311/spec-7311-57038-0719.fits
7311/spec-7311-57038-0720.fits
7311/spec-7311-57038-0721.fits
7311/spec-7311-57038-0722.fits
7311/spec-7311-57038-0723.fits
7311/spec-7311-57038-0724.fits
7311/spec-7311-57038-0725.fits
7311/spec-7311-57038-0726.fits
7311/spec-7311-57038-0727.fits
7311/spec-7311-57038-0728.fits
7311/spec-7311-57038-0729.fits
7311/spec-7311-57038-0730.fits
7311/spec-7311-57038-0731.fits
7311/spec-7311-57038-0732.fits
7311/spec-7311-57038-0733.fits
7311/spec-7311-57038-0734.fits
7311/spec-7311-57038-0735.fits
7311/spec-7311-57038-0736.fits
7311/spec-7311-57038-0737.fits
7311/spec-7311-57038-0738.fits
7311/spec-7311-57038-0739.fits
7311/spec-7311-57038-0740.fits
7311/spec-7311-57038-0741.fits
7311/spec-7311-57038-0742.fits
7311/spec-7311-57038-0743.fits
7311/spec-7311-57038-0744.fits
7311/spec-7311-57038-0745.fits
7311/spec-7311-57038-0746.fits
7311/spec-7311-57038-0747.fits
7311/spec-7311-57038-0748.fits
7311/spec-7311-57038-0749.fits
7311/spec-7311-57038-0750.fits
7311/spec-7311-57038-0751.fits
7311/spec-7311-57038-0752.fits
7311/spec-7311-57038-0753.fits
7311/spec-7311-57038-0754.fits
7311/spec-7311-57038-0755.fits
7311/spec-7311-57038-0756.fits
7311/spec-7311-57038-0757.fits
7311/spec-7311-57038-0758.fits
7311/spec-7311-57038-0759.fits
7311/spec-7311-57038-0760.fits
7311/spec-7311-57038-0761.fits
7311/spec-7311-57038-0762.fits
7311/spec-7311-57038-0763.fits
7311/spec-7311-57038-0764.fits
7311/spec-7311-57038-0765.fits
7311/spec-7311-57038-0766.fits
7311/spec-7311-57038-0767.fits
7311/spec-7311-57038-0768.fits
7311/spec-7311-57038-0769.fits
7311/spec-7311-57038-0770.fits
7311/spec-7311-57038-0771.fits
7311/spec-7311-57038-0772.fits
7311/spec-7311-57038-0773.fits
7311/spec-7311-57038-0774.fits
7311/spec-7311-57038-0775.fits
7311/spec-7311-57038-0776.fits
7311/spec-7311-57038-0777.fits
7311/spec-7311-57038-0778.fits
7311/spec-7311-57038-0779.fits
7311/spec-7311-57038-0780.fits
7311/spec-7311-57038-0781.fits
7311/spec-7311-57038-0782.fits
7311/spec-7311-57038-0783.fits
7311/spec-7311-57038-0784.fits
7311/spec-7311-57038-0785.fits
7311/spec-7311-57038-0786.fits
7311/spec-7311-57038-0787.fits
7311/spec-7311-57038-0788.fits
7311/spec-7311-57038-0789.fits
7311/spec-7311-57038-0790.fits
7311/spec-7311-57038-0791.fits
7311/spec-7311-57038-0792.fits
7311/spec-7311-57038-0793.fits
7311/spec-7311-57038-0794.fits
7311/spec-7311-57038-0795.fits
7311/spec-7311-57038-0796.fits
7311/spec-7311-57038-0797.fits
7311/spec-7311-57038-0798.fits
7311/spec-7311-57038-0799.fits
7311/spec-7311-57038-0800.fits
7311/spec-7311-57038-0801.fits
7311/spec-7311-57038-0802.fits
7311/spec-7311-57038-0803.fits
7311/spec-7311-57038-0804.fits
7311/spec-7311-57038-0805.fits
7311/spec-7311-57038-0806.fits
7311/spec-7311-57038-0807.fits
7311/spec-7311-57038-0808.fits
7311/spec-7311-57038-0809.fits
7311/spec-7311-57038-0810.fits
7311/spec-7311-57038-0811.fits
7311/spec-7311-57038-0812.fits
7311/spec-7311-57038-0813.fits
7311/spec-7311-57038-0814.fits
7311/spec-7311-57038-0815.fits
7311/spec-7311-57038-0816.fits
7311/spec-7311-57038-0817.fits
7311/spec-7311-57038-0818.fits
7311/spec-7311-57038-0819.fits
7311/spec-7311-57038-0820.fits
7311/spec-7311-57038-0821.fits
7311/spec-7311-57038-0822.fits
7311/spec-7311-57038-0823.fits
7311/spec-7311-57038-0824.fits
7311/spec-7311-57038-0825.fits
7311/spec-7311-57038-0826.fits
7311/spec-7311-57038-0827.fits
7311/spec-7311-57038-0828.fits
7311/spec-7311-57038-0829.fits
7311/spec-7311-57038-0830.fits
7311/spec-7311-57038-0831.fits
7311/spec-7311-57038-0832.fits
7311/spec-7311-57038-0833.fits
7311/spec-7311-57038-0834.fits
7311/spec-7311-57038-0835.fits
7311/spec-7311-57038-0836.fits
7311/spec-7311-57038-0837.fits
7311/spec-7311-57038-0838.fits
7311/spec-7311-57038-0839.fits
7311/spec-7311-57038-0840.fits
7311/spec-7311-57038-0841.fits
7311/spec-7311-57038-0842.fits
7311/spec-7311-57038-0843.fits
7311/spec-7311-57038-0844.fits
7311/spec-7311-57038-0845.fits
7311/spec-7311-57038-0846.fits
7311/spec-7311-57038-0847.fits
7311/spec-7311-57038-0848.fits
7311/spec-7311-57038-0849.fits
7311/spec-7311-57038-0850.fits
7311/spec-7311-57038-0851.fits
7311/spec-7311-57038-0852.fits
7311/spec-7311-57038-0853.fits
7311/spec-7311-57038-0854.fits
7311/spec-7311-57038-0855.fits
7311/spec-7311-57038-0856.fits
7311/spec-7311-57038-0857.fits
7311/spec-7311-57038-0858.fits
7311/spec-7311-57038-0859.fits
7311/spec-7311-57038-0860.fits
7311/spec-7311-57038-0861.fits
7311/spec-7311-57038-0862.fits
7311/spec-7311-57038-0863.fits
7311/spec-7311-57038-0864.fits
7311/spec-7311-57038-0865.fits
7311/spec-7311-57038-0866.fits
7311/spec-7311-57038-0867.fits
7311/spec-7311-57038-0868.fits
7311/spec-7311-57038-0869.fits
7311/spec-7311-57038-0870.fits
7311/spec-7311-57038-0871.fits
7311/spec-7311-57038-0872.fits
7311/spec-7311-57038-0873.fits
7311/spec-7311-57038-0874.fits
7311/spec-7311-57038-0875.fits
7311/spec-7311-57038-0876.fits
7311/spec-7311-57038-0877.fits
7311/spec-7311-57038-0878.fits
7311/spec-7311-57038-0879.fits
7311/spec-7311-57038-0880.fits
7311/spec-7311-57038-0881.fits
7311/spec-7311-57038-0882.fits
7311/spec-7311-57038-0883.fits
7311/spec-7311-57038-0884.fits
7311/spec-7311-57038-0885.fits
7311/spec-7311-57038-0886.fits
7311/spec-7311-57038-0887.fits
7311/spec-7311-57038-0888.fits
7311/spec-7311-57038-0889.fits
7311/spec-7311-57038-0890.fits
7311/spec-7311-57038-0891.fits
7311/spec-7311-57038-0892.fits
7311/spec-7311-57038-0893.fits
7311/spec-7311-57038-0894.fits
7311/spec-7311-57038-0895.fits
7311/spec-7311-57038-0896.fits
7311/spec-7311-57038-0897.fits
7311/spec-7311-57038-0898.fits
7311/spec-7311-57038-0899.fits
7311/spec-7311-57038-0900.fits
7311/spec-7311-57038-0901.fits
7311/spec-7311-57038-0902.fits
7311/spec-7311-57038-0903.fits
7311/spec-7311-57038-0904.fits
7311/spec-7311-57038-0905.fits
7311/spec-7311-57038-0906.fits
7311/spec-7311-57038-0907.fits
7311/spec-7311-57038-0908.fits
7311/spec-7311-57038-0909.fits
7311/spec-7311-57038-0910.fits
7311/spec-7311-57038-0911.fits
7311/spec-7311-57038-0912.fits
7311/spec-7311-57038-0913.fits
7311/spec-7311-57038-0914.fits
7311/spec-7311-57038-0915.fits
7311/spec-7311-57038-0916.fits
7311/spec-7311-57038-0917.fits
7311/spec-7311-57038-0918.fits
7311/spec-7311-57038-0919.fits
7311/spec-7311-57038-0920.fits
7311/spec-7311-57038-0921.fits
7311/spec-7311-57038-0922.fits
7311/spec-7311-57038-0923.fits
7311/spec-7311-57038-0924.fits
7311/spec-7311-57038-0925.fits
7311/spec-7311-57038-0926.fits
7311/spec-7311-57038-0927.fits
7311/spec-7311-57038-0928.fits
7311/spec-7311-57038-0929.fits
7311/spec-7311-57038-0930.fits
7311/spec-7311-57038-0931.fits
7311/spec-7311-57038-0932.fits
7311/spec-7311-57038-0933.fits
7311/spec-7311-57038-0934.fits
7311/spec-7311-57038-0935.fits
7311/spec-7311-57038-0936.fits
7311/spec-7311-57038-0937.fits
7311/spec-7311-57038-0938.fits
7311/spec-7311-57038-0939.fits
7311/spec-7311-57038-0940.fits
7311/spec-7311-57038-0941.fits
7311/spec-7311-57038-0942.fits
7311/spec-7311-57038-0943.fits
7311/spec-7311-57038-0944.fits
7311/spec-7311-57038-0945.fits
7311/spec-7311-57038-0946.fits
7311/spec-7311-57038-0947.fits
7311/spec-7311-57038-0948.fits
7311/spec-7311-57038-0949.fits
7311/spec-7311-57038-0950.fits
7311/spec-7311-57038-0951.fits
7311/spec-7311-57038-0952.fits
7311/spec-7311-57038-0953.fits
7311/spec-7311-57038-0954.fits
7311/spec-7311-57038-0955.fits
7311/spec-7311-57038-0956.fits
7311/spec-7311-57038-0957.fits
7311/spec-7311-57038-0958.fits
7311/spec-7311-57038-0959.fits
7311/spec-7311-57038-0960.fits
7311/spec-7311-57038-0961.fits
7311/spec-7311-57038-0962.fits
7311/spec-7311-57038-0963.fits
7311/spec-7311-57038-0964.fits
7311/spec-7311-57038-0965.fits
7311/spec-7311-57038-0966.fits
7311/spec-7311-57038-0967.fits
7311/spec-7311-57038-0968.fits
7311/spec-7311-57038-0969.fits
7311/spec-7311-57038-0970.fits
7311/spec-7311-57038-0971.fits
7311/spec-7311-57038-0972.fits
7311/spec-7311-57038-0973.fits
7311/spec-7311-57038-0974.fits
7311/spec-7311-57038-0975.fits
7311/spec-7311-57038-0976.fits
7311/spec-7311-57038-0977.fits
7311/spec-7311-57038-0978.fits
7311/spec-7311-57038-0979.fits
7311/spec-7311-57038-0980.fits
7311/spec-7311-57038-0981.fits
7311/spec-7311-57038-0982.fits
7311/spec-7311-57038-0983.fits
7311/spec-7311-57038-0984.fits
7311/spec-7311-57038-0985.fits
7311/spec-7311-57038-0986.fits
7311/spec-7311-57038-0987.fits
7311/spec-7311-57038-0988.fits
7311/spec-7311-57038-0989.fits
7311/spec-7311-57038-0990.fits
7311/spec-7311-57038-0991.fits
7311/spec-7311-57038-0992.fits
7311/spec-7311-57038-0993.fits
7311/spec-7311-57038-0994.fits
7311/spec-7311-57038-0995.fits
7311/spec-7311-57038-0996.fits
7311/spec-7311-57038-0997.fits
7311/spec-7311-57038-0998.fits
7311/spec-7311-57038-0999.fits
7311/spec-7311-57038-1000.fits
/var/lib/condor/execute/slot1/dir_35618
7311 7311.tgz R R361.tar.gz _condor_stderr _condor_stdout cB58_Lyman_break.fit condor_exec.exe hw4.R packages packages.tar.gz tmp var
[1] "Loaded package astro."
[1] 1000
7311 7311.csv 7311.tgz R R361.tar.gz _condor_stderr _condor_stdout cB58_Lyman_break.fit condor_exec.exe hw4.R packages packages.tar.gz tmp var
