7376
7376/
7376/spec-7376-56749-0001.fits
7376/spec-7376-56749-0002.fits
7376/spec-7376-56749-0003.fits
7376/spec-7376-56749-0004.fits
7376/spec-7376-56749-0005.fits
7376/spec-7376-56749-0006.fits
7376/spec-7376-56749-0007.fits
7376/spec-7376-56749-0008.fits
7376/spec-7376-56749-0009.fits
7376/spec-7376-56749-0010.fits
7376/spec-7376-56749-0011.fits
7376/spec-7376-56749-0012.fits
7376/spec-7376-56749-0013.fits
7376/spec-7376-56749-0014.fits
7376/spec-7376-56749-0015.fits
7376/spec-7376-56749-0016.fits
7376/spec-7376-56749-0017.fits
7376/spec-7376-56749-0018.fits
7376/spec-7376-56749-0019.fits
7376/spec-7376-56749-0020.fits
7376/spec-7376-56749-0021.fits
7376/spec-7376-56749-0022.fits
7376/spec-7376-56749-0023.fits
7376/spec-7376-56749-0024.fits
7376/spec-7376-56749-0025.fits
7376/spec-7376-56749-0026.fits
7376/spec-7376-56749-0027.fits
7376/spec-7376-56749-0028.fits
7376/spec-7376-56749-0029.fits
7376/spec-7376-56749-0030.fits
7376/spec-7376-56749-0031.fits
7376/spec-7376-56749-0032.fits
7376/spec-7376-56749-0033.fits
7376/spec-7376-56749-0034.fits
7376/spec-7376-56749-0035.fits
7376/spec-7376-56749-0036.fits
7376/spec-7376-56749-0037.fits
7376/spec-7376-56749-0038.fits
7376/spec-7376-56749-0039.fits
7376/spec-7376-56749-0040.fits
7376/spec-7376-56749-0041.fits
7376/spec-7376-56749-0042.fits
7376/spec-7376-56749-0043.fits
7376/spec-7376-56749-0044.fits
7376/spec-7376-56749-0045.fits
7376/spec-7376-56749-0046.fits
7376/spec-7376-56749-0047.fits
7376/spec-7376-56749-0048.fits
7376/spec-7376-56749-0049.fits
7376/spec-7376-56749-0050.fits
7376/spec-7376-56749-0051.fits
7376/spec-7376-56749-0052.fits
7376/spec-7376-56749-0053.fits
7376/spec-7376-56749-0054.fits
7376/spec-7376-56749-0055.fits
7376/spec-7376-56749-0056.fits
7376/spec-7376-56749-0057.fits
7376/spec-7376-56749-0058.fits
7376/spec-7376-56749-0059.fits
7376/spec-7376-56749-0060.fits
7376/spec-7376-56749-0061.fits
7376/spec-7376-56749-0062.fits
7376/spec-7376-56749-0063.fits
7376/spec-7376-56749-0064.fits
7376/spec-7376-56749-0065.fits
7376/spec-7376-56749-0066.fits
7376/spec-7376-56749-0067.fits
7376/spec-7376-56749-0068.fits
7376/spec-7376-56749-0069.fits
7376/spec-7376-56749-0070.fits
7376/spec-7376-56749-0071.fits
7376/spec-7376-56749-0072.fits
7376/spec-7376-56749-0073.fits
7376/spec-7376-56749-0074.fits
7376/spec-7376-56749-0075.fits
7376/spec-7376-56749-0076.fits
7376/spec-7376-56749-0077.fits
7376/spec-7376-56749-0078.fits
7376/spec-7376-56749-0079.fits
7376/spec-7376-56749-0080.fits
7376/spec-7376-56749-0081.fits
7376/spec-7376-56749-0082.fits
7376/spec-7376-56749-0083.fits
7376/spec-7376-56749-0084.fits
7376/spec-7376-56749-0085.fits
7376/spec-7376-56749-0086.fits
7376/spec-7376-56749-0087.fits
7376/spec-7376-56749-0088.fits
7376/spec-7376-56749-0089.fits
7376/spec-7376-56749-0090.fits
7376/spec-7376-56749-0091.fits
7376/spec-7376-56749-0092.fits
7376/spec-7376-56749-0093.fits
7376/spec-7376-56749-0094.fits
7376/spec-7376-56749-0095.fits
7376/spec-7376-56749-0096.fits
7376/spec-7376-56749-0097.fits
7376/spec-7376-56749-0098.fits
7376/spec-7376-56749-0099.fits
7376/spec-7376-56749-0100.fits
7376/spec-7376-56749-0101.fits
7376/spec-7376-56749-0102.fits
7376/spec-7376-56749-0103.fits
7376/spec-7376-56749-0104.fits
7376/spec-7376-56749-0105.fits
7376/spec-7376-56749-0106.fits
7376/spec-7376-56749-0107.fits
7376/spec-7376-56749-0108.fits
7376/spec-7376-56749-0109.fits
7376/spec-7376-56749-0110.fits
7376/spec-7376-56749-0111.fits
7376/spec-7376-56749-0112.fits
7376/spec-7376-56749-0113.fits
7376/spec-7376-56749-0114.fits
7376/spec-7376-56749-0115.fits
7376/spec-7376-56749-0116.fits
7376/spec-7376-56749-0117.fits
7376/spec-7376-56749-0118.fits
7376/spec-7376-56749-0119.fits
7376/spec-7376-56749-0120.fits
7376/spec-7376-56749-0121.fits
7376/spec-7376-56749-0122.fits
7376/spec-7376-56749-0123.fits
7376/spec-7376-56749-0124.fits
7376/spec-7376-56749-0125.fits
7376/spec-7376-56749-0126.fits
7376/spec-7376-56749-0127.fits
7376/spec-7376-56749-0128.fits
7376/spec-7376-56749-0129.fits
7376/spec-7376-56749-0130.fits
7376/spec-7376-56749-0131.fits
7376/spec-7376-56749-0132.fits
7376/spec-7376-56749-0133.fits
7376/spec-7376-56749-0134.fits
7376/spec-7376-56749-0135.fits
7376/spec-7376-56749-0136.fits
7376/spec-7376-56749-0137.fits
7376/spec-7376-56749-0138.fits
7376/spec-7376-56749-0139.fits
7376/spec-7376-56749-0140.fits
7376/spec-7376-56749-0141.fits
7376/spec-7376-56749-0142.fits
7376/spec-7376-56749-0143.fits
7376/spec-7376-56749-0144.fits
7376/spec-7376-56749-0145.fits
7376/spec-7376-56749-0146.fits
7376/spec-7376-56749-0147.fits
7376/spec-7376-56749-0148.fits
7376/spec-7376-56749-0149.fits
7376/spec-7376-56749-0150.fits
7376/spec-7376-56749-0151.fits
7376/spec-7376-56749-0152.fits
7376/spec-7376-56749-0153.fits
7376/spec-7376-56749-0154.fits
7376/spec-7376-56749-0155.fits
7376/spec-7376-56749-0156.fits
7376/spec-7376-56749-0157.fits
7376/spec-7376-56749-0158.fits
7376/spec-7376-56749-0159.fits
7376/spec-7376-56749-0160.fits
7376/spec-7376-56749-0161.fits
7376/spec-7376-56749-0162.fits
7376/spec-7376-56749-0163.fits
7376/spec-7376-56749-0164.fits
7376/spec-7376-56749-0165.fits
7376/spec-7376-56749-0166.fits
7376/spec-7376-56749-0167.fits
7376/spec-7376-56749-0168.fits
7376/spec-7376-56749-0169.fits
7376/spec-7376-56749-0170.fits
7376/spec-7376-56749-0171.fits
7376/spec-7376-56749-0172.fits
7376/spec-7376-56749-0173.fits
7376/spec-7376-56749-0174.fits
7376/spec-7376-56749-0175.fits
7376/spec-7376-56749-0176.fits
7376/spec-7376-56749-0177.fits
7376/spec-7376-56749-0178.fits
7376/spec-7376-56749-0179.fits
7376/spec-7376-56749-0180.fits
7376/spec-7376-56749-0181.fits
7376/spec-7376-56749-0182.fits
7376/spec-7376-56749-0183.fits
7376/spec-7376-56749-0184.fits
7376/spec-7376-56749-0185.fits
7376/spec-7376-56749-0186.fits
7376/spec-7376-56749-0187.fits
7376/spec-7376-56749-0188.fits
7376/spec-7376-56749-0189.fits
7376/spec-7376-56749-0190.fits
7376/spec-7376-56749-0191.fits
7376/spec-7376-56749-0192.fits
7376/spec-7376-56749-0193.fits
7376/spec-7376-56749-0194.fits
7376/spec-7376-56749-0195.fits
7376/spec-7376-56749-0196.fits
7376/spec-7376-56749-0197.fits
7376/spec-7376-56749-0198.fits
7376/spec-7376-56749-0199.fits
7376/spec-7376-56749-0200.fits
7376/spec-7376-56749-0201.fits
7376/spec-7376-56749-0202.fits
7376/spec-7376-56749-0203.fits
7376/spec-7376-56749-0204.fits
7376/spec-7376-56749-0205.fits
7376/spec-7376-56749-0206.fits
7376/spec-7376-56749-0207.fits
7376/spec-7376-56749-0208.fits
7376/spec-7376-56749-0209.fits
7376/spec-7376-56749-0210.fits
7376/spec-7376-56749-0211.fits
7376/spec-7376-56749-0212.fits
7376/spec-7376-56749-0213.fits
7376/spec-7376-56749-0214.fits
7376/spec-7376-56749-0215.fits
7376/spec-7376-56749-0216.fits
7376/spec-7376-56749-0217.fits
7376/spec-7376-56749-0218.fits
7376/spec-7376-56749-0219.fits
7376/spec-7376-56749-0220.fits
7376/spec-7376-56749-0221.fits
7376/spec-7376-56749-0222.fits
7376/spec-7376-56749-0223.fits
7376/spec-7376-56749-0224.fits
7376/spec-7376-56749-0225.fits
7376/spec-7376-56749-0226.fits
7376/spec-7376-56749-0227.fits
7376/spec-7376-56749-0228.fits
7376/spec-7376-56749-0229.fits
7376/spec-7376-56749-0230.fits
7376/spec-7376-56749-0231.fits
7376/spec-7376-56749-0232.fits
7376/spec-7376-56749-0233.fits
7376/spec-7376-56749-0234.fits
7376/spec-7376-56749-0235.fits
7376/spec-7376-56749-0236.fits
7376/spec-7376-56749-0237.fits
7376/spec-7376-56749-0238.fits
7376/spec-7376-56749-0239.fits
7376/spec-7376-56749-0240.fits
7376/spec-7376-56749-0241.fits
7376/spec-7376-56749-0242.fits
7376/spec-7376-56749-0243.fits
7376/spec-7376-56749-0244.fits
7376/spec-7376-56749-0245.fits
7376/spec-7376-56749-0246.fits
7376/spec-7376-56749-0247.fits
7376/spec-7376-56749-0248.fits
7376/spec-7376-56749-0249.fits
7376/spec-7376-56749-0250.fits
7376/spec-7376-56749-0251.fits
7376/spec-7376-56749-0252.fits
7376/spec-7376-56749-0253.fits
7376/spec-7376-56749-0254.fits
7376/spec-7376-56749-0255.fits
7376/spec-7376-56749-0256.fits
7376/spec-7376-56749-0257.fits
7376/spec-7376-56749-0258.fits
7376/spec-7376-56749-0259.fits
7376/spec-7376-56749-0260.fits
7376/spec-7376-56749-0261.fits
7376/spec-7376-56749-0262.fits
7376/spec-7376-56749-0263.fits
7376/spec-7376-56749-0264.fits
7376/spec-7376-56749-0265.fits
7376/spec-7376-56749-0266.fits
7376/spec-7376-56749-0267.fits
7376/spec-7376-56749-0268.fits
7376/spec-7376-56749-0269.fits
7376/spec-7376-56749-0270.fits
7376/spec-7376-56749-0271.fits
7376/spec-7376-56749-0272.fits
7376/spec-7376-56749-0273.fits
7376/spec-7376-56749-0274.fits
7376/spec-7376-56749-0275.fits
7376/spec-7376-56749-0276.fits
7376/spec-7376-56749-0277.fits
7376/spec-7376-56749-0278.fits
7376/spec-7376-56749-0279.fits
7376/spec-7376-56749-0280.fits
7376/spec-7376-56749-0281.fits
7376/spec-7376-56749-0282.fits
7376/spec-7376-56749-0283.fits
7376/spec-7376-56749-0284.fits
7376/spec-7376-56749-0285.fits
7376/spec-7376-56749-0286.fits
7376/spec-7376-56749-0287.fits
7376/spec-7376-56749-0288.fits
7376/spec-7376-56749-0289.fits
7376/spec-7376-56749-0290.fits
7376/spec-7376-56749-0291.fits
7376/spec-7376-56749-0292.fits
7376/spec-7376-56749-0293.fits
7376/spec-7376-56749-0294.fits
7376/spec-7376-56749-0295.fits
7376/spec-7376-56749-0296.fits
7376/spec-7376-56749-0297.fits
7376/spec-7376-56749-0298.fits
7376/spec-7376-56749-0299.fits
7376/spec-7376-56749-0300.fits
7376/spec-7376-56749-0301.fits
7376/spec-7376-56749-0302.fits
7376/spec-7376-56749-0303.fits
7376/spec-7376-56749-0304.fits
7376/spec-7376-56749-0305.fits
7376/spec-7376-56749-0306.fits
7376/spec-7376-56749-0307.fits
7376/spec-7376-56749-0308.fits
7376/spec-7376-56749-0309.fits
7376/spec-7376-56749-0310.fits
7376/spec-7376-56749-0311.fits
7376/spec-7376-56749-0312.fits
7376/spec-7376-56749-0313.fits
7376/spec-7376-56749-0314.fits
7376/spec-7376-56749-0315.fits
7376/spec-7376-56749-0316.fits
7376/spec-7376-56749-0317.fits
7376/spec-7376-56749-0318.fits
7376/spec-7376-56749-0319.fits
7376/spec-7376-56749-0320.fits
7376/spec-7376-56749-0321.fits
7376/spec-7376-56749-0322.fits
7376/spec-7376-56749-0323.fits
7376/spec-7376-56749-0324.fits
7376/spec-7376-56749-0325.fits
7376/spec-7376-56749-0326.fits
7376/spec-7376-56749-0327.fits
7376/spec-7376-56749-0328.fits
7376/spec-7376-56749-0329.fits
7376/spec-7376-56749-0330.fits
7376/spec-7376-56749-0331.fits
7376/spec-7376-56749-0332.fits
7376/spec-7376-56749-0333.fits
7376/spec-7376-56749-0334.fits
7376/spec-7376-56749-0335.fits
7376/spec-7376-56749-0336.fits
7376/spec-7376-56749-0337.fits
7376/spec-7376-56749-0338.fits
7376/spec-7376-56749-0339.fits
7376/spec-7376-56749-0340.fits
7376/spec-7376-56749-0341.fits
7376/spec-7376-56749-0342.fits
7376/spec-7376-56749-0343.fits
7376/spec-7376-56749-0344.fits
7376/spec-7376-56749-0345.fits
7376/spec-7376-56749-0346.fits
7376/spec-7376-56749-0347.fits
7376/spec-7376-56749-0348.fits
7376/spec-7376-56749-0349.fits
7376/spec-7376-56749-0350.fits
7376/spec-7376-56749-0351.fits
7376/spec-7376-56749-0352.fits
7376/spec-7376-56749-0353.fits
7376/spec-7376-56749-0354.fits
7376/spec-7376-56749-0355.fits
7376/spec-7376-56749-0356.fits
7376/spec-7376-56749-0357.fits
7376/spec-7376-56749-0358.fits
7376/spec-7376-56749-0359.fits
7376/spec-7376-56749-0360.fits
7376/spec-7376-56749-0361.fits
7376/spec-7376-56749-0362.fits
7376/spec-7376-56749-0363.fits
7376/spec-7376-56749-0364.fits
7376/spec-7376-56749-0365.fits
7376/spec-7376-56749-0366.fits
7376/spec-7376-56749-0367.fits
7376/spec-7376-56749-0368.fits
7376/spec-7376-56749-0369.fits
7376/spec-7376-56749-0370.fits
7376/spec-7376-56749-0371.fits
7376/spec-7376-56749-0372.fits
7376/spec-7376-56749-0373.fits
7376/spec-7376-56749-0374.fits
7376/spec-7376-56749-0375.fits
7376/spec-7376-56749-0376.fits
7376/spec-7376-56749-0377.fits
7376/spec-7376-56749-0378.fits
7376/spec-7376-56749-0379.fits
7376/spec-7376-56749-0380.fits
7376/spec-7376-56749-0381.fits
7376/spec-7376-56749-0382.fits
7376/spec-7376-56749-0383.fits
7376/spec-7376-56749-0384.fits
7376/spec-7376-56749-0385.fits
7376/spec-7376-56749-0386.fits
7376/spec-7376-56749-0387.fits
7376/spec-7376-56749-0388.fits
7376/spec-7376-56749-0389.fits
7376/spec-7376-56749-0390.fits
7376/spec-7376-56749-0391.fits
7376/spec-7376-56749-0392.fits
7376/spec-7376-56749-0393.fits
7376/spec-7376-56749-0394.fits
7376/spec-7376-56749-0395.fits
7376/spec-7376-56749-0396.fits
7376/spec-7376-56749-0397.fits
7376/spec-7376-56749-0398.fits
7376/spec-7376-56749-0399.fits
7376/spec-7376-56749-0400.fits
7376/spec-7376-56749-0401.fits
7376/spec-7376-56749-0402.fits
7376/spec-7376-56749-0403.fits
7376/spec-7376-56749-0404.fits
7376/spec-7376-56749-0405.fits
7376/spec-7376-56749-0406.fits
7376/spec-7376-56749-0407.fits
7376/spec-7376-56749-0408.fits
7376/spec-7376-56749-0409.fits
7376/spec-7376-56749-0410.fits
7376/spec-7376-56749-0411.fits
7376/spec-7376-56749-0412.fits
7376/spec-7376-56749-0413.fits
7376/spec-7376-56749-0414.fits
7376/spec-7376-56749-0415.fits
7376/spec-7376-56749-0416.fits
7376/spec-7376-56749-0417.fits
7376/spec-7376-56749-0418.fits
7376/spec-7376-56749-0419.fits
7376/spec-7376-56749-0420.fits
7376/spec-7376-56749-0421.fits
7376/spec-7376-56749-0422.fits
7376/spec-7376-56749-0423.fits
7376/spec-7376-56749-0424.fits
7376/spec-7376-56749-0425.fits
7376/spec-7376-56749-0426.fits
7376/spec-7376-56749-0427.fits
7376/spec-7376-56749-0428.fits
7376/spec-7376-56749-0429.fits
7376/spec-7376-56749-0430.fits
7376/spec-7376-56749-0431.fits
7376/spec-7376-56749-0432.fits
7376/spec-7376-56749-0433.fits
7376/spec-7376-56749-0434.fits
7376/spec-7376-56749-0435.fits
7376/spec-7376-56749-0436.fits
7376/spec-7376-56749-0437.fits
7376/spec-7376-56749-0438.fits
7376/spec-7376-56749-0439.fits
7376/spec-7376-56749-0440.fits
7376/spec-7376-56749-0441.fits
7376/spec-7376-56749-0442.fits
7376/spec-7376-56749-0443.fits
7376/spec-7376-56749-0444.fits
7376/spec-7376-56749-0445.fits
7376/spec-7376-56749-0446.fits
7376/spec-7376-56749-0447.fits
7376/spec-7376-56749-0448.fits
7376/spec-7376-56749-0449.fits
7376/spec-7376-56749-0450.fits
7376/spec-7376-56749-0451.fits
7376/spec-7376-56749-0452.fits
7376/spec-7376-56749-0453.fits
7376/spec-7376-56749-0454.fits
7376/spec-7376-56749-0455.fits
7376/spec-7376-56749-0456.fits
7376/spec-7376-56749-0457.fits
7376/spec-7376-56749-0458.fits
7376/spec-7376-56749-0459.fits
7376/spec-7376-56749-0460.fits
7376/spec-7376-56749-0461.fits
7376/spec-7376-56749-0462.fits
7376/spec-7376-56749-0463.fits
7376/spec-7376-56749-0464.fits
7376/spec-7376-56749-0465.fits
7376/spec-7376-56749-0466.fits
7376/spec-7376-56749-0467.fits
7376/spec-7376-56749-0468.fits
7376/spec-7376-56749-0469.fits
7376/spec-7376-56749-0470.fits
7376/spec-7376-56749-0471.fits
7376/spec-7376-56749-0472.fits
7376/spec-7376-56749-0473.fits
7376/spec-7376-56749-0474.fits
7376/spec-7376-56749-0475.fits
7376/spec-7376-56749-0476.fits
7376/spec-7376-56749-0477.fits
7376/spec-7376-56749-0478.fits
7376/spec-7376-56749-0479.fits
7376/spec-7376-56749-0480.fits
7376/spec-7376-56749-0481.fits
7376/spec-7376-56749-0482.fits
7376/spec-7376-56749-0483.fits
7376/spec-7376-56749-0484.fits
7376/spec-7376-56749-0485.fits
7376/spec-7376-56749-0486.fits
7376/spec-7376-56749-0487.fits
7376/spec-7376-56749-0488.fits
7376/spec-7376-56749-0489.fits
7376/spec-7376-56749-0490.fits
7376/spec-7376-56749-0491.fits
7376/spec-7376-56749-0492.fits
7376/spec-7376-56749-0493.fits
7376/spec-7376-56749-0494.fits
7376/spec-7376-56749-0495.fits
7376/spec-7376-56749-0496.fits
7376/spec-7376-56749-0497.fits
7376/spec-7376-56749-0498.fits
7376/spec-7376-56749-0499.fits
7376/spec-7376-56749-0500.fits
7376/spec-7376-56749-0501.fits
7376/spec-7376-56749-0502.fits
7376/spec-7376-56749-0503.fits
7376/spec-7376-56749-0504.fits
7376/spec-7376-56749-0505.fits
7376/spec-7376-56749-0506.fits
7376/spec-7376-56749-0507.fits
7376/spec-7376-56749-0508.fits
7376/spec-7376-56749-0509.fits
7376/spec-7376-56749-0510.fits
7376/spec-7376-56749-0511.fits
7376/spec-7376-56749-0512.fits
7376/spec-7376-56749-0513.fits
7376/spec-7376-56749-0514.fits
7376/spec-7376-56749-0515.fits
7376/spec-7376-56749-0516.fits
7376/spec-7376-56749-0517.fits
7376/spec-7376-56749-0518.fits
7376/spec-7376-56749-0519.fits
7376/spec-7376-56749-0520.fits
7376/spec-7376-56749-0521.fits
7376/spec-7376-56749-0522.fits
7376/spec-7376-56749-0523.fits
7376/spec-7376-56749-0524.fits
7376/spec-7376-56749-0525.fits
7376/spec-7376-56749-0526.fits
7376/spec-7376-56749-0527.fits
7376/spec-7376-56749-0528.fits
7376/spec-7376-56749-0529.fits
7376/spec-7376-56749-0530.fits
7376/spec-7376-56749-0531.fits
7376/spec-7376-56749-0532.fits
7376/spec-7376-56749-0533.fits
7376/spec-7376-56749-0534.fits
7376/spec-7376-56749-0535.fits
7376/spec-7376-56749-0536.fits
7376/spec-7376-56749-0537.fits
7376/spec-7376-56749-0538.fits
7376/spec-7376-56749-0539.fits
7376/spec-7376-56749-0540.fits
7376/spec-7376-56749-0541.fits
7376/spec-7376-56749-0542.fits
7376/spec-7376-56749-0543.fits
7376/spec-7376-56749-0544.fits
7376/spec-7376-56749-0545.fits
7376/spec-7376-56749-0546.fits
7376/spec-7376-56749-0547.fits
7376/spec-7376-56749-0548.fits
7376/spec-7376-56749-0549.fits
7376/spec-7376-56749-0550.fits
7376/spec-7376-56749-0551.fits
7376/spec-7376-56749-0552.fits
7376/spec-7376-56749-0553.fits
7376/spec-7376-56749-0554.fits
7376/spec-7376-56749-0555.fits
7376/spec-7376-56749-0556.fits
7376/spec-7376-56749-0557.fits
7376/spec-7376-56749-0558.fits
7376/spec-7376-56749-0559.fits
7376/spec-7376-56749-0560.fits
7376/spec-7376-56749-0561.fits
7376/spec-7376-56749-0562.fits
7376/spec-7376-56749-0563.fits
7376/spec-7376-56749-0564.fits
7376/spec-7376-56749-0565.fits
7376/spec-7376-56749-0566.fits
7376/spec-7376-56749-0567.fits
7376/spec-7376-56749-0568.fits
7376/spec-7376-56749-0569.fits
7376/spec-7376-56749-0570.fits
7376/spec-7376-56749-0571.fits
7376/spec-7376-56749-0572.fits
7376/spec-7376-56749-0573.fits
7376/spec-7376-56749-0574.fits
7376/spec-7376-56749-0575.fits
7376/spec-7376-56749-0576.fits
7376/spec-7376-56749-0577.fits
7376/spec-7376-56749-0578.fits
7376/spec-7376-56749-0579.fits
7376/spec-7376-56749-0580.fits
7376/spec-7376-56749-0581.fits
7376/spec-7376-56749-0582.fits
7376/spec-7376-56749-0583.fits
7376/spec-7376-56749-0584.fits
7376/spec-7376-56749-0585.fits
7376/spec-7376-56749-0586.fits
7376/spec-7376-56749-0587.fits
7376/spec-7376-56749-0588.fits
7376/spec-7376-56749-0589.fits
7376/spec-7376-56749-0590.fits
7376/spec-7376-56749-0591.fits
7376/spec-7376-56749-0592.fits
7376/spec-7376-56749-0593.fits
7376/spec-7376-56749-0594.fits
7376/spec-7376-56749-0595.fits
7376/spec-7376-56749-0596.fits
7376/spec-7376-56749-0597.fits
7376/spec-7376-56749-0598.fits
7376/spec-7376-56749-0599.fits
7376/spec-7376-56749-0600.fits
7376/spec-7376-56749-0601.fits
7376/spec-7376-56749-0602.fits
7376/spec-7376-56749-0603.fits
7376/spec-7376-56749-0604.fits
7376/spec-7376-56749-0605.fits
7376/spec-7376-56749-0606.fits
7376/spec-7376-56749-0607.fits
7376/spec-7376-56749-0608.fits
7376/spec-7376-56749-0609.fits
7376/spec-7376-56749-0610.fits
7376/spec-7376-56749-0611.fits
7376/spec-7376-56749-0612.fits
7376/spec-7376-56749-0613.fits
7376/spec-7376-56749-0614.fits
7376/spec-7376-56749-0615.fits
7376/spec-7376-56749-0616.fits
7376/spec-7376-56749-0617.fits
7376/spec-7376-56749-0618.fits
7376/spec-7376-56749-0619.fits
7376/spec-7376-56749-0620.fits
7376/spec-7376-56749-0621.fits
7376/spec-7376-56749-0622.fits
7376/spec-7376-56749-0623.fits
7376/spec-7376-56749-0624.fits
7376/spec-7376-56749-0625.fits
7376/spec-7376-56749-0626.fits
7376/spec-7376-56749-0627.fits
7376/spec-7376-56749-0628.fits
7376/spec-7376-56749-0629.fits
7376/spec-7376-56749-0630.fits
7376/spec-7376-56749-0631.fits
7376/spec-7376-56749-0632.fits
7376/spec-7376-56749-0633.fits
7376/spec-7376-56749-0634.fits
7376/spec-7376-56749-0635.fits
7376/spec-7376-56749-0636.fits
7376/spec-7376-56749-0637.fits
7376/spec-7376-56749-0638.fits
7376/spec-7376-56749-0639.fits
7376/spec-7376-56749-0640.fits
7376/spec-7376-56749-0641.fits
7376/spec-7376-56749-0642.fits
7376/spec-7376-56749-0643.fits
7376/spec-7376-56749-0644.fits
7376/spec-7376-56749-0645.fits
7376/spec-7376-56749-0646.fits
7376/spec-7376-56749-0647.fits
7376/spec-7376-56749-0648.fits
7376/spec-7376-56749-0649.fits
7376/spec-7376-56749-0650.fits
7376/spec-7376-56749-0651.fits
7376/spec-7376-56749-0652.fits
7376/spec-7376-56749-0653.fits
7376/spec-7376-56749-0654.fits
7376/spec-7376-56749-0655.fits
7376/spec-7376-56749-0656.fits
7376/spec-7376-56749-0657.fits
7376/spec-7376-56749-0658.fits
7376/spec-7376-56749-0659.fits
7376/spec-7376-56749-0660.fits
7376/spec-7376-56749-0661.fits
7376/spec-7376-56749-0662.fits
7376/spec-7376-56749-0663.fits
7376/spec-7376-56749-0664.fits
7376/spec-7376-56749-0665.fits
7376/spec-7376-56749-0666.fits
7376/spec-7376-56749-0667.fits
7376/spec-7376-56749-0668.fits
7376/spec-7376-56749-0669.fits
7376/spec-7376-56749-0670.fits
7376/spec-7376-56749-0671.fits
7376/spec-7376-56749-0672.fits
7376/spec-7376-56749-0673.fits
7376/spec-7376-56749-0674.fits
7376/spec-7376-56749-0675.fits
7376/spec-7376-56749-0676.fits
7376/spec-7376-56749-0677.fits
7376/spec-7376-56749-0678.fits
7376/spec-7376-56749-0679.fits
7376/spec-7376-56749-0680.fits
7376/spec-7376-56749-0681.fits
7376/spec-7376-56749-0682.fits
7376/spec-7376-56749-0683.fits
7376/spec-7376-56749-0684.fits
7376/spec-7376-56749-0685.fits
7376/spec-7376-56749-0686.fits
7376/spec-7376-56749-0687.fits
7376/spec-7376-56749-0688.fits
7376/spec-7376-56749-0689.fits
7376/spec-7376-56749-0690.fits
7376/spec-7376-56749-0691.fits
7376/spec-7376-56749-0692.fits
7376/spec-7376-56749-0693.fits
7376/spec-7376-56749-0694.fits
7376/spec-7376-56749-0695.fits
7376/spec-7376-56749-0696.fits
7376/spec-7376-56749-0697.fits
7376/spec-7376-56749-0698.fits
7376/spec-7376-56749-0699.fits
7376/spec-7376-56749-0700.fits
7376/spec-7376-56749-0701.fits
7376/spec-7376-56749-0702.fits
7376/spec-7376-56749-0703.fits
7376/spec-7376-56749-0704.fits
7376/spec-7376-56749-0705.fits
7376/spec-7376-56749-0706.fits
7376/spec-7376-56749-0707.fits
7376/spec-7376-56749-0708.fits
7376/spec-7376-56749-0709.fits
7376/spec-7376-56749-0710.fits
7376/spec-7376-56749-0711.fits
7376/spec-7376-56749-0712.fits
7376/spec-7376-56749-0713.fits
7376/spec-7376-56749-0714.fits
7376/spec-7376-56749-0715.fits
7376/spec-7376-56749-0716.fits
7376/spec-7376-56749-0717.fits
7376/spec-7376-56749-0718.fits
7376/spec-7376-56749-0719.fits
7376/spec-7376-56749-0720.fits
7376/spec-7376-56749-0721.fits
7376/spec-7376-56749-0722.fits
7376/spec-7376-56749-0723.fits
7376/spec-7376-56749-0724.fits
7376/spec-7376-56749-0725.fits
7376/spec-7376-56749-0726.fits
7376/spec-7376-56749-0727.fits
7376/spec-7376-56749-0728.fits
7376/spec-7376-56749-0729.fits
7376/spec-7376-56749-0730.fits
7376/spec-7376-56749-0731.fits
7376/spec-7376-56749-0732.fits
7376/spec-7376-56749-0733.fits
7376/spec-7376-56749-0734.fits
7376/spec-7376-56749-0735.fits
7376/spec-7376-56749-0736.fits
7376/spec-7376-56749-0737.fits
7376/spec-7376-56749-0738.fits
7376/spec-7376-56749-0739.fits
7376/spec-7376-56749-0740.fits
7376/spec-7376-56749-0741.fits
7376/spec-7376-56749-0742.fits
7376/spec-7376-56749-0743.fits
7376/spec-7376-56749-0744.fits
7376/spec-7376-56749-0745.fits
7376/spec-7376-56749-0746.fits
7376/spec-7376-56749-0747.fits
7376/spec-7376-56749-0748.fits
7376/spec-7376-56749-0749.fits
7376/spec-7376-56749-0750.fits
7376/spec-7376-56749-0751.fits
7376/spec-7376-56749-0752.fits
7376/spec-7376-56749-0753.fits
7376/spec-7376-56749-0754.fits
7376/spec-7376-56749-0755.fits
7376/spec-7376-56749-0756.fits
7376/spec-7376-56749-0757.fits
7376/spec-7376-56749-0758.fits
7376/spec-7376-56749-0759.fits
7376/spec-7376-56749-0760.fits
7376/spec-7376-56749-0761.fits
7376/spec-7376-56749-0762.fits
7376/spec-7376-56749-0763.fits
7376/spec-7376-56749-0764.fits
7376/spec-7376-56749-0765.fits
7376/spec-7376-56749-0766.fits
7376/spec-7376-56749-0767.fits
7376/spec-7376-56749-0768.fits
7376/spec-7376-56749-0769.fits
7376/spec-7376-56749-0770.fits
7376/spec-7376-56749-0771.fits
7376/spec-7376-56749-0772.fits
7376/spec-7376-56749-0773.fits
7376/spec-7376-56749-0774.fits
7376/spec-7376-56749-0775.fits
7376/spec-7376-56749-0776.fits
7376/spec-7376-56749-0777.fits
7376/spec-7376-56749-0778.fits
7376/spec-7376-56749-0779.fits
7376/spec-7376-56749-0780.fits
7376/spec-7376-56749-0781.fits
7376/spec-7376-56749-0782.fits
7376/spec-7376-56749-0783.fits
7376/spec-7376-56749-0784.fits
7376/spec-7376-56749-0785.fits
7376/spec-7376-56749-0786.fits
7376/spec-7376-56749-0787.fits
7376/spec-7376-56749-0788.fits
7376/spec-7376-56749-0789.fits
7376/spec-7376-56749-0790.fits
7376/spec-7376-56749-0791.fits
7376/spec-7376-56749-0792.fits
7376/spec-7376-56749-0793.fits
7376/spec-7376-56749-0794.fits
7376/spec-7376-56749-0795.fits
7376/spec-7376-56749-0796.fits
7376/spec-7376-56749-0797.fits
7376/spec-7376-56749-0798.fits
7376/spec-7376-56749-0799.fits
7376/spec-7376-56749-0800.fits
7376/spec-7376-56749-0801.fits
7376/spec-7376-56749-0802.fits
7376/spec-7376-56749-0803.fits
7376/spec-7376-56749-0804.fits
7376/spec-7376-56749-0805.fits
7376/spec-7376-56749-0806.fits
7376/spec-7376-56749-0807.fits
7376/spec-7376-56749-0808.fits
7376/spec-7376-56749-0809.fits
7376/spec-7376-56749-0810.fits
7376/spec-7376-56749-0811.fits
7376/spec-7376-56749-0812.fits
7376/spec-7376-56749-0813.fits
7376/spec-7376-56749-0814.fits
7376/spec-7376-56749-0815.fits
7376/spec-7376-56749-0816.fits
7376/spec-7376-56749-0817.fits
7376/spec-7376-56749-0818.fits
7376/spec-7376-56749-0819.fits
7376/spec-7376-56749-0820.fits
7376/spec-7376-56749-0821.fits
7376/spec-7376-56749-0822.fits
7376/spec-7376-56749-0823.fits
7376/spec-7376-56749-0824.fits
7376/spec-7376-56749-0825.fits
7376/spec-7376-56749-0826.fits
7376/spec-7376-56749-0827.fits
7376/spec-7376-56749-0828.fits
7376/spec-7376-56749-0829.fits
7376/spec-7376-56749-0830.fits
7376/spec-7376-56749-0831.fits
7376/spec-7376-56749-0832.fits
7376/spec-7376-56749-0833.fits
7376/spec-7376-56749-0834.fits
7376/spec-7376-56749-0835.fits
7376/spec-7376-56749-0836.fits
7376/spec-7376-56749-0837.fits
7376/spec-7376-56749-0838.fits
7376/spec-7376-56749-0839.fits
7376/spec-7376-56749-0840.fits
7376/spec-7376-56749-0841.fits
7376/spec-7376-56749-0842.fits
7376/spec-7376-56749-0843.fits
7376/spec-7376-56749-0844.fits
7376/spec-7376-56749-0845.fits
7376/spec-7376-56749-0846.fits
7376/spec-7376-56749-0847.fits
7376/spec-7376-56749-0848.fits
7376/spec-7376-56749-0849.fits
7376/spec-7376-56749-0850.fits
7376/spec-7376-56749-0851.fits
7376/spec-7376-56749-0852.fits
7376/spec-7376-56749-0853.fits
7376/spec-7376-56749-0854.fits
7376/spec-7376-56749-0855.fits
7376/spec-7376-56749-0856.fits
7376/spec-7376-56749-0857.fits
7376/spec-7376-56749-0858.fits
7376/spec-7376-56749-0859.fits
7376/spec-7376-56749-0860.fits
7376/spec-7376-56749-0861.fits
7376/spec-7376-56749-0862.fits
7376/spec-7376-56749-0863.fits
7376/spec-7376-56749-0864.fits
7376/spec-7376-56749-0865.fits
7376/spec-7376-56749-0866.fits
7376/spec-7376-56749-0867.fits
7376/spec-7376-56749-0868.fits
7376/spec-7376-56749-0869.fits
7376/spec-7376-56749-0870.fits
7376/spec-7376-56749-0871.fits
7376/spec-7376-56749-0872.fits
7376/spec-7376-56749-0873.fits
7376/spec-7376-56749-0874.fits
7376/spec-7376-56749-0875.fits
7376/spec-7376-56749-0876.fits
7376/spec-7376-56749-0877.fits
7376/spec-7376-56749-0878.fits
7376/spec-7376-56749-0879.fits
7376/spec-7376-56749-0880.fits
7376/spec-7376-56749-0881.fits
7376/spec-7376-56749-0882.fits
7376/spec-7376-56749-0883.fits
7376/spec-7376-56749-0884.fits
7376/spec-7376-56749-0885.fits
7376/spec-7376-56749-0886.fits
7376/spec-7376-56749-0887.fits
7376/spec-7376-56749-0888.fits
7376/spec-7376-56749-0889.fits
7376/spec-7376-56749-0890.fits
7376/spec-7376-56749-0891.fits
7376/spec-7376-56749-0892.fits
7376/spec-7376-56749-0893.fits
7376/spec-7376-56749-0894.fits
7376/spec-7376-56749-0895.fits
7376/spec-7376-56749-0896.fits
7376/spec-7376-56749-0897.fits
7376/spec-7376-56749-0898.fits
7376/spec-7376-56749-0899.fits
7376/spec-7376-56749-0900.fits
7376/spec-7376-56749-0901.fits
7376/spec-7376-56749-0902.fits
7376/spec-7376-56749-0903.fits
7376/spec-7376-56749-0904.fits
7376/spec-7376-56749-0905.fits
7376/spec-7376-56749-0906.fits
7376/spec-7376-56749-0907.fits
7376/spec-7376-56749-0908.fits
7376/spec-7376-56749-0909.fits
7376/spec-7376-56749-0910.fits
7376/spec-7376-56749-0911.fits
7376/spec-7376-56749-0912.fits
7376/spec-7376-56749-0913.fits
7376/spec-7376-56749-0914.fits
7376/spec-7376-56749-0915.fits
7376/spec-7376-56749-0916.fits
7376/spec-7376-56749-0917.fits
7376/spec-7376-56749-0918.fits
7376/spec-7376-56749-0919.fits
7376/spec-7376-56749-0920.fits
7376/spec-7376-56749-0921.fits
7376/spec-7376-56749-0922.fits
7376/spec-7376-56749-0923.fits
7376/spec-7376-56749-0924.fits
7376/spec-7376-56749-0925.fits
7376/spec-7376-56749-0926.fits
7376/spec-7376-56749-0927.fits
7376/spec-7376-56749-0928.fits
7376/spec-7376-56749-0929.fits
7376/spec-7376-56749-0930.fits
7376/spec-7376-56749-0931.fits
7376/spec-7376-56749-0932.fits
7376/spec-7376-56749-0933.fits
7376/spec-7376-56749-0934.fits
7376/spec-7376-56749-0935.fits
7376/spec-7376-56749-0936.fits
7376/spec-7376-56749-0937.fits
7376/spec-7376-56749-0938.fits
7376/spec-7376-56749-0939.fits
7376/spec-7376-56749-0940.fits
7376/spec-7376-56749-0941.fits
7376/spec-7376-56749-0942.fits
7376/spec-7376-56749-0943.fits
7376/spec-7376-56749-0944.fits
7376/spec-7376-56749-0945.fits
7376/spec-7376-56749-0946.fits
7376/spec-7376-56749-0947.fits
7376/spec-7376-56749-0948.fits
7376/spec-7376-56749-0949.fits
7376/spec-7376-56749-0950.fits
7376/spec-7376-56749-0951.fits
7376/spec-7376-56749-0952.fits
7376/spec-7376-56749-0953.fits
7376/spec-7376-56749-0954.fits
7376/spec-7376-56749-0955.fits
7376/spec-7376-56749-0956.fits
7376/spec-7376-56749-0957.fits
7376/spec-7376-56749-0958.fits
7376/spec-7376-56749-0959.fits
7376/spec-7376-56749-0960.fits
7376/spec-7376-56749-0961.fits
7376/spec-7376-56749-0962.fits
7376/spec-7376-56749-0963.fits
7376/spec-7376-56749-0964.fits
7376/spec-7376-56749-0965.fits
7376/spec-7376-56749-0966.fits
7376/spec-7376-56749-0967.fits
7376/spec-7376-56749-0968.fits
7376/spec-7376-56749-0969.fits
7376/spec-7376-56749-0970.fits
7376/spec-7376-56749-0971.fits
7376/spec-7376-56749-0972.fits
7376/spec-7376-56749-0973.fits
7376/spec-7376-56749-0974.fits
7376/spec-7376-56749-0975.fits
7376/spec-7376-56749-0976.fits
7376/spec-7376-56749-0977.fits
7376/spec-7376-56749-0978.fits
7376/spec-7376-56749-0979.fits
7376/spec-7376-56749-0980.fits
7376/spec-7376-56749-0981.fits
7376/spec-7376-56749-0982.fits
7376/spec-7376-56749-0983.fits
7376/spec-7376-56749-0984.fits
7376/spec-7376-56749-0985.fits
7376/spec-7376-56749-0986.fits
7376/spec-7376-56749-0987.fits
7376/spec-7376-56749-0988.fits
7376/spec-7376-56749-0989.fits
7376/spec-7376-56749-0990.fits
7376/spec-7376-56749-0991.fits
7376/spec-7376-56749-0992.fits
7376/spec-7376-56749-0993.fits
7376/spec-7376-56749-0994.fits
7376/spec-7376-56749-0995.fits
7376/spec-7376-56749-0996.fits
7376/spec-7376-56749-0997.fits
7376/spec-7376-56749-0998.fits
7376/spec-7376-56749-0999.fits
7376/spec-7376-56749-1000.fits
/var/lib/condor/execute/slot1/dir_28507
7376 7376.tgz R R361.tar.gz _condor_stderr _condor_stdout cB58_Lyman_break.fit condor_exec.exe hw4.R packages packages.tar.gz tmp var
[1] "Loaded package astro."
[1] 1000
7376 7376.csv 7376.tgz R R361.tar.gz _condor_stderr _condor_stdout cB58_Lyman_break.fit condor_exec.exe hw4.R packages packages.tar.gz tmp var
