7380
7380/
7380/spec-7380-56753-0001.fits
7380/spec-7380-56753-0002.fits
7380/spec-7380-56753-0003.fits
7380/spec-7380-56753-0004.fits
7380/spec-7380-56753-0005.fits
7380/spec-7380-56753-0006.fits
7380/spec-7380-56753-0007.fits
7380/spec-7380-56753-0008.fits
7380/spec-7380-56753-0009.fits
7380/spec-7380-56753-0010.fits
7380/spec-7380-56753-0011.fits
7380/spec-7380-56753-0012.fits
7380/spec-7380-56753-0013.fits
7380/spec-7380-56753-0014.fits
7380/spec-7380-56753-0015.fits
7380/spec-7380-56753-0016.fits
7380/spec-7380-56753-0017.fits
7380/spec-7380-56753-0018.fits
7380/spec-7380-56753-0019.fits
7380/spec-7380-56753-0020.fits
7380/spec-7380-56753-0021.fits
7380/spec-7380-56753-0022.fits
7380/spec-7380-56753-0023.fits
7380/spec-7380-56753-0024.fits
7380/spec-7380-56753-0025.fits
7380/spec-7380-56753-0026.fits
7380/spec-7380-56753-0027.fits
7380/spec-7380-56753-0028.fits
7380/spec-7380-56753-0029.fits
7380/spec-7380-56753-0030.fits
7380/spec-7380-56753-0031.fits
7380/spec-7380-56753-0032.fits
7380/spec-7380-56753-0033.fits
7380/spec-7380-56753-0034.fits
7380/spec-7380-56753-0035.fits
7380/spec-7380-56753-0036.fits
7380/spec-7380-56753-0037.fits
7380/spec-7380-56753-0038.fits
7380/spec-7380-56753-0039.fits
7380/spec-7380-56753-0040.fits
7380/spec-7380-56753-0041.fits
7380/spec-7380-56753-0042.fits
7380/spec-7380-56753-0043.fits
7380/spec-7380-56753-0044.fits
7380/spec-7380-56753-0045.fits
7380/spec-7380-56753-0046.fits
7380/spec-7380-56753-0047.fits
7380/spec-7380-56753-0048.fits
7380/spec-7380-56753-0049.fits
7380/spec-7380-56753-0050.fits
7380/spec-7380-56753-0051.fits
7380/spec-7380-56753-0052.fits
7380/spec-7380-56753-0053.fits
7380/spec-7380-56753-0054.fits
7380/spec-7380-56753-0055.fits
7380/spec-7380-56753-0056.fits
7380/spec-7380-56753-0057.fits
7380/spec-7380-56753-0058.fits
7380/spec-7380-56753-0059.fits
7380/spec-7380-56753-0060.fits
7380/spec-7380-56753-0061.fits
7380/spec-7380-56753-0062.fits
7380/spec-7380-56753-0063.fits
7380/spec-7380-56753-0064.fits
7380/spec-7380-56753-0065.fits
7380/spec-7380-56753-0066.fits
7380/spec-7380-56753-0067.fits
7380/spec-7380-56753-0068.fits
7380/spec-7380-56753-0069.fits
7380/spec-7380-56753-0070.fits
7380/spec-7380-56753-0071.fits
7380/spec-7380-56753-0072.fits
7380/spec-7380-56753-0073.fits
7380/spec-7380-56753-0074.fits
7380/spec-7380-56753-0075.fits
7380/spec-7380-56753-0076.fits
7380/spec-7380-56753-0077.fits
7380/spec-7380-56753-0078.fits
7380/spec-7380-56753-0079.fits
7380/spec-7380-56753-0080.fits
7380/spec-7380-56753-0081.fits
7380/spec-7380-56753-0082.fits
7380/spec-7380-56753-0083.fits
7380/spec-7380-56753-0084.fits
7380/spec-7380-56753-0085.fits
7380/spec-7380-56753-0086.fits
7380/spec-7380-56753-0087.fits
7380/spec-7380-56753-0088.fits
7380/spec-7380-56753-0089.fits
7380/spec-7380-56753-0090.fits
7380/spec-7380-56753-0091.fits
7380/spec-7380-56753-0092.fits
7380/spec-7380-56753-0093.fits
7380/spec-7380-56753-0094.fits
7380/spec-7380-56753-0095.fits
7380/spec-7380-56753-0096.fits
7380/spec-7380-56753-0097.fits
7380/spec-7380-56753-0098.fits
7380/spec-7380-56753-0099.fits
7380/spec-7380-56753-0100.fits
7380/spec-7380-56753-0101.fits
7380/spec-7380-56753-0102.fits
7380/spec-7380-56753-0103.fits
7380/spec-7380-56753-0104.fits
7380/spec-7380-56753-0105.fits
7380/spec-7380-56753-0106.fits
7380/spec-7380-56753-0107.fits
7380/spec-7380-56753-0108.fits
7380/spec-7380-56753-0109.fits
7380/spec-7380-56753-0110.fits
7380/spec-7380-56753-0111.fits
7380/spec-7380-56753-0112.fits
7380/spec-7380-56753-0113.fits
7380/spec-7380-56753-0114.fits
7380/spec-7380-56753-0115.fits
7380/spec-7380-56753-0116.fits
7380/spec-7380-56753-0117.fits
7380/spec-7380-56753-0118.fits
7380/spec-7380-56753-0119.fits
7380/spec-7380-56753-0120.fits
7380/spec-7380-56753-0121.fits
7380/spec-7380-56753-0122.fits
7380/spec-7380-56753-0123.fits
7380/spec-7380-56753-0124.fits
7380/spec-7380-56753-0125.fits
7380/spec-7380-56753-0126.fits
7380/spec-7380-56753-0127.fits
7380/spec-7380-56753-0128.fits
7380/spec-7380-56753-0129.fits
7380/spec-7380-56753-0130.fits
7380/spec-7380-56753-0131.fits
7380/spec-7380-56753-0132.fits
7380/spec-7380-56753-0133.fits
7380/spec-7380-56753-0134.fits
7380/spec-7380-56753-0135.fits
7380/spec-7380-56753-0136.fits
7380/spec-7380-56753-0137.fits
7380/spec-7380-56753-0138.fits
7380/spec-7380-56753-0139.fits
7380/spec-7380-56753-0140.fits
7380/spec-7380-56753-0141.fits
7380/spec-7380-56753-0142.fits
7380/spec-7380-56753-0143.fits
7380/spec-7380-56753-0144.fits
7380/spec-7380-56753-0145.fits
7380/spec-7380-56753-0146.fits
7380/spec-7380-56753-0147.fits
7380/spec-7380-56753-0148.fits
7380/spec-7380-56753-0149.fits
7380/spec-7380-56753-0150.fits
7380/spec-7380-56753-0151.fits
7380/spec-7380-56753-0152.fits
7380/spec-7380-56753-0153.fits
7380/spec-7380-56753-0154.fits
7380/spec-7380-56753-0155.fits
7380/spec-7380-56753-0156.fits
7380/spec-7380-56753-0157.fits
7380/spec-7380-56753-0158.fits
7380/spec-7380-56753-0159.fits
7380/spec-7380-56753-0160.fits
7380/spec-7380-56753-0161.fits
7380/spec-7380-56753-0162.fits
7380/spec-7380-56753-0163.fits
7380/spec-7380-56753-0164.fits
7380/spec-7380-56753-0165.fits
7380/spec-7380-56753-0166.fits
7380/spec-7380-56753-0167.fits
7380/spec-7380-56753-0168.fits
7380/spec-7380-56753-0169.fits
7380/spec-7380-56753-0170.fits
7380/spec-7380-56753-0171.fits
7380/spec-7380-56753-0172.fits
7380/spec-7380-56753-0173.fits
7380/spec-7380-56753-0174.fits
7380/spec-7380-56753-0175.fits
7380/spec-7380-56753-0176.fits
7380/spec-7380-56753-0177.fits
7380/spec-7380-56753-0178.fits
7380/spec-7380-56753-0179.fits
7380/spec-7380-56753-0180.fits
7380/spec-7380-56753-0181.fits
7380/spec-7380-56753-0182.fits
7380/spec-7380-56753-0183.fits
7380/spec-7380-56753-0184.fits
7380/spec-7380-56753-0185.fits
7380/spec-7380-56753-0186.fits
7380/spec-7380-56753-0187.fits
7380/spec-7380-56753-0188.fits
7380/spec-7380-56753-0189.fits
7380/spec-7380-56753-0190.fits
7380/spec-7380-56753-0191.fits
7380/spec-7380-56753-0192.fits
7380/spec-7380-56753-0193.fits
7380/spec-7380-56753-0194.fits
7380/spec-7380-56753-0195.fits
7380/spec-7380-56753-0196.fits
7380/spec-7380-56753-0197.fits
7380/spec-7380-56753-0198.fits
7380/spec-7380-56753-0199.fits
7380/spec-7380-56753-0200.fits
7380/spec-7380-56753-0201.fits
7380/spec-7380-56753-0202.fits
7380/spec-7380-56753-0203.fits
7380/spec-7380-56753-0204.fits
7380/spec-7380-56753-0205.fits
7380/spec-7380-56753-0206.fits
7380/spec-7380-56753-0207.fits
7380/spec-7380-56753-0208.fits
7380/spec-7380-56753-0209.fits
7380/spec-7380-56753-0210.fits
7380/spec-7380-56753-0211.fits
7380/spec-7380-56753-0212.fits
7380/spec-7380-56753-0213.fits
7380/spec-7380-56753-0214.fits
7380/spec-7380-56753-0215.fits
7380/spec-7380-56753-0216.fits
7380/spec-7380-56753-0217.fits
7380/spec-7380-56753-0218.fits
7380/spec-7380-56753-0219.fits
7380/spec-7380-56753-0220.fits
7380/spec-7380-56753-0221.fits
7380/spec-7380-56753-0222.fits
7380/spec-7380-56753-0223.fits
7380/spec-7380-56753-0224.fits
7380/spec-7380-56753-0225.fits
7380/spec-7380-56753-0226.fits
7380/spec-7380-56753-0227.fits
7380/spec-7380-56753-0228.fits
7380/spec-7380-56753-0229.fits
7380/spec-7380-56753-0230.fits
7380/spec-7380-56753-0231.fits
7380/spec-7380-56753-0232.fits
7380/spec-7380-56753-0233.fits
7380/spec-7380-56753-0234.fits
7380/spec-7380-56753-0235.fits
7380/spec-7380-56753-0236.fits
7380/spec-7380-56753-0237.fits
7380/spec-7380-56753-0238.fits
7380/spec-7380-56753-0239.fits
7380/spec-7380-56753-0240.fits
7380/spec-7380-56753-0241.fits
7380/spec-7380-56753-0242.fits
7380/spec-7380-56753-0243.fits
7380/spec-7380-56753-0244.fits
7380/spec-7380-56753-0245.fits
7380/spec-7380-56753-0246.fits
7380/spec-7380-56753-0247.fits
7380/spec-7380-56753-0248.fits
7380/spec-7380-56753-0249.fits
7380/spec-7380-56753-0250.fits
7380/spec-7380-56753-0251.fits
7380/spec-7380-56753-0252.fits
7380/spec-7380-56753-0253.fits
7380/spec-7380-56753-0254.fits
7380/spec-7380-56753-0255.fits
7380/spec-7380-56753-0256.fits
7380/spec-7380-56753-0257.fits
7380/spec-7380-56753-0258.fits
7380/spec-7380-56753-0259.fits
7380/spec-7380-56753-0260.fits
7380/spec-7380-56753-0261.fits
7380/spec-7380-56753-0262.fits
7380/spec-7380-56753-0263.fits
7380/spec-7380-56753-0264.fits
7380/spec-7380-56753-0265.fits
7380/spec-7380-56753-0266.fits
7380/spec-7380-56753-0267.fits
7380/spec-7380-56753-0268.fits
7380/spec-7380-56753-0269.fits
7380/spec-7380-56753-0270.fits
7380/spec-7380-56753-0271.fits
7380/spec-7380-56753-0272.fits
7380/spec-7380-56753-0273.fits
7380/spec-7380-56753-0274.fits
7380/spec-7380-56753-0275.fits
7380/spec-7380-56753-0276.fits
7380/spec-7380-56753-0277.fits
7380/spec-7380-56753-0278.fits
7380/spec-7380-56753-0279.fits
7380/spec-7380-56753-0280.fits
7380/spec-7380-56753-0281.fits
7380/spec-7380-56753-0282.fits
7380/spec-7380-56753-0283.fits
7380/spec-7380-56753-0284.fits
7380/spec-7380-56753-0285.fits
7380/spec-7380-56753-0286.fits
7380/spec-7380-56753-0287.fits
7380/spec-7380-56753-0288.fits
7380/spec-7380-56753-0289.fits
7380/spec-7380-56753-0290.fits
7380/spec-7380-56753-0291.fits
7380/spec-7380-56753-0292.fits
7380/spec-7380-56753-0293.fits
7380/spec-7380-56753-0294.fits
7380/spec-7380-56753-0295.fits
7380/spec-7380-56753-0296.fits
7380/spec-7380-56753-0297.fits
7380/spec-7380-56753-0298.fits
7380/spec-7380-56753-0299.fits
7380/spec-7380-56753-0300.fits
7380/spec-7380-56753-0301.fits
7380/spec-7380-56753-0302.fits
7380/spec-7380-56753-0303.fits
7380/spec-7380-56753-0304.fits
7380/spec-7380-56753-0305.fits
7380/spec-7380-56753-0306.fits
7380/spec-7380-56753-0307.fits
7380/spec-7380-56753-0308.fits
7380/spec-7380-56753-0309.fits
7380/spec-7380-56753-0310.fits
7380/spec-7380-56753-0311.fits
7380/spec-7380-56753-0312.fits
7380/spec-7380-56753-0313.fits
7380/spec-7380-56753-0314.fits
7380/spec-7380-56753-0315.fits
7380/spec-7380-56753-0316.fits
7380/spec-7380-56753-0317.fits
7380/spec-7380-56753-0318.fits
7380/spec-7380-56753-0319.fits
7380/spec-7380-56753-0320.fits
7380/spec-7380-56753-0321.fits
7380/spec-7380-56753-0322.fits
7380/spec-7380-56753-0323.fits
7380/spec-7380-56753-0324.fits
7380/spec-7380-56753-0325.fits
7380/spec-7380-56753-0326.fits
7380/spec-7380-56753-0327.fits
7380/spec-7380-56753-0328.fits
7380/spec-7380-56753-0329.fits
7380/spec-7380-56753-0330.fits
7380/spec-7380-56753-0331.fits
7380/spec-7380-56753-0332.fits
7380/spec-7380-56753-0333.fits
7380/spec-7380-56753-0334.fits
7380/spec-7380-56753-0335.fits
7380/spec-7380-56753-0336.fits
7380/spec-7380-56753-0337.fits
7380/spec-7380-56753-0338.fits
7380/spec-7380-56753-0339.fits
7380/spec-7380-56753-0340.fits
7380/spec-7380-56753-0341.fits
7380/spec-7380-56753-0342.fits
7380/spec-7380-56753-0343.fits
7380/spec-7380-56753-0344.fits
7380/spec-7380-56753-0345.fits
7380/spec-7380-56753-0346.fits
7380/spec-7380-56753-0347.fits
7380/spec-7380-56753-0348.fits
7380/spec-7380-56753-0349.fits
7380/spec-7380-56753-0350.fits
7380/spec-7380-56753-0351.fits
7380/spec-7380-56753-0352.fits
7380/spec-7380-56753-0353.fits
7380/spec-7380-56753-0354.fits
7380/spec-7380-56753-0355.fits
7380/spec-7380-56753-0356.fits
7380/spec-7380-56753-0357.fits
7380/spec-7380-56753-0358.fits
7380/spec-7380-56753-0359.fits
7380/spec-7380-56753-0360.fits
7380/spec-7380-56753-0361.fits
7380/spec-7380-56753-0362.fits
7380/spec-7380-56753-0363.fits
7380/spec-7380-56753-0364.fits
7380/spec-7380-56753-0365.fits
7380/spec-7380-56753-0366.fits
7380/spec-7380-56753-0367.fits
7380/spec-7380-56753-0368.fits
7380/spec-7380-56753-0369.fits
7380/spec-7380-56753-0370.fits
7380/spec-7380-56753-0371.fits
7380/spec-7380-56753-0372.fits
7380/spec-7380-56753-0373.fits
7380/spec-7380-56753-0374.fits
7380/spec-7380-56753-0375.fits
7380/spec-7380-56753-0376.fits
7380/spec-7380-56753-0377.fits
7380/spec-7380-56753-0378.fits
7380/spec-7380-56753-0379.fits
7380/spec-7380-56753-0380.fits
7380/spec-7380-56753-0381.fits
7380/spec-7380-56753-0382.fits
7380/spec-7380-56753-0383.fits
7380/spec-7380-56753-0384.fits
7380/spec-7380-56753-0385.fits
7380/spec-7380-56753-0386.fits
7380/spec-7380-56753-0387.fits
7380/spec-7380-56753-0388.fits
7380/spec-7380-56753-0389.fits
7380/spec-7380-56753-0390.fits
7380/spec-7380-56753-0391.fits
7380/spec-7380-56753-0392.fits
7380/spec-7380-56753-0393.fits
7380/spec-7380-56753-0394.fits
7380/spec-7380-56753-0395.fits
7380/spec-7380-56753-0396.fits
7380/spec-7380-56753-0397.fits
7380/spec-7380-56753-0398.fits
7380/spec-7380-56753-0399.fits
7380/spec-7380-56753-0400.fits
7380/spec-7380-56753-0401.fits
7380/spec-7380-56753-0402.fits
7380/spec-7380-56753-0403.fits
7380/spec-7380-56753-0404.fits
7380/spec-7380-56753-0405.fits
7380/spec-7380-56753-0406.fits
7380/spec-7380-56753-0407.fits
7380/spec-7380-56753-0408.fits
7380/spec-7380-56753-0409.fits
7380/spec-7380-56753-0410.fits
7380/spec-7380-56753-0411.fits
7380/spec-7380-56753-0412.fits
7380/spec-7380-56753-0413.fits
7380/spec-7380-56753-0414.fits
7380/spec-7380-56753-0415.fits
7380/spec-7380-56753-0416.fits
7380/spec-7380-56753-0417.fits
7380/spec-7380-56753-0418.fits
7380/spec-7380-56753-0419.fits
7380/spec-7380-56753-0420.fits
7380/spec-7380-56753-0421.fits
7380/spec-7380-56753-0422.fits
7380/spec-7380-56753-0423.fits
7380/spec-7380-56753-0424.fits
7380/spec-7380-56753-0425.fits
7380/spec-7380-56753-0426.fits
7380/spec-7380-56753-0427.fits
7380/spec-7380-56753-0428.fits
7380/spec-7380-56753-0429.fits
7380/spec-7380-56753-0430.fits
7380/spec-7380-56753-0431.fits
7380/spec-7380-56753-0432.fits
7380/spec-7380-56753-0433.fits
7380/spec-7380-56753-0434.fits
7380/spec-7380-56753-0435.fits
7380/spec-7380-56753-0436.fits
7380/spec-7380-56753-0437.fits
7380/spec-7380-56753-0438.fits
7380/spec-7380-56753-0439.fits
7380/spec-7380-56753-0440.fits
7380/spec-7380-56753-0441.fits
7380/spec-7380-56753-0442.fits
7380/spec-7380-56753-0443.fits
7380/spec-7380-56753-0444.fits
7380/spec-7380-56753-0445.fits
7380/spec-7380-56753-0446.fits
7380/spec-7380-56753-0447.fits
7380/spec-7380-56753-0448.fits
7380/spec-7380-56753-0449.fits
7380/spec-7380-56753-0450.fits
7380/spec-7380-56753-0451.fits
7380/spec-7380-56753-0452.fits
7380/spec-7380-56753-0453.fits
7380/spec-7380-56753-0454.fits
7380/spec-7380-56753-0455.fits
7380/spec-7380-56753-0456.fits
7380/spec-7380-56753-0457.fits
7380/spec-7380-56753-0458.fits
7380/spec-7380-56753-0459.fits
7380/spec-7380-56753-0460.fits
7380/spec-7380-56753-0461.fits
7380/spec-7380-56753-0462.fits
7380/spec-7380-56753-0463.fits
7380/spec-7380-56753-0464.fits
7380/spec-7380-56753-0465.fits
7380/spec-7380-56753-0466.fits
7380/spec-7380-56753-0467.fits
7380/spec-7380-56753-0468.fits
7380/spec-7380-56753-0469.fits
7380/spec-7380-56753-0470.fits
7380/spec-7380-56753-0471.fits
7380/spec-7380-56753-0472.fits
7380/spec-7380-56753-0473.fits
7380/spec-7380-56753-0474.fits
7380/spec-7380-56753-0475.fits
7380/spec-7380-56753-0476.fits
7380/spec-7380-56753-0477.fits
7380/spec-7380-56753-0478.fits
7380/spec-7380-56753-0479.fits
7380/spec-7380-56753-0480.fits
7380/spec-7380-56753-0481.fits
7380/spec-7380-56753-0482.fits
7380/spec-7380-56753-0483.fits
7380/spec-7380-56753-0484.fits
7380/spec-7380-56753-0485.fits
7380/spec-7380-56753-0486.fits
7380/spec-7380-56753-0487.fits
7380/spec-7380-56753-0488.fits
7380/spec-7380-56753-0489.fits
7380/spec-7380-56753-0490.fits
7380/spec-7380-56753-0491.fits
7380/spec-7380-56753-0492.fits
7380/spec-7380-56753-0493.fits
7380/spec-7380-56753-0494.fits
7380/spec-7380-56753-0495.fits
7380/spec-7380-56753-0496.fits
7380/spec-7380-56753-0497.fits
7380/spec-7380-56753-0498.fits
7380/spec-7380-56753-0499.fits
7380/spec-7380-56753-0500.fits
7380/spec-7380-56753-0501.fits
7380/spec-7380-56753-0502.fits
7380/spec-7380-56753-0503.fits
7380/spec-7380-56753-0504.fits
7380/spec-7380-56753-0505.fits
7380/spec-7380-56753-0506.fits
7380/spec-7380-56753-0507.fits
7380/spec-7380-56753-0508.fits
7380/spec-7380-56753-0509.fits
7380/spec-7380-56753-0510.fits
7380/spec-7380-56753-0511.fits
7380/spec-7380-56753-0512.fits
7380/spec-7380-56753-0513.fits
7380/spec-7380-56753-0514.fits
7380/spec-7380-56753-0515.fits
7380/spec-7380-56753-0516.fits
7380/spec-7380-56753-0517.fits
7380/spec-7380-56753-0518.fits
7380/spec-7380-56753-0519.fits
7380/spec-7380-56753-0520.fits
7380/spec-7380-56753-0521.fits
7380/spec-7380-56753-0522.fits
7380/spec-7380-56753-0523.fits
7380/spec-7380-56753-0524.fits
7380/spec-7380-56753-0525.fits
7380/spec-7380-56753-0526.fits
7380/spec-7380-56753-0527.fits
7380/spec-7380-56753-0528.fits
7380/spec-7380-56753-0529.fits
7380/spec-7380-56753-0530.fits
7380/spec-7380-56753-0531.fits
7380/spec-7380-56753-0532.fits
7380/spec-7380-56753-0533.fits
7380/spec-7380-56753-0534.fits
7380/spec-7380-56753-0535.fits
7380/spec-7380-56753-0536.fits
7380/spec-7380-56753-0537.fits
7380/spec-7380-56753-0538.fits
7380/spec-7380-56753-0539.fits
7380/spec-7380-56753-0540.fits
7380/spec-7380-56753-0541.fits
7380/spec-7380-56753-0542.fits
7380/spec-7380-56753-0543.fits
7380/spec-7380-56753-0544.fits
7380/spec-7380-56753-0545.fits
7380/spec-7380-56753-0546.fits
7380/spec-7380-56753-0547.fits
7380/spec-7380-56753-0548.fits
7380/spec-7380-56753-0549.fits
7380/spec-7380-56753-0550.fits
7380/spec-7380-56753-0551.fits
7380/spec-7380-56753-0552.fits
7380/spec-7380-56753-0553.fits
7380/spec-7380-56753-0554.fits
7380/spec-7380-56753-0555.fits
7380/spec-7380-56753-0556.fits
7380/spec-7380-56753-0557.fits
7380/spec-7380-56753-0558.fits
7380/spec-7380-56753-0559.fits
7380/spec-7380-56753-0560.fits
7380/spec-7380-56753-0561.fits
7380/spec-7380-56753-0562.fits
7380/spec-7380-56753-0563.fits
7380/spec-7380-56753-0564.fits
7380/spec-7380-56753-0565.fits
7380/spec-7380-56753-0566.fits
7380/spec-7380-56753-0567.fits
7380/spec-7380-56753-0568.fits
7380/spec-7380-56753-0569.fits
7380/spec-7380-56753-0570.fits
7380/spec-7380-56753-0571.fits
7380/spec-7380-56753-0572.fits
7380/spec-7380-56753-0573.fits
7380/spec-7380-56753-0574.fits
7380/spec-7380-56753-0575.fits
7380/spec-7380-56753-0576.fits
7380/spec-7380-56753-0577.fits
7380/spec-7380-56753-0578.fits
7380/spec-7380-56753-0579.fits
7380/spec-7380-56753-0580.fits
7380/spec-7380-56753-0581.fits
7380/spec-7380-56753-0582.fits
7380/spec-7380-56753-0583.fits
7380/spec-7380-56753-0584.fits
7380/spec-7380-56753-0585.fits
7380/spec-7380-56753-0586.fits
7380/spec-7380-56753-0587.fits
7380/spec-7380-56753-0588.fits
7380/spec-7380-56753-0589.fits
7380/spec-7380-56753-0590.fits
7380/spec-7380-56753-0591.fits
7380/spec-7380-56753-0592.fits
7380/spec-7380-56753-0593.fits
7380/spec-7380-56753-0594.fits
7380/spec-7380-56753-0595.fits
7380/spec-7380-56753-0596.fits
7380/spec-7380-56753-0597.fits
7380/spec-7380-56753-0598.fits
7380/spec-7380-56753-0599.fits
7380/spec-7380-56753-0600.fits
7380/spec-7380-56753-0601.fits
7380/spec-7380-56753-0602.fits
7380/spec-7380-56753-0603.fits
7380/spec-7380-56753-0604.fits
7380/spec-7380-56753-0605.fits
7380/spec-7380-56753-0606.fits
7380/spec-7380-56753-0607.fits
7380/spec-7380-56753-0608.fits
7380/spec-7380-56753-0609.fits
7380/spec-7380-56753-0610.fits
7380/spec-7380-56753-0611.fits
7380/spec-7380-56753-0612.fits
7380/spec-7380-56753-0613.fits
7380/spec-7380-56753-0614.fits
7380/spec-7380-56753-0615.fits
7380/spec-7380-56753-0616.fits
7380/spec-7380-56753-0617.fits
7380/spec-7380-56753-0618.fits
7380/spec-7380-56753-0619.fits
7380/spec-7380-56753-0620.fits
7380/spec-7380-56753-0621.fits
7380/spec-7380-56753-0622.fits
7380/spec-7380-56753-0623.fits
7380/spec-7380-56753-0624.fits
7380/spec-7380-56753-0625.fits
7380/spec-7380-56753-0626.fits
7380/spec-7380-56753-0627.fits
7380/spec-7380-56753-0628.fits
7380/spec-7380-56753-0629.fits
7380/spec-7380-56753-0630.fits
7380/spec-7380-56753-0631.fits
7380/spec-7380-56753-0632.fits
7380/spec-7380-56753-0633.fits
7380/spec-7380-56753-0634.fits
7380/spec-7380-56753-0635.fits
7380/spec-7380-56753-0636.fits
7380/spec-7380-56753-0637.fits
7380/spec-7380-56753-0638.fits
7380/spec-7380-56753-0639.fits
7380/spec-7380-56753-0640.fits
7380/spec-7380-56753-0641.fits
7380/spec-7380-56753-0642.fits
7380/spec-7380-56753-0643.fits
7380/spec-7380-56753-0644.fits
7380/spec-7380-56753-0645.fits
7380/spec-7380-56753-0646.fits
7380/spec-7380-56753-0647.fits
7380/spec-7380-56753-0648.fits
7380/spec-7380-56753-0649.fits
7380/spec-7380-56753-0650.fits
7380/spec-7380-56753-0651.fits
7380/spec-7380-56753-0652.fits
7380/spec-7380-56753-0653.fits
7380/spec-7380-56753-0654.fits
7380/spec-7380-56753-0655.fits
7380/spec-7380-56753-0656.fits
7380/spec-7380-56753-0657.fits
7380/spec-7380-56753-0658.fits
7380/spec-7380-56753-0659.fits
7380/spec-7380-56753-0660.fits
7380/spec-7380-56753-0661.fits
7380/spec-7380-56753-0662.fits
7380/spec-7380-56753-0663.fits
7380/spec-7380-56753-0664.fits
7380/spec-7380-56753-0665.fits
7380/spec-7380-56753-0666.fits
7380/spec-7380-56753-0667.fits
7380/spec-7380-56753-0668.fits
7380/spec-7380-56753-0669.fits
7380/spec-7380-56753-0670.fits
7380/spec-7380-56753-0671.fits
7380/spec-7380-56753-0672.fits
7380/spec-7380-56753-0673.fits
7380/spec-7380-56753-0674.fits
7380/spec-7380-56753-0675.fits
7380/spec-7380-56753-0676.fits
7380/spec-7380-56753-0677.fits
7380/spec-7380-56753-0678.fits
7380/spec-7380-56753-0679.fits
7380/spec-7380-56753-0680.fits
7380/spec-7380-56753-0681.fits
7380/spec-7380-56753-0682.fits
7380/spec-7380-56753-0683.fits
7380/spec-7380-56753-0684.fits
7380/spec-7380-56753-0685.fits
7380/spec-7380-56753-0686.fits
7380/spec-7380-56753-0687.fits
7380/spec-7380-56753-0688.fits
7380/spec-7380-56753-0689.fits
7380/spec-7380-56753-0690.fits
7380/spec-7380-56753-0691.fits
7380/spec-7380-56753-0692.fits
7380/spec-7380-56753-0693.fits
7380/spec-7380-56753-0694.fits
7380/spec-7380-56753-0695.fits
7380/spec-7380-56753-0696.fits
7380/spec-7380-56753-0697.fits
7380/spec-7380-56753-0698.fits
7380/spec-7380-56753-0699.fits
7380/spec-7380-56753-0700.fits
7380/spec-7380-56753-0701.fits
7380/spec-7380-56753-0702.fits
7380/spec-7380-56753-0703.fits
7380/spec-7380-56753-0704.fits
7380/spec-7380-56753-0705.fits
7380/spec-7380-56753-0706.fits
7380/spec-7380-56753-0707.fits
7380/spec-7380-56753-0708.fits
7380/spec-7380-56753-0709.fits
7380/spec-7380-56753-0710.fits
7380/spec-7380-56753-0711.fits
7380/spec-7380-56753-0712.fits
7380/spec-7380-56753-0713.fits
7380/spec-7380-56753-0714.fits
7380/spec-7380-56753-0715.fits
7380/spec-7380-56753-0716.fits
7380/spec-7380-56753-0717.fits
7380/spec-7380-56753-0718.fits
7380/spec-7380-56753-0719.fits
7380/spec-7380-56753-0720.fits
7380/spec-7380-56753-0721.fits
7380/spec-7380-56753-0722.fits
7380/spec-7380-56753-0723.fits
7380/spec-7380-56753-0724.fits
7380/spec-7380-56753-0725.fits
7380/spec-7380-56753-0726.fits
7380/spec-7380-56753-0727.fits
7380/spec-7380-56753-0728.fits
7380/spec-7380-56753-0729.fits
7380/spec-7380-56753-0730.fits
7380/spec-7380-56753-0731.fits
7380/spec-7380-56753-0732.fits
7380/spec-7380-56753-0733.fits
7380/spec-7380-56753-0734.fits
7380/spec-7380-56753-0735.fits
7380/spec-7380-56753-0736.fits
7380/spec-7380-56753-0737.fits
7380/spec-7380-56753-0738.fits
7380/spec-7380-56753-0739.fits
7380/spec-7380-56753-0740.fits
7380/spec-7380-56753-0741.fits
7380/spec-7380-56753-0742.fits
7380/spec-7380-56753-0743.fits
7380/spec-7380-56753-0744.fits
7380/spec-7380-56753-0745.fits
7380/spec-7380-56753-0746.fits
7380/spec-7380-56753-0747.fits
7380/spec-7380-56753-0748.fits
7380/spec-7380-56753-0749.fits
7380/spec-7380-56753-0750.fits
7380/spec-7380-56753-0751.fits
7380/spec-7380-56753-0752.fits
7380/spec-7380-56753-0753.fits
7380/spec-7380-56753-0754.fits
7380/spec-7380-56753-0755.fits
7380/spec-7380-56753-0756.fits
7380/spec-7380-56753-0757.fits
7380/spec-7380-56753-0758.fits
7380/spec-7380-56753-0759.fits
7380/spec-7380-56753-0760.fits
7380/spec-7380-56753-0761.fits
7380/spec-7380-56753-0762.fits
7380/spec-7380-56753-0763.fits
7380/spec-7380-56753-0764.fits
7380/spec-7380-56753-0765.fits
7380/spec-7380-56753-0766.fits
7380/spec-7380-56753-0767.fits
7380/spec-7380-56753-0768.fits
7380/spec-7380-56753-0769.fits
7380/spec-7380-56753-0770.fits
7380/spec-7380-56753-0771.fits
7380/spec-7380-56753-0772.fits
7380/spec-7380-56753-0773.fits
7380/spec-7380-56753-0774.fits
7380/spec-7380-56753-0775.fits
7380/spec-7380-56753-0776.fits
7380/spec-7380-56753-0777.fits
7380/spec-7380-56753-0778.fits
7380/spec-7380-56753-0779.fits
7380/spec-7380-56753-0780.fits
7380/spec-7380-56753-0781.fits
7380/spec-7380-56753-0782.fits
7380/spec-7380-56753-0783.fits
7380/spec-7380-56753-0784.fits
7380/spec-7380-56753-0785.fits
7380/spec-7380-56753-0786.fits
7380/spec-7380-56753-0787.fits
7380/spec-7380-56753-0788.fits
7380/spec-7380-56753-0789.fits
7380/spec-7380-56753-0790.fits
7380/spec-7380-56753-0791.fits
7380/spec-7380-56753-0792.fits
7380/spec-7380-56753-0793.fits
7380/spec-7380-56753-0794.fits
7380/spec-7380-56753-0795.fits
7380/spec-7380-56753-0796.fits
7380/spec-7380-56753-0797.fits
7380/spec-7380-56753-0798.fits
7380/spec-7380-56753-0799.fits
7380/spec-7380-56753-0800.fits
7380/spec-7380-56753-0801.fits
7380/spec-7380-56753-0802.fits
7380/spec-7380-56753-0803.fits
7380/spec-7380-56753-0804.fits
7380/spec-7380-56753-0805.fits
7380/spec-7380-56753-0806.fits
7380/spec-7380-56753-0807.fits
7380/spec-7380-56753-0808.fits
7380/spec-7380-56753-0809.fits
7380/spec-7380-56753-0810.fits
7380/spec-7380-56753-0811.fits
7380/spec-7380-56753-0812.fits
7380/spec-7380-56753-0813.fits
7380/spec-7380-56753-0814.fits
7380/spec-7380-56753-0815.fits
7380/spec-7380-56753-0816.fits
7380/spec-7380-56753-0817.fits
7380/spec-7380-56753-0818.fits
7380/spec-7380-56753-0819.fits
7380/spec-7380-56753-0820.fits
7380/spec-7380-56753-0821.fits
7380/spec-7380-56753-0822.fits
7380/spec-7380-56753-0823.fits
7380/spec-7380-56753-0824.fits
7380/spec-7380-56753-0825.fits
7380/spec-7380-56753-0826.fits
7380/spec-7380-56753-0827.fits
7380/spec-7380-56753-0828.fits
7380/spec-7380-56753-0829.fits
7380/spec-7380-56753-0830.fits
7380/spec-7380-56753-0831.fits
7380/spec-7380-56753-0832.fits
7380/spec-7380-56753-0833.fits
7380/spec-7380-56753-0834.fits
7380/spec-7380-56753-0835.fits
7380/spec-7380-56753-0836.fits
7380/spec-7380-56753-0837.fits
7380/spec-7380-56753-0838.fits
7380/spec-7380-56753-0839.fits
7380/spec-7380-56753-0840.fits
7380/spec-7380-56753-0841.fits
7380/spec-7380-56753-0842.fits
7380/spec-7380-56753-0843.fits
7380/spec-7380-56753-0844.fits
7380/spec-7380-56753-0845.fits
7380/spec-7380-56753-0846.fits
7380/spec-7380-56753-0847.fits
7380/spec-7380-56753-0848.fits
7380/spec-7380-56753-0849.fits
7380/spec-7380-56753-0850.fits
7380/spec-7380-56753-0851.fits
7380/spec-7380-56753-0852.fits
7380/spec-7380-56753-0853.fits
7380/spec-7380-56753-0854.fits
7380/spec-7380-56753-0855.fits
7380/spec-7380-56753-0856.fits
7380/spec-7380-56753-0857.fits
7380/spec-7380-56753-0858.fits
7380/spec-7380-56753-0859.fits
7380/spec-7380-56753-0860.fits
7380/spec-7380-56753-0861.fits
7380/spec-7380-56753-0862.fits
7380/spec-7380-56753-0863.fits
7380/spec-7380-56753-0864.fits
7380/spec-7380-56753-0865.fits
7380/spec-7380-56753-0866.fits
7380/spec-7380-56753-0867.fits
7380/spec-7380-56753-0868.fits
7380/spec-7380-56753-0869.fits
7380/spec-7380-56753-0870.fits
7380/spec-7380-56753-0871.fits
7380/spec-7380-56753-0872.fits
7380/spec-7380-56753-0873.fits
7380/spec-7380-56753-0874.fits
7380/spec-7380-56753-0875.fits
7380/spec-7380-56753-0876.fits
7380/spec-7380-56753-0877.fits
7380/spec-7380-56753-0878.fits
7380/spec-7380-56753-0879.fits
7380/spec-7380-56753-0880.fits
7380/spec-7380-56753-0881.fits
7380/spec-7380-56753-0882.fits
7380/spec-7380-56753-0883.fits
7380/spec-7380-56753-0884.fits
7380/spec-7380-56753-0885.fits
7380/spec-7380-56753-0886.fits
7380/spec-7380-56753-0887.fits
7380/spec-7380-56753-0888.fits
7380/spec-7380-56753-0889.fits
7380/spec-7380-56753-0890.fits
7380/spec-7380-56753-0891.fits
7380/spec-7380-56753-0892.fits
7380/spec-7380-56753-0893.fits
7380/spec-7380-56753-0894.fits
7380/spec-7380-56753-0895.fits
7380/spec-7380-56753-0896.fits
7380/spec-7380-56753-0897.fits
7380/spec-7380-56753-0898.fits
7380/spec-7380-56753-0899.fits
7380/spec-7380-56753-0900.fits
7380/spec-7380-56753-0901.fits
7380/spec-7380-56753-0902.fits
7380/spec-7380-56753-0903.fits
7380/spec-7380-56753-0904.fits
7380/spec-7380-56753-0905.fits
7380/spec-7380-56753-0906.fits
7380/spec-7380-56753-0907.fits
7380/spec-7380-56753-0908.fits
7380/spec-7380-56753-0909.fits
7380/spec-7380-56753-0910.fits
7380/spec-7380-56753-0911.fits
7380/spec-7380-56753-0912.fits
7380/spec-7380-56753-0913.fits
7380/spec-7380-56753-0914.fits
7380/spec-7380-56753-0915.fits
7380/spec-7380-56753-0916.fits
7380/spec-7380-56753-0917.fits
7380/spec-7380-56753-0918.fits
7380/spec-7380-56753-0919.fits
7380/spec-7380-56753-0920.fits
7380/spec-7380-56753-0921.fits
7380/spec-7380-56753-0922.fits
7380/spec-7380-56753-0923.fits
7380/spec-7380-56753-0924.fits
7380/spec-7380-56753-0925.fits
7380/spec-7380-56753-0926.fits
7380/spec-7380-56753-0927.fits
7380/spec-7380-56753-0928.fits
7380/spec-7380-56753-0929.fits
7380/spec-7380-56753-0930.fits
7380/spec-7380-56753-0931.fits
7380/spec-7380-56753-0932.fits
7380/spec-7380-56753-0933.fits
7380/spec-7380-56753-0934.fits
7380/spec-7380-56753-0935.fits
7380/spec-7380-56753-0936.fits
7380/spec-7380-56753-0937.fits
7380/spec-7380-56753-0938.fits
7380/spec-7380-56753-0939.fits
7380/spec-7380-56753-0940.fits
7380/spec-7380-56753-0941.fits
7380/spec-7380-56753-0942.fits
7380/spec-7380-56753-0943.fits
7380/spec-7380-56753-0944.fits
7380/spec-7380-56753-0945.fits
7380/spec-7380-56753-0946.fits
7380/spec-7380-56753-0947.fits
7380/spec-7380-56753-0948.fits
7380/spec-7380-56753-0949.fits
7380/spec-7380-56753-0950.fits
7380/spec-7380-56753-0951.fits
7380/spec-7380-56753-0952.fits
7380/spec-7380-56753-0953.fits
7380/spec-7380-56753-0954.fits
7380/spec-7380-56753-0955.fits
7380/spec-7380-56753-0956.fits
7380/spec-7380-56753-0957.fits
7380/spec-7380-56753-0958.fits
7380/spec-7380-56753-0959.fits
7380/spec-7380-56753-0960.fits
7380/spec-7380-56753-0961.fits
7380/spec-7380-56753-0962.fits
7380/spec-7380-56753-0963.fits
7380/spec-7380-56753-0964.fits
7380/spec-7380-56753-0965.fits
7380/spec-7380-56753-0966.fits
7380/spec-7380-56753-0967.fits
7380/spec-7380-56753-0968.fits
7380/spec-7380-56753-0969.fits
7380/spec-7380-56753-0970.fits
7380/spec-7380-56753-0971.fits
7380/spec-7380-56753-0972.fits
7380/spec-7380-56753-0973.fits
7380/spec-7380-56753-0974.fits
7380/spec-7380-56753-0975.fits
7380/spec-7380-56753-0976.fits
7380/spec-7380-56753-0977.fits
7380/spec-7380-56753-0978.fits
7380/spec-7380-56753-0979.fits
7380/spec-7380-56753-0980.fits
7380/spec-7380-56753-0981.fits
7380/spec-7380-56753-0982.fits
7380/spec-7380-56753-0983.fits
7380/spec-7380-56753-0984.fits
7380/spec-7380-56753-0985.fits
7380/spec-7380-56753-0986.fits
7380/spec-7380-56753-0987.fits
7380/spec-7380-56753-0988.fits
7380/spec-7380-56753-0989.fits
7380/spec-7380-56753-0990.fits
7380/spec-7380-56753-0991.fits
7380/spec-7380-56753-0992.fits
7380/spec-7380-56753-0993.fits
7380/spec-7380-56753-0994.fits
7380/spec-7380-56753-0995.fits
7380/spec-7380-56753-0996.fits
7380/spec-7380-56753-0997.fits
7380/spec-7380-56753-0998.fits
7380/spec-7380-56753-0999.fits
7380/spec-7380-56753-1000.fits
/var/lib/condor/execute/slot1/dir_11271
7380 7380.tgz R R361.tar.gz _condor_stderr _condor_stdout cB58_Lyman_break.fit condor_exec.exe hw4.R packages packages.tar.gz tmp var
[1] "Loaded package astro."
[1] 1000
7380 7380.csv 7380.tgz R R361.tar.gz _condor_stderr _condor_stdout cB58_Lyman_break.fit condor_exec.exe hw4.R packages packages.tar.gz tmp var
