7450
7450/
7450/spec-7450-56722-0001.fits
7450/spec-7450-56722-0002.fits
7450/spec-7450-56722-0003.fits
7450/spec-7450-56722-0004.fits
7450/spec-7450-56722-0005.fits
7450/spec-7450-56722-0006.fits
7450/spec-7450-56722-0007.fits
7450/spec-7450-56722-0008.fits
7450/spec-7450-56722-0009.fits
7450/spec-7450-56722-0010.fits
7450/spec-7450-56722-0011.fits
7450/spec-7450-56722-0012.fits
7450/spec-7450-56722-0013.fits
7450/spec-7450-56722-0014.fits
7450/spec-7450-56722-0015.fits
7450/spec-7450-56722-0016.fits
7450/spec-7450-56722-0017.fits
7450/spec-7450-56722-0018.fits
7450/spec-7450-56722-0019.fits
7450/spec-7450-56722-0020.fits
7450/spec-7450-56722-0021.fits
7450/spec-7450-56722-0022.fits
7450/spec-7450-56722-0023.fits
7450/spec-7450-56722-0024.fits
7450/spec-7450-56722-0025.fits
7450/spec-7450-56722-0026.fits
7450/spec-7450-56722-0027.fits
7450/spec-7450-56722-0028.fits
7450/spec-7450-56722-0029.fits
7450/spec-7450-56722-0030.fits
7450/spec-7450-56722-0031.fits
7450/spec-7450-56722-0032.fits
7450/spec-7450-56722-0033.fits
7450/spec-7450-56722-0034.fits
7450/spec-7450-56722-0035.fits
7450/spec-7450-56722-0036.fits
7450/spec-7450-56722-0037.fits
7450/spec-7450-56722-0038.fits
7450/spec-7450-56722-0039.fits
7450/spec-7450-56722-0040.fits
7450/spec-7450-56722-0041.fits
7450/spec-7450-56722-0042.fits
7450/spec-7450-56722-0043.fits
7450/spec-7450-56722-0044.fits
7450/spec-7450-56722-0045.fits
7450/spec-7450-56722-0046.fits
7450/spec-7450-56722-0047.fits
7450/spec-7450-56722-0048.fits
7450/spec-7450-56722-0049.fits
7450/spec-7450-56722-0050.fits
7450/spec-7450-56722-0051.fits
7450/spec-7450-56722-0052.fits
7450/spec-7450-56722-0053.fits
7450/spec-7450-56722-0054.fits
7450/spec-7450-56722-0055.fits
7450/spec-7450-56722-0056.fits
7450/spec-7450-56722-0057.fits
7450/spec-7450-56722-0058.fits
7450/spec-7450-56722-0059.fits
7450/spec-7450-56722-0060.fits
7450/spec-7450-56722-0061.fits
7450/spec-7450-56722-0062.fits
7450/spec-7450-56722-0063.fits
7450/spec-7450-56722-0064.fits
7450/spec-7450-56722-0065.fits
7450/spec-7450-56722-0066.fits
7450/spec-7450-56722-0067.fits
7450/spec-7450-56722-0068.fits
7450/spec-7450-56722-0069.fits
7450/spec-7450-56722-0070.fits
7450/spec-7450-56722-0071.fits
7450/spec-7450-56722-0072.fits
7450/spec-7450-56722-0073.fits
7450/spec-7450-56722-0074.fits
7450/spec-7450-56722-0075.fits
7450/spec-7450-56722-0076.fits
7450/spec-7450-56722-0077.fits
7450/spec-7450-56722-0078.fits
7450/spec-7450-56722-0079.fits
7450/spec-7450-56722-0080.fits
7450/spec-7450-56722-0081.fits
7450/spec-7450-56722-0082.fits
7450/spec-7450-56722-0083.fits
7450/spec-7450-56722-0084.fits
7450/spec-7450-56722-0085.fits
7450/spec-7450-56722-0086.fits
7450/spec-7450-56722-0087.fits
7450/spec-7450-56722-0088.fits
7450/spec-7450-56722-0089.fits
7450/spec-7450-56722-0090.fits
7450/spec-7450-56722-0091.fits
7450/spec-7450-56722-0092.fits
7450/spec-7450-56722-0093.fits
7450/spec-7450-56722-0094.fits
7450/spec-7450-56722-0095.fits
7450/spec-7450-56722-0096.fits
7450/spec-7450-56722-0097.fits
7450/spec-7450-56722-0098.fits
7450/spec-7450-56722-0099.fits
7450/spec-7450-56722-0100.fits
7450/spec-7450-56722-0101.fits
7450/spec-7450-56722-0102.fits
7450/spec-7450-56722-0103.fits
7450/spec-7450-56722-0104.fits
7450/spec-7450-56722-0105.fits
7450/spec-7450-56722-0106.fits
7450/spec-7450-56722-0107.fits
7450/spec-7450-56722-0108.fits
7450/spec-7450-56722-0109.fits
7450/spec-7450-56722-0110.fits
7450/spec-7450-56722-0111.fits
7450/spec-7450-56722-0112.fits
7450/spec-7450-56722-0113.fits
7450/spec-7450-56722-0114.fits
7450/spec-7450-56722-0115.fits
7450/spec-7450-56722-0116.fits
7450/spec-7450-56722-0117.fits
7450/spec-7450-56722-0118.fits
7450/spec-7450-56722-0119.fits
7450/spec-7450-56722-0120.fits
7450/spec-7450-56722-0121.fits
7450/spec-7450-56722-0122.fits
7450/spec-7450-56722-0123.fits
7450/spec-7450-56722-0124.fits
7450/spec-7450-56722-0125.fits
7450/spec-7450-56722-0126.fits
7450/spec-7450-56722-0127.fits
7450/spec-7450-56722-0128.fits
7450/spec-7450-56722-0129.fits
7450/spec-7450-56722-0130.fits
7450/spec-7450-56722-0131.fits
7450/spec-7450-56722-0132.fits
7450/spec-7450-56722-0133.fits
7450/spec-7450-56722-0134.fits
7450/spec-7450-56722-0135.fits
7450/spec-7450-56722-0136.fits
7450/spec-7450-56722-0137.fits
7450/spec-7450-56722-0138.fits
7450/spec-7450-56722-0139.fits
7450/spec-7450-56722-0140.fits
7450/spec-7450-56722-0141.fits
7450/spec-7450-56722-0142.fits
7450/spec-7450-56722-0143.fits
7450/spec-7450-56722-0144.fits
7450/spec-7450-56722-0145.fits
7450/spec-7450-56722-0146.fits
7450/spec-7450-56722-0147.fits
7450/spec-7450-56722-0148.fits
7450/spec-7450-56722-0149.fits
7450/spec-7450-56722-0150.fits
7450/spec-7450-56722-0151.fits
7450/spec-7450-56722-0152.fits
7450/spec-7450-56722-0153.fits
7450/spec-7450-56722-0154.fits
7450/spec-7450-56722-0155.fits
7450/spec-7450-56722-0156.fits
7450/spec-7450-56722-0157.fits
7450/spec-7450-56722-0158.fits
7450/spec-7450-56722-0159.fits
7450/spec-7450-56722-0160.fits
7450/spec-7450-56722-0161.fits
7450/spec-7450-56722-0162.fits
7450/spec-7450-56722-0163.fits
7450/spec-7450-56722-0164.fits
7450/spec-7450-56722-0165.fits
7450/spec-7450-56722-0166.fits
7450/spec-7450-56722-0167.fits
7450/spec-7450-56722-0168.fits
7450/spec-7450-56722-0169.fits
7450/spec-7450-56722-0170.fits
7450/spec-7450-56722-0171.fits
7450/spec-7450-56722-0172.fits
7450/spec-7450-56722-0173.fits
7450/spec-7450-56722-0174.fits
7450/spec-7450-56722-0175.fits
7450/spec-7450-56722-0176.fits
7450/spec-7450-56722-0177.fits
7450/spec-7450-56722-0178.fits
7450/spec-7450-56722-0179.fits
7450/spec-7450-56722-0180.fits
7450/spec-7450-56722-0181.fits
7450/spec-7450-56722-0182.fits
7450/spec-7450-56722-0183.fits
7450/spec-7450-56722-0184.fits
7450/spec-7450-56722-0185.fits
7450/spec-7450-56722-0186.fits
7450/spec-7450-56722-0187.fits
7450/spec-7450-56722-0188.fits
7450/spec-7450-56722-0189.fits
7450/spec-7450-56722-0190.fits
7450/spec-7450-56722-0191.fits
7450/spec-7450-56722-0192.fits
7450/spec-7450-56722-0193.fits
7450/spec-7450-56722-0194.fits
7450/spec-7450-56722-0195.fits
7450/spec-7450-56722-0196.fits
7450/spec-7450-56722-0197.fits
7450/spec-7450-56722-0198.fits
7450/spec-7450-56722-0199.fits
7450/spec-7450-56722-0200.fits
7450/spec-7450-56722-0201.fits
7450/spec-7450-56722-0202.fits
7450/spec-7450-56722-0203.fits
7450/spec-7450-56722-0204.fits
7450/spec-7450-56722-0205.fits
7450/spec-7450-56722-0206.fits
7450/spec-7450-56722-0207.fits
7450/spec-7450-56722-0208.fits
7450/spec-7450-56722-0209.fits
7450/spec-7450-56722-0210.fits
7450/spec-7450-56722-0211.fits
7450/spec-7450-56722-0212.fits
7450/spec-7450-56722-0213.fits
7450/spec-7450-56722-0214.fits
7450/spec-7450-56722-0215.fits
7450/spec-7450-56722-0216.fits
7450/spec-7450-56722-0217.fits
7450/spec-7450-56722-0218.fits
7450/spec-7450-56722-0219.fits
7450/spec-7450-56722-0220.fits
7450/spec-7450-56722-0221.fits
7450/spec-7450-56722-0222.fits
7450/spec-7450-56722-0223.fits
7450/spec-7450-56722-0224.fits
7450/spec-7450-56722-0225.fits
7450/spec-7450-56722-0226.fits
7450/spec-7450-56722-0227.fits
7450/spec-7450-56722-0228.fits
7450/spec-7450-56722-0229.fits
7450/spec-7450-56722-0230.fits
7450/spec-7450-56722-0231.fits
7450/spec-7450-56722-0232.fits
7450/spec-7450-56722-0233.fits
7450/spec-7450-56722-0234.fits
7450/spec-7450-56722-0235.fits
7450/spec-7450-56722-0236.fits
7450/spec-7450-56722-0237.fits
7450/spec-7450-56722-0238.fits
7450/spec-7450-56722-0239.fits
7450/spec-7450-56722-0240.fits
7450/spec-7450-56722-0241.fits
7450/spec-7450-56722-0242.fits
7450/spec-7450-56722-0243.fits
7450/spec-7450-56722-0244.fits
7450/spec-7450-56722-0245.fits
7450/spec-7450-56722-0246.fits
7450/spec-7450-56722-0247.fits
7450/spec-7450-56722-0248.fits
7450/spec-7450-56722-0249.fits
7450/spec-7450-56722-0250.fits
7450/spec-7450-56722-0251.fits
7450/spec-7450-56722-0252.fits
7450/spec-7450-56722-0253.fits
7450/spec-7450-56722-0254.fits
7450/spec-7450-56722-0255.fits
7450/spec-7450-56722-0256.fits
7450/spec-7450-56722-0257.fits
7450/spec-7450-56722-0258.fits
7450/spec-7450-56722-0259.fits
7450/spec-7450-56722-0260.fits
7450/spec-7450-56722-0261.fits
7450/spec-7450-56722-0262.fits
7450/spec-7450-56722-0263.fits
7450/spec-7450-56722-0264.fits
7450/spec-7450-56722-0265.fits
7450/spec-7450-56722-0266.fits
7450/spec-7450-56722-0267.fits
7450/spec-7450-56722-0268.fits
7450/spec-7450-56722-0269.fits
7450/spec-7450-56722-0270.fits
7450/spec-7450-56722-0271.fits
7450/spec-7450-56722-0272.fits
7450/spec-7450-56722-0273.fits
7450/spec-7450-56722-0274.fits
7450/spec-7450-56722-0275.fits
7450/spec-7450-56722-0276.fits
7450/spec-7450-56722-0277.fits
7450/spec-7450-56722-0278.fits
7450/spec-7450-56722-0279.fits
7450/spec-7450-56722-0280.fits
7450/spec-7450-56722-0281.fits
7450/spec-7450-56722-0282.fits
7450/spec-7450-56722-0283.fits
7450/spec-7450-56722-0284.fits
7450/spec-7450-56722-0285.fits
7450/spec-7450-56722-0286.fits
7450/spec-7450-56722-0287.fits
7450/spec-7450-56722-0288.fits
7450/spec-7450-56722-0289.fits
7450/spec-7450-56722-0290.fits
7450/spec-7450-56722-0291.fits
7450/spec-7450-56722-0292.fits
7450/spec-7450-56722-0293.fits
7450/spec-7450-56722-0294.fits
7450/spec-7450-56722-0295.fits
7450/spec-7450-56722-0296.fits
7450/spec-7450-56722-0297.fits
7450/spec-7450-56722-0298.fits
7450/spec-7450-56722-0299.fits
7450/spec-7450-56722-0300.fits
7450/spec-7450-56722-0301.fits
7450/spec-7450-56722-0302.fits
7450/spec-7450-56722-0303.fits
7450/spec-7450-56722-0304.fits
7450/spec-7450-56722-0305.fits
7450/spec-7450-56722-0306.fits
7450/spec-7450-56722-0307.fits
7450/spec-7450-56722-0308.fits
7450/spec-7450-56722-0309.fits
7450/spec-7450-56722-0310.fits
7450/spec-7450-56722-0311.fits
7450/spec-7450-56722-0312.fits
7450/spec-7450-56722-0313.fits
7450/spec-7450-56722-0314.fits
7450/spec-7450-56722-0315.fits
7450/spec-7450-56722-0316.fits
7450/spec-7450-56722-0317.fits
7450/spec-7450-56722-0318.fits
7450/spec-7450-56722-0319.fits
7450/spec-7450-56722-0320.fits
7450/spec-7450-56722-0321.fits
7450/spec-7450-56722-0322.fits
7450/spec-7450-56722-0323.fits
7450/spec-7450-56722-0324.fits
7450/spec-7450-56722-0325.fits
7450/spec-7450-56722-0326.fits
7450/spec-7450-56722-0327.fits
7450/spec-7450-56722-0328.fits
7450/spec-7450-56722-0329.fits
7450/spec-7450-56722-0330.fits
7450/spec-7450-56722-0331.fits
7450/spec-7450-56722-0332.fits
7450/spec-7450-56722-0333.fits
7450/spec-7450-56722-0334.fits
7450/spec-7450-56722-0335.fits
7450/spec-7450-56722-0336.fits
7450/spec-7450-56722-0337.fits
7450/spec-7450-56722-0338.fits
7450/spec-7450-56722-0339.fits
7450/spec-7450-56722-0340.fits
7450/spec-7450-56722-0341.fits
7450/spec-7450-56722-0342.fits
7450/spec-7450-56722-0343.fits
7450/spec-7450-56722-0344.fits
7450/spec-7450-56722-0345.fits
7450/spec-7450-56722-0346.fits
7450/spec-7450-56722-0347.fits
7450/spec-7450-56722-0348.fits
7450/spec-7450-56722-0349.fits
7450/spec-7450-56722-0350.fits
7450/spec-7450-56722-0351.fits
7450/spec-7450-56722-0352.fits
7450/spec-7450-56722-0353.fits
7450/spec-7450-56722-0354.fits
7450/spec-7450-56722-0355.fits
7450/spec-7450-56722-0356.fits
7450/spec-7450-56722-0357.fits
7450/spec-7450-56722-0358.fits
7450/spec-7450-56722-0359.fits
7450/spec-7450-56722-0360.fits
7450/spec-7450-56722-0361.fits
7450/spec-7450-56722-0362.fits
7450/spec-7450-56722-0363.fits
7450/spec-7450-56722-0364.fits
7450/spec-7450-56722-0365.fits
7450/spec-7450-56722-0366.fits
7450/spec-7450-56722-0367.fits
7450/spec-7450-56722-0368.fits
7450/spec-7450-56722-0369.fits
7450/spec-7450-56722-0370.fits
7450/spec-7450-56722-0371.fits
7450/spec-7450-56722-0372.fits
7450/spec-7450-56722-0373.fits
7450/spec-7450-56722-0374.fits
7450/spec-7450-56722-0375.fits
7450/spec-7450-56722-0376.fits
7450/spec-7450-56722-0377.fits
7450/spec-7450-56722-0378.fits
7450/spec-7450-56722-0379.fits
7450/spec-7450-56722-0380.fits
7450/spec-7450-56722-0381.fits
7450/spec-7450-56722-0382.fits
7450/spec-7450-56722-0383.fits
7450/spec-7450-56722-0384.fits
7450/spec-7450-56722-0385.fits
7450/spec-7450-56722-0386.fits
7450/spec-7450-56722-0387.fits
7450/spec-7450-56722-0388.fits
7450/spec-7450-56722-0389.fits
7450/spec-7450-56722-0390.fits
7450/spec-7450-56722-0391.fits
7450/spec-7450-56722-0392.fits
7450/spec-7450-56722-0393.fits
7450/spec-7450-56722-0394.fits
7450/spec-7450-56722-0395.fits
7450/spec-7450-56722-0396.fits
7450/spec-7450-56722-0397.fits
7450/spec-7450-56722-0398.fits
7450/spec-7450-56722-0399.fits
7450/spec-7450-56722-0400.fits
7450/spec-7450-56722-0401.fits
7450/spec-7450-56722-0402.fits
7450/spec-7450-56722-0403.fits
7450/spec-7450-56722-0404.fits
7450/spec-7450-56722-0405.fits
7450/spec-7450-56722-0406.fits
7450/spec-7450-56722-0407.fits
7450/spec-7450-56722-0408.fits
7450/spec-7450-56722-0409.fits
7450/spec-7450-56722-0410.fits
7450/spec-7450-56722-0411.fits
7450/spec-7450-56722-0412.fits
7450/spec-7450-56722-0413.fits
7450/spec-7450-56722-0414.fits
7450/spec-7450-56722-0415.fits
7450/spec-7450-56722-0416.fits
7450/spec-7450-56722-0417.fits
7450/spec-7450-56722-0418.fits
7450/spec-7450-56722-0419.fits
7450/spec-7450-56722-0420.fits
7450/spec-7450-56722-0421.fits
7450/spec-7450-56722-0422.fits
7450/spec-7450-56722-0423.fits
7450/spec-7450-56722-0424.fits
7450/spec-7450-56722-0425.fits
7450/spec-7450-56722-0426.fits
7450/spec-7450-56722-0427.fits
7450/spec-7450-56722-0428.fits
7450/spec-7450-56722-0429.fits
7450/spec-7450-56722-0430.fits
7450/spec-7450-56722-0431.fits
7450/spec-7450-56722-0432.fits
7450/spec-7450-56722-0433.fits
7450/spec-7450-56722-0434.fits
7450/spec-7450-56722-0435.fits
7450/spec-7450-56722-0436.fits
7450/spec-7450-56722-0437.fits
7450/spec-7450-56722-0438.fits
7450/spec-7450-56722-0439.fits
7450/spec-7450-56722-0440.fits
7450/spec-7450-56722-0441.fits
7450/spec-7450-56722-0442.fits
7450/spec-7450-56722-0443.fits
7450/spec-7450-56722-0444.fits
7450/spec-7450-56722-0445.fits
7450/spec-7450-56722-0446.fits
7450/spec-7450-56722-0447.fits
7450/spec-7450-56722-0448.fits
7450/spec-7450-56722-0449.fits
7450/spec-7450-56722-0450.fits
7450/spec-7450-56722-0451.fits
7450/spec-7450-56722-0452.fits
7450/spec-7450-56722-0453.fits
7450/spec-7450-56722-0454.fits
7450/spec-7450-56722-0455.fits
7450/spec-7450-56722-0456.fits
7450/spec-7450-56722-0457.fits
7450/spec-7450-56722-0458.fits
7450/spec-7450-56722-0459.fits
7450/spec-7450-56722-0460.fits
7450/spec-7450-56722-0461.fits
7450/spec-7450-56722-0462.fits
7450/spec-7450-56722-0463.fits
7450/spec-7450-56722-0464.fits
7450/spec-7450-56722-0465.fits
7450/spec-7450-56722-0466.fits
7450/spec-7450-56722-0467.fits
7450/spec-7450-56722-0468.fits
7450/spec-7450-56722-0469.fits
7450/spec-7450-56722-0470.fits
7450/spec-7450-56722-0471.fits
7450/spec-7450-56722-0472.fits
7450/spec-7450-56722-0473.fits
7450/spec-7450-56722-0474.fits
7450/spec-7450-56722-0475.fits
7450/spec-7450-56722-0476.fits
7450/spec-7450-56722-0477.fits
7450/spec-7450-56722-0478.fits
7450/spec-7450-56722-0479.fits
7450/spec-7450-56722-0480.fits
7450/spec-7450-56722-0481.fits
7450/spec-7450-56722-0482.fits
7450/spec-7450-56722-0483.fits
7450/spec-7450-56722-0484.fits
7450/spec-7450-56722-0485.fits
7450/spec-7450-56722-0486.fits
7450/spec-7450-56722-0487.fits
7450/spec-7450-56722-0488.fits
7450/spec-7450-56722-0489.fits
7450/spec-7450-56722-0490.fits
7450/spec-7450-56722-0491.fits
7450/spec-7450-56722-0492.fits
7450/spec-7450-56722-0493.fits
7450/spec-7450-56722-0494.fits
7450/spec-7450-56722-0495.fits
7450/spec-7450-56722-0496.fits
7450/spec-7450-56722-0497.fits
7450/spec-7450-56722-0498.fits
7450/spec-7450-56722-0499.fits
7450/spec-7450-56722-0500.fits
7450/spec-7450-56722-0501.fits
7450/spec-7450-56722-0502.fits
7450/spec-7450-56722-0503.fits
7450/spec-7450-56722-0504.fits
7450/spec-7450-56722-0505.fits
7450/spec-7450-56722-0506.fits
7450/spec-7450-56722-0507.fits
7450/spec-7450-56722-0508.fits
7450/spec-7450-56722-0509.fits
7450/spec-7450-56722-0510.fits
7450/spec-7450-56722-0511.fits
7450/spec-7450-56722-0512.fits
7450/spec-7450-56722-0513.fits
7450/spec-7450-56722-0514.fits
7450/spec-7450-56722-0515.fits
7450/spec-7450-56722-0516.fits
7450/spec-7450-56722-0517.fits
7450/spec-7450-56722-0518.fits
7450/spec-7450-56722-0519.fits
7450/spec-7450-56722-0520.fits
7450/spec-7450-56722-0521.fits
7450/spec-7450-56722-0522.fits
7450/spec-7450-56722-0523.fits
7450/spec-7450-56722-0524.fits
7450/spec-7450-56722-0525.fits
7450/spec-7450-56722-0526.fits
7450/spec-7450-56722-0527.fits
7450/spec-7450-56722-0528.fits
7450/spec-7450-56722-0529.fits
7450/spec-7450-56722-0530.fits
7450/spec-7450-56722-0531.fits
7450/spec-7450-56722-0532.fits
7450/spec-7450-56722-0533.fits
7450/spec-7450-56722-0534.fits
7450/spec-7450-56722-0535.fits
7450/spec-7450-56722-0536.fits
7450/spec-7450-56722-0537.fits
7450/spec-7450-56722-0538.fits
7450/spec-7450-56722-0539.fits
7450/spec-7450-56722-0540.fits
7450/spec-7450-56722-0541.fits
7450/spec-7450-56722-0542.fits
7450/spec-7450-56722-0543.fits
7450/spec-7450-56722-0544.fits
7450/spec-7450-56722-0545.fits
7450/spec-7450-56722-0546.fits
7450/spec-7450-56722-0547.fits
7450/spec-7450-56722-0548.fits
7450/spec-7450-56722-0549.fits
7450/spec-7450-56722-0550.fits
7450/spec-7450-56722-0551.fits
7450/spec-7450-56722-0552.fits
7450/spec-7450-56722-0553.fits
7450/spec-7450-56722-0554.fits
7450/spec-7450-56722-0555.fits
7450/spec-7450-56722-0556.fits
7450/spec-7450-56722-0557.fits
7450/spec-7450-56722-0558.fits
7450/spec-7450-56722-0559.fits
7450/spec-7450-56722-0560.fits
7450/spec-7450-56722-0561.fits
7450/spec-7450-56722-0562.fits
7450/spec-7450-56722-0563.fits
7450/spec-7450-56722-0564.fits
7450/spec-7450-56722-0565.fits
7450/spec-7450-56722-0566.fits
7450/spec-7450-56722-0567.fits
7450/spec-7450-56722-0568.fits
7450/spec-7450-56722-0569.fits
7450/spec-7450-56722-0570.fits
7450/spec-7450-56722-0571.fits
7450/spec-7450-56722-0572.fits
7450/spec-7450-56722-0573.fits
7450/spec-7450-56722-0574.fits
7450/spec-7450-56722-0575.fits
7450/spec-7450-56722-0576.fits
7450/spec-7450-56722-0577.fits
7450/spec-7450-56722-0578.fits
7450/spec-7450-56722-0579.fits
7450/spec-7450-56722-0580.fits
7450/spec-7450-56722-0581.fits
7450/spec-7450-56722-0582.fits
7450/spec-7450-56722-0583.fits
7450/spec-7450-56722-0584.fits
7450/spec-7450-56722-0585.fits
7450/spec-7450-56722-0586.fits
7450/spec-7450-56722-0587.fits
7450/spec-7450-56722-0588.fits
7450/spec-7450-56722-0589.fits
7450/spec-7450-56722-0590.fits
7450/spec-7450-56722-0591.fits
7450/spec-7450-56722-0592.fits
7450/spec-7450-56722-0593.fits
7450/spec-7450-56722-0594.fits
7450/spec-7450-56722-0595.fits
7450/spec-7450-56722-0596.fits
7450/spec-7450-56722-0597.fits
7450/spec-7450-56722-0598.fits
7450/spec-7450-56722-0599.fits
7450/spec-7450-56722-0600.fits
7450/spec-7450-56722-0601.fits
7450/spec-7450-56722-0602.fits
7450/spec-7450-56722-0603.fits
7450/spec-7450-56722-0604.fits
7450/spec-7450-56722-0605.fits
7450/spec-7450-56722-0606.fits
7450/spec-7450-56722-0607.fits
7450/spec-7450-56722-0608.fits
7450/spec-7450-56722-0609.fits
7450/spec-7450-56722-0610.fits
7450/spec-7450-56722-0611.fits
7450/spec-7450-56722-0612.fits
7450/spec-7450-56722-0613.fits
7450/spec-7450-56722-0614.fits
7450/spec-7450-56722-0615.fits
7450/spec-7450-56722-0616.fits
7450/spec-7450-56722-0617.fits
7450/spec-7450-56722-0618.fits
7450/spec-7450-56722-0619.fits
7450/spec-7450-56722-0620.fits
7450/spec-7450-56722-0621.fits
7450/spec-7450-56722-0622.fits
7450/spec-7450-56722-0623.fits
7450/spec-7450-56722-0624.fits
7450/spec-7450-56722-0625.fits
7450/spec-7450-56722-0626.fits
7450/spec-7450-56722-0627.fits
7450/spec-7450-56722-0628.fits
7450/spec-7450-56722-0629.fits
7450/spec-7450-56722-0630.fits
7450/spec-7450-56722-0631.fits
7450/spec-7450-56722-0632.fits
7450/spec-7450-56722-0633.fits
7450/spec-7450-56722-0634.fits
7450/spec-7450-56722-0635.fits
7450/spec-7450-56722-0636.fits
7450/spec-7450-56722-0637.fits
7450/spec-7450-56722-0638.fits
7450/spec-7450-56722-0639.fits
7450/spec-7450-56722-0640.fits
7450/spec-7450-56722-0641.fits
7450/spec-7450-56722-0642.fits
7450/spec-7450-56722-0643.fits
7450/spec-7450-56722-0644.fits
7450/spec-7450-56722-0645.fits
7450/spec-7450-56722-0646.fits
7450/spec-7450-56722-0647.fits
7450/spec-7450-56722-0648.fits
7450/spec-7450-56722-0649.fits
7450/spec-7450-56722-0650.fits
7450/spec-7450-56722-0651.fits
7450/spec-7450-56722-0652.fits
7450/spec-7450-56722-0653.fits
7450/spec-7450-56722-0654.fits
7450/spec-7450-56722-0655.fits
7450/spec-7450-56722-0656.fits
7450/spec-7450-56722-0657.fits
7450/spec-7450-56722-0658.fits
7450/spec-7450-56722-0659.fits
7450/spec-7450-56722-0660.fits
7450/spec-7450-56722-0661.fits
7450/spec-7450-56722-0662.fits
7450/spec-7450-56722-0663.fits
7450/spec-7450-56722-0664.fits
7450/spec-7450-56722-0665.fits
7450/spec-7450-56722-0666.fits
7450/spec-7450-56722-0667.fits
7450/spec-7450-56722-0668.fits
7450/spec-7450-56722-0669.fits
7450/spec-7450-56722-0670.fits
7450/spec-7450-56722-0671.fits
7450/spec-7450-56722-0672.fits
7450/spec-7450-56722-0673.fits
7450/spec-7450-56722-0674.fits
7450/spec-7450-56722-0675.fits
7450/spec-7450-56722-0676.fits
7450/spec-7450-56722-0677.fits
7450/spec-7450-56722-0678.fits
7450/spec-7450-56722-0679.fits
7450/spec-7450-56722-0680.fits
7450/spec-7450-56722-0681.fits
7450/spec-7450-56722-0682.fits
7450/spec-7450-56722-0683.fits
7450/spec-7450-56722-0684.fits
7450/spec-7450-56722-0685.fits
7450/spec-7450-56722-0686.fits
7450/spec-7450-56722-0687.fits
7450/spec-7450-56722-0688.fits
7450/spec-7450-56722-0689.fits
7450/spec-7450-56722-0690.fits
7450/spec-7450-56722-0691.fits
7450/spec-7450-56722-0692.fits
7450/spec-7450-56722-0693.fits
7450/spec-7450-56722-0694.fits
7450/spec-7450-56722-0695.fits
7450/spec-7450-56722-0696.fits
7450/spec-7450-56722-0697.fits
7450/spec-7450-56722-0698.fits
7450/spec-7450-56722-0699.fits
7450/spec-7450-56722-0700.fits
7450/spec-7450-56722-0701.fits
7450/spec-7450-56722-0702.fits
7450/spec-7450-56722-0703.fits
7450/spec-7450-56722-0704.fits
7450/spec-7450-56722-0705.fits
7450/spec-7450-56722-0706.fits
7450/spec-7450-56722-0707.fits
7450/spec-7450-56722-0708.fits
7450/spec-7450-56722-0709.fits
7450/spec-7450-56722-0710.fits
7450/spec-7450-56722-0711.fits
7450/spec-7450-56722-0712.fits
7450/spec-7450-56722-0713.fits
7450/spec-7450-56722-0714.fits
7450/spec-7450-56722-0715.fits
7450/spec-7450-56722-0716.fits
7450/spec-7450-56722-0717.fits
7450/spec-7450-56722-0718.fits
7450/spec-7450-56722-0719.fits
7450/spec-7450-56722-0720.fits
7450/spec-7450-56722-0721.fits
7450/spec-7450-56722-0722.fits
7450/spec-7450-56722-0723.fits
7450/spec-7450-56722-0724.fits
7450/spec-7450-56722-0725.fits
7450/spec-7450-56722-0726.fits
7450/spec-7450-56722-0727.fits
7450/spec-7450-56722-0728.fits
7450/spec-7450-56722-0729.fits
7450/spec-7450-56722-0730.fits
7450/spec-7450-56722-0731.fits
7450/spec-7450-56722-0732.fits
7450/spec-7450-56722-0733.fits
7450/spec-7450-56722-0734.fits
7450/spec-7450-56722-0735.fits
7450/spec-7450-56722-0736.fits
7450/spec-7450-56722-0737.fits
7450/spec-7450-56722-0738.fits
7450/spec-7450-56722-0739.fits
7450/spec-7450-56722-0740.fits
7450/spec-7450-56722-0741.fits
7450/spec-7450-56722-0742.fits
7450/spec-7450-56722-0743.fits
7450/spec-7450-56722-0744.fits
7450/spec-7450-56722-0745.fits
7450/spec-7450-56722-0746.fits
7450/spec-7450-56722-0747.fits
7450/spec-7450-56722-0748.fits
7450/spec-7450-56722-0749.fits
7450/spec-7450-56722-0750.fits
7450/spec-7450-56722-0751.fits
7450/spec-7450-56722-0752.fits
7450/spec-7450-56722-0753.fits
7450/spec-7450-56722-0754.fits
7450/spec-7450-56722-0755.fits
7450/spec-7450-56722-0756.fits
7450/spec-7450-56722-0757.fits
7450/spec-7450-56722-0758.fits
7450/spec-7450-56722-0759.fits
7450/spec-7450-56722-0760.fits
7450/spec-7450-56722-0761.fits
7450/spec-7450-56722-0762.fits
7450/spec-7450-56722-0763.fits
7450/spec-7450-56722-0764.fits
7450/spec-7450-56722-0765.fits
7450/spec-7450-56722-0766.fits
7450/spec-7450-56722-0767.fits
7450/spec-7450-56722-0768.fits
7450/spec-7450-56722-0769.fits
7450/spec-7450-56722-0770.fits
7450/spec-7450-56722-0771.fits
7450/spec-7450-56722-0772.fits
7450/spec-7450-56722-0773.fits
7450/spec-7450-56722-0774.fits
7450/spec-7450-56722-0775.fits
7450/spec-7450-56722-0776.fits
7450/spec-7450-56722-0777.fits
7450/spec-7450-56722-0778.fits
7450/spec-7450-56722-0779.fits
7450/spec-7450-56722-0780.fits
7450/spec-7450-56722-0781.fits
7450/spec-7450-56722-0782.fits
7450/spec-7450-56722-0783.fits
7450/spec-7450-56722-0784.fits
7450/spec-7450-56722-0785.fits
7450/spec-7450-56722-0786.fits
7450/spec-7450-56722-0787.fits
7450/spec-7450-56722-0788.fits
7450/spec-7450-56722-0789.fits
7450/spec-7450-56722-0790.fits
7450/spec-7450-56722-0791.fits
7450/spec-7450-56722-0792.fits
7450/spec-7450-56722-0793.fits
7450/spec-7450-56722-0794.fits
7450/spec-7450-56722-0795.fits
7450/spec-7450-56722-0796.fits
7450/spec-7450-56722-0797.fits
7450/spec-7450-56722-0798.fits
7450/spec-7450-56722-0799.fits
7450/spec-7450-56722-0800.fits
7450/spec-7450-56722-0801.fits
7450/spec-7450-56722-0802.fits
7450/spec-7450-56722-0803.fits
7450/spec-7450-56722-0804.fits
7450/spec-7450-56722-0805.fits
7450/spec-7450-56722-0806.fits
7450/spec-7450-56722-0807.fits
7450/spec-7450-56722-0808.fits
7450/spec-7450-56722-0809.fits
7450/spec-7450-56722-0810.fits
7450/spec-7450-56722-0811.fits
7450/spec-7450-56722-0812.fits
7450/spec-7450-56722-0813.fits
7450/spec-7450-56722-0814.fits
7450/spec-7450-56722-0815.fits
7450/spec-7450-56722-0816.fits
7450/spec-7450-56722-0817.fits
7450/spec-7450-56722-0818.fits
7450/spec-7450-56722-0819.fits
7450/spec-7450-56722-0820.fits
7450/spec-7450-56722-0821.fits
7450/spec-7450-56722-0822.fits
7450/spec-7450-56722-0823.fits
7450/spec-7450-56722-0824.fits
7450/spec-7450-56722-0825.fits
7450/spec-7450-56722-0826.fits
7450/spec-7450-56722-0827.fits
7450/spec-7450-56722-0828.fits
7450/spec-7450-56722-0829.fits
7450/spec-7450-56722-0830.fits
7450/spec-7450-56722-0831.fits
7450/spec-7450-56722-0832.fits
7450/spec-7450-56722-0833.fits
7450/spec-7450-56722-0834.fits
7450/spec-7450-56722-0835.fits
7450/spec-7450-56722-0836.fits
7450/spec-7450-56722-0837.fits
7450/spec-7450-56722-0838.fits
7450/spec-7450-56722-0839.fits
7450/spec-7450-56722-0840.fits
7450/spec-7450-56722-0841.fits
7450/spec-7450-56722-0842.fits
7450/spec-7450-56722-0843.fits
7450/spec-7450-56722-0844.fits
7450/spec-7450-56722-0845.fits
7450/spec-7450-56722-0846.fits
7450/spec-7450-56722-0847.fits
7450/spec-7450-56722-0848.fits
7450/spec-7450-56722-0849.fits
7450/spec-7450-56722-0850.fits
7450/spec-7450-56722-0851.fits
7450/spec-7450-56722-0852.fits
7450/spec-7450-56722-0853.fits
7450/spec-7450-56722-0854.fits
7450/spec-7450-56722-0855.fits
7450/spec-7450-56722-0856.fits
7450/spec-7450-56722-0857.fits
7450/spec-7450-56722-0858.fits
7450/spec-7450-56722-0859.fits
7450/spec-7450-56722-0860.fits
7450/spec-7450-56722-0861.fits
7450/spec-7450-56722-0862.fits
7450/spec-7450-56722-0863.fits
7450/spec-7450-56722-0864.fits
7450/spec-7450-56722-0865.fits
7450/spec-7450-56722-0866.fits
7450/spec-7450-56722-0867.fits
7450/spec-7450-56722-0868.fits
7450/spec-7450-56722-0869.fits
7450/spec-7450-56722-0870.fits
7450/spec-7450-56722-0871.fits
7450/spec-7450-56722-0872.fits
7450/spec-7450-56722-0873.fits
7450/spec-7450-56722-0874.fits
7450/spec-7450-56722-0875.fits
7450/spec-7450-56722-0876.fits
7450/spec-7450-56722-0877.fits
7450/spec-7450-56722-0878.fits
7450/spec-7450-56722-0879.fits
7450/spec-7450-56722-0880.fits
7450/spec-7450-56722-0881.fits
7450/spec-7450-56722-0882.fits
7450/spec-7450-56722-0883.fits
7450/spec-7450-56722-0884.fits
7450/spec-7450-56722-0885.fits
7450/spec-7450-56722-0886.fits
7450/spec-7450-56722-0887.fits
7450/spec-7450-56722-0888.fits
7450/spec-7450-56722-0889.fits
7450/spec-7450-56722-0890.fits
7450/spec-7450-56722-0891.fits
7450/spec-7450-56722-0892.fits
7450/spec-7450-56722-0893.fits
7450/spec-7450-56722-0894.fits
7450/spec-7450-56722-0895.fits
7450/spec-7450-56722-0896.fits
7450/spec-7450-56722-0897.fits
7450/spec-7450-56722-0898.fits
7450/spec-7450-56722-0899.fits
7450/spec-7450-56722-0900.fits
7450/spec-7450-56722-0901.fits
7450/spec-7450-56722-0902.fits
7450/spec-7450-56722-0903.fits
7450/spec-7450-56722-0904.fits
7450/spec-7450-56722-0905.fits
7450/spec-7450-56722-0906.fits
7450/spec-7450-56722-0907.fits
7450/spec-7450-56722-0908.fits
7450/spec-7450-56722-0909.fits
7450/spec-7450-56722-0910.fits
7450/spec-7450-56722-0911.fits
7450/spec-7450-56722-0912.fits
7450/spec-7450-56722-0913.fits
7450/spec-7450-56722-0914.fits
7450/spec-7450-56722-0915.fits
7450/spec-7450-56722-0916.fits
7450/spec-7450-56722-0917.fits
7450/spec-7450-56722-0918.fits
7450/spec-7450-56722-0919.fits
7450/spec-7450-56722-0920.fits
7450/spec-7450-56722-0921.fits
7450/spec-7450-56722-0922.fits
7450/spec-7450-56722-0923.fits
7450/spec-7450-56722-0924.fits
7450/spec-7450-56722-0925.fits
7450/spec-7450-56722-0926.fits
7450/spec-7450-56722-0927.fits
7450/spec-7450-56722-0928.fits
7450/spec-7450-56722-0929.fits
7450/spec-7450-56722-0930.fits
7450/spec-7450-56722-0931.fits
7450/spec-7450-56722-0932.fits
7450/spec-7450-56722-0933.fits
7450/spec-7450-56722-0934.fits
7450/spec-7450-56722-0935.fits
7450/spec-7450-56722-0936.fits
7450/spec-7450-56722-0937.fits
7450/spec-7450-56722-0938.fits
7450/spec-7450-56722-0939.fits
7450/spec-7450-56722-0940.fits
7450/spec-7450-56722-0941.fits
7450/spec-7450-56722-0942.fits
7450/spec-7450-56722-0943.fits
7450/spec-7450-56722-0944.fits
7450/spec-7450-56722-0945.fits
7450/spec-7450-56722-0946.fits
7450/spec-7450-56722-0947.fits
7450/spec-7450-56722-0948.fits
7450/spec-7450-56722-0949.fits
7450/spec-7450-56722-0950.fits
7450/spec-7450-56722-0951.fits
7450/spec-7450-56722-0952.fits
7450/spec-7450-56722-0953.fits
7450/spec-7450-56722-0954.fits
7450/spec-7450-56722-0955.fits
7450/spec-7450-56722-0956.fits
7450/spec-7450-56722-0957.fits
7450/spec-7450-56722-0958.fits
7450/spec-7450-56722-0959.fits
7450/spec-7450-56722-0960.fits
7450/spec-7450-56722-0961.fits
7450/spec-7450-56722-0962.fits
7450/spec-7450-56722-0963.fits
7450/spec-7450-56722-0964.fits
7450/spec-7450-56722-0965.fits
7450/spec-7450-56722-0966.fits
7450/spec-7450-56722-0967.fits
7450/spec-7450-56722-0968.fits
7450/spec-7450-56722-0969.fits
7450/spec-7450-56722-0970.fits
7450/spec-7450-56722-0971.fits
7450/spec-7450-56722-0972.fits
7450/spec-7450-56722-0973.fits
7450/spec-7450-56722-0974.fits
7450/spec-7450-56722-0975.fits
7450/spec-7450-56722-0976.fits
7450/spec-7450-56722-0977.fits
7450/spec-7450-56722-0978.fits
7450/spec-7450-56722-0979.fits
7450/spec-7450-56722-0980.fits
7450/spec-7450-56722-0981.fits
7450/spec-7450-56722-0982.fits
7450/spec-7450-56722-0983.fits
7450/spec-7450-56722-0984.fits
7450/spec-7450-56722-0985.fits
7450/spec-7450-56722-0986.fits
7450/spec-7450-56722-0987.fits
7450/spec-7450-56722-0988.fits
7450/spec-7450-56722-0989.fits
7450/spec-7450-56722-0990.fits
7450/spec-7450-56722-0991.fits
7450/spec-7450-56722-0992.fits
7450/spec-7450-56722-0993.fits
7450/spec-7450-56722-0994.fits
7450/spec-7450-56722-0995.fits
7450/spec-7450-56722-0996.fits
7450/spec-7450-56722-0997.fits
7450/spec-7450-56722-0998.fits
7450/spec-7450-56722-0999.fits
7450/spec-7450-56722-1000.fits
/var/lib/condor/execute/slot1/dir_912
7450 7450.tgz R R361.tar.gz _condor_stderr _condor_stdout cB58_Lyman_break.fit condor_exec.exe hw4.R packages packages.tar.gz tmp var
[1] "Loaded package astro."
[1] 1000
7450 7450.csv 7450.tgz R R361.tar.gz _condor_stderr _condor_stdout cB58_Lyman_break.fit condor_exec.exe hw4.R packages packages.tar.gz tmp var
