7456
7456/
7456/spec-7456-56727-0001.fits
7456/spec-7456-56727-0002.fits
7456/spec-7456-56727-0003.fits
7456/spec-7456-56727-0004.fits
7456/spec-7456-56727-0005.fits
7456/spec-7456-56727-0006.fits
7456/spec-7456-56727-0007.fits
7456/spec-7456-56727-0008.fits
7456/spec-7456-56727-0009.fits
7456/spec-7456-56727-0010.fits
7456/spec-7456-56727-0011.fits
7456/spec-7456-56727-0012.fits
7456/spec-7456-56727-0013.fits
7456/spec-7456-56727-0014.fits
7456/spec-7456-56727-0015.fits
7456/spec-7456-56727-0016.fits
7456/spec-7456-56727-0017.fits
7456/spec-7456-56727-0018.fits
7456/spec-7456-56727-0019.fits
7456/spec-7456-56727-0020.fits
7456/spec-7456-56727-0021.fits
7456/spec-7456-56727-0022.fits
7456/spec-7456-56727-0023.fits
7456/spec-7456-56727-0024.fits
7456/spec-7456-56727-0025.fits
7456/spec-7456-56727-0026.fits
7456/spec-7456-56727-0027.fits
7456/spec-7456-56727-0028.fits
7456/spec-7456-56727-0029.fits
7456/spec-7456-56727-0030.fits
7456/spec-7456-56727-0031.fits
7456/spec-7456-56727-0032.fits
7456/spec-7456-56727-0033.fits
7456/spec-7456-56727-0034.fits
7456/spec-7456-56727-0035.fits
7456/spec-7456-56727-0036.fits
7456/spec-7456-56727-0037.fits
7456/spec-7456-56727-0038.fits
7456/spec-7456-56727-0039.fits
7456/spec-7456-56727-0040.fits
7456/spec-7456-56727-0041.fits
7456/spec-7456-56727-0042.fits
7456/spec-7456-56727-0043.fits
7456/spec-7456-56727-0044.fits
7456/spec-7456-56727-0045.fits
7456/spec-7456-56727-0046.fits
7456/spec-7456-56727-0047.fits
7456/spec-7456-56727-0048.fits
7456/spec-7456-56727-0049.fits
7456/spec-7456-56727-0050.fits
7456/spec-7456-56727-0051.fits
7456/spec-7456-56727-0052.fits
7456/spec-7456-56727-0053.fits
7456/spec-7456-56727-0054.fits
7456/spec-7456-56727-0055.fits
7456/spec-7456-56727-0056.fits
7456/spec-7456-56727-0057.fits
7456/spec-7456-56727-0058.fits
7456/spec-7456-56727-0059.fits
7456/spec-7456-56727-0060.fits
7456/spec-7456-56727-0061.fits
7456/spec-7456-56727-0062.fits
7456/spec-7456-56727-0063.fits
7456/spec-7456-56727-0064.fits
7456/spec-7456-56727-0065.fits
7456/spec-7456-56727-0066.fits
7456/spec-7456-56727-0067.fits
7456/spec-7456-56727-0068.fits
7456/spec-7456-56727-0069.fits
7456/spec-7456-56727-0070.fits
7456/spec-7456-56727-0071.fits
7456/spec-7456-56727-0072.fits
7456/spec-7456-56727-0073.fits
7456/spec-7456-56727-0074.fits
7456/spec-7456-56727-0075.fits
7456/spec-7456-56727-0076.fits
7456/spec-7456-56727-0077.fits
7456/spec-7456-56727-0078.fits
7456/spec-7456-56727-0079.fits
7456/spec-7456-56727-0080.fits
7456/spec-7456-56727-0081.fits
7456/spec-7456-56727-0082.fits
7456/spec-7456-56727-0083.fits
7456/spec-7456-56727-0084.fits
7456/spec-7456-56727-0085.fits
7456/spec-7456-56727-0086.fits
7456/spec-7456-56727-0087.fits
7456/spec-7456-56727-0088.fits
7456/spec-7456-56727-0089.fits
7456/spec-7456-56727-0090.fits
7456/spec-7456-56727-0091.fits
7456/spec-7456-56727-0092.fits
7456/spec-7456-56727-0093.fits
7456/spec-7456-56727-0094.fits
7456/spec-7456-56727-0095.fits
7456/spec-7456-56727-0096.fits
7456/spec-7456-56727-0097.fits
7456/spec-7456-56727-0098.fits
7456/spec-7456-56727-0099.fits
7456/spec-7456-56727-0100.fits
7456/spec-7456-56727-0101.fits
7456/spec-7456-56727-0102.fits
7456/spec-7456-56727-0103.fits
7456/spec-7456-56727-0104.fits
7456/spec-7456-56727-0105.fits
7456/spec-7456-56727-0106.fits
7456/spec-7456-56727-0107.fits
7456/spec-7456-56727-0108.fits
7456/spec-7456-56727-0109.fits
7456/spec-7456-56727-0110.fits
7456/spec-7456-56727-0111.fits
7456/spec-7456-56727-0112.fits
7456/spec-7456-56727-0113.fits
7456/spec-7456-56727-0114.fits
7456/spec-7456-56727-0115.fits
7456/spec-7456-56727-0116.fits
7456/spec-7456-56727-0117.fits
7456/spec-7456-56727-0118.fits
7456/spec-7456-56727-0119.fits
7456/spec-7456-56727-0120.fits
7456/spec-7456-56727-0121.fits
7456/spec-7456-56727-0122.fits
7456/spec-7456-56727-0123.fits
7456/spec-7456-56727-0124.fits
7456/spec-7456-56727-0125.fits
7456/spec-7456-56727-0126.fits
7456/spec-7456-56727-0127.fits
7456/spec-7456-56727-0128.fits
7456/spec-7456-56727-0129.fits
7456/spec-7456-56727-0130.fits
7456/spec-7456-56727-0131.fits
7456/spec-7456-56727-0132.fits
7456/spec-7456-56727-0133.fits
7456/spec-7456-56727-0134.fits
7456/spec-7456-56727-0135.fits
7456/spec-7456-56727-0136.fits
7456/spec-7456-56727-0137.fits
7456/spec-7456-56727-0138.fits
7456/spec-7456-56727-0139.fits
7456/spec-7456-56727-0140.fits
7456/spec-7456-56727-0141.fits
7456/spec-7456-56727-0142.fits
7456/spec-7456-56727-0143.fits
7456/spec-7456-56727-0144.fits
7456/spec-7456-56727-0145.fits
7456/spec-7456-56727-0146.fits
7456/spec-7456-56727-0147.fits
7456/spec-7456-56727-0148.fits
7456/spec-7456-56727-0149.fits
7456/spec-7456-56727-0150.fits
7456/spec-7456-56727-0151.fits
7456/spec-7456-56727-0152.fits
7456/spec-7456-56727-0153.fits
7456/spec-7456-56727-0154.fits
7456/spec-7456-56727-0155.fits
7456/spec-7456-56727-0156.fits
7456/spec-7456-56727-0157.fits
7456/spec-7456-56727-0158.fits
7456/spec-7456-56727-0159.fits
7456/spec-7456-56727-0160.fits
7456/spec-7456-56727-0161.fits
7456/spec-7456-56727-0162.fits
7456/spec-7456-56727-0163.fits
7456/spec-7456-56727-0164.fits
7456/spec-7456-56727-0165.fits
7456/spec-7456-56727-0166.fits
7456/spec-7456-56727-0167.fits
7456/spec-7456-56727-0168.fits
7456/spec-7456-56727-0169.fits
7456/spec-7456-56727-0170.fits
7456/spec-7456-56727-0171.fits
7456/spec-7456-56727-0172.fits
7456/spec-7456-56727-0173.fits
7456/spec-7456-56727-0174.fits
7456/spec-7456-56727-0175.fits
7456/spec-7456-56727-0176.fits
7456/spec-7456-56727-0177.fits
7456/spec-7456-56727-0178.fits
7456/spec-7456-56727-0179.fits
7456/spec-7456-56727-0180.fits
7456/spec-7456-56727-0181.fits
7456/spec-7456-56727-0182.fits
7456/spec-7456-56727-0183.fits
7456/spec-7456-56727-0184.fits
7456/spec-7456-56727-0185.fits
7456/spec-7456-56727-0186.fits
7456/spec-7456-56727-0187.fits
7456/spec-7456-56727-0188.fits
7456/spec-7456-56727-0189.fits
7456/spec-7456-56727-0190.fits
7456/spec-7456-56727-0191.fits
7456/spec-7456-56727-0192.fits
7456/spec-7456-56727-0193.fits
7456/spec-7456-56727-0194.fits
7456/spec-7456-56727-0195.fits
7456/spec-7456-56727-0196.fits
7456/spec-7456-56727-0197.fits
7456/spec-7456-56727-0198.fits
7456/spec-7456-56727-0199.fits
7456/spec-7456-56727-0200.fits
7456/spec-7456-56727-0201.fits
7456/spec-7456-56727-0202.fits
7456/spec-7456-56727-0203.fits
7456/spec-7456-56727-0204.fits
7456/spec-7456-56727-0205.fits
7456/spec-7456-56727-0206.fits
7456/spec-7456-56727-0207.fits
7456/spec-7456-56727-0208.fits
7456/spec-7456-56727-0209.fits
7456/spec-7456-56727-0210.fits
7456/spec-7456-56727-0211.fits
7456/spec-7456-56727-0212.fits
7456/spec-7456-56727-0213.fits
7456/spec-7456-56727-0214.fits
7456/spec-7456-56727-0215.fits
7456/spec-7456-56727-0216.fits
7456/spec-7456-56727-0217.fits
7456/spec-7456-56727-0218.fits
7456/spec-7456-56727-0219.fits
7456/spec-7456-56727-0220.fits
7456/spec-7456-56727-0221.fits
7456/spec-7456-56727-0222.fits
7456/spec-7456-56727-0223.fits
7456/spec-7456-56727-0224.fits
7456/spec-7456-56727-0225.fits
7456/spec-7456-56727-0226.fits
7456/spec-7456-56727-0227.fits
7456/spec-7456-56727-0228.fits
7456/spec-7456-56727-0229.fits
7456/spec-7456-56727-0230.fits
7456/spec-7456-56727-0231.fits
7456/spec-7456-56727-0232.fits
7456/spec-7456-56727-0233.fits
7456/spec-7456-56727-0234.fits
7456/spec-7456-56727-0235.fits
7456/spec-7456-56727-0236.fits
7456/spec-7456-56727-0237.fits
7456/spec-7456-56727-0238.fits
7456/spec-7456-56727-0239.fits
7456/spec-7456-56727-0240.fits
7456/spec-7456-56727-0241.fits
7456/spec-7456-56727-0242.fits
7456/spec-7456-56727-0243.fits
7456/spec-7456-56727-0244.fits
7456/spec-7456-56727-0245.fits
7456/spec-7456-56727-0246.fits
7456/spec-7456-56727-0247.fits
7456/spec-7456-56727-0248.fits
7456/spec-7456-56727-0249.fits
7456/spec-7456-56727-0250.fits
7456/spec-7456-56727-0251.fits
7456/spec-7456-56727-0252.fits
7456/spec-7456-56727-0253.fits
7456/spec-7456-56727-0254.fits
7456/spec-7456-56727-0255.fits
7456/spec-7456-56727-0256.fits
7456/spec-7456-56727-0257.fits
7456/spec-7456-56727-0258.fits
7456/spec-7456-56727-0259.fits
7456/spec-7456-56727-0260.fits
7456/spec-7456-56727-0261.fits
7456/spec-7456-56727-0262.fits
7456/spec-7456-56727-0263.fits
7456/spec-7456-56727-0264.fits
7456/spec-7456-56727-0265.fits
7456/spec-7456-56727-0266.fits
7456/spec-7456-56727-0267.fits
7456/spec-7456-56727-0268.fits
7456/spec-7456-56727-0269.fits
7456/spec-7456-56727-0270.fits
7456/spec-7456-56727-0271.fits
7456/spec-7456-56727-0272.fits
7456/spec-7456-56727-0273.fits
7456/spec-7456-56727-0274.fits
7456/spec-7456-56727-0275.fits
7456/spec-7456-56727-0276.fits
7456/spec-7456-56727-0277.fits
7456/spec-7456-56727-0278.fits
7456/spec-7456-56727-0279.fits
7456/spec-7456-56727-0280.fits
7456/spec-7456-56727-0281.fits
7456/spec-7456-56727-0282.fits
7456/spec-7456-56727-0283.fits
7456/spec-7456-56727-0284.fits
7456/spec-7456-56727-0285.fits
7456/spec-7456-56727-0286.fits
7456/spec-7456-56727-0287.fits
7456/spec-7456-56727-0288.fits
7456/spec-7456-56727-0289.fits
7456/spec-7456-56727-0290.fits
7456/spec-7456-56727-0291.fits
7456/spec-7456-56727-0292.fits
7456/spec-7456-56727-0293.fits
7456/spec-7456-56727-0294.fits
7456/spec-7456-56727-0295.fits
7456/spec-7456-56727-0296.fits
7456/spec-7456-56727-0297.fits
7456/spec-7456-56727-0298.fits
7456/spec-7456-56727-0299.fits
7456/spec-7456-56727-0300.fits
7456/spec-7456-56727-0301.fits
7456/spec-7456-56727-0302.fits
7456/spec-7456-56727-0303.fits
7456/spec-7456-56727-0304.fits
7456/spec-7456-56727-0305.fits
7456/spec-7456-56727-0306.fits
7456/spec-7456-56727-0307.fits
7456/spec-7456-56727-0308.fits
7456/spec-7456-56727-0309.fits
7456/spec-7456-56727-0310.fits
7456/spec-7456-56727-0311.fits
7456/spec-7456-56727-0312.fits
7456/spec-7456-56727-0313.fits
7456/spec-7456-56727-0314.fits
7456/spec-7456-56727-0315.fits
7456/spec-7456-56727-0316.fits
7456/spec-7456-56727-0317.fits
7456/spec-7456-56727-0318.fits
7456/spec-7456-56727-0319.fits
7456/spec-7456-56727-0320.fits
7456/spec-7456-56727-0321.fits
7456/spec-7456-56727-0322.fits
7456/spec-7456-56727-0323.fits
7456/spec-7456-56727-0324.fits
7456/spec-7456-56727-0325.fits
7456/spec-7456-56727-0326.fits
7456/spec-7456-56727-0327.fits
7456/spec-7456-56727-0328.fits
7456/spec-7456-56727-0329.fits
7456/spec-7456-56727-0330.fits
7456/spec-7456-56727-0331.fits
7456/spec-7456-56727-0332.fits
7456/spec-7456-56727-0333.fits
7456/spec-7456-56727-0334.fits
7456/spec-7456-56727-0335.fits
7456/spec-7456-56727-0336.fits
7456/spec-7456-56727-0337.fits
7456/spec-7456-56727-0338.fits
7456/spec-7456-56727-0339.fits
7456/spec-7456-56727-0340.fits
7456/spec-7456-56727-0341.fits
7456/spec-7456-56727-0342.fits
7456/spec-7456-56727-0343.fits
7456/spec-7456-56727-0344.fits
7456/spec-7456-56727-0345.fits
7456/spec-7456-56727-0346.fits
7456/spec-7456-56727-0347.fits
7456/spec-7456-56727-0348.fits
7456/spec-7456-56727-0349.fits
7456/spec-7456-56727-0350.fits
7456/spec-7456-56727-0351.fits
7456/spec-7456-56727-0352.fits
7456/spec-7456-56727-0353.fits
7456/spec-7456-56727-0354.fits
7456/spec-7456-56727-0355.fits
7456/spec-7456-56727-0356.fits
7456/spec-7456-56727-0357.fits
7456/spec-7456-56727-0358.fits
7456/spec-7456-56727-0359.fits
7456/spec-7456-56727-0360.fits
7456/spec-7456-56727-0361.fits
7456/spec-7456-56727-0362.fits
7456/spec-7456-56727-0363.fits
7456/spec-7456-56727-0364.fits
7456/spec-7456-56727-0365.fits
7456/spec-7456-56727-0366.fits
7456/spec-7456-56727-0367.fits
7456/spec-7456-56727-0368.fits
7456/spec-7456-56727-0369.fits
7456/spec-7456-56727-0370.fits
7456/spec-7456-56727-0371.fits
7456/spec-7456-56727-0372.fits
7456/spec-7456-56727-0373.fits
7456/spec-7456-56727-0374.fits
7456/spec-7456-56727-0375.fits
7456/spec-7456-56727-0376.fits
7456/spec-7456-56727-0377.fits
7456/spec-7456-56727-0378.fits
7456/spec-7456-56727-0379.fits
7456/spec-7456-56727-0380.fits
7456/spec-7456-56727-0381.fits
7456/spec-7456-56727-0382.fits
7456/spec-7456-56727-0383.fits
7456/spec-7456-56727-0384.fits
7456/spec-7456-56727-0385.fits
7456/spec-7456-56727-0386.fits
7456/spec-7456-56727-0387.fits
7456/spec-7456-56727-0388.fits
7456/spec-7456-56727-0389.fits
7456/spec-7456-56727-0390.fits
7456/spec-7456-56727-0391.fits
7456/spec-7456-56727-0392.fits
7456/spec-7456-56727-0393.fits
7456/spec-7456-56727-0394.fits
7456/spec-7456-56727-0395.fits
7456/spec-7456-56727-0396.fits
7456/spec-7456-56727-0397.fits
7456/spec-7456-56727-0398.fits
7456/spec-7456-56727-0399.fits
7456/spec-7456-56727-0400.fits
7456/spec-7456-56727-0401.fits
7456/spec-7456-56727-0402.fits
7456/spec-7456-56727-0403.fits
7456/spec-7456-56727-0404.fits
7456/spec-7456-56727-0405.fits
7456/spec-7456-56727-0406.fits
7456/spec-7456-56727-0407.fits
7456/spec-7456-56727-0408.fits
7456/spec-7456-56727-0409.fits
7456/spec-7456-56727-0410.fits
7456/spec-7456-56727-0411.fits
7456/spec-7456-56727-0412.fits
7456/spec-7456-56727-0413.fits
7456/spec-7456-56727-0414.fits
7456/spec-7456-56727-0415.fits
7456/spec-7456-56727-0416.fits
7456/spec-7456-56727-0417.fits
7456/spec-7456-56727-0418.fits
7456/spec-7456-56727-0419.fits
7456/spec-7456-56727-0420.fits
7456/spec-7456-56727-0421.fits
7456/spec-7456-56727-0422.fits
7456/spec-7456-56727-0423.fits
7456/spec-7456-56727-0424.fits
7456/spec-7456-56727-0425.fits
7456/spec-7456-56727-0426.fits
7456/spec-7456-56727-0427.fits
7456/spec-7456-56727-0428.fits
7456/spec-7456-56727-0429.fits
7456/spec-7456-56727-0430.fits
7456/spec-7456-56727-0431.fits
7456/spec-7456-56727-0432.fits
7456/spec-7456-56727-0433.fits
7456/spec-7456-56727-0434.fits
7456/spec-7456-56727-0435.fits
7456/spec-7456-56727-0436.fits
7456/spec-7456-56727-0437.fits
7456/spec-7456-56727-0438.fits
7456/spec-7456-56727-0439.fits
7456/spec-7456-56727-0440.fits
7456/spec-7456-56727-0441.fits
7456/spec-7456-56727-0442.fits
7456/spec-7456-56727-0443.fits
7456/spec-7456-56727-0444.fits
7456/spec-7456-56727-0445.fits
7456/spec-7456-56727-0446.fits
7456/spec-7456-56727-0447.fits
7456/spec-7456-56727-0448.fits
7456/spec-7456-56727-0449.fits
7456/spec-7456-56727-0450.fits
7456/spec-7456-56727-0451.fits
7456/spec-7456-56727-0452.fits
7456/spec-7456-56727-0453.fits
7456/spec-7456-56727-0454.fits
7456/spec-7456-56727-0455.fits
7456/spec-7456-56727-0456.fits
7456/spec-7456-56727-0457.fits
7456/spec-7456-56727-0458.fits
7456/spec-7456-56727-0459.fits
7456/spec-7456-56727-0460.fits
7456/spec-7456-56727-0461.fits
7456/spec-7456-56727-0462.fits
7456/spec-7456-56727-0463.fits
7456/spec-7456-56727-0464.fits
7456/spec-7456-56727-0465.fits
7456/spec-7456-56727-0466.fits
7456/spec-7456-56727-0467.fits
7456/spec-7456-56727-0468.fits
7456/spec-7456-56727-0469.fits
7456/spec-7456-56727-0470.fits
7456/spec-7456-56727-0471.fits
7456/spec-7456-56727-0472.fits
7456/spec-7456-56727-0473.fits
7456/spec-7456-56727-0474.fits
7456/spec-7456-56727-0475.fits
7456/spec-7456-56727-0476.fits
7456/spec-7456-56727-0477.fits
7456/spec-7456-56727-0478.fits
7456/spec-7456-56727-0479.fits
7456/spec-7456-56727-0480.fits
7456/spec-7456-56727-0481.fits
7456/spec-7456-56727-0482.fits
7456/spec-7456-56727-0483.fits
7456/spec-7456-56727-0484.fits
7456/spec-7456-56727-0485.fits
7456/spec-7456-56727-0486.fits
7456/spec-7456-56727-0487.fits
7456/spec-7456-56727-0488.fits
7456/spec-7456-56727-0489.fits
7456/spec-7456-56727-0490.fits
7456/spec-7456-56727-0491.fits
7456/spec-7456-56727-0492.fits
7456/spec-7456-56727-0493.fits
7456/spec-7456-56727-0494.fits
7456/spec-7456-56727-0495.fits
7456/spec-7456-56727-0496.fits
7456/spec-7456-56727-0497.fits
7456/spec-7456-56727-0498.fits
7456/spec-7456-56727-0499.fits
7456/spec-7456-56727-0500.fits
7456/spec-7456-56727-0501.fits
7456/spec-7456-56727-0502.fits
7456/spec-7456-56727-0503.fits
7456/spec-7456-56727-0504.fits
7456/spec-7456-56727-0505.fits
7456/spec-7456-56727-0506.fits
7456/spec-7456-56727-0507.fits
7456/spec-7456-56727-0508.fits
7456/spec-7456-56727-0509.fits
7456/spec-7456-56727-0510.fits
7456/spec-7456-56727-0511.fits
7456/spec-7456-56727-0512.fits
7456/spec-7456-56727-0513.fits
7456/spec-7456-56727-0514.fits
7456/spec-7456-56727-0515.fits
7456/spec-7456-56727-0516.fits
7456/spec-7456-56727-0517.fits
7456/spec-7456-56727-0518.fits
7456/spec-7456-56727-0519.fits
7456/spec-7456-56727-0520.fits
7456/spec-7456-56727-0521.fits
7456/spec-7456-56727-0522.fits
7456/spec-7456-56727-0523.fits
7456/spec-7456-56727-0524.fits
7456/spec-7456-56727-0525.fits
7456/spec-7456-56727-0526.fits
7456/spec-7456-56727-0527.fits
7456/spec-7456-56727-0528.fits
7456/spec-7456-56727-0529.fits
7456/spec-7456-56727-0530.fits
7456/spec-7456-56727-0531.fits
7456/spec-7456-56727-0532.fits
7456/spec-7456-56727-0533.fits
7456/spec-7456-56727-0534.fits
7456/spec-7456-56727-0535.fits
7456/spec-7456-56727-0536.fits
7456/spec-7456-56727-0537.fits
7456/spec-7456-56727-0538.fits
7456/spec-7456-56727-0539.fits
7456/spec-7456-56727-0540.fits
7456/spec-7456-56727-0541.fits
7456/spec-7456-56727-0542.fits
7456/spec-7456-56727-0543.fits
7456/spec-7456-56727-0544.fits
7456/spec-7456-56727-0545.fits
7456/spec-7456-56727-0546.fits
7456/spec-7456-56727-0547.fits
7456/spec-7456-56727-0548.fits
7456/spec-7456-56727-0549.fits
7456/spec-7456-56727-0550.fits
7456/spec-7456-56727-0551.fits
7456/spec-7456-56727-0552.fits
7456/spec-7456-56727-0553.fits
7456/spec-7456-56727-0554.fits
7456/spec-7456-56727-0555.fits
7456/spec-7456-56727-0556.fits
7456/spec-7456-56727-0557.fits
7456/spec-7456-56727-0558.fits
7456/spec-7456-56727-0559.fits
7456/spec-7456-56727-0560.fits
7456/spec-7456-56727-0561.fits
7456/spec-7456-56727-0562.fits
7456/spec-7456-56727-0563.fits
7456/spec-7456-56727-0564.fits
7456/spec-7456-56727-0565.fits
7456/spec-7456-56727-0566.fits
7456/spec-7456-56727-0567.fits
7456/spec-7456-56727-0568.fits
7456/spec-7456-56727-0569.fits
7456/spec-7456-56727-0570.fits
7456/spec-7456-56727-0571.fits
7456/spec-7456-56727-0572.fits
7456/spec-7456-56727-0573.fits
7456/spec-7456-56727-0574.fits
7456/spec-7456-56727-0575.fits
7456/spec-7456-56727-0576.fits
7456/spec-7456-56727-0577.fits
7456/spec-7456-56727-0578.fits
7456/spec-7456-56727-0579.fits
7456/spec-7456-56727-0580.fits
7456/spec-7456-56727-0581.fits
7456/spec-7456-56727-0582.fits
7456/spec-7456-56727-0583.fits
7456/spec-7456-56727-0584.fits
7456/spec-7456-56727-0585.fits
7456/spec-7456-56727-0586.fits
7456/spec-7456-56727-0587.fits
7456/spec-7456-56727-0588.fits
7456/spec-7456-56727-0589.fits
7456/spec-7456-56727-0590.fits
7456/spec-7456-56727-0591.fits
7456/spec-7456-56727-0592.fits
7456/spec-7456-56727-0593.fits
7456/spec-7456-56727-0594.fits
7456/spec-7456-56727-0595.fits
7456/spec-7456-56727-0596.fits
7456/spec-7456-56727-0597.fits
7456/spec-7456-56727-0598.fits
7456/spec-7456-56727-0599.fits
7456/spec-7456-56727-0600.fits
7456/spec-7456-56727-0601.fits
7456/spec-7456-56727-0602.fits
7456/spec-7456-56727-0603.fits
7456/spec-7456-56727-0604.fits
7456/spec-7456-56727-0605.fits
7456/spec-7456-56727-0606.fits
7456/spec-7456-56727-0607.fits
7456/spec-7456-56727-0608.fits
7456/spec-7456-56727-0609.fits
7456/spec-7456-56727-0610.fits
7456/spec-7456-56727-0611.fits
7456/spec-7456-56727-0612.fits
7456/spec-7456-56727-0613.fits
7456/spec-7456-56727-0614.fits
7456/spec-7456-56727-0615.fits
7456/spec-7456-56727-0616.fits
7456/spec-7456-56727-0617.fits
7456/spec-7456-56727-0618.fits
7456/spec-7456-56727-0619.fits
7456/spec-7456-56727-0620.fits
7456/spec-7456-56727-0621.fits
7456/spec-7456-56727-0622.fits
7456/spec-7456-56727-0623.fits
7456/spec-7456-56727-0624.fits
7456/spec-7456-56727-0625.fits
7456/spec-7456-56727-0626.fits
7456/spec-7456-56727-0627.fits
7456/spec-7456-56727-0628.fits
7456/spec-7456-56727-0629.fits
7456/spec-7456-56727-0630.fits
7456/spec-7456-56727-0631.fits
7456/spec-7456-56727-0632.fits
7456/spec-7456-56727-0633.fits
7456/spec-7456-56727-0634.fits
7456/spec-7456-56727-0635.fits
7456/spec-7456-56727-0636.fits
7456/spec-7456-56727-0637.fits
7456/spec-7456-56727-0638.fits
7456/spec-7456-56727-0639.fits
7456/spec-7456-56727-0640.fits
7456/spec-7456-56727-0641.fits
7456/spec-7456-56727-0642.fits
7456/spec-7456-56727-0643.fits
7456/spec-7456-56727-0644.fits
7456/spec-7456-56727-0645.fits
7456/spec-7456-56727-0646.fits
7456/spec-7456-56727-0647.fits
7456/spec-7456-56727-0648.fits
7456/spec-7456-56727-0649.fits
7456/spec-7456-56727-0650.fits
7456/spec-7456-56727-0651.fits
7456/spec-7456-56727-0652.fits
7456/spec-7456-56727-0653.fits
7456/spec-7456-56727-0654.fits
7456/spec-7456-56727-0655.fits
7456/spec-7456-56727-0656.fits
7456/spec-7456-56727-0657.fits
7456/spec-7456-56727-0658.fits
7456/spec-7456-56727-0659.fits
7456/spec-7456-56727-0660.fits
7456/spec-7456-56727-0661.fits
7456/spec-7456-56727-0662.fits
7456/spec-7456-56727-0663.fits
7456/spec-7456-56727-0664.fits
7456/spec-7456-56727-0665.fits
7456/spec-7456-56727-0666.fits
7456/spec-7456-56727-0667.fits
7456/spec-7456-56727-0668.fits
7456/spec-7456-56727-0669.fits
7456/spec-7456-56727-0670.fits
7456/spec-7456-56727-0671.fits
7456/spec-7456-56727-0672.fits
7456/spec-7456-56727-0673.fits
7456/spec-7456-56727-0674.fits
7456/spec-7456-56727-0675.fits
7456/spec-7456-56727-0676.fits
7456/spec-7456-56727-0677.fits
7456/spec-7456-56727-0678.fits
7456/spec-7456-56727-0679.fits
7456/spec-7456-56727-0680.fits
7456/spec-7456-56727-0681.fits
7456/spec-7456-56727-0682.fits
7456/spec-7456-56727-0683.fits
7456/spec-7456-56727-0684.fits
7456/spec-7456-56727-0685.fits
7456/spec-7456-56727-0686.fits
7456/spec-7456-56727-0687.fits
7456/spec-7456-56727-0688.fits
7456/spec-7456-56727-0689.fits
7456/spec-7456-56727-0690.fits
7456/spec-7456-56727-0691.fits
7456/spec-7456-56727-0692.fits
7456/spec-7456-56727-0693.fits
7456/spec-7456-56727-0694.fits
7456/spec-7456-56727-0695.fits
7456/spec-7456-56727-0696.fits
7456/spec-7456-56727-0697.fits
7456/spec-7456-56727-0698.fits
7456/spec-7456-56727-0699.fits
7456/spec-7456-56727-0700.fits
7456/spec-7456-56727-0701.fits
7456/spec-7456-56727-0702.fits
7456/spec-7456-56727-0703.fits
7456/spec-7456-56727-0704.fits
7456/spec-7456-56727-0705.fits
7456/spec-7456-56727-0706.fits
7456/spec-7456-56727-0707.fits
7456/spec-7456-56727-0708.fits
7456/spec-7456-56727-0709.fits
7456/spec-7456-56727-0710.fits
7456/spec-7456-56727-0711.fits
7456/spec-7456-56727-0712.fits
7456/spec-7456-56727-0713.fits
7456/spec-7456-56727-0714.fits
7456/spec-7456-56727-0715.fits
7456/spec-7456-56727-0716.fits
7456/spec-7456-56727-0717.fits
7456/spec-7456-56727-0718.fits
7456/spec-7456-56727-0719.fits
7456/spec-7456-56727-0720.fits
7456/spec-7456-56727-0721.fits
7456/spec-7456-56727-0722.fits
7456/spec-7456-56727-0723.fits
7456/spec-7456-56727-0724.fits
7456/spec-7456-56727-0725.fits
7456/spec-7456-56727-0726.fits
7456/spec-7456-56727-0727.fits
7456/spec-7456-56727-0728.fits
7456/spec-7456-56727-0729.fits
7456/spec-7456-56727-0730.fits
7456/spec-7456-56727-0731.fits
7456/spec-7456-56727-0732.fits
7456/spec-7456-56727-0733.fits
7456/spec-7456-56727-0734.fits
7456/spec-7456-56727-0735.fits
7456/spec-7456-56727-0736.fits
7456/spec-7456-56727-0737.fits
7456/spec-7456-56727-0738.fits
7456/spec-7456-56727-0739.fits
7456/spec-7456-56727-0740.fits
7456/spec-7456-56727-0741.fits
7456/spec-7456-56727-0742.fits
7456/spec-7456-56727-0743.fits
7456/spec-7456-56727-0744.fits
7456/spec-7456-56727-0745.fits
7456/spec-7456-56727-0746.fits
7456/spec-7456-56727-0747.fits
7456/spec-7456-56727-0748.fits
7456/spec-7456-56727-0749.fits
7456/spec-7456-56727-0750.fits
7456/spec-7456-56727-0751.fits
7456/spec-7456-56727-0752.fits
7456/spec-7456-56727-0753.fits
7456/spec-7456-56727-0754.fits
7456/spec-7456-56727-0755.fits
7456/spec-7456-56727-0756.fits
7456/spec-7456-56727-0757.fits
7456/spec-7456-56727-0758.fits
7456/spec-7456-56727-0759.fits
7456/spec-7456-56727-0760.fits
7456/spec-7456-56727-0761.fits
7456/spec-7456-56727-0762.fits
7456/spec-7456-56727-0763.fits
7456/spec-7456-56727-0764.fits
7456/spec-7456-56727-0765.fits
7456/spec-7456-56727-0766.fits
7456/spec-7456-56727-0767.fits
7456/spec-7456-56727-0768.fits
7456/spec-7456-56727-0769.fits
7456/spec-7456-56727-0770.fits
7456/spec-7456-56727-0771.fits
7456/spec-7456-56727-0772.fits
7456/spec-7456-56727-0773.fits
7456/spec-7456-56727-0774.fits
7456/spec-7456-56727-0775.fits
7456/spec-7456-56727-0776.fits
7456/spec-7456-56727-0777.fits
7456/spec-7456-56727-0778.fits
7456/spec-7456-56727-0779.fits
7456/spec-7456-56727-0780.fits
7456/spec-7456-56727-0781.fits
7456/spec-7456-56727-0782.fits
7456/spec-7456-56727-0783.fits
7456/spec-7456-56727-0784.fits
7456/spec-7456-56727-0785.fits
7456/spec-7456-56727-0786.fits
7456/spec-7456-56727-0787.fits
7456/spec-7456-56727-0788.fits
7456/spec-7456-56727-0789.fits
7456/spec-7456-56727-0790.fits
7456/spec-7456-56727-0791.fits
7456/spec-7456-56727-0792.fits
7456/spec-7456-56727-0793.fits
7456/spec-7456-56727-0794.fits
7456/spec-7456-56727-0795.fits
7456/spec-7456-56727-0796.fits
7456/spec-7456-56727-0797.fits
7456/spec-7456-56727-0798.fits
7456/spec-7456-56727-0799.fits
7456/spec-7456-56727-0800.fits
7456/spec-7456-56727-0801.fits
7456/spec-7456-56727-0802.fits
7456/spec-7456-56727-0803.fits
7456/spec-7456-56727-0804.fits
7456/spec-7456-56727-0805.fits
7456/spec-7456-56727-0806.fits
7456/spec-7456-56727-0807.fits
7456/spec-7456-56727-0808.fits
7456/spec-7456-56727-0809.fits
7456/spec-7456-56727-0810.fits
7456/spec-7456-56727-0811.fits
7456/spec-7456-56727-0812.fits
7456/spec-7456-56727-0813.fits
7456/spec-7456-56727-0814.fits
7456/spec-7456-56727-0815.fits
7456/spec-7456-56727-0816.fits
7456/spec-7456-56727-0817.fits
7456/spec-7456-56727-0818.fits
7456/spec-7456-56727-0819.fits
7456/spec-7456-56727-0820.fits
7456/spec-7456-56727-0821.fits
7456/spec-7456-56727-0822.fits
7456/spec-7456-56727-0823.fits
7456/spec-7456-56727-0824.fits
7456/spec-7456-56727-0825.fits
7456/spec-7456-56727-0826.fits
7456/spec-7456-56727-0827.fits
7456/spec-7456-56727-0828.fits
7456/spec-7456-56727-0829.fits
7456/spec-7456-56727-0830.fits
7456/spec-7456-56727-0831.fits
7456/spec-7456-56727-0832.fits
7456/spec-7456-56727-0833.fits
7456/spec-7456-56727-0834.fits
7456/spec-7456-56727-0835.fits
7456/spec-7456-56727-0836.fits
7456/spec-7456-56727-0837.fits
7456/spec-7456-56727-0838.fits
7456/spec-7456-56727-0839.fits
7456/spec-7456-56727-0840.fits
7456/spec-7456-56727-0841.fits
7456/spec-7456-56727-0842.fits
7456/spec-7456-56727-0843.fits
7456/spec-7456-56727-0844.fits
7456/spec-7456-56727-0845.fits
7456/spec-7456-56727-0846.fits
7456/spec-7456-56727-0847.fits
7456/spec-7456-56727-0848.fits
7456/spec-7456-56727-0849.fits
7456/spec-7456-56727-0850.fits
7456/spec-7456-56727-0851.fits
7456/spec-7456-56727-0852.fits
7456/spec-7456-56727-0853.fits
7456/spec-7456-56727-0854.fits
7456/spec-7456-56727-0855.fits
7456/spec-7456-56727-0856.fits
7456/spec-7456-56727-0857.fits
7456/spec-7456-56727-0858.fits
7456/spec-7456-56727-0859.fits
7456/spec-7456-56727-0860.fits
7456/spec-7456-56727-0861.fits
7456/spec-7456-56727-0862.fits
7456/spec-7456-56727-0863.fits
7456/spec-7456-56727-0864.fits
7456/spec-7456-56727-0865.fits
7456/spec-7456-56727-0866.fits
7456/spec-7456-56727-0867.fits
7456/spec-7456-56727-0868.fits
7456/spec-7456-56727-0869.fits
7456/spec-7456-56727-0870.fits
7456/spec-7456-56727-0871.fits
7456/spec-7456-56727-0872.fits
7456/spec-7456-56727-0873.fits
7456/spec-7456-56727-0874.fits
7456/spec-7456-56727-0875.fits
7456/spec-7456-56727-0876.fits
7456/spec-7456-56727-0877.fits
7456/spec-7456-56727-0878.fits
7456/spec-7456-56727-0879.fits
7456/spec-7456-56727-0880.fits
7456/spec-7456-56727-0881.fits
7456/spec-7456-56727-0882.fits
7456/spec-7456-56727-0883.fits
7456/spec-7456-56727-0884.fits
7456/spec-7456-56727-0885.fits
7456/spec-7456-56727-0886.fits
7456/spec-7456-56727-0887.fits
7456/spec-7456-56727-0888.fits
7456/spec-7456-56727-0889.fits
7456/spec-7456-56727-0890.fits
7456/spec-7456-56727-0891.fits
7456/spec-7456-56727-0892.fits
7456/spec-7456-56727-0893.fits
7456/spec-7456-56727-0894.fits
7456/spec-7456-56727-0895.fits
7456/spec-7456-56727-0896.fits
7456/spec-7456-56727-0897.fits
7456/spec-7456-56727-0898.fits
7456/spec-7456-56727-0899.fits
7456/spec-7456-56727-0900.fits
7456/spec-7456-56727-0901.fits
7456/spec-7456-56727-0902.fits
7456/spec-7456-56727-0903.fits
7456/spec-7456-56727-0904.fits
7456/spec-7456-56727-0905.fits
7456/spec-7456-56727-0906.fits
7456/spec-7456-56727-0907.fits
7456/spec-7456-56727-0908.fits
7456/spec-7456-56727-0909.fits
7456/spec-7456-56727-0910.fits
7456/spec-7456-56727-0911.fits
7456/spec-7456-56727-0912.fits
7456/spec-7456-56727-0913.fits
7456/spec-7456-56727-0914.fits
7456/spec-7456-56727-0915.fits
7456/spec-7456-56727-0916.fits
7456/spec-7456-56727-0917.fits
7456/spec-7456-56727-0918.fits
7456/spec-7456-56727-0919.fits
7456/spec-7456-56727-0920.fits
7456/spec-7456-56727-0921.fits
7456/spec-7456-56727-0922.fits
7456/spec-7456-56727-0923.fits
7456/spec-7456-56727-0924.fits
7456/spec-7456-56727-0925.fits
7456/spec-7456-56727-0926.fits
7456/spec-7456-56727-0927.fits
7456/spec-7456-56727-0928.fits
7456/spec-7456-56727-0929.fits
7456/spec-7456-56727-0930.fits
7456/spec-7456-56727-0931.fits
7456/spec-7456-56727-0932.fits
7456/spec-7456-56727-0933.fits
7456/spec-7456-56727-0934.fits
7456/spec-7456-56727-0935.fits
7456/spec-7456-56727-0936.fits
7456/spec-7456-56727-0937.fits
7456/spec-7456-56727-0938.fits
7456/spec-7456-56727-0939.fits
7456/spec-7456-56727-0940.fits
7456/spec-7456-56727-0941.fits
7456/spec-7456-56727-0942.fits
7456/spec-7456-56727-0943.fits
7456/spec-7456-56727-0944.fits
7456/spec-7456-56727-0945.fits
7456/spec-7456-56727-0946.fits
7456/spec-7456-56727-0947.fits
7456/spec-7456-56727-0948.fits
7456/spec-7456-56727-0949.fits
7456/spec-7456-56727-0950.fits
7456/spec-7456-56727-0951.fits
7456/spec-7456-56727-0952.fits
7456/spec-7456-56727-0953.fits
7456/spec-7456-56727-0954.fits
7456/spec-7456-56727-0955.fits
7456/spec-7456-56727-0956.fits
7456/spec-7456-56727-0957.fits
7456/spec-7456-56727-0958.fits
7456/spec-7456-56727-0959.fits
7456/spec-7456-56727-0960.fits
7456/spec-7456-56727-0961.fits
7456/spec-7456-56727-0962.fits
7456/spec-7456-56727-0963.fits
7456/spec-7456-56727-0964.fits
7456/spec-7456-56727-0965.fits
7456/spec-7456-56727-0966.fits
7456/spec-7456-56727-0967.fits
7456/spec-7456-56727-0968.fits
7456/spec-7456-56727-0969.fits
7456/spec-7456-56727-0970.fits
7456/spec-7456-56727-0971.fits
7456/spec-7456-56727-0972.fits
7456/spec-7456-56727-0973.fits
7456/spec-7456-56727-0974.fits
7456/spec-7456-56727-0975.fits
7456/spec-7456-56727-0976.fits
7456/spec-7456-56727-0977.fits
7456/spec-7456-56727-0978.fits
7456/spec-7456-56727-0979.fits
7456/spec-7456-56727-0980.fits
7456/spec-7456-56727-0981.fits
7456/spec-7456-56727-0982.fits
7456/spec-7456-56727-0983.fits
7456/spec-7456-56727-0984.fits
7456/spec-7456-56727-0985.fits
7456/spec-7456-56727-0986.fits
7456/spec-7456-56727-0987.fits
7456/spec-7456-56727-0988.fits
7456/spec-7456-56727-0989.fits
7456/spec-7456-56727-0990.fits
7456/spec-7456-56727-0991.fits
7456/spec-7456-56727-0992.fits
7456/spec-7456-56727-0993.fits
7456/spec-7456-56727-0994.fits
7456/spec-7456-56727-0995.fits
7456/spec-7456-56727-0996.fits
7456/spec-7456-56727-0997.fits
7456/spec-7456-56727-0998.fits
7456/spec-7456-56727-0999.fits
7456/spec-7456-56727-1000.fits
/var/lib/condor/execute/slot1/dir_7744
7456 7456.tgz R R361.tar.gz _condor_stderr _condor_stdout cB58_Lyman_break.fit condor_exec.exe hw4.R packages packages.tar.gz tmp var
[1] "Loaded package astro."
[1] 1000
7456 7456.csv 7456.tgz R R361.tar.gz _condor_stderr _condor_stdout cB58_Lyman_break.fit condor_exec.exe hw4.R packages packages.tar.gz tmp var
