7457
7457/
7457/spec-7457-56746-0001.fits
7457/spec-7457-56746-0002.fits
7457/spec-7457-56746-0003.fits
7457/spec-7457-56746-0004.fits
7457/spec-7457-56746-0005.fits
7457/spec-7457-56746-0006.fits
7457/spec-7457-56746-0007.fits
7457/spec-7457-56746-0008.fits
7457/spec-7457-56746-0009.fits
7457/spec-7457-56746-0010.fits
7457/spec-7457-56746-0011.fits
7457/spec-7457-56746-0012.fits
7457/spec-7457-56746-0013.fits
7457/spec-7457-56746-0014.fits
7457/spec-7457-56746-0015.fits
7457/spec-7457-56746-0016.fits
7457/spec-7457-56746-0017.fits
7457/spec-7457-56746-0018.fits
7457/spec-7457-56746-0019.fits
7457/spec-7457-56746-0020.fits
7457/spec-7457-56746-0021.fits
7457/spec-7457-56746-0022.fits
7457/spec-7457-56746-0023.fits
7457/spec-7457-56746-0024.fits
7457/spec-7457-56746-0025.fits
7457/spec-7457-56746-0026.fits
7457/spec-7457-56746-0027.fits
7457/spec-7457-56746-0028.fits
7457/spec-7457-56746-0029.fits
7457/spec-7457-56746-0030.fits
7457/spec-7457-56746-0031.fits
7457/spec-7457-56746-0032.fits
7457/spec-7457-56746-0033.fits
7457/spec-7457-56746-0034.fits
7457/spec-7457-56746-0035.fits
7457/spec-7457-56746-0036.fits
7457/spec-7457-56746-0037.fits
7457/spec-7457-56746-0038.fits
7457/spec-7457-56746-0039.fits
7457/spec-7457-56746-0040.fits
7457/spec-7457-56746-0041.fits
7457/spec-7457-56746-0042.fits
7457/spec-7457-56746-0043.fits
7457/spec-7457-56746-0044.fits
7457/spec-7457-56746-0045.fits
7457/spec-7457-56746-0046.fits
7457/spec-7457-56746-0047.fits
7457/spec-7457-56746-0048.fits
7457/spec-7457-56746-0049.fits
7457/spec-7457-56746-0050.fits
7457/spec-7457-56746-0051.fits
7457/spec-7457-56746-0052.fits
7457/spec-7457-56746-0053.fits
7457/spec-7457-56746-0054.fits
7457/spec-7457-56746-0055.fits
7457/spec-7457-56746-0056.fits
7457/spec-7457-56746-0057.fits
7457/spec-7457-56746-0058.fits
7457/spec-7457-56746-0059.fits
7457/spec-7457-56746-0060.fits
7457/spec-7457-56746-0061.fits
7457/spec-7457-56746-0062.fits
7457/spec-7457-56746-0063.fits
7457/spec-7457-56746-0064.fits
7457/spec-7457-56746-0065.fits
7457/spec-7457-56746-0066.fits
7457/spec-7457-56746-0067.fits
7457/spec-7457-56746-0068.fits
7457/spec-7457-56746-0069.fits
7457/spec-7457-56746-0070.fits
7457/spec-7457-56746-0071.fits
7457/spec-7457-56746-0072.fits
7457/spec-7457-56746-0073.fits
7457/spec-7457-56746-0074.fits
7457/spec-7457-56746-0075.fits
7457/spec-7457-56746-0076.fits
7457/spec-7457-56746-0077.fits
7457/spec-7457-56746-0078.fits
7457/spec-7457-56746-0079.fits
7457/spec-7457-56746-0080.fits
7457/spec-7457-56746-0081.fits
7457/spec-7457-56746-0082.fits
7457/spec-7457-56746-0083.fits
7457/spec-7457-56746-0084.fits
7457/spec-7457-56746-0085.fits
7457/spec-7457-56746-0086.fits
7457/spec-7457-56746-0087.fits
7457/spec-7457-56746-0088.fits
7457/spec-7457-56746-0089.fits
7457/spec-7457-56746-0090.fits
7457/spec-7457-56746-0091.fits
7457/spec-7457-56746-0092.fits
7457/spec-7457-56746-0093.fits
7457/spec-7457-56746-0094.fits
7457/spec-7457-56746-0095.fits
7457/spec-7457-56746-0096.fits
7457/spec-7457-56746-0097.fits
7457/spec-7457-56746-0098.fits
7457/spec-7457-56746-0099.fits
7457/spec-7457-56746-0100.fits
7457/spec-7457-56746-0101.fits
7457/spec-7457-56746-0102.fits
7457/spec-7457-56746-0103.fits
7457/spec-7457-56746-0104.fits
7457/spec-7457-56746-0105.fits
7457/spec-7457-56746-0106.fits
7457/spec-7457-56746-0107.fits
7457/spec-7457-56746-0108.fits
7457/spec-7457-56746-0109.fits
7457/spec-7457-56746-0110.fits
7457/spec-7457-56746-0111.fits
7457/spec-7457-56746-0112.fits
7457/spec-7457-56746-0113.fits
7457/spec-7457-56746-0114.fits
7457/spec-7457-56746-0115.fits
7457/spec-7457-56746-0116.fits
7457/spec-7457-56746-0117.fits
7457/spec-7457-56746-0118.fits
7457/spec-7457-56746-0119.fits
7457/spec-7457-56746-0120.fits
7457/spec-7457-56746-0121.fits
7457/spec-7457-56746-0122.fits
7457/spec-7457-56746-0123.fits
7457/spec-7457-56746-0124.fits
7457/spec-7457-56746-0125.fits
7457/spec-7457-56746-0126.fits
7457/spec-7457-56746-0127.fits
7457/spec-7457-56746-0128.fits
7457/spec-7457-56746-0129.fits
7457/spec-7457-56746-0130.fits
7457/spec-7457-56746-0131.fits
7457/spec-7457-56746-0132.fits
7457/spec-7457-56746-0133.fits
7457/spec-7457-56746-0134.fits
7457/spec-7457-56746-0135.fits
7457/spec-7457-56746-0136.fits
7457/spec-7457-56746-0137.fits
7457/spec-7457-56746-0138.fits
7457/spec-7457-56746-0139.fits
7457/spec-7457-56746-0140.fits
7457/spec-7457-56746-0141.fits
7457/spec-7457-56746-0142.fits
7457/spec-7457-56746-0143.fits
7457/spec-7457-56746-0144.fits
7457/spec-7457-56746-0145.fits
7457/spec-7457-56746-0146.fits
7457/spec-7457-56746-0147.fits
7457/spec-7457-56746-0148.fits
7457/spec-7457-56746-0149.fits
7457/spec-7457-56746-0150.fits
7457/spec-7457-56746-0151.fits
7457/spec-7457-56746-0152.fits
7457/spec-7457-56746-0153.fits
7457/spec-7457-56746-0154.fits
7457/spec-7457-56746-0155.fits
7457/spec-7457-56746-0156.fits
7457/spec-7457-56746-0157.fits
7457/spec-7457-56746-0158.fits
7457/spec-7457-56746-0159.fits
7457/spec-7457-56746-0160.fits
7457/spec-7457-56746-0161.fits
7457/spec-7457-56746-0162.fits
7457/spec-7457-56746-0163.fits
7457/spec-7457-56746-0164.fits
7457/spec-7457-56746-0165.fits
7457/spec-7457-56746-0166.fits
7457/spec-7457-56746-0167.fits
7457/spec-7457-56746-0168.fits
7457/spec-7457-56746-0169.fits
7457/spec-7457-56746-0170.fits
7457/spec-7457-56746-0171.fits
7457/spec-7457-56746-0172.fits
7457/spec-7457-56746-0173.fits
7457/spec-7457-56746-0174.fits
7457/spec-7457-56746-0175.fits
7457/spec-7457-56746-0176.fits
7457/spec-7457-56746-0177.fits
7457/spec-7457-56746-0178.fits
7457/spec-7457-56746-0179.fits
7457/spec-7457-56746-0180.fits
7457/spec-7457-56746-0181.fits
7457/spec-7457-56746-0182.fits
7457/spec-7457-56746-0183.fits
7457/spec-7457-56746-0184.fits
7457/spec-7457-56746-0185.fits
7457/spec-7457-56746-0186.fits
7457/spec-7457-56746-0187.fits
7457/spec-7457-56746-0188.fits
7457/spec-7457-56746-0189.fits
7457/spec-7457-56746-0190.fits
7457/spec-7457-56746-0191.fits
7457/spec-7457-56746-0192.fits
7457/spec-7457-56746-0193.fits
7457/spec-7457-56746-0194.fits
7457/spec-7457-56746-0195.fits
7457/spec-7457-56746-0196.fits
7457/spec-7457-56746-0197.fits
7457/spec-7457-56746-0198.fits
7457/spec-7457-56746-0199.fits
7457/spec-7457-56746-0200.fits
7457/spec-7457-56746-0201.fits
7457/spec-7457-56746-0202.fits
7457/spec-7457-56746-0203.fits
7457/spec-7457-56746-0204.fits
7457/spec-7457-56746-0205.fits
7457/spec-7457-56746-0206.fits
7457/spec-7457-56746-0207.fits
7457/spec-7457-56746-0208.fits
7457/spec-7457-56746-0209.fits
7457/spec-7457-56746-0210.fits
7457/spec-7457-56746-0211.fits
7457/spec-7457-56746-0212.fits
7457/spec-7457-56746-0213.fits
7457/spec-7457-56746-0214.fits
7457/spec-7457-56746-0215.fits
7457/spec-7457-56746-0216.fits
7457/spec-7457-56746-0217.fits
7457/spec-7457-56746-0218.fits
7457/spec-7457-56746-0219.fits
7457/spec-7457-56746-0220.fits
7457/spec-7457-56746-0221.fits
7457/spec-7457-56746-0222.fits
7457/spec-7457-56746-0223.fits
7457/spec-7457-56746-0224.fits
7457/spec-7457-56746-0225.fits
7457/spec-7457-56746-0226.fits
7457/spec-7457-56746-0227.fits
7457/spec-7457-56746-0228.fits
7457/spec-7457-56746-0229.fits
7457/spec-7457-56746-0230.fits
7457/spec-7457-56746-0231.fits
7457/spec-7457-56746-0232.fits
7457/spec-7457-56746-0233.fits
7457/spec-7457-56746-0234.fits
7457/spec-7457-56746-0235.fits
7457/spec-7457-56746-0236.fits
7457/spec-7457-56746-0237.fits
7457/spec-7457-56746-0238.fits
7457/spec-7457-56746-0239.fits
7457/spec-7457-56746-0240.fits
7457/spec-7457-56746-0241.fits
7457/spec-7457-56746-0242.fits
7457/spec-7457-56746-0243.fits
7457/spec-7457-56746-0244.fits
7457/spec-7457-56746-0245.fits
7457/spec-7457-56746-0246.fits
7457/spec-7457-56746-0247.fits
7457/spec-7457-56746-0248.fits
7457/spec-7457-56746-0249.fits
7457/spec-7457-56746-0250.fits
7457/spec-7457-56746-0251.fits
7457/spec-7457-56746-0252.fits
7457/spec-7457-56746-0253.fits
7457/spec-7457-56746-0254.fits
7457/spec-7457-56746-0255.fits
7457/spec-7457-56746-0256.fits
7457/spec-7457-56746-0257.fits
7457/spec-7457-56746-0258.fits
7457/spec-7457-56746-0259.fits
7457/spec-7457-56746-0260.fits
7457/spec-7457-56746-0261.fits
7457/spec-7457-56746-0262.fits
7457/spec-7457-56746-0263.fits
7457/spec-7457-56746-0264.fits
7457/spec-7457-56746-0265.fits
7457/spec-7457-56746-0266.fits
7457/spec-7457-56746-0267.fits
7457/spec-7457-56746-0268.fits
7457/spec-7457-56746-0269.fits
7457/spec-7457-56746-0270.fits
7457/spec-7457-56746-0271.fits
7457/spec-7457-56746-0272.fits
7457/spec-7457-56746-0273.fits
7457/spec-7457-56746-0274.fits
7457/spec-7457-56746-0275.fits
7457/spec-7457-56746-0276.fits
7457/spec-7457-56746-0277.fits
7457/spec-7457-56746-0278.fits
7457/spec-7457-56746-0279.fits
7457/spec-7457-56746-0280.fits
7457/spec-7457-56746-0281.fits
7457/spec-7457-56746-0282.fits
7457/spec-7457-56746-0283.fits
7457/spec-7457-56746-0284.fits
7457/spec-7457-56746-0285.fits
7457/spec-7457-56746-0286.fits
7457/spec-7457-56746-0287.fits
7457/spec-7457-56746-0288.fits
7457/spec-7457-56746-0289.fits
7457/spec-7457-56746-0290.fits
7457/spec-7457-56746-0291.fits
7457/spec-7457-56746-0292.fits
7457/spec-7457-56746-0293.fits
7457/spec-7457-56746-0294.fits
7457/spec-7457-56746-0295.fits
7457/spec-7457-56746-0296.fits
7457/spec-7457-56746-0297.fits
7457/spec-7457-56746-0298.fits
7457/spec-7457-56746-0299.fits
7457/spec-7457-56746-0300.fits
7457/spec-7457-56746-0301.fits
7457/spec-7457-56746-0302.fits
7457/spec-7457-56746-0303.fits
7457/spec-7457-56746-0304.fits
7457/spec-7457-56746-0305.fits
7457/spec-7457-56746-0306.fits
7457/spec-7457-56746-0307.fits
7457/spec-7457-56746-0308.fits
7457/spec-7457-56746-0309.fits
7457/spec-7457-56746-0310.fits
7457/spec-7457-56746-0311.fits
7457/spec-7457-56746-0312.fits
7457/spec-7457-56746-0313.fits
7457/spec-7457-56746-0314.fits
7457/spec-7457-56746-0315.fits
7457/spec-7457-56746-0316.fits
7457/spec-7457-56746-0317.fits
7457/spec-7457-56746-0318.fits
7457/spec-7457-56746-0319.fits
7457/spec-7457-56746-0320.fits
7457/spec-7457-56746-0321.fits
7457/spec-7457-56746-0322.fits
7457/spec-7457-56746-0323.fits
7457/spec-7457-56746-0324.fits
7457/spec-7457-56746-0325.fits
7457/spec-7457-56746-0326.fits
7457/spec-7457-56746-0327.fits
7457/spec-7457-56746-0328.fits
7457/spec-7457-56746-0329.fits
7457/spec-7457-56746-0330.fits
7457/spec-7457-56746-0331.fits
7457/spec-7457-56746-0332.fits
7457/spec-7457-56746-0333.fits
7457/spec-7457-56746-0334.fits
7457/spec-7457-56746-0335.fits
7457/spec-7457-56746-0336.fits
7457/spec-7457-56746-0337.fits
7457/spec-7457-56746-0338.fits
7457/spec-7457-56746-0339.fits
7457/spec-7457-56746-0340.fits
7457/spec-7457-56746-0341.fits
7457/spec-7457-56746-0342.fits
7457/spec-7457-56746-0343.fits
7457/spec-7457-56746-0344.fits
7457/spec-7457-56746-0345.fits
7457/spec-7457-56746-0346.fits
7457/spec-7457-56746-0347.fits
7457/spec-7457-56746-0348.fits
7457/spec-7457-56746-0349.fits
7457/spec-7457-56746-0350.fits
7457/spec-7457-56746-0351.fits
7457/spec-7457-56746-0352.fits
7457/spec-7457-56746-0353.fits
7457/spec-7457-56746-0354.fits
7457/spec-7457-56746-0355.fits
7457/spec-7457-56746-0356.fits
7457/spec-7457-56746-0357.fits
7457/spec-7457-56746-0358.fits
7457/spec-7457-56746-0359.fits
7457/spec-7457-56746-0360.fits
7457/spec-7457-56746-0361.fits
7457/spec-7457-56746-0362.fits
7457/spec-7457-56746-0363.fits
7457/spec-7457-56746-0364.fits
7457/spec-7457-56746-0365.fits
7457/spec-7457-56746-0366.fits
7457/spec-7457-56746-0367.fits
7457/spec-7457-56746-0368.fits
7457/spec-7457-56746-0369.fits
7457/spec-7457-56746-0370.fits
7457/spec-7457-56746-0371.fits
7457/spec-7457-56746-0372.fits
7457/spec-7457-56746-0373.fits
7457/spec-7457-56746-0374.fits
7457/spec-7457-56746-0375.fits
7457/spec-7457-56746-0376.fits
7457/spec-7457-56746-0377.fits
7457/spec-7457-56746-0378.fits
7457/spec-7457-56746-0379.fits
7457/spec-7457-56746-0380.fits
7457/spec-7457-56746-0381.fits
7457/spec-7457-56746-0382.fits
7457/spec-7457-56746-0383.fits
7457/spec-7457-56746-0384.fits
7457/spec-7457-56746-0385.fits
7457/spec-7457-56746-0386.fits
7457/spec-7457-56746-0387.fits
7457/spec-7457-56746-0388.fits
7457/spec-7457-56746-0389.fits
7457/spec-7457-56746-0390.fits
7457/spec-7457-56746-0391.fits
7457/spec-7457-56746-0392.fits
7457/spec-7457-56746-0393.fits
7457/spec-7457-56746-0394.fits
7457/spec-7457-56746-0395.fits
7457/spec-7457-56746-0396.fits
7457/spec-7457-56746-0397.fits
7457/spec-7457-56746-0398.fits
7457/spec-7457-56746-0399.fits
7457/spec-7457-56746-0400.fits
7457/spec-7457-56746-0401.fits
7457/spec-7457-56746-0402.fits
7457/spec-7457-56746-0403.fits
7457/spec-7457-56746-0404.fits
7457/spec-7457-56746-0405.fits
7457/spec-7457-56746-0406.fits
7457/spec-7457-56746-0407.fits
7457/spec-7457-56746-0408.fits
7457/spec-7457-56746-0409.fits
7457/spec-7457-56746-0410.fits
7457/spec-7457-56746-0411.fits
7457/spec-7457-56746-0412.fits
7457/spec-7457-56746-0413.fits
7457/spec-7457-56746-0414.fits
7457/spec-7457-56746-0415.fits
7457/spec-7457-56746-0416.fits
7457/spec-7457-56746-0417.fits
7457/spec-7457-56746-0418.fits
7457/spec-7457-56746-0419.fits
7457/spec-7457-56746-0420.fits
7457/spec-7457-56746-0421.fits
7457/spec-7457-56746-0422.fits
7457/spec-7457-56746-0423.fits
7457/spec-7457-56746-0424.fits
7457/spec-7457-56746-0425.fits
7457/spec-7457-56746-0426.fits
7457/spec-7457-56746-0427.fits
7457/spec-7457-56746-0428.fits
7457/spec-7457-56746-0429.fits
7457/spec-7457-56746-0430.fits
7457/spec-7457-56746-0431.fits
7457/spec-7457-56746-0432.fits
7457/spec-7457-56746-0433.fits
7457/spec-7457-56746-0434.fits
7457/spec-7457-56746-0435.fits
7457/spec-7457-56746-0436.fits
7457/spec-7457-56746-0437.fits
7457/spec-7457-56746-0438.fits
7457/spec-7457-56746-0439.fits
7457/spec-7457-56746-0440.fits
7457/spec-7457-56746-0441.fits
7457/spec-7457-56746-0442.fits
7457/spec-7457-56746-0443.fits
7457/spec-7457-56746-0444.fits
7457/spec-7457-56746-0445.fits
7457/spec-7457-56746-0446.fits
7457/spec-7457-56746-0447.fits
7457/spec-7457-56746-0448.fits
7457/spec-7457-56746-0449.fits
7457/spec-7457-56746-0450.fits
7457/spec-7457-56746-0451.fits
7457/spec-7457-56746-0452.fits
7457/spec-7457-56746-0453.fits
7457/spec-7457-56746-0454.fits
7457/spec-7457-56746-0455.fits
7457/spec-7457-56746-0456.fits
7457/spec-7457-56746-0457.fits
7457/spec-7457-56746-0458.fits
7457/spec-7457-56746-0459.fits
7457/spec-7457-56746-0460.fits
7457/spec-7457-56746-0461.fits
7457/spec-7457-56746-0462.fits
7457/spec-7457-56746-0463.fits
7457/spec-7457-56746-0464.fits
7457/spec-7457-56746-0465.fits
7457/spec-7457-56746-0466.fits
7457/spec-7457-56746-0467.fits
7457/spec-7457-56746-0468.fits
7457/spec-7457-56746-0469.fits
7457/spec-7457-56746-0470.fits
7457/spec-7457-56746-0471.fits
7457/spec-7457-56746-0472.fits
7457/spec-7457-56746-0473.fits
7457/spec-7457-56746-0474.fits
7457/spec-7457-56746-0475.fits
7457/spec-7457-56746-0476.fits
7457/spec-7457-56746-0477.fits
7457/spec-7457-56746-0478.fits
7457/spec-7457-56746-0479.fits
7457/spec-7457-56746-0480.fits
7457/spec-7457-56746-0481.fits
7457/spec-7457-56746-0482.fits
7457/spec-7457-56746-0483.fits
7457/spec-7457-56746-0484.fits
7457/spec-7457-56746-0485.fits
7457/spec-7457-56746-0486.fits
7457/spec-7457-56746-0487.fits
7457/spec-7457-56746-0488.fits
7457/spec-7457-56746-0489.fits
7457/spec-7457-56746-0490.fits
7457/spec-7457-56746-0491.fits
7457/spec-7457-56746-0492.fits
7457/spec-7457-56746-0493.fits
7457/spec-7457-56746-0494.fits
7457/spec-7457-56746-0495.fits
7457/spec-7457-56746-0496.fits
7457/spec-7457-56746-0497.fits
7457/spec-7457-56746-0498.fits
7457/spec-7457-56746-0499.fits
7457/spec-7457-56746-0500.fits
7457/spec-7457-56746-0501.fits
7457/spec-7457-56746-0502.fits
7457/spec-7457-56746-0503.fits
7457/spec-7457-56746-0504.fits
7457/spec-7457-56746-0505.fits
7457/spec-7457-56746-0506.fits
7457/spec-7457-56746-0507.fits
7457/spec-7457-56746-0508.fits
7457/spec-7457-56746-0509.fits
7457/spec-7457-56746-0510.fits
7457/spec-7457-56746-0511.fits
7457/spec-7457-56746-0512.fits
7457/spec-7457-56746-0513.fits
7457/spec-7457-56746-0514.fits
7457/spec-7457-56746-0515.fits
7457/spec-7457-56746-0516.fits
7457/spec-7457-56746-0517.fits
7457/spec-7457-56746-0518.fits
7457/spec-7457-56746-0519.fits
7457/spec-7457-56746-0520.fits
7457/spec-7457-56746-0521.fits
7457/spec-7457-56746-0522.fits
7457/spec-7457-56746-0523.fits
7457/spec-7457-56746-0524.fits
7457/spec-7457-56746-0525.fits
7457/spec-7457-56746-0526.fits
7457/spec-7457-56746-0527.fits
7457/spec-7457-56746-0528.fits
7457/spec-7457-56746-0529.fits
7457/spec-7457-56746-0530.fits
7457/spec-7457-56746-0531.fits
7457/spec-7457-56746-0532.fits
7457/spec-7457-56746-0533.fits
7457/spec-7457-56746-0534.fits
7457/spec-7457-56746-0535.fits
7457/spec-7457-56746-0536.fits
7457/spec-7457-56746-0537.fits
7457/spec-7457-56746-0538.fits
7457/spec-7457-56746-0539.fits
7457/spec-7457-56746-0540.fits
7457/spec-7457-56746-0541.fits
7457/spec-7457-56746-0542.fits
7457/spec-7457-56746-0543.fits
7457/spec-7457-56746-0544.fits
7457/spec-7457-56746-0545.fits
7457/spec-7457-56746-0546.fits
7457/spec-7457-56746-0547.fits
7457/spec-7457-56746-0548.fits
7457/spec-7457-56746-0549.fits
7457/spec-7457-56746-0550.fits
7457/spec-7457-56746-0551.fits
7457/spec-7457-56746-0552.fits
7457/spec-7457-56746-0553.fits
7457/spec-7457-56746-0554.fits
7457/spec-7457-56746-0555.fits
7457/spec-7457-56746-0556.fits
7457/spec-7457-56746-0557.fits
7457/spec-7457-56746-0558.fits
7457/spec-7457-56746-0559.fits
7457/spec-7457-56746-0560.fits
7457/spec-7457-56746-0561.fits
7457/spec-7457-56746-0562.fits
7457/spec-7457-56746-0563.fits
7457/spec-7457-56746-0564.fits
7457/spec-7457-56746-0565.fits
7457/spec-7457-56746-0566.fits
7457/spec-7457-56746-0567.fits
7457/spec-7457-56746-0568.fits
7457/spec-7457-56746-0569.fits
7457/spec-7457-56746-0570.fits
7457/spec-7457-56746-0571.fits
7457/spec-7457-56746-0572.fits
7457/spec-7457-56746-0573.fits
7457/spec-7457-56746-0574.fits
7457/spec-7457-56746-0575.fits
7457/spec-7457-56746-0576.fits
7457/spec-7457-56746-0577.fits
7457/spec-7457-56746-0578.fits
7457/spec-7457-56746-0579.fits
7457/spec-7457-56746-0580.fits
7457/spec-7457-56746-0581.fits
7457/spec-7457-56746-0582.fits
7457/spec-7457-56746-0583.fits
7457/spec-7457-56746-0584.fits
7457/spec-7457-56746-0585.fits
7457/spec-7457-56746-0586.fits
7457/spec-7457-56746-0587.fits
7457/spec-7457-56746-0588.fits
7457/spec-7457-56746-0589.fits
7457/spec-7457-56746-0590.fits
7457/spec-7457-56746-0591.fits
7457/spec-7457-56746-0592.fits
7457/spec-7457-56746-0593.fits
7457/spec-7457-56746-0594.fits
7457/spec-7457-56746-0595.fits
7457/spec-7457-56746-0596.fits
7457/spec-7457-56746-0597.fits
7457/spec-7457-56746-0598.fits
7457/spec-7457-56746-0599.fits
7457/spec-7457-56746-0600.fits
7457/spec-7457-56746-0601.fits
7457/spec-7457-56746-0602.fits
7457/spec-7457-56746-0603.fits
7457/spec-7457-56746-0604.fits
7457/spec-7457-56746-0605.fits
7457/spec-7457-56746-0606.fits
7457/spec-7457-56746-0607.fits
7457/spec-7457-56746-0608.fits
7457/spec-7457-56746-0609.fits
7457/spec-7457-56746-0610.fits
7457/spec-7457-56746-0611.fits
7457/spec-7457-56746-0612.fits
7457/spec-7457-56746-0613.fits
7457/spec-7457-56746-0614.fits
7457/spec-7457-56746-0615.fits
7457/spec-7457-56746-0616.fits
7457/spec-7457-56746-0617.fits
7457/spec-7457-56746-0618.fits
7457/spec-7457-56746-0619.fits
7457/spec-7457-56746-0620.fits
7457/spec-7457-56746-0621.fits
7457/spec-7457-56746-0622.fits
7457/spec-7457-56746-0623.fits
7457/spec-7457-56746-0624.fits
7457/spec-7457-56746-0625.fits
7457/spec-7457-56746-0626.fits
7457/spec-7457-56746-0627.fits
7457/spec-7457-56746-0628.fits
7457/spec-7457-56746-0629.fits
7457/spec-7457-56746-0630.fits
7457/spec-7457-56746-0631.fits
7457/spec-7457-56746-0632.fits
7457/spec-7457-56746-0633.fits
7457/spec-7457-56746-0634.fits
7457/spec-7457-56746-0635.fits
7457/spec-7457-56746-0636.fits
7457/spec-7457-56746-0637.fits
7457/spec-7457-56746-0638.fits
7457/spec-7457-56746-0639.fits
7457/spec-7457-56746-0640.fits
7457/spec-7457-56746-0641.fits
7457/spec-7457-56746-0642.fits
7457/spec-7457-56746-0643.fits
7457/spec-7457-56746-0644.fits
7457/spec-7457-56746-0645.fits
7457/spec-7457-56746-0646.fits
7457/spec-7457-56746-0647.fits
7457/spec-7457-56746-0648.fits
7457/spec-7457-56746-0649.fits
7457/spec-7457-56746-0650.fits
7457/spec-7457-56746-0651.fits
7457/spec-7457-56746-0652.fits
7457/spec-7457-56746-0653.fits
7457/spec-7457-56746-0654.fits
7457/spec-7457-56746-0655.fits
7457/spec-7457-56746-0656.fits
7457/spec-7457-56746-0657.fits
7457/spec-7457-56746-0658.fits
7457/spec-7457-56746-0659.fits
7457/spec-7457-56746-0660.fits
7457/spec-7457-56746-0661.fits
7457/spec-7457-56746-0662.fits
7457/spec-7457-56746-0663.fits
7457/spec-7457-56746-0664.fits
7457/spec-7457-56746-0665.fits
7457/spec-7457-56746-0666.fits
7457/spec-7457-56746-0667.fits
7457/spec-7457-56746-0668.fits
7457/spec-7457-56746-0669.fits
7457/spec-7457-56746-0670.fits
7457/spec-7457-56746-0671.fits
7457/spec-7457-56746-0672.fits
7457/spec-7457-56746-0673.fits
7457/spec-7457-56746-0674.fits
7457/spec-7457-56746-0675.fits
7457/spec-7457-56746-0676.fits
7457/spec-7457-56746-0677.fits
7457/spec-7457-56746-0678.fits
7457/spec-7457-56746-0679.fits
7457/spec-7457-56746-0680.fits
7457/spec-7457-56746-0681.fits
7457/spec-7457-56746-0682.fits
7457/spec-7457-56746-0683.fits
7457/spec-7457-56746-0684.fits
7457/spec-7457-56746-0685.fits
7457/spec-7457-56746-0686.fits
7457/spec-7457-56746-0687.fits
7457/spec-7457-56746-0688.fits
7457/spec-7457-56746-0689.fits
7457/spec-7457-56746-0690.fits
7457/spec-7457-56746-0691.fits
7457/spec-7457-56746-0692.fits
7457/spec-7457-56746-0693.fits
7457/spec-7457-56746-0694.fits
7457/spec-7457-56746-0695.fits
7457/spec-7457-56746-0696.fits
7457/spec-7457-56746-0697.fits
7457/spec-7457-56746-0698.fits
7457/spec-7457-56746-0699.fits
7457/spec-7457-56746-0700.fits
7457/spec-7457-56746-0701.fits
7457/spec-7457-56746-0702.fits
7457/spec-7457-56746-0703.fits
7457/spec-7457-56746-0704.fits
7457/spec-7457-56746-0705.fits
7457/spec-7457-56746-0706.fits
7457/spec-7457-56746-0707.fits
7457/spec-7457-56746-0708.fits
7457/spec-7457-56746-0709.fits
7457/spec-7457-56746-0710.fits
7457/spec-7457-56746-0711.fits
7457/spec-7457-56746-0712.fits
7457/spec-7457-56746-0713.fits
7457/spec-7457-56746-0714.fits
7457/spec-7457-56746-0715.fits
7457/spec-7457-56746-0716.fits
7457/spec-7457-56746-0717.fits
7457/spec-7457-56746-0718.fits
7457/spec-7457-56746-0719.fits
7457/spec-7457-56746-0720.fits
7457/spec-7457-56746-0721.fits
7457/spec-7457-56746-0722.fits
7457/spec-7457-56746-0723.fits
7457/spec-7457-56746-0724.fits
7457/spec-7457-56746-0725.fits
7457/spec-7457-56746-0726.fits
7457/spec-7457-56746-0727.fits
7457/spec-7457-56746-0728.fits
7457/spec-7457-56746-0729.fits
7457/spec-7457-56746-0730.fits
7457/spec-7457-56746-0731.fits
7457/spec-7457-56746-0732.fits
7457/spec-7457-56746-0733.fits
7457/spec-7457-56746-0734.fits
7457/spec-7457-56746-0735.fits
7457/spec-7457-56746-0736.fits
7457/spec-7457-56746-0737.fits
7457/spec-7457-56746-0738.fits
7457/spec-7457-56746-0739.fits
7457/spec-7457-56746-0740.fits
7457/spec-7457-56746-0741.fits
7457/spec-7457-56746-0742.fits
7457/spec-7457-56746-0743.fits
7457/spec-7457-56746-0744.fits
7457/spec-7457-56746-0745.fits
7457/spec-7457-56746-0746.fits
7457/spec-7457-56746-0747.fits
7457/spec-7457-56746-0748.fits
7457/spec-7457-56746-0749.fits
7457/spec-7457-56746-0750.fits
7457/spec-7457-56746-0751.fits
7457/spec-7457-56746-0752.fits
7457/spec-7457-56746-0753.fits
7457/spec-7457-56746-0754.fits
7457/spec-7457-56746-0755.fits
7457/spec-7457-56746-0756.fits
7457/spec-7457-56746-0757.fits
7457/spec-7457-56746-0758.fits
7457/spec-7457-56746-0759.fits
7457/spec-7457-56746-0760.fits
7457/spec-7457-56746-0761.fits
7457/spec-7457-56746-0762.fits
7457/spec-7457-56746-0763.fits
7457/spec-7457-56746-0764.fits
7457/spec-7457-56746-0765.fits
7457/spec-7457-56746-0766.fits
7457/spec-7457-56746-0767.fits
7457/spec-7457-56746-0768.fits
7457/spec-7457-56746-0769.fits
7457/spec-7457-56746-0770.fits
7457/spec-7457-56746-0771.fits
7457/spec-7457-56746-0772.fits
7457/spec-7457-56746-0773.fits
7457/spec-7457-56746-0774.fits
7457/spec-7457-56746-0775.fits
7457/spec-7457-56746-0776.fits
7457/spec-7457-56746-0777.fits
7457/spec-7457-56746-0778.fits
7457/spec-7457-56746-0779.fits
7457/spec-7457-56746-0780.fits
7457/spec-7457-56746-0781.fits
7457/spec-7457-56746-0782.fits
7457/spec-7457-56746-0783.fits
7457/spec-7457-56746-0784.fits
7457/spec-7457-56746-0785.fits
7457/spec-7457-56746-0786.fits
7457/spec-7457-56746-0787.fits
7457/spec-7457-56746-0788.fits
7457/spec-7457-56746-0789.fits
7457/spec-7457-56746-0790.fits
7457/spec-7457-56746-0791.fits
7457/spec-7457-56746-0792.fits
7457/spec-7457-56746-0793.fits
7457/spec-7457-56746-0794.fits
7457/spec-7457-56746-0795.fits
7457/spec-7457-56746-0796.fits
7457/spec-7457-56746-0797.fits
7457/spec-7457-56746-0798.fits
7457/spec-7457-56746-0799.fits
7457/spec-7457-56746-0800.fits
7457/spec-7457-56746-0801.fits
7457/spec-7457-56746-0802.fits
7457/spec-7457-56746-0803.fits
7457/spec-7457-56746-0804.fits
7457/spec-7457-56746-0805.fits
7457/spec-7457-56746-0806.fits
7457/spec-7457-56746-0807.fits
7457/spec-7457-56746-0808.fits
7457/spec-7457-56746-0809.fits
7457/spec-7457-56746-0810.fits
7457/spec-7457-56746-0811.fits
7457/spec-7457-56746-0812.fits
7457/spec-7457-56746-0813.fits
7457/spec-7457-56746-0814.fits
7457/spec-7457-56746-0815.fits
7457/spec-7457-56746-0816.fits
7457/spec-7457-56746-0817.fits
7457/spec-7457-56746-0818.fits
7457/spec-7457-56746-0819.fits
7457/spec-7457-56746-0820.fits
7457/spec-7457-56746-0821.fits
7457/spec-7457-56746-0822.fits
7457/spec-7457-56746-0823.fits
7457/spec-7457-56746-0824.fits
7457/spec-7457-56746-0825.fits
7457/spec-7457-56746-0826.fits
7457/spec-7457-56746-0827.fits
7457/spec-7457-56746-0828.fits
7457/spec-7457-56746-0829.fits
7457/spec-7457-56746-0830.fits
7457/spec-7457-56746-0831.fits
7457/spec-7457-56746-0832.fits
7457/spec-7457-56746-0833.fits
7457/spec-7457-56746-0834.fits
7457/spec-7457-56746-0835.fits
7457/spec-7457-56746-0836.fits
7457/spec-7457-56746-0837.fits
7457/spec-7457-56746-0838.fits
7457/spec-7457-56746-0839.fits
7457/spec-7457-56746-0840.fits
7457/spec-7457-56746-0841.fits
7457/spec-7457-56746-0842.fits
7457/spec-7457-56746-0843.fits
7457/spec-7457-56746-0844.fits
7457/spec-7457-56746-0845.fits
7457/spec-7457-56746-0846.fits
7457/spec-7457-56746-0847.fits
7457/spec-7457-56746-0848.fits
7457/spec-7457-56746-0849.fits
7457/spec-7457-56746-0850.fits
7457/spec-7457-56746-0851.fits
7457/spec-7457-56746-0852.fits
7457/spec-7457-56746-0853.fits
7457/spec-7457-56746-0854.fits
7457/spec-7457-56746-0855.fits
7457/spec-7457-56746-0856.fits
7457/spec-7457-56746-0857.fits
7457/spec-7457-56746-0858.fits
7457/spec-7457-56746-0859.fits
7457/spec-7457-56746-0860.fits
7457/spec-7457-56746-0861.fits
7457/spec-7457-56746-0862.fits
7457/spec-7457-56746-0863.fits
7457/spec-7457-56746-0864.fits
7457/spec-7457-56746-0865.fits
7457/spec-7457-56746-0866.fits
7457/spec-7457-56746-0867.fits
7457/spec-7457-56746-0868.fits
7457/spec-7457-56746-0869.fits
7457/spec-7457-56746-0870.fits
7457/spec-7457-56746-0871.fits
7457/spec-7457-56746-0872.fits
7457/spec-7457-56746-0873.fits
7457/spec-7457-56746-0874.fits
7457/spec-7457-56746-0875.fits
7457/spec-7457-56746-0876.fits
7457/spec-7457-56746-0877.fits
7457/spec-7457-56746-0878.fits
7457/spec-7457-56746-0879.fits
7457/spec-7457-56746-0880.fits
7457/spec-7457-56746-0881.fits
7457/spec-7457-56746-0882.fits
7457/spec-7457-56746-0883.fits
7457/spec-7457-56746-0884.fits
7457/spec-7457-56746-0885.fits
7457/spec-7457-56746-0886.fits
7457/spec-7457-56746-0887.fits
7457/spec-7457-56746-0888.fits
7457/spec-7457-56746-0889.fits
7457/spec-7457-56746-0890.fits
7457/spec-7457-56746-0891.fits
7457/spec-7457-56746-0892.fits
7457/spec-7457-56746-0893.fits
7457/spec-7457-56746-0894.fits
7457/spec-7457-56746-0895.fits
7457/spec-7457-56746-0896.fits
7457/spec-7457-56746-0897.fits
7457/spec-7457-56746-0898.fits
7457/spec-7457-56746-0899.fits
7457/spec-7457-56746-0900.fits
7457/spec-7457-56746-0901.fits
7457/spec-7457-56746-0902.fits
7457/spec-7457-56746-0903.fits
7457/spec-7457-56746-0904.fits
7457/spec-7457-56746-0905.fits
7457/spec-7457-56746-0906.fits
7457/spec-7457-56746-0907.fits
7457/spec-7457-56746-0908.fits
7457/spec-7457-56746-0909.fits
7457/spec-7457-56746-0910.fits
7457/spec-7457-56746-0911.fits
7457/spec-7457-56746-0912.fits
7457/spec-7457-56746-0913.fits
7457/spec-7457-56746-0914.fits
7457/spec-7457-56746-0915.fits
7457/spec-7457-56746-0916.fits
7457/spec-7457-56746-0917.fits
7457/spec-7457-56746-0918.fits
7457/spec-7457-56746-0919.fits
7457/spec-7457-56746-0920.fits
7457/spec-7457-56746-0921.fits
7457/spec-7457-56746-0922.fits
7457/spec-7457-56746-0923.fits
7457/spec-7457-56746-0924.fits
7457/spec-7457-56746-0925.fits
7457/spec-7457-56746-0926.fits
7457/spec-7457-56746-0927.fits
7457/spec-7457-56746-0928.fits
7457/spec-7457-56746-0929.fits
7457/spec-7457-56746-0930.fits
7457/spec-7457-56746-0931.fits
7457/spec-7457-56746-0932.fits
7457/spec-7457-56746-0933.fits
7457/spec-7457-56746-0934.fits
7457/spec-7457-56746-0935.fits
7457/spec-7457-56746-0936.fits
7457/spec-7457-56746-0937.fits
7457/spec-7457-56746-0938.fits
7457/spec-7457-56746-0939.fits
7457/spec-7457-56746-0940.fits
7457/spec-7457-56746-0941.fits
7457/spec-7457-56746-0942.fits
7457/spec-7457-56746-0943.fits
7457/spec-7457-56746-0944.fits
7457/spec-7457-56746-0945.fits
7457/spec-7457-56746-0946.fits
7457/spec-7457-56746-0947.fits
7457/spec-7457-56746-0948.fits
7457/spec-7457-56746-0949.fits
7457/spec-7457-56746-0950.fits
7457/spec-7457-56746-0951.fits
7457/spec-7457-56746-0952.fits
7457/spec-7457-56746-0953.fits
7457/spec-7457-56746-0954.fits
7457/spec-7457-56746-0955.fits
7457/spec-7457-56746-0956.fits
7457/spec-7457-56746-0957.fits
7457/spec-7457-56746-0958.fits
7457/spec-7457-56746-0959.fits
7457/spec-7457-56746-0960.fits
7457/spec-7457-56746-0961.fits
7457/spec-7457-56746-0962.fits
7457/spec-7457-56746-0963.fits
7457/spec-7457-56746-0964.fits
7457/spec-7457-56746-0965.fits
7457/spec-7457-56746-0966.fits
7457/spec-7457-56746-0967.fits
7457/spec-7457-56746-0968.fits
7457/spec-7457-56746-0969.fits
7457/spec-7457-56746-0970.fits
7457/spec-7457-56746-0971.fits
7457/spec-7457-56746-0972.fits
7457/spec-7457-56746-0973.fits
7457/spec-7457-56746-0974.fits
7457/spec-7457-56746-0975.fits
7457/spec-7457-56746-0976.fits
7457/spec-7457-56746-0977.fits
7457/spec-7457-56746-0978.fits
7457/spec-7457-56746-0979.fits
7457/spec-7457-56746-0980.fits
7457/spec-7457-56746-0981.fits
7457/spec-7457-56746-0982.fits
7457/spec-7457-56746-0983.fits
7457/spec-7457-56746-0984.fits
7457/spec-7457-56746-0985.fits
7457/spec-7457-56746-0986.fits
7457/spec-7457-56746-0987.fits
7457/spec-7457-56746-0988.fits
7457/spec-7457-56746-0989.fits
7457/spec-7457-56746-0990.fits
7457/spec-7457-56746-0991.fits
7457/spec-7457-56746-0992.fits
7457/spec-7457-56746-0993.fits
7457/spec-7457-56746-0994.fits
7457/spec-7457-56746-0995.fits
7457/spec-7457-56746-0996.fits
7457/spec-7457-56746-0997.fits
7457/spec-7457-56746-0998.fits
7457/spec-7457-56746-0999.fits
7457/spec-7457-56746-1000.fits
/var/lib/condor/execute/slot1/dir_30374
7457 7457.tgz R R361.tar.gz _condor_stderr _condor_stdout cB58_Lyman_break.fit condor_exec.exe hw4.R packages packages.tar.gz tmp var
[1] "Loaded package astro."
[1] 1000
7457 7457.csv 7457.tgz R R361.tar.gz _condor_stderr _condor_stdout cB58_Lyman_break.fit condor_exec.exe hw4.R packages packages.tar.gz tmp var
