7564
7564/
7564/spec-7564-56804-0001.fits
7564/spec-7564-56804-0002.fits
7564/spec-7564-56804-0003.fits
7564/spec-7564-56804-0004.fits
7564/spec-7564-56804-0005.fits
7564/spec-7564-56804-0006.fits
7564/spec-7564-56804-0007.fits
7564/spec-7564-56804-0008.fits
7564/spec-7564-56804-0009.fits
7564/spec-7564-56804-0010.fits
7564/spec-7564-56804-0011.fits
7564/spec-7564-56804-0012.fits
7564/spec-7564-56804-0013.fits
7564/spec-7564-56804-0014.fits
7564/spec-7564-56804-0015.fits
7564/spec-7564-56804-0016.fits
7564/spec-7564-56804-0017.fits
7564/spec-7564-56804-0018.fits
7564/spec-7564-56804-0019.fits
7564/spec-7564-56804-0020.fits
7564/spec-7564-56804-0021.fits
7564/spec-7564-56804-0022.fits
7564/spec-7564-56804-0023.fits
7564/spec-7564-56804-0024.fits
7564/spec-7564-56804-0025.fits
7564/spec-7564-56804-0026.fits
7564/spec-7564-56804-0027.fits
7564/spec-7564-56804-0028.fits
7564/spec-7564-56804-0029.fits
7564/spec-7564-56804-0030.fits
7564/spec-7564-56804-0031.fits
7564/spec-7564-56804-0032.fits
7564/spec-7564-56804-0033.fits
7564/spec-7564-56804-0034.fits
7564/spec-7564-56804-0035.fits
7564/spec-7564-56804-0036.fits
7564/spec-7564-56804-0037.fits
7564/spec-7564-56804-0038.fits
7564/spec-7564-56804-0039.fits
7564/spec-7564-56804-0040.fits
7564/spec-7564-56804-0041.fits
7564/spec-7564-56804-0042.fits
7564/spec-7564-56804-0043.fits
7564/spec-7564-56804-0044.fits
7564/spec-7564-56804-0045.fits
7564/spec-7564-56804-0046.fits
7564/spec-7564-56804-0047.fits
7564/spec-7564-56804-0048.fits
7564/spec-7564-56804-0049.fits
7564/spec-7564-56804-0050.fits
7564/spec-7564-56804-0051.fits
7564/spec-7564-56804-0052.fits
7564/spec-7564-56804-0053.fits
7564/spec-7564-56804-0054.fits
7564/spec-7564-56804-0055.fits
7564/spec-7564-56804-0056.fits
7564/spec-7564-56804-0057.fits
7564/spec-7564-56804-0058.fits
7564/spec-7564-56804-0059.fits
7564/spec-7564-56804-0060.fits
7564/spec-7564-56804-0061.fits
7564/spec-7564-56804-0062.fits
7564/spec-7564-56804-0063.fits
7564/spec-7564-56804-0064.fits
7564/spec-7564-56804-0065.fits
7564/spec-7564-56804-0066.fits
7564/spec-7564-56804-0067.fits
7564/spec-7564-56804-0068.fits
7564/spec-7564-56804-0069.fits
7564/spec-7564-56804-0070.fits
7564/spec-7564-56804-0071.fits
7564/spec-7564-56804-0072.fits
7564/spec-7564-56804-0073.fits
7564/spec-7564-56804-0074.fits
7564/spec-7564-56804-0075.fits
7564/spec-7564-56804-0076.fits
7564/spec-7564-56804-0077.fits
7564/spec-7564-56804-0078.fits
7564/spec-7564-56804-0079.fits
7564/spec-7564-56804-0080.fits
7564/spec-7564-56804-0081.fits
7564/spec-7564-56804-0082.fits
7564/spec-7564-56804-0083.fits
7564/spec-7564-56804-0084.fits
7564/spec-7564-56804-0085.fits
7564/spec-7564-56804-0086.fits
7564/spec-7564-56804-0087.fits
7564/spec-7564-56804-0088.fits
7564/spec-7564-56804-0089.fits
7564/spec-7564-56804-0090.fits
7564/spec-7564-56804-0091.fits
7564/spec-7564-56804-0092.fits
7564/spec-7564-56804-0093.fits
7564/spec-7564-56804-0094.fits
7564/spec-7564-56804-0095.fits
7564/spec-7564-56804-0096.fits
7564/spec-7564-56804-0097.fits
7564/spec-7564-56804-0098.fits
7564/spec-7564-56804-0099.fits
7564/spec-7564-56804-0100.fits
7564/spec-7564-56804-0101.fits
7564/spec-7564-56804-0102.fits
7564/spec-7564-56804-0103.fits
7564/spec-7564-56804-0104.fits
7564/spec-7564-56804-0105.fits
7564/spec-7564-56804-0106.fits
7564/spec-7564-56804-0107.fits
7564/spec-7564-56804-0108.fits
7564/spec-7564-56804-0109.fits
7564/spec-7564-56804-0110.fits
7564/spec-7564-56804-0111.fits
7564/spec-7564-56804-0112.fits
7564/spec-7564-56804-0113.fits
7564/spec-7564-56804-0114.fits
7564/spec-7564-56804-0115.fits
7564/spec-7564-56804-0116.fits
7564/spec-7564-56804-0117.fits
7564/spec-7564-56804-0118.fits
7564/spec-7564-56804-0119.fits
7564/spec-7564-56804-0120.fits
7564/spec-7564-56804-0121.fits
7564/spec-7564-56804-0122.fits
7564/spec-7564-56804-0123.fits
7564/spec-7564-56804-0124.fits
7564/spec-7564-56804-0125.fits
7564/spec-7564-56804-0126.fits
7564/spec-7564-56804-0127.fits
7564/spec-7564-56804-0128.fits
7564/spec-7564-56804-0129.fits
7564/spec-7564-56804-0130.fits
7564/spec-7564-56804-0131.fits
7564/spec-7564-56804-0132.fits
7564/spec-7564-56804-0133.fits
7564/spec-7564-56804-0134.fits
7564/spec-7564-56804-0135.fits
7564/spec-7564-56804-0136.fits
7564/spec-7564-56804-0137.fits
7564/spec-7564-56804-0138.fits
7564/spec-7564-56804-0139.fits
7564/spec-7564-56804-0140.fits
7564/spec-7564-56804-0141.fits
7564/spec-7564-56804-0142.fits
7564/spec-7564-56804-0143.fits
7564/spec-7564-56804-0144.fits
7564/spec-7564-56804-0145.fits
7564/spec-7564-56804-0146.fits
7564/spec-7564-56804-0147.fits
7564/spec-7564-56804-0148.fits
7564/spec-7564-56804-0149.fits
7564/spec-7564-56804-0150.fits
7564/spec-7564-56804-0151.fits
7564/spec-7564-56804-0152.fits
7564/spec-7564-56804-0153.fits
7564/spec-7564-56804-0154.fits
7564/spec-7564-56804-0155.fits
7564/spec-7564-56804-0156.fits
7564/spec-7564-56804-0157.fits
7564/spec-7564-56804-0158.fits
7564/spec-7564-56804-0159.fits
7564/spec-7564-56804-0160.fits
7564/spec-7564-56804-0161.fits
7564/spec-7564-56804-0162.fits
7564/spec-7564-56804-0163.fits
7564/spec-7564-56804-0164.fits
7564/spec-7564-56804-0165.fits
7564/spec-7564-56804-0166.fits
7564/spec-7564-56804-0167.fits
7564/spec-7564-56804-0168.fits
7564/spec-7564-56804-0169.fits
7564/spec-7564-56804-0170.fits
7564/spec-7564-56804-0171.fits
7564/spec-7564-56804-0172.fits
7564/spec-7564-56804-0173.fits
7564/spec-7564-56804-0174.fits
7564/spec-7564-56804-0175.fits
7564/spec-7564-56804-0176.fits
7564/spec-7564-56804-0177.fits
7564/spec-7564-56804-0178.fits
7564/spec-7564-56804-0179.fits
7564/spec-7564-56804-0180.fits
7564/spec-7564-56804-0181.fits
7564/spec-7564-56804-0182.fits
7564/spec-7564-56804-0183.fits
7564/spec-7564-56804-0184.fits
7564/spec-7564-56804-0185.fits
7564/spec-7564-56804-0186.fits
7564/spec-7564-56804-0187.fits
7564/spec-7564-56804-0188.fits
7564/spec-7564-56804-0189.fits
7564/spec-7564-56804-0190.fits
7564/spec-7564-56804-0191.fits
7564/spec-7564-56804-0192.fits
7564/spec-7564-56804-0193.fits
7564/spec-7564-56804-0194.fits
7564/spec-7564-56804-0195.fits
7564/spec-7564-56804-0196.fits
7564/spec-7564-56804-0197.fits
7564/spec-7564-56804-0198.fits
7564/spec-7564-56804-0199.fits
7564/spec-7564-56804-0200.fits
7564/spec-7564-56804-0201.fits
7564/spec-7564-56804-0202.fits
7564/spec-7564-56804-0203.fits
7564/spec-7564-56804-0204.fits
7564/spec-7564-56804-0205.fits
7564/spec-7564-56804-0206.fits
7564/spec-7564-56804-0207.fits
7564/spec-7564-56804-0208.fits
7564/spec-7564-56804-0209.fits
7564/spec-7564-56804-0210.fits
7564/spec-7564-56804-0211.fits
7564/spec-7564-56804-0212.fits
7564/spec-7564-56804-0213.fits
7564/spec-7564-56804-0214.fits
7564/spec-7564-56804-0215.fits
7564/spec-7564-56804-0216.fits
7564/spec-7564-56804-0217.fits
7564/spec-7564-56804-0218.fits
7564/spec-7564-56804-0219.fits
7564/spec-7564-56804-0220.fits
7564/spec-7564-56804-0221.fits
7564/spec-7564-56804-0222.fits
7564/spec-7564-56804-0223.fits
7564/spec-7564-56804-0224.fits
7564/spec-7564-56804-0225.fits
7564/spec-7564-56804-0226.fits
7564/spec-7564-56804-0227.fits
7564/spec-7564-56804-0228.fits
7564/spec-7564-56804-0229.fits
7564/spec-7564-56804-0230.fits
7564/spec-7564-56804-0231.fits
7564/spec-7564-56804-0232.fits
7564/spec-7564-56804-0233.fits
7564/spec-7564-56804-0234.fits
7564/spec-7564-56804-0235.fits
7564/spec-7564-56804-0236.fits
7564/spec-7564-56804-0237.fits
7564/spec-7564-56804-0238.fits
7564/spec-7564-56804-0239.fits
7564/spec-7564-56804-0240.fits
7564/spec-7564-56804-0241.fits
7564/spec-7564-56804-0242.fits
7564/spec-7564-56804-0243.fits
7564/spec-7564-56804-0244.fits
7564/spec-7564-56804-0245.fits
7564/spec-7564-56804-0246.fits
7564/spec-7564-56804-0247.fits
7564/spec-7564-56804-0248.fits
7564/spec-7564-56804-0249.fits
7564/spec-7564-56804-0250.fits
7564/spec-7564-56804-0251.fits
7564/spec-7564-56804-0252.fits
7564/spec-7564-56804-0253.fits
7564/spec-7564-56804-0254.fits
7564/spec-7564-56804-0255.fits
7564/spec-7564-56804-0256.fits
7564/spec-7564-56804-0257.fits
7564/spec-7564-56804-0258.fits
7564/spec-7564-56804-0259.fits
7564/spec-7564-56804-0260.fits
7564/spec-7564-56804-0261.fits
7564/spec-7564-56804-0262.fits
7564/spec-7564-56804-0263.fits
7564/spec-7564-56804-0264.fits
7564/spec-7564-56804-0265.fits
7564/spec-7564-56804-0266.fits
7564/spec-7564-56804-0267.fits
7564/spec-7564-56804-0268.fits
7564/spec-7564-56804-0269.fits
7564/spec-7564-56804-0270.fits
7564/spec-7564-56804-0271.fits
7564/spec-7564-56804-0272.fits
7564/spec-7564-56804-0273.fits
7564/spec-7564-56804-0274.fits
7564/spec-7564-56804-0275.fits
7564/spec-7564-56804-0276.fits
7564/spec-7564-56804-0277.fits
7564/spec-7564-56804-0278.fits
7564/spec-7564-56804-0279.fits
7564/spec-7564-56804-0280.fits
7564/spec-7564-56804-0281.fits
7564/spec-7564-56804-0282.fits
7564/spec-7564-56804-0283.fits
7564/spec-7564-56804-0284.fits
7564/spec-7564-56804-0285.fits
7564/spec-7564-56804-0286.fits
7564/spec-7564-56804-0287.fits
7564/spec-7564-56804-0288.fits
7564/spec-7564-56804-0289.fits
7564/spec-7564-56804-0290.fits
7564/spec-7564-56804-0291.fits
7564/spec-7564-56804-0292.fits
7564/spec-7564-56804-0293.fits
7564/spec-7564-56804-0294.fits
7564/spec-7564-56804-0295.fits
7564/spec-7564-56804-0296.fits
7564/spec-7564-56804-0297.fits
7564/spec-7564-56804-0298.fits
7564/spec-7564-56804-0299.fits
7564/spec-7564-56804-0300.fits
7564/spec-7564-56804-0301.fits
7564/spec-7564-56804-0302.fits
7564/spec-7564-56804-0303.fits
7564/spec-7564-56804-0304.fits
7564/spec-7564-56804-0305.fits
7564/spec-7564-56804-0306.fits
7564/spec-7564-56804-0307.fits
7564/spec-7564-56804-0308.fits
7564/spec-7564-56804-0309.fits
7564/spec-7564-56804-0310.fits
7564/spec-7564-56804-0311.fits
7564/spec-7564-56804-0312.fits
7564/spec-7564-56804-0313.fits
7564/spec-7564-56804-0314.fits
7564/spec-7564-56804-0315.fits
7564/spec-7564-56804-0316.fits
7564/spec-7564-56804-0317.fits
7564/spec-7564-56804-0318.fits
7564/spec-7564-56804-0319.fits
7564/spec-7564-56804-0320.fits
7564/spec-7564-56804-0321.fits
7564/spec-7564-56804-0322.fits
7564/spec-7564-56804-0323.fits
7564/spec-7564-56804-0324.fits
7564/spec-7564-56804-0325.fits
7564/spec-7564-56804-0326.fits
7564/spec-7564-56804-0327.fits
7564/spec-7564-56804-0328.fits
7564/spec-7564-56804-0329.fits
7564/spec-7564-56804-0330.fits
7564/spec-7564-56804-0331.fits
7564/spec-7564-56804-0332.fits
7564/spec-7564-56804-0333.fits
7564/spec-7564-56804-0334.fits
7564/spec-7564-56804-0335.fits
7564/spec-7564-56804-0336.fits
7564/spec-7564-56804-0337.fits
7564/spec-7564-56804-0338.fits
7564/spec-7564-56804-0339.fits
7564/spec-7564-56804-0340.fits
7564/spec-7564-56804-0341.fits
7564/spec-7564-56804-0342.fits
7564/spec-7564-56804-0343.fits
7564/spec-7564-56804-0344.fits
7564/spec-7564-56804-0345.fits
7564/spec-7564-56804-0346.fits
7564/spec-7564-56804-0347.fits
7564/spec-7564-56804-0348.fits
7564/spec-7564-56804-0349.fits
7564/spec-7564-56804-0350.fits
7564/spec-7564-56804-0351.fits
7564/spec-7564-56804-0352.fits
7564/spec-7564-56804-0353.fits
7564/spec-7564-56804-0354.fits
7564/spec-7564-56804-0355.fits
7564/spec-7564-56804-0356.fits
7564/spec-7564-56804-0357.fits
7564/spec-7564-56804-0358.fits
7564/spec-7564-56804-0359.fits
7564/spec-7564-56804-0360.fits
7564/spec-7564-56804-0361.fits
7564/spec-7564-56804-0362.fits
7564/spec-7564-56804-0363.fits
7564/spec-7564-56804-0364.fits
7564/spec-7564-56804-0365.fits
7564/spec-7564-56804-0366.fits
7564/spec-7564-56804-0367.fits
7564/spec-7564-56804-0368.fits
7564/spec-7564-56804-0369.fits
7564/spec-7564-56804-0370.fits
7564/spec-7564-56804-0371.fits
7564/spec-7564-56804-0372.fits
7564/spec-7564-56804-0373.fits
7564/spec-7564-56804-0374.fits
7564/spec-7564-56804-0375.fits
7564/spec-7564-56804-0376.fits
7564/spec-7564-56804-0377.fits
7564/spec-7564-56804-0378.fits
7564/spec-7564-56804-0379.fits
7564/spec-7564-56804-0380.fits
7564/spec-7564-56804-0381.fits
7564/spec-7564-56804-0382.fits
7564/spec-7564-56804-0383.fits
7564/spec-7564-56804-0384.fits
7564/spec-7564-56804-0385.fits
7564/spec-7564-56804-0386.fits
7564/spec-7564-56804-0387.fits
7564/spec-7564-56804-0388.fits
7564/spec-7564-56804-0389.fits
7564/spec-7564-56804-0390.fits
7564/spec-7564-56804-0391.fits
7564/spec-7564-56804-0392.fits
7564/spec-7564-56804-0393.fits
7564/spec-7564-56804-0394.fits
7564/spec-7564-56804-0395.fits
7564/spec-7564-56804-0396.fits
7564/spec-7564-56804-0397.fits
7564/spec-7564-56804-0398.fits
7564/spec-7564-56804-0399.fits
7564/spec-7564-56804-0400.fits
7564/spec-7564-56804-0401.fits
7564/spec-7564-56804-0402.fits
7564/spec-7564-56804-0403.fits
7564/spec-7564-56804-0404.fits
7564/spec-7564-56804-0405.fits
7564/spec-7564-56804-0406.fits
7564/spec-7564-56804-0407.fits
7564/spec-7564-56804-0408.fits
7564/spec-7564-56804-0409.fits
7564/spec-7564-56804-0410.fits
7564/spec-7564-56804-0411.fits
7564/spec-7564-56804-0412.fits
7564/spec-7564-56804-0413.fits
7564/spec-7564-56804-0414.fits
7564/spec-7564-56804-0415.fits
7564/spec-7564-56804-0416.fits
7564/spec-7564-56804-0417.fits
7564/spec-7564-56804-0418.fits
7564/spec-7564-56804-0419.fits
7564/spec-7564-56804-0420.fits
7564/spec-7564-56804-0421.fits
7564/spec-7564-56804-0422.fits
7564/spec-7564-56804-0423.fits
7564/spec-7564-56804-0424.fits
7564/spec-7564-56804-0425.fits
7564/spec-7564-56804-0426.fits
7564/spec-7564-56804-0427.fits
7564/spec-7564-56804-0428.fits
7564/spec-7564-56804-0429.fits
7564/spec-7564-56804-0430.fits
7564/spec-7564-56804-0431.fits
7564/spec-7564-56804-0432.fits
7564/spec-7564-56804-0433.fits
7564/spec-7564-56804-0434.fits
7564/spec-7564-56804-0435.fits
7564/spec-7564-56804-0436.fits
7564/spec-7564-56804-0437.fits
7564/spec-7564-56804-0438.fits
7564/spec-7564-56804-0439.fits
7564/spec-7564-56804-0440.fits
7564/spec-7564-56804-0441.fits
7564/spec-7564-56804-0442.fits
7564/spec-7564-56804-0443.fits
7564/spec-7564-56804-0444.fits
7564/spec-7564-56804-0445.fits
7564/spec-7564-56804-0446.fits
7564/spec-7564-56804-0447.fits
7564/spec-7564-56804-0448.fits
7564/spec-7564-56804-0449.fits
7564/spec-7564-56804-0450.fits
7564/spec-7564-56804-0451.fits
7564/spec-7564-56804-0452.fits
7564/spec-7564-56804-0453.fits
7564/spec-7564-56804-0454.fits
7564/spec-7564-56804-0455.fits
7564/spec-7564-56804-0456.fits
7564/spec-7564-56804-0457.fits
7564/spec-7564-56804-0458.fits
7564/spec-7564-56804-0459.fits
7564/spec-7564-56804-0460.fits
7564/spec-7564-56804-0461.fits
7564/spec-7564-56804-0462.fits
7564/spec-7564-56804-0463.fits
7564/spec-7564-56804-0464.fits
7564/spec-7564-56804-0465.fits
7564/spec-7564-56804-0466.fits
7564/spec-7564-56804-0467.fits
7564/spec-7564-56804-0468.fits
7564/spec-7564-56804-0469.fits
7564/spec-7564-56804-0470.fits
7564/spec-7564-56804-0471.fits
7564/spec-7564-56804-0472.fits
7564/spec-7564-56804-0473.fits
7564/spec-7564-56804-0474.fits
7564/spec-7564-56804-0475.fits
7564/spec-7564-56804-0476.fits
7564/spec-7564-56804-0477.fits
7564/spec-7564-56804-0478.fits
7564/spec-7564-56804-0479.fits
7564/spec-7564-56804-0480.fits
7564/spec-7564-56804-0481.fits
7564/spec-7564-56804-0482.fits
7564/spec-7564-56804-0483.fits
7564/spec-7564-56804-0484.fits
7564/spec-7564-56804-0485.fits
7564/spec-7564-56804-0486.fits
7564/spec-7564-56804-0487.fits
7564/spec-7564-56804-0488.fits
7564/spec-7564-56804-0489.fits
7564/spec-7564-56804-0490.fits
7564/spec-7564-56804-0491.fits
7564/spec-7564-56804-0492.fits
7564/spec-7564-56804-0493.fits
7564/spec-7564-56804-0494.fits
7564/spec-7564-56804-0495.fits
7564/spec-7564-56804-0496.fits
7564/spec-7564-56804-0497.fits
7564/spec-7564-56804-0498.fits
7564/spec-7564-56804-0499.fits
7564/spec-7564-56804-0500.fits
7564/spec-7564-56804-0501.fits
7564/spec-7564-56804-0502.fits
7564/spec-7564-56804-0503.fits
7564/spec-7564-56804-0504.fits
7564/spec-7564-56804-0505.fits
7564/spec-7564-56804-0506.fits
7564/spec-7564-56804-0507.fits
7564/spec-7564-56804-0508.fits
7564/spec-7564-56804-0509.fits
7564/spec-7564-56804-0510.fits
7564/spec-7564-56804-0511.fits
7564/spec-7564-56804-0512.fits
7564/spec-7564-56804-0513.fits
7564/spec-7564-56804-0514.fits
7564/spec-7564-56804-0515.fits
7564/spec-7564-56804-0516.fits
7564/spec-7564-56804-0517.fits
7564/spec-7564-56804-0518.fits
7564/spec-7564-56804-0519.fits
7564/spec-7564-56804-0520.fits
7564/spec-7564-56804-0521.fits
7564/spec-7564-56804-0522.fits
7564/spec-7564-56804-0523.fits
7564/spec-7564-56804-0524.fits
7564/spec-7564-56804-0525.fits
7564/spec-7564-56804-0526.fits
7564/spec-7564-56804-0527.fits
7564/spec-7564-56804-0528.fits
7564/spec-7564-56804-0529.fits
7564/spec-7564-56804-0530.fits
7564/spec-7564-56804-0531.fits
7564/spec-7564-56804-0532.fits
7564/spec-7564-56804-0533.fits
7564/spec-7564-56804-0534.fits
7564/spec-7564-56804-0535.fits
7564/spec-7564-56804-0536.fits
7564/spec-7564-56804-0537.fits
7564/spec-7564-56804-0538.fits
7564/spec-7564-56804-0539.fits
7564/spec-7564-56804-0540.fits
7564/spec-7564-56804-0541.fits
7564/spec-7564-56804-0542.fits
7564/spec-7564-56804-0543.fits
7564/spec-7564-56804-0544.fits
7564/spec-7564-56804-0545.fits
7564/spec-7564-56804-0546.fits
7564/spec-7564-56804-0547.fits
7564/spec-7564-56804-0548.fits
7564/spec-7564-56804-0549.fits
7564/spec-7564-56804-0550.fits
7564/spec-7564-56804-0551.fits
7564/spec-7564-56804-0552.fits
7564/spec-7564-56804-0553.fits
7564/spec-7564-56804-0554.fits
7564/spec-7564-56804-0555.fits
7564/spec-7564-56804-0556.fits
7564/spec-7564-56804-0557.fits
7564/spec-7564-56804-0558.fits
7564/spec-7564-56804-0559.fits
7564/spec-7564-56804-0560.fits
7564/spec-7564-56804-0561.fits
7564/spec-7564-56804-0562.fits
7564/spec-7564-56804-0563.fits
7564/spec-7564-56804-0564.fits
7564/spec-7564-56804-0565.fits
7564/spec-7564-56804-0566.fits
7564/spec-7564-56804-0567.fits
7564/spec-7564-56804-0568.fits
7564/spec-7564-56804-0569.fits
7564/spec-7564-56804-0570.fits
7564/spec-7564-56804-0571.fits
7564/spec-7564-56804-0572.fits
7564/spec-7564-56804-0573.fits
7564/spec-7564-56804-0574.fits
7564/spec-7564-56804-0575.fits
7564/spec-7564-56804-0576.fits
7564/spec-7564-56804-0577.fits
7564/spec-7564-56804-0578.fits
7564/spec-7564-56804-0579.fits
7564/spec-7564-56804-0580.fits
7564/spec-7564-56804-0581.fits
7564/spec-7564-56804-0582.fits
7564/spec-7564-56804-0583.fits
7564/spec-7564-56804-0584.fits
7564/spec-7564-56804-0585.fits
7564/spec-7564-56804-0586.fits
7564/spec-7564-56804-0587.fits
7564/spec-7564-56804-0588.fits
7564/spec-7564-56804-0589.fits
7564/spec-7564-56804-0590.fits
7564/spec-7564-56804-0591.fits
7564/spec-7564-56804-0592.fits
7564/spec-7564-56804-0593.fits
7564/spec-7564-56804-0594.fits
7564/spec-7564-56804-0595.fits
7564/spec-7564-56804-0596.fits
7564/spec-7564-56804-0597.fits
7564/spec-7564-56804-0598.fits
7564/spec-7564-56804-0599.fits
7564/spec-7564-56804-0600.fits
7564/spec-7564-56804-0601.fits
7564/spec-7564-56804-0602.fits
7564/spec-7564-56804-0603.fits
7564/spec-7564-56804-0604.fits
7564/spec-7564-56804-0605.fits
7564/spec-7564-56804-0606.fits
7564/spec-7564-56804-0607.fits
7564/spec-7564-56804-0608.fits
7564/spec-7564-56804-0609.fits
7564/spec-7564-56804-0610.fits
7564/spec-7564-56804-0611.fits
7564/spec-7564-56804-0612.fits
7564/spec-7564-56804-0613.fits
7564/spec-7564-56804-0614.fits
7564/spec-7564-56804-0615.fits
7564/spec-7564-56804-0616.fits
7564/spec-7564-56804-0617.fits
7564/spec-7564-56804-0618.fits
7564/spec-7564-56804-0619.fits
7564/spec-7564-56804-0620.fits
7564/spec-7564-56804-0621.fits
7564/spec-7564-56804-0622.fits
7564/spec-7564-56804-0623.fits
7564/spec-7564-56804-0624.fits
7564/spec-7564-56804-0625.fits
7564/spec-7564-56804-0626.fits
7564/spec-7564-56804-0627.fits
7564/spec-7564-56804-0628.fits
7564/spec-7564-56804-0629.fits
7564/spec-7564-56804-0630.fits
7564/spec-7564-56804-0631.fits
7564/spec-7564-56804-0632.fits
7564/spec-7564-56804-0633.fits
7564/spec-7564-56804-0634.fits
7564/spec-7564-56804-0635.fits
7564/spec-7564-56804-0636.fits
7564/spec-7564-56804-0637.fits
7564/spec-7564-56804-0638.fits
7564/spec-7564-56804-0639.fits
7564/spec-7564-56804-0640.fits
7564/spec-7564-56804-0641.fits
7564/spec-7564-56804-0642.fits
7564/spec-7564-56804-0643.fits
7564/spec-7564-56804-0644.fits
7564/spec-7564-56804-0645.fits
7564/spec-7564-56804-0646.fits
7564/spec-7564-56804-0647.fits
7564/spec-7564-56804-0648.fits
7564/spec-7564-56804-0649.fits
7564/spec-7564-56804-0650.fits
7564/spec-7564-56804-0651.fits
7564/spec-7564-56804-0652.fits
7564/spec-7564-56804-0653.fits
7564/spec-7564-56804-0654.fits
7564/spec-7564-56804-0655.fits
7564/spec-7564-56804-0656.fits
7564/spec-7564-56804-0657.fits
7564/spec-7564-56804-0658.fits
7564/spec-7564-56804-0659.fits
7564/spec-7564-56804-0660.fits
7564/spec-7564-56804-0661.fits
7564/spec-7564-56804-0662.fits
7564/spec-7564-56804-0663.fits
7564/spec-7564-56804-0664.fits
7564/spec-7564-56804-0665.fits
7564/spec-7564-56804-0666.fits
7564/spec-7564-56804-0667.fits
7564/spec-7564-56804-0668.fits
7564/spec-7564-56804-0669.fits
7564/spec-7564-56804-0670.fits
7564/spec-7564-56804-0671.fits
7564/spec-7564-56804-0672.fits
7564/spec-7564-56804-0673.fits
7564/spec-7564-56804-0674.fits
7564/spec-7564-56804-0675.fits
7564/spec-7564-56804-0676.fits
7564/spec-7564-56804-0677.fits
7564/spec-7564-56804-0678.fits
7564/spec-7564-56804-0679.fits
7564/spec-7564-56804-0680.fits
7564/spec-7564-56804-0681.fits
7564/spec-7564-56804-0682.fits
7564/spec-7564-56804-0683.fits
7564/spec-7564-56804-0684.fits
7564/spec-7564-56804-0685.fits
7564/spec-7564-56804-0686.fits
7564/spec-7564-56804-0687.fits
7564/spec-7564-56804-0688.fits
7564/spec-7564-56804-0689.fits
7564/spec-7564-56804-0690.fits
7564/spec-7564-56804-0691.fits
7564/spec-7564-56804-0692.fits
7564/spec-7564-56804-0693.fits
7564/spec-7564-56804-0694.fits
7564/spec-7564-56804-0695.fits
7564/spec-7564-56804-0696.fits
7564/spec-7564-56804-0697.fits
7564/spec-7564-56804-0698.fits
7564/spec-7564-56804-0699.fits
7564/spec-7564-56804-0700.fits
7564/spec-7564-56804-0701.fits
7564/spec-7564-56804-0702.fits
7564/spec-7564-56804-0703.fits
7564/spec-7564-56804-0704.fits
7564/spec-7564-56804-0705.fits
7564/spec-7564-56804-0706.fits
7564/spec-7564-56804-0707.fits
7564/spec-7564-56804-0708.fits
7564/spec-7564-56804-0709.fits
7564/spec-7564-56804-0710.fits
7564/spec-7564-56804-0711.fits
7564/spec-7564-56804-0712.fits
7564/spec-7564-56804-0713.fits
7564/spec-7564-56804-0714.fits
7564/spec-7564-56804-0715.fits
7564/spec-7564-56804-0716.fits
7564/spec-7564-56804-0717.fits
7564/spec-7564-56804-0718.fits
7564/spec-7564-56804-0719.fits
7564/spec-7564-56804-0720.fits
7564/spec-7564-56804-0721.fits
7564/spec-7564-56804-0722.fits
7564/spec-7564-56804-0723.fits
7564/spec-7564-56804-0724.fits
7564/spec-7564-56804-0725.fits
7564/spec-7564-56804-0726.fits
7564/spec-7564-56804-0727.fits
7564/spec-7564-56804-0728.fits
7564/spec-7564-56804-0729.fits
7564/spec-7564-56804-0730.fits
7564/spec-7564-56804-0731.fits
7564/spec-7564-56804-0732.fits
7564/spec-7564-56804-0733.fits
7564/spec-7564-56804-0734.fits
7564/spec-7564-56804-0735.fits
7564/spec-7564-56804-0736.fits
7564/spec-7564-56804-0737.fits
7564/spec-7564-56804-0738.fits
7564/spec-7564-56804-0739.fits
7564/spec-7564-56804-0740.fits
7564/spec-7564-56804-0741.fits
7564/spec-7564-56804-0742.fits
7564/spec-7564-56804-0743.fits
7564/spec-7564-56804-0744.fits
7564/spec-7564-56804-0745.fits
7564/spec-7564-56804-0746.fits
7564/spec-7564-56804-0747.fits
7564/spec-7564-56804-0748.fits
7564/spec-7564-56804-0749.fits
7564/spec-7564-56804-0750.fits
7564/spec-7564-56804-0751.fits
7564/spec-7564-56804-0752.fits
7564/spec-7564-56804-0753.fits
7564/spec-7564-56804-0754.fits
7564/spec-7564-56804-0755.fits
7564/spec-7564-56804-0756.fits
7564/spec-7564-56804-0757.fits
7564/spec-7564-56804-0758.fits
7564/spec-7564-56804-0759.fits
7564/spec-7564-56804-0760.fits
7564/spec-7564-56804-0761.fits
7564/spec-7564-56804-0762.fits
7564/spec-7564-56804-0763.fits
7564/spec-7564-56804-0764.fits
7564/spec-7564-56804-0765.fits
7564/spec-7564-56804-0766.fits
7564/spec-7564-56804-0767.fits
7564/spec-7564-56804-0768.fits
7564/spec-7564-56804-0769.fits
7564/spec-7564-56804-0770.fits
7564/spec-7564-56804-0771.fits
7564/spec-7564-56804-0772.fits
7564/spec-7564-56804-0773.fits
7564/spec-7564-56804-0774.fits
7564/spec-7564-56804-0775.fits
7564/spec-7564-56804-0776.fits
7564/spec-7564-56804-0777.fits
7564/spec-7564-56804-0778.fits
7564/spec-7564-56804-0779.fits
7564/spec-7564-56804-0780.fits
7564/spec-7564-56804-0781.fits
7564/spec-7564-56804-0782.fits
7564/spec-7564-56804-0783.fits
7564/spec-7564-56804-0784.fits
7564/spec-7564-56804-0785.fits
7564/spec-7564-56804-0786.fits
7564/spec-7564-56804-0787.fits
7564/spec-7564-56804-0788.fits
7564/spec-7564-56804-0789.fits
7564/spec-7564-56804-0790.fits
7564/spec-7564-56804-0791.fits
7564/spec-7564-56804-0792.fits
7564/spec-7564-56804-0793.fits
7564/spec-7564-56804-0794.fits
7564/spec-7564-56804-0795.fits
7564/spec-7564-56804-0796.fits
7564/spec-7564-56804-0797.fits
7564/spec-7564-56804-0798.fits
7564/spec-7564-56804-0799.fits
7564/spec-7564-56804-0800.fits
7564/spec-7564-56804-0801.fits
7564/spec-7564-56804-0802.fits
7564/spec-7564-56804-0803.fits
7564/spec-7564-56804-0804.fits
7564/spec-7564-56804-0805.fits
7564/spec-7564-56804-0806.fits
7564/spec-7564-56804-0807.fits
7564/spec-7564-56804-0808.fits
7564/spec-7564-56804-0809.fits
7564/spec-7564-56804-0810.fits
7564/spec-7564-56804-0811.fits
7564/spec-7564-56804-0812.fits
7564/spec-7564-56804-0813.fits
7564/spec-7564-56804-0814.fits
7564/spec-7564-56804-0815.fits
7564/spec-7564-56804-0816.fits
7564/spec-7564-56804-0817.fits
7564/spec-7564-56804-0818.fits
7564/spec-7564-56804-0819.fits
7564/spec-7564-56804-0820.fits
7564/spec-7564-56804-0821.fits
7564/spec-7564-56804-0822.fits
7564/spec-7564-56804-0823.fits
7564/spec-7564-56804-0824.fits
7564/spec-7564-56804-0825.fits
7564/spec-7564-56804-0826.fits
7564/spec-7564-56804-0827.fits
7564/spec-7564-56804-0828.fits
7564/spec-7564-56804-0829.fits
7564/spec-7564-56804-0830.fits
7564/spec-7564-56804-0831.fits
7564/spec-7564-56804-0832.fits
7564/spec-7564-56804-0833.fits
7564/spec-7564-56804-0834.fits
7564/spec-7564-56804-0835.fits
7564/spec-7564-56804-0836.fits
7564/spec-7564-56804-0837.fits
7564/spec-7564-56804-0838.fits
7564/spec-7564-56804-0839.fits
7564/spec-7564-56804-0840.fits
7564/spec-7564-56804-0841.fits
7564/spec-7564-56804-0842.fits
7564/spec-7564-56804-0843.fits
7564/spec-7564-56804-0844.fits
7564/spec-7564-56804-0845.fits
7564/spec-7564-56804-0846.fits
7564/spec-7564-56804-0847.fits
7564/spec-7564-56804-0848.fits
7564/spec-7564-56804-0849.fits
7564/spec-7564-56804-0850.fits
7564/spec-7564-56804-0851.fits
7564/spec-7564-56804-0852.fits
7564/spec-7564-56804-0853.fits
7564/spec-7564-56804-0854.fits
7564/spec-7564-56804-0855.fits
7564/spec-7564-56804-0856.fits
7564/spec-7564-56804-0857.fits
7564/spec-7564-56804-0858.fits
7564/spec-7564-56804-0859.fits
7564/spec-7564-56804-0860.fits
7564/spec-7564-56804-0861.fits
7564/spec-7564-56804-0862.fits
7564/spec-7564-56804-0863.fits
7564/spec-7564-56804-0864.fits
7564/spec-7564-56804-0865.fits
7564/spec-7564-56804-0866.fits
7564/spec-7564-56804-0867.fits
7564/spec-7564-56804-0868.fits
7564/spec-7564-56804-0869.fits
7564/spec-7564-56804-0870.fits
7564/spec-7564-56804-0871.fits
7564/spec-7564-56804-0872.fits
7564/spec-7564-56804-0873.fits
7564/spec-7564-56804-0874.fits
7564/spec-7564-56804-0875.fits
7564/spec-7564-56804-0876.fits
7564/spec-7564-56804-0877.fits
7564/spec-7564-56804-0878.fits
7564/spec-7564-56804-0879.fits
7564/spec-7564-56804-0880.fits
7564/spec-7564-56804-0881.fits
7564/spec-7564-56804-0882.fits
7564/spec-7564-56804-0883.fits
7564/spec-7564-56804-0884.fits
7564/spec-7564-56804-0885.fits
7564/spec-7564-56804-0886.fits
7564/spec-7564-56804-0887.fits
7564/spec-7564-56804-0888.fits
7564/spec-7564-56804-0889.fits
7564/spec-7564-56804-0890.fits
7564/spec-7564-56804-0891.fits
7564/spec-7564-56804-0892.fits
7564/spec-7564-56804-0893.fits
7564/spec-7564-56804-0894.fits
7564/spec-7564-56804-0895.fits
7564/spec-7564-56804-0896.fits
7564/spec-7564-56804-0897.fits
7564/spec-7564-56804-0898.fits
7564/spec-7564-56804-0899.fits
7564/spec-7564-56804-0900.fits
7564/spec-7564-56804-0901.fits
7564/spec-7564-56804-0902.fits
7564/spec-7564-56804-0903.fits
7564/spec-7564-56804-0904.fits
7564/spec-7564-56804-0905.fits
7564/spec-7564-56804-0906.fits
7564/spec-7564-56804-0907.fits
7564/spec-7564-56804-0908.fits
7564/spec-7564-56804-0909.fits
7564/spec-7564-56804-0910.fits
7564/spec-7564-56804-0911.fits
7564/spec-7564-56804-0912.fits
7564/spec-7564-56804-0913.fits
7564/spec-7564-56804-0914.fits
7564/spec-7564-56804-0915.fits
7564/spec-7564-56804-0916.fits
7564/spec-7564-56804-0917.fits
7564/spec-7564-56804-0918.fits
7564/spec-7564-56804-0919.fits
7564/spec-7564-56804-0920.fits
7564/spec-7564-56804-0921.fits
7564/spec-7564-56804-0922.fits
7564/spec-7564-56804-0923.fits
7564/spec-7564-56804-0924.fits
7564/spec-7564-56804-0925.fits
7564/spec-7564-56804-0926.fits
7564/spec-7564-56804-0927.fits
7564/spec-7564-56804-0928.fits
7564/spec-7564-56804-0929.fits
7564/spec-7564-56804-0930.fits
7564/spec-7564-56804-0931.fits
7564/spec-7564-56804-0932.fits
7564/spec-7564-56804-0933.fits
7564/spec-7564-56804-0934.fits
7564/spec-7564-56804-0935.fits
7564/spec-7564-56804-0936.fits
7564/spec-7564-56804-0937.fits
7564/spec-7564-56804-0938.fits
7564/spec-7564-56804-0939.fits
7564/spec-7564-56804-0940.fits
7564/spec-7564-56804-0941.fits
7564/spec-7564-56804-0942.fits
7564/spec-7564-56804-0943.fits
7564/spec-7564-56804-0944.fits
7564/spec-7564-56804-0945.fits
7564/spec-7564-56804-0946.fits
7564/spec-7564-56804-0947.fits
7564/spec-7564-56804-0948.fits
7564/spec-7564-56804-0949.fits
7564/spec-7564-56804-0950.fits
7564/spec-7564-56804-0951.fits
7564/spec-7564-56804-0952.fits
7564/spec-7564-56804-0953.fits
7564/spec-7564-56804-0954.fits
7564/spec-7564-56804-0955.fits
7564/spec-7564-56804-0956.fits
7564/spec-7564-56804-0957.fits
7564/spec-7564-56804-0958.fits
7564/spec-7564-56804-0959.fits
7564/spec-7564-56804-0960.fits
7564/spec-7564-56804-0961.fits
7564/spec-7564-56804-0962.fits
7564/spec-7564-56804-0963.fits
7564/spec-7564-56804-0964.fits
7564/spec-7564-56804-0965.fits
7564/spec-7564-56804-0966.fits
7564/spec-7564-56804-0967.fits
7564/spec-7564-56804-0968.fits
7564/spec-7564-56804-0969.fits
7564/spec-7564-56804-0970.fits
7564/spec-7564-56804-0971.fits
7564/spec-7564-56804-0972.fits
7564/spec-7564-56804-0973.fits
7564/spec-7564-56804-0974.fits
7564/spec-7564-56804-0975.fits
7564/spec-7564-56804-0976.fits
7564/spec-7564-56804-0977.fits
7564/spec-7564-56804-0978.fits
7564/spec-7564-56804-0979.fits
7564/spec-7564-56804-0980.fits
7564/spec-7564-56804-0981.fits
7564/spec-7564-56804-0982.fits
7564/spec-7564-56804-0983.fits
7564/spec-7564-56804-0984.fits
7564/spec-7564-56804-0985.fits
7564/spec-7564-56804-0986.fits
7564/spec-7564-56804-0987.fits
7564/spec-7564-56804-0988.fits
7564/spec-7564-56804-0989.fits
7564/spec-7564-56804-0990.fits
7564/spec-7564-56804-0991.fits
7564/spec-7564-56804-0992.fits
7564/spec-7564-56804-0993.fits
7564/spec-7564-56804-0994.fits
7564/spec-7564-56804-0995.fits
7564/spec-7564-56804-0996.fits
7564/spec-7564-56804-0997.fits
7564/spec-7564-56804-0998.fits
7564/spec-7564-56804-0999.fits
7564/spec-7564-56804-1000.fits
/var/lib/condor/execute/slot1/dir_47011
7564 7564.tgz R R361.tar.gz _condor_stderr _condor_stdout cB58_Lyman_break.fit condor_exec.exe hw4.R packages packages.tar.gz tmp var
[1] "Loaded package astro."
[1] 1000
7564 7564.csv 7564.tgz R R361.tar.gz _condor_stderr _condor_stdout cB58_Lyman_break.fit condor_exec.exe hw4.R packages packages.tar.gz tmp var
