4039
4039/
4039/spec-4039-55648-0001.fits
4039/spec-4039-55648-0002.fits
4039/spec-4039-55648-0003.fits
4039/spec-4039-55648-0004.fits
4039/spec-4039-55648-0005.fits
4039/spec-4039-55648-0006.fits
4039/spec-4039-55648-0007.fits
4039/spec-4039-55648-0008.fits
4039/spec-4039-55648-0009.fits
4039/spec-4039-55648-0010.fits
4039/spec-4039-55648-0011.fits
4039/spec-4039-55648-0012.fits
4039/spec-4039-55648-0013.fits
4039/spec-4039-55648-0014.fits
4039/spec-4039-55648-0015.fits
4039/spec-4039-55648-0016.fits
4039/spec-4039-55648-0017.fits
4039/spec-4039-55648-0018.fits
4039/spec-4039-55648-0019.fits
4039/spec-4039-55648-0020.fits
4039/spec-4039-55648-0021.fits
4039/spec-4039-55648-0022.fits
4039/spec-4039-55648-0023.fits
4039/spec-4039-55648-0024.fits
4039/spec-4039-55648-0025.fits
4039/spec-4039-55648-0026.fits
4039/spec-4039-55648-0027.fits
4039/spec-4039-55648-0028.fits
4039/spec-4039-55648-0029.fits
4039/spec-4039-55648-0030.fits
4039/spec-4039-55648-0031.fits
4039/spec-4039-55648-0032.fits
4039/spec-4039-55648-0033.fits
4039/spec-4039-55648-0034.fits
4039/spec-4039-55648-0035.fits
4039/spec-4039-55648-0036.fits
4039/spec-4039-55648-0037.fits
4039/spec-4039-55648-0038.fits
4039/spec-4039-55648-0039.fits
4039/spec-4039-55648-0040.fits
4039/spec-4039-55648-0041.fits
4039/spec-4039-55648-0042.fits
4039/spec-4039-55648-0043.fits
4039/spec-4039-55648-0044.fits
4039/spec-4039-55648-0045.fits
4039/spec-4039-55648-0046.fits
4039/spec-4039-55648-0047.fits
4039/spec-4039-55648-0048.fits
4039/spec-4039-55648-0049.fits
4039/spec-4039-55648-0050.fits
4039/spec-4039-55648-0051.fits
4039/spec-4039-55648-0052.fits
4039/spec-4039-55648-0053.fits
4039/spec-4039-55648-0054.fits
4039/spec-4039-55648-0055.fits
4039/spec-4039-55648-0056.fits
4039/spec-4039-55648-0057.fits
4039/spec-4039-55648-0058.fits
4039/spec-4039-55648-0059.fits
4039/spec-4039-55648-0060.fits
4039/spec-4039-55648-0061.fits
4039/spec-4039-55648-0062.fits
4039/spec-4039-55648-0063.fits
4039/spec-4039-55648-0064.fits
4039/spec-4039-55648-0065.fits
4039/spec-4039-55648-0066.fits
4039/spec-4039-55648-0067.fits
4039/spec-4039-55648-0068.fits
4039/spec-4039-55648-0069.fits
4039/spec-4039-55648-0070.fits
4039/spec-4039-55648-0071.fits
4039/spec-4039-55648-0072.fits
4039/spec-4039-55648-0073.fits
4039/spec-4039-55648-0074.fits
4039/spec-4039-55648-0075.fits
4039/spec-4039-55648-0076.fits
4039/spec-4039-55648-0077.fits
4039/spec-4039-55648-0078.fits
4039/spec-4039-55648-0079.fits
4039/spec-4039-55648-0080.fits
4039/spec-4039-55648-0081.fits
4039/spec-4039-55648-0082.fits
4039/spec-4039-55648-0083.fits
4039/spec-4039-55648-0084.fits
4039/spec-4039-55648-0085.fits
4039/spec-4039-55648-0086.fits
4039/spec-4039-55648-0087.fits
4039/spec-4039-55648-0088.fits
4039/spec-4039-55648-0089.fits
4039/spec-4039-55648-0090.fits
4039/spec-4039-55648-0091.fits
4039/spec-4039-55648-0092.fits
4039/spec-4039-55648-0093.fits
4039/spec-4039-55648-0094.fits
4039/spec-4039-55648-0095.fits
4039/spec-4039-55648-0096.fits
4039/spec-4039-55648-0097.fits
4039/spec-4039-55648-0098.fits
4039/spec-4039-55648-0099.fits
4039/spec-4039-55648-0100.fits
4039/spec-4039-55648-0101.fits
4039/spec-4039-55648-0102.fits
4039/spec-4039-55648-0103.fits
4039/spec-4039-55648-0104.fits
4039/spec-4039-55648-0105.fits
4039/spec-4039-55648-0106.fits
4039/spec-4039-55648-0107.fits
4039/spec-4039-55648-0108.fits
4039/spec-4039-55648-0109.fits
4039/spec-4039-55648-0110.fits
4039/spec-4039-55648-0111.fits
4039/spec-4039-55648-0112.fits
4039/spec-4039-55648-0113.fits
4039/spec-4039-55648-0114.fits
4039/spec-4039-55648-0115.fits
4039/spec-4039-55648-0116.fits
4039/spec-4039-55648-0117.fits
4039/spec-4039-55648-0118.fits
4039/spec-4039-55648-0119.fits
4039/spec-4039-55648-0120.fits
4039/spec-4039-55648-0121.fits
4039/spec-4039-55648-0122.fits
4039/spec-4039-55648-0123.fits
4039/spec-4039-55648-0124.fits
4039/spec-4039-55648-0125.fits
4039/spec-4039-55648-0126.fits
4039/spec-4039-55648-0127.fits
4039/spec-4039-55648-0128.fits
4039/spec-4039-55648-0129.fits
4039/spec-4039-55648-0130.fits
4039/spec-4039-55648-0131.fits
4039/spec-4039-55648-0132.fits
4039/spec-4039-55648-0133.fits
4039/spec-4039-55648-0134.fits
4039/spec-4039-55648-0135.fits
4039/spec-4039-55648-0136.fits
4039/spec-4039-55648-0137.fits
4039/spec-4039-55648-0138.fits
4039/spec-4039-55648-0139.fits
4039/spec-4039-55648-0140.fits
4039/spec-4039-55648-0141.fits
4039/spec-4039-55648-0142.fits
4039/spec-4039-55648-0143.fits
4039/spec-4039-55648-0144.fits
4039/spec-4039-55648-0145.fits
4039/spec-4039-55648-0146.fits
4039/spec-4039-55648-0147.fits
4039/spec-4039-55648-0148.fits
4039/spec-4039-55648-0149.fits
4039/spec-4039-55648-0150.fits
4039/spec-4039-55648-0151.fits
4039/spec-4039-55648-0152.fits
4039/spec-4039-55648-0153.fits
4039/spec-4039-55648-0154.fits
4039/spec-4039-55648-0155.fits
4039/spec-4039-55648-0156.fits
4039/spec-4039-55648-0157.fits
4039/spec-4039-55648-0158.fits
4039/spec-4039-55648-0159.fits
4039/spec-4039-55648-0160.fits
4039/spec-4039-55648-0161.fits
4039/spec-4039-55648-0162.fits
4039/spec-4039-55648-0163.fits
4039/spec-4039-55648-0164.fits
4039/spec-4039-55648-0165.fits
4039/spec-4039-55648-0166.fits
4039/spec-4039-55648-0167.fits
4039/spec-4039-55648-0168.fits
4039/spec-4039-55648-0169.fits
4039/spec-4039-55648-0170.fits
4039/spec-4039-55648-0171.fits
4039/spec-4039-55648-0172.fits
4039/spec-4039-55648-0173.fits
4039/spec-4039-55648-0174.fits
4039/spec-4039-55648-0175.fits
4039/spec-4039-55648-0176.fits
4039/spec-4039-55648-0177.fits
4039/spec-4039-55648-0178.fits
4039/spec-4039-55648-0179.fits
4039/spec-4039-55648-0180.fits
4039/spec-4039-55648-0181.fits
4039/spec-4039-55648-0182.fits
4039/spec-4039-55648-0183.fits
4039/spec-4039-55648-0184.fits
4039/spec-4039-55648-0185.fits
4039/spec-4039-55648-0186.fits
4039/spec-4039-55648-0187.fits
4039/spec-4039-55648-0188.fits
4039/spec-4039-55648-0189.fits
4039/spec-4039-55648-0190.fits
4039/spec-4039-55648-0191.fits
4039/spec-4039-55648-0192.fits
4039/spec-4039-55648-0193.fits
4039/spec-4039-55648-0194.fits
4039/spec-4039-55648-0195.fits
4039/spec-4039-55648-0196.fits
4039/spec-4039-55648-0197.fits
4039/spec-4039-55648-0198.fits
4039/spec-4039-55648-0199.fits
4039/spec-4039-55648-0200.fits
4039/spec-4039-55648-0201.fits
4039/spec-4039-55648-0202.fits
4039/spec-4039-55648-0203.fits
4039/spec-4039-55648-0204.fits
4039/spec-4039-55648-0205.fits
4039/spec-4039-55648-0206.fits
4039/spec-4039-55648-0207.fits
4039/spec-4039-55648-0208.fits
4039/spec-4039-55648-0209.fits
4039/spec-4039-55648-0210.fits
4039/spec-4039-55648-0211.fits
4039/spec-4039-55648-0212.fits
4039/spec-4039-55648-0213.fits
4039/spec-4039-55648-0214.fits
4039/spec-4039-55648-0215.fits
4039/spec-4039-55648-0216.fits
4039/spec-4039-55648-0217.fits
4039/spec-4039-55648-0218.fits
4039/spec-4039-55648-0219.fits
4039/spec-4039-55648-0220.fits
4039/spec-4039-55648-0221.fits
4039/spec-4039-55648-0222.fits
4039/spec-4039-55648-0223.fits
4039/spec-4039-55648-0224.fits
4039/spec-4039-55648-0225.fits
4039/spec-4039-55648-0226.fits
4039/spec-4039-55648-0227.fits
4039/spec-4039-55648-0228.fits
4039/spec-4039-55648-0229.fits
4039/spec-4039-55648-0230.fits
4039/spec-4039-55648-0231.fits
4039/spec-4039-55648-0232.fits
4039/spec-4039-55648-0233.fits
4039/spec-4039-55648-0234.fits
4039/spec-4039-55648-0235.fits
4039/spec-4039-55648-0236.fits
4039/spec-4039-55648-0237.fits
4039/spec-4039-55648-0238.fits
4039/spec-4039-55648-0239.fits
4039/spec-4039-55648-0240.fits
4039/spec-4039-55648-0241.fits
4039/spec-4039-55648-0242.fits
4039/spec-4039-55648-0243.fits
4039/spec-4039-55648-0244.fits
4039/spec-4039-55648-0245.fits
4039/spec-4039-55648-0246.fits
4039/spec-4039-55648-0247.fits
4039/spec-4039-55648-0248.fits
4039/spec-4039-55648-0249.fits
4039/spec-4039-55648-0250.fits
4039/spec-4039-55648-0251.fits
4039/spec-4039-55648-0252.fits
4039/spec-4039-55648-0253.fits
4039/spec-4039-55648-0254.fits
4039/spec-4039-55648-0255.fits
4039/spec-4039-55648-0256.fits
4039/spec-4039-55648-0257.fits
4039/spec-4039-55648-0258.fits
4039/spec-4039-55648-0259.fits
4039/spec-4039-55648-0260.fits
4039/spec-4039-55648-0261.fits
4039/spec-4039-55648-0262.fits
4039/spec-4039-55648-0263.fits
4039/spec-4039-55648-0264.fits
4039/spec-4039-55648-0265.fits
4039/spec-4039-55648-0266.fits
4039/spec-4039-55648-0267.fits
4039/spec-4039-55648-0268.fits
4039/spec-4039-55648-0269.fits
4039/spec-4039-55648-0270.fits
4039/spec-4039-55648-0271.fits
4039/spec-4039-55648-0272.fits
4039/spec-4039-55648-0273.fits
4039/spec-4039-55648-0274.fits
4039/spec-4039-55648-0275.fits
4039/spec-4039-55648-0276.fits
4039/spec-4039-55648-0277.fits
4039/spec-4039-55648-0278.fits
4039/spec-4039-55648-0279.fits
4039/spec-4039-55648-0280.fits
4039/spec-4039-55648-0281.fits
4039/spec-4039-55648-0282.fits
4039/spec-4039-55648-0283.fits
4039/spec-4039-55648-0284.fits
4039/spec-4039-55648-0285.fits
4039/spec-4039-55648-0286.fits
4039/spec-4039-55648-0287.fits
4039/spec-4039-55648-0288.fits
4039/spec-4039-55648-0289.fits
4039/spec-4039-55648-0290.fits
4039/spec-4039-55648-0291.fits
4039/spec-4039-55648-0292.fits
4039/spec-4039-55648-0293.fits
4039/spec-4039-55648-0294.fits
4039/spec-4039-55648-0295.fits
4039/spec-4039-55648-0296.fits
4039/spec-4039-55648-0297.fits
4039/spec-4039-55648-0298.fits
4039/spec-4039-55648-0299.fits
4039/spec-4039-55648-0300.fits
4039/spec-4039-55648-0301.fits
4039/spec-4039-55648-0302.fits
4039/spec-4039-55648-0303.fits
4039/spec-4039-55648-0304.fits
4039/spec-4039-55648-0305.fits
4039/spec-4039-55648-0306.fits
4039/spec-4039-55648-0307.fits
4039/spec-4039-55648-0308.fits
4039/spec-4039-55648-0309.fits
4039/spec-4039-55648-0310.fits
4039/spec-4039-55648-0311.fits
4039/spec-4039-55648-0312.fits
4039/spec-4039-55648-0313.fits
4039/spec-4039-55648-0314.fits
4039/spec-4039-55648-0315.fits
4039/spec-4039-55648-0316.fits
4039/spec-4039-55648-0317.fits
4039/spec-4039-55648-0318.fits
4039/spec-4039-55648-0319.fits
4039/spec-4039-55648-0320.fits
4039/spec-4039-55648-0321.fits
4039/spec-4039-55648-0322.fits
4039/spec-4039-55648-0323.fits
4039/spec-4039-55648-0324.fits
4039/spec-4039-55648-0325.fits
4039/spec-4039-55648-0326.fits
4039/spec-4039-55648-0327.fits
4039/spec-4039-55648-0328.fits
4039/spec-4039-55648-0329.fits
4039/spec-4039-55648-0330.fits
4039/spec-4039-55648-0331.fits
4039/spec-4039-55648-0332.fits
4039/spec-4039-55648-0333.fits
4039/spec-4039-55648-0334.fits
4039/spec-4039-55648-0335.fits
4039/spec-4039-55648-0336.fits
4039/spec-4039-55648-0337.fits
4039/spec-4039-55648-0338.fits
4039/spec-4039-55648-0339.fits
4039/spec-4039-55648-0340.fits
4039/spec-4039-55648-0341.fits
4039/spec-4039-55648-0342.fits
4039/spec-4039-55648-0343.fits
4039/spec-4039-55648-0344.fits
4039/spec-4039-55648-0345.fits
4039/spec-4039-55648-0346.fits
4039/spec-4039-55648-0347.fits
4039/spec-4039-55648-0348.fits
4039/spec-4039-55648-0349.fits
4039/spec-4039-55648-0350.fits
4039/spec-4039-55648-0351.fits
4039/spec-4039-55648-0352.fits
4039/spec-4039-55648-0353.fits
4039/spec-4039-55648-0354.fits
4039/spec-4039-55648-0355.fits
4039/spec-4039-55648-0356.fits
4039/spec-4039-55648-0357.fits
4039/spec-4039-55648-0358.fits
4039/spec-4039-55648-0359.fits
4039/spec-4039-55648-0360.fits
4039/spec-4039-55648-0361.fits
4039/spec-4039-55648-0362.fits
4039/spec-4039-55648-0363.fits
4039/spec-4039-55648-0364.fits
4039/spec-4039-55648-0365.fits
4039/spec-4039-55648-0366.fits
4039/spec-4039-55648-0367.fits
4039/spec-4039-55648-0368.fits
4039/spec-4039-55648-0369.fits
4039/spec-4039-55648-0370.fits
4039/spec-4039-55648-0371.fits
4039/spec-4039-55648-0372.fits
4039/spec-4039-55648-0373.fits
4039/spec-4039-55648-0374.fits
4039/spec-4039-55648-0375.fits
4039/spec-4039-55648-0376.fits
4039/spec-4039-55648-0377.fits
4039/spec-4039-55648-0378.fits
4039/spec-4039-55648-0379.fits
4039/spec-4039-55648-0380.fits
4039/spec-4039-55648-0381.fits
4039/spec-4039-55648-0382.fits
4039/spec-4039-55648-0383.fits
4039/spec-4039-55648-0384.fits
4039/spec-4039-55648-0385.fits
4039/spec-4039-55648-0386.fits
4039/spec-4039-55648-0387.fits
4039/spec-4039-55648-0388.fits
4039/spec-4039-55648-0389.fits
4039/spec-4039-55648-0390.fits
4039/spec-4039-55648-0391.fits
4039/spec-4039-55648-0392.fits
4039/spec-4039-55648-0393.fits
4039/spec-4039-55648-0394.fits
4039/spec-4039-55648-0395.fits
4039/spec-4039-55648-0396.fits
4039/spec-4039-55648-0397.fits
4039/spec-4039-55648-0398.fits
4039/spec-4039-55648-0399.fits
4039/spec-4039-55648-0400.fits
4039/spec-4039-55648-0401.fits
4039/spec-4039-55648-0402.fits
4039/spec-4039-55648-0403.fits
4039/spec-4039-55648-0404.fits
4039/spec-4039-55648-0405.fits
4039/spec-4039-55648-0406.fits
4039/spec-4039-55648-0407.fits
4039/spec-4039-55648-0408.fits
4039/spec-4039-55648-0409.fits
4039/spec-4039-55648-0410.fits
4039/spec-4039-55648-0411.fits
4039/spec-4039-55648-0412.fits
4039/spec-4039-55648-0413.fits
4039/spec-4039-55648-0414.fits
4039/spec-4039-55648-0415.fits
4039/spec-4039-55648-0416.fits
4039/spec-4039-55648-0417.fits
4039/spec-4039-55648-0418.fits
4039/spec-4039-55648-0419.fits
4039/spec-4039-55648-0420.fits
4039/spec-4039-55648-0421.fits
4039/spec-4039-55648-0422.fits
4039/spec-4039-55648-0423.fits
4039/spec-4039-55648-0424.fits
4039/spec-4039-55648-0425.fits
4039/spec-4039-55648-0426.fits
4039/spec-4039-55648-0427.fits
4039/spec-4039-55648-0428.fits
4039/spec-4039-55648-0429.fits
4039/spec-4039-55648-0430.fits
4039/spec-4039-55648-0431.fits
4039/spec-4039-55648-0432.fits
4039/spec-4039-55648-0433.fits
4039/spec-4039-55648-0434.fits
4039/spec-4039-55648-0435.fits
4039/spec-4039-55648-0436.fits
4039/spec-4039-55648-0437.fits
4039/spec-4039-55648-0438.fits
4039/spec-4039-55648-0439.fits
4039/spec-4039-55648-0440.fits
4039/spec-4039-55648-0441.fits
4039/spec-4039-55648-0442.fits
4039/spec-4039-55648-0443.fits
4039/spec-4039-55648-0444.fits
4039/spec-4039-55648-0445.fits
4039/spec-4039-55648-0446.fits
4039/spec-4039-55648-0447.fits
4039/spec-4039-55648-0448.fits
4039/spec-4039-55648-0449.fits
4039/spec-4039-55648-0450.fits
4039/spec-4039-55648-0451.fits
4039/spec-4039-55648-0452.fits
4039/spec-4039-55648-0453.fits
4039/spec-4039-55648-0454.fits
4039/spec-4039-55648-0455.fits
4039/spec-4039-55648-0456.fits
4039/spec-4039-55648-0457.fits
4039/spec-4039-55648-0458.fits
4039/spec-4039-55648-0459.fits
4039/spec-4039-55648-0460.fits
4039/spec-4039-55648-0461.fits
4039/spec-4039-55648-0462.fits
4039/spec-4039-55648-0463.fits
4039/spec-4039-55648-0464.fits
4039/spec-4039-55648-0465.fits
4039/spec-4039-55648-0466.fits
4039/spec-4039-55648-0467.fits
4039/spec-4039-55648-0468.fits
4039/spec-4039-55648-0469.fits
4039/spec-4039-55648-0470.fits
4039/spec-4039-55648-0471.fits
4039/spec-4039-55648-0472.fits
4039/spec-4039-55648-0473.fits
4039/spec-4039-55648-0474.fits
4039/spec-4039-55648-0475.fits
4039/spec-4039-55648-0476.fits
4039/spec-4039-55648-0477.fits
4039/spec-4039-55648-0478.fits
4039/spec-4039-55648-0479.fits
4039/spec-4039-55648-0480.fits
4039/spec-4039-55648-0481.fits
4039/spec-4039-55648-0482.fits
4039/spec-4039-55648-0483.fits
4039/spec-4039-55648-0484.fits
4039/spec-4039-55648-0485.fits
4039/spec-4039-55648-0486.fits
4039/spec-4039-55648-0487.fits
4039/spec-4039-55648-0488.fits
4039/spec-4039-55648-0489.fits
4039/spec-4039-55648-0490.fits
4039/spec-4039-55648-0491.fits
4039/spec-4039-55648-0492.fits
4039/spec-4039-55648-0493.fits
4039/spec-4039-55648-0494.fits
4039/spec-4039-55648-0495.fits
4039/spec-4039-55648-0496.fits
4039/spec-4039-55648-0497.fits
4039/spec-4039-55648-0498.fits
4039/spec-4039-55648-0499.fits
4039/spec-4039-55648-0500.fits
4039/spec-4039-55648-0501.fits
4039/spec-4039-55648-0502.fits
4039/spec-4039-55648-0503.fits
4039/spec-4039-55648-0504.fits
4039/spec-4039-55648-0505.fits
4039/spec-4039-55648-0506.fits
4039/spec-4039-55648-0507.fits
4039/spec-4039-55648-0508.fits
4039/spec-4039-55648-0509.fits
4039/spec-4039-55648-0510.fits
4039/spec-4039-55648-0511.fits
4039/spec-4039-55648-0512.fits
4039/spec-4039-55648-0513.fits
4039/spec-4039-55648-0514.fits
4039/spec-4039-55648-0515.fits
4039/spec-4039-55648-0516.fits
4039/spec-4039-55648-0517.fits
4039/spec-4039-55648-0518.fits
4039/spec-4039-55648-0519.fits
4039/spec-4039-55648-0520.fits
4039/spec-4039-55648-0521.fits
4039/spec-4039-55648-0522.fits
4039/spec-4039-55648-0523.fits
4039/spec-4039-55648-0524.fits
4039/spec-4039-55648-0525.fits
4039/spec-4039-55648-0526.fits
4039/spec-4039-55648-0527.fits
4039/spec-4039-55648-0528.fits
4039/spec-4039-55648-0529.fits
4039/spec-4039-55648-0530.fits
4039/spec-4039-55648-0531.fits
4039/spec-4039-55648-0532.fits
4039/spec-4039-55648-0533.fits
4039/spec-4039-55648-0534.fits
4039/spec-4039-55648-0535.fits
4039/spec-4039-55648-0536.fits
4039/spec-4039-55648-0537.fits
4039/spec-4039-55648-0538.fits
4039/spec-4039-55648-0539.fits
4039/spec-4039-55648-0540.fits
4039/spec-4039-55648-0541.fits
4039/spec-4039-55648-0542.fits
4039/spec-4039-55648-0543.fits
4039/spec-4039-55648-0544.fits
4039/spec-4039-55648-0545.fits
4039/spec-4039-55648-0546.fits
4039/spec-4039-55648-0547.fits
4039/spec-4039-55648-0548.fits
4039/spec-4039-55648-0549.fits
4039/spec-4039-55648-0550.fits
4039/spec-4039-55648-0551.fits
4039/spec-4039-55648-0552.fits
4039/spec-4039-55648-0553.fits
4039/spec-4039-55648-0554.fits
4039/spec-4039-55648-0555.fits
4039/spec-4039-55648-0556.fits
4039/spec-4039-55648-0557.fits
4039/spec-4039-55648-0558.fits
4039/spec-4039-55648-0559.fits
4039/spec-4039-55648-0560.fits
4039/spec-4039-55648-0561.fits
4039/spec-4039-55648-0562.fits
4039/spec-4039-55648-0563.fits
4039/spec-4039-55648-0564.fits
4039/spec-4039-55648-0565.fits
4039/spec-4039-55648-0566.fits
4039/spec-4039-55648-0567.fits
4039/spec-4039-55648-0568.fits
4039/spec-4039-55648-0569.fits
4039/spec-4039-55648-0570.fits
4039/spec-4039-55648-0571.fits
4039/spec-4039-55648-0572.fits
4039/spec-4039-55648-0573.fits
4039/spec-4039-55648-0574.fits
4039/spec-4039-55648-0575.fits
4039/spec-4039-55648-0576.fits
4039/spec-4039-55648-0577.fits
4039/spec-4039-55648-0578.fits
4039/spec-4039-55648-0579.fits
4039/spec-4039-55648-0580.fits
4039/spec-4039-55648-0581.fits
4039/spec-4039-55648-0582.fits
4039/spec-4039-55648-0583.fits
4039/spec-4039-55648-0584.fits
4039/spec-4039-55648-0585.fits
4039/spec-4039-55648-0586.fits
4039/spec-4039-55648-0587.fits
4039/spec-4039-55648-0588.fits
4039/spec-4039-55648-0589.fits
4039/spec-4039-55648-0590.fits
4039/spec-4039-55648-0591.fits
4039/spec-4039-55648-0592.fits
4039/spec-4039-55648-0593.fits
4039/spec-4039-55648-0594.fits
4039/spec-4039-55648-0595.fits
4039/spec-4039-55648-0596.fits
4039/spec-4039-55648-0597.fits
4039/spec-4039-55648-0598.fits
4039/spec-4039-55648-0599.fits
4039/spec-4039-55648-0600.fits
4039/spec-4039-55648-0601.fits
4039/spec-4039-55648-0602.fits
4039/spec-4039-55648-0603.fits
4039/spec-4039-55648-0604.fits
4039/spec-4039-55648-0605.fits
4039/spec-4039-55648-0606.fits
4039/spec-4039-55648-0607.fits
4039/spec-4039-55648-0608.fits
4039/spec-4039-55648-0609.fits
4039/spec-4039-55648-0610.fits
4039/spec-4039-55648-0611.fits
4039/spec-4039-55648-0612.fits
4039/spec-4039-55648-0613.fits
4039/spec-4039-55648-0614.fits
4039/spec-4039-55648-0615.fits
4039/spec-4039-55648-0616.fits
4039/spec-4039-55648-0617.fits
4039/spec-4039-55648-0618.fits
4039/spec-4039-55648-0619.fits
4039/spec-4039-55648-0620.fits
4039/spec-4039-55648-0621.fits
4039/spec-4039-55648-0622.fits
4039/spec-4039-55648-0623.fits
4039/spec-4039-55648-0624.fits
4039/spec-4039-55648-0625.fits
4039/spec-4039-55648-0626.fits
4039/spec-4039-55648-0627.fits
4039/spec-4039-55648-0628.fits
4039/spec-4039-55648-0629.fits
4039/spec-4039-55648-0630.fits
4039/spec-4039-55648-0631.fits
4039/spec-4039-55648-0632.fits
4039/spec-4039-55648-0633.fits
4039/spec-4039-55648-0634.fits
4039/spec-4039-55648-0635.fits
4039/spec-4039-55648-0636.fits
4039/spec-4039-55648-0637.fits
4039/spec-4039-55648-0638.fits
4039/spec-4039-55648-0639.fits
4039/spec-4039-55648-0640.fits
4039/spec-4039-55648-0641.fits
4039/spec-4039-55648-0642.fits
4039/spec-4039-55648-0643.fits
4039/spec-4039-55648-0644.fits
4039/spec-4039-55648-0645.fits
4039/spec-4039-55648-0646.fits
4039/spec-4039-55648-0647.fits
4039/spec-4039-55648-0648.fits
4039/spec-4039-55648-0649.fits
4039/spec-4039-55648-0650.fits
4039/spec-4039-55648-0651.fits
4039/spec-4039-55648-0652.fits
4039/spec-4039-55648-0653.fits
4039/spec-4039-55648-0654.fits
4039/spec-4039-55648-0655.fits
4039/spec-4039-55648-0656.fits
4039/spec-4039-55648-0657.fits
4039/spec-4039-55648-0658.fits
4039/spec-4039-55648-0659.fits
4039/spec-4039-55648-0660.fits
4039/spec-4039-55648-0661.fits
4039/spec-4039-55648-0662.fits
4039/spec-4039-55648-0663.fits
4039/spec-4039-55648-0664.fits
4039/spec-4039-55648-0665.fits
4039/spec-4039-55648-0666.fits
4039/spec-4039-55648-0667.fits
4039/spec-4039-55648-0668.fits
4039/spec-4039-55648-0669.fits
4039/spec-4039-55648-0670.fits
4039/spec-4039-55648-0671.fits
4039/spec-4039-55648-0672.fits
4039/spec-4039-55648-0673.fits
4039/spec-4039-55648-0674.fits
4039/spec-4039-55648-0675.fits
4039/spec-4039-55648-0676.fits
4039/spec-4039-55648-0677.fits
4039/spec-4039-55648-0678.fits
4039/spec-4039-55648-0679.fits
4039/spec-4039-55648-0680.fits
4039/spec-4039-55648-0681.fits
4039/spec-4039-55648-0682.fits
4039/spec-4039-55648-0683.fits
4039/spec-4039-55648-0684.fits
4039/spec-4039-55648-0685.fits
4039/spec-4039-55648-0686.fits
4039/spec-4039-55648-0687.fits
4039/spec-4039-55648-0688.fits
4039/spec-4039-55648-0689.fits
4039/spec-4039-55648-0690.fits
4039/spec-4039-55648-0691.fits
4039/spec-4039-55648-0692.fits
4039/spec-4039-55648-0693.fits
4039/spec-4039-55648-0694.fits
4039/spec-4039-55648-0695.fits
4039/spec-4039-55648-0696.fits
4039/spec-4039-55648-0697.fits
4039/spec-4039-55648-0698.fits
4039/spec-4039-55648-0699.fits
4039/spec-4039-55648-0700.fits
4039/spec-4039-55648-0701.fits
4039/spec-4039-55648-0702.fits
4039/spec-4039-55648-0703.fits
4039/spec-4039-55648-0704.fits
4039/spec-4039-55648-0705.fits
4039/spec-4039-55648-0706.fits
4039/spec-4039-55648-0707.fits
4039/spec-4039-55648-0708.fits
4039/spec-4039-55648-0709.fits
4039/spec-4039-55648-0710.fits
4039/spec-4039-55648-0711.fits
4039/spec-4039-55648-0712.fits
4039/spec-4039-55648-0713.fits
4039/spec-4039-55648-0714.fits
4039/spec-4039-55648-0715.fits
4039/spec-4039-55648-0716.fits
4039/spec-4039-55648-0717.fits
4039/spec-4039-55648-0718.fits
4039/spec-4039-55648-0719.fits
4039/spec-4039-55648-0720.fits
4039/spec-4039-55648-0721.fits
4039/spec-4039-55648-0722.fits
4039/spec-4039-55648-0723.fits
4039/spec-4039-55648-0724.fits
4039/spec-4039-55648-0725.fits
4039/spec-4039-55648-0726.fits
4039/spec-4039-55648-0727.fits
4039/spec-4039-55648-0728.fits
4039/spec-4039-55648-0729.fits
4039/spec-4039-55648-0730.fits
4039/spec-4039-55648-0731.fits
4039/spec-4039-55648-0732.fits
4039/spec-4039-55648-0733.fits
4039/spec-4039-55648-0734.fits
4039/spec-4039-55648-0735.fits
4039/spec-4039-55648-0736.fits
4039/spec-4039-55648-0737.fits
4039/spec-4039-55648-0738.fits
4039/spec-4039-55648-0739.fits
4039/spec-4039-55648-0740.fits
4039/spec-4039-55648-0741.fits
4039/spec-4039-55648-0742.fits
4039/spec-4039-55648-0743.fits
4039/spec-4039-55648-0744.fits
4039/spec-4039-55648-0745.fits
4039/spec-4039-55648-0746.fits
4039/spec-4039-55648-0747.fits
4039/spec-4039-55648-0748.fits
4039/spec-4039-55648-0749.fits
4039/spec-4039-55648-0750.fits
4039/spec-4039-55648-0751.fits
4039/spec-4039-55648-0752.fits
4039/spec-4039-55648-0753.fits
4039/spec-4039-55648-0754.fits
4039/spec-4039-55648-0755.fits
4039/spec-4039-55648-0756.fits
4039/spec-4039-55648-0757.fits
4039/spec-4039-55648-0758.fits
4039/spec-4039-55648-0759.fits
4039/spec-4039-55648-0760.fits
4039/spec-4039-55648-0761.fits
4039/spec-4039-55648-0762.fits
4039/spec-4039-55648-0763.fits
4039/spec-4039-55648-0764.fits
4039/spec-4039-55648-0765.fits
4039/spec-4039-55648-0766.fits
4039/spec-4039-55648-0767.fits
4039/spec-4039-55648-0768.fits
4039/spec-4039-55648-0769.fits
4039/spec-4039-55648-0770.fits
4039/spec-4039-55648-0771.fits
4039/spec-4039-55648-0772.fits
4039/spec-4039-55648-0773.fits
4039/spec-4039-55648-0774.fits
4039/spec-4039-55648-0775.fits
4039/spec-4039-55648-0776.fits
4039/spec-4039-55648-0777.fits
4039/spec-4039-55648-0778.fits
4039/spec-4039-55648-0779.fits
4039/spec-4039-55648-0780.fits
4039/spec-4039-55648-0781.fits
4039/spec-4039-55648-0782.fits
4039/spec-4039-55648-0783.fits
4039/spec-4039-55648-0784.fits
4039/spec-4039-55648-0785.fits
4039/spec-4039-55648-0786.fits
4039/spec-4039-55648-0787.fits
4039/spec-4039-55648-0788.fits
4039/spec-4039-55648-0789.fits
4039/spec-4039-55648-0790.fits
4039/spec-4039-55648-0791.fits
4039/spec-4039-55648-0792.fits
4039/spec-4039-55648-0793.fits
4039/spec-4039-55648-0794.fits
4039/spec-4039-55648-0795.fits
4039/spec-4039-55648-0796.fits
4039/spec-4039-55648-0797.fits
4039/spec-4039-55648-0798.fits
4039/spec-4039-55648-0799.fits
4039/spec-4039-55648-0800.fits
4039/spec-4039-55648-0801.fits
4039/spec-4039-55648-0802.fits
4039/spec-4039-55648-0803.fits
4039/spec-4039-55648-0804.fits
4039/spec-4039-55648-0805.fits
4039/spec-4039-55648-0806.fits
4039/spec-4039-55648-0807.fits
4039/spec-4039-55648-0808.fits
4039/spec-4039-55648-0809.fits
4039/spec-4039-55648-0810.fits
4039/spec-4039-55648-0811.fits
4039/spec-4039-55648-0812.fits
4039/spec-4039-55648-0813.fits
4039/spec-4039-55648-0814.fits
4039/spec-4039-55648-0815.fits
4039/spec-4039-55648-0816.fits
4039/spec-4039-55648-0817.fits
4039/spec-4039-55648-0818.fits
4039/spec-4039-55648-0819.fits
4039/spec-4039-55648-0820.fits
4039/spec-4039-55648-0821.fits
4039/spec-4039-55648-0822.fits
4039/spec-4039-55648-0823.fits
4039/spec-4039-55648-0824.fits
4039/spec-4039-55648-0825.fits
4039/spec-4039-55648-0826.fits
4039/spec-4039-55648-0827.fits
4039/spec-4039-55648-0828.fits
4039/spec-4039-55648-0829.fits
4039/spec-4039-55648-0830.fits
4039/spec-4039-55648-0831.fits
4039/spec-4039-55648-0832.fits
4039/spec-4039-55648-0833.fits
4039/spec-4039-55648-0834.fits
4039/spec-4039-55648-0835.fits
4039/spec-4039-55648-0836.fits
4039/spec-4039-55648-0837.fits
4039/spec-4039-55648-0838.fits
4039/spec-4039-55648-0839.fits
4039/spec-4039-55648-0840.fits
4039/spec-4039-55648-0841.fits
4039/spec-4039-55648-0842.fits
4039/spec-4039-55648-0843.fits
4039/spec-4039-55648-0844.fits
4039/spec-4039-55648-0845.fits
4039/spec-4039-55648-0846.fits
4039/spec-4039-55648-0847.fits
4039/spec-4039-55648-0848.fits
4039/spec-4039-55648-0849.fits
4039/spec-4039-55648-0850.fits
4039/spec-4039-55648-0851.fits
4039/spec-4039-55648-0852.fits
4039/spec-4039-55648-0853.fits
4039/spec-4039-55648-0854.fits
4039/spec-4039-55648-0855.fits
4039/spec-4039-55648-0856.fits
4039/spec-4039-55648-0857.fits
4039/spec-4039-55648-0858.fits
4039/spec-4039-55648-0859.fits
4039/spec-4039-55648-0860.fits
4039/spec-4039-55648-0861.fits
4039/spec-4039-55648-0862.fits
4039/spec-4039-55648-0863.fits
4039/spec-4039-55648-0864.fits
4039/spec-4039-55648-0865.fits
4039/spec-4039-55648-0866.fits
4039/spec-4039-55648-0867.fits
4039/spec-4039-55648-0868.fits
4039/spec-4039-55648-0869.fits
4039/spec-4039-55648-0870.fits
4039/spec-4039-55648-0871.fits
4039/spec-4039-55648-0872.fits
4039/spec-4039-55648-0873.fits
4039/spec-4039-55648-0874.fits
4039/spec-4039-55648-0875.fits
4039/spec-4039-55648-0876.fits
4039/spec-4039-55648-0877.fits
4039/spec-4039-55648-0878.fits
4039/spec-4039-55648-0879.fits
4039/spec-4039-55648-0880.fits
4039/spec-4039-55648-0881.fits
4039/spec-4039-55648-0882.fits
4039/spec-4039-55648-0883.fits
4039/spec-4039-55648-0884.fits
4039/spec-4039-55648-0885.fits
4039/spec-4039-55648-0886.fits
4039/spec-4039-55648-0887.fits
4039/spec-4039-55648-0888.fits
4039/spec-4039-55648-0889.fits
4039/spec-4039-55648-0890.fits
4039/spec-4039-55648-0891.fits
4039/spec-4039-55648-0892.fits
4039/spec-4039-55648-0893.fits
4039/spec-4039-55648-0894.fits
4039/spec-4039-55648-0895.fits
4039/spec-4039-55648-0896.fits
4039/spec-4039-55648-0897.fits
4039/spec-4039-55648-0898.fits
4039/spec-4039-55648-0899.fits
4039/spec-4039-55648-0900.fits
4039/spec-4039-55648-0901.fits
4039/spec-4039-55648-0902.fits
4039/spec-4039-55648-0903.fits
4039/spec-4039-55648-0904.fits
4039/spec-4039-55648-0905.fits
4039/spec-4039-55648-0906.fits
4039/spec-4039-55648-0907.fits
4039/spec-4039-55648-0908.fits
4039/spec-4039-55648-0909.fits
4039/spec-4039-55648-0910.fits
4039/spec-4039-55648-0911.fits
4039/spec-4039-55648-0912.fits
4039/spec-4039-55648-0913.fits
4039/spec-4039-55648-0914.fits
4039/spec-4039-55648-0915.fits
4039/spec-4039-55648-0916.fits
4039/spec-4039-55648-0917.fits
4039/spec-4039-55648-0918.fits
4039/spec-4039-55648-0919.fits
4039/spec-4039-55648-0920.fits
4039/spec-4039-55648-0921.fits
4039/spec-4039-55648-0922.fits
4039/spec-4039-55648-0923.fits
4039/spec-4039-55648-0924.fits
4039/spec-4039-55648-0925.fits
4039/spec-4039-55648-0926.fits
4039/spec-4039-55648-0927.fits
4039/spec-4039-55648-0928.fits
4039/spec-4039-55648-0929.fits
4039/spec-4039-55648-0930.fits
4039/spec-4039-55648-0931.fits
4039/spec-4039-55648-0932.fits
4039/spec-4039-55648-0933.fits
4039/spec-4039-55648-0934.fits
4039/spec-4039-55648-0935.fits
4039/spec-4039-55648-0936.fits
4039/spec-4039-55648-0937.fits
4039/spec-4039-55648-0938.fits
4039/spec-4039-55648-0939.fits
4039/spec-4039-55648-0940.fits
4039/spec-4039-55648-0941.fits
4039/spec-4039-55648-0942.fits
4039/spec-4039-55648-0943.fits
4039/spec-4039-55648-0944.fits
4039/spec-4039-55648-0945.fits
4039/spec-4039-55648-0946.fits
4039/spec-4039-55648-0947.fits
4039/spec-4039-55648-0948.fits
4039/spec-4039-55648-0949.fits
4039/spec-4039-55648-0950.fits
4039/spec-4039-55648-0951.fits
4039/spec-4039-55648-0952.fits
4039/spec-4039-55648-0953.fits
4039/spec-4039-55648-0954.fits
4039/spec-4039-55648-0955.fits
4039/spec-4039-55648-0956.fits
4039/spec-4039-55648-0957.fits
4039/spec-4039-55648-0958.fits
4039/spec-4039-55648-0959.fits
4039/spec-4039-55648-0960.fits
4039/spec-4039-55648-0961.fits
4039/spec-4039-55648-0962.fits
4039/spec-4039-55648-0963.fits
4039/spec-4039-55648-0964.fits
4039/spec-4039-55648-0965.fits
4039/spec-4039-55648-0966.fits
4039/spec-4039-55648-0967.fits
4039/spec-4039-55648-0968.fits
4039/spec-4039-55648-0969.fits
4039/spec-4039-55648-0970.fits
4039/spec-4039-55648-0971.fits
4039/spec-4039-55648-0972.fits
4039/spec-4039-55648-0973.fits
4039/spec-4039-55648-0974.fits
4039/spec-4039-55648-0975.fits
4039/spec-4039-55648-0976.fits
4039/spec-4039-55648-0977.fits
4039/spec-4039-55648-0978.fits
4039/spec-4039-55648-0979.fits
4039/spec-4039-55648-0980.fits
4039/spec-4039-55648-0981.fits
4039/spec-4039-55648-0982.fits
4039/spec-4039-55648-0983.fits
4039/spec-4039-55648-0984.fits
4039/spec-4039-55648-0985.fits
4039/spec-4039-55648-0986.fits
4039/spec-4039-55648-0987.fits
4039/spec-4039-55648-0988.fits
4039/spec-4039-55648-0989.fits
4039/spec-4039-55648-0990.fits
4039/spec-4039-55648-0991.fits
4039/spec-4039-55648-0992.fits
4039/spec-4039-55648-0993.fits
4039/spec-4039-55648-0994.fits
4039/spec-4039-55648-0995.fits
4039/spec-4039-55648-0996.fits
4039/spec-4039-55648-0997.fits
4039/spec-4039-55648-0998.fits
4039/spec-4039-55648-0999.fits
4039/spec-4039-55648-1000.fits
/var/lib/condor/execute/slot1/dir_29053
4039 4039.tgz R R361.tar.gz _condor_stderr _condor_stdout cB58_Lyman_break.fit condor_exec.exe hw4.R packages packages.tar.gz tmp var
[1] "Loaded package astro."
[1] 1000
4039 4039.csv 4039.tgz R R361.tar.gz _condor_stderr _condor_stdout cB58_Lyman_break.fit condor_exec.exe hw4.R packages packages.tar.gz tmp var
