4050
4050/
4050/spec-4050-55599-0001.fits
4050/spec-4050-55599-0002.fits
4050/spec-4050-55599-0003.fits
4050/spec-4050-55599-0004.fits
4050/spec-4050-55599-0005.fits
4050/spec-4050-55599-0006.fits
4050/spec-4050-55599-0007.fits
4050/spec-4050-55599-0008.fits
4050/spec-4050-55599-0009.fits
4050/spec-4050-55599-0010.fits
4050/spec-4050-55599-0011.fits
4050/spec-4050-55599-0012.fits
4050/spec-4050-55599-0013.fits
4050/spec-4050-55599-0014.fits
4050/spec-4050-55599-0015.fits
4050/spec-4050-55599-0016.fits
4050/spec-4050-55599-0017.fits
4050/spec-4050-55599-0018.fits
4050/spec-4050-55599-0019.fits
4050/spec-4050-55599-0020.fits
4050/spec-4050-55599-0021.fits
4050/spec-4050-55599-0022.fits
4050/spec-4050-55599-0023.fits
4050/spec-4050-55599-0024.fits
4050/spec-4050-55599-0025.fits
4050/spec-4050-55599-0026.fits
4050/spec-4050-55599-0027.fits
4050/spec-4050-55599-0028.fits
4050/spec-4050-55599-0029.fits
4050/spec-4050-55599-0030.fits
4050/spec-4050-55599-0031.fits
4050/spec-4050-55599-0032.fits
4050/spec-4050-55599-0033.fits
4050/spec-4050-55599-0034.fits
4050/spec-4050-55599-0035.fits
4050/spec-4050-55599-0036.fits
4050/spec-4050-55599-0037.fits
4050/spec-4050-55599-0038.fits
4050/spec-4050-55599-0039.fits
4050/spec-4050-55599-0040.fits
4050/spec-4050-55599-0041.fits
4050/spec-4050-55599-0042.fits
4050/spec-4050-55599-0043.fits
4050/spec-4050-55599-0044.fits
4050/spec-4050-55599-0045.fits
4050/spec-4050-55599-0046.fits
4050/spec-4050-55599-0047.fits
4050/spec-4050-55599-0048.fits
4050/spec-4050-55599-0049.fits
4050/spec-4050-55599-0050.fits
4050/spec-4050-55599-0051.fits
4050/spec-4050-55599-0052.fits
4050/spec-4050-55599-0053.fits
4050/spec-4050-55599-0054.fits
4050/spec-4050-55599-0055.fits
4050/spec-4050-55599-0056.fits
4050/spec-4050-55599-0057.fits
4050/spec-4050-55599-0058.fits
4050/spec-4050-55599-0059.fits
4050/spec-4050-55599-0060.fits
4050/spec-4050-55599-0061.fits
4050/spec-4050-55599-0062.fits
4050/spec-4050-55599-0063.fits
4050/spec-4050-55599-0064.fits
4050/spec-4050-55599-0065.fits
4050/spec-4050-55599-0066.fits
4050/spec-4050-55599-0067.fits
4050/spec-4050-55599-0068.fits
4050/spec-4050-55599-0069.fits
4050/spec-4050-55599-0070.fits
4050/spec-4050-55599-0071.fits
4050/spec-4050-55599-0072.fits
4050/spec-4050-55599-0073.fits
4050/spec-4050-55599-0074.fits
4050/spec-4050-55599-0075.fits
4050/spec-4050-55599-0076.fits
4050/spec-4050-55599-0077.fits
4050/spec-4050-55599-0078.fits
4050/spec-4050-55599-0079.fits
4050/spec-4050-55599-0080.fits
4050/spec-4050-55599-0081.fits
4050/spec-4050-55599-0082.fits
4050/spec-4050-55599-0083.fits
4050/spec-4050-55599-0084.fits
4050/spec-4050-55599-0085.fits
4050/spec-4050-55599-0086.fits
4050/spec-4050-55599-0087.fits
4050/spec-4050-55599-0088.fits
4050/spec-4050-55599-0089.fits
4050/spec-4050-55599-0090.fits
4050/spec-4050-55599-0091.fits
4050/spec-4050-55599-0092.fits
4050/spec-4050-55599-0093.fits
4050/spec-4050-55599-0094.fits
4050/spec-4050-55599-0095.fits
4050/spec-4050-55599-0096.fits
4050/spec-4050-55599-0097.fits
4050/spec-4050-55599-0098.fits
4050/spec-4050-55599-0099.fits
4050/spec-4050-55599-0100.fits
4050/spec-4050-55599-0101.fits
4050/spec-4050-55599-0102.fits
4050/spec-4050-55599-0103.fits
4050/spec-4050-55599-0104.fits
4050/spec-4050-55599-0105.fits
4050/spec-4050-55599-0106.fits
4050/spec-4050-55599-0107.fits
4050/spec-4050-55599-0108.fits
4050/spec-4050-55599-0109.fits
4050/spec-4050-55599-0110.fits
4050/spec-4050-55599-0111.fits
4050/spec-4050-55599-0112.fits
4050/spec-4050-55599-0113.fits
4050/spec-4050-55599-0114.fits
4050/spec-4050-55599-0115.fits
4050/spec-4050-55599-0116.fits
4050/spec-4050-55599-0117.fits
4050/spec-4050-55599-0118.fits
4050/spec-4050-55599-0119.fits
4050/spec-4050-55599-0120.fits
4050/spec-4050-55599-0121.fits
4050/spec-4050-55599-0122.fits
4050/spec-4050-55599-0123.fits
4050/spec-4050-55599-0124.fits
4050/spec-4050-55599-0125.fits
4050/spec-4050-55599-0126.fits
4050/spec-4050-55599-0127.fits
4050/spec-4050-55599-0128.fits
4050/spec-4050-55599-0129.fits
4050/spec-4050-55599-0130.fits
4050/spec-4050-55599-0131.fits
4050/spec-4050-55599-0132.fits
4050/spec-4050-55599-0133.fits
4050/spec-4050-55599-0134.fits
4050/spec-4050-55599-0135.fits
4050/spec-4050-55599-0136.fits
4050/spec-4050-55599-0137.fits
4050/spec-4050-55599-0138.fits
4050/spec-4050-55599-0139.fits
4050/spec-4050-55599-0140.fits
4050/spec-4050-55599-0141.fits
4050/spec-4050-55599-0142.fits
4050/spec-4050-55599-0143.fits
4050/spec-4050-55599-0144.fits
4050/spec-4050-55599-0145.fits
4050/spec-4050-55599-0146.fits
4050/spec-4050-55599-0147.fits
4050/spec-4050-55599-0148.fits
4050/spec-4050-55599-0149.fits
4050/spec-4050-55599-0150.fits
4050/spec-4050-55599-0151.fits
4050/spec-4050-55599-0152.fits
4050/spec-4050-55599-0153.fits
4050/spec-4050-55599-0154.fits
4050/spec-4050-55599-0155.fits
4050/spec-4050-55599-0156.fits
4050/spec-4050-55599-0157.fits
4050/spec-4050-55599-0158.fits
4050/spec-4050-55599-0159.fits
4050/spec-4050-55599-0160.fits
4050/spec-4050-55599-0161.fits
4050/spec-4050-55599-0162.fits
4050/spec-4050-55599-0163.fits
4050/spec-4050-55599-0164.fits
4050/spec-4050-55599-0165.fits
4050/spec-4050-55599-0166.fits
4050/spec-4050-55599-0167.fits
4050/spec-4050-55599-0168.fits
4050/spec-4050-55599-0169.fits
4050/spec-4050-55599-0170.fits
4050/spec-4050-55599-0171.fits
4050/spec-4050-55599-0172.fits
4050/spec-4050-55599-0173.fits
4050/spec-4050-55599-0174.fits
4050/spec-4050-55599-0175.fits
4050/spec-4050-55599-0176.fits
4050/spec-4050-55599-0177.fits
4050/spec-4050-55599-0178.fits
4050/spec-4050-55599-0179.fits
4050/spec-4050-55599-0180.fits
4050/spec-4050-55599-0181.fits
4050/spec-4050-55599-0182.fits
4050/spec-4050-55599-0183.fits
4050/spec-4050-55599-0184.fits
4050/spec-4050-55599-0185.fits
4050/spec-4050-55599-0186.fits
4050/spec-4050-55599-0187.fits
4050/spec-4050-55599-0188.fits
4050/spec-4050-55599-0189.fits
4050/spec-4050-55599-0190.fits
4050/spec-4050-55599-0191.fits
4050/spec-4050-55599-0192.fits
4050/spec-4050-55599-0193.fits
4050/spec-4050-55599-0194.fits
4050/spec-4050-55599-0195.fits
4050/spec-4050-55599-0196.fits
4050/spec-4050-55599-0197.fits
4050/spec-4050-55599-0198.fits
4050/spec-4050-55599-0199.fits
4050/spec-4050-55599-0200.fits
4050/spec-4050-55599-0201.fits
4050/spec-4050-55599-0202.fits
4050/spec-4050-55599-0203.fits
4050/spec-4050-55599-0204.fits
4050/spec-4050-55599-0205.fits
4050/spec-4050-55599-0206.fits
4050/spec-4050-55599-0207.fits
4050/spec-4050-55599-0208.fits
4050/spec-4050-55599-0209.fits
4050/spec-4050-55599-0210.fits
4050/spec-4050-55599-0211.fits
4050/spec-4050-55599-0212.fits
4050/spec-4050-55599-0213.fits
4050/spec-4050-55599-0214.fits
4050/spec-4050-55599-0215.fits
4050/spec-4050-55599-0216.fits
4050/spec-4050-55599-0217.fits
4050/spec-4050-55599-0218.fits
4050/spec-4050-55599-0219.fits
4050/spec-4050-55599-0220.fits
4050/spec-4050-55599-0221.fits
4050/spec-4050-55599-0222.fits
4050/spec-4050-55599-0223.fits
4050/spec-4050-55599-0224.fits
4050/spec-4050-55599-0225.fits
4050/spec-4050-55599-0226.fits
4050/spec-4050-55599-0227.fits
4050/spec-4050-55599-0228.fits
4050/spec-4050-55599-0229.fits
4050/spec-4050-55599-0230.fits
4050/spec-4050-55599-0231.fits
4050/spec-4050-55599-0232.fits
4050/spec-4050-55599-0233.fits
4050/spec-4050-55599-0234.fits
4050/spec-4050-55599-0235.fits
4050/spec-4050-55599-0236.fits
4050/spec-4050-55599-0237.fits
4050/spec-4050-55599-0238.fits
4050/spec-4050-55599-0239.fits
4050/spec-4050-55599-0240.fits
4050/spec-4050-55599-0241.fits
4050/spec-4050-55599-0242.fits
4050/spec-4050-55599-0243.fits
4050/spec-4050-55599-0244.fits
4050/spec-4050-55599-0245.fits
4050/spec-4050-55599-0246.fits
4050/spec-4050-55599-0247.fits
4050/spec-4050-55599-0248.fits
4050/spec-4050-55599-0249.fits
4050/spec-4050-55599-0250.fits
4050/spec-4050-55599-0251.fits
4050/spec-4050-55599-0252.fits
4050/spec-4050-55599-0253.fits
4050/spec-4050-55599-0254.fits
4050/spec-4050-55599-0255.fits
4050/spec-4050-55599-0256.fits
4050/spec-4050-55599-0257.fits
4050/spec-4050-55599-0258.fits
4050/spec-4050-55599-0259.fits
4050/spec-4050-55599-0260.fits
4050/spec-4050-55599-0261.fits
4050/spec-4050-55599-0262.fits
4050/spec-4050-55599-0263.fits
4050/spec-4050-55599-0264.fits
4050/spec-4050-55599-0265.fits
4050/spec-4050-55599-0266.fits
4050/spec-4050-55599-0267.fits
4050/spec-4050-55599-0268.fits
4050/spec-4050-55599-0269.fits
4050/spec-4050-55599-0270.fits
4050/spec-4050-55599-0271.fits
4050/spec-4050-55599-0272.fits
4050/spec-4050-55599-0273.fits
4050/spec-4050-55599-0274.fits
4050/spec-4050-55599-0275.fits
4050/spec-4050-55599-0276.fits
4050/spec-4050-55599-0277.fits
4050/spec-4050-55599-0278.fits
4050/spec-4050-55599-0279.fits
4050/spec-4050-55599-0280.fits
4050/spec-4050-55599-0281.fits
4050/spec-4050-55599-0282.fits
4050/spec-4050-55599-0283.fits
4050/spec-4050-55599-0284.fits
4050/spec-4050-55599-0285.fits
4050/spec-4050-55599-0286.fits
4050/spec-4050-55599-0287.fits
4050/spec-4050-55599-0288.fits
4050/spec-4050-55599-0289.fits
4050/spec-4050-55599-0290.fits
4050/spec-4050-55599-0291.fits
4050/spec-4050-55599-0292.fits
4050/spec-4050-55599-0293.fits
4050/spec-4050-55599-0294.fits
4050/spec-4050-55599-0295.fits
4050/spec-4050-55599-0296.fits
4050/spec-4050-55599-0297.fits
4050/spec-4050-55599-0298.fits
4050/spec-4050-55599-0299.fits
4050/spec-4050-55599-0300.fits
4050/spec-4050-55599-0301.fits
4050/spec-4050-55599-0302.fits
4050/spec-4050-55599-0303.fits
4050/spec-4050-55599-0304.fits
4050/spec-4050-55599-0305.fits
4050/spec-4050-55599-0306.fits
4050/spec-4050-55599-0307.fits
4050/spec-4050-55599-0308.fits
4050/spec-4050-55599-0309.fits
4050/spec-4050-55599-0310.fits
4050/spec-4050-55599-0311.fits
4050/spec-4050-55599-0312.fits
4050/spec-4050-55599-0313.fits
4050/spec-4050-55599-0314.fits
4050/spec-4050-55599-0315.fits
4050/spec-4050-55599-0316.fits
4050/spec-4050-55599-0317.fits
4050/spec-4050-55599-0318.fits
4050/spec-4050-55599-0319.fits
4050/spec-4050-55599-0320.fits
4050/spec-4050-55599-0321.fits
4050/spec-4050-55599-0322.fits
4050/spec-4050-55599-0323.fits
4050/spec-4050-55599-0324.fits
4050/spec-4050-55599-0325.fits
4050/spec-4050-55599-0326.fits
4050/spec-4050-55599-0327.fits
4050/spec-4050-55599-0328.fits
4050/spec-4050-55599-0329.fits
4050/spec-4050-55599-0330.fits
4050/spec-4050-55599-0331.fits
4050/spec-4050-55599-0332.fits
4050/spec-4050-55599-0333.fits
4050/spec-4050-55599-0334.fits
4050/spec-4050-55599-0335.fits
4050/spec-4050-55599-0336.fits
4050/spec-4050-55599-0337.fits
4050/spec-4050-55599-0338.fits
4050/spec-4050-55599-0339.fits
4050/spec-4050-55599-0340.fits
4050/spec-4050-55599-0341.fits
4050/spec-4050-55599-0342.fits
4050/spec-4050-55599-0343.fits
4050/spec-4050-55599-0344.fits
4050/spec-4050-55599-0345.fits
4050/spec-4050-55599-0346.fits
4050/spec-4050-55599-0347.fits
4050/spec-4050-55599-0348.fits
4050/spec-4050-55599-0349.fits
4050/spec-4050-55599-0350.fits
4050/spec-4050-55599-0351.fits
4050/spec-4050-55599-0352.fits
4050/spec-4050-55599-0353.fits
4050/spec-4050-55599-0354.fits
4050/spec-4050-55599-0355.fits
4050/spec-4050-55599-0356.fits
4050/spec-4050-55599-0357.fits
4050/spec-4050-55599-0358.fits
4050/spec-4050-55599-0359.fits
4050/spec-4050-55599-0360.fits
4050/spec-4050-55599-0361.fits
4050/spec-4050-55599-0362.fits
4050/spec-4050-55599-0363.fits
4050/spec-4050-55599-0364.fits
4050/spec-4050-55599-0365.fits
4050/spec-4050-55599-0366.fits
4050/spec-4050-55599-0367.fits
4050/spec-4050-55599-0368.fits
4050/spec-4050-55599-0369.fits
4050/spec-4050-55599-0370.fits
4050/spec-4050-55599-0371.fits
4050/spec-4050-55599-0372.fits
4050/spec-4050-55599-0373.fits
4050/spec-4050-55599-0374.fits
4050/spec-4050-55599-0375.fits
4050/spec-4050-55599-0376.fits
4050/spec-4050-55599-0377.fits
4050/spec-4050-55599-0378.fits
4050/spec-4050-55599-0379.fits
4050/spec-4050-55599-0380.fits
4050/spec-4050-55599-0381.fits
4050/spec-4050-55599-0382.fits
4050/spec-4050-55599-0383.fits
4050/spec-4050-55599-0384.fits
4050/spec-4050-55599-0385.fits
4050/spec-4050-55599-0386.fits
4050/spec-4050-55599-0387.fits
4050/spec-4050-55599-0388.fits
4050/spec-4050-55599-0389.fits
4050/spec-4050-55599-0390.fits
4050/spec-4050-55599-0391.fits
4050/spec-4050-55599-0392.fits
4050/spec-4050-55599-0393.fits
4050/spec-4050-55599-0394.fits
4050/spec-4050-55599-0395.fits
4050/spec-4050-55599-0396.fits
4050/spec-4050-55599-0397.fits
4050/spec-4050-55599-0398.fits
4050/spec-4050-55599-0399.fits
4050/spec-4050-55599-0400.fits
4050/spec-4050-55599-0401.fits
4050/spec-4050-55599-0402.fits
4050/spec-4050-55599-0403.fits
4050/spec-4050-55599-0404.fits
4050/spec-4050-55599-0405.fits
4050/spec-4050-55599-0406.fits
4050/spec-4050-55599-0407.fits
4050/spec-4050-55599-0408.fits
4050/spec-4050-55599-0409.fits
4050/spec-4050-55599-0410.fits
4050/spec-4050-55599-0411.fits
4050/spec-4050-55599-0412.fits
4050/spec-4050-55599-0413.fits
4050/spec-4050-55599-0414.fits
4050/spec-4050-55599-0415.fits
4050/spec-4050-55599-0416.fits
4050/spec-4050-55599-0417.fits
4050/spec-4050-55599-0418.fits
4050/spec-4050-55599-0419.fits
4050/spec-4050-55599-0420.fits
4050/spec-4050-55599-0421.fits
4050/spec-4050-55599-0422.fits
4050/spec-4050-55599-0423.fits
4050/spec-4050-55599-0424.fits
4050/spec-4050-55599-0425.fits
4050/spec-4050-55599-0426.fits
4050/spec-4050-55599-0427.fits
4050/spec-4050-55599-0428.fits
4050/spec-4050-55599-0429.fits
4050/spec-4050-55599-0430.fits
4050/spec-4050-55599-0431.fits
4050/spec-4050-55599-0432.fits
4050/spec-4050-55599-0433.fits
4050/spec-4050-55599-0434.fits
4050/spec-4050-55599-0435.fits
4050/spec-4050-55599-0436.fits
4050/spec-4050-55599-0437.fits
4050/spec-4050-55599-0438.fits
4050/spec-4050-55599-0439.fits
4050/spec-4050-55599-0440.fits
4050/spec-4050-55599-0441.fits
4050/spec-4050-55599-0442.fits
4050/spec-4050-55599-0443.fits
4050/spec-4050-55599-0444.fits
4050/spec-4050-55599-0445.fits
4050/spec-4050-55599-0446.fits
4050/spec-4050-55599-0447.fits
4050/spec-4050-55599-0448.fits
4050/spec-4050-55599-0449.fits
4050/spec-4050-55599-0450.fits
4050/spec-4050-55599-0451.fits
4050/spec-4050-55599-0452.fits
4050/spec-4050-55599-0453.fits
4050/spec-4050-55599-0454.fits
4050/spec-4050-55599-0455.fits
4050/spec-4050-55599-0456.fits
4050/spec-4050-55599-0457.fits
4050/spec-4050-55599-0458.fits
4050/spec-4050-55599-0459.fits
4050/spec-4050-55599-0460.fits
4050/spec-4050-55599-0461.fits
4050/spec-4050-55599-0462.fits
4050/spec-4050-55599-0463.fits
4050/spec-4050-55599-0464.fits
4050/spec-4050-55599-0465.fits
4050/spec-4050-55599-0466.fits
4050/spec-4050-55599-0467.fits
4050/spec-4050-55599-0468.fits
4050/spec-4050-55599-0469.fits
4050/spec-4050-55599-0470.fits
4050/spec-4050-55599-0471.fits
4050/spec-4050-55599-0472.fits
4050/spec-4050-55599-0473.fits
4050/spec-4050-55599-0474.fits
4050/spec-4050-55599-0475.fits
4050/spec-4050-55599-0476.fits
4050/spec-4050-55599-0477.fits
4050/spec-4050-55599-0478.fits
4050/spec-4050-55599-0479.fits
4050/spec-4050-55599-0480.fits
4050/spec-4050-55599-0481.fits
4050/spec-4050-55599-0482.fits
4050/spec-4050-55599-0483.fits
4050/spec-4050-55599-0484.fits
4050/spec-4050-55599-0485.fits
4050/spec-4050-55599-0486.fits
4050/spec-4050-55599-0487.fits
4050/spec-4050-55599-0488.fits
4050/spec-4050-55599-0489.fits
4050/spec-4050-55599-0490.fits
4050/spec-4050-55599-0491.fits
4050/spec-4050-55599-0492.fits
4050/spec-4050-55599-0493.fits
4050/spec-4050-55599-0494.fits
4050/spec-4050-55599-0495.fits
4050/spec-4050-55599-0496.fits
4050/spec-4050-55599-0497.fits
4050/spec-4050-55599-0498.fits
4050/spec-4050-55599-0499.fits
4050/spec-4050-55599-0500.fits
4050/spec-4050-55599-0501.fits
4050/spec-4050-55599-0502.fits
4050/spec-4050-55599-0503.fits
4050/spec-4050-55599-0504.fits
4050/spec-4050-55599-0505.fits
4050/spec-4050-55599-0506.fits
4050/spec-4050-55599-0507.fits
4050/spec-4050-55599-0508.fits
4050/spec-4050-55599-0509.fits
4050/spec-4050-55599-0510.fits
4050/spec-4050-55599-0511.fits
4050/spec-4050-55599-0512.fits
4050/spec-4050-55599-0513.fits
4050/spec-4050-55599-0514.fits
4050/spec-4050-55599-0515.fits
4050/spec-4050-55599-0516.fits
4050/spec-4050-55599-0517.fits
4050/spec-4050-55599-0518.fits
4050/spec-4050-55599-0519.fits
4050/spec-4050-55599-0520.fits
4050/spec-4050-55599-0521.fits
4050/spec-4050-55599-0522.fits
4050/spec-4050-55599-0523.fits
4050/spec-4050-55599-0524.fits
4050/spec-4050-55599-0525.fits
4050/spec-4050-55599-0526.fits
4050/spec-4050-55599-0527.fits
4050/spec-4050-55599-0528.fits
4050/spec-4050-55599-0529.fits
4050/spec-4050-55599-0530.fits
4050/spec-4050-55599-0531.fits
4050/spec-4050-55599-0532.fits
4050/spec-4050-55599-0533.fits
4050/spec-4050-55599-0534.fits
4050/spec-4050-55599-0535.fits
4050/spec-4050-55599-0536.fits
4050/spec-4050-55599-0537.fits
4050/spec-4050-55599-0538.fits
4050/spec-4050-55599-0539.fits
4050/spec-4050-55599-0540.fits
4050/spec-4050-55599-0541.fits
4050/spec-4050-55599-0542.fits
4050/spec-4050-55599-0543.fits
4050/spec-4050-55599-0544.fits
4050/spec-4050-55599-0545.fits
4050/spec-4050-55599-0546.fits
4050/spec-4050-55599-0547.fits
4050/spec-4050-55599-0548.fits
4050/spec-4050-55599-0549.fits
4050/spec-4050-55599-0550.fits
4050/spec-4050-55599-0551.fits
4050/spec-4050-55599-0552.fits
4050/spec-4050-55599-0553.fits
4050/spec-4050-55599-0554.fits
4050/spec-4050-55599-0555.fits
4050/spec-4050-55599-0556.fits
4050/spec-4050-55599-0557.fits
4050/spec-4050-55599-0558.fits
4050/spec-4050-55599-0559.fits
4050/spec-4050-55599-0560.fits
4050/spec-4050-55599-0561.fits
4050/spec-4050-55599-0562.fits
4050/spec-4050-55599-0563.fits
4050/spec-4050-55599-0564.fits
4050/spec-4050-55599-0565.fits
4050/spec-4050-55599-0566.fits
4050/spec-4050-55599-0567.fits
4050/spec-4050-55599-0568.fits
4050/spec-4050-55599-0569.fits
4050/spec-4050-55599-0570.fits
4050/spec-4050-55599-0571.fits
4050/spec-4050-55599-0572.fits
4050/spec-4050-55599-0573.fits
4050/spec-4050-55599-0574.fits
4050/spec-4050-55599-0575.fits
4050/spec-4050-55599-0576.fits
4050/spec-4050-55599-0577.fits
4050/spec-4050-55599-0578.fits
4050/spec-4050-55599-0579.fits
4050/spec-4050-55599-0580.fits
4050/spec-4050-55599-0581.fits
4050/spec-4050-55599-0582.fits
4050/spec-4050-55599-0583.fits
4050/spec-4050-55599-0584.fits
4050/spec-4050-55599-0585.fits
4050/spec-4050-55599-0586.fits
4050/spec-4050-55599-0587.fits
4050/spec-4050-55599-0588.fits
4050/spec-4050-55599-0589.fits
4050/spec-4050-55599-0590.fits
4050/spec-4050-55599-0591.fits
4050/spec-4050-55599-0592.fits
4050/spec-4050-55599-0593.fits
4050/spec-4050-55599-0594.fits
4050/spec-4050-55599-0595.fits
4050/spec-4050-55599-0596.fits
4050/spec-4050-55599-0597.fits
4050/spec-4050-55599-0598.fits
4050/spec-4050-55599-0599.fits
4050/spec-4050-55599-0600.fits
4050/spec-4050-55599-0601.fits
4050/spec-4050-55599-0602.fits
4050/spec-4050-55599-0603.fits
4050/spec-4050-55599-0604.fits
4050/spec-4050-55599-0605.fits
4050/spec-4050-55599-0606.fits
4050/spec-4050-55599-0607.fits
4050/spec-4050-55599-0608.fits
4050/spec-4050-55599-0609.fits
4050/spec-4050-55599-0610.fits
4050/spec-4050-55599-0611.fits
4050/spec-4050-55599-0612.fits
4050/spec-4050-55599-0613.fits
4050/spec-4050-55599-0614.fits
4050/spec-4050-55599-0615.fits
4050/spec-4050-55599-0616.fits
4050/spec-4050-55599-0617.fits
4050/spec-4050-55599-0618.fits
4050/spec-4050-55599-0619.fits
4050/spec-4050-55599-0620.fits
4050/spec-4050-55599-0621.fits
4050/spec-4050-55599-0622.fits
4050/spec-4050-55599-0623.fits
4050/spec-4050-55599-0624.fits
4050/spec-4050-55599-0625.fits
4050/spec-4050-55599-0626.fits
4050/spec-4050-55599-0627.fits
4050/spec-4050-55599-0628.fits
4050/spec-4050-55599-0629.fits
4050/spec-4050-55599-0630.fits
4050/spec-4050-55599-0631.fits
4050/spec-4050-55599-0632.fits
4050/spec-4050-55599-0633.fits
4050/spec-4050-55599-0634.fits
4050/spec-4050-55599-0635.fits
4050/spec-4050-55599-0636.fits
4050/spec-4050-55599-0637.fits
4050/spec-4050-55599-0638.fits
4050/spec-4050-55599-0639.fits
4050/spec-4050-55599-0640.fits
4050/spec-4050-55599-0641.fits
4050/spec-4050-55599-0642.fits
4050/spec-4050-55599-0643.fits
4050/spec-4050-55599-0644.fits
4050/spec-4050-55599-0645.fits
4050/spec-4050-55599-0646.fits
4050/spec-4050-55599-0647.fits
4050/spec-4050-55599-0648.fits
4050/spec-4050-55599-0649.fits
4050/spec-4050-55599-0650.fits
4050/spec-4050-55599-0651.fits
4050/spec-4050-55599-0652.fits
4050/spec-4050-55599-0653.fits
4050/spec-4050-55599-0654.fits
4050/spec-4050-55599-0655.fits
4050/spec-4050-55599-0656.fits
4050/spec-4050-55599-0657.fits
4050/spec-4050-55599-0658.fits
4050/spec-4050-55599-0659.fits
4050/spec-4050-55599-0660.fits
4050/spec-4050-55599-0661.fits
4050/spec-4050-55599-0662.fits
4050/spec-4050-55599-0663.fits
4050/spec-4050-55599-0664.fits
4050/spec-4050-55599-0665.fits
4050/spec-4050-55599-0666.fits
4050/spec-4050-55599-0667.fits
4050/spec-4050-55599-0668.fits
4050/spec-4050-55599-0669.fits
4050/spec-4050-55599-0670.fits
4050/spec-4050-55599-0671.fits
4050/spec-4050-55599-0672.fits
4050/spec-4050-55599-0673.fits
4050/spec-4050-55599-0674.fits
4050/spec-4050-55599-0675.fits
4050/spec-4050-55599-0676.fits
4050/spec-4050-55599-0677.fits
4050/spec-4050-55599-0678.fits
4050/spec-4050-55599-0679.fits
4050/spec-4050-55599-0680.fits
4050/spec-4050-55599-0681.fits
4050/spec-4050-55599-0682.fits
4050/spec-4050-55599-0683.fits
4050/spec-4050-55599-0684.fits
4050/spec-4050-55599-0685.fits
4050/spec-4050-55599-0686.fits
4050/spec-4050-55599-0687.fits
4050/spec-4050-55599-0688.fits
4050/spec-4050-55599-0689.fits
4050/spec-4050-55599-0690.fits
4050/spec-4050-55599-0691.fits
4050/spec-4050-55599-0692.fits
4050/spec-4050-55599-0693.fits
4050/spec-4050-55599-0694.fits
4050/spec-4050-55599-0695.fits
4050/spec-4050-55599-0696.fits
4050/spec-4050-55599-0697.fits
4050/spec-4050-55599-0698.fits
4050/spec-4050-55599-0699.fits
4050/spec-4050-55599-0700.fits
4050/spec-4050-55599-0701.fits
4050/spec-4050-55599-0702.fits
4050/spec-4050-55599-0703.fits
4050/spec-4050-55599-0704.fits
4050/spec-4050-55599-0705.fits
4050/spec-4050-55599-0706.fits
4050/spec-4050-55599-0707.fits
4050/spec-4050-55599-0708.fits
4050/spec-4050-55599-0709.fits
4050/spec-4050-55599-0710.fits
4050/spec-4050-55599-0711.fits
4050/spec-4050-55599-0712.fits
4050/spec-4050-55599-0713.fits
4050/spec-4050-55599-0714.fits
4050/spec-4050-55599-0715.fits
4050/spec-4050-55599-0716.fits
4050/spec-4050-55599-0717.fits
4050/spec-4050-55599-0718.fits
4050/spec-4050-55599-0719.fits
4050/spec-4050-55599-0720.fits
4050/spec-4050-55599-0721.fits
4050/spec-4050-55599-0722.fits
4050/spec-4050-55599-0723.fits
4050/spec-4050-55599-0724.fits
4050/spec-4050-55599-0725.fits
4050/spec-4050-55599-0726.fits
4050/spec-4050-55599-0727.fits
4050/spec-4050-55599-0728.fits
4050/spec-4050-55599-0729.fits
4050/spec-4050-55599-0730.fits
4050/spec-4050-55599-0731.fits
4050/spec-4050-55599-0732.fits
4050/spec-4050-55599-0733.fits
4050/spec-4050-55599-0734.fits
4050/spec-4050-55599-0735.fits
4050/spec-4050-55599-0736.fits
4050/spec-4050-55599-0737.fits
4050/spec-4050-55599-0738.fits
4050/spec-4050-55599-0739.fits
4050/spec-4050-55599-0740.fits
4050/spec-4050-55599-0741.fits
4050/spec-4050-55599-0742.fits
4050/spec-4050-55599-0743.fits
4050/spec-4050-55599-0744.fits
4050/spec-4050-55599-0745.fits
4050/spec-4050-55599-0746.fits
4050/spec-4050-55599-0747.fits
4050/spec-4050-55599-0748.fits
4050/spec-4050-55599-0749.fits
4050/spec-4050-55599-0750.fits
4050/spec-4050-55599-0751.fits
4050/spec-4050-55599-0752.fits
4050/spec-4050-55599-0753.fits
4050/spec-4050-55599-0754.fits
4050/spec-4050-55599-0755.fits
4050/spec-4050-55599-0756.fits
4050/spec-4050-55599-0757.fits
4050/spec-4050-55599-0758.fits
4050/spec-4050-55599-0759.fits
4050/spec-4050-55599-0760.fits
4050/spec-4050-55599-0761.fits
4050/spec-4050-55599-0762.fits
4050/spec-4050-55599-0763.fits
4050/spec-4050-55599-0764.fits
4050/spec-4050-55599-0765.fits
4050/spec-4050-55599-0766.fits
4050/spec-4050-55599-0767.fits
4050/spec-4050-55599-0768.fits
4050/spec-4050-55599-0769.fits
4050/spec-4050-55599-0770.fits
4050/spec-4050-55599-0771.fits
4050/spec-4050-55599-0772.fits
4050/spec-4050-55599-0773.fits
4050/spec-4050-55599-0774.fits
4050/spec-4050-55599-0775.fits
4050/spec-4050-55599-0776.fits
4050/spec-4050-55599-0777.fits
4050/spec-4050-55599-0778.fits
4050/spec-4050-55599-0779.fits
4050/spec-4050-55599-0780.fits
4050/spec-4050-55599-0781.fits
4050/spec-4050-55599-0782.fits
4050/spec-4050-55599-0783.fits
4050/spec-4050-55599-0784.fits
4050/spec-4050-55599-0785.fits
4050/spec-4050-55599-0786.fits
4050/spec-4050-55599-0787.fits
4050/spec-4050-55599-0788.fits
4050/spec-4050-55599-0789.fits
4050/spec-4050-55599-0790.fits
4050/spec-4050-55599-0791.fits
4050/spec-4050-55599-0792.fits
4050/spec-4050-55599-0793.fits
4050/spec-4050-55599-0794.fits
4050/spec-4050-55599-0795.fits
4050/spec-4050-55599-0796.fits
4050/spec-4050-55599-0797.fits
4050/spec-4050-55599-0798.fits
4050/spec-4050-55599-0799.fits
4050/spec-4050-55599-0800.fits
4050/spec-4050-55599-0801.fits
4050/spec-4050-55599-0802.fits
4050/spec-4050-55599-0803.fits
4050/spec-4050-55599-0804.fits
4050/spec-4050-55599-0805.fits
4050/spec-4050-55599-0806.fits
4050/spec-4050-55599-0807.fits
4050/spec-4050-55599-0808.fits
4050/spec-4050-55599-0809.fits
4050/spec-4050-55599-0810.fits
4050/spec-4050-55599-0811.fits
4050/spec-4050-55599-0812.fits
4050/spec-4050-55599-0813.fits
4050/spec-4050-55599-0814.fits
4050/spec-4050-55599-0815.fits
4050/spec-4050-55599-0816.fits
4050/spec-4050-55599-0817.fits
4050/spec-4050-55599-0818.fits
4050/spec-4050-55599-0819.fits
4050/spec-4050-55599-0820.fits
4050/spec-4050-55599-0821.fits
4050/spec-4050-55599-0822.fits
4050/spec-4050-55599-0823.fits
4050/spec-4050-55599-0824.fits
4050/spec-4050-55599-0825.fits
4050/spec-4050-55599-0826.fits
4050/spec-4050-55599-0827.fits
4050/spec-4050-55599-0828.fits
4050/spec-4050-55599-0829.fits
4050/spec-4050-55599-0830.fits
4050/spec-4050-55599-0831.fits
4050/spec-4050-55599-0832.fits
4050/spec-4050-55599-0833.fits
4050/spec-4050-55599-0834.fits
4050/spec-4050-55599-0835.fits
4050/spec-4050-55599-0836.fits
4050/spec-4050-55599-0837.fits
4050/spec-4050-55599-0838.fits
4050/spec-4050-55599-0839.fits
4050/spec-4050-55599-0840.fits
4050/spec-4050-55599-0841.fits
4050/spec-4050-55599-0842.fits
4050/spec-4050-55599-0843.fits
4050/spec-4050-55599-0844.fits
4050/spec-4050-55599-0845.fits
4050/spec-4050-55599-0846.fits
4050/spec-4050-55599-0847.fits
4050/spec-4050-55599-0848.fits
4050/spec-4050-55599-0849.fits
4050/spec-4050-55599-0850.fits
4050/spec-4050-55599-0851.fits
4050/spec-4050-55599-0852.fits
4050/spec-4050-55599-0853.fits
4050/spec-4050-55599-0854.fits
4050/spec-4050-55599-0855.fits
4050/spec-4050-55599-0856.fits
4050/spec-4050-55599-0857.fits
4050/spec-4050-55599-0858.fits
4050/spec-4050-55599-0859.fits
4050/spec-4050-55599-0860.fits
4050/spec-4050-55599-0861.fits
4050/spec-4050-55599-0862.fits
4050/spec-4050-55599-0863.fits
4050/spec-4050-55599-0864.fits
4050/spec-4050-55599-0865.fits
4050/spec-4050-55599-0866.fits
4050/spec-4050-55599-0867.fits
4050/spec-4050-55599-0868.fits
4050/spec-4050-55599-0869.fits
4050/spec-4050-55599-0870.fits
4050/spec-4050-55599-0871.fits
4050/spec-4050-55599-0872.fits
4050/spec-4050-55599-0873.fits
4050/spec-4050-55599-0874.fits
4050/spec-4050-55599-0875.fits
4050/spec-4050-55599-0876.fits
4050/spec-4050-55599-0877.fits
4050/spec-4050-55599-0878.fits
4050/spec-4050-55599-0879.fits
4050/spec-4050-55599-0880.fits
4050/spec-4050-55599-0881.fits
4050/spec-4050-55599-0882.fits
4050/spec-4050-55599-0883.fits
4050/spec-4050-55599-0884.fits
4050/spec-4050-55599-0885.fits
4050/spec-4050-55599-0886.fits
4050/spec-4050-55599-0887.fits
4050/spec-4050-55599-0888.fits
4050/spec-4050-55599-0889.fits
4050/spec-4050-55599-0890.fits
4050/spec-4050-55599-0891.fits
4050/spec-4050-55599-0892.fits
4050/spec-4050-55599-0893.fits
4050/spec-4050-55599-0894.fits
4050/spec-4050-55599-0895.fits
4050/spec-4050-55599-0896.fits
4050/spec-4050-55599-0897.fits
4050/spec-4050-55599-0898.fits
4050/spec-4050-55599-0899.fits
4050/spec-4050-55599-0900.fits
4050/spec-4050-55599-0901.fits
4050/spec-4050-55599-0902.fits
4050/spec-4050-55599-0903.fits
4050/spec-4050-55599-0904.fits
4050/spec-4050-55599-0905.fits
4050/spec-4050-55599-0906.fits
4050/spec-4050-55599-0907.fits
4050/spec-4050-55599-0908.fits
4050/spec-4050-55599-0909.fits
4050/spec-4050-55599-0910.fits
4050/spec-4050-55599-0911.fits
4050/spec-4050-55599-0912.fits
4050/spec-4050-55599-0913.fits
4050/spec-4050-55599-0914.fits
4050/spec-4050-55599-0915.fits
4050/spec-4050-55599-0916.fits
4050/spec-4050-55599-0917.fits
4050/spec-4050-55599-0918.fits
4050/spec-4050-55599-0919.fits
4050/spec-4050-55599-0920.fits
4050/spec-4050-55599-0921.fits
4050/spec-4050-55599-0922.fits
4050/spec-4050-55599-0923.fits
4050/spec-4050-55599-0924.fits
4050/spec-4050-55599-0925.fits
4050/spec-4050-55599-0926.fits
4050/spec-4050-55599-0927.fits
4050/spec-4050-55599-0928.fits
4050/spec-4050-55599-0929.fits
4050/spec-4050-55599-0930.fits
4050/spec-4050-55599-0931.fits
4050/spec-4050-55599-0932.fits
4050/spec-4050-55599-0933.fits
4050/spec-4050-55599-0934.fits
4050/spec-4050-55599-0935.fits
4050/spec-4050-55599-0936.fits
4050/spec-4050-55599-0937.fits
4050/spec-4050-55599-0938.fits
4050/spec-4050-55599-0939.fits
4050/spec-4050-55599-0940.fits
4050/spec-4050-55599-0941.fits
4050/spec-4050-55599-0942.fits
4050/spec-4050-55599-0943.fits
4050/spec-4050-55599-0944.fits
4050/spec-4050-55599-0945.fits
4050/spec-4050-55599-0946.fits
4050/spec-4050-55599-0947.fits
4050/spec-4050-55599-0948.fits
4050/spec-4050-55599-0949.fits
4050/spec-4050-55599-0950.fits
4050/spec-4050-55599-0951.fits
4050/spec-4050-55599-0952.fits
4050/spec-4050-55599-0953.fits
4050/spec-4050-55599-0954.fits
4050/spec-4050-55599-0955.fits
4050/spec-4050-55599-0956.fits
4050/spec-4050-55599-0957.fits
4050/spec-4050-55599-0958.fits
4050/spec-4050-55599-0959.fits
4050/spec-4050-55599-0960.fits
4050/spec-4050-55599-0961.fits
4050/spec-4050-55599-0962.fits
4050/spec-4050-55599-0963.fits
4050/spec-4050-55599-0964.fits
4050/spec-4050-55599-0965.fits
4050/spec-4050-55599-0966.fits
4050/spec-4050-55599-0967.fits
4050/spec-4050-55599-0968.fits
4050/spec-4050-55599-0969.fits
4050/spec-4050-55599-0970.fits
4050/spec-4050-55599-0971.fits
4050/spec-4050-55599-0972.fits
4050/spec-4050-55599-0973.fits
4050/spec-4050-55599-0974.fits
4050/spec-4050-55599-0975.fits
4050/spec-4050-55599-0976.fits
4050/spec-4050-55599-0977.fits
4050/spec-4050-55599-0978.fits
4050/spec-4050-55599-0979.fits
4050/spec-4050-55599-0980.fits
4050/spec-4050-55599-0981.fits
4050/spec-4050-55599-0982.fits
4050/spec-4050-55599-0983.fits
4050/spec-4050-55599-0984.fits
4050/spec-4050-55599-0985.fits
4050/spec-4050-55599-0986.fits
4050/spec-4050-55599-0987.fits
4050/spec-4050-55599-0988.fits
4050/spec-4050-55599-0989.fits
4050/spec-4050-55599-0990.fits
4050/spec-4050-55599-0991.fits
4050/spec-4050-55599-0992.fits
4050/spec-4050-55599-0993.fits
4050/spec-4050-55599-0994.fits
4050/spec-4050-55599-0995.fits
4050/spec-4050-55599-0996.fits
4050/spec-4050-55599-0997.fits
4050/spec-4050-55599-0998.fits
4050/spec-4050-55599-0999.fits
4050/spec-4050-55599-1000.fits
/var/lib/condor/execute/slot1/dir_39660
4050 4050.tgz R R361.tar.gz _condor_stderr _condor_stdout cB58_Lyman_break.fit condor_exec.exe hw4.R packages packages.tar.gz tmp var
[1] "Loaded package astro."
[1] 1000
4050 4050.csv 4050.tgz R R361.tar.gz _condor_stderr _condor_stdout cB58_Lyman_break.fit condor_exec.exe hw4.R packages packages.tar.gz tmp var
