4061
4061/
4061/spec-4061-55362-0001.fits
4061/spec-4061-55362-0002.fits
4061/spec-4061-55362-0003.fits
4061/spec-4061-55362-0004.fits
4061/spec-4061-55362-0005.fits
4061/spec-4061-55362-0006.fits
4061/spec-4061-55362-0007.fits
4061/spec-4061-55362-0008.fits
4061/spec-4061-55362-0009.fits
4061/spec-4061-55362-0010.fits
4061/spec-4061-55362-0011.fits
4061/spec-4061-55362-0012.fits
4061/spec-4061-55362-0013.fits
4061/spec-4061-55362-0014.fits
4061/spec-4061-55362-0015.fits
4061/spec-4061-55362-0016.fits
4061/spec-4061-55362-0017.fits
4061/spec-4061-55362-0018.fits
4061/spec-4061-55362-0019.fits
4061/spec-4061-55362-0020.fits
4061/spec-4061-55362-0021.fits
4061/spec-4061-55362-0022.fits
4061/spec-4061-55362-0023.fits
4061/spec-4061-55362-0024.fits
4061/spec-4061-55362-0025.fits
4061/spec-4061-55362-0026.fits
4061/spec-4061-55362-0027.fits
4061/spec-4061-55362-0028.fits
4061/spec-4061-55362-0029.fits
4061/spec-4061-55362-0030.fits
4061/spec-4061-55362-0031.fits
4061/spec-4061-55362-0032.fits
4061/spec-4061-55362-0033.fits
4061/spec-4061-55362-0034.fits
4061/spec-4061-55362-0035.fits
4061/spec-4061-55362-0036.fits
4061/spec-4061-55362-0037.fits
4061/spec-4061-55362-0038.fits
4061/spec-4061-55362-0039.fits
4061/spec-4061-55362-0040.fits
4061/spec-4061-55362-0041.fits
4061/spec-4061-55362-0042.fits
4061/spec-4061-55362-0043.fits
4061/spec-4061-55362-0044.fits
4061/spec-4061-55362-0045.fits
4061/spec-4061-55362-0046.fits
4061/spec-4061-55362-0047.fits
4061/spec-4061-55362-0048.fits
4061/spec-4061-55362-0049.fits
4061/spec-4061-55362-0050.fits
4061/spec-4061-55362-0051.fits
4061/spec-4061-55362-0052.fits
4061/spec-4061-55362-0053.fits
4061/spec-4061-55362-0054.fits
4061/spec-4061-55362-0055.fits
4061/spec-4061-55362-0056.fits
4061/spec-4061-55362-0057.fits
4061/spec-4061-55362-0058.fits
4061/spec-4061-55362-0059.fits
4061/spec-4061-55362-0060.fits
4061/spec-4061-55362-0061.fits
4061/spec-4061-55362-0062.fits
4061/spec-4061-55362-0063.fits
4061/spec-4061-55362-0064.fits
4061/spec-4061-55362-0065.fits
4061/spec-4061-55362-0066.fits
4061/spec-4061-55362-0067.fits
4061/spec-4061-55362-0068.fits
4061/spec-4061-55362-0069.fits
4061/spec-4061-55362-0070.fits
4061/spec-4061-55362-0071.fits
4061/spec-4061-55362-0072.fits
4061/spec-4061-55362-0073.fits
4061/spec-4061-55362-0074.fits
4061/spec-4061-55362-0075.fits
4061/spec-4061-55362-0076.fits
4061/spec-4061-55362-0077.fits
4061/spec-4061-55362-0078.fits
4061/spec-4061-55362-0079.fits
4061/spec-4061-55362-0080.fits
4061/spec-4061-55362-0081.fits
4061/spec-4061-55362-0082.fits
4061/spec-4061-55362-0083.fits
4061/spec-4061-55362-0084.fits
4061/spec-4061-55362-0085.fits
4061/spec-4061-55362-0086.fits
4061/spec-4061-55362-0087.fits
4061/spec-4061-55362-0088.fits
4061/spec-4061-55362-0089.fits
4061/spec-4061-55362-0090.fits
4061/spec-4061-55362-0091.fits
4061/spec-4061-55362-0092.fits
4061/spec-4061-55362-0093.fits
4061/spec-4061-55362-0094.fits
4061/spec-4061-55362-0095.fits
4061/spec-4061-55362-0096.fits
4061/spec-4061-55362-0097.fits
4061/spec-4061-55362-0098.fits
4061/spec-4061-55362-0099.fits
4061/spec-4061-55362-0100.fits
4061/spec-4061-55362-0101.fits
4061/spec-4061-55362-0102.fits
4061/spec-4061-55362-0103.fits
4061/spec-4061-55362-0104.fits
4061/spec-4061-55362-0105.fits
4061/spec-4061-55362-0106.fits
4061/spec-4061-55362-0107.fits
4061/spec-4061-55362-0108.fits
4061/spec-4061-55362-0109.fits
4061/spec-4061-55362-0110.fits
4061/spec-4061-55362-0111.fits
4061/spec-4061-55362-0112.fits
4061/spec-4061-55362-0113.fits
4061/spec-4061-55362-0114.fits
4061/spec-4061-55362-0115.fits
4061/spec-4061-55362-0116.fits
4061/spec-4061-55362-0117.fits
4061/spec-4061-55362-0118.fits
4061/spec-4061-55362-0119.fits
4061/spec-4061-55362-0120.fits
4061/spec-4061-55362-0121.fits
4061/spec-4061-55362-0122.fits
4061/spec-4061-55362-0123.fits
4061/spec-4061-55362-0124.fits
4061/spec-4061-55362-0125.fits
4061/spec-4061-55362-0126.fits
4061/spec-4061-55362-0127.fits
4061/spec-4061-55362-0128.fits
4061/spec-4061-55362-0129.fits
4061/spec-4061-55362-0130.fits
4061/spec-4061-55362-0131.fits
4061/spec-4061-55362-0132.fits
4061/spec-4061-55362-0133.fits
4061/spec-4061-55362-0134.fits
4061/spec-4061-55362-0135.fits
4061/spec-4061-55362-0136.fits
4061/spec-4061-55362-0137.fits
4061/spec-4061-55362-0138.fits
4061/spec-4061-55362-0139.fits
4061/spec-4061-55362-0140.fits
4061/spec-4061-55362-0141.fits
4061/spec-4061-55362-0142.fits
4061/spec-4061-55362-0143.fits
4061/spec-4061-55362-0144.fits
4061/spec-4061-55362-0145.fits
4061/spec-4061-55362-0146.fits
4061/spec-4061-55362-0147.fits
4061/spec-4061-55362-0148.fits
4061/spec-4061-55362-0149.fits
4061/spec-4061-55362-0150.fits
4061/spec-4061-55362-0151.fits
4061/spec-4061-55362-0152.fits
4061/spec-4061-55362-0153.fits
4061/spec-4061-55362-0154.fits
4061/spec-4061-55362-0155.fits
4061/spec-4061-55362-0156.fits
4061/spec-4061-55362-0157.fits
4061/spec-4061-55362-0158.fits
4061/spec-4061-55362-0159.fits
4061/spec-4061-55362-0160.fits
4061/spec-4061-55362-0161.fits
4061/spec-4061-55362-0162.fits
4061/spec-4061-55362-0163.fits
4061/spec-4061-55362-0164.fits
4061/spec-4061-55362-0165.fits
4061/spec-4061-55362-0166.fits
4061/spec-4061-55362-0167.fits
4061/spec-4061-55362-0168.fits
4061/spec-4061-55362-0169.fits
4061/spec-4061-55362-0170.fits
4061/spec-4061-55362-0171.fits
4061/spec-4061-55362-0172.fits
4061/spec-4061-55362-0173.fits
4061/spec-4061-55362-0174.fits
4061/spec-4061-55362-0175.fits
4061/spec-4061-55362-0176.fits
4061/spec-4061-55362-0177.fits
4061/spec-4061-55362-0178.fits
4061/spec-4061-55362-0179.fits
4061/spec-4061-55362-0180.fits
4061/spec-4061-55362-0181.fits
4061/spec-4061-55362-0182.fits
4061/spec-4061-55362-0183.fits
4061/spec-4061-55362-0184.fits
4061/spec-4061-55362-0185.fits
4061/spec-4061-55362-0186.fits
4061/spec-4061-55362-0187.fits
4061/spec-4061-55362-0188.fits
4061/spec-4061-55362-0189.fits
4061/spec-4061-55362-0190.fits
4061/spec-4061-55362-0191.fits
4061/spec-4061-55362-0192.fits
4061/spec-4061-55362-0193.fits
4061/spec-4061-55362-0194.fits
4061/spec-4061-55362-0195.fits
4061/spec-4061-55362-0196.fits
4061/spec-4061-55362-0197.fits
4061/spec-4061-55362-0198.fits
4061/spec-4061-55362-0199.fits
4061/spec-4061-55362-0200.fits
4061/spec-4061-55362-0201.fits
4061/spec-4061-55362-0202.fits
4061/spec-4061-55362-0203.fits
4061/spec-4061-55362-0204.fits
4061/spec-4061-55362-0205.fits
4061/spec-4061-55362-0206.fits
4061/spec-4061-55362-0207.fits
4061/spec-4061-55362-0208.fits
4061/spec-4061-55362-0209.fits
4061/spec-4061-55362-0210.fits
4061/spec-4061-55362-0211.fits
4061/spec-4061-55362-0212.fits
4061/spec-4061-55362-0213.fits
4061/spec-4061-55362-0214.fits
4061/spec-4061-55362-0215.fits
4061/spec-4061-55362-0216.fits
4061/spec-4061-55362-0217.fits
4061/spec-4061-55362-0218.fits
4061/spec-4061-55362-0219.fits
4061/spec-4061-55362-0220.fits
4061/spec-4061-55362-0221.fits
4061/spec-4061-55362-0222.fits
4061/spec-4061-55362-0223.fits
4061/spec-4061-55362-0224.fits
4061/spec-4061-55362-0225.fits
4061/spec-4061-55362-0226.fits
4061/spec-4061-55362-0227.fits
4061/spec-4061-55362-0228.fits
4061/spec-4061-55362-0229.fits
4061/spec-4061-55362-0230.fits
4061/spec-4061-55362-0231.fits
4061/spec-4061-55362-0232.fits
4061/spec-4061-55362-0233.fits
4061/spec-4061-55362-0234.fits
4061/spec-4061-55362-0235.fits
4061/spec-4061-55362-0236.fits
4061/spec-4061-55362-0237.fits
4061/spec-4061-55362-0238.fits
4061/spec-4061-55362-0239.fits
4061/spec-4061-55362-0240.fits
4061/spec-4061-55362-0241.fits
4061/spec-4061-55362-0242.fits
4061/spec-4061-55362-0243.fits
4061/spec-4061-55362-0244.fits
4061/spec-4061-55362-0245.fits
4061/spec-4061-55362-0246.fits
4061/spec-4061-55362-0247.fits
4061/spec-4061-55362-0248.fits
4061/spec-4061-55362-0249.fits
4061/spec-4061-55362-0250.fits
4061/spec-4061-55362-0251.fits
4061/spec-4061-55362-0252.fits
4061/spec-4061-55362-0253.fits
4061/spec-4061-55362-0254.fits
4061/spec-4061-55362-0255.fits
4061/spec-4061-55362-0256.fits
4061/spec-4061-55362-0257.fits
4061/spec-4061-55362-0258.fits
4061/spec-4061-55362-0259.fits
4061/spec-4061-55362-0260.fits
4061/spec-4061-55362-0261.fits
4061/spec-4061-55362-0262.fits
4061/spec-4061-55362-0263.fits
4061/spec-4061-55362-0264.fits
4061/spec-4061-55362-0265.fits
4061/spec-4061-55362-0266.fits
4061/spec-4061-55362-0267.fits
4061/spec-4061-55362-0268.fits
4061/spec-4061-55362-0269.fits
4061/spec-4061-55362-0270.fits
4061/spec-4061-55362-0271.fits
4061/spec-4061-55362-0272.fits
4061/spec-4061-55362-0273.fits
4061/spec-4061-55362-0274.fits
4061/spec-4061-55362-0275.fits
4061/spec-4061-55362-0276.fits
4061/spec-4061-55362-0277.fits
4061/spec-4061-55362-0278.fits
4061/spec-4061-55362-0279.fits
4061/spec-4061-55362-0280.fits
4061/spec-4061-55362-0281.fits
4061/spec-4061-55362-0282.fits
4061/spec-4061-55362-0283.fits
4061/spec-4061-55362-0284.fits
4061/spec-4061-55362-0285.fits
4061/spec-4061-55362-0286.fits
4061/spec-4061-55362-0287.fits
4061/spec-4061-55362-0288.fits
4061/spec-4061-55362-0289.fits
4061/spec-4061-55362-0290.fits
4061/spec-4061-55362-0291.fits
4061/spec-4061-55362-0292.fits
4061/spec-4061-55362-0293.fits
4061/spec-4061-55362-0294.fits
4061/spec-4061-55362-0295.fits
4061/spec-4061-55362-0296.fits
4061/spec-4061-55362-0297.fits
4061/spec-4061-55362-0298.fits
4061/spec-4061-55362-0299.fits
4061/spec-4061-55362-0300.fits
4061/spec-4061-55362-0301.fits
4061/spec-4061-55362-0302.fits
4061/spec-4061-55362-0303.fits
4061/spec-4061-55362-0304.fits
4061/spec-4061-55362-0305.fits
4061/spec-4061-55362-0306.fits
4061/spec-4061-55362-0307.fits
4061/spec-4061-55362-0308.fits
4061/spec-4061-55362-0309.fits
4061/spec-4061-55362-0310.fits
4061/spec-4061-55362-0311.fits
4061/spec-4061-55362-0312.fits
4061/spec-4061-55362-0313.fits
4061/spec-4061-55362-0314.fits
4061/spec-4061-55362-0315.fits
4061/spec-4061-55362-0316.fits
4061/spec-4061-55362-0317.fits
4061/spec-4061-55362-0318.fits
4061/spec-4061-55362-0319.fits
4061/spec-4061-55362-0320.fits
4061/spec-4061-55362-0321.fits
4061/spec-4061-55362-0322.fits
4061/spec-4061-55362-0323.fits
4061/spec-4061-55362-0324.fits
4061/spec-4061-55362-0325.fits
4061/spec-4061-55362-0326.fits
4061/spec-4061-55362-0327.fits
4061/spec-4061-55362-0328.fits
4061/spec-4061-55362-0329.fits
4061/spec-4061-55362-0330.fits
4061/spec-4061-55362-0331.fits
4061/spec-4061-55362-0332.fits
4061/spec-4061-55362-0333.fits
4061/spec-4061-55362-0334.fits
4061/spec-4061-55362-0335.fits
4061/spec-4061-55362-0336.fits
4061/spec-4061-55362-0337.fits
4061/spec-4061-55362-0338.fits
4061/spec-4061-55362-0339.fits
4061/spec-4061-55362-0340.fits
4061/spec-4061-55362-0341.fits
4061/spec-4061-55362-0342.fits
4061/spec-4061-55362-0343.fits
4061/spec-4061-55362-0344.fits
4061/spec-4061-55362-0345.fits
4061/spec-4061-55362-0346.fits
4061/spec-4061-55362-0347.fits
4061/spec-4061-55362-0348.fits
4061/spec-4061-55362-0349.fits
4061/spec-4061-55362-0350.fits
4061/spec-4061-55362-0351.fits
4061/spec-4061-55362-0352.fits
4061/spec-4061-55362-0353.fits
4061/spec-4061-55362-0354.fits
4061/spec-4061-55362-0355.fits
4061/spec-4061-55362-0356.fits
4061/spec-4061-55362-0357.fits
4061/spec-4061-55362-0358.fits
4061/spec-4061-55362-0359.fits
4061/spec-4061-55362-0360.fits
4061/spec-4061-55362-0361.fits
4061/spec-4061-55362-0362.fits
4061/spec-4061-55362-0363.fits
4061/spec-4061-55362-0364.fits
4061/spec-4061-55362-0365.fits
4061/spec-4061-55362-0366.fits
4061/spec-4061-55362-0367.fits
4061/spec-4061-55362-0368.fits
4061/spec-4061-55362-0369.fits
4061/spec-4061-55362-0370.fits
4061/spec-4061-55362-0371.fits
4061/spec-4061-55362-0372.fits
4061/spec-4061-55362-0373.fits
4061/spec-4061-55362-0374.fits
4061/spec-4061-55362-0375.fits
4061/spec-4061-55362-0376.fits
4061/spec-4061-55362-0377.fits
4061/spec-4061-55362-0378.fits
4061/spec-4061-55362-0379.fits
4061/spec-4061-55362-0380.fits
4061/spec-4061-55362-0381.fits
4061/spec-4061-55362-0382.fits
4061/spec-4061-55362-0383.fits
4061/spec-4061-55362-0384.fits
4061/spec-4061-55362-0385.fits
4061/spec-4061-55362-0386.fits
4061/spec-4061-55362-0387.fits
4061/spec-4061-55362-0388.fits
4061/spec-4061-55362-0389.fits
4061/spec-4061-55362-0390.fits
4061/spec-4061-55362-0391.fits
4061/spec-4061-55362-0392.fits
4061/spec-4061-55362-0393.fits
4061/spec-4061-55362-0394.fits
4061/spec-4061-55362-0395.fits
4061/spec-4061-55362-0396.fits
4061/spec-4061-55362-0397.fits
4061/spec-4061-55362-0398.fits
4061/spec-4061-55362-0399.fits
4061/spec-4061-55362-0400.fits
4061/spec-4061-55362-0401.fits
4061/spec-4061-55362-0402.fits
4061/spec-4061-55362-0403.fits
4061/spec-4061-55362-0404.fits
4061/spec-4061-55362-0405.fits
4061/spec-4061-55362-0406.fits
4061/spec-4061-55362-0407.fits
4061/spec-4061-55362-0408.fits
4061/spec-4061-55362-0409.fits
4061/spec-4061-55362-0410.fits
4061/spec-4061-55362-0411.fits
4061/spec-4061-55362-0412.fits
4061/spec-4061-55362-0413.fits
4061/spec-4061-55362-0414.fits
4061/spec-4061-55362-0415.fits
4061/spec-4061-55362-0416.fits
4061/spec-4061-55362-0417.fits
4061/spec-4061-55362-0418.fits
4061/spec-4061-55362-0419.fits
4061/spec-4061-55362-0420.fits
4061/spec-4061-55362-0421.fits
4061/spec-4061-55362-0422.fits
4061/spec-4061-55362-0423.fits
4061/spec-4061-55362-0424.fits
4061/spec-4061-55362-0425.fits
4061/spec-4061-55362-0426.fits
4061/spec-4061-55362-0427.fits
4061/spec-4061-55362-0428.fits
4061/spec-4061-55362-0429.fits
4061/spec-4061-55362-0430.fits
4061/spec-4061-55362-0431.fits
4061/spec-4061-55362-0432.fits
4061/spec-4061-55362-0433.fits
4061/spec-4061-55362-0434.fits
4061/spec-4061-55362-0435.fits
4061/spec-4061-55362-0436.fits
4061/spec-4061-55362-0437.fits
4061/spec-4061-55362-0438.fits
4061/spec-4061-55362-0439.fits
4061/spec-4061-55362-0440.fits
4061/spec-4061-55362-0441.fits
4061/spec-4061-55362-0442.fits
4061/spec-4061-55362-0443.fits
4061/spec-4061-55362-0444.fits
4061/spec-4061-55362-0445.fits
4061/spec-4061-55362-0446.fits
4061/spec-4061-55362-0447.fits
4061/spec-4061-55362-0448.fits
4061/spec-4061-55362-0449.fits
4061/spec-4061-55362-0450.fits
4061/spec-4061-55362-0451.fits
4061/spec-4061-55362-0452.fits
4061/spec-4061-55362-0453.fits
4061/spec-4061-55362-0454.fits
4061/spec-4061-55362-0455.fits
4061/spec-4061-55362-0456.fits
4061/spec-4061-55362-0457.fits
4061/spec-4061-55362-0458.fits
4061/spec-4061-55362-0459.fits
4061/spec-4061-55362-0460.fits
4061/spec-4061-55362-0461.fits
4061/spec-4061-55362-0462.fits
4061/spec-4061-55362-0463.fits
4061/spec-4061-55362-0464.fits
4061/spec-4061-55362-0465.fits
4061/spec-4061-55362-0466.fits
4061/spec-4061-55362-0467.fits
4061/spec-4061-55362-0468.fits
4061/spec-4061-55362-0469.fits
4061/spec-4061-55362-0470.fits
4061/spec-4061-55362-0471.fits
4061/spec-4061-55362-0472.fits
4061/spec-4061-55362-0473.fits
4061/spec-4061-55362-0474.fits
4061/spec-4061-55362-0475.fits
4061/spec-4061-55362-0476.fits
4061/spec-4061-55362-0477.fits
4061/spec-4061-55362-0478.fits
4061/spec-4061-55362-0479.fits
4061/spec-4061-55362-0480.fits
4061/spec-4061-55362-0481.fits
4061/spec-4061-55362-0482.fits
4061/spec-4061-55362-0483.fits
4061/spec-4061-55362-0484.fits
4061/spec-4061-55362-0485.fits
4061/spec-4061-55362-0486.fits
4061/spec-4061-55362-0487.fits
4061/spec-4061-55362-0488.fits
4061/spec-4061-55362-0489.fits
4061/spec-4061-55362-0490.fits
4061/spec-4061-55362-0491.fits
4061/spec-4061-55362-0492.fits
4061/spec-4061-55362-0493.fits
4061/spec-4061-55362-0494.fits
4061/spec-4061-55362-0495.fits
4061/spec-4061-55362-0496.fits
4061/spec-4061-55362-0497.fits
4061/spec-4061-55362-0498.fits
4061/spec-4061-55362-0499.fits
4061/spec-4061-55362-0500.fits
4061/spec-4061-55362-0501.fits
4061/spec-4061-55362-0502.fits
4061/spec-4061-55362-0503.fits
4061/spec-4061-55362-0504.fits
4061/spec-4061-55362-0505.fits
4061/spec-4061-55362-0506.fits
4061/spec-4061-55362-0507.fits
4061/spec-4061-55362-0508.fits
4061/spec-4061-55362-0509.fits
4061/spec-4061-55362-0510.fits
4061/spec-4061-55362-0511.fits
4061/spec-4061-55362-0512.fits
4061/spec-4061-55362-0513.fits
4061/spec-4061-55362-0514.fits
4061/spec-4061-55362-0515.fits
4061/spec-4061-55362-0516.fits
4061/spec-4061-55362-0517.fits
4061/spec-4061-55362-0518.fits
4061/spec-4061-55362-0519.fits
4061/spec-4061-55362-0520.fits
4061/spec-4061-55362-0521.fits
4061/spec-4061-55362-0522.fits
4061/spec-4061-55362-0523.fits
4061/spec-4061-55362-0524.fits
4061/spec-4061-55362-0525.fits
4061/spec-4061-55362-0526.fits
4061/spec-4061-55362-0527.fits
4061/spec-4061-55362-0528.fits
4061/spec-4061-55362-0529.fits
4061/spec-4061-55362-0530.fits
4061/spec-4061-55362-0531.fits
4061/spec-4061-55362-0532.fits
4061/spec-4061-55362-0533.fits
4061/spec-4061-55362-0534.fits
4061/spec-4061-55362-0535.fits
4061/spec-4061-55362-0536.fits
4061/spec-4061-55362-0537.fits
4061/spec-4061-55362-0538.fits
4061/spec-4061-55362-0539.fits
4061/spec-4061-55362-0540.fits
4061/spec-4061-55362-0541.fits
4061/spec-4061-55362-0542.fits
4061/spec-4061-55362-0543.fits
4061/spec-4061-55362-0544.fits
4061/spec-4061-55362-0545.fits
4061/spec-4061-55362-0546.fits
4061/spec-4061-55362-0547.fits
4061/spec-4061-55362-0548.fits
4061/spec-4061-55362-0549.fits
4061/spec-4061-55362-0550.fits
4061/spec-4061-55362-0551.fits
4061/spec-4061-55362-0552.fits
4061/spec-4061-55362-0553.fits
4061/spec-4061-55362-0554.fits
4061/spec-4061-55362-0555.fits
4061/spec-4061-55362-0556.fits
4061/spec-4061-55362-0557.fits
4061/spec-4061-55362-0558.fits
4061/spec-4061-55362-0559.fits
4061/spec-4061-55362-0560.fits
4061/spec-4061-55362-0561.fits
4061/spec-4061-55362-0562.fits
4061/spec-4061-55362-0563.fits
4061/spec-4061-55362-0564.fits
4061/spec-4061-55362-0565.fits
4061/spec-4061-55362-0566.fits
4061/spec-4061-55362-0567.fits
4061/spec-4061-55362-0568.fits
4061/spec-4061-55362-0569.fits
4061/spec-4061-55362-0570.fits
4061/spec-4061-55362-0571.fits
4061/spec-4061-55362-0572.fits
4061/spec-4061-55362-0573.fits
4061/spec-4061-55362-0574.fits
4061/spec-4061-55362-0575.fits
4061/spec-4061-55362-0576.fits
4061/spec-4061-55362-0577.fits
4061/spec-4061-55362-0578.fits
4061/spec-4061-55362-0579.fits
4061/spec-4061-55362-0580.fits
4061/spec-4061-55362-0581.fits
4061/spec-4061-55362-0582.fits
4061/spec-4061-55362-0583.fits
4061/spec-4061-55362-0584.fits
4061/spec-4061-55362-0585.fits
4061/spec-4061-55362-0586.fits
4061/spec-4061-55362-0587.fits
4061/spec-4061-55362-0588.fits
4061/spec-4061-55362-0589.fits
4061/spec-4061-55362-0590.fits
4061/spec-4061-55362-0591.fits
4061/spec-4061-55362-0592.fits
4061/spec-4061-55362-0593.fits
4061/spec-4061-55362-0594.fits
4061/spec-4061-55362-0595.fits
4061/spec-4061-55362-0596.fits
4061/spec-4061-55362-0597.fits
4061/spec-4061-55362-0598.fits
4061/spec-4061-55362-0599.fits
4061/spec-4061-55362-0600.fits
4061/spec-4061-55362-0601.fits
4061/spec-4061-55362-0602.fits
4061/spec-4061-55362-0603.fits
4061/spec-4061-55362-0604.fits
4061/spec-4061-55362-0605.fits
4061/spec-4061-55362-0606.fits
4061/spec-4061-55362-0607.fits
4061/spec-4061-55362-0608.fits
4061/spec-4061-55362-0609.fits
4061/spec-4061-55362-0610.fits
4061/spec-4061-55362-0611.fits
4061/spec-4061-55362-0612.fits
4061/spec-4061-55362-0613.fits
4061/spec-4061-55362-0614.fits
4061/spec-4061-55362-0615.fits
4061/spec-4061-55362-0616.fits
4061/spec-4061-55362-0617.fits
4061/spec-4061-55362-0618.fits
4061/spec-4061-55362-0619.fits
4061/spec-4061-55362-0620.fits
4061/spec-4061-55362-0621.fits
4061/spec-4061-55362-0622.fits
4061/spec-4061-55362-0623.fits
4061/spec-4061-55362-0624.fits
4061/spec-4061-55362-0625.fits
4061/spec-4061-55362-0626.fits
4061/spec-4061-55362-0627.fits
4061/spec-4061-55362-0628.fits
4061/spec-4061-55362-0629.fits
4061/spec-4061-55362-0630.fits
4061/spec-4061-55362-0631.fits
4061/spec-4061-55362-0632.fits
4061/spec-4061-55362-0633.fits
4061/spec-4061-55362-0634.fits
4061/spec-4061-55362-0635.fits
4061/spec-4061-55362-0636.fits
4061/spec-4061-55362-0637.fits
4061/spec-4061-55362-0638.fits
4061/spec-4061-55362-0639.fits
4061/spec-4061-55362-0640.fits
4061/spec-4061-55362-0641.fits
4061/spec-4061-55362-0642.fits
4061/spec-4061-55362-0643.fits
4061/spec-4061-55362-0644.fits
4061/spec-4061-55362-0645.fits
4061/spec-4061-55362-0646.fits
4061/spec-4061-55362-0647.fits
4061/spec-4061-55362-0648.fits
4061/spec-4061-55362-0649.fits
4061/spec-4061-55362-0650.fits
4061/spec-4061-55362-0651.fits
4061/spec-4061-55362-0652.fits
4061/spec-4061-55362-0653.fits
4061/spec-4061-55362-0654.fits
4061/spec-4061-55362-0655.fits
4061/spec-4061-55362-0656.fits
4061/spec-4061-55362-0657.fits
4061/spec-4061-55362-0658.fits
4061/spec-4061-55362-0659.fits
4061/spec-4061-55362-0660.fits
4061/spec-4061-55362-0661.fits
4061/spec-4061-55362-0662.fits
4061/spec-4061-55362-0663.fits
4061/spec-4061-55362-0664.fits
4061/spec-4061-55362-0665.fits
4061/spec-4061-55362-0666.fits
4061/spec-4061-55362-0667.fits
4061/spec-4061-55362-0668.fits
4061/spec-4061-55362-0669.fits
4061/spec-4061-55362-0670.fits
4061/spec-4061-55362-0671.fits
4061/spec-4061-55362-0672.fits
4061/spec-4061-55362-0673.fits
4061/spec-4061-55362-0674.fits
4061/spec-4061-55362-0675.fits
4061/spec-4061-55362-0676.fits
4061/spec-4061-55362-0677.fits
4061/spec-4061-55362-0678.fits
4061/spec-4061-55362-0679.fits
4061/spec-4061-55362-0680.fits
4061/spec-4061-55362-0681.fits
4061/spec-4061-55362-0682.fits
4061/spec-4061-55362-0683.fits
4061/spec-4061-55362-0684.fits
4061/spec-4061-55362-0685.fits
4061/spec-4061-55362-0686.fits
4061/spec-4061-55362-0687.fits
4061/spec-4061-55362-0688.fits
4061/spec-4061-55362-0689.fits
4061/spec-4061-55362-0690.fits
4061/spec-4061-55362-0691.fits
4061/spec-4061-55362-0692.fits
4061/spec-4061-55362-0693.fits
4061/spec-4061-55362-0694.fits
4061/spec-4061-55362-0695.fits
4061/spec-4061-55362-0696.fits
4061/spec-4061-55362-0697.fits
4061/spec-4061-55362-0698.fits
4061/spec-4061-55362-0699.fits
4061/spec-4061-55362-0700.fits
4061/spec-4061-55362-0701.fits
4061/spec-4061-55362-0702.fits
4061/spec-4061-55362-0703.fits
4061/spec-4061-55362-0704.fits
4061/spec-4061-55362-0705.fits
4061/spec-4061-55362-0706.fits
4061/spec-4061-55362-0707.fits
4061/spec-4061-55362-0708.fits
4061/spec-4061-55362-0709.fits
4061/spec-4061-55362-0710.fits
4061/spec-4061-55362-0711.fits
4061/spec-4061-55362-0712.fits
4061/spec-4061-55362-0713.fits
4061/spec-4061-55362-0714.fits
4061/spec-4061-55362-0715.fits
4061/spec-4061-55362-0716.fits
4061/spec-4061-55362-0717.fits
4061/spec-4061-55362-0718.fits
4061/spec-4061-55362-0719.fits
4061/spec-4061-55362-0720.fits
4061/spec-4061-55362-0721.fits
4061/spec-4061-55362-0722.fits
4061/spec-4061-55362-0723.fits
4061/spec-4061-55362-0724.fits
4061/spec-4061-55362-0725.fits
4061/spec-4061-55362-0726.fits
4061/spec-4061-55362-0727.fits
4061/spec-4061-55362-0728.fits
4061/spec-4061-55362-0729.fits
4061/spec-4061-55362-0730.fits
4061/spec-4061-55362-0731.fits
4061/spec-4061-55362-0732.fits
4061/spec-4061-55362-0733.fits
4061/spec-4061-55362-0734.fits
4061/spec-4061-55362-0735.fits
4061/spec-4061-55362-0736.fits
4061/spec-4061-55362-0737.fits
4061/spec-4061-55362-0738.fits
4061/spec-4061-55362-0739.fits
4061/spec-4061-55362-0740.fits
4061/spec-4061-55362-0741.fits
4061/spec-4061-55362-0742.fits
4061/spec-4061-55362-0743.fits
4061/spec-4061-55362-0744.fits
4061/spec-4061-55362-0745.fits
4061/spec-4061-55362-0746.fits
4061/spec-4061-55362-0747.fits
4061/spec-4061-55362-0748.fits
4061/spec-4061-55362-0749.fits
4061/spec-4061-55362-0750.fits
4061/spec-4061-55362-0751.fits
4061/spec-4061-55362-0752.fits
4061/spec-4061-55362-0753.fits
4061/spec-4061-55362-0754.fits
4061/spec-4061-55362-0755.fits
4061/spec-4061-55362-0756.fits
4061/spec-4061-55362-0757.fits
4061/spec-4061-55362-0758.fits
4061/spec-4061-55362-0759.fits
4061/spec-4061-55362-0760.fits
4061/spec-4061-55362-0761.fits
4061/spec-4061-55362-0762.fits
4061/spec-4061-55362-0763.fits
4061/spec-4061-55362-0764.fits
4061/spec-4061-55362-0765.fits
4061/spec-4061-55362-0766.fits
4061/spec-4061-55362-0767.fits
4061/spec-4061-55362-0768.fits
4061/spec-4061-55362-0769.fits
4061/spec-4061-55362-0770.fits
4061/spec-4061-55362-0771.fits
4061/spec-4061-55362-0772.fits
4061/spec-4061-55362-0773.fits
4061/spec-4061-55362-0774.fits
4061/spec-4061-55362-0775.fits
4061/spec-4061-55362-0776.fits
4061/spec-4061-55362-0777.fits
4061/spec-4061-55362-0778.fits
4061/spec-4061-55362-0779.fits
4061/spec-4061-55362-0780.fits
4061/spec-4061-55362-0781.fits
4061/spec-4061-55362-0782.fits
4061/spec-4061-55362-0783.fits
4061/spec-4061-55362-0784.fits
4061/spec-4061-55362-0785.fits
4061/spec-4061-55362-0786.fits
4061/spec-4061-55362-0787.fits
4061/spec-4061-55362-0788.fits
4061/spec-4061-55362-0789.fits
4061/spec-4061-55362-0790.fits
4061/spec-4061-55362-0791.fits
4061/spec-4061-55362-0792.fits
4061/spec-4061-55362-0793.fits
4061/spec-4061-55362-0794.fits
4061/spec-4061-55362-0795.fits
4061/spec-4061-55362-0796.fits
4061/spec-4061-55362-0797.fits
4061/spec-4061-55362-0798.fits
4061/spec-4061-55362-0799.fits
4061/spec-4061-55362-0800.fits
4061/spec-4061-55362-0801.fits
4061/spec-4061-55362-0802.fits
4061/spec-4061-55362-0803.fits
4061/spec-4061-55362-0804.fits
4061/spec-4061-55362-0805.fits
4061/spec-4061-55362-0806.fits
4061/spec-4061-55362-0807.fits
4061/spec-4061-55362-0808.fits
4061/spec-4061-55362-0809.fits
4061/spec-4061-55362-0810.fits
4061/spec-4061-55362-0811.fits
4061/spec-4061-55362-0812.fits
4061/spec-4061-55362-0813.fits
4061/spec-4061-55362-0814.fits
4061/spec-4061-55362-0815.fits
4061/spec-4061-55362-0816.fits
4061/spec-4061-55362-0817.fits
4061/spec-4061-55362-0818.fits
4061/spec-4061-55362-0819.fits
4061/spec-4061-55362-0820.fits
4061/spec-4061-55362-0821.fits
4061/spec-4061-55362-0822.fits
4061/spec-4061-55362-0823.fits
4061/spec-4061-55362-0824.fits
4061/spec-4061-55362-0825.fits
4061/spec-4061-55362-0826.fits
4061/spec-4061-55362-0827.fits
4061/spec-4061-55362-0828.fits
4061/spec-4061-55362-0829.fits
4061/spec-4061-55362-0830.fits
4061/spec-4061-55362-0831.fits
4061/spec-4061-55362-0832.fits
4061/spec-4061-55362-0833.fits
4061/spec-4061-55362-0834.fits
4061/spec-4061-55362-0835.fits
4061/spec-4061-55362-0836.fits
4061/spec-4061-55362-0837.fits
4061/spec-4061-55362-0838.fits
4061/spec-4061-55362-0839.fits
4061/spec-4061-55362-0840.fits
4061/spec-4061-55362-0841.fits
4061/spec-4061-55362-0842.fits
4061/spec-4061-55362-0843.fits
4061/spec-4061-55362-0844.fits
4061/spec-4061-55362-0845.fits
4061/spec-4061-55362-0846.fits
4061/spec-4061-55362-0847.fits
4061/spec-4061-55362-0848.fits
4061/spec-4061-55362-0849.fits
4061/spec-4061-55362-0850.fits
4061/spec-4061-55362-0851.fits
4061/spec-4061-55362-0852.fits
4061/spec-4061-55362-0853.fits
4061/spec-4061-55362-0854.fits
4061/spec-4061-55362-0855.fits
4061/spec-4061-55362-0856.fits
4061/spec-4061-55362-0857.fits
4061/spec-4061-55362-0858.fits
4061/spec-4061-55362-0859.fits
4061/spec-4061-55362-0860.fits
4061/spec-4061-55362-0861.fits
4061/spec-4061-55362-0862.fits
4061/spec-4061-55362-0863.fits
4061/spec-4061-55362-0864.fits
4061/spec-4061-55362-0865.fits
4061/spec-4061-55362-0866.fits
4061/spec-4061-55362-0867.fits
4061/spec-4061-55362-0868.fits
4061/spec-4061-55362-0869.fits
4061/spec-4061-55362-0870.fits
4061/spec-4061-55362-0871.fits
4061/spec-4061-55362-0872.fits
4061/spec-4061-55362-0873.fits
4061/spec-4061-55362-0874.fits
4061/spec-4061-55362-0875.fits
4061/spec-4061-55362-0876.fits
4061/spec-4061-55362-0877.fits
4061/spec-4061-55362-0878.fits
4061/spec-4061-55362-0879.fits
4061/spec-4061-55362-0880.fits
4061/spec-4061-55362-0881.fits
4061/spec-4061-55362-0882.fits
4061/spec-4061-55362-0883.fits
4061/spec-4061-55362-0884.fits
4061/spec-4061-55362-0885.fits
4061/spec-4061-55362-0886.fits
4061/spec-4061-55362-0887.fits
4061/spec-4061-55362-0888.fits
4061/spec-4061-55362-0889.fits
4061/spec-4061-55362-0890.fits
4061/spec-4061-55362-0891.fits
4061/spec-4061-55362-0892.fits
4061/spec-4061-55362-0893.fits
4061/spec-4061-55362-0894.fits
4061/spec-4061-55362-0895.fits
4061/spec-4061-55362-0896.fits
4061/spec-4061-55362-0897.fits
4061/spec-4061-55362-0898.fits
4061/spec-4061-55362-0899.fits
4061/spec-4061-55362-0900.fits
4061/spec-4061-55362-0901.fits
4061/spec-4061-55362-0902.fits
4061/spec-4061-55362-0903.fits
4061/spec-4061-55362-0904.fits
4061/spec-4061-55362-0905.fits
4061/spec-4061-55362-0906.fits
4061/spec-4061-55362-0907.fits
4061/spec-4061-55362-0908.fits
4061/spec-4061-55362-0909.fits
4061/spec-4061-55362-0910.fits
4061/spec-4061-55362-0911.fits
4061/spec-4061-55362-0912.fits
4061/spec-4061-55362-0913.fits
4061/spec-4061-55362-0914.fits
4061/spec-4061-55362-0915.fits
4061/spec-4061-55362-0916.fits
4061/spec-4061-55362-0917.fits
4061/spec-4061-55362-0918.fits
4061/spec-4061-55362-0919.fits
4061/spec-4061-55362-0920.fits
4061/spec-4061-55362-0921.fits
4061/spec-4061-55362-0922.fits
4061/spec-4061-55362-0923.fits
4061/spec-4061-55362-0924.fits
4061/spec-4061-55362-0925.fits
4061/spec-4061-55362-0926.fits
4061/spec-4061-55362-0927.fits
4061/spec-4061-55362-0928.fits
4061/spec-4061-55362-0929.fits
4061/spec-4061-55362-0930.fits
4061/spec-4061-55362-0931.fits
4061/spec-4061-55362-0932.fits
4061/spec-4061-55362-0933.fits
4061/spec-4061-55362-0934.fits
4061/spec-4061-55362-0935.fits
4061/spec-4061-55362-0936.fits
4061/spec-4061-55362-0937.fits
4061/spec-4061-55362-0938.fits
4061/spec-4061-55362-0939.fits
4061/spec-4061-55362-0940.fits
4061/spec-4061-55362-0941.fits
4061/spec-4061-55362-0942.fits
4061/spec-4061-55362-0943.fits
4061/spec-4061-55362-0944.fits
4061/spec-4061-55362-0945.fits
4061/spec-4061-55362-0946.fits
4061/spec-4061-55362-0947.fits
4061/spec-4061-55362-0948.fits
4061/spec-4061-55362-0949.fits
4061/spec-4061-55362-0950.fits
4061/spec-4061-55362-0951.fits
4061/spec-4061-55362-0952.fits
4061/spec-4061-55362-0953.fits
4061/spec-4061-55362-0954.fits
4061/spec-4061-55362-0955.fits
4061/spec-4061-55362-0956.fits
4061/spec-4061-55362-0957.fits
4061/spec-4061-55362-0958.fits
4061/spec-4061-55362-0959.fits
4061/spec-4061-55362-0960.fits
4061/spec-4061-55362-0961.fits
4061/spec-4061-55362-0962.fits
4061/spec-4061-55362-0963.fits
4061/spec-4061-55362-0964.fits
4061/spec-4061-55362-0965.fits
4061/spec-4061-55362-0966.fits
4061/spec-4061-55362-0967.fits
4061/spec-4061-55362-0968.fits
4061/spec-4061-55362-0969.fits
4061/spec-4061-55362-0970.fits
4061/spec-4061-55362-0971.fits
4061/spec-4061-55362-0972.fits
4061/spec-4061-55362-0973.fits
4061/spec-4061-55362-0974.fits
4061/spec-4061-55362-0975.fits
4061/spec-4061-55362-0976.fits
4061/spec-4061-55362-0977.fits
4061/spec-4061-55362-0978.fits
4061/spec-4061-55362-0979.fits
4061/spec-4061-55362-0980.fits
4061/spec-4061-55362-0981.fits
4061/spec-4061-55362-0982.fits
4061/spec-4061-55362-0983.fits
4061/spec-4061-55362-0984.fits
4061/spec-4061-55362-0985.fits
4061/spec-4061-55362-0986.fits
4061/spec-4061-55362-0987.fits
4061/spec-4061-55362-0988.fits
4061/spec-4061-55362-0989.fits
4061/spec-4061-55362-0990.fits
4061/spec-4061-55362-0991.fits
4061/spec-4061-55362-0992.fits
4061/spec-4061-55362-0993.fits
4061/spec-4061-55362-0994.fits
4061/spec-4061-55362-0995.fits
4061/spec-4061-55362-0996.fits
4061/spec-4061-55362-0997.fits
4061/spec-4061-55362-0998.fits
4061/spec-4061-55362-0999.fits
4061/spec-4061-55362-1000.fits
/var/lib/condor/execute/slot1/dir_4478
4061 4061.tgz R R361.tar.gz _condor_stderr _condor_stdout cB58_Lyman_break.fit condor_exec.exe hw4.R packages packages.tar.gz tmp var
[1] "Loaded package astro."
[1] 1000
4061 4061.csv 4061.tgz R R361.tar.gz _condor_stderr _condor_stdout cB58_Lyman_break.fit condor_exec.exe hw4.R packages packages.tar.gz tmp var
