4067
4067/
4067/spec-4067-55361-0001.fits
4067/spec-4067-55361-0002.fits
4067/spec-4067-55361-0003.fits
4067/spec-4067-55361-0004.fits
4067/spec-4067-55361-0005.fits
4067/spec-4067-55361-0006.fits
4067/spec-4067-55361-0007.fits
4067/spec-4067-55361-0008.fits
4067/spec-4067-55361-0009.fits
4067/spec-4067-55361-0010.fits
4067/spec-4067-55361-0011.fits
4067/spec-4067-55361-0012.fits
4067/spec-4067-55361-0013.fits
4067/spec-4067-55361-0014.fits
4067/spec-4067-55361-0015.fits
4067/spec-4067-55361-0016.fits
4067/spec-4067-55361-0017.fits
4067/spec-4067-55361-0018.fits
4067/spec-4067-55361-0019.fits
4067/spec-4067-55361-0020.fits
4067/spec-4067-55361-0021.fits
4067/spec-4067-55361-0022.fits
4067/spec-4067-55361-0023.fits
4067/spec-4067-55361-0024.fits
4067/spec-4067-55361-0025.fits
4067/spec-4067-55361-0026.fits
4067/spec-4067-55361-0027.fits
4067/spec-4067-55361-0028.fits
4067/spec-4067-55361-0029.fits
4067/spec-4067-55361-0030.fits
4067/spec-4067-55361-0031.fits
4067/spec-4067-55361-0032.fits
4067/spec-4067-55361-0033.fits
4067/spec-4067-55361-0034.fits
4067/spec-4067-55361-0035.fits
4067/spec-4067-55361-0036.fits
4067/spec-4067-55361-0037.fits
4067/spec-4067-55361-0038.fits
4067/spec-4067-55361-0039.fits
4067/spec-4067-55361-0040.fits
4067/spec-4067-55361-0041.fits
4067/spec-4067-55361-0042.fits
4067/spec-4067-55361-0043.fits
4067/spec-4067-55361-0044.fits
4067/spec-4067-55361-0045.fits
4067/spec-4067-55361-0046.fits
4067/spec-4067-55361-0047.fits
4067/spec-4067-55361-0048.fits
4067/spec-4067-55361-0049.fits
4067/spec-4067-55361-0050.fits
4067/spec-4067-55361-0051.fits
4067/spec-4067-55361-0052.fits
4067/spec-4067-55361-0053.fits
4067/spec-4067-55361-0054.fits
4067/spec-4067-55361-0055.fits
4067/spec-4067-55361-0056.fits
4067/spec-4067-55361-0057.fits
4067/spec-4067-55361-0058.fits
4067/spec-4067-55361-0059.fits
4067/spec-4067-55361-0060.fits
4067/spec-4067-55361-0061.fits
4067/spec-4067-55361-0062.fits
4067/spec-4067-55361-0063.fits
4067/spec-4067-55361-0064.fits
4067/spec-4067-55361-0065.fits
4067/spec-4067-55361-0066.fits
4067/spec-4067-55361-0067.fits
4067/spec-4067-55361-0068.fits
4067/spec-4067-55361-0069.fits
4067/spec-4067-55361-0070.fits
4067/spec-4067-55361-0071.fits
4067/spec-4067-55361-0072.fits
4067/spec-4067-55361-0073.fits
4067/spec-4067-55361-0074.fits
4067/spec-4067-55361-0075.fits
4067/spec-4067-55361-0076.fits
4067/spec-4067-55361-0077.fits
4067/spec-4067-55361-0078.fits
4067/spec-4067-55361-0079.fits
4067/spec-4067-55361-0080.fits
4067/spec-4067-55361-0081.fits
4067/spec-4067-55361-0082.fits
4067/spec-4067-55361-0083.fits
4067/spec-4067-55361-0084.fits
4067/spec-4067-55361-0085.fits
4067/spec-4067-55361-0086.fits
4067/spec-4067-55361-0087.fits
4067/spec-4067-55361-0088.fits
4067/spec-4067-55361-0089.fits
4067/spec-4067-55361-0090.fits
4067/spec-4067-55361-0091.fits
4067/spec-4067-55361-0092.fits
4067/spec-4067-55361-0093.fits
4067/spec-4067-55361-0094.fits
4067/spec-4067-55361-0095.fits
4067/spec-4067-55361-0096.fits
4067/spec-4067-55361-0097.fits
4067/spec-4067-55361-0098.fits
4067/spec-4067-55361-0099.fits
4067/spec-4067-55361-0100.fits
4067/spec-4067-55361-0101.fits
4067/spec-4067-55361-0102.fits
4067/spec-4067-55361-0103.fits
4067/spec-4067-55361-0104.fits
4067/spec-4067-55361-0105.fits
4067/spec-4067-55361-0106.fits
4067/spec-4067-55361-0107.fits
4067/spec-4067-55361-0108.fits
4067/spec-4067-55361-0109.fits
4067/spec-4067-55361-0110.fits
4067/spec-4067-55361-0111.fits
4067/spec-4067-55361-0112.fits
4067/spec-4067-55361-0113.fits
4067/spec-4067-55361-0114.fits
4067/spec-4067-55361-0115.fits
4067/spec-4067-55361-0116.fits
4067/spec-4067-55361-0117.fits
4067/spec-4067-55361-0118.fits
4067/spec-4067-55361-0119.fits
4067/spec-4067-55361-0120.fits
4067/spec-4067-55361-0121.fits
4067/spec-4067-55361-0122.fits
4067/spec-4067-55361-0123.fits
4067/spec-4067-55361-0124.fits
4067/spec-4067-55361-0125.fits
4067/spec-4067-55361-0126.fits
4067/spec-4067-55361-0127.fits
4067/spec-4067-55361-0128.fits
4067/spec-4067-55361-0129.fits
4067/spec-4067-55361-0130.fits
4067/spec-4067-55361-0131.fits
4067/spec-4067-55361-0132.fits
4067/spec-4067-55361-0133.fits
4067/spec-4067-55361-0134.fits
4067/spec-4067-55361-0135.fits
4067/spec-4067-55361-0136.fits
4067/spec-4067-55361-0137.fits
4067/spec-4067-55361-0138.fits
4067/spec-4067-55361-0139.fits
4067/spec-4067-55361-0140.fits
4067/spec-4067-55361-0141.fits
4067/spec-4067-55361-0142.fits
4067/spec-4067-55361-0143.fits
4067/spec-4067-55361-0144.fits
4067/spec-4067-55361-0145.fits
4067/spec-4067-55361-0146.fits
4067/spec-4067-55361-0147.fits
4067/spec-4067-55361-0148.fits
4067/spec-4067-55361-0149.fits
4067/spec-4067-55361-0150.fits
4067/spec-4067-55361-0151.fits
4067/spec-4067-55361-0152.fits
4067/spec-4067-55361-0153.fits
4067/spec-4067-55361-0154.fits
4067/spec-4067-55361-0155.fits
4067/spec-4067-55361-0156.fits
4067/spec-4067-55361-0157.fits
4067/spec-4067-55361-0158.fits
4067/spec-4067-55361-0159.fits
4067/spec-4067-55361-0160.fits
4067/spec-4067-55361-0161.fits
4067/spec-4067-55361-0162.fits
4067/spec-4067-55361-0163.fits
4067/spec-4067-55361-0164.fits
4067/spec-4067-55361-0165.fits
4067/spec-4067-55361-0166.fits
4067/spec-4067-55361-0167.fits
4067/spec-4067-55361-0168.fits
4067/spec-4067-55361-0169.fits
4067/spec-4067-55361-0170.fits
4067/spec-4067-55361-0171.fits
4067/spec-4067-55361-0172.fits
4067/spec-4067-55361-0173.fits
4067/spec-4067-55361-0174.fits
4067/spec-4067-55361-0175.fits
4067/spec-4067-55361-0176.fits
4067/spec-4067-55361-0177.fits
4067/spec-4067-55361-0178.fits
4067/spec-4067-55361-0179.fits
4067/spec-4067-55361-0180.fits
4067/spec-4067-55361-0181.fits
4067/spec-4067-55361-0182.fits
4067/spec-4067-55361-0183.fits
4067/spec-4067-55361-0184.fits
4067/spec-4067-55361-0185.fits
4067/spec-4067-55361-0186.fits
4067/spec-4067-55361-0187.fits
4067/spec-4067-55361-0188.fits
4067/spec-4067-55361-0189.fits
4067/spec-4067-55361-0190.fits
4067/spec-4067-55361-0191.fits
4067/spec-4067-55361-0192.fits
4067/spec-4067-55361-0193.fits
4067/spec-4067-55361-0194.fits
4067/spec-4067-55361-0195.fits
4067/spec-4067-55361-0196.fits
4067/spec-4067-55361-0197.fits
4067/spec-4067-55361-0198.fits
4067/spec-4067-55361-0199.fits
4067/spec-4067-55361-0200.fits
4067/spec-4067-55361-0201.fits
4067/spec-4067-55361-0202.fits
4067/spec-4067-55361-0203.fits
4067/spec-4067-55361-0204.fits
4067/spec-4067-55361-0205.fits
4067/spec-4067-55361-0206.fits
4067/spec-4067-55361-0207.fits
4067/spec-4067-55361-0208.fits
4067/spec-4067-55361-0209.fits
4067/spec-4067-55361-0210.fits
4067/spec-4067-55361-0211.fits
4067/spec-4067-55361-0212.fits
4067/spec-4067-55361-0213.fits
4067/spec-4067-55361-0214.fits
4067/spec-4067-55361-0215.fits
4067/spec-4067-55361-0216.fits
4067/spec-4067-55361-0217.fits
4067/spec-4067-55361-0218.fits
4067/spec-4067-55361-0219.fits
4067/spec-4067-55361-0220.fits
4067/spec-4067-55361-0221.fits
4067/spec-4067-55361-0222.fits
4067/spec-4067-55361-0223.fits
4067/spec-4067-55361-0224.fits
4067/spec-4067-55361-0225.fits
4067/spec-4067-55361-0226.fits
4067/spec-4067-55361-0227.fits
4067/spec-4067-55361-0228.fits
4067/spec-4067-55361-0229.fits
4067/spec-4067-55361-0230.fits
4067/spec-4067-55361-0231.fits
4067/spec-4067-55361-0232.fits
4067/spec-4067-55361-0233.fits
4067/spec-4067-55361-0234.fits
4067/spec-4067-55361-0235.fits
4067/spec-4067-55361-0236.fits
4067/spec-4067-55361-0237.fits
4067/spec-4067-55361-0238.fits
4067/spec-4067-55361-0239.fits
4067/spec-4067-55361-0240.fits
4067/spec-4067-55361-0241.fits
4067/spec-4067-55361-0242.fits
4067/spec-4067-55361-0243.fits
4067/spec-4067-55361-0244.fits
4067/spec-4067-55361-0245.fits
4067/spec-4067-55361-0246.fits
4067/spec-4067-55361-0247.fits
4067/spec-4067-55361-0248.fits
4067/spec-4067-55361-0249.fits
4067/spec-4067-55361-0250.fits
4067/spec-4067-55361-0251.fits
4067/spec-4067-55361-0252.fits
4067/spec-4067-55361-0253.fits
4067/spec-4067-55361-0254.fits
4067/spec-4067-55361-0255.fits
4067/spec-4067-55361-0256.fits
4067/spec-4067-55361-0257.fits
4067/spec-4067-55361-0258.fits
4067/spec-4067-55361-0259.fits
4067/spec-4067-55361-0260.fits
4067/spec-4067-55361-0261.fits
4067/spec-4067-55361-0262.fits
4067/spec-4067-55361-0263.fits
4067/spec-4067-55361-0264.fits
4067/spec-4067-55361-0265.fits
4067/spec-4067-55361-0266.fits
4067/spec-4067-55361-0267.fits
4067/spec-4067-55361-0268.fits
4067/spec-4067-55361-0269.fits
4067/spec-4067-55361-0270.fits
4067/spec-4067-55361-0271.fits
4067/spec-4067-55361-0272.fits
4067/spec-4067-55361-0273.fits
4067/spec-4067-55361-0274.fits
4067/spec-4067-55361-0275.fits
4067/spec-4067-55361-0276.fits
4067/spec-4067-55361-0277.fits
4067/spec-4067-55361-0278.fits
4067/spec-4067-55361-0279.fits
4067/spec-4067-55361-0280.fits
4067/spec-4067-55361-0281.fits
4067/spec-4067-55361-0282.fits
4067/spec-4067-55361-0283.fits
4067/spec-4067-55361-0284.fits
4067/spec-4067-55361-0285.fits
4067/spec-4067-55361-0286.fits
4067/spec-4067-55361-0287.fits
4067/spec-4067-55361-0288.fits
4067/spec-4067-55361-0289.fits
4067/spec-4067-55361-0290.fits
4067/spec-4067-55361-0291.fits
4067/spec-4067-55361-0292.fits
4067/spec-4067-55361-0293.fits
4067/spec-4067-55361-0294.fits
4067/spec-4067-55361-0295.fits
4067/spec-4067-55361-0296.fits
4067/spec-4067-55361-0297.fits
4067/spec-4067-55361-0298.fits
4067/spec-4067-55361-0299.fits
4067/spec-4067-55361-0300.fits
4067/spec-4067-55361-0301.fits
4067/spec-4067-55361-0302.fits
4067/spec-4067-55361-0303.fits
4067/spec-4067-55361-0304.fits
4067/spec-4067-55361-0305.fits
4067/spec-4067-55361-0306.fits
4067/spec-4067-55361-0307.fits
4067/spec-4067-55361-0308.fits
4067/spec-4067-55361-0309.fits
4067/spec-4067-55361-0310.fits
4067/spec-4067-55361-0311.fits
4067/spec-4067-55361-0312.fits
4067/spec-4067-55361-0313.fits
4067/spec-4067-55361-0314.fits
4067/spec-4067-55361-0315.fits
4067/spec-4067-55361-0316.fits
4067/spec-4067-55361-0317.fits
4067/spec-4067-55361-0318.fits
4067/spec-4067-55361-0319.fits
4067/spec-4067-55361-0320.fits
4067/spec-4067-55361-0321.fits
4067/spec-4067-55361-0322.fits
4067/spec-4067-55361-0323.fits
4067/spec-4067-55361-0324.fits
4067/spec-4067-55361-0325.fits
4067/spec-4067-55361-0326.fits
4067/spec-4067-55361-0327.fits
4067/spec-4067-55361-0328.fits
4067/spec-4067-55361-0329.fits
4067/spec-4067-55361-0330.fits
4067/spec-4067-55361-0331.fits
4067/spec-4067-55361-0332.fits
4067/spec-4067-55361-0333.fits
4067/spec-4067-55361-0334.fits
4067/spec-4067-55361-0335.fits
4067/spec-4067-55361-0336.fits
4067/spec-4067-55361-0337.fits
4067/spec-4067-55361-0338.fits
4067/spec-4067-55361-0339.fits
4067/spec-4067-55361-0340.fits
4067/spec-4067-55361-0341.fits
4067/spec-4067-55361-0342.fits
4067/spec-4067-55361-0343.fits
4067/spec-4067-55361-0344.fits
4067/spec-4067-55361-0345.fits
4067/spec-4067-55361-0346.fits
4067/spec-4067-55361-0347.fits
4067/spec-4067-55361-0348.fits
4067/spec-4067-55361-0349.fits
4067/spec-4067-55361-0350.fits
4067/spec-4067-55361-0351.fits
4067/spec-4067-55361-0352.fits
4067/spec-4067-55361-0353.fits
4067/spec-4067-55361-0354.fits
4067/spec-4067-55361-0355.fits
4067/spec-4067-55361-0356.fits
4067/spec-4067-55361-0357.fits
4067/spec-4067-55361-0358.fits
4067/spec-4067-55361-0359.fits
4067/spec-4067-55361-0360.fits
4067/spec-4067-55361-0361.fits
4067/spec-4067-55361-0362.fits
4067/spec-4067-55361-0363.fits
4067/spec-4067-55361-0364.fits
4067/spec-4067-55361-0365.fits
4067/spec-4067-55361-0366.fits
4067/spec-4067-55361-0367.fits
4067/spec-4067-55361-0368.fits
4067/spec-4067-55361-0369.fits
4067/spec-4067-55361-0370.fits
4067/spec-4067-55361-0371.fits
4067/spec-4067-55361-0372.fits
4067/spec-4067-55361-0373.fits
4067/spec-4067-55361-0374.fits
4067/spec-4067-55361-0375.fits
4067/spec-4067-55361-0376.fits
4067/spec-4067-55361-0377.fits
4067/spec-4067-55361-0378.fits
4067/spec-4067-55361-0379.fits
4067/spec-4067-55361-0380.fits
4067/spec-4067-55361-0381.fits
4067/spec-4067-55361-0382.fits
4067/spec-4067-55361-0383.fits
4067/spec-4067-55361-0384.fits
4067/spec-4067-55361-0385.fits
4067/spec-4067-55361-0386.fits
4067/spec-4067-55361-0387.fits
4067/spec-4067-55361-0388.fits
4067/spec-4067-55361-0389.fits
4067/spec-4067-55361-0390.fits
4067/spec-4067-55361-0391.fits
4067/spec-4067-55361-0392.fits
4067/spec-4067-55361-0393.fits
4067/spec-4067-55361-0394.fits
4067/spec-4067-55361-0395.fits
4067/spec-4067-55361-0396.fits
4067/spec-4067-55361-0397.fits
4067/spec-4067-55361-0398.fits
4067/spec-4067-55361-0399.fits
4067/spec-4067-55361-0400.fits
4067/spec-4067-55361-0401.fits
4067/spec-4067-55361-0402.fits
4067/spec-4067-55361-0403.fits
4067/spec-4067-55361-0404.fits
4067/spec-4067-55361-0405.fits
4067/spec-4067-55361-0406.fits
4067/spec-4067-55361-0407.fits
4067/spec-4067-55361-0408.fits
4067/spec-4067-55361-0409.fits
4067/spec-4067-55361-0410.fits
4067/spec-4067-55361-0411.fits
4067/spec-4067-55361-0412.fits
4067/spec-4067-55361-0413.fits
4067/spec-4067-55361-0414.fits
4067/spec-4067-55361-0415.fits
4067/spec-4067-55361-0416.fits
4067/spec-4067-55361-0417.fits
4067/spec-4067-55361-0418.fits
4067/spec-4067-55361-0419.fits
4067/spec-4067-55361-0420.fits
4067/spec-4067-55361-0421.fits
4067/spec-4067-55361-0422.fits
4067/spec-4067-55361-0423.fits
4067/spec-4067-55361-0424.fits
4067/spec-4067-55361-0425.fits
4067/spec-4067-55361-0426.fits
4067/spec-4067-55361-0427.fits
4067/spec-4067-55361-0428.fits
4067/spec-4067-55361-0429.fits
4067/spec-4067-55361-0430.fits
4067/spec-4067-55361-0431.fits
4067/spec-4067-55361-0432.fits
4067/spec-4067-55361-0433.fits
4067/spec-4067-55361-0434.fits
4067/spec-4067-55361-0435.fits
4067/spec-4067-55361-0436.fits
4067/spec-4067-55361-0437.fits
4067/spec-4067-55361-0438.fits
4067/spec-4067-55361-0439.fits
4067/spec-4067-55361-0440.fits
4067/spec-4067-55361-0441.fits
4067/spec-4067-55361-0442.fits
4067/spec-4067-55361-0443.fits
4067/spec-4067-55361-0444.fits
4067/spec-4067-55361-0445.fits
4067/spec-4067-55361-0446.fits
4067/spec-4067-55361-0447.fits
4067/spec-4067-55361-0448.fits
4067/spec-4067-55361-0449.fits
4067/spec-4067-55361-0450.fits
4067/spec-4067-55361-0451.fits
4067/spec-4067-55361-0452.fits
4067/spec-4067-55361-0453.fits
4067/spec-4067-55361-0454.fits
4067/spec-4067-55361-0455.fits
4067/spec-4067-55361-0456.fits
4067/spec-4067-55361-0457.fits
4067/spec-4067-55361-0458.fits
4067/spec-4067-55361-0459.fits
4067/spec-4067-55361-0460.fits
4067/spec-4067-55361-0461.fits
4067/spec-4067-55361-0462.fits
4067/spec-4067-55361-0463.fits
4067/spec-4067-55361-0464.fits
4067/spec-4067-55361-0465.fits
4067/spec-4067-55361-0466.fits
4067/spec-4067-55361-0467.fits
4067/spec-4067-55361-0468.fits
4067/spec-4067-55361-0469.fits
4067/spec-4067-55361-0470.fits
4067/spec-4067-55361-0471.fits
4067/spec-4067-55361-0472.fits
4067/spec-4067-55361-0473.fits
4067/spec-4067-55361-0474.fits
4067/spec-4067-55361-0475.fits
4067/spec-4067-55361-0476.fits
4067/spec-4067-55361-0477.fits
4067/spec-4067-55361-0478.fits
4067/spec-4067-55361-0479.fits
4067/spec-4067-55361-0480.fits
4067/spec-4067-55361-0481.fits
4067/spec-4067-55361-0482.fits
4067/spec-4067-55361-0483.fits
4067/spec-4067-55361-0484.fits
4067/spec-4067-55361-0485.fits
4067/spec-4067-55361-0486.fits
4067/spec-4067-55361-0487.fits
4067/spec-4067-55361-0488.fits
4067/spec-4067-55361-0489.fits
4067/spec-4067-55361-0490.fits
4067/spec-4067-55361-0491.fits
4067/spec-4067-55361-0492.fits
4067/spec-4067-55361-0493.fits
4067/spec-4067-55361-0494.fits
4067/spec-4067-55361-0495.fits
4067/spec-4067-55361-0496.fits
4067/spec-4067-55361-0497.fits
4067/spec-4067-55361-0498.fits
4067/spec-4067-55361-0499.fits
4067/spec-4067-55361-0500.fits
4067/spec-4067-55361-0501.fits
4067/spec-4067-55361-0502.fits
4067/spec-4067-55361-0503.fits
4067/spec-4067-55361-0504.fits
4067/spec-4067-55361-0505.fits
4067/spec-4067-55361-0506.fits
4067/spec-4067-55361-0507.fits
4067/spec-4067-55361-0508.fits
4067/spec-4067-55361-0509.fits
4067/spec-4067-55361-0510.fits
4067/spec-4067-55361-0511.fits
4067/spec-4067-55361-0512.fits
4067/spec-4067-55361-0513.fits
4067/spec-4067-55361-0514.fits
4067/spec-4067-55361-0515.fits
4067/spec-4067-55361-0516.fits
4067/spec-4067-55361-0517.fits
4067/spec-4067-55361-0518.fits
4067/spec-4067-55361-0519.fits
4067/spec-4067-55361-0520.fits
4067/spec-4067-55361-0521.fits
4067/spec-4067-55361-0522.fits
4067/spec-4067-55361-0523.fits
4067/spec-4067-55361-0524.fits
4067/spec-4067-55361-0525.fits
4067/spec-4067-55361-0526.fits
4067/spec-4067-55361-0527.fits
4067/spec-4067-55361-0528.fits
4067/spec-4067-55361-0529.fits
4067/spec-4067-55361-0530.fits
4067/spec-4067-55361-0531.fits
4067/spec-4067-55361-0532.fits
4067/spec-4067-55361-0533.fits
4067/spec-4067-55361-0534.fits
4067/spec-4067-55361-0535.fits
4067/spec-4067-55361-0536.fits
4067/spec-4067-55361-0537.fits
4067/spec-4067-55361-0538.fits
4067/spec-4067-55361-0539.fits
4067/spec-4067-55361-0540.fits
4067/spec-4067-55361-0541.fits
4067/spec-4067-55361-0542.fits
4067/spec-4067-55361-0543.fits
4067/spec-4067-55361-0544.fits
4067/spec-4067-55361-0545.fits
4067/spec-4067-55361-0546.fits
4067/spec-4067-55361-0547.fits
4067/spec-4067-55361-0548.fits
4067/spec-4067-55361-0549.fits
4067/spec-4067-55361-0550.fits
4067/spec-4067-55361-0551.fits
4067/spec-4067-55361-0552.fits
4067/spec-4067-55361-0553.fits
4067/spec-4067-55361-0554.fits
4067/spec-4067-55361-0555.fits
4067/spec-4067-55361-0556.fits
4067/spec-4067-55361-0557.fits
4067/spec-4067-55361-0558.fits
4067/spec-4067-55361-0559.fits
4067/spec-4067-55361-0560.fits
4067/spec-4067-55361-0561.fits
4067/spec-4067-55361-0562.fits
4067/spec-4067-55361-0563.fits
4067/spec-4067-55361-0564.fits
4067/spec-4067-55361-0565.fits
4067/spec-4067-55361-0566.fits
4067/spec-4067-55361-0567.fits
4067/spec-4067-55361-0568.fits
4067/spec-4067-55361-0569.fits
4067/spec-4067-55361-0570.fits
4067/spec-4067-55361-0571.fits
4067/spec-4067-55361-0572.fits
4067/spec-4067-55361-0573.fits
4067/spec-4067-55361-0574.fits
4067/spec-4067-55361-0575.fits
4067/spec-4067-55361-0576.fits
4067/spec-4067-55361-0577.fits
4067/spec-4067-55361-0578.fits
4067/spec-4067-55361-0579.fits
4067/spec-4067-55361-0580.fits
4067/spec-4067-55361-0581.fits
4067/spec-4067-55361-0582.fits
4067/spec-4067-55361-0583.fits
4067/spec-4067-55361-0584.fits
4067/spec-4067-55361-0585.fits
4067/spec-4067-55361-0586.fits
4067/spec-4067-55361-0587.fits
4067/spec-4067-55361-0588.fits
4067/spec-4067-55361-0589.fits
4067/spec-4067-55361-0590.fits
4067/spec-4067-55361-0591.fits
4067/spec-4067-55361-0592.fits
4067/spec-4067-55361-0593.fits
4067/spec-4067-55361-0594.fits
4067/spec-4067-55361-0595.fits
4067/spec-4067-55361-0596.fits
4067/spec-4067-55361-0597.fits
4067/spec-4067-55361-0598.fits
4067/spec-4067-55361-0599.fits
4067/spec-4067-55361-0600.fits
4067/spec-4067-55361-0601.fits
4067/spec-4067-55361-0602.fits
4067/spec-4067-55361-0603.fits
4067/spec-4067-55361-0604.fits
4067/spec-4067-55361-0605.fits
4067/spec-4067-55361-0606.fits
4067/spec-4067-55361-0607.fits
4067/spec-4067-55361-0608.fits
4067/spec-4067-55361-0609.fits
4067/spec-4067-55361-0610.fits
4067/spec-4067-55361-0611.fits
4067/spec-4067-55361-0612.fits
4067/spec-4067-55361-0613.fits
4067/spec-4067-55361-0614.fits
4067/spec-4067-55361-0615.fits
4067/spec-4067-55361-0616.fits
4067/spec-4067-55361-0617.fits
4067/spec-4067-55361-0618.fits
4067/spec-4067-55361-0619.fits
4067/spec-4067-55361-0620.fits
4067/spec-4067-55361-0621.fits
4067/spec-4067-55361-0622.fits
4067/spec-4067-55361-0623.fits
4067/spec-4067-55361-0624.fits
4067/spec-4067-55361-0625.fits
4067/spec-4067-55361-0626.fits
4067/spec-4067-55361-0627.fits
4067/spec-4067-55361-0628.fits
4067/spec-4067-55361-0629.fits
4067/spec-4067-55361-0630.fits
4067/spec-4067-55361-0631.fits
4067/spec-4067-55361-0632.fits
4067/spec-4067-55361-0633.fits
4067/spec-4067-55361-0634.fits
4067/spec-4067-55361-0635.fits
4067/spec-4067-55361-0636.fits
4067/spec-4067-55361-0637.fits
4067/spec-4067-55361-0638.fits
4067/spec-4067-55361-0639.fits
4067/spec-4067-55361-0640.fits
4067/spec-4067-55361-0641.fits
4067/spec-4067-55361-0642.fits
4067/spec-4067-55361-0643.fits
4067/spec-4067-55361-0644.fits
4067/spec-4067-55361-0645.fits
4067/spec-4067-55361-0646.fits
4067/spec-4067-55361-0647.fits
4067/spec-4067-55361-0648.fits
4067/spec-4067-55361-0649.fits
4067/spec-4067-55361-0650.fits
4067/spec-4067-55361-0651.fits
4067/spec-4067-55361-0652.fits
4067/spec-4067-55361-0653.fits
4067/spec-4067-55361-0654.fits
4067/spec-4067-55361-0655.fits
4067/spec-4067-55361-0656.fits
4067/spec-4067-55361-0657.fits
4067/spec-4067-55361-0658.fits
4067/spec-4067-55361-0659.fits
4067/spec-4067-55361-0660.fits
4067/spec-4067-55361-0661.fits
4067/spec-4067-55361-0662.fits
4067/spec-4067-55361-0663.fits
4067/spec-4067-55361-0664.fits
4067/spec-4067-55361-0665.fits
4067/spec-4067-55361-0666.fits
4067/spec-4067-55361-0667.fits
4067/spec-4067-55361-0668.fits
4067/spec-4067-55361-0669.fits
4067/spec-4067-55361-0670.fits
4067/spec-4067-55361-0671.fits
4067/spec-4067-55361-0672.fits
4067/spec-4067-55361-0673.fits
4067/spec-4067-55361-0674.fits
4067/spec-4067-55361-0675.fits
4067/spec-4067-55361-0676.fits
4067/spec-4067-55361-0677.fits
4067/spec-4067-55361-0678.fits
4067/spec-4067-55361-0679.fits
4067/spec-4067-55361-0680.fits
4067/spec-4067-55361-0681.fits
4067/spec-4067-55361-0682.fits
4067/spec-4067-55361-0683.fits
4067/spec-4067-55361-0684.fits
4067/spec-4067-55361-0685.fits
4067/spec-4067-55361-0686.fits
4067/spec-4067-55361-0687.fits
4067/spec-4067-55361-0688.fits
4067/spec-4067-55361-0689.fits
4067/spec-4067-55361-0690.fits
4067/spec-4067-55361-0691.fits
4067/spec-4067-55361-0692.fits
4067/spec-4067-55361-0693.fits
4067/spec-4067-55361-0694.fits
4067/spec-4067-55361-0695.fits
4067/spec-4067-55361-0696.fits
4067/spec-4067-55361-0697.fits
4067/spec-4067-55361-0698.fits
4067/spec-4067-55361-0699.fits
4067/spec-4067-55361-0700.fits
4067/spec-4067-55361-0701.fits
4067/spec-4067-55361-0702.fits
4067/spec-4067-55361-0703.fits
4067/spec-4067-55361-0704.fits
4067/spec-4067-55361-0705.fits
4067/spec-4067-55361-0706.fits
4067/spec-4067-55361-0707.fits
4067/spec-4067-55361-0708.fits
4067/spec-4067-55361-0709.fits
4067/spec-4067-55361-0710.fits
4067/spec-4067-55361-0711.fits
4067/spec-4067-55361-0712.fits
4067/spec-4067-55361-0713.fits
4067/spec-4067-55361-0714.fits
4067/spec-4067-55361-0715.fits
4067/spec-4067-55361-0716.fits
4067/spec-4067-55361-0717.fits
4067/spec-4067-55361-0718.fits
4067/spec-4067-55361-0719.fits
4067/spec-4067-55361-0720.fits
4067/spec-4067-55361-0721.fits
4067/spec-4067-55361-0722.fits
4067/spec-4067-55361-0723.fits
4067/spec-4067-55361-0724.fits
4067/spec-4067-55361-0725.fits
4067/spec-4067-55361-0726.fits
4067/spec-4067-55361-0727.fits
4067/spec-4067-55361-0728.fits
4067/spec-4067-55361-0729.fits
4067/spec-4067-55361-0730.fits
4067/spec-4067-55361-0731.fits
4067/spec-4067-55361-0732.fits
4067/spec-4067-55361-0733.fits
4067/spec-4067-55361-0734.fits
4067/spec-4067-55361-0735.fits
4067/spec-4067-55361-0736.fits
4067/spec-4067-55361-0737.fits
4067/spec-4067-55361-0738.fits
4067/spec-4067-55361-0739.fits
4067/spec-4067-55361-0740.fits
4067/spec-4067-55361-0741.fits
4067/spec-4067-55361-0742.fits
4067/spec-4067-55361-0743.fits
4067/spec-4067-55361-0744.fits
4067/spec-4067-55361-0745.fits
4067/spec-4067-55361-0746.fits
4067/spec-4067-55361-0747.fits
4067/spec-4067-55361-0748.fits
4067/spec-4067-55361-0749.fits
4067/spec-4067-55361-0750.fits
4067/spec-4067-55361-0751.fits
4067/spec-4067-55361-0752.fits
4067/spec-4067-55361-0753.fits
4067/spec-4067-55361-0754.fits
4067/spec-4067-55361-0755.fits
4067/spec-4067-55361-0756.fits
4067/spec-4067-55361-0757.fits
4067/spec-4067-55361-0758.fits
4067/spec-4067-55361-0759.fits
4067/spec-4067-55361-0760.fits
4067/spec-4067-55361-0761.fits
4067/spec-4067-55361-0762.fits
4067/spec-4067-55361-0763.fits
4067/spec-4067-55361-0764.fits
4067/spec-4067-55361-0765.fits
4067/spec-4067-55361-0766.fits
4067/spec-4067-55361-0767.fits
4067/spec-4067-55361-0768.fits
4067/spec-4067-55361-0769.fits
4067/spec-4067-55361-0770.fits
4067/spec-4067-55361-0771.fits
4067/spec-4067-55361-0772.fits
4067/spec-4067-55361-0773.fits
4067/spec-4067-55361-0774.fits
4067/spec-4067-55361-0775.fits
4067/spec-4067-55361-0776.fits
4067/spec-4067-55361-0777.fits
4067/spec-4067-55361-0778.fits
4067/spec-4067-55361-0779.fits
4067/spec-4067-55361-0780.fits
4067/spec-4067-55361-0781.fits
4067/spec-4067-55361-0782.fits
4067/spec-4067-55361-0783.fits
4067/spec-4067-55361-0784.fits
4067/spec-4067-55361-0785.fits
4067/spec-4067-55361-0786.fits
4067/spec-4067-55361-0787.fits
4067/spec-4067-55361-0788.fits
4067/spec-4067-55361-0789.fits
4067/spec-4067-55361-0790.fits
4067/spec-4067-55361-0791.fits
4067/spec-4067-55361-0792.fits
4067/spec-4067-55361-0793.fits
4067/spec-4067-55361-0794.fits
4067/spec-4067-55361-0795.fits
4067/spec-4067-55361-0796.fits
4067/spec-4067-55361-0797.fits
4067/spec-4067-55361-0798.fits
4067/spec-4067-55361-0799.fits
4067/spec-4067-55361-0800.fits
4067/spec-4067-55361-0801.fits
4067/spec-4067-55361-0802.fits
4067/spec-4067-55361-0803.fits
4067/spec-4067-55361-0804.fits
4067/spec-4067-55361-0805.fits
4067/spec-4067-55361-0806.fits
4067/spec-4067-55361-0807.fits
4067/spec-4067-55361-0808.fits
4067/spec-4067-55361-0809.fits
4067/spec-4067-55361-0810.fits
4067/spec-4067-55361-0811.fits
4067/spec-4067-55361-0812.fits
4067/spec-4067-55361-0813.fits
4067/spec-4067-55361-0814.fits
4067/spec-4067-55361-0815.fits
4067/spec-4067-55361-0816.fits
4067/spec-4067-55361-0817.fits
4067/spec-4067-55361-0818.fits
4067/spec-4067-55361-0819.fits
4067/spec-4067-55361-0820.fits
4067/spec-4067-55361-0821.fits
4067/spec-4067-55361-0822.fits
4067/spec-4067-55361-0823.fits
4067/spec-4067-55361-0824.fits
4067/spec-4067-55361-0825.fits
4067/spec-4067-55361-0826.fits
4067/spec-4067-55361-0827.fits
4067/spec-4067-55361-0828.fits
4067/spec-4067-55361-0829.fits
4067/spec-4067-55361-0830.fits
4067/spec-4067-55361-0831.fits
4067/spec-4067-55361-0832.fits
4067/spec-4067-55361-0833.fits
4067/spec-4067-55361-0834.fits
4067/spec-4067-55361-0835.fits
4067/spec-4067-55361-0836.fits
4067/spec-4067-55361-0837.fits
4067/spec-4067-55361-0838.fits
4067/spec-4067-55361-0839.fits
4067/spec-4067-55361-0840.fits
4067/spec-4067-55361-0841.fits
4067/spec-4067-55361-0842.fits
4067/spec-4067-55361-0843.fits
4067/spec-4067-55361-0844.fits
4067/spec-4067-55361-0845.fits
4067/spec-4067-55361-0846.fits
4067/spec-4067-55361-0847.fits
4067/spec-4067-55361-0848.fits
4067/spec-4067-55361-0849.fits
4067/spec-4067-55361-0850.fits
4067/spec-4067-55361-0851.fits
4067/spec-4067-55361-0852.fits
4067/spec-4067-55361-0853.fits
4067/spec-4067-55361-0854.fits
4067/spec-4067-55361-0855.fits
4067/spec-4067-55361-0856.fits
4067/spec-4067-55361-0857.fits
4067/spec-4067-55361-0858.fits
4067/spec-4067-55361-0859.fits
4067/spec-4067-55361-0860.fits
4067/spec-4067-55361-0861.fits
4067/spec-4067-55361-0862.fits
4067/spec-4067-55361-0863.fits
4067/spec-4067-55361-0864.fits
4067/spec-4067-55361-0865.fits
4067/spec-4067-55361-0866.fits
4067/spec-4067-55361-0867.fits
4067/spec-4067-55361-0868.fits
4067/spec-4067-55361-0869.fits
4067/spec-4067-55361-0870.fits
4067/spec-4067-55361-0871.fits
4067/spec-4067-55361-0872.fits
4067/spec-4067-55361-0873.fits
4067/spec-4067-55361-0874.fits
4067/spec-4067-55361-0875.fits
4067/spec-4067-55361-0876.fits
4067/spec-4067-55361-0877.fits
4067/spec-4067-55361-0878.fits
4067/spec-4067-55361-0879.fits
4067/spec-4067-55361-0880.fits
4067/spec-4067-55361-0881.fits
4067/spec-4067-55361-0882.fits
4067/spec-4067-55361-0883.fits
4067/spec-4067-55361-0884.fits
4067/spec-4067-55361-0885.fits
4067/spec-4067-55361-0886.fits
4067/spec-4067-55361-0887.fits
4067/spec-4067-55361-0888.fits
4067/spec-4067-55361-0889.fits
4067/spec-4067-55361-0890.fits
4067/spec-4067-55361-0891.fits
4067/spec-4067-55361-0892.fits
4067/spec-4067-55361-0893.fits
4067/spec-4067-55361-0894.fits
4067/spec-4067-55361-0895.fits
4067/spec-4067-55361-0896.fits
4067/spec-4067-55361-0897.fits
4067/spec-4067-55361-0898.fits
4067/spec-4067-55361-0899.fits
4067/spec-4067-55361-0900.fits
4067/spec-4067-55361-0901.fits
4067/spec-4067-55361-0902.fits
4067/spec-4067-55361-0903.fits
4067/spec-4067-55361-0904.fits
4067/spec-4067-55361-0905.fits
4067/spec-4067-55361-0906.fits
4067/spec-4067-55361-0907.fits
4067/spec-4067-55361-0908.fits
4067/spec-4067-55361-0909.fits
4067/spec-4067-55361-0910.fits
4067/spec-4067-55361-0911.fits
4067/spec-4067-55361-0912.fits
4067/spec-4067-55361-0913.fits
4067/spec-4067-55361-0914.fits
4067/spec-4067-55361-0915.fits
4067/spec-4067-55361-0916.fits
4067/spec-4067-55361-0917.fits
4067/spec-4067-55361-0918.fits
4067/spec-4067-55361-0919.fits
4067/spec-4067-55361-0920.fits
4067/spec-4067-55361-0921.fits
4067/spec-4067-55361-0922.fits
4067/spec-4067-55361-0923.fits
4067/spec-4067-55361-0924.fits
4067/spec-4067-55361-0925.fits
4067/spec-4067-55361-0926.fits
4067/spec-4067-55361-0927.fits
4067/spec-4067-55361-0928.fits
4067/spec-4067-55361-0929.fits
4067/spec-4067-55361-0930.fits
4067/spec-4067-55361-0931.fits
4067/spec-4067-55361-0932.fits
4067/spec-4067-55361-0933.fits
4067/spec-4067-55361-0934.fits
4067/spec-4067-55361-0935.fits
4067/spec-4067-55361-0936.fits
4067/spec-4067-55361-0937.fits
4067/spec-4067-55361-0938.fits
4067/spec-4067-55361-0939.fits
4067/spec-4067-55361-0940.fits
4067/spec-4067-55361-0941.fits
4067/spec-4067-55361-0942.fits
4067/spec-4067-55361-0943.fits
4067/spec-4067-55361-0944.fits
4067/spec-4067-55361-0945.fits
4067/spec-4067-55361-0946.fits
4067/spec-4067-55361-0947.fits
4067/spec-4067-55361-0948.fits
4067/spec-4067-55361-0949.fits
4067/spec-4067-55361-0950.fits
4067/spec-4067-55361-0951.fits
4067/spec-4067-55361-0952.fits
4067/spec-4067-55361-0953.fits
4067/spec-4067-55361-0954.fits
4067/spec-4067-55361-0955.fits
4067/spec-4067-55361-0956.fits
4067/spec-4067-55361-0957.fits
4067/spec-4067-55361-0958.fits
4067/spec-4067-55361-0959.fits
4067/spec-4067-55361-0960.fits
4067/spec-4067-55361-0961.fits
4067/spec-4067-55361-0962.fits
4067/spec-4067-55361-0963.fits
4067/spec-4067-55361-0964.fits
4067/spec-4067-55361-0965.fits
4067/spec-4067-55361-0966.fits
4067/spec-4067-55361-0967.fits
4067/spec-4067-55361-0968.fits
4067/spec-4067-55361-0969.fits
4067/spec-4067-55361-0970.fits
4067/spec-4067-55361-0971.fits
4067/spec-4067-55361-0972.fits
4067/spec-4067-55361-0973.fits
4067/spec-4067-55361-0974.fits
4067/spec-4067-55361-0975.fits
4067/spec-4067-55361-0976.fits
4067/spec-4067-55361-0977.fits
4067/spec-4067-55361-0978.fits
4067/spec-4067-55361-0979.fits
4067/spec-4067-55361-0980.fits
4067/spec-4067-55361-0981.fits
4067/spec-4067-55361-0982.fits
4067/spec-4067-55361-0983.fits
4067/spec-4067-55361-0984.fits
4067/spec-4067-55361-0985.fits
4067/spec-4067-55361-0986.fits
4067/spec-4067-55361-0987.fits
4067/spec-4067-55361-0988.fits
4067/spec-4067-55361-0989.fits
4067/spec-4067-55361-0990.fits
4067/spec-4067-55361-0991.fits
4067/spec-4067-55361-0992.fits
4067/spec-4067-55361-0993.fits
4067/spec-4067-55361-0994.fits
4067/spec-4067-55361-0995.fits
4067/spec-4067-55361-0996.fits
4067/spec-4067-55361-0997.fits
4067/spec-4067-55361-0998.fits
4067/spec-4067-55361-0999.fits
4067/spec-4067-55361-1000.fits
/var/lib/condor/execute/slot1/dir_13028
4067 4067.tgz R R361.tar.gz _condor_stderr _condor_stdout cB58_Lyman_break.fit condor_exec.exe hw4.R packages packages.tar.gz tmp var
[1] "Loaded package astro."
[1] 1000
4067 4067.csv 4067.tgz R R361.tar.gz _condor_stderr _condor_stdout cB58_Lyman_break.fit condor_exec.exe hw4.R packages packages.tar.gz tmp var
