4086
4086/
4086/spec-4086-55446-0001.fits
4086/spec-4086-55446-0002.fits
4086/spec-4086-55446-0003.fits
4086/spec-4086-55446-0004.fits
4086/spec-4086-55446-0005.fits
4086/spec-4086-55446-0006.fits
4086/spec-4086-55446-0007.fits
4086/spec-4086-55446-0008.fits
4086/spec-4086-55446-0009.fits
4086/spec-4086-55446-0010.fits
4086/spec-4086-55446-0011.fits
4086/spec-4086-55446-0012.fits
4086/spec-4086-55446-0013.fits
4086/spec-4086-55446-0014.fits
4086/spec-4086-55446-0015.fits
4086/spec-4086-55446-0016.fits
4086/spec-4086-55446-0017.fits
4086/spec-4086-55446-0018.fits
4086/spec-4086-55446-0019.fits
4086/spec-4086-55446-0020.fits
4086/spec-4086-55446-0021.fits
4086/spec-4086-55446-0022.fits
4086/spec-4086-55446-0023.fits
4086/spec-4086-55446-0024.fits
4086/spec-4086-55446-0025.fits
4086/spec-4086-55446-0026.fits
4086/spec-4086-55446-0027.fits
4086/spec-4086-55446-0028.fits
4086/spec-4086-55446-0029.fits
4086/spec-4086-55446-0030.fits
4086/spec-4086-55446-0031.fits
4086/spec-4086-55446-0032.fits
4086/spec-4086-55446-0033.fits
4086/spec-4086-55446-0034.fits
4086/spec-4086-55446-0035.fits
4086/spec-4086-55446-0036.fits
4086/spec-4086-55446-0037.fits
4086/spec-4086-55446-0038.fits
4086/spec-4086-55446-0039.fits
4086/spec-4086-55446-0040.fits
4086/spec-4086-55446-0041.fits
4086/spec-4086-55446-0042.fits
4086/spec-4086-55446-0043.fits
4086/spec-4086-55446-0044.fits
4086/spec-4086-55446-0045.fits
4086/spec-4086-55446-0046.fits
4086/spec-4086-55446-0047.fits
4086/spec-4086-55446-0048.fits
4086/spec-4086-55446-0049.fits
4086/spec-4086-55446-0050.fits
4086/spec-4086-55446-0051.fits
4086/spec-4086-55446-0052.fits
4086/spec-4086-55446-0053.fits
4086/spec-4086-55446-0054.fits
4086/spec-4086-55446-0055.fits
4086/spec-4086-55446-0056.fits
4086/spec-4086-55446-0057.fits
4086/spec-4086-55446-0058.fits
4086/spec-4086-55446-0059.fits
4086/spec-4086-55446-0060.fits
4086/spec-4086-55446-0061.fits
4086/spec-4086-55446-0062.fits
4086/spec-4086-55446-0063.fits
4086/spec-4086-55446-0064.fits
4086/spec-4086-55446-0065.fits
4086/spec-4086-55446-0066.fits
4086/spec-4086-55446-0067.fits
4086/spec-4086-55446-0068.fits
4086/spec-4086-55446-0069.fits
4086/spec-4086-55446-0070.fits
4086/spec-4086-55446-0071.fits
4086/spec-4086-55446-0072.fits
4086/spec-4086-55446-0073.fits
4086/spec-4086-55446-0074.fits
4086/spec-4086-55446-0075.fits
4086/spec-4086-55446-0076.fits
4086/spec-4086-55446-0077.fits
4086/spec-4086-55446-0078.fits
4086/spec-4086-55446-0079.fits
4086/spec-4086-55446-0080.fits
4086/spec-4086-55446-0081.fits
4086/spec-4086-55446-0082.fits
4086/spec-4086-55446-0083.fits
4086/spec-4086-55446-0084.fits
4086/spec-4086-55446-0085.fits
4086/spec-4086-55446-0086.fits
4086/spec-4086-55446-0087.fits
4086/spec-4086-55446-0088.fits
4086/spec-4086-55446-0089.fits
4086/spec-4086-55446-0090.fits
4086/spec-4086-55446-0091.fits
4086/spec-4086-55446-0092.fits
4086/spec-4086-55446-0093.fits
4086/spec-4086-55446-0094.fits
4086/spec-4086-55446-0095.fits
4086/spec-4086-55446-0096.fits
4086/spec-4086-55446-0097.fits
4086/spec-4086-55446-0098.fits
4086/spec-4086-55446-0099.fits
4086/spec-4086-55446-0100.fits
4086/spec-4086-55446-0101.fits
4086/spec-4086-55446-0102.fits
4086/spec-4086-55446-0103.fits
4086/spec-4086-55446-0104.fits
4086/spec-4086-55446-0105.fits
4086/spec-4086-55446-0106.fits
4086/spec-4086-55446-0107.fits
4086/spec-4086-55446-0108.fits
4086/spec-4086-55446-0109.fits
4086/spec-4086-55446-0110.fits
4086/spec-4086-55446-0111.fits
4086/spec-4086-55446-0112.fits
4086/spec-4086-55446-0113.fits
4086/spec-4086-55446-0114.fits
4086/spec-4086-55446-0115.fits
4086/spec-4086-55446-0116.fits
4086/spec-4086-55446-0117.fits
4086/spec-4086-55446-0118.fits
4086/spec-4086-55446-0119.fits
4086/spec-4086-55446-0120.fits
4086/spec-4086-55446-0121.fits
4086/spec-4086-55446-0122.fits
4086/spec-4086-55446-0123.fits
4086/spec-4086-55446-0124.fits
4086/spec-4086-55446-0125.fits
4086/spec-4086-55446-0126.fits
4086/spec-4086-55446-0127.fits
4086/spec-4086-55446-0128.fits
4086/spec-4086-55446-0129.fits
4086/spec-4086-55446-0130.fits
4086/spec-4086-55446-0131.fits
4086/spec-4086-55446-0132.fits
4086/spec-4086-55446-0133.fits
4086/spec-4086-55446-0134.fits
4086/spec-4086-55446-0135.fits
4086/spec-4086-55446-0136.fits
4086/spec-4086-55446-0137.fits
4086/spec-4086-55446-0138.fits
4086/spec-4086-55446-0139.fits
4086/spec-4086-55446-0140.fits
4086/spec-4086-55446-0141.fits
4086/spec-4086-55446-0142.fits
4086/spec-4086-55446-0143.fits
4086/spec-4086-55446-0144.fits
4086/spec-4086-55446-0145.fits
4086/spec-4086-55446-0146.fits
4086/spec-4086-55446-0147.fits
4086/spec-4086-55446-0148.fits
4086/spec-4086-55446-0149.fits
4086/spec-4086-55446-0150.fits
4086/spec-4086-55446-0151.fits
4086/spec-4086-55446-0152.fits
4086/spec-4086-55446-0153.fits
4086/spec-4086-55446-0154.fits
4086/spec-4086-55446-0155.fits
4086/spec-4086-55446-0156.fits
4086/spec-4086-55446-0157.fits
4086/spec-4086-55446-0158.fits
4086/spec-4086-55446-0159.fits
4086/spec-4086-55446-0160.fits
4086/spec-4086-55446-0161.fits
4086/spec-4086-55446-0162.fits
4086/spec-4086-55446-0163.fits
4086/spec-4086-55446-0164.fits
4086/spec-4086-55446-0165.fits
4086/spec-4086-55446-0166.fits
4086/spec-4086-55446-0167.fits
4086/spec-4086-55446-0168.fits
4086/spec-4086-55446-0169.fits
4086/spec-4086-55446-0170.fits
4086/spec-4086-55446-0171.fits
4086/spec-4086-55446-0172.fits
4086/spec-4086-55446-0173.fits
4086/spec-4086-55446-0174.fits
4086/spec-4086-55446-0175.fits
4086/spec-4086-55446-0176.fits
4086/spec-4086-55446-0177.fits
4086/spec-4086-55446-0178.fits
4086/spec-4086-55446-0179.fits
4086/spec-4086-55446-0180.fits
4086/spec-4086-55446-0181.fits
4086/spec-4086-55446-0182.fits
4086/spec-4086-55446-0183.fits
4086/spec-4086-55446-0184.fits
4086/spec-4086-55446-0185.fits
4086/spec-4086-55446-0186.fits
4086/spec-4086-55446-0187.fits
4086/spec-4086-55446-0188.fits
4086/spec-4086-55446-0189.fits
4086/spec-4086-55446-0190.fits
4086/spec-4086-55446-0191.fits
4086/spec-4086-55446-0192.fits
4086/spec-4086-55446-0193.fits
4086/spec-4086-55446-0194.fits
4086/spec-4086-55446-0195.fits
4086/spec-4086-55446-0196.fits
4086/spec-4086-55446-0197.fits
4086/spec-4086-55446-0198.fits
4086/spec-4086-55446-0199.fits
4086/spec-4086-55446-0200.fits
4086/spec-4086-55446-0201.fits
4086/spec-4086-55446-0202.fits
4086/spec-4086-55446-0203.fits
4086/spec-4086-55446-0204.fits
4086/spec-4086-55446-0205.fits
4086/spec-4086-55446-0206.fits
4086/spec-4086-55446-0207.fits
4086/spec-4086-55446-0208.fits
4086/spec-4086-55446-0209.fits
4086/spec-4086-55446-0210.fits
4086/spec-4086-55446-0211.fits
4086/spec-4086-55446-0212.fits
4086/spec-4086-55446-0213.fits
4086/spec-4086-55446-0214.fits
4086/spec-4086-55446-0215.fits
4086/spec-4086-55446-0216.fits
4086/spec-4086-55446-0217.fits
4086/spec-4086-55446-0218.fits
4086/spec-4086-55446-0219.fits
4086/spec-4086-55446-0220.fits
4086/spec-4086-55446-0221.fits
4086/spec-4086-55446-0222.fits
4086/spec-4086-55446-0223.fits
4086/spec-4086-55446-0224.fits
4086/spec-4086-55446-0225.fits
4086/spec-4086-55446-0226.fits
4086/spec-4086-55446-0227.fits
4086/spec-4086-55446-0228.fits
4086/spec-4086-55446-0229.fits
4086/spec-4086-55446-0230.fits
4086/spec-4086-55446-0231.fits
4086/spec-4086-55446-0232.fits
4086/spec-4086-55446-0233.fits
4086/spec-4086-55446-0234.fits
4086/spec-4086-55446-0235.fits
4086/spec-4086-55446-0236.fits
4086/spec-4086-55446-0237.fits
4086/spec-4086-55446-0238.fits
4086/spec-4086-55446-0239.fits
4086/spec-4086-55446-0240.fits
4086/spec-4086-55446-0241.fits
4086/spec-4086-55446-0242.fits
4086/spec-4086-55446-0243.fits
4086/spec-4086-55446-0244.fits
4086/spec-4086-55446-0245.fits
4086/spec-4086-55446-0246.fits
4086/spec-4086-55446-0247.fits
4086/spec-4086-55446-0248.fits
4086/spec-4086-55446-0249.fits
4086/spec-4086-55446-0250.fits
4086/spec-4086-55446-0251.fits
4086/spec-4086-55446-0252.fits
4086/spec-4086-55446-0253.fits
4086/spec-4086-55446-0254.fits
4086/spec-4086-55446-0255.fits
4086/spec-4086-55446-0256.fits
4086/spec-4086-55446-0257.fits
4086/spec-4086-55446-0258.fits
4086/spec-4086-55446-0259.fits
4086/spec-4086-55446-0260.fits
4086/spec-4086-55446-0261.fits
4086/spec-4086-55446-0262.fits
4086/spec-4086-55446-0263.fits
4086/spec-4086-55446-0264.fits
4086/spec-4086-55446-0265.fits
4086/spec-4086-55446-0266.fits
4086/spec-4086-55446-0267.fits
4086/spec-4086-55446-0268.fits
4086/spec-4086-55446-0269.fits
4086/spec-4086-55446-0270.fits
4086/spec-4086-55446-0271.fits
4086/spec-4086-55446-0272.fits
4086/spec-4086-55446-0273.fits
4086/spec-4086-55446-0274.fits
4086/spec-4086-55446-0275.fits
4086/spec-4086-55446-0276.fits
4086/spec-4086-55446-0277.fits
4086/spec-4086-55446-0278.fits
4086/spec-4086-55446-0279.fits
4086/spec-4086-55446-0280.fits
4086/spec-4086-55446-0281.fits
4086/spec-4086-55446-0282.fits
4086/spec-4086-55446-0283.fits
4086/spec-4086-55446-0284.fits
4086/spec-4086-55446-0285.fits
4086/spec-4086-55446-0286.fits
4086/spec-4086-55446-0287.fits
4086/spec-4086-55446-0288.fits
4086/spec-4086-55446-0289.fits
4086/spec-4086-55446-0290.fits
4086/spec-4086-55446-0291.fits
4086/spec-4086-55446-0292.fits
4086/spec-4086-55446-0293.fits
4086/spec-4086-55446-0294.fits
4086/spec-4086-55446-0295.fits
4086/spec-4086-55446-0296.fits
4086/spec-4086-55446-0297.fits
4086/spec-4086-55446-0298.fits
4086/spec-4086-55446-0299.fits
4086/spec-4086-55446-0300.fits
4086/spec-4086-55446-0301.fits
4086/spec-4086-55446-0302.fits
4086/spec-4086-55446-0303.fits
4086/spec-4086-55446-0304.fits
4086/spec-4086-55446-0305.fits
4086/spec-4086-55446-0306.fits
4086/spec-4086-55446-0307.fits
4086/spec-4086-55446-0308.fits
4086/spec-4086-55446-0309.fits
4086/spec-4086-55446-0310.fits
4086/spec-4086-55446-0311.fits
4086/spec-4086-55446-0312.fits
4086/spec-4086-55446-0313.fits
4086/spec-4086-55446-0314.fits
4086/spec-4086-55446-0315.fits
4086/spec-4086-55446-0316.fits
4086/spec-4086-55446-0317.fits
4086/spec-4086-55446-0318.fits
4086/spec-4086-55446-0319.fits
4086/spec-4086-55446-0320.fits
4086/spec-4086-55446-0321.fits
4086/spec-4086-55446-0322.fits
4086/spec-4086-55446-0323.fits
4086/spec-4086-55446-0324.fits
4086/spec-4086-55446-0325.fits
4086/spec-4086-55446-0326.fits
4086/spec-4086-55446-0327.fits
4086/spec-4086-55446-0328.fits
4086/spec-4086-55446-0329.fits
4086/spec-4086-55446-0330.fits
4086/spec-4086-55446-0331.fits
4086/spec-4086-55446-0332.fits
4086/spec-4086-55446-0333.fits
4086/spec-4086-55446-0334.fits
4086/spec-4086-55446-0335.fits
4086/spec-4086-55446-0336.fits
4086/spec-4086-55446-0337.fits
4086/spec-4086-55446-0338.fits
4086/spec-4086-55446-0339.fits
4086/spec-4086-55446-0340.fits
4086/spec-4086-55446-0341.fits
4086/spec-4086-55446-0342.fits
4086/spec-4086-55446-0343.fits
4086/spec-4086-55446-0344.fits
4086/spec-4086-55446-0345.fits
4086/spec-4086-55446-0346.fits
4086/spec-4086-55446-0347.fits
4086/spec-4086-55446-0348.fits
4086/spec-4086-55446-0349.fits
4086/spec-4086-55446-0350.fits
4086/spec-4086-55446-0351.fits
4086/spec-4086-55446-0352.fits
4086/spec-4086-55446-0353.fits
4086/spec-4086-55446-0354.fits
4086/spec-4086-55446-0355.fits
4086/spec-4086-55446-0356.fits
4086/spec-4086-55446-0357.fits
4086/spec-4086-55446-0358.fits
4086/spec-4086-55446-0359.fits
4086/spec-4086-55446-0360.fits
4086/spec-4086-55446-0361.fits
4086/spec-4086-55446-0362.fits
4086/spec-4086-55446-0363.fits
4086/spec-4086-55446-0364.fits
4086/spec-4086-55446-0365.fits
4086/spec-4086-55446-0366.fits
4086/spec-4086-55446-0367.fits
4086/spec-4086-55446-0368.fits
4086/spec-4086-55446-0369.fits
4086/spec-4086-55446-0370.fits
4086/spec-4086-55446-0371.fits
4086/spec-4086-55446-0372.fits
4086/spec-4086-55446-0373.fits
4086/spec-4086-55446-0374.fits
4086/spec-4086-55446-0375.fits
4086/spec-4086-55446-0376.fits
4086/spec-4086-55446-0377.fits
4086/spec-4086-55446-0378.fits
4086/spec-4086-55446-0379.fits
4086/spec-4086-55446-0380.fits
4086/spec-4086-55446-0381.fits
4086/spec-4086-55446-0382.fits
4086/spec-4086-55446-0383.fits
4086/spec-4086-55446-0384.fits
4086/spec-4086-55446-0385.fits
4086/spec-4086-55446-0386.fits
4086/spec-4086-55446-0387.fits
4086/spec-4086-55446-0388.fits
4086/spec-4086-55446-0389.fits
4086/spec-4086-55446-0390.fits
4086/spec-4086-55446-0391.fits
4086/spec-4086-55446-0392.fits
4086/spec-4086-55446-0393.fits
4086/spec-4086-55446-0394.fits
4086/spec-4086-55446-0395.fits
4086/spec-4086-55446-0396.fits
4086/spec-4086-55446-0397.fits
4086/spec-4086-55446-0398.fits
4086/spec-4086-55446-0399.fits
4086/spec-4086-55446-0400.fits
4086/spec-4086-55446-0401.fits
4086/spec-4086-55446-0402.fits
4086/spec-4086-55446-0403.fits
4086/spec-4086-55446-0404.fits
4086/spec-4086-55446-0405.fits
4086/spec-4086-55446-0406.fits
4086/spec-4086-55446-0407.fits
4086/spec-4086-55446-0408.fits
4086/spec-4086-55446-0409.fits
4086/spec-4086-55446-0410.fits
4086/spec-4086-55446-0411.fits
4086/spec-4086-55446-0412.fits
4086/spec-4086-55446-0413.fits
4086/spec-4086-55446-0414.fits
4086/spec-4086-55446-0415.fits
4086/spec-4086-55446-0416.fits
4086/spec-4086-55446-0417.fits
4086/spec-4086-55446-0418.fits
4086/spec-4086-55446-0419.fits
4086/spec-4086-55446-0420.fits
4086/spec-4086-55446-0421.fits
4086/spec-4086-55446-0422.fits
4086/spec-4086-55446-0423.fits
4086/spec-4086-55446-0424.fits
4086/spec-4086-55446-0425.fits
4086/spec-4086-55446-0426.fits
4086/spec-4086-55446-0427.fits
4086/spec-4086-55446-0428.fits
4086/spec-4086-55446-0429.fits
4086/spec-4086-55446-0430.fits
4086/spec-4086-55446-0431.fits
4086/spec-4086-55446-0432.fits
4086/spec-4086-55446-0433.fits
4086/spec-4086-55446-0434.fits
4086/spec-4086-55446-0435.fits
4086/spec-4086-55446-0436.fits
4086/spec-4086-55446-0437.fits
4086/spec-4086-55446-0438.fits
4086/spec-4086-55446-0439.fits
4086/spec-4086-55446-0440.fits
4086/spec-4086-55446-0441.fits
4086/spec-4086-55446-0442.fits
4086/spec-4086-55446-0443.fits
4086/spec-4086-55446-0444.fits
4086/spec-4086-55446-0445.fits
4086/spec-4086-55446-0446.fits
4086/spec-4086-55446-0447.fits
4086/spec-4086-55446-0448.fits
4086/spec-4086-55446-0449.fits
4086/spec-4086-55446-0450.fits
4086/spec-4086-55446-0451.fits
4086/spec-4086-55446-0452.fits
4086/spec-4086-55446-0453.fits
4086/spec-4086-55446-0454.fits
4086/spec-4086-55446-0455.fits
4086/spec-4086-55446-0456.fits
4086/spec-4086-55446-0457.fits
4086/spec-4086-55446-0458.fits
4086/spec-4086-55446-0459.fits
4086/spec-4086-55446-0460.fits
4086/spec-4086-55446-0461.fits
4086/spec-4086-55446-0462.fits
4086/spec-4086-55446-0463.fits
4086/spec-4086-55446-0464.fits
4086/spec-4086-55446-0465.fits
4086/spec-4086-55446-0466.fits
4086/spec-4086-55446-0467.fits
4086/spec-4086-55446-0468.fits
4086/spec-4086-55446-0469.fits
4086/spec-4086-55446-0470.fits
4086/spec-4086-55446-0471.fits
4086/spec-4086-55446-0472.fits
4086/spec-4086-55446-0473.fits
4086/spec-4086-55446-0474.fits
4086/spec-4086-55446-0475.fits
4086/spec-4086-55446-0476.fits
4086/spec-4086-55446-0477.fits
4086/spec-4086-55446-0478.fits
4086/spec-4086-55446-0479.fits
4086/spec-4086-55446-0480.fits
4086/spec-4086-55446-0481.fits
4086/spec-4086-55446-0482.fits
4086/spec-4086-55446-0483.fits
4086/spec-4086-55446-0484.fits
4086/spec-4086-55446-0485.fits
4086/spec-4086-55446-0486.fits
4086/spec-4086-55446-0487.fits
4086/spec-4086-55446-0488.fits
4086/spec-4086-55446-0489.fits
4086/spec-4086-55446-0490.fits
4086/spec-4086-55446-0491.fits
4086/spec-4086-55446-0492.fits
4086/spec-4086-55446-0493.fits
4086/spec-4086-55446-0494.fits
4086/spec-4086-55446-0495.fits
4086/spec-4086-55446-0496.fits
4086/spec-4086-55446-0497.fits
4086/spec-4086-55446-0498.fits
4086/spec-4086-55446-0499.fits
4086/spec-4086-55446-0500.fits
4086/spec-4086-55446-0501.fits
4086/spec-4086-55446-0502.fits
4086/spec-4086-55446-0503.fits
4086/spec-4086-55446-0504.fits
4086/spec-4086-55446-0505.fits
4086/spec-4086-55446-0506.fits
4086/spec-4086-55446-0507.fits
4086/spec-4086-55446-0508.fits
4086/spec-4086-55446-0509.fits
4086/spec-4086-55446-0510.fits
4086/spec-4086-55446-0511.fits
4086/spec-4086-55446-0512.fits
4086/spec-4086-55446-0513.fits
4086/spec-4086-55446-0514.fits
4086/spec-4086-55446-0515.fits
4086/spec-4086-55446-0516.fits
4086/spec-4086-55446-0517.fits
4086/spec-4086-55446-0518.fits
4086/spec-4086-55446-0519.fits
4086/spec-4086-55446-0520.fits
4086/spec-4086-55446-0521.fits
4086/spec-4086-55446-0522.fits
4086/spec-4086-55446-0523.fits
4086/spec-4086-55446-0524.fits
4086/spec-4086-55446-0525.fits
4086/spec-4086-55446-0526.fits
4086/spec-4086-55446-0527.fits
4086/spec-4086-55446-0528.fits
4086/spec-4086-55446-0529.fits
4086/spec-4086-55446-0530.fits
4086/spec-4086-55446-0531.fits
4086/spec-4086-55446-0532.fits
4086/spec-4086-55446-0533.fits
4086/spec-4086-55446-0534.fits
4086/spec-4086-55446-0535.fits
4086/spec-4086-55446-0536.fits
4086/spec-4086-55446-0537.fits
4086/spec-4086-55446-0538.fits
4086/spec-4086-55446-0539.fits
4086/spec-4086-55446-0540.fits
4086/spec-4086-55446-0541.fits
4086/spec-4086-55446-0542.fits
4086/spec-4086-55446-0543.fits
4086/spec-4086-55446-0544.fits
4086/spec-4086-55446-0545.fits
4086/spec-4086-55446-0546.fits
4086/spec-4086-55446-0547.fits
4086/spec-4086-55446-0548.fits
4086/spec-4086-55446-0549.fits
4086/spec-4086-55446-0550.fits
4086/spec-4086-55446-0551.fits
4086/spec-4086-55446-0552.fits
4086/spec-4086-55446-0553.fits
4086/spec-4086-55446-0554.fits
4086/spec-4086-55446-0555.fits
4086/spec-4086-55446-0556.fits
4086/spec-4086-55446-0557.fits
4086/spec-4086-55446-0558.fits
4086/spec-4086-55446-0559.fits
4086/spec-4086-55446-0560.fits
4086/spec-4086-55446-0561.fits
4086/spec-4086-55446-0562.fits
4086/spec-4086-55446-0563.fits
4086/spec-4086-55446-0564.fits
4086/spec-4086-55446-0565.fits
4086/spec-4086-55446-0566.fits
4086/spec-4086-55446-0567.fits
4086/spec-4086-55446-0568.fits
4086/spec-4086-55446-0569.fits
4086/spec-4086-55446-0570.fits
4086/spec-4086-55446-0571.fits
4086/spec-4086-55446-0572.fits
4086/spec-4086-55446-0573.fits
4086/spec-4086-55446-0574.fits
4086/spec-4086-55446-0575.fits
4086/spec-4086-55446-0576.fits
4086/spec-4086-55446-0577.fits
4086/spec-4086-55446-0578.fits
4086/spec-4086-55446-0579.fits
4086/spec-4086-55446-0580.fits
4086/spec-4086-55446-0581.fits
4086/spec-4086-55446-0582.fits
4086/spec-4086-55446-0583.fits
4086/spec-4086-55446-0584.fits
4086/spec-4086-55446-0585.fits
4086/spec-4086-55446-0586.fits
4086/spec-4086-55446-0587.fits
4086/spec-4086-55446-0588.fits
4086/spec-4086-55446-0589.fits
4086/spec-4086-55446-0590.fits
4086/spec-4086-55446-0591.fits
4086/spec-4086-55446-0592.fits
4086/spec-4086-55446-0593.fits
4086/spec-4086-55446-0594.fits
4086/spec-4086-55446-0595.fits
4086/spec-4086-55446-0596.fits
4086/spec-4086-55446-0597.fits
4086/spec-4086-55446-0598.fits
4086/spec-4086-55446-0599.fits
4086/spec-4086-55446-0600.fits
4086/spec-4086-55446-0601.fits
4086/spec-4086-55446-0602.fits
4086/spec-4086-55446-0603.fits
4086/spec-4086-55446-0604.fits
4086/spec-4086-55446-0605.fits
4086/spec-4086-55446-0606.fits
4086/spec-4086-55446-0607.fits
4086/spec-4086-55446-0608.fits
4086/spec-4086-55446-0609.fits
4086/spec-4086-55446-0610.fits
4086/spec-4086-55446-0611.fits
4086/spec-4086-55446-0612.fits
4086/spec-4086-55446-0613.fits
4086/spec-4086-55446-0614.fits
4086/spec-4086-55446-0615.fits
4086/spec-4086-55446-0616.fits
4086/spec-4086-55446-0617.fits
4086/spec-4086-55446-0618.fits
4086/spec-4086-55446-0619.fits
4086/spec-4086-55446-0620.fits
4086/spec-4086-55446-0621.fits
4086/spec-4086-55446-0622.fits
4086/spec-4086-55446-0623.fits
4086/spec-4086-55446-0624.fits
4086/spec-4086-55446-0625.fits
4086/spec-4086-55446-0626.fits
4086/spec-4086-55446-0627.fits
4086/spec-4086-55446-0628.fits
4086/spec-4086-55446-0629.fits
4086/spec-4086-55446-0630.fits
4086/spec-4086-55446-0631.fits
4086/spec-4086-55446-0632.fits
4086/spec-4086-55446-0633.fits
4086/spec-4086-55446-0634.fits
4086/spec-4086-55446-0635.fits
4086/spec-4086-55446-0636.fits
4086/spec-4086-55446-0637.fits
4086/spec-4086-55446-0638.fits
4086/spec-4086-55446-0639.fits
4086/spec-4086-55446-0640.fits
4086/spec-4086-55446-0641.fits
4086/spec-4086-55446-0642.fits
4086/spec-4086-55446-0643.fits
4086/spec-4086-55446-0644.fits
4086/spec-4086-55446-0645.fits
4086/spec-4086-55446-0646.fits
4086/spec-4086-55446-0647.fits
4086/spec-4086-55446-0648.fits
4086/spec-4086-55446-0649.fits
4086/spec-4086-55446-0650.fits
4086/spec-4086-55446-0651.fits
4086/spec-4086-55446-0652.fits
4086/spec-4086-55446-0653.fits
4086/spec-4086-55446-0654.fits
4086/spec-4086-55446-0655.fits
4086/spec-4086-55446-0656.fits
4086/spec-4086-55446-0657.fits
4086/spec-4086-55446-0658.fits
4086/spec-4086-55446-0659.fits
4086/spec-4086-55446-0660.fits
4086/spec-4086-55446-0661.fits
4086/spec-4086-55446-0662.fits
4086/spec-4086-55446-0663.fits
4086/spec-4086-55446-0664.fits
4086/spec-4086-55446-0665.fits
4086/spec-4086-55446-0666.fits
4086/spec-4086-55446-0667.fits
4086/spec-4086-55446-0668.fits
4086/spec-4086-55446-0669.fits
4086/spec-4086-55446-0670.fits
4086/spec-4086-55446-0671.fits
4086/spec-4086-55446-0672.fits
4086/spec-4086-55446-0673.fits
4086/spec-4086-55446-0674.fits
4086/spec-4086-55446-0675.fits
4086/spec-4086-55446-0676.fits
4086/spec-4086-55446-0677.fits
4086/spec-4086-55446-0678.fits
4086/spec-4086-55446-0679.fits
4086/spec-4086-55446-0680.fits
4086/spec-4086-55446-0681.fits
4086/spec-4086-55446-0682.fits
4086/spec-4086-55446-0683.fits
4086/spec-4086-55446-0684.fits
4086/spec-4086-55446-0685.fits
4086/spec-4086-55446-0686.fits
4086/spec-4086-55446-0687.fits
4086/spec-4086-55446-0688.fits
4086/spec-4086-55446-0689.fits
4086/spec-4086-55446-0690.fits
4086/spec-4086-55446-0691.fits
4086/spec-4086-55446-0692.fits
4086/spec-4086-55446-0693.fits
4086/spec-4086-55446-0694.fits
4086/spec-4086-55446-0695.fits
4086/spec-4086-55446-0696.fits
4086/spec-4086-55446-0697.fits
4086/spec-4086-55446-0698.fits
4086/spec-4086-55446-0699.fits
4086/spec-4086-55446-0700.fits
4086/spec-4086-55446-0701.fits
4086/spec-4086-55446-0702.fits
4086/spec-4086-55446-0703.fits
4086/spec-4086-55446-0704.fits
4086/spec-4086-55446-0705.fits
4086/spec-4086-55446-0706.fits
4086/spec-4086-55446-0707.fits
4086/spec-4086-55446-0708.fits
4086/spec-4086-55446-0709.fits
4086/spec-4086-55446-0710.fits
4086/spec-4086-55446-0711.fits
4086/spec-4086-55446-0712.fits
4086/spec-4086-55446-0713.fits
4086/spec-4086-55446-0714.fits
4086/spec-4086-55446-0715.fits
4086/spec-4086-55446-0716.fits
4086/spec-4086-55446-0717.fits
4086/spec-4086-55446-0718.fits
4086/spec-4086-55446-0719.fits
4086/spec-4086-55446-0720.fits
4086/spec-4086-55446-0721.fits
4086/spec-4086-55446-0722.fits
4086/spec-4086-55446-0723.fits
4086/spec-4086-55446-0724.fits
4086/spec-4086-55446-0725.fits
4086/spec-4086-55446-0726.fits
4086/spec-4086-55446-0727.fits
4086/spec-4086-55446-0728.fits
4086/spec-4086-55446-0729.fits
4086/spec-4086-55446-0730.fits
4086/spec-4086-55446-0731.fits
4086/spec-4086-55446-0732.fits
4086/spec-4086-55446-0733.fits
4086/spec-4086-55446-0734.fits
4086/spec-4086-55446-0735.fits
4086/spec-4086-55446-0736.fits
4086/spec-4086-55446-0737.fits
4086/spec-4086-55446-0738.fits
4086/spec-4086-55446-0739.fits
4086/spec-4086-55446-0740.fits
4086/spec-4086-55446-0741.fits
4086/spec-4086-55446-0742.fits
4086/spec-4086-55446-0743.fits
4086/spec-4086-55446-0744.fits
4086/spec-4086-55446-0745.fits
4086/spec-4086-55446-0746.fits
4086/spec-4086-55446-0747.fits
4086/spec-4086-55446-0748.fits
4086/spec-4086-55446-0749.fits
4086/spec-4086-55446-0750.fits
4086/spec-4086-55446-0751.fits
4086/spec-4086-55446-0752.fits
4086/spec-4086-55446-0753.fits
4086/spec-4086-55446-0754.fits
4086/spec-4086-55446-0755.fits
4086/spec-4086-55446-0756.fits
4086/spec-4086-55446-0757.fits
4086/spec-4086-55446-0758.fits
4086/spec-4086-55446-0759.fits
4086/spec-4086-55446-0760.fits
4086/spec-4086-55446-0761.fits
4086/spec-4086-55446-0762.fits
4086/spec-4086-55446-0763.fits
4086/spec-4086-55446-0764.fits
4086/spec-4086-55446-0765.fits
4086/spec-4086-55446-0766.fits
4086/spec-4086-55446-0767.fits
4086/spec-4086-55446-0768.fits
4086/spec-4086-55446-0769.fits
4086/spec-4086-55446-0770.fits
4086/spec-4086-55446-0771.fits
4086/spec-4086-55446-0772.fits
4086/spec-4086-55446-0773.fits
4086/spec-4086-55446-0774.fits
4086/spec-4086-55446-0775.fits
4086/spec-4086-55446-0776.fits
4086/spec-4086-55446-0777.fits
4086/spec-4086-55446-0778.fits
4086/spec-4086-55446-0779.fits
4086/spec-4086-55446-0780.fits
4086/spec-4086-55446-0781.fits
4086/spec-4086-55446-0782.fits
4086/spec-4086-55446-0783.fits
4086/spec-4086-55446-0784.fits
4086/spec-4086-55446-0785.fits
4086/spec-4086-55446-0786.fits
4086/spec-4086-55446-0787.fits
4086/spec-4086-55446-0788.fits
4086/spec-4086-55446-0789.fits
4086/spec-4086-55446-0790.fits
4086/spec-4086-55446-0791.fits
4086/spec-4086-55446-0792.fits
4086/spec-4086-55446-0793.fits
4086/spec-4086-55446-0794.fits
4086/spec-4086-55446-0795.fits
4086/spec-4086-55446-0796.fits
4086/spec-4086-55446-0797.fits
4086/spec-4086-55446-0798.fits
4086/spec-4086-55446-0799.fits
4086/spec-4086-55446-0800.fits
4086/spec-4086-55446-0801.fits
4086/spec-4086-55446-0802.fits
4086/spec-4086-55446-0803.fits
4086/spec-4086-55446-0804.fits
4086/spec-4086-55446-0805.fits
4086/spec-4086-55446-0806.fits
4086/spec-4086-55446-0807.fits
4086/spec-4086-55446-0808.fits
4086/spec-4086-55446-0809.fits
4086/spec-4086-55446-0810.fits
4086/spec-4086-55446-0811.fits
4086/spec-4086-55446-0812.fits
4086/spec-4086-55446-0813.fits
4086/spec-4086-55446-0814.fits
4086/spec-4086-55446-0815.fits
4086/spec-4086-55446-0816.fits
4086/spec-4086-55446-0817.fits
4086/spec-4086-55446-0818.fits
4086/spec-4086-55446-0819.fits
4086/spec-4086-55446-0820.fits
4086/spec-4086-55446-0821.fits
4086/spec-4086-55446-0822.fits
4086/spec-4086-55446-0823.fits
4086/spec-4086-55446-0824.fits
4086/spec-4086-55446-0825.fits
4086/spec-4086-55446-0826.fits
4086/spec-4086-55446-0827.fits
4086/spec-4086-55446-0828.fits
4086/spec-4086-55446-0829.fits
4086/spec-4086-55446-0830.fits
4086/spec-4086-55446-0831.fits
4086/spec-4086-55446-0832.fits
4086/spec-4086-55446-0833.fits
4086/spec-4086-55446-0834.fits
4086/spec-4086-55446-0835.fits
4086/spec-4086-55446-0836.fits
4086/spec-4086-55446-0837.fits
4086/spec-4086-55446-0838.fits
4086/spec-4086-55446-0839.fits
4086/spec-4086-55446-0840.fits
4086/spec-4086-55446-0841.fits
4086/spec-4086-55446-0842.fits
4086/spec-4086-55446-0843.fits
4086/spec-4086-55446-0844.fits
4086/spec-4086-55446-0845.fits
4086/spec-4086-55446-0846.fits
4086/spec-4086-55446-0847.fits
4086/spec-4086-55446-0848.fits
4086/spec-4086-55446-0849.fits
4086/spec-4086-55446-0850.fits
4086/spec-4086-55446-0851.fits
4086/spec-4086-55446-0852.fits
4086/spec-4086-55446-0853.fits
4086/spec-4086-55446-0854.fits
4086/spec-4086-55446-0855.fits
4086/spec-4086-55446-0856.fits
4086/spec-4086-55446-0857.fits
4086/spec-4086-55446-0858.fits
4086/spec-4086-55446-0859.fits
4086/spec-4086-55446-0860.fits
4086/spec-4086-55446-0861.fits
4086/spec-4086-55446-0862.fits
4086/spec-4086-55446-0863.fits
4086/spec-4086-55446-0864.fits
4086/spec-4086-55446-0865.fits
4086/spec-4086-55446-0866.fits
4086/spec-4086-55446-0867.fits
4086/spec-4086-55446-0868.fits
4086/spec-4086-55446-0869.fits
4086/spec-4086-55446-0870.fits
4086/spec-4086-55446-0871.fits
4086/spec-4086-55446-0872.fits
4086/spec-4086-55446-0873.fits
4086/spec-4086-55446-0874.fits
4086/spec-4086-55446-0875.fits
4086/spec-4086-55446-0876.fits
4086/spec-4086-55446-0877.fits
4086/spec-4086-55446-0878.fits
4086/spec-4086-55446-0879.fits
4086/spec-4086-55446-0880.fits
4086/spec-4086-55446-0881.fits
4086/spec-4086-55446-0882.fits
4086/spec-4086-55446-0883.fits
4086/spec-4086-55446-0884.fits
4086/spec-4086-55446-0885.fits
4086/spec-4086-55446-0886.fits
4086/spec-4086-55446-0887.fits
4086/spec-4086-55446-0888.fits
4086/spec-4086-55446-0889.fits
4086/spec-4086-55446-0890.fits
4086/spec-4086-55446-0891.fits
4086/spec-4086-55446-0892.fits
4086/spec-4086-55446-0893.fits
4086/spec-4086-55446-0894.fits
4086/spec-4086-55446-0895.fits
4086/spec-4086-55446-0896.fits
4086/spec-4086-55446-0897.fits
4086/spec-4086-55446-0898.fits
4086/spec-4086-55446-0899.fits
4086/spec-4086-55446-0900.fits
4086/spec-4086-55446-0901.fits
4086/spec-4086-55446-0902.fits
4086/spec-4086-55446-0903.fits
4086/spec-4086-55446-0904.fits
4086/spec-4086-55446-0905.fits
4086/spec-4086-55446-0906.fits
4086/spec-4086-55446-0907.fits
4086/spec-4086-55446-0908.fits
4086/spec-4086-55446-0909.fits
4086/spec-4086-55446-0910.fits
4086/spec-4086-55446-0911.fits
4086/spec-4086-55446-0912.fits
4086/spec-4086-55446-0913.fits
4086/spec-4086-55446-0914.fits
4086/spec-4086-55446-0915.fits
4086/spec-4086-55446-0916.fits
4086/spec-4086-55446-0917.fits
4086/spec-4086-55446-0918.fits
4086/spec-4086-55446-0919.fits
4086/spec-4086-55446-0920.fits
4086/spec-4086-55446-0921.fits
4086/spec-4086-55446-0922.fits
4086/spec-4086-55446-0923.fits
4086/spec-4086-55446-0924.fits
4086/spec-4086-55446-0925.fits
4086/spec-4086-55446-0926.fits
4086/spec-4086-55446-0927.fits
4086/spec-4086-55446-0928.fits
4086/spec-4086-55446-0929.fits
4086/spec-4086-55446-0930.fits
4086/spec-4086-55446-0931.fits
4086/spec-4086-55446-0932.fits
4086/spec-4086-55446-0933.fits
4086/spec-4086-55446-0934.fits
4086/spec-4086-55446-0935.fits
4086/spec-4086-55446-0936.fits
4086/spec-4086-55446-0937.fits
4086/spec-4086-55446-0938.fits
4086/spec-4086-55446-0939.fits
4086/spec-4086-55446-0940.fits
4086/spec-4086-55446-0941.fits
4086/spec-4086-55446-0942.fits
4086/spec-4086-55446-0943.fits
4086/spec-4086-55446-0944.fits
4086/spec-4086-55446-0945.fits
4086/spec-4086-55446-0946.fits
4086/spec-4086-55446-0947.fits
4086/spec-4086-55446-0948.fits
4086/spec-4086-55446-0949.fits
4086/spec-4086-55446-0950.fits
4086/spec-4086-55446-0951.fits
4086/spec-4086-55446-0952.fits
4086/spec-4086-55446-0953.fits
4086/spec-4086-55446-0954.fits
4086/spec-4086-55446-0955.fits
4086/spec-4086-55446-0956.fits
4086/spec-4086-55446-0957.fits
4086/spec-4086-55446-0958.fits
4086/spec-4086-55446-0959.fits
4086/spec-4086-55446-0960.fits
4086/spec-4086-55446-0961.fits
4086/spec-4086-55446-0962.fits
4086/spec-4086-55446-0963.fits
4086/spec-4086-55446-0964.fits
4086/spec-4086-55446-0965.fits
4086/spec-4086-55446-0966.fits
4086/spec-4086-55446-0967.fits
4086/spec-4086-55446-0968.fits
4086/spec-4086-55446-0969.fits
4086/spec-4086-55446-0970.fits
4086/spec-4086-55446-0971.fits
4086/spec-4086-55446-0972.fits
4086/spec-4086-55446-0973.fits
4086/spec-4086-55446-0974.fits
4086/spec-4086-55446-0975.fits
4086/spec-4086-55446-0976.fits
4086/spec-4086-55446-0977.fits
4086/spec-4086-55446-0978.fits
4086/spec-4086-55446-0979.fits
4086/spec-4086-55446-0980.fits
4086/spec-4086-55446-0981.fits
4086/spec-4086-55446-0982.fits
4086/spec-4086-55446-0983.fits
4086/spec-4086-55446-0984.fits
4086/spec-4086-55446-0985.fits
4086/spec-4086-55446-0986.fits
4086/spec-4086-55446-0987.fits
4086/spec-4086-55446-0988.fits
4086/spec-4086-55446-0989.fits
4086/spec-4086-55446-0990.fits
4086/spec-4086-55446-0991.fits
4086/spec-4086-55446-0992.fits
4086/spec-4086-55446-0993.fits
4086/spec-4086-55446-0994.fits
4086/spec-4086-55446-0995.fits
4086/spec-4086-55446-0996.fits
4086/spec-4086-55446-0997.fits
4086/spec-4086-55446-0998.fits
4086/spec-4086-55446-0999.fits
4086/spec-4086-55446-1000.fits
/var/lib/condor/execute/slot1/dir_5773
4086 4086.tgz R R361.tar.gz _condor_stderr _condor_stdout cB58_Lyman_break.fit condor_exec.exe hw4.R packages packages.tar.gz tmp var
[1] "Loaded package astro."
[1] 1000
4086 4086.csv 4086.tgz R R361.tar.gz _condor_stderr _condor_stdout cB58_Lyman_break.fit condor_exec.exe hw4.R packages packages.tar.gz tmp var
