3679
3679/
3679/spec-3679-55209-0001.fits
3679/spec-3679-55209-0002.fits
3679/spec-3679-55209-0003.fits
3679/spec-3679-55209-0004.fits
3679/spec-3679-55209-0005.fits
3679/spec-3679-55209-0006.fits
3679/spec-3679-55209-0007.fits
3679/spec-3679-55209-0008.fits
3679/spec-3679-55209-0009.fits
3679/spec-3679-55209-0010.fits
3679/spec-3679-55209-0011.fits
3679/spec-3679-55209-0012.fits
3679/spec-3679-55209-0013.fits
3679/spec-3679-55209-0014.fits
3679/spec-3679-55209-0015.fits
3679/spec-3679-55209-0016.fits
3679/spec-3679-55209-0017.fits
3679/spec-3679-55209-0018.fits
3679/spec-3679-55209-0019.fits
3679/spec-3679-55209-0020.fits
3679/spec-3679-55209-0021.fits
3679/spec-3679-55209-0022.fits
3679/spec-3679-55209-0023.fits
3679/spec-3679-55209-0024.fits
3679/spec-3679-55209-0025.fits
3679/spec-3679-55209-0026.fits
3679/spec-3679-55209-0027.fits
3679/spec-3679-55209-0028.fits
3679/spec-3679-55209-0029.fits
3679/spec-3679-55209-0030.fits
3679/spec-3679-55209-0031.fits
3679/spec-3679-55209-0032.fits
3679/spec-3679-55209-0033.fits
3679/spec-3679-55209-0034.fits
3679/spec-3679-55209-0035.fits
3679/spec-3679-55209-0036.fits
3679/spec-3679-55209-0037.fits
3679/spec-3679-55209-0038.fits
3679/spec-3679-55209-0039.fits
3679/spec-3679-55209-0040.fits
3679/spec-3679-55209-0041.fits
3679/spec-3679-55209-0042.fits
3679/spec-3679-55209-0043.fits
3679/spec-3679-55209-0044.fits
3679/spec-3679-55209-0045.fits
3679/spec-3679-55209-0046.fits
3679/spec-3679-55209-0047.fits
3679/spec-3679-55209-0048.fits
3679/spec-3679-55209-0049.fits
3679/spec-3679-55209-0050.fits
3679/spec-3679-55209-0051.fits
3679/spec-3679-55209-0052.fits
3679/spec-3679-55209-0053.fits
3679/spec-3679-55209-0054.fits
3679/spec-3679-55209-0055.fits
3679/spec-3679-55209-0056.fits
3679/spec-3679-55209-0057.fits
3679/spec-3679-55209-0058.fits
3679/spec-3679-55209-0059.fits
3679/spec-3679-55209-0060.fits
3679/spec-3679-55209-0061.fits
3679/spec-3679-55209-0062.fits
3679/spec-3679-55209-0063.fits
3679/spec-3679-55209-0064.fits
3679/spec-3679-55209-0065.fits
3679/spec-3679-55209-0066.fits
3679/spec-3679-55209-0067.fits
3679/spec-3679-55209-0068.fits
3679/spec-3679-55209-0069.fits
3679/spec-3679-55209-0070.fits
3679/spec-3679-55209-0071.fits
3679/spec-3679-55209-0072.fits
3679/spec-3679-55209-0073.fits
3679/spec-3679-55209-0074.fits
3679/spec-3679-55209-0075.fits
3679/spec-3679-55209-0076.fits
3679/spec-3679-55209-0077.fits
3679/spec-3679-55209-0078.fits
3679/spec-3679-55209-0079.fits
3679/spec-3679-55209-0080.fits
3679/spec-3679-55209-0081.fits
3679/spec-3679-55209-0082.fits
3679/spec-3679-55209-0083.fits
3679/spec-3679-55209-0084.fits
3679/spec-3679-55209-0085.fits
3679/spec-3679-55209-0086.fits
3679/spec-3679-55209-0087.fits
3679/spec-3679-55209-0088.fits
3679/spec-3679-55209-0089.fits
3679/spec-3679-55209-0090.fits
3679/spec-3679-55209-0091.fits
3679/spec-3679-55209-0092.fits
3679/spec-3679-55209-0093.fits
3679/spec-3679-55209-0094.fits
3679/spec-3679-55209-0095.fits
3679/spec-3679-55209-0096.fits
3679/spec-3679-55209-0097.fits
3679/spec-3679-55209-0098.fits
3679/spec-3679-55209-0099.fits
3679/spec-3679-55209-0100.fits
3679/spec-3679-55209-0101.fits
3679/spec-3679-55209-0102.fits
3679/spec-3679-55209-0103.fits
3679/spec-3679-55209-0104.fits
3679/spec-3679-55209-0105.fits
3679/spec-3679-55209-0106.fits
3679/spec-3679-55209-0107.fits
3679/spec-3679-55209-0108.fits
3679/spec-3679-55209-0109.fits
3679/spec-3679-55209-0110.fits
3679/spec-3679-55209-0111.fits
3679/spec-3679-55209-0112.fits
3679/spec-3679-55209-0113.fits
3679/spec-3679-55209-0114.fits
3679/spec-3679-55209-0115.fits
3679/spec-3679-55209-0116.fits
3679/spec-3679-55209-0117.fits
3679/spec-3679-55209-0118.fits
3679/spec-3679-55209-0119.fits
3679/spec-3679-55209-0120.fits
3679/spec-3679-55209-0121.fits
3679/spec-3679-55209-0122.fits
3679/spec-3679-55209-0123.fits
3679/spec-3679-55209-0124.fits
3679/spec-3679-55209-0125.fits
3679/spec-3679-55209-0126.fits
3679/spec-3679-55209-0127.fits
3679/spec-3679-55209-0128.fits
3679/spec-3679-55209-0129.fits
3679/spec-3679-55209-0130.fits
3679/spec-3679-55209-0131.fits
3679/spec-3679-55209-0132.fits
3679/spec-3679-55209-0133.fits
3679/spec-3679-55209-0134.fits
3679/spec-3679-55209-0135.fits
3679/spec-3679-55209-0136.fits
3679/spec-3679-55209-0137.fits
3679/spec-3679-55209-0138.fits
3679/spec-3679-55209-0139.fits
3679/spec-3679-55209-0140.fits
3679/spec-3679-55209-0141.fits
3679/spec-3679-55209-0142.fits
3679/spec-3679-55209-0143.fits
3679/spec-3679-55209-0144.fits
3679/spec-3679-55209-0145.fits
3679/spec-3679-55209-0146.fits
3679/spec-3679-55209-0147.fits
3679/spec-3679-55209-0148.fits
3679/spec-3679-55209-0149.fits
3679/spec-3679-55209-0150.fits
3679/spec-3679-55209-0151.fits
3679/spec-3679-55209-0152.fits
3679/spec-3679-55209-0153.fits
3679/spec-3679-55209-0154.fits
3679/spec-3679-55209-0155.fits
3679/spec-3679-55209-0156.fits
3679/spec-3679-55209-0157.fits
3679/spec-3679-55209-0158.fits
3679/spec-3679-55209-0159.fits
3679/spec-3679-55209-0160.fits
3679/spec-3679-55209-0161.fits
3679/spec-3679-55209-0162.fits
3679/spec-3679-55209-0163.fits
3679/spec-3679-55209-0164.fits
3679/spec-3679-55209-0165.fits
3679/spec-3679-55209-0166.fits
3679/spec-3679-55209-0167.fits
3679/spec-3679-55209-0168.fits
3679/spec-3679-55209-0169.fits
3679/spec-3679-55209-0170.fits
3679/spec-3679-55209-0171.fits
3679/spec-3679-55209-0172.fits
3679/spec-3679-55209-0173.fits
3679/spec-3679-55209-0174.fits
3679/spec-3679-55209-0175.fits
3679/spec-3679-55209-0176.fits
3679/spec-3679-55209-0177.fits
3679/spec-3679-55209-0178.fits
3679/spec-3679-55209-0179.fits
3679/spec-3679-55209-0180.fits
3679/spec-3679-55209-0181.fits
3679/spec-3679-55209-0182.fits
3679/spec-3679-55209-0183.fits
3679/spec-3679-55209-0184.fits
3679/spec-3679-55209-0185.fits
3679/spec-3679-55209-0186.fits
3679/spec-3679-55209-0187.fits
3679/spec-3679-55209-0188.fits
3679/spec-3679-55209-0189.fits
3679/spec-3679-55209-0190.fits
3679/spec-3679-55209-0191.fits
3679/spec-3679-55209-0192.fits
3679/spec-3679-55209-0193.fits
3679/spec-3679-55209-0194.fits
3679/spec-3679-55209-0195.fits
3679/spec-3679-55209-0196.fits
3679/spec-3679-55209-0197.fits
3679/spec-3679-55209-0198.fits
3679/spec-3679-55209-0199.fits
3679/spec-3679-55209-0200.fits
3679/spec-3679-55209-0201.fits
3679/spec-3679-55209-0202.fits
3679/spec-3679-55209-0203.fits
3679/spec-3679-55209-0204.fits
3679/spec-3679-55209-0205.fits
3679/spec-3679-55209-0206.fits
3679/spec-3679-55209-0207.fits
3679/spec-3679-55209-0208.fits
3679/spec-3679-55209-0209.fits
3679/spec-3679-55209-0210.fits
3679/spec-3679-55209-0211.fits
3679/spec-3679-55209-0212.fits
3679/spec-3679-55209-0213.fits
3679/spec-3679-55209-0214.fits
3679/spec-3679-55209-0215.fits
3679/spec-3679-55209-0216.fits
3679/spec-3679-55209-0217.fits
3679/spec-3679-55209-0218.fits
3679/spec-3679-55209-0219.fits
3679/spec-3679-55209-0220.fits
3679/spec-3679-55209-0221.fits
3679/spec-3679-55209-0222.fits
3679/spec-3679-55209-0223.fits
3679/spec-3679-55209-0224.fits
3679/spec-3679-55209-0225.fits
3679/spec-3679-55209-0226.fits
3679/spec-3679-55209-0227.fits
3679/spec-3679-55209-0228.fits
3679/spec-3679-55209-0229.fits
3679/spec-3679-55209-0230.fits
3679/spec-3679-55209-0231.fits
3679/spec-3679-55209-0232.fits
3679/spec-3679-55209-0233.fits
3679/spec-3679-55209-0234.fits
3679/spec-3679-55209-0235.fits
3679/spec-3679-55209-0236.fits
3679/spec-3679-55209-0237.fits
3679/spec-3679-55209-0238.fits
3679/spec-3679-55209-0239.fits
3679/spec-3679-55209-0240.fits
3679/spec-3679-55209-0241.fits
3679/spec-3679-55209-0242.fits
3679/spec-3679-55209-0243.fits
3679/spec-3679-55209-0244.fits
3679/spec-3679-55209-0245.fits
3679/spec-3679-55209-0246.fits
3679/spec-3679-55209-0247.fits
3679/spec-3679-55209-0248.fits
3679/spec-3679-55209-0249.fits
3679/spec-3679-55209-0250.fits
3679/spec-3679-55209-0251.fits
3679/spec-3679-55209-0252.fits
3679/spec-3679-55209-0253.fits
3679/spec-3679-55209-0254.fits
3679/spec-3679-55209-0255.fits
3679/spec-3679-55209-0256.fits
3679/spec-3679-55209-0257.fits
3679/spec-3679-55209-0258.fits
3679/spec-3679-55209-0259.fits
3679/spec-3679-55209-0260.fits
3679/spec-3679-55209-0261.fits
3679/spec-3679-55209-0262.fits
3679/spec-3679-55209-0263.fits
3679/spec-3679-55209-0264.fits
3679/spec-3679-55209-0265.fits
3679/spec-3679-55209-0266.fits
3679/spec-3679-55209-0267.fits
3679/spec-3679-55209-0268.fits
3679/spec-3679-55209-0269.fits
3679/spec-3679-55209-0270.fits
3679/spec-3679-55209-0271.fits
3679/spec-3679-55209-0272.fits
3679/spec-3679-55209-0273.fits
3679/spec-3679-55209-0274.fits
3679/spec-3679-55209-0275.fits
3679/spec-3679-55209-0276.fits
3679/spec-3679-55209-0277.fits
3679/spec-3679-55209-0278.fits
3679/spec-3679-55209-0279.fits
3679/spec-3679-55209-0280.fits
3679/spec-3679-55209-0281.fits
3679/spec-3679-55209-0282.fits
3679/spec-3679-55209-0283.fits
3679/spec-3679-55209-0284.fits
3679/spec-3679-55209-0285.fits
3679/spec-3679-55209-0286.fits
3679/spec-3679-55209-0287.fits
3679/spec-3679-55209-0288.fits
3679/spec-3679-55209-0289.fits
3679/spec-3679-55209-0290.fits
3679/spec-3679-55209-0291.fits
3679/spec-3679-55209-0292.fits
3679/spec-3679-55209-0293.fits
3679/spec-3679-55209-0294.fits
3679/spec-3679-55209-0295.fits
3679/spec-3679-55209-0296.fits
3679/spec-3679-55209-0297.fits
3679/spec-3679-55209-0298.fits
3679/spec-3679-55209-0299.fits
3679/spec-3679-55209-0300.fits
3679/spec-3679-55209-0301.fits
3679/spec-3679-55209-0302.fits
3679/spec-3679-55209-0303.fits
3679/spec-3679-55209-0304.fits
3679/spec-3679-55209-0305.fits
3679/spec-3679-55209-0306.fits
3679/spec-3679-55209-0307.fits
3679/spec-3679-55209-0308.fits
3679/spec-3679-55209-0309.fits
3679/spec-3679-55209-0310.fits
3679/spec-3679-55209-0311.fits
3679/spec-3679-55209-0312.fits
3679/spec-3679-55209-0313.fits
3679/spec-3679-55209-0314.fits
3679/spec-3679-55209-0315.fits
3679/spec-3679-55209-0316.fits
3679/spec-3679-55209-0317.fits
3679/spec-3679-55209-0318.fits
3679/spec-3679-55209-0319.fits
3679/spec-3679-55209-0320.fits
3679/spec-3679-55209-0321.fits
3679/spec-3679-55209-0322.fits
3679/spec-3679-55209-0323.fits
3679/spec-3679-55209-0324.fits
3679/spec-3679-55209-0325.fits
3679/spec-3679-55209-0326.fits
3679/spec-3679-55209-0327.fits
3679/spec-3679-55209-0328.fits
3679/spec-3679-55209-0329.fits
3679/spec-3679-55209-0330.fits
3679/spec-3679-55209-0331.fits
3679/spec-3679-55209-0332.fits
3679/spec-3679-55209-0333.fits
3679/spec-3679-55209-0334.fits
3679/spec-3679-55209-0335.fits
3679/spec-3679-55209-0336.fits
3679/spec-3679-55209-0337.fits
3679/spec-3679-55209-0338.fits
3679/spec-3679-55209-0339.fits
3679/spec-3679-55209-0340.fits
3679/spec-3679-55209-0341.fits
3679/spec-3679-55209-0342.fits
3679/spec-3679-55209-0343.fits
3679/spec-3679-55209-0344.fits
3679/spec-3679-55209-0345.fits
3679/spec-3679-55209-0346.fits
3679/spec-3679-55209-0347.fits
3679/spec-3679-55209-0348.fits
3679/spec-3679-55209-0349.fits
3679/spec-3679-55209-0350.fits
3679/spec-3679-55209-0351.fits
3679/spec-3679-55209-0352.fits
3679/spec-3679-55209-0353.fits
3679/spec-3679-55209-0354.fits
3679/spec-3679-55209-0355.fits
3679/spec-3679-55209-0356.fits
3679/spec-3679-55209-0357.fits
3679/spec-3679-55209-0358.fits
3679/spec-3679-55209-0359.fits
3679/spec-3679-55209-0360.fits
3679/spec-3679-55209-0361.fits
3679/spec-3679-55209-0362.fits
3679/spec-3679-55209-0363.fits
3679/spec-3679-55209-0364.fits
3679/spec-3679-55209-0365.fits
3679/spec-3679-55209-0366.fits
3679/spec-3679-55209-0367.fits
3679/spec-3679-55209-0368.fits
3679/spec-3679-55209-0369.fits
3679/spec-3679-55209-0370.fits
3679/spec-3679-55209-0371.fits
3679/spec-3679-55209-0372.fits
3679/spec-3679-55209-0373.fits
3679/spec-3679-55209-0374.fits
3679/spec-3679-55209-0375.fits
3679/spec-3679-55209-0376.fits
3679/spec-3679-55209-0377.fits
3679/spec-3679-55209-0378.fits
3679/spec-3679-55209-0379.fits
3679/spec-3679-55209-0380.fits
3679/spec-3679-55209-0381.fits
3679/spec-3679-55209-0382.fits
3679/spec-3679-55209-0383.fits
3679/spec-3679-55209-0384.fits
3679/spec-3679-55209-0385.fits
3679/spec-3679-55209-0386.fits
3679/spec-3679-55209-0387.fits
3679/spec-3679-55209-0388.fits
3679/spec-3679-55209-0389.fits
3679/spec-3679-55209-0390.fits
3679/spec-3679-55209-0391.fits
3679/spec-3679-55209-0392.fits
3679/spec-3679-55209-0393.fits
3679/spec-3679-55209-0394.fits
3679/spec-3679-55209-0395.fits
3679/spec-3679-55209-0396.fits
3679/spec-3679-55209-0397.fits
3679/spec-3679-55209-0398.fits
3679/spec-3679-55209-0399.fits
3679/spec-3679-55209-0400.fits
3679/spec-3679-55209-0401.fits
3679/spec-3679-55209-0402.fits
3679/spec-3679-55209-0403.fits
3679/spec-3679-55209-0404.fits
3679/spec-3679-55209-0405.fits
3679/spec-3679-55209-0406.fits
3679/spec-3679-55209-0407.fits
3679/spec-3679-55209-0408.fits
3679/spec-3679-55209-0409.fits
3679/spec-3679-55209-0410.fits
3679/spec-3679-55209-0411.fits
3679/spec-3679-55209-0412.fits
3679/spec-3679-55209-0413.fits
3679/spec-3679-55209-0414.fits
3679/spec-3679-55209-0415.fits
3679/spec-3679-55209-0416.fits
3679/spec-3679-55209-0417.fits
3679/spec-3679-55209-0418.fits
3679/spec-3679-55209-0419.fits
3679/spec-3679-55209-0420.fits
3679/spec-3679-55209-0421.fits
3679/spec-3679-55209-0422.fits
3679/spec-3679-55209-0423.fits
3679/spec-3679-55209-0424.fits
3679/spec-3679-55209-0425.fits
3679/spec-3679-55209-0426.fits
3679/spec-3679-55209-0427.fits
3679/spec-3679-55209-0428.fits
3679/spec-3679-55209-0429.fits
3679/spec-3679-55209-0430.fits
3679/spec-3679-55209-0431.fits
3679/spec-3679-55209-0432.fits
3679/spec-3679-55209-0433.fits
3679/spec-3679-55209-0434.fits
3679/spec-3679-55209-0435.fits
3679/spec-3679-55209-0436.fits
3679/spec-3679-55209-0437.fits
3679/spec-3679-55209-0438.fits
3679/spec-3679-55209-0439.fits
3679/spec-3679-55209-0440.fits
3679/spec-3679-55209-0441.fits
3679/spec-3679-55209-0442.fits
3679/spec-3679-55209-0443.fits
3679/spec-3679-55209-0444.fits
3679/spec-3679-55209-0445.fits
3679/spec-3679-55209-0446.fits
3679/spec-3679-55209-0447.fits
3679/spec-3679-55209-0448.fits
3679/spec-3679-55209-0449.fits
3679/spec-3679-55209-0450.fits
3679/spec-3679-55209-0451.fits
3679/spec-3679-55209-0452.fits
3679/spec-3679-55209-0453.fits
3679/spec-3679-55209-0454.fits
3679/spec-3679-55209-0455.fits
3679/spec-3679-55209-0456.fits
3679/spec-3679-55209-0457.fits
3679/spec-3679-55209-0458.fits
3679/spec-3679-55209-0459.fits
3679/spec-3679-55209-0460.fits
3679/spec-3679-55209-0461.fits
3679/spec-3679-55209-0462.fits
3679/spec-3679-55209-0463.fits
3679/spec-3679-55209-0464.fits
3679/spec-3679-55209-0465.fits
3679/spec-3679-55209-0466.fits
3679/spec-3679-55209-0467.fits
3679/spec-3679-55209-0468.fits
3679/spec-3679-55209-0469.fits
3679/spec-3679-55209-0470.fits
3679/spec-3679-55209-0471.fits
3679/spec-3679-55209-0472.fits
3679/spec-3679-55209-0473.fits
3679/spec-3679-55209-0474.fits
3679/spec-3679-55209-0475.fits
3679/spec-3679-55209-0476.fits
3679/spec-3679-55209-0477.fits
3679/spec-3679-55209-0478.fits
3679/spec-3679-55209-0479.fits
3679/spec-3679-55209-0480.fits
3679/spec-3679-55209-0481.fits
3679/spec-3679-55209-0482.fits
3679/spec-3679-55209-0483.fits
3679/spec-3679-55209-0484.fits
3679/spec-3679-55209-0485.fits
3679/spec-3679-55209-0486.fits
3679/spec-3679-55209-0487.fits
3679/spec-3679-55209-0488.fits
3679/spec-3679-55209-0489.fits
3679/spec-3679-55209-0490.fits
3679/spec-3679-55209-0491.fits
3679/spec-3679-55209-0492.fits
3679/spec-3679-55209-0493.fits
3679/spec-3679-55209-0494.fits
3679/spec-3679-55209-0495.fits
3679/spec-3679-55209-0496.fits
3679/spec-3679-55209-0497.fits
3679/spec-3679-55209-0498.fits
3679/spec-3679-55209-0499.fits
3679/spec-3679-55209-0500.fits
3679/spec-3679-55209-0501.fits
3679/spec-3679-55209-0502.fits
3679/spec-3679-55209-0503.fits
3679/spec-3679-55209-0504.fits
3679/spec-3679-55209-0505.fits
3679/spec-3679-55209-0506.fits
3679/spec-3679-55209-0507.fits
3679/spec-3679-55209-0508.fits
3679/spec-3679-55209-0509.fits
3679/spec-3679-55209-0510.fits
3679/spec-3679-55209-0511.fits
3679/spec-3679-55209-0512.fits
3679/spec-3679-55209-0513.fits
3679/spec-3679-55209-0514.fits
3679/spec-3679-55209-0515.fits
3679/spec-3679-55209-0516.fits
3679/spec-3679-55209-0517.fits
3679/spec-3679-55209-0518.fits
3679/spec-3679-55209-0519.fits
3679/spec-3679-55209-0520.fits
3679/spec-3679-55209-0521.fits
3679/spec-3679-55209-0522.fits
3679/spec-3679-55209-0523.fits
3679/spec-3679-55209-0524.fits
3679/spec-3679-55209-0525.fits
3679/spec-3679-55209-0526.fits
3679/spec-3679-55209-0527.fits
3679/spec-3679-55209-0528.fits
3679/spec-3679-55209-0529.fits
3679/spec-3679-55209-0530.fits
3679/spec-3679-55209-0531.fits
3679/spec-3679-55209-0532.fits
3679/spec-3679-55209-0533.fits
3679/spec-3679-55209-0534.fits
3679/spec-3679-55209-0535.fits
3679/spec-3679-55209-0536.fits
3679/spec-3679-55209-0537.fits
3679/spec-3679-55209-0538.fits
3679/spec-3679-55209-0539.fits
3679/spec-3679-55209-0540.fits
3679/spec-3679-55209-0541.fits
3679/spec-3679-55209-0542.fits
3679/spec-3679-55209-0543.fits
3679/spec-3679-55209-0544.fits
3679/spec-3679-55209-0545.fits
3679/spec-3679-55209-0546.fits
3679/spec-3679-55209-0547.fits
3679/spec-3679-55209-0548.fits
3679/spec-3679-55209-0549.fits
3679/spec-3679-55209-0550.fits
3679/spec-3679-55209-0551.fits
3679/spec-3679-55209-0552.fits
3679/spec-3679-55209-0553.fits
3679/spec-3679-55209-0554.fits
3679/spec-3679-55209-0555.fits
3679/spec-3679-55209-0556.fits
3679/spec-3679-55209-0557.fits
3679/spec-3679-55209-0558.fits
3679/spec-3679-55209-0559.fits
3679/spec-3679-55209-0560.fits
3679/spec-3679-55209-0561.fits
3679/spec-3679-55209-0562.fits
3679/spec-3679-55209-0563.fits
3679/spec-3679-55209-0564.fits
3679/spec-3679-55209-0565.fits
3679/spec-3679-55209-0566.fits
3679/spec-3679-55209-0567.fits
3679/spec-3679-55209-0568.fits
3679/spec-3679-55209-0569.fits
3679/spec-3679-55209-0570.fits
3679/spec-3679-55209-0571.fits
3679/spec-3679-55209-0572.fits
3679/spec-3679-55209-0573.fits
3679/spec-3679-55209-0574.fits
3679/spec-3679-55209-0575.fits
3679/spec-3679-55209-0576.fits
3679/spec-3679-55209-0577.fits
3679/spec-3679-55209-0578.fits
3679/spec-3679-55209-0579.fits
3679/spec-3679-55209-0580.fits
3679/spec-3679-55209-0581.fits
3679/spec-3679-55209-0582.fits
3679/spec-3679-55209-0583.fits
3679/spec-3679-55209-0584.fits
3679/spec-3679-55209-0585.fits
3679/spec-3679-55209-0586.fits
3679/spec-3679-55209-0587.fits
3679/spec-3679-55209-0588.fits
3679/spec-3679-55209-0589.fits
3679/spec-3679-55209-0590.fits
3679/spec-3679-55209-0591.fits
3679/spec-3679-55209-0592.fits
3679/spec-3679-55209-0593.fits
3679/spec-3679-55209-0594.fits
3679/spec-3679-55209-0595.fits
3679/spec-3679-55209-0596.fits
3679/spec-3679-55209-0597.fits
3679/spec-3679-55209-0598.fits
3679/spec-3679-55209-0599.fits
3679/spec-3679-55209-0600.fits
3679/spec-3679-55209-0601.fits
3679/spec-3679-55209-0602.fits
3679/spec-3679-55209-0603.fits
3679/spec-3679-55209-0604.fits
3679/spec-3679-55209-0605.fits
3679/spec-3679-55209-0606.fits
3679/spec-3679-55209-0607.fits
3679/spec-3679-55209-0608.fits
3679/spec-3679-55209-0609.fits
3679/spec-3679-55209-0610.fits
3679/spec-3679-55209-0611.fits
3679/spec-3679-55209-0612.fits
3679/spec-3679-55209-0613.fits
3679/spec-3679-55209-0614.fits
3679/spec-3679-55209-0615.fits
3679/spec-3679-55209-0616.fits
3679/spec-3679-55209-0617.fits
3679/spec-3679-55209-0618.fits
3679/spec-3679-55209-0619.fits
3679/spec-3679-55209-0620.fits
3679/spec-3679-55209-0621.fits
3679/spec-3679-55209-0622.fits
3679/spec-3679-55209-0623.fits
3679/spec-3679-55209-0624.fits
3679/spec-3679-55209-0625.fits
3679/spec-3679-55209-0626.fits
3679/spec-3679-55209-0627.fits
3679/spec-3679-55209-0628.fits
3679/spec-3679-55209-0629.fits
3679/spec-3679-55209-0630.fits
3679/spec-3679-55209-0631.fits
3679/spec-3679-55209-0632.fits
3679/spec-3679-55209-0633.fits
3679/spec-3679-55209-0634.fits
3679/spec-3679-55209-0635.fits
3679/spec-3679-55209-0636.fits
3679/spec-3679-55209-0637.fits
3679/spec-3679-55209-0638.fits
3679/spec-3679-55209-0639.fits
3679/spec-3679-55209-0640.fits
3679/spec-3679-55209-0641.fits
3679/spec-3679-55209-0642.fits
3679/spec-3679-55209-0643.fits
3679/spec-3679-55209-0644.fits
3679/spec-3679-55209-0645.fits
3679/spec-3679-55209-0646.fits
3679/spec-3679-55209-0647.fits
3679/spec-3679-55209-0648.fits
3679/spec-3679-55209-0649.fits
3679/spec-3679-55209-0650.fits
3679/spec-3679-55209-0651.fits
3679/spec-3679-55209-0652.fits
3679/spec-3679-55209-0653.fits
3679/spec-3679-55209-0654.fits
3679/spec-3679-55209-0655.fits
3679/spec-3679-55209-0656.fits
3679/spec-3679-55209-0657.fits
3679/spec-3679-55209-0658.fits
3679/spec-3679-55209-0659.fits
3679/spec-3679-55209-0660.fits
3679/spec-3679-55209-0661.fits
3679/spec-3679-55209-0662.fits
3679/spec-3679-55209-0663.fits
3679/spec-3679-55209-0664.fits
3679/spec-3679-55209-0665.fits
3679/spec-3679-55209-0666.fits
3679/spec-3679-55209-0667.fits
3679/spec-3679-55209-0668.fits
3679/spec-3679-55209-0669.fits
3679/spec-3679-55209-0670.fits
3679/spec-3679-55209-0671.fits
3679/spec-3679-55209-0672.fits
3679/spec-3679-55209-0673.fits
3679/spec-3679-55209-0674.fits
3679/spec-3679-55209-0675.fits
3679/spec-3679-55209-0676.fits
3679/spec-3679-55209-0677.fits
3679/spec-3679-55209-0678.fits
3679/spec-3679-55209-0679.fits
3679/spec-3679-55209-0680.fits
3679/spec-3679-55209-0681.fits
3679/spec-3679-55209-0682.fits
3679/spec-3679-55209-0683.fits
3679/spec-3679-55209-0684.fits
3679/spec-3679-55209-0685.fits
3679/spec-3679-55209-0686.fits
3679/spec-3679-55209-0687.fits
3679/spec-3679-55209-0688.fits
3679/spec-3679-55209-0689.fits
3679/spec-3679-55209-0690.fits
3679/spec-3679-55209-0691.fits
3679/spec-3679-55209-0692.fits
3679/spec-3679-55209-0693.fits
3679/spec-3679-55209-0694.fits
3679/spec-3679-55209-0695.fits
3679/spec-3679-55209-0696.fits
3679/spec-3679-55209-0697.fits
3679/spec-3679-55209-0698.fits
3679/spec-3679-55209-0699.fits
3679/spec-3679-55209-0700.fits
3679/spec-3679-55209-0701.fits
3679/spec-3679-55209-0702.fits
3679/spec-3679-55209-0703.fits
3679/spec-3679-55209-0704.fits
3679/spec-3679-55209-0705.fits
3679/spec-3679-55209-0706.fits
3679/spec-3679-55209-0707.fits
3679/spec-3679-55209-0708.fits
3679/spec-3679-55209-0709.fits
3679/spec-3679-55209-0710.fits
3679/spec-3679-55209-0711.fits
3679/spec-3679-55209-0712.fits
3679/spec-3679-55209-0713.fits
3679/spec-3679-55209-0714.fits
3679/spec-3679-55209-0715.fits
3679/spec-3679-55209-0716.fits
3679/spec-3679-55209-0717.fits
3679/spec-3679-55209-0718.fits
3679/spec-3679-55209-0719.fits
3679/spec-3679-55209-0720.fits
3679/spec-3679-55209-0721.fits
3679/spec-3679-55209-0722.fits
3679/spec-3679-55209-0723.fits
3679/spec-3679-55209-0724.fits
3679/spec-3679-55209-0725.fits
3679/spec-3679-55209-0726.fits
3679/spec-3679-55209-0727.fits
3679/spec-3679-55209-0728.fits
3679/spec-3679-55209-0729.fits
3679/spec-3679-55209-0730.fits
3679/spec-3679-55209-0731.fits
3679/spec-3679-55209-0732.fits
3679/spec-3679-55209-0733.fits
3679/spec-3679-55209-0734.fits
3679/spec-3679-55209-0735.fits
3679/spec-3679-55209-0736.fits
3679/spec-3679-55209-0737.fits
3679/spec-3679-55209-0738.fits
3679/spec-3679-55209-0739.fits
3679/spec-3679-55209-0740.fits
3679/spec-3679-55209-0741.fits
3679/spec-3679-55209-0742.fits
3679/spec-3679-55209-0743.fits
3679/spec-3679-55209-0744.fits
3679/spec-3679-55209-0745.fits
3679/spec-3679-55209-0746.fits
3679/spec-3679-55209-0747.fits
3679/spec-3679-55209-0748.fits
3679/spec-3679-55209-0749.fits
3679/spec-3679-55209-0750.fits
3679/spec-3679-55209-0751.fits
3679/spec-3679-55209-0752.fits
3679/spec-3679-55209-0753.fits
3679/spec-3679-55209-0754.fits
3679/spec-3679-55209-0755.fits
3679/spec-3679-55209-0756.fits
3679/spec-3679-55209-0757.fits
3679/spec-3679-55209-0758.fits
3679/spec-3679-55209-0759.fits
3679/spec-3679-55209-0760.fits
3679/spec-3679-55209-0761.fits
3679/spec-3679-55209-0762.fits
3679/spec-3679-55209-0763.fits
3679/spec-3679-55209-0764.fits
3679/spec-3679-55209-0765.fits
3679/spec-3679-55209-0766.fits
3679/spec-3679-55209-0767.fits
3679/spec-3679-55209-0768.fits
3679/spec-3679-55209-0769.fits
3679/spec-3679-55209-0770.fits
3679/spec-3679-55209-0771.fits
3679/spec-3679-55209-0772.fits
3679/spec-3679-55209-0773.fits
3679/spec-3679-55209-0774.fits
3679/spec-3679-55209-0775.fits
3679/spec-3679-55209-0776.fits
3679/spec-3679-55209-0777.fits
3679/spec-3679-55209-0778.fits
3679/spec-3679-55209-0779.fits
3679/spec-3679-55209-0780.fits
3679/spec-3679-55209-0781.fits
3679/spec-3679-55209-0782.fits
3679/spec-3679-55209-0783.fits
3679/spec-3679-55209-0784.fits
3679/spec-3679-55209-0785.fits
3679/spec-3679-55209-0786.fits
3679/spec-3679-55209-0787.fits
3679/spec-3679-55209-0788.fits
3679/spec-3679-55209-0789.fits
3679/spec-3679-55209-0790.fits
3679/spec-3679-55209-0791.fits
3679/spec-3679-55209-0792.fits
3679/spec-3679-55209-0793.fits
3679/spec-3679-55209-0794.fits
3679/spec-3679-55209-0795.fits
3679/spec-3679-55209-0796.fits
3679/spec-3679-55209-0797.fits
3679/spec-3679-55209-0798.fits
3679/spec-3679-55209-0799.fits
3679/spec-3679-55209-0800.fits
3679/spec-3679-55209-0801.fits
3679/spec-3679-55209-0802.fits
3679/spec-3679-55209-0803.fits
3679/spec-3679-55209-0804.fits
3679/spec-3679-55209-0805.fits
3679/spec-3679-55209-0806.fits
3679/spec-3679-55209-0807.fits
3679/spec-3679-55209-0808.fits
3679/spec-3679-55209-0809.fits
3679/spec-3679-55209-0810.fits
3679/spec-3679-55209-0811.fits
3679/spec-3679-55209-0812.fits
3679/spec-3679-55209-0813.fits
3679/spec-3679-55209-0814.fits
3679/spec-3679-55209-0815.fits
3679/spec-3679-55209-0816.fits
3679/spec-3679-55209-0817.fits
3679/spec-3679-55209-0818.fits
3679/spec-3679-55209-0819.fits
3679/spec-3679-55209-0820.fits
3679/spec-3679-55209-0821.fits
3679/spec-3679-55209-0822.fits
3679/spec-3679-55209-0823.fits
3679/spec-3679-55209-0824.fits
3679/spec-3679-55209-0825.fits
3679/spec-3679-55209-0826.fits
3679/spec-3679-55209-0827.fits
3679/spec-3679-55209-0828.fits
3679/spec-3679-55209-0829.fits
3679/spec-3679-55209-0830.fits
3679/spec-3679-55209-0831.fits
3679/spec-3679-55209-0832.fits
3679/spec-3679-55209-0833.fits
3679/spec-3679-55209-0834.fits
3679/spec-3679-55209-0835.fits
3679/spec-3679-55209-0836.fits
3679/spec-3679-55209-0837.fits
3679/spec-3679-55209-0838.fits
3679/spec-3679-55209-0839.fits
3679/spec-3679-55209-0840.fits
3679/spec-3679-55209-0841.fits
3679/spec-3679-55209-0842.fits
3679/spec-3679-55209-0843.fits
3679/spec-3679-55209-0844.fits
3679/spec-3679-55209-0845.fits
3679/spec-3679-55209-0846.fits
3679/spec-3679-55209-0847.fits
3679/spec-3679-55209-0848.fits
3679/spec-3679-55209-0849.fits
3679/spec-3679-55209-0850.fits
3679/spec-3679-55209-0851.fits
3679/spec-3679-55209-0852.fits
3679/spec-3679-55209-0853.fits
3679/spec-3679-55209-0854.fits
3679/spec-3679-55209-0855.fits
3679/spec-3679-55209-0856.fits
3679/spec-3679-55209-0857.fits
3679/spec-3679-55209-0858.fits
3679/spec-3679-55209-0859.fits
3679/spec-3679-55209-0860.fits
3679/spec-3679-55209-0861.fits
3679/spec-3679-55209-0862.fits
3679/spec-3679-55209-0863.fits
3679/spec-3679-55209-0864.fits
3679/spec-3679-55209-0865.fits
3679/spec-3679-55209-0866.fits
3679/spec-3679-55209-0867.fits
3679/spec-3679-55209-0868.fits
3679/spec-3679-55209-0869.fits
3679/spec-3679-55209-0870.fits
3679/spec-3679-55209-0871.fits
3679/spec-3679-55209-0872.fits
3679/spec-3679-55209-0873.fits
3679/spec-3679-55209-0874.fits
3679/spec-3679-55209-0875.fits
3679/spec-3679-55209-0876.fits
3679/spec-3679-55209-0877.fits
3679/spec-3679-55209-0878.fits
3679/spec-3679-55209-0879.fits
3679/spec-3679-55209-0880.fits
3679/spec-3679-55209-0881.fits
3679/spec-3679-55209-0882.fits
3679/spec-3679-55209-0883.fits
3679/spec-3679-55209-0884.fits
3679/spec-3679-55209-0885.fits
3679/spec-3679-55209-0886.fits
3679/spec-3679-55209-0887.fits
3679/spec-3679-55209-0888.fits
3679/spec-3679-55209-0889.fits
3679/spec-3679-55209-0890.fits
3679/spec-3679-55209-0891.fits
3679/spec-3679-55209-0892.fits
3679/spec-3679-55209-0893.fits
3679/spec-3679-55209-0894.fits
3679/spec-3679-55209-0895.fits
3679/spec-3679-55209-0896.fits
3679/spec-3679-55209-0897.fits
3679/spec-3679-55209-0898.fits
3679/spec-3679-55209-0899.fits
3679/spec-3679-55209-0900.fits
3679/spec-3679-55209-0901.fits
3679/spec-3679-55209-0902.fits
3679/spec-3679-55209-0903.fits
3679/spec-3679-55209-0904.fits
3679/spec-3679-55209-0905.fits
3679/spec-3679-55209-0906.fits
3679/spec-3679-55209-0907.fits
3679/spec-3679-55209-0908.fits
3679/spec-3679-55209-0909.fits
3679/spec-3679-55209-0910.fits
3679/spec-3679-55209-0911.fits
3679/spec-3679-55209-0912.fits
3679/spec-3679-55209-0913.fits
3679/spec-3679-55209-0914.fits
3679/spec-3679-55209-0915.fits
3679/spec-3679-55209-0916.fits
3679/spec-3679-55209-0917.fits
3679/spec-3679-55209-0918.fits
3679/spec-3679-55209-0919.fits
3679/spec-3679-55209-0920.fits
3679/spec-3679-55209-0921.fits
3679/spec-3679-55209-0922.fits
3679/spec-3679-55209-0923.fits
3679/spec-3679-55209-0924.fits
3679/spec-3679-55209-0925.fits
3679/spec-3679-55209-0926.fits
3679/spec-3679-55209-0927.fits
3679/spec-3679-55209-0928.fits
3679/spec-3679-55209-0929.fits
3679/spec-3679-55209-0930.fits
3679/spec-3679-55209-0931.fits
3679/spec-3679-55209-0932.fits
3679/spec-3679-55209-0933.fits
3679/spec-3679-55209-0934.fits
3679/spec-3679-55209-0935.fits
3679/spec-3679-55209-0936.fits
3679/spec-3679-55209-0937.fits
3679/spec-3679-55209-0938.fits
3679/spec-3679-55209-0939.fits
3679/spec-3679-55209-0940.fits
3679/spec-3679-55209-0941.fits
3679/spec-3679-55209-0942.fits
3679/spec-3679-55209-0943.fits
3679/spec-3679-55209-0944.fits
3679/spec-3679-55209-0945.fits
3679/spec-3679-55209-0946.fits
3679/spec-3679-55209-0947.fits
3679/spec-3679-55209-0948.fits
3679/spec-3679-55209-0949.fits
3679/spec-3679-55209-0950.fits
3679/spec-3679-55209-0951.fits
3679/spec-3679-55209-0952.fits
3679/spec-3679-55209-0953.fits
3679/spec-3679-55209-0954.fits
3679/spec-3679-55209-0955.fits
3679/spec-3679-55209-0956.fits
3679/spec-3679-55209-0957.fits
3679/spec-3679-55209-0958.fits
3679/spec-3679-55209-0959.fits
3679/spec-3679-55209-0960.fits
3679/spec-3679-55209-0961.fits
3679/spec-3679-55209-0962.fits
3679/spec-3679-55209-0963.fits
3679/spec-3679-55209-0964.fits
3679/spec-3679-55209-0965.fits
3679/spec-3679-55209-0966.fits
3679/spec-3679-55209-0967.fits
3679/spec-3679-55209-0968.fits
3679/spec-3679-55209-0969.fits
3679/spec-3679-55209-0970.fits
3679/spec-3679-55209-0971.fits
3679/spec-3679-55209-0972.fits
3679/spec-3679-55209-0973.fits
3679/spec-3679-55209-0974.fits
3679/spec-3679-55209-0975.fits
3679/spec-3679-55209-0976.fits
3679/spec-3679-55209-0977.fits
3679/spec-3679-55209-0978.fits
3679/spec-3679-55209-0979.fits
3679/spec-3679-55209-0980.fits
3679/spec-3679-55209-0981.fits
3679/spec-3679-55209-0982.fits
3679/spec-3679-55209-0983.fits
3679/spec-3679-55209-0984.fits
3679/spec-3679-55209-0985.fits
3679/spec-3679-55209-0986.fits
3679/spec-3679-55209-0987.fits
3679/spec-3679-55209-0988.fits
3679/spec-3679-55209-0989.fits
3679/spec-3679-55209-0990.fits
3679/spec-3679-55209-0991.fits
3679/spec-3679-55209-0992.fits
3679/spec-3679-55209-0993.fits
3679/spec-3679-55209-0994.fits
3679/spec-3679-55209-0995.fits
3679/spec-3679-55209-0996.fits
3679/spec-3679-55209-0997.fits
3679/spec-3679-55209-0998.fits
3679/spec-3679-55209-0999.fits
3679/spec-3679-55209-1000.fits
/var/lib/condor/execute/slot1/dir_28925
3679 3679.tgz R R361.tar.gz _condor_stderr _condor_stdout cB58_Lyman_break.fit condor_exec.exe hw4.R packages packages.tar.gz tmp var
[1] "Loaded package astro."
[1] 1000
3679 3679.csv 3679.tgz R R361.tar.gz _condor_stderr _condor_stdout cB58_Lyman_break.fit condor_exec.exe hw4.R packages packages.tar.gz tmp var
