4089
4089/
4089/spec-4089-55470-0001.fits
4089/spec-4089-55470-0002.fits
4089/spec-4089-55470-0003.fits
4089/spec-4089-55470-0004.fits
4089/spec-4089-55470-0005.fits
4089/spec-4089-55470-0006.fits
4089/spec-4089-55470-0007.fits
4089/spec-4089-55470-0008.fits
4089/spec-4089-55470-0009.fits
4089/spec-4089-55470-0010.fits
4089/spec-4089-55470-0011.fits
4089/spec-4089-55470-0012.fits
4089/spec-4089-55470-0013.fits
4089/spec-4089-55470-0014.fits
4089/spec-4089-55470-0015.fits
4089/spec-4089-55470-0016.fits
4089/spec-4089-55470-0017.fits
4089/spec-4089-55470-0018.fits
4089/spec-4089-55470-0019.fits
4089/spec-4089-55470-0020.fits
4089/spec-4089-55470-0021.fits
4089/spec-4089-55470-0022.fits
4089/spec-4089-55470-0023.fits
4089/spec-4089-55470-0024.fits
4089/spec-4089-55470-0025.fits
4089/spec-4089-55470-0026.fits
4089/spec-4089-55470-0027.fits
4089/spec-4089-55470-0028.fits
4089/spec-4089-55470-0029.fits
4089/spec-4089-55470-0030.fits
4089/spec-4089-55470-0031.fits
4089/spec-4089-55470-0032.fits
4089/spec-4089-55470-0033.fits
4089/spec-4089-55470-0034.fits
4089/spec-4089-55470-0035.fits
4089/spec-4089-55470-0036.fits
4089/spec-4089-55470-0037.fits
4089/spec-4089-55470-0038.fits
4089/spec-4089-55470-0039.fits
4089/spec-4089-55470-0040.fits
4089/spec-4089-55470-0041.fits
4089/spec-4089-55470-0042.fits
4089/spec-4089-55470-0043.fits
4089/spec-4089-55470-0044.fits
4089/spec-4089-55470-0045.fits
4089/spec-4089-55470-0046.fits
4089/spec-4089-55470-0047.fits
4089/spec-4089-55470-0048.fits
4089/spec-4089-55470-0049.fits
4089/spec-4089-55470-0050.fits
4089/spec-4089-55470-0051.fits
4089/spec-4089-55470-0052.fits
4089/spec-4089-55470-0053.fits
4089/spec-4089-55470-0054.fits
4089/spec-4089-55470-0055.fits
4089/spec-4089-55470-0056.fits
4089/spec-4089-55470-0057.fits
4089/spec-4089-55470-0058.fits
4089/spec-4089-55470-0059.fits
4089/spec-4089-55470-0060.fits
4089/spec-4089-55470-0061.fits
4089/spec-4089-55470-0062.fits
4089/spec-4089-55470-0063.fits
4089/spec-4089-55470-0064.fits
4089/spec-4089-55470-0065.fits
4089/spec-4089-55470-0066.fits
4089/spec-4089-55470-0067.fits
4089/spec-4089-55470-0068.fits
4089/spec-4089-55470-0069.fits
4089/spec-4089-55470-0070.fits
4089/spec-4089-55470-0071.fits
4089/spec-4089-55470-0072.fits
4089/spec-4089-55470-0073.fits
4089/spec-4089-55470-0074.fits
4089/spec-4089-55470-0075.fits
4089/spec-4089-55470-0076.fits
4089/spec-4089-55470-0077.fits
4089/spec-4089-55470-0078.fits
4089/spec-4089-55470-0079.fits
4089/spec-4089-55470-0080.fits
4089/spec-4089-55470-0081.fits
4089/spec-4089-55470-0082.fits
4089/spec-4089-55470-0083.fits
4089/spec-4089-55470-0084.fits
4089/spec-4089-55470-0085.fits
4089/spec-4089-55470-0086.fits
4089/spec-4089-55470-0087.fits
4089/spec-4089-55470-0088.fits
4089/spec-4089-55470-0089.fits
4089/spec-4089-55470-0090.fits
4089/spec-4089-55470-0091.fits
4089/spec-4089-55470-0092.fits
4089/spec-4089-55470-0093.fits
4089/spec-4089-55470-0094.fits
4089/spec-4089-55470-0095.fits
4089/spec-4089-55470-0096.fits
4089/spec-4089-55470-0097.fits
4089/spec-4089-55470-0098.fits
4089/spec-4089-55470-0099.fits
4089/spec-4089-55470-0100.fits
4089/spec-4089-55470-0101.fits
4089/spec-4089-55470-0102.fits
4089/spec-4089-55470-0103.fits
4089/spec-4089-55470-0104.fits
4089/spec-4089-55470-0105.fits
4089/spec-4089-55470-0106.fits
4089/spec-4089-55470-0107.fits
4089/spec-4089-55470-0108.fits
4089/spec-4089-55470-0109.fits
4089/spec-4089-55470-0110.fits
4089/spec-4089-55470-0111.fits
4089/spec-4089-55470-0112.fits
4089/spec-4089-55470-0113.fits
4089/spec-4089-55470-0114.fits
4089/spec-4089-55470-0115.fits
4089/spec-4089-55470-0116.fits
4089/spec-4089-55470-0117.fits
4089/spec-4089-55470-0118.fits
4089/spec-4089-55470-0119.fits
4089/spec-4089-55470-0120.fits
4089/spec-4089-55470-0121.fits
4089/spec-4089-55470-0122.fits
4089/spec-4089-55470-0123.fits
4089/spec-4089-55470-0124.fits
4089/spec-4089-55470-0125.fits
4089/spec-4089-55470-0126.fits
4089/spec-4089-55470-0127.fits
4089/spec-4089-55470-0128.fits
4089/spec-4089-55470-0129.fits
4089/spec-4089-55470-0130.fits
4089/spec-4089-55470-0131.fits
4089/spec-4089-55470-0132.fits
4089/spec-4089-55470-0133.fits
4089/spec-4089-55470-0134.fits
4089/spec-4089-55470-0135.fits
4089/spec-4089-55470-0136.fits
4089/spec-4089-55470-0137.fits
4089/spec-4089-55470-0138.fits
4089/spec-4089-55470-0139.fits
4089/spec-4089-55470-0140.fits
4089/spec-4089-55470-0141.fits
4089/spec-4089-55470-0142.fits
4089/spec-4089-55470-0143.fits
4089/spec-4089-55470-0144.fits
4089/spec-4089-55470-0145.fits
4089/spec-4089-55470-0146.fits
4089/spec-4089-55470-0147.fits
4089/spec-4089-55470-0148.fits
4089/spec-4089-55470-0149.fits
4089/spec-4089-55470-0150.fits
4089/spec-4089-55470-0151.fits
4089/spec-4089-55470-0152.fits
4089/spec-4089-55470-0153.fits
4089/spec-4089-55470-0154.fits
4089/spec-4089-55470-0155.fits
4089/spec-4089-55470-0156.fits
4089/spec-4089-55470-0157.fits
4089/spec-4089-55470-0158.fits
4089/spec-4089-55470-0159.fits
4089/spec-4089-55470-0160.fits
4089/spec-4089-55470-0161.fits
4089/spec-4089-55470-0162.fits
4089/spec-4089-55470-0163.fits
4089/spec-4089-55470-0164.fits
4089/spec-4089-55470-0165.fits
4089/spec-4089-55470-0166.fits
4089/spec-4089-55470-0167.fits
4089/spec-4089-55470-0168.fits
4089/spec-4089-55470-0169.fits
4089/spec-4089-55470-0170.fits
4089/spec-4089-55470-0171.fits
4089/spec-4089-55470-0172.fits
4089/spec-4089-55470-0173.fits
4089/spec-4089-55470-0174.fits
4089/spec-4089-55470-0175.fits
4089/spec-4089-55470-0176.fits
4089/spec-4089-55470-0177.fits
4089/spec-4089-55470-0178.fits
4089/spec-4089-55470-0179.fits
4089/spec-4089-55470-0180.fits
4089/spec-4089-55470-0181.fits
4089/spec-4089-55470-0182.fits
4089/spec-4089-55470-0183.fits
4089/spec-4089-55470-0184.fits
4089/spec-4089-55470-0185.fits
4089/spec-4089-55470-0186.fits
4089/spec-4089-55470-0187.fits
4089/spec-4089-55470-0188.fits
4089/spec-4089-55470-0189.fits
4089/spec-4089-55470-0190.fits
4089/spec-4089-55470-0191.fits
4089/spec-4089-55470-0192.fits
4089/spec-4089-55470-0193.fits
4089/spec-4089-55470-0194.fits
4089/spec-4089-55470-0195.fits
4089/spec-4089-55470-0196.fits
4089/spec-4089-55470-0197.fits
4089/spec-4089-55470-0198.fits
4089/spec-4089-55470-0199.fits
4089/spec-4089-55470-0200.fits
4089/spec-4089-55470-0201.fits
4089/spec-4089-55470-0202.fits
4089/spec-4089-55470-0203.fits
4089/spec-4089-55470-0204.fits
4089/spec-4089-55470-0205.fits
4089/spec-4089-55470-0206.fits
4089/spec-4089-55470-0207.fits
4089/spec-4089-55470-0208.fits
4089/spec-4089-55470-0209.fits
4089/spec-4089-55470-0210.fits
4089/spec-4089-55470-0211.fits
4089/spec-4089-55470-0212.fits
4089/spec-4089-55470-0213.fits
4089/spec-4089-55470-0214.fits
4089/spec-4089-55470-0215.fits
4089/spec-4089-55470-0216.fits
4089/spec-4089-55470-0217.fits
4089/spec-4089-55470-0218.fits
4089/spec-4089-55470-0219.fits
4089/spec-4089-55470-0220.fits
4089/spec-4089-55470-0221.fits
4089/spec-4089-55470-0222.fits
4089/spec-4089-55470-0223.fits
4089/spec-4089-55470-0224.fits
4089/spec-4089-55470-0225.fits
4089/spec-4089-55470-0226.fits
4089/spec-4089-55470-0227.fits
4089/spec-4089-55470-0228.fits
4089/spec-4089-55470-0229.fits
4089/spec-4089-55470-0230.fits
4089/spec-4089-55470-0231.fits
4089/spec-4089-55470-0232.fits
4089/spec-4089-55470-0233.fits
4089/spec-4089-55470-0234.fits
4089/spec-4089-55470-0235.fits
4089/spec-4089-55470-0236.fits
4089/spec-4089-55470-0237.fits
4089/spec-4089-55470-0238.fits
4089/spec-4089-55470-0239.fits
4089/spec-4089-55470-0240.fits
4089/spec-4089-55470-0241.fits
4089/spec-4089-55470-0242.fits
4089/spec-4089-55470-0243.fits
4089/spec-4089-55470-0244.fits
4089/spec-4089-55470-0245.fits
4089/spec-4089-55470-0246.fits
4089/spec-4089-55470-0247.fits
4089/spec-4089-55470-0248.fits
4089/spec-4089-55470-0249.fits
4089/spec-4089-55470-0250.fits
4089/spec-4089-55470-0251.fits
4089/spec-4089-55470-0252.fits
4089/spec-4089-55470-0253.fits
4089/spec-4089-55470-0254.fits
4089/spec-4089-55470-0255.fits
4089/spec-4089-55470-0256.fits
4089/spec-4089-55470-0257.fits
4089/spec-4089-55470-0258.fits
4089/spec-4089-55470-0259.fits
4089/spec-4089-55470-0260.fits
4089/spec-4089-55470-0261.fits
4089/spec-4089-55470-0262.fits
4089/spec-4089-55470-0263.fits
4089/spec-4089-55470-0264.fits
4089/spec-4089-55470-0265.fits
4089/spec-4089-55470-0266.fits
4089/spec-4089-55470-0267.fits
4089/spec-4089-55470-0268.fits
4089/spec-4089-55470-0269.fits
4089/spec-4089-55470-0270.fits
4089/spec-4089-55470-0271.fits
4089/spec-4089-55470-0272.fits
4089/spec-4089-55470-0273.fits
4089/spec-4089-55470-0274.fits
4089/spec-4089-55470-0275.fits
4089/spec-4089-55470-0276.fits
4089/spec-4089-55470-0277.fits
4089/spec-4089-55470-0278.fits
4089/spec-4089-55470-0279.fits
4089/spec-4089-55470-0280.fits
4089/spec-4089-55470-0281.fits
4089/spec-4089-55470-0282.fits
4089/spec-4089-55470-0283.fits
4089/spec-4089-55470-0284.fits
4089/spec-4089-55470-0285.fits
4089/spec-4089-55470-0286.fits
4089/spec-4089-55470-0287.fits
4089/spec-4089-55470-0288.fits
4089/spec-4089-55470-0289.fits
4089/spec-4089-55470-0290.fits
4089/spec-4089-55470-0291.fits
4089/spec-4089-55470-0292.fits
4089/spec-4089-55470-0293.fits
4089/spec-4089-55470-0294.fits
4089/spec-4089-55470-0295.fits
4089/spec-4089-55470-0296.fits
4089/spec-4089-55470-0297.fits
4089/spec-4089-55470-0298.fits
4089/spec-4089-55470-0299.fits
4089/spec-4089-55470-0300.fits
4089/spec-4089-55470-0301.fits
4089/spec-4089-55470-0302.fits
4089/spec-4089-55470-0303.fits
4089/spec-4089-55470-0304.fits
4089/spec-4089-55470-0305.fits
4089/spec-4089-55470-0306.fits
4089/spec-4089-55470-0307.fits
4089/spec-4089-55470-0308.fits
4089/spec-4089-55470-0309.fits
4089/spec-4089-55470-0310.fits
4089/spec-4089-55470-0311.fits
4089/spec-4089-55470-0312.fits
4089/spec-4089-55470-0313.fits
4089/spec-4089-55470-0314.fits
4089/spec-4089-55470-0315.fits
4089/spec-4089-55470-0316.fits
4089/spec-4089-55470-0317.fits
4089/spec-4089-55470-0318.fits
4089/spec-4089-55470-0319.fits
4089/spec-4089-55470-0320.fits
4089/spec-4089-55470-0321.fits
4089/spec-4089-55470-0322.fits
4089/spec-4089-55470-0323.fits
4089/spec-4089-55470-0324.fits
4089/spec-4089-55470-0325.fits
4089/spec-4089-55470-0326.fits
4089/spec-4089-55470-0327.fits
4089/spec-4089-55470-0328.fits
4089/spec-4089-55470-0329.fits
4089/spec-4089-55470-0330.fits
4089/spec-4089-55470-0331.fits
4089/spec-4089-55470-0332.fits
4089/spec-4089-55470-0333.fits
4089/spec-4089-55470-0334.fits
4089/spec-4089-55470-0335.fits
4089/spec-4089-55470-0336.fits
4089/spec-4089-55470-0337.fits
4089/spec-4089-55470-0338.fits
4089/spec-4089-55470-0339.fits
4089/spec-4089-55470-0340.fits
4089/spec-4089-55470-0341.fits
4089/spec-4089-55470-0342.fits
4089/spec-4089-55470-0343.fits
4089/spec-4089-55470-0344.fits
4089/spec-4089-55470-0345.fits
4089/spec-4089-55470-0346.fits
4089/spec-4089-55470-0347.fits
4089/spec-4089-55470-0348.fits
4089/spec-4089-55470-0349.fits
4089/spec-4089-55470-0350.fits
4089/spec-4089-55470-0351.fits
4089/spec-4089-55470-0352.fits
4089/spec-4089-55470-0353.fits
4089/spec-4089-55470-0354.fits
4089/spec-4089-55470-0355.fits
4089/spec-4089-55470-0356.fits
4089/spec-4089-55470-0357.fits
4089/spec-4089-55470-0358.fits
4089/spec-4089-55470-0359.fits
4089/spec-4089-55470-0360.fits
4089/spec-4089-55470-0361.fits
4089/spec-4089-55470-0362.fits
4089/spec-4089-55470-0363.fits
4089/spec-4089-55470-0364.fits
4089/spec-4089-55470-0365.fits
4089/spec-4089-55470-0366.fits
4089/spec-4089-55470-0367.fits
4089/spec-4089-55470-0368.fits
4089/spec-4089-55470-0369.fits
4089/spec-4089-55470-0370.fits
4089/spec-4089-55470-0371.fits
4089/spec-4089-55470-0372.fits
4089/spec-4089-55470-0373.fits
4089/spec-4089-55470-0374.fits
4089/spec-4089-55470-0375.fits
4089/spec-4089-55470-0376.fits
4089/spec-4089-55470-0377.fits
4089/spec-4089-55470-0378.fits
4089/spec-4089-55470-0379.fits
4089/spec-4089-55470-0380.fits
4089/spec-4089-55470-0381.fits
4089/spec-4089-55470-0382.fits
4089/spec-4089-55470-0383.fits
4089/spec-4089-55470-0384.fits
4089/spec-4089-55470-0385.fits
4089/spec-4089-55470-0386.fits
4089/spec-4089-55470-0387.fits
4089/spec-4089-55470-0388.fits
4089/spec-4089-55470-0389.fits
4089/spec-4089-55470-0390.fits
4089/spec-4089-55470-0391.fits
4089/spec-4089-55470-0392.fits
4089/spec-4089-55470-0393.fits
4089/spec-4089-55470-0394.fits
4089/spec-4089-55470-0395.fits
4089/spec-4089-55470-0396.fits
4089/spec-4089-55470-0397.fits
4089/spec-4089-55470-0398.fits
4089/spec-4089-55470-0399.fits
4089/spec-4089-55470-0400.fits
4089/spec-4089-55470-0401.fits
4089/spec-4089-55470-0402.fits
4089/spec-4089-55470-0403.fits
4089/spec-4089-55470-0404.fits
4089/spec-4089-55470-0405.fits
4089/spec-4089-55470-0406.fits
4089/spec-4089-55470-0407.fits
4089/spec-4089-55470-0408.fits
4089/spec-4089-55470-0409.fits
4089/spec-4089-55470-0410.fits
4089/spec-4089-55470-0411.fits
4089/spec-4089-55470-0412.fits
4089/spec-4089-55470-0413.fits
4089/spec-4089-55470-0414.fits
4089/spec-4089-55470-0415.fits
4089/spec-4089-55470-0416.fits
4089/spec-4089-55470-0417.fits
4089/spec-4089-55470-0418.fits
4089/spec-4089-55470-0419.fits
4089/spec-4089-55470-0420.fits
4089/spec-4089-55470-0421.fits
4089/spec-4089-55470-0422.fits
4089/spec-4089-55470-0423.fits
4089/spec-4089-55470-0424.fits
4089/spec-4089-55470-0425.fits
4089/spec-4089-55470-0426.fits
4089/spec-4089-55470-0427.fits
4089/spec-4089-55470-0428.fits
4089/spec-4089-55470-0429.fits
4089/spec-4089-55470-0430.fits
4089/spec-4089-55470-0431.fits
4089/spec-4089-55470-0432.fits
4089/spec-4089-55470-0433.fits
4089/spec-4089-55470-0434.fits
4089/spec-4089-55470-0435.fits
4089/spec-4089-55470-0436.fits
4089/spec-4089-55470-0437.fits
4089/spec-4089-55470-0438.fits
4089/spec-4089-55470-0439.fits
4089/spec-4089-55470-0440.fits
4089/spec-4089-55470-0441.fits
4089/spec-4089-55470-0442.fits
4089/spec-4089-55470-0443.fits
4089/spec-4089-55470-0444.fits
4089/spec-4089-55470-0445.fits
4089/spec-4089-55470-0446.fits
4089/spec-4089-55470-0447.fits
4089/spec-4089-55470-0448.fits
4089/spec-4089-55470-0449.fits
4089/spec-4089-55470-0450.fits
4089/spec-4089-55470-0451.fits
4089/spec-4089-55470-0452.fits
4089/spec-4089-55470-0453.fits
4089/spec-4089-55470-0454.fits
4089/spec-4089-55470-0455.fits
4089/spec-4089-55470-0456.fits
4089/spec-4089-55470-0457.fits
4089/spec-4089-55470-0458.fits
4089/spec-4089-55470-0459.fits
4089/spec-4089-55470-0460.fits
4089/spec-4089-55470-0461.fits
4089/spec-4089-55470-0462.fits
4089/spec-4089-55470-0463.fits
4089/spec-4089-55470-0464.fits
4089/spec-4089-55470-0465.fits
4089/spec-4089-55470-0466.fits
4089/spec-4089-55470-0467.fits
4089/spec-4089-55470-0468.fits
4089/spec-4089-55470-0469.fits
4089/spec-4089-55470-0470.fits
4089/spec-4089-55470-0471.fits
4089/spec-4089-55470-0472.fits
4089/spec-4089-55470-0473.fits
4089/spec-4089-55470-0474.fits
4089/spec-4089-55470-0475.fits
4089/spec-4089-55470-0476.fits
4089/spec-4089-55470-0477.fits
4089/spec-4089-55470-0478.fits
4089/spec-4089-55470-0479.fits
4089/spec-4089-55470-0480.fits
4089/spec-4089-55470-0481.fits
4089/spec-4089-55470-0482.fits
4089/spec-4089-55470-0483.fits
4089/spec-4089-55470-0484.fits
4089/spec-4089-55470-0485.fits
4089/spec-4089-55470-0486.fits
4089/spec-4089-55470-0487.fits
4089/spec-4089-55470-0488.fits
4089/spec-4089-55470-0489.fits
4089/spec-4089-55470-0490.fits
4089/spec-4089-55470-0491.fits
4089/spec-4089-55470-0492.fits
4089/spec-4089-55470-0493.fits
4089/spec-4089-55470-0494.fits
4089/spec-4089-55470-0495.fits
4089/spec-4089-55470-0496.fits
4089/spec-4089-55470-0497.fits
4089/spec-4089-55470-0498.fits
4089/spec-4089-55470-0499.fits
4089/spec-4089-55470-0500.fits
4089/spec-4089-55470-0501.fits
4089/spec-4089-55470-0502.fits
4089/spec-4089-55470-0503.fits
4089/spec-4089-55470-0504.fits
4089/spec-4089-55470-0505.fits
4089/spec-4089-55470-0506.fits
4089/spec-4089-55470-0507.fits
4089/spec-4089-55470-0508.fits
4089/spec-4089-55470-0509.fits
4089/spec-4089-55470-0510.fits
4089/spec-4089-55470-0511.fits
4089/spec-4089-55470-0512.fits
4089/spec-4089-55470-0513.fits
4089/spec-4089-55470-0514.fits
4089/spec-4089-55470-0515.fits
4089/spec-4089-55470-0516.fits
4089/spec-4089-55470-0517.fits
4089/spec-4089-55470-0518.fits
4089/spec-4089-55470-0519.fits
4089/spec-4089-55470-0520.fits
4089/spec-4089-55470-0521.fits
4089/spec-4089-55470-0522.fits
4089/spec-4089-55470-0523.fits
4089/spec-4089-55470-0524.fits
4089/spec-4089-55470-0525.fits
4089/spec-4089-55470-0526.fits
4089/spec-4089-55470-0527.fits
4089/spec-4089-55470-0528.fits
4089/spec-4089-55470-0529.fits
4089/spec-4089-55470-0530.fits
4089/spec-4089-55470-0531.fits
4089/spec-4089-55470-0532.fits
4089/spec-4089-55470-0533.fits
4089/spec-4089-55470-0534.fits
4089/spec-4089-55470-0535.fits
4089/spec-4089-55470-0536.fits
4089/spec-4089-55470-0537.fits
4089/spec-4089-55470-0538.fits
4089/spec-4089-55470-0539.fits
4089/spec-4089-55470-0540.fits
4089/spec-4089-55470-0541.fits
4089/spec-4089-55470-0542.fits
4089/spec-4089-55470-0543.fits
4089/spec-4089-55470-0544.fits
4089/spec-4089-55470-0545.fits
4089/spec-4089-55470-0546.fits
4089/spec-4089-55470-0547.fits
4089/spec-4089-55470-0548.fits
4089/spec-4089-55470-0549.fits
4089/spec-4089-55470-0550.fits
4089/spec-4089-55470-0551.fits
4089/spec-4089-55470-0552.fits
4089/spec-4089-55470-0553.fits
4089/spec-4089-55470-0554.fits
4089/spec-4089-55470-0555.fits
4089/spec-4089-55470-0556.fits
4089/spec-4089-55470-0557.fits
4089/spec-4089-55470-0558.fits
4089/spec-4089-55470-0559.fits
4089/spec-4089-55470-0560.fits
4089/spec-4089-55470-0561.fits
4089/spec-4089-55470-0562.fits
4089/spec-4089-55470-0563.fits
4089/spec-4089-55470-0564.fits
4089/spec-4089-55470-0565.fits
4089/spec-4089-55470-0566.fits
4089/spec-4089-55470-0567.fits
4089/spec-4089-55470-0568.fits
4089/spec-4089-55470-0569.fits
4089/spec-4089-55470-0570.fits
4089/spec-4089-55470-0571.fits
4089/spec-4089-55470-0572.fits
4089/spec-4089-55470-0573.fits
4089/spec-4089-55470-0574.fits
4089/spec-4089-55470-0575.fits
4089/spec-4089-55470-0576.fits
4089/spec-4089-55470-0577.fits
4089/spec-4089-55470-0578.fits
4089/spec-4089-55470-0579.fits
4089/spec-4089-55470-0580.fits
4089/spec-4089-55470-0581.fits
4089/spec-4089-55470-0582.fits
4089/spec-4089-55470-0583.fits
4089/spec-4089-55470-0584.fits
4089/spec-4089-55470-0585.fits
4089/spec-4089-55470-0586.fits
4089/spec-4089-55470-0587.fits
4089/spec-4089-55470-0588.fits
4089/spec-4089-55470-0589.fits
4089/spec-4089-55470-0590.fits
4089/spec-4089-55470-0591.fits
4089/spec-4089-55470-0592.fits
4089/spec-4089-55470-0593.fits
4089/spec-4089-55470-0594.fits
4089/spec-4089-55470-0595.fits
4089/spec-4089-55470-0596.fits
4089/spec-4089-55470-0597.fits
4089/spec-4089-55470-0598.fits
4089/spec-4089-55470-0599.fits
4089/spec-4089-55470-0600.fits
4089/spec-4089-55470-0601.fits
4089/spec-4089-55470-0602.fits
4089/spec-4089-55470-0603.fits
4089/spec-4089-55470-0604.fits
4089/spec-4089-55470-0605.fits
4089/spec-4089-55470-0606.fits
4089/spec-4089-55470-0607.fits
4089/spec-4089-55470-0608.fits
4089/spec-4089-55470-0609.fits
4089/spec-4089-55470-0610.fits
4089/spec-4089-55470-0611.fits
4089/spec-4089-55470-0612.fits
4089/spec-4089-55470-0613.fits
4089/spec-4089-55470-0614.fits
4089/spec-4089-55470-0615.fits
4089/spec-4089-55470-0616.fits
4089/spec-4089-55470-0617.fits
4089/spec-4089-55470-0618.fits
4089/spec-4089-55470-0619.fits
4089/spec-4089-55470-0620.fits
4089/spec-4089-55470-0621.fits
4089/spec-4089-55470-0622.fits
4089/spec-4089-55470-0623.fits
4089/spec-4089-55470-0624.fits
4089/spec-4089-55470-0625.fits
4089/spec-4089-55470-0626.fits
4089/spec-4089-55470-0627.fits
4089/spec-4089-55470-0628.fits
4089/spec-4089-55470-0629.fits
4089/spec-4089-55470-0630.fits
4089/spec-4089-55470-0631.fits
4089/spec-4089-55470-0632.fits
4089/spec-4089-55470-0633.fits
4089/spec-4089-55470-0634.fits
4089/spec-4089-55470-0635.fits
4089/spec-4089-55470-0636.fits
4089/spec-4089-55470-0637.fits
4089/spec-4089-55470-0638.fits
4089/spec-4089-55470-0639.fits
4089/spec-4089-55470-0640.fits
4089/spec-4089-55470-0641.fits
4089/spec-4089-55470-0642.fits
4089/spec-4089-55470-0643.fits
4089/spec-4089-55470-0644.fits
4089/spec-4089-55470-0645.fits
4089/spec-4089-55470-0646.fits
4089/spec-4089-55470-0647.fits
4089/spec-4089-55470-0648.fits
4089/spec-4089-55470-0649.fits
4089/spec-4089-55470-0650.fits
4089/spec-4089-55470-0651.fits
4089/spec-4089-55470-0652.fits
4089/spec-4089-55470-0653.fits
4089/spec-4089-55470-0654.fits
4089/spec-4089-55470-0655.fits
4089/spec-4089-55470-0656.fits
4089/spec-4089-55470-0657.fits
4089/spec-4089-55470-0658.fits
4089/spec-4089-55470-0659.fits
4089/spec-4089-55470-0660.fits
4089/spec-4089-55470-0661.fits
4089/spec-4089-55470-0662.fits
4089/spec-4089-55470-0663.fits
4089/spec-4089-55470-0664.fits
4089/spec-4089-55470-0665.fits
4089/spec-4089-55470-0666.fits
4089/spec-4089-55470-0667.fits
4089/spec-4089-55470-0668.fits
4089/spec-4089-55470-0669.fits
4089/spec-4089-55470-0670.fits
4089/spec-4089-55470-0671.fits
4089/spec-4089-55470-0672.fits
4089/spec-4089-55470-0673.fits
4089/spec-4089-55470-0674.fits
4089/spec-4089-55470-0675.fits
4089/spec-4089-55470-0676.fits
4089/spec-4089-55470-0677.fits
4089/spec-4089-55470-0678.fits
4089/spec-4089-55470-0679.fits
4089/spec-4089-55470-0680.fits
4089/spec-4089-55470-0681.fits
4089/spec-4089-55470-0682.fits
4089/spec-4089-55470-0683.fits
4089/spec-4089-55470-0684.fits
4089/spec-4089-55470-0685.fits
4089/spec-4089-55470-0686.fits
4089/spec-4089-55470-0687.fits
4089/spec-4089-55470-0688.fits
4089/spec-4089-55470-0689.fits
4089/spec-4089-55470-0690.fits
4089/spec-4089-55470-0691.fits
4089/spec-4089-55470-0692.fits
4089/spec-4089-55470-0693.fits
4089/spec-4089-55470-0694.fits
4089/spec-4089-55470-0695.fits
4089/spec-4089-55470-0696.fits
4089/spec-4089-55470-0697.fits
4089/spec-4089-55470-0698.fits
4089/spec-4089-55470-0699.fits
4089/spec-4089-55470-0700.fits
4089/spec-4089-55470-0701.fits
4089/spec-4089-55470-0702.fits
4089/spec-4089-55470-0703.fits
4089/spec-4089-55470-0704.fits
4089/spec-4089-55470-0705.fits
4089/spec-4089-55470-0706.fits
4089/spec-4089-55470-0707.fits
4089/spec-4089-55470-0708.fits
4089/spec-4089-55470-0709.fits
4089/spec-4089-55470-0710.fits
4089/spec-4089-55470-0711.fits
4089/spec-4089-55470-0712.fits
4089/spec-4089-55470-0713.fits
4089/spec-4089-55470-0714.fits
4089/spec-4089-55470-0715.fits
4089/spec-4089-55470-0716.fits
4089/spec-4089-55470-0717.fits
4089/spec-4089-55470-0718.fits
4089/spec-4089-55470-0719.fits
4089/spec-4089-55470-0720.fits
4089/spec-4089-55470-0721.fits
4089/spec-4089-55470-0722.fits
4089/spec-4089-55470-0723.fits
4089/spec-4089-55470-0724.fits
4089/spec-4089-55470-0725.fits
4089/spec-4089-55470-0726.fits
4089/spec-4089-55470-0727.fits
4089/spec-4089-55470-0728.fits
4089/spec-4089-55470-0729.fits
4089/spec-4089-55470-0730.fits
4089/spec-4089-55470-0731.fits
4089/spec-4089-55470-0732.fits
4089/spec-4089-55470-0733.fits
4089/spec-4089-55470-0734.fits
4089/spec-4089-55470-0735.fits
4089/spec-4089-55470-0736.fits
4089/spec-4089-55470-0737.fits
4089/spec-4089-55470-0738.fits
4089/spec-4089-55470-0739.fits
4089/spec-4089-55470-0740.fits
4089/spec-4089-55470-0741.fits
4089/spec-4089-55470-0742.fits
4089/spec-4089-55470-0743.fits
4089/spec-4089-55470-0744.fits
4089/spec-4089-55470-0745.fits
4089/spec-4089-55470-0746.fits
4089/spec-4089-55470-0747.fits
4089/spec-4089-55470-0748.fits
4089/spec-4089-55470-0749.fits
4089/spec-4089-55470-0750.fits
4089/spec-4089-55470-0751.fits
4089/spec-4089-55470-0752.fits
4089/spec-4089-55470-0753.fits
4089/spec-4089-55470-0754.fits
4089/spec-4089-55470-0755.fits
4089/spec-4089-55470-0756.fits
4089/spec-4089-55470-0757.fits
4089/spec-4089-55470-0758.fits
4089/spec-4089-55470-0759.fits
4089/spec-4089-55470-0760.fits
4089/spec-4089-55470-0761.fits
4089/spec-4089-55470-0762.fits
4089/spec-4089-55470-0763.fits
4089/spec-4089-55470-0764.fits
4089/spec-4089-55470-0765.fits
4089/spec-4089-55470-0766.fits
4089/spec-4089-55470-0767.fits
4089/spec-4089-55470-0768.fits
4089/spec-4089-55470-0769.fits
4089/spec-4089-55470-0770.fits
4089/spec-4089-55470-0771.fits
4089/spec-4089-55470-0772.fits
4089/spec-4089-55470-0773.fits
4089/spec-4089-55470-0774.fits
4089/spec-4089-55470-0775.fits
4089/spec-4089-55470-0776.fits
4089/spec-4089-55470-0777.fits
4089/spec-4089-55470-0778.fits
4089/spec-4089-55470-0779.fits
4089/spec-4089-55470-0780.fits
4089/spec-4089-55470-0781.fits
4089/spec-4089-55470-0782.fits
4089/spec-4089-55470-0783.fits
4089/spec-4089-55470-0784.fits
4089/spec-4089-55470-0785.fits
4089/spec-4089-55470-0786.fits
4089/spec-4089-55470-0787.fits
4089/spec-4089-55470-0788.fits
4089/spec-4089-55470-0789.fits
4089/spec-4089-55470-0790.fits
4089/spec-4089-55470-0791.fits
4089/spec-4089-55470-0792.fits
4089/spec-4089-55470-0793.fits
4089/spec-4089-55470-0794.fits
4089/spec-4089-55470-0795.fits
4089/spec-4089-55470-0796.fits
4089/spec-4089-55470-0797.fits
4089/spec-4089-55470-0798.fits
4089/spec-4089-55470-0799.fits
4089/spec-4089-55470-0800.fits
4089/spec-4089-55470-0801.fits
4089/spec-4089-55470-0802.fits
4089/spec-4089-55470-0803.fits
4089/spec-4089-55470-0804.fits
4089/spec-4089-55470-0805.fits
4089/spec-4089-55470-0806.fits
4089/spec-4089-55470-0807.fits
4089/spec-4089-55470-0808.fits
4089/spec-4089-55470-0809.fits
4089/spec-4089-55470-0810.fits
4089/spec-4089-55470-0811.fits
4089/spec-4089-55470-0812.fits
4089/spec-4089-55470-0813.fits
4089/spec-4089-55470-0814.fits
4089/spec-4089-55470-0815.fits
4089/spec-4089-55470-0816.fits
4089/spec-4089-55470-0817.fits
4089/spec-4089-55470-0818.fits
4089/spec-4089-55470-0819.fits
4089/spec-4089-55470-0820.fits
4089/spec-4089-55470-0821.fits
4089/spec-4089-55470-0822.fits
4089/spec-4089-55470-0823.fits
4089/spec-4089-55470-0824.fits
4089/spec-4089-55470-0825.fits
4089/spec-4089-55470-0826.fits
4089/spec-4089-55470-0827.fits
4089/spec-4089-55470-0828.fits
4089/spec-4089-55470-0829.fits
4089/spec-4089-55470-0830.fits
4089/spec-4089-55470-0831.fits
4089/spec-4089-55470-0832.fits
4089/spec-4089-55470-0833.fits
4089/spec-4089-55470-0834.fits
4089/spec-4089-55470-0835.fits
4089/spec-4089-55470-0836.fits
4089/spec-4089-55470-0837.fits
4089/spec-4089-55470-0838.fits
4089/spec-4089-55470-0839.fits
4089/spec-4089-55470-0840.fits
4089/spec-4089-55470-0841.fits
4089/spec-4089-55470-0842.fits
4089/spec-4089-55470-0843.fits
4089/spec-4089-55470-0844.fits
4089/spec-4089-55470-0845.fits
4089/spec-4089-55470-0846.fits
4089/spec-4089-55470-0847.fits
4089/spec-4089-55470-0848.fits
4089/spec-4089-55470-0849.fits
4089/spec-4089-55470-0850.fits
4089/spec-4089-55470-0851.fits
4089/spec-4089-55470-0852.fits
4089/spec-4089-55470-0853.fits
4089/spec-4089-55470-0854.fits
4089/spec-4089-55470-0855.fits
4089/spec-4089-55470-0856.fits
4089/spec-4089-55470-0857.fits
4089/spec-4089-55470-0858.fits
4089/spec-4089-55470-0859.fits
4089/spec-4089-55470-0860.fits
4089/spec-4089-55470-0861.fits
4089/spec-4089-55470-0862.fits
4089/spec-4089-55470-0863.fits
4089/spec-4089-55470-0864.fits
4089/spec-4089-55470-0865.fits
4089/spec-4089-55470-0866.fits
4089/spec-4089-55470-0867.fits
4089/spec-4089-55470-0868.fits
4089/spec-4089-55470-0869.fits
4089/spec-4089-55470-0870.fits
4089/spec-4089-55470-0871.fits
4089/spec-4089-55470-0872.fits
4089/spec-4089-55470-0873.fits
4089/spec-4089-55470-0874.fits
4089/spec-4089-55470-0875.fits
4089/spec-4089-55470-0876.fits
4089/spec-4089-55470-0877.fits
4089/spec-4089-55470-0878.fits
4089/spec-4089-55470-0879.fits
4089/spec-4089-55470-0880.fits
4089/spec-4089-55470-0881.fits
4089/spec-4089-55470-0882.fits
4089/spec-4089-55470-0883.fits
4089/spec-4089-55470-0884.fits
4089/spec-4089-55470-0885.fits
4089/spec-4089-55470-0886.fits
4089/spec-4089-55470-0887.fits
4089/spec-4089-55470-0888.fits
4089/spec-4089-55470-0889.fits
4089/spec-4089-55470-0890.fits
4089/spec-4089-55470-0891.fits
4089/spec-4089-55470-0892.fits
4089/spec-4089-55470-0893.fits
4089/spec-4089-55470-0894.fits
4089/spec-4089-55470-0895.fits
4089/spec-4089-55470-0896.fits
4089/spec-4089-55470-0897.fits
4089/spec-4089-55470-0898.fits
4089/spec-4089-55470-0899.fits
4089/spec-4089-55470-0900.fits
4089/spec-4089-55470-0901.fits
4089/spec-4089-55470-0902.fits
4089/spec-4089-55470-0903.fits
4089/spec-4089-55470-0904.fits
4089/spec-4089-55470-0905.fits
4089/spec-4089-55470-0906.fits
4089/spec-4089-55470-0907.fits
4089/spec-4089-55470-0908.fits
4089/spec-4089-55470-0909.fits
4089/spec-4089-55470-0910.fits
4089/spec-4089-55470-0911.fits
4089/spec-4089-55470-0912.fits
4089/spec-4089-55470-0913.fits
4089/spec-4089-55470-0914.fits
4089/spec-4089-55470-0915.fits
4089/spec-4089-55470-0916.fits
4089/spec-4089-55470-0917.fits
4089/spec-4089-55470-0918.fits
4089/spec-4089-55470-0919.fits
4089/spec-4089-55470-0920.fits
4089/spec-4089-55470-0921.fits
4089/spec-4089-55470-0922.fits
4089/spec-4089-55470-0923.fits
4089/spec-4089-55470-0924.fits
4089/spec-4089-55470-0925.fits
4089/spec-4089-55470-0926.fits
4089/spec-4089-55470-0927.fits
4089/spec-4089-55470-0928.fits
4089/spec-4089-55470-0929.fits
4089/spec-4089-55470-0930.fits
4089/spec-4089-55470-0931.fits
4089/spec-4089-55470-0932.fits
4089/spec-4089-55470-0933.fits
4089/spec-4089-55470-0934.fits
4089/spec-4089-55470-0935.fits
4089/spec-4089-55470-0936.fits
4089/spec-4089-55470-0937.fits
4089/spec-4089-55470-0938.fits
4089/spec-4089-55470-0939.fits
4089/spec-4089-55470-0940.fits
4089/spec-4089-55470-0941.fits
4089/spec-4089-55470-0942.fits
4089/spec-4089-55470-0943.fits
4089/spec-4089-55470-0944.fits
4089/spec-4089-55470-0945.fits
4089/spec-4089-55470-0946.fits
4089/spec-4089-55470-0947.fits
4089/spec-4089-55470-0948.fits
4089/spec-4089-55470-0949.fits
4089/spec-4089-55470-0950.fits
4089/spec-4089-55470-0951.fits
4089/spec-4089-55470-0952.fits
4089/spec-4089-55470-0953.fits
4089/spec-4089-55470-0954.fits
4089/spec-4089-55470-0955.fits
4089/spec-4089-55470-0956.fits
4089/spec-4089-55470-0957.fits
4089/spec-4089-55470-0958.fits
4089/spec-4089-55470-0959.fits
4089/spec-4089-55470-0960.fits
4089/spec-4089-55470-0961.fits
4089/spec-4089-55470-0962.fits
4089/spec-4089-55470-0963.fits
4089/spec-4089-55470-0964.fits
4089/spec-4089-55470-0965.fits
4089/spec-4089-55470-0966.fits
4089/spec-4089-55470-0967.fits
4089/spec-4089-55470-0968.fits
4089/spec-4089-55470-0969.fits
4089/spec-4089-55470-0970.fits
4089/spec-4089-55470-0971.fits
4089/spec-4089-55470-0972.fits
4089/spec-4089-55470-0973.fits
4089/spec-4089-55470-0974.fits
4089/spec-4089-55470-0975.fits
4089/spec-4089-55470-0976.fits
4089/spec-4089-55470-0977.fits
4089/spec-4089-55470-0978.fits
4089/spec-4089-55470-0979.fits
4089/spec-4089-55470-0980.fits
4089/spec-4089-55470-0981.fits
4089/spec-4089-55470-0982.fits
4089/spec-4089-55470-0983.fits
4089/spec-4089-55470-0984.fits
4089/spec-4089-55470-0985.fits
4089/spec-4089-55470-0986.fits
4089/spec-4089-55470-0987.fits
4089/spec-4089-55470-0988.fits
4089/spec-4089-55470-0989.fits
4089/spec-4089-55470-0990.fits
4089/spec-4089-55470-0991.fits
4089/spec-4089-55470-0992.fits
4089/spec-4089-55470-0993.fits
4089/spec-4089-55470-0994.fits
4089/spec-4089-55470-0995.fits
4089/spec-4089-55470-0996.fits
4089/spec-4089-55470-0997.fits
4089/spec-4089-55470-0998.fits
4089/spec-4089-55470-0999.fits
4089/spec-4089-55470-1000.fits
/var/lib/condor/execute/slot1/dir_60837
4089 4089.tgz R R361.tar.gz _condor_stderr _condor_stdout cB58_Lyman_break.fit condor_exec.exe hw4.R packages packages.tar.gz tmp var
[1] "Loaded package astro."
[1] 1000
4089 4089.csv 4089.tgz R R361.tar.gz _condor_stderr _condor_stdout cB58_Lyman_break.fit condor_exec.exe hw4.R packages packages.tar.gz tmp var
