4221
4221/
4221/spec-4221-55443-0001.fits
4221/spec-4221-55443-0002.fits
4221/spec-4221-55443-0003.fits
4221/spec-4221-55443-0004.fits
4221/spec-4221-55443-0005.fits
4221/spec-4221-55443-0006.fits
4221/spec-4221-55443-0007.fits
4221/spec-4221-55443-0008.fits
4221/spec-4221-55443-0009.fits
4221/spec-4221-55443-0010.fits
4221/spec-4221-55443-0011.fits
4221/spec-4221-55443-0012.fits
4221/spec-4221-55443-0013.fits
4221/spec-4221-55443-0014.fits
4221/spec-4221-55443-0015.fits
4221/spec-4221-55443-0016.fits
4221/spec-4221-55443-0017.fits
4221/spec-4221-55443-0018.fits
4221/spec-4221-55443-0019.fits
4221/spec-4221-55443-0020.fits
4221/spec-4221-55443-0021.fits
4221/spec-4221-55443-0022.fits
4221/spec-4221-55443-0023.fits
4221/spec-4221-55443-0024.fits
4221/spec-4221-55443-0025.fits
4221/spec-4221-55443-0026.fits
4221/spec-4221-55443-0027.fits
4221/spec-4221-55443-0028.fits
4221/spec-4221-55443-0029.fits
4221/spec-4221-55443-0030.fits
4221/spec-4221-55443-0031.fits
4221/spec-4221-55443-0032.fits
4221/spec-4221-55443-0033.fits
4221/spec-4221-55443-0034.fits
4221/spec-4221-55443-0035.fits
4221/spec-4221-55443-0036.fits
4221/spec-4221-55443-0037.fits
4221/spec-4221-55443-0038.fits
4221/spec-4221-55443-0039.fits
4221/spec-4221-55443-0040.fits
4221/spec-4221-55443-0041.fits
4221/spec-4221-55443-0042.fits
4221/spec-4221-55443-0043.fits
4221/spec-4221-55443-0044.fits
4221/spec-4221-55443-0045.fits
4221/spec-4221-55443-0046.fits
4221/spec-4221-55443-0047.fits
4221/spec-4221-55443-0048.fits
4221/spec-4221-55443-0049.fits
4221/spec-4221-55443-0050.fits
4221/spec-4221-55443-0051.fits
4221/spec-4221-55443-0052.fits
4221/spec-4221-55443-0053.fits
4221/spec-4221-55443-0054.fits
4221/spec-4221-55443-0055.fits
4221/spec-4221-55443-0056.fits
4221/spec-4221-55443-0057.fits
4221/spec-4221-55443-0058.fits
4221/spec-4221-55443-0059.fits
4221/spec-4221-55443-0060.fits
4221/spec-4221-55443-0061.fits
4221/spec-4221-55443-0062.fits
4221/spec-4221-55443-0063.fits
4221/spec-4221-55443-0064.fits
4221/spec-4221-55443-0065.fits
4221/spec-4221-55443-0066.fits
4221/spec-4221-55443-0067.fits
4221/spec-4221-55443-0068.fits
4221/spec-4221-55443-0069.fits
4221/spec-4221-55443-0070.fits
4221/spec-4221-55443-0071.fits
4221/spec-4221-55443-0072.fits
4221/spec-4221-55443-0073.fits
4221/spec-4221-55443-0074.fits
4221/spec-4221-55443-0075.fits
4221/spec-4221-55443-0076.fits
4221/spec-4221-55443-0077.fits
4221/spec-4221-55443-0078.fits
4221/spec-4221-55443-0079.fits
4221/spec-4221-55443-0080.fits
4221/spec-4221-55443-0081.fits
4221/spec-4221-55443-0082.fits
4221/spec-4221-55443-0083.fits
4221/spec-4221-55443-0084.fits
4221/spec-4221-55443-0085.fits
4221/spec-4221-55443-0086.fits
4221/spec-4221-55443-0087.fits
4221/spec-4221-55443-0088.fits
4221/spec-4221-55443-0089.fits
4221/spec-4221-55443-0090.fits
4221/spec-4221-55443-0091.fits
4221/spec-4221-55443-0092.fits
4221/spec-4221-55443-0093.fits
4221/spec-4221-55443-0094.fits
4221/spec-4221-55443-0095.fits
4221/spec-4221-55443-0096.fits
4221/spec-4221-55443-0097.fits
4221/spec-4221-55443-0098.fits
4221/spec-4221-55443-0099.fits
4221/spec-4221-55443-0100.fits
4221/spec-4221-55443-0101.fits
4221/spec-4221-55443-0102.fits
4221/spec-4221-55443-0103.fits
4221/spec-4221-55443-0104.fits
4221/spec-4221-55443-0105.fits
4221/spec-4221-55443-0106.fits
4221/spec-4221-55443-0107.fits
4221/spec-4221-55443-0108.fits
4221/spec-4221-55443-0109.fits
4221/spec-4221-55443-0110.fits
4221/spec-4221-55443-0111.fits
4221/spec-4221-55443-0112.fits
4221/spec-4221-55443-0113.fits
4221/spec-4221-55443-0114.fits
4221/spec-4221-55443-0115.fits
4221/spec-4221-55443-0116.fits
4221/spec-4221-55443-0117.fits
4221/spec-4221-55443-0118.fits
4221/spec-4221-55443-0119.fits
4221/spec-4221-55443-0120.fits
4221/spec-4221-55443-0121.fits
4221/spec-4221-55443-0122.fits
4221/spec-4221-55443-0123.fits
4221/spec-4221-55443-0124.fits
4221/spec-4221-55443-0125.fits
4221/spec-4221-55443-0126.fits
4221/spec-4221-55443-0127.fits
4221/spec-4221-55443-0128.fits
4221/spec-4221-55443-0129.fits
4221/spec-4221-55443-0130.fits
4221/spec-4221-55443-0131.fits
4221/spec-4221-55443-0132.fits
4221/spec-4221-55443-0133.fits
4221/spec-4221-55443-0134.fits
4221/spec-4221-55443-0135.fits
4221/spec-4221-55443-0136.fits
4221/spec-4221-55443-0137.fits
4221/spec-4221-55443-0138.fits
4221/spec-4221-55443-0139.fits
4221/spec-4221-55443-0140.fits
4221/spec-4221-55443-0141.fits
4221/spec-4221-55443-0142.fits
4221/spec-4221-55443-0143.fits
4221/spec-4221-55443-0144.fits
4221/spec-4221-55443-0145.fits
4221/spec-4221-55443-0146.fits
4221/spec-4221-55443-0147.fits
4221/spec-4221-55443-0148.fits
4221/spec-4221-55443-0149.fits
4221/spec-4221-55443-0150.fits
4221/spec-4221-55443-0151.fits
4221/spec-4221-55443-0152.fits
4221/spec-4221-55443-0153.fits
4221/spec-4221-55443-0154.fits
4221/spec-4221-55443-0155.fits
4221/spec-4221-55443-0156.fits
4221/spec-4221-55443-0157.fits
4221/spec-4221-55443-0158.fits
4221/spec-4221-55443-0159.fits
4221/spec-4221-55443-0160.fits
4221/spec-4221-55443-0161.fits
4221/spec-4221-55443-0162.fits
4221/spec-4221-55443-0163.fits
4221/spec-4221-55443-0164.fits
4221/spec-4221-55443-0165.fits
4221/spec-4221-55443-0166.fits
4221/spec-4221-55443-0167.fits
4221/spec-4221-55443-0168.fits
4221/spec-4221-55443-0169.fits
4221/spec-4221-55443-0170.fits
4221/spec-4221-55443-0171.fits
4221/spec-4221-55443-0172.fits
4221/spec-4221-55443-0173.fits
4221/spec-4221-55443-0174.fits
4221/spec-4221-55443-0175.fits
4221/spec-4221-55443-0176.fits
4221/spec-4221-55443-0177.fits
4221/spec-4221-55443-0178.fits
4221/spec-4221-55443-0179.fits
4221/spec-4221-55443-0180.fits
4221/spec-4221-55443-0181.fits
4221/spec-4221-55443-0182.fits
4221/spec-4221-55443-0183.fits
4221/spec-4221-55443-0184.fits
4221/spec-4221-55443-0185.fits
4221/spec-4221-55443-0186.fits
4221/spec-4221-55443-0187.fits
4221/spec-4221-55443-0188.fits
4221/spec-4221-55443-0189.fits
4221/spec-4221-55443-0190.fits
4221/spec-4221-55443-0191.fits
4221/spec-4221-55443-0192.fits
4221/spec-4221-55443-0193.fits
4221/spec-4221-55443-0194.fits
4221/spec-4221-55443-0195.fits
4221/spec-4221-55443-0196.fits
4221/spec-4221-55443-0197.fits
4221/spec-4221-55443-0198.fits
4221/spec-4221-55443-0199.fits
4221/spec-4221-55443-0200.fits
4221/spec-4221-55443-0201.fits
4221/spec-4221-55443-0202.fits
4221/spec-4221-55443-0203.fits
4221/spec-4221-55443-0204.fits
4221/spec-4221-55443-0205.fits
4221/spec-4221-55443-0206.fits
4221/spec-4221-55443-0207.fits
4221/spec-4221-55443-0208.fits
4221/spec-4221-55443-0209.fits
4221/spec-4221-55443-0210.fits
4221/spec-4221-55443-0211.fits
4221/spec-4221-55443-0212.fits
4221/spec-4221-55443-0213.fits
4221/spec-4221-55443-0214.fits
4221/spec-4221-55443-0215.fits
4221/spec-4221-55443-0216.fits
4221/spec-4221-55443-0217.fits
4221/spec-4221-55443-0218.fits
4221/spec-4221-55443-0219.fits
4221/spec-4221-55443-0220.fits
4221/spec-4221-55443-0221.fits
4221/spec-4221-55443-0222.fits
4221/spec-4221-55443-0223.fits
4221/spec-4221-55443-0224.fits
4221/spec-4221-55443-0225.fits
4221/spec-4221-55443-0226.fits
4221/spec-4221-55443-0227.fits
4221/spec-4221-55443-0228.fits
4221/spec-4221-55443-0229.fits
4221/spec-4221-55443-0230.fits
4221/spec-4221-55443-0231.fits
4221/spec-4221-55443-0232.fits
4221/spec-4221-55443-0233.fits
4221/spec-4221-55443-0234.fits
4221/spec-4221-55443-0235.fits
4221/spec-4221-55443-0236.fits
4221/spec-4221-55443-0237.fits
4221/spec-4221-55443-0238.fits
4221/spec-4221-55443-0239.fits
4221/spec-4221-55443-0240.fits
4221/spec-4221-55443-0241.fits
4221/spec-4221-55443-0242.fits
4221/spec-4221-55443-0243.fits
4221/spec-4221-55443-0244.fits
4221/spec-4221-55443-0245.fits
4221/spec-4221-55443-0246.fits
4221/spec-4221-55443-0247.fits
4221/spec-4221-55443-0248.fits
4221/spec-4221-55443-0249.fits
4221/spec-4221-55443-0250.fits
4221/spec-4221-55443-0251.fits
4221/spec-4221-55443-0252.fits
4221/spec-4221-55443-0253.fits
4221/spec-4221-55443-0254.fits
4221/spec-4221-55443-0255.fits
4221/spec-4221-55443-0256.fits
4221/spec-4221-55443-0257.fits
4221/spec-4221-55443-0258.fits
4221/spec-4221-55443-0259.fits
4221/spec-4221-55443-0260.fits
4221/spec-4221-55443-0261.fits
4221/spec-4221-55443-0262.fits
4221/spec-4221-55443-0263.fits
4221/spec-4221-55443-0264.fits
4221/spec-4221-55443-0265.fits
4221/spec-4221-55443-0266.fits
4221/spec-4221-55443-0267.fits
4221/spec-4221-55443-0268.fits
4221/spec-4221-55443-0269.fits
4221/spec-4221-55443-0270.fits
4221/spec-4221-55443-0271.fits
4221/spec-4221-55443-0272.fits
4221/spec-4221-55443-0273.fits
4221/spec-4221-55443-0274.fits
4221/spec-4221-55443-0275.fits
4221/spec-4221-55443-0276.fits
4221/spec-4221-55443-0277.fits
4221/spec-4221-55443-0278.fits
4221/spec-4221-55443-0279.fits
4221/spec-4221-55443-0280.fits
4221/spec-4221-55443-0281.fits
4221/spec-4221-55443-0282.fits
4221/spec-4221-55443-0283.fits
4221/spec-4221-55443-0284.fits
4221/spec-4221-55443-0285.fits
4221/spec-4221-55443-0286.fits
4221/spec-4221-55443-0287.fits
4221/spec-4221-55443-0288.fits
4221/spec-4221-55443-0289.fits
4221/spec-4221-55443-0290.fits
4221/spec-4221-55443-0291.fits
4221/spec-4221-55443-0292.fits
4221/spec-4221-55443-0293.fits
4221/spec-4221-55443-0294.fits
4221/spec-4221-55443-0295.fits
4221/spec-4221-55443-0296.fits
4221/spec-4221-55443-0297.fits
4221/spec-4221-55443-0298.fits
4221/spec-4221-55443-0299.fits
4221/spec-4221-55443-0300.fits
4221/spec-4221-55443-0301.fits
4221/spec-4221-55443-0302.fits
4221/spec-4221-55443-0303.fits
4221/spec-4221-55443-0304.fits
4221/spec-4221-55443-0305.fits
4221/spec-4221-55443-0306.fits
4221/spec-4221-55443-0307.fits
4221/spec-4221-55443-0308.fits
4221/spec-4221-55443-0309.fits
4221/spec-4221-55443-0310.fits
4221/spec-4221-55443-0311.fits
4221/spec-4221-55443-0312.fits
4221/spec-4221-55443-0313.fits
4221/spec-4221-55443-0314.fits
4221/spec-4221-55443-0315.fits
4221/spec-4221-55443-0316.fits
4221/spec-4221-55443-0317.fits
4221/spec-4221-55443-0318.fits
4221/spec-4221-55443-0319.fits
4221/spec-4221-55443-0320.fits
4221/spec-4221-55443-0321.fits
4221/spec-4221-55443-0322.fits
4221/spec-4221-55443-0323.fits
4221/spec-4221-55443-0324.fits
4221/spec-4221-55443-0325.fits
4221/spec-4221-55443-0326.fits
4221/spec-4221-55443-0327.fits
4221/spec-4221-55443-0328.fits
4221/spec-4221-55443-0329.fits
4221/spec-4221-55443-0330.fits
4221/spec-4221-55443-0331.fits
4221/spec-4221-55443-0332.fits
4221/spec-4221-55443-0333.fits
4221/spec-4221-55443-0334.fits
4221/spec-4221-55443-0335.fits
4221/spec-4221-55443-0336.fits
4221/spec-4221-55443-0337.fits
4221/spec-4221-55443-0338.fits
4221/spec-4221-55443-0339.fits
4221/spec-4221-55443-0340.fits
4221/spec-4221-55443-0341.fits
4221/spec-4221-55443-0342.fits
4221/spec-4221-55443-0343.fits
4221/spec-4221-55443-0344.fits
4221/spec-4221-55443-0345.fits
4221/spec-4221-55443-0346.fits
4221/spec-4221-55443-0347.fits
4221/spec-4221-55443-0348.fits
4221/spec-4221-55443-0349.fits
4221/spec-4221-55443-0350.fits
4221/spec-4221-55443-0351.fits
4221/spec-4221-55443-0352.fits
4221/spec-4221-55443-0353.fits
4221/spec-4221-55443-0354.fits
4221/spec-4221-55443-0355.fits
4221/spec-4221-55443-0356.fits
4221/spec-4221-55443-0357.fits
4221/spec-4221-55443-0358.fits
4221/spec-4221-55443-0359.fits
4221/spec-4221-55443-0360.fits
4221/spec-4221-55443-0361.fits
4221/spec-4221-55443-0362.fits
4221/spec-4221-55443-0363.fits
4221/spec-4221-55443-0364.fits
4221/spec-4221-55443-0365.fits
4221/spec-4221-55443-0366.fits
4221/spec-4221-55443-0367.fits
4221/spec-4221-55443-0368.fits
4221/spec-4221-55443-0369.fits
4221/spec-4221-55443-0370.fits
4221/spec-4221-55443-0371.fits
4221/spec-4221-55443-0372.fits
4221/spec-4221-55443-0373.fits
4221/spec-4221-55443-0374.fits
4221/spec-4221-55443-0375.fits
4221/spec-4221-55443-0376.fits
4221/spec-4221-55443-0377.fits
4221/spec-4221-55443-0378.fits
4221/spec-4221-55443-0379.fits
4221/spec-4221-55443-0380.fits
4221/spec-4221-55443-0381.fits
4221/spec-4221-55443-0382.fits
4221/spec-4221-55443-0383.fits
4221/spec-4221-55443-0384.fits
4221/spec-4221-55443-0385.fits
4221/spec-4221-55443-0386.fits
4221/spec-4221-55443-0387.fits
4221/spec-4221-55443-0388.fits
4221/spec-4221-55443-0389.fits
4221/spec-4221-55443-0390.fits
4221/spec-4221-55443-0391.fits
4221/spec-4221-55443-0392.fits
4221/spec-4221-55443-0393.fits
4221/spec-4221-55443-0394.fits
4221/spec-4221-55443-0395.fits
4221/spec-4221-55443-0396.fits
4221/spec-4221-55443-0397.fits
4221/spec-4221-55443-0398.fits
4221/spec-4221-55443-0399.fits
4221/spec-4221-55443-0400.fits
4221/spec-4221-55443-0401.fits
4221/spec-4221-55443-0402.fits
4221/spec-4221-55443-0403.fits
4221/spec-4221-55443-0404.fits
4221/spec-4221-55443-0405.fits
4221/spec-4221-55443-0406.fits
4221/spec-4221-55443-0407.fits
4221/spec-4221-55443-0408.fits
4221/spec-4221-55443-0409.fits
4221/spec-4221-55443-0410.fits
4221/spec-4221-55443-0411.fits
4221/spec-4221-55443-0412.fits
4221/spec-4221-55443-0413.fits
4221/spec-4221-55443-0414.fits
4221/spec-4221-55443-0415.fits
4221/spec-4221-55443-0416.fits
4221/spec-4221-55443-0417.fits
4221/spec-4221-55443-0418.fits
4221/spec-4221-55443-0419.fits
4221/spec-4221-55443-0420.fits
4221/spec-4221-55443-0421.fits
4221/spec-4221-55443-0422.fits
4221/spec-4221-55443-0423.fits
4221/spec-4221-55443-0424.fits
4221/spec-4221-55443-0425.fits
4221/spec-4221-55443-0426.fits
4221/spec-4221-55443-0427.fits
4221/spec-4221-55443-0428.fits
4221/spec-4221-55443-0429.fits
4221/spec-4221-55443-0430.fits
4221/spec-4221-55443-0431.fits
4221/spec-4221-55443-0432.fits
4221/spec-4221-55443-0433.fits
4221/spec-4221-55443-0434.fits
4221/spec-4221-55443-0435.fits
4221/spec-4221-55443-0436.fits
4221/spec-4221-55443-0437.fits
4221/spec-4221-55443-0438.fits
4221/spec-4221-55443-0439.fits
4221/spec-4221-55443-0440.fits
4221/spec-4221-55443-0441.fits
4221/spec-4221-55443-0442.fits
4221/spec-4221-55443-0443.fits
4221/spec-4221-55443-0444.fits
4221/spec-4221-55443-0445.fits
4221/spec-4221-55443-0446.fits
4221/spec-4221-55443-0447.fits
4221/spec-4221-55443-0448.fits
4221/spec-4221-55443-0449.fits
4221/spec-4221-55443-0450.fits
4221/spec-4221-55443-0451.fits
4221/spec-4221-55443-0452.fits
4221/spec-4221-55443-0453.fits
4221/spec-4221-55443-0454.fits
4221/spec-4221-55443-0455.fits
4221/spec-4221-55443-0456.fits
4221/spec-4221-55443-0457.fits
4221/spec-4221-55443-0458.fits
4221/spec-4221-55443-0459.fits
4221/spec-4221-55443-0460.fits
4221/spec-4221-55443-0461.fits
4221/spec-4221-55443-0462.fits
4221/spec-4221-55443-0463.fits
4221/spec-4221-55443-0464.fits
4221/spec-4221-55443-0465.fits
4221/spec-4221-55443-0466.fits
4221/spec-4221-55443-0467.fits
4221/spec-4221-55443-0468.fits
4221/spec-4221-55443-0469.fits
4221/spec-4221-55443-0470.fits
4221/spec-4221-55443-0471.fits
4221/spec-4221-55443-0472.fits
4221/spec-4221-55443-0473.fits
4221/spec-4221-55443-0474.fits
4221/spec-4221-55443-0475.fits
4221/spec-4221-55443-0476.fits
4221/spec-4221-55443-0477.fits
4221/spec-4221-55443-0478.fits
4221/spec-4221-55443-0479.fits
4221/spec-4221-55443-0480.fits
4221/spec-4221-55443-0481.fits
4221/spec-4221-55443-0482.fits
4221/spec-4221-55443-0483.fits
4221/spec-4221-55443-0484.fits
4221/spec-4221-55443-0485.fits
4221/spec-4221-55443-0486.fits
4221/spec-4221-55443-0487.fits
4221/spec-4221-55443-0488.fits
4221/spec-4221-55443-0489.fits
4221/spec-4221-55443-0490.fits
4221/spec-4221-55443-0491.fits
4221/spec-4221-55443-0492.fits
4221/spec-4221-55443-0493.fits
4221/spec-4221-55443-0494.fits
4221/spec-4221-55443-0495.fits
4221/spec-4221-55443-0496.fits
4221/spec-4221-55443-0497.fits
4221/spec-4221-55443-0498.fits
4221/spec-4221-55443-0499.fits
4221/spec-4221-55443-0500.fits
4221/spec-4221-55443-0501.fits
4221/spec-4221-55443-0502.fits
4221/spec-4221-55443-0503.fits
4221/spec-4221-55443-0504.fits
4221/spec-4221-55443-0505.fits
4221/spec-4221-55443-0506.fits
4221/spec-4221-55443-0507.fits
4221/spec-4221-55443-0508.fits
4221/spec-4221-55443-0509.fits
4221/spec-4221-55443-0510.fits
4221/spec-4221-55443-0511.fits
4221/spec-4221-55443-0512.fits
4221/spec-4221-55443-0513.fits
4221/spec-4221-55443-0514.fits
4221/spec-4221-55443-0515.fits
4221/spec-4221-55443-0516.fits
4221/spec-4221-55443-0517.fits
4221/spec-4221-55443-0518.fits
4221/spec-4221-55443-0519.fits
4221/spec-4221-55443-0520.fits
4221/spec-4221-55443-0521.fits
4221/spec-4221-55443-0522.fits
4221/spec-4221-55443-0523.fits
4221/spec-4221-55443-0524.fits
4221/spec-4221-55443-0525.fits
4221/spec-4221-55443-0526.fits
4221/spec-4221-55443-0527.fits
4221/spec-4221-55443-0528.fits
4221/spec-4221-55443-0529.fits
4221/spec-4221-55443-0530.fits
4221/spec-4221-55443-0531.fits
4221/spec-4221-55443-0532.fits
4221/spec-4221-55443-0533.fits
4221/spec-4221-55443-0534.fits
4221/spec-4221-55443-0535.fits
4221/spec-4221-55443-0536.fits
4221/spec-4221-55443-0537.fits
4221/spec-4221-55443-0538.fits
4221/spec-4221-55443-0539.fits
4221/spec-4221-55443-0540.fits
4221/spec-4221-55443-0541.fits
4221/spec-4221-55443-0542.fits
4221/spec-4221-55443-0543.fits
4221/spec-4221-55443-0544.fits
4221/spec-4221-55443-0545.fits
4221/spec-4221-55443-0546.fits
4221/spec-4221-55443-0547.fits
4221/spec-4221-55443-0548.fits
4221/spec-4221-55443-0549.fits
4221/spec-4221-55443-0550.fits
4221/spec-4221-55443-0551.fits
4221/spec-4221-55443-0552.fits
4221/spec-4221-55443-0553.fits
4221/spec-4221-55443-0554.fits
4221/spec-4221-55443-0555.fits
4221/spec-4221-55443-0556.fits
4221/spec-4221-55443-0557.fits
4221/spec-4221-55443-0558.fits
4221/spec-4221-55443-0559.fits
4221/spec-4221-55443-0560.fits
4221/spec-4221-55443-0561.fits
4221/spec-4221-55443-0562.fits
4221/spec-4221-55443-0563.fits
4221/spec-4221-55443-0564.fits
4221/spec-4221-55443-0565.fits
4221/spec-4221-55443-0566.fits
4221/spec-4221-55443-0567.fits
4221/spec-4221-55443-0568.fits
4221/spec-4221-55443-0569.fits
4221/spec-4221-55443-0570.fits
4221/spec-4221-55443-0571.fits
4221/spec-4221-55443-0572.fits
4221/spec-4221-55443-0573.fits
4221/spec-4221-55443-0574.fits
4221/spec-4221-55443-0575.fits
4221/spec-4221-55443-0576.fits
4221/spec-4221-55443-0577.fits
4221/spec-4221-55443-0578.fits
4221/spec-4221-55443-0579.fits
4221/spec-4221-55443-0580.fits
4221/spec-4221-55443-0581.fits
4221/spec-4221-55443-0582.fits
4221/spec-4221-55443-0583.fits
4221/spec-4221-55443-0584.fits
4221/spec-4221-55443-0585.fits
4221/spec-4221-55443-0586.fits
4221/spec-4221-55443-0587.fits
4221/spec-4221-55443-0588.fits
4221/spec-4221-55443-0589.fits
4221/spec-4221-55443-0590.fits
4221/spec-4221-55443-0591.fits
4221/spec-4221-55443-0592.fits
4221/spec-4221-55443-0593.fits
4221/spec-4221-55443-0594.fits
4221/spec-4221-55443-0595.fits
4221/spec-4221-55443-0596.fits
4221/spec-4221-55443-0597.fits
4221/spec-4221-55443-0598.fits
4221/spec-4221-55443-0599.fits
4221/spec-4221-55443-0600.fits
4221/spec-4221-55443-0601.fits
4221/spec-4221-55443-0602.fits
4221/spec-4221-55443-0603.fits
4221/spec-4221-55443-0604.fits
4221/spec-4221-55443-0605.fits
4221/spec-4221-55443-0606.fits
4221/spec-4221-55443-0607.fits
4221/spec-4221-55443-0608.fits
4221/spec-4221-55443-0609.fits
4221/spec-4221-55443-0610.fits
4221/spec-4221-55443-0611.fits
4221/spec-4221-55443-0612.fits
4221/spec-4221-55443-0613.fits
4221/spec-4221-55443-0614.fits
4221/spec-4221-55443-0615.fits
4221/spec-4221-55443-0616.fits
4221/spec-4221-55443-0617.fits
4221/spec-4221-55443-0618.fits
4221/spec-4221-55443-0619.fits
4221/spec-4221-55443-0620.fits
4221/spec-4221-55443-0621.fits
4221/spec-4221-55443-0622.fits
4221/spec-4221-55443-0623.fits
4221/spec-4221-55443-0624.fits
4221/spec-4221-55443-0625.fits
4221/spec-4221-55443-0626.fits
4221/spec-4221-55443-0627.fits
4221/spec-4221-55443-0628.fits
4221/spec-4221-55443-0629.fits
4221/spec-4221-55443-0630.fits
4221/spec-4221-55443-0631.fits
4221/spec-4221-55443-0632.fits
4221/spec-4221-55443-0633.fits
4221/spec-4221-55443-0634.fits
4221/spec-4221-55443-0635.fits
4221/spec-4221-55443-0636.fits
4221/spec-4221-55443-0637.fits
4221/spec-4221-55443-0638.fits
4221/spec-4221-55443-0639.fits
4221/spec-4221-55443-0640.fits
4221/spec-4221-55443-0641.fits
4221/spec-4221-55443-0642.fits
4221/spec-4221-55443-0643.fits
4221/spec-4221-55443-0644.fits
4221/spec-4221-55443-0645.fits
4221/spec-4221-55443-0646.fits
4221/spec-4221-55443-0647.fits
4221/spec-4221-55443-0648.fits
4221/spec-4221-55443-0649.fits
4221/spec-4221-55443-0650.fits
4221/spec-4221-55443-0651.fits
4221/spec-4221-55443-0652.fits
4221/spec-4221-55443-0653.fits
4221/spec-4221-55443-0654.fits
4221/spec-4221-55443-0655.fits
4221/spec-4221-55443-0656.fits
4221/spec-4221-55443-0657.fits
4221/spec-4221-55443-0658.fits
4221/spec-4221-55443-0659.fits
4221/spec-4221-55443-0660.fits
4221/spec-4221-55443-0661.fits
4221/spec-4221-55443-0662.fits
4221/spec-4221-55443-0663.fits
4221/spec-4221-55443-0664.fits
4221/spec-4221-55443-0665.fits
4221/spec-4221-55443-0666.fits
4221/spec-4221-55443-0667.fits
4221/spec-4221-55443-0668.fits
4221/spec-4221-55443-0669.fits
4221/spec-4221-55443-0670.fits
4221/spec-4221-55443-0671.fits
4221/spec-4221-55443-0672.fits
4221/spec-4221-55443-0673.fits
4221/spec-4221-55443-0674.fits
4221/spec-4221-55443-0675.fits
4221/spec-4221-55443-0676.fits
4221/spec-4221-55443-0677.fits
4221/spec-4221-55443-0678.fits
4221/spec-4221-55443-0679.fits
4221/spec-4221-55443-0680.fits
4221/spec-4221-55443-0681.fits
4221/spec-4221-55443-0682.fits
4221/spec-4221-55443-0683.fits
4221/spec-4221-55443-0684.fits
4221/spec-4221-55443-0685.fits
4221/spec-4221-55443-0686.fits
4221/spec-4221-55443-0687.fits
4221/spec-4221-55443-0688.fits
4221/spec-4221-55443-0689.fits
4221/spec-4221-55443-0690.fits
4221/spec-4221-55443-0691.fits
4221/spec-4221-55443-0692.fits
4221/spec-4221-55443-0693.fits
4221/spec-4221-55443-0694.fits
4221/spec-4221-55443-0695.fits
4221/spec-4221-55443-0696.fits
4221/spec-4221-55443-0697.fits
4221/spec-4221-55443-0698.fits
4221/spec-4221-55443-0699.fits
4221/spec-4221-55443-0700.fits
4221/spec-4221-55443-0701.fits
4221/spec-4221-55443-0702.fits
4221/spec-4221-55443-0703.fits
4221/spec-4221-55443-0704.fits
4221/spec-4221-55443-0705.fits
4221/spec-4221-55443-0706.fits
4221/spec-4221-55443-0707.fits
4221/spec-4221-55443-0708.fits
4221/spec-4221-55443-0709.fits
4221/spec-4221-55443-0710.fits
4221/spec-4221-55443-0711.fits
4221/spec-4221-55443-0712.fits
4221/spec-4221-55443-0713.fits
4221/spec-4221-55443-0714.fits
4221/spec-4221-55443-0715.fits
4221/spec-4221-55443-0716.fits
4221/spec-4221-55443-0717.fits
4221/spec-4221-55443-0718.fits
4221/spec-4221-55443-0719.fits
4221/spec-4221-55443-0720.fits
4221/spec-4221-55443-0721.fits
4221/spec-4221-55443-0722.fits
4221/spec-4221-55443-0723.fits
4221/spec-4221-55443-0724.fits
4221/spec-4221-55443-0725.fits
4221/spec-4221-55443-0726.fits
4221/spec-4221-55443-0727.fits
4221/spec-4221-55443-0728.fits
4221/spec-4221-55443-0729.fits
4221/spec-4221-55443-0730.fits
4221/spec-4221-55443-0731.fits
4221/spec-4221-55443-0732.fits
4221/spec-4221-55443-0733.fits
4221/spec-4221-55443-0734.fits
4221/spec-4221-55443-0735.fits
4221/spec-4221-55443-0736.fits
4221/spec-4221-55443-0737.fits
4221/spec-4221-55443-0738.fits
4221/spec-4221-55443-0739.fits
4221/spec-4221-55443-0740.fits
4221/spec-4221-55443-0741.fits
4221/spec-4221-55443-0742.fits
4221/spec-4221-55443-0743.fits
4221/spec-4221-55443-0744.fits
4221/spec-4221-55443-0745.fits
4221/spec-4221-55443-0746.fits
4221/spec-4221-55443-0747.fits
4221/spec-4221-55443-0748.fits
4221/spec-4221-55443-0749.fits
4221/spec-4221-55443-0750.fits
4221/spec-4221-55443-0751.fits
4221/spec-4221-55443-0752.fits
4221/spec-4221-55443-0753.fits
4221/spec-4221-55443-0754.fits
4221/spec-4221-55443-0755.fits
4221/spec-4221-55443-0756.fits
4221/spec-4221-55443-0757.fits
4221/spec-4221-55443-0758.fits
4221/spec-4221-55443-0759.fits
4221/spec-4221-55443-0760.fits
4221/spec-4221-55443-0761.fits
4221/spec-4221-55443-0762.fits
4221/spec-4221-55443-0763.fits
4221/spec-4221-55443-0764.fits
4221/spec-4221-55443-0765.fits
4221/spec-4221-55443-0766.fits
4221/spec-4221-55443-0767.fits
4221/spec-4221-55443-0768.fits
4221/spec-4221-55443-0769.fits
4221/spec-4221-55443-0770.fits
4221/spec-4221-55443-0771.fits
4221/spec-4221-55443-0772.fits
4221/spec-4221-55443-0773.fits
4221/spec-4221-55443-0774.fits
4221/spec-4221-55443-0775.fits
4221/spec-4221-55443-0776.fits
4221/spec-4221-55443-0777.fits
4221/spec-4221-55443-0778.fits
4221/spec-4221-55443-0779.fits
4221/spec-4221-55443-0780.fits
4221/spec-4221-55443-0781.fits
4221/spec-4221-55443-0782.fits
4221/spec-4221-55443-0783.fits
4221/spec-4221-55443-0784.fits
4221/spec-4221-55443-0785.fits
4221/spec-4221-55443-0786.fits
4221/spec-4221-55443-0787.fits
4221/spec-4221-55443-0788.fits
4221/spec-4221-55443-0789.fits
4221/spec-4221-55443-0790.fits
4221/spec-4221-55443-0791.fits
4221/spec-4221-55443-0792.fits
4221/spec-4221-55443-0793.fits
4221/spec-4221-55443-0794.fits
4221/spec-4221-55443-0795.fits
4221/spec-4221-55443-0796.fits
4221/spec-4221-55443-0797.fits
4221/spec-4221-55443-0798.fits
4221/spec-4221-55443-0799.fits
4221/spec-4221-55443-0800.fits
4221/spec-4221-55443-0801.fits
4221/spec-4221-55443-0802.fits
4221/spec-4221-55443-0803.fits
4221/spec-4221-55443-0804.fits
4221/spec-4221-55443-0805.fits
4221/spec-4221-55443-0806.fits
4221/spec-4221-55443-0807.fits
4221/spec-4221-55443-0808.fits
4221/spec-4221-55443-0809.fits
4221/spec-4221-55443-0810.fits
4221/spec-4221-55443-0811.fits
4221/spec-4221-55443-0812.fits
4221/spec-4221-55443-0813.fits
4221/spec-4221-55443-0814.fits
4221/spec-4221-55443-0815.fits
4221/spec-4221-55443-0816.fits
4221/spec-4221-55443-0817.fits
4221/spec-4221-55443-0818.fits
4221/spec-4221-55443-0819.fits
4221/spec-4221-55443-0820.fits
4221/spec-4221-55443-0821.fits
4221/spec-4221-55443-0822.fits
4221/spec-4221-55443-0823.fits
4221/spec-4221-55443-0824.fits
4221/spec-4221-55443-0825.fits
4221/spec-4221-55443-0826.fits
4221/spec-4221-55443-0827.fits
4221/spec-4221-55443-0828.fits
4221/spec-4221-55443-0829.fits
4221/spec-4221-55443-0830.fits
4221/spec-4221-55443-0831.fits
4221/spec-4221-55443-0832.fits
4221/spec-4221-55443-0833.fits
4221/spec-4221-55443-0834.fits
4221/spec-4221-55443-0835.fits
4221/spec-4221-55443-0836.fits
4221/spec-4221-55443-0837.fits
4221/spec-4221-55443-0838.fits
4221/spec-4221-55443-0839.fits
4221/spec-4221-55443-0840.fits
4221/spec-4221-55443-0841.fits
4221/spec-4221-55443-0842.fits
4221/spec-4221-55443-0843.fits
4221/spec-4221-55443-0844.fits
4221/spec-4221-55443-0845.fits
4221/spec-4221-55443-0846.fits
4221/spec-4221-55443-0847.fits
4221/spec-4221-55443-0848.fits
4221/spec-4221-55443-0849.fits
4221/spec-4221-55443-0850.fits
4221/spec-4221-55443-0851.fits
4221/spec-4221-55443-0852.fits
4221/spec-4221-55443-0853.fits
4221/spec-4221-55443-0854.fits
4221/spec-4221-55443-0855.fits
4221/spec-4221-55443-0856.fits
4221/spec-4221-55443-0857.fits
4221/spec-4221-55443-0858.fits
4221/spec-4221-55443-0859.fits
4221/spec-4221-55443-0860.fits
4221/spec-4221-55443-0861.fits
4221/spec-4221-55443-0862.fits
4221/spec-4221-55443-0863.fits
4221/spec-4221-55443-0864.fits
4221/spec-4221-55443-0865.fits
4221/spec-4221-55443-0866.fits
4221/spec-4221-55443-0867.fits
4221/spec-4221-55443-0868.fits
4221/spec-4221-55443-0869.fits
4221/spec-4221-55443-0870.fits
4221/spec-4221-55443-0871.fits
4221/spec-4221-55443-0872.fits
4221/spec-4221-55443-0873.fits
4221/spec-4221-55443-0874.fits
4221/spec-4221-55443-0875.fits
4221/spec-4221-55443-0876.fits
4221/spec-4221-55443-0877.fits
4221/spec-4221-55443-0878.fits
4221/spec-4221-55443-0879.fits
4221/spec-4221-55443-0880.fits
4221/spec-4221-55443-0881.fits
4221/spec-4221-55443-0882.fits
4221/spec-4221-55443-0883.fits
4221/spec-4221-55443-0884.fits
4221/spec-4221-55443-0885.fits
4221/spec-4221-55443-0886.fits
4221/spec-4221-55443-0887.fits
4221/spec-4221-55443-0888.fits
4221/spec-4221-55443-0889.fits
4221/spec-4221-55443-0890.fits
4221/spec-4221-55443-0891.fits
4221/spec-4221-55443-0892.fits
4221/spec-4221-55443-0893.fits
4221/spec-4221-55443-0894.fits
4221/spec-4221-55443-0895.fits
4221/spec-4221-55443-0896.fits
4221/spec-4221-55443-0897.fits
4221/spec-4221-55443-0898.fits
4221/spec-4221-55443-0899.fits
4221/spec-4221-55443-0900.fits
4221/spec-4221-55443-0901.fits
4221/spec-4221-55443-0902.fits
4221/spec-4221-55443-0903.fits
4221/spec-4221-55443-0904.fits
4221/spec-4221-55443-0905.fits
4221/spec-4221-55443-0906.fits
4221/spec-4221-55443-0907.fits
4221/spec-4221-55443-0908.fits
4221/spec-4221-55443-0909.fits
4221/spec-4221-55443-0910.fits
4221/spec-4221-55443-0911.fits
4221/spec-4221-55443-0912.fits
4221/spec-4221-55443-0913.fits
4221/spec-4221-55443-0914.fits
4221/spec-4221-55443-0915.fits
4221/spec-4221-55443-0916.fits
4221/spec-4221-55443-0917.fits
4221/spec-4221-55443-0918.fits
4221/spec-4221-55443-0919.fits
4221/spec-4221-55443-0920.fits
4221/spec-4221-55443-0921.fits
4221/spec-4221-55443-0922.fits
4221/spec-4221-55443-0923.fits
4221/spec-4221-55443-0924.fits
4221/spec-4221-55443-0925.fits
4221/spec-4221-55443-0926.fits
4221/spec-4221-55443-0927.fits
4221/spec-4221-55443-0928.fits
4221/spec-4221-55443-0929.fits
4221/spec-4221-55443-0930.fits
4221/spec-4221-55443-0931.fits
4221/spec-4221-55443-0932.fits
4221/spec-4221-55443-0933.fits
4221/spec-4221-55443-0934.fits
4221/spec-4221-55443-0935.fits
4221/spec-4221-55443-0936.fits
4221/spec-4221-55443-0937.fits
4221/spec-4221-55443-0938.fits
4221/spec-4221-55443-0939.fits
4221/spec-4221-55443-0940.fits
4221/spec-4221-55443-0941.fits
4221/spec-4221-55443-0942.fits
4221/spec-4221-55443-0943.fits
4221/spec-4221-55443-0944.fits
4221/spec-4221-55443-0945.fits
4221/spec-4221-55443-0946.fits
4221/spec-4221-55443-0947.fits
4221/spec-4221-55443-0948.fits
4221/spec-4221-55443-0949.fits
4221/spec-4221-55443-0950.fits
4221/spec-4221-55443-0951.fits
4221/spec-4221-55443-0952.fits
4221/spec-4221-55443-0953.fits
4221/spec-4221-55443-0954.fits
4221/spec-4221-55443-0955.fits
4221/spec-4221-55443-0956.fits
4221/spec-4221-55443-0957.fits
4221/spec-4221-55443-0958.fits
4221/spec-4221-55443-0959.fits
4221/spec-4221-55443-0960.fits
4221/spec-4221-55443-0961.fits
4221/spec-4221-55443-0962.fits
4221/spec-4221-55443-0963.fits
4221/spec-4221-55443-0964.fits
4221/spec-4221-55443-0965.fits
4221/spec-4221-55443-0966.fits
4221/spec-4221-55443-0967.fits
4221/spec-4221-55443-0968.fits
4221/spec-4221-55443-0969.fits
4221/spec-4221-55443-0970.fits
4221/spec-4221-55443-0971.fits
4221/spec-4221-55443-0972.fits
4221/spec-4221-55443-0973.fits
4221/spec-4221-55443-0974.fits
4221/spec-4221-55443-0975.fits
4221/spec-4221-55443-0976.fits
4221/spec-4221-55443-0977.fits
4221/spec-4221-55443-0978.fits
4221/spec-4221-55443-0979.fits
4221/spec-4221-55443-0980.fits
4221/spec-4221-55443-0981.fits
4221/spec-4221-55443-0982.fits
4221/spec-4221-55443-0983.fits
4221/spec-4221-55443-0984.fits
4221/spec-4221-55443-0985.fits
4221/spec-4221-55443-0986.fits
4221/spec-4221-55443-0987.fits
4221/spec-4221-55443-0988.fits
4221/spec-4221-55443-0989.fits
4221/spec-4221-55443-0990.fits
4221/spec-4221-55443-0991.fits
4221/spec-4221-55443-0992.fits
4221/spec-4221-55443-0993.fits
4221/spec-4221-55443-0994.fits
4221/spec-4221-55443-0995.fits
4221/spec-4221-55443-0996.fits
4221/spec-4221-55443-0997.fits
4221/spec-4221-55443-0998.fits
4221/spec-4221-55443-0999.fits
4221/spec-4221-55443-1000.fits
/var/lib/condor/execute/slot1/dir_29200
4221 4221.tgz R R361.tar.gz _condor_stderr _condor_stdout cB58_Lyman_break.fit condor_exec.exe hw4.R packages packages.tar.gz tmp var
[1] "Loaded package astro."
[1] 1000
4221 4221.csv 4221.tgz R R361.tar.gz _condor_stderr _condor_stdout cB58_Lyman_break.fit condor_exec.exe hw4.R packages packages.tar.gz tmp var
