4228
4228/
4228/spec-4228-55484-0001.fits
4228/spec-4228-55484-0002.fits
4228/spec-4228-55484-0003.fits
4228/spec-4228-55484-0004.fits
4228/spec-4228-55484-0005.fits
4228/spec-4228-55484-0006.fits
4228/spec-4228-55484-0007.fits
4228/spec-4228-55484-0008.fits
4228/spec-4228-55484-0009.fits
4228/spec-4228-55484-0010.fits
4228/spec-4228-55484-0011.fits
4228/spec-4228-55484-0012.fits
4228/spec-4228-55484-0013.fits
4228/spec-4228-55484-0014.fits
4228/spec-4228-55484-0015.fits
4228/spec-4228-55484-0016.fits
4228/spec-4228-55484-0017.fits
4228/spec-4228-55484-0018.fits
4228/spec-4228-55484-0019.fits
4228/spec-4228-55484-0020.fits
4228/spec-4228-55484-0021.fits
4228/spec-4228-55484-0022.fits
4228/spec-4228-55484-0023.fits
4228/spec-4228-55484-0024.fits
4228/spec-4228-55484-0025.fits
4228/spec-4228-55484-0026.fits
4228/spec-4228-55484-0027.fits
4228/spec-4228-55484-0028.fits
4228/spec-4228-55484-0029.fits
4228/spec-4228-55484-0030.fits
4228/spec-4228-55484-0031.fits
4228/spec-4228-55484-0032.fits
4228/spec-4228-55484-0033.fits
4228/spec-4228-55484-0034.fits
4228/spec-4228-55484-0035.fits
4228/spec-4228-55484-0036.fits
4228/spec-4228-55484-0037.fits
4228/spec-4228-55484-0038.fits
4228/spec-4228-55484-0039.fits
4228/spec-4228-55484-0040.fits
4228/spec-4228-55484-0041.fits
4228/spec-4228-55484-0042.fits
4228/spec-4228-55484-0043.fits
4228/spec-4228-55484-0044.fits
4228/spec-4228-55484-0045.fits
4228/spec-4228-55484-0046.fits
4228/spec-4228-55484-0047.fits
4228/spec-4228-55484-0048.fits
4228/spec-4228-55484-0049.fits
4228/spec-4228-55484-0050.fits
4228/spec-4228-55484-0051.fits
4228/spec-4228-55484-0052.fits
4228/spec-4228-55484-0053.fits
4228/spec-4228-55484-0054.fits
4228/spec-4228-55484-0055.fits
4228/spec-4228-55484-0056.fits
4228/spec-4228-55484-0057.fits
4228/spec-4228-55484-0058.fits
4228/spec-4228-55484-0059.fits
4228/spec-4228-55484-0060.fits
4228/spec-4228-55484-0061.fits
4228/spec-4228-55484-0062.fits
4228/spec-4228-55484-0063.fits
4228/spec-4228-55484-0064.fits
4228/spec-4228-55484-0065.fits
4228/spec-4228-55484-0066.fits
4228/spec-4228-55484-0067.fits
4228/spec-4228-55484-0068.fits
4228/spec-4228-55484-0069.fits
4228/spec-4228-55484-0070.fits
4228/spec-4228-55484-0071.fits
4228/spec-4228-55484-0072.fits
4228/spec-4228-55484-0073.fits
4228/spec-4228-55484-0074.fits
4228/spec-4228-55484-0075.fits
4228/spec-4228-55484-0076.fits
4228/spec-4228-55484-0077.fits
4228/spec-4228-55484-0078.fits
4228/spec-4228-55484-0079.fits
4228/spec-4228-55484-0080.fits
4228/spec-4228-55484-0081.fits
4228/spec-4228-55484-0082.fits
4228/spec-4228-55484-0083.fits
4228/spec-4228-55484-0084.fits
4228/spec-4228-55484-0085.fits
4228/spec-4228-55484-0086.fits
4228/spec-4228-55484-0087.fits
4228/spec-4228-55484-0088.fits
4228/spec-4228-55484-0089.fits
4228/spec-4228-55484-0090.fits
4228/spec-4228-55484-0091.fits
4228/spec-4228-55484-0092.fits
4228/spec-4228-55484-0093.fits
4228/spec-4228-55484-0094.fits
4228/spec-4228-55484-0095.fits
4228/spec-4228-55484-0096.fits
4228/spec-4228-55484-0097.fits
4228/spec-4228-55484-0098.fits
4228/spec-4228-55484-0099.fits
4228/spec-4228-55484-0100.fits
4228/spec-4228-55484-0101.fits
4228/spec-4228-55484-0102.fits
4228/spec-4228-55484-0103.fits
4228/spec-4228-55484-0104.fits
4228/spec-4228-55484-0105.fits
4228/spec-4228-55484-0106.fits
4228/spec-4228-55484-0107.fits
4228/spec-4228-55484-0108.fits
4228/spec-4228-55484-0109.fits
4228/spec-4228-55484-0110.fits
4228/spec-4228-55484-0111.fits
4228/spec-4228-55484-0112.fits
4228/spec-4228-55484-0113.fits
4228/spec-4228-55484-0114.fits
4228/spec-4228-55484-0115.fits
4228/spec-4228-55484-0116.fits
4228/spec-4228-55484-0117.fits
4228/spec-4228-55484-0118.fits
4228/spec-4228-55484-0119.fits
4228/spec-4228-55484-0120.fits
4228/spec-4228-55484-0121.fits
4228/spec-4228-55484-0122.fits
4228/spec-4228-55484-0123.fits
4228/spec-4228-55484-0124.fits
4228/spec-4228-55484-0125.fits
4228/spec-4228-55484-0126.fits
4228/spec-4228-55484-0127.fits
4228/spec-4228-55484-0128.fits
4228/spec-4228-55484-0129.fits
4228/spec-4228-55484-0130.fits
4228/spec-4228-55484-0131.fits
4228/spec-4228-55484-0132.fits
4228/spec-4228-55484-0133.fits
4228/spec-4228-55484-0134.fits
4228/spec-4228-55484-0135.fits
4228/spec-4228-55484-0136.fits
4228/spec-4228-55484-0137.fits
4228/spec-4228-55484-0138.fits
4228/spec-4228-55484-0139.fits
4228/spec-4228-55484-0140.fits
4228/spec-4228-55484-0141.fits
4228/spec-4228-55484-0142.fits
4228/spec-4228-55484-0143.fits
4228/spec-4228-55484-0144.fits
4228/spec-4228-55484-0145.fits
4228/spec-4228-55484-0146.fits
4228/spec-4228-55484-0147.fits
4228/spec-4228-55484-0148.fits
4228/spec-4228-55484-0149.fits
4228/spec-4228-55484-0150.fits
4228/spec-4228-55484-0151.fits
4228/spec-4228-55484-0152.fits
4228/spec-4228-55484-0153.fits
4228/spec-4228-55484-0154.fits
4228/spec-4228-55484-0155.fits
4228/spec-4228-55484-0156.fits
4228/spec-4228-55484-0157.fits
4228/spec-4228-55484-0158.fits
4228/spec-4228-55484-0159.fits
4228/spec-4228-55484-0160.fits
4228/spec-4228-55484-0161.fits
4228/spec-4228-55484-0162.fits
4228/spec-4228-55484-0163.fits
4228/spec-4228-55484-0164.fits
4228/spec-4228-55484-0165.fits
4228/spec-4228-55484-0166.fits
4228/spec-4228-55484-0167.fits
4228/spec-4228-55484-0168.fits
4228/spec-4228-55484-0169.fits
4228/spec-4228-55484-0170.fits
4228/spec-4228-55484-0171.fits
4228/spec-4228-55484-0172.fits
4228/spec-4228-55484-0173.fits
4228/spec-4228-55484-0174.fits
4228/spec-4228-55484-0175.fits
4228/spec-4228-55484-0176.fits
4228/spec-4228-55484-0177.fits
4228/spec-4228-55484-0178.fits
4228/spec-4228-55484-0179.fits
4228/spec-4228-55484-0180.fits
4228/spec-4228-55484-0181.fits
4228/spec-4228-55484-0182.fits
4228/spec-4228-55484-0183.fits
4228/spec-4228-55484-0184.fits
4228/spec-4228-55484-0185.fits
4228/spec-4228-55484-0186.fits
4228/spec-4228-55484-0187.fits
4228/spec-4228-55484-0188.fits
4228/spec-4228-55484-0189.fits
4228/spec-4228-55484-0190.fits
4228/spec-4228-55484-0191.fits
4228/spec-4228-55484-0192.fits
4228/spec-4228-55484-0193.fits
4228/spec-4228-55484-0194.fits
4228/spec-4228-55484-0195.fits
4228/spec-4228-55484-0196.fits
4228/spec-4228-55484-0197.fits
4228/spec-4228-55484-0198.fits
4228/spec-4228-55484-0199.fits
4228/spec-4228-55484-0200.fits
4228/spec-4228-55484-0201.fits
4228/spec-4228-55484-0202.fits
4228/spec-4228-55484-0203.fits
4228/spec-4228-55484-0204.fits
4228/spec-4228-55484-0205.fits
4228/spec-4228-55484-0206.fits
4228/spec-4228-55484-0207.fits
4228/spec-4228-55484-0208.fits
4228/spec-4228-55484-0209.fits
4228/spec-4228-55484-0210.fits
4228/spec-4228-55484-0211.fits
4228/spec-4228-55484-0212.fits
4228/spec-4228-55484-0213.fits
4228/spec-4228-55484-0214.fits
4228/spec-4228-55484-0215.fits
4228/spec-4228-55484-0216.fits
4228/spec-4228-55484-0217.fits
4228/spec-4228-55484-0218.fits
4228/spec-4228-55484-0219.fits
4228/spec-4228-55484-0220.fits
4228/spec-4228-55484-0221.fits
4228/spec-4228-55484-0222.fits
4228/spec-4228-55484-0223.fits
4228/spec-4228-55484-0224.fits
4228/spec-4228-55484-0225.fits
4228/spec-4228-55484-0226.fits
4228/spec-4228-55484-0227.fits
4228/spec-4228-55484-0228.fits
4228/spec-4228-55484-0229.fits
4228/spec-4228-55484-0230.fits
4228/spec-4228-55484-0231.fits
4228/spec-4228-55484-0232.fits
4228/spec-4228-55484-0233.fits
4228/spec-4228-55484-0234.fits
4228/spec-4228-55484-0235.fits
4228/spec-4228-55484-0236.fits
4228/spec-4228-55484-0237.fits
4228/spec-4228-55484-0238.fits
4228/spec-4228-55484-0239.fits
4228/spec-4228-55484-0240.fits
4228/spec-4228-55484-0241.fits
4228/spec-4228-55484-0242.fits
4228/spec-4228-55484-0243.fits
4228/spec-4228-55484-0244.fits
4228/spec-4228-55484-0245.fits
4228/spec-4228-55484-0246.fits
4228/spec-4228-55484-0247.fits
4228/spec-4228-55484-0248.fits
4228/spec-4228-55484-0249.fits
4228/spec-4228-55484-0250.fits
4228/spec-4228-55484-0251.fits
4228/spec-4228-55484-0252.fits
4228/spec-4228-55484-0253.fits
4228/spec-4228-55484-0254.fits
4228/spec-4228-55484-0255.fits
4228/spec-4228-55484-0256.fits
4228/spec-4228-55484-0257.fits
4228/spec-4228-55484-0258.fits
4228/spec-4228-55484-0259.fits
4228/spec-4228-55484-0260.fits
4228/spec-4228-55484-0261.fits
4228/spec-4228-55484-0262.fits
4228/spec-4228-55484-0263.fits
4228/spec-4228-55484-0264.fits
4228/spec-4228-55484-0265.fits
4228/spec-4228-55484-0266.fits
4228/spec-4228-55484-0267.fits
4228/spec-4228-55484-0268.fits
4228/spec-4228-55484-0269.fits
4228/spec-4228-55484-0270.fits
4228/spec-4228-55484-0271.fits
4228/spec-4228-55484-0272.fits
4228/spec-4228-55484-0273.fits
4228/spec-4228-55484-0274.fits
4228/spec-4228-55484-0275.fits
4228/spec-4228-55484-0276.fits
4228/spec-4228-55484-0277.fits
4228/spec-4228-55484-0278.fits
4228/spec-4228-55484-0279.fits
4228/spec-4228-55484-0280.fits
4228/spec-4228-55484-0281.fits
4228/spec-4228-55484-0282.fits
4228/spec-4228-55484-0283.fits
4228/spec-4228-55484-0284.fits
4228/spec-4228-55484-0285.fits
4228/spec-4228-55484-0286.fits
4228/spec-4228-55484-0287.fits
4228/spec-4228-55484-0288.fits
4228/spec-4228-55484-0289.fits
4228/spec-4228-55484-0290.fits
4228/spec-4228-55484-0291.fits
4228/spec-4228-55484-0292.fits
4228/spec-4228-55484-0293.fits
4228/spec-4228-55484-0294.fits
4228/spec-4228-55484-0295.fits
4228/spec-4228-55484-0296.fits
4228/spec-4228-55484-0297.fits
4228/spec-4228-55484-0298.fits
4228/spec-4228-55484-0299.fits
4228/spec-4228-55484-0300.fits
4228/spec-4228-55484-0301.fits
4228/spec-4228-55484-0302.fits
4228/spec-4228-55484-0303.fits
4228/spec-4228-55484-0304.fits
4228/spec-4228-55484-0305.fits
4228/spec-4228-55484-0306.fits
4228/spec-4228-55484-0307.fits
4228/spec-4228-55484-0308.fits
4228/spec-4228-55484-0309.fits
4228/spec-4228-55484-0310.fits
4228/spec-4228-55484-0311.fits
4228/spec-4228-55484-0312.fits
4228/spec-4228-55484-0313.fits
4228/spec-4228-55484-0314.fits
4228/spec-4228-55484-0315.fits
4228/spec-4228-55484-0316.fits
4228/spec-4228-55484-0317.fits
4228/spec-4228-55484-0318.fits
4228/spec-4228-55484-0319.fits
4228/spec-4228-55484-0320.fits
4228/spec-4228-55484-0321.fits
4228/spec-4228-55484-0322.fits
4228/spec-4228-55484-0323.fits
4228/spec-4228-55484-0324.fits
4228/spec-4228-55484-0325.fits
4228/spec-4228-55484-0326.fits
4228/spec-4228-55484-0327.fits
4228/spec-4228-55484-0328.fits
4228/spec-4228-55484-0329.fits
4228/spec-4228-55484-0330.fits
4228/spec-4228-55484-0331.fits
4228/spec-4228-55484-0332.fits
4228/spec-4228-55484-0333.fits
4228/spec-4228-55484-0334.fits
4228/spec-4228-55484-0335.fits
4228/spec-4228-55484-0336.fits
4228/spec-4228-55484-0337.fits
4228/spec-4228-55484-0338.fits
4228/spec-4228-55484-0339.fits
4228/spec-4228-55484-0340.fits
4228/spec-4228-55484-0341.fits
4228/spec-4228-55484-0342.fits
4228/spec-4228-55484-0343.fits
4228/spec-4228-55484-0344.fits
4228/spec-4228-55484-0345.fits
4228/spec-4228-55484-0346.fits
4228/spec-4228-55484-0347.fits
4228/spec-4228-55484-0348.fits
4228/spec-4228-55484-0349.fits
4228/spec-4228-55484-0350.fits
4228/spec-4228-55484-0351.fits
4228/spec-4228-55484-0352.fits
4228/spec-4228-55484-0353.fits
4228/spec-4228-55484-0354.fits
4228/spec-4228-55484-0355.fits
4228/spec-4228-55484-0356.fits
4228/spec-4228-55484-0357.fits
4228/spec-4228-55484-0358.fits
4228/spec-4228-55484-0359.fits
4228/spec-4228-55484-0360.fits
4228/spec-4228-55484-0361.fits
4228/spec-4228-55484-0362.fits
4228/spec-4228-55484-0363.fits
4228/spec-4228-55484-0364.fits
4228/spec-4228-55484-0365.fits
4228/spec-4228-55484-0366.fits
4228/spec-4228-55484-0367.fits
4228/spec-4228-55484-0368.fits
4228/spec-4228-55484-0369.fits
4228/spec-4228-55484-0370.fits
4228/spec-4228-55484-0371.fits
4228/spec-4228-55484-0372.fits
4228/spec-4228-55484-0373.fits
4228/spec-4228-55484-0374.fits
4228/spec-4228-55484-0375.fits
4228/spec-4228-55484-0376.fits
4228/spec-4228-55484-0377.fits
4228/spec-4228-55484-0378.fits
4228/spec-4228-55484-0379.fits
4228/spec-4228-55484-0380.fits
4228/spec-4228-55484-0381.fits
4228/spec-4228-55484-0382.fits
4228/spec-4228-55484-0383.fits
4228/spec-4228-55484-0384.fits
4228/spec-4228-55484-0385.fits
4228/spec-4228-55484-0386.fits
4228/spec-4228-55484-0387.fits
4228/spec-4228-55484-0388.fits
4228/spec-4228-55484-0389.fits
4228/spec-4228-55484-0390.fits
4228/spec-4228-55484-0391.fits
4228/spec-4228-55484-0392.fits
4228/spec-4228-55484-0393.fits
4228/spec-4228-55484-0394.fits
4228/spec-4228-55484-0395.fits
4228/spec-4228-55484-0396.fits
4228/spec-4228-55484-0397.fits
4228/spec-4228-55484-0398.fits
4228/spec-4228-55484-0399.fits
4228/spec-4228-55484-0400.fits
4228/spec-4228-55484-0401.fits
4228/spec-4228-55484-0402.fits
4228/spec-4228-55484-0403.fits
4228/spec-4228-55484-0404.fits
4228/spec-4228-55484-0405.fits
4228/spec-4228-55484-0406.fits
4228/spec-4228-55484-0407.fits
4228/spec-4228-55484-0408.fits
4228/spec-4228-55484-0409.fits
4228/spec-4228-55484-0410.fits
4228/spec-4228-55484-0411.fits
4228/spec-4228-55484-0412.fits
4228/spec-4228-55484-0413.fits
4228/spec-4228-55484-0414.fits
4228/spec-4228-55484-0415.fits
4228/spec-4228-55484-0416.fits
4228/spec-4228-55484-0417.fits
4228/spec-4228-55484-0418.fits
4228/spec-4228-55484-0419.fits
4228/spec-4228-55484-0420.fits
4228/spec-4228-55484-0421.fits
4228/spec-4228-55484-0422.fits
4228/spec-4228-55484-0423.fits
4228/spec-4228-55484-0424.fits
4228/spec-4228-55484-0425.fits
4228/spec-4228-55484-0426.fits
4228/spec-4228-55484-0427.fits
4228/spec-4228-55484-0428.fits
4228/spec-4228-55484-0429.fits
4228/spec-4228-55484-0430.fits
4228/spec-4228-55484-0431.fits
4228/spec-4228-55484-0432.fits
4228/spec-4228-55484-0433.fits
4228/spec-4228-55484-0434.fits
4228/spec-4228-55484-0435.fits
4228/spec-4228-55484-0436.fits
4228/spec-4228-55484-0437.fits
4228/spec-4228-55484-0438.fits
4228/spec-4228-55484-0439.fits
4228/spec-4228-55484-0440.fits
4228/spec-4228-55484-0441.fits
4228/spec-4228-55484-0442.fits
4228/spec-4228-55484-0443.fits
4228/spec-4228-55484-0444.fits
4228/spec-4228-55484-0445.fits
4228/spec-4228-55484-0446.fits
4228/spec-4228-55484-0447.fits
4228/spec-4228-55484-0448.fits
4228/spec-4228-55484-0449.fits
4228/spec-4228-55484-0450.fits
4228/spec-4228-55484-0451.fits
4228/spec-4228-55484-0452.fits
4228/spec-4228-55484-0453.fits
4228/spec-4228-55484-0454.fits
4228/spec-4228-55484-0455.fits
4228/spec-4228-55484-0456.fits
4228/spec-4228-55484-0457.fits
4228/spec-4228-55484-0458.fits
4228/spec-4228-55484-0459.fits
4228/spec-4228-55484-0460.fits
4228/spec-4228-55484-0461.fits
4228/spec-4228-55484-0462.fits
4228/spec-4228-55484-0463.fits
4228/spec-4228-55484-0464.fits
4228/spec-4228-55484-0465.fits
4228/spec-4228-55484-0466.fits
4228/spec-4228-55484-0467.fits
4228/spec-4228-55484-0468.fits
4228/spec-4228-55484-0469.fits
4228/spec-4228-55484-0470.fits
4228/spec-4228-55484-0471.fits
4228/spec-4228-55484-0472.fits
4228/spec-4228-55484-0473.fits
4228/spec-4228-55484-0474.fits
4228/spec-4228-55484-0475.fits
4228/spec-4228-55484-0476.fits
4228/spec-4228-55484-0477.fits
4228/spec-4228-55484-0478.fits
4228/spec-4228-55484-0479.fits
4228/spec-4228-55484-0480.fits
4228/spec-4228-55484-0481.fits
4228/spec-4228-55484-0482.fits
4228/spec-4228-55484-0483.fits
4228/spec-4228-55484-0484.fits
4228/spec-4228-55484-0485.fits
4228/spec-4228-55484-0486.fits
4228/spec-4228-55484-0487.fits
4228/spec-4228-55484-0488.fits
4228/spec-4228-55484-0489.fits
4228/spec-4228-55484-0490.fits
4228/spec-4228-55484-0491.fits
4228/spec-4228-55484-0492.fits
4228/spec-4228-55484-0493.fits
4228/spec-4228-55484-0494.fits
4228/spec-4228-55484-0495.fits
4228/spec-4228-55484-0496.fits
4228/spec-4228-55484-0497.fits
4228/spec-4228-55484-0498.fits
4228/spec-4228-55484-0499.fits
4228/spec-4228-55484-0500.fits
4228/spec-4228-55484-0501.fits
4228/spec-4228-55484-0502.fits
4228/spec-4228-55484-0503.fits
4228/spec-4228-55484-0504.fits
4228/spec-4228-55484-0505.fits
4228/spec-4228-55484-0506.fits
4228/spec-4228-55484-0507.fits
4228/spec-4228-55484-0508.fits
4228/spec-4228-55484-0509.fits
4228/spec-4228-55484-0510.fits
4228/spec-4228-55484-0511.fits
4228/spec-4228-55484-0512.fits
4228/spec-4228-55484-0513.fits
4228/spec-4228-55484-0514.fits
4228/spec-4228-55484-0515.fits
4228/spec-4228-55484-0516.fits
4228/spec-4228-55484-0517.fits
4228/spec-4228-55484-0518.fits
4228/spec-4228-55484-0519.fits
4228/spec-4228-55484-0520.fits
4228/spec-4228-55484-0521.fits
4228/spec-4228-55484-0522.fits
4228/spec-4228-55484-0523.fits
4228/spec-4228-55484-0524.fits
4228/spec-4228-55484-0525.fits
4228/spec-4228-55484-0526.fits
4228/spec-4228-55484-0527.fits
4228/spec-4228-55484-0528.fits
4228/spec-4228-55484-0529.fits
4228/spec-4228-55484-0530.fits
4228/spec-4228-55484-0531.fits
4228/spec-4228-55484-0532.fits
4228/spec-4228-55484-0533.fits
4228/spec-4228-55484-0534.fits
4228/spec-4228-55484-0535.fits
4228/spec-4228-55484-0536.fits
4228/spec-4228-55484-0537.fits
4228/spec-4228-55484-0538.fits
4228/spec-4228-55484-0539.fits
4228/spec-4228-55484-0540.fits
4228/spec-4228-55484-0541.fits
4228/spec-4228-55484-0542.fits
4228/spec-4228-55484-0543.fits
4228/spec-4228-55484-0544.fits
4228/spec-4228-55484-0545.fits
4228/spec-4228-55484-0546.fits
4228/spec-4228-55484-0547.fits
4228/spec-4228-55484-0548.fits
4228/spec-4228-55484-0549.fits
4228/spec-4228-55484-0550.fits
4228/spec-4228-55484-0551.fits
4228/spec-4228-55484-0552.fits
4228/spec-4228-55484-0553.fits
4228/spec-4228-55484-0554.fits
4228/spec-4228-55484-0555.fits
4228/spec-4228-55484-0556.fits
4228/spec-4228-55484-0557.fits
4228/spec-4228-55484-0558.fits
4228/spec-4228-55484-0559.fits
4228/spec-4228-55484-0560.fits
4228/spec-4228-55484-0561.fits
4228/spec-4228-55484-0562.fits
4228/spec-4228-55484-0563.fits
4228/spec-4228-55484-0564.fits
4228/spec-4228-55484-0565.fits
4228/spec-4228-55484-0566.fits
4228/spec-4228-55484-0567.fits
4228/spec-4228-55484-0568.fits
4228/spec-4228-55484-0569.fits
4228/spec-4228-55484-0570.fits
4228/spec-4228-55484-0571.fits
4228/spec-4228-55484-0572.fits
4228/spec-4228-55484-0573.fits
4228/spec-4228-55484-0574.fits
4228/spec-4228-55484-0575.fits
4228/spec-4228-55484-0576.fits
4228/spec-4228-55484-0577.fits
4228/spec-4228-55484-0578.fits
4228/spec-4228-55484-0579.fits
4228/spec-4228-55484-0580.fits
4228/spec-4228-55484-0581.fits
4228/spec-4228-55484-0582.fits
4228/spec-4228-55484-0583.fits
4228/spec-4228-55484-0584.fits
4228/spec-4228-55484-0585.fits
4228/spec-4228-55484-0586.fits
4228/spec-4228-55484-0587.fits
4228/spec-4228-55484-0588.fits
4228/spec-4228-55484-0589.fits
4228/spec-4228-55484-0590.fits
4228/spec-4228-55484-0591.fits
4228/spec-4228-55484-0592.fits
4228/spec-4228-55484-0593.fits
4228/spec-4228-55484-0594.fits
4228/spec-4228-55484-0595.fits
4228/spec-4228-55484-0596.fits
4228/spec-4228-55484-0597.fits
4228/spec-4228-55484-0598.fits
4228/spec-4228-55484-0599.fits
4228/spec-4228-55484-0600.fits
4228/spec-4228-55484-0601.fits
4228/spec-4228-55484-0602.fits
4228/spec-4228-55484-0603.fits
4228/spec-4228-55484-0604.fits
4228/spec-4228-55484-0605.fits
4228/spec-4228-55484-0606.fits
4228/spec-4228-55484-0607.fits
4228/spec-4228-55484-0608.fits
4228/spec-4228-55484-0609.fits
4228/spec-4228-55484-0610.fits
4228/spec-4228-55484-0611.fits
4228/spec-4228-55484-0612.fits
4228/spec-4228-55484-0613.fits
4228/spec-4228-55484-0614.fits
4228/spec-4228-55484-0615.fits
4228/spec-4228-55484-0616.fits
4228/spec-4228-55484-0617.fits
4228/spec-4228-55484-0618.fits
4228/spec-4228-55484-0619.fits
4228/spec-4228-55484-0620.fits
4228/spec-4228-55484-0621.fits
4228/spec-4228-55484-0622.fits
4228/spec-4228-55484-0623.fits
4228/spec-4228-55484-0624.fits
4228/spec-4228-55484-0625.fits
4228/spec-4228-55484-0626.fits
4228/spec-4228-55484-0627.fits
4228/spec-4228-55484-0628.fits
4228/spec-4228-55484-0629.fits
4228/spec-4228-55484-0630.fits
4228/spec-4228-55484-0631.fits
4228/spec-4228-55484-0632.fits
4228/spec-4228-55484-0633.fits
4228/spec-4228-55484-0634.fits
4228/spec-4228-55484-0635.fits
4228/spec-4228-55484-0636.fits
4228/spec-4228-55484-0637.fits
4228/spec-4228-55484-0638.fits
4228/spec-4228-55484-0639.fits
4228/spec-4228-55484-0640.fits
4228/spec-4228-55484-0641.fits
4228/spec-4228-55484-0642.fits
4228/spec-4228-55484-0643.fits
4228/spec-4228-55484-0644.fits
4228/spec-4228-55484-0645.fits
4228/spec-4228-55484-0646.fits
4228/spec-4228-55484-0647.fits
4228/spec-4228-55484-0648.fits
4228/spec-4228-55484-0649.fits
4228/spec-4228-55484-0650.fits
4228/spec-4228-55484-0651.fits
4228/spec-4228-55484-0652.fits
4228/spec-4228-55484-0653.fits
4228/spec-4228-55484-0654.fits
4228/spec-4228-55484-0655.fits
4228/spec-4228-55484-0656.fits
4228/spec-4228-55484-0657.fits
4228/spec-4228-55484-0658.fits
4228/spec-4228-55484-0659.fits
4228/spec-4228-55484-0660.fits
4228/spec-4228-55484-0661.fits
4228/spec-4228-55484-0662.fits
4228/spec-4228-55484-0663.fits
4228/spec-4228-55484-0664.fits
4228/spec-4228-55484-0665.fits
4228/spec-4228-55484-0666.fits
4228/spec-4228-55484-0667.fits
4228/spec-4228-55484-0668.fits
4228/spec-4228-55484-0669.fits
4228/spec-4228-55484-0670.fits
4228/spec-4228-55484-0671.fits
4228/spec-4228-55484-0672.fits
4228/spec-4228-55484-0673.fits
4228/spec-4228-55484-0674.fits
4228/spec-4228-55484-0675.fits
4228/spec-4228-55484-0676.fits
4228/spec-4228-55484-0677.fits
4228/spec-4228-55484-0678.fits
4228/spec-4228-55484-0679.fits
4228/spec-4228-55484-0680.fits
4228/spec-4228-55484-0681.fits
4228/spec-4228-55484-0682.fits
4228/spec-4228-55484-0683.fits
4228/spec-4228-55484-0684.fits
4228/spec-4228-55484-0685.fits
4228/spec-4228-55484-0686.fits
4228/spec-4228-55484-0687.fits
4228/spec-4228-55484-0688.fits
4228/spec-4228-55484-0689.fits
4228/spec-4228-55484-0690.fits
4228/spec-4228-55484-0691.fits
4228/spec-4228-55484-0692.fits
4228/spec-4228-55484-0693.fits
4228/spec-4228-55484-0694.fits
4228/spec-4228-55484-0695.fits
4228/spec-4228-55484-0696.fits
4228/spec-4228-55484-0697.fits
4228/spec-4228-55484-0698.fits
4228/spec-4228-55484-0699.fits
4228/spec-4228-55484-0700.fits
4228/spec-4228-55484-0701.fits
4228/spec-4228-55484-0702.fits
4228/spec-4228-55484-0703.fits
4228/spec-4228-55484-0704.fits
4228/spec-4228-55484-0705.fits
4228/spec-4228-55484-0706.fits
4228/spec-4228-55484-0707.fits
4228/spec-4228-55484-0708.fits
4228/spec-4228-55484-0709.fits
4228/spec-4228-55484-0710.fits
4228/spec-4228-55484-0711.fits
4228/spec-4228-55484-0712.fits
4228/spec-4228-55484-0713.fits
4228/spec-4228-55484-0714.fits
4228/spec-4228-55484-0715.fits
4228/spec-4228-55484-0716.fits
4228/spec-4228-55484-0717.fits
4228/spec-4228-55484-0718.fits
4228/spec-4228-55484-0719.fits
4228/spec-4228-55484-0720.fits
4228/spec-4228-55484-0721.fits
4228/spec-4228-55484-0722.fits
4228/spec-4228-55484-0723.fits
4228/spec-4228-55484-0724.fits
4228/spec-4228-55484-0725.fits
4228/spec-4228-55484-0726.fits
4228/spec-4228-55484-0727.fits
4228/spec-4228-55484-0728.fits
4228/spec-4228-55484-0729.fits
4228/spec-4228-55484-0730.fits
4228/spec-4228-55484-0731.fits
4228/spec-4228-55484-0732.fits
4228/spec-4228-55484-0733.fits
4228/spec-4228-55484-0734.fits
4228/spec-4228-55484-0735.fits
4228/spec-4228-55484-0736.fits
4228/spec-4228-55484-0737.fits
4228/spec-4228-55484-0738.fits
4228/spec-4228-55484-0739.fits
4228/spec-4228-55484-0740.fits
4228/spec-4228-55484-0741.fits
4228/spec-4228-55484-0742.fits
4228/spec-4228-55484-0743.fits
4228/spec-4228-55484-0744.fits
4228/spec-4228-55484-0745.fits
4228/spec-4228-55484-0746.fits
4228/spec-4228-55484-0747.fits
4228/spec-4228-55484-0748.fits
4228/spec-4228-55484-0749.fits
4228/spec-4228-55484-0750.fits
4228/spec-4228-55484-0751.fits
4228/spec-4228-55484-0752.fits
4228/spec-4228-55484-0753.fits
4228/spec-4228-55484-0754.fits
4228/spec-4228-55484-0755.fits
4228/spec-4228-55484-0756.fits
4228/spec-4228-55484-0757.fits
4228/spec-4228-55484-0758.fits
4228/spec-4228-55484-0759.fits
4228/spec-4228-55484-0760.fits
4228/spec-4228-55484-0761.fits
4228/spec-4228-55484-0762.fits
4228/spec-4228-55484-0763.fits
4228/spec-4228-55484-0764.fits
4228/spec-4228-55484-0765.fits
4228/spec-4228-55484-0766.fits
4228/spec-4228-55484-0767.fits
4228/spec-4228-55484-0768.fits
4228/spec-4228-55484-0769.fits
4228/spec-4228-55484-0770.fits
4228/spec-4228-55484-0771.fits
4228/spec-4228-55484-0772.fits
4228/spec-4228-55484-0773.fits
4228/spec-4228-55484-0774.fits
4228/spec-4228-55484-0775.fits
4228/spec-4228-55484-0776.fits
4228/spec-4228-55484-0777.fits
4228/spec-4228-55484-0778.fits
4228/spec-4228-55484-0779.fits
4228/spec-4228-55484-0780.fits
4228/spec-4228-55484-0781.fits
4228/spec-4228-55484-0782.fits
4228/spec-4228-55484-0783.fits
4228/spec-4228-55484-0784.fits
4228/spec-4228-55484-0785.fits
4228/spec-4228-55484-0786.fits
4228/spec-4228-55484-0787.fits
4228/spec-4228-55484-0788.fits
4228/spec-4228-55484-0789.fits
4228/spec-4228-55484-0790.fits
4228/spec-4228-55484-0791.fits
4228/spec-4228-55484-0792.fits
4228/spec-4228-55484-0793.fits
4228/spec-4228-55484-0794.fits
4228/spec-4228-55484-0795.fits
4228/spec-4228-55484-0796.fits
4228/spec-4228-55484-0797.fits
4228/spec-4228-55484-0798.fits
4228/spec-4228-55484-0799.fits
4228/spec-4228-55484-0800.fits
4228/spec-4228-55484-0801.fits
4228/spec-4228-55484-0802.fits
4228/spec-4228-55484-0803.fits
4228/spec-4228-55484-0804.fits
4228/spec-4228-55484-0805.fits
4228/spec-4228-55484-0806.fits
4228/spec-4228-55484-0807.fits
4228/spec-4228-55484-0808.fits
4228/spec-4228-55484-0809.fits
4228/spec-4228-55484-0810.fits
4228/spec-4228-55484-0811.fits
4228/spec-4228-55484-0812.fits
4228/spec-4228-55484-0813.fits
4228/spec-4228-55484-0814.fits
4228/spec-4228-55484-0815.fits
4228/spec-4228-55484-0816.fits
4228/spec-4228-55484-0817.fits
4228/spec-4228-55484-0818.fits
4228/spec-4228-55484-0819.fits
4228/spec-4228-55484-0820.fits
4228/spec-4228-55484-0821.fits
4228/spec-4228-55484-0822.fits
4228/spec-4228-55484-0823.fits
4228/spec-4228-55484-0824.fits
4228/spec-4228-55484-0825.fits
4228/spec-4228-55484-0826.fits
4228/spec-4228-55484-0827.fits
4228/spec-4228-55484-0828.fits
4228/spec-4228-55484-0829.fits
4228/spec-4228-55484-0830.fits
4228/spec-4228-55484-0831.fits
4228/spec-4228-55484-0832.fits
4228/spec-4228-55484-0833.fits
4228/spec-4228-55484-0834.fits
4228/spec-4228-55484-0835.fits
4228/spec-4228-55484-0836.fits
4228/spec-4228-55484-0837.fits
4228/spec-4228-55484-0838.fits
4228/spec-4228-55484-0839.fits
4228/spec-4228-55484-0840.fits
4228/spec-4228-55484-0841.fits
4228/spec-4228-55484-0842.fits
4228/spec-4228-55484-0843.fits
4228/spec-4228-55484-0844.fits
4228/spec-4228-55484-0845.fits
4228/spec-4228-55484-0846.fits
4228/spec-4228-55484-0847.fits
4228/spec-4228-55484-0848.fits
4228/spec-4228-55484-0849.fits
4228/spec-4228-55484-0850.fits
4228/spec-4228-55484-0851.fits
4228/spec-4228-55484-0852.fits
4228/spec-4228-55484-0853.fits
4228/spec-4228-55484-0854.fits
4228/spec-4228-55484-0855.fits
4228/spec-4228-55484-0856.fits
4228/spec-4228-55484-0857.fits
4228/spec-4228-55484-0858.fits
4228/spec-4228-55484-0859.fits
4228/spec-4228-55484-0860.fits
4228/spec-4228-55484-0861.fits
4228/spec-4228-55484-0862.fits
4228/spec-4228-55484-0863.fits
4228/spec-4228-55484-0864.fits
4228/spec-4228-55484-0865.fits
4228/spec-4228-55484-0866.fits
4228/spec-4228-55484-0867.fits
4228/spec-4228-55484-0868.fits
4228/spec-4228-55484-0869.fits
4228/spec-4228-55484-0870.fits
4228/spec-4228-55484-0871.fits
4228/spec-4228-55484-0872.fits
4228/spec-4228-55484-0873.fits
4228/spec-4228-55484-0874.fits
4228/spec-4228-55484-0875.fits
4228/spec-4228-55484-0876.fits
4228/spec-4228-55484-0877.fits
4228/spec-4228-55484-0878.fits
4228/spec-4228-55484-0879.fits
4228/spec-4228-55484-0880.fits
4228/spec-4228-55484-0881.fits
4228/spec-4228-55484-0882.fits
4228/spec-4228-55484-0883.fits
4228/spec-4228-55484-0884.fits
4228/spec-4228-55484-0885.fits
4228/spec-4228-55484-0886.fits
4228/spec-4228-55484-0887.fits
4228/spec-4228-55484-0888.fits
4228/spec-4228-55484-0889.fits
4228/spec-4228-55484-0890.fits
4228/spec-4228-55484-0891.fits
4228/spec-4228-55484-0892.fits
4228/spec-4228-55484-0893.fits
4228/spec-4228-55484-0894.fits
4228/spec-4228-55484-0895.fits
4228/spec-4228-55484-0896.fits
4228/spec-4228-55484-0897.fits
4228/spec-4228-55484-0898.fits
4228/spec-4228-55484-0899.fits
4228/spec-4228-55484-0900.fits
4228/spec-4228-55484-0901.fits
4228/spec-4228-55484-0902.fits
4228/spec-4228-55484-0903.fits
4228/spec-4228-55484-0904.fits
4228/spec-4228-55484-0905.fits
4228/spec-4228-55484-0906.fits
4228/spec-4228-55484-0907.fits
4228/spec-4228-55484-0908.fits
4228/spec-4228-55484-0909.fits
4228/spec-4228-55484-0910.fits
4228/spec-4228-55484-0911.fits
4228/spec-4228-55484-0912.fits
4228/spec-4228-55484-0913.fits
4228/spec-4228-55484-0914.fits
4228/spec-4228-55484-0915.fits
4228/spec-4228-55484-0916.fits
4228/spec-4228-55484-0917.fits
4228/spec-4228-55484-0918.fits
4228/spec-4228-55484-0919.fits
4228/spec-4228-55484-0920.fits
4228/spec-4228-55484-0921.fits
4228/spec-4228-55484-0922.fits
4228/spec-4228-55484-0923.fits
4228/spec-4228-55484-0924.fits
4228/spec-4228-55484-0925.fits
4228/spec-4228-55484-0926.fits
4228/spec-4228-55484-0927.fits
4228/spec-4228-55484-0928.fits
4228/spec-4228-55484-0929.fits
4228/spec-4228-55484-0930.fits
4228/spec-4228-55484-0931.fits
4228/spec-4228-55484-0932.fits
4228/spec-4228-55484-0933.fits
4228/spec-4228-55484-0934.fits
4228/spec-4228-55484-0935.fits
4228/spec-4228-55484-0936.fits
4228/spec-4228-55484-0937.fits
4228/spec-4228-55484-0938.fits
4228/spec-4228-55484-0939.fits
4228/spec-4228-55484-0940.fits
4228/spec-4228-55484-0941.fits
4228/spec-4228-55484-0942.fits
4228/spec-4228-55484-0943.fits
4228/spec-4228-55484-0944.fits
4228/spec-4228-55484-0945.fits
4228/spec-4228-55484-0946.fits
4228/spec-4228-55484-0947.fits
4228/spec-4228-55484-0948.fits
4228/spec-4228-55484-0949.fits
4228/spec-4228-55484-0950.fits
4228/spec-4228-55484-0951.fits
4228/spec-4228-55484-0952.fits
4228/spec-4228-55484-0953.fits
4228/spec-4228-55484-0954.fits
4228/spec-4228-55484-0955.fits
4228/spec-4228-55484-0956.fits
4228/spec-4228-55484-0957.fits
4228/spec-4228-55484-0958.fits
4228/spec-4228-55484-0959.fits
4228/spec-4228-55484-0960.fits
4228/spec-4228-55484-0961.fits
4228/spec-4228-55484-0962.fits
4228/spec-4228-55484-0963.fits
4228/spec-4228-55484-0964.fits
4228/spec-4228-55484-0965.fits
4228/spec-4228-55484-0966.fits
4228/spec-4228-55484-0967.fits
4228/spec-4228-55484-0968.fits
4228/spec-4228-55484-0969.fits
4228/spec-4228-55484-0970.fits
4228/spec-4228-55484-0971.fits
4228/spec-4228-55484-0972.fits
4228/spec-4228-55484-0973.fits
4228/spec-4228-55484-0974.fits
4228/spec-4228-55484-0975.fits
4228/spec-4228-55484-0976.fits
4228/spec-4228-55484-0977.fits
4228/spec-4228-55484-0978.fits
4228/spec-4228-55484-0979.fits
4228/spec-4228-55484-0980.fits
4228/spec-4228-55484-0981.fits
4228/spec-4228-55484-0982.fits
4228/spec-4228-55484-0983.fits
4228/spec-4228-55484-0984.fits
4228/spec-4228-55484-0985.fits
4228/spec-4228-55484-0986.fits
4228/spec-4228-55484-0987.fits
4228/spec-4228-55484-0988.fits
4228/spec-4228-55484-0989.fits
4228/spec-4228-55484-0990.fits
4228/spec-4228-55484-0991.fits
4228/spec-4228-55484-0992.fits
4228/spec-4228-55484-0993.fits
4228/spec-4228-55484-0994.fits
4228/spec-4228-55484-0995.fits
4228/spec-4228-55484-0996.fits
4228/spec-4228-55484-0997.fits
4228/spec-4228-55484-0998.fits
4228/spec-4228-55484-0999.fits
4228/spec-4228-55484-1000.fits
/var/lib/condor/execute/slot1/dir_21119
4228 4228.tgz R R361.tar.gz _condor_stderr _condor_stdout cB58_Lyman_break.fit condor_exec.exe hw4.R packages packages.tar.gz tmp var
[1] "Loaded package astro."
[1] 1000
4228 4228.csv 4228.tgz R R361.tar.gz _condor_stderr _condor_stdout cB58_Lyman_break.fit condor_exec.exe hw4.R packages packages.tar.gz tmp var
