4257
4257/
4257/spec-4257-55480-0001.fits
4257/spec-4257-55480-0002.fits
4257/spec-4257-55480-0003.fits
4257/spec-4257-55480-0004.fits
4257/spec-4257-55480-0005.fits
4257/spec-4257-55480-0006.fits
4257/spec-4257-55480-0007.fits
4257/spec-4257-55480-0008.fits
4257/spec-4257-55480-0009.fits
4257/spec-4257-55480-0010.fits
4257/spec-4257-55480-0011.fits
4257/spec-4257-55480-0012.fits
4257/spec-4257-55480-0013.fits
4257/spec-4257-55480-0014.fits
4257/spec-4257-55480-0015.fits
4257/spec-4257-55480-0016.fits
4257/spec-4257-55480-0017.fits
4257/spec-4257-55480-0018.fits
4257/spec-4257-55480-0019.fits
4257/spec-4257-55480-0020.fits
4257/spec-4257-55480-0021.fits
4257/spec-4257-55480-0022.fits
4257/spec-4257-55480-0023.fits
4257/spec-4257-55480-0024.fits
4257/spec-4257-55480-0025.fits
4257/spec-4257-55480-0026.fits
4257/spec-4257-55480-0027.fits
4257/spec-4257-55480-0028.fits
4257/spec-4257-55480-0029.fits
4257/spec-4257-55480-0030.fits
4257/spec-4257-55480-0031.fits
4257/spec-4257-55480-0032.fits
4257/spec-4257-55480-0033.fits
4257/spec-4257-55480-0034.fits
4257/spec-4257-55480-0035.fits
4257/spec-4257-55480-0036.fits
4257/spec-4257-55480-0037.fits
4257/spec-4257-55480-0038.fits
4257/spec-4257-55480-0039.fits
4257/spec-4257-55480-0040.fits
4257/spec-4257-55480-0041.fits
4257/spec-4257-55480-0042.fits
4257/spec-4257-55480-0043.fits
4257/spec-4257-55480-0044.fits
4257/spec-4257-55480-0045.fits
4257/spec-4257-55480-0046.fits
4257/spec-4257-55480-0047.fits
4257/spec-4257-55480-0048.fits
4257/spec-4257-55480-0049.fits
4257/spec-4257-55480-0050.fits
4257/spec-4257-55480-0051.fits
4257/spec-4257-55480-0052.fits
4257/spec-4257-55480-0053.fits
4257/spec-4257-55480-0054.fits
4257/spec-4257-55480-0055.fits
4257/spec-4257-55480-0056.fits
4257/spec-4257-55480-0057.fits
4257/spec-4257-55480-0058.fits
4257/spec-4257-55480-0059.fits
4257/spec-4257-55480-0060.fits
4257/spec-4257-55480-0061.fits
4257/spec-4257-55480-0062.fits
4257/spec-4257-55480-0063.fits
4257/spec-4257-55480-0064.fits
4257/spec-4257-55480-0065.fits
4257/spec-4257-55480-0066.fits
4257/spec-4257-55480-0067.fits
4257/spec-4257-55480-0068.fits
4257/spec-4257-55480-0069.fits
4257/spec-4257-55480-0070.fits
4257/spec-4257-55480-0071.fits
4257/spec-4257-55480-0072.fits
4257/spec-4257-55480-0073.fits
4257/spec-4257-55480-0074.fits
4257/spec-4257-55480-0075.fits
4257/spec-4257-55480-0076.fits
4257/spec-4257-55480-0077.fits
4257/spec-4257-55480-0078.fits
4257/spec-4257-55480-0079.fits
4257/spec-4257-55480-0080.fits
4257/spec-4257-55480-0081.fits
4257/spec-4257-55480-0082.fits
4257/spec-4257-55480-0083.fits
4257/spec-4257-55480-0084.fits
4257/spec-4257-55480-0085.fits
4257/spec-4257-55480-0086.fits
4257/spec-4257-55480-0087.fits
4257/spec-4257-55480-0088.fits
4257/spec-4257-55480-0089.fits
4257/spec-4257-55480-0090.fits
4257/spec-4257-55480-0091.fits
4257/spec-4257-55480-0092.fits
4257/spec-4257-55480-0093.fits
4257/spec-4257-55480-0094.fits
4257/spec-4257-55480-0095.fits
4257/spec-4257-55480-0096.fits
4257/spec-4257-55480-0097.fits
4257/spec-4257-55480-0098.fits
4257/spec-4257-55480-0099.fits
4257/spec-4257-55480-0100.fits
4257/spec-4257-55480-0101.fits
4257/spec-4257-55480-0102.fits
4257/spec-4257-55480-0103.fits
4257/spec-4257-55480-0104.fits
4257/spec-4257-55480-0105.fits
4257/spec-4257-55480-0106.fits
4257/spec-4257-55480-0107.fits
4257/spec-4257-55480-0108.fits
4257/spec-4257-55480-0109.fits
4257/spec-4257-55480-0110.fits
4257/spec-4257-55480-0111.fits
4257/spec-4257-55480-0112.fits
4257/spec-4257-55480-0113.fits
4257/spec-4257-55480-0114.fits
4257/spec-4257-55480-0115.fits
4257/spec-4257-55480-0116.fits
4257/spec-4257-55480-0117.fits
4257/spec-4257-55480-0118.fits
4257/spec-4257-55480-0119.fits
4257/spec-4257-55480-0120.fits
4257/spec-4257-55480-0121.fits
4257/spec-4257-55480-0122.fits
4257/spec-4257-55480-0123.fits
4257/spec-4257-55480-0124.fits
4257/spec-4257-55480-0125.fits
4257/spec-4257-55480-0126.fits
4257/spec-4257-55480-0127.fits
4257/spec-4257-55480-0128.fits
4257/spec-4257-55480-0129.fits
4257/spec-4257-55480-0130.fits
4257/spec-4257-55480-0131.fits
4257/spec-4257-55480-0132.fits
4257/spec-4257-55480-0133.fits
4257/spec-4257-55480-0134.fits
4257/spec-4257-55480-0135.fits
4257/spec-4257-55480-0136.fits
4257/spec-4257-55480-0137.fits
4257/spec-4257-55480-0138.fits
4257/spec-4257-55480-0139.fits
4257/spec-4257-55480-0140.fits
4257/spec-4257-55480-0141.fits
4257/spec-4257-55480-0142.fits
4257/spec-4257-55480-0143.fits
4257/spec-4257-55480-0144.fits
4257/spec-4257-55480-0145.fits
4257/spec-4257-55480-0146.fits
4257/spec-4257-55480-0147.fits
4257/spec-4257-55480-0148.fits
4257/spec-4257-55480-0149.fits
4257/spec-4257-55480-0150.fits
4257/spec-4257-55480-0151.fits
4257/spec-4257-55480-0152.fits
4257/spec-4257-55480-0153.fits
4257/spec-4257-55480-0154.fits
4257/spec-4257-55480-0155.fits
4257/spec-4257-55480-0156.fits
4257/spec-4257-55480-0157.fits
4257/spec-4257-55480-0158.fits
4257/spec-4257-55480-0159.fits
4257/spec-4257-55480-0160.fits
4257/spec-4257-55480-0161.fits
4257/spec-4257-55480-0162.fits
4257/spec-4257-55480-0163.fits
4257/spec-4257-55480-0164.fits
4257/spec-4257-55480-0165.fits
4257/spec-4257-55480-0166.fits
4257/spec-4257-55480-0167.fits
4257/spec-4257-55480-0168.fits
4257/spec-4257-55480-0169.fits
4257/spec-4257-55480-0170.fits
4257/spec-4257-55480-0171.fits
4257/spec-4257-55480-0172.fits
4257/spec-4257-55480-0173.fits
4257/spec-4257-55480-0174.fits
4257/spec-4257-55480-0175.fits
4257/spec-4257-55480-0176.fits
4257/spec-4257-55480-0177.fits
4257/spec-4257-55480-0178.fits
4257/spec-4257-55480-0179.fits
4257/spec-4257-55480-0180.fits
4257/spec-4257-55480-0181.fits
4257/spec-4257-55480-0182.fits
4257/spec-4257-55480-0183.fits
4257/spec-4257-55480-0184.fits
4257/spec-4257-55480-0185.fits
4257/spec-4257-55480-0186.fits
4257/spec-4257-55480-0187.fits
4257/spec-4257-55480-0188.fits
4257/spec-4257-55480-0189.fits
4257/spec-4257-55480-0190.fits
4257/spec-4257-55480-0191.fits
4257/spec-4257-55480-0192.fits
4257/spec-4257-55480-0193.fits
4257/spec-4257-55480-0194.fits
4257/spec-4257-55480-0195.fits
4257/spec-4257-55480-0196.fits
4257/spec-4257-55480-0197.fits
4257/spec-4257-55480-0198.fits
4257/spec-4257-55480-0199.fits
4257/spec-4257-55480-0200.fits
4257/spec-4257-55480-0201.fits
4257/spec-4257-55480-0202.fits
4257/spec-4257-55480-0203.fits
4257/spec-4257-55480-0204.fits
4257/spec-4257-55480-0205.fits
4257/spec-4257-55480-0206.fits
4257/spec-4257-55480-0207.fits
4257/spec-4257-55480-0208.fits
4257/spec-4257-55480-0209.fits
4257/spec-4257-55480-0210.fits
4257/spec-4257-55480-0211.fits
4257/spec-4257-55480-0212.fits
4257/spec-4257-55480-0213.fits
4257/spec-4257-55480-0214.fits
4257/spec-4257-55480-0215.fits
4257/spec-4257-55480-0216.fits
4257/spec-4257-55480-0217.fits
4257/spec-4257-55480-0218.fits
4257/spec-4257-55480-0219.fits
4257/spec-4257-55480-0220.fits
4257/spec-4257-55480-0221.fits
4257/spec-4257-55480-0222.fits
4257/spec-4257-55480-0223.fits
4257/spec-4257-55480-0224.fits
4257/spec-4257-55480-0225.fits
4257/spec-4257-55480-0226.fits
4257/spec-4257-55480-0227.fits
4257/spec-4257-55480-0228.fits
4257/spec-4257-55480-0229.fits
4257/spec-4257-55480-0230.fits
4257/spec-4257-55480-0231.fits
4257/spec-4257-55480-0232.fits
4257/spec-4257-55480-0233.fits
4257/spec-4257-55480-0234.fits
4257/spec-4257-55480-0235.fits
4257/spec-4257-55480-0236.fits
4257/spec-4257-55480-0237.fits
4257/spec-4257-55480-0238.fits
4257/spec-4257-55480-0239.fits
4257/spec-4257-55480-0240.fits
4257/spec-4257-55480-0241.fits
4257/spec-4257-55480-0242.fits
4257/spec-4257-55480-0243.fits
4257/spec-4257-55480-0244.fits
4257/spec-4257-55480-0245.fits
4257/spec-4257-55480-0246.fits
4257/spec-4257-55480-0247.fits
4257/spec-4257-55480-0248.fits
4257/spec-4257-55480-0249.fits
4257/spec-4257-55480-0250.fits
4257/spec-4257-55480-0251.fits
4257/spec-4257-55480-0252.fits
4257/spec-4257-55480-0253.fits
4257/spec-4257-55480-0254.fits
4257/spec-4257-55480-0255.fits
4257/spec-4257-55480-0256.fits
4257/spec-4257-55480-0257.fits
4257/spec-4257-55480-0258.fits
4257/spec-4257-55480-0259.fits
4257/spec-4257-55480-0260.fits
4257/spec-4257-55480-0261.fits
4257/spec-4257-55480-0262.fits
4257/spec-4257-55480-0263.fits
4257/spec-4257-55480-0264.fits
4257/spec-4257-55480-0265.fits
4257/spec-4257-55480-0266.fits
4257/spec-4257-55480-0267.fits
4257/spec-4257-55480-0268.fits
4257/spec-4257-55480-0269.fits
4257/spec-4257-55480-0270.fits
4257/spec-4257-55480-0271.fits
4257/spec-4257-55480-0272.fits
4257/spec-4257-55480-0273.fits
4257/spec-4257-55480-0274.fits
4257/spec-4257-55480-0275.fits
4257/spec-4257-55480-0276.fits
4257/spec-4257-55480-0277.fits
4257/spec-4257-55480-0278.fits
4257/spec-4257-55480-0279.fits
4257/spec-4257-55480-0280.fits
4257/spec-4257-55480-0281.fits
4257/spec-4257-55480-0282.fits
4257/spec-4257-55480-0283.fits
4257/spec-4257-55480-0284.fits
4257/spec-4257-55480-0285.fits
4257/spec-4257-55480-0286.fits
4257/spec-4257-55480-0287.fits
4257/spec-4257-55480-0288.fits
4257/spec-4257-55480-0289.fits
4257/spec-4257-55480-0290.fits
4257/spec-4257-55480-0291.fits
4257/spec-4257-55480-0292.fits
4257/spec-4257-55480-0293.fits
4257/spec-4257-55480-0294.fits
4257/spec-4257-55480-0295.fits
4257/spec-4257-55480-0296.fits
4257/spec-4257-55480-0297.fits
4257/spec-4257-55480-0298.fits
4257/spec-4257-55480-0299.fits
4257/spec-4257-55480-0300.fits
4257/spec-4257-55480-0301.fits
4257/spec-4257-55480-0302.fits
4257/spec-4257-55480-0303.fits
4257/spec-4257-55480-0304.fits
4257/spec-4257-55480-0305.fits
4257/spec-4257-55480-0306.fits
4257/spec-4257-55480-0307.fits
4257/spec-4257-55480-0308.fits
4257/spec-4257-55480-0309.fits
4257/spec-4257-55480-0310.fits
4257/spec-4257-55480-0311.fits
4257/spec-4257-55480-0312.fits
4257/spec-4257-55480-0313.fits
4257/spec-4257-55480-0314.fits
4257/spec-4257-55480-0315.fits
4257/spec-4257-55480-0316.fits
4257/spec-4257-55480-0317.fits
4257/spec-4257-55480-0318.fits
4257/spec-4257-55480-0319.fits
4257/spec-4257-55480-0320.fits
4257/spec-4257-55480-0321.fits
4257/spec-4257-55480-0322.fits
4257/spec-4257-55480-0323.fits
4257/spec-4257-55480-0324.fits
4257/spec-4257-55480-0325.fits
4257/spec-4257-55480-0326.fits
4257/spec-4257-55480-0327.fits
4257/spec-4257-55480-0328.fits
4257/spec-4257-55480-0329.fits
4257/spec-4257-55480-0330.fits
4257/spec-4257-55480-0331.fits
4257/spec-4257-55480-0332.fits
4257/spec-4257-55480-0333.fits
4257/spec-4257-55480-0334.fits
4257/spec-4257-55480-0335.fits
4257/spec-4257-55480-0336.fits
4257/spec-4257-55480-0337.fits
4257/spec-4257-55480-0338.fits
4257/spec-4257-55480-0339.fits
4257/spec-4257-55480-0340.fits
4257/spec-4257-55480-0341.fits
4257/spec-4257-55480-0342.fits
4257/spec-4257-55480-0343.fits
4257/spec-4257-55480-0344.fits
4257/spec-4257-55480-0345.fits
4257/spec-4257-55480-0346.fits
4257/spec-4257-55480-0347.fits
4257/spec-4257-55480-0348.fits
4257/spec-4257-55480-0349.fits
4257/spec-4257-55480-0350.fits
4257/spec-4257-55480-0351.fits
4257/spec-4257-55480-0352.fits
4257/spec-4257-55480-0353.fits
4257/spec-4257-55480-0354.fits
4257/spec-4257-55480-0355.fits
4257/spec-4257-55480-0356.fits
4257/spec-4257-55480-0357.fits
4257/spec-4257-55480-0358.fits
4257/spec-4257-55480-0359.fits
4257/spec-4257-55480-0360.fits
4257/spec-4257-55480-0361.fits
4257/spec-4257-55480-0362.fits
4257/spec-4257-55480-0363.fits
4257/spec-4257-55480-0364.fits
4257/spec-4257-55480-0365.fits
4257/spec-4257-55480-0366.fits
4257/spec-4257-55480-0367.fits
4257/spec-4257-55480-0368.fits
4257/spec-4257-55480-0369.fits
4257/spec-4257-55480-0370.fits
4257/spec-4257-55480-0371.fits
4257/spec-4257-55480-0372.fits
4257/spec-4257-55480-0373.fits
4257/spec-4257-55480-0374.fits
4257/spec-4257-55480-0375.fits
4257/spec-4257-55480-0376.fits
4257/spec-4257-55480-0377.fits
4257/spec-4257-55480-0378.fits
4257/spec-4257-55480-0379.fits
4257/spec-4257-55480-0380.fits
4257/spec-4257-55480-0381.fits
4257/spec-4257-55480-0382.fits
4257/spec-4257-55480-0383.fits
4257/spec-4257-55480-0384.fits
4257/spec-4257-55480-0385.fits
4257/spec-4257-55480-0386.fits
4257/spec-4257-55480-0387.fits
4257/spec-4257-55480-0388.fits
4257/spec-4257-55480-0389.fits
4257/spec-4257-55480-0390.fits
4257/spec-4257-55480-0391.fits
4257/spec-4257-55480-0392.fits
4257/spec-4257-55480-0393.fits
4257/spec-4257-55480-0394.fits
4257/spec-4257-55480-0395.fits
4257/spec-4257-55480-0396.fits
4257/spec-4257-55480-0397.fits
4257/spec-4257-55480-0398.fits
4257/spec-4257-55480-0399.fits
4257/spec-4257-55480-0400.fits
4257/spec-4257-55480-0401.fits
4257/spec-4257-55480-0402.fits
4257/spec-4257-55480-0403.fits
4257/spec-4257-55480-0404.fits
4257/spec-4257-55480-0405.fits
4257/spec-4257-55480-0406.fits
4257/spec-4257-55480-0407.fits
4257/spec-4257-55480-0408.fits
4257/spec-4257-55480-0409.fits
4257/spec-4257-55480-0410.fits
4257/spec-4257-55480-0411.fits
4257/spec-4257-55480-0412.fits
4257/spec-4257-55480-0413.fits
4257/spec-4257-55480-0414.fits
4257/spec-4257-55480-0415.fits
4257/spec-4257-55480-0416.fits
4257/spec-4257-55480-0417.fits
4257/spec-4257-55480-0418.fits
4257/spec-4257-55480-0419.fits
4257/spec-4257-55480-0420.fits
4257/spec-4257-55480-0421.fits
4257/spec-4257-55480-0422.fits
4257/spec-4257-55480-0423.fits
4257/spec-4257-55480-0424.fits
4257/spec-4257-55480-0425.fits
4257/spec-4257-55480-0426.fits
4257/spec-4257-55480-0427.fits
4257/spec-4257-55480-0428.fits
4257/spec-4257-55480-0429.fits
4257/spec-4257-55480-0430.fits
4257/spec-4257-55480-0431.fits
4257/spec-4257-55480-0432.fits
4257/spec-4257-55480-0433.fits
4257/spec-4257-55480-0434.fits
4257/spec-4257-55480-0435.fits
4257/spec-4257-55480-0436.fits
4257/spec-4257-55480-0437.fits
4257/spec-4257-55480-0438.fits
4257/spec-4257-55480-0439.fits
4257/spec-4257-55480-0440.fits
4257/spec-4257-55480-0441.fits
4257/spec-4257-55480-0442.fits
4257/spec-4257-55480-0443.fits
4257/spec-4257-55480-0444.fits
4257/spec-4257-55480-0445.fits
4257/spec-4257-55480-0446.fits
4257/spec-4257-55480-0447.fits
4257/spec-4257-55480-0448.fits
4257/spec-4257-55480-0449.fits
4257/spec-4257-55480-0450.fits
4257/spec-4257-55480-0451.fits
4257/spec-4257-55480-0452.fits
4257/spec-4257-55480-0453.fits
4257/spec-4257-55480-0454.fits
4257/spec-4257-55480-0455.fits
4257/spec-4257-55480-0456.fits
4257/spec-4257-55480-0457.fits
4257/spec-4257-55480-0458.fits
4257/spec-4257-55480-0459.fits
4257/spec-4257-55480-0460.fits
4257/spec-4257-55480-0461.fits
4257/spec-4257-55480-0462.fits
4257/spec-4257-55480-0463.fits
4257/spec-4257-55480-0464.fits
4257/spec-4257-55480-0465.fits
4257/spec-4257-55480-0466.fits
4257/spec-4257-55480-0467.fits
4257/spec-4257-55480-0468.fits
4257/spec-4257-55480-0469.fits
4257/spec-4257-55480-0470.fits
4257/spec-4257-55480-0471.fits
4257/spec-4257-55480-0472.fits
4257/spec-4257-55480-0473.fits
4257/spec-4257-55480-0474.fits
4257/spec-4257-55480-0475.fits
4257/spec-4257-55480-0476.fits
4257/spec-4257-55480-0477.fits
4257/spec-4257-55480-0478.fits
4257/spec-4257-55480-0479.fits
4257/spec-4257-55480-0480.fits
4257/spec-4257-55480-0481.fits
4257/spec-4257-55480-0482.fits
4257/spec-4257-55480-0483.fits
4257/spec-4257-55480-0484.fits
4257/spec-4257-55480-0485.fits
4257/spec-4257-55480-0486.fits
4257/spec-4257-55480-0487.fits
4257/spec-4257-55480-0488.fits
4257/spec-4257-55480-0489.fits
4257/spec-4257-55480-0490.fits
4257/spec-4257-55480-0491.fits
4257/spec-4257-55480-0492.fits
4257/spec-4257-55480-0493.fits
4257/spec-4257-55480-0494.fits
4257/spec-4257-55480-0495.fits
4257/spec-4257-55480-0496.fits
4257/spec-4257-55480-0497.fits
4257/spec-4257-55480-0498.fits
4257/spec-4257-55480-0499.fits
4257/spec-4257-55480-0500.fits
4257/spec-4257-55480-0501.fits
4257/spec-4257-55480-0502.fits
4257/spec-4257-55480-0503.fits
4257/spec-4257-55480-0504.fits
4257/spec-4257-55480-0505.fits
4257/spec-4257-55480-0506.fits
4257/spec-4257-55480-0507.fits
4257/spec-4257-55480-0508.fits
4257/spec-4257-55480-0509.fits
4257/spec-4257-55480-0510.fits
4257/spec-4257-55480-0511.fits
4257/spec-4257-55480-0512.fits
4257/spec-4257-55480-0513.fits
4257/spec-4257-55480-0514.fits
4257/spec-4257-55480-0515.fits
4257/spec-4257-55480-0516.fits
4257/spec-4257-55480-0517.fits
4257/spec-4257-55480-0518.fits
4257/spec-4257-55480-0519.fits
4257/spec-4257-55480-0520.fits
4257/spec-4257-55480-0521.fits
4257/spec-4257-55480-0522.fits
4257/spec-4257-55480-0523.fits
4257/spec-4257-55480-0524.fits
4257/spec-4257-55480-0525.fits
4257/spec-4257-55480-0526.fits
4257/spec-4257-55480-0527.fits
4257/spec-4257-55480-0528.fits
4257/spec-4257-55480-0529.fits
4257/spec-4257-55480-0530.fits
4257/spec-4257-55480-0531.fits
4257/spec-4257-55480-0532.fits
4257/spec-4257-55480-0533.fits
4257/spec-4257-55480-0534.fits
4257/spec-4257-55480-0535.fits
4257/spec-4257-55480-0536.fits
4257/spec-4257-55480-0537.fits
4257/spec-4257-55480-0538.fits
4257/spec-4257-55480-0539.fits
4257/spec-4257-55480-0540.fits
4257/spec-4257-55480-0541.fits
4257/spec-4257-55480-0542.fits
4257/spec-4257-55480-0543.fits
4257/spec-4257-55480-0544.fits
4257/spec-4257-55480-0545.fits
4257/spec-4257-55480-0546.fits
4257/spec-4257-55480-0547.fits
4257/spec-4257-55480-0548.fits
4257/spec-4257-55480-0549.fits
4257/spec-4257-55480-0550.fits
4257/spec-4257-55480-0551.fits
4257/spec-4257-55480-0552.fits
4257/spec-4257-55480-0553.fits
4257/spec-4257-55480-0554.fits
4257/spec-4257-55480-0555.fits
4257/spec-4257-55480-0556.fits
4257/spec-4257-55480-0557.fits
4257/spec-4257-55480-0558.fits
4257/spec-4257-55480-0559.fits
4257/spec-4257-55480-0560.fits
4257/spec-4257-55480-0561.fits
4257/spec-4257-55480-0562.fits
4257/spec-4257-55480-0563.fits
4257/spec-4257-55480-0564.fits
4257/spec-4257-55480-0565.fits
4257/spec-4257-55480-0566.fits
4257/spec-4257-55480-0567.fits
4257/spec-4257-55480-0568.fits
4257/spec-4257-55480-0569.fits
4257/spec-4257-55480-0570.fits
4257/spec-4257-55480-0571.fits
4257/spec-4257-55480-0572.fits
4257/spec-4257-55480-0573.fits
4257/spec-4257-55480-0574.fits
4257/spec-4257-55480-0575.fits
4257/spec-4257-55480-0576.fits
4257/spec-4257-55480-0577.fits
4257/spec-4257-55480-0578.fits
4257/spec-4257-55480-0579.fits
4257/spec-4257-55480-0580.fits
4257/spec-4257-55480-0581.fits
4257/spec-4257-55480-0582.fits
4257/spec-4257-55480-0583.fits
4257/spec-4257-55480-0584.fits
4257/spec-4257-55480-0585.fits
4257/spec-4257-55480-0586.fits
4257/spec-4257-55480-0587.fits
4257/spec-4257-55480-0588.fits
4257/spec-4257-55480-0589.fits
4257/spec-4257-55480-0590.fits
4257/spec-4257-55480-0591.fits
4257/spec-4257-55480-0592.fits
4257/spec-4257-55480-0593.fits
4257/spec-4257-55480-0594.fits
4257/spec-4257-55480-0595.fits
4257/spec-4257-55480-0596.fits
4257/spec-4257-55480-0597.fits
4257/spec-4257-55480-0598.fits
4257/spec-4257-55480-0599.fits
4257/spec-4257-55480-0600.fits
4257/spec-4257-55480-0601.fits
4257/spec-4257-55480-0602.fits
4257/spec-4257-55480-0603.fits
4257/spec-4257-55480-0604.fits
4257/spec-4257-55480-0605.fits
4257/spec-4257-55480-0606.fits
4257/spec-4257-55480-0607.fits
4257/spec-4257-55480-0608.fits
4257/spec-4257-55480-0609.fits
4257/spec-4257-55480-0610.fits
4257/spec-4257-55480-0611.fits
4257/spec-4257-55480-0612.fits
4257/spec-4257-55480-0613.fits
4257/spec-4257-55480-0614.fits
4257/spec-4257-55480-0615.fits
4257/spec-4257-55480-0616.fits
4257/spec-4257-55480-0617.fits
4257/spec-4257-55480-0618.fits
4257/spec-4257-55480-0619.fits
4257/spec-4257-55480-0620.fits
4257/spec-4257-55480-0621.fits
4257/spec-4257-55480-0622.fits
4257/spec-4257-55480-0623.fits
4257/spec-4257-55480-0624.fits
4257/spec-4257-55480-0625.fits
4257/spec-4257-55480-0626.fits
4257/spec-4257-55480-0627.fits
4257/spec-4257-55480-0628.fits
4257/spec-4257-55480-0629.fits
4257/spec-4257-55480-0630.fits
4257/spec-4257-55480-0631.fits
4257/spec-4257-55480-0632.fits
4257/spec-4257-55480-0633.fits
4257/spec-4257-55480-0634.fits
4257/spec-4257-55480-0635.fits
4257/spec-4257-55480-0636.fits
4257/spec-4257-55480-0637.fits
4257/spec-4257-55480-0638.fits
4257/spec-4257-55480-0639.fits
4257/spec-4257-55480-0640.fits
4257/spec-4257-55480-0641.fits
4257/spec-4257-55480-0642.fits
4257/spec-4257-55480-0643.fits
4257/spec-4257-55480-0644.fits
4257/spec-4257-55480-0645.fits
4257/spec-4257-55480-0646.fits
4257/spec-4257-55480-0647.fits
4257/spec-4257-55480-0648.fits
4257/spec-4257-55480-0649.fits
4257/spec-4257-55480-0650.fits
4257/spec-4257-55480-0651.fits
4257/spec-4257-55480-0652.fits
4257/spec-4257-55480-0653.fits
4257/spec-4257-55480-0654.fits
4257/spec-4257-55480-0655.fits
4257/spec-4257-55480-0656.fits
4257/spec-4257-55480-0657.fits
4257/spec-4257-55480-0658.fits
4257/spec-4257-55480-0659.fits
4257/spec-4257-55480-0660.fits
4257/spec-4257-55480-0661.fits
4257/spec-4257-55480-0662.fits
4257/spec-4257-55480-0663.fits
4257/spec-4257-55480-0664.fits
4257/spec-4257-55480-0665.fits
4257/spec-4257-55480-0666.fits
4257/spec-4257-55480-0667.fits
4257/spec-4257-55480-0668.fits
4257/spec-4257-55480-0669.fits
4257/spec-4257-55480-0670.fits
4257/spec-4257-55480-0671.fits
4257/spec-4257-55480-0672.fits
4257/spec-4257-55480-0673.fits
4257/spec-4257-55480-0674.fits
4257/spec-4257-55480-0675.fits
4257/spec-4257-55480-0676.fits
4257/spec-4257-55480-0677.fits
4257/spec-4257-55480-0678.fits
4257/spec-4257-55480-0679.fits
4257/spec-4257-55480-0680.fits
4257/spec-4257-55480-0681.fits
4257/spec-4257-55480-0682.fits
4257/spec-4257-55480-0683.fits
4257/spec-4257-55480-0684.fits
4257/spec-4257-55480-0685.fits
4257/spec-4257-55480-0686.fits
4257/spec-4257-55480-0687.fits
4257/spec-4257-55480-0688.fits
4257/spec-4257-55480-0689.fits
4257/spec-4257-55480-0690.fits
4257/spec-4257-55480-0691.fits
4257/spec-4257-55480-0692.fits
4257/spec-4257-55480-0693.fits
4257/spec-4257-55480-0694.fits
4257/spec-4257-55480-0695.fits
4257/spec-4257-55480-0696.fits
4257/spec-4257-55480-0697.fits
4257/spec-4257-55480-0698.fits
4257/spec-4257-55480-0699.fits
4257/spec-4257-55480-0700.fits
4257/spec-4257-55480-0701.fits
4257/spec-4257-55480-0702.fits
4257/spec-4257-55480-0703.fits
4257/spec-4257-55480-0704.fits
4257/spec-4257-55480-0705.fits
4257/spec-4257-55480-0706.fits
4257/spec-4257-55480-0707.fits
4257/spec-4257-55480-0708.fits
4257/spec-4257-55480-0709.fits
4257/spec-4257-55480-0710.fits
4257/spec-4257-55480-0711.fits
4257/spec-4257-55480-0712.fits
4257/spec-4257-55480-0713.fits
4257/spec-4257-55480-0714.fits
4257/spec-4257-55480-0715.fits
4257/spec-4257-55480-0716.fits
4257/spec-4257-55480-0717.fits
4257/spec-4257-55480-0718.fits
4257/spec-4257-55480-0719.fits
4257/spec-4257-55480-0720.fits
4257/spec-4257-55480-0721.fits
4257/spec-4257-55480-0722.fits
4257/spec-4257-55480-0723.fits
4257/spec-4257-55480-0724.fits
4257/spec-4257-55480-0725.fits
4257/spec-4257-55480-0726.fits
4257/spec-4257-55480-0727.fits
4257/spec-4257-55480-0728.fits
4257/spec-4257-55480-0729.fits
4257/spec-4257-55480-0730.fits
4257/spec-4257-55480-0731.fits
4257/spec-4257-55480-0732.fits
4257/spec-4257-55480-0733.fits
4257/spec-4257-55480-0734.fits
4257/spec-4257-55480-0735.fits
4257/spec-4257-55480-0736.fits
4257/spec-4257-55480-0737.fits
4257/spec-4257-55480-0738.fits
4257/spec-4257-55480-0739.fits
4257/spec-4257-55480-0740.fits
4257/spec-4257-55480-0741.fits
4257/spec-4257-55480-0742.fits
4257/spec-4257-55480-0743.fits
4257/spec-4257-55480-0744.fits
4257/spec-4257-55480-0745.fits
4257/spec-4257-55480-0746.fits
4257/spec-4257-55480-0747.fits
4257/spec-4257-55480-0748.fits
4257/spec-4257-55480-0749.fits
4257/spec-4257-55480-0750.fits
4257/spec-4257-55480-0751.fits
4257/spec-4257-55480-0752.fits
4257/spec-4257-55480-0753.fits
4257/spec-4257-55480-0754.fits
4257/spec-4257-55480-0755.fits
4257/spec-4257-55480-0756.fits
4257/spec-4257-55480-0757.fits
4257/spec-4257-55480-0758.fits
4257/spec-4257-55480-0759.fits
4257/spec-4257-55480-0760.fits
4257/spec-4257-55480-0761.fits
4257/spec-4257-55480-0762.fits
4257/spec-4257-55480-0763.fits
4257/spec-4257-55480-0764.fits
4257/spec-4257-55480-0765.fits
4257/spec-4257-55480-0766.fits
4257/spec-4257-55480-0767.fits
4257/spec-4257-55480-0768.fits
4257/spec-4257-55480-0769.fits
4257/spec-4257-55480-0770.fits
4257/spec-4257-55480-0771.fits
4257/spec-4257-55480-0772.fits
4257/spec-4257-55480-0773.fits
4257/spec-4257-55480-0774.fits
4257/spec-4257-55480-0775.fits
4257/spec-4257-55480-0776.fits
4257/spec-4257-55480-0777.fits
4257/spec-4257-55480-0778.fits
4257/spec-4257-55480-0779.fits
4257/spec-4257-55480-0780.fits
4257/spec-4257-55480-0781.fits
4257/spec-4257-55480-0782.fits
4257/spec-4257-55480-0783.fits
4257/spec-4257-55480-0784.fits
4257/spec-4257-55480-0785.fits
4257/spec-4257-55480-0786.fits
4257/spec-4257-55480-0787.fits
4257/spec-4257-55480-0788.fits
4257/spec-4257-55480-0789.fits
4257/spec-4257-55480-0790.fits
4257/spec-4257-55480-0791.fits
4257/spec-4257-55480-0792.fits
4257/spec-4257-55480-0793.fits
4257/spec-4257-55480-0794.fits
4257/spec-4257-55480-0795.fits
4257/spec-4257-55480-0796.fits
4257/spec-4257-55480-0797.fits
4257/spec-4257-55480-0798.fits
4257/spec-4257-55480-0799.fits
4257/spec-4257-55480-0800.fits
4257/spec-4257-55480-0801.fits
4257/spec-4257-55480-0802.fits
4257/spec-4257-55480-0803.fits
4257/spec-4257-55480-0804.fits
4257/spec-4257-55480-0805.fits
4257/spec-4257-55480-0806.fits
4257/spec-4257-55480-0807.fits
4257/spec-4257-55480-0808.fits
4257/spec-4257-55480-0809.fits
4257/spec-4257-55480-0810.fits
4257/spec-4257-55480-0811.fits
4257/spec-4257-55480-0812.fits
4257/spec-4257-55480-0813.fits
4257/spec-4257-55480-0814.fits
4257/spec-4257-55480-0815.fits
4257/spec-4257-55480-0816.fits
4257/spec-4257-55480-0817.fits
4257/spec-4257-55480-0818.fits
4257/spec-4257-55480-0819.fits
4257/spec-4257-55480-0820.fits
4257/spec-4257-55480-0821.fits
4257/spec-4257-55480-0822.fits
4257/spec-4257-55480-0823.fits
4257/spec-4257-55480-0824.fits
4257/spec-4257-55480-0825.fits
4257/spec-4257-55480-0826.fits
4257/spec-4257-55480-0827.fits
4257/spec-4257-55480-0828.fits
4257/spec-4257-55480-0829.fits
4257/spec-4257-55480-0830.fits
4257/spec-4257-55480-0831.fits
4257/spec-4257-55480-0832.fits
4257/spec-4257-55480-0833.fits
4257/spec-4257-55480-0834.fits
4257/spec-4257-55480-0835.fits
4257/spec-4257-55480-0836.fits
4257/spec-4257-55480-0837.fits
4257/spec-4257-55480-0838.fits
4257/spec-4257-55480-0839.fits
4257/spec-4257-55480-0840.fits
4257/spec-4257-55480-0841.fits
4257/spec-4257-55480-0842.fits
4257/spec-4257-55480-0843.fits
4257/spec-4257-55480-0844.fits
4257/spec-4257-55480-0845.fits
4257/spec-4257-55480-0846.fits
4257/spec-4257-55480-0847.fits
4257/spec-4257-55480-0848.fits
4257/spec-4257-55480-0849.fits
4257/spec-4257-55480-0850.fits
4257/spec-4257-55480-0851.fits
4257/spec-4257-55480-0852.fits
4257/spec-4257-55480-0853.fits
4257/spec-4257-55480-0854.fits
4257/spec-4257-55480-0855.fits
4257/spec-4257-55480-0856.fits
4257/spec-4257-55480-0857.fits
4257/spec-4257-55480-0858.fits
4257/spec-4257-55480-0859.fits
4257/spec-4257-55480-0860.fits
4257/spec-4257-55480-0861.fits
4257/spec-4257-55480-0862.fits
4257/spec-4257-55480-0863.fits
4257/spec-4257-55480-0864.fits
4257/spec-4257-55480-0865.fits
4257/spec-4257-55480-0866.fits
4257/spec-4257-55480-0867.fits
4257/spec-4257-55480-0868.fits
4257/spec-4257-55480-0869.fits
4257/spec-4257-55480-0870.fits
4257/spec-4257-55480-0871.fits
4257/spec-4257-55480-0872.fits
4257/spec-4257-55480-0873.fits
4257/spec-4257-55480-0874.fits
4257/spec-4257-55480-0875.fits
4257/spec-4257-55480-0876.fits
4257/spec-4257-55480-0877.fits
4257/spec-4257-55480-0878.fits
4257/spec-4257-55480-0879.fits
4257/spec-4257-55480-0880.fits
4257/spec-4257-55480-0881.fits
4257/spec-4257-55480-0882.fits
4257/spec-4257-55480-0883.fits
4257/spec-4257-55480-0884.fits
4257/spec-4257-55480-0885.fits
4257/spec-4257-55480-0886.fits
4257/spec-4257-55480-0887.fits
4257/spec-4257-55480-0888.fits
4257/spec-4257-55480-0889.fits
4257/spec-4257-55480-0890.fits
4257/spec-4257-55480-0891.fits
4257/spec-4257-55480-0892.fits
4257/spec-4257-55480-0893.fits
4257/spec-4257-55480-0894.fits
4257/spec-4257-55480-0895.fits
4257/spec-4257-55480-0896.fits
4257/spec-4257-55480-0897.fits
4257/spec-4257-55480-0898.fits
4257/spec-4257-55480-0899.fits
4257/spec-4257-55480-0900.fits
4257/spec-4257-55480-0901.fits
4257/spec-4257-55480-0902.fits
4257/spec-4257-55480-0903.fits
4257/spec-4257-55480-0904.fits
4257/spec-4257-55480-0905.fits
4257/spec-4257-55480-0906.fits
4257/spec-4257-55480-0907.fits
4257/spec-4257-55480-0908.fits
4257/spec-4257-55480-0909.fits
4257/spec-4257-55480-0910.fits
4257/spec-4257-55480-0911.fits
4257/spec-4257-55480-0912.fits
4257/spec-4257-55480-0913.fits
4257/spec-4257-55480-0914.fits
4257/spec-4257-55480-0915.fits
4257/spec-4257-55480-0916.fits
4257/spec-4257-55480-0917.fits
4257/spec-4257-55480-0918.fits
4257/spec-4257-55480-0919.fits
4257/spec-4257-55480-0920.fits
4257/spec-4257-55480-0921.fits
4257/spec-4257-55480-0922.fits
4257/spec-4257-55480-0923.fits
4257/spec-4257-55480-0924.fits
4257/spec-4257-55480-0925.fits
4257/spec-4257-55480-0926.fits
4257/spec-4257-55480-0927.fits
4257/spec-4257-55480-0928.fits
4257/spec-4257-55480-0929.fits
4257/spec-4257-55480-0930.fits
4257/spec-4257-55480-0931.fits
4257/spec-4257-55480-0932.fits
4257/spec-4257-55480-0933.fits
4257/spec-4257-55480-0934.fits
4257/spec-4257-55480-0935.fits
4257/spec-4257-55480-0936.fits
4257/spec-4257-55480-0937.fits
4257/spec-4257-55480-0938.fits
4257/spec-4257-55480-0939.fits
4257/spec-4257-55480-0940.fits
4257/spec-4257-55480-0941.fits
4257/spec-4257-55480-0942.fits
4257/spec-4257-55480-0943.fits
4257/spec-4257-55480-0944.fits
4257/spec-4257-55480-0945.fits
4257/spec-4257-55480-0946.fits
4257/spec-4257-55480-0947.fits
4257/spec-4257-55480-0948.fits
4257/spec-4257-55480-0949.fits
4257/spec-4257-55480-0950.fits
4257/spec-4257-55480-0951.fits
4257/spec-4257-55480-0952.fits
4257/spec-4257-55480-0953.fits
4257/spec-4257-55480-0954.fits
4257/spec-4257-55480-0955.fits
4257/spec-4257-55480-0956.fits
4257/spec-4257-55480-0957.fits
4257/spec-4257-55480-0958.fits
4257/spec-4257-55480-0959.fits
4257/spec-4257-55480-0960.fits
4257/spec-4257-55480-0961.fits
4257/spec-4257-55480-0962.fits
4257/spec-4257-55480-0963.fits
4257/spec-4257-55480-0964.fits
4257/spec-4257-55480-0965.fits
4257/spec-4257-55480-0966.fits
4257/spec-4257-55480-0967.fits
4257/spec-4257-55480-0968.fits
4257/spec-4257-55480-0969.fits
4257/spec-4257-55480-0970.fits
4257/spec-4257-55480-0971.fits
4257/spec-4257-55480-0972.fits
4257/spec-4257-55480-0973.fits
4257/spec-4257-55480-0974.fits
4257/spec-4257-55480-0975.fits
4257/spec-4257-55480-0976.fits
4257/spec-4257-55480-0977.fits
4257/spec-4257-55480-0978.fits
4257/spec-4257-55480-0979.fits
4257/spec-4257-55480-0980.fits
4257/spec-4257-55480-0981.fits
4257/spec-4257-55480-0982.fits
4257/spec-4257-55480-0983.fits
4257/spec-4257-55480-0984.fits
4257/spec-4257-55480-0985.fits
4257/spec-4257-55480-0986.fits
4257/spec-4257-55480-0987.fits
4257/spec-4257-55480-0988.fits
4257/spec-4257-55480-0989.fits
4257/spec-4257-55480-0990.fits
4257/spec-4257-55480-0991.fits
4257/spec-4257-55480-0992.fits
4257/spec-4257-55480-0993.fits
4257/spec-4257-55480-0994.fits
4257/spec-4257-55480-0995.fits
4257/spec-4257-55480-0996.fits
4257/spec-4257-55480-0997.fits
4257/spec-4257-55480-0998.fits
4257/spec-4257-55480-0999.fits
4257/spec-4257-55480-1000.fits
/var/lib/condor/execute/slot1/dir_21196
4257 4257.tgz R R361.tar.gz _condor_stderr _condor_stdout cB58_Lyman_break.fit condor_exec.exe hw4.R packages packages.tar.gz tmp var
[1] "Loaded package astro."
[1] 1000
4257 4257.csv 4257.tgz R R361.tar.gz _condor_stderr _condor_stdout cB58_Lyman_break.fit condor_exec.exe hw4.R packages packages.tar.gz tmp var
