4268
4268/
4268/spec-4268-55483-0001.fits
4268/spec-4268-55483-0002.fits
4268/spec-4268-55483-0003.fits
4268/spec-4268-55483-0004.fits
4268/spec-4268-55483-0005.fits
4268/spec-4268-55483-0006.fits
4268/spec-4268-55483-0007.fits
4268/spec-4268-55483-0008.fits
4268/spec-4268-55483-0009.fits
4268/spec-4268-55483-0010.fits
4268/spec-4268-55483-0011.fits
4268/spec-4268-55483-0012.fits
4268/spec-4268-55483-0013.fits
4268/spec-4268-55483-0014.fits
4268/spec-4268-55483-0015.fits
4268/spec-4268-55483-0016.fits
4268/spec-4268-55483-0017.fits
4268/spec-4268-55483-0018.fits
4268/spec-4268-55483-0019.fits
4268/spec-4268-55483-0020.fits
4268/spec-4268-55483-0021.fits
4268/spec-4268-55483-0022.fits
4268/spec-4268-55483-0023.fits
4268/spec-4268-55483-0024.fits
4268/spec-4268-55483-0025.fits
4268/spec-4268-55483-0026.fits
4268/spec-4268-55483-0027.fits
4268/spec-4268-55483-0028.fits
4268/spec-4268-55483-0029.fits
4268/spec-4268-55483-0030.fits
4268/spec-4268-55483-0031.fits
4268/spec-4268-55483-0032.fits
4268/spec-4268-55483-0033.fits
4268/spec-4268-55483-0034.fits
4268/spec-4268-55483-0035.fits
4268/spec-4268-55483-0036.fits
4268/spec-4268-55483-0037.fits
4268/spec-4268-55483-0038.fits
4268/spec-4268-55483-0039.fits
4268/spec-4268-55483-0040.fits
4268/spec-4268-55483-0041.fits
4268/spec-4268-55483-0042.fits
4268/spec-4268-55483-0043.fits
4268/spec-4268-55483-0044.fits
4268/spec-4268-55483-0045.fits
4268/spec-4268-55483-0046.fits
4268/spec-4268-55483-0047.fits
4268/spec-4268-55483-0048.fits
4268/spec-4268-55483-0049.fits
4268/spec-4268-55483-0050.fits
4268/spec-4268-55483-0051.fits
4268/spec-4268-55483-0052.fits
4268/spec-4268-55483-0053.fits
4268/spec-4268-55483-0054.fits
4268/spec-4268-55483-0055.fits
4268/spec-4268-55483-0056.fits
4268/spec-4268-55483-0057.fits
4268/spec-4268-55483-0058.fits
4268/spec-4268-55483-0059.fits
4268/spec-4268-55483-0060.fits
4268/spec-4268-55483-0061.fits
4268/spec-4268-55483-0062.fits
4268/spec-4268-55483-0063.fits
4268/spec-4268-55483-0064.fits
4268/spec-4268-55483-0065.fits
4268/spec-4268-55483-0066.fits
4268/spec-4268-55483-0067.fits
4268/spec-4268-55483-0068.fits
4268/spec-4268-55483-0069.fits
4268/spec-4268-55483-0070.fits
4268/spec-4268-55483-0071.fits
4268/spec-4268-55483-0072.fits
4268/spec-4268-55483-0073.fits
4268/spec-4268-55483-0074.fits
4268/spec-4268-55483-0075.fits
4268/spec-4268-55483-0076.fits
4268/spec-4268-55483-0077.fits
4268/spec-4268-55483-0078.fits
4268/spec-4268-55483-0079.fits
4268/spec-4268-55483-0080.fits
4268/spec-4268-55483-0081.fits
4268/spec-4268-55483-0082.fits
4268/spec-4268-55483-0083.fits
4268/spec-4268-55483-0084.fits
4268/spec-4268-55483-0085.fits
4268/spec-4268-55483-0086.fits
4268/spec-4268-55483-0087.fits
4268/spec-4268-55483-0088.fits
4268/spec-4268-55483-0089.fits
4268/spec-4268-55483-0090.fits
4268/spec-4268-55483-0091.fits
4268/spec-4268-55483-0092.fits
4268/spec-4268-55483-0093.fits
4268/spec-4268-55483-0094.fits
4268/spec-4268-55483-0095.fits
4268/spec-4268-55483-0096.fits
4268/spec-4268-55483-0097.fits
4268/spec-4268-55483-0098.fits
4268/spec-4268-55483-0099.fits
4268/spec-4268-55483-0100.fits
4268/spec-4268-55483-0101.fits
4268/spec-4268-55483-0102.fits
4268/spec-4268-55483-0103.fits
4268/spec-4268-55483-0104.fits
4268/spec-4268-55483-0105.fits
4268/spec-4268-55483-0106.fits
4268/spec-4268-55483-0107.fits
4268/spec-4268-55483-0108.fits
4268/spec-4268-55483-0109.fits
4268/spec-4268-55483-0110.fits
4268/spec-4268-55483-0111.fits
4268/spec-4268-55483-0112.fits
4268/spec-4268-55483-0113.fits
4268/spec-4268-55483-0114.fits
4268/spec-4268-55483-0115.fits
4268/spec-4268-55483-0116.fits
4268/spec-4268-55483-0117.fits
4268/spec-4268-55483-0118.fits
4268/spec-4268-55483-0119.fits
4268/spec-4268-55483-0120.fits
4268/spec-4268-55483-0121.fits
4268/spec-4268-55483-0122.fits
4268/spec-4268-55483-0123.fits
4268/spec-4268-55483-0124.fits
4268/spec-4268-55483-0125.fits
4268/spec-4268-55483-0126.fits
4268/spec-4268-55483-0127.fits
4268/spec-4268-55483-0128.fits
4268/spec-4268-55483-0129.fits
4268/spec-4268-55483-0130.fits
4268/spec-4268-55483-0131.fits
4268/spec-4268-55483-0132.fits
4268/spec-4268-55483-0133.fits
4268/spec-4268-55483-0134.fits
4268/spec-4268-55483-0135.fits
4268/spec-4268-55483-0136.fits
4268/spec-4268-55483-0137.fits
4268/spec-4268-55483-0138.fits
4268/spec-4268-55483-0139.fits
4268/spec-4268-55483-0140.fits
4268/spec-4268-55483-0141.fits
4268/spec-4268-55483-0142.fits
4268/spec-4268-55483-0143.fits
4268/spec-4268-55483-0144.fits
4268/spec-4268-55483-0145.fits
4268/spec-4268-55483-0146.fits
4268/spec-4268-55483-0147.fits
4268/spec-4268-55483-0148.fits
4268/spec-4268-55483-0149.fits
4268/spec-4268-55483-0150.fits
4268/spec-4268-55483-0151.fits
4268/spec-4268-55483-0152.fits
4268/spec-4268-55483-0153.fits
4268/spec-4268-55483-0154.fits
4268/spec-4268-55483-0155.fits
4268/spec-4268-55483-0156.fits
4268/spec-4268-55483-0157.fits
4268/spec-4268-55483-0158.fits
4268/spec-4268-55483-0159.fits
4268/spec-4268-55483-0160.fits
4268/spec-4268-55483-0161.fits
4268/spec-4268-55483-0162.fits
4268/spec-4268-55483-0163.fits
4268/spec-4268-55483-0164.fits
4268/spec-4268-55483-0165.fits
4268/spec-4268-55483-0166.fits
4268/spec-4268-55483-0167.fits
4268/spec-4268-55483-0168.fits
4268/spec-4268-55483-0169.fits
4268/spec-4268-55483-0170.fits
4268/spec-4268-55483-0171.fits
4268/spec-4268-55483-0172.fits
4268/spec-4268-55483-0173.fits
4268/spec-4268-55483-0174.fits
4268/spec-4268-55483-0175.fits
4268/spec-4268-55483-0176.fits
4268/spec-4268-55483-0177.fits
4268/spec-4268-55483-0178.fits
4268/spec-4268-55483-0179.fits
4268/spec-4268-55483-0180.fits
4268/spec-4268-55483-0181.fits
4268/spec-4268-55483-0182.fits
4268/spec-4268-55483-0183.fits
4268/spec-4268-55483-0184.fits
4268/spec-4268-55483-0185.fits
4268/spec-4268-55483-0186.fits
4268/spec-4268-55483-0187.fits
4268/spec-4268-55483-0188.fits
4268/spec-4268-55483-0189.fits
4268/spec-4268-55483-0190.fits
4268/spec-4268-55483-0191.fits
4268/spec-4268-55483-0192.fits
4268/spec-4268-55483-0193.fits
4268/spec-4268-55483-0194.fits
4268/spec-4268-55483-0195.fits
4268/spec-4268-55483-0196.fits
4268/spec-4268-55483-0197.fits
4268/spec-4268-55483-0198.fits
4268/spec-4268-55483-0199.fits
4268/spec-4268-55483-0200.fits
4268/spec-4268-55483-0201.fits
4268/spec-4268-55483-0202.fits
4268/spec-4268-55483-0203.fits
4268/spec-4268-55483-0204.fits
4268/spec-4268-55483-0205.fits
4268/spec-4268-55483-0206.fits
4268/spec-4268-55483-0207.fits
4268/spec-4268-55483-0208.fits
4268/spec-4268-55483-0209.fits
4268/spec-4268-55483-0210.fits
4268/spec-4268-55483-0211.fits
4268/spec-4268-55483-0212.fits
4268/spec-4268-55483-0213.fits
4268/spec-4268-55483-0214.fits
4268/spec-4268-55483-0215.fits
4268/spec-4268-55483-0216.fits
4268/spec-4268-55483-0217.fits
4268/spec-4268-55483-0218.fits
4268/spec-4268-55483-0219.fits
4268/spec-4268-55483-0220.fits
4268/spec-4268-55483-0221.fits
4268/spec-4268-55483-0222.fits
4268/spec-4268-55483-0223.fits
4268/spec-4268-55483-0224.fits
4268/spec-4268-55483-0225.fits
4268/spec-4268-55483-0226.fits
4268/spec-4268-55483-0227.fits
4268/spec-4268-55483-0228.fits
4268/spec-4268-55483-0229.fits
4268/spec-4268-55483-0230.fits
4268/spec-4268-55483-0231.fits
4268/spec-4268-55483-0232.fits
4268/spec-4268-55483-0233.fits
4268/spec-4268-55483-0234.fits
4268/spec-4268-55483-0235.fits
4268/spec-4268-55483-0236.fits
4268/spec-4268-55483-0237.fits
4268/spec-4268-55483-0238.fits
4268/spec-4268-55483-0239.fits
4268/spec-4268-55483-0240.fits
4268/spec-4268-55483-0241.fits
4268/spec-4268-55483-0242.fits
4268/spec-4268-55483-0243.fits
4268/spec-4268-55483-0244.fits
4268/spec-4268-55483-0245.fits
4268/spec-4268-55483-0246.fits
4268/spec-4268-55483-0247.fits
4268/spec-4268-55483-0248.fits
4268/spec-4268-55483-0249.fits
4268/spec-4268-55483-0250.fits
4268/spec-4268-55483-0251.fits
4268/spec-4268-55483-0252.fits
4268/spec-4268-55483-0253.fits
4268/spec-4268-55483-0254.fits
4268/spec-4268-55483-0255.fits
4268/spec-4268-55483-0256.fits
4268/spec-4268-55483-0257.fits
4268/spec-4268-55483-0258.fits
4268/spec-4268-55483-0259.fits
4268/spec-4268-55483-0260.fits
4268/spec-4268-55483-0261.fits
4268/spec-4268-55483-0262.fits
4268/spec-4268-55483-0263.fits
4268/spec-4268-55483-0264.fits
4268/spec-4268-55483-0265.fits
4268/spec-4268-55483-0266.fits
4268/spec-4268-55483-0267.fits
4268/spec-4268-55483-0268.fits
4268/spec-4268-55483-0269.fits
4268/spec-4268-55483-0270.fits
4268/spec-4268-55483-0271.fits
4268/spec-4268-55483-0272.fits
4268/spec-4268-55483-0273.fits
4268/spec-4268-55483-0274.fits
4268/spec-4268-55483-0275.fits
4268/spec-4268-55483-0276.fits
4268/spec-4268-55483-0277.fits
4268/spec-4268-55483-0278.fits
4268/spec-4268-55483-0279.fits
4268/spec-4268-55483-0280.fits
4268/spec-4268-55483-0281.fits
4268/spec-4268-55483-0282.fits
4268/spec-4268-55483-0283.fits
4268/spec-4268-55483-0284.fits
4268/spec-4268-55483-0285.fits
4268/spec-4268-55483-0286.fits
4268/spec-4268-55483-0287.fits
4268/spec-4268-55483-0288.fits
4268/spec-4268-55483-0289.fits
4268/spec-4268-55483-0290.fits
4268/spec-4268-55483-0291.fits
4268/spec-4268-55483-0292.fits
4268/spec-4268-55483-0293.fits
4268/spec-4268-55483-0294.fits
4268/spec-4268-55483-0295.fits
4268/spec-4268-55483-0296.fits
4268/spec-4268-55483-0297.fits
4268/spec-4268-55483-0298.fits
4268/spec-4268-55483-0299.fits
4268/spec-4268-55483-0300.fits
4268/spec-4268-55483-0301.fits
4268/spec-4268-55483-0302.fits
4268/spec-4268-55483-0303.fits
4268/spec-4268-55483-0304.fits
4268/spec-4268-55483-0305.fits
4268/spec-4268-55483-0306.fits
4268/spec-4268-55483-0307.fits
4268/spec-4268-55483-0308.fits
4268/spec-4268-55483-0309.fits
4268/spec-4268-55483-0310.fits
4268/spec-4268-55483-0311.fits
4268/spec-4268-55483-0312.fits
4268/spec-4268-55483-0313.fits
4268/spec-4268-55483-0314.fits
4268/spec-4268-55483-0315.fits
4268/spec-4268-55483-0316.fits
4268/spec-4268-55483-0317.fits
4268/spec-4268-55483-0318.fits
4268/spec-4268-55483-0319.fits
4268/spec-4268-55483-0320.fits
4268/spec-4268-55483-0321.fits
4268/spec-4268-55483-0322.fits
4268/spec-4268-55483-0323.fits
4268/spec-4268-55483-0324.fits
4268/spec-4268-55483-0325.fits
4268/spec-4268-55483-0326.fits
4268/spec-4268-55483-0327.fits
4268/spec-4268-55483-0328.fits
4268/spec-4268-55483-0329.fits
4268/spec-4268-55483-0330.fits
4268/spec-4268-55483-0331.fits
4268/spec-4268-55483-0332.fits
4268/spec-4268-55483-0333.fits
4268/spec-4268-55483-0334.fits
4268/spec-4268-55483-0335.fits
4268/spec-4268-55483-0336.fits
4268/spec-4268-55483-0337.fits
4268/spec-4268-55483-0338.fits
4268/spec-4268-55483-0339.fits
4268/spec-4268-55483-0340.fits
4268/spec-4268-55483-0341.fits
4268/spec-4268-55483-0342.fits
4268/spec-4268-55483-0343.fits
4268/spec-4268-55483-0344.fits
4268/spec-4268-55483-0345.fits
4268/spec-4268-55483-0346.fits
4268/spec-4268-55483-0347.fits
4268/spec-4268-55483-0348.fits
4268/spec-4268-55483-0349.fits
4268/spec-4268-55483-0350.fits
4268/spec-4268-55483-0351.fits
4268/spec-4268-55483-0352.fits
4268/spec-4268-55483-0353.fits
4268/spec-4268-55483-0354.fits
4268/spec-4268-55483-0355.fits
4268/spec-4268-55483-0356.fits
4268/spec-4268-55483-0357.fits
4268/spec-4268-55483-0358.fits
4268/spec-4268-55483-0359.fits
4268/spec-4268-55483-0360.fits
4268/spec-4268-55483-0361.fits
4268/spec-4268-55483-0362.fits
4268/spec-4268-55483-0363.fits
4268/spec-4268-55483-0364.fits
4268/spec-4268-55483-0365.fits
4268/spec-4268-55483-0366.fits
4268/spec-4268-55483-0367.fits
4268/spec-4268-55483-0368.fits
4268/spec-4268-55483-0369.fits
4268/spec-4268-55483-0370.fits
4268/spec-4268-55483-0371.fits
4268/spec-4268-55483-0372.fits
4268/spec-4268-55483-0373.fits
4268/spec-4268-55483-0374.fits
4268/spec-4268-55483-0375.fits
4268/spec-4268-55483-0376.fits
4268/spec-4268-55483-0377.fits
4268/spec-4268-55483-0378.fits
4268/spec-4268-55483-0379.fits
4268/spec-4268-55483-0380.fits
4268/spec-4268-55483-0381.fits
4268/spec-4268-55483-0382.fits
4268/spec-4268-55483-0383.fits
4268/spec-4268-55483-0384.fits
4268/spec-4268-55483-0385.fits
4268/spec-4268-55483-0386.fits
4268/spec-4268-55483-0387.fits
4268/spec-4268-55483-0388.fits
4268/spec-4268-55483-0389.fits
4268/spec-4268-55483-0390.fits
4268/spec-4268-55483-0391.fits
4268/spec-4268-55483-0392.fits
4268/spec-4268-55483-0393.fits
4268/spec-4268-55483-0394.fits
4268/spec-4268-55483-0395.fits
4268/spec-4268-55483-0396.fits
4268/spec-4268-55483-0397.fits
4268/spec-4268-55483-0398.fits
4268/spec-4268-55483-0399.fits
4268/spec-4268-55483-0400.fits
4268/spec-4268-55483-0401.fits
4268/spec-4268-55483-0402.fits
4268/spec-4268-55483-0403.fits
4268/spec-4268-55483-0404.fits
4268/spec-4268-55483-0405.fits
4268/spec-4268-55483-0406.fits
4268/spec-4268-55483-0407.fits
4268/spec-4268-55483-0408.fits
4268/spec-4268-55483-0409.fits
4268/spec-4268-55483-0410.fits
4268/spec-4268-55483-0411.fits
4268/spec-4268-55483-0412.fits
4268/spec-4268-55483-0413.fits
4268/spec-4268-55483-0414.fits
4268/spec-4268-55483-0415.fits
4268/spec-4268-55483-0416.fits
4268/spec-4268-55483-0417.fits
4268/spec-4268-55483-0418.fits
4268/spec-4268-55483-0419.fits
4268/spec-4268-55483-0420.fits
4268/spec-4268-55483-0421.fits
4268/spec-4268-55483-0422.fits
4268/spec-4268-55483-0423.fits
4268/spec-4268-55483-0424.fits
4268/spec-4268-55483-0425.fits
4268/spec-4268-55483-0426.fits
4268/spec-4268-55483-0427.fits
4268/spec-4268-55483-0428.fits
4268/spec-4268-55483-0429.fits
4268/spec-4268-55483-0430.fits
4268/spec-4268-55483-0431.fits
4268/spec-4268-55483-0432.fits
4268/spec-4268-55483-0433.fits
4268/spec-4268-55483-0434.fits
4268/spec-4268-55483-0435.fits
4268/spec-4268-55483-0436.fits
4268/spec-4268-55483-0437.fits
4268/spec-4268-55483-0438.fits
4268/spec-4268-55483-0439.fits
4268/spec-4268-55483-0440.fits
4268/spec-4268-55483-0441.fits
4268/spec-4268-55483-0442.fits
4268/spec-4268-55483-0443.fits
4268/spec-4268-55483-0444.fits
4268/spec-4268-55483-0445.fits
4268/spec-4268-55483-0446.fits
4268/spec-4268-55483-0447.fits
4268/spec-4268-55483-0448.fits
4268/spec-4268-55483-0449.fits
4268/spec-4268-55483-0450.fits
4268/spec-4268-55483-0451.fits
4268/spec-4268-55483-0452.fits
4268/spec-4268-55483-0453.fits
4268/spec-4268-55483-0454.fits
4268/spec-4268-55483-0455.fits
4268/spec-4268-55483-0456.fits
4268/spec-4268-55483-0457.fits
4268/spec-4268-55483-0458.fits
4268/spec-4268-55483-0459.fits
4268/spec-4268-55483-0460.fits
4268/spec-4268-55483-0461.fits
4268/spec-4268-55483-0462.fits
4268/spec-4268-55483-0463.fits
4268/spec-4268-55483-0464.fits
4268/spec-4268-55483-0465.fits
4268/spec-4268-55483-0466.fits
4268/spec-4268-55483-0467.fits
4268/spec-4268-55483-0468.fits
4268/spec-4268-55483-0469.fits
4268/spec-4268-55483-0470.fits
4268/spec-4268-55483-0471.fits
4268/spec-4268-55483-0472.fits
4268/spec-4268-55483-0473.fits
4268/spec-4268-55483-0474.fits
4268/spec-4268-55483-0475.fits
4268/spec-4268-55483-0476.fits
4268/spec-4268-55483-0477.fits
4268/spec-4268-55483-0478.fits
4268/spec-4268-55483-0479.fits
4268/spec-4268-55483-0480.fits
4268/spec-4268-55483-0481.fits
4268/spec-4268-55483-0482.fits
4268/spec-4268-55483-0483.fits
4268/spec-4268-55483-0484.fits
4268/spec-4268-55483-0485.fits
4268/spec-4268-55483-0486.fits
4268/spec-4268-55483-0487.fits
4268/spec-4268-55483-0488.fits
4268/spec-4268-55483-0489.fits
4268/spec-4268-55483-0490.fits
4268/spec-4268-55483-0491.fits
4268/spec-4268-55483-0492.fits
4268/spec-4268-55483-0493.fits
4268/spec-4268-55483-0494.fits
4268/spec-4268-55483-0495.fits
4268/spec-4268-55483-0496.fits
4268/spec-4268-55483-0497.fits
4268/spec-4268-55483-0498.fits
4268/spec-4268-55483-0499.fits
4268/spec-4268-55483-0500.fits
4268/spec-4268-55483-0501.fits
4268/spec-4268-55483-0502.fits
4268/spec-4268-55483-0503.fits
4268/spec-4268-55483-0504.fits
4268/spec-4268-55483-0505.fits
4268/spec-4268-55483-0506.fits
4268/spec-4268-55483-0507.fits
4268/spec-4268-55483-0508.fits
4268/spec-4268-55483-0509.fits
4268/spec-4268-55483-0510.fits
4268/spec-4268-55483-0511.fits
4268/spec-4268-55483-0512.fits
4268/spec-4268-55483-0513.fits
4268/spec-4268-55483-0514.fits
4268/spec-4268-55483-0515.fits
4268/spec-4268-55483-0516.fits
4268/spec-4268-55483-0517.fits
4268/spec-4268-55483-0518.fits
4268/spec-4268-55483-0519.fits
4268/spec-4268-55483-0520.fits
4268/spec-4268-55483-0521.fits
4268/spec-4268-55483-0522.fits
4268/spec-4268-55483-0523.fits
4268/spec-4268-55483-0524.fits
4268/spec-4268-55483-0525.fits
4268/spec-4268-55483-0526.fits
4268/spec-4268-55483-0527.fits
4268/spec-4268-55483-0528.fits
4268/spec-4268-55483-0529.fits
4268/spec-4268-55483-0530.fits
4268/spec-4268-55483-0531.fits
4268/spec-4268-55483-0532.fits
4268/spec-4268-55483-0533.fits
4268/spec-4268-55483-0534.fits
4268/spec-4268-55483-0535.fits
4268/spec-4268-55483-0536.fits
4268/spec-4268-55483-0537.fits
4268/spec-4268-55483-0538.fits
4268/spec-4268-55483-0539.fits
4268/spec-4268-55483-0540.fits
4268/spec-4268-55483-0541.fits
4268/spec-4268-55483-0542.fits
4268/spec-4268-55483-0543.fits
4268/spec-4268-55483-0544.fits
4268/spec-4268-55483-0545.fits
4268/spec-4268-55483-0546.fits
4268/spec-4268-55483-0547.fits
4268/spec-4268-55483-0548.fits
4268/spec-4268-55483-0549.fits
4268/spec-4268-55483-0550.fits
4268/spec-4268-55483-0551.fits
4268/spec-4268-55483-0552.fits
4268/spec-4268-55483-0553.fits
4268/spec-4268-55483-0554.fits
4268/spec-4268-55483-0555.fits
4268/spec-4268-55483-0556.fits
4268/spec-4268-55483-0557.fits
4268/spec-4268-55483-0558.fits
4268/spec-4268-55483-0559.fits
4268/spec-4268-55483-0560.fits
4268/spec-4268-55483-0561.fits
4268/spec-4268-55483-0562.fits
4268/spec-4268-55483-0563.fits
4268/spec-4268-55483-0564.fits
4268/spec-4268-55483-0565.fits
4268/spec-4268-55483-0566.fits
4268/spec-4268-55483-0567.fits
4268/spec-4268-55483-0568.fits
4268/spec-4268-55483-0569.fits
4268/spec-4268-55483-0570.fits
4268/spec-4268-55483-0571.fits
4268/spec-4268-55483-0572.fits
4268/spec-4268-55483-0573.fits
4268/spec-4268-55483-0574.fits
4268/spec-4268-55483-0575.fits
4268/spec-4268-55483-0576.fits
4268/spec-4268-55483-0577.fits
4268/spec-4268-55483-0578.fits
4268/spec-4268-55483-0579.fits
4268/spec-4268-55483-0580.fits
4268/spec-4268-55483-0581.fits
4268/spec-4268-55483-0582.fits
4268/spec-4268-55483-0583.fits
4268/spec-4268-55483-0584.fits
4268/spec-4268-55483-0585.fits
4268/spec-4268-55483-0586.fits
4268/spec-4268-55483-0587.fits
4268/spec-4268-55483-0588.fits
4268/spec-4268-55483-0589.fits
4268/spec-4268-55483-0590.fits
4268/spec-4268-55483-0591.fits
4268/spec-4268-55483-0592.fits
4268/spec-4268-55483-0593.fits
4268/spec-4268-55483-0594.fits
4268/spec-4268-55483-0595.fits
4268/spec-4268-55483-0596.fits
4268/spec-4268-55483-0597.fits
4268/spec-4268-55483-0598.fits
4268/spec-4268-55483-0599.fits
4268/spec-4268-55483-0600.fits
4268/spec-4268-55483-0601.fits
4268/spec-4268-55483-0602.fits
4268/spec-4268-55483-0603.fits
4268/spec-4268-55483-0604.fits
4268/spec-4268-55483-0605.fits
4268/spec-4268-55483-0606.fits
4268/spec-4268-55483-0607.fits
4268/spec-4268-55483-0608.fits
4268/spec-4268-55483-0609.fits
4268/spec-4268-55483-0610.fits
4268/spec-4268-55483-0611.fits
4268/spec-4268-55483-0612.fits
4268/spec-4268-55483-0613.fits
4268/spec-4268-55483-0614.fits
4268/spec-4268-55483-0615.fits
4268/spec-4268-55483-0616.fits
4268/spec-4268-55483-0617.fits
4268/spec-4268-55483-0618.fits
4268/spec-4268-55483-0619.fits
4268/spec-4268-55483-0620.fits
4268/spec-4268-55483-0621.fits
4268/spec-4268-55483-0622.fits
4268/spec-4268-55483-0623.fits
4268/spec-4268-55483-0624.fits
4268/spec-4268-55483-0625.fits
4268/spec-4268-55483-0626.fits
4268/spec-4268-55483-0627.fits
4268/spec-4268-55483-0628.fits
4268/spec-4268-55483-0629.fits
4268/spec-4268-55483-0630.fits
4268/spec-4268-55483-0631.fits
4268/spec-4268-55483-0632.fits
4268/spec-4268-55483-0633.fits
4268/spec-4268-55483-0634.fits
4268/spec-4268-55483-0635.fits
4268/spec-4268-55483-0636.fits
4268/spec-4268-55483-0637.fits
4268/spec-4268-55483-0638.fits
4268/spec-4268-55483-0639.fits
4268/spec-4268-55483-0640.fits
4268/spec-4268-55483-0641.fits
4268/spec-4268-55483-0642.fits
4268/spec-4268-55483-0643.fits
4268/spec-4268-55483-0644.fits
4268/spec-4268-55483-0645.fits
4268/spec-4268-55483-0646.fits
4268/spec-4268-55483-0647.fits
4268/spec-4268-55483-0648.fits
4268/spec-4268-55483-0649.fits
4268/spec-4268-55483-0650.fits
4268/spec-4268-55483-0651.fits
4268/spec-4268-55483-0652.fits
4268/spec-4268-55483-0653.fits
4268/spec-4268-55483-0654.fits
4268/spec-4268-55483-0655.fits
4268/spec-4268-55483-0656.fits
4268/spec-4268-55483-0657.fits
4268/spec-4268-55483-0658.fits
4268/spec-4268-55483-0659.fits
4268/spec-4268-55483-0660.fits
4268/spec-4268-55483-0661.fits
4268/spec-4268-55483-0662.fits
4268/spec-4268-55483-0663.fits
4268/spec-4268-55483-0664.fits
4268/spec-4268-55483-0665.fits
4268/spec-4268-55483-0666.fits
4268/spec-4268-55483-0667.fits
4268/spec-4268-55483-0668.fits
4268/spec-4268-55483-0669.fits
4268/spec-4268-55483-0670.fits
4268/spec-4268-55483-0671.fits
4268/spec-4268-55483-0672.fits
4268/spec-4268-55483-0673.fits
4268/spec-4268-55483-0674.fits
4268/spec-4268-55483-0675.fits
4268/spec-4268-55483-0676.fits
4268/spec-4268-55483-0677.fits
4268/spec-4268-55483-0678.fits
4268/spec-4268-55483-0679.fits
4268/spec-4268-55483-0680.fits
4268/spec-4268-55483-0681.fits
4268/spec-4268-55483-0682.fits
4268/spec-4268-55483-0683.fits
4268/spec-4268-55483-0684.fits
4268/spec-4268-55483-0685.fits
4268/spec-4268-55483-0686.fits
4268/spec-4268-55483-0687.fits
4268/spec-4268-55483-0688.fits
4268/spec-4268-55483-0689.fits
4268/spec-4268-55483-0690.fits
4268/spec-4268-55483-0691.fits
4268/spec-4268-55483-0692.fits
4268/spec-4268-55483-0693.fits
4268/spec-4268-55483-0694.fits
4268/spec-4268-55483-0695.fits
4268/spec-4268-55483-0696.fits
4268/spec-4268-55483-0697.fits
4268/spec-4268-55483-0698.fits
4268/spec-4268-55483-0699.fits
4268/spec-4268-55483-0700.fits
4268/spec-4268-55483-0701.fits
4268/spec-4268-55483-0702.fits
4268/spec-4268-55483-0703.fits
4268/spec-4268-55483-0704.fits
4268/spec-4268-55483-0705.fits
4268/spec-4268-55483-0706.fits
4268/spec-4268-55483-0707.fits
4268/spec-4268-55483-0708.fits
4268/spec-4268-55483-0709.fits
4268/spec-4268-55483-0710.fits
4268/spec-4268-55483-0711.fits
4268/spec-4268-55483-0712.fits
4268/spec-4268-55483-0713.fits
4268/spec-4268-55483-0714.fits
4268/spec-4268-55483-0715.fits
4268/spec-4268-55483-0716.fits
4268/spec-4268-55483-0717.fits
4268/spec-4268-55483-0718.fits
4268/spec-4268-55483-0719.fits
4268/spec-4268-55483-0720.fits
4268/spec-4268-55483-0721.fits
4268/spec-4268-55483-0722.fits
4268/spec-4268-55483-0723.fits
4268/spec-4268-55483-0724.fits
4268/spec-4268-55483-0725.fits
4268/spec-4268-55483-0726.fits
4268/spec-4268-55483-0727.fits
4268/spec-4268-55483-0728.fits
4268/spec-4268-55483-0729.fits
4268/spec-4268-55483-0730.fits
4268/spec-4268-55483-0731.fits
4268/spec-4268-55483-0732.fits
4268/spec-4268-55483-0733.fits
4268/spec-4268-55483-0734.fits
4268/spec-4268-55483-0735.fits
4268/spec-4268-55483-0736.fits
4268/spec-4268-55483-0737.fits
4268/spec-4268-55483-0738.fits
4268/spec-4268-55483-0739.fits
4268/spec-4268-55483-0740.fits
4268/spec-4268-55483-0741.fits
4268/spec-4268-55483-0742.fits
4268/spec-4268-55483-0743.fits
4268/spec-4268-55483-0744.fits
4268/spec-4268-55483-0745.fits
4268/spec-4268-55483-0746.fits
4268/spec-4268-55483-0747.fits
4268/spec-4268-55483-0748.fits
4268/spec-4268-55483-0749.fits
4268/spec-4268-55483-0750.fits
4268/spec-4268-55483-0751.fits
4268/spec-4268-55483-0752.fits
4268/spec-4268-55483-0753.fits
4268/spec-4268-55483-0754.fits
4268/spec-4268-55483-0755.fits
4268/spec-4268-55483-0756.fits
4268/spec-4268-55483-0757.fits
4268/spec-4268-55483-0758.fits
4268/spec-4268-55483-0759.fits
4268/spec-4268-55483-0760.fits
4268/spec-4268-55483-0761.fits
4268/spec-4268-55483-0762.fits
4268/spec-4268-55483-0763.fits
4268/spec-4268-55483-0764.fits
4268/spec-4268-55483-0765.fits
4268/spec-4268-55483-0766.fits
4268/spec-4268-55483-0767.fits
4268/spec-4268-55483-0768.fits
4268/spec-4268-55483-0769.fits
4268/spec-4268-55483-0770.fits
4268/spec-4268-55483-0771.fits
4268/spec-4268-55483-0772.fits
4268/spec-4268-55483-0773.fits
4268/spec-4268-55483-0774.fits
4268/spec-4268-55483-0775.fits
4268/spec-4268-55483-0776.fits
4268/spec-4268-55483-0777.fits
4268/spec-4268-55483-0778.fits
4268/spec-4268-55483-0779.fits
4268/spec-4268-55483-0780.fits
4268/spec-4268-55483-0781.fits
4268/spec-4268-55483-0782.fits
4268/spec-4268-55483-0783.fits
4268/spec-4268-55483-0784.fits
4268/spec-4268-55483-0785.fits
4268/spec-4268-55483-0786.fits
4268/spec-4268-55483-0787.fits
4268/spec-4268-55483-0788.fits
4268/spec-4268-55483-0789.fits
4268/spec-4268-55483-0790.fits
4268/spec-4268-55483-0791.fits
4268/spec-4268-55483-0792.fits
4268/spec-4268-55483-0793.fits
4268/spec-4268-55483-0794.fits
4268/spec-4268-55483-0795.fits
4268/spec-4268-55483-0796.fits
4268/spec-4268-55483-0797.fits
4268/spec-4268-55483-0798.fits
4268/spec-4268-55483-0799.fits
4268/spec-4268-55483-0800.fits
4268/spec-4268-55483-0801.fits
4268/spec-4268-55483-0802.fits
4268/spec-4268-55483-0803.fits
4268/spec-4268-55483-0804.fits
4268/spec-4268-55483-0805.fits
4268/spec-4268-55483-0806.fits
4268/spec-4268-55483-0807.fits
4268/spec-4268-55483-0808.fits
4268/spec-4268-55483-0809.fits
4268/spec-4268-55483-0810.fits
4268/spec-4268-55483-0811.fits
4268/spec-4268-55483-0812.fits
4268/spec-4268-55483-0813.fits
4268/spec-4268-55483-0814.fits
4268/spec-4268-55483-0815.fits
4268/spec-4268-55483-0816.fits
4268/spec-4268-55483-0817.fits
4268/spec-4268-55483-0818.fits
4268/spec-4268-55483-0819.fits
4268/spec-4268-55483-0820.fits
4268/spec-4268-55483-0821.fits
4268/spec-4268-55483-0822.fits
4268/spec-4268-55483-0823.fits
4268/spec-4268-55483-0824.fits
4268/spec-4268-55483-0825.fits
4268/spec-4268-55483-0826.fits
4268/spec-4268-55483-0827.fits
4268/spec-4268-55483-0828.fits
4268/spec-4268-55483-0829.fits
4268/spec-4268-55483-0830.fits
4268/spec-4268-55483-0831.fits
4268/spec-4268-55483-0832.fits
4268/spec-4268-55483-0833.fits
4268/spec-4268-55483-0834.fits
4268/spec-4268-55483-0835.fits
4268/spec-4268-55483-0836.fits
4268/spec-4268-55483-0837.fits
4268/spec-4268-55483-0838.fits
4268/spec-4268-55483-0839.fits
4268/spec-4268-55483-0840.fits
4268/spec-4268-55483-0841.fits
4268/spec-4268-55483-0842.fits
4268/spec-4268-55483-0843.fits
4268/spec-4268-55483-0844.fits
4268/spec-4268-55483-0845.fits
4268/spec-4268-55483-0846.fits
4268/spec-4268-55483-0847.fits
4268/spec-4268-55483-0848.fits
4268/spec-4268-55483-0849.fits
4268/spec-4268-55483-0850.fits
4268/spec-4268-55483-0851.fits
4268/spec-4268-55483-0852.fits
4268/spec-4268-55483-0853.fits
4268/spec-4268-55483-0854.fits
4268/spec-4268-55483-0855.fits
4268/spec-4268-55483-0856.fits
4268/spec-4268-55483-0857.fits
4268/spec-4268-55483-0858.fits
4268/spec-4268-55483-0859.fits
4268/spec-4268-55483-0860.fits
4268/spec-4268-55483-0861.fits
4268/spec-4268-55483-0862.fits
4268/spec-4268-55483-0863.fits
4268/spec-4268-55483-0864.fits
4268/spec-4268-55483-0865.fits
4268/spec-4268-55483-0866.fits
4268/spec-4268-55483-0867.fits
4268/spec-4268-55483-0868.fits
4268/spec-4268-55483-0869.fits
4268/spec-4268-55483-0870.fits
4268/spec-4268-55483-0871.fits
4268/spec-4268-55483-0872.fits
4268/spec-4268-55483-0873.fits
4268/spec-4268-55483-0874.fits
4268/spec-4268-55483-0875.fits
4268/spec-4268-55483-0876.fits
4268/spec-4268-55483-0877.fits
4268/spec-4268-55483-0878.fits
4268/spec-4268-55483-0879.fits
4268/spec-4268-55483-0880.fits
4268/spec-4268-55483-0881.fits
4268/spec-4268-55483-0882.fits
4268/spec-4268-55483-0883.fits
4268/spec-4268-55483-0884.fits
4268/spec-4268-55483-0885.fits
4268/spec-4268-55483-0886.fits
4268/spec-4268-55483-0887.fits
4268/spec-4268-55483-0888.fits
4268/spec-4268-55483-0889.fits
4268/spec-4268-55483-0890.fits
4268/spec-4268-55483-0891.fits
4268/spec-4268-55483-0892.fits
4268/spec-4268-55483-0893.fits
4268/spec-4268-55483-0894.fits
4268/spec-4268-55483-0895.fits
4268/spec-4268-55483-0896.fits
4268/spec-4268-55483-0897.fits
4268/spec-4268-55483-0898.fits
4268/spec-4268-55483-0899.fits
4268/spec-4268-55483-0900.fits
4268/spec-4268-55483-0901.fits
4268/spec-4268-55483-0902.fits
4268/spec-4268-55483-0903.fits
4268/spec-4268-55483-0904.fits
4268/spec-4268-55483-0905.fits
4268/spec-4268-55483-0906.fits
4268/spec-4268-55483-0907.fits
4268/spec-4268-55483-0908.fits
4268/spec-4268-55483-0909.fits
4268/spec-4268-55483-0910.fits
4268/spec-4268-55483-0911.fits
4268/spec-4268-55483-0912.fits
4268/spec-4268-55483-0913.fits
4268/spec-4268-55483-0914.fits
4268/spec-4268-55483-0915.fits
4268/spec-4268-55483-0916.fits
4268/spec-4268-55483-0917.fits
4268/spec-4268-55483-0918.fits
4268/spec-4268-55483-0919.fits
4268/spec-4268-55483-0920.fits
4268/spec-4268-55483-0921.fits
4268/spec-4268-55483-0922.fits
4268/spec-4268-55483-0923.fits
4268/spec-4268-55483-0924.fits
4268/spec-4268-55483-0925.fits
4268/spec-4268-55483-0926.fits
4268/spec-4268-55483-0927.fits
4268/spec-4268-55483-0928.fits
4268/spec-4268-55483-0929.fits
4268/spec-4268-55483-0930.fits
4268/spec-4268-55483-0931.fits
4268/spec-4268-55483-0932.fits
4268/spec-4268-55483-0933.fits
4268/spec-4268-55483-0934.fits
4268/spec-4268-55483-0935.fits
4268/spec-4268-55483-0936.fits
4268/spec-4268-55483-0937.fits
4268/spec-4268-55483-0938.fits
4268/spec-4268-55483-0939.fits
4268/spec-4268-55483-0940.fits
4268/spec-4268-55483-0941.fits
4268/spec-4268-55483-0942.fits
4268/spec-4268-55483-0943.fits
4268/spec-4268-55483-0944.fits
4268/spec-4268-55483-0945.fits
4268/spec-4268-55483-0946.fits
4268/spec-4268-55483-0947.fits
4268/spec-4268-55483-0948.fits
4268/spec-4268-55483-0949.fits
4268/spec-4268-55483-0950.fits
4268/spec-4268-55483-0951.fits
4268/spec-4268-55483-0952.fits
4268/spec-4268-55483-0953.fits
4268/spec-4268-55483-0954.fits
4268/spec-4268-55483-0955.fits
4268/spec-4268-55483-0956.fits
4268/spec-4268-55483-0957.fits
4268/spec-4268-55483-0958.fits
4268/spec-4268-55483-0959.fits
4268/spec-4268-55483-0960.fits
4268/spec-4268-55483-0961.fits
4268/spec-4268-55483-0962.fits
4268/spec-4268-55483-0963.fits
4268/spec-4268-55483-0964.fits
4268/spec-4268-55483-0965.fits
4268/spec-4268-55483-0966.fits
4268/spec-4268-55483-0967.fits
4268/spec-4268-55483-0968.fits
4268/spec-4268-55483-0969.fits
4268/spec-4268-55483-0970.fits
4268/spec-4268-55483-0971.fits
4268/spec-4268-55483-0972.fits
4268/spec-4268-55483-0973.fits
4268/spec-4268-55483-0974.fits
4268/spec-4268-55483-0975.fits
4268/spec-4268-55483-0976.fits
4268/spec-4268-55483-0977.fits
4268/spec-4268-55483-0978.fits
4268/spec-4268-55483-0979.fits
4268/spec-4268-55483-0980.fits
4268/spec-4268-55483-0981.fits
4268/spec-4268-55483-0982.fits
4268/spec-4268-55483-0983.fits
4268/spec-4268-55483-0984.fits
4268/spec-4268-55483-0985.fits
4268/spec-4268-55483-0986.fits
4268/spec-4268-55483-0987.fits
4268/spec-4268-55483-0988.fits
4268/spec-4268-55483-0989.fits
4268/spec-4268-55483-0990.fits
4268/spec-4268-55483-0991.fits
4268/spec-4268-55483-0992.fits
4268/spec-4268-55483-0993.fits
4268/spec-4268-55483-0994.fits
4268/spec-4268-55483-0995.fits
4268/spec-4268-55483-0996.fits
4268/spec-4268-55483-0997.fits
4268/spec-4268-55483-0998.fits
4268/spec-4268-55483-0999.fits
4268/spec-4268-55483-1000.fits
/var/lib/condor/execute/slot1/dir_10824
4268 4268.tgz R R361.tar.gz _condor_stderr _condor_stdout cB58_Lyman_break.fit condor_exec.exe hw4.R packages packages.tar.gz tmp var
[1] "Loaded package astro."
[1] 1000
4268 4268.csv 4268.tgz R R361.tar.gz _condor_stderr _condor_stdout cB58_Lyman_break.fit condor_exec.exe hw4.R packages packages.tar.gz tmp var
