4280
4280/
4280/spec-4280-55503-0001.fits
4280/spec-4280-55503-0002.fits
4280/spec-4280-55503-0003.fits
4280/spec-4280-55503-0004.fits
4280/spec-4280-55503-0005.fits
4280/spec-4280-55503-0006.fits
4280/spec-4280-55503-0007.fits
4280/spec-4280-55503-0008.fits
4280/spec-4280-55503-0009.fits
4280/spec-4280-55503-0010.fits
4280/spec-4280-55503-0011.fits
4280/spec-4280-55503-0012.fits
4280/spec-4280-55503-0013.fits
4280/spec-4280-55503-0014.fits
4280/spec-4280-55503-0015.fits
4280/spec-4280-55503-0016.fits
4280/spec-4280-55503-0017.fits
4280/spec-4280-55503-0018.fits
4280/spec-4280-55503-0019.fits
4280/spec-4280-55503-0020.fits
4280/spec-4280-55503-0021.fits
4280/spec-4280-55503-0022.fits
4280/spec-4280-55503-0023.fits
4280/spec-4280-55503-0024.fits
4280/spec-4280-55503-0025.fits
4280/spec-4280-55503-0026.fits
4280/spec-4280-55503-0027.fits
4280/spec-4280-55503-0028.fits
4280/spec-4280-55503-0029.fits
4280/spec-4280-55503-0030.fits
4280/spec-4280-55503-0031.fits
4280/spec-4280-55503-0032.fits
4280/spec-4280-55503-0033.fits
4280/spec-4280-55503-0034.fits
4280/spec-4280-55503-0035.fits
4280/spec-4280-55503-0036.fits
4280/spec-4280-55503-0037.fits
4280/spec-4280-55503-0038.fits
4280/spec-4280-55503-0039.fits
4280/spec-4280-55503-0040.fits
4280/spec-4280-55503-0041.fits
4280/spec-4280-55503-0042.fits
4280/spec-4280-55503-0043.fits
4280/spec-4280-55503-0044.fits
4280/spec-4280-55503-0045.fits
4280/spec-4280-55503-0046.fits
4280/spec-4280-55503-0047.fits
4280/spec-4280-55503-0048.fits
4280/spec-4280-55503-0049.fits
4280/spec-4280-55503-0050.fits
4280/spec-4280-55503-0051.fits
4280/spec-4280-55503-0052.fits
4280/spec-4280-55503-0053.fits
4280/spec-4280-55503-0054.fits
4280/spec-4280-55503-0055.fits
4280/spec-4280-55503-0056.fits
4280/spec-4280-55503-0057.fits
4280/spec-4280-55503-0058.fits
4280/spec-4280-55503-0059.fits
4280/spec-4280-55503-0060.fits
4280/spec-4280-55503-0061.fits
4280/spec-4280-55503-0062.fits
4280/spec-4280-55503-0063.fits
4280/spec-4280-55503-0064.fits
4280/spec-4280-55503-0065.fits
4280/spec-4280-55503-0066.fits
4280/spec-4280-55503-0067.fits
4280/spec-4280-55503-0068.fits
4280/spec-4280-55503-0069.fits
4280/spec-4280-55503-0070.fits
4280/spec-4280-55503-0071.fits
4280/spec-4280-55503-0072.fits
4280/spec-4280-55503-0073.fits
4280/spec-4280-55503-0074.fits
4280/spec-4280-55503-0075.fits
4280/spec-4280-55503-0076.fits
4280/spec-4280-55503-0077.fits
4280/spec-4280-55503-0078.fits
4280/spec-4280-55503-0079.fits
4280/spec-4280-55503-0080.fits
4280/spec-4280-55503-0081.fits
4280/spec-4280-55503-0082.fits
4280/spec-4280-55503-0083.fits
4280/spec-4280-55503-0084.fits
4280/spec-4280-55503-0085.fits
4280/spec-4280-55503-0086.fits
4280/spec-4280-55503-0087.fits
4280/spec-4280-55503-0088.fits
4280/spec-4280-55503-0089.fits
4280/spec-4280-55503-0090.fits
4280/spec-4280-55503-0091.fits
4280/spec-4280-55503-0092.fits
4280/spec-4280-55503-0093.fits
4280/spec-4280-55503-0094.fits
4280/spec-4280-55503-0095.fits
4280/spec-4280-55503-0096.fits
4280/spec-4280-55503-0097.fits
4280/spec-4280-55503-0098.fits
4280/spec-4280-55503-0099.fits
4280/spec-4280-55503-0100.fits
4280/spec-4280-55503-0101.fits
4280/spec-4280-55503-0102.fits
4280/spec-4280-55503-0103.fits
4280/spec-4280-55503-0104.fits
4280/spec-4280-55503-0105.fits
4280/spec-4280-55503-0106.fits
4280/spec-4280-55503-0107.fits
4280/spec-4280-55503-0108.fits
4280/spec-4280-55503-0109.fits
4280/spec-4280-55503-0110.fits
4280/spec-4280-55503-0111.fits
4280/spec-4280-55503-0112.fits
4280/spec-4280-55503-0113.fits
4280/spec-4280-55503-0114.fits
4280/spec-4280-55503-0115.fits
4280/spec-4280-55503-0116.fits
4280/spec-4280-55503-0117.fits
4280/spec-4280-55503-0118.fits
4280/spec-4280-55503-0119.fits
4280/spec-4280-55503-0120.fits
4280/spec-4280-55503-0121.fits
4280/spec-4280-55503-0122.fits
4280/spec-4280-55503-0123.fits
4280/spec-4280-55503-0124.fits
4280/spec-4280-55503-0125.fits
4280/spec-4280-55503-0126.fits
4280/spec-4280-55503-0127.fits
4280/spec-4280-55503-0128.fits
4280/spec-4280-55503-0129.fits
4280/spec-4280-55503-0130.fits
4280/spec-4280-55503-0131.fits
4280/spec-4280-55503-0132.fits
4280/spec-4280-55503-0133.fits
4280/spec-4280-55503-0134.fits
4280/spec-4280-55503-0135.fits
4280/spec-4280-55503-0136.fits
4280/spec-4280-55503-0137.fits
4280/spec-4280-55503-0138.fits
4280/spec-4280-55503-0139.fits
4280/spec-4280-55503-0140.fits
4280/spec-4280-55503-0141.fits
4280/spec-4280-55503-0142.fits
4280/spec-4280-55503-0143.fits
4280/spec-4280-55503-0144.fits
4280/spec-4280-55503-0145.fits
4280/spec-4280-55503-0146.fits
4280/spec-4280-55503-0147.fits
4280/spec-4280-55503-0148.fits
4280/spec-4280-55503-0149.fits
4280/spec-4280-55503-0150.fits
4280/spec-4280-55503-0151.fits
4280/spec-4280-55503-0152.fits
4280/spec-4280-55503-0153.fits
4280/spec-4280-55503-0154.fits
4280/spec-4280-55503-0155.fits
4280/spec-4280-55503-0156.fits
4280/spec-4280-55503-0157.fits
4280/spec-4280-55503-0158.fits
4280/spec-4280-55503-0159.fits
4280/spec-4280-55503-0160.fits
4280/spec-4280-55503-0161.fits
4280/spec-4280-55503-0162.fits
4280/spec-4280-55503-0163.fits
4280/spec-4280-55503-0164.fits
4280/spec-4280-55503-0165.fits
4280/spec-4280-55503-0166.fits
4280/spec-4280-55503-0167.fits
4280/spec-4280-55503-0168.fits
4280/spec-4280-55503-0169.fits
4280/spec-4280-55503-0170.fits
4280/spec-4280-55503-0171.fits
4280/spec-4280-55503-0172.fits
4280/spec-4280-55503-0173.fits
4280/spec-4280-55503-0174.fits
4280/spec-4280-55503-0175.fits
4280/spec-4280-55503-0176.fits
4280/spec-4280-55503-0177.fits
4280/spec-4280-55503-0178.fits
4280/spec-4280-55503-0179.fits
4280/spec-4280-55503-0180.fits
4280/spec-4280-55503-0181.fits
4280/spec-4280-55503-0182.fits
4280/spec-4280-55503-0183.fits
4280/spec-4280-55503-0184.fits
4280/spec-4280-55503-0185.fits
4280/spec-4280-55503-0186.fits
4280/spec-4280-55503-0187.fits
4280/spec-4280-55503-0188.fits
4280/spec-4280-55503-0189.fits
4280/spec-4280-55503-0190.fits
4280/spec-4280-55503-0191.fits
4280/spec-4280-55503-0192.fits
4280/spec-4280-55503-0193.fits
4280/spec-4280-55503-0194.fits
4280/spec-4280-55503-0195.fits
4280/spec-4280-55503-0196.fits
4280/spec-4280-55503-0197.fits
4280/spec-4280-55503-0198.fits
4280/spec-4280-55503-0199.fits
4280/spec-4280-55503-0200.fits
4280/spec-4280-55503-0201.fits
4280/spec-4280-55503-0202.fits
4280/spec-4280-55503-0203.fits
4280/spec-4280-55503-0204.fits
4280/spec-4280-55503-0205.fits
4280/spec-4280-55503-0206.fits
4280/spec-4280-55503-0207.fits
4280/spec-4280-55503-0208.fits
4280/spec-4280-55503-0209.fits
4280/spec-4280-55503-0210.fits
4280/spec-4280-55503-0211.fits
4280/spec-4280-55503-0212.fits
4280/spec-4280-55503-0213.fits
4280/spec-4280-55503-0214.fits
4280/spec-4280-55503-0215.fits
4280/spec-4280-55503-0216.fits
4280/spec-4280-55503-0217.fits
4280/spec-4280-55503-0218.fits
4280/spec-4280-55503-0219.fits
4280/spec-4280-55503-0220.fits
4280/spec-4280-55503-0221.fits
4280/spec-4280-55503-0222.fits
4280/spec-4280-55503-0223.fits
4280/spec-4280-55503-0224.fits
4280/spec-4280-55503-0225.fits
4280/spec-4280-55503-0226.fits
4280/spec-4280-55503-0227.fits
4280/spec-4280-55503-0228.fits
4280/spec-4280-55503-0229.fits
4280/spec-4280-55503-0230.fits
4280/spec-4280-55503-0231.fits
4280/spec-4280-55503-0232.fits
4280/spec-4280-55503-0233.fits
4280/spec-4280-55503-0234.fits
4280/spec-4280-55503-0235.fits
4280/spec-4280-55503-0236.fits
4280/spec-4280-55503-0237.fits
4280/spec-4280-55503-0238.fits
4280/spec-4280-55503-0239.fits
4280/spec-4280-55503-0240.fits
4280/spec-4280-55503-0241.fits
4280/spec-4280-55503-0242.fits
4280/spec-4280-55503-0243.fits
4280/spec-4280-55503-0244.fits
4280/spec-4280-55503-0245.fits
4280/spec-4280-55503-0246.fits
4280/spec-4280-55503-0247.fits
4280/spec-4280-55503-0248.fits
4280/spec-4280-55503-0249.fits
4280/spec-4280-55503-0250.fits
4280/spec-4280-55503-0251.fits
4280/spec-4280-55503-0252.fits
4280/spec-4280-55503-0253.fits
4280/spec-4280-55503-0254.fits
4280/spec-4280-55503-0255.fits
4280/spec-4280-55503-0256.fits
4280/spec-4280-55503-0257.fits
4280/spec-4280-55503-0258.fits
4280/spec-4280-55503-0259.fits
4280/spec-4280-55503-0260.fits
4280/spec-4280-55503-0261.fits
4280/spec-4280-55503-0262.fits
4280/spec-4280-55503-0263.fits
4280/spec-4280-55503-0264.fits
4280/spec-4280-55503-0265.fits
4280/spec-4280-55503-0266.fits
4280/spec-4280-55503-0267.fits
4280/spec-4280-55503-0268.fits
4280/spec-4280-55503-0269.fits
4280/spec-4280-55503-0270.fits
4280/spec-4280-55503-0271.fits
4280/spec-4280-55503-0272.fits
4280/spec-4280-55503-0273.fits
4280/spec-4280-55503-0274.fits
4280/spec-4280-55503-0275.fits
4280/spec-4280-55503-0276.fits
4280/spec-4280-55503-0277.fits
4280/spec-4280-55503-0278.fits
4280/spec-4280-55503-0279.fits
4280/spec-4280-55503-0280.fits
4280/spec-4280-55503-0281.fits
4280/spec-4280-55503-0282.fits
4280/spec-4280-55503-0283.fits
4280/spec-4280-55503-0284.fits
4280/spec-4280-55503-0285.fits
4280/spec-4280-55503-0286.fits
4280/spec-4280-55503-0287.fits
4280/spec-4280-55503-0288.fits
4280/spec-4280-55503-0289.fits
4280/spec-4280-55503-0290.fits
4280/spec-4280-55503-0291.fits
4280/spec-4280-55503-0292.fits
4280/spec-4280-55503-0293.fits
4280/spec-4280-55503-0294.fits
4280/spec-4280-55503-0295.fits
4280/spec-4280-55503-0296.fits
4280/spec-4280-55503-0297.fits
4280/spec-4280-55503-0298.fits
4280/spec-4280-55503-0299.fits
4280/spec-4280-55503-0300.fits
4280/spec-4280-55503-0301.fits
4280/spec-4280-55503-0302.fits
4280/spec-4280-55503-0303.fits
4280/spec-4280-55503-0304.fits
4280/spec-4280-55503-0305.fits
4280/spec-4280-55503-0306.fits
4280/spec-4280-55503-0307.fits
4280/spec-4280-55503-0308.fits
4280/spec-4280-55503-0309.fits
4280/spec-4280-55503-0310.fits
4280/spec-4280-55503-0311.fits
4280/spec-4280-55503-0312.fits
4280/spec-4280-55503-0313.fits
4280/spec-4280-55503-0314.fits
4280/spec-4280-55503-0315.fits
4280/spec-4280-55503-0316.fits
4280/spec-4280-55503-0317.fits
4280/spec-4280-55503-0318.fits
4280/spec-4280-55503-0319.fits
4280/spec-4280-55503-0320.fits
4280/spec-4280-55503-0321.fits
4280/spec-4280-55503-0322.fits
4280/spec-4280-55503-0323.fits
4280/spec-4280-55503-0324.fits
4280/spec-4280-55503-0325.fits
4280/spec-4280-55503-0326.fits
4280/spec-4280-55503-0327.fits
4280/spec-4280-55503-0328.fits
4280/spec-4280-55503-0329.fits
4280/spec-4280-55503-0330.fits
4280/spec-4280-55503-0331.fits
4280/spec-4280-55503-0332.fits
4280/spec-4280-55503-0333.fits
4280/spec-4280-55503-0334.fits
4280/spec-4280-55503-0335.fits
4280/spec-4280-55503-0336.fits
4280/spec-4280-55503-0337.fits
4280/spec-4280-55503-0338.fits
4280/spec-4280-55503-0339.fits
4280/spec-4280-55503-0340.fits
4280/spec-4280-55503-0341.fits
4280/spec-4280-55503-0342.fits
4280/spec-4280-55503-0343.fits
4280/spec-4280-55503-0344.fits
4280/spec-4280-55503-0345.fits
4280/spec-4280-55503-0346.fits
4280/spec-4280-55503-0347.fits
4280/spec-4280-55503-0348.fits
4280/spec-4280-55503-0349.fits
4280/spec-4280-55503-0350.fits
4280/spec-4280-55503-0351.fits
4280/spec-4280-55503-0352.fits
4280/spec-4280-55503-0353.fits
4280/spec-4280-55503-0354.fits
4280/spec-4280-55503-0355.fits
4280/spec-4280-55503-0356.fits
4280/spec-4280-55503-0357.fits
4280/spec-4280-55503-0358.fits
4280/spec-4280-55503-0359.fits
4280/spec-4280-55503-0360.fits
4280/spec-4280-55503-0361.fits
4280/spec-4280-55503-0362.fits
4280/spec-4280-55503-0363.fits
4280/spec-4280-55503-0364.fits
4280/spec-4280-55503-0365.fits
4280/spec-4280-55503-0366.fits
4280/spec-4280-55503-0367.fits
4280/spec-4280-55503-0368.fits
4280/spec-4280-55503-0369.fits
4280/spec-4280-55503-0370.fits
4280/spec-4280-55503-0371.fits
4280/spec-4280-55503-0372.fits
4280/spec-4280-55503-0373.fits
4280/spec-4280-55503-0374.fits
4280/spec-4280-55503-0375.fits
4280/spec-4280-55503-0376.fits
4280/spec-4280-55503-0377.fits
4280/spec-4280-55503-0378.fits
4280/spec-4280-55503-0379.fits
4280/spec-4280-55503-0380.fits
4280/spec-4280-55503-0381.fits
4280/spec-4280-55503-0382.fits
4280/spec-4280-55503-0383.fits
4280/spec-4280-55503-0384.fits
4280/spec-4280-55503-0385.fits
4280/spec-4280-55503-0386.fits
4280/spec-4280-55503-0387.fits
4280/spec-4280-55503-0388.fits
4280/spec-4280-55503-0389.fits
4280/spec-4280-55503-0390.fits
4280/spec-4280-55503-0391.fits
4280/spec-4280-55503-0392.fits
4280/spec-4280-55503-0393.fits
4280/spec-4280-55503-0394.fits
4280/spec-4280-55503-0395.fits
4280/spec-4280-55503-0396.fits
4280/spec-4280-55503-0397.fits
4280/spec-4280-55503-0398.fits
4280/spec-4280-55503-0399.fits
4280/spec-4280-55503-0400.fits
4280/spec-4280-55503-0401.fits
4280/spec-4280-55503-0402.fits
4280/spec-4280-55503-0403.fits
4280/spec-4280-55503-0404.fits
4280/spec-4280-55503-0405.fits
4280/spec-4280-55503-0406.fits
4280/spec-4280-55503-0407.fits
4280/spec-4280-55503-0408.fits
4280/spec-4280-55503-0409.fits
4280/spec-4280-55503-0410.fits
4280/spec-4280-55503-0411.fits
4280/spec-4280-55503-0412.fits
4280/spec-4280-55503-0413.fits
4280/spec-4280-55503-0414.fits
4280/spec-4280-55503-0415.fits
4280/spec-4280-55503-0416.fits
4280/spec-4280-55503-0417.fits
4280/spec-4280-55503-0418.fits
4280/spec-4280-55503-0419.fits
4280/spec-4280-55503-0420.fits
4280/spec-4280-55503-0421.fits
4280/spec-4280-55503-0422.fits
4280/spec-4280-55503-0423.fits
4280/spec-4280-55503-0424.fits
4280/spec-4280-55503-0425.fits
4280/spec-4280-55503-0426.fits
4280/spec-4280-55503-0427.fits
4280/spec-4280-55503-0428.fits
4280/spec-4280-55503-0429.fits
4280/spec-4280-55503-0430.fits
4280/spec-4280-55503-0431.fits
4280/spec-4280-55503-0432.fits
4280/spec-4280-55503-0433.fits
4280/spec-4280-55503-0434.fits
4280/spec-4280-55503-0435.fits
4280/spec-4280-55503-0436.fits
4280/spec-4280-55503-0437.fits
4280/spec-4280-55503-0438.fits
4280/spec-4280-55503-0439.fits
4280/spec-4280-55503-0440.fits
4280/spec-4280-55503-0441.fits
4280/spec-4280-55503-0442.fits
4280/spec-4280-55503-0443.fits
4280/spec-4280-55503-0444.fits
4280/spec-4280-55503-0445.fits
4280/spec-4280-55503-0446.fits
4280/spec-4280-55503-0447.fits
4280/spec-4280-55503-0448.fits
4280/spec-4280-55503-0449.fits
4280/spec-4280-55503-0450.fits
4280/spec-4280-55503-0451.fits
4280/spec-4280-55503-0452.fits
4280/spec-4280-55503-0453.fits
4280/spec-4280-55503-0454.fits
4280/spec-4280-55503-0455.fits
4280/spec-4280-55503-0456.fits
4280/spec-4280-55503-0457.fits
4280/spec-4280-55503-0458.fits
4280/spec-4280-55503-0459.fits
4280/spec-4280-55503-0460.fits
4280/spec-4280-55503-0461.fits
4280/spec-4280-55503-0462.fits
4280/spec-4280-55503-0463.fits
4280/spec-4280-55503-0464.fits
4280/spec-4280-55503-0465.fits
4280/spec-4280-55503-0466.fits
4280/spec-4280-55503-0467.fits
4280/spec-4280-55503-0468.fits
4280/spec-4280-55503-0469.fits
4280/spec-4280-55503-0470.fits
4280/spec-4280-55503-0471.fits
4280/spec-4280-55503-0472.fits
4280/spec-4280-55503-0473.fits
4280/spec-4280-55503-0474.fits
4280/spec-4280-55503-0475.fits
4280/spec-4280-55503-0476.fits
4280/spec-4280-55503-0477.fits
4280/spec-4280-55503-0478.fits
4280/spec-4280-55503-0479.fits
4280/spec-4280-55503-0480.fits
4280/spec-4280-55503-0481.fits
4280/spec-4280-55503-0482.fits
4280/spec-4280-55503-0483.fits
4280/spec-4280-55503-0484.fits
4280/spec-4280-55503-0485.fits
4280/spec-4280-55503-0486.fits
4280/spec-4280-55503-0487.fits
4280/spec-4280-55503-0488.fits
4280/spec-4280-55503-0489.fits
4280/spec-4280-55503-0490.fits
4280/spec-4280-55503-0491.fits
4280/spec-4280-55503-0492.fits
4280/spec-4280-55503-0493.fits
4280/spec-4280-55503-0494.fits
4280/spec-4280-55503-0495.fits
4280/spec-4280-55503-0496.fits
4280/spec-4280-55503-0497.fits
4280/spec-4280-55503-0498.fits
4280/spec-4280-55503-0499.fits
4280/spec-4280-55503-0500.fits
4280/spec-4280-55503-0501.fits
4280/spec-4280-55503-0502.fits
4280/spec-4280-55503-0503.fits
4280/spec-4280-55503-0504.fits
4280/spec-4280-55503-0505.fits
4280/spec-4280-55503-0506.fits
4280/spec-4280-55503-0507.fits
4280/spec-4280-55503-0508.fits
4280/spec-4280-55503-0509.fits
4280/spec-4280-55503-0510.fits
4280/spec-4280-55503-0511.fits
4280/spec-4280-55503-0512.fits
4280/spec-4280-55503-0513.fits
4280/spec-4280-55503-0514.fits
4280/spec-4280-55503-0515.fits
4280/spec-4280-55503-0516.fits
4280/spec-4280-55503-0517.fits
4280/spec-4280-55503-0518.fits
4280/spec-4280-55503-0519.fits
4280/spec-4280-55503-0520.fits
4280/spec-4280-55503-0521.fits
4280/spec-4280-55503-0522.fits
4280/spec-4280-55503-0523.fits
4280/spec-4280-55503-0524.fits
4280/spec-4280-55503-0525.fits
4280/spec-4280-55503-0526.fits
4280/spec-4280-55503-0527.fits
4280/spec-4280-55503-0528.fits
4280/spec-4280-55503-0529.fits
4280/spec-4280-55503-0530.fits
4280/spec-4280-55503-0531.fits
4280/spec-4280-55503-0532.fits
4280/spec-4280-55503-0533.fits
4280/spec-4280-55503-0534.fits
4280/spec-4280-55503-0535.fits
4280/spec-4280-55503-0536.fits
4280/spec-4280-55503-0537.fits
4280/spec-4280-55503-0538.fits
4280/spec-4280-55503-0539.fits
4280/spec-4280-55503-0540.fits
4280/spec-4280-55503-0541.fits
4280/spec-4280-55503-0542.fits
4280/spec-4280-55503-0543.fits
4280/spec-4280-55503-0544.fits
4280/spec-4280-55503-0545.fits
4280/spec-4280-55503-0546.fits
4280/spec-4280-55503-0547.fits
4280/spec-4280-55503-0548.fits
4280/spec-4280-55503-0549.fits
4280/spec-4280-55503-0550.fits
4280/spec-4280-55503-0551.fits
4280/spec-4280-55503-0552.fits
4280/spec-4280-55503-0553.fits
4280/spec-4280-55503-0554.fits
4280/spec-4280-55503-0555.fits
4280/spec-4280-55503-0556.fits
4280/spec-4280-55503-0557.fits
4280/spec-4280-55503-0558.fits
4280/spec-4280-55503-0559.fits
4280/spec-4280-55503-0560.fits
4280/spec-4280-55503-0561.fits
4280/spec-4280-55503-0562.fits
4280/spec-4280-55503-0563.fits
4280/spec-4280-55503-0564.fits
4280/spec-4280-55503-0565.fits
4280/spec-4280-55503-0566.fits
4280/spec-4280-55503-0567.fits
4280/spec-4280-55503-0568.fits
4280/spec-4280-55503-0569.fits
4280/spec-4280-55503-0570.fits
4280/spec-4280-55503-0571.fits
4280/spec-4280-55503-0572.fits
4280/spec-4280-55503-0573.fits
4280/spec-4280-55503-0574.fits
4280/spec-4280-55503-0575.fits
4280/spec-4280-55503-0576.fits
4280/spec-4280-55503-0577.fits
4280/spec-4280-55503-0578.fits
4280/spec-4280-55503-0579.fits
4280/spec-4280-55503-0580.fits
4280/spec-4280-55503-0581.fits
4280/spec-4280-55503-0582.fits
4280/spec-4280-55503-0583.fits
4280/spec-4280-55503-0584.fits
4280/spec-4280-55503-0585.fits
4280/spec-4280-55503-0586.fits
4280/spec-4280-55503-0587.fits
4280/spec-4280-55503-0588.fits
4280/spec-4280-55503-0589.fits
4280/spec-4280-55503-0590.fits
4280/spec-4280-55503-0591.fits
4280/spec-4280-55503-0592.fits
4280/spec-4280-55503-0593.fits
4280/spec-4280-55503-0594.fits
4280/spec-4280-55503-0595.fits
4280/spec-4280-55503-0596.fits
4280/spec-4280-55503-0597.fits
4280/spec-4280-55503-0598.fits
4280/spec-4280-55503-0599.fits
4280/spec-4280-55503-0600.fits
4280/spec-4280-55503-0601.fits
4280/spec-4280-55503-0602.fits
4280/spec-4280-55503-0603.fits
4280/spec-4280-55503-0604.fits
4280/spec-4280-55503-0605.fits
4280/spec-4280-55503-0606.fits
4280/spec-4280-55503-0607.fits
4280/spec-4280-55503-0608.fits
4280/spec-4280-55503-0609.fits
4280/spec-4280-55503-0610.fits
4280/spec-4280-55503-0611.fits
4280/spec-4280-55503-0612.fits
4280/spec-4280-55503-0613.fits
4280/spec-4280-55503-0614.fits
4280/spec-4280-55503-0615.fits
4280/spec-4280-55503-0616.fits
4280/spec-4280-55503-0617.fits
4280/spec-4280-55503-0618.fits
4280/spec-4280-55503-0619.fits
4280/spec-4280-55503-0620.fits
4280/spec-4280-55503-0621.fits
4280/spec-4280-55503-0622.fits
4280/spec-4280-55503-0623.fits
4280/spec-4280-55503-0624.fits
4280/spec-4280-55503-0625.fits
4280/spec-4280-55503-0626.fits
4280/spec-4280-55503-0627.fits
4280/spec-4280-55503-0628.fits
4280/spec-4280-55503-0629.fits
4280/spec-4280-55503-0630.fits
4280/spec-4280-55503-0631.fits
4280/spec-4280-55503-0632.fits
4280/spec-4280-55503-0633.fits
4280/spec-4280-55503-0634.fits
4280/spec-4280-55503-0635.fits
4280/spec-4280-55503-0636.fits
4280/spec-4280-55503-0637.fits
4280/spec-4280-55503-0638.fits
4280/spec-4280-55503-0639.fits
4280/spec-4280-55503-0640.fits
4280/spec-4280-55503-0641.fits
4280/spec-4280-55503-0642.fits
4280/spec-4280-55503-0643.fits
4280/spec-4280-55503-0644.fits
4280/spec-4280-55503-0645.fits
4280/spec-4280-55503-0646.fits
4280/spec-4280-55503-0647.fits
4280/spec-4280-55503-0648.fits
4280/spec-4280-55503-0649.fits
4280/spec-4280-55503-0650.fits
4280/spec-4280-55503-0651.fits
4280/spec-4280-55503-0652.fits
4280/spec-4280-55503-0653.fits
4280/spec-4280-55503-0654.fits
4280/spec-4280-55503-0655.fits
4280/spec-4280-55503-0656.fits
4280/spec-4280-55503-0657.fits
4280/spec-4280-55503-0658.fits
4280/spec-4280-55503-0659.fits
4280/spec-4280-55503-0660.fits
4280/spec-4280-55503-0661.fits
4280/spec-4280-55503-0662.fits
4280/spec-4280-55503-0663.fits
4280/spec-4280-55503-0664.fits
4280/spec-4280-55503-0665.fits
4280/spec-4280-55503-0666.fits
4280/spec-4280-55503-0667.fits
4280/spec-4280-55503-0668.fits
4280/spec-4280-55503-0669.fits
4280/spec-4280-55503-0670.fits
4280/spec-4280-55503-0671.fits
4280/spec-4280-55503-0672.fits
4280/spec-4280-55503-0673.fits
4280/spec-4280-55503-0674.fits
4280/spec-4280-55503-0675.fits
4280/spec-4280-55503-0676.fits
4280/spec-4280-55503-0677.fits
4280/spec-4280-55503-0678.fits
4280/spec-4280-55503-0679.fits
4280/spec-4280-55503-0680.fits
4280/spec-4280-55503-0681.fits
4280/spec-4280-55503-0682.fits
4280/spec-4280-55503-0683.fits
4280/spec-4280-55503-0684.fits
4280/spec-4280-55503-0685.fits
4280/spec-4280-55503-0686.fits
4280/spec-4280-55503-0687.fits
4280/spec-4280-55503-0688.fits
4280/spec-4280-55503-0689.fits
4280/spec-4280-55503-0690.fits
4280/spec-4280-55503-0691.fits
4280/spec-4280-55503-0692.fits
4280/spec-4280-55503-0693.fits
4280/spec-4280-55503-0694.fits
4280/spec-4280-55503-0695.fits
4280/spec-4280-55503-0696.fits
4280/spec-4280-55503-0697.fits
4280/spec-4280-55503-0698.fits
4280/spec-4280-55503-0699.fits
4280/spec-4280-55503-0700.fits
4280/spec-4280-55503-0701.fits
4280/spec-4280-55503-0702.fits
4280/spec-4280-55503-0703.fits
4280/spec-4280-55503-0704.fits
4280/spec-4280-55503-0705.fits
4280/spec-4280-55503-0706.fits
4280/spec-4280-55503-0707.fits
4280/spec-4280-55503-0708.fits
4280/spec-4280-55503-0709.fits
4280/spec-4280-55503-0710.fits
4280/spec-4280-55503-0711.fits
4280/spec-4280-55503-0712.fits
4280/spec-4280-55503-0713.fits
4280/spec-4280-55503-0714.fits
4280/spec-4280-55503-0715.fits
4280/spec-4280-55503-0716.fits
4280/spec-4280-55503-0717.fits
4280/spec-4280-55503-0718.fits
4280/spec-4280-55503-0719.fits
4280/spec-4280-55503-0720.fits
4280/spec-4280-55503-0721.fits
4280/spec-4280-55503-0722.fits
4280/spec-4280-55503-0723.fits
4280/spec-4280-55503-0724.fits
4280/spec-4280-55503-0725.fits
4280/spec-4280-55503-0726.fits
4280/spec-4280-55503-0727.fits
4280/spec-4280-55503-0728.fits
4280/spec-4280-55503-0729.fits
4280/spec-4280-55503-0730.fits
4280/spec-4280-55503-0731.fits
4280/spec-4280-55503-0732.fits
4280/spec-4280-55503-0733.fits
4280/spec-4280-55503-0734.fits
4280/spec-4280-55503-0735.fits
4280/spec-4280-55503-0736.fits
4280/spec-4280-55503-0737.fits
4280/spec-4280-55503-0738.fits
4280/spec-4280-55503-0739.fits
4280/spec-4280-55503-0740.fits
4280/spec-4280-55503-0741.fits
4280/spec-4280-55503-0742.fits
4280/spec-4280-55503-0743.fits
4280/spec-4280-55503-0744.fits
4280/spec-4280-55503-0745.fits
4280/spec-4280-55503-0746.fits
4280/spec-4280-55503-0747.fits
4280/spec-4280-55503-0748.fits
4280/spec-4280-55503-0749.fits
4280/spec-4280-55503-0750.fits
4280/spec-4280-55503-0751.fits
4280/spec-4280-55503-0752.fits
4280/spec-4280-55503-0753.fits
4280/spec-4280-55503-0754.fits
4280/spec-4280-55503-0755.fits
4280/spec-4280-55503-0756.fits
4280/spec-4280-55503-0757.fits
4280/spec-4280-55503-0758.fits
4280/spec-4280-55503-0759.fits
4280/spec-4280-55503-0760.fits
4280/spec-4280-55503-0761.fits
4280/spec-4280-55503-0762.fits
4280/spec-4280-55503-0763.fits
4280/spec-4280-55503-0764.fits
4280/spec-4280-55503-0765.fits
4280/spec-4280-55503-0766.fits
4280/spec-4280-55503-0767.fits
4280/spec-4280-55503-0768.fits
4280/spec-4280-55503-0769.fits
4280/spec-4280-55503-0770.fits
4280/spec-4280-55503-0771.fits
4280/spec-4280-55503-0772.fits
4280/spec-4280-55503-0773.fits
4280/spec-4280-55503-0774.fits
4280/spec-4280-55503-0775.fits
4280/spec-4280-55503-0776.fits
4280/spec-4280-55503-0777.fits
4280/spec-4280-55503-0778.fits
4280/spec-4280-55503-0779.fits
4280/spec-4280-55503-0780.fits
4280/spec-4280-55503-0781.fits
4280/spec-4280-55503-0782.fits
4280/spec-4280-55503-0783.fits
4280/spec-4280-55503-0784.fits
4280/spec-4280-55503-0785.fits
4280/spec-4280-55503-0786.fits
4280/spec-4280-55503-0787.fits
4280/spec-4280-55503-0788.fits
4280/spec-4280-55503-0789.fits
4280/spec-4280-55503-0790.fits
4280/spec-4280-55503-0791.fits
4280/spec-4280-55503-0792.fits
4280/spec-4280-55503-0793.fits
4280/spec-4280-55503-0794.fits
4280/spec-4280-55503-0795.fits
4280/spec-4280-55503-0796.fits
4280/spec-4280-55503-0797.fits
4280/spec-4280-55503-0798.fits
4280/spec-4280-55503-0799.fits
4280/spec-4280-55503-0800.fits
4280/spec-4280-55503-0801.fits
4280/spec-4280-55503-0802.fits
4280/spec-4280-55503-0803.fits
4280/spec-4280-55503-0804.fits
4280/spec-4280-55503-0805.fits
4280/spec-4280-55503-0806.fits
4280/spec-4280-55503-0807.fits
4280/spec-4280-55503-0808.fits
4280/spec-4280-55503-0809.fits
4280/spec-4280-55503-0810.fits
4280/spec-4280-55503-0811.fits
4280/spec-4280-55503-0812.fits
4280/spec-4280-55503-0813.fits
4280/spec-4280-55503-0814.fits
4280/spec-4280-55503-0815.fits
4280/spec-4280-55503-0816.fits
4280/spec-4280-55503-0817.fits
4280/spec-4280-55503-0818.fits
4280/spec-4280-55503-0819.fits
4280/spec-4280-55503-0820.fits
4280/spec-4280-55503-0821.fits
4280/spec-4280-55503-0822.fits
4280/spec-4280-55503-0823.fits
4280/spec-4280-55503-0824.fits
4280/spec-4280-55503-0825.fits
4280/spec-4280-55503-0826.fits
4280/spec-4280-55503-0827.fits
4280/spec-4280-55503-0828.fits
4280/spec-4280-55503-0829.fits
4280/spec-4280-55503-0830.fits
4280/spec-4280-55503-0831.fits
4280/spec-4280-55503-0832.fits
4280/spec-4280-55503-0833.fits
4280/spec-4280-55503-0834.fits
4280/spec-4280-55503-0835.fits
4280/spec-4280-55503-0836.fits
4280/spec-4280-55503-0837.fits
4280/spec-4280-55503-0838.fits
4280/spec-4280-55503-0839.fits
4280/spec-4280-55503-0840.fits
4280/spec-4280-55503-0841.fits
4280/spec-4280-55503-0842.fits
4280/spec-4280-55503-0843.fits
4280/spec-4280-55503-0844.fits
4280/spec-4280-55503-0845.fits
4280/spec-4280-55503-0846.fits
4280/spec-4280-55503-0847.fits
4280/spec-4280-55503-0848.fits
4280/spec-4280-55503-0849.fits
4280/spec-4280-55503-0850.fits
4280/spec-4280-55503-0851.fits
4280/spec-4280-55503-0852.fits
4280/spec-4280-55503-0853.fits
4280/spec-4280-55503-0854.fits
4280/spec-4280-55503-0855.fits
4280/spec-4280-55503-0856.fits
4280/spec-4280-55503-0857.fits
4280/spec-4280-55503-0858.fits
4280/spec-4280-55503-0859.fits
4280/spec-4280-55503-0860.fits
4280/spec-4280-55503-0861.fits
4280/spec-4280-55503-0862.fits
4280/spec-4280-55503-0863.fits
4280/spec-4280-55503-0864.fits
4280/spec-4280-55503-0865.fits
4280/spec-4280-55503-0866.fits
4280/spec-4280-55503-0867.fits
4280/spec-4280-55503-0868.fits
4280/spec-4280-55503-0869.fits
4280/spec-4280-55503-0870.fits
4280/spec-4280-55503-0871.fits
4280/spec-4280-55503-0872.fits
4280/spec-4280-55503-0873.fits
4280/spec-4280-55503-0874.fits
4280/spec-4280-55503-0875.fits
4280/spec-4280-55503-0876.fits
4280/spec-4280-55503-0877.fits
4280/spec-4280-55503-0878.fits
4280/spec-4280-55503-0879.fits
4280/spec-4280-55503-0880.fits
4280/spec-4280-55503-0881.fits
4280/spec-4280-55503-0882.fits
4280/spec-4280-55503-0883.fits
4280/spec-4280-55503-0884.fits
4280/spec-4280-55503-0885.fits
4280/spec-4280-55503-0886.fits
4280/spec-4280-55503-0887.fits
4280/spec-4280-55503-0888.fits
4280/spec-4280-55503-0889.fits
4280/spec-4280-55503-0890.fits
4280/spec-4280-55503-0891.fits
4280/spec-4280-55503-0892.fits
4280/spec-4280-55503-0893.fits
4280/spec-4280-55503-0894.fits
4280/spec-4280-55503-0895.fits
4280/spec-4280-55503-0896.fits
4280/spec-4280-55503-0897.fits
4280/spec-4280-55503-0898.fits
4280/spec-4280-55503-0899.fits
4280/spec-4280-55503-0900.fits
4280/spec-4280-55503-0901.fits
4280/spec-4280-55503-0902.fits
4280/spec-4280-55503-0903.fits
4280/spec-4280-55503-0904.fits
4280/spec-4280-55503-0905.fits
4280/spec-4280-55503-0906.fits
4280/spec-4280-55503-0907.fits
4280/spec-4280-55503-0908.fits
4280/spec-4280-55503-0909.fits
4280/spec-4280-55503-0910.fits
4280/spec-4280-55503-0911.fits
4280/spec-4280-55503-0912.fits
4280/spec-4280-55503-0913.fits
4280/spec-4280-55503-0914.fits
4280/spec-4280-55503-0915.fits
4280/spec-4280-55503-0916.fits
4280/spec-4280-55503-0917.fits
4280/spec-4280-55503-0918.fits
4280/spec-4280-55503-0919.fits
4280/spec-4280-55503-0920.fits
4280/spec-4280-55503-0921.fits
4280/spec-4280-55503-0922.fits
4280/spec-4280-55503-0923.fits
4280/spec-4280-55503-0924.fits
4280/spec-4280-55503-0925.fits
4280/spec-4280-55503-0926.fits
4280/spec-4280-55503-0927.fits
4280/spec-4280-55503-0928.fits
4280/spec-4280-55503-0929.fits
4280/spec-4280-55503-0930.fits
4280/spec-4280-55503-0931.fits
4280/spec-4280-55503-0932.fits
4280/spec-4280-55503-0933.fits
4280/spec-4280-55503-0934.fits
4280/spec-4280-55503-0935.fits
4280/spec-4280-55503-0936.fits
4280/spec-4280-55503-0937.fits
4280/spec-4280-55503-0938.fits
4280/spec-4280-55503-0939.fits
4280/spec-4280-55503-0940.fits
4280/spec-4280-55503-0941.fits
4280/spec-4280-55503-0942.fits
4280/spec-4280-55503-0943.fits
4280/spec-4280-55503-0944.fits
4280/spec-4280-55503-0945.fits
4280/spec-4280-55503-0946.fits
4280/spec-4280-55503-0947.fits
4280/spec-4280-55503-0948.fits
4280/spec-4280-55503-0949.fits
4280/spec-4280-55503-0950.fits
4280/spec-4280-55503-0951.fits
4280/spec-4280-55503-0952.fits
4280/spec-4280-55503-0953.fits
4280/spec-4280-55503-0954.fits
4280/spec-4280-55503-0955.fits
4280/spec-4280-55503-0956.fits
4280/spec-4280-55503-0957.fits
4280/spec-4280-55503-0958.fits
4280/spec-4280-55503-0959.fits
4280/spec-4280-55503-0960.fits
4280/spec-4280-55503-0961.fits
4280/spec-4280-55503-0962.fits
4280/spec-4280-55503-0963.fits
4280/spec-4280-55503-0964.fits
4280/spec-4280-55503-0965.fits
4280/spec-4280-55503-0966.fits
4280/spec-4280-55503-0967.fits
4280/spec-4280-55503-0968.fits
4280/spec-4280-55503-0969.fits
4280/spec-4280-55503-0970.fits
4280/spec-4280-55503-0971.fits
4280/spec-4280-55503-0972.fits
4280/spec-4280-55503-0973.fits
4280/spec-4280-55503-0974.fits
4280/spec-4280-55503-0975.fits
4280/spec-4280-55503-0976.fits
4280/spec-4280-55503-0977.fits
4280/spec-4280-55503-0978.fits
4280/spec-4280-55503-0979.fits
4280/spec-4280-55503-0980.fits
4280/spec-4280-55503-0981.fits
4280/spec-4280-55503-0982.fits
4280/spec-4280-55503-0983.fits
4280/spec-4280-55503-0984.fits
4280/spec-4280-55503-0985.fits
4280/spec-4280-55503-0986.fits
4280/spec-4280-55503-0987.fits
4280/spec-4280-55503-0988.fits
4280/spec-4280-55503-0989.fits
4280/spec-4280-55503-0990.fits
4280/spec-4280-55503-0991.fits
4280/spec-4280-55503-0992.fits
4280/spec-4280-55503-0993.fits
4280/spec-4280-55503-0994.fits
4280/spec-4280-55503-0995.fits
4280/spec-4280-55503-0996.fits
4280/spec-4280-55503-0997.fits
4280/spec-4280-55503-0998.fits
4280/spec-4280-55503-0999.fits
4280/spec-4280-55503-1000.fits
/var/lib/condor/execute/slot1/dir_15016
4280 4280.tgz R R361.tar.gz _condor_stderr _condor_stdout cB58_Lyman_break.fit condor_exec.exe hw4.R packages packages.tar.gz tmp var
[1] "Loaded package astro."
[1] 1000
4280 4280.csv 4280.tgz R R361.tar.gz _condor_stderr _condor_stdout cB58_Lyman_break.fit condor_exec.exe hw4.R packages packages.tar.gz tmp var
