4294
4294/
4294/spec-4294-55500-0001.fits
4294/spec-4294-55500-0002.fits
4294/spec-4294-55500-0003.fits
4294/spec-4294-55500-0004.fits
4294/spec-4294-55500-0005.fits
4294/spec-4294-55500-0006.fits
4294/spec-4294-55500-0007.fits
4294/spec-4294-55500-0008.fits
4294/spec-4294-55500-0009.fits
4294/spec-4294-55500-0010.fits
4294/spec-4294-55500-0011.fits
4294/spec-4294-55500-0012.fits
4294/spec-4294-55500-0013.fits
4294/spec-4294-55500-0014.fits
4294/spec-4294-55500-0015.fits
4294/spec-4294-55500-0016.fits
4294/spec-4294-55500-0017.fits
4294/spec-4294-55500-0018.fits
4294/spec-4294-55500-0019.fits
4294/spec-4294-55500-0020.fits
4294/spec-4294-55500-0021.fits
4294/spec-4294-55500-0022.fits
4294/spec-4294-55500-0023.fits
4294/spec-4294-55500-0024.fits
4294/spec-4294-55500-0025.fits
4294/spec-4294-55500-0026.fits
4294/spec-4294-55500-0027.fits
4294/spec-4294-55500-0028.fits
4294/spec-4294-55500-0029.fits
4294/spec-4294-55500-0030.fits
4294/spec-4294-55500-0031.fits
4294/spec-4294-55500-0032.fits
4294/spec-4294-55500-0033.fits
4294/spec-4294-55500-0034.fits
4294/spec-4294-55500-0035.fits
4294/spec-4294-55500-0036.fits
4294/spec-4294-55500-0037.fits
4294/spec-4294-55500-0038.fits
4294/spec-4294-55500-0039.fits
4294/spec-4294-55500-0040.fits
4294/spec-4294-55500-0041.fits
4294/spec-4294-55500-0042.fits
4294/spec-4294-55500-0043.fits
4294/spec-4294-55500-0044.fits
4294/spec-4294-55500-0045.fits
4294/spec-4294-55500-0046.fits
4294/spec-4294-55500-0047.fits
4294/spec-4294-55500-0048.fits
4294/spec-4294-55500-0049.fits
4294/spec-4294-55500-0050.fits
4294/spec-4294-55500-0051.fits
4294/spec-4294-55500-0052.fits
4294/spec-4294-55500-0053.fits
4294/spec-4294-55500-0054.fits
4294/spec-4294-55500-0055.fits
4294/spec-4294-55500-0056.fits
4294/spec-4294-55500-0057.fits
4294/spec-4294-55500-0058.fits
4294/spec-4294-55500-0059.fits
4294/spec-4294-55500-0060.fits
4294/spec-4294-55500-0061.fits
4294/spec-4294-55500-0062.fits
4294/spec-4294-55500-0063.fits
4294/spec-4294-55500-0064.fits
4294/spec-4294-55500-0065.fits
4294/spec-4294-55500-0066.fits
4294/spec-4294-55500-0067.fits
4294/spec-4294-55500-0068.fits
4294/spec-4294-55500-0069.fits
4294/spec-4294-55500-0070.fits
4294/spec-4294-55500-0071.fits
4294/spec-4294-55500-0072.fits
4294/spec-4294-55500-0073.fits
4294/spec-4294-55500-0074.fits
4294/spec-4294-55500-0075.fits
4294/spec-4294-55500-0076.fits
4294/spec-4294-55500-0077.fits
4294/spec-4294-55500-0078.fits
4294/spec-4294-55500-0079.fits
4294/spec-4294-55500-0080.fits
4294/spec-4294-55500-0081.fits
4294/spec-4294-55500-0082.fits
4294/spec-4294-55500-0083.fits
4294/spec-4294-55500-0084.fits
4294/spec-4294-55500-0085.fits
4294/spec-4294-55500-0086.fits
4294/spec-4294-55500-0087.fits
4294/spec-4294-55500-0088.fits
4294/spec-4294-55500-0089.fits
4294/spec-4294-55500-0090.fits
4294/spec-4294-55500-0091.fits
4294/spec-4294-55500-0092.fits
4294/spec-4294-55500-0093.fits
4294/spec-4294-55500-0094.fits
4294/spec-4294-55500-0095.fits
4294/spec-4294-55500-0096.fits
4294/spec-4294-55500-0097.fits
4294/spec-4294-55500-0098.fits
4294/spec-4294-55500-0099.fits
4294/spec-4294-55500-0100.fits
4294/spec-4294-55500-0101.fits
4294/spec-4294-55500-0102.fits
4294/spec-4294-55500-0103.fits
4294/spec-4294-55500-0104.fits
4294/spec-4294-55500-0105.fits
4294/spec-4294-55500-0106.fits
4294/spec-4294-55500-0107.fits
4294/spec-4294-55500-0108.fits
4294/spec-4294-55500-0109.fits
4294/spec-4294-55500-0110.fits
4294/spec-4294-55500-0111.fits
4294/spec-4294-55500-0112.fits
4294/spec-4294-55500-0113.fits
4294/spec-4294-55500-0114.fits
4294/spec-4294-55500-0115.fits
4294/spec-4294-55500-0116.fits
4294/spec-4294-55500-0117.fits
4294/spec-4294-55500-0118.fits
4294/spec-4294-55500-0119.fits
4294/spec-4294-55500-0120.fits
4294/spec-4294-55500-0121.fits
4294/spec-4294-55500-0122.fits
4294/spec-4294-55500-0123.fits
4294/spec-4294-55500-0124.fits
4294/spec-4294-55500-0125.fits
4294/spec-4294-55500-0126.fits
4294/spec-4294-55500-0127.fits
4294/spec-4294-55500-0128.fits
4294/spec-4294-55500-0129.fits
4294/spec-4294-55500-0130.fits
4294/spec-4294-55500-0131.fits
4294/spec-4294-55500-0132.fits
4294/spec-4294-55500-0133.fits
4294/spec-4294-55500-0134.fits
4294/spec-4294-55500-0135.fits
4294/spec-4294-55500-0136.fits
4294/spec-4294-55500-0137.fits
4294/spec-4294-55500-0138.fits
4294/spec-4294-55500-0139.fits
4294/spec-4294-55500-0140.fits
4294/spec-4294-55500-0141.fits
4294/spec-4294-55500-0142.fits
4294/spec-4294-55500-0143.fits
4294/spec-4294-55500-0144.fits
4294/spec-4294-55500-0145.fits
4294/spec-4294-55500-0146.fits
4294/spec-4294-55500-0147.fits
4294/spec-4294-55500-0148.fits
4294/spec-4294-55500-0149.fits
4294/spec-4294-55500-0150.fits
4294/spec-4294-55500-0151.fits
4294/spec-4294-55500-0152.fits
4294/spec-4294-55500-0153.fits
4294/spec-4294-55500-0154.fits
4294/spec-4294-55500-0155.fits
4294/spec-4294-55500-0156.fits
4294/spec-4294-55500-0157.fits
4294/spec-4294-55500-0158.fits
4294/spec-4294-55500-0159.fits
4294/spec-4294-55500-0160.fits
4294/spec-4294-55500-0161.fits
4294/spec-4294-55500-0162.fits
4294/spec-4294-55500-0163.fits
4294/spec-4294-55500-0164.fits
4294/spec-4294-55500-0165.fits
4294/spec-4294-55500-0166.fits
4294/spec-4294-55500-0167.fits
4294/spec-4294-55500-0168.fits
4294/spec-4294-55500-0169.fits
4294/spec-4294-55500-0170.fits
4294/spec-4294-55500-0171.fits
4294/spec-4294-55500-0172.fits
4294/spec-4294-55500-0173.fits
4294/spec-4294-55500-0174.fits
4294/spec-4294-55500-0175.fits
4294/spec-4294-55500-0176.fits
4294/spec-4294-55500-0177.fits
4294/spec-4294-55500-0178.fits
4294/spec-4294-55500-0179.fits
4294/spec-4294-55500-0180.fits
4294/spec-4294-55500-0181.fits
4294/spec-4294-55500-0182.fits
4294/spec-4294-55500-0183.fits
4294/spec-4294-55500-0184.fits
4294/spec-4294-55500-0185.fits
4294/spec-4294-55500-0186.fits
4294/spec-4294-55500-0187.fits
4294/spec-4294-55500-0188.fits
4294/spec-4294-55500-0189.fits
4294/spec-4294-55500-0190.fits
4294/spec-4294-55500-0191.fits
4294/spec-4294-55500-0192.fits
4294/spec-4294-55500-0193.fits
4294/spec-4294-55500-0194.fits
4294/spec-4294-55500-0195.fits
4294/spec-4294-55500-0196.fits
4294/spec-4294-55500-0197.fits
4294/spec-4294-55500-0198.fits
4294/spec-4294-55500-0199.fits
4294/spec-4294-55500-0200.fits
4294/spec-4294-55500-0201.fits
4294/spec-4294-55500-0202.fits
4294/spec-4294-55500-0203.fits
4294/spec-4294-55500-0204.fits
4294/spec-4294-55500-0205.fits
4294/spec-4294-55500-0206.fits
4294/spec-4294-55500-0207.fits
4294/spec-4294-55500-0208.fits
4294/spec-4294-55500-0209.fits
4294/spec-4294-55500-0210.fits
4294/spec-4294-55500-0211.fits
4294/spec-4294-55500-0212.fits
4294/spec-4294-55500-0213.fits
4294/spec-4294-55500-0214.fits
4294/spec-4294-55500-0215.fits
4294/spec-4294-55500-0216.fits
4294/spec-4294-55500-0217.fits
4294/spec-4294-55500-0218.fits
4294/spec-4294-55500-0219.fits
4294/spec-4294-55500-0220.fits
4294/spec-4294-55500-0221.fits
4294/spec-4294-55500-0222.fits
4294/spec-4294-55500-0223.fits
4294/spec-4294-55500-0224.fits
4294/spec-4294-55500-0225.fits
4294/spec-4294-55500-0226.fits
4294/spec-4294-55500-0227.fits
4294/spec-4294-55500-0228.fits
4294/spec-4294-55500-0229.fits
4294/spec-4294-55500-0230.fits
4294/spec-4294-55500-0231.fits
4294/spec-4294-55500-0232.fits
4294/spec-4294-55500-0233.fits
4294/spec-4294-55500-0234.fits
4294/spec-4294-55500-0235.fits
4294/spec-4294-55500-0236.fits
4294/spec-4294-55500-0237.fits
4294/spec-4294-55500-0238.fits
4294/spec-4294-55500-0239.fits
4294/spec-4294-55500-0240.fits
4294/spec-4294-55500-0241.fits
4294/spec-4294-55500-0242.fits
4294/spec-4294-55500-0243.fits
4294/spec-4294-55500-0244.fits
4294/spec-4294-55500-0245.fits
4294/spec-4294-55500-0246.fits
4294/spec-4294-55500-0247.fits
4294/spec-4294-55500-0248.fits
4294/spec-4294-55500-0249.fits
4294/spec-4294-55500-0250.fits
4294/spec-4294-55500-0251.fits
4294/spec-4294-55500-0252.fits
4294/spec-4294-55500-0253.fits
4294/spec-4294-55500-0254.fits
4294/spec-4294-55500-0255.fits
4294/spec-4294-55500-0256.fits
4294/spec-4294-55500-0257.fits
4294/spec-4294-55500-0258.fits
4294/spec-4294-55500-0259.fits
4294/spec-4294-55500-0260.fits
4294/spec-4294-55500-0261.fits
4294/spec-4294-55500-0262.fits
4294/spec-4294-55500-0263.fits
4294/spec-4294-55500-0264.fits
4294/spec-4294-55500-0265.fits
4294/spec-4294-55500-0266.fits
4294/spec-4294-55500-0267.fits
4294/spec-4294-55500-0268.fits
4294/spec-4294-55500-0269.fits
4294/spec-4294-55500-0270.fits
4294/spec-4294-55500-0271.fits
4294/spec-4294-55500-0272.fits
4294/spec-4294-55500-0273.fits
4294/spec-4294-55500-0274.fits
4294/spec-4294-55500-0275.fits
4294/spec-4294-55500-0276.fits
4294/spec-4294-55500-0277.fits
4294/spec-4294-55500-0278.fits
4294/spec-4294-55500-0279.fits
4294/spec-4294-55500-0280.fits
4294/spec-4294-55500-0281.fits
4294/spec-4294-55500-0282.fits
4294/spec-4294-55500-0283.fits
4294/spec-4294-55500-0284.fits
4294/spec-4294-55500-0285.fits
4294/spec-4294-55500-0286.fits
4294/spec-4294-55500-0287.fits
4294/spec-4294-55500-0288.fits
4294/spec-4294-55500-0289.fits
4294/spec-4294-55500-0290.fits
4294/spec-4294-55500-0291.fits
4294/spec-4294-55500-0292.fits
4294/spec-4294-55500-0293.fits
4294/spec-4294-55500-0294.fits
4294/spec-4294-55500-0295.fits
4294/spec-4294-55500-0296.fits
4294/spec-4294-55500-0297.fits
4294/spec-4294-55500-0298.fits
4294/spec-4294-55500-0299.fits
4294/spec-4294-55500-0300.fits
4294/spec-4294-55500-0301.fits
4294/spec-4294-55500-0302.fits
4294/spec-4294-55500-0303.fits
4294/spec-4294-55500-0304.fits
4294/spec-4294-55500-0305.fits
4294/spec-4294-55500-0306.fits
4294/spec-4294-55500-0307.fits
4294/spec-4294-55500-0308.fits
4294/spec-4294-55500-0309.fits
4294/spec-4294-55500-0310.fits
4294/spec-4294-55500-0311.fits
4294/spec-4294-55500-0312.fits
4294/spec-4294-55500-0313.fits
4294/spec-4294-55500-0314.fits
4294/spec-4294-55500-0315.fits
4294/spec-4294-55500-0316.fits
4294/spec-4294-55500-0317.fits
4294/spec-4294-55500-0318.fits
4294/spec-4294-55500-0319.fits
4294/spec-4294-55500-0320.fits
4294/spec-4294-55500-0321.fits
4294/spec-4294-55500-0322.fits
4294/spec-4294-55500-0323.fits
4294/spec-4294-55500-0324.fits
4294/spec-4294-55500-0325.fits
4294/spec-4294-55500-0326.fits
4294/spec-4294-55500-0327.fits
4294/spec-4294-55500-0328.fits
4294/spec-4294-55500-0329.fits
4294/spec-4294-55500-0330.fits
4294/spec-4294-55500-0331.fits
4294/spec-4294-55500-0332.fits
4294/spec-4294-55500-0333.fits
4294/spec-4294-55500-0334.fits
4294/spec-4294-55500-0335.fits
4294/spec-4294-55500-0336.fits
4294/spec-4294-55500-0337.fits
4294/spec-4294-55500-0338.fits
4294/spec-4294-55500-0339.fits
4294/spec-4294-55500-0340.fits
4294/spec-4294-55500-0341.fits
4294/spec-4294-55500-0342.fits
4294/spec-4294-55500-0343.fits
4294/spec-4294-55500-0344.fits
4294/spec-4294-55500-0345.fits
4294/spec-4294-55500-0346.fits
4294/spec-4294-55500-0347.fits
4294/spec-4294-55500-0348.fits
4294/spec-4294-55500-0349.fits
4294/spec-4294-55500-0350.fits
4294/spec-4294-55500-0351.fits
4294/spec-4294-55500-0352.fits
4294/spec-4294-55500-0353.fits
4294/spec-4294-55500-0354.fits
4294/spec-4294-55500-0355.fits
4294/spec-4294-55500-0356.fits
4294/spec-4294-55500-0357.fits
4294/spec-4294-55500-0358.fits
4294/spec-4294-55500-0359.fits
4294/spec-4294-55500-0360.fits
4294/spec-4294-55500-0361.fits
4294/spec-4294-55500-0362.fits
4294/spec-4294-55500-0363.fits
4294/spec-4294-55500-0364.fits
4294/spec-4294-55500-0365.fits
4294/spec-4294-55500-0366.fits
4294/spec-4294-55500-0367.fits
4294/spec-4294-55500-0368.fits
4294/spec-4294-55500-0369.fits
4294/spec-4294-55500-0370.fits
4294/spec-4294-55500-0371.fits
4294/spec-4294-55500-0372.fits
4294/spec-4294-55500-0373.fits
4294/spec-4294-55500-0374.fits
4294/spec-4294-55500-0375.fits
4294/spec-4294-55500-0376.fits
4294/spec-4294-55500-0377.fits
4294/spec-4294-55500-0378.fits
4294/spec-4294-55500-0379.fits
4294/spec-4294-55500-0380.fits
4294/spec-4294-55500-0381.fits
4294/spec-4294-55500-0382.fits
4294/spec-4294-55500-0383.fits
4294/spec-4294-55500-0384.fits
4294/spec-4294-55500-0385.fits
4294/spec-4294-55500-0386.fits
4294/spec-4294-55500-0387.fits
4294/spec-4294-55500-0388.fits
4294/spec-4294-55500-0389.fits
4294/spec-4294-55500-0390.fits
4294/spec-4294-55500-0391.fits
4294/spec-4294-55500-0392.fits
4294/spec-4294-55500-0393.fits
4294/spec-4294-55500-0394.fits
4294/spec-4294-55500-0395.fits
4294/spec-4294-55500-0396.fits
4294/spec-4294-55500-0397.fits
4294/spec-4294-55500-0398.fits
4294/spec-4294-55500-0399.fits
4294/spec-4294-55500-0400.fits
4294/spec-4294-55500-0401.fits
4294/spec-4294-55500-0402.fits
4294/spec-4294-55500-0403.fits
4294/spec-4294-55500-0404.fits
4294/spec-4294-55500-0405.fits
4294/spec-4294-55500-0406.fits
4294/spec-4294-55500-0407.fits
4294/spec-4294-55500-0408.fits
4294/spec-4294-55500-0409.fits
4294/spec-4294-55500-0410.fits
4294/spec-4294-55500-0411.fits
4294/spec-4294-55500-0412.fits
4294/spec-4294-55500-0413.fits
4294/spec-4294-55500-0414.fits
4294/spec-4294-55500-0415.fits
4294/spec-4294-55500-0416.fits
4294/spec-4294-55500-0417.fits
4294/spec-4294-55500-0418.fits
4294/spec-4294-55500-0419.fits
4294/spec-4294-55500-0420.fits
4294/spec-4294-55500-0421.fits
4294/spec-4294-55500-0422.fits
4294/spec-4294-55500-0423.fits
4294/spec-4294-55500-0424.fits
4294/spec-4294-55500-0425.fits
4294/spec-4294-55500-0426.fits
4294/spec-4294-55500-0427.fits
4294/spec-4294-55500-0428.fits
4294/spec-4294-55500-0429.fits
4294/spec-4294-55500-0430.fits
4294/spec-4294-55500-0431.fits
4294/spec-4294-55500-0432.fits
4294/spec-4294-55500-0433.fits
4294/spec-4294-55500-0434.fits
4294/spec-4294-55500-0435.fits
4294/spec-4294-55500-0436.fits
4294/spec-4294-55500-0437.fits
4294/spec-4294-55500-0438.fits
4294/spec-4294-55500-0439.fits
4294/spec-4294-55500-0440.fits
4294/spec-4294-55500-0441.fits
4294/spec-4294-55500-0442.fits
4294/spec-4294-55500-0443.fits
4294/spec-4294-55500-0444.fits
4294/spec-4294-55500-0445.fits
4294/spec-4294-55500-0446.fits
4294/spec-4294-55500-0447.fits
4294/spec-4294-55500-0448.fits
4294/spec-4294-55500-0449.fits
4294/spec-4294-55500-0450.fits
4294/spec-4294-55500-0451.fits
4294/spec-4294-55500-0452.fits
4294/spec-4294-55500-0453.fits
4294/spec-4294-55500-0454.fits
4294/spec-4294-55500-0455.fits
4294/spec-4294-55500-0456.fits
4294/spec-4294-55500-0457.fits
4294/spec-4294-55500-0458.fits
4294/spec-4294-55500-0459.fits
4294/spec-4294-55500-0460.fits
4294/spec-4294-55500-0461.fits
4294/spec-4294-55500-0462.fits
4294/spec-4294-55500-0463.fits
4294/spec-4294-55500-0464.fits
4294/spec-4294-55500-0465.fits
4294/spec-4294-55500-0466.fits
4294/spec-4294-55500-0467.fits
4294/spec-4294-55500-0468.fits
4294/spec-4294-55500-0469.fits
4294/spec-4294-55500-0470.fits
4294/spec-4294-55500-0471.fits
4294/spec-4294-55500-0472.fits
4294/spec-4294-55500-0473.fits
4294/spec-4294-55500-0474.fits
4294/spec-4294-55500-0475.fits
4294/spec-4294-55500-0476.fits
4294/spec-4294-55500-0477.fits
4294/spec-4294-55500-0478.fits
4294/spec-4294-55500-0479.fits
4294/spec-4294-55500-0480.fits
4294/spec-4294-55500-0481.fits
4294/spec-4294-55500-0482.fits
4294/spec-4294-55500-0483.fits
4294/spec-4294-55500-0484.fits
4294/spec-4294-55500-0485.fits
4294/spec-4294-55500-0486.fits
4294/spec-4294-55500-0487.fits
4294/spec-4294-55500-0488.fits
4294/spec-4294-55500-0489.fits
4294/spec-4294-55500-0490.fits
4294/spec-4294-55500-0491.fits
4294/spec-4294-55500-0492.fits
4294/spec-4294-55500-0493.fits
4294/spec-4294-55500-0494.fits
4294/spec-4294-55500-0495.fits
4294/spec-4294-55500-0496.fits
4294/spec-4294-55500-0497.fits
4294/spec-4294-55500-0498.fits
4294/spec-4294-55500-0499.fits
4294/spec-4294-55500-0500.fits
4294/spec-4294-55500-0501.fits
4294/spec-4294-55500-0502.fits
4294/spec-4294-55500-0503.fits
4294/spec-4294-55500-0504.fits
4294/spec-4294-55500-0505.fits
4294/spec-4294-55500-0506.fits
4294/spec-4294-55500-0507.fits
4294/spec-4294-55500-0508.fits
4294/spec-4294-55500-0509.fits
4294/spec-4294-55500-0510.fits
4294/spec-4294-55500-0511.fits
4294/spec-4294-55500-0512.fits
4294/spec-4294-55500-0513.fits
4294/spec-4294-55500-0514.fits
4294/spec-4294-55500-0515.fits
4294/spec-4294-55500-0516.fits
4294/spec-4294-55500-0517.fits
4294/spec-4294-55500-0518.fits
4294/spec-4294-55500-0519.fits
4294/spec-4294-55500-0520.fits
4294/spec-4294-55500-0521.fits
4294/spec-4294-55500-0522.fits
4294/spec-4294-55500-0523.fits
4294/spec-4294-55500-0524.fits
4294/spec-4294-55500-0525.fits
4294/spec-4294-55500-0526.fits
4294/spec-4294-55500-0527.fits
4294/spec-4294-55500-0528.fits
4294/spec-4294-55500-0529.fits
4294/spec-4294-55500-0530.fits
4294/spec-4294-55500-0531.fits
4294/spec-4294-55500-0532.fits
4294/spec-4294-55500-0533.fits
4294/spec-4294-55500-0534.fits
4294/spec-4294-55500-0535.fits
4294/spec-4294-55500-0536.fits
4294/spec-4294-55500-0537.fits
4294/spec-4294-55500-0538.fits
4294/spec-4294-55500-0539.fits
4294/spec-4294-55500-0540.fits
4294/spec-4294-55500-0541.fits
4294/spec-4294-55500-0542.fits
4294/spec-4294-55500-0543.fits
4294/spec-4294-55500-0544.fits
4294/spec-4294-55500-0545.fits
4294/spec-4294-55500-0546.fits
4294/spec-4294-55500-0547.fits
4294/spec-4294-55500-0548.fits
4294/spec-4294-55500-0549.fits
4294/spec-4294-55500-0550.fits
4294/spec-4294-55500-0551.fits
4294/spec-4294-55500-0552.fits
4294/spec-4294-55500-0553.fits
4294/spec-4294-55500-0554.fits
4294/spec-4294-55500-0555.fits
4294/spec-4294-55500-0556.fits
4294/spec-4294-55500-0557.fits
4294/spec-4294-55500-0558.fits
4294/spec-4294-55500-0559.fits
4294/spec-4294-55500-0560.fits
4294/spec-4294-55500-0561.fits
4294/spec-4294-55500-0562.fits
4294/spec-4294-55500-0563.fits
4294/spec-4294-55500-0564.fits
4294/spec-4294-55500-0565.fits
4294/spec-4294-55500-0566.fits
4294/spec-4294-55500-0567.fits
4294/spec-4294-55500-0568.fits
4294/spec-4294-55500-0569.fits
4294/spec-4294-55500-0570.fits
4294/spec-4294-55500-0571.fits
4294/spec-4294-55500-0572.fits
4294/spec-4294-55500-0573.fits
4294/spec-4294-55500-0574.fits
4294/spec-4294-55500-0575.fits
4294/spec-4294-55500-0576.fits
4294/spec-4294-55500-0577.fits
4294/spec-4294-55500-0578.fits
4294/spec-4294-55500-0579.fits
4294/spec-4294-55500-0580.fits
4294/spec-4294-55500-0581.fits
4294/spec-4294-55500-0582.fits
4294/spec-4294-55500-0583.fits
4294/spec-4294-55500-0584.fits
4294/spec-4294-55500-0585.fits
4294/spec-4294-55500-0586.fits
4294/spec-4294-55500-0587.fits
4294/spec-4294-55500-0588.fits
4294/spec-4294-55500-0589.fits
4294/spec-4294-55500-0590.fits
4294/spec-4294-55500-0591.fits
4294/spec-4294-55500-0592.fits
4294/spec-4294-55500-0593.fits
4294/spec-4294-55500-0594.fits
4294/spec-4294-55500-0595.fits
4294/spec-4294-55500-0596.fits
4294/spec-4294-55500-0597.fits
4294/spec-4294-55500-0598.fits
4294/spec-4294-55500-0599.fits
4294/spec-4294-55500-0600.fits
4294/spec-4294-55500-0601.fits
4294/spec-4294-55500-0602.fits
4294/spec-4294-55500-0603.fits
4294/spec-4294-55500-0604.fits
4294/spec-4294-55500-0605.fits
4294/spec-4294-55500-0606.fits
4294/spec-4294-55500-0607.fits
4294/spec-4294-55500-0608.fits
4294/spec-4294-55500-0609.fits
4294/spec-4294-55500-0610.fits
4294/spec-4294-55500-0611.fits
4294/spec-4294-55500-0612.fits
4294/spec-4294-55500-0613.fits
4294/spec-4294-55500-0614.fits
4294/spec-4294-55500-0615.fits
4294/spec-4294-55500-0616.fits
4294/spec-4294-55500-0617.fits
4294/spec-4294-55500-0618.fits
4294/spec-4294-55500-0619.fits
4294/spec-4294-55500-0620.fits
4294/spec-4294-55500-0621.fits
4294/spec-4294-55500-0622.fits
4294/spec-4294-55500-0623.fits
4294/spec-4294-55500-0624.fits
4294/spec-4294-55500-0625.fits
4294/spec-4294-55500-0626.fits
4294/spec-4294-55500-0627.fits
4294/spec-4294-55500-0628.fits
4294/spec-4294-55500-0629.fits
4294/spec-4294-55500-0630.fits
4294/spec-4294-55500-0631.fits
4294/spec-4294-55500-0632.fits
4294/spec-4294-55500-0633.fits
4294/spec-4294-55500-0634.fits
4294/spec-4294-55500-0635.fits
4294/spec-4294-55500-0636.fits
4294/spec-4294-55500-0637.fits
4294/spec-4294-55500-0638.fits
4294/spec-4294-55500-0639.fits
4294/spec-4294-55500-0640.fits
4294/spec-4294-55500-0641.fits
4294/spec-4294-55500-0642.fits
4294/spec-4294-55500-0643.fits
4294/spec-4294-55500-0644.fits
4294/spec-4294-55500-0645.fits
4294/spec-4294-55500-0646.fits
4294/spec-4294-55500-0647.fits
4294/spec-4294-55500-0648.fits
4294/spec-4294-55500-0649.fits
4294/spec-4294-55500-0650.fits
4294/spec-4294-55500-0651.fits
4294/spec-4294-55500-0652.fits
4294/spec-4294-55500-0653.fits
4294/spec-4294-55500-0654.fits
4294/spec-4294-55500-0655.fits
4294/spec-4294-55500-0656.fits
4294/spec-4294-55500-0657.fits
4294/spec-4294-55500-0658.fits
4294/spec-4294-55500-0659.fits
4294/spec-4294-55500-0660.fits
4294/spec-4294-55500-0661.fits
4294/spec-4294-55500-0662.fits
4294/spec-4294-55500-0663.fits
4294/spec-4294-55500-0664.fits
4294/spec-4294-55500-0665.fits
4294/spec-4294-55500-0666.fits
4294/spec-4294-55500-0667.fits
4294/spec-4294-55500-0668.fits
4294/spec-4294-55500-0669.fits
4294/spec-4294-55500-0670.fits
4294/spec-4294-55500-0671.fits
4294/spec-4294-55500-0672.fits
4294/spec-4294-55500-0673.fits
4294/spec-4294-55500-0674.fits
4294/spec-4294-55500-0675.fits
4294/spec-4294-55500-0676.fits
4294/spec-4294-55500-0677.fits
4294/spec-4294-55500-0678.fits
4294/spec-4294-55500-0679.fits
4294/spec-4294-55500-0680.fits
4294/spec-4294-55500-0681.fits
4294/spec-4294-55500-0682.fits
4294/spec-4294-55500-0683.fits
4294/spec-4294-55500-0684.fits
4294/spec-4294-55500-0685.fits
4294/spec-4294-55500-0686.fits
4294/spec-4294-55500-0687.fits
4294/spec-4294-55500-0688.fits
4294/spec-4294-55500-0689.fits
4294/spec-4294-55500-0690.fits
4294/spec-4294-55500-0691.fits
4294/spec-4294-55500-0692.fits
4294/spec-4294-55500-0693.fits
4294/spec-4294-55500-0694.fits
4294/spec-4294-55500-0695.fits
4294/spec-4294-55500-0696.fits
4294/spec-4294-55500-0697.fits
4294/spec-4294-55500-0698.fits
4294/spec-4294-55500-0699.fits
4294/spec-4294-55500-0700.fits
4294/spec-4294-55500-0701.fits
4294/spec-4294-55500-0702.fits
4294/spec-4294-55500-0703.fits
4294/spec-4294-55500-0704.fits
4294/spec-4294-55500-0705.fits
4294/spec-4294-55500-0706.fits
4294/spec-4294-55500-0707.fits
4294/spec-4294-55500-0708.fits
4294/spec-4294-55500-0709.fits
4294/spec-4294-55500-0710.fits
4294/spec-4294-55500-0711.fits
4294/spec-4294-55500-0712.fits
4294/spec-4294-55500-0713.fits
4294/spec-4294-55500-0714.fits
4294/spec-4294-55500-0715.fits
4294/spec-4294-55500-0716.fits
4294/spec-4294-55500-0717.fits
4294/spec-4294-55500-0718.fits
4294/spec-4294-55500-0719.fits
4294/spec-4294-55500-0720.fits
4294/spec-4294-55500-0721.fits
4294/spec-4294-55500-0722.fits
4294/spec-4294-55500-0723.fits
4294/spec-4294-55500-0724.fits
4294/spec-4294-55500-0725.fits
4294/spec-4294-55500-0726.fits
4294/spec-4294-55500-0727.fits
4294/spec-4294-55500-0728.fits
4294/spec-4294-55500-0729.fits
4294/spec-4294-55500-0730.fits
4294/spec-4294-55500-0731.fits
4294/spec-4294-55500-0732.fits
4294/spec-4294-55500-0733.fits
4294/spec-4294-55500-0734.fits
4294/spec-4294-55500-0735.fits
4294/spec-4294-55500-0736.fits
4294/spec-4294-55500-0737.fits
4294/spec-4294-55500-0738.fits
4294/spec-4294-55500-0739.fits
4294/spec-4294-55500-0740.fits
4294/spec-4294-55500-0741.fits
4294/spec-4294-55500-0742.fits
4294/spec-4294-55500-0743.fits
4294/spec-4294-55500-0744.fits
4294/spec-4294-55500-0745.fits
4294/spec-4294-55500-0746.fits
4294/spec-4294-55500-0747.fits
4294/spec-4294-55500-0748.fits
4294/spec-4294-55500-0749.fits
4294/spec-4294-55500-0750.fits
4294/spec-4294-55500-0751.fits
4294/spec-4294-55500-0752.fits
4294/spec-4294-55500-0753.fits
4294/spec-4294-55500-0754.fits
4294/spec-4294-55500-0755.fits
4294/spec-4294-55500-0756.fits
4294/spec-4294-55500-0757.fits
4294/spec-4294-55500-0758.fits
4294/spec-4294-55500-0759.fits
4294/spec-4294-55500-0760.fits
4294/spec-4294-55500-0761.fits
4294/spec-4294-55500-0762.fits
4294/spec-4294-55500-0763.fits
4294/spec-4294-55500-0764.fits
4294/spec-4294-55500-0765.fits
4294/spec-4294-55500-0766.fits
4294/spec-4294-55500-0767.fits
4294/spec-4294-55500-0768.fits
4294/spec-4294-55500-0769.fits
4294/spec-4294-55500-0770.fits
4294/spec-4294-55500-0771.fits
4294/spec-4294-55500-0772.fits
4294/spec-4294-55500-0773.fits
4294/spec-4294-55500-0774.fits
4294/spec-4294-55500-0775.fits
4294/spec-4294-55500-0776.fits
4294/spec-4294-55500-0777.fits
4294/spec-4294-55500-0778.fits
4294/spec-4294-55500-0779.fits
4294/spec-4294-55500-0780.fits
4294/spec-4294-55500-0781.fits
4294/spec-4294-55500-0782.fits
4294/spec-4294-55500-0783.fits
4294/spec-4294-55500-0784.fits
4294/spec-4294-55500-0785.fits
4294/spec-4294-55500-0786.fits
4294/spec-4294-55500-0787.fits
4294/spec-4294-55500-0788.fits
4294/spec-4294-55500-0789.fits
4294/spec-4294-55500-0790.fits
4294/spec-4294-55500-0791.fits
4294/spec-4294-55500-0792.fits
4294/spec-4294-55500-0793.fits
4294/spec-4294-55500-0794.fits
4294/spec-4294-55500-0795.fits
4294/spec-4294-55500-0796.fits
4294/spec-4294-55500-0797.fits
4294/spec-4294-55500-0798.fits
4294/spec-4294-55500-0799.fits
4294/spec-4294-55500-0800.fits
4294/spec-4294-55500-0801.fits
4294/spec-4294-55500-0802.fits
4294/spec-4294-55500-0803.fits
4294/spec-4294-55500-0804.fits
4294/spec-4294-55500-0805.fits
4294/spec-4294-55500-0806.fits
4294/spec-4294-55500-0807.fits
4294/spec-4294-55500-0808.fits
4294/spec-4294-55500-0809.fits
4294/spec-4294-55500-0810.fits
4294/spec-4294-55500-0811.fits
4294/spec-4294-55500-0812.fits
4294/spec-4294-55500-0813.fits
4294/spec-4294-55500-0814.fits
4294/spec-4294-55500-0815.fits
4294/spec-4294-55500-0816.fits
4294/spec-4294-55500-0817.fits
4294/spec-4294-55500-0818.fits
4294/spec-4294-55500-0819.fits
4294/spec-4294-55500-0820.fits
4294/spec-4294-55500-0821.fits
4294/spec-4294-55500-0822.fits
4294/spec-4294-55500-0823.fits
4294/spec-4294-55500-0824.fits
4294/spec-4294-55500-0825.fits
4294/spec-4294-55500-0826.fits
4294/spec-4294-55500-0827.fits
4294/spec-4294-55500-0828.fits
4294/spec-4294-55500-0829.fits
4294/spec-4294-55500-0830.fits
4294/spec-4294-55500-0831.fits
4294/spec-4294-55500-0832.fits
4294/spec-4294-55500-0833.fits
4294/spec-4294-55500-0834.fits
4294/spec-4294-55500-0835.fits
4294/spec-4294-55500-0836.fits
4294/spec-4294-55500-0837.fits
4294/spec-4294-55500-0838.fits
4294/spec-4294-55500-0839.fits
4294/spec-4294-55500-0840.fits
4294/spec-4294-55500-0841.fits
4294/spec-4294-55500-0842.fits
4294/spec-4294-55500-0843.fits
4294/spec-4294-55500-0844.fits
4294/spec-4294-55500-0845.fits
4294/spec-4294-55500-0846.fits
4294/spec-4294-55500-0847.fits
4294/spec-4294-55500-0848.fits
4294/spec-4294-55500-0849.fits
4294/spec-4294-55500-0850.fits
4294/spec-4294-55500-0851.fits
4294/spec-4294-55500-0852.fits
4294/spec-4294-55500-0853.fits
4294/spec-4294-55500-0854.fits
4294/spec-4294-55500-0855.fits
4294/spec-4294-55500-0856.fits
4294/spec-4294-55500-0857.fits
4294/spec-4294-55500-0858.fits
4294/spec-4294-55500-0859.fits
4294/spec-4294-55500-0860.fits
4294/spec-4294-55500-0861.fits
4294/spec-4294-55500-0862.fits
4294/spec-4294-55500-0863.fits
4294/spec-4294-55500-0864.fits
4294/spec-4294-55500-0865.fits
4294/spec-4294-55500-0866.fits
4294/spec-4294-55500-0867.fits
4294/spec-4294-55500-0868.fits
4294/spec-4294-55500-0869.fits
4294/spec-4294-55500-0870.fits
4294/spec-4294-55500-0871.fits
4294/spec-4294-55500-0872.fits
4294/spec-4294-55500-0873.fits
4294/spec-4294-55500-0874.fits
4294/spec-4294-55500-0875.fits
4294/spec-4294-55500-0876.fits
4294/spec-4294-55500-0877.fits
4294/spec-4294-55500-0878.fits
4294/spec-4294-55500-0879.fits
4294/spec-4294-55500-0880.fits
4294/spec-4294-55500-0881.fits
4294/spec-4294-55500-0882.fits
4294/spec-4294-55500-0883.fits
4294/spec-4294-55500-0884.fits
4294/spec-4294-55500-0885.fits
4294/spec-4294-55500-0886.fits
4294/spec-4294-55500-0887.fits
4294/spec-4294-55500-0888.fits
4294/spec-4294-55500-0889.fits
4294/spec-4294-55500-0890.fits
4294/spec-4294-55500-0891.fits
4294/spec-4294-55500-0892.fits
4294/spec-4294-55500-0893.fits
4294/spec-4294-55500-0894.fits
4294/spec-4294-55500-0895.fits
4294/spec-4294-55500-0896.fits
4294/spec-4294-55500-0897.fits
4294/spec-4294-55500-0898.fits
4294/spec-4294-55500-0899.fits
4294/spec-4294-55500-0900.fits
4294/spec-4294-55500-0901.fits
4294/spec-4294-55500-0902.fits
4294/spec-4294-55500-0903.fits
4294/spec-4294-55500-0904.fits
4294/spec-4294-55500-0905.fits
4294/spec-4294-55500-0906.fits
4294/spec-4294-55500-0907.fits
4294/spec-4294-55500-0908.fits
4294/spec-4294-55500-0909.fits
4294/spec-4294-55500-0910.fits
4294/spec-4294-55500-0911.fits
4294/spec-4294-55500-0912.fits
4294/spec-4294-55500-0913.fits
4294/spec-4294-55500-0914.fits
4294/spec-4294-55500-0915.fits
4294/spec-4294-55500-0916.fits
4294/spec-4294-55500-0917.fits
4294/spec-4294-55500-0918.fits
4294/spec-4294-55500-0919.fits
4294/spec-4294-55500-0920.fits
4294/spec-4294-55500-0921.fits
4294/spec-4294-55500-0922.fits
4294/spec-4294-55500-0923.fits
4294/spec-4294-55500-0924.fits
4294/spec-4294-55500-0925.fits
4294/spec-4294-55500-0926.fits
4294/spec-4294-55500-0927.fits
4294/spec-4294-55500-0928.fits
4294/spec-4294-55500-0929.fits
4294/spec-4294-55500-0930.fits
4294/spec-4294-55500-0931.fits
4294/spec-4294-55500-0932.fits
4294/spec-4294-55500-0933.fits
4294/spec-4294-55500-0934.fits
4294/spec-4294-55500-0935.fits
4294/spec-4294-55500-0936.fits
4294/spec-4294-55500-0937.fits
4294/spec-4294-55500-0938.fits
4294/spec-4294-55500-0939.fits
4294/spec-4294-55500-0940.fits
4294/spec-4294-55500-0941.fits
4294/spec-4294-55500-0942.fits
4294/spec-4294-55500-0943.fits
4294/spec-4294-55500-0944.fits
4294/spec-4294-55500-0945.fits
4294/spec-4294-55500-0946.fits
4294/spec-4294-55500-0947.fits
4294/spec-4294-55500-0948.fits
4294/spec-4294-55500-0949.fits
4294/spec-4294-55500-0950.fits
4294/spec-4294-55500-0951.fits
4294/spec-4294-55500-0952.fits
4294/spec-4294-55500-0953.fits
4294/spec-4294-55500-0954.fits
4294/spec-4294-55500-0955.fits
4294/spec-4294-55500-0956.fits
4294/spec-4294-55500-0957.fits
4294/spec-4294-55500-0958.fits
4294/spec-4294-55500-0959.fits
4294/spec-4294-55500-0960.fits
4294/spec-4294-55500-0961.fits
4294/spec-4294-55500-0962.fits
4294/spec-4294-55500-0963.fits
4294/spec-4294-55500-0964.fits
4294/spec-4294-55500-0965.fits
4294/spec-4294-55500-0966.fits
4294/spec-4294-55500-0967.fits
4294/spec-4294-55500-0968.fits
4294/spec-4294-55500-0969.fits
4294/spec-4294-55500-0970.fits
4294/spec-4294-55500-0971.fits
4294/spec-4294-55500-0972.fits
4294/spec-4294-55500-0973.fits
4294/spec-4294-55500-0974.fits
4294/spec-4294-55500-0975.fits
4294/spec-4294-55500-0976.fits
4294/spec-4294-55500-0977.fits
4294/spec-4294-55500-0978.fits
4294/spec-4294-55500-0979.fits
4294/spec-4294-55500-0980.fits
4294/spec-4294-55500-0981.fits
4294/spec-4294-55500-0982.fits
4294/spec-4294-55500-0983.fits
4294/spec-4294-55500-0984.fits
4294/spec-4294-55500-0985.fits
4294/spec-4294-55500-0986.fits
4294/spec-4294-55500-0987.fits
4294/spec-4294-55500-0988.fits
4294/spec-4294-55500-0989.fits
4294/spec-4294-55500-0990.fits
4294/spec-4294-55500-0991.fits
4294/spec-4294-55500-0992.fits
4294/spec-4294-55500-0993.fits
4294/spec-4294-55500-0994.fits
4294/spec-4294-55500-0995.fits
4294/spec-4294-55500-0996.fits
4294/spec-4294-55500-0997.fits
4294/spec-4294-55500-0998.fits
4294/spec-4294-55500-0999.fits
4294/spec-4294-55500-1000.fits
/var/lib/condor/execute/slot1/dir_28689
4294 4294.tgz R R361.tar.gz _condor_stderr _condor_stdout cB58_Lyman_break.fit condor_exec.exe hw4.R packages packages.tar.gz tmp var
[1] "Loaded package astro."
[1] 1000
4294 4294.csv 4294.tgz R R361.tar.gz _condor_stderr _condor_stdout cB58_Lyman_break.fit condor_exec.exe hw4.R packages packages.tar.gz tmp var
