4351
4351/
4351/spec-4351-55538-0001.fits
4351/spec-4351-55538-0002.fits
4351/spec-4351-55538-0003.fits
4351/spec-4351-55538-0004.fits
4351/spec-4351-55538-0005.fits
4351/spec-4351-55538-0006.fits
4351/spec-4351-55538-0007.fits
4351/spec-4351-55538-0008.fits
4351/spec-4351-55538-0009.fits
4351/spec-4351-55538-0010.fits
4351/spec-4351-55538-0011.fits
4351/spec-4351-55538-0012.fits
4351/spec-4351-55538-0013.fits
4351/spec-4351-55538-0014.fits
4351/spec-4351-55538-0015.fits
4351/spec-4351-55538-0016.fits
4351/spec-4351-55538-0017.fits
4351/spec-4351-55538-0018.fits
4351/spec-4351-55538-0019.fits
4351/spec-4351-55538-0020.fits
4351/spec-4351-55538-0021.fits
4351/spec-4351-55538-0022.fits
4351/spec-4351-55538-0023.fits
4351/spec-4351-55538-0024.fits
4351/spec-4351-55538-0025.fits
4351/spec-4351-55538-0026.fits
4351/spec-4351-55538-0027.fits
4351/spec-4351-55538-0028.fits
4351/spec-4351-55538-0029.fits
4351/spec-4351-55538-0030.fits
4351/spec-4351-55538-0031.fits
4351/spec-4351-55538-0032.fits
4351/spec-4351-55538-0033.fits
4351/spec-4351-55538-0034.fits
4351/spec-4351-55538-0035.fits
4351/spec-4351-55538-0036.fits
4351/spec-4351-55538-0037.fits
4351/spec-4351-55538-0038.fits
4351/spec-4351-55538-0039.fits
4351/spec-4351-55538-0040.fits
4351/spec-4351-55538-0041.fits
4351/spec-4351-55538-0042.fits
4351/spec-4351-55538-0043.fits
4351/spec-4351-55538-0044.fits
4351/spec-4351-55538-0045.fits
4351/spec-4351-55538-0046.fits
4351/spec-4351-55538-0047.fits
4351/spec-4351-55538-0048.fits
4351/spec-4351-55538-0049.fits
4351/spec-4351-55538-0050.fits
4351/spec-4351-55538-0051.fits
4351/spec-4351-55538-0052.fits
4351/spec-4351-55538-0053.fits
4351/spec-4351-55538-0054.fits
4351/spec-4351-55538-0055.fits
4351/spec-4351-55538-0056.fits
4351/spec-4351-55538-0057.fits
4351/spec-4351-55538-0058.fits
4351/spec-4351-55538-0059.fits
4351/spec-4351-55538-0060.fits
4351/spec-4351-55538-0061.fits
4351/spec-4351-55538-0062.fits
4351/spec-4351-55538-0063.fits
4351/spec-4351-55538-0064.fits
4351/spec-4351-55538-0065.fits
4351/spec-4351-55538-0066.fits
4351/spec-4351-55538-0067.fits
4351/spec-4351-55538-0068.fits
4351/spec-4351-55538-0069.fits
4351/spec-4351-55538-0070.fits
4351/spec-4351-55538-0071.fits
4351/spec-4351-55538-0072.fits
4351/spec-4351-55538-0073.fits
4351/spec-4351-55538-0074.fits
4351/spec-4351-55538-0075.fits
4351/spec-4351-55538-0076.fits
4351/spec-4351-55538-0077.fits
4351/spec-4351-55538-0078.fits
4351/spec-4351-55538-0079.fits
4351/spec-4351-55538-0080.fits
4351/spec-4351-55538-0081.fits
4351/spec-4351-55538-0082.fits
4351/spec-4351-55538-0083.fits
4351/spec-4351-55538-0084.fits
4351/spec-4351-55538-0085.fits
4351/spec-4351-55538-0086.fits
4351/spec-4351-55538-0087.fits
4351/spec-4351-55538-0088.fits
4351/spec-4351-55538-0089.fits
4351/spec-4351-55538-0090.fits
4351/spec-4351-55538-0091.fits
4351/spec-4351-55538-0092.fits
4351/spec-4351-55538-0093.fits
4351/spec-4351-55538-0094.fits
4351/spec-4351-55538-0095.fits
4351/spec-4351-55538-0096.fits
4351/spec-4351-55538-0097.fits
4351/spec-4351-55538-0098.fits
4351/spec-4351-55538-0099.fits
4351/spec-4351-55538-0100.fits
4351/spec-4351-55538-0101.fits
4351/spec-4351-55538-0102.fits
4351/spec-4351-55538-0103.fits
4351/spec-4351-55538-0104.fits
4351/spec-4351-55538-0105.fits
4351/spec-4351-55538-0106.fits
4351/spec-4351-55538-0107.fits
4351/spec-4351-55538-0108.fits
4351/spec-4351-55538-0109.fits
4351/spec-4351-55538-0110.fits
4351/spec-4351-55538-0111.fits
4351/spec-4351-55538-0112.fits
4351/spec-4351-55538-0113.fits
4351/spec-4351-55538-0114.fits
4351/spec-4351-55538-0115.fits
4351/spec-4351-55538-0116.fits
4351/spec-4351-55538-0117.fits
4351/spec-4351-55538-0118.fits
4351/spec-4351-55538-0119.fits
4351/spec-4351-55538-0120.fits
4351/spec-4351-55538-0121.fits
4351/spec-4351-55538-0122.fits
4351/spec-4351-55538-0123.fits
4351/spec-4351-55538-0124.fits
4351/spec-4351-55538-0125.fits
4351/spec-4351-55538-0126.fits
4351/spec-4351-55538-0127.fits
4351/spec-4351-55538-0128.fits
4351/spec-4351-55538-0129.fits
4351/spec-4351-55538-0130.fits
4351/spec-4351-55538-0131.fits
4351/spec-4351-55538-0132.fits
4351/spec-4351-55538-0133.fits
4351/spec-4351-55538-0134.fits
4351/spec-4351-55538-0135.fits
4351/spec-4351-55538-0136.fits
4351/spec-4351-55538-0137.fits
4351/spec-4351-55538-0138.fits
4351/spec-4351-55538-0139.fits
4351/spec-4351-55538-0140.fits
4351/spec-4351-55538-0141.fits
4351/spec-4351-55538-0142.fits
4351/spec-4351-55538-0143.fits
4351/spec-4351-55538-0144.fits
4351/spec-4351-55538-0145.fits
4351/spec-4351-55538-0146.fits
4351/spec-4351-55538-0147.fits
4351/spec-4351-55538-0148.fits
4351/spec-4351-55538-0149.fits
4351/spec-4351-55538-0150.fits
4351/spec-4351-55538-0151.fits
4351/spec-4351-55538-0152.fits
4351/spec-4351-55538-0153.fits
4351/spec-4351-55538-0154.fits
4351/spec-4351-55538-0155.fits
4351/spec-4351-55538-0156.fits
4351/spec-4351-55538-0157.fits
4351/spec-4351-55538-0158.fits
4351/spec-4351-55538-0159.fits
4351/spec-4351-55538-0160.fits
4351/spec-4351-55538-0161.fits
4351/spec-4351-55538-0162.fits
4351/spec-4351-55538-0163.fits
4351/spec-4351-55538-0164.fits
4351/spec-4351-55538-0165.fits
4351/spec-4351-55538-0166.fits
4351/spec-4351-55538-0167.fits
4351/spec-4351-55538-0168.fits
4351/spec-4351-55538-0169.fits
4351/spec-4351-55538-0170.fits
4351/spec-4351-55538-0171.fits
4351/spec-4351-55538-0172.fits
4351/spec-4351-55538-0173.fits
4351/spec-4351-55538-0174.fits
4351/spec-4351-55538-0175.fits
4351/spec-4351-55538-0176.fits
4351/spec-4351-55538-0177.fits
4351/spec-4351-55538-0178.fits
4351/spec-4351-55538-0179.fits
4351/spec-4351-55538-0180.fits
4351/spec-4351-55538-0181.fits
4351/spec-4351-55538-0182.fits
4351/spec-4351-55538-0183.fits
4351/spec-4351-55538-0184.fits
4351/spec-4351-55538-0185.fits
4351/spec-4351-55538-0186.fits
4351/spec-4351-55538-0187.fits
4351/spec-4351-55538-0188.fits
4351/spec-4351-55538-0189.fits
4351/spec-4351-55538-0190.fits
4351/spec-4351-55538-0191.fits
4351/spec-4351-55538-0192.fits
4351/spec-4351-55538-0193.fits
4351/spec-4351-55538-0194.fits
4351/spec-4351-55538-0195.fits
4351/spec-4351-55538-0196.fits
4351/spec-4351-55538-0197.fits
4351/spec-4351-55538-0198.fits
4351/spec-4351-55538-0199.fits
4351/spec-4351-55538-0200.fits
4351/spec-4351-55538-0201.fits
4351/spec-4351-55538-0202.fits
4351/spec-4351-55538-0203.fits
4351/spec-4351-55538-0204.fits
4351/spec-4351-55538-0205.fits
4351/spec-4351-55538-0206.fits
4351/spec-4351-55538-0207.fits
4351/spec-4351-55538-0208.fits
4351/spec-4351-55538-0209.fits
4351/spec-4351-55538-0210.fits
4351/spec-4351-55538-0211.fits
4351/spec-4351-55538-0212.fits
4351/spec-4351-55538-0213.fits
4351/spec-4351-55538-0214.fits
4351/spec-4351-55538-0215.fits
4351/spec-4351-55538-0216.fits
4351/spec-4351-55538-0217.fits
4351/spec-4351-55538-0218.fits
4351/spec-4351-55538-0219.fits
4351/spec-4351-55538-0220.fits
4351/spec-4351-55538-0221.fits
4351/spec-4351-55538-0222.fits
4351/spec-4351-55538-0223.fits
4351/spec-4351-55538-0224.fits
4351/spec-4351-55538-0225.fits
4351/spec-4351-55538-0226.fits
4351/spec-4351-55538-0227.fits
4351/spec-4351-55538-0228.fits
4351/spec-4351-55538-0229.fits
4351/spec-4351-55538-0230.fits
4351/spec-4351-55538-0231.fits
4351/spec-4351-55538-0232.fits
4351/spec-4351-55538-0233.fits
4351/spec-4351-55538-0234.fits
4351/spec-4351-55538-0235.fits
4351/spec-4351-55538-0236.fits
4351/spec-4351-55538-0237.fits
4351/spec-4351-55538-0238.fits
4351/spec-4351-55538-0239.fits
4351/spec-4351-55538-0240.fits
4351/spec-4351-55538-0241.fits
4351/spec-4351-55538-0242.fits
4351/spec-4351-55538-0243.fits
4351/spec-4351-55538-0244.fits
4351/spec-4351-55538-0245.fits
4351/spec-4351-55538-0246.fits
4351/spec-4351-55538-0247.fits
4351/spec-4351-55538-0248.fits
4351/spec-4351-55538-0249.fits
4351/spec-4351-55538-0250.fits
4351/spec-4351-55538-0251.fits
4351/spec-4351-55538-0252.fits
4351/spec-4351-55538-0253.fits
4351/spec-4351-55538-0254.fits
4351/spec-4351-55538-0255.fits
4351/spec-4351-55538-0256.fits
4351/spec-4351-55538-0257.fits
4351/spec-4351-55538-0258.fits
4351/spec-4351-55538-0259.fits
4351/spec-4351-55538-0260.fits
4351/spec-4351-55538-0261.fits
4351/spec-4351-55538-0262.fits
4351/spec-4351-55538-0263.fits
4351/spec-4351-55538-0264.fits
4351/spec-4351-55538-0265.fits
4351/spec-4351-55538-0266.fits
4351/spec-4351-55538-0267.fits
4351/spec-4351-55538-0268.fits
4351/spec-4351-55538-0269.fits
4351/spec-4351-55538-0270.fits
4351/spec-4351-55538-0271.fits
4351/spec-4351-55538-0272.fits
4351/spec-4351-55538-0273.fits
4351/spec-4351-55538-0274.fits
4351/spec-4351-55538-0275.fits
4351/spec-4351-55538-0276.fits
4351/spec-4351-55538-0277.fits
4351/spec-4351-55538-0278.fits
4351/spec-4351-55538-0279.fits
4351/spec-4351-55538-0280.fits
4351/spec-4351-55538-0281.fits
4351/spec-4351-55538-0282.fits
4351/spec-4351-55538-0283.fits
4351/spec-4351-55538-0284.fits
4351/spec-4351-55538-0285.fits
4351/spec-4351-55538-0286.fits
4351/spec-4351-55538-0287.fits
4351/spec-4351-55538-0288.fits
4351/spec-4351-55538-0289.fits
4351/spec-4351-55538-0290.fits
4351/spec-4351-55538-0291.fits
4351/spec-4351-55538-0292.fits
4351/spec-4351-55538-0293.fits
4351/spec-4351-55538-0294.fits
4351/spec-4351-55538-0295.fits
4351/spec-4351-55538-0296.fits
4351/spec-4351-55538-0297.fits
4351/spec-4351-55538-0298.fits
4351/spec-4351-55538-0299.fits
4351/spec-4351-55538-0300.fits
4351/spec-4351-55538-0301.fits
4351/spec-4351-55538-0302.fits
4351/spec-4351-55538-0303.fits
4351/spec-4351-55538-0304.fits
4351/spec-4351-55538-0305.fits
4351/spec-4351-55538-0306.fits
4351/spec-4351-55538-0307.fits
4351/spec-4351-55538-0308.fits
4351/spec-4351-55538-0309.fits
4351/spec-4351-55538-0310.fits
4351/spec-4351-55538-0311.fits
4351/spec-4351-55538-0312.fits
4351/spec-4351-55538-0313.fits
4351/spec-4351-55538-0314.fits
4351/spec-4351-55538-0315.fits
4351/spec-4351-55538-0316.fits
4351/spec-4351-55538-0317.fits
4351/spec-4351-55538-0318.fits
4351/spec-4351-55538-0319.fits
4351/spec-4351-55538-0320.fits
4351/spec-4351-55538-0321.fits
4351/spec-4351-55538-0322.fits
4351/spec-4351-55538-0323.fits
4351/spec-4351-55538-0324.fits
4351/spec-4351-55538-0325.fits
4351/spec-4351-55538-0326.fits
4351/spec-4351-55538-0327.fits
4351/spec-4351-55538-0328.fits
4351/spec-4351-55538-0329.fits
4351/spec-4351-55538-0330.fits
4351/spec-4351-55538-0331.fits
4351/spec-4351-55538-0332.fits
4351/spec-4351-55538-0333.fits
4351/spec-4351-55538-0334.fits
4351/spec-4351-55538-0335.fits
4351/spec-4351-55538-0336.fits
4351/spec-4351-55538-0337.fits
4351/spec-4351-55538-0338.fits
4351/spec-4351-55538-0339.fits
4351/spec-4351-55538-0340.fits
4351/spec-4351-55538-0341.fits
4351/spec-4351-55538-0342.fits
4351/spec-4351-55538-0343.fits
4351/spec-4351-55538-0344.fits
4351/spec-4351-55538-0345.fits
4351/spec-4351-55538-0346.fits
4351/spec-4351-55538-0347.fits
4351/spec-4351-55538-0348.fits
4351/spec-4351-55538-0349.fits
4351/spec-4351-55538-0350.fits
4351/spec-4351-55538-0351.fits
4351/spec-4351-55538-0352.fits
4351/spec-4351-55538-0353.fits
4351/spec-4351-55538-0354.fits
4351/spec-4351-55538-0355.fits
4351/spec-4351-55538-0356.fits
4351/spec-4351-55538-0357.fits
4351/spec-4351-55538-0358.fits
4351/spec-4351-55538-0359.fits
4351/spec-4351-55538-0360.fits
4351/spec-4351-55538-0361.fits
4351/spec-4351-55538-0362.fits
4351/spec-4351-55538-0363.fits
4351/spec-4351-55538-0364.fits
4351/spec-4351-55538-0365.fits
4351/spec-4351-55538-0366.fits
4351/spec-4351-55538-0367.fits
4351/spec-4351-55538-0368.fits
4351/spec-4351-55538-0369.fits
4351/spec-4351-55538-0370.fits
4351/spec-4351-55538-0371.fits
4351/spec-4351-55538-0372.fits
4351/spec-4351-55538-0373.fits
4351/spec-4351-55538-0374.fits
4351/spec-4351-55538-0375.fits
4351/spec-4351-55538-0376.fits
4351/spec-4351-55538-0377.fits
4351/spec-4351-55538-0378.fits
4351/spec-4351-55538-0379.fits
4351/spec-4351-55538-0380.fits
4351/spec-4351-55538-0381.fits
4351/spec-4351-55538-0382.fits
4351/spec-4351-55538-0383.fits
4351/spec-4351-55538-0384.fits
4351/spec-4351-55538-0385.fits
4351/spec-4351-55538-0386.fits
4351/spec-4351-55538-0387.fits
4351/spec-4351-55538-0388.fits
4351/spec-4351-55538-0389.fits
4351/spec-4351-55538-0390.fits
4351/spec-4351-55538-0391.fits
4351/spec-4351-55538-0392.fits
4351/spec-4351-55538-0393.fits
4351/spec-4351-55538-0394.fits
4351/spec-4351-55538-0395.fits
4351/spec-4351-55538-0396.fits
4351/spec-4351-55538-0397.fits
4351/spec-4351-55538-0398.fits
4351/spec-4351-55538-0399.fits
4351/spec-4351-55538-0400.fits
4351/spec-4351-55538-0401.fits
4351/spec-4351-55538-0402.fits
4351/spec-4351-55538-0403.fits
4351/spec-4351-55538-0404.fits
4351/spec-4351-55538-0405.fits
4351/spec-4351-55538-0406.fits
4351/spec-4351-55538-0407.fits
4351/spec-4351-55538-0408.fits
4351/spec-4351-55538-0409.fits
4351/spec-4351-55538-0410.fits
4351/spec-4351-55538-0411.fits
4351/spec-4351-55538-0412.fits
4351/spec-4351-55538-0413.fits
4351/spec-4351-55538-0414.fits
4351/spec-4351-55538-0415.fits
4351/spec-4351-55538-0416.fits
4351/spec-4351-55538-0417.fits
4351/spec-4351-55538-0418.fits
4351/spec-4351-55538-0419.fits
4351/spec-4351-55538-0420.fits
4351/spec-4351-55538-0421.fits
4351/spec-4351-55538-0422.fits
4351/spec-4351-55538-0423.fits
4351/spec-4351-55538-0424.fits
4351/spec-4351-55538-0425.fits
4351/spec-4351-55538-0426.fits
4351/spec-4351-55538-0427.fits
4351/spec-4351-55538-0428.fits
4351/spec-4351-55538-0429.fits
4351/spec-4351-55538-0430.fits
4351/spec-4351-55538-0431.fits
4351/spec-4351-55538-0432.fits
4351/spec-4351-55538-0433.fits
4351/spec-4351-55538-0434.fits
4351/spec-4351-55538-0435.fits
4351/spec-4351-55538-0436.fits
4351/spec-4351-55538-0437.fits
4351/spec-4351-55538-0438.fits
4351/spec-4351-55538-0439.fits
4351/spec-4351-55538-0440.fits
4351/spec-4351-55538-0441.fits
4351/spec-4351-55538-0442.fits
4351/spec-4351-55538-0443.fits
4351/spec-4351-55538-0444.fits
4351/spec-4351-55538-0445.fits
4351/spec-4351-55538-0446.fits
4351/spec-4351-55538-0447.fits
4351/spec-4351-55538-0448.fits
4351/spec-4351-55538-0449.fits
4351/spec-4351-55538-0450.fits
4351/spec-4351-55538-0451.fits
4351/spec-4351-55538-0452.fits
4351/spec-4351-55538-0453.fits
4351/spec-4351-55538-0454.fits
4351/spec-4351-55538-0455.fits
4351/spec-4351-55538-0456.fits
4351/spec-4351-55538-0457.fits
4351/spec-4351-55538-0458.fits
4351/spec-4351-55538-0459.fits
4351/spec-4351-55538-0460.fits
4351/spec-4351-55538-0461.fits
4351/spec-4351-55538-0462.fits
4351/spec-4351-55538-0463.fits
4351/spec-4351-55538-0464.fits
4351/spec-4351-55538-0465.fits
4351/spec-4351-55538-0466.fits
4351/spec-4351-55538-0467.fits
4351/spec-4351-55538-0468.fits
4351/spec-4351-55538-0469.fits
4351/spec-4351-55538-0470.fits
4351/spec-4351-55538-0471.fits
4351/spec-4351-55538-0472.fits
4351/spec-4351-55538-0473.fits
4351/spec-4351-55538-0474.fits
4351/spec-4351-55538-0475.fits
4351/spec-4351-55538-0476.fits
4351/spec-4351-55538-0477.fits
4351/spec-4351-55538-0478.fits
4351/spec-4351-55538-0479.fits
4351/spec-4351-55538-0480.fits
4351/spec-4351-55538-0481.fits
4351/spec-4351-55538-0482.fits
4351/spec-4351-55538-0483.fits
4351/spec-4351-55538-0484.fits
4351/spec-4351-55538-0485.fits
4351/spec-4351-55538-0486.fits
4351/spec-4351-55538-0487.fits
4351/spec-4351-55538-0488.fits
4351/spec-4351-55538-0489.fits
4351/spec-4351-55538-0490.fits
4351/spec-4351-55538-0491.fits
4351/spec-4351-55538-0492.fits
4351/spec-4351-55538-0493.fits
4351/spec-4351-55538-0494.fits
4351/spec-4351-55538-0495.fits
4351/spec-4351-55538-0496.fits
4351/spec-4351-55538-0497.fits
4351/spec-4351-55538-0498.fits
4351/spec-4351-55538-0499.fits
4351/spec-4351-55538-0500.fits
4351/spec-4351-55538-0501.fits
4351/spec-4351-55538-0502.fits
4351/spec-4351-55538-0503.fits
4351/spec-4351-55538-0504.fits
4351/spec-4351-55538-0505.fits
4351/spec-4351-55538-0506.fits
4351/spec-4351-55538-0507.fits
4351/spec-4351-55538-0508.fits
4351/spec-4351-55538-0509.fits
4351/spec-4351-55538-0510.fits
4351/spec-4351-55538-0511.fits
4351/spec-4351-55538-0512.fits
4351/spec-4351-55538-0513.fits
4351/spec-4351-55538-0514.fits
4351/spec-4351-55538-0515.fits
4351/spec-4351-55538-0516.fits
4351/spec-4351-55538-0517.fits
4351/spec-4351-55538-0518.fits
4351/spec-4351-55538-0519.fits
4351/spec-4351-55538-0520.fits
4351/spec-4351-55538-0521.fits
4351/spec-4351-55538-0522.fits
4351/spec-4351-55538-0523.fits
4351/spec-4351-55538-0524.fits
4351/spec-4351-55538-0525.fits
4351/spec-4351-55538-0526.fits
4351/spec-4351-55538-0527.fits
4351/spec-4351-55538-0528.fits
4351/spec-4351-55538-0529.fits
4351/spec-4351-55538-0530.fits
4351/spec-4351-55538-0531.fits
4351/spec-4351-55538-0532.fits
4351/spec-4351-55538-0533.fits
4351/spec-4351-55538-0534.fits
4351/spec-4351-55538-0535.fits
4351/spec-4351-55538-0536.fits
4351/spec-4351-55538-0537.fits
4351/spec-4351-55538-0538.fits
4351/spec-4351-55538-0539.fits
4351/spec-4351-55538-0540.fits
4351/spec-4351-55538-0541.fits
4351/spec-4351-55538-0542.fits
4351/spec-4351-55538-0543.fits
4351/spec-4351-55538-0544.fits
4351/spec-4351-55538-0545.fits
4351/spec-4351-55538-0546.fits
4351/spec-4351-55538-0547.fits
4351/spec-4351-55538-0548.fits
4351/spec-4351-55538-0549.fits
4351/spec-4351-55538-0550.fits
4351/spec-4351-55538-0551.fits
4351/spec-4351-55538-0552.fits
4351/spec-4351-55538-0553.fits
4351/spec-4351-55538-0554.fits
4351/spec-4351-55538-0555.fits
4351/spec-4351-55538-0556.fits
4351/spec-4351-55538-0557.fits
4351/spec-4351-55538-0558.fits
4351/spec-4351-55538-0559.fits
4351/spec-4351-55538-0560.fits
4351/spec-4351-55538-0561.fits
4351/spec-4351-55538-0562.fits
4351/spec-4351-55538-0563.fits
4351/spec-4351-55538-0564.fits
4351/spec-4351-55538-0565.fits
4351/spec-4351-55538-0566.fits
4351/spec-4351-55538-0567.fits
4351/spec-4351-55538-0568.fits
4351/spec-4351-55538-0569.fits
4351/spec-4351-55538-0570.fits
4351/spec-4351-55538-0571.fits
4351/spec-4351-55538-0572.fits
4351/spec-4351-55538-0573.fits
4351/spec-4351-55538-0574.fits
4351/spec-4351-55538-0575.fits
4351/spec-4351-55538-0576.fits
4351/spec-4351-55538-0577.fits
4351/spec-4351-55538-0578.fits
4351/spec-4351-55538-0579.fits
4351/spec-4351-55538-0580.fits
4351/spec-4351-55538-0581.fits
4351/spec-4351-55538-0582.fits
4351/spec-4351-55538-0583.fits
4351/spec-4351-55538-0584.fits
4351/spec-4351-55538-0585.fits
4351/spec-4351-55538-0586.fits
4351/spec-4351-55538-0587.fits
4351/spec-4351-55538-0588.fits
4351/spec-4351-55538-0589.fits
4351/spec-4351-55538-0590.fits
4351/spec-4351-55538-0591.fits
4351/spec-4351-55538-0592.fits
4351/spec-4351-55538-0593.fits
4351/spec-4351-55538-0594.fits
4351/spec-4351-55538-0595.fits
4351/spec-4351-55538-0596.fits
4351/spec-4351-55538-0597.fits
4351/spec-4351-55538-0598.fits
4351/spec-4351-55538-0599.fits
4351/spec-4351-55538-0600.fits
4351/spec-4351-55538-0601.fits
4351/spec-4351-55538-0602.fits
4351/spec-4351-55538-0603.fits
4351/spec-4351-55538-0604.fits
4351/spec-4351-55538-0605.fits
4351/spec-4351-55538-0606.fits
4351/spec-4351-55538-0607.fits
4351/spec-4351-55538-0608.fits
4351/spec-4351-55538-0609.fits
4351/spec-4351-55538-0610.fits
4351/spec-4351-55538-0611.fits
4351/spec-4351-55538-0612.fits
4351/spec-4351-55538-0613.fits
4351/spec-4351-55538-0614.fits
4351/spec-4351-55538-0615.fits
4351/spec-4351-55538-0616.fits
4351/spec-4351-55538-0617.fits
4351/spec-4351-55538-0618.fits
4351/spec-4351-55538-0619.fits
4351/spec-4351-55538-0620.fits
4351/spec-4351-55538-0621.fits
4351/spec-4351-55538-0622.fits
4351/spec-4351-55538-0623.fits
4351/spec-4351-55538-0624.fits
4351/spec-4351-55538-0625.fits
4351/spec-4351-55538-0626.fits
4351/spec-4351-55538-0627.fits
4351/spec-4351-55538-0628.fits
4351/spec-4351-55538-0629.fits
4351/spec-4351-55538-0630.fits
4351/spec-4351-55538-0631.fits
4351/spec-4351-55538-0632.fits
4351/spec-4351-55538-0633.fits
4351/spec-4351-55538-0634.fits
4351/spec-4351-55538-0635.fits
4351/spec-4351-55538-0636.fits
4351/spec-4351-55538-0637.fits
4351/spec-4351-55538-0638.fits
4351/spec-4351-55538-0639.fits
4351/spec-4351-55538-0640.fits
4351/spec-4351-55538-0641.fits
4351/spec-4351-55538-0642.fits
4351/spec-4351-55538-0643.fits
4351/spec-4351-55538-0644.fits
4351/spec-4351-55538-0645.fits
4351/spec-4351-55538-0646.fits
4351/spec-4351-55538-0647.fits
4351/spec-4351-55538-0648.fits
4351/spec-4351-55538-0649.fits
4351/spec-4351-55538-0650.fits
4351/spec-4351-55538-0651.fits
4351/spec-4351-55538-0652.fits
4351/spec-4351-55538-0653.fits
4351/spec-4351-55538-0654.fits
4351/spec-4351-55538-0655.fits
4351/spec-4351-55538-0656.fits
4351/spec-4351-55538-0657.fits
4351/spec-4351-55538-0658.fits
4351/spec-4351-55538-0659.fits
4351/spec-4351-55538-0660.fits
4351/spec-4351-55538-0661.fits
4351/spec-4351-55538-0662.fits
4351/spec-4351-55538-0663.fits
4351/spec-4351-55538-0664.fits
4351/spec-4351-55538-0665.fits
4351/spec-4351-55538-0666.fits
4351/spec-4351-55538-0667.fits
4351/spec-4351-55538-0668.fits
4351/spec-4351-55538-0669.fits
4351/spec-4351-55538-0670.fits
4351/spec-4351-55538-0671.fits
4351/spec-4351-55538-0672.fits
4351/spec-4351-55538-0673.fits
4351/spec-4351-55538-0674.fits
4351/spec-4351-55538-0675.fits
4351/spec-4351-55538-0676.fits
4351/spec-4351-55538-0677.fits
4351/spec-4351-55538-0678.fits
4351/spec-4351-55538-0679.fits
4351/spec-4351-55538-0680.fits
4351/spec-4351-55538-0681.fits
4351/spec-4351-55538-0682.fits
4351/spec-4351-55538-0683.fits
4351/spec-4351-55538-0684.fits
4351/spec-4351-55538-0685.fits
4351/spec-4351-55538-0686.fits
4351/spec-4351-55538-0687.fits
4351/spec-4351-55538-0688.fits
4351/spec-4351-55538-0689.fits
4351/spec-4351-55538-0690.fits
4351/spec-4351-55538-0691.fits
4351/spec-4351-55538-0692.fits
4351/spec-4351-55538-0693.fits
4351/spec-4351-55538-0694.fits
4351/spec-4351-55538-0695.fits
4351/spec-4351-55538-0696.fits
4351/spec-4351-55538-0697.fits
4351/spec-4351-55538-0698.fits
4351/spec-4351-55538-0699.fits
4351/spec-4351-55538-0700.fits
4351/spec-4351-55538-0701.fits
4351/spec-4351-55538-0702.fits
4351/spec-4351-55538-0703.fits
4351/spec-4351-55538-0704.fits
4351/spec-4351-55538-0705.fits
4351/spec-4351-55538-0706.fits
4351/spec-4351-55538-0707.fits
4351/spec-4351-55538-0708.fits
4351/spec-4351-55538-0709.fits
4351/spec-4351-55538-0710.fits
4351/spec-4351-55538-0711.fits
4351/spec-4351-55538-0712.fits
4351/spec-4351-55538-0713.fits
4351/spec-4351-55538-0714.fits
4351/spec-4351-55538-0715.fits
4351/spec-4351-55538-0716.fits
4351/spec-4351-55538-0717.fits
4351/spec-4351-55538-0718.fits
4351/spec-4351-55538-0719.fits
4351/spec-4351-55538-0720.fits
4351/spec-4351-55538-0721.fits
4351/spec-4351-55538-0722.fits
4351/spec-4351-55538-0723.fits
4351/spec-4351-55538-0724.fits
4351/spec-4351-55538-0725.fits
4351/spec-4351-55538-0726.fits
4351/spec-4351-55538-0727.fits
4351/spec-4351-55538-0728.fits
4351/spec-4351-55538-0729.fits
4351/spec-4351-55538-0730.fits
4351/spec-4351-55538-0731.fits
4351/spec-4351-55538-0732.fits
4351/spec-4351-55538-0733.fits
4351/spec-4351-55538-0734.fits
4351/spec-4351-55538-0735.fits
4351/spec-4351-55538-0736.fits
4351/spec-4351-55538-0737.fits
4351/spec-4351-55538-0738.fits
4351/spec-4351-55538-0739.fits
4351/spec-4351-55538-0740.fits
4351/spec-4351-55538-0741.fits
4351/spec-4351-55538-0742.fits
4351/spec-4351-55538-0743.fits
4351/spec-4351-55538-0744.fits
4351/spec-4351-55538-0745.fits
4351/spec-4351-55538-0746.fits
4351/spec-4351-55538-0747.fits
4351/spec-4351-55538-0748.fits
4351/spec-4351-55538-0749.fits
4351/spec-4351-55538-0750.fits
4351/spec-4351-55538-0751.fits
4351/spec-4351-55538-0752.fits
4351/spec-4351-55538-0753.fits
4351/spec-4351-55538-0754.fits
4351/spec-4351-55538-0755.fits
4351/spec-4351-55538-0756.fits
4351/spec-4351-55538-0757.fits
4351/spec-4351-55538-0758.fits
4351/spec-4351-55538-0759.fits
4351/spec-4351-55538-0760.fits
4351/spec-4351-55538-0761.fits
4351/spec-4351-55538-0762.fits
4351/spec-4351-55538-0763.fits
4351/spec-4351-55538-0764.fits
4351/spec-4351-55538-0765.fits
4351/spec-4351-55538-0766.fits
4351/spec-4351-55538-0767.fits
4351/spec-4351-55538-0768.fits
4351/spec-4351-55538-0769.fits
4351/spec-4351-55538-0770.fits
4351/spec-4351-55538-0771.fits
4351/spec-4351-55538-0772.fits
4351/spec-4351-55538-0773.fits
4351/spec-4351-55538-0774.fits
4351/spec-4351-55538-0775.fits
4351/spec-4351-55538-0776.fits
4351/spec-4351-55538-0777.fits
4351/spec-4351-55538-0778.fits
4351/spec-4351-55538-0779.fits
4351/spec-4351-55538-0780.fits
4351/spec-4351-55538-0781.fits
4351/spec-4351-55538-0782.fits
4351/spec-4351-55538-0783.fits
4351/spec-4351-55538-0784.fits
4351/spec-4351-55538-0785.fits
4351/spec-4351-55538-0786.fits
4351/spec-4351-55538-0787.fits
4351/spec-4351-55538-0788.fits
4351/spec-4351-55538-0789.fits
4351/spec-4351-55538-0790.fits
4351/spec-4351-55538-0791.fits
4351/spec-4351-55538-0792.fits
4351/spec-4351-55538-0793.fits
4351/spec-4351-55538-0794.fits
4351/spec-4351-55538-0795.fits
4351/spec-4351-55538-0796.fits
4351/spec-4351-55538-0797.fits
4351/spec-4351-55538-0798.fits
4351/spec-4351-55538-0799.fits
4351/spec-4351-55538-0800.fits
4351/spec-4351-55538-0801.fits
4351/spec-4351-55538-0802.fits
4351/spec-4351-55538-0803.fits
4351/spec-4351-55538-0804.fits
4351/spec-4351-55538-0805.fits
4351/spec-4351-55538-0806.fits
4351/spec-4351-55538-0807.fits
4351/spec-4351-55538-0808.fits
4351/spec-4351-55538-0809.fits
4351/spec-4351-55538-0810.fits
4351/spec-4351-55538-0811.fits
4351/spec-4351-55538-0812.fits
4351/spec-4351-55538-0813.fits
4351/spec-4351-55538-0814.fits
4351/spec-4351-55538-0815.fits
4351/spec-4351-55538-0816.fits
4351/spec-4351-55538-0817.fits
4351/spec-4351-55538-0818.fits
4351/spec-4351-55538-0819.fits
4351/spec-4351-55538-0820.fits
4351/spec-4351-55538-0821.fits
4351/spec-4351-55538-0822.fits
4351/spec-4351-55538-0823.fits
4351/spec-4351-55538-0824.fits
4351/spec-4351-55538-0825.fits
4351/spec-4351-55538-0826.fits
4351/spec-4351-55538-0827.fits
4351/spec-4351-55538-0828.fits
4351/spec-4351-55538-0829.fits
4351/spec-4351-55538-0830.fits
4351/spec-4351-55538-0831.fits
4351/spec-4351-55538-0832.fits
4351/spec-4351-55538-0833.fits
4351/spec-4351-55538-0834.fits
4351/spec-4351-55538-0835.fits
4351/spec-4351-55538-0836.fits
4351/spec-4351-55538-0837.fits
4351/spec-4351-55538-0838.fits
4351/spec-4351-55538-0839.fits
4351/spec-4351-55538-0840.fits
4351/spec-4351-55538-0841.fits
4351/spec-4351-55538-0842.fits
4351/spec-4351-55538-0843.fits
4351/spec-4351-55538-0844.fits
4351/spec-4351-55538-0845.fits
4351/spec-4351-55538-0846.fits
4351/spec-4351-55538-0847.fits
4351/spec-4351-55538-0848.fits
4351/spec-4351-55538-0849.fits
4351/spec-4351-55538-0850.fits
4351/spec-4351-55538-0851.fits
4351/spec-4351-55538-0852.fits
4351/spec-4351-55538-0853.fits
4351/spec-4351-55538-0854.fits
4351/spec-4351-55538-0855.fits
4351/spec-4351-55538-0856.fits
4351/spec-4351-55538-0857.fits
4351/spec-4351-55538-0858.fits
4351/spec-4351-55538-0859.fits
4351/spec-4351-55538-0860.fits
4351/spec-4351-55538-0861.fits
4351/spec-4351-55538-0862.fits
4351/spec-4351-55538-0863.fits
4351/spec-4351-55538-0864.fits
4351/spec-4351-55538-0865.fits
4351/spec-4351-55538-0866.fits
4351/spec-4351-55538-0867.fits
4351/spec-4351-55538-0868.fits
4351/spec-4351-55538-0869.fits
4351/spec-4351-55538-0870.fits
4351/spec-4351-55538-0871.fits
4351/spec-4351-55538-0872.fits
4351/spec-4351-55538-0873.fits
4351/spec-4351-55538-0874.fits
4351/spec-4351-55538-0875.fits
4351/spec-4351-55538-0876.fits
4351/spec-4351-55538-0877.fits
4351/spec-4351-55538-0878.fits
4351/spec-4351-55538-0879.fits
4351/spec-4351-55538-0880.fits
4351/spec-4351-55538-0881.fits
4351/spec-4351-55538-0882.fits
4351/spec-4351-55538-0883.fits
4351/spec-4351-55538-0884.fits
4351/spec-4351-55538-0885.fits
4351/spec-4351-55538-0886.fits
4351/spec-4351-55538-0887.fits
4351/spec-4351-55538-0888.fits
4351/spec-4351-55538-0889.fits
4351/spec-4351-55538-0890.fits
4351/spec-4351-55538-0891.fits
4351/spec-4351-55538-0892.fits
4351/spec-4351-55538-0893.fits
4351/spec-4351-55538-0894.fits
4351/spec-4351-55538-0895.fits
4351/spec-4351-55538-0896.fits
4351/spec-4351-55538-0897.fits
4351/spec-4351-55538-0898.fits
4351/spec-4351-55538-0899.fits
4351/spec-4351-55538-0900.fits
4351/spec-4351-55538-0901.fits
4351/spec-4351-55538-0902.fits
4351/spec-4351-55538-0903.fits
4351/spec-4351-55538-0904.fits
4351/spec-4351-55538-0905.fits
4351/spec-4351-55538-0906.fits
4351/spec-4351-55538-0907.fits
4351/spec-4351-55538-0908.fits
4351/spec-4351-55538-0909.fits
4351/spec-4351-55538-0910.fits
4351/spec-4351-55538-0911.fits
4351/spec-4351-55538-0912.fits
4351/spec-4351-55538-0913.fits
4351/spec-4351-55538-0914.fits
4351/spec-4351-55538-0915.fits
4351/spec-4351-55538-0916.fits
4351/spec-4351-55538-0917.fits
4351/spec-4351-55538-0918.fits
4351/spec-4351-55538-0919.fits
4351/spec-4351-55538-0920.fits
4351/spec-4351-55538-0921.fits
4351/spec-4351-55538-0922.fits
4351/spec-4351-55538-0923.fits
4351/spec-4351-55538-0924.fits
4351/spec-4351-55538-0925.fits
4351/spec-4351-55538-0926.fits
4351/spec-4351-55538-0927.fits
4351/spec-4351-55538-0928.fits
4351/spec-4351-55538-0929.fits
4351/spec-4351-55538-0930.fits
4351/spec-4351-55538-0931.fits
4351/spec-4351-55538-0932.fits
4351/spec-4351-55538-0933.fits
4351/spec-4351-55538-0934.fits
4351/spec-4351-55538-0935.fits
4351/spec-4351-55538-0936.fits
4351/spec-4351-55538-0937.fits
4351/spec-4351-55538-0938.fits
4351/spec-4351-55538-0939.fits
4351/spec-4351-55538-0940.fits
4351/spec-4351-55538-0941.fits
4351/spec-4351-55538-0942.fits
4351/spec-4351-55538-0943.fits
4351/spec-4351-55538-0944.fits
4351/spec-4351-55538-0945.fits
4351/spec-4351-55538-0946.fits
4351/spec-4351-55538-0947.fits
4351/spec-4351-55538-0948.fits
4351/spec-4351-55538-0949.fits
4351/spec-4351-55538-0950.fits
4351/spec-4351-55538-0951.fits
4351/spec-4351-55538-0952.fits
4351/spec-4351-55538-0953.fits
4351/spec-4351-55538-0954.fits
4351/spec-4351-55538-0955.fits
4351/spec-4351-55538-0956.fits
4351/spec-4351-55538-0957.fits
4351/spec-4351-55538-0958.fits
4351/spec-4351-55538-0959.fits
4351/spec-4351-55538-0960.fits
4351/spec-4351-55538-0961.fits
4351/spec-4351-55538-0962.fits
4351/spec-4351-55538-0963.fits
4351/spec-4351-55538-0964.fits
4351/spec-4351-55538-0965.fits
4351/spec-4351-55538-0966.fits
4351/spec-4351-55538-0967.fits
4351/spec-4351-55538-0968.fits
4351/spec-4351-55538-0969.fits
4351/spec-4351-55538-0970.fits
4351/spec-4351-55538-0971.fits
4351/spec-4351-55538-0972.fits
4351/spec-4351-55538-0973.fits
4351/spec-4351-55538-0974.fits
4351/spec-4351-55538-0975.fits
4351/spec-4351-55538-0976.fits
4351/spec-4351-55538-0977.fits
4351/spec-4351-55538-0978.fits
4351/spec-4351-55538-0979.fits
4351/spec-4351-55538-0980.fits
4351/spec-4351-55538-0981.fits
4351/spec-4351-55538-0982.fits
4351/spec-4351-55538-0983.fits
4351/spec-4351-55538-0984.fits
4351/spec-4351-55538-0985.fits
4351/spec-4351-55538-0986.fits
4351/spec-4351-55538-0987.fits
4351/spec-4351-55538-0988.fits
4351/spec-4351-55538-0989.fits
4351/spec-4351-55538-0990.fits
4351/spec-4351-55538-0991.fits
4351/spec-4351-55538-0992.fits
4351/spec-4351-55538-0993.fits
4351/spec-4351-55538-0994.fits
4351/spec-4351-55538-0995.fits
4351/spec-4351-55538-0996.fits
4351/spec-4351-55538-0997.fits
4351/spec-4351-55538-0998.fits
4351/spec-4351-55538-0999.fits
4351/spec-4351-55538-1000.fits
/var/lib/condor/execute/slot1/dir_17046
4351 4351.tgz R R361.tar.gz _condor_stderr _condor_stdout cB58_Lyman_break.fit condor_exec.exe hw4.R packages packages.tar.gz tmp var
[1] "Loaded package astro."
[1] 1000
4351 4351.csv 4351.tgz R R361.tar.gz _condor_stderr _condor_stdout cB58_Lyman_break.fit condor_exec.exe hw4.R packages packages.tar.gz tmp var
