4399
4399/
4399/spec-4399-55811-0001.fits
4399/spec-4399-55811-0002.fits
4399/spec-4399-55811-0003.fits
4399/spec-4399-55811-0004.fits
4399/spec-4399-55811-0005.fits
4399/spec-4399-55811-0006.fits
4399/spec-4399-55811-0007.fits
4399/spec-4399-55811-0008.fits
4399/spec-4399-55811-0009.fits
4399/spec-4399-55811-0010.fits
4399/spec-4399-55811-0011.fits
4399/spec-4399-55811-0012.fits
4399/spec-4399-55811-0013.fits
4399/spec-4399-55811-0014.fits
4399/spec-4399-55811-0015.fits
4399/spec-4399-55811-0016.fits
4399/spec-4399-55811-0017.fits
4399/spec-4399-55811-0018.fits
4399/spec-4399-55811-0019.fits
4399/spec-4399-55811-0020.fits
4399/spec-4399-55811-0021.fits
4399/spec-4399-55811-0022.fits
4399/spec-4399-55811-0023.fits
4399/spec-4399-55811-0024.fits
4399/spec-4399-55811-0025.fits
4399/spec-4399-55811-0026.fits
4399/spec-4399-55811-0027.fits
4399/spec-4399-55811-0028.fits
4399/spec-4399-55811-0029.fits
4399/spec-4399-55811-0030.fits
4399/spec-4399-55811-0031.fits
4399/spec-4399-55811-0032.fits
4399/spec-4399-55811-0033.fits
4399/spec-4399-55811-0034.fits
4399/spec-4399-55811-0035.fits
4399/spec-4399-55811-0036.fits
4399/spec-4399-55811-0037.fits
4399/spec-4399-55811-0038.fits
4399/spec-4399-55811-0039.fits
4399/spec-4399-55811-0040.fits
4399/spec-4399-55811-0041.fits
4399/spec-4399-55811-0042.fits
4399/spec-4399-55811-0043.fits
4399/spec-4399-55811-0044.fits
4399/spec-4399-55811-0045.fits
4399/spec-4399-55811-0046.fits
4399/spec-4399-55811-0047.fits
4399/spec-4399-55811-0048.fits
4399/spec-4399-55811-0049.fits
4399/spec-4399-55811-0050.fits
4399/spec-4399-55811-0051.fits
4399/spec-4399-55811-0052.fits
4399/spec-4399-55811-0053.fits
4399/spec-4399-55811-0054.fits
4399/spec-4399-55811-0055.fits
4399/spec-4399-55811-0056.fits
4399/spec-4399-55811-0057.fits
4399/spec-4399-55811-0058.fits
4399/spec-4399-55811-0059.fits
4399/spec-4399-55811-0060.fits
4399/spec-4399-55811-0061.fits
4399/spec-4399-55811-0062.fits
4399/spec-4399-55811-0063.fits
4399/spec-4399-55811-0064.fits
4399/spec-4399-55811-0065.fits
4399/spec-4399-55811-0066.fits
4399/spec-4399-55811-0067.fits
4399/spec-4399-55811-0068.fits
4399/spec-4399-55811-0069.fits
4399/spec-4399-55811-0070.fits
4399/spec-4399-55811-0071.fits
4399/spec-4399-55811-0072.fits
4399/spec-4399-55811-0073.fits
4399/spec-4399-55811-0074.fits
4399/spec-4399-55811-0075.fits
4399/spec-4399-55811-0076.fits
4399/spec-4399-55811-0077.fits
4399/spec-4399-55811-0078.fits
4399/spec-4399-55811-0079.fits
4399/spec-4399-55811-0080.fits
4399/spec-4399-55811-0081.fits
4399/spec-4399-55811-0082.fits
4399/spec-4399-55811-0083.fits
4399/spec-4399-55811-0084.fits
4399/spec-4399-55811-0085.fits
4399/spec-4399-55811-0086.fits
4399/spec-4399-55811-0087.fits
4399/spec-4399-55811-0088.fits
4399/spec-4399-55811-0089.fits
4399/spec-4399-55811-0090.fits
4399/spec-4399-55811-0091.fits
4399/spec-4399-55811-0092.fits
4399/spec-4399-55811-0093.fits
4399/spec-4399-55811-0094.fits
4399/spec-4399-55811-0095.fits
4399/spec-4399-55811-0096.fits
4399/spec-4399-55811-0097.fits
4399/spec-4399-55811-0098.fits
4399/spec-4399-55811-0099.fits
4399/spec-4399-55811-0100.fits
4399/spec-4399-55811-0101.fits
4399/spec-4399-55811-0102.fits
4399/spec-4399-55811-0103.fits
4399/spec-4399-55811-0104.fits
4399/spec-4399-55811-0105.fits
4399/spec-4399-55811-0106.fits
4399/spec-4399-55811-0107.fits
4399/spec-4399-55811-0108.fits
4399/spec-4399-55811-0109.fits
4399/spec-4399-55811-0110.fits
4399/spec-4399-55811-0111.fits
4399/spec-4399-55811-0112.fits
4399/spec-4399-55811-0113.fits
4399/spec-4399-55811-0114.fits
4399/spec-4399-55811-0115.fits
4399/spec-4399-55811-0116.fits
4399/spec-4399-55811-0117.fits
4399/spec-4399-55811-0118.fits
4399/spec-4399-55811-0119.fits
4399/spec-4399-55811-0120.fits
4399/spec-4399-55811-0121.fits
4399/spec-4399-55811-0122.fits
4399/spec-4399-55811-0123.fits
4399/spec-4399-55811-0124.fits
4399/spec-4399-55811-0125.fits
4399/spec-4399-55811-0126.fits
4399/spec-4399-55811-0127.fits
4399/spec-4399-55811-0128.fits
4399/spec-4399-55811-0129.fits
4399/spec-4399-55811-0130.fits
4399/spec-4399-55811-0131.fits
4399/spec-4399-55811-0132.fits
4399/spec-4399-55811-0133.fits
4399/spec-4399-55811-0134.fits
4399/spec-4399-55811-0135.fits
4399/spec-4399-55811-0136.fits
4399/spec-4399-55811-0137.fits
4399/spec-4399-55811-0138.fits
4399/spec-4399-55811-0139.fits
4399/spec-4399-55811-0140.fits
4399/spec-4399-55811-0141.fits
4399/spec-4399-55811-0142.fits
4399/spec-4399-55811-0143.fits
4399/spec-4399-55811-0144.fits
4399/spec-4399-55811-0145.fits
4399/spec-4399-55811-0146.fits
4399/spec-4399-55811-0147.fits
4399/spec-4399-55811-0148.fits
4399/spec-4399-55811-0149.fits
4399/spec-4399-55811-0150.fits
4399/spec-4399-55811-0151.fits
4399/spec-4399-55811-0152.fits
4399/spec-4399-55811-0153.fits
4399/spec-4399-55811-0154.fits
4399/spec-4399-55811-0155.fits
4399/spec-4399-55811-0156.fits
4399/spec-4399-55811-0157.fits
4399/spec-4399-55811-0158.fits
4399/spec-4399-55811-0159.fits
4399/spec-4399-55811-0160.fits
4399/spec-4399-55811-0161.fits
4399/spec-4399-55811-0162.fits
4399/spec-4399-55811-0163.fits
4399/spec-4399-55811-0164.fits
4399/spec-4399-55811-0165.fits
4399/spec-4399-55811-0166.fits
4399/spec-4399-55811-0167.fits
4399/spec-4399-55811-0168.fits
4399/spec-4399-55811-0169.fits
4399/spec-4399-55811-0170.fits
4399/spec-4399-55811-0171.fits
4399/spec-4399-55811-0172.fits
4399/spec-4399-55811-0173.fits
4399/spec-4399-55811-0174.fits
4399/spec-4399-55811-0175.fits
4399/spec-4399-55811-0176.fits
4399/spec-4399-55811-0177.fits
4399/spec-4399-55811-0178.fits
4399/spec-4399-55811-0179.fits
4399/spec-4399-55811-0180.fits
4399/spec-4399-55811-0181.fits
4399/spec-4399-55811-0182.fits
4399/spec-4399-55811-0183.fits
4399/spec-4399-55811-0184.fits
4399/spec-4399-55811-0185.fits
4399/spec-4399-55811-0186.fits
4399/spec-4399-55811-0187.fits
4399/spec-4399-55811-0188.fits
4399/spec-4399-55811-0189.fits
4399/spec-4399-55811-0190.fits
4399/spec-4399-55811-0191.fits
4399/spec-4399-55811-0192.fits
4399/spec-4399-55811-0193.fits
4399/spec-4399-55811-0194.fits
4399/spec-4399-55811-0195.fits
4399/spec-4399-55811-0196.fits
4399/spec-4399-55811-0197.fits
4399/spec-4399-55811-0198.fits
4399/spec-4399-55811-0199.fits
4399/spec-4399-55811-0200.fits
4399/spec-4399-55811-0201.fits
4399/spec-4399-55811-0202.fits
4399/spec-4399-55811-0203.fits
4399/spec-4399-55811-0204.fits
4399/spec-4399-55811-0205.fits
4399/spec-4399-55811-0206.fits
4399/spec-4399-55811-0207.fits
4399/spec-4399-55811-0208.fits
4399/spec-4399-55811-0209.fits
4399/spec-4399-55811-0210.fits
4399/spec-4399-55811-0211.fits
4399/spec-4399-55811-0212.fits
4399/spec-4399-55811-0213.fits
4399/spec-4399-55811-0214.fits
4399/spec-4399-55811-0215.fits
4399/spec-4399-55811-0216.fits
4399/spec-4399-55811-0217.fits
4399/spec-4399-55811-0218.fits
4399/spec-4399-55811-0219.fits
4399/spec-4399-55811-0220.fits
4399/spec-4399-55811-0221.fits
4399/spec-4399-55811-0222.fits
4399/spec-4399-55811-0223.fits
4399/spec-4399-55811-0224.fits
4399/spec-4399-55811-0225.fits
4399/spec-4399-55811-0226.fits
4399/spec-4399-55811-0227.fits
4399/spec-4399-55811-0228.fits
4399/spec-4399-55811-0229.fits
4399/spec-4399-55811-0230.fits
4399/spec-4399-55811-0231.fits
4399/spec-4399-55811-0232.fits
4399/spec-4399-55811-0233.fits
4399/spec-4399-55811-0234.fits
4399/spec-4399-55811-0235.fits
4399/spec-4399-55811-0236.fits
4399/spec-4399-55811-0237.fits
4399/spec-4399-55811-0238.fits
4399/spec-4399-55811-0239.fits
4399/spec-4399-55811-0240.fits
4399/spec-4399-55811-0241.fits
4399/spec-4399-55811-0242.fits
4399/spec-4399-55811-0243.fits
4399/spec-4399-55811-0244.fits
4399/spec-4399-55811-0245.fits
4399/spec-4399-55811-0246.fits
4399/spec-4399-55811-0247.fits
4399/spec-4399-55811-0248.fits
4399/spec-4399-55811-0249.fits
4399/spec-4399-55811-0250.fits
4399/spec-4399-55811-0251.fits
4399/spec-4399-55811-0252.fits
4399/spec-4399-55811-0253.fits
4399/spec-4399-55811-0254.fits
4399/spec-4399-55811-0255.fits
4399/spec-4399-55811-0256.fits
4399/spec-4399-55811-0257.fits
4399/spec-4399-55811-0258.fits
4399/spec-4399-55811-0259.fits
4399/spec-4399-55811-0260.fits
4399/spec-4399-55811-0261.fits
4399/spec-4399-55811-0262.fits
4399/spec-4399-55811-0263.fits
4399/spec-4399-55811-0264.fits
4399/spec-4399-55811-0265.fits
4399/spec-4399-55811-0266.fits
4399/spec-4399-55811-0267.fits
4399/spec-4399-55811-0268.fits
4399/spec-4399-55811-0269.fits
4399/spec-4399-55811-0270.fits
4399/spec-4399-55811-0271.fits
4399/spec-4399-55811-0272.fits
4399/spec-4399-55811-0273.fits
4399/spec-4399-55811-0274.fits
4399/spec-4399-55811-0275.fits
4399/spec-4399-55811-0276.fits
4399/spec-4399-55811-0277.fits
4399/spec-4399-55811-0278.fits
4399/spec-4399-55811-0279.fits
4399/spec-4399-55811-0280.fits
4399/spec-4399-55811-0281.fits
4399/spec-4399-55811-0282.fits
4399/spec-4399-55811-0283.fits
4399/spec-4399-55811-0284.fits
4399/spec-4399-55811-0285.fits
4399/spec-4399-55811-0286.fits
4399/spec-4399-55811-0287.fits
4399/spec-4399-55811-0288.fits
4399/spec-4399-55811-0289.fits
4399/spec-4399-55811-0290.fits
4399/spec-4399-55811-0291.fits
4399/spec-4399-55811-0292.fits
4399/spec-4399-55811-0293.fits
4399/spec-4399-55811-0294.fits
4399/spec-4399-55811-0295.fits
4399/spec-4399-55811-0296.fits
4399/spec-4399-55811-0297.fits
4399/spec-4399-55811-0298.fits
4399/spec-4399-55811-0299.fits
4399/spec-4399-55811-0300.fits
4399/spec-4399-55811-0301.fits
4399/spec-4399-55811-0302.fits
4399/spec-4399-55811-0303.fits
4399/spec-4399-55811-0304.fits
4399/spec-4399-55811-0305.fits
4399/spec-4399-55811-0306.fits
4399/spec-4399-55811-0307.fits
4399/spec-4399-55811-0308.fits
4399/spec-4399-55811-0309.fits
4399/spec-4399-55811-0310.fits
4399/spec-4399-55811-0311.fits
4399/spec-4399-55811-0312.fits
4399/spec-4399-55811-0313.fits
4399/spec-4399-55811-0314.fits
4399/spec-4399-55811-0315.fits
4399/spec-4399-55811-0316.fits
4399/spec-4399-55811-0317.fits
4399/spec-4399-55811-0318.fits
4399/spec-4399-55811-0319.fits
4399/spec-4399-55811-0320.fits
4399/spec-4399-55811-0321.fits
4399/spec-4399-55811-0322.fits
4399/spec-4399-55811-0323.fits
4399/spec-4399-55811-0324.fits
4399/spec-4399-55811-0325.fits
4399/spec-4399-55811-0326.fits
4399/spec-4399-55811-0327.fits
4399/spec-4399-55811-0328.fits
4399/spec-4399-55811-0329.fits
4399/spec-4399-55811-0330.fits
4399/spec-4399-55811-0331.fits
4399/spec-4399-55811-0332.fits
4399/spec-4399-55811-0333.fits
4399/spec-4399-55811-0334.fits
4399/spec-4399-55811-0335.fits
4399/spec-4399-55811-0336.fits
4399/spec-4399-55811-0337.fits
4399/spec-4399-55811-0338.fits
4399/spec-4399-55811-0339.fits
4399/spec-4399-55811-0340.fits
4399/spec-4399-55811-0341.fits
4399/spec-4399-55811-0342.fits
4399/spec-4399-55811-0343.fits
4399/spec-4399-55811-0344.fits
4399/spec-4399-55811-0345.fits
4399/spec-4399-55811-0346.fits
4399/spec-4399-55811-0347.fits
4399/spec-4399-55811-0348.fits
4399/spec-4399-55811-0349.fits
4399/spec-4399-55811-0350.fits
4399/spec-4399-55811-0351.fits
4399/spec-4399-55811-0352.fits
4399/spec-4399-55811-0353.fits
4399/spec-4399-55811-0354.fits
4399/spec-4399-55811-0355.fits
4399/spec-4399-55811-0356.fits
4399/spec-4399-55811-0357.fits
4399/spec-4399-55811-0358.fits
4399/spec-4399-55811-0359.fits
4399/spec-4399-55811-0360.fits
4399/spec-4399-55811-0361.fits
4399/spec-4399-55811-0362.fits
4399/spec-4399-55811-0363.fits
4399/spec-4399-55811-0364.fits
4399/spec-4399-55811-0365.fits
4399/spec-4399-55811-0366.fits
4399/spec-4399-55811-0367.fits
4399/spec-4399-55811-0368.fits
4399/spec-4399-55811-0369.fits
4399/spec-4399-55811-0370.fits
4399/spec-4399-55811-0371.fits
4399/spec-4399-55811-0372.fits
4399/spec-4399-55811-0373.fits
4399/spec-4399-55811-0374.fits
4399/spec-4399-55811-0375.fits
4399/spec-4399-55811-0376.fits
4399/spec-4399-55811-0377.fits
4399/spec-4399-55811-0378.fits
4399/spec-4399-55811-0379.fits
4399/spec-4399-55811-0380.fits
4399/spec-4399-55811-0381.fits
4399/spec-4399-55811-0382.fits
4399/spec-4399-55811-0383.fits
4399/spec-4399-55811-0384.fits
4399/spec-4399-55811-0385.fits
4399/spec-4399-55811-0386.fits
4399/spec-4399-55811-0387.fits
4399/spec-4399-55811-0388.fits
4399/spec-4399-55811-0389.fits
4399/spec-4399-55811-0390.fits
4399/spec-4399-55811-0391.fits
4399/spec-4399-55811-0392.fits
4399/spec-4399-55811-0393.fits
4399/spec-4399-55811-0394.fits
4399/spec-4399-55811-0395.fits
4399/spec-4399-55811-0396.fits
4399/spec-4399-55811-0397.fits
4399/spec-4399-55811-0398.fits
4399/spec-4399-55811-0399.fits
4399/spec-4399-55811-0400.fits
4399/spec-4399-55811-0401.fits
4399/spec-4399-55811-0402.fits
4399/spec-4399-55811-0403.fits
4399/spec-4399-55811-0404.fits
4399/spec-4399-55811-0405.fits
4399/spec-4399-55811-0406.fits
4399/spec-4399-55811-0407.fits
4399/spec-4399-55811-0408.fits
4399/spec-4399-55811-0409.fits
4399/spec-4399-55811-0410.fits
4399/spec-4399-55811-0411.fits
4399/spec-4399-55811-0412.fits
4399/spec-4399-55811-0413.fits
4399/spec-4399-55811-0414.fits
4399/spec-4399-55811-0415.fits
4399/spec-4399-55811-0416.fits
4399/spec-4399-55811-0417.fits
4399/spec-4399-55811-0418.fits
4399/spec-4399-55811-0419.fits
4399/spec-4399-55811-0420.fits
4399/spec-4399-55811-0421.fits
4399/spec-4399-55811-0422.fits
4399/spec-4399-55811-0423.fits
4399/spec-4399-55811-0424.fits
4399/spec-4399-55811-0425.fits
4399/spec-4399-55811-0426.fits
4399/spec-4399-55811-0427.fits
4399/spec-4399-55811-0428.fits
4399/spec-4399-55811-0429.fits
4399/spec-4399-55811-0430.fits
4399/spec-4399-55811-0431.fits
4399/spec-4399-55811-0432.fits
4399/spec-4399-55811-0433.fits
4399/spec-4399-55811-0434.fits
4399/spec-4399-55811-0435.fits
4399/spec-4399-55811-0436.fits
4399/spec-4399-55811-0437.fits
4399/spec-4399-55811-0438.fits
4399/spec-4399-55811-0439.fits
4399/spec-4399-55811-0440.fits
4399/spec-4399-55811-0441.fits
4399/spec-4399-55811-0442.fits
4399/spec-4399-55811-0443.fits
4399/spec-4399-55811-0444.fits
4399/spec-4399-55811-0445.fits
4399/spec-4399-55811-0446.fits
4399/spec-4399-55811-0447.fits
4399/spec-4399-55811-0448.fits
4399/spec-4399-55811-0449.fits
4399/spec-4399-55811-0450.fits
4399/spec-4399-55811-0451.fits
4399/spec-4399-55811-0452.fits
4399/spec-4399-55811-0453.fits
4399/spec-4399-55811-0454.fits
4399/spec-4399-55811-0455.fits
4399/spec-4399-55811-0456.fits
4399/spec-4399-55811-0457.fits
4399/spec-4399-55811-0458.fits
4399/spec-4399-55811-0459.fits
4399/spec-4399-55811-0460.fits
4399/spec-4399-55811-0461.fits
4399/spec-4399-55811-0462.fits
4399/spec-4399-55811-0463.fits
4399/spec-4399-55811-0464.fits
4399/spec-4399-55811-0465.fits
4399/spec-4399-55811-0466.fits
4399/spec-4399-55811-0467.fits
4399/spec-4399-55811-0468.fits
4399/spec-4399-55811-0469.fits
4399/spec-4399-55811-0470.fits
4399/spec-4399-55811-0471.fits
4399/spec-4399-55811-0472.fits
4399/spec-4399-55811-0473.fits
4399/spec-4399-55811-0474.fits
4399/spec-4399-55811-0475.fits
4399/spec-4399-55811-0476.fits
4399/spec-4399-55811-0477.fits
4399/spec-4399-55811-0478.fits
4399/spec-4399-55811-0479.fits
4399/spec-4399-55811-0480.fits
4399/spec-4399-55811-0481.fits
4399/spec-4399-55811-0482.fits
4399/spec-4399-55811-0483.fits
4399/spec-4399-55811-0484.fits
4399/spec-4399-55811-0485.fits
4399/spec-4399-55811-0486.fits
4399/spec-4399-55811-0487.fits
4399/spec-4399-55811-0488.fits
4399/spec-4399-55811-0489.fits
4399/spec-4399-55811-0490.fits
4399/spec-4399-55811-0491.fits
4399/spec-4399-55811-0492.fits
4399/spec-4399-55811-0493.fits
4399/spec-4399-55811-0494.fits
4399/spec-4399-55811-0495.fits
4399/spec-4399-55811-0496.fits
4399/spec-4399-55811-0497.fits
4399/spec-4399-55811-0498.fits
4399/spec-4399-55811-0499.fits
4399/spec-4399-55811-0500.fits
4399/spec-4399-55811-0501.fits
4399/spec-4399-55811-0502.fits
4399/spec-4399-55811-0503.fits
4399/spec-4399-55811-0504.fits
4399/spec-4399-55811-0505.fits
4399/spec-4399-55811-0506.fits
4399/spec-4399-55811-0507.fits
4399/spec-4399-55811-0508.fits
4399/spec-4399-55811-0509.fits
4399/spec-4399-55811-0510.fits
4399/spec-4399-55811-0511.fits
4399/spec-4399-55811-0512.fits
4399/spec-4399-55811-0513.fits
4399/spec-4399-55811-0514.fits
4399/spec-4399-55811-0515.fits
4399/spec-4399-55811-0516.fits
4399/spec-4399-55811-0517.fits
4399/spec-4399-55811-0518.fits
4399/spec-4399-55811-0519.fits
4399/spec-4399-55811-0520.fits
4399/spec-4399-55811-0521.fits
4399/spec-4399-55811-0522.fits
4399/spec-4399-55811-0523.fits
4399/spec-4399-55811-0524.fits
4399/spec-4399-55811-0525.fits
4399/spec-4399-55811-0526.fits
4399/spec-4399-55811-0527.fits
4399/spec-4399-55811-0528.fits
4399/spec-4399-55811-0529.fits
4399/spec-4399-55811-0530.fits
4399/spec-4399-55811-0531.fits
4399/spec-4399-55811-0532.fits
4399/spec-4399-55811-0533.fits
4399/spec-4399-55811-0534.fits
4399/spec-4399-55811-0535.fits
4399/spec-4399-55811-0536.fits
4399/spec-4399-55811-0537.fits
4399/spec-4399-55811-0538.fits
4399/spec-4399-55811-0539.fits
4399/spec-4399-55811-0540.fits
4399/spec-4399-55811-0541.fits
4399/spec-4399-55811-0542.fits
4399/spec-4399-55811-0543.fits
4399/spec-4399-55811-0544.fits
4399/spec-4399-55811-0545.fits
4399/spec-4399-55811-0546.fits
4399/spec-4399-55811-0547.fits
4399/spec-4399-55811-0548.fits
4399/spec-4399-55811-0549.fits
4399/spec-4399-55811-0550.fits
4399/spec-4399-55811-0551.fits
4399/spec-4399-55811-0552.fits
4399/spec-4399-55811-0553.fits
4399/spec-4399-55811-0554.fits
4399/spec-4399-55811-0555.fits
4399/spec-4399-55811-0556.fits
4399/spec-4399-55811-0557.fits
4399/spec-4399-55811-0558.fits
4399/spec-4399-55811-0559.fits
4399/spec-4399-55811-0560.fits
4399/spec-4399-55811-0561.fits
4399/spec-4399-55811-0562.fits
4399/spec-4399-55811-0563.fits
4399/spec-4399-55811-0564.fits
4399/spec-4399-55811-0565.fits
4399/spec-4399-55811-0566.fits
4399/spec-4399-55811-0567.fits
4399/spec-4399-55811-0568.fits
4399/spec-4399-55811-0569.fits
4399/spec-4399-55811-0570.fits
4399/spec-4399-55811-0571.fits
4399/spec-4399-55811-0572.fits
4399/spec-4399-55811-0573.fits
4399/spec-4399-55811-0574.fits
4399/spec-4399-55811-0575.fits
4399/spec-4399-55811-0576.fits
4399/spec-4399-55811-0577.fits
4399/spec-4399-55811-0578.fits
4399/spec-4399-55811-0579.fits
4399/spec-4399-55811-0580.fits
4399/spec-4399-55811-0581.fits
4399/spec-4399-55811-0582.fits
4399/spec-4399-55811-0583.fits
4399/spec-4399-55811-0584.fits
4399/spec-4399-55811-0585.fits
4399/spec-4399-55811-0586.fits
4399/spec-4399-55811-0587.fits
4399/spec-4399-55811-0588.fits
4399/spec-4399-55811-0589.fits
4399/spec-4399-55811-0590.fits
4399/spec-4399-55811-0591.fits
4399/spec-4399-55811-0592.fits
4399/spec-4399-55811-0593.fits
4399/spec-4399-55811-0594.fits
4399/spec-4399-55811-0595.fits
4399/spec-4399-55811-0596.fits
4399/spec-4399-55811-0597.fits
4399/spec-4399-55811-0598.fits
4399/spec-4399-55811-0599.fits
4399/spec-4399-55811-0600.fits
4399/spec-4399-55811-0601.fits
4399/spec-4399-55811-0602.fits
4399/spec-4399-55811-0603.fits
4399/spec-4399-55811-0604.fits
4399/spec-4399-55811-0605.fits
4399/spec-4399-55811-0606.fits
4399/spec-4399-55811-0607.fits
4399/spec-4399-55811-0608.fits
4399/spec-4399-55811-0609.fits
4399/spec-4399-55811-0610.fits
4399/spec-4399-55811-0611.fits
4399/spec-4399-55811-0612.fits
4399/spec-4399-55811-0613.fits
4399/spec-4399-55811-0614.fits
4399/spec-4399-55811-0615.fits
4399/spec-4399-55811-0616.fits
4399/spec-4399-55811-0617.fits
4399/spec-4399-55811-0618.fits
4399/spec-4399-55811-0619.fits
4399/spec-4399-55811-0620.fits
4399/spec-4399-55811-0621.fits
4399/spec-4399-55811-0622.fits
4399/spec-4399-55811-0623.fits
4399/spec-4399-55811-0624.fits
4399/spec-4399-55811-0625.fits
4399/spec-4399-55811-0626.fits
4399/spec-4399-55811-0627.fits
4399/spec-4399-55811-0628.fits
4399/spec-4399-55811-0629.fits
4399/spec-4399-55811-0630.fits
4399/spec-4399-55811-0631.fits
4399/spec-4399-55811-0632.fits
4399/spec-4399-55811-0633.fits
4399/spec-4399-55811-0634.fits
4399/spec-4399-55811-0635.fits
4399/spec-4399-55811-0636.fits
4399/spec-4399-55811-0637.fits
4399/spec-4399-55811-0638.fits
4399/spec-4399-55811-0639.fits
4399/spec-4399-55811-0640.fits
4399/spec-4399-55811-0641.fits
4399/spec-4399-55811-0642.fits
4399/spec-4399-55811-0643.fits
4399/spec-4399-55811-0644.fits
4399/spec-4399-55811-0645.fits
4399/spec-4399-55811-0646.fits
4399/spec-4399-55811-0647.fits
4399/spec-4399-55811-0648.fits
4399/spec-4399-55811-0649.fits
4399/spec-4399-55811-0650.fits
4399/spec-4399-55811-0651.fits
4399/spec-4399-55811-0652.fits
4399/spec-4399-55811-0653.fits
4399/spec-4399-55811-0654.fits
4399/spec-4399-55811-0655.fits
4399/spec-4399-55811-0656.fits
4399/spec-4399-55811-0657.fits
4399/spec-4399-55811-0658.fits
4399/spec-4399-55811-0659.fits
4399/spec-4399-55811-0660.fits
4399/spec-4399-55811-0661.fits
4399/spec-4399-55811-0662.fits
4399/spec-4399-55811-0663.fits
4399/spec-4399-55811-0664.fits
4399/spec-4399-55811-0665.fits
4399/spec-4399-55811-0666.fits
4399/spec-4399-55811-0667.fits
4399/spec-4399-55811-0668.fits
4399/spec-4399-55811-0669.fits
4399/spec-4399-55811-0670.fits
4399/spec-4399-55811-0671.fits
4399/spec-4399-55811-0672.fits
4399/spec-4399-55811-0673.fits
4399/spec-4399-55811-0674.fits
4399/spec-4399-55811-0675.fits
4399/spec-4399-55811-0676.fits
4399/spec-4399-55811-0677.fits
4399/spec-4399-55811-0678.fits
4399/spec-4399-55811-0679.fits
4399/spec-4399-55811-0680.fits
4399/spec-4399-55811-0681.fits
4399/spec-4399-55811-0682.fits
4399/spec-4399-55811-0683.fits
4399/spec-4399-55811-0684.fits
4399/spec-4399-55811-0685.fits
4399/spec-4399-55811-0686.fits
4399/spec-4399-55811-0687.fits
4399/spec-4399-55811-0688.fits
4399/spec-4399-55811-0689.fits
4399/spec-4399-55811-0690.fits
4399/spec-4399-55811-0691.fits
4399/spec-4399-55811-0692.fits
4399/spec-4399-55811-0693.fits
4399/spec-4399-55811-0694.fits
4399/spec-4399-55811-0695.fits
4399/spec-4399-55811-0696.fits
4399/spec-4399-55811-0697.fits
4399/spec-4399-55811-0698.fits
4399/spec-4399-55811-0699.fits
4399/spec-4399-55811-0700.fits
4399/spec-4399-55811-0701.fits
4399/spec-4399-55811-0702.fits
4399/spec-4399-55811-0703.fits
4399/spec-4399-55811-0704.fits
4399/spec-4399-55811-0705.fits
4399/spec-4399-55811-0706.fits
4399/spec-4399-55811-0707.fits
4399/spec-4399-55811-0708.fits
4399/spec-4399-55811-0709.fits
4399/spec-4399-55811-0710.fits
4399/spec-4399-55811-0711.fits
4399/spec-4399-55811-0712.fits
4399/spec-4399-55811-0713.fits
4399/spec-4399-55811-0714.fits
4399/spec-4399-55811-0715.fits
4399/spec-4399-55811-0716.fits
4399/spec-4399-55811-0717.fits
4399/spec-4399-55811-0718.fits
4399/spec-4399-55811-0719.fits
4399/spec-4399-55811-0720.fits
4399/spec-4399-55811-0721.fits
4399/spec-4399-55811-0722.fits
4399/spec-4399-55811-0723.fits
4399/spec-4399-55811-0724.fits
4399/spec-4399-55811-0725.fits
4399/spec-4399-55811-0726.fits
4399/spec-4399-55811-0727.fits
4399/spec-4399-55811-0728.fits
4399/spec-4399-55811-0729.fits
4399/spec-4399-55811-0730.fits
4399/spec-4399-55811-0731.fits
4399/spec-4399-55811-0732.fits
4399/spec-4399-55811-0733.fits
4399/spec-4399-55811-0734.fits
4399/spec-4399-55811-0735.fits
4399/spec-4399-55811-0736.fits
4399/spec-4399-55811-0737.fits
4399/spec-4399-55811-0738.fits
4399/spec-4399-55811-0739.fits
4399/spec-4399-55811-0740.fits
4399/spec-4399-55811-0741.fits
4399/spec-4399-55811-0742.fits
4399/spec-4399-55811-0743.fits
4399/spec-4399-55811-0744.fits
4399/spec-4399-55811-0745.fits
4399/spec-4399-55811-0746.fits
4399/spec-4399-55811-0747.fits
4399/spec-4399-55811-0748.fits
4399/spec-4399-55811-0749.fits
4399/spec-4399-55811-0750.fits
4399/spec-4399-55811-0751.fits
4399/spec-4399-55811-0752.fits
4399/spec-4399-55811-0753.fits
4399/spec-4399-55811-0754.fits
4399/spec-4399-55811-0755.fits
4399/spec-4399-55811-0756.fits
4399/spec-4399-55811-0757.fits
4399/spec-4399-55811-0758.fits
4399/spec-4399-55811-0759.fits
4399/spec-4399-55811-0760.fits
4399/spec-4399-55811-0761.fits
4399/spec-4399-55811-0762.fits
4399/spec-4399-55811-0763.fits
4399/spec-4399-55811-0764.fits
4399/spec-4399-55811-0765.fits
4399/spec-4399-55811-0766.fits
4399/spec-4399-55811-0767.fits
4399/spec-4399-55811-0768.fits
4399/spec-4399-55811-0769.fits
4399/spec-4399-55811-0770.fits
4399/spec-4399-55811-0771.fits
4399/spec-4399-55811-0772.fits
4399/spec-4399-55811-0773.fits
4399/spec-4399-55811-0774.fits
4399/spec-4399-55811-0775.fits
4399/spec-4399-55811-0776.fits
4399/spec-4399-55811-0777.fits
4399/spec-4399-55811-0778.fits
4399/spec-4399-55811-0779.fits
4399/spec-4399-55811-0780.fits
4399/spec-4399-55811-0781.fits
4399/spec-4399-55811-0782.fits
4399/spec-4399-55811-0783.fits
4399/spec-4399-55811-0784.fits
4399/spec-4399-55811-0785.fits
4399/spec-4399-55811-0786.fits
4399/spec-4399-55811-0787.fits
4399/spec-4399-55811-0788.fits
4399/spec-4399-55811-0789.fits
4399/spec-4399-55811-0790.fits
4399/spec-4399-55811-0791.fits
4399/spec-4399-55811-0792.fits
4399/spec-4399-55811-0793.fits
4399/spec-4399-55811-0794.fits
4399/spec-4399-55811-0795.fits
4399/spec-4399-55811-0796.fits
4399/spec-4399-55811-0797.fits
4399/spec-4399-55811-0798.fits
4399/spec-4399-55811-0799.fits
4399/spec-4399-55811-0800.fits
4399/spec-4399-55811-0801.fits
4399/spec-4399-55811-0802.fits
4399/spec-4399-55811-0803.fits
4399/spec-4399-55811-0804.fits
4399/spec-4399-55811-0805.fits
4399/spec-4399-55811-0806.fits
4399/spec-4399-55811-0807.fits
4399/spec-4399-55811-0808.fits
4399/spec-4399-55811-0809.fits
4399/spec-4399-55811-0810.fits
4399/spec-4399-55811-0811.fits
4399/spec-4399-55811-0812.fits
4399/spec-4399-55811-0813.fits
4399/spec-4399-55811-0814.fits
4399/spec-4399-55811-0815.fits
4399/spec-4399-55811-0816.fits
4399/spec-4399-55811-0817.fits
4399/spec-4399-55811-0818.fits
4399/spec-4399-55811-0819.fits
4399/spec-4399-55811-0820.fits
4399/spec-4399-55811-0821.fits
4399/spec-4399-55811-0822.fits
4399/spec-4399-55811-0823.fits
4399/spec-4399-55811-0824.fits
4399/spec-4399-55811-0825.fits
4399/spec-4399-55811-0826.fits
4399/spec-4399-55811-0827.fits
4399/spec-4399-55811-0828.fits
4399/spec-4399-55811-0829.fits
4399/spec-4399-55811-0830.fits
4399/spec-4399-55811-0831.fits
4399/spec-4399-55811-0832.fits
4399/spec-4399-55811-0833.fits
4399/spec-4399-55811-0834.fits
4399/spec-4399-55811-0835.fits
4399/spec-4399-55811-0836.fits
4399/spec-4399-55811-0837.fits
4399/spec-4399-55811-0838.fits
4399/spec-4399-55811-0839.fits
4399/spec-4399-55811-0840.fits
4399/spec-4399-55811-0841.fits
4399/spec-4399-55811-0842.fits
4399/spec-4399-55811-0843.fits
4399/spec-4399-55811-0844.fits
4399/spec-4399-55811-0845.fits
4399/spec-4399-55811-0846.fits
4399/spec-4399-55811-0847.fits
4399/spec-4399-55811-0848.fits
4399/spec-4399-55811-0849.fits
4399/spec-4399-55811-0850.fits
4399/spec-4399-55811-0851.fits
4399/spec-4399-55811-0852.fits
4399/spec-4399-55811-0853.fits
4399/spec-4399-55811-0854.fits
4399/spec-4399-55811-0855.fits
4399/spec-4399-55811-0856.fits
4399/spec-4399-55811-0857.fits
4399/spec-4399-55811-0858.fits
4399/spec-4399-55811-0859.fits
4399/spec-4399-55811-0860.fits
4399/spec-4399-55811-0861.fits
4399/spec-4399-55811-0862.fits
4399/spec-4399-55811-0863.fits
4399/spec-4399-55811-0864.fits
4399/spec-4399-55811-0865.fits
4399/spec-4399-55811-0866.fits
4399/spec-4399-55811-0867.fits
4399/spec-4399-55811-0868.fits
4399/spec-4399-55811-0869.fits
4399/spec-4399-55811-0870.fits
4399/spec-4399-55811-0871.fits
4399/spec-4399-55811-0872.fits
4399/spec-4399-55811-0873.fits
4399/spec-4399-55811-0874.fits
4399/spec-4399-55811-0875.fits
4399/spec-4399-55811-0876.fits
4399/spec-4399-55811-0877.fits
4399/spec-4399-55811-0878.fits
4399/spec-4399-55811-0879.fits
4399/spec-4399-55811-0880.fits
4399/spec-4399-55811-0881.fits
4399/spec-4399-55811-0882.fits
4399/spec-4399-55811-0883.fits
4399/spec-4399-55811-0884.fits
4399/spec-4399-55811-0885.fits
4399/spec-4399-55811-0886.fits
4399/spec-4399-55811-0887.fits
4399/spec-4399-55811-0888.fits
4399/spec-4399-55811-0889.fits
4399/spec-4399-55811-0890.fits
4399/spec-4399-55811-0891.fits
4399/spec-4399-55811-0892.fits
4399/spec-4399-55811-0893.fits
4399/spec-4399-55811-0894.fits
4399/spec-4399-55811-0895.fits
4399/spec-4399-55811-0896.fits
4399/spec-4399-55811-0897.fits
4399/spec-4399-55811-0898.fits
4399/spec-4399-55811-0899.fits
4399/spec-4399-55811-0900.fits
4399/spec-4399-55811-0901.fits
4399/spec-4399-55811-0902.fits
4399/spec-4399-55811-0903.fits
4399/spec-4399-55811-0904.fits
4399/spec-4399-55811-0905.fits
4399/spec-4399-55811-0906.fits
4399/spec-4399-55811-0907.fits
4399/spec-4399-55811-0908.fits
4399/spec-4399-55811-0909.fits
4399/spec-4399-55811-0910.fits
4399/spec-4399-55811-0911.fits
4399/spec-4399-55811-0912.fits
4399/spec-4399-55811-0913.fits
4399/spec-4399-55811-0914.fits
4399/spec-4399-55811-0915.fits
4399/spec-4399-55811-0916.fits
4399/spec-4399-55811-0917.fits
4399/spec-4399-55811-0918.fits
4399/spec-4399-55811-0919.fits
4399/spec-4399-55811-0920.fits
4399/spec-4399-55811-0921.fits
4399/spec-4399-55811-0922.fits
4399/spec-4399-55811-0923.fits
4399/spec-4399-55811-0924.fits
4399/spec-4399-55811-0925.fits
4399/spec-4399-55811-0926.fits
4399/spec-4399-55811-0927.fits
4399/spec-4399-55811-0928.fits
4399/spec-4399-55811-0929.fits
4399/spec-4399-55811-0930.fits
4399/spec-4399-55811-0931.fits
4399/spec-4399-55811-0932.fits
4399/spec-4399-55811-0933.fits
4399/spec-4399-55811-0934.fits
4399/spec-4399-55811-0935.fits
4399/spec-4399-55811-0936.fits
4399/spec-4399-55811-0937.fits
4399/spec-4399-55811-0938.fits
4399/spec-4399-55811-0939.fits
4399/spec-4399-55811-0940.fits
4399/spec-4399-55811-0941.fits
4399/spec-4399-55811-0942.fits
4399/spec-4399-55811-0943.fits
4399/spec-4399-55811-0944.fits
4399/spec-4399-55811-0945.fits
4399/spec-4399-55811-0946.fits
4399/spec-4399-55811-0947.fits
4399/spec-4399-55811-0948.fits
4399/spec-4399-55811-0949.fits
4399/spec-4399-55811-0950.fits
4399/spec-4399-55811-0951.fits
4399/spec-4399-55811-0952.fits
4399/spec-4399-55811-0953.fits
4399/spec-4399-55811-0954.fits
4399/spec-4399-55811-0955.fits
4399/spec-4399-55811-0956.fits
4399/spec-4399-55811-0957.fits
4399/spec-4399-55811-0958.fits
4399/spec-4399-55811-0959.fits
4399/spec-4399-55811-0960.fits
4399/spec-4399-55811-0961.fits
4399/spec-4399-55811-0962.fits
4399/spec-4399-55811-0963.fits
4399/spec-4399-55811-0964.fits
4399/spec-4399-55811-0965.fits
4399/spec-4399-55811-0966.fits
4399/spec-4399-55811-0967.fits
4399/spec-4399-55811-0968.fits
4399/spec-4399-55811-0969.fits
4399/spec-4399-55811-0970.fits
4399/spec-4399-55811-0971.fits
4399/spec-4399-55811-0972.fits
4399/spec-4399-55811-0973.fits
4399/spec-4399-55811-0974.fits
4399/spec-4399-55811-0975.fits
4399/spec-4399-55811-0976.fits
4399/spec-4399-55811-0977.fits
4399/spec-4399-55811-0978.fits
4399/spec-4399-55811-0979.fits
4399/spec-4399-55811-0980.fits
4399/spec-4399-55811-0981.fits
4399/spec-4399-55811-0982.fits
4399/spec-4399-55811-0983.fits
4399/spec-4399-55811-0984.fits
4399/spec-4399-55811-0985.fits
4399/spec-4399-55811-0986.fits
4399/spec-4399-55811-0987.fits
4399/spec-4399-55811-0988.fits
4399/spec-4399-55811-0989.fits
4399/spec-4399-55811-0990.fits
4399/spec-4399-55811-0991.fits
4399/spec-4399-55811-0992.fits
4399/spec-4399-55811-0993.fits
4399/spec-4399-55811-0994.fits
4399/spec-4399-55811-0995.fits
4399/spec-4399-55811-0996.fits
4399/spec-4399-55811-0997.fits
4399/spec-4399-55811-0998.fits
4399/spec-4399-55811-0999.fits
4399/spec-4399-55811-1000.fits
/var/lib/condor/execute/slot1/dir_33537
4399 4399.tgz R R361.tar.gz _condor_stderr _condor_stdout cB58_Lyman_break.fit condor_exec.exe hw4.R packages packages.tar.gz tmp var
[1] "Loaded package astro."
[1] 1000
4399 4399.csv 4399.tgz R R361.tar.gz _condor_stderr _condor_stdout cB58_Lyman_break.fit condor_exec.exe hw4.R packages packages.tar.gz tmp var
