4417
4417/
4417/spec-4417-55829-0001.fits
4417/spec-4417-55829-0002.fits
4417/spec-4417-55829-0003.fits
4417/spec-4417-55829-0004.fits
4417/spec-4417-55829-0005.fits
4417/spec-4417-55829-0006.fits
4417/spec-4417-55829-0007.fits
4417/spec-4417-55829-0008.fits
4417/spec-4417-55829-0009.fits
4417/spec-4417-55829-0010.fits
4417/spec-4417-55829-0011.fits
4417/spec-4417-55829-0012.fits
4417/spec-4417-55829-0013.fits
4417/spec-4417-55829-0014.fits
4417/spec-4417-55829-0015.fits
4417/spec-4417-55829-0016.fits
4417/spec-4417-55829-0017.fits
4417/spec-4417-55829-0018.fits
4417/spec-4417-55829-0019.fits
4417/spec-4417-55829-0020.fits
4417/spec-4417-55829-0021.fits
4417/spec-4417-55829-0022.fits
4417/spec-4417-55829-0023.fits
4417/spec-4417-55829-0024.fits
4417/spec-4417-55829-0025.fits
4417/spec-4417-55829-0026.fits
4417/spec-4417-55829-0027.fits
4417/spec-4417-55829-0028.fits
4417/spec-4417-55829-0029.fits
4417/spec-4417-55829-0030.fits
4417/spec-4417-55829-0031.fits
4417/spec-4417-55829-0032.fits
4417/spec-4417-55829-0033.fits
4417/spec-4417-55829-0034.fits
4417/spec-4417-55829-0035.fits
4417/spec-4417-55829-0036.fits
4417/spec-4417-55829-0037.fits
4417/spec-4417-55829-0038.fits
4417/spec-4417-55829-0039.fits
4417/spec-4417-55829-0040.fits
4417/spec-4417-55829-0041.fits
4417/spec-4417-55829-0042.fits
4417/spec-4417-55829-0043.fits
4417/spec-4417-55829-0044.fits
4417/spec-4417-55829-0045.fits
4417/spec-4417-55829-0046.fits
4417/spec-4417-55829-0047.fits
4417/spec-4417-55829-0048.fits
4417/spec-4417-55829-0049.fits
4417/spec-4417-55829-0050.fits
4417/spec-4417-55829-0051.fits
4417/spec-4417-55829-0052.fits
4417/spec-4417-55829-0053.fits
4417/spec-4417-55829-0054.fits
4417/spec-4417-55829-0055.fits
4417/spec-4417-55829-0056.fits
4417/spec-4417-55829-0057.fits
4417/spec-4417-55829-0058.fits
4417/spec-4417-55829-0059.fits
4417/spec-4417-55829-0060.fits
4417/spec-4417-55829-0061.fits
4417/spec-4417-55829-0062.fits
4417/spec-4417-55829-0063.fits
4417/spec-4417-55829-0064.fits
4417/spec-4417-55829-0065.fits
4417/spec-4417-55829-0066.fits
4417/spec-4417-55829-0067.fits
4417/spec-4417-55829-0068.fits
4417/spec-4417-55829-0069.fits
4417/spec-4417-55829-0070.fits
4417/spec-4417-55829-0071.fits
4417/spec-4417-55829-0072.fits
4417/spec-4417-55829-0073.fits
4417/spec-4417-55829-0074.fits
4417/spec-4417-55829-0075.fits
4417/spec-4417-55829-0076.fits
4417/spec-4417-55829-0077.fits
4417/spec-4417-55829-0078.fits
4417/spec-4417-55829-0079.fits
4417/spec-4417-55829-0080.fits
4417/spec-4417-55829-0081.fits
4417/spec-4417-55829-0082.fits
4417/spec-4417-55829-0083.fits
4417/spec-4417-55829-0084.fits
4417/spec-4417-55829-0085.fits
4417/spec-4417-55829-0086.fits
4417/spec-4417-55829-0087.fits
4417/spec-4417-55829-0088.fits
4417/spec-4417-55829-0089.fits
4417/spec-4417-55829-0090.fits
4417/spec-4417-55829-0091.fits
4417/spec-4417-55829-0092.fits
4417/spec-4417-55829-0093.fits
4417/spec-4417-55829-0094.fits
4417/spec-4417-55829-0095.fits
4417/spec-4417-55829-0096.fits
4417/spec-4417-55829-0097.fits
4417/spec-4417-55829-0098.fits
4417/spec-4417-55829-0099.fits
4417/spec-4417-55829-0100.fits
4417/spec-4417-55829-0101.fits
4417/spec-4417-55829-0102.fits
4417/spec-4417-55829-0103.fits
4417/spec-4417-55829-0104.fits
4417/spec-4417-55829-0105.fits
4417/spec-4417-55829-0106.fits
4417/spec-4417-55829-0107.fits
4417/spec-4417-55829-0108.fits
4417/spec-4417-55829-0109.fits
4417/spec-4417-55829-0110.fits
4417/spec-4417-55829-0111.fits
4417/spec-4417-55829-0112.fits
4417/spec-4417-55829-0113.fits
4417/spec-4417-55829-0114.fits
4417/spec-4417-55829-0115.fits
4417/spec-4417-55829-0116.fits
4417/spec-4417-55829-0117.fits
4417/spec-4417-55829-0118.fits
4417/spec-4417-55829-0119.fits
4417/spec-4417-55829-0120.fits
4417/spec-4417-55829-0121.fits
4417/spec-4417-55829-0122.fits
4417/spec-4417-55829-0123.fits
4417/spec-4417-55829-0124.fits
4417/spec-4417-55829-0125.fits
4417/spec-4417-55829-0126.fits
4417/spec-4417-55829-0127.fits
4417/spec-4417-55829-0128.fits
4417/spec-4417-55829-0129.fits
4417/spec-4417-55829-0130.fits
4417/spec-4417-55829-0131.fits
4417/spec-4417-55829-0132.fits
4417/spec-4417-55829-0133.fits
4417/spec-4417-55829-0134.fits
4417/spec-4417-55829-0135.fits
4417/spec-4417-55829-0136.fits
4417/spec-4417-55829-0137.fits
4417/spec-4417-55829-0138.fits
4417/spec-4417-55829-0139.fits
4417/spec-4417-55829-0140.fits
4417/spec-4417-55829-0141.fits
4417/spec-4417-55829-0142.fits
4417/spec-4417-55829-0143.fits
4417/spec-4417-55829-0144.fits
4417/spec-4417-55829-0145.fits
4417/spec-4417-55829-0146.fits
4417/spec-4417-55829-0147.fits
4417/spec-4417-55829-0148.fits
4417/spec-4417-55829-0149.fits
4417/spec-4417-55829-0150.fits
4417/spec-4417-55829-0151.fits
4417/spec-4417-55829-0152.fits
4417/spec-4417-55829-0153.fits
4417/spec-4417-55829-0154.fits
4417/spec-4417-55829-0155.fits
4417/spec-4417-55829-0156.fits
4417/spec-4417-55829-0157.fits
4417/spec-4417-55829-0158.fits
4417/spec-4417-55829-0159.fits
4417/spec-4417-55829-0160.fits
4417/spec-4417-55829-0161.fits
4417/spec-4417-55829-0162.fits
4417/spec-4417-55829-0163.fits
4417/spec-4417-55829-0164.fits
4417/spec-4417-55829-0165.fits
4417/spec-4417-55829-0166.fits
4417/spec-4417-55829-0167.fits
4417/spec-4417-55829-0168.fits
4417/spec-4417-55829-0169.fits
4417/spec-4417-55829-0170.fits
4417/spec-4417-55829-0171.fits
4417/spec-4417-55829-0172.fits
4417/spec-4417-55829-0173.fits
4417/spec-4417-55829-0174.fits
4417/spec-4417-55829-0175.fits
4417/spec-4417-55829-0176.fits
4417/spec-4417-55829-0177.fits
4417/spec-4417-55829-0178.fits
4417/spec-4417-55829-0179.fits
4417/spec-4417-55829-0180.fits
4417/spec-4417-55829-0181.fits
4417/spec-4417-55829-0182.fits
4417/spec-4417-55829-0183.fits
4417/spec-4417-55829-0184.fits
4417/spec-4417-55829-0185.fits
4417/spec-4417-55829-0186.fits
4417/spec-4417-55829-0187.fits
4417/spec-4417-55829-0188.fits
4417/spec-4417-55829-0189.fits
4417/spec-4417-55829-0190.fits
4417/spec-4417-55829-0191.fits
4417/spec-4417-55829-0192.fits
4417/spec-4417-55829-0193.fits
4417/spec-4417-55829-0194.fits
4417/spec-4417-55829-0195.fits
4417/spec-4417-55829-0196.fits
4417/spec-4417-55829-0197.fits
4417/spec-4417-55829-0198.fits
4417/spec-4417-55829-0199.fits
4417/spec-4417-55829-0200.fits
4417/spec-4417-55829-0201.fits
4417/spec-4417-55829-0202.fits
4417/spec-4417-55829-0203.fits
4417/spec-4417-55829-0204.fits
4417/spec-4417-55829-0205.fits
4417/spec-4417-55829-0206.fits
4417/spec-4417-55829-0207.fits
4417/spec-4417-55829-0208.fits
4417/spec-4417-55829-0209.fits
4417/spec-4417-55829-0210.fits
4417/spec-4417-55829-0211.fits
4417/spec-4417-55829-0212.fits
4417/spec-4417-55829-0213.fits
4417/spec-4417-55829-0214.fits
4417/spec-4417-55829-0215.fits
4417/spec-4417-55829-0216.fits
4417/spec-4417-55829-0217.fits
4417/spec-4417-55829-0218.fits
4417/spec-4417-55829-0219.fits
4417/spec-4417-55829-0220.fits
4417/spec-4417-55829-0221.fits
4417/spec-4417-55829-0222.fits
4417/spec-4417-55829-0223.fits
4417/spec-4417-55829-0224.fits
4417/spec-4417-55829-0225.fits
4417/spec-4417-55829-0226.fits
4417/spec-4417-55829-0227.fits
4417/spec-4417-55829-0228.fits
4417/spec-4417-55829-0229.fits
4417/spec-4417-55829-0230.fits
4417/spec-4417-55829-0231.fits
4417/spec-4417-55829-0232.fits
4417/spec-4417-55829-0233.fits
4417/spec-4417-55829-0234.fits
4417/spec-4417-55829-0235.fits
4417/spec-4417-55829-0236.fits
4417/spec-4417-55829-0237.fits
4417/spec-4417-55829-0238.fits
4417/spec-4417-55829-0239.fits
4417/spec-4417-55829-0240.fits
4417/spec-4417-55829-0241.fits
4417/spec-4417-55829-0242.fits
4417/spec-4417-55829-0243.fits
4417/spec-4417-55829-0244.fits
4417/spec-4417-55829-0245.fits
4417/spec-4417-55829-0246.fits
4417/spec-4417-55829-0247.fits
4417/spec-4417-55829-0248.fits
4417/spec-4417-55829-0249.fits
4417/spec-4417-55829-0250.fits
4417/spec-4417-55829-0251.fits
4417/spec-4417-55829-0252.fits
4417/spec-4417-55829-0253.fits
4417/spec-4417-55829-0254.fits
4417/spec-4417-55829-0255.fits
4417/spec-4417-55829-0256.fits
4417/spec-4417-55829-0257.fits
4417/spec-4417-55829-0258.fits
4417/spec-4417-55829-0259.fits
4417/spec-4417-55829-0260.fits
4417/spec-4417-55829-0261.fits
4417/spec-4417-55829-0262.fits
4417/spec-4417-55829-0263.fits
4417/spec-4417-55829-0264.fits
4417/spec-4417-55829-0265.fits
4417/spec-4417-55829-0266.fits
4417/spec-4417-55829-0267.fits
4417/spec-4417-55829-0268.fits
4417/spec-4417-55829-0269.fits
4417/spec-4417-55829-0270.fits
4417/spec-4417-55829-0271.fits
4417/spec-4417-55829-0272.fits
4417/spec-4417-55829-0273.fits
4417/spec-4417-55829-0274.fits
4417/spec-4417-55829-0275.fits
4417/spec-4417-55829-0276.fits
4417/spec-4417-55829-0277.fits
4417/spec-4417-55829-0278.fits
4417/spec-4417-55829-0279.fits
4417/spec-4417-55829-0280.fits
4417/spec-4417-55829-0281.fits
4417/spec-4417-55829-0282.fits
4417/spec-4417-55829-0283.fits
4417/spec-4417-55829-0284.fits
4417/spec-4417-55829-0285.fits
4417/spec-4417-55829-0286.fits
4417/spec-4417-55829-0287.fits
4417/spec-4417-55829-0288.fits
4417/spec-4417-55829-0289.fits
4417/spec-4417-55829-0290.fits
4417/spec-4417-55829-0291.fits
4417/spec-4417-55829-0292.fits
4417/spec-4417-55829-0293.fits
4417/spec-4417-55829-0294.fits
4417/spec-4417-55829-0295.fits
4417/spec-4417-55829-0296.fits
4417/spec-4417-55829-0297.fits
4417/spec-4417-55829-0298.fits
4417/spec-4417-55829-0299.fits
4417/spec-4417-55829-0300.fits
4417/spec-4417-55829-0301.fits
4417/spec-4417-55829-0302.fits
4417/spec-4417-55829-0303.fits
4417/spec-4417-55829-0304.fits
4417/spec-4417-55829-0305.fits
4417/spec-4417-55829-0306.fits
4417/spec-4417-55829-0307.fits
4417/spec-4417-55829-0308.fits
4417/spec-4417-55829-0309.fits
4417/spec-4417-55829-0310.fits
4417/spec-4417-55829-0311.fits
4417/spec-4417-55829-0312.fits
4417/spec-4417-55829-0313.fits
4417/spec-4417-55829-0314.fits
4417/spec-4417-55829-0315.fits
4417/spec-4417-55829-0316.fits
4417/spec-4417-55829-0317.fits
4417/spec-4417-55829-0318.fits
4417/spec-4417-55829-0319.fits
4417/spec-4417-55829-0320.fits
4417/spec-4417-55829-0321.fits
4417/spec-4417-55829-0322.fits
4417/spec-4417-55829-0323.fits
4417/spec-4417-55829-0324.fits
4417/spec-4417-55829-0325.fits
4417/spec-4417-55829-0326.fits
4417/spec-4417-55829-0327.fits
4417/spec-4417-55829-0328.fits
4417/spec-4417-55829-0329.fits
4417/spec-4417-55829-0330.fits
4417/spec-4417-55829-0331.fits
4417/spec-4417-55829-0332.fits
4417/spec-4417-55829-0333.fits
4417/spec-4417-55829-0334.fits
4417/spec-4417-55829-0335.fits
4417/spec-4417-55829-0336.fits
4417/spec-4417-55829-0337.fits
4417/spec-4417-55829-0338.fits
4417/spec-4417-55829-0339.fits
4417/spec-4417-55829-0340.fits
4417/spec-4417-55829-0341.fits
4417/spec-4417-55829-0342.fits
4417/spec-4417-55829-0343.fits
4417/spec-4417-55829-0344.fits
4417/spec-4417-55829-0345.fits
4417/spec-4417-55829-0346.fits
4417/spec-4417-55829-0347.fits
4417/spec-4417-55829-0348.fits
4417/spec-4417-55829-0349.fits
4417/spec-4417-55829-0350.fits
4417/spec-4417-55829-0351.fits
4417/spec-4417-55829-0352.fits
4417/spec-4417-55829-0353.fits
4417/spec-4417-55829-0354.fits
4417/spec-4417-55829-0355.fits
4417/spec-4417-55829-0356.fits
4417/spec-4417-55829-0357.fits
4417/spec-4417-55829-0358.fits
4417/spec-4417-55829-0359.fits
4417/spec-4417-55829-0360.fits
4417/spec-4417-55829-0361.fits
4417/spec-4417-55829-0362.fits
4417/spec-4417-55829-0363.fits
4417/spec-4417-55829-0364.fits
4417/spec-4417-55829-0365.fits
4417/spec-4417-55829-0366.fits
4417/spec-4417-55829-0367.fits
4417/spec-4417-55829-0368.fits
4417/spec-4417-55829-0369.fits
4417/spec-4417-55829-0370.fits
4417/spec-4417-55829-0371.fits
4417/spec-4417-55829-0372.fits
4417/spec-4417-55829-0373.fits
4417/spec-4417-55829-0374.fits
4417/spec-4417-55829-0375.fits
4417/spec-4417-55829-0376.fits
4417/spec-4417-55829-0377.fits
4417/spec-4417-55829-0378.fits
4417/spec-4417-55829-0379.fits
4417/spec-4417-55829-0380.fits
4417/spec-4417-55829-0381.fits
4417/spec-4417-55829-0382.fits
4417/spec-4417-55829-0383.fits
4417/spec-4417-55829-0384.fits
4417/spec-4417-55829-0385.fits
4417/spec-4417-55829-0386.fits
4417/spec-4417-55829-0387.fits
4417/spec-4417-55829-0388.fits
4417/spec-4417-55829-0389.fits
4417/spec-4417-55829-0390.fits
4417/spec-4417-55829-0391.fits
4417/spec-4417-55829-0392.fits
4417/spec-4417-55829-0393.fits
4417/spec-4417-55829-0394.fits
4417/spec-4417-55829-0395.fits
4417/spec-4417-55829-0396.fits
4417/spec-4417-55829-0397.fits
4417/spec-4417-55829-0398.fits
4417/spec-4417-55829-0399.fits
4417/spec-4417-55829-0400.fits
4417/spec-4417-55829-0401.fits
4417/spec-4417-55829-0402.fits
4417/spec-4417-55829-0403.fits
4417/spec-4417-55829-0404.fits
4417/spec-4417-55829-0405.fits
4417/spec-4417-55829-0406.fits
4417/spec-4417-55829-0407.fits
4417/spec-4417-55829-0408.fits
4417/spec-4417-55829-0409.fits
4417/spec-4417-55829-0410.fits
4417/spec-4417-55829-0411.fits
4417/spec-4417-55829-0412.fits
4417/spec-4417-55829-0413.fits
4417/spec-4417-55829-0414.fits
4417/spec-4417-55829-0415.fits
4417/spec-4417-55829-0416.fits
4417/spec-4417-55829-0417.fits
4417/spec-4417-55829-0418.fits
4417/spec-4417-55829-0419.fits
4417/spec-4417-55829-0420.fits
4417/spec-4417-55829-0421.fits
4417/spec-4417-55829-0422.fits
4417/spec-4417-55829-0423.fits
4417/spec-4417-55829-0424.fits
4417/spec-4417-55829-0425.fits
4417/spec-4417-55829-0426.fits
4417/spec-4417-55829-0427.fits
4417/spec-4417-55829-0428.fits
4417/spec-4417-55829-0429.fits
4417/spec-4417-55829-0430.fits
4417/spec-4417-55829-0431.fits
4417/spec-4417-55829-0432.fits
4417/spec-4417-55829-0433.fits
4417/spec-4417-55829-0434.fits
4417/spec-4417-55829-0435.fits
4417/spec-4417-55829-0436.fits
4417/spec-4417-55829-0437.fits
4417/spec-4417-55829-0438.fits
4417/spec-4417-55829-0439.fits
4417/spec-4417-55829-0440.fits
4417/spec-4417-55829-0441.fits
4417/spec-4417-55829-0442.fits
4417/spec-4417-55829-0443.fits
4417/spec-4417-55829-0444.fits
4417/spec-4417-55829-0445.fits
4417/spec-4417-55829-0446.fits
4417/spec-4417-55829-0447.fits
4417/spec-4417-55829-0448.fits
4417/spec-4417-55829-0449.fits
4417/spec-4417-55829-0450.fits
4417/spec-4417-55829-0451.fits
4417/spec-4417-55829-0452.fits
4417/spec-4417-55829-0453.fits
4417/spec-4417-55829-0454.fits
4417/spec-4417-55829-0455.fits
4417/spec-4417-55829-0456.fits
4417/spec-4417-55829-0457.fits
4417/spec-4417-55829-0458.fits
4417/spec-4417-55829-0459.fits
4417/spec-4417-55829-0460.fits
4417/spec-4417-55829-0461.fits
4417/spec-4417-55829-0462.fits
4417/spec-4417-55829-0463.fits
4417/spec-4417-55829-0464.fits
4417/spec-4417-55829-0465.fits
4417/spec-4417-55829-0466.fits
4417/spec-4417-55829-0467.fits
4417/spec-4417-55829-0468.fits
4417/spec-4417-55829-0469.fits
4417/spec-4417-55829-0470.fits
4417/spec-4417-55829-0471.fits
4417/spec-4417-55829-0472.fits
4417/spec-4417-55829-0473.fits
4417/spec-4417-55829-0474.fits
4417/spec-4417-55829-0475.fits
4417/spec-4417-55829-0476.fits
4417/spec-4417-55829-0477.fits
4417/spec-4417-55829-0478.fits
4417/spec-4417-55829-0479.fits
4417/spec-4417-55829-0480.fits
4417/spec-4417-55829-0481.fits
4417/spec-4417-55829-0482.fits
4417/spec-4417-55829-0483.fits
4417/spec-4417-55829-0484.fits
4417/spec-4417-55829-0485.fits
4417/spec-4417-55829-0486.fits
4417/spec-4417-55829-0487.fits
4417/spec-4417-55829-0488.fits
4417/spec-4417-55829-0489.fits
4417/spec-4417-55829-0490.fits
4417/spec-4417-55829-0491.fits
4417/spec-4417-55829-0492.fits
4417/spec-4417-55829-0493.fits
4417/spec-4417-55829-0494.fits
4417/spec-4417-55829-0495.fits
4417/spec-4417-55829-0496.fits
4417/spec-4417-55829-0497.fits
4417/spec-4417-55829-0498.fits
4417/spec-4417-55829-0499.fits
4417/spec-4417-55829-0500.fits
4417/spec-4417-55829-0501.fits
4417/spec-4417-55829-0502.fits
4417/spec-4417-55829-0503.fits
4417/spec-4417-55829-0504.fits
4417/spec-4417-55829-0505.fits
4417/spec-4417-55829-0506.fits
4417/spec-4417-55829-0507.fits
4417/spec-4417-55829-0508.fits
4417/spec-4417-55829-0509.fits
4417/spec-4417-55829-0510.fits
4417/spec-4417-55829-0511.fits
4417/spec-4417-55829-0512.fits
4417/spec-4417-55829-0513.fits
4417/spec-4417-55829-0514.fits
4417/spec-4417-55829-0515.fits
4417/spec-4417-55829-0516.fits
4417/spec-4417-55829-0517.fits
4417/spec-4417-55829-0518.fits
4417/spec-4417-55829-0519.fits
4417/spec-4417-55829-0520.fits
4417/spec-4417-55829-0521.fits
4417/spec-4417-55829-0522.fits
4417/spec-4417-55829-0523.fits
4417/spec-4417-55829-0524.fits
4417/spec-4417-55829-0525.fits
4417/spec-4417-55829-0526.fits
4417/spec-4417-55829-0527.fits
4417/spec-4417-55829-0528.fits
4417/spec-4417-55829-0529.fits
4417/spec-4417-55829-0530.fits
4417/spec-4417-55829-0531.fits
4417/spec-4417-55829-0532.fits
4417/spec-4417-55829-0533.fits
4417/spec-4417-55829-0534.fits
4417/spec-4417-55829-0535.fits
4417/spec-4417-55829-0536.fits
4417/spec-4417-55829-0537.fits
4417/spec-4417-55829-0538.fits
4417/spec-4417-55829-0539.fits
4417/spec-4417-55829-0540.fits
4417/spec-4417-55829-0541.fits
4417/spec-4417-55829-0542.fits
4417/spec-4417-55829-0543.fits
4417/spec-4417-55829-0544.fits
4417/spec-4417-55829-0545.fits
4417/spec-4417-55829-0546.fits
4417/spec-4417-55829-0547.fits
4417/spec-4417-55829-0548.fits
4417/spec-4417-55829-0549.fits
4417/spec-4417-55829-0550.fits
4417/spec-4417-55829-0551.fits
4417/spec-4417-55829-0552.fits
4417/spec-4417-55829-0553.fits
4417/spec-4417-55829-0554.fits
4417/spec-4417-55829-0555.fits
4417/spec-4417-55829-0556.fits
4417/spec-4417-55829-0557.fits
4417/spec-4417-55829-0558.fits
4417/spec-4417-55829-0559.fits
4417/spec-4417-55829-0560.fits
4417/spec-4417-55829-0561.fits
4417/spec-4417-55829-0562.fits
4417/spec-4417-55829-0563.fits
4417/spec-4417-55829-0564.fits
4417/spec-4417-55829-0565.fits
4417/spec-4417-55829-0566.fits
4417/spec-4417-55829-0567.fits
4417/spec-4417-55829-0568.fits
4417/spec-4417-55829-0569.fits
4417/spec-4417-55829-0570.fits
4417/spec-4417-55829-0571.fits
4417/spec-4417-55829-0572.fits
4417/spec-4417-55829-0573.fits
4417/spec-4417-55829-0574.fits
4417/spec-4417-55829-0575.fits
4417/spec-4417-55829-0576.fits
4417/spec-4417-55829-0577.fits
4417/spec-4417-55829-0578.fits
4417/spec-4417-55829-0579.fits
4417/spec-4417-55829-0580.fits
4417/spec-4417-55829-0581.fits
4417/spec-4417-55829-0582.fits
4417/spec-4417-55829-0583.fits
4417/spec-4417-55829-0584.fits
4417/spec-4417-55829-0585.fits
4417/spec-4417-55829-0586.fits
4417/spec-4417-55829-0587.fits
4417/spec-4417-55829-0588.fits
4417/spec-4417-55829-0589.fits
4417/spec-4417-55829-0590.fits
4417/spec-4417-55829-0591.fits
4417/spec-4417-55829-0592.fits
4417/spec-4417-55829-0593.fits
4417/spec-4417-55829-0594.fits
4417/spec-4417-55829-0595.fits
4417/spec-4417-55829-0596.fits
4417/spec-4417-55829-0597.fits
4417/spec-4417-55829-0598.fits
4417/spec-4417-55829-0599.fits
4417/spec-4417-55829-0600.fits
4417/spec-4417-55829-0601.fits
4417/spec-4417-55829-0602.fits
4417/spec-4417-55829-0603.fits
4417/spec-4417-55829-0604.fits
4417/spec-4417-55829-0605.fits
4417/spec-4417-55829-0606.fits
4417/spec-4417-55829-0607.fits
4417/spec-4417-55829-0608.fits
4417/spec-4417-55829-0609.fits
4417/spec-4417-55829-0610.fits
4417/spec-4417-55829-0611.fits
4417/spec-4417-55829-0612.fits
4417/spec-4417-55829-0613.fits
4417/spec-4417-55829-0614.fits
4417/spec-4417-55829-0615.fits
4417/spec-4417-55829-0616.fits
4417/spec-4417-55829-0617.fits
4417/spec-4417-55829-0618.fits
4417/spec-4417-55829-0619.fits
4417/spec-4417-55829-0620.fits
4417/spec-4417-55829-0621.fits
4417/spec-4417-55829-0622.fits
4417/spec-4417-55829-0623.fits
4417/spec-4417-55829-0624.fits
4417/spec-4417-55829-0625.fits
4417/spec-4417-55829-0626.fits
4417/spec-4417-55829-0627.fits
4417/spec-4417-55829-0628.fits
4417/spec-4417-55829-0629.fits
4417/spec-4417-55829-0630.fits
4417/spec-4417-55829-0631.fits
4417/spec-4417-55829-0632.fits
4417/spec-4417-55829-0633.fits
4417/spec-4417-55829-0634.fits
4417/spec-4417-55829-0635.fits
4417/spec-4417-55829-0636.fits
4417/spec-4417-55829-0637.fits
4417/spec-4417-55829-0638.fits
4417/spec-4417-55829-0639.fits
4417/spec-4417-55829-0640.fits
4417/spec-4417-55829-0641.fits
4417/spec-4417-55829-0642.fits
4417/spec-4417-55829-0643.fits
4417/spec-4417-55829-0644.fits
4417/spec-4417-55829-0645.fits
4417/spec-4417-55829-0646.fits
4417/spec-4417-55829-0647.fits
4417/spec-4417-55829-0648.fits
4417/spec-4417-55829-0649.fits
4417/spec-4417-55829-0650.fits
4417/spec-4417-55829-0651.fits
4417/spec-4417-55829-0652.fits
4417/spec-4417-55829-0653.fits
4417/spec-4417-55829-0654.fits
4417/spec-4417-55829-0655.fits
4417/spec-4417-55829-0656.fits
4417/spec-4417-55829-0657.fits
4417/spec-4417-55829-0658.fits
4417/spec-4417-55829-0659.fits
4417/spec-4417-55829-0660.fits
4417/spec-4417-55829-0661.fits
4417/spec-4417-55829-0662.fits
4417/spec-4417-55829-0663.fits
4417/spec-4417-55829-0664.fits
4417/spec-4417-55829-0665.fits
4417/spec-4417-55829-0666.fits
4417/spec-4417-55829-0667.fits
4417/spec-4417-55829-0668.fits
4417/spec-4417-55829-0669.fits
4417/spec-4417-55829-0670.fits
4417/spec-4417-55829-0671.fits
4417/spec-4417-55829-0672.fits
4417/spec-4417-55829-0673.fits
4417/spec-4417-55829-0674.fits
4417/spec-4417-55829-0675.fits
4417/spec-4417-55829-0676.fits
4417/spec-4417-55829-0677.fits
4417/spec-4417-55829-0678.fits
4417/spec-4417-55829-0679.fits
4417/spec-4417-55829-0680.fits
4417/spec-4417-55829-0681.fits
4417/spec-4417-55829-0682.fits
4417/spec-4417-55829-0683.fits
4417/spec-4417-55829-0684.fits
4417/spec-4417-55829-0685.fits
4417/spec-4417-55829-0686.fits
4417/spec-4417-55829-0687.fits
4417/spec-4417-55829-0688.fits
4417/spec-4417-55829-0689.fits
4417/spec-4417-55829-0690.fits
4417/spec-4417-55829-0691.fits
4417/spec-4417-55829-0692.fits
4417/spec-4417-55829-0693.fits
4417/spec-4417-55829-0694.fits
4417/spec-4417-55829-0695.fits
4417/spec-4417-55829-0696.fits
4417/spec-4417-55829-0697.fits
4417/spec-4417-55829-0698.fits
4417/spec-4417-55829-0699.fits
4417/spec-4417-55829-0700.fits
4417/spec-4417-55829-0701.fits
4417/spec-4417-55829-0702.fits
4417/spec-4417-55829-0703.fits
4417/spec-4417-55829-0704.fits
4417/spec-4417-55829-0705.fits
4417/spec-4417-55829-0706.fits
4417/spec-4417-55829-0707.fits
4417/spec-4417-55829-0708.fits
4417/spec-4417-55829-0709.fits
4417/spec-4417-55829-0710.fits
4417/spec-4417-55829-0711.fits
4417/spec-4417-55829-0712.fits
4417/spec-4417-55829-0713.fits
4417/spec-4417-55829-0714.fits
4417/spec-4417-55829-0715.fits
4417/spec-4417-55829-0716.fits
4417/spec-4417-55829-0717.fits
4417/spec-4417-55829-0718.fits
4417/spec-4417-55829-0719.fits
4417/spec-4417-55829-0720.fits
4417/spec-4417-55829-0721.fits
4417/spec-4417-55829-0722.fits
4417/spec-4417-55829-0723.fits
4417/spec-4417-55829-0724.fits
4417/spec-4417-55829-0725.fits
4417/spec-4417-55829-0726.fits
4417/spec-4417-55829-0727.fits
4417/spec-4417-55829-0728.fits
4417/spec-4417-55829-0729.fits
4417/spec-4417-55829-0730.fits
4417/spec-4417-55829-0731.fits
4417/spec-4417-55829-0732.fits
4417/spec-4417-55829-0733.fits
4417/spec-4417-55829-0734.fits
4417/spec-4417-55829-0735.fits
4417/spec-4417-55829-0736.fits
4417/spec-4417-55829-0737.fits
4417/spec-4417-55829-0738.fits
4417/spec-4417-55829-0739.fits
4417/spec-4417-55829-0740.fits
4417/spec-4417-55829-0741.fits
4417/spec-4417-55829-0742.fits
4417/spec-4417-55829-0743.fits
4417/spec-4417-55829-0744.fits
4417/spec-4417-55829-0745.fits
4417/spec-4417-55829-0746.fits
4417/spec-4417-55829-0747.fits
4417/spec-4417-55829-0748.fits
4417/spec-4417-55829-0749.fits
4417/spec-4417-55829-0750.fits
4417/spec-4417-55829-0751.fits
4417/spec-4417-55829-0752.fits
4417/spec-4417-55829-0753.fits
4417/spec-4417-55829-0754.fits
4417/spec-4417-55829-0755.fits
4417/spec-4417-55829-0756.fits
4417/spec-4417-55829-0757.fits
4417/spec-4417-55829-0758.fits
4417/spec-4417-55829-0759.fits
4417/spec-4417-55829-0760.fits
4417/spec-4417-55829-0761.fits
4417/spec-4417-55829-0762.fits
4417/spec-4417-55829-0763.fits
4417/spec-4417-55829-0764.fits
4417/spec-4417-55829-0765.fits
4417/spec-4417-55829-0766.fits
4417/spec-4417-55829-0767.fits
4417/spec-4417-55829-0768.fits
4417/spec-4417-55829-0769.fits
4417/spec-4417-55829-0770.fits
4417/spec-4417-55829-0771.fits
4417/spec-4417-55829-0772.fits
4417/spec-4417-55829-0773.fits
4417/spec-4417-55829-0774.fits
4417/spec-4417-55829-0775.fits
4417/spec-4417-55829-0776.fits
4417/spec-4417-55829-0777.fits
4417/spec-4417-55829-0778.fits
4417/spec-4417-55829-0779.fits
4417/spec-4417-55829-0780.fits
4417/spec-4417-55829-0781.fits
4417/spec-4417-55829-0782.fits
4417/spec-4417-55829-0783.fits
4417/spec-4417-55829-0784.fits
4417/spec-4417-55829-0785.fits
4417/spec-4417-55829-0786.fits
4417/spec-4417-55829-0787.fits
4417/spec-4417-55829-0788.fits
4417/spec-4417-55829-0789.fits
4417/spec-4417-55829-0790.fits
4417/spec-4417-55829-0791.fits
4417/spec-4417-55829-0792.fits
4417/spec-4417-55829-0793.fits
4417/spec-4417-55829-0794.fits
4417/spec-4417-55829-0795.fits
4417/spec-4417-55829-0796.fits
4417/spec-4417-55829-0797.fits
4417/spec-4417-55829-0798.fits
4417/spec-4417-55829-0799.fits
4417/spec-4417-55829-0800.fits
4417/spec-4417-55829-0801.fits
4417/spec-4417-55829-0802.fits
4417/spec-4417-55829-0803.fits
4417/spec-4417-55829-0804.fits
4417/spec-4417-55829-0805.fits
4417/spec-4417-55829-0806.fits
4417/spec-4417-55829-0807.fits
4417/spec-4417-55829-0808.fits
4417/spec-4417-55829-0809.fits
4417/spec-4417-55829-0810.fits
4417/spec-4417-55829-0811.fits
4417/spec-4417-55829-0812.fits
4417/spec-4417-55829-0813.fits
4417/spec-4417-55829-0814.fits
4417/spec-4417-55829-0815.fits
4417/spec-4417-55829-0816.fits
4417/spec-4417-55829-0817.fits
4417/spec-4417-55829-0818.fits
4417/spec-4417-55829-0819.fits
4417/spec-4417-55829-0820.fits
4417/spec-4417-55829-0821.fits
4417/spec-4417-55829-0822.fits
4417/spec-4417-55829-0823.fits
4417/spec-4417-55829-0824.fits
4417/spec-4417-55829-0825.fits
4417/spec-4417-55829-0826.fits
4417/spec-4417-55829-0827.fits
4417/spec-4417-55829-0828.fits
4417/spec-4417-55829-0829.fits
4417/spec-4417-55829-0830.fits
4417/spec-4417-55829-0831.fits
4417/spec-4417-55829-0832.fits
4417/spec-4417-55829-0833.fits
4417/spec-4417-55829-0834.fits
4417/spec-4417-55829-0835.fits
4417/spec-4417-55829-0836.fits
4417/spec-4417-55829-0837.fits
4417/spec-4417-55829-0838.fits
4417/spec-4417-55829-0839.fits
4417/spec-4417-55829-0840.fits
4417/spec-4417-55829-0841.fits
4417/spec-4417-55829-0842.fits
4417/spec-4417-55829-0843.fits
4417/spec-4417-55829-0844.fits
4417/spec-4417-55829-0845.fits
4417/spec-4417-55829-0846.fits
4417/spec-4417-55829-0847.fits
4417/spec-4417-55829-0848.fits
4417/spec-4417-55829-0849.fits
4417/spec-4417-55829-0850.fits
4417/spec-4417-55829-0851.fits
4417/spec-4417-55829-0852.fits
4417/spec-4417-55829-0853.fits
4417/spec-4417-55829-0854.fits
4417/spec-4417-55829-0855.fits
4417/spec-4417-55829-0856.fits
4417/spec-4417-55829-0857.fits
4417/spec-4417-55829-0858.fits
4417/spec-4417-55829-0859.fits
4417/spec-4417-55829-0860.fits
4417/spec-4417-55829-0861.fits
4417/spec-4417-55829-0862.fits
4417/spec-4417-55829-0863.fits
4417/spec-4417-55829-0864.fits
4417/spec-4417-55829-0865.fits
4417/spec-4417-55829-0866.fits
4417/spec-4417-55829-0867.fits
4417/spec-4417-55829-0868.fits
4417/spec-4417-55829-0869.fits
4417/spec-4417-55829-0870.fits
4417/spec-4417-55829-0871.fits
4417/spec-4417-55829-0872.fits
4417/spec-4417-55829-0873.fits
4417/spec-4417-55829-0874.fits
4417/spec-4417-55829-0875.fits
4417/spec-4417-55829-0876.fits
4417/spec-4417-55829-0877.fits
4417/spec-4417-55829-0878.fits
4417/spec-4417-55829-0879.fits
4417/spec-4417-55829-0880.fits
4417/spec-4417-55829-0881.fits
4417/spec-4417-55829-0882.fits
4417/spec-4417-55829-0883.fits
4417/spec-4417-55829-0884.fits
4417/spec-4417-55829-0885.fits
4417/spec-4417-55829-0886.fits
4417/spec-4417-55829-0887.fits
4417/spec-4417-55829-0888.fits
4417/spec-4417-55829-0889.fits
4417/spec-4417-55829-0890.fits
4417/spec-4417-55829-0891.fits
4417/spec-4417-55829-0892.fits
4417/spec-4417-55829-0893.fits
4417/spec-4417-55829-0894.fits
4417/spec-4417-55829-0895.fits
4417/spec-4417-55829-0896.fits
4417/spec-4417-55829-0897.fits
4417/spec-4417-55829-0898.fits
4417/spec-4417-55829-0899.fits
4417/spec-4417-55829-0900.fits
4417/spec-4417-55829-0901.fits
4417/spec-4417-55829-0902.fits
4417/spec-4417-55829-0903.fits
4417/spec-4417-55829-0904.fits
4417/spec-4417-55829-0905.fits
4417/spec-4417-55829-0906.fits
4417/spec-4417-55829-0907.fits
4417/spec-4417-55829-0908.fits
4417/spec-4417-55829-0909.fits
4417/spec-4417-55829-0910.fits
4417/spec-4417-55829-0911.fits
4417/spec-4417-55829-0912.fits
4417/spec-4417-55829-0913.fits
4417/spec-4417-55829-0914.fits
4417/spec-4417-55829-0915.fits
4417/spec-4417-55829-0916.fits
4417/spec-4417-55829-0917.fits
4417/spec-4417-55829-0918.fits
4417/spec-4417-55829-0919.fits
4417/spec-4417-55829-0920.fits
4417/spec-4417-55829-0921.fits
4417/spec-4417-55829-0922.fits
4417/spec-4417-55829-0923.fits
4417/spec-4417-55829-0924.fits
4417/spec-4417-55829-0925.fits
4417/spec-4417-55829-0926.fits
4417/spec-4417-55829-0927.fits
4417/spec-4417-55829-0928.fits
4417/spec-4417-55829-0929.fits
4417/spec-4417-55829-0930.fits
4417/spec-4417-55829-0931.fits
4417/spec-4417-55829-0932.fits
4417/spec-4417-55829-0933.fits
4417/spec-4417-55829-0934.fits
4417/spec-4417-55829-0935.fits
4417/spec-4417-55829-0936.fits
4417/spec-4417-55829-0937.fits
4417/spec-4417-55829-0938.fits
4417/spec-4417-55829-0939.fits
4417/spec-4417-55829-0940.fits
4417/spec-4417-55829-0941.fits
4417/spec-4417-55829-0942.fits
4417/spec-4417-55829-0943.fits
4417/spec-4417-55829-0944.fits
4417/spec-4417-55829-0945.fits
4417/spec-4417-55829-0946.fits
4417/spec-4417-55829-0947.fits
4417/spec-4417-55829-0948.fits
4417/spec-4417-55829-0949.fits
4417/spec-4417-55829-0950.fits
4417/spec-4417-55829-0951.fits
4417/spec-4417-55829-0952.fits
4417/spec-4417-55829-0953.fits
4417/spec-4417-55829-0954.fits
4417/spec-4417-55829-0955.fits
4417/spec-4417-55829-0956.fits
4417/spec-4417-55829-0957.fits
4417/spec-4417-55829-0958.fits
4417/spec-4417-55829-0959.fits
4417/spec-4417-55829-0960.fits
4417/spec-4417-55829-0961.fits
4417/spec-4417-55829-0962.fits
4417/spec-4417-55829-0963.fits
4417/spec-4417-55829-0964.fits
4417/spec-4417-55829-0965.fits
4417/spec-4417-55829-0966.fits
4417/spec-4417-55829-0967.fits
4417/spec-4417-55829-0968.fits
4417/spec-4417-55829-0969.fits
4417/spec-4417-55829-0970.fits
4417/spec-4417-55829-0971.fits
4417/spec-4417-55829-0972.fits
4417/spec-4417-55829-0973.fits
4417/spec-4417-55829-0974.fits
4417/spec-4417-55829-0975.fits
4417/spec-4417-55829-0976.fits
4417/spec-4417-55829-0977.fits
4417/spec-4417-55829-0978.fits
4417/spec-4417-55829-0979.fits
4417/spec-4417-55829-0980.fits
4417/spec-4417-55829-0981.fits
4417/spec-4417-55829-0982.fits
4417/spec-4417-55829-0983.fits
4417/spec-4417-55829-0984.fits
4417/spec-4417-55829-0985.fits
4417/spec-4417-55829-0986.fits
4417/spec-4417-55829-0987.fits
4417/spec-4417-55829-0988.fits
4417/spec-4417-55829-0989.fits
4417/spec-4417-55829-0990.fits
4417/spec-4417-55829-0991.fits
4417/spec-4417-55829-0992.fits
4417/spec-4417-55829-0993.fits
4417/spec-4417-55829-0994.fits
4417/spec-4417-55829-0995.fits
4417/spec-4417-55829-0996.fits
4417/spec-4417-55829-0997.fits
4417/spec-4417-55829-0998.fits
4417/spec-4417-55829-0999.fits
4417/spec-4417-55829-1000.fits
/var/lib/condor/execute/slot1/dir_40477
4417 4417.tgz R R361.tar.gz _condor_stderr _condor_stdout cB58_Lyman_break.fit condor_exec.exe hw4.R packages packages.tar.gz tmp var
[1] "Loaded package astro."
[1] 1000
4417 4417.csv 4417.tgz R R361.tar.gz _condor_stderr _condor_stdout cB58_Lyman_break.fit condor_exec.exe hw4.R packages packages.tar.gz tmp var
