4419
4419/
4419/spec-4419-55867-0001.fits
4419/spec-4419-55867-0002.fits
4419/spec-4419-55867-0003.fits
4419/spec-4419-55867-0004.fits
4419/spec-4419-55867-0005.fits
4419/spec-4419-55867-0006.fits
4419/spec-4419-55867-0007.fits
4419/spec-4419-55867-0008.fits
4419/spec-4419-55867-0009.fits
4419/spec-4419-55867-0010.fits
4419/spec-4419-55867-0011.fits
4419/spec-4419-55867-0012.fits
4419/spec-4419-55867-0013.fits
4419/spec-4419-55867-0014.fits
4419/spec-4419-55867-0015.fits
4419/spec-4419-55867-0016.fits
4419/spec-4419-55867-0017.fits
4419/spec-4419-55867-0018.fits
4419/spec-4419-55867-0019.fits
4419/spec-4419-55867-0020.fits
4419/spec-4419-55867-0021.fits
4419/spec-4419-55867-0022.fits
4419/spec-4419-55867-0023.fits
4419/spec-4419-55867-0024.fits
4419/spec-4419-55867-0025.fits
4419/spec-4419-55867-0026.fits
4419/spec-4419-55867-0027.fits
4419/spec-4419-55867-0028.fits
4419/spec-4419-55867-0029.fits
4419/spec-4419-55867-0030.fits
4419/spec-4419-55867-0031.fits
4419/spec-4419-55867-0032.fits
4419/spec-4419-55867-0033.fits
4419/spec-4419-55867-0034.fits
4419/spec-4419-55867-0035.fits
4419/spec-4419-55867-0036.fits
4419/spec-4419-55867-0037.fits
4419/spec-4419-55867-0038.fits
4419/spec-4419-55867-0039.fits
4419/spec-4419-55867-0040.fits
4419/spec-4419-55867-0041.fits
4419/spec-4419-55867-0042.fits
4419/spec-4419-55867-0043.fits
4419/spec-4419-55867-0044.fits
4419/spec-4419-55867-0045.fits
4419/spec-4419-55867-0046.fits
4419/spec-4419-55867-0047.fits
4419/spec-4419-55867-0048.fits
4419/spec-4419-55867-0049.fits
4419/spec-4419-55867-0050.fits
4419/spec-4419-55867-0051.fits
4419/spec-4419-55867-0052.fits
4419/spec-4419-55867-0053.fits
4419/spec-4419-55867-0054.fits
4419/spec-4419-55867-0055.fits
4419/spec-4419-55867-0056.fits
4419/spec-4419-55867-0057.fits
4419/spec-4419-55867-0058.fits
4419/spec-4419-55867-0059.fits
4419/spec-4419-55867-0060.fits
4419/spec-4419-55867-0061.fits
4419/spec-4419-55867-0062.fits
4419/spec-4419-55867-0063.fits
4419/spec-4419-55867-0064.fits
4419/spec-4419-55867-0065.fits
4419/spec-4419-55867-0066.fits
4419/spec-4419-55867-0067.fits
4419/spec-4419-55867-0068.fits
4419/spec-4419-55867-0069.fits
4419/spec-4419-55867-0070.fits
4419/spec-4419-55867-0071.fits
4419/spec-4419-55867-0072.fits
4419/spec-4419-55867-0073.fits
4419/spec-4419-55867-0074.fits
4419/spec-4419-55867-0075.fits
4419/spec-4419-55867-0076.fits
4419/spec-4419-55867-0077.fits
4419/spec-4419-55867-0078.fits
4419/spec-4419-55867-0079.fits
4419/spec-4419-55867-0080.fits
4419/spec-4419-55867-0081.fits
4419/spec-4419-55867-0082.fits
4419/spec-4419-55867-0083.fits
4419/spec-4419-55867-0084.fits
4419/spec-4419-55867-0085.fits
4419/spec-4419-55867-0086.fits
4419/spec-4419-55867-0087.fits
4419/spec-4419-55867-0088.fits
4419/spec-4419-55867-0089.fits
4419/spec-4419-55867-0090.fits
4419/spec-4419-55867-0091.fits
4419/spec-4419-55867-0092.fits
4419/spec-4419-55867-0093.fits
4419/spec-4419-55867-0094.fits
4419/spec-4419-55867-0095.fits
4419/spec-4419-55867-0096.fits
4419/spec-4419-55867-0097.fits
4419/spec-4419-55867-0098.fits
4419/spec-4419-55867-0099.fits
4419/spec-4419-55867-0100.fits
4419/spec-4419-55867-0101.fits
4419/spec-4419-55867-0102.fits
4419/spec-4419-55867-0103.fits
4419/spec-4419-55867-0104.fits
4419/spec-4419-55867-0105.fits
4419/spec-4419-55867-0106.fits
4419/spec-4419-55867-0107.fits
4419/spec-4419-55867-0108.fits
4419/spec-4419-55867-0109.fits
4419/spec-4419-55867-0110.fits
4419/spec-4419-55867-0111.fits
4419/spec-4419-55867-0112.fits
4419/spec-4419-55867-0113.fits
4419/spec-4419-55867-0114.fits
4419/spec-4419-55867-0115.fits
4419/spec-4419-55867-0116.fits
4419/spec-4419-55867-0117.fits
4419/spec-4419-55867-0118.fits
4419/spec-4419-55867-0119.fits
4419/spec-4419-55867-0120.fits
4419/spec-4419-55867-0121.fits
4419/spec-4419-55867-0122.fits
4419/spec-4419-55867-0123.fits
4419/spec-4419-55867-0124.fits
4419/spec-4419-55867-0125.fits
4419/spec-4419-55867-0126.fits
4419/spec-4419-55867-0127.fits
4419/spec-4419-55867-0128.fits
4419/spec-4419-55867-0129.fits
4419/spec-4419-55867-0130.fits
4419/spec-4419-55867-0131.fits
4419/spec-4419-55867-0132.fits
4419/spec-4419-55867-0133.fits
4419/spec-4419-55867-0134.fits
4419/spec-4419-55867-0135.fits
4419/spec-4419-55867-0136.fits
4419/spec-4419-55867-0137.fits
4419/spec-4419-55867-0138.fits
4419/spec-4419-55867-0139.fits
4419/spec-4419-55867-0140.fits
4419/spec-4419-55867-0141.fits
4419/spec-4419-55867-0142.fits
4419/spec-4419-55867-0143.fits
4419/spec-4419-55867-0144.fits
4419/spec-4419-55867-0145.fits
4419/spec-4419-55867-0146.fits
4419/spec-4419-55867-0147.fits
4419/spec-4419-55867-0148.fits
4419/spec-4419-55867-0149.fits
4419/spec-4419-55867-0150.fits
4419/spec-4419-55867-0151.fits
4419/spec-4419-55867-0152.fits
4419/spec-4419-55867-0153.fits
4419/spec-4419-55867-0154.fits
4419/spec-4419-55867-0155.fits
4419/spec-4419-55867-0156.fits
4419/spec-4419-55867-0157.fits
4419/spec-4419-55867-0158.fits
4419/spec-4419-55867-0159.fits
4419/spec-4419-55867-0160.fits
4419/spec-4419-55867-0161.fits
4419/spec-4419-55867-0162.fits
4419/spec-4419-55867-0163.fits
4419/spec-4419-55867-0164.fits
4419/spec-4419-55867-0165.fits
4419/spec-4419-55867-0166.fits
4419/spec-4419-55867-0167.fits
4419/spec-4419-55867-0168.fits
4419/spec-4419-55867-0169.fits
4419/spec-4419-55867-0170.fits
4419/spec-4419-55867-0171.fits
4419/spec-4419-55867-0172.fits
4419/spec-4419-55867-0173.fits
4419/spec-4419-55867-0174.fits
4419/spec-4419-55867-0175.fits
4419/spec-4419-55867-0176.fits
4419/spec-4419-55867-0177.fits
4419/spec-4419-55867-0178.fits
4419/spec-4419-55867-0179.fits
4419/spec-4419-55867-0180.fits
4419/spec-4419-55867-0181.fits
4419/spec-4419-55867-0182.fits
4419/spec-4419-55867-0183.fits
4419/spec-4419-55867-0184.fits
4419/spec-4419-55867-0185.fits
4419/spec-4419-55867-0186.fits
4419/spec-4419-55867-0187.fits
4419/spec-4419-55867-0188.fits
4419/spec-4419-55867-0189.fits
4419/spec-4419-55867-0190.fits
4419/spec-4419-55867-0191.fits
4419/spec-4419-55867-0192.fits
4419/spec-4419-55867-0193.fits
4419/spec-4419-55867-0194.fits
4419/spec-4419-55867-0195.fits
4419/spec-4419-55867-0196.fits
4419/spec-4419-55867-0197.fits
4419/spec-4419-55867-0198.fits
4419/spec-4419-55867-0199.fits
4419/spec-4419-55867-0200.fits
4419/spec-4419-55867-0201.fits
4419/spec-4419-55867-0202.fits
4419/spec-4419-55867-0203.fits
4419/spec-4419-55867-0204.fits
4419/spec-4419-55867-0205.fits
4419/spec-4419-55867-0206.fits
4419/spec-4419-55867-0207.fits
4419/spec-4419-55867-0208.fits
4419/spec-4419-55867-0209.fits
4419/spec-4419-55867-0210.fits
4419/spec-4419-55867-0211.fits
4419/spec-4419-55867-0212.fits
4419/spec-4419-55867-0213.fits
4419/spec-4419-55867-0214.fits
4419/spec-4419-55867-0215.fits
4419/spec-4419-55867-0216.fits
4419/spec-4419-55867-0217.fits
4419/spec-4419-55867-0218.fits
4419/spec-4419-55867-0219.fits
4419/spec-4419-55867-0220.fits
4419/spec-4419-55867-0221.fits
4419/spec-4419-55867-0222.fits
4419/spec-4419-55867-0223.fits
4419/spec-4419-55867-0224.fits
4419/spec-4419-55867-0225.fits
4419/spec-4419-55867-0226.fits
4419/spec-4419-55867-0227.fits
4419/spec-4419-55867-0228.fits
4419/spec-4419-55867-0229.fits
4419/spec-4419-55867-0230.fits
4419/spec-4419-55867-0231.fits
4419/spec-4419-55867-0232.fits
4419/spec-4419-55867-0233.fits
4419/spec-4419-55867-0234.fits
4419/spec-4419-55867-0235.fits
4419/spec-4419-55867-0236.fits
4419/spec-4419-55867-0237.fits
4419/spec-4419-55867-0238.fits
4419/spec-4419-55867-0239.fits
4419/spec-4419-55867-0240.fits
4419/spec-4419-55867-0241.fits
4419/spec-4419-55867-0242.fits
4419/spec-4419-55867-0243.fits
4419/spec-4419-55867-0244.fits
4419/spec-4419-55867-0245.fits
4419/spec-4419-55867-0246.fits
4419/spec-4419-55867-0247.fits
4419/spec-4419-55867-0248.fits
4419/spec-4419-55867-0249.fits
4419/spec-4419-55867-0250.fits
4419/spec-4419-55867-0251.fits
4419/spec-4419-55867-0252.fits
4419/spec-4419-55867-0253.fits
4419/spec-4419-55867-0254.fits
4419/spec-4419-55867-0255.fits
4419/spec-4419-55867-0256.fits
4419/spec-4419-55867-0257.fits
4419/spec-4419-55867-0258.fits
4419/spec-4419-55867-0259.fits
4419/spec-4419-55867-0260.fits
4419/spec-4419-55867-0261.fits
4419/spec-4419-55867-0262.fits
4419/spec-4419-55867-0263.fits
4419/spec-4419-55867-0264.fits
4419/spec-4419-55867-0265.fits
4419/spec-4419-55867-0266.fits
4419/spec-4419-55867-0267.fits
4419/spec-4419-55867-0268.fits
4419/spec-4419-55867-0269.fits
4419/spec-4419-55867-0270.fits
4419/spec-4419-55867-0271.fits
4419/spec-4419-55867-0272.fits
4419/spec-4419-55867-0273.fits
4419/spec-4419-55867-0274.fits
4419/spec-4419-55867-0275.fits
4419/spec-4419-55867-0276.fits
4419/spec-4419-55867-0277.fits
4419/spec-4419-55867-0278.fits
4419/spec-4419-55867-0279.fits
4419/spec-4419-55867-0280.fits
4419/spec-4419-55867-0281.fits
4419/spec-4419-55867-0282.fits
4419/spec-4419-55867-0283.fits
4419/spec-4419-55867-0284.fits
4419/spec-4419-55867-0285.fits
4419/spec-4419-55867-0286.fits
4419/spec-4419-55867-0287.fits
4419/spec-4419-55867-0288.fits
4419/spec-4419-55867-0289.fits
4419/spec-4419-55867-0290.fits
4419/spec-4419-55867-0291.fits
4419/spec-4419-55867-0292.fits
4419/spec-4419-55867-0293.fits
4419/spec-4419-55867-0294.fits
4419/spec-4419-55867-0295.fits
4419/spec-4419-55867-0296.fits
4419/spec-4419-55867-0297.fits
4419/spec-4419-55867-0298.fits
4419/spec-4419-55867-0299.fits
4419/spec-4419-55867-0300.fits
4419/spec-4419-55867-0301.fits
4419/spec-4419-55867-0302.fits
4419/spec-4419-55867-0303.fits
4419/spec-4419-55867-0304.fits
4419/spec-4419-55867-0305.fits
4419/spec-4419-55867-0306.fits
4419/spec-4419-55867-0307.fits
4419/spec-4419-55867-0308.fits
4419/spec-4419-55867-0309.fits
4419/spec-4419-55867-0310.fits
4419/spec-4419-55867-0311.fits
4419/spec-4419-55867-0312.fits
4419/spec-4419-55867-0313.fits
4419/spec-4419-55867-0314.fits
4419/spec-4419-55867-0315.fits
4419/spec-4419-55867-0316.fits
4419/spec-4419-55867-0317.fits
4419/spec-4419-55867-0318.fits
4419/spec-4419-55867-0319.fits
4419/spec-4419-55867-0320.fits
4419/spec-4419-55867-0321.fits
4419/spec-4419-55867-0322.fits
4419/spec-4419-55867-0323.fits
4419/spec-4419-55867-0324.fits
4419/spec-4419-55867-0325.fits
4419/spec-4419-55867-0326.fits
4419/spec-4419-55867-0327.fits
4419/spec-4419-55867-0328.fits
4419/spec-4419-55867-0329.fits
4419/spec-4419-55867-0330.fits
4419/spec-4419-55867-0331.fits
4419/spec-4419-55867-0332.fits
4419/spec-4419-55867-0333.fits
4419/spec-4419-55867-0334.fits
4419/spec-4419-55867-0335.fits
4419/spec-4419-55867-0336.fits
4419/spec-4419-55867-0337.fits
4419/spec-4419-55867-0338.fits
4419/spec-4419-55867-0339.fits
4419/spec-4419-55867-0340.fits
4419/spec-4419-55867-0341.fits
4419/spec-4419-55867-0342.fits
4419/spec-4419-55867-0343.fits
4419/spec-4419-55867-0344.fits
4419/spec-4419-55867-0345.fits
4419/spec-4419-55867-0346.fits
4419/spec-4419-55867-0347.fits
4419/spec-4419-55867-0348.fits
4419/spec-4419-55867-0349.fits
4419/spec-4419-55867-0350.fits
4419/spec-4419-55867-0351.fits
4419/spec-4419-55867-0352.fits
4419/spec-4419-55867-0353.fits
4419/spec-4419-55867-0354.fits
4419/spec-4419-55867-0355.fits
4419/spec-4419-55867-0356.fits
4419/spec-4419-55867-0357.fits
4419/spec-4419-55867-0358.fits
4419/spec-4419-55867-0359.fits
4419/spec-4419-55867-0360.fits
4419/spec-4419-55867-0361.fits
4419/spec-4419-55867-0362.fits
4419/spec-4419-55867-0363.fits
4419/spec-4419-55867-0364.fits
4419/spec-4419-55867-0365.fits
4419/spec-4419-55867-0366.fits
4419/spec-4419-55867-0367.fits
4419/spec-4419-55867-0368.fits
4419/spec-4419-55867-0369.fits
4419/spec-4419-55867-0370.fits
4419/spec-4419-55867-0371.fits
4419/spec-4419-55867-0372.fits
4419/spec-4419-55867-0373.fits
4419/spec-4419-55867-0374.fits
4419/spec-4419-55867-0375.fits
4419/spec-4419-55867-0376.fits
4419/spec-4419-55867-0377.fits
4419/spec-4419-55867-0378.fits
4419/spec-4419-55867-0379.fits
4419/spec-4419-55867-0380.fits
4419/spec-4419-55867-0381.fits
4419/spec-4419-55867-0382.fits
4419/spec-4419-55867-0383.fits
4419/spec-4419-55867-0384.fits
4419/spec-4419-55867-0385.fits
4419/spec-4419-55867-0386.fits
4419/spec-4419-55867-0387.fits
4419/spec-4419-55867-0388.fits
4419/spec-4419-55867-0389.fits
4419/spec-4419-55867-0390.fits
4419/spec-4419-55867-0391.fits
4419/spec-4419-55867-0392.fits
4419/spec-4419-55867-0393.fits
4419/spec-4419-55867-0394.fits
4419/spec-4419-55867-0395.fits
4419/spec-4419-55867-0396.fits
4419/spec-4419-55867-0397.fits
4419/spec-4419-55867-0398.fits
4419/spec-4419-55867-0399.fits
4419/spec-4419-55867-0400.fits
4419/spec-4419-55867-0401.fits
4419/spec-4419-55867-0402.fits
4419/spec-4419-55867-0403.fits
4419/spec-4419-55867-0404.fits
4419/spec-4419-55867-0405.fits
4419/spec-4419-55867-0406.fits
4419/spec-4419-55867-0407.fits
4419/spec-4419-55867-0408.fits
4419/spec-4419-55867-0409.fits
4419/spec-4419-55867-0410.fits
4419/spec-4419-55867-0411.fits
4419/spec-4419-55867-0412.fits
4419/spec-4419-55867-0413.fits
4419/spec-4419-55867-0414.fits
4419/spec-4419-55867-0415.fits
4419/spec-4419-55867-0416.fits
4419/spec-4419-55867-0417.fits
4419/spec-4419-55867-0418.fits
4419/spec-4419-55867-0419.fits
4419/spec-4419-55867-0420.fits
4419/spec-4419-55867-0421.fits
4419/spec-4419-55867-0422.fits
4419/spec-4419-55867-0423.fits
4419/spec-4419-55867-0424.fits
4419/spec-4419-55867-0425.fits
4419/spec-4419-55867-0426.fits
4419/spec-4419-55867-0427.fits
4419/spec-4419-55867-0428.fits
4419/spec-4419-55867-0429.fits
4419/spec-4419-55867-0430.fits
4419/spec-4419-55867-0431.fits
4419/spec-4419-55867-0432.fits
4419/spec-4419-55867-0433.fits
4419/spec-4419-55867-0434.fits
4419/spec-4419-55867-0435.fits
4419/spec-4419-55867-0436.fits
4419/spec-4419-55867-0437.fits
4419/spec-4419-55867-0438.fits
4419/spec-4419-55867-0439.fits
4419/spec-4419-55867-0440.fits
4419/spec-4419-55867-0441.fits
4419/spec-4419-55867-0442.fits
4419/spec-4419-55867-0443.fits
4419/spec-4419-55867-0444.fits
4419/spec-4419-55867-0445.fits
4419/spec-4419-55867-0446.fits
4419/spec-4419-55867-0447.fits
4419/spec-4419-55867-0448.fits
4419/spec-4419-55867-0449.fits
4419/spec-4419-55867-0450.fits
4419/spec-4419-55867-0451.fits
4419/spec-4419-55867-0452.fits
4419/spec-4419-55867-0453.fits
4419/spec-4419-55867-0454.fits
4419/spec-4419-55867-0455.fits
4419/spec-4419-55867-0456.fits
4419/spec-4419-55867-0457.fits
4419/spec-4419-55867-0458.fits
4419/spec-4419-55867-0459.fits
4419/spec-4419-55867-0460.fits
4419/spec-4419-55867-0461.fits
4419/spec-4419-55867-0462.fits
4419/spec-4419-55867-0463.fits
4419/spec-4419-55867-0464.fits
4419/spec-4419-55867-0465.fits
4419/spec-4419-55867-0466.fits
4419/spec-4419-55867-0467.fits
4419/spec-4419-55867-0468.fits
4419/spec-4419-55867-0469.fits
4419/spec-4419-55867-0470.fits
4419/spec-4419-55867-0471.fits
4419/spec-4419-55867-0472.fits
4419/spec-4419-55867-0473.fits
4419/spec-4419-55867-0474.fits
4419/spec-4419-55867-0475.fits
4419/spec-4419-55867-0476.fits
4419/spec-4419-55867-0477.fits
4419/spec-4419-55867-0478.fits
4419/spec-4419-55867-0479.fits
4419/spec-4419-55867-0480.fits
4419/spec-4419-55867-0481.fits
4419/spec-4419-55867-0482.fits
4419/spec-4419-55867-0483.fits
4419/spec-4419-55867-0484.fits
4419/spec-4419-55867-0485.fits
4419/spec-4419-55867-0486.fits
4419/spec-4419-55867-0487.fits
4419/spec-4419-55867-0488.fits
4419/spec-4419-55867-0489.fits
4419/spec-4419-55867-0490.fits
4419/spec-4419-55867-0491.fits
4419/spec-4419-55867-0492.fits
4419/spec-4419-55867-0493.fits
4419/spec-4419-55867-0494.fits
4419/spec-4419-55867-0495.fits
4419/spec-4419-55867-0496.fits
4419/spec-4419-55867-0497.fits
4419/spec-4419-55867-0498.fits
4419/spec-4419-55867-0499.fits
4419/spec-4419-55867-0500.fits
4419/spec-4419-55867-0501.fits
4419/spec-4419-55867-0502.fits
4419/spec-4419-55867-0503.fits
4419/spec-4419-55867-0504.fits
4419/spec-4419-55867-0505.fits
4419/spec-4419-55867-0506.fits
4419/spec-4419-55867-0507.fits
4419/spec-4419-55867-0508.fits
4419/spec-4419-55867-0509.fits
4419/spec-4419-55867-0510.fits
4419/spec-4419-55867-0511.fits
4419/spec-4419-55867-0512.fits
4419/spec-4419-55867-0513.fits
4419/spec-4419-55867-0514.fits
4419/spec-4419-55867-0515.fits
4419/spec-4419-55867-0516.fits
4419/spec-4419-55867-0517.fits
4419/spec-4419-55867-0518.fits
4419/spec-4419-55867-0519.fits
4419/spec-4419-55867-0520.fits
4419/spec-4419-55867-0521.fits
4419/spec-4419-55867-0522.fits
4419/spec-4419-55867-0523.fits
4419/spec-4419-55867-0524.fits
4419/spec-4419-55867-0525.fits
4419/spec-4419-55867-0526.fits
4419/spec-4419-55867-0527.fits
4419/spec-4419-55867-0528.fits
4419/spec-4419-55867-0529.fits
4419/spec-4419-55867-0530.fits
4419/spec-4419-55867-0531.fits
4419/spec-4419-55867-0532.fits
4419/spec-4419-55867-0533.fits
4419/spec-4419-55867-0534.fits
4419/spec-4419-55867-0535.fits
4419/spec-4419-55867-0536.fits
4419/spec-4419-55867-0537.fits
4419/spec-4419-55867-0538.fits
4419/spec-4419-55867-0539.fits
4419/spec-4419-55867-0540.fits
4419/spec-4419-55867-0541.fits
4419/spec-4419-55867-0542.fits
4419/spec-4419-55867-0543.fits
4419/spec-4419-55867-0544.fits
4419/spec-4419-55867-0545.fits
4419/spec-4419-55867-0546.fits
4419/spec-4419-55867-0547.fits
4419/spec-4419-55867-0548.fits
4419/spec-4419-55867-0549.fits
4419/spec-4419-55867-0550.fits
4419/spec-4419-55867-0551.fits
4419/spec-4419-55867-0552.fits
4419/spec-4419-55867-0553.fits
4419/spec-4419-55867-0554.fits
4419/spec-4419-55867-0555.fits
4419/spec-4419-55867-0556.fits
4419/spec-4419-55867-0557.fits
4419/spec-4419-55867-0558.fits
4419/spec-4419-55867-0559.fits
4419/spec-4419-55867-0560.fits
4419/spec-4419-55867-0561.fits
4419/spec-4419-55867-0562.fits
4419/spec-4419-55867-0563.fits
4419/spec-4419-55867-0564.fits
4419/spec-4419-55867-0565.fits
4419/spec-4419-55867-0566.fits
4419/spec-4419-55867-0567.fits
4419/spec-4419-55867-0568.fits
4419/spec-4419-55867-0569.fits
4419/spec-4419-55867-0570.fits
4419/spec-4419-55867-0571.fits
4419/spec-4419-55867-0572.fits
4419/spec-4419-55867-0573.fits
4419/spec-4419-55867-0574.fits
4419/spec-4419-55867-0575.fits
4419/spec-4419-55867-0576.fits
4419/spec-4419-55867-0577.fits
4419/spec-4419-55867-0578.fits
4419/spec-4419-55867-0579.fits
4419/spec-4419-55867-0580.fits
4419/spec-4419-55867-0581.fits
4419/spec-4419-55867-0582.fits
4419/spec-4419-55867-0583.fits
4419/spec-4419-55867-0584.fits
4419/spec-4419-55867-0585.fits
4419/spec-4419-55867-0586.fits
4419/spec-4419-55867-0587.fits
4419/spec-4419-55867-0588.fits
4419/spec-4419-55867-0589.fits
4419/spec-4419-55867-0590.fits
4419/spec-4419-55867-0591.fits
4419/spec-4419-55867-0592.fits
4419/spec-4419-55867-0593.fits
4419/spec-4419-55867-0594.fits
4419/spec-4419-55867-0595.fits
4419/spec-4419-55867-0596.fits
4419/spec-4419-55867-0597.fits
4419/spec-4419-55867-0598.fits
4419/spec-4419-55867-0599.fits
4419/spec-4419-55867-0600.fits
4419/spec-4419-55867-0601.fits
4419/spec-4419-55867-0602.fits
4419/spec-4419-55867-0603.fits
4419/spec-4419-55867-0604.fits
4419/spec-4419-55867-0605.fits
4419/spec-4419-55867-0606.fits
4419/spec-4419-55867-0607.fits
4419/spec-4419-55867-0608.fits
4419/spec-4419-55867-0609.fits
4419/spec-4419-55867-0610.fits
4419/spec-4419-55867-0611.fits
4419/spec-4419-55867-0612.fits
4419/spec-4419-55867-0613.fits
4419/spec-4419-55867-0614.fits
4419/spec-4419-55867-0615.fits
4419/spec-4419-55867-0616.fits
4419/spec-4419-55867-0617.fits
4419/spec-4419-55867-0618.fits
4419/spec-4419-55867-0619.fits
4419/spec-4419-55867-0620.fits
4419/spec-4419-55867-0621.fits
4419/spec-4419-55867-0622.fits
4419/spec-4419-55867-0623.fits
4419/spec-4419-55867-0624.fits
4419/spec-4419-55867-0625.fits
4419/spec-4419-55867-0626.fits
4419/spec-4419-55867-0627.fits
4419/spec-4419-55867-0628.fits
4419/spec-4419-55867-0629.fits
4419/spec-4419-55867-0630.fits
4419/spec-4419-55867-0631.fits
4419/spec-4419-55867-0632.fits
4419/spec-4419-55867-0633.fits
4419/spec-4419-55867-0634.fits
4419/spec-4419-55867-0635.fits
4419/spec-4419-55867-0636.fits
4419/spec-4419-55867-0637.fits
4419/spec-4419-55867-0638.fits
4419/spec-4419-55867-0639.fits
4419/spec-4419-55867-0640.fits
4419/spec-4419-55867-0641.fits
4419/spec-4419-55867-0642.fits
4419/spec-4419-55867-0643.fits
4419/spec-4419-55867-0644.fits
4419/spec-4419-55867-0645.fits
4419/spec-4419-55867-0646.fits
4419/spec-4419-55867-0647.fits
4419/spec-4419-55867-0648.fits
4419/spec-4419-55867-0649.fits
4419/spec-4419-55867-0650.fits
4419/spec-4419-55867-0651.fits
4419/spec-4419-55867-0652.fits
4419/spec-4419-55867-0653.fits
4419/spec-4419-55867-0654.fits
4419/spec-4419-55867-0655.fits
4419/spec-4419-55867-0656.fits
4419/spec-4419-55867-0657.fits
4419/spec-4419-55867-0658.fits
4419/spec-4419-55867-0659.fits
4419/spec-4419-55867-0660.fits
4419/spec-4419-55867-0661.fits
4419/spec-4419-55867-0662.fits
4419/spec-4419-55867-0663.fits
4419/spec-4419-55867-0664.fits
4419/spec-4419-55867-0665.fits
4419/spec-4419-55867-0666.fits
4419/spec-4419-55867-0667.fits
4419/spec-4419-55867-0668.fits
4419/spec-4419-55867-0669.fits
4419/spec-4419-55867-0670.fits
4419/spec-4419-55867-0671.fits
4419/spec-4419-55867-0672.fits
4419/spec-4419-55867-0673.fits
4419/spec-4419-55867-0674.fits
4419/spec-4419-55867-0675.fits
4419/spec-4419-55867-0676.fits
4419/spec-4419-55867-0677.fits
4419/spec-4419-55867-0678.fits
4419/spec-4419-55867-0679.fits
4419/spec-4419-55867-0680.fits
4419/spec-4419-55867-0681.fits
4419/spec-4419-55867-0682.fits
4419/spec-4419-55867-0683.fits
4419/spec-4419-55867-0684.fits
4419/spec-4419-55867-0685.fits
4419/spec-4419-55867-0686.fits
4419/spec-4419-55867-0687.fits
4419/spec-4419-55867-0688.fits
4419/spec-4419-55867-0689.fits
4419/spec-4419-55867-0690.fits
4419/spec-4419-55867-0691.fits
4419/spec-4419-55867-0692.fits
4419/spec-4419-55867-0693.fits
4419/spec-4419-55867-0694.fits
4419/spec-4419-55867-0695.fits
4419/spec-4419-55867-0696.fits
4419/spec-4419-55867-0697.fits
4419/spec-4419-55867-0698.fits
4419/spec-4419-55867-0699.fits
4419/spec-4419-55867-0700.fits
4419/spec-4419-55867-0701.fits
4419/spec-4419-55867-0702.fits
4419/spec-4419-55867-0703.fits
4419/spec-4419-55867-0704.fits
4419/spec-4419-55867-0705.fits
4419/spec-4419-55867-0706.fits
4419/spec-4419-55867-0707.fits
4419/spec-4419-55867-0708.fits
4419/spec-4419-55867-0709.fits
4419/spec-4419-55867-0710.fits
4419/spec-4419-55867-0711.fits
4419/spec-4419-55867-0712.fits
4419/spec-4419-55867-0713.fits
4419/spec-4419-55867-0714.fits
4419/spec-4419-55867-0715.fits
4419/spec-4419-55867-0716.fits
4419/spec-4419-55867-0717.fits
4419/spec-4419-55867-0718.fits
4419/spec-4419-55867-0719.fits
4419/spec-4419-55867-0720.fits
4419/spec-4419-55867-0721.fits
4419/spec-4419-55867-0722.fits
4419/spec-4419-55867-0723.fits
4419/spec-4419-55867-0724.fits
4419/spec-4419-55867-0725.fits
4419/spec-4419-55867-0726.fits
4419/spec-4419-55867-0727.fits
4419/spec-4419-55867-0728.fits
4419/spec-4419-55867-0729.fits
4419/spec-4419-55867-0730.fits
4419/spec-4419-55867-0731.fits
4419/spec-4419-55867-0732.fits
4419/spec-4419-55867-0733.fits
4419/spec-4419-55867-0734.fits
4419/spec-4419-55867-0735.fits
4419/spec-4419-55867-0736.fits
4419/spec-4419-55867-0737.fits
4419/spec-4419-55867-0738.fits
4419/spec-4419-55867-0739.fits
4419/spec-4419-55867-0740.fits
4419/spec-4419-55867-0741.fits
4419/spec-4419-55867-0742.fits
4419/spec-4419-55867-0743.fits
4419/spec-4419-55867-0744.fits
4419/spec-4419-55867-0745.fits
4419/spec-4419-55867-0746.fits
4419/spec-4419-55867-0747.fits
4419/spec-4419-55867-0748.fits
4419/spec-4419-55867-0749.fits
4419/spec-4419-55867-0750.fits
4419/spec-4419-55867-0751.fits
4419/spec-4419-55867-0752.fits
4419/spec-4419-55867-0753.fits
4419/spec-4419-55867-0754.fits
4419/spec-4419-55867-0755.fits
4419/spec-4419-55867-0756.fits
4419/spec-4419-55867-0757.fits
4419/spec-4419-55867-0758.fits
4419/spec-4419-55867-0759.fits
4419/spec-4419-55867-0760.fits
4419/spec-4419-55867-0761.fits
4419/spec-4419-55867-0762.fits
4419/spec-4419-55867-0763.fits
4419/spec-4419-55867-0764.fits
4419/spec-4419-55867-0765.fits
4419/spec-4419-55867-0766.fits
4419/spec-4419-55867-0767.fits
4419/spec-4419-55867-0768.fits
4419/spec-4419-55867-0769.fits
4419/spec-4419-55867-0770.fits
4419/spec-4419-55867-0771.fits
4419/spec-4419-55867-0772.fits
4419/spec-4419-55867-0773.fits
4419/spec-4419-55867-0774.fits
4419/spec-4419-55867-0775.fits
4419/spec-4419-55867-0776.fits
4419/spec-4419-55867-0777.fits
4419/spec-4419-55867-0778.fits
4419/spec-4419-55867-0779.fits
4419/spec-4419-55867-0780.fits
4419/spec-4419-55867-0781.fits
4419/spec-4419-55867-0782.fits
4419/spec-4419-55867-0783.fits
4419/spec-4419-55867-0784.fits
4419/spec-4419-55867-0785.fits
4419/spec-4419-55867-0786.fits
4419/spec-4419-55867-0787.fits
4419/spec-4419-55867-0788.fits
4419/spec-4419-55867-0789.fits
4419/spec-4419-55867-0790.fits
4419/spec-4419-55867-0791.fits
4419/spec-4419-55867-0792.fits
4419/spec-4419-55867-0793.fits
4419/spec-4419-55867-0794.fits
4419/spec-4419-55867-0795.fits
4419/spec-4419-55867-0796.fits
4419/spec-4419-55867-0797.fits
4419/spec-4419-55867-0798.fits
4419/spec-4419-55867-0799.fits
4419/spec-4419-55867-0800.fits
4419/spec-4419-55867-0801.fits
4419/spec-4419-55867-0802.fits
4419/spec-4419-55867-0803.fits
4419/spec-4419-55867-0804.fits
4419/spec-4419-55867-0805.fits
4419/spec-4419-55867-0806.fits
4419/spec-4419-55867-0807.fits
4419/spec-4419-55867-0808.fits
4419/spec-4419-55867-0809.fits
4419/spec-4419-55867-0810.fits
4419/spec-4419-55867-0811.fits
4419/spec-4419-55867-0812.fits
4419/spec-4419-55867-0813.fits
4419/spec-4419-55867-0814.fits
4419/spec-4419-55867-0815.fits
4419/spec-4419-55867-0816.fits
4419/spec-4419-55867-0817.fits
4419/spec-4419-55867-0818.fits
4419/spec-4419-55867-0819.fits
4419/spec-4419-55867-0820.fits
4419/spec-4419-55867-0821.fits
4419/spec-4419-55867-0822.fits
4419/spec-4419-55867-0823.fits
4419/spec-4419-55867-0824.fits
4419/spec-4419-55867-0825.fits
4419/spec-4419-55867-0826.fits
4419/spec-4419-55867-0827.fits
4419/spec-4419-55867-0828.fits
4419/spec-4419-55867-0829.fits
4419/spec-4419-55867-0830.fits
4419/spec-4419-55867-0831.fits
4419/spec-4419-55867-0832.fits
4419/spec-4419-55867-0833.fits
4419/spec-4419-55867-0834.fits
4419/spec-4419-55867-0835.fits
4419/spec-4419-55867-0836.fits
4419/spec-4419-55867-0837.fits
4419/spec-4419-55867-0838.fits
4419/spec-4419-55867-0839.fits
4419/spec-4419-55867-0840.fits
4419/spec-4419-55867-0841.fits
4419/spec-4419-55867-0842.fits
4419/spec-4419-55867-0843.fits
4419/spec-4419-55867-0844.fits
4419/spec-4419-55867-0845.fits
4419/spec-4419-55867-0846.fits
4419/spec-4419-55867-0847.fits
4419/spec-4419-55867-0848.fits
4419/spec-4419-55867-0849.fits
4419/spec-4419-55867-0850.fits
4419/spec-4419-55867-0851.fits
4419/spec-4419-55867-0852.fits
4419/spec-4419-55867-0853.fits
4419/spec-4419-55867-0854.fits
4419/spec-4419-55867-0855.fits
4419/spec-4419-55867-0856.fits
4419/spec-4419-55867-0857.fits
4419/spec-4419-55867-0858.fits
4419/spec-4419-55867-0859.fits
4419/spec-4419-55867-0860.fits
4419/spec-4419-55867-0861.fits
4419/spec-4419-55867-0862.fits
4419/spec-4419-55867-0863.fits
4419/spec-4419-55867-0864.fits
4419/spec-4419-55867-0865.fits
4419/spec-4419-55867-0866.fits
4419/spec-4419-55867-0867.fits
4419/spec-4419-55867-0868.fits
4419/spec-4419-55867-0869.fits
4419/spec-4419-55867-0870.fits
4419/spec-4419-55867-0871.fits
4419/spec-4419-55867-0872.fits
4419/spec-4419-55867-0873.fits
4419/spec-4419-55867-0874.fits
4419/spec-4419-55867-0875.fits
4419/spec-4419-55867-0876.fits
4419/spec-4419-55867-0877.fits
4419/spec-4419-55867-0878.fits
4419/spec-4419-55867-0879.fits
4419/spec-4419-55867-0880.fits
4419/spec-4419-55867-0881.fits
4419/spec-4419-55867-0882.fits
4419/spec-4419-55867-0883.fits
4419/spec-4419-55867-0884.fits
4419/spec-4419-55867-0885.fits
4419/spec-4419-55867-0886.fits
4419/spec-4419-55867-0887.fits
4419/spec-4419-55867-0888.fits
4419/spec-4419-55867-0889.fits
4419/spec-4419-55867-0890.fits
4419/spec-4419-55867-0891.fits
4419/spec-4419-55867-0892.fits
4419/spec-4419-55867-0893.fits
4419/spec-4419-55867-0894.fits
4419/spec-4419-55867-0895.fits
4419/spec-4419-55867-0896.fits
4419/spec-4419-55867-0897.fits
4419/spec-4419-55867-0898.fits
4419/spec-4419-55867-0899.fits
4419/spec-4419-55867-0900.fits
4419/spec-4419-55867-0901.fits
4419/spec-4419-55867-0902.fits
4419/spec-4419-55867-0903.fits
4419/spec-4419-55867-0904.fits
4419/spec-4419-55867-0905.fits
4419/spec-4419-55867-0906.fits
4419/spec-4419-55867-0907.fits
4419/spec-4419-55867-0908.fits
4419/spec-4419-55867-0909.fits
4419/spec-4419-55867-0910.fits
4419/spec-4419-55867-0911.fits
4419/spec-4419-55867-0912.fits
4419/spec-4419-55867-0913.fits
4419/spec-4419-55867-0914.fits
4419/spec-4419-55867-0915.fits
4419/spec-4419-55867-0916.fits
4419/spec-4419-55867-0917.fits
4419/spec-4419-55867-0918.fits
4419/spec-4419-55867-0919.fits
4419/spec-4419-55867-0920.fits
4419/spec-4419-55867-0921.fits
4419/spec-4419-55867-0922.fits
4419/spec-4419-55867-0923.fits
4419/spec-4419-55867-0924.fits
4419/spec-4419-55867-0925.fits
4419/spec-4419-55867-0926.fits
4419/spec-4419-55867-0927.fits
4419/spec-4419-55867-0928.fits
4419/spec-4419-55867-0929.fits
4419/spec-4419-55867-0930.fits
4419/spec-4419-55867-0931.fits
4419/spec-4419-55867-0932.fits
4419/spec-4419-55867-0933.fits
4419/spec-4419-55867-0934.fits
4419/spec-4419-55867-0935.fits
4419/spec-4419-55867-0936.fits
4419/spec-4419-55867-0937.fits
4419/spec-4419-55867-0938.fits
4419/spec-4419-55867-0939.fits
4419/spec-4419-55867-0940.fits
4419/spec-4419-55867-0941.fits
4419/spec-4419-55867-0942.fits
4419/spec-4419-55867-0943.fits
4419/spec-4419-55867-0944.fits
4419/spec-4419-55867-0945.fits
4419/spec-4419-55867-0946.fits
4419/spec-4419-55867-0947.fits
4419/spec-4419-55867-0948.fits
4419/spec-4419-55867-0949.fits
4419/spec-4419-55867-0950.fits
4419/spec-4419-55867-0951.fits
4419/spec-4419-55867-0952.fits
4419/spec-4419-55867-0953.fits
4419/spec-4419-55867-0954.fits
4419/spec-4419-55867-0955.fits
4419/spec-4419-55867-0956.fits
4419/spec-4419-55867-0957.fits
4419/spec-4419-55867-0958.fits
4419/spec-4419-55867-0959.fits
4419/spec-4419-55867-0960.fits
4419/spec-4419-55867-0961.fits
4419/spec-4419-55867-0962.fits
4419/spec-4419-55867-0963.fits
4419/spec-4419-55867-0964.fits
4419/spec-4419-55867-0965.fits
4419/spec-4419-55867-0966.fits
4419/spec-4419-55867-0967.fits
4419/spec-4419-55867-0968.fits
4419/spec-4419-55867-0969.fits
4419/spec-4419-55867-0970.fits
4419/spec-4419-55867-0971.fits
4419/spec-4419-55867-0972.fits
4419/spec-4419-55867-0973.fits
4419/spec-4419-55867-0974.fits
4419/spec-4419-55867-0975.fits
4419/spec-4419-55867-0976.fits
4419/spec-4419-55867-0977.fits
4419/spec-4419-55867-0978.fits
4419/spec-4419-55867-0979.fits
4419/spec-4419-55867-0980.fits
4419/spec-4419-55867-0981.fits
4419/spec-4419-55867-0982.fits
4419/spec-4419-55867-0983.fits
4419/spec-4419-55867-0984.fits
4419/spec-4419-55867-0985.fits
4419/spec-4419-55867-0986.fits
4419/spec-4419-55867-0987.fits
4419/spec-4419-55867-0988.fits
4419/spec-4419-55867-0989.fits
4419/spec-4419-55867-0990.fits
4419/spec-4419-55867-0991.fits
4419/spec-4419-55867-0992.fits
4419/spec-4419-55867-0993.fits
4419/spec-4419-55867-0994.fits
4419/spec-4419-55867-0995.fits
4419/spec-4419-55867-0996.fits
4419/spec-4419-55867-0997.fits
4419/spec-4419-55867-0998.fits
4419/spec-4419-55867-0999.fits
4419/spec-4419-55867-1000.fits
/var/lib/condor/execute/slot1/dir_4294
4419 4419.tgz R R361.tar.gz _condor_stderr _condor_stdout cB58_Lyman_break.fit condor_exec.exe hw4.R packages packages.tar.gz tmp var
[1] "Loaded package astro."
[1] 1000
4419 4419.csv 4419.tgz R R361.tar.gz _condor_stderr _condor_stdout cB58_Lyman_break.fit condor_exec.exe hw4.R packages packages.tar.gz tmp var
