4420
4420/
4420/spec-4420-55883-0001.fits
4420/spec-4420-55883-0002.fits
4420/spec-4420-55883-0003.fits
4420/spec-4420-55883-0004.fits
4420/spec-4420-55883-0005.fits
4420/spec-4420-55883-0006.fits
4420/spec-4420-55883-0007.fits
4420/spec-4420-55883-0008.fits
4420/spec-4420-55883-0009.fits
4420/spec-4420-55883-0010.fits
4420/spec-4420-55883-0011.fits
4420/spec-4420-55883-0012.fits
4420/spec-4420-55883-0013.fits
4420/spec-4420-55883-0014.fits
4420/spec-4420-55883-0015.fits
4420/spec-4420-55883-0016.fits
4420/spec-4420-55883-0017.fits
4420/spec-4420-55883-0018.fits
4420/spec-4420-55883-0019.fits
4420/spec-4420-55883-0020.fits
4420/spec-4420-55883-0021.fits
4420/spec-4420-55883-0022.fits
4420/spec-4420-55883-0023.fits
4420/spec-4420-55883-0024.fits
4420/spec-4420-55883-0025.fits
4420/spec-4420-55883-0026.fits
4420/spec-4420-55883-0027.fits
4420/spec-4420-55883-0028.fits
4420/spec-4420-55883-0029.fits
4420/spec-4420-55883-0030.fits
4420/spec-4420-55883-0031.fits
4420/spec-4420-55883-0032.fits
4420/spec-4420-55883-0033.fits
4420/spec-4420-55883-0034.fits
4420/spec-4420-55883-0035.fits
4420/spec-4420-55883-0036.fits
4420/spec-4420-55883-0037.fits
4420/spec-4420-55883-0038.fits
4420/spec-4420-55883-0039.fits
4420/spec-4420-55883-0040.fits
4420/spec-4420-55883-0041.fits
4420/spec-4420-55883-0042.fits
4420/spec-4420-55883-0043.fits
4420/spec-4420-55883-0044.fits
4420/spec-4420-55883-0045.fits
4420/spec-4420-55883-0046.fits
4420/spec-4420-55883-0047.fits
4420/spec-4420-55883-0048.fits
4420/spec-4420-55883-0049.fits
4420/spec-4420-55883-0050.fits
4420/spec-4420-55883-0051.fits
4420/spec-4420-55883-0052.fits
4420/spec-4420-55883-0053.fits
4420/spec-4420-55883-0054.fits
4420/spec-4420-55883-0055.fits
4420/spec-4420-55883-0056.fits
4420/spec-4420-55883-0057.fits
4420/spec-4420-55883-0058.fits
4420/spec-4420-55883-0059.fits
4420/spec-4420-55883-0060.fits
4420/spec-4420-55883-0061.fits
4420/spec-4420-55883-0062.fits
4420/spec-4420-55883-0063.fits
4420/spec-4420-55883-0064.fits
4420/spec-4420-55883-0065.fits
4420/spec-4420-55883-0066.fits
4420/spec-4420-55883-0067.fits
4420/spec-4420-55883-0068.fits
4420/spec-4420-55883-0069.fits
4420/spec-4420-55883-0070.fits
4420/spec-4420-55883-0071.fits
4420/spec-4420-55883-0072.fits
4420/spec-4420-55883-0073.fits
4420/spec-4420-55883-0074.fits
4420/spec-4420-55883-0075.fits
4420/spec-4420-55883-0076.fits
4420/spec-4420-55883-0077.fits
4420/spec-4420-55883-0078.fits
4420/spec-4420-55883-0079.fits
4420/spec-4420-55883-0080.fits
4420/spec-4420-55883-0081.fits
4420/spec-4420-55883-0082.fits
4420/spec-4420-55883-0083.fits
4420/spec-4420-55883-0084.fits
4420/spec-4420-55883-0085.fits
4420/spec-4420-55883-0086.fits
4420/spec-4420-55883-0087.fits
4420/spec-4420-55883-0088.fits
4420/spec-4420-55883-0089.fits
4420/spec-4420-55883-0090.fits
4420/spec-4420-55883-0091.fits
4420/spec-4420-55883-0092.fits
4420/spec-4420-55883-0093.fits
4420/spec-4420-55883-0094.fits
4420/spec-4420-55883-0095.fits
4420/spec-4420-55883-0096.fits
4420/spec-4420-55883-0097.fits
4420/spec-4420-55883-0098.fits
4420/spec-4420-55883-0099.fits
4420/spec-4420-55883-0100.fits
4420/spec-4420-55883-0101.fits
4420/spec-4420-55883-0102.fits
4420/spec-4420-55883-0103.fits
4420/spec-4420-55883-0104.fits
4420/spec-4420-55883-0105.fits
4420/spec-4420-55883-0106.fits
4420/spec-4420-55883-0107.fits
4420/spec-4420-55883-0108.fits
4420/spec-4420-55883-0109.fits
4420/spec-4420-55883-0110.fits
4420/spec-4420-55883-0111.fits
4420/spec-4420-55883-0112.fits
4420/spec-4420-55883-0113.fits
4420/spec-4420-55883-0114.fits
4420/spec-4420-55883-0115.fits
4420/spec-4420-55883-0116.fits
4420/spec-4420-55883-0117.fits
4420/spec-4420-55883-0118.fits
4420/spec-4420-55883-0119.fits
4420/spec-4420-55883-0120.fits
4420/spec-4420-55883-0121.fits
4420/spec-4420-55883-0122.fits
4420/spec-4420-55883-0123.fits
4420/spec-4420-55883-0124.fits
4420/spec-4420-55883-0125.fits
4420/spec-4420-55883-0126.fits
4420/spec-4420-55883-0127.fits
4420/spec-4420-55883-0128.fits
4420/spec-4420-55883-0129.fits
4420/spec-4420-55883-0130.fits
4420/spec-4420-55883-0131.fits
4420/spec-4420-55883-0132.fits
4420/spec-4420-55883-0133.fits
4420/spec-4420-55883-0134.fits
4420/spec-4420-55883-0135.fits
4420/spec-4420-55883-0136.fits
4420/spec-4420-55883-0137.fits
4420/spec-4420-55883-0138.fits
4420/spec-4420-55883-0139.fits
4420/spec-4420-55883-0140.fits
4420/spec-4420-55883-0141.fits
4420/spec-4420-55883-0142.fits
4420/spec-4420-55883-0143.fits
4420/spec-4420-55883-0144.fits
4420/spec-4420-55883-0145.fits
4420/spec-4420-55883-0146.fits
4420/spec-4420-55883-0147.fits
4420/spec-4420-55883-0148.fits
4420/spec-4420-55883-0149.fits
4420/spec-4420-55883-0150.fits
4420/spec-4420-55883-0151.fits
4420/spec-4420-55883-0152.fits
4420/spec-4420-55883-0153.fits
4420/spec-4420-55883-0154.fits
4420/spec-4420-55883-0155.fits
4420/spec-4420-55883-0156.fits
4420/spec-4420-55883-0157.fits
4420/spec-4420-55883-0158.fits
4420/spec-4420-55883-0159.fits
4420/spec-4420-55883-0160.fits
4420/spec-4420-55883-0161.fits
4420/spec-4420-55883-0162.fits
4420/spec-4420-55883-0163.fits
4420/spec-4420-55883-0164.fits
4420/spec-4420-55883-0165.fits
4420/spec-4420-55883-0166.fits
4420/spec-4420-55883-0167.fits
4420/spec-4420-55883-0168.fits
4420/spec-4420-55883-0169.fits
4420/spec-4420-55883-0170.fits
4420/spec-4420-55883-0171.fits
4420/spec-4420-55883-0172.fits
4420/spec-4420-55883-0173.fits
4420/spec-4420-55883-0174.fits
4420/spec-4420-55883-0175.fits
4420/spec-4420-55883-0176.fits
4420/spec-4420-55883-0177.fits
4420/spec-4420-55883-0178.fits
4420/spec-4420-55883-0179.fits
4420/spec-4420-55883-0180.fits
4420/spec-4420-55883-0181.fits
4420/spec-4420-55883-0182.fits
4420/spec-4420-55883-0183.fits
4420/spec-4420-55883-0184.fits
4420/spec-4420-55883-0185.fits
4420/spec-4420-55883-0186.fits
4420/spec-4420-55883-0187.fits
4420/spec-4420-55883-0188.fits
4420/spec-4420-55883-0189.fits
4420/spec-4420-55883-0190.fits
4420/spec-4420-55883-0191.fits
4420/spec-4420-55883-0192.fits
4420/spec-4420-55883-0193.fits
4420/spec-4420-55883-0194.fits
4420/spec-4420-55883-0195.fits
4420/spec-4420-55883-0196.fits
4420/spec-4420-55883-0197.fits
4420/spec-4420-55883-0198.fits
4420/spec-4420-55883-0199.fits
4420/spec-4420-55883-0200.fits
4420/spec-4420-55883-0201.fits
4420/spec-4420-55883-0202.fits
4420/spec-4420-55883-0203.fits
4420/spec-4420-55883-0204.fits
4420/spec-4420-55883-0205.fits
4420/spec-4420-55883-0206.fits
4420/spec-4420-55883-0207.fits
4420/spec-4420-55883-0208.fits
4420/spec-4420-55883-0209.fits
4420/spec-4420-55883-0210.fits
4420/spec-4420-55883-0211.fits
4420/spec-4420-55883-0212.fits
4420/spec-4420-55883-0213.fits
4420/spec-4420-55883-0214.fits
4420/spec-4420-55883-0215.fits
4420/spec-4420-55883-0216.fits
4420/spec-4420-55883-0217.fits
4420/spec-4420-55883-0218.fits
4420/spec-4420-55883-0219.fits
4420/spec-4420-55883-0220.fits
4420/spec-4420-55883-0221.fits
4420/spec-4420-55883-0222.fits
4420/spec-4420-55883-0223.fits
4420/spec-4420-55883-0224.fits
4420/spec-4420-55883-0225.fits
4420/spec-4420-55883-0226.fits
4420/spec-4420-55883-0227.fits
4420/spec-4420-55883-0228.fits
4420/spec-4420-55883-0229.fits
4420/spec-4420-55883-0230.fits
4420/spec-4420-55883-0231.fits
4420/spec-4420-55883-0232.fits
4420/spec-4420-55883-0233.fits
4420/spec-4420-55883-0234.fits
4420/spec-4420-55883-0235.fits
4420/spec-4420-55883-0236.fits
4420/spec-4420-55883-0237.fits
4420/spec-4420-55883-0238.fits
4420/spec-4420-55883-0239.fits
4420/spec-4420-55883-0240.fits
4420/spec-4420-55883-0241.fits
4420/spec-4420-55883-0242.fits
4420/spec-4420-55883-0243.fits
4420/spec-4420-55883-0244.fits
4420/spec-4420-55883-0245.fits
4420/spec-4420-55883-0246.fits
4420/spec-4420-55883-0247.fits
4420/spec-4420-55883-0248.fits
4420/spec-4420-55883-0249.fits
4420/spec-4420-55883-0250.fits
4420/spec-4420-55883-0251.fits
4420/spec-4420-55883-0252.fits
4420/spec-4420-55883-0253.fits
4420/spec-4420-55883-0254.fits
4420/spec-4420-55883-0255.fits
4420/spec-4420-55883-0256.fits
4420/spec-4420-55883-0257.fits
4420/spec-4420-55883-0258.fits
4420/spec-4420-55883-0259.fits
4420/spec-4420-55883-0260.fits
4420/spec-4420-55883-0261.fits
4420/spec-4420-55883-0262.fits
4420/spec-4420-55883-0263.fits
4420/spec-4420-55883-0264.fits
4420/spec-4420-55883-0265.fits
4420/spec-4420-55883-0266.fits
4420/spec-4420-55883-0267.fits
4420/spec-4420-55883-0268.fits
4420/spec-4420-55883-0269.fits
4420/spec-4420-55883-0270.fits
4420/spec-4420-55883-0271.fits
4420/spec-4420-55883-0272.fits
4420/spec-4420-55883-0273.fits
4420/spec-4420-55883-0274.fits
4420/spec-4420-55883-0275.fits
4420/spec-4420-55883-0276.fits
4420/spec-4420-55883-0277.fits
4420/spec-4420-55883-0278.fits
4420/spec-4420-55883-0279.fits
4420/spec-4420-55883-0280.fits
4420/spec-4420-55883-0281.fits
4420/spec-4420-55883-0282.fits
4420/spec-4420-55883-0283.fits
4420/spec-4420-55883-0284.fits
4420/spec-4420-55883-0285.fits
4420/spec-4420-55883-0286.fits
4420/spec-4420-55883-0287.fits
4420/spec-4420-55883-0288.fits
4420/spec-4420-55883-0289.fits
4420/spec-4420-55883-0290.fits
4420/spec-4420-55883-0291.fits
4420/spec-4420-55883-0292.fits
4420/spec-4420-55883-0293.fits
4420/spec-4420-55883-0294.fits
4420/spec-4420-55883-0295.fits
4420/spec-4420-55883-0296.fits
4420/spec-4420-55883-0297.fits
4420/spec-4420-55883-0298.fits
4420/spec-4420-55883-0299.fits
4420/spec-4420-55883-0300.fits
4420/spec-4420-55883-0301.fits
4420/spec-4420-55883-0302.fits
4420/spec-4420-55883-0303.fits
4420/spec-4420-55883-0304.fits
4420/spec-4420-55883-0305.fits
4420/spec-4420-55883-0306.fits
4420/spec-4420-55883-0307.fits
4420/spec-4420-55883-0308.fits
4420/spec-4420-55883-0309.fits
4420/spec-4420-55883-0310.fits
4420/spec-4420-55883-0311.fits
4420/spec-4420-55883-0312.fits
4420/spec-4420-55883-0313.fits
4420/spec-4420-55883-0314.fits
4420/spec-4420-55883-0315.fits
4420/spec-4420-55883-0316.fits
4420/spec-4420-55883-0317.fits
4420/spec-4420-55883-0318.fits
4420/spec-4420-55883-0319.fits
4420/spec-4420-55883-0320.fits
4420/spec-4420-55883-0321.fits
4420/spec-4420-55883-0322.fits
4420/spec-4420-55883-0323.fits
4420/spec-4420-55883-0324.fits
4420/spec-4420-55883-0325.fits
4420/spec-4420-55883-0326.fits
4420/spec-4420-55883-0327.fits
4420/spec-4420-55883-0328.fits
4420/spec-4420-55883-0329.fits
4420/spec-4420-55883-0330.fits
4420/spec-4420-55883-0331.fits
4420/spec-4420-55883-0332.fits
4420/spec-4420-55883-0333.fits
4420/spec-4420-55883-0334.fits
4420/spec-4420-55883-0335.fits
4420/spec-4420-55883-0336.fits
4420/spec-4420-55883-0337.fits
4420/spec-4420-55883-0338.fits
4420/spec-4420-55883-0339.fits
4420/spec-4420-55883-0340.fits
4420/spec-4420-55883-0341.fits
4420/spec-4420-55883-0342.fits
4420/spec-4420-55883-0343.fits
4420/spec-4420-55883-0344.fits
4420/spec-4420-55883-0345.fits
4420/spec-4420-55883-0346.fits
4420/spec-4420-55883-0347.fits
4420/spec-4420-55883-0348.fits
4420/spec-4420-55883-0349.fits
4420/spec-4420-55883-0350.fits
4420/spec-4420-55883-0351.fits
4420/spec-4420-55883-0352.fits
4420/spec-4420-55883-0353.fits
4420/spec-4420-55883-0354.fits
4420/spec-4420-55883-0355.fits
4420/spec-4420-55883-0356.fits
4420/spec-4420-55883-0357.fits
4420/spec-4420-55883-0358.fits
4420/spec-4420-55883-0359.fits
4420/spec-4420-55883-0360.fits
4420/spec-4420-55883-0361.fits
4420/spec-4420-55883-0362.fits
4420/spec-4420-55883-0363.fits
4420/spec-4420-55883-0364.fits
4420/spec-4420-55883-0365.fits
4420/spec-4420-55883-0366.fits
4420/spec-4420-55883-0367.fits
4420/spec-4420-55883-0368.fits
4420/spec-4420-55883-0369.fits
4420/spec-4420-55883-0370.fits
4420/spec-4420-55883-0371.fits
4420/spec-4420-55883-0372.fits
4420/spec-4420-55883-0373.fits
4420/spec-4420-55883-0374.fits
4420/spec-4420-55883-0375.fits
4420/spec-4420-55883-0376.fits
4420/spec-4420-55883-0377.fits
4420/spec-4420-55883-0378.fits
4420/spec-4420-55883-0379.fits
4420/spec-4420-55883-0380.fits
4420/spec-4420-55883-0381.fits
4420/spec-4420-55883-0382.fits
4420/spec-4420-55883-0383.fits
4420/spec-4420-55883-0384.fits
4420/spec-4420-55883-0385.fits
4420/spec-4420-55883-0386.fits
4420/spec-4420-55883-0387.fits
4420/spec-4420-55883-0388.fits
4420/spec-4420-55883-0389.fits
4420/spec-4420-55883-0390.fits
4420/spec-4420-55883-0391.fits
4420/spec-4420-55883-0392.fits
4420/spec-4420-55883-0393.fits
4420/spec-4420-55883-0394.fits
4420/spec-4420-55883-0395.fits
4420/spec-4420-55883-0396.fits
4420/spec-4420-55883-0397.fits
4420/spec-4420-55883-0398.fits
4420/spec-4420-55883-0399.fits
4420/spec-4420-55883-0400.fits
4420/spec-4420-55883-0401.fits
4420/spec-4420-55883-0402.fits
4420/spec-4420-55883-0403.fits
4420/spec-4420-55883-0404.fits
4420/spec-4420-55883-0405.fits
4420/spec-4420-55883-0406.fits
4420/spec-4420-55883-0407.fits
4420/spec-4420-55883-0408.fits
4420/spec-4420-55883-0409.fits
4420/spec-4420-55883-0410.fits
4420/spec-4420-55883-0411.fits
4420/spec-4420-55883-0412.fits
4420/spec-4420-55883-0413.fits
4420/spec-4420-55883-0414.fits
4420/spec-4420-55883-0415.fits
4420/spec-4420-55883-0416.fits
4420/spec-4420-55883-0417.fits
4420/spec-4420-55883-0418.fits
4420/spec-4420-55883-0419.fits
4420/spec-4420-55883-0420.fits
4420/spec-4420-55883-0421.fits
4420/spec-4420-55883-0422.fits
4420/spec-4420-55883-0423.fits
4420/spec-4420-55883-0424.fits
4420/spec-4420-55883-0425.fits
4420/spec-4420-55883-0426.fits
4420/spec-4420-55883-0427.fits
4420/spec-4420-55883-0428.fits
4420/spec-4420-55883-0429.fits
4420/spec-4420-55883-0430.fits
4420/spec-4420-55883-0431.fits
4420/spec-4420-55883-0432.fits
4420/spec-4420-55883-0433.fits
4420/spec-4420-55883-0434.fits
4420/spec-4420-55883-0435.fits
4420/spec-4420-55883-0436.fits
4420/spec-4420-55883-0437.fits
4420/spec-4420-55883-0438.fits
4420/spec-4420-55883-0439.fits
4420/spec-4420-55883-0440.fits
4420/spec-4420-55883-0441.fits
4420/spec-4420-55883-0442.fits
4420/spec-4420-55883-0443.fits
4420/spec-4420-55883-0444.fits
4420/spec-4420-55883-0445.fits
4420/spec-4420-55883-0446.fits
4420/spec-4420-55883-0447.fits
4420/spec-4420-55883-0448.fits
4420/spec-4420-55883-0449.fits
4420/spec-4420-55883-0450.fits
4420/spec-4420-55883-0451.fits
4420/spec-4420-55883-0452.fits
4420/spec-4420-55883-0453.fits
4420/spec-4420-55883-0454.fits
4420/spec-4420-55883-0455.fits
4420/spec-4420-55883-0456.fits
4420/spec-4420-55883-0457.fits
4420/spec-4420-55883-0458.fits
4420/spec-4420-55883-0459.fits
4420/spec-4420-55883-0460.fits
4420/spec-4420-55883-0461.fits
4420/spec-4420-55883-0462.fits
4420/spec-4420-55883-0463.fits
4420/spec-4420-55883-0464.fits
4420/spec-4420-55883-0465.fits
4420/spec-4420-55883-0466.fits
4420/spec-4420-55883-0467.fits
4420/spec-4420-55883-0468.fits
4420/spec-4420-55883-0469.fits
4420/spec-4420-55883-0470.fits
4420/spec-4420-55883-0471.fits
4420/spec-4420-55883-0472.fits
4420/spec-4420-55883-0473.fits
4420/spec-4420-55883-0474.fits
4420/spec-4420-55883-0475.fits
4420/spec-4420-55883-0476.fits
4420/spec-4420-55883-0477.fits
4420/spec-4420-55883-0478.fits
4420/spec-4420-55883-0479.fits
4420/spec-4420-55883-0480.fits
4420/spec-4420-55883-0481.fits
4420/spec-4420-55883-0482.fits
4420/spec-4420-55883-0483.fits
4420/spec-4420-55883-0484.fits
4420/spec-4420-55883-0485.fits
4420/spec-4420-55883-0486.fits
4420/spec-4420-55883-0487.fits
4420/spec-4420-55883-0488.fits
4420/spec-4420-55883-0489.fits
4420/spec-4420-55883-0490.fits
4420/spec-4420-55883-0491.fits
4420/spec-4420-55883-0492.fits
4420/spec-4420-55883-0493.fits
4420/spec-4420-55883-0494.fits
4420/spec-4420-55883-0495.fits
4420/spec-4420-55883-0496.fits
4420/spec-4420-55883-0497.fits
4420/spec-4420-55883-0498.fits
4420/spec-4420-55883-0499.fits
4420/spec-4420-55883-0500.fits
4420/spec-4420-55883-0501.fits
4420/spec-4420-55883-0502.fits
4420/spec-4420-55883-0503.fits
4420/spec-4420-55883-0504.fits
4420/spec-4420-55883-0505.fits
4420/spec-4420-55883-0506.fits
4420/spec-4420-55883-0507.fits
4420/spec-4420-55883-0508.fits
4420/spec-4420-55883-0509.fits
4420/spec-4420-55883-0510.fits
4420/spec-4420-55883-0511.fits
4420/spec-4420-55883-0512.fits
4420/spec-4420-55883-0513.fits
4420/spec-4420-55883-0514.fits
4420/spec-4420-55883-0515.fits
4420/spec-4420-55883-0516.fits
4420/spec-4420-55883-0517.fits
4420/spec-4420-55883-0518.fits
4420/spec-4420-55883-0519.fits
4420/spec-4420-55883-0520.fits
4420/spec-4420-55883-0521.fits
4420/spec-4420-55883-0522.fits
4420/spec-4420-55883-0523.fits
4420/spec-4420-55883-0524.fits
4420/spec-4420-55883-0525.fits
4420/spec-4420-55883-0526.fits
4420/spec-4420-55883-0527.fits
4420/spec-4420-55883-0528.fits
4420/spec-4420-55883-0529.fits
4420/spec-4420-55883-0530.fits
4420/spec-4420-55883-0531.fits
4420/spec-4420-55883-0532.fits
4420/spec-4420-55883-0533.fits
4420/spec-4420-55883-0534.fits
4420/spec-4420-55883-0535.fits
4420/spec-4420-55883-0536.fits
4420/spec-4420-55883-0537.fits
4420/spec-4420-55883-0538.fits
4420/spec-4420-55883-0539.fits
4420/spec-4420-55883-0540.fits
4420/spec-4420-55883-0541.fits
4420/spec-4420-55883-0542.fits
4420/spec-4420-55883-0543.fits
4420/spec-4420-55883-0544.fits
4420/spec-4420-55883-0545.fits
4420/spec-4420-55883-0546.fits
4420/spec-4420-55883-0547.fits
4420/spec-4420-55883-0548.fits
4420/spec-4420-55883-0549.fits
4420/spec-4420-55883-0550.fits
4420/spec-4420-55883-0551.fits
4420/spec-4420-55883-0552.fits
4420/spec-4420-55883-0553.fits
4420/spec-4420-55883-0554.fits
4420/spec-4420-55883-0555.fits
4420/spec-4420-55883-0556.fits
4420/spec-4420-55883-0557.fits
4420/spec-4420-55883-0558.fits
4420/spec-4420-55883-0559.fits
4420/spec-4420-55883-0560.fits
4420/spec-4420-55883-0561.fits
4420/spec-4420-55883-0562.fits
4420/spec-4420-55883-0563.fits
4420/spec-4420-55883-0564.fits
4420/spec-4420-55883-0565.fits
4420/spec-4420-55883-0566.fits
4420/spec-4420-55883-0567.fits
4420/spec-4420-55883-0568.fits
4420/spec-4420-55883-0569.fits
4420/spec-4420-55883-0570.fits
4420/spec-4420-55883-0571.fits
4420/spec-4420-55883-0572.fits
4420/spec-4420-55883-0573.fits
4420/spec-4420-55883-0574.fits
4420/spec-4420-55883-0575.fits
4420/spec-4420-55883-0576.fits
4420/spec-4420-55883-0577.fits
4420/spec-4420-55883-0578.fits
4420/spec-4420-55883-0579.fits
4420/spec-4420-55883-0580.fits
4420/spec-4420-55883-0581.fits
4420/spec-4420-55883-0582.fits
4420/spec-4420-55883-0583.fits
4420/spec-4420-55883-0584.fits
4420/spec-4420-55883-0585.fits
4420/spec-4420-55883-0586.fits
4420/spec-4420-55883-0587.fits
4420/spec-4420-55883-0588.fits
4420/spec-4420-55883-0589.fits
4420/spec-4420-55883-0590.fits
4420/spec-4420-55883-0591.fits
4420/spec-4420-55883-0592.fits
4420/spec-4420-55883-0593.fits
4420/spec-4420-55883-0594.fits
4420/spec-4420-55883-0595.fits
4420/spec-4420-55883-0596.fits
4420/spec-4420-55883-0597.fits
4420/spec-4420-55883-0598.fits
4420/spec-4420-55883-0599.fits
4420/spec-4420-55883-0600.fits
4420/spec-4420-55883-0601.fits
4420/spec-4420-55883-0602.fits
4420/spec-4420-55883-0603.fits
4420/spec-4420-55883-0604.fits
4420/spec-4420-55883-0605.fits
4420/spec-4420-55883-0606.fits
4420/spec-4420-55883-0607.fits
4420/spec-4420-55883-0608.fits
4420/spec-4420-55883-0609.fits
4420/spec-4420-55883-0610.fits
4420/spec-4420-55883-0611.fits
4420/spec-4420-55883-0612.fits
4420/spec-4420-55883-0613.fits
4420/spec-4420-55883-0614.fits
4420/spec-4420-55883-0615.fits
4420/spec-4420-55883-0616.fits
4420/spec-4420-55883-0617.fits
4420/spec-4420-55883-0618.fits
4420/spec-4420-55883-0619.fits
4420/spec-4420-55883-0620.fits
4420/spec-4420-55883-0621.fits
4420/spec-4420-55883-0622.fits
4420/spec-4420-55883-0623.fits
4420/spec-4420-55883-0624.fits
4420/spec-4420-55883-0625.fits
4420/spec-4420-55883-0626.fits
4420/spec-4420-55883-0627.fits
4420/spec-4420-55883-0628.fits
4420/spec-4420-55883-0629.fits
4420/spec-4420-55883-0630.fits
4420/spec-4420-55883-0631.fits
4420/spec-4420-55883-0632.fits
4420/spec-4420-55883-0633.fits
4420/spec-4420-55883-0634.fits
4420/spec-4420-55883-0635.fits
4420/spec-4420-55883-0636.fits
4420/spec-4420-55883-0637.fits
4420/spec-4420-55883-0638.fits
4420/spec-4420-55883-0639.fits
4420/spec-4420-55883-0640.fits
4420/spec-4420-55883-0641.fits
4420/spec-4420-55883-0642.fits
4420/spec-4420-55883-0643.fits
4420/spec-4420-55883-0644.fits
4420/spec-4420-55883-0645.fits
4420/spec-4420-55883-0646.fits
4420/spec-4420-55883-0647.fits
4420/spec-4420-55883-0648.fits
4420/spec-4420-55883-0649.fits
4420/spec-4420-55883-0650.fits
4420/spec-4420-55883-0651.fits
4420/spec-4420-55883-0652.fits
4420/spec-4420-55883-0653.fits
4420/spec-4420-55883-0654.fits
4420/spec-4420-55883-0655.fits
4420/spec-4420-55883-0656.fits
4420/spec-4420-55883-0657.fits
4420/spec-4420-55883-0658.fits
4420/spec-4420-55883-0659.fits
4420/spec-4420-55883-0660.fits
4420/spec-4420-55883-0661.fits
4420/spec-4420-55883-0662.fits
4420/spec-4420-55883-0663.fits
4420/spec-4420-55883-0664.fits
4420/spec-4420-55883-0665.fits
4420/spec-4420-55883-0666.fits
4420/spec-4420-55883-0667.fits
4420/spec-4420-55883-0668.fits
4420/spec-4420-55883-0669.fits
4420/spec-4420-55883-0670.fits
4420/spec-4420-55883-0671.fits
4420/spec-4420-55883-0672.fits
4420/spec-4420-55883-0673.fits
4420/spec-4420-55883-0674.fits
4420/spec-4420-55883-0675.fits
4420/spec-4420-55883-0676.fits
4420/spec-4420-55883-0677.fits
4420/spec-4420-55883-0678.fits
4420/spec-4420-55883-0679.fits
4420/spec-4420-55883-0680.fits
4420/spec-4420-55883-0681.fits
4420/spec-4420-55883-0682.fits
4420/spec-4420-55883-0683.fits
4420/spec-4420-55883-0684.fits
4420/spec-4420-55883-0685.fits
4420/spec-4420-55883-0686.fits
4420/spec-4420-55883-0687.fits
4420/spec-4420-55883-0688.fits
4420/spec-4420-55883-0689.fits
4420/spec-4420-55883-0690.fits
4420/spec-4420-55883-0691.fits
4420/spec-4420-55883-0692.fits
4420/spec-4420-55883-0693.fits
4420/spec-4420-55883-0694.fits
4420/spec-4420-55883-0695.fits
4420/spec-4420-55883-0696.fits
4420/spec-4420-55883-0697.fits
4420/spec-4420-55883-0698.fits
4420/spec-4420-55883-0699.fits
4420/spec-4420-55883-0700.fits
4420/spec-4420-55883-0701.fits
4420/spec-4420-55883-0702.fits
4420/spec-4420-55883-0703.fits
4420/spec-4420-55883-0704.fits
4420/spec-4420-55883-0705.fits
4420/spec-4420-55883-0706.fits
4420/spec-4420-55883-0707.fits
4420/spec-4420-55883-0708.fits
4420/spec-4420-55883-0709.fits
4420/spec-4420-55883-0710.fits
4420/spec-4420-55883-0711.fits
4420/spec-4420-55883-0712.fits
4420/spec-4420-55883-0713.fits
4420/spec-4420-55883-0714.fits
4420/spec-4420-55883-0715.fits
4420/spec-4420-55883-0716.fits
4420/spec-4420-55883-0717.fits
4420/spec-4420-55883-0718.fits
4420/spec-4420-55883-0719.fits
4420/spec-4420-55883-0720.fits
4420/spec-4420-55883-0721.fits
4420/spec-4420-55883-0722.fits
4420/spec-4420-55883-0723.fits
4420/spec-4420-55883-0724.fits
4420/spec-4420-55883-0725.fits
4420/spec-4420-55883-0726.fits
4420/spec-4420-55883-0727.fits
4420/spec-4420-55883-0728.fits
4420/spec-4420-55883-0729.fits
4420/spec-4420-55883-0730.fits
4420/spec-4420-55883-0731.fits
4420/spec-4420-55883-0732.fits
4420/spec-4420-55883-0733.fits
4420/spec-4420-55883-0734.fits
4420/spec-4420-55883-0735.fits
4420/spec-4420-55883-0736.fits
4420/spec-4420-55883-0737.fits
4420/spec-4420-55883-0738.fits
4420/spec-4420-55883-0739.fits
4420/spec-4420-55883-0740.fits
4420/spec-4420-55883-0741.fits
4420/spec-4420-55883-0742.fits
4420/spec-4420-55883-0743.fits
4420/spec-4420-55883-0744.fits
4420/spec-4420-55883-0745.fits
4420/spec-4420-55883-0746.fits
4420/spec-4420-55883-0747.fits
4420/spec-4420-55883-0748.fits
4420/spec-4420-55883-0749.fits
4420/spec-4420-55883-0750.fits
4420/spec-4420-55883-0751.fits
4420/spec-4420-55883-0752.fits
4420/spec-4420-55883-0753.fits
4420/spec-4420-55883-0754.fits
4420/spec-4420-55883-0755.fits
4420/spec-4420-55883-0756.fits
4420/spec-4420-55883-0757.fits
4420/spec-4420-55883-0758.fits
4420/spec-4420-55883-0759.fits
4420/spec-4420-55883-0760.fits
4420/spec-4420-55883-0761.fits
4420/spec-4420-55883-0762.fits
4420/spec-4420-55883-0763.fits
4420/spec-4420-55883-0764.fits
4420/spec-4420-55883-0765.fits
4420/spec-4420-55883-0766.fits
4420/spec-4420-55883-0767.fits
4420/spec-4420-55883-0768.fits
4420/spec-4420-55883-0769.fits
4420/spec-4420-55883-0770.fits
4420/spec-4420-55883-0771.fits
4420/spec-4420-55883-0772.fits
4420/spec-4420-55883-0773.fits
4420/spec-4420-55883-0774.fits
4420/spec-4420-55883-0775.fits
4420/spec-4420-55883-0776.fits
4420/spec-4420-55883-0777.fits
4420/spec-4420-55883-0778.fits
4420/spec-4420-55883-0779.fits
4420/spec-4420-55883-0780.fits
4420/spec-4420-55883-0781.fits
4420/spec-4420-55883-0782.fits
4420/spec-4420-55883-0783.fits
4420/spec-4420-55883-0784.fits
4420/spec-4420-55883-0785.fits
4420/spec-4420-55883-0786.fits
4420/spec-4420-55883-0787.fits
4420/spec-4420-55883-0788.fits
4420/spec-4420-55883-0789.fits
4420/spec-4420-55883-0790.fits
4420/spec-4420-55883-0791.fits
4420/spec-4420-55883-0792.fits
4420/spec-4420-55883-0793.fits
4420/spec-4420-55883-0794.fits
4420/spec-4420-55883-0795.fits
4420/spec-4420-55883-0796.fits
4420/spec-4420-55883-0797.fits
4420/spec-4420-55883-0798.fits
4420/spec-4420-55883-0799.fits
4420/spec-4420-55883-0800.fits
4420/spec-4420-55883-0801.fits
4420/spec-4420-55883-0802.fits
4420/spec-4420-55883-0803.fits
4420/spec-4420-55883-0804.fits
4420/spec-4420-55883-0805.fits
4420/spec-4420-55883-0806.fits
4420/spec-4420-55883-0807.fits
4420/spec-4420-55883-0808.fits
4420/spec-4420-55883-0809.fits
4420/spec-4420-55883-0810.fits
4420/spec-4420-55883-0811.fits
4420/spec-4420-55883-0812.fits
4420/spec-4420-55883-0813.fits
4420/spec-4420-55883-0814.fits
4420/spec-4420-55883-0815.fits
4420/spec-4420-55883-0816.fits
4420/spec-4420-55883-0817.fits
4420/spec-4420-55883-0818.fits
4420/spec-4420-55883-0819.fits
4420/spec-4420-55883-0820.fits
4420/spec-4420-55883-0821.fits
4420/spec-4420-55883-0822.fits
4420/spec-4420-55883-0823.fits
4420/spec-4420-55883-0824.fits
4420/spec-4420-55883-0825.fits
4420/spec-4420-55883-0826.fits
4420/spec-4420-55883-0827.fits
4420/spec-4420-55883-0828.fits
4420/spec-4420-55883-0829.fits
4420/spec-4420-55883-0830.fits
4420/spec-4420-55883-0831.fits
4420/spec-4420-55883-0832.fits
4420/spec-4420-55883-0833.fits
4420/spec-4420-55883-0834.fits
4420/spec-4420-55883-0835.fits
4420/spec-4420-55883-0836.fits
4420/spec-4420-55883-0837.fits
4420/spec-4420-55883-0838.fits
4420/spec-4420-55883-0839.fits
4420/spec-4420-55883-0840.fits
4420/spec-4420-55883-0841.fits
4420/spec-4420-55883-0842.fits
4420/spec-4420-55883-0843.fits
4420/spec-4420-55883-0844.fits
4420/spec-4420-55883-0845.fits
4420/spec-4420-55883-0846.fits
4420/spec-4420-55883-0847.fits
4420/spec-4420-55883-0848.fits
4420/spec-4420-55883-0849.fits
4420/spec-4420-55883-0850.fits
4420/spec-4420-55883-0851.fits
4420/spec-4420-55883-0852.fits
4420/spec-4420-55883-0853.fits
4420/spec-4420-55883-0854.fits
4420/spec-4420-55883-0855.fits
4420/spec-4420-55883-0856.fits
4420/spec-4420-55883-0857.fits
4420/spec-4420-55883-0858.fits
4420/spec-4420-55883-0859.fits
4420/spec-4420-55883-0860.fits
4420/spec-4420-55883-0861.fits
4420/spec-4420-55883-0862.fits
4420/spec-4420-55883-0863.fits
4420/spec-4420-55883-0864.fits
4420/spec-4420-55883-0865.fits
4420/spec-4420-55883-0866.fits
4420/spec-4420-55883-0867.fits
4420/spec-4420-55883-0868.fits
4420/spec-4420-55883-0869.fits
4420/spec-4420-55883-0870.fits
4420/spec-4420-55883-0871.fits
4420/spec-4420-55883-0872.fits
4420/spec-4420-55883-0873.fits
4420/spec-4420-55883-0874.fits
4420/spec-4420-55883-0875.fits
4420/spec-4420-55883-0876.fits
4420/spec-4420-55883-0877.fits
4420/spec-4420-55883-0878.fits
4420/spec-4420-55883-0879.fits
4420/spec-4420-55883-0880.fits
4420/spec-4420-55883-0881.fits
4420/spec-4420-55883-0882.fits
4420/spec-4420-55883-0883.fits
4420/spec-4420-55883-0884.fits
4420/spec-4420-55883-0885.fits
4420/spec-4420-55883-0886.fits
4420/spec-4420-55883-0887.fits
4420/spec-4420-55883-0888.fits
4420/spec-4420-55883-0889.fits
4420/spec-4420-55883-0890.fits
4420/spec-4420-55883-0891.fits
4420/spec-4420-55883-0892.fits
4420/spec-4420-55883-0893.fits
4420/spec-4420-55883-0894.fits
4420/spec-4420-55883-0895.fits
4420/spec-4420-55883-0896.fits
4420/spec-4420-55883-0897.fits
4420/spec-4420-55883-0898.fits
4420/spec-4420-55883-0899.fits
4420/spec-4420-55883-0900.fits
4420/spec-4420-55883-0901.fits
4420/spec-4420-55883-0902.fits
4420/spec-4420-55883-0903.fits
4420/spec-4420-55883-0904.fits
4420/spec-4420-55883-0905.fits
4420/spec-4420-55883-0906.fits
4420/spec-4420-55883-0907.fits
4420/spec-4420-55883-0908.fits
4420/spec-4420-55883-0909.fits
4420/spec-4420-55883-0910.fits
4420/spec-4420-55883-0911.fits
4420/spec-4420-55883-0912.fits
4420/spec-4420-55883-0913.fits
4420/spec-4420-55883-0914.fits
4420/spec-4420-55883-0915.fits
4420/spec-4420-55883-0916.fits
4420/spec-4420-55883-0917.fits
4420/spec-4420-55883-0918.fits
4420/spec-4420-55883-0919.fits
4420/spec-4420-55883-0920.fits
4420/spec-4420-55883-0921.fits
4420/spec-4420-55883-0922.fits
4420/spec-4420-55883-0923.fits
4420/spec-4420-55883-0924.fits
4420/spec-4420-55883-0925.fits
4420/spec-4420-55883-0926.fits
4420/spec-4420-55883-0927.fits
4420/spec-4420-55883-0928.fits
4420/spec-4420-55883-0929.fits
4420/spec-4420-55883-0930.fits
4420/spec-4420-55883-0931.fits
4420/spec-4420-55883-0932.fits
4420/spec-4420-55883-0933.fits
4420/spec-4420-55883-0934.fits
4420/spec-4420-55883-0935.fits
4420/spec-4420-55883-0936.fits
4420/spec-4420-55883-0937.fits
4420/spec-4420-55883-0938.fits
4420/spec-4420-55883-0939.fits
4420/spec-4420-55883-0940.fits
4420/spec-4420-55883-0941.fits
4420/spec-4420-55883-0942.fits
4420/spec-4420-55883-0943.fits
4420/spec-4420-55883-0944.fits
4420/spec-4420-55883-0945.fits
4420/spec-4420-55883-0946.fits
4420/spec-4420-55883-0947.fits
4420/spec-4420-55883-0948.fits
4420/spec-4420-55883-0949.fits
4420/spec-4420-55883-0950.fits
4420/spec-4420-55883-0951.fits
4420/spec-4420-55883-0952.fits
4420/spec-4420-55883-0953.fits
4420/spec-4420-55883-0954.fits
4420/spec-4420-55883-0955.fits
4420/spec-4420-55883-0956.fits
4420/spec-4420-55883-0957.fits
4420/spec-4420-55883-0958.fits
4420/spec-4420-55883-0959.fits
4420/spec-4420-55883-0960.fits
4420/spec-4420-55883-0961.fits
4420/spec-4420-55883-0962.fits
4420/spec-4420-55883-0963.fits
4420/spec-4420-55883-0964.fits
4420/spec-4420-55883-0965.fits
4420/spec-4420-55883-0966.fits
4420/spec-4420-55883-0967.fits
4420/spec-4420-55883-0968.fits
4420/spec-4420-55883-0969.fits
4420/spec-4420-55883-0970.fits
4420/spec-4420-55883-0971.fits
4420/spec-4420-55883-0972.fits
4420/spec-4420-55883-0973.fits
4420/spec-4420-55883-0974.fits
4420/spec-4420-55883-0975.fits
4420/spec-4420-55883-0976.fits
4420/spec-4420-55883-0977.fits
4420/spec-4420-55883-0978.fits
4420/spec-4420-55883-0979.fits
4420/spec-4420-55883-0980.fits
4420/spec-4420-55883-0981.fits
4420/spec-4420-55883-0982.fits
4420/spec-4420-55883-0983.fits
4420/spec-4420-55883-0984.fits
4420/spec-4420-55883-0985.fits
4420/spec-4420-55883-0986.fits
4420/spec-4420-55883-0987.fits
4420/spec-4420-55883-0988.fits
4420/spec-4420-55883-0989.fits
4420/spec-4420-55883-0990.fits
4420/spec-4420-55883-0991.fits
4420/spec-4420-55883-0992.fits
4420/spec-4420-55883-0993.fits
4420/spec-4420-55883-0994.fits
4420/spec-4420-55883-0995.fits
4420/spec-4420-55883-0996.fits
4420/spec-4420-55883-0997.fits
4420/spec-4420-55883-0998.fits
4420/spec-4420-55883-0999.fits
4420/spec-4420-55883-1000.fits
/var/lib/condor/execute/slot1/dir_10234
4420 4420.tgz R R361.tar.gz _condor_stderr _condor_stdout cB58_Lyman_break.fit condor_exec.exe hw4.R packages packages.tar.gz tmp var
[1] "Loaded package astro."
[1] 1000
4420 4420.csv 4420.tgz R R361.tar.gz _condor_stderr _condor_stdout cB58_Lyman_break.fit condor_exec.exe hw4.R packages packages.tar.gz tmp var
