4484
4484/
4484/spec-4484-55565-0001.fits
4484/spec-4484-55565-0002.fits
4484/spec-4484-55565-0003.fits
4484/spec-4484-55565-0004.fits
4484/spec-4484-55565-0005.fits
4484/spec-4484-55565-0006.fits
4484/spec-4484-55565-0007.fits
4484/spec-4484-55565-0008.fits
4484/spec-4484-55565-0009.fits
4484/spec-4484-55565-0010.fits
4484/spec-4484-55565-0011.fits
4484/spec-4484-55565-0012.fits
4484/spec-4484-55565-0013.fits
4484/spec-4484-55565-0014.fits
4484/spec-4484-55565-0015.fits
4484/spec-4484-55565-0016.fits
4484/spec-4484-55565-0017.fits
4484/spec-4484-55565-0018.fits
4484/spec-4484-55565-0019.fits
4484/spec-4484-55565-0020.fits
4484/spec-4484-55565-0021.fits
4484/spec-4484-55565-0022.fits
4484/spec-4484-55565-0023.fits
4484/spec-4484-55565-0024.fits
4484/spec-4484-55565-0025.fits
4484/spec-4484-55565-0026.fits
4484/spec-4484-55565-0027.fits
4484/spec-4484-55565-0028.fits
4484/spec-4484-55565-0029.fits
4484/spec-4484-55565-0030.fits
4484/spec-4484-55565-0031.fits
4484/spec-4484-55565-0032.fits
4484/spec-4484-55565-0033.fits
4484/spec-4484-55565-0034.fits
4484/spec-4484-55565-0035.fits
4484/spec-4484-55565-0036.fits
4484/spec-4484-55565-0037.fits
4484/spec-4484-55565-0038.fits
4484/spec-4484-55565-0039.fits
4484/spec-4484-55565-0040.fits
4484/spec-4484-55565-0041.fits
4484/spec-4484-55565-0042.fits
4484/spec-4484-55565-0043.fits
4484/spec-4484-55565-0044.fits
4484/spec-4484-55565-0045.fits
4484/spec-4484-55565-0046.fits
4484/spec-4484-55565-0047.fits
4484/spec-4484-55565-0048.fits
4484/spec-4484-55565-0049.fits
4484/spec-4484-55565-0050.fits
4484/spec-4484-55565-0051.fits
4484/spec-4484-55565-0052.fits
4484/spec-4484-55565-0053.fits
4484/spec-4484-55565-0054.fits
4484/spec-4484-55565-0055.fits
4484/spec-4484-55565-0056.fits
4484/spec-4484-55565-0057.fits
4484/spec-4484-55565-0058.fits
4484/spec-4484-55565-0059.fits
4484/spec-4484-55565-0060.fits
4484/spec-4484-55565-0061.fits
4484/spec-4484-55565-0062.fits
4484/spec-4484-55565-0063.fits
4484/spec-4484-55565-0064.fits
4484/spec-4484-55565-0065.fits
4484/spec-4484-55565-0066.fits
4484/spec-4484-55565-0067.fits
4484/spec-4484-55565-0068.fits
4484/spec-4484-55565-0069.fits
4484/spec-4484-55565-0070.fits
4484/spec-4484-55565-0071.fits
4484/spec-4484-55565-0072.fits
4484/spec-4484-55565-0073.fits
4484/spec-4484-55565-0074.fits
4484/spec-4484-55565-0075.fits
4484/spec-4484-55565-0076.fits
4484/spec-4484-55565-0077.fits
4484/spec-4484-55565-0078.fits
4484/spec-4484-55565-0079.fits
4484/spec-4484-55565-0080.fits
4484/spec-4484-55565-0081.fits
4484/spec-4484-55565-0082.fits
4484/spec-4484-55565-0083.fits
4484/spec-4484-55565-0084.fits
4484/spec-4484-55565-0085.fits
4484/spec-4484-55565-0086.fits
4484/spec-4484-55565-0087.fits
4484/spec-4484-55565-0088.fits
4484/spec-4484-55565-0089.fits
4484/spec-4484-55565-0090.fits
4484/spec-4484-55565-0091.fits
4484/spec-4484-55565-0092.fits
4484/spec-4484-55565-0093.fits
4484/spec-4484-55565-0094.fits
4484/spec-4484-55565-0095.fits
4484/spec-4484-55565-0096.fits
4484/spec-4484-55565-0097.fits
4484/spec-4484-55565-0098.fits
4484/spec-4484-55565-0099.fits
4484/spec-4484-55565-0100.fits
4484/spec-4484-55565-0101.fits
4484/spec-4484-55565-0102.fits
4484/spec-4484-55565-0103.fits
4484/spec-4484-55565-0104.fits
4484/spec-4484-55565-0105.fits
4484/spec-4484-55565-0106.fits
4484/spec-4484-55565-0107.fits
4484/spec-4484-55565-0108.fits
4484/spec-4484-55565-0109.fits
4484/spec-4484-55565-0110.fits
4484/spec-4484-55565-0111.fits
4484/spec-4484-55565-0112.fits
4484/spec-4484-55565-0113.fits
4484/spec-4484-55565-0114.fits
4484/spec-4484-55565-0115.fits
4484/spec-4484-55565-0116.fits
4484/spec-4484-55565-0117.fits
4484/spec-4484-55565-0118.fits
4484/spec-4484-55565-0119.fits
4484/spec-4484-55565-0120.fits
4484/spec-4484-55565-0121.fits
4484/spec-4484-55565-0122.fits
4484/spec-4484-55565-0123.fits
4484/spec-4484-55565-0124.fits
4484/spec-4484-55565-0125.fits
4484/spec-4484-55565-0126.fits
4484/spec-4484-55565-0127.fits
4484/spec-4484-55565-0128.fits
4484/spec-4484-55565-0129.fits
4484/spec-4484-55565-0130.fits
4484/spec-4484-55565-0131.fits
4484/spec-4484-55565-0132.fits
4484/spec-4484-55565-0133.fits
4484/spec-4484-55565-0134.fits
4484/spec-4484-55565-0135.fits
4484/spec-4484-55565-0136.fits
4484/spec-4484-55565-0137.fits
4484/spec-4484-55565-0138.fits
4484/spec-4484-55565-0139.fits
4484/spec-4484-55565-0140.fits
4484/spec-4484-55565-0141.fits
4484/spec-4484-55565-0142.fits
4484/spec-4484-55565-0143.fits
4484/spec-4484-55565-0144.fits
4484/spec-4484-55565-0145.fits
4484/spec-4484-55565-0146.fits
4484/spec-4484-55565-0147.fits
4484/spec-4484-55565-0148.fits
4484/spec-4484-55565-0149.fits
4484/spec-4484-55565-0150.fits
4484/spec-4484-55565-0151.fits
4484/spec-4484-55565-0152.fits
4484/spec-4484-55565-0153.fits
4484/spec-4484-55565-0154.fits
4484/spec-4484-55565-0155.fits
4484/spec-4484-55565-0156.fits
4484/spec-4484-55565-0157.fits
4484/spec-4484-55565-0158.fits
4484/spec-4484-55565-0159.fits
4484/spec-4484-55565-0160.fits
4484/spec-4484-55565-0161.fits
4484/spec-4484-55565-0162.fits
4484/spec-4484-55565-0163.fits
4484/spec-4484-55565-0164.fits
4484/spec-4484-55565-0165.fits
4484/spec-4484-55565-0166.fits
4484/spec-4484-55565-0167.fits
4484/spec-4484-55565-0168.fits
4484/spec-4484-55565-0169.fits
4484/spec-4484-55565-0170.fits
4484/spec-4484-55565-0171.fits
4484/spec-4484-55565-0172.fits
4484/spec-4484-55565-0173.fits
4484/spec-4484-55565-0174.fits
4484/spec-4484-55565-0175.fits
4484/spec-4484-55565-0176.fits
4484/spec-4484-55565-0177.fits
4484/spec-4484-55565-0178.fits
4484/spec-4484-55565-0179.fits
4484/spec-4484-55565-0180.fits
4484/spec-4484-55565-0181.fits
4484/spec-4484-55565-0182.fits
4484/spec-4484-55565-0183.fits
4484/spec-4484-55565-0184.fits
4484/spec-4484-55565-0185.fits
4484/spec-4484-55565-0186.fits
4484/spec-4484-55565-0187.fits
4484/spec-4484-55565-0188.fits
4484/spec-4484-55565-0189.fits
4484/spec-4484-55565-0190.fits
4484/spec-4484-55565-0191.fits
4484/spec-4484-55565-0192.fits
4484/spec-4484-55565-0193.fits
4484/spec-4484-55565-0194.fits
4484/spec-4484-55565-0195.fits
4484/spec-4484-55565-0196.fits
4484/spec-4484-55565-0197.fits
4484/spec-4484-55565-0198.fits
4484/spec-4484-55565-0199.fits
4484/spec-4484-55565-0200.fits
4484/spec-4484-55565-0201.fits
4484/spec-4484-55565-0202.fits
4484/spec-4484-55565-0203.fits
4484/spec-4484-55565-0204.fits
4484/spec-4484-55565-0205.fits
4484/spec-4484-55565-0206.fits
4484/spec-4484-55565-0207.fits
4484/spec-4484-55565-0208.fits
4484/spec-4484-55565-0209.fits
4484/spec-4484-55565-0210.fits
4484/spec-4484-55565-0211.fits
4484/spec-4484-55565-0212.fits
4484/spec-4484-55565-0213.fits
4484/spec-4484-55565-0214.fits
4484/spec-4484-55565-0215.fits
4484/spec-4484-55565-0216.fits
4484/spec-4484-55565-0217.fits
4484/spec-4484-55565-0218.fits
4484/spec-4484-55565-0219.fits
4484/spec-4484-55565-0220.fits
4484/spec-4484-55565-0221.fits
4484/spec-4484-55565-0222.fits
4484/spec-4484-55565-0223.fits
4484/spec-4484-55565-0224.fits
4484/spec-4484-55565-0225.fits
4484/spec-4484-55565-0226.fits
4484/spec-4484-55565-0227.fits
4484/spec-4484-55565-0228.fits
4484/spec-4484-55565-0229.fits
4484/spec-4484-55565-0230.fits
4484/spec-4484-55565-0231.fits
4484/spec-4484-55565-0232.fits
4484/spec-4484-55565-0233.fits
4484/spec-4484-55565-0234.fits
4484/spec-4484-55565-0235.fits
4484/spec-4484-55565-0236.fits
4484/spec-4484-55565-0237.fits
4484/spec-4484-55565-0238.fits
4484/spec-4484-55565-0239.fits
4484/spec-4484-55565-0240.fits
4484/spec-4484-55565-0241.fits
4484/spec-4484-55565-0242.fits
4484/spec-4484-55565-0243.fits
4484/spec-4484-55565-0244.fits
4484/spec-4484-55565-0245.fits
4484/spec-4484-55565-0246.fits
4484/spec-4484-55565-0247.fits
4484/spec-4484-55565-0248.fits
4484/spec-4484-55565-0249.fits
4484/spec-4484-55565-0250.fits
4484/spec-4484-55565-0251.fits
4484/spec-4484-55565-0252.fits
4484/spec-4484-55565-0253.fits
4484/spec-4484-55565-0254.fits
4484/spec-4484-55565-0255.fits
4484/spec-4484-55565-0256.fits
4484/spec-4484-55565-0257.fits
4484/spec-4484-55565-0258.fits
4484/spec-4484-55565-0259.fits
4484/spec-4484-55565-0260.fits
4484/spec-4484-55565-0261.fits
4484/spec-4484-55565-0262.fits
4484/spec-4484-55565-0263.fits
4484/spec-4484-55565-0264.fits
4484/spec-4484-55565-0265.fits
4484/spec-4484-55565-0266.fits
4484/spec-4484-55565-0267.fits
4484/spec-4484-55565-0268.fits
4484/spec-4484-55565-0269.fits
4484/spec-4484-55565-0270.fits
4484/spec-4484-55565-0271.fits
4484/spec-4484-55565-0272.fits
4484/spec-4484-55565-0273.fits
4484/spec-4484-55565-0274.fits
4484/spec-4484-55565-0275.fits
4484/spec-4484-55565-0276.fits
4484/spec-4484-55565-0277.fits
4484/spec-4484-55565-0278.fits
4484/spec-4484-55565-0279.fits
4484/spec-4484-55565-0280.fits
4484/spec-4484-55565-0281.fits
4484/spec-4484-55565-0282.fits
4484/spec-4484-55565-0283.fits
4484/spec-4484-55565-0284.fits
4484/spec-4484-55565-0285.fits
4484/spec-4484-55565-0286.fits
4484/spec-4484-55565-0287.fits
4484/spec-4484-55565-0288.fits
4484/spec-4484-55565-0289.fits
4484/spec-4484-55565-0290.fits
4484/spec-4484-55565-0291.fits
4484/spec-4484-55565-0292.fits
4484/spec-4484-55565-0293.fits
4484/spec-4484-55565-0294.fits
4484/spec-4484-55565-0295.fits
4484/spec-4484-55565-0296.fits
4484/spec-4484-55565-0297.fits
4484/spec-4484-55565-0298.fits
4484/spec-4484-55565-0299.fits
4484/spec-4484-55565-0300.fits
4484/spec-4484-55565-0301.fits
4484/spec-4484-55565-0302.fits
4484/spec-4484-55565-0303.fits
4484/spec-4484-55565-0304.fits
4484/spec-4484-55565-0305.fits
4484/spec-4484-55565-0306.fits
4484/spec-4484-55565-0307.fits
4484/spec-4484-55565-0308.fits
4484/spec-4484-55565-0309.fits
4484/spec-4484-55565-0310.fits
4484/spec-4484-55565-0311.fits
4484/spec-4484-55565-0312.fits
4484/spec-4484-55565-0313.fits
4484/spec-4484-55565-0314.fits
4484/spec-4484-55565-0315.fits
4484/spec-4484-55565-0316.fits
4484/spec-4484-55565-0317.fits
4484/spec-4484-55565-0318.fits
4484/spec-4484-55565-0319.fits
4484/spec-4484-55565-0320.fits
4484/spec-4484-55565-0321.fits
4484/spec-4484-55565-0322.fits
4484/spec-4484-55565-0323.fits
4484/spec-4484-55565-0324.fits
4484/spec-4484-55565-0325.fits
4484/spec-4484-55565-0326.fits
4484/spec-4484-55565-0327.fits
4484/spec-4484-55565-0328.fits
4484/spec-4484-55565-0329.fits
4484/spec-4484-55565-0330.fits
4484/spec-4484-55565-0331.fits
4484/spec-4484-55565-0332.fits
4484/spec-4484-55565-0333.fits
4484/spec-4484-55565-0334.fits
4484/spec-4484-55565-0335.fits
4484/spec-4484-55565-0336.fits
4484/spec-4484-55565-0337.fits
4484/spec-4484-55565-0338.fits
4484/spec-4484-55565-0339.fits
4484/spec-4484-55565-0340.fits
4484/spec-4484-55565-0341.fits
4484/spec-4484-55565-0342.fits
4484/spec-4484-55565-0343.fits
4484/spec-4484-55565-0344.fits
4484/spec-4484-55565-0345.fits
4484/spec-4484-55565-0346.fits
4484/spec-4484-55565-0347.fits
4484/spec-4484-55565-0348.fits
4484/spec-4484-55565-0349.fits
4484/spec-4484-55565-0350.fits
4484/spec-4484-55565-0351.fits
4484/spec-4484-55565-0352.fits
4484/spec-4484-55565-0353.fits
4484/spec-4484-55565-0354.fits
4484/spec-4484-55565-0355.fits
4484/spec-4484-55565-0356.fits
4484/spec-4484-55565-0357.fits
4484/spec-4484-55565-0358.fits
4484/spec-4484-55565-0359.fits
4484/spec-4484-55565-0360.fits
4484/spec-4484-55565-0361.fits
4484/spec-4484-55565-0362.fits
4484/spec-4484-55565-0363.fits
4484/spec-4484-55565-0364.fits
4484/spec-4484-55565-0365.fits
4484/spec-4484-55565-0366.fits
4484/spec-4484-55565-0367.fits
4484/spec-4484-55565-0368.fits
4484/spec-4484-55565-0369.fits
4484/spec-4484-55565-0370.fits
4484/spec-4484-55565-0371.fits
4484/spec-4484-55565-0372.fits
4484/spec-4484-55565-0373.fits
4484/spec-4484-55565-0374.fits
4484/spec-4484-55565-0375.fits
4484/spec-4484-55565-0376.fits
4484/spec-4484-55565-0377.fits
4484/spec-4484-55565-0378.fits
4484/spec-4484-55565-0379.fits
4484/spec-4484-55565-0380.fits
4484/spec-4484-55565-0381.fits
4484/spec-4484-55565-0382.fits
4484/spec-4484-55565-0383.fits
4484/spec-4484-55565-0384.fits
4484/spec-4484-55565-0385.fits
4484/spec-4484-55565-0386.fits
4484/spec-4484-55565-0387.fits
4484/spec-4484-55565-0388.fits
4484/spec-4484-55565-0389.fits
4484/spec-4484-55565-0390.fits
4484/spec-4484-55565-0391.fits
4484/spec-4484-55565-0392.fits
4484/spec-4484-55565-0393.fits
4484/spec-4484-55565-0394.fits
4484/spec-4484-55565-0395.fits
4484/spec-4484-55565-0396.fits
4484/spec-4484-55565-0397.fits
4484/spec-4484-55565-0398.fits
4484/spec-4484-55565-0399.fits
4484/spec-4484-55565-0400.fits
4484/spec-4484-55565-0401.fits
4484/spec-4484-55565-0402.fits
4484/spec-4484-55565-0403.fits
4484/spec-4484-55565-0404.fits
4484/spec-4484-55565-0405.fits
4484/spec-4484-55565-0406.fits
4484/spec-4484-55565-0407.fits
4484/spec-4484-55565-0408.fits
4484/spec-4484-55565-0409.fits
4484/spec-4484-55565-0410.fits
4484/spec-4484-55565-0411.fits
4484/spec-4484-55565-0412.fits
4484/spec-4484-55565-0413.fits
4484/spec-4484-55565-0414.fits
4484/spec-4484-55565-0415.fits
4484/spec-4484-55565-0416.fits
4484/spec-4484-55565-0417.fits
4484/spec-4484-55565-0418.fits
4484/spec-4484-55565-0419.fits
4484/spec-4484-55565-0420.fits
4484/spec-4484-55565-0421.fits
4484/spec-4484-55565-0422.fits
4484/spec-4484-55565-0423.fits
4484/spec-4484-55565-0424.fits
4484/spec-4484-55565-0425.fits
4484/spec-4484-55565-0426.fits
4484/spec-4484-55565-0427.fits
4484/spec-4484-55565-0428.fits
4484/spec-4484-55565-0429.fits
4484/spec-4484-55565-0430.fits
4484/spec-4484-55565-0431.fits
4484/spec-4484-55565-0432.fits
4484/spec-4484-55565-0433.fits
4484/spec-4484-55565-0434.fits
4484/spec-4484-55565-0435.fits
4484/spec-4484-55565-0436.fits
4484/spec-4484-55565-0437.fits
4484/spec-4484-55565-0438.fits
4484/spec-4484-55565-0439.fits
4484/spec-4484-55565-0440.fits
4484/spec-4484-55565-0441.fits
4484/spec-4484-55565-0442.fits
4484/spec-4484-55565-0443.fits
4484/spec-4484-55565-0444.fits
4484/spec-4484-55565-0445.fits
4484/spec-4484-55565-0446.fits
4484/spec-4484-55565-0447.fits
4484/spec-4484-55565-0448.fits
4484/spec-4484-55565-0449.fits
4484/spec-4484-55565-0450.fits
4484/spec-4484-55565-0451.fits
4484/spec-4484-55565-0452.fits
4484/spec-4484-55565-0453.fits
4484/spec-4484-55565-0454.fits
4484/spec-4484-55565-0455.fits
4484/spec-4484-55565-0456.fits
4484/spec-4484-55565-0457.fits
4484/spec-4484-55565-0458.fits
4484/spec-4484-55565-0459.fits
4484/spec-4484-55565-0460.fits
4484/spec-4484-55565-0461.fits
4484/spec-4484-55565-0462.fits
4484/spec-4484-55565-0463.fits
4484/spec-4484-55565-0464.fits
4484/spec-4484-55565-0465.fits
4484/spec-4484-55565-0466.fits
4484/spec-4484-55565-0467.fits
4484/spec-4484-55565-0468.fits
4484/spec-4484-55565-0469.fits
4484/spec-4484-55565-0470.fits
4484/spec-4484-55565-0471.fits
4484/spec-4484-55565-0472.fits
4484/spec-4484-55565-0473.fits
4484/spec-4484-55565-0474.fits
4484/spec-4484-55565-0475.fits
4484/spec-4484-55565-0476.fits
4484/spec-4484-55565-0477.fits
4484/spec-4484-55565-0478.fits
4484/spec-4484-55565-0479.fits
4484/spec-4484-55565-0480.fits
4484/spec-4484-55565-0481.fits
4484/spec-4484-55565-0482.fits
4484/spec-4484-55565-0483.fits
4484/spec-4484-55565-0484.fits
4484/spec-4484-55565-0485.fits
4484/spec-4484-55565-0486.fits
4484/spec-4484-55565-0487.fits
4484/spec-4484-55565-0488.fits
4484/spec-4484-55565-0489.fits
4484/spec-4484-55565-0490.fits
4484/spec-4484-55565-0491.fits
4484/spec-4484-55565-0492.fits
4484/spec-4484-55565-0493.fits
4484/spec-4484-55565-0494.fits
4484/spec-4484-55565-0495.fits
4484/spec-4484-55565-0496.fits
4484/spec-4484-55565-0497.fits
4484/spec-4484-55565-0498.fits
4484/spec-4484-55565-0499.fits
4484/spec-4484-55565-0500.fits
4484/spec-4484-55565-0501.fits
4484/spec-4484-55565-0502.fits
4484/spec-4484-55565-0503.fits
4484/spec-4484-55565-0504.fits
4484/spec-4484-55565-0505.fits
4484/spec-4484-55565-0506.fits
4484/spec-4484-55565-0507.fits
4484/spec-4484-55565-0508.fits
4484/spec-4484-55565-0509.fits
4484/spec-4484-55565-0510.fits
4484/spec-4484-55565-0511.fits
4484/spec-4484-55565-0512.fits
4484/spec-4484-55565-0513.fits
4484/spec-4484-55565-0514.fits
4484/spec-4484-55565-0515.fits
4484/spec-4484-55565-0516.fits
4484/spec-4484-55565-0517.fits
4484/spec-4484-55565-0518.fits
4484/spec-4484-55565-0519.fits
4484/spec-4484-55565-0520.fits
4484/spec-4484-55565-0521.fits
4484/spec-4484-55565-0522.fits
4484/spec-4484-55565-0523.fits
4484/spec-4484-55565-0524.fits
4484/spec-4484-55565-0525.fits
4484/spec-4484-55565-0526.fits
4484/spec-4484-55565-0527.fits
4484/spec-4484-55565-0528.fits
4484/spec-4484-55565-0529.fits
4484/spec-4484-55565-0530.fits
4484/spec-4484-55565-0531.fits
4484/spec-4484-55565-0532.fits
4484/spec-4484-55565-0533.fits
4484/spec-4484-55565-0534.fits
4484/spec-4484-55565-0535.fits
4484/spec-4484-55565-0536.fits
4484/spec-4484-55565-0537.fits
4484/spec-4484-55565-0538.fits
4484/spec-4484-55565-0539.fits
4484/spec-4484-55565-0540.fits
4484/spec-4484-55565-0541.fits
4484/spec-4484-55565-0542.fits
4484/spec-4484-55565-0543.fits
4484/spec-4484-55565-0544.fits
4484/spec-4484-55565-0545.fits
4484/spec-4484-55565-0546.fits
4484/spec-4484-55565-0547.fits
4484/spec-4484-55565-0548.fits
4484/spec-4484-55565-0549.fits
4484/spec-4484-55565-0550.fits
4484/spec-4484-55565-0551.fits
4484/spec-4484-55565-0552.fits
4484/spec-4484-55565-0553.fits
4484/spec-4484-55565-0554.fits
4484/spec-4484-55565-0555.fits
4484/spec-4484-55565-0556.fits
4484/spec-4484-55565-0557.fits
4484/spec-4484-55565-0558.fits
4484/spec-4484-55565-0559.fits
4484/spec-4484-55565-0560.fits
4484/spec-4484-55565-0561.fits
4484/spec-4484-55565-0562.fits
4484/spec-4484-55565-0563.fits
4484/spec-4484-55565-0564.fits
4484/spec-4484-55565-0565.fits
4484/spec-4484-55565-0566.fits
4484/spec-4484-55565-0567.fits
4484/spec-4484-55565-0568.fits
4484/spec-4484-55565-0569.fits
4484/spec-4484-55565-0570.fits
4484/spec-4484-55565-0571.fits
4484/spec-4484-55565-0572.fits
4484/spec-4484-55565-0573.fits
4484/spec-4484-55565-0574.fits
4484/spec-4484-55565-0575.fits
4484/spec-4484-55565-0576.fits
4484/spec-4484-55565-0577.fits
4484/spec-4484-55565-0578.fits
4484/spec-4484-55565-0579.fits
4484/spec-4484-55565-0580.fits
4484/spec-4484-55565-0581.fits
4484/spec-4484-55565-0582.fits
4484/spec-4484-55565-0583.fits
4484/spec-4484-55565-0584.fits
4484/spec-4484-55565-0585.fits
4484/spec-4484-55565-0586.fits
4484/spec-4484-55565-0587.fits
4484/spec-4484-55565-0588.fits
4484/spec-4484-55565-0589.fits
4484/spec-4484-55565-0590.fits
4484/spec-4484-55565-0591.fits
4484/spec-4484-55565-0592.fits
4484/spec-4484-55565-0593.fits
4484/spec-4484-55565-0594.fits
4484/spec-4484-55565-0595.fits
4484/spec-4484-55565-0596.fits
4484/spec-4484-55565-0597.fits
4484/spec-4484-55565-0598.fits
4484/spec-4484-55565-0599.fits
4484/spec-4484-55565-0600.fits
4484/spec-4484-55565-0601.fits
4484/spec-4484-55565-0602.fits
4484/spec-4484-55565-0603.fits
4484/spec-4484-55565-0604.fits
4484/spec-4484-55565-0605.fits
4484/spec-4484-55565-0606.fits
4484/spec-4484-55565-0607.fits
4484/spec-4484-55565-0608.fits
4484/spec-4484-55565-0609.fits
4484/spec-4484-55565-0610.fits
4484/spec-4484-55565-0611.fits
4484/spec-4484-55565-0612.fits
4484/spec-4484-55565-0613.fits
4484/spec-4484-55565-0614.fits
4484/spec-4484-55565-0615.fits
4484/spec-4484-55565-0616.fits
4484/spec-4484-55565-0617.fits
4484/spec-4484-55565-0618.fits
4484/spec-4484-55565-0619.fits
4484/spec-4484-55565-0620.fits
4484/spec-4484-55565-0621.fits
4484/spec-4484-55565-0622.fits
4484/spec-4484-55565-0623.fits
4484/spec-4484-55565-0624.fits
4484/spec-4484-55565-0625.fits
4484/spec-4484-55565-0626.fits
4484/spec-4484-55565-0627.fits
4484/spec-4484-55565-0628.fits
4484/spec-4484-55565-0629.fits
4484/spec-4484-55565-0630.fits
4484/spec-4484-55565-0631.fits
4484/spec-4484-55565-0632.fits
4484/spec-4484-55565-0633.fits
4484/spec-4484-55565-0634.fits
4484/spec-4484-55565-0635.fits
4484/spec-4484-55565-0636.fits
4484/spec-4484-55565-0637.fits
4484/spec-4484-55565-0638.fits
4484/spec-4484-55565-0639.fits
4484/spec-4484-55565-0640.fits
4484/spec-4484-55565-0641.fits
4484/spec-4484-55565-0642.fits
4484/spec-4484-55565-0643.fits
4484/spec-4484-55565-0644.fits
4484/spec-4484-55565-0645.fits
4484/spec-4484-55565-0646.fits
4484/spec-4484-55565-0647.fits
4484/spec-4484-55565-0648.fits
4484/spec-4484-55565-0649.fits
4484/spec-4484-55565-0650.fits
4484/spec-4484-55565-0651.fits
4484/spec-4484-55565-0652.fits
4484/spec-4484-55565-0653.fits
4484/spec-4484-55565-0654.fits
4484/spec-4484-55565-0655.fits
4484/spec-4484-55565-0656.fits
4484/spec-4484-55565-0657.fits
4484/spec-4484-55565-0658.fits
4484/spec-4484-55565-0659.fits
4484/spec-4484-55565-0660.fits
4484/spec-4484-55565-0661.fits
4484/spec-4484-55565-0662.fits
4484/spec-4484-55565-0663.fits
4484/spec-4484-55565-0664.fits
4484/spec-4484-55565-0665.fits
4484/spec-4484-55565-0666.fits
4484/spec-4484-55565-0667.fits
4484/spec-4484-55565-0668.fits
4484/spec-4484-55565-0669.fits
4484/spec-4484-55565-0670.fits
4484/spec-4484-55565-0671.fits
4484/spec-4484-55565-0672.fits
4484/spec-4484-55565-0673.fits
4484/spec-4484-55565-0674.fits
4484/spec-4484-55565-0675.fits
4484/spec-4484-55565-0676.fits
4484/spec-4484-55565-0677.fits
4484/spec-4484-55565-0678.fits
4484/spec-4484-55565-0679.fits
4484/spec-4484-55565-0680.fits
4484/spec-4484-55565-0681.fits
4484/spec-4484-55565-0682.fits
4484/spec-4484-55565-0683.fits
4484/spec-4484-55565-0684.fits
4484/spec-4484-55565-0685.fits
4484/spec-4484-55565-0686.fits
4484/spec-4484-55565-0687.fits
4484/spec-4484-55565-0688.fits
4484/spec-4484-55565-0689.fits
4484/spec-4484-55565-0690.fits
4484/spec-4484-55565-0691.fits
4484/spec-4484-55565-0692.fits
4484/spec-4484-55565-0693.fits
4484/spec-4484-55565-0694.fits
4484/spec-4484-55565-0695.fits
4484/spec-4484-55565-0696.fits
4484/spec-4484-55565-0697.fits
4484/spec-4484-55565-0698.fits
4484/spec-4484-55565-0699.fits
4484/spec-4484-55565-0700.fits
4484/spec-4484-55565-0701.fits
4484/spec-4484-55565-0702.fits
4484/spec-4484-55565-0703.fits
4484/spec-4484-55565-0704.fits
4484/spec-4484-55565-0705.fits
4484/spec-4484-55565-0706.fits
4484/spec-4484-55565-0707.fits
4484/spec-4484-55565-0708.fits
4484/spec-4484-55565-0709.fits
4484/spec-4484-55565-0710.fits
4484/spec-4484-55565-0711.fits
4484/spec-4484-55565-0712.fits
4484/spec-4484-55565-0713.fits
4484/spec-4484-55565-0714.fits
4484/spec-4484-55565-0715.fits
4484/spec-4484-55565-0716.fits
4484/spec-4484-55565-0717.fits
4484/spec-4484-55565-0718.fits
4484/spec-4484-55565-0719.fits
4484/spec-4484-55565-0720.fits
4484/spec-4484-55565-0721.fits
4484/spec-4484-55565-0722.fits
4484/spec-4484-55565-0723.fits
4484/spec-4484-55565-0724.fits
4484/spec-4484-55565-0725.fits
4484/spec-4484-55565-0726.fits
4484/spec-4484-55565-0727.fits
4484/spec-4484-55565-0728.fits
4484/spec-4484-55565-0729.fits
4484/spec-4484-55565-0730.fits
4484/spec-4484-55565-0731.fits
4484/spec-4484-55565-0732.fits
4484/spec-4484-55565-0733.fits
4484/spec-4484-55565-0734.fits
4484/spec-4484-55565-0735.fits
4484/spec-4484-55565-0736.fits
4484/spec-4484-55565-0737.fits
4484/spec-4484-55565-0738.fits
4484/spec-4484-55565-0739.fits
4484/spec-4484-55565-0740.fits
4484/spec-4484-55565-0741.fits
4484/spec-4484-55565-0742.fits
4484/spec-4484-55565-0743.fits
4484/spec-4484-55565-0744.fits
4484/spec-4484-55565-0745.fits
4484/spec-4484-55565-0746.fits
4484/spec-4484-55565-0747.fits
4484/spec-4484-55565-0748.fits
4484/spec-4484-55565-0749.fits
4484/spec-4484-55565-0750.fits
4484/spec-4484-55565-0751.fits
4484/spec-4484-55565-0752.fits
4484/spec-4484-55565-0753.fits
4484/spec-4484-55565-0754.fits
4484/spec-4484-55565-0755.fits
4484/spec-4484-55565-0756.fits
4484/spec-4484-55565-0757.fits
4484/spec-4484-55565-0758.fits
4484/spec-4484-55565-0759.fits
4484/spec-4484-55565-0760.fits
4484/spec-4484-55565-0761.fits
4484/spec-4484-55565-0762.fits
4484/spec-4484-55565-0763.fits
4484/spec-4484-55565-0764.fits
4484/spec-4484-55565-0765.fits
4484/spec-4484-55565-0766.fits
4484/spec-4484-55565-0767.fits
4484/spec-4484-55565-0768.fits
4484/spec-4484-55565-0769.fits
4484/spec-4484-55565-0770.fits
4484/spec-4484-55565-0771.fits
4484/spec-4484-55565-0772.fits
4484/spec-4484-55565-0773.fits
4484/spec-4484-55565-0774.fits
4484/spec-4484-55565-0775.fits
4484/spec-4484-55565-0776.fits
4484/spec-4484-55565-0777.fits
4484/spec-4484-55565-0778.fits
4484/spec-4484-55565-0779.fits
4484/spec-4484-55565-0780.fits
4484/spec-4484-55565-0781.fits
4484/spec-4484-55565-0782.fits
4484/spec-4484-55565-0783.fits
4484/spec-4484-55565-0784.fits
4484/spec-4484-55565-0785.fits
4484/spec-4484-55565-0786.fits
4484/spec-4484-55565-0787.fits
4484/spec-4484-55565-0788.fits
4484/spec-4484-55565-0789.fits
4484/spec-4484-55565-0790.fits
4484/spec-4484-55565-0791.fits
4484/spec-4484-55565-0792.fits
4484/spec-4484-55565-0793.fits
4484/spec-4484-55565-0794.fits
4484/spec-4484-55565-0795.fits
4484/spec-4484-55565-0796.fits
4484/spec-4484-55565-0797.fits
4484/spec-4484-55565-0798.fits
4484/spec-4484-55565-0799.fits
4484/spec-4484-55565-0800.fits
4484/spec-4484-55565-0801.fits
4484/spec-4484-55565-0802.fits
4484/spec-4484-55565-0803.fits
4484/spec-4484-55565-0804.fits
4484/spec-4484-55565-0805.fits
4484/spec-4484-55565-0806.fits
4484/spec-4484-55565-0807.fits
4484/spec-4484-55565-0808.fits
4484/spec-4484-55565-0809.fits
4484/spec-4484-55565-0810.fits
4484/spec-4484-55565-0811.fits
4484/spec-4484-55565-0812.fits
4484/spec-4484-55565-0813.fits
4484/spec-4484-55565-0814.fits
4484/spec-4484-55565-0815.fits
4484/spec-4484-55565-0816.fits
4484/spec-4484-55565-0817.fits
4484/spec-4484-55565-0818.fits
4484/spec-4484-55565-0819.fits
4484/spec-4484-55565-0820.fits
4484/spec-4484-55565-0821.fits
4484/spec-4484-55565-0822.fits
4484/spec-4484-55565-0823.fits
4484/spec-4484-55565-0824.fits
4484/spec-4484-55565-0825.fits
4484/spec-4484-55565-0826.fits
4484/spec-4484-55565-0827.fits
4484/spec-4484-55565-0828.fits
4484/spec-4484-55565-0829.fits
4484/spec-4484-55565-0830.fits
4484/spec-4484-55565-0831.fits
4484/spec-4484-55565-0832.fits
4484/spec-4484-55565-0833.fits
4484/spec-4484-55565-0834.fits
4484/spec-4484-55565-0835.fits
4484/spec-4484-55565-0836.fits
4484/spec-4484-55565-0837.fits
4484/spec-4484-55565-0838.fits
4484/spec-4484-55565-0839.fits
4484/spec-4484-55565-0840.fits
4484/spec-4484-55565-0841.fits
4484/spec-4484-55565-0842.fits
4484/spec-4484-55565-0843.fits
4484/spec-4484-55565-0844.fits
4484/spec-4484-55565-0845.fits
4484/spec-4484-55565-0846.fits
4484/spec-4484-55565-0847.fits
4484/spec-4484-55565-0848.fits
4484/spec-4484-55565-0849.fits
4484/spec-4484-55565-0850.fits
4484/spec-4484-55565-0851.fits
4484/spec-4484-55565-0852.fits
4484/spec-4484-55565-0853.fits
4484/spec-4484-55565-0854.fits
4484/spec-4484-55565-0855.fits
4484/spec-4484-55565-0856.fits
4484/spec-4484-55565-0857.fits
4484/spec-4484-55565-0858.fits
4484/spec-4484-55565-0859.fits
4484/spec-4484-55565-0860.fits
4484/spec-4484-55565-0861.fits
4484/spec-4484-55565-0862.fits
4484/spec-4484-55565-0863.fits
4484/spec-4484-55565-0864.fits
4484/spec-4484-55565-0865.fits
4484/spec-4484-55565-0866.fits
4484/spec-4484-55565-0867.fits
4484/spec-4484-55565-0868.fits
4484/spec-4484-55565-0869.fits
4484/spec-4484-55565-0870.fits
4484/spec-4484-55565-0871.fits
4484/spec-4484-55565-0872.fits
4484/spec-4484-55565-0873.fits
4484/spec-4484-55565-0874.fits
4484/spec-4484-55565-0875.fits
4484/spec-4484-55565-0876.fits
4484/spec-4484-55565-0877.fits
4484/spec-4484-55565-0878.fits
4484/spec-4484-55565-0879.fits
4484/spec-4484-55565-0880.fits
4484/spec-4484-55565-0881.fits
4484/spec-4484-55565-0882.fits
4484/spec-4484-55565-0883.fits
4484/spec-4484-55565-0884.fits
4484/spec-4484-55565-0885.fits
4484/spec-4484-55565-0886.fits
4484/spec-4484-55565-0887.fits
4484/spec-4484-55565-0888.fits
4484/spec-4484-55565-0889.fits
4484/spec-4484-55565-0890.fits
4484/spec-4484-55565-0891.fits
4484/spec-4484-55565-0892.fits
4484/spec-4484-55565-0893.fits
4484/spec-4484-55565-0894.fits
4484/spec-4484-55565-0895.fits
4484/spec-4484-55565-0896.fits
4484/spec-4484-55565-0897.fits
4484/spec-4484-55565-0898.fits
4484/spec-4484-55565-0899.fits
4484/spec-4484-55565-0900.fits
4484/spec-4484-55565-0901.fits
4484/spec-4484-55565-0902.fits
4484/spec-4484-55565-0903.fits
4484/spec-4484-55565-0904.fits
4484/spec-4484-55565-0905.fits
4484/spec-4484-55565-0906.fits
4484/spec-4484-55565-0907.fits
4484/spec-4484-55565-0908.fits
4484/spec-4484-55565-0909.fits
4484/spec-4484-55565-0910.fits
4484/spec-4484-55565-0911.fits
4484/spec-4484-55565-0912.fits
4484/spec-4484-55565-0913.fits
4484/spec-4484-55565-0914.fits
4484/spec-4484-55565-0915.fits
4484/spec-4484-55565-0916.fits
4484/spec-4484-55565-0917.fits
4484/spec-4484-55565-0918.fits
4484/spec-4484-55565-0919.fits
4484/spec-4484-55565-0920.fits
4484/spec-4484-55565-0921.fits
4484/spec-4484-55565-0922.fits
4484/spec-4484-55565-0923.fits
4484/spec-4484-55565-0924.fits
4484/spec-4484-55565-0925.fits
4484/spec-4484-55565-0926.fits
4484/spec-4484-55565-0927.fits
4484/spec-4484-55565-0928.fits
4484/spec-4484-55565-0929.fits
4484/spec-4484-55565-0930.fits
4484/spec-4484-55565-0931.fits
4484/spec-4484-55565-0932.fits
4484/spec-4484-55565-0933.fits
4484/spec-4484-55565-0934.fits
4484/spec-4484-55565-0935.fits
4484/spec-4484-55565-0936.fits
4484/spec-4484-55565-0937.fits
4484/spec-4484-55565-0938.fits
4484/spec-4484-55565-0939.fits
4484/spec-4484-55565-0940.fits
4484/spec-4484-55565-0941.fits
4484/spec-4484-55565-0942.fits
4484/spec-4484-55565-0943.fits
4484/spec-4484-55565-0944.fits
4484/spec-4484-55565-0945.fits
4484/spec-4484-55565-0946.fits
4484/spec-4484-55565-0947.fits
4484/spec-4484-55565-0948.fits
4484/spec-4484-55565-0949.fits
4484/spec-4484-55565-0950.fits
4484/spec-4484-55565-0951.fits
4484/spec-4484-55565-0952.fits
4484/spec-4484-55565-0953.fits
4484/spec-4484-55565-0954.fits
4484/spec-4484-55565-0955.fits
4484/spec-4484-55565-0956.fits
4484/spec-4484-55565-0957.fits
4484/spec-4484-55565-0958.fits
4484/spec-4484-55565-0959.fits
4484/spec-4484-55565-0960.fits
4484/spec-4484-55565-0961.fits
4484/spec-4484-55565-0962.fits
4484/spec-4484-55565-0963.fits
4484/spec-4484-55565-0964.fits
4484/spec-4484-55565-0965.fits
4484/spec-4484-55565-0966.fits
4484/spec-4484-55565-0967.fits
4484/spec-4484-55565-0968.fits
4484/spec-4484-55565-0969.fits
4484/spec-4484-55565-0970.fits
4484/spec-4484-55565-0971.fits
4484/spec-4484-55565-0972.fits
4484/spec-4484-55565-0973.fits
4484/spec-4484-55565-0974.fits
4484/spec-4484-55565-0975.fits
4484/spec-4484-55565-0976.fits
4484/spec-4484-55565-0977.fits
4484/spec-4484-55565-0978.fits
4484/spec-4484-55565-0979.fits
4484/spec-4484-55565-0980.fits
4484/spec-4484-55565-0981.fits
4484/spec-4484-55565-0982.fits
4484/spec-4484-55565-0983.fits
4484/spec-4484-55565-0984.fits
4484/spec-4484-55565-0985.fits
4484/spec-4484-55565-0986.fits
4484/spec-4484-55565-0987.fits
4484/spec-4484-55565-0988.fits
4484/spec-4484-55565-0989.fits
4484/spec-4484-55565-0990.fits
4484/spec-4484-55565-0991.fits
4484/spec-4484-55565-0992.fits
4484/spec-4484-55565-0993.fits
4484/spec-4484-55565-0994.fits
4484/spec-4484-55565-0995.fits
4484/spec-4484-55565-0996.fits
4484/spec-4484-55565-0997.fits
4484/spec-4484-55565-0998.fits
4484/spec-4484-55565-0999.fits
4484/spec-4484-55565-1000.fits
/var/lib/condor/execute/slot1/dir_34577
4484 4484.tgz R R361.tar.gz _condor_stderr _condor_stdout cB58_Lyman_break.fit condor_exec.exe hw4.R packages packages.tar.gz tmp var
[1] "Loaded package astro."
[1] 1000
4484 4484.csv 4484.tgz R R361.tar.gz _condor_stderr _condor_stdout cB58_Lyman_break.fit condor_exec.exe hw4.R packages packages.tar.gz tmp var
