4550
4550/
4550/spec-4550-55894-0001.fits
4550/spec-4550-55894-0002.fits
4550/spec-4550-55894-0003.fits
4550/spec-4550-55894-0004.fits
4550/spec-4550-55894-0005.fits
4550/spec-4550-55894-0006.fits
4550/spec-4550-55894-0007.fits
4550/spec-4550-55894-0008.fits
4550/spec-4550-55894-0009.fits
4550/spec-4550-55894-0010.fits
4550/spec-4550-55894-0011.fits
4550/spec-4550-55894-0012.fits
4550/spec-4550-55894-0013.fits
4550/spec-4550-55894-0014.fits
4550/spec-4550-55894-0015.fits
4550/spec-4550-55894-0016.fits
4550/spec-4550-55894-0017.fits
4550/spec-4550-55894-0018.fits
4550/spec-4550-55894-0019.fits
4550/spec-4550-55894-0020.fits
4550/spec-4550-55894-0021.fits
4550/spec-4550-55894-0022.fits
4550/spec-4550-55894-0023.fits
4550/spec-4550-55894-0024.fits
4550/spec-4550-55894-0025.fits
4550/spec-4550-55894-0026.fits
4550/spec-4550-55894-0027.fits
4550/spec-4550-55894-0028.fits
4550/spec-4550-55894-0029.fits
4550/spec-4550-55894-0030.fits
4550/spec-4550-55894-0031.fits
4550/spec-4550-55894-0032.fits
4550/spec-4550-55894-0033.fits
4550/spec-4550-55894-0034.fits
4550/spec-4550-55894-0035.fits
4550/spec-4550-55894-0036.fits
4550/spec-4550-55894-0037.fits
4550/spec-4550-55894-0038.fits
4550/spec-4550-55894-0039.fits
4550/spec-4550-55894-0040.fits
4550/spec-4550-55894-0041.fits
4550/spec-4550-55894-0042.fits
4550/spec-4550-55894-0043.fits
4550/spec-4550-55894-0044.fits
4550/spec-4550-55894-0045.fits
4550/spec-4550-55894-0046.fits
4550/spec-4550-55894-0047.fits
4550/spec-4550-55894-0048.fits
4550/spec-4550-55894-0049.fits
4550/spec-4550-55894-0050.fits
4550/spec-4550-55894-0051.fits
4550/spec-4550-55894-0052.fits
4550/spec-4550-55894-0053.fits
4550/spec-4550-55894-0054.fits
4550/spec-4550-55894-0055.fits
4550/spec-4550-55894-0056.fits
4550/spec-4550-55894-0057.fits
4550/spec-4550-55894-0058.fits
4550/spec-4550-55894-0059.fits
4550/spec-4550-55894-0060.fits
4550/spec-4550-55894-0061.fits
4550/spec-4550-55894-0062.fits
4550/spec-4550-55894-0063.fits
4550/spec-4550-55894-0064.fits
4550/spec-4550-55894-0065.fits
4550/spec-4550-55894-0066.fits
4550/spec-4550-55894-0067.fits
4550/spec-4550-55894-0068.fits
4550/spec-4550-55894-0069.fits
4550/spec-4550-55894-0070.fits
4550/spec-4550-55894-0071.fits
4550/spec-4550-55894-0072.fits
4550/spec-4550-55894-0073.fits
4550/spec-4550-55894-0074.fits
4550/spec-4550-55894-0075.fits
4550/spec-4550-55894-0076.fits
4550/spec-4550-55894-0077.fits
4550/spec-4550-55894-0078.fits
4550/spec-4550-55894-0079.fits
4550/spec-4550-55894-0080.fits
4550/spec-4550-55894-0081.fits
4550/spec-4550-55894-0082.fits
4550/spec-4550-55894-0083.fits
4550/spec-4550-55894-0084.fits
4550/spec-4550-55894-0085.fits
4550/spec-4550-55894-0086.fits
4550/spec-4550-55894-0087.fits
4550/spec-4550-55894-0088.fits
4550/spec-4550-55894-0089.fits
4550/spec-4550-55894-0090.fits
4550/spec-4550-55894-0091.fits
4550/spec-4550-55894-0092.fits
4550/spec-4550-55894-0093.fits
4550/spec-4550-55894-0094.fits
4550/spec-4550-55894-0095.fits
4550/spec-4550-55894-0096.fits
4550/spec-4550-55894-0097.fits
4550/spec-4550-55894-0098.fits
4550/spec-4550-55894-0099.fits
4550/spec-4550-55894-0100.fits
4550/spec-4550-55894-0101.fits
4550/spec-4550-55894-0102.fits
4550/spec-4550-55894-0103.fits
4550/spec-4550-55894-0104.fits
4550/spec-4550-55894-0105.fits
4550/spec-4550-55894-0106.fits
4550/spec-4550-55894-0107.fits
4550/spec-4550-55894-0108.fits
4550/spec-4550-55894-0109.fits
4550/spec-4550-55894-0110.fits
4550/spec-4550-55894-0111.fits
4550/spec-4550-55894-0112.fits
4550/spec-4550-55894-0113.fits
4550/spec-4550-55894-0114.fits
4550/spec-4550-55894-0115.fits
4550/spec-4550-55894-0116.fits
4550/spec-4550-55894-0117.fits
4550/spec-4550-55894-0118.fits
4550/spec-4550-55894-0119.fits
4550/spec-4550-55894-0120.fits
4550/spec-4550-55894-0121.fits
4550/spec-4550-55894-0122.fits
4550/spec-4550-55894-0123.fits
4550/spec-4550-55894-0124.fits
4550/spec-4550-55894-0125.fits
4550/spec-4550-55894-0126.fits
4550/spec-4550-55894-0127.fits
4550/spec-4550-55894-0128.fits
4550/spec-4550-55894-0129.fits
4550/spec-4550-55894-0130.fits
4550/spec-4550-55894-0131.fits
4550/spec-4550-55894-0132.fits
4550/spec-4550-55894-0133.fits
4550/spec-4550-55894-0134.fits
4550/spec-4550-55894-0135.fits
4550/spec-4550-55894-0136.fits
4550/spec-4550-55894-0137.fits
4550/spec-4550-55894-0138.fits
4550/spec-4550-55894-0139.fits
4550/spec-4550-55894-0140.fits
4550/spec-4550-55894-0141.fits
4550/spec-4550-55894-0142.fits
4550/spec-4550-55894-0143.fits
4550/spec-4550-55894-0144.fits
4550/spec-4550-55894-0145.fits
4550/spec-4550-55894-0146.fits
4550/spec-4550-55894-0147.fits
4550/spec-4550-55894-0148.fits
4550/spec-4550-55894-0149.fits
4550/spec-4550-55894-0150.fits
4550/spec-4550-55894-0151.fits
4550/spec-4550-55894-0152.fits
4550/spec-4550-55894-0153.fits
4550/spec-4550-55894-0154.fits
4550/spec-4550-55894-0155.fits
4550/spec-4550-55894-0156.fits
4550/spec-4550-55894-0157.fits
4550/spec-4550-55894-0158.fits
4550/spec-4550-55894-0159.fits
4550/spec-4550-55894-0160.fits
4550/spec-4550-55894-0161.fits
4550/spec-4550-55894-0162.fits
4550/spec-4550-55894-0163.fits
4550/spec-4550-55894-0164.fits
4550/spec-4550-55894-0165.fits
4550/spec-4550-55894-0166.fits
4550/spec-4550-55894-0167.fits
4550/spec-4550-55894-0168.fits
4550/spec-4550-55894-0169.fits
4550/spec-4550-55894-0170.fits
4550/spec-4550-55894-0171.fits
4550/spec-4550-55894-0172.fits
4550/spec-4550-55894-0173.fits
4550/spec-4550-55894-0174.fits
4550/spec-4550-55894-0175.fits
4550/spec-4550-55894-0176.fits
4550/spec-4550-55894-0177.fits
4550/spec-4550-55894-0178.fits
4550/spec-4550-55894-0179.fits
4550/spec-4550-55894-0180.fits
4550/spec-4550-55894-0181.fits
4550/spec-4550-55894-0182.fits
4550/spec-4550-55894-0183.fits
4550/spec-4550-55894-0184.fits
4550/spec-4550-55894-0185.fits
4550/spec-4550-55894-0186.fits
4550/spec-4550-55894-0187.fits
4550/spec-4550-55894-0188.fits
4550/spec-4550-55894-0189.fits
4550/spec-4550-55894-0190.fits
4550/spec-4550-55894-0191.fits
4550/spec-4550-55894-0192.fits
4550/spec-4550-55894-0193.fits
4550/spec-4550-55894-0194.fits
4550/spec-4550-55894-0195.fits
4550/spec-4550-55894-0196.fits
4550/spec-4550-55894-0197.fits
4550/spec-4550-55894-0198.fits
4550/spec-4550-55894-0199.fits
4550/spec-4550-55894-0200.fits
4550/spec-4550-55894-0201.fits
4550/spec-4550-55894-0202.fits
4550/spec-4550-55894-0203.fits
4550/spec-4550-55894-0204.fits
4550/spec-4550-55894-0205.fits
4550/spec-4550-55894-0206.fits
4550/spec-4550-55894-0207.fits
4550/spec-4550-55894-0208.fits
4550/spec-4550-55894-0209.fits
4550/spec-4550-55894-0210.fits
4550/spec-4550-55894-0211.fits
4550/spec-4550-55894-0212.fits
4550/spec-4550-55894-0213.fits
4550/spec-4550-55894-0214.fits
4550/spec-4550-55894-0215.fits
4550/spec-4550-55894-0216.fits
4550/spec-4550-55894-0217.fits
4550/spec-4550-55894-0218.fits
4550/spec-4550-55894-0219.fits
4550/spec-4550-55894-0220.fits
4550/spec-4550-55894-0221.fits
4550/spec-4550-55894-0222.fits
4550/spec-4550-55894-0223.fits
4550/spec-4550-55894-0224.fits
4550/spec-4550-55894-0225.fits
4550/spec-4550-55894-0226.fits
4550/spec-4550-55894-0227.fits
4550/spec-4550-55894-0228.fits
4550/spec-4550-55894-0229.fits
4550/spec-4550-55894-0230.fits
4550/spec-4550-55894-0231.fits
4550/spec-4550-55894-0232.fits
4550/spec-4550-55894-0233.fits
4550/spec-4550-55894-0234.fits
4550/spec-4550-55894-0235.fits
4550/spec-4550-55894-0236.fits
4550/spec-4550-55894-0237.fits
4550/spec-4550-55894-0238.fits
4550/spec-4550-55894-0239.fits
4550/spec-4550-55894-0240.fits
4550/spec-4550-55894-0241.fits
4550/spec-4550-55894-0242.fits
4550/spec-4550-55894-0243.fits
4550/spec-4550-55894-0244.fits
4550/spec-4550-55894-0245.fits
4550/spec-4550-55894-0246.fits
4550/spec-4550-55894-0247.fits
4550/spec-4550-55894-0248.fits
4550/spec-4550-55894-0249.fits
4550/spec-4550-55894-0250.fits
4550/spec-4550-55894-0251.fits
4550/spec-4550-55894-0252.fits
4550/spec-4550-55894-0253.fits
4550/spec-4550-55894-0254.fits
4550/spec-4550-55894-0255.fits
4550/spec-4550-55894-0256.fits
4550/spec-4550-55894-0257.fits
4550/spec-4550-55894-0258.fits
4550/spec-4550-55894-0259.fits
4550/spec-4550-55894-0260.fits
4550/spec-4550-55894-0261.fits
4550/spec-4550-55894-0262.fits
4550/spec-4550-55894-0263.fits
4550/spec-4550-55894-0264.fits
4550/spec-4550-55894-0265.fits
4550/spec-4550-55894-0266.fits
4550/spec-4550-55894-0267.fits
4550/spec-4550-55894-0268.fits
4550/spec-4550-55894-0269.fits
4550/spec-4550-55894-0270.fits
4550/spec-4550-55894-0271.fits
4550/spec-4550-55894-0272.fits
4550/spec-4550-55894-0273.fits
4550/spec-4550-55894-0274.fits
4550/spec-4550-55894-0275.fits
4550/spec-4550-55894-0276.fits
4550/spec-4550-55894-0277.fits
4550/spec-4550-55894-0278.fits
4550/spec-4550-55894-0279.fits
4550/spec-4550-55894-0280.fits
4550/spec-4550-55894-0281.fits
4550/spec-4550-55894-0282.fits
4550/spec-4550-55894-0283.fits
4550/spec-4550-55894-0284.fits
4550/spec-4550-55894-0285.fits
4550/spec-4550-55894-0286.fits
4550/spec-4550-55894-0287.fits
4550/spec-4550-55894-0288.fits
4550/spec-4550-55894-0289.fits
4550/spec-4550-55894-0290.fits
4550/spec-4550-55894-0291.fits
4550/spec-4550-55894-0292.fits
4550/spec-4550-55894-0293.fits
4550/spec-4550-55894-0294.fits
4550/spec-4550-55894-0295.fits
4550/spec-4550-55894-0296.fits
4550/spec-4550-55894-0297.fits
4550/spec-4550-55894-0298.fits
4550/spec-4550-55894-0299.fits
4550/spec-4550-55894-0300.fits
4550/spec-4550-55894-0301.fits
4550/spec-4550-55894-0302.fits
4550/spec-4550-55894-0303.fits
4550/spec-4550-55894-0304.fits
4550/spec-4550-55894-0305.fits
4550/spec-4550-55894-0306.fits
4550/spec-4550-55894-0307.fits
4550/spec-4550-55894-0308.fits
4550/spec-4550-55894-0309.fits
4550/spec-4550-55894-0310.fits
4550/spec-4550-55894-0311.fits
4550/spec-4550-55894-0312.fits
4550/spec-4550-55894-0313.fits
4550/spec-4550-55894-0314.fits
4550/spec-4550-55894-0315.fits
4550/spec-4550-55894-0316.fits
4550/spec-4550-55894-0317.fits
4550/spec-4550-55894-0318.fits
4550/spec-4550-55894-0319.fits
4550/spec-4550-55894-0320.fits
4550/spec-4550-55894-0321.fits
4550/spec-4550-55894-0322.fits
4550/spec-4550-55894-0323.fits
4550/spec-4550-55894-0324.fits
4550/spec-4550-55894-0325.fits
4550/spec-4550-55894-0326.fits
4550/spec-4550-55894-0327.fits
4550/spec-4550-55894-0328.fits
4550/spec-4550-55894-0329.fits
4550/spec-4550-55894-0330.fits
4550/spec-4550-55894-0331.fits
4550/spec-4550-55894-0332.fits
4550/spec-4550-55894-0333.fits
4550/spec-4550-55894-0334.fits
4550/spec-4550-55894-0335.fits
4550/spec-4550-55894-0336.fits
4550/spec-4550-55894-0337.fits
4550/spec-4550-55894-0338.fits
4550/spec-4550-55894-0339.fits
4550/spec-4550-55894-0340.fits
4550/spec-4550-55894-0341.fits
4550/spec-4550-55894-0342.fits
4550/spec-4550-55894-0343.fits
4550/spec-4550-55894-0344.fits
4550/spec-4550-55894-0345.fits
4550/spec-4550-55894-0346.fits
4550/spec-4550-55894-0347.fits
4550/spec-4550-55894-0348.fits
4550/spec-4550-55894-0349.fits
4550/spec-4550-55894-0350.fits
4550/spec-4550-55894-0351.fits
4550/spec-4550-55894-0352.fits
4550/spec-4550-55894-0353.fits
4550/spec-4550-55894-0354.fits
4550/spec-4550-55894-0355.fits
4550/spec-4550-55894-0356.fits
4550/spec-4550-55894-0357.fits
4550/spec-4550-55894-0358.fits
4550/spec-4550-55894-0359.fits
4550/spec-4550-55894-0360.fits
4550/spec-4550-55894-0361.fits
4550/spec-4550-55894-0362.fits
4550/spec-4550-55894-0363.fits
4550/spec-4550-55894-0364.fits
4550/spec-4550-55894-0365.fits
4550/spec-4550-55894-0366.fits
4550/spec-4550-55894-0367.fits
4550/spec-4550-55894-0368.fits
4550/spec-4550-55894-0369.fits
4550/spec-4550-55894-0370.fits
4550/spec-4550-55894-0371.fits
4550/spec-4550-55894-0372.fits
4550/spec-4550-55894-0373.fits
4550/spec-4550-55894-0374.fits
4550/spec-4550-55894-0375.fits
4550/spec-4550-55894-0376.fits
4550/spec-4550-55894-0377.fits
4550/spec-4550-55894-0378.fits
4550/spec-4550-55894-0379.fits
4550/spec-4550-55894-0380.fits
4550/spec-4550-55894-0381.fits
4550/spec-4550-55894-0382.fits
4550/spec-4550-55894-0383.fits
4550/spec-4550-55894-0384.fits
4550/spec-4550-55894-0385.fits
4550/spec-4550-55894-0386.fits
4550/spec-4550-55894-0387.fits
4550/spec-4550-55894-0388.fits
4550/spec-4550-55894-0389.fits
4550/spec-4550-55894-0390.fits
4550/spec-4550-55894-0391.fits
4550/spec-4550-55894-0392.fits
4550/spec-4550-55894-0393.fits
4550/spec-4550-55894-0394.fits
4550/spec-4550-55894-0395.fits
4550/spec-4550-55894-0396.fits
4550/spec-4550-55894-0397.fits
4550/spec-4550-55894-0398.fits
4550/spec-4550-55894-0399.fits
4550/spec-4550-55894-0400.fits
4550/spec-4550-55894-0401.fits
4550/spec-4550-55894-0402.fits
4550/spec-4550-55894-0403.fits
4550/spec-4550-55894-0404.fits
4550/spec-4550-55894-0405.fits
4550/spec-4550-55894-0406.fits
4550/spec-4550-55894-0407.fits
4550/spec-4550-55894-0408.fits
4550/spec-4550-55894-0409.fits
4550/spec-4550-55894-0410.fits
4550/spec-4550-55894-0411.fits
4550/spec-4550-55894-0412.fits
4550/spec-4550-55894-0413.fits
4550/spec-4550-55894-0414.fits
4550/spec-4550-55894-0415.fits
4550/spec-4550-55894-0416.fits
4550/spec-4550-55894-0417.fits
4550/spec-4550-55894-0418.fits
4550/spec-4550-55894-0419.fits
4550/spec-4550-55894-0420.fits
4550/spec-4550-55894-0421.fits
4550/spec-4550-55894-0422.fits
4550/spec-4550-55894-0423.fits
4550/spec-4550-55894-0424.fits
4550/spec-4550-55894-0425.fits
4550/spec-4550-55894-0426.fits
4550/spec-4550-55894-0427.fits
4550/spec-4550-55894-0428.fits
4550/spec-4550-55894-0429.fits
4550/spec-4550-55894-0430.fits
4550/spec-4550-55894-0431.fits
4550/spec-4550-55894-0432.fits
4550/spec-4550-55894-0433.fits
4550/spec-4550-55894-0434.fits
4550/spec-4550-55894-0435.fits
4550/spec-4550-55894-0436.fits
4550/spec-4550-55894-0437.fits
4550/spec-4550-55894-0438.fits
4550/spec-4550-55894-0439.fits
4550/spec-4550-55894-0440.fits
4550/spec-4550-55894-0441.fits
4550/spec-4550-55894-0442.fits
4550/spec-4550-55894-0443.fits
4550/spec-4550-55894-0444.fits
4550/spec-4550-55894-0445.fits
4550/spec-4550-55894-0446.fits
4550/spec-4550-55894-0447.fits
4550/spec-4550-55894-0448.fits
4550/spec-4550-55894-0449.fits
4550/spec-4550-55894-0450.fits
4550/spec-4550-55894-0451.fits
4550/spec-4550-55894-0452.fits
4550/spec-4550-55894-0453.fits
4550/spec-4550-55894-0454.fits
4550/spec-4550-55894-0455.fits
4550/spec-4550-55894-0456.fits
4550/spec-4550-55894-0457.fits
4550/spec-4550-55894-0458.fits
4550/spec-4550-55894-0459.fits
4550/spec-4550-55894-0460.fits
4550/spec-4550-55894-0461.fits
4550/spec-4550-55894-0462.fits
4550/spec-4550-55894-0463.fits
4550/spec-4550-55894-0464.fits
4550/spec-4550-55894-0465.fits
4550/spec-4550-55894-0466.fits
4550/spec-4550-55894-0467.fits
4550/spec-4550-55894-0468.fits
4550/spec-4550-55894-0469.fits
4550/spec-4550-55894-0470.fits
4550/spec-4550-55894-0471.fits
4550/spec-4550-55894-0472.fits
4550/spec-4550-55894-0473.fits
4550/spec-4550-55894-0474.fits
4550/spec-4550-55894-0475.fits
4550/spec-4550-55894-0476.fits
4550/spec-4550-55894-0477.fits
4550/spec-4550-55894-0478.fits
4550/spec-4550-55894-0479.fits
4550/spec-4550-55894-0480.fits
4550/spec-4550-55894-0481.fits
4550/spec-4550-55894-0482.fits
4550/spec-4550-55894-0483.fits
4550/spec-4550-55894-0484.fits
4550/spec-4550-55894-0485.fits
4550/spec-4550-55894-0486.fits
4550/spec-4550-55894-0487.fits
4550/spec-4550-55894-0488.fits
4550/spec-4550-55894-0489.fits
4550/spec-4550-55894-0490.fits
4550/spec-4550-55894-0491.fits
4550/spec-4550-55894-0492.fits
4550/spec-4550-55894-0493.fits
4550/spec-4550-55894-0494.fits
4550/spec-4550-55894-0495.fits
4550/spec-4550-55894-0496.fits
4550/spec-4550-55894-0497.fits
4550/spec-4550-55894-0498.fits
4550/spec-4550-55894-0499.fits
4550/spec-4550-55894-0500.fits
4550/spec-4550-55894-0501.fits
4550/spec-4550-55894-0502.fits
4550/spec-4550-55894-0503.fits
4550/spec-4550-55894-0504.fits
4550/spec-4550-55894-0505.fits
4550/spec-4550-55894-0506.fits
4550/spec-4550-55894-0507.fits
4550/spec-4550-55894-0508.fits
4550/spec-4550-55894-0509.fits
4550/spec-4550-55894-0510.fits
4550/spec-4550-55894-0511.fits
4550/spec-4550-55894-0512.fits
4550/spec-4550-55894-0513.fits
4550/spec-4550-55894-0514.fits
4550/spec-4550-55894-0515.fits
4550/spec-4550-55894-0516.fits
4550/spec-4550-55894-0517.fits
4550/spec-4550-55894-0518.fits
4550/spec-4550-55894-0519.fits
4550/spec-4550-55894-0520.fits
4550/spec-4550-55894-0521.fits
4550/spec-4550-55894-0522.fits
4550/spec-4550-55894-0523.fits
4550/spec-4550-55894-0524.fits
4550/spec-4550-55894-0525.fits
4550/spec-4550-55894-0526.fits
4550/spec-4550-55894-0527.fits
4550/spec-4550-55894-0528.fits
4550/spec-4550-55894-0529.fits
4550/spec-4550-55894-0530.fits
4550/spec-4550-55894-0531.fits
4550/spec-4550-55894-0532.fits
4550/spec-4550-55894-0533.fits
4550/spec-4550-55894-0534.fits
4550/spec-4550-55894-0535.fits
4550/spec-4550-55894-0536.fits
4550/spec-4550-55894-0537.fits
4550/spec-4550-55894-0538.fits
4550/spec-4550-55894-0539.fits
4550/spec-4550-55894-0540.fits
4550/spec-4550-55894-0541.fits
4550/spec-4550-55894-0542.fits
4550/spec-4550-55894-0543.fits
4550/spec-4550-55894-0544.fits
4550/spec-4550-55894-0545.fits
4550/spec-4550-55894-0546.fits
4550/spec-4550-55894-0547.fits
4550/spec-4550-55894-0548.fits
4550/spec-4550-55894-0549.fits
4550/spec-4550-55894-0550.fits
4550/spec-4550-55894-0551.fits
4550/spec-4550-55894-0552.fits
4550/spec-4550-55894-0553.fits
4550/spec-4550-55894-0554.fits
4550/spec-4550-55894-0555.fits
4550/spec-4550-55894-0556.fits
4550/spec-4550-55894-0557.fits
4550/spec-4550-55894-0558.fits
4550/spec-4550-55894-0559.fits
4550/spec-4550-55894-0560.fits
4550/spec-4550-55894-0561.fits
4550/spec-4550-55894-0562.fits
4550/spec-4550-55894-0563.fits
4550/spec-4550-55894-0564.fits
4550/spec-4550-55894-0565.fits
4550/spec-4550-55894-0566.fits
4550/spec-4550-55894-0567.fits
4550/spec-4550-55894-0568.fits
4550/spec-4550-55894-0569.fits
4550/spec-4550-55894-0570.fits
4550/spec-4550-55894-0571.fits
4550/spec-4550-55894-0572.fits
4550/spec-4550-55894-0573.fits
4550/spec-4550-55894-0574.fits
4550/spec-4550-55894-0575.fits
4550/spec-4550-55894-0576.fits
4550/spec-4550-55894-0577.fits
4550/spec-4550-55894-0578.fits
4550/spec-4550-55894-0579.fits
4550/spec-4550-55894-0580.fits
4550/spec-4550-55894-0581.fits
4550/spec-4550-55894-0582.fits
4550/spec-4550-55894-0583.fits
4550/spec-4550-55894-0584.fits
4550/spec-4550-55894-0585.fits
4550/spec-4550-55894-0586.fits
4550/spec-4550-55894-0587.fits
4550/spec-4550-55894-0588.fits
4550/spec-4550-55894-0589.fits
4550/spec-4550-55894-0590.fits
4550/spec-4550-55894-0591.fits
4550/spec-4550-55894-0592.fits
4550/spec-4550-55894-0593.fits
4550/spec-4550-55894-0594.fits
4550/spec-4550-55894-0595.fits
4550/spec-4550-55894-0596.fits
4550/spec-4550-55894-0597.fits
4550/spec-4550-55894-0598.fits
4550/spec-4550-55894-0599.fits
4550/spec-4550-55894-0600.fits
4550/spec-4550-55894-0601.fits
4550/spec-4550-55894-0602.fits
4550/spec-4550-55894-0603.fits
4550/spec-4550-55894-0604.fits
4550/spec-4550-55894-0605.fits
4550/spec-4550-55894-0606.fits
4550/spec-4550-55894-0607.fits
4550/spec-4550-55894-0608.fits
4550/spec-4550-55894-0609.fits
4550/spec-4550-55894-0610.fits
4550/spec-4550-55894-0611.fits
4550/spec-4550-55894-0612.fits
4550/spec-4550-55894-0613.fits
4550/spec-4550-55894-0614.fits
4550/spec-4550-55894-0615.fits
4550/spec-4550-55894-0616.fits
4550/spec-4550-55894-0617.fits
4550/spec-4550-55894-0618.fits
4550/spec-4550-55894-0619.fits
4550/spec-4550-55894-0620.fits
4550/spec-4550-55894-0621.fits
4550/spec-4550-55894-0622.fits
4550/spec-4550-55894-0623.fits
4550/spec-4550-55894-0624.fits
4550/spec-4550-55894-0625.fits
4550/spec-4550-55894-0626.fits
4550/spec-4550-55894-0627.fits
4550/spec-4550-55894-0628.fits
4550/spec-4550-55894-0629.fits
4550/spec-4550-55894-0630.fits
4550/spec-4550-55894-0631.fits
4550/spec-4550-55894-0632.fits
4550/spec-4550-55894-0633.fits
4550/spec-4550-55894-0634.fits
4550/spec-4550-55894-0635.fits
4550/spec-4550-55894-0636.fits
4550/spec-4550-55894-0637.fits
4550/spec-4550-55894-0638.fits
4550/spec-4550-55894-0639.fits
4550/spec-4550-55894-0640.fits
4550/spec-4550-55894-0641.fits
4550/spec-4550-55894-0642.fits
4550/spec-4550-55894-0643.fits
4550/spec-4550-55894-0644.fits
4550/spec-4550-55894-0645.fits
4550/spec-4550-55894-0646.fits
4550/spec-4550-55894-0647.fits
4550/spec-4550-55894-0648.fits
4550/spec-4550-55894-0649.fits
4550/spec-4550-55894-0650.fits
4550/spec-4550-55894-0651.fits
4550/spec-4550-55894-0652.fits
4550/spec-4550-55894-0653.fits
4550/spec-4550-55894-0654.fits
4550/spec-4550-55894-0655.fits
4550/spec-4550-55894-0656.fits
4550/spec-4550-55894-0657.fits
4550/spec-4550-55894-0658.fits
4550/spec-4550-55894-0659.fits
4550/spec-4550-55894-0660.fits
4550/spec-4550-55894-0661.fits
4550/spec-4550-55894-0662.fits
4550/spec-4550-55894-0663.fits
4550/spec-4550-55894-0664.fits
4550/spec-4550-55894-0665.fits
4550/spec-4550-55894-0666.fits
4550/spec-4550-55894-0667.fits
4550/spec-4550-55894-0668.fits
4550/spec-4550-55894-0669.fits
4550/spec-4550-55894-0670.fits
4550/spec-4550-55894-0671.fits
4550/spec-4550-55894-0672.fits
4550/spec-4550-55894-0673.fits
4550/spec-4550-55894-0674.fits
4550/spec-4550-55894-0675.fits
4550/spec-4550-55894-0676.fits
4550/spec-4550-55894-0677.fits
4550/spec-4550-55894-0678.fits
4550/spec-4550-55894-0679.fits
4550/spec-4550-55894-0680.fits
4550/spec-4550-55894-0681.fits
4550/spec-4550-55894-0682.fits
4550/spec-4550-55894-0683.fits
4550/spec-4550-55894-0684.fits
4550/spec-4550-55894-0685.fits
4550/spec-4550-55894-0686.fits
4550/spec-4550-55894-0687.fits
4550/spec-4550-55894-0688.fits
4550/spec-4550-55894-0689.fits
4550/spec-4550-55894-0690.fits
4550/spec-4550-55894-0691.fits
4550/spec-4550-55894-0692.fits
4550/spec-4550-55894-0693.fits
4550/spec-4550-55894-0694.fits
4550/spec-4550-55894-0695.fits
4550/spec-4550-55894-0696.fits
4550/spec-4550-55894-0697.fits
4550/spec-4550-55894-0698.fits
4550/spec-4550-55894-0699.fits
4550/spec-4550-55894-0700.fits
4550/spec-4550-55894-0701.fits
4550/spec-4550-55894-0702.fits
4550/spec-4550-55894-0703.fits
4550/spec-4550-55894-0704.fits
4550/spec-4550-55894-0705.fits
4550/spec-4550-55894-0706.fits
4550/spec-4550-55894-0707.fits
4550/spec-4550-55894-0708.fits
4550/spec-4550-55894-0709.fits
4550/spec-4550-55894-0710.fits
4550/spec-4550-55894-0711.fits
4550/spec-4550-55894-0712.fits
4550/spec-4550-55894-0713.fits
4550/spec-4550-55894-0714.fits
4550/spec-4550-55894-0715.fits
4550/spec-4550-55894-0716.fits
4550/spec-4550-55894-0717.fits
4550/spec-4550-55894-0718.fits
4550/spec-4550-55894-0719.fits
4550/spec-4550-55894-0720.fits
4550/spec-4550-55894-0721.fits
4550/spec-4550-55894-0722.fits
4550/spec-4550-55894-0723.fits
4550/spec-4550-55894-0724.fits
4550/spec-4550-55894-0725.fits
4550/spec-4550-55894-0726.fits
4550/spec-4550-55894-0727.fits
4550/spec-4550-55894-0728.fits
4550/spec-4550-55894-0729.fits
4550/spec-4550-55894-0730.fits
4550/spec-4550-55894-0731.fits
4550/spec-4550-55894-0732.fits
4550/spec-4550-55894-0733.fits
4550/spec-4550-55894-0734.fits
4550/spec-4550-55894-0735.fits
4550/spec-4550-55894-0736.fits
4550/spec-4550-55894-0737.fits
4550/spec-4550-55894-0738.fits
4550/spec-4550-55894-0739.fits
4550/spec-4550-55894-0740.fits
4550/spec-4550-55894-0741.fits
4550/spec-4550-55894-0742.fits
4550/spec-4550-55894-0743.fits
4550/spec-4550-55894-0744.fits
4550/spec-4550-55894-0745.fits
4550/spec-4550-55894-0746.fits
4550/spec-4550-55894-0747.fits
4550/spec-4550-55894-0748.fits
4550/spec-4550-55894-0749.fits
4550/spec-4550-55894-0750.fits
4550/spec-4550-55894-0751.fits
4550/spec-4550-55894-0752.fits
4550/spec-4550-55894-0753.fits
4550/spec-4550-55894-0754.fits
4550/spec-4550-55894-0755.fits
4550/spec-4550-55894-0756.fits
4550/spec-4550-55894-0757.fits
4550/spec-4550-55894-0758.fits
4550/spec-4550-55894-0759.fits
4550/spec-4550-55894-0760.fits
4550/spec-4550-55894-0761.fits
4550/spec-4550-55894-0762.fits
4550/spec-4550-55894-0763.fits
4550/spec-4550-55894-0764.fits
4550/spec-4550-55894-0765.fits
4550/spec-4550-55894-0766.fits
4550/spec-4550-55894-0767.fits
4550/spec-4550-55894-0768.fits
4550/spec-4550-55894-0769.fits
4550/spec-4550-55894-0770.fits
4550/spec-4550-55894-0771.fits
4550/spec-4550-55894-0772.fits
4550/spec-4550-55894-0773.fits
4550/spec-4550-55894-0774.fits
4550/spec-4550-55894-0775.fits
4550/spec-4550-55894-0776.fits
4550/spec-4550-55894-0777.fits
4550/spec-4550-55894-0778.fits
4550/spec-4550-55894-0779.fits
4550/spec-4550-55894-0780.fits
4550/spec-4550-55894-0781.fits
4550/spec-4550-55894-0782.fits
4550/spec-4550-55894-0783.fits
4550/spec-4550-55894-0784.fits
4550/spec-4550-55894-0785.fits
4550/spec-4550-55894-0786.fits
4550/spec-4550-55894-0787.fits
4550/spec-4550-55894-0788.fits
4550/spec-4550-55894-0789.fits
4550/spec-4550-55894-0790.fits
4550/spec-4550-55894-0791.fits
4550/spec-4550-55894-0792.fits
4550/spec-4550-55894-0793.fits
4550/spec-4550-55894-0794.fits
4550/spec-4550-55894-0795.fits
4550/spec-4550-55894-0796.fits
4550/spec-4550-55894-0797.fits
4550/spec-4550-55894-0798.fits
4550/spec-4550-55894-0799.fits
4550/spec-4550-55894-0800.fits
4550/spec-4550-55894-0801.fits
4550/spec-4550-55894-0802.fits
4550/spec-4550-55894-0803.fits
4550/spec-4550-55894-0804.fits
4550/spec-4550-55894-0805.fits
4550/spec-4550-55894-0806.fits
4550/spec-4550-55894-0807.fits
4550/spec-4550-55894-0808.fits
4550/spec-4550-55894-0809.fits
4550/spec-4550-55894-0810.fits
4550/spec-4550-55894-0811.fits
4550/spec-4550-55894-0812.fits
4550/spec-4550-55894-0813.fits
4550/spec-4550-55894-0814.fits
4550/spec-4550-55894-0815.fits
4550/spec-4550-55894-0816.fits
4550/spec-4550-55894-0817.fits
4550/spec-4550-55894-0818.fits
4550/spec-4550-55894-0819.fits
4550/spec-4550-55894-0820.fits
4550/spec-4550-55894-0821.fits
4550/spec-4550-55894-0822.fits
4550/spec-4550-55894-0823.fits
4550/spec-4550-55894-0824.fits
4550/spec-4550-55894-0825.fits
4550/spec-4550-55894-0826.fits
4550/spec-4550-55894-0827.fits
4550/spec-4550-55894-0828.fits
4550/spec-4550-55894-0829.fits
4550/spec-4550-55894-0830.fits
4550/spec-4550-55894-0831.fits
4550/spec-4550-55894-0832.fits
4550/spec-4550-55894-0833.fits
4550/spec-4550-55894-0834.fits
4550/spec-4550-55894-0835.fits
4550/spec-4550-55894-0836.fits
4550/spec-4550-55894-0837.fits
4550/spec-4550-55894-0838.fits
4550/spec-4550-55894-0839.fits
4550/spec-4550-55894-0840.fits
4550/spec-4550-55894-0841.fits
4550/spec-4550-55894-0842.fits
4550/spec-4550-55894-0843.fits
4550/spec-4550-55894-0844.fits
4550/spec-4550-55894-0845.fits
4550/spec-4550-55894-0846.fits
4550/spec-4550-55894-0847.fits
4550/spec-4550-55894-0848.fits
4550/spec-4550-55894-0849.fits
4550/spec-4550-55894-0850.fits
4550/spec-4550-55894-0851.fits
4550/spec-4550-55894-0852.fits
4550/spec-4550-55894-0853.fits
4550/spec-4550-55894-0854.fits
4550/spec-4550-55894-0855.fits
4550/spec-4550-55894-0856.fits
4550/spec-4550-55894-0857.fits
4550/spec-4550-55894-0858.fits
4550/spec-4550-55894-0859.fits
4550/spec-4550-55894-0860.fits
4550/spec-4550-55894-0861.fits
4550/spec-4550-55894-0862.fits
4550/spec-4550-55894-0863.fits
4550/spec-4550-55894-0864.fits
4550/spec-4550-55894-0865.fits
4550/spec-4550-55894-0866.fits
4550/spec-4550-55894-0867.fits
4550/spec-4550-55894-0868.fits
4550/spec-4550-55894-0869.fits
4550/spec-4550-55894-0870.fits
4550/spec-4550-55894-0871.fits
4550/spec-4550-55894-0872.fits
4550/spec-4550-55894-0873.fits
4550/spec-4550-55894-0874.fits
4550/spec-4550-55894-0875.fits
4550/spec-4550-55894-0876.fits
4550/spec-4550-55894-0877.fits
4550/spec-4550-55894-0878.fits
4550/spec-4550-55894-0879.fits
4550/spec-4550-55894-0880.fits
4550/spec-4550-55894-0881.fits
4550/spec-4550-55894-0882.fits
4550/spec-4550-55894-0883.fits
4550/spec-4550-55894-0884.fits
4550/spec-4550-55894-0885.fits
4550/spec-4550-55894-0886.fits
4550/spec-4550-55894-0887.fits
4550/spec-4550-55894-0888.fits
4550/spec-4550-55894-0889.fits
4550/spec-4550-55894-0890.fits
4550/spec-4550-55894-0891.fits
4550/spec-4550-55894-0892.fits
4550/spec-4550-55894-0893.fits
4550/spec-4550-55894-0894.fits
4550/spec-4550-55894-0895.fits
4550/spec-4550-55894-0896.fits
4550/spec-4550-55894-0897.fits
4550/spec-4550-55894-0898.fits
4550/spec-4550-55894-0899.fits
4550/spec-4550-55894-0900.fits
4550/spec-4550-55894-0901.fits
4550/spec-4550-55894-0902.fits
4550/spec-4550-55894-0903.fits
4550/spec-4550-55894-0904.fits
4550/spec-4550-55894-0905.fits
4550/spec-4550-55894-0906.fits
4550/spec-4550-55894-0907.fits
4550/spec-4550-55894-0908.fits
4550/spec-4550-55894-0909.fits
4550/spec-4550-55894-0910.fits
4550/spec-4550-55894-0911.fits
4550/spec-4550-55894-0912.fits
4550/spec-4550-55894-0913.fits
4550/spec-4550-55894-0914.fits
4550/spec-4550-55894-0915.fits
4550/spec-4550-55894-0916.fits
4550/spec-4550-55894-0917.fits
4550/spec-4550-55894-0918.fits
4550/spec-4550-55894-0919.fits
4550/spec-4550-55894-0920.fits
4550/spec-4550-55894-0921.fits
4550/spec-4550-55894-0922.fits
4550/spec-4550-55894-0923.fits
4550/spec-4550-55894-0924.fits
4550/spec-4550-55894-0925.fits
4550/spec-4550-55894-0926.fits
4550/spec-4550-55894-0927.fits
4550/spec-4550-55894-0928.fits
4550/spec-4550-55894-0929.fits
4550/spec-4550-55894-0930.fits
4550/spec-4550-55894-0931.fits
4550/spec-4550-55894-0932.fits
4550/spec-4550-55894-0933.fits
4550/spec-4550-55894-0934.fits
4550/spec-4550-55894-0935.fits
4550/spec-4550-55894-0936.fits
4550/spec-4550-55894-0937.fits
4550/spec-4550-55894-0938.fits
4550/spec-4550-55894-0939.fits
4550/spec-4550-55894-0940.fits
4550/spec-4550-55894-0941.fits
4550/spec-4550-55894-0942.fits
4550/spec-4550-55894-0943.fits
4550/spec-4550-55894-0944.fits
4550/spec-4550-55894-0945.fits
4550/spec-4550-55894-0946.fits
4550/spec-4550-55894-0947.fits
4550/spec-4550-55894-0948.fits
4550/spec-4550-55894-0949.fits
4550/spec-4550-55894-0950.fits
4550/spec-4550-55894-0951.fits
4550/spec-4550-55894-0952.fits
4550/spec-4550-55894-0953.fits
4550/spec-4550-55894-0954.fits
4550/spec-4550-55894-0955.fits
4550/spec-4550-55894-0956.fits
4550/spec-4550-55894-0957.fits
4550/spec-4550-55894-0958.fits
4550/spec-4550-55894-0959.fits
4550/spec-4550-55894-0960.fits
4550/spec-4550-55894-0961.fits
4550/spec-4550-55894-0962.fits
4550/spec-4550-55894-0963.fits
4550/spec-4550-55894-0964.fits
4550/spec-4550-55894-0965.fits
4550/spec-4550-55894-0966.fits
4550/spec-4550-55894-0967.fits
4550/spec-4550-55894-0968.fits
4550/spec-4550-55894-0969.fits
4550/spec-4550-55894-0970.fits
4550/spec-4550-55894-0971.fits
4550/spec-4550-55894-0972.fits
4550/spec-4550-55894-0973.fits
4550/spec-4550-55894-0974.fits
4550/spec-4550-55894-0975.fits
4550/spec-4550-55894-0976.fits
4550/spec-4550-55894-0977.fits
4550/spec-4550-55894-0978.fits
4550/spec-4550-55894-0979.fits
4550/spec-4550-55894-0980.fits
4550/spec-4550-55894-0981.fits
4550/spec-4550-55894-0982.fits
4550/spec-4550-55894-0983.fits
4550/spec-4550-55894-0984.fits
4550/spec-4550-55894-0985.fits
4550/spec-4550-55894-0986.fits
4550/spec-4550-55894-0987.fits
4550/spec-4550-55894-0988.fits
4550/spec-4550-55894-0989.fits
4550/spec-4550-55894-0990.fits
4550/spec-4550-55894-0991.fits
4550/spec-4550-55894-0992.fits
4550/spec-4550-55894-0993.fits
4550/spec-4550-55894-0994.fits
4550/spec-4550-55894-0995.fits
4550/spec-4550-55894-0996.fits
4550/spec-4550-55894-0997.fits
4550/spec-4550-55894-0998.fits
4550/spec-4550-55894-0999.fits
4550/spec-4550-55894-1000.fits
/var/lib/condor/execute/slot1/dir_34321
4550 4550.tgz R R361.tar.gz _condor_stderr _condor_stdout cB58_Lyman_break.fit condor_exec.exe hw4.R packages packages.tar.gz tmp var
[1] "Loaded package astro."
[1] 1000
4550 4550.csv 4550.tgz R R361.tar.gz _condor_stderr _condor_stdout cB58_Lyman_break.fit condor_exec.exe hw4.R packages packages.tar.gz tmp var
