4564
4564/
4564/spec-4564-55570-0001.fits
4564/spec-4564-55570-0002.fits
4564/spec-4564-55570-0003.fits
4564/spec-4564-55570-0004.fits
4564/spec-4564-55570-0005.fits
4564/spec-4564-55570-0006.fits
4564/spec-4564-55570-0007.fits
4564/spec-4564-55570-0008.fits
4564/spec-4564-55570-0009.fits
4564/spec-4564-55570-0010.fits
4564/spec-4564-55570-0011.fits
4564/spec-4564-55570-0012.fits
4564/spec-4564-55570-0013.fits
4564/spec-4564-55570-0014.fits
4564/spec-4564-55570-0015.fits
4564/spec-4564-55570-0016.fits
4564/spec-4564-55570-0017.fits
4564/spec-4564-55570-0018.fits
4564/spec-4564-55570-0019.fits
4564/spec-4564-55570-0020.fits
4564/spec-4564-55570-0021.fits
4564/spec-4564-55570-0022.fits
4564/spec-4564-55570-0023.fits
4564/spec-4564-55570-0024.fits
4564/spec-4564-55570-0025.fits
4564/spec-4564-55570-0026.fits
4564/spec-4564-55570-0027.fits
4564/spec-4564-55570-0028.fits
4564/spec-4564-55570-0029.fits
4564/spec-4564-55570-0030.fits
4564/spec-4564-55570-0031.fits
4564/spec-4564-55570-0032.fits
4564/spec-4564-55570-0033.fits
4564/spec-4564-55570-0034.fits
4564/spec-4564-55570-0035.fits
4564/spec-4564-55570-0036.fits
4564/spec-4564-55570-0037.fits
4564/spec-4564-55570-0038.fits
4564/spec-4564-55570-0039.fits
4564/spec-4564-55570-0040.fits
4564/spec-4564-55570-0041.fits
4564/spec-4564-55570-0042.fits
4564/spec-4564-55570-0043.fits
4564/spec-4564-55570-0044.fits
4564/spec-4564-55570-0045.fits
4564/spec-4564-55570-0046.fits
4564/spec-4564-55570-0047.fits
4564/spec-4564-55570-0048.fits
4564/spec-4564-55570-0049.fits
4564/spec-4564-55570-0050.fits
4564/spec-4564-55570-0051.fits
4564/spec-4564-55570-0052.fits
4564/spec-4564-55570-0053.fits
4564/spec-4564-55570-0054.fits
4564/spec-4564-55570-0055.fits
4564/spec-4564-55570-0056.fits
4564/spec-4564-55570-0057.fits
4564/spec-4564-55570-0058.fits
4564/spec-4564-55570-0059.fits
4564/spec-4564-55570-0060.fits
4564/spec-4564-55570-0061.fits
4564/spec-4564-55570-0062.fits
4564/spec-4564-55570-0063.fits
4564/spec-4564-55570-0064.fits
4564/spec-4564-55570-0065.fits
4564/spec-4564-55570-0066.fits
4564/spec-4564-55570-0067.fits
4564/spec-4564-55570-0068.fits
4564/spec-4564-55570-0069.fits
4564/spec-4564-55570-0070.fits
4564/spec-4564-55570-0071.fits
4564/spec-4564-55570-0072.fits
4564/spec-4564-55570-0073.fits
4564/spec-4564-55570-0074.fits
4564/spec-4564-55570-0075.fits
4564/spec-4564-55570-0076.fits
4564/spec-4564-55570-0077.fits
4564/spec-4564-55570-0078.fits
4564/spec-4564-55570-0079.fits
4564/spec-4564-55570-0080.fits
4564/spec-4564-55570-0081.fits
4564/spec-4564-55570-0082.fits
4564/spec-4564-55570-0083.fits
4564/spec-4564-55570-0084.fits
4564/spec-4564-55570-0085.fits
4564/spec-4564-55570-0086.fits
4564/spec-4564-55570-0087.fits
4564/spec-4564-55570-0088.fits
4564/spec-4564-55570-0089.fits
4564/spec-4564-55570-0090.fits
4564/spec-4564-55570-0091.fits
4564/spec-4564-55570-0092.fits
4564/spec-4564-55570-0093.fits
4564/spec-4564-55570-0094.fits
4564/spec-4564-55570-0095.fits
4564/spec-4564-55570-0096.fits
4564/spec-4564-55570-0097.fits
4564/spec-4564-55570-0098.fits
4564/spec-4564-55570-0099.fits
4564/spec-4564-55570-0100.fits
4564/spec-4564-55570-0101.fits
4564/spec-4564-55570-0102.fits
4564/spec-4564-55570-0103.fits
4564/spec-4564-55570-0104.fits
4564/spec-4564-55570-0105.fits
4564/spec-4564-55570-0106.fits
4564/spec-4564-55570-0107.fits
4564/spec-4564-55570-0108.fits
4564/spec-4564-55570-0109.fits
4564/spec-4564-55570-0110.fits
4564/spec-4564-55570-0111.fits
4564/spec-4564-55570-0112.fits
4564/spec-4564-55570-0113.fits
4564/spec-4564-55570-0114.fits
4564/spec-4564-55570-0115.fits
4564/spec-4564-55570-0116.fits
4564/spec-4564-55570-0117.fits
4564/spec-4564-55570-0118.fits
4564/spec-4564-55570-0119.fits
4564/spec-4564-55570-0120.fits
4564/spec-4564-55570-0121.fits
4564/spec-4564-55570-0122.fits
4564/spec-4564-55570-0123.fits
4564/spec-4564-55570-0124.fits
4564/spec-4564-55570-0125.fits
4564/spec-4564-55570-0126.fits
4564/spec-4564-55570-0127.fits
4564/spec-4564-55570-0128.fits
4564/spec-4564-55570-0129.fits
4564/spec-4564-55570-0130.fits
4564/spec-4564-55570-0131.fits
4564/spec-4564-55570-0132.fits
4564/spec-4564-55570-0133.fits
4564/spec-4564-55570-0134.fits
4564/spec-4564-55570-0135.fits
4564/spec-4564-55570-0136.fits
4564/spec-4564-55570-0137.fits
4564/spec-4564-55570-0138.fits
4564/spec-4564-55570-0139.fits
4564/spec-4564-55570-0140.fits
4564/spec-4564-55570-0141.fits
4564/spec-4564-55570-0142.fits
4564/spec-4564-55570-0143.fits
4564/spec-4564-55570-0144.fits
4564/spec-4564-55570-0145.fits
4564/spec-4564-55570-0146.fits
4564/spec-4564-55570-0147.fits
4564/spec-4564-55570-0148.fits
4564/spec-4564-55570-0149.fits
4564/spec-4564-55570-0150.fits
4564/spec-4564-55570-0151.fits
4564/spec-4564-55570-0152.fits
4564/spec-4564-55570-0153.fits
4564/spec-4564-55570-0154.fits
4564/spec-4564-55570-0155.fits
4564/spec-4564-55570-0156.fits
4564/spec-4564-55570-0157.fits
4564/spec-4564-55570-0158.fits
4564/spec-4564-55570-0159.fits
4564/spec-4564-55570-0160.fits
4564/spec-4564-55570-0161.fits
4564/spec-4564-55570-0162.fits
4564/spec-4564-55570-0163.fits
4564/spec-4564-55570-0164.fits
4564/spec-4564-55570-0165.fits
4564/spec-4564-55570-0166.fits
4564/spec-4564-55570-0167.fits
4564/spec-4564-55570-0168.fits
4564/spec-4564-55570-0169.fits
4564/spec-4564-55570-0170.fits
4564/spec-4564-55570-0171.fits
4564/spec-4564-55570-0172.fits
4564/spec-4564-55570-0173.fits
4564/spec-4564-55570-0174.fits
4564/spec-4564-55570-0175.fits
4564/spec-4564-55570-0176.fits
4564/spec-4564-55570-0177.fits
4564/spec-4564-55570-0178.fits
4564/spec-4564-55570-0179.fits
4564/spec-4564-55570-0180.fits
4564/spec-4564-55570-0181.fits
4564/spec-4564-55570-0182.fits
4564/spec-4564-55570-0183.fits
4564/spec-4564-55570-0184.fits
4564/spec-4564-55570-0185.fits
4564/spec-4564-55570-0186.fits
4564/spec-4564-55570-0187.fits
4564/spec-4564-55570-0188.fits
4564/spec-4564-55570-0189.fits
4564/spec-4564-55570-0190.fits
4564/spec-4564-55570-0191.fits
4564/spec-4564-55570-0192.fits
4564/spec-4564-55570-0193.fits
4564/spec-4564-55570-0194.fits
4564/spec-4564-55570-0195.fits
4564/spec-4564-55570-0196.fits
4564/spec-4564-55570-0197.fits
4564/spec-4564-55570-0198.fits
4564/spec-4564-55570-0199.fits
4564/spec-4564-55570-0200.fits
4564/spec-4564-55570-0201.fits
4564/spec-4564-55570-0202.fits
4564/spec-4564-55570-0203.fits
4564/spec-4564-55570-0204.fits
4564/spec-4564-55570-0205.fits
4564/spec-4564-55570-0206.fits
4564/spec-4564-55570-0207.fits
4564/spec-4564-55570-0208.fits
4564/spec-4564-55570-0209.fits
4564/spec-4564-55570-0210.fits
4564/spec-4564-55570-0211.fits
4564/spec-4564-55570-0212.fits
4564/spec-4564-55570-0213.fits
4564/spec-4564-55570-0214.fits
4564/spec-4564-55570-0215.fits
4564/spec-4564-55570-0216.fits
4564/spec-4564-55570-0217.fits
4564/spec-4564-55570-0218.fits
4564/spec-4564-55570-0219.fits
4564/spec-4564-55570-0220.fits
4564/spec-4564-55570-0221.fits
4564/spec-4564-55570-0222.fits
4564/spec-4564-55570-0223.fits
4564/spec-4564-55570-0224.fits
4564/spec-4564-55570-0225.fits
4564/spec-4564-55570-0226.fits
4564/spec-4564-55570-0227.fits
4564/spec-4564-55570-0228.fits
4564/spec-4564-55570-0229.fits
4564/spec-4564-55570-0230.fits
4564/spec-4564-55570-0231.fits
4564/spec-4564-55570-0232.fits
4564/spec-4564-55570-0233.fits
4564/spec-4564-55570-0234.fits
4564/spec-4564-55570-0235.fits
4564/spec-4564-55570-0236.fits
4564/spec-4564-55570-0237.fits
4564/spec-4564-55570-0238.fits
4564/spec-4564-55570-0239.fits
4564/spec-4564-55570-0240.fits
4564/spec-4564-55570-0241.fits
4564/spec-4564-55570-0242.fits
4564/spec-4564-55570-0243.fits
4564/spec-4564-55570-0244.fits
4564/spec-4564-55570-0245.fits
4564/spec-4564-55570-0246.fits
4564/spec-4564-55570-0247.fits
4564/spec-4564-55570-0248.fits
4564/spec-4564-55570-0249.fits
4564/spec-4564-55570-0250.fits
4564/spec-4564-55570-0251.fits
4564/spec-4564-55570-0252.fits
4564/spec-4564-55570-0253.fits
4564/spec-4564-55570-0254.fits
4564/spec-4564-55570-0255.fits
4564/spec-4564-55570-0256.fits
4564/spec-4564-55570-0257.fits
4564/spec-4564-55570-0258.fits
4564/spec-4564-55570-0259.fits
4564/spec-4564-55570-0260.fits
4564/spec-4564-55570-0261.fits
4564/spec-4564-55570-0262.fits
4564/spec-4564-55570-0263.fits
4564/spec-4564-55570-0264.fits
4564/spec-4564-55570-0265.fits
4564/spec-4564-55570-0266.fits
4564/spec-4564-55570-0267.fits
4564/spec-4564-55570-0268.fits
4564/spec-4564-55570-0269.fits
4564/spec-4564-55570-0270.fits
4564/spec-4564-55570-0271.fits
4564/spec-4564-55570-0272.fits
4564/spec-4564-55570-0273.fits
4564/spec-4564-55570-0274.fits
4564/spec-4564-55570-0275.fits
4564/spec-4564-55570-0276.fits
4564/spec-4564-55570-0277.fits
4564/spec-4564-55570-0278.fits
4564/spec-4564-55570-0279.fits
4564/spec-4564-55570-0280.fits
4564/spec-4564-55570-0281.fits
4564/spec-4564-55570-0282.fits
4564/spec-4564-55570-0283.fits
4564/spec-4564-55570-0284.fits
4564/spec-4564-55570-0285.fits
4564/spec-4564-55570-0286.fits
4564/spec-4564-55570-0287.fits
4564/spec-4564-55570-0288.fits
4564/spec-4564-55570-0289.fits
4564/spec-4564-55570-0290.fits
4564/spec-4564-55570-0291.fits
4564/spec-4564-55570-0292.fits
4564/spec-4564-55570-0293.fits
4564/spec-4564-55570-0294.fits
4564/spec-4564-55570-0295.fits
4564/spec-4564-55570-0296.fits
4564/spec-4564-55570-0297.fits
4564/spec-4564-55570-0298.fits
4564/spec-4564-55570-0299.fits
4564/spec-4564-55570-0300.fits
4564/spec-4564-55570-0301.fits
4564/spec-4564-55570-0302.fits
4564/spec-4564-55570-0303.fits
4564/spec-4564-55570-0304.fits
4564/spec-4564-55570-0305.fits
4564/spec-4564-55570-0306.fits
4564/spec-4564-55570-0307.fits
4564/spec-4564-55570-0308.fits
4564/spec-4564-55570-0309.fits
4564/spec-4564-55570-0310.fits
4564/spec-4564-55570-0311.fits
4564/spec-4564-55570-0312.fits
4564/spec-4564-55570-0313.fits
4564/spec-4564-55570-0314.fits
4564/spec-4564-55570-0315.fits
4564/spec-4564-55570-0316.fits
4564/spec-4564-55570-0317.fits
4564/spec-4564-55570-0318.fits
4564/spec-4564-55570-0319.fits
4564/spec-4564-55570-0320.fits
4564/spec-4564-55570-0321.fits
4564/spec-4564-55570-0322.fits
4564/spec-4564-55570-0323.fits
4564/spec-4564-55570-0324.fits
4564/spec-4564-55570-0325.fits
4564/spec-4564-55570-0326.fits
4564/spec-4564-55570-0327.fits
4564/spec-4564-55570-0328.fits
4564/spec-4564-55570-0329.fits
4564/spec-4564-55570-0330.fits
4564/spec-4564-55570-0331.fits
4564/spec-4564-55570-0332.fits
4564/spec-4564-55570-0333.fits
4564/spec-4564-55570-0334.fits
4564/spec-4564-55570-0335.fits
4564/spec-4564-55570-0336.fits
4564/spec-4564-55570-0337.fits
4564/spec-4564-55570-0338.fits
4564/spec-4564-55570-0339.fits
4564/spec-4564-55570-0340.fits
4564/spec-4564-55570-0341.fits
4564/spec-4564-55570-0342.fits
4564/spec-4564-55570-0343.fits
4564/spec-4564-55570-0344.fits
4564/spec-4564-55570-0345.fits
4564/spec-4564-55570-0346.fits
4564/spec-4564-55570-0347.fits
4564/spec-4564-55570-0348.fits
4564/spec-4564-55570-0349.fits
4564/spec-4564-55570-0350.fits
4564/spec-4564-55570-0351.fits
4564/spec-4564-55570-0352.fits
4564/spec-4564-55570-0353.fits
4564/spec-4564-55570-0354.fits
4564/spec-4564-55570-0355.fits
4564/spec-4564-55570-0356.fits
4564/spec-4564-55570-0357.fits
4564/spec-4564-55570-0358.fits
4564/spec-4564-55570-0359.fits
4564/spec-4564-55570-0360.fits
4564/spec-4564-55570-0361.fits
4564/spec-4564-55570-0362.fits
4564/spec-4564-55570-0363.fits
4564/spec-4564-55570-0364.fits
4564/spec-4564-55570-0365.fits
4564/spec-4564-55570-0366.fits
4564/spec-4564-55570-0367.fits
4564/spec-4564-55570-0368.fits
4564/spec-4564-55570-0369.fits
4564/spec-4564-55570-0370.fits
4564/spec-4564-55570-0371.fits
4564/spec-4564-55570-0372.fits
4564/spec-4564-55570-0373.fits
4564/spec-4564-55570-0374.fits
4564/spec-4564-55570-0375.fits
4564/spec-4564-55570-0376.fits
4564/spec-4564-55570-0377.fits
4564/spec-4564-55570-0378.fits
4564/spec-4564-55570-0379.fits
4564/spec-4564-55570-0380.fits
4564/spec-4564-55570-0381.fits
4564/spec-4564-55570-0382.fits
4564/spec-4564-55570-0383.fits
4564/spec-4564-55570-0384.fits
4564/spec-4564-55570-0385.fits
4564/spec-4564-55570-0386.fits
4564/spec-4564-55570-0387.fits
4564/spec-4564-55570-0388.fits
4564/spec-4564-55570-0389.fits
4564/spec-4564-55570-0390.fits
4564/spec-4564-55570-0391.fits
4564/spec-4564-55570-0392.fits
4564/spec-4564-55570-0393.fits
4564/spec-4564-55570-0394.fits
4564/spec-4564-55570-0395.fits
4564/spec-4564-55570-0396.fits
4564/spec-4564-55570-0397.fits
4564/spec-4564-55570-0398.fits
4564/spec-4564-55570-0399.fits
4564/spec-4564-55570-0400.fits
4564/spec-4564-55570-0401.fits
4564/spec-4564-55570-0402.fits
4564/spec-4564-55570-0403.fits
4564/spec-4564-55570-0404.fits
4564/spec-4564-55570-0405.fits
4564/spec-4564-55570-0406.fits
4564/spec-4564-55570-0407.fits
4564/spec-4564-55570-0408.fits
4564/spec-4564-55570-0409.fits
4564/spec-4564-55570-0410.fits
4564/spec-4564-55570-0411.fits
4564/spec-4564-55570-0412.fits
4564/spec-4564-55570-0413.fits
4564/spec-4564-55570-0414.fits
4564/spec-4564-55570-0415.fits
4564/spec-4564-55570-0416.fits
4564/spec-4564-55570-0417.fits
4564/spec-4564-55570-0418.fits
4564/spec-4564-55570-0419.fits
4564/spec-4564-55570-0420.fits
4564/spec-4564-55570-0421.fits
4564/spec-4564-55570-0422.fits
4564/spec-4564-55570-0423.fits
4564/spec-4564-55570-0424.fits
4564/spec-4564-55570-0425.fits
4564/spec-4564-55570-0426.fits
4564/spec-4564-55570-0427.fits
4564/spec-4564-55570-0428.fits
4564/spec-4564-55570-0429.fits
4564/spec-4564-55570-0430.fits
4564/spec-4564-55570-0431.fits
4564/spec-4564-55570-0432.fits
4564/spec-4564-55570-0433.fits
4564/spec-4564-55570-0434.fits
4564/spec-4564-55570-0435.fits
4564/spec-4564-55570-0436.fits
4564/spec-4564-55570-0437.fits
4564/spec-4564-55570-0438.fits
4564/spec-4564-55570-0439.fits
4564/spec-4564-55570-0440.fits
4564/spec-4564-55570-0441.fits
4564/spec-4564-55570-0442.fits
4564/spec-4564-55570-0443.fits
4564/spec-4564-55570-0444.fits
4564/spec-4564-55570-0445.fits
4564/spec-4564-55570-0446.fits
4564/spec-4564-55570-0447.fits
4564/spec-4564-55570-0448.fits
4564/spec-4564-55570-0449.fits
4564/spec-4564-55570-0450.fits
4564/spec-4564-55570-0451.fits
4564/spec-4564-55570-0452.fits
4564/spec-4564-55570-0453.fits
4564/spec-4564-55570-0454.fits
4564/spec-4564-55570-0455.fits
4564/spec-4564-55570-0456.fits
4564/spec-4564-55570-0457.fits
4564/spec-4564-55570-0458.fits
4564/spec-4564-55570-0459.fits
4564/spec-4564-55570-0460.fits
4564/spec-4564-55570-0461.fits
4564/spec-4564-55570-0462.fits
4564/spec-4564-55570-0463.fits
4564/spec-4564-55570-0464.fits
4564/spec-4564-55570-0465.fits
4564/spec-4564-55570-0466.fits
4564/spec-4564-55570-0467.fits
4564/spec-4564-55570-0468.fits
4564/spec-4564-55570-0469.fits
4564/spec-4564-55570-0470.fits
4564/spec-4564-55570-0471.fits
4564/spec-4564-55570-0472.fits
4564/spec-4564-55570-0473.fits
4564/spec-4564-55570-0474.fits
4564/spec-4564-55570-0475.fits
4564/spec-4564-55570-0476.fits
4564/spec-4564-55570-0477.fits
4564/spec-4564-55570-0478.fits
4564/spec-4564-55570-0479.fits
4564/spec-4564-55570-0480.fits
4564/spec-4564-55570-0481.fits
4564/spec-4564-55570-0482.fits
4564/spec-4564-55570-0483.fits
4564/spec-4564-55570-0484.fits
4564/spec-4564-55570-0485.fits
4564/spec-4564-55570-0486.fits
4564/spec-4564-55570-0487.fits
4564/spec-4564-55570-0488.fits
4564/spec-4564-55570-0489.fits
4564/spec-4564-55570-0490.fits
4564/spec-4564-55570-0491.fits
4564/spec-4564-55570-0492.fits
4564/spec-4564-55570-0493.fits
4564/spec-4564-55570-0494.fits
4564/spec-4564-55570-0495.fits
4564/spec-4564-55570-0496.fits
4564/spec-4564-55570-0497.fits
4564/spec-4564-55570-0498.fits
4564/spec-4564-55570-0499.fits
4564/spec-4564-55570-0500.fits
4564/spec-4564-55570-0501.fits
4564/spec-4564-55570-0502.fits
4564/spec-4564-55570-0503.fits
4564/spec-4564-55570-0504.fits
4564/spec-4564-55570-0505.fits
4564/spec-4564-55570-0506.fits
4564/spec-4564-55570-0507.fits
4564/spec-4564-55570-0508.fits
4564/spec-4564-55570-0509.fits
4564/spec-4564-55570-0510.fits
4564/spec-4564-55570-0511.fits
4564/spec-4564-55570-0512.fits
4564/spec-4564-55570-0513.fits
4564/spec-4564-55570-0514.fits
4564/spec-4564-55570-0515.fits
4564/spec-4564-55570-0516.fits
4564/spec-4564-55570-0517.fits
4564/spec-4564-55570-0518.fits
4564/spec-4564-55570-0519.fits
4564/spec-4564-55570-0520.fits
4564/spec-4564-55570-0521.fits
4564/spec-4564-55570-0522.fits
4564/spec-4564-55570-0523.fits
4564/spec-4564-55570-0524.fits
4564/spec-4564-55570-0525.fits
4564/spec-4564-55570-0526.fits
4564/spec-4564-55570-0527.fits
4564/spec-4564-55570-0528.fits
4564/spec-4564-55570-0529.fits
4564/spec-4564-55570-0530.fits
4564/spec-4564-55570-0531.fits
4564/spec-4564-55570-0532.fits
4564/spec-4564-55570-0533.fits
4564/spec-4564-55570-0534.fits
4564/spec-4564-55570-0535.fits
4564/spec-4564-55570-0536.fits
4564/spec-4564-55570-0537.fits
4564/spec-4564-55570-0538.fits
4564/spec-4564-55570-0539.fits
4564/spec-4564-55570-0540.fits
4564/spec-4564-55570-0541.fits
4564/spec-4564-55570-0542.fits
4564/spec-4564-55570-0543.fits
4564/spec-4564-55570-0544.fits
4564/spec-4564-55570-0545.fits
4564/spec-4564-55570-0546.fits
4564/spec-4564-55570-0547.fits
4564/spec-4564-55570-0548.fits
4564/spec-4564-55570-0549.fits
4564/spec-4564-55570-0550.fits
4564/spec-4564-55570-0551.fits
4564/spec-4564-55570-0552.fits
4564/spec-4564-55570-0553.fits
4564/spec-4564-55570-0554.fits
4564/spec-4564-55570-0555.fits
4564/spec-4564-55570-0556.fits
4564/spec-4564-55570-0557.fits
4564/spec-4564-55570-0558.fits
4564/spec-4564-55570-0559.fits
4564/spec-4564-55570-0560.fits
4564/spec-4564-55570-0561.fits
4564/spec-4564-55570-0562.fits
4564/spec-4564-55570-0563.fits
4564/spec-4564-55570-0564.fits
4564/spec-4564-55570-0565.fits
4564/spec-4564-55570-0566.fits
4564/spec-4564-55570-0567.fits
4564/spec-4564-55570-0568.fits
4564/spec-4564-55570-0569.fits
4564/spec-4564-55570-0570.fits
4564/spec-4564-55570-0571.fits
4564/spec-4564-55570-0572.fits
4564/spec-4564-55570-0573.fits
4564/spec-4564-55570-0574.fits
4564/spec-4564-55570-0575.fits
4564/spec-4564-55570-0576.fits
4564/spec-4564-55570-0577.fits
4564/spec-4564-55570-0578.fits
4564/spec-4564-55570-0579.fits
4564/spec-4564-55570-0580.fits
4564/spec-4564-55570-0581.fits
4564/spec-4564-55570-0582.fits
4564/spec-4564-55570-0583.fits
4564/spec-4564-55570-0584.fits
4564/spec-4564-55570-0585.fits
4564/spec-4564-55570-0586.fits
4564/spec-4564-55570-0587.fits
4564/spec-4564-55570-0588.fits
4564/spec-4564-55570-0589.fits
4564/spec-4564-55570-0590.fits
4564/spec-4564-55570-0591.fits
4564/spec-4564-55570-0592.fits
4564/spec-4564-55570-0593.fits
4564/spec-4564-55570-0594.fits
4564/spec-4564-55570-0595.fits
4564/spec-4564-55570-0596.fits
4564/spec-4564-55570-0597.fits
4564/spec-4564-55570-0598.fits
4564/spec-4564-55570-0599.fits
4564/spec-4564-55570-0600.fits
4564/spec-4564-55570-0601.fits
4564/spec-4564-55570-0602.fits
4564/spec-4564-55570-0603.fits
4564/spec-4564-55570-0604.fits
4564/spec-4564-55570-0605.fits
4564/spec-4564-55570-0606.fits
4564/spec-4564-55570-0607.fits
4564/spec-4564-55570-0608.fits
4564/spec-4564-55570-0609.fits
4564/spec-4564-55570-0610.fits
4564/spec-4564-55570-0611.fits
4564/spec-4564-55570-0612.fits
4564/spec-4564-55570-0613.fits
4564/spec-4564-55570-0614.fits
4564/spec-4564-55570-0615.fits
4564/spec-4564-55570-0616.fits
4564/spec-4564-55570-0617.fits
4564/spec-4564-55570-0618.fits
4564/spec-4564-55570-0619.fits
4564/spec-4564-55570-0620.fits
4564/spec-4564-55570-0621.fits
4564/spec-4564-55570-0622.fits
4564/spec-4564-55570-0623.fits
4564/spec-4564-55570-0624.fits
4564/spec-4564-55570-0625.fits
4564/spec-4564-55570-0626.fits
4564/spec-4564-55570-0627.fits
4564/spec-4564-55570-0628.fits
4564/spec-4564-55570-0629.fits
4564/spec-4564-55570-0630.fits
4564/spec-4564-55570-0631.fits
4564/spec-4564-55570-0632.fits
4564/spec-4564-55570-0633.fits
4564/spec-4564-55570-0634.fits
4564/spec-4564-55570-0635.fits
4564/spec-4564-55570-0636.fits
4564/spec-4564-55570-0637.fits
4564/spec-4564-55570-0638.fits
4564/spec-4564-55570-0639.fits
4564/spec-4564-55570-0640.fits
4564/spec-4564-55570-0641.fits
4564/spec-4564-55570-0642.fits
4564/spec-4564-55570-0643.fits
4564/spec-4564-55570-0644.fits
4564/spec-4564-55570-0645.fits
4564/spec-4564-55570-0646.fits
4564/spec-4564-55570-0647.fits
4564/spec-4564-55570-0648.fits
4564/spec-4564-55570-0649.fits
4564/spec-4564-55570-0650.fits
4564/spec-4564-55570-0651.fits
4564/spec-4564-55570-0652.fits
4564/spec-4564-55570-0653.fits
4564/spec-4564-55570-0654.fits
4564/spec-4564-55570-0655.fits
4564/spec-4564-55570-0656.fits
4564/spec-4564-55570-0657.fits
4564/spec-4564-55570-0658.fits
4564/spec-4564-55570-0659.fits
4564/spec-4564-55570-0660.fits
4564/spec-4564-55570-0661.fits
4564/spec-4564-55570-0662.fits
4564/spec-4564-55570-0663.fits
4564/spec-4564-55570-0664.fits
4564/spec-4564-55570-0665.fits
4564/spec-4564-55570-0666.fits
4564/spec-4564-55570-0667.fits
4564/spec-4564-55570-0668.fits
4564/spec-4564-55570-0669.fits
4564/spec-4564-55570-0670.fits
4564/spec-4564-55570-0671.fits
4564/spec-4564-55570-0672.fits
4564/spec-4564-55570-0673.fits
4564/spec-4564-55570-0674.fits
4564/spec-4564-55570-0675.fits
4564/spec-4564-55570-0676.fits
4564/spec-4564-55570-0677.fits
4564/spec-4564-55570-0678.fits
4564/spec-4564-55570-0679.fits
4564/spec-4564-55570-0680.fits
4564/spec-4564-55570-0681.fits
4564/spec-4564-55570-0682.fits
4564/spec-4564-55570-0683.fits
4564/spec-4564-55570-0684.fits
4564/spec-4564-55570-0685.fits
4564/spec-4564-55570-0686.fits
4564/spec-4564-55570-0687.fits
4564/spec-4564-55570-0688.fits
4564/spec-4564-55570-0689.fits
4564/spec-4564-55570-0690.fits
4564/spec-4564-55570-0691.fits
4564/spec-4564-55570-0692.fits
4564/spec-4564-55570-0693.fits
4564/spec-4564-55570-0694.fits
4564/spec-4564-55570-0695.fits
4564/spec-4564-55570-0696.fits
4564/spec-4564-55570-0697.fits
4564/spec-4564-55570-0698.fits
4564/spec-4564-55570-0699.fits
4564/spec-4564-55570-0700.fits
4564/spec-4564-55570-0701.fits
4564/spec-4564-55570-0702.fits
4564/spec-4564-55570-0703.fits
4564/spec-4564-55570-0704.fits
4564/spec-4564-55570-0705.fits
4564/spec-4564-55570-0706.fits
4564/spec-4564-55570-0707.fits
4564/spec-4564-55570-0708.fits
4564/spec-4564-55570-0709.fits
4564/spec-4564-55570-0710.fits
4564/spec-4564-55570-0711.fits
4564/spec-4564-55570-0712.fits
4564/spec-4564-55570-0713.fits
4564/spec-4564-55570-0714.fits
4564/spec-4564-55570-0715.fits
4564/spec-4564-55570-0716.fits
4564/spec-4564-55570-0717.fits
4564/spec-4564-55570-0718.fits
4564/spec-4564-55570-0719.fits
4564/spec-4564-55570-0720.fits
4564/spec-4564-55570-0721.fits
4564/spec-4564-55570-0722.fits
4564/spec-4564-55570-0723.fits
4564/spec-4564-55570-0724.fits
4564/spec-4564-55570-0725.fits
4564/spec-4564-55570-0726.fits
4564/spec-4564-55570-0727.fits
4564/spec-4564-55570-0728.fits
4564/spec-4564-55570-0729.fits
4564/spec-4564-55570-0730.fits
4564/spec-4564-55570-0731.fits
4564/spec-4564-55570-0732.fits
4564/spec-4564-55570-0733.fits
4564/spec-4564-55570-0734.fits
4564/spec-4564-55570-0735.fits
4564/spec-4564-55570-0736.fits
4564/spec-4564-55570-0737.fits
4564/spec-4564-55570-0738.fits
4564/spec-4564-55570-0739.fits
4564/spec-4564-55570-0740.fits
4564/spec-4564-55570-0741.fits
4564/spec-4564-55570-0742.fits
4564/spec-4564-55570-0743.fits
4564/spec-4564-55570-0744.fits
4564/spec-4564-55570-0745.fits
4564/spec-4564-55570-0746.fits
4564/spec-4564-55570-0747.fits
4564/spec-4564-55570-0748.fits
4564/spec-4564-55570-0749.fits
4564/spec-4564-55570-0750.fits
4564/spec-4564-55570-0751.fits
4564/spec-4564-55570-0752.fits
4564/spec-4564-55570-0753.fits
4564/spec-4564-55570-0754.fits
4564/spec-4564-55570-0755.fits
4564/spec-4564-55570-0756.fits
4564/spec-4564-55570-0757.fits
4564/spec-4564-55570-0758.fits
4564/spec-4564-55570-0759.fits
4564/spec-4564-55570-0760.fits
4564/spec-4564-55570-0761.fits
4564/spec-4564-55570-0762.fits
4564/spec-4564-55570-0763.fits
4564/spec-4564-55570-0764.fits
4564/spec-4564-55570-0765.fits
4564/spec-4564-55570-0766.fits
4564/spec-4564-55570-0767.fits
4564/spec-4564-55570-0768.fits
4564/spec-4564-55570-0769.fits
4564/spec-4564-55570-0770.fits
4564/spec-4564-55570-0771.fits
4564/spec-4564-55570-0772.fits
4564/spec-4564-55570-0773.fits
4564/spec-4564-55570-0774.fits
4564/spec-4564-55570-0775.fits
4564/spec-4564-55570-0776.fits
4564/spec-4564-55570-0777.fits
4564/spec-4564-55570-0778.fits
4564/spec-4564-55570-0779.fits
4564/spec-4564-55570-0780.fits
4564/spec-4564-55570-0781.fits
4564/spec-4564-55570-0782.fits
4564/spec-4564-55570-0783.fits
4564/spec-4564-55570-0784.fits
4564/spec-4564-55570-0785.fits
4564/spec-4564-55570-0786.fits
4564/spec-4564-55570-0787.fits
4564/spec-4564-55570-0788.fits
4564/spec-4564-55570-0789.fits
4564/spec-4564-55570-0790.fits
4564/spec-4564-55570-0791.fits
4564/spec-4564-55570-0792.fits
4564/spec-4564-55570-0793.fits
4564/spec-4564-55570-0794.fits
4564/spec-4564-55570-0795.fits
4564/spec-4564-55570-0796.fits
4564/spec-4564-55570-0797.fits
4564/spec-4564-55570-0798.fits
4564/spec-4564-55570-0799.fits
4564/spec-4564-55570-0800.fits
4564/spec-4564-55570-0801.fits
4564/spec-4564-55570-0802.fits
4564/spec-4564-55570-0803.fits
4564/spec-4564-55570-0804.fits
4564/spec-4564-55570-0805.fits
4564/spec-4564-55570-0806.fits
4564/spec-4564-55570-0807.fits
4564/spec-4564-55570-0808.fits
4564/spec-4564-55570-0809.fits
4564/spec-4564-55570-0810.fits
4564/spec-4564-55570-0811.fits
4564/spec-4564-55570-0812.fits
4564/spec-4564-55570-0813.fits
4564/spec-4564-55570-0814.fits
4564/spec-4564-55570-0815.fits
4564/spec-4564-55570-0816.fits
4564/spec-4564-55570-0817.fits
4564/spec-4564-55570-0818.fits
4564/spec-4564-55570-0819.fits
4564/spec-4564-55570-0820.fits
4564/spec-4564-55570-0821.fits
4564/spec-4564-55570-0822.fits
4564/spec-4564-55570-0823.fits
4564/spec-4564-55570-0824.fits
4564/spec-4564-55570-0825.fits
4564/spec-4564-55570-0826.fits
4564/spec-4564-55570-0827.fits
4564/spec-4564-55570-0828.fits
4564/spec-4564-55570-0829.fits
4564/spec-4564-55570-0830.fits
4564/spec-4564-55570-0831.fits
4564/spec-4564-55570-0832.fits
4564/spec-4564-55570-0833.fits
4564/spec-4564-55570-0834.fits
4564/spec-4564-55570-0835.fits
4564/spec-4564-55570-0836.fits
4564/spec-4564-55570-0837.fits
4564/spec-4564-55570-0838.fits
4564/spec-4564-55570-0839.fits
4564/spec-4564-55570-0840.fits
4564/spec-4564-55570-0841.fits
4564/spec-4564-55570-0842.fits
4564/spec-4564-55570-0843.fits
4564/spec-4564-55570-0844.fits
4564/spec-4564-55570-0845.fits
4564/spec-4564-55570-0846.fits
4564/spec-4564-55570-0847.fits
4564/spec-4564-55570-0848.fits
4564/spec-4564-55570-0849.fits
4564/spec-4564-55570-0850.fits
4564/spec-4564-55570-0851.fits
4564/spec-4564-55570-0852.fits
4564/spec-4564-55570-0853.fits
4564/spec-4564-55570-0854.fits
4564/spec-4564-55570-0855.fits
4564/spec-4564-55570-0856.fits
4564/spec-4564-55570-0857.fits
4564/spec-4564-55570-0858.fits
4564/spec-4564-55570-0859.fits
4564/spec-4564-55570-0860.fits
4564/spec-4564-55570-0861.fits
4564/spec-4564-55570-0862.fits
4564/spec-4564-55570-0863.fits
4564/spec-4564-55570-0864.fits
4564/spec-4564-55570-0865.fits
4564/spec-4564-55570-0866.fits
4564/spec-4564-55570-0867.fits
4564/spec-4564-55570-0868.fits
4564/spec-4564-55570-0869.fits
4564/spec-4564-55570-0870.fits
4564/spec-4564-55570-0871.fits
4564/spec-4564-55570-0872.fits
4564/spec-4564-55570-0873.fits
4564/spec-4564-55570-0874.fits
4564/spec-4564-55570-0875.fits
4564/spec-4564-55570-0876.fits
4564/spec-4564-55570-0877.fits
4564/spec-4564-55570-0878.fits
4564/spec-4564-55570-0879.fits
4564/spec-4564-55570-0880.fits
4564/spec-4564-55570-0881.fits
4564/spec-4564-55570-0882.fits
4564/spec-4564-55570-0883.fits
4564/spec-4564-55570-0884.fits
4564/spec-4564-55570-0885.fits
4564/spec-4564-55570-0886.fits
4564/spec-4564-55570-0887.fits
4564/spec-4564-55570-0888.fits
4564/spec-4564-55570-0889.fits
4564/spec-4564-55570-0890.fits
4564/spec-4564-55570-0891.fits
4564/spec-4564-55570-0892.fits
4564/spec-4564-55570-0893.fits
4564/spec-4564-55570-0894.fits
4564/spec-4564-55570-0895.fits
4564/spec-4564-55570-0896.fits
4564/spec-4564-55570-0897.fits
4564/spec-4564-55570-0898.fits
4564/spec-4564-55570-0899.fits
4564/spec-4564-55570-0900.fits
4564/spec-4564-55570-0901.fits
4564/spec-4564-55570-0902.fits
4564/spec-4564-55570-0903.fits
4564/spec-4564-55570-0904.fits
4564/spec-4564-55570-0905.fits
4564/spec-4564-55570-0906.fits
4564/spec-4564-55570-0907.fits
4564/spec-4564-55570-0908.fits
4564/spec-4564-55570-0909.fits
4564/spec-4564-55570-0910.fits
4564/spec-4564-55570-0911.fits
4564/spec-4564-55570-0912.fits
4564/spec-4564-55570-0913.fits
4564/spec-4564-55570-0914.fits
4564/spec-4564-55570-0915.fits
4564/spec-4564-55570-0916.fits
4564/spec-4564-55570-0917.fits
4564/spec-4564-55570-0918.fits
4564/spec-4564-55570-0919.fits
4564/spec-4564-55570-0920.fits
4564/spec-4564-55570-0921.fits
4564/spec-4564-55570-0922.fits
4564/spec-4564-55570-0923.fits
4564/spec-4564-55570-0924.fits
4564/spec-4564-55570-0925.fits
4564/spec-4564-55570-0926.fits
4564/spec-4564-55570-0927.fits
4564/spec-4564-55570-0928.fits
4564/spec-4564-55570-0929.fits
4564/spec-4564-55570-0930.fits
4564/spec-4564-55570-0931.fits
4564/spec-4564-55570-0932.fits
4564/spec-4564-55570-0933.fits
4564/spec-4564-55570-0934.fits
4564/spec-4564-55570-0935.fits
4564/spec-4564-55570-0936.fits
4564/spec-4564-55570-0937.fits
4564/spec-4564-55570-0938.fits
4564/spec-4564-55570-0939.fits
4564/spec-4564-55570-0940.fits
4564/spec-4564-55570-0941.fits
4564/spec-4564-55570-0942.fits
4564/spec-4564-55570-0943.fits
4564/spec-4564-55570-0944.fits
4564/spec-4564-55570-0945.fits
4564/spec-4564-55570-0946.fits
4564/spec-4564-55570-0947.fits
4564/spec-4564-55570-0948.fits
4564/spec-4564-55570-0949.fits
4564/spec-4564-55570-0950.fits
4564/spec-4564-55570-0951.fits
4564/spec-4564-55570-0952.fits
4564/spec-4564-55570-0953.fits
4564/spec-4564-55570-0954.fits
4564/spec-4564-55570-0955.fits
4564/spec-4564-55570-0956.fits
4564/spec-4564-55570-0957.fits
4564/spec-4564-55570-0958.fits
4564/spec-4564-55570-0959.fits
4564/spec-4564-55570-0960.fits
4564/spec-4564-55570-0961.fits
4564/spec-4564-55570-0962.fits
4564/spec-4564-55570-0963.fits
4564/spec-4564-55570-0964.fits
4564/spec-4564-55570-0965.fits
4564/spec-4564-55570-0966.fits
4564/spec-4564-55570-0967.fits
4564/spec-4564-55570-0968.fits
4564/spec-4564-55570-0969.fits
4564/spec-4564-55570-0970.fits
4564/spec-4564-55570-0971.fits
4564/spec-4564-55570-0972.fits
4564/spec-4564-55570-0973.fits
4564/spec-4564-55570-0974.fits
4564/spec-4564-55570-0975.fits
4564/spec-4564-55570-0976.fits
4564/spec-4564-55570-0977.fits
4564/spec-4564-55570-0978.fits
4564/spec-4564-55570-0979.fits
4564/spec-4564-55570-0980.fits
4564/spec-4564-55570-0981.fits
4564/spec-4564-55570-0982.fits
4564/spec-4564-55570-0983.fits
4564/spec-4564-55570-0984.fits
4564/spec-4564-55570-0985.fits
4564/spec-4564-55570-0986.fits
4564/spec-4564-55570-0987.fits
4564/spec-4564-55570-0988.fits
4564/spec-4564-55570-0989.fits
4564/spec-4564-55570-0990.fits
4564/spec-4564-55570-0991.fits
4564/spec-4564-55570-0992.fits
4564/spec-4564-55570-0993.fits
4564/spec-4564-55570-0994.fits
4564/spec-4564-55570-0995.fits
4564/spec-4564-55570-0996.fits
4564/spec-4564-55570-0997.fits
4564/spec-4564-55570-0998.fits
4564/spec-4564-55570-0999.fits
4564/spec-4564-55570-1000.fits
/var/lib/condor/execute/slot1/dir_28795
4564 4564.tgz R R361.tar.gz _condor_stderr _condor_stdout cB58_Lyman_break.fit condor_exec.exe hw4.R packages packages.tar.gz tmp var
[1] "Loaded package astro."
[1] 1000
4564 4564.csv 4564.tgz R R361.tar.gz _condor_stderr _condor_stdout cB58_Lyman_break.fit condor_exec.exe hw4.R packages packages.tar.gz tmp var
