3768
3768/
3768/spec-3768-55564-0001.fits
3768/spec-3768-55564-0002.fits
3768/spec-3768-55564-0003.fits
3768/spec-3768-55564-0004.fits
3768/spec-3768-55564-0005.fits
3768/spec-3768-55564-0006.fits
3768/spec-3768-55564-0007.fits
3768/spec-3768-55564-0008.fits
3768/spec-3768-55564-0009.fits
3768/spec-3768-55564-0010.fits
3768/spec-3768-55564-0011.fits
3768/spec-3768-55564-0012.fits
3768/spec-3768-55564-0013.fits
3768/spec-3768-55564-0014.fits
3768/spec-3768-55564-0015.fits
3768/spec-3768-55564-0016.fits
3768/spec-3768-55564-0017.fits
3768/spec-3768-55564-0018.fits
3768/spec-3768-55564-0019.fits
3768/spec-3768-55564-0020.fits
3768/spec-3768-55564-0021.fits
3768/spec-3768-55564-0022.fits
3768/spec-3768-55564-0023.fits
3768/spec-3768-55564-0024.fits
3768/spec-3768-55564-0025.fits
3768/spec-3768-55564-0026.fits
3768/spec-3768-55564-0027.fits
3768/spec-3768-55564-0028.fits
3768/spec-3768-55564-0029.fits
3768/spec-3768-55564-0030.fits
3768/spec-3768-55564-0031.fits
3768/spec-3768-55564-0032.fits
3768/spec-3768-55564-0033.fits
3768/spec-3768-55564-0034.fits
3768/spec-3768-55564-0035.fits
3768/spec-3768-55564-0036.fits
3768/spec-3768-55564-0037.fits
3768/spec-3768-55564-0038.fits
3768/spec-3768-55564-0039.fits
3768/spec-3768-55564-0040.fits
3768/spec-3768-55564-0041.fits
3768/spec-3768-55564-0042.fits
3768/spec-3768-55564-0043.fits
3768/spec-3768-55564-0044.fits
3768/spec-3768-55564-0045.fits
3768/spec-3768-55564-0046.fits
3768/spec-3768-55564-0047.fits
3768/spec-3768-55564-0048.fits
3768/spec-3768-55564-0049.fits
3768/spec-3768-55564-0050.fits
3768/spec-3768-55564-0051.fits
3768/spec-3768-55564-0052.fits
3768/spec-3768-55564-0053.fits
3768/spec-3768-55564-0054.fits
3768/spec-3768-55564-0055.fits
3768/spec-3768-55564-0056.fits
3768/spec-3768-55564-0057.fits
3768/spec-3768-55564-0058.fits
3768/spec-3768-55564-0059.fits
3768/spec-3768-55564-0060.fits
3768/spec-3768-55564-0061.fits
3768/spec-3768-55564-0062.fits
3768/spec-3768-55564-0063.fits
3768/spec-3768-55564-0064.fits
3768/spec-3768-55564-0065.fits
3768/spec-3768-55564-0066.fits
3768/spec-3768-55564-0067.fits
3768/spec-3768-55564-0068.fits
3768/spec-3768-55564-0069.fits
3768/spec-3768-55564-0070.fits
3768/spec-3768-55564-0071.fits
3768/spec-3768-55564-0072.fits
3768/spec-3768-55564-0073.fits
3768/spec-3768-55564-0074.fits
3768/spec-3768-55564-0075.fits
3768/spec-3768-55564-0076.fits
3768/spec-3768-55564-0077.fits
3768/spec-3768-55564-0078.fits
3768/spec-3768-55564-0079.fits
3768/spec-3768-55564-0080.fits
3768/spec-3768-55564-0081.fits
3768/spec-3768-55564-0082.fits
3768/spec-3768-55564-0083.fits
3768/spec-3768-55564-0084.fits
3768/spec-3768-55564-0085.fits
3768/spec-3768-55564-0086.fits
3768/spec-3768-55564-0087.fits
3768/spec-3768-55564-0088.fits
3768/spec-3768-55564-0089.fits
3768/spec-3768-55564-0090.fits
3768/spec-3768-55564-0091.fits
3768/spec-3768-55564-0092.fits
3768/spec-3768-55564-0093.fits
3768/spec-3768-55564-0094.fits
3768/spec-3768-55564-0095.fits
3768/spec-3768-55564-0096.fits
3768/spec-3768-55564-0097.fits
3768/spec-3768-55564-0098.fits
3768/spec-3768-55564-0099.fits
3768/spec-3768-55564-0100.fits
3768/spec-3768-55564-0101.fits
3768/spec-3768-55564-0102.fits
3768/spec-3768-55564-0103.fits
3768/spec-3768-55564-0104.fits
3768/spec-3768-55564-0105.fits
3768/spec-3768-55564-0106.fits
3768/spec-3768-55564-0107.fits
3768/spec-3768-55564-0108.fits
3768/spec-3768-55564-0109.fits
3768/spec-3768-55564-0110.fits
3768/spec-3768-55564-0111.fits
3768/spec-3768-55564-0112.fits
3768/spec-3768-55564-0113.fits
3768/spec-3768-55564-0114.fits
3768/spec-3768-55564-0115.fits
3768/spec-3768-55564-0116.fits
3768/spec-3768-55564-0117.fits
3768/spec-3768-55564-0118.fits
3768/spec-3768-55564-0119.fits
3768/spec-3768-55564-0120.fits
3768/spec-3768-55564-0121.fits
3768/spec-3768-55564-0122.fits
3768/spec-3768-55564-0123.fits
3768/spec-3768-55564-0124.fits
3768/spec-3768-55564-0125.fits
3768/spec-3768-55564-0126.fits
3768/spec-3768-55564-0127.fits
3768/spec-3768-55564-0128.fits
3768/spec-3768-55564-0129.fits
3768/spec-3768-55564-0130.fits
3768/spec-3768-55564-0131.fits
3768/spec-3768-55564-0132.fits
3768/spec-3768-55564-0133.fits
3768/spec-3768-55564-0134.fits
3768/spec-3768-55564-0135.fits
3768/spec-3768-55564-0136.fits
3768/spec-3768-55564-0137.fits
3768/spec-3768-55564-0138.fits
3768/spec-3768-55564-0139.fits
3768/spec-3768-55564-0140.fits
3768/spec-3768-55564-0141.fits
3768/spec-3768-55564-0142.fits
3768/spec-3768-55564-0143.fits
3768/spec-3768-55564-0144.fits
3768/spec-3768-55564-0145.fits
3768/spec-3768-55564-0146.fits
3768/spec-3768-55564-0147.fits
3768/spec-3768-55564-0148.fits
3768/spec-3768-55564-0149.fits
3768/spec-3768-55564-0150.fits
3768/spec-3768-55564-0151.fits
3768/spec-3768-55564-0152.fits
3768/spec-3768-55564-0153.fits
3768/spec-3768-55564-0154.fits
3768/spec-3768-55564-0155.fits
3768/spec-3768-55564-0156.fits
3768/spec-3768-55564-0157.fits
3768/spec-3768-55564-0158.fits
3768/spec-3768-55564-0159.fits
3768/spec-3768-55564-0160.fits
3768/spec-3768-55564-0161.fits
3768/spec-3768-55564-0162.fits
3768/spec-3768-55564-0163.fits
3768/spec-3768-55564-0164.fits
3768/spec-3768-55564-0165.fits
3768/spec-3768-55564-0166.fits
3768/spec-3768-55564-0167.fits
3768/spec-3768-55564-0168.fits
3768/spec-3768-55564-0169.fits
3768/spec-3768-55564-0170.fits
3768/spec-3768-55564-0171.fits
3768/spec-3768-55564-0172.fits
3768/spec-3768-55564-0173.fits
3768/spec-3768-55564-0174.fits
3768/spec-3768-55564-0175.fits
3768/spec-3768-55564-0176.fits
3768/spec-3768-55564-0177.fits
3768/spec-3768-55564-0178.fits
3768/spec-3768-55564-0179.fits
3768/spec-3768-55564-0180.fits
3768/spec-3768-55564-0181.fits
3768/spec-3768-55564-0182.fits
3768/spec-3768-55564-0183.fits
3768/spec-3768-55564-0184.fits
3768/spec-3768-55564-0185.fits
3768/spec-3768-55564-0186.fits
3768/spec-3768-55564-0187.fits
3768/spec-3768-55564-0188.fits
3768/spec-3768-55564-0189.fits
3768/spec-3768-55564-0190.fits
3768/spec-3768-55564-0191.fits
3768/spec-3768-55564-0192.fits
3768/spec-3768-55564-0193.fits
3768/spec-3768-55564-0194.fits
3768/spec-3768-55564-0195.fits
3768/spec-3768-55564-0196.fits
3768/spec-3768-55564-0197.fits
3768/spec-3768-55564-0198.fits
3768/spec-3768-55564-0199.fits
3768/spec-3768-55564-0200.fits
3768/spec-3768-55564-0201.fits
3768/spec-3768-55564-0202.fits
3768/spec-3768-55564-0203.fits
3768/spec-3768-55564-0204.fits
3768/spec-3768-55564-0205.fits
3768/spec-3768-55564-0206.fits
3768/spec-3768-55564-0207.fits
3768/spec-3768-55564-0208.fits
3768/spec-3768-55564-0209.fits
3768/spec-3768-55564-0210.fits
3768/spec-3768-55564-0211.fits
3768/spec-3768-55564-0212.fits
3768/spec-3768-55564-0213.fits
3768/spec-3768-55564-0214.fits
3768/spec-3768-55564-0215.fits
3768/spec-3768-55564-0216.fits
3768/spec-3768-55564-0217.fits
3768/spec-3768-55564-0218.fits
3768/spec-3768-55564-0219.fits
3768/spec-3768-55564-0220.fits
3768/spec-3768-55564-0221.fits
3768/spec-3768-55564-0222.fits
3768/spec-3768-55564-0223.fits
3768/spec-3768-55564-0224.fits
3768/spec-3768-55564-0225.fits
3768/spec-3768-55564-0226.fits
3768/spec-3768-55564-0227.fits
3768/spec-3768-55564-0228.fits
3768/spec-3768-55564-0229.fits
3768/spec-3768-55564-0230.fits
3768/spec-3768-55564-0231.fits
3768/spec-3768-55564-0232.fits
3768/spec-3768-55564-0233.fits
3768/spec-3768-55564-0234.fits
3768/spec-3768-55564-0235.fits
3768/spec-3768-55564-0236.fits
3768/spec-3768-55564-0237.fits
3768/spec-3768-55564-0238.fits
3768/spec-3768-55564-0239.fits
3768/spec-3768-55564-0240.fits
3768/spec-3768-55564-0241.fits
3768/spec-3768-55564-0242.fits
3768/spec-3768-55564-0243.fits
3768/spec-3768-55564-0244.fits
3768/spec-3768-55564-0245.fits
3768/spec-3768-55564-0246.fits
3768/spec-3768-55564-0247.fits
3768/spec-3768-55564-0248.fits
3768/spec-3768-55564-0249.fits
3768/spec-3768-55564-0250.fits
3768/spec-3768-55564-0251.fits
3768/spec-3768-55564-0252.fits
3768/spec-3768-55564-0253.fits
3768/spec-3768-55564-0254.fits
3768/spec-3768-55564-0255.fits
3768/spec-3768-55564-0256.fits
3768/spec-3768-55564-0257.fits
3768/spec-3768-55564-0258.fits
3768/spec-3768-55564-0259.fits
3768/spec-3768-55564-0260.fits
3768/spec-3768-55564-0261.fits
3768/spec-3768-55564-0262.fits
3768/spec-3768-55564-0263.fits
3768/spec-3768-55564-0264.fits
3768/spec-3768-55564-0265.fits
3768/spec-3768-55564-0266.fits
3768/spec-3768-55564-0267.fits
3768/spec-3768-55564-0268.fits
3768/spec-3768-55564-0269.fits
3768/spec-3768-55564-0270.fits
3768/spec-3768-55564-0271.fits
3768/spec-3768-55564-0272.fits
3768/spec-3768-55564-0273.fits
3768/spec-3768-55564-0274.fits
3768/spec-3768-55564-0275.fits
3768/spec-3768-55564-0276.fits
3768/spec-3768-55564-0277.fits
3768/spec-3768-55564-0278.fits
3768/spec-3768-55564-0279.fits
3768/spec-3768-55564-0280.fits
3768/spec-3768-55564-0281.fits
3768/spec-3768-55564-0282.fits
3768/spec-3768-55564-0283.fits
3768/spec-3768-55564-0284.fits
3768/spec-3768-55564-0285.fits
3768/spec-3768-55564-0286.fits
3768/spec-3768-55564-0287.fits
3768/spec-3768-55564-0288.fits
3768/spec-3768-55564-0289.fits
3768/spec-3768-55564-0290.fits
3768/spec-3768-55564-0291.fits
3768/spec-3768-55564-0292.fits
3768/spec-3768-55564-0293.fits
3768/spec-3768-55564-0294.fits
3768/spec-3768-55564-0295.fits
3768/spec-3768-55564-0296.fits
3768/spec-3768-55564-0297.fits
3768/spec-3768-55564-0298.fits
3768/spec-3768-55564-0299.fits
3768/spec-3768-55564-0300.fits
3768/spec-3768-55564-0301.fits
3768/spec-3768-55564-0302.fits
3768/spec-3768-55564-0303.fits
3768/spec-3768-55564-0304.fits
3768/spec-3768-55564-0305.fits
3768/spec-3768-55564-0306.fits
3768/spec-3768-55564-0307.fits
3768/spec-3768-55564-0308.fits
3768/spec-3768-55564-0309.fits
3768/spec-3768-55564-0310.fits
3768/spec-3768-55564-0311.fits
3768/spec-3768-55564-0312.fits
3768/spec-3768-55564-0313.fits
3768/spec-3768-55564-0314.fits
3768/spec-3768-55564-0315.fits
3768/spec-3768-55564-0316.fits
3768/spec-3768-55564-0317.fits
3768/spec-3768-55564-0318.fits
3768/spec-3768-55564-0319.fits
3768/spec-3768-55564-0320.fits
3768/spec-3768-55564-0321.fits
3768/spec-3768-55564-0322.fits
3768/spec-3768-55564-0323.fits
3768/spec-3768-55564-0324.fits
3768/spec-3768-55564-0325.fits
3768/spec-3768-55564-0326.fits
3768/spec-3768-55564-0327.fits
3768/spec-3768-55564-0328.fits
3768/spec-3768-55564-0329.fits
3768/spec-3768-55564-0330.fits
3768/spec-3768-55564-0331.fits
3768/spec-3768-55564-0332.fits
3768/spec-3768-55564-0333.fits
3768/spec-3768-55564-0334.fits
3768/spec-3768-55564-0335.fits
3768/spec-3768-55564-0336.fits
3768/spec-3768-55564-0337.fits
3768/spec-3768-55564-0338.fits
3768/spec-3768-55564-0339.fits
3768/spec-3768-55564-0340.fits
3768/spec-3768-55564-0341.fits
3768/spec-3768-55564-0342.fits
3768/spec-3768-55564-0343.fits
3768/spec-3768-55564-0344.fits
3768/spec-3768-55564-0345.fits
3768/spec-3768-55564-0346.fits
3768/spec-3768-55564-0347.fits
3768/spec-3768-55564-0348.fits
3768/spec-3768-55564-0349.fits
3768/spec-3768-55564-0350.fits
3768/spec-3768-55564-0351.fits
3768/spec-3768-55564-0352.fits
3768/spec-3768-55564-0353.fits
3768/spec-3768-55564-0354.fits
3768/spec-3768-55564-0355.fits
3768/spec-3768-55564-0356.fits
3768/spec-3768-55564-0357.fits
3768/spec-3768-55564-0358.fits
3768/spec-3768-55564-0359.fits
3768/spec-3768-55564-0360.fits
3768/spec-3768-55564-0361.fits
3768/spec-3768-55564-0362.fits
3768/spec-3768-55564-0363.fits
3768/spec-3768-55564-0364.fits
3768/spec-3768-55564-0365.fits
3768/spec-3768-55564-0366.fits
3768/spec-3768-55564-0367.fits
3768/spec-3768-55564-0368.fits
3768/spec-3768-55564-0369.fits
3768/spec-3768-55564-0370.fits
3768/spec-3768-55564-0371.fits
3768/spec-3768-55564-0372.fits
3768/spec-3768-55564-0373.fits
3768/spec-3768-55564-0374.fits
3768/spec-3768-55564-0375.fits
3768/spec-3768-55564-0376.fits
3768/spec-3768-55564-0377.fits
3768/spec-3768-55564-0378.fits
3768/spec-3768-55564-0379.fits
3768/spec-3768-55564-0380.fits
3768/spec-3768-55564-0381.fits
3768/spec-3768-55564-0382.fits
3768/spec-3768-55564-0383.fits
3768/spec-3768-55564-0384.fits
3768/spec-3768-55564-0385.fits
3768/spec-3768-55564-0386.fits
3768/spec-3768-55564-0387.fits
3768/spec-3768-55564-0388.fits
3768/spec-3768-55564-0389.fits
3768/spec-3768-55564-0390.fits
3768/spec-3768-55564-0391.fits
3768/spec-3768-55564-0392.fits
3768/spec-3768-55564-0393.fits
3768/spec-3768-55564-0394.fits
3768/spec-3768-55564-0395.fits
3768/spec-3768-55564-0396.fits
3768/spec-3768-55564-0397.fits
3768/spec-3768-55564-0398.fits
3768/spec-3768-55564-0399.fits
3768/spec-3768-55564-0400.fits
3768/spec-3768-55564-0401.fits
3768/spec-3768-55564-0402.fits
3768/spec-3768-55564-0403.fits
3768/spec-3768-55564-0404.fits
3768/spec-3768-55564-0405.fits
3768/spec-3768-55564-0406.fits
3768/spec-3768-55564-0407.fits
3768/spec-3768-55564-0408.fits
3768/spec-3768-55564-0409.fits
3768/spec-3768-55564-0410.fits
3768/spec-3768-55564-0411.fits
3768/spec-3768-55564-0412.fits
3768/spec-3768-55564-0413.fits
3768/spec-3768-55564-0414.fits
3768/spec-3768-55564-0415.fits
3768/spec-3768-55564-0416.fits
3768/spec-3768-55564-0417.fits
3768/spec-3768-55564-0418.fits
3768/spec-3768-55564-0419.fits
3768/spec-3768-55564-0420.fits
3768/spec-3768-55564-0421.fits
3768/spec-3768-55564-0422.fits
3768/spec-3768-55564-0423.fits
3768/spec-3768-55564-0424.fits
3768/spec-3768-55564-0425.fits
3768/spec-3768-55564-0426.fits
3768/spec-3768-55564-0427.fits
3768/spec-3768-55564-0428.fits
3768/spec-3768-55564-0429.fits
3768/spec-3768-55564-0430.fits
3768/spec-3768-55564-0431.fits
3768/spec-3768-55564-0432.fits
3768/spec-3768-55564-0433.fits
3768/spec-3768-55564-0434.fits
3768/spec-3768-55564-0435.fits
3768/spec-3768-55564-0436.fits
3768/spec-3768-55564-0437.fits
3768/spec-3768-55564-0438.fits
3768/spec-3768-55564-0439.fits
3768/spec-3768-55564-0440.fits
3768/spec-3768-55564-0441.fits
3768/spec-3768-55564-0442.fits
3768/spec-3768-55564-0443.fits
3768/spec-3768-55564-0444.fits
3768/spec-3768-55564-0445.fits
3768/spec-3768-55564-0446.fits
3768/spec-3768-55564-0447.fits
3768/spec-3768-55564-0448.fits
3768/spec-3768-55564-0449.fits
3768/spec-3768-55564-0450.fits
3768/spec-3768-55564-0451.fits
3768/spec-3768-55564-0452.fits
3768/spec-3768-55564-0453.fits
3768/spec-3768-55564-0454.fits
3768/spec-3768-55564-0455.fits
3768/spec-3768-55564-0456.fits
3768/spec-3768-55564-0457.fits
3768/spec-3768-55564-0458.fits
3768/spec-3768-55564-0459.fits
3768/spec-3768-55564-0460.fits
3768/spec-3768-55564-0461.fits
3768/spec-3768-55564-0462.fits
3768/spec-3768-55564-0463.fits
3768/spec-3768-55564-0464.fits
3768/spec-3768-55564-0465.fits
3768/spec-3768-55564-0466.fits
3768/spec-3768-55564-0467.fits
3768/spec-3768-55564-0468.fits
3768/spec-3768-55564-0469.fits
3768/spec-3768-55564-0470.fits
3768/spec-3768-55564-0471.fits
3768/spec-3768-55564-0472.fits
3768/spec-3768-55564-0473.fits
3768/spec-3768-55564-0474.fits
3768/spec-3768-55564-0475.fits
3768/spec-3768-55564-0476.fits
3768/spec-3768-55564-0477.fits
3768/spec-3768-55564-0478.fits
3768/spec-3768-55564-0479.fits
3768/spec-3768-55564-0480.fits
3768/spec-3768-55564-0481.fits
3768/spec-3768-55564-0482.fits
3768/spec-3768-55564-0483.fits
3768/spec-3768-55564-0484.fits
3768/spec-3768-55564-0485.fits
3768/spec-3768-55564-0486.fits
3768/spec-3768-55564-0487.fits
3768/spec-3768-55564-0488.fits
3768/spec-3768-55564-0489.fits
3768/spec-3768-55564-0490.fits
3768/spec-3768-55564-0491.fits
3768/spec-3768-55564-0492.fits
3768/spec-3768-55564-0493.fits
3768/spec-3768-55564-0494.fits
3768/spec-3768-55564-0495.fits
3768/spec-3768-55564-0496.fits
3768/spec-3768-55564-0497.fits
3768/spec-3768-55564-0498.fits
3768/spec-3768-55564-0499.fits
3768/spec-3768-55564-0500.fits
3768/spec-3768-55564-0501.fits
3768/spec-3768-55564-0502.fits
3768/spec-3768-55564-0503.fits
3768/spec-3768-55564-0504.fits
3768/spec-3768-55564-0505.fits
3768/spec-3768-55564-0506.fits
3768/spec-3768-55564-0507.fits
3768/spec-3768-55564-0508.fits
3768/spec-3768-55564-0509.fits
3768/spec-3768-55564-0510.fits
3768/spec-3768-55564-0511.fits
3768/spec-3768-55564-0512.fits
3768/spec-3768-55564-0513.fits
3768/spec-3768-55564-0514.fits
3768/spec-3768-55564-0515.fits
3768/spec-3768-55564-0516.fits
3768/spec-3768-55564-0517.fits
3768/spec-3768-55564-0518.fits
3768/spec-3768-55564-0519.fits
3768/spec-3768-55564-0520.fits
3768/spec-3768-55564-0521.fits
3768/spec-3768-55564-0522.fits
3768/spec-3768-55564-0523.fits
3768/spec-3768-55564-0524.fits
3768/spec-3768-55564-0525.fits
3768/spec-3768-55564-0526.fits
3768/spec-3768-55564-0527.fits
3768/spec-3768-55564-0528.fits
3768/spec-3768-55564-0529.fits
3768/spec-3768-55564-0530.fits
3768/spec-3768-55564-0531.fits
3768/spec-3768-55564-0532.fits
3768/spec-3768-55564-0533.fits
3768/spec-3768-55564-0534.fits
3768/spec-3768-55564-0535.fits
3768/spec-3768-55564-0536.fits
3768/spec-3768-55564-0537.fits
3768/spec-3768-55564-0538.fits
3768/spec-3768-55564-0539.fits
3768/spec-3768-55564-0540.fits
3768/spec-3768-55564-0541.fits
3768/spec-3768-55564-0542.fits
3768/spec-3768-55564-0543.fits
3768/spec-3768-55564-0544.fits
3768/spec-3768-55564-0545.fits
3768/spec-3768-55564-0546.fits
3768/spec-3768-55564-0547.fits
3768/spec-3768-55564-0548.fits
3768/spec-3768-55564-0549.fits
3768/spec-3768-55564-0550.fits
3768/spec-3768-55564-0551.fits
3768/spec-3768-55564-0552.fits
3768/spec-3768-55564-0553.fits
3768/spec-3768-55564-0554.fits
3768/spec-3768-55564-0555.fits
3768/spec-3768-55564-0556.fits
3768/spec-3768-55564-0557.fits
3768/spec-3768-55564-0558.fits
3768/spec-3768-55564-0559.fits
3768/spec-3768-55564-0560.fits
3768/spec-3768-55564-0561.fits
3768/spec-3768-55564-0562.fits
3768/spec-3768-55564-0563.fits
3768/spec-3768-55564-0564.fits
3768/spec-3768-55564-0565.fits
3768/spec-3768-55564-0566.fits
3768/spec-3768-55564-0567.fits
3768/spec-3768-55564-0568.fits
3768/spec-3768-55564-0569.fits
3768/spec-3768-55564-0570.fits
3768/spec-3768-55564-0571.fits
3768/spec-3768-55564-0572.fits
3768/spec-3768-55564-0573.fits
3768/spec-3768-55564-0574.fits
3768/spec-3768-55564-0575.fits
3768/spec-3768-55564-0576.fits
3768/spec-3768-55564-0577.fits
3768/spec-3768-55564-0578.fits
3768/spec-3768-55564-0579.fits
3768/spec-3768-55564-0580.fits
3768/spec-3768-55564-0581.fits
3768/spec-3768-55564-0582.fits
3768/spec-3768-55564-0583.fits
3768/spec-3768-55564-0584.fits
3768/spec-3768-55564-0585.fits
3768/spec-3768-55564-0586.fits
3768/spec-3768-55564-0587.fits
3768/spec-3768-55564-0588.fits
3768/spec-3768-55564-0589.fits
3768/spec-3768-55564-0590.fits
3768/spec-3768-55564-0591.fits
3768/spec-3768-55564-0592.fits
3768/spec-3768-55564-0593.fits
3768/spec-3768-55564-0594.fits
3768/spec-3768-55564-0595.fits
3768/spec-3768-55564-0596.fits
3768/spec-3768-55564-0597.fits
3768/spec-3768-55564-0598.fits
3768/spec-3768-55564-0599.fits
3768/spec-3768-55564-0600.fits
3768/spec-3768-55564-0601.fits
3768/spec-3768-55564-0602.fits
3768/spec-3768-55564-0603.fits
3768/spec-3768-55564-0604.fits
3768/spec-3768-55564-0605.fits
3768/spec-3768-55564-0606.fits
3768/spec-3768-55564-0607.fits
3768/spec-3768-55564-0608.fits
3768/spec-3768-55564-0609.fits
3768/spec-3768-55564-0610.fits
3768/spec-3768-55564-0611.fits
3768/spec-3768-55564-0612.fits
3768/spec-3768-55564-0613.fits
3768/spec-3768-55564-0614.fits
3768/spec-3768-55564-0615.fits
3768/spec-3768-55564-0616.fits
3768/spec-3768-55564-0617.fits
3768/spec-3768-55564-0618.fits
3768/spec-3768-55564-0619.fits
3768/spec-3768-55564-0620.fits
3768/spec-3768-55564-0621.fits
3768/spec-3768-55564-0622.fits
3768/spec-3768-55564-0623.fits
3768/spec-3768-55564-0624.fits
3768/spec-3768-55564-0625.fits
3768/spec-3768-55564-0626.fits
3768/spec-3768-55564-0627.fits
3768/spec-3768-55564-0628.fits
3768/spec-3768-55564-0629.fits
3768/spec-3768-55564-0630.fits
3768/spec-3768-55564-0631.fits
3768/spec-3768-55564-0632.fits
3768/spec-3768-55564-0633.fits
3768/spec-3768-55564-0634.fits
3768/spec-3768-55564-0635.fits
3768/spec-3768-55564-0636.fits
3768/spec-3768-55564-0637.fits
3768/spec-3768-55564-0638.fits
3768/spec-3768-55564-0639.fits
3768/spec-3768-55564-0640.fits
3768/spec-3768-55564-0641.fits
3768/spec-3768-55564-0642.fits
3768/spec-3768-55564-0643.fits
3768/spec-3768-55564-0644.fits
3768/spec-3768-55564-0645.fits
3768/spec-3768-55564-0646.fits
3768/spec-3768-55564-0647.fits
3768/spec-3768-55564-0648.fits
3768/spec-3768-55564-0649.fits
3768/spec-3768-55564-0650.fits
3768/spec-3768-55564-0651.fits
3768/spec-3768-55564-0652.fits
3768/spec-3768-55564-0653.fits
3768/spec-3768-55564-0654.fits
3768/spec-3768-55564-0655.fits
3768/spec-3768-55564-0656.fits
3768/spec-3768-55564-0657.fits
3768/spec-3768-55564-0658.fits
3768/spec-3768-55564-0659.fits
3768/spec-3768-55564-0660.fits
3768/spec-3768-55564-0661.fits
3768/spec-3768-55564-0662.fits
3768/spec-3768-55564-0663.fits
3768/spec-3768-55564-0664.fits
3768/spec-3768-55564-0665.fits
3768/spec-3768-55564-0666.fits
3768/spec-3768-55564-0667.fits
3768/spec-3768-55564-0668.fits
3768/spec-3768-55564-0669.fits
3768/spec-3768-55564-0670.fits
3768/spec-3768-55564-0671.fits
3768/spec-3768-55564-0672.fits
3768/spec-3768-55564-0673.fits
3768/spec-3768-55564-0674.fits
3768/spec-3768-55564-0675.fits
3768/spec-3768-55564-0676.fits
3768/spec-3768-55564-0677.fits
3768/spec-3768-55564-0678.fits
3768/spec-3768-55564-0679.fits
3768/spec-3768-55564-0680.fits
3768/spec-3768-55564-0681.fits
3768/spec-3768-55564-0682.fits
3768/spec-3768-55564-0683.fits
3768/spec-3768-55564-0684.fits
3768/spec-3768-55564-0685.fits
3768/spec-3768-55564-0686.fits
3768/spec-3768-55564-0687.fits
3768/spec-3768-55564-0688.fits
3768/spec-3768-55564-0689.fits
3768/spec-3768-55564-0690.fits
3768/spec-3768-55564-0691.fits
3768/spec-3768-55564-0692.fits
3768/spec-3768-55564-0693.fits
3768/spec-3768-55564-0694.fits
3768/spec-3768-55564-0695.fits
3768/spec-3768-55564-0696.fits
3768/spec-3768-55564-0697.fits
3768/spec-3768-55564-0698.fits
3768/spec-3768-55564-0699.fits
3768/spec-3768-55564-0700.fits
3768/spec-3768-55564-0701.fits
3768/spec-3768-55564-0702.fits
3768/spec-3768-55564-0703.fits
3768/spec-3768-55564-0704.fits
3768/spec-3768-55564-0705.fits
3768/spec-3768-55564-0706.fits
3768/spec-3768-55564-0707.fits
3768/spec-3768-55564-0708.fits
3768/spec-3768-55564-0709.fits
3768/spec-3768-55564-0710.fits
3768/spec-3768-55564-0711.fits
3768/spec-3768-55564-0712.fits
3768/spec-3768-55564-0713.fits
3768/spec-3768-55564-0714.fits
3768/spec-3768-55564-0715.fits
3768/spec-3768-55564-0716.fits
3768/spec-3768-55564-0717.fits
3768/spec-3768-55564-0718.fits
3768/spec-3768-55564-0719.fits
3768/spec-3768-55564-0720.fits
3768/spec-3768-55564-0721.fits
3768/spec-3768-55564-0722.fits
3768/spec-3768-55564-0723.fits
3768/spec-3768-55564-0724.fits
3768/spec-3768-55564-0725.fits
3768/spec-3768-55564-0726.fits
3768/spec-3768-55564-0727.fits
3768/spec-3768-55564-0728.fits
3768/spec-3768-55564-0729.fits
3768/spec-3768-55564-0730.fits
3768/spec-3768-55564-0731.fits
3768/spec-3768-55564-0732.fits
3768/spec-3768-55564-0733.fits
3768/spec-3768-55564-0734.fits
3768/spec-3768-55564-0735.fits
3768/spec-3768-55564-0736.fits
3768/spec-3768-55564-0737.fits
3768/spec-3768-55564-0738.fits
3768/spec-3768-55564-0739.fits
3768/spec-3768-55564-0740.fits
3768/spec-3768-55564-0741.fits
3768/spec-3768-55564-0742.fits
3768/spec-3768-55564-0743.fits
3768/spec-3768-55564-0744.fits
3768/spec-3768-55564-0745.fits
3768/spec-3768-55564-0746.fits
3768/spec-3768-55564-0747.fits
3768/spec-3768-55564-0748.fits
3768/spec-3768-55564-0749.fits
3768/spec-3768-55564-0750.fits
3768/spec-3768-55564-0751.fits
3768/spec-3768-55564-0752.fits
3768/spec-3768-55564-0753.fits
3768/spec-3768-55564-0754.fits
3768/spec-3768-55564-0755.fits
3768/spec-3768-55564-0756.fits
3768/spec-3768-55564-0757.fits
3768/spec-3768-55564-0758.fits
3768/spec-3768-55564-0759.fits
3768/spec-3768-55564-0760.fits
3768/spec-3768-55564-0761.fits
3768/spec-3768-55564-0762.fits
3768/spec-3768-55564-0763.fits
3768/spec-3768-55564-0764.fits
3768/spec-3768-55564-0765.fits
3768/spec-3768-55564-0766.fits
3768/spec-3768-55564-0767.fits
3768/spec-3768-55564-0768.fits
3768/spec-3768-55564-0769.fits
3768/spec-3768-55564-0770.fits
3768/spec-3768-55564-0771.fits
3768/spec-3768-55564-0772.fits
3768/spec-3768-55564-0773.fits
3768/spec-3768-55564-0774.fits
3768/spec-3768-55564-0775.fits
3768/spec-3768-55564-0776.fits
3768/spec-3768-55564-0777.fits
3768/spec-3768-55564-0778.fits
3768/spec-3768-55564-0779.fits
3768/spec-3768-55564-0780.fits
3768/spec-3768-55564-0781.fits
3768/spec-3768-55564-0782.fits
3768/spec-3768-55564-0783.fits
3768/spec-3768-55564-0784.fits
3768/spec-3768-55564-0785.fits
3768/spec-3768-55564-0786.fits
3768/spec-3768-55564-0787.fits
3768/spec-3768-55564-0788.fits
3768/spec-3768-55564-0789.fits
3768/spec-3768-55564-0790.fits
3768/spec-3768-55564-0791.fits
3768/spec-3768-55564-0792.fits
3768/spec-3768-55564-0793.fits
3768/spec-3768-55564-0794.fits
3768/spec-3768-55564-0795.fits
3768/spec-3768-55564-0796.fits
3768/spec-3768-55564-0797.fits
3768/spec-3768-55564-0798.fits
3768/spec-3768-55564-0799.fits
3768/spec-3768-55564-0800.fits
3768/spec-3768-55564-0801.fits
3768/spec-3768-55564-0802.fits
3768/spec-3768-55564-0803.fits
3768/spec-3768-55564-0804.fits
3768/spec-3768-55564-0805.fits
3768/spec-3768-55564-0806.fits
3768/spec-3768-55564-0807.fits
3768/spec-3768-55564-0808.fits
3768/spec-3768-55564-0809.fits
3768/spec-3768-55564-0810.fits
3768/spec-3768-55564-0811.fits
3768/spec-3768-55564-0812.fits
3768/spec-3768-55564-0813.fits
3768/spec-3768-55564-0814.fits
3768/spec-3768-55564-0815.fits
3768/spec-3768-55564-0816.fits
3768/spec-3768-55564-0817.fits
3768/spec-3768-55564-0818.fits
3768/spec-3768-55564-0819.fits
3768/spec-3768-55564-0820.fits
3768/spec-3768-55564-0821.fits
3768/spec-3768-55564-0822.fits
3768/spec-3768-55564-0823.fits
3768/spec-3768-55564-0824.fits
3768/spec-3768-55564-0825.fits
3768/spec-3768-55564-0826.fits
3768/spec-3768-55564-0827.fits
3768/spec-3768-55564-0828.fits
3768/spec-3768-55564-0829.fits
3768/spec-3768-55564-0830.fits
3768/spec-3768-55564-0831.fits
3768/spec-3768-55564-0832.fits
3768/spec-3768-55564-0833.fits
3768/spec-3768-55564-0834.fits
3768/spec-3768-55564-0835.fits
3768/spec-3768-55564-0836.fits
3768/spec-3768-55564-0837.fits
3768/spec-3768-55564-0838.fits
3768/spec-3768-55564-0839.fits
3768/spec-3768-55564-0840.fits
3768/spec-3768-55564-0841.fits
3768/spec-3768-55564-0842.fits
3768/spec-3768-55564-0843.fits
3768/spec-3768-55564-0844.fits
3768/spec-3768-55564-0845.fits
3768/spec-3768-55564-0846.fits
3768/spec-3768-55564-0847.fits
3768/spec-3768-55564-0848.fits
3768/spec-3768-55564-0849.fits
3768/spec-3768-55564-0850.fits
3768/spec-3768-55564-0851.fits
3768/spec-3768-55564-0852.fits
3768/spec-3768-55564-0853.fits
3768/spec-3768-55564-0854.fits
3768/spec-3768-55564-0855.fits
3768/spec-3768-55564-0856.fits
3768/spec-3768-55564-0857.fits
3768/spec-3768-55564-0858.fits
3768/spec-3768-55564-0859.fits
3768/spec-3768-55564-0860.fits
3768/spec-3768-55564-0861.fits
3768/spec-3768-55564-0862.fits
3768/spec-3768-55564-0863.fits
3768/spec-3768-55564-0864.fits
3768/spec-3768-55564-0865.fits
3768/spec-3768-55564-0866.fits
3768/spec-3768-55564-0867.fits
3768/spec-3768-55564-0868.fits
3768/spec-3768-55564-0869.fits
3768/spec-3768-55564-0870.fits
3768/spec-3768-55564-0871.fits
3768/spec-3768-55564-0872.fits
3768/spec-3768-55564-0873.fits
3768/spec-3768-55564-0874.fits
3768/spec-3768-55564-0875.fits
3768/spec-3768-55564-0876.fits
3768/spec-3768-55564-0877.fits
3768/spec-3768-55564-0878.fits
3768/spec-3768-55564-0879.fits
3768/spec-3768-55564-0880.fits
3768/spec-3768-55564-0881.fits
3768/spec-3768-55564-0882.fits
3768/spec-3768-55564-0883.fits
3768/spec-3768-55564-0884.fits
3768/spec-3768-55564-0885.fits
3768/spec-3768-55564-0886.fits
3768/spec-3768-55564-0887.fits
3768/spec-3768-55564-0888.fits
3768/spec-3768-55564-0889.fits
3768/spec-3768-55564-0890.fits
3768/spec-3768-55564-0891.fits
3768/spec-3768-55564-0892.fits
3768/spec-3768-55564-0893.fits
3768/spec-3768-55564-0894.fits
3768/spec-3768-55564-0895.fits
3768/spec-3768-55564-0896.fits
3768/spec-3768-55564-0897.fits
3768/spec-3768-55564-0898.fits
3768/spec-3768-55564-0899.fits
3768/spec-3768-55564-0900.fits
3768/spec-3768-55564-0901.fits
3768/spec-3768-55564-0902.fits
3768/spec-3768-55564-0903.fits
3768/spec-3768-55564-0904.fits
3768/spec-3768-55564-0905.fits
3768/spec-3768-55564-0906.fits
3768/spec-3768-55564-0907.fits
3768/spec-3768-55564-0908.fits
3768/spec-3768-55564-0909.fits
3768/spec-3768-55564-0910.fits
3768/spec-3768-55564-0911.fits
3768/spec-3768-55564-0912.fits
3768/spec-3768-55564-0913.fits
3768/spec-3768-55564-0914.fits
3768/spec-3768-55564-0915.fits
3768/spec-3768-55564-0916.fits
3768/spec-3768-55564-0917.fits
3768/spec-3768-55564-0918.fits
3768/spec-3768-55564-0919.fits
3768/spec-3768-55564-0920.fits
3768/spec-3768-55564-0921.fits
3768/spec-3768-55564-0922.fits
3768/spec-3768-55564-0923.fits
3768/spec-3768-55564-0924.fits
3768/spec-3768-55564-0925.fits
3768/spec-3768-55564-0926.fits
3768/spec-3768-55564-0927.fits
3768/spec-3768-55564-0928.fits
3768/spec-3768-55564-0929.fits
3768/spec-3768-55564-0930.fits
3768/spec-3768-55564-0931.fits
3768/spec-3768-55564-0932.fits
3768/spec-3768-55564-0933.fits
3768/spec-3768-55564-0934.fits
3768/spec-3768-55564-0935.fits
3768/spec-3768-55564-0936.fits
3768/spec-3768-55564-0937.fits
3768/spec-3768-55564-0938.fits
3768/spec-3768-55564-0939.fits
3768/spec-3768-55564-0940.fits
3768/spec-3768-55564-0941.fits
3768/spec-3768-55564-0942.fits
3768/spec-3768-55564-0943.fits
3768/spec-3768-55564-0944.fits
3768/spec-3768-55564-0945.fits
3768/spec-3768-55564-0946.fits
3768/spec-3768-55564-0947.fits
3768/spec-3768-55564-0948.fits
3768/spec-3768-55564-0949.fits
3768/spec-3768-55564-0950.fits
3768/spec-3768-55564-0951.fits
3768/spec-3768-55564-0952.fits
3768/spec-3768-55564-0953.fits
3768/spec-3768-55564-0954.fits
3768/spec-3768-55564-0955.fits
3768/spec-3768-55564-0956.fits
3768/spec-3768-55564-0957.fits
3768/spec-3768-55564-0958.fits
3768/spec-3768-55564-0959.fits
3768/spec-3768-55564-0960.fits
3768/spec-3768-55564-0961.fits
3768/spec-3768-55564-0962.fits
3768/spec-3768-55564-0963.fits
3768/spec-3768-55564-0964.fits
3768/spec-3768-55564-0965.fits
3768/spec-3768-55564-0966.fits
3768/spec-3768-55564-0967.fits
3768/spec-3768-55564-0968.fits
3768/spec-3768-55564-0969.fits
3768/spec-3768-55564-0970.fits
3768/spec-3768-55564-0971.fits
3768/spec-3768-55564-0972.fits
3768/spec-3768-55564-0973.fits
3768/spec-3768-55564-0974.fits
3768/spec-3768-55564-0975.fits
3768/spec-3768-55564-0976.fits
3768/spec-3768-55564-0977.fits
3768/spec-3768-55564-0978.fits
3768/spec-3768-55564-0979.fits
3768/spec-3768-55564-0980.fits
3768/spec-3768-55564-0981.fits
3768/spec-3768-55564-0982.fits
3768/spec-3768-55564-0983.fits
3768/spec-3768-55564-0984.fits
3768/spec-3768-55564-0985.fits
3768/spec-3768-55564-0986.fits
3768/spec-3768-55564-0987.fits
3768/spec-3768-55564-0988.fits
3768/spec-3768-55564-0989.fits
3768/spec-3768-55564-0990.fits
3768/spec-3768-55564-0991.fits
3768/spec-3768-55564-0992.fits
3768/spec-3768-55564-0993.fits
3768/spec-3768-55564-0994.fits
3768/spec-3768-55564-0995.fits
3768/spec-3768-55564-0996.fits
3768/spec-3768-55564-0997.fits
3768/spec-3768-55564-0998.fits
3768/spec-3768-55564-0999.fits
3768/spec-3768-55564-1000.fits
/var/lib/condor/execute/slot1/dir_17927
3768 3768.tgz R R361.tar.gz _condor_stderr _condor_stdout cB58_Lyman_break.fit condor_exec.exe hw4.R packages packages.tar.gz tmp var
[1] "Loaded package astro."
[1] 1000
3768 3768.csv 3768.tgz R R361.tar.gz _condor_stderr _condor_stdout cB58_Lyman_break.fit condor_exec.exe hw4.R packages packages.tar.gz tmp var
