4690
4690/
4690/spec-4690-55653-0001.fits
4690/spec-4690-55653-0002.fits
4690/spec-4690-55653-0003.fits
4690/spec-4690-55653-0004.fits
4690/spec-4690-55653-0005.fits
4690/spec-4690-55653-0006.fits
4690/spec-4690-55653-0007.fits
4690/spec-4690-55653-0008.fits
4690/spec-4690-55653-0009.fits
4690/spec-4690-55653-0010.fits
4690/spec-4690-55653-0011.fits
4690/spec-4690-55653-0012.fits
4690/spec-4690-55653-0013.fits
4690/spec-4690-55653-0014.fits
4690/spec-4690-55653-0015.fits
4690/spec-4690-55653-0016.fits
4690/spec-4690-55653-0017.fits
4690/spec-4690-55653-0018.fits
4690/spec-4690-55653-0019.fits
4690/spec-4690-55653-0020.fits
4690/spec-4690-55653-0021.fits
4690/spec-4690-55653-0022.fits
4690/spec-4690-55653-0023.fits
4690/spec-4690-55653-0024.fits
4690/spec-4690-55653-0025.fits
4690/spec-4690-55653-0026.fits
4690/spec-4690-55653-0027.fits
4690/spec-4690-55653-0028.fits
4690/spec-4690-55653-0029.fits
4690/spec-4690-55653-0030.fits
4690/spec-4690-55653-0031.fits
4690/spec-4690-55653-0032.fits
4690/spec-4690-55653-0033.fits
4690/spec-4690-55653-0034.fits
4690/spec-4690-55653-0035.fits
4690/spec-4690-55653-0036.fits
4690/spec-4690-55653-0037.fits
4690/spec-4690-55653-0038.fits
4690/spec-4690-55653-0039.fits
4690/spec-4690-55653-0040.fits
4690/spec-4690-55653-0041.fits
4690/spec-4690-55653-0042.fits
4690/spec-4690-55653-0043.fits
4690/spec-4690-55653-0044.fits
4690/spec-4690-55653-0045.fits
4690/spec-4690-55653-0046.fits
4690/spec-4690-55653-0047.fits
4690/spec-4690-55653-0048.fits
4690/spec-4690-55653-0049.fits
4690/spec-4690-55653-0050.fits
4690/spec-4690-55653-0051.fits
4690/spec-4690-55653-0052.fits
4690/spec-4690-55653-0053.fits
4690/spec-4690-55653-0054.fits
4690/spec-4690-55653-0055.fits
4690/spec-4690-55653-0056.fits
4690/spec-4690-55653-0057.fits
4690/spec-4690-55653-0058.fits
4690/spec-4690-55653-0059.fits
4690/spec-4690-55653-0060.fits
4690/spec-4690-55653-0061.fits
4690/spec-4690-55653-0062.fits
4690/spec-4690-55653-0063.fits
4690/spec-4690-55653-0064.fits
4690/spec-4690-55653-0065.fits
4690/spec-4690-55653-0066.fits
4690/spec-4690-55653-0067.fits
4690/spec-4690-55653-0068.fits
4690/spec-4690-55653-0069.fits
4690/spec-4690-55653-0070.fits
4690/spec-4690-55653-0071.fits
4690/spec-4690-55653-0072.fits
4690/spec-4690-55653-0073.fits
4690/spec-4690-55653-0074.fits
4690/spec-4690-55653-0075.fits
4690/spec-4690-55653-0076.fits
4690/spec-4690-55653-0077.fits
4690/spec-4690-55653-0078.fits
4690/spec-4690-55653-0079.fits
4690/spec-4690-55653-0080.fits
4690/spec-4690-55653-0081.fits
4690/spec-4690-55653-0082.fits
4690/spec-4690-55653-0083.fits
4690/spec-4690-55653-0084.fits
4690/spec-4690-55653-0085.fits
4690/spec-4690-55653-0086.fits
4690/spec-4690-55653-0087.fits
4690/spec-4690-55653-0088.fits
4690/spec-4690-55653-0089.fits
4690/spec-4690-55653-0090.fits
4690/spec-4690-55653-0091.fits
4690/spec-4690-55653-0092.fits
4690/spec-4690-55653-0093.fits
4690/spec-4690-55653-0094.fits
4690/spec-4690-55653-0095.fits
4690/spec-4690-55653-0096.fits
4690/spec-4690-55653-0097.fits
4690/spec-4690-55653-0098.fits
4690/spec-4690-55653-0099.fits
4690/spec-4690-55653-0100.fits
4690/spec-4690-55653-0101.fits
4690/spec-4690-55653-0102.fits
4690/spec-4690-55653-0103.fits
4690/spec-4690-55653-0104.fits
4690/spec-4690-55653-0105.fits
4690/spec-4690-55653-0106.fits
4690/spec-4690-55653-0107.fits
4690/spec-4690-55653-0108.fits
4690/spec-4690-55653-0109.fits
4690/spec-4690-55653-0110.fits
4690/spec-4690-55653-0111.fits
4690/spec-4690-55653-0112.fits
4690/spec-4690-55653-0113.fits
4690/spec-4690-55653-0114.fits
4690/spec-4690-55653-0115.fits
4690/spec-4690-55653-0116.fits
4690/spec-4690-55653-0117.fits
4690/spec-4690-55653-0118.fits
4690/spec-4690-55653-0119.fits
4690/spec-4690-55653-0120.fits
4690/spec-4690-55653-0121.fits
4690/spec-4690-55653-0122.fits
4690/spec-4690-55653-0123.fits
4690/spec-4690-55653-0124.fits
4690/spec-4690-55653-0125.fits
4690/spec-4690-55653-0126.fits
4690/spec-4690-55653-0127.fits
4690/spec-4690-55653-0128.fits
4690/spec-4690-55653-0129.fits
4690/spec-4690-55653-0130.fits
4690/spec-4690-55653-0131.fits
4690/spec-4690-55653-0132.fits
4690/spec-4690-55653-0133.fits
4690/spec-4690-55653-0134.fits
4690/spec-4690-55653-0135.fits
4690/spec-4690-55653-0136.fits
4690/spec-4690-55653-0137.fits
4690/spec-4690-55653-0138.fits
4690/spec-4690-55653-0139.fits
4690/spec-4690-55653-0140.fits
4690/spec-4690-55653-0141.fits
4690/spec-4690-55653-0142.fits
4690/spec-4690-55653-0143.fits
4690/spec-4690-55653-0144.fits
4690/spec-4690-55653-0145.fits
4690/spec-4690-55653-0146.fits
4690/spec-4690-55653-0147.fits
4690/spec-4690-55653-0148.fits
4690/spec-4690-55653-0149.fits
4690/spec-4690-55653-0150.fits
4690/spec-4690-55653-0151.fits
4690/spec-4690-55653-0152.fits
4690/spec-4690-55653-0153.fits
4690/spec-4690-55653-0154.fits
4690/spec-4690-55653-0155.fits
4690/spec-4690-55653-0156.fits
4690/spec-4690-55653-0157.fits
4690/spec-4690-55653-0158.fits
4690/spec-4690-55653-0159.fits
4690/spec-4690-55653-0160.fits
4690/spec-4690-55653-0161.fits
4690/spec-4690-55653-0162.fits
4690/spec-4690-55653-0163.fits
4690/spec-4690-55653-0164.fits
4690/spec-4690-55653-0165.fits
4690/spec-4690-55653-0166.fits
4690/spec-4690-55653-0167.fits
4690/spec-4690-55653-0168.fits
4690/spec-4690-55653-0169.fits
4690/spec-4690-55653-0170.fits
4690/spec-4690-55653-0171.fits
4690/spec-4690-55653-0172.fits
4690/spec-4690-55653-0173.fits
4690/spec-4690-55653-0174.fits
4690/spec-4690-55653-0175.fits
4690/spec-4690-55653-0176.fits
4690/spec-4690-55653-0177.fits
4690/spec-4690-55653-0178.fits
4690/spec-4690-55653-0179.fits
4690/spec-4690-55653-0180.fits
4690/spec-4690-55653-0181.fits
4690/spec-4690-55653-0182.fits
4690/spec-4690-55653-0183.fits
4690/spec-4690-55653-0184.fits
4690/spec-4690-55653-0185.fits
4690/spec-4690-55653-0186.fits
4690/spec-4690-55653-0187.fits
4690/spec-4690-55653-0188.fits
4690/spec-4690-55653-0189.fits
4690/spec-4690-55653-0190.fits
4690/spec-4690-55653-0191.fits
4690/spec-4690-55653-0192.fits
4690/spec-4690-55653-0193.fits
4690/spec-4690-55653-0194.fits
4690/spec-4690-55653-0195.fits
4690/spec-4690-55653-0196.fits
4690/spec-4690-55653-0197.fits
4690/spec-4690-55653-0198.fits
4690/spec-4690-55653-0199.fits
4690/spec-4690-55653-0200.fits
4690/spec-4690-55653-0201.fits
4690/spec-4690-55653-0202.fits
4690/spec-4690-55653-0203.fits
4690/spec-4690-55653-0204.fits
4690/spec-4690-55653-0205.fits
4690/spec-4690-55653-0206.fits
4690/spec-4690-55653-0207.fits
4690/spec-4690-55653-0208.fits
4690/spec-4690-55653-0209.fits
4690/spec-4690-55653-0210.fits
4690/spec-4690-55653-0211.fits
4690/spec-4690-55653-0212.fits
4690/spec-4690-55653-0213.fits
4690/spec-4690-55653-0214.fits
4690/spec-4690-55653-0215.fits
4690/spec-4690-55653-0216.fits
4690/spec-4690-55653-0217.fits
4690/spec-4690-55653-0218.fits
4690/spec-4690-55653-0219.fits
4690/spec-4690-55653-0220.fits
4690/spec-4690-55653-0221.fits
4690/spec-4690-55653-0222.fits
4690/spec-4690-55653-0223.fits
4690/spec-4690-55653-0224.fits
4690/spec-4690-55653-0225.fits
4690/spec-4690-55653-0226.fits
4690/spec-4690-55653-0227.fits
4690/spec-4690-55653-0228.fits
4690/spec-4690-55653-0229.fits
4690/spec-4690-55653-0230.fits
4690/spec-4690-55653-0231.fits
4690/spec-4690-55653-0232.fits
4690/spec-4690-55653-0233.fits
4690/spec-4690-55653-0234.fits
4690/spec-4690-55653-0235.fits
4690/spec-4690-55653-0236.fits
4690/spec-4690-55653-0237.fits
4690/spec-4690-55653-0238.fits
4690/spec-4690-55653-0239.fits
4690/spec-4690-55653-0240.fits
4690/spec-4690-55653-0241.fits
4690/spec-4690-55653-0242.fits
4690/spec-4690-55653-0243.fits
4690/spec-4690-55653-0244.fits
4690/spec-4690-55653-0245.fits
4690/spec-4690-55653-0246.fits
4690/spec-4690-55653-0247.fits
4690/spec-4690-55653-0248.fits
4690/spec-4690-55653-0249.fits
4690/spec-4690-55653-0250.fits
4690/spec-4690-55653-0251.fits
4690/spec-4690-55653-0252.fits
4690/spec-4690-55653-0253.fits
4690/spec-4690-55653-0254.fits
4690/spec-4690-55653-0255.fits
4690/spec-4690-55653-0256.fits
4690/spec-4690-55653-0257.fits
4690/spec-4690-55653-0258.fits
4690/spec-4690-55653-0259.fits
4690/spec-4690-55653-0260.fits
4690/spec-4690-55653-0261.fits
4690/spec-4690-55653-0262.fits
4690/spec-4690-55653-0263.fits
4690/spec-4690-55653-0264.fits
4690/spec-4690-55653-0265.fits
4690/spec-4690-55653-0266.fits
4690/spec-4690-55653-0267.fits
4690/spec-4690-55653-0268.fits
4690/spec-4690-55653-0269.fits
4690/spec-4690-55653-0270.fits
4690/spec-4690-55653-0271.fits
4690/spec-4690-55653-0272.fits
4690/spec-4690-55653-0273.fits
4690/spec-4690-55653-0274.fits
4690/spec-4690-55653-0275.fits
4690/spec-4690-55653-0276.fits
4690/spec-4690-55653-0277.fits
4690/spec-4690-55653-0278.fits
4690/spec-4690-55653-0279.fits
4690/spec-4690-55653-0280.fits
4690/spec-4690-55653-0281.fits
4690/spec-4690-55653-0282.fits
4690/spec-4690-55653-0283.fits
4690/spec-4690-55653-0284.fits
4690/spec-4690-55653-0285.fits
4690/spec-4690-55653-0286.fits
4690/spec-4690-55653-0287.fits
4690/spec-4690-55653-0288.fits
4690/spec-4690-55653-0289.fits
4690/spec-4690-55653-0290.fits
4690/spec-4690-55653-0291.fits
4690/spec-4690-55653-0292.fits
4690/spec-4690-55653-0293.fits
4690/spec-4690-55653-0294.fits
4690/spec-4690-55653-0295.fits
4690/spec-4690-55653-0296.fits
4690/spec-4690-55653-0297.fits
4690/spec-4690-55653-0298.fits
4690/spec-4690-55653-0299.fits
4690/spec-4690-55653-0300.fits
4690/spec-4690-55653-0301.fits
4690/spec-4690-55653-0302.fits
4690/spec-4690-55653-0303.fits
4690/spec-4690-55653-0304.fits
4690/spec-4690-55653-0305.fits
4690/spec-4690-55653-0306.fits
4690/spec-4690-55653-0307.fits
4690/spec-4690-55653-0308.fits
4690/spec-4690-55653-0309.fits
4690/spec-4690-55653-0310.fits
4690/spec-4690-55653-0311.fits
4690/spec-4690-55653-0312.fits
4690/spec-4690-55653-0313.fits
4690/spec-4690-55653-0314.fits
4690/spec-4690-55653-0315.fits
4690/spec-4690-55653-0316.fits
4690/spec-4690-55653-0317.fits
4690/spec-4690-55653-0318.fits
4690/spec-4690-55653-0319.fits
4690/spec-4690-55653-0320.fits
4690/spec-4690-55653-0321.fits
4690/spec-4690-55653-0322.fits
4690/spec-4690-55653-0323.fits
4690/spec-4690-55653-0324.fits
4690/spec-4690-55653-0325.fits
4690/spec-4690-55653-0326.fits
4690/spec-4690-55653-0327.fits
4690/spec-4690-55653-0328.fits
4690/spec-4690-55653-0329.fits
4690/spec-4690-55653-0330.fits
4690/spec-4690-55653-0331.fits
4690/spec-4690-55653-0332.fits
4690/spec-4690-55653-0333.fits
4690/spec-4690-55653-0334.fits
4690/spec-4690-55653-0335.fits
4690/spec-4690-55653-0336.fits
4690/spec-4690-55653-0337.fits
4690/spec-4690-55653-0338.fits
4690/spec-4690-55653-0339.fits
4690/spec-4690-55653-0340.fits
4690/spec-4690-55653-0341.fits
4690/spec-4690-55653-0342.fits
4690/spec-4690-55653-0343.fits
4690/spec-4690-55653-0344.fits
4690/spec-4690-55653-0345.fits
4690/spec-4690-55653-0346.fits
4690/spec-4690-55653-0347.fits
4690/spec-4690-55653-0348.fits
4690/spec-4690-55653-0349.fits
4690/spec-4690-55653-0350.fits
4690/spec-4690-55653-0351.fits
4690/spec-4690-55653-0352.fits
4690/spec-4690-55653-0353.fits
4690/spec-4690-55653-0354.fits
4690/spec-4690-55653-0355.fits
4690/spec-4690-55653-0356.fits
4690/spec-4690-55653-0357.fits
4690/spec-4690-55653-0358.fits
4690/spec-4690-55653-0359.fits
4690/spec-4690-55653-0360.fits
4690/spec-4690-55653-0361.fits
4690/spec-4690-55653-0362.fits
4690/spec-4690-55653-0363.fits
4690/spec-4690-55653-0364.fits
4690/spec-4690-55653-0365.fits
4690/spec-4690-55653-0366.fits
4690/spec-4690-55653-0367.fits
4690/spec-4690-55653-0368.fits
4690/spec-4690-55653-0369.fits
4690/spec-4690-55653-0370.fits
4690/spec-4690-55653-0371.fits
4690/spec-4690-55653-0372.fits
4690/spec-4690-55653-0373.fits
4690/spec-4690-55653-0374.fits
4690/spec-4690-55653-0375.fits
4690/spec-4690-55653-0376.fits
4690/spec-4690-55653-0377.fits
4690/spec-4690-55653-0378.fits
4690/spec-4690-55653-0379.fits
4690/spec-4690-55653-0380.fits
4690/spec-4690-55653-0381.fits
4690/spec-4690-55653-0382.fits
4690/spec-4690-55653-0383.fits
4690/spec-4690-55653-0384.fits
4690/spec-4690-55653-0385.fits
4690/spec-4690-55653-0386.fits
4690/spec-4690-55653-0387.fits
4690/spec-4690-55653-0388.fits
4690/spec-4690-55653-0389.fits
4690/spec-4690-55653-0390.fits
4690/spec-4690-55653-0391.fits
4690/spec-4690-55653-0392.fits
4690/spec-4690-55653-0393.fits
4690/spec-4690-55653-0394.fits
4690/spec-4690-55653-0395.fits
4690/spec-4690-55653-0396.fits
4690/spec-4690-55653-0397.fits
4690/spec-4690-55653-0398.fits
4690/spec-4690-55653-0399.fits
4690/spec-4690-55653-0400.fits
4690/spec-4690-55653-0401.fits
4690/spec-4690-55653-0402.fits
4690/spec-4690-55653-0403.fits
4690/spec-4690-55653-0404.fits
4690/spec-4690-55653-0405.fits
4690/spec-4690-55653-0406.fits
4690/spec-4690-55653-0407.fits
4690/spec-4690-55653-0408.fits
4690/spec-4690-55653-0409.fits
4690/spec-4690-55653-0410.fits
4690/spec-4690-55653-0411.fits
4690/spec-4690-55653-0412.fits
4690/spec-4690-55653-0413.fits
4690/spec-4690-55653-0414.fits
4690/spec-4690-55653-0415.fits
4690/spec-4690-55653-0416.fits
4690/spec-4690-55653-0417.fits
4690/spec-4690-55653-0418.fits
4690/spec-4690-55653-0419.fits
4690/spec-4690-55653-0420.fits
4690/spec-4690-55653-0421.fits
4690/spec-4690-55653-0422.fits
4690/spec-4690-55653-0423.fits
4690/spec-4690-55653-0424.fits
4690/spec-4690-55653-0425.fits
4690/spec-4690-55653-0426.fits
4690/spec-4690-55653-0427.fits
4690/spec-4690-55653-0428.fits
4690/spec-4690-55653-0429.fits
4690/spec-4690-55653-0430.fits
4690/spec-4690-55653-0431.fits
4690/spec-4690-55653-0432.fits
4690/spec-4690-55653-0433.fits
4690/spec-4690-55653-0434.fits
4690/spec-4690-55653-0435.fits
4690/spec-4690-55653-0436.fits
4690/spec-4690-55653-0437.fits
4690/spec-4690-55653-0438.fits
4690/spec-4690-55653-0439.fits
4690/spec-4690-55653-0440.fits
4690/spec-4690-55653-0441.fits
4690/spec-4690-55653-0442.fits
4690/spec-4690-55653-0443.fits
4690/spec-4690-55653-0444.fits
4690/spec-4690-55653-0445.fits
4690/spec-4690-55653-0446.fits
4690/spec-4690-55653-0447.fits
4690/spec-4690-55653-0448.fits
4690/spec-4690-55653-0449.fits
4690/spec-4690-55653-0450.fits
4690/spec-4690-55653-0451.fits
4690/spec-4690-55653-0452.fits
4690/spec-4690-55653-0453.fits
4690/spec-4690-55653-0454.fits
4690/spec-4690-55653-0455.fits
4690/spec-4690-55653-0456.fits
4690/spec-4690-55653-0457.fits
4690/spec-4690-55653-0458.fits
4690/spec-4690-55653-0459.fits
4690/spec-4690-55653-0460.fits
4690/spec-4690-55653-0461.fits
4690/spec-4690-55653-0462.fits
4690/spec-4690-55653-0463.fits
4690/spec-4690-55653-0464.fits
4690/spec-4690-55653-0465.fits
4690/spec-4690-55653-0466.fits
4690/spec-4690-55653-0467.fits
4690/spec-4690-55653-0468.fits
4690/spec-4690-55653-0469.fits
4690/spec-4690-55653-0470.fits
4690/spec-4690-55653-0471.fits
4690/spec-4690-55653-0472.fits
4690/spec-4690-55653-0473.fits
4690/spec-4690-55653-0474.fits
4690/spec-4690-55653-0475.fits
4690/spec-4690-55653-0476.fits
4690/spec-4690-55653-0477.fits
4690/spec-4690-55653-0478.fits
4690/spec-4690-55653-0479.fits
4690/spec-4690-55653-0480.fits
4690/spec-4690-55653-0481.fits
4690/spec-4690-55653-0482.fits
4690/spec-4690-55653-0483.fits
4690/spec-4690-55653-0484.fits
4690/spec-4690-55653-0485.fits
4690/spec-4690-55653-0486.fits
4690/spec-4690-55653-0487.fits
4690/spec-4690-55653-0488.fits
4690/spec-4690-55653-0489.fits
4690/spec-4690-55653-0490.fits
4690/spec-4690-55653-0491.fits
4690/spec-4690-55653-0492.fits
4690/spec-4690-55653-0493.fits
4690/spec-4690-55653-0494.fits
4690/spec-4690-55653-0495.fits
4690/spec-4690-55653-0496.fits
4690/spec-4690-55653-0497.fits
4690/spec-4690-55653-0498.fits
4690/spec-4690-55653-0499.fits
4690/spec-4690-55653-0500.fits
4690/spec-4690-55653-0501.fits
4690/spec-4690-55653-0502.fits
4690/spec-4690-55653-0503.fits
4690/spec-4690-55653-0504.fits
4690/spec-4690-55653-0505.fits
4690/spec-4690-55653-0506.fits
4690/spec-4690-55653-0507.fits
4690/spec-4690-55653-0508.fits
4690/spec-4690-55653-0509.fits
4690/spec-4690-55653-0510.fits
4690/spec-4690-55653-0511.fits
4690/spec-4690-55653-0512.fits
4690/spec-4690-55653-0513.fits
4690/spec-4690-55653-0514.fits
4690/spec-4690-55653-0515.fits
4690/spec-4690-55653-0516.fits
4690/spec-4690-55653-0517.fits
4690/spec-4690-55653-0518.fits
4690/spec-4690-55653-0519.fits
4690/spec-4690-55653-0520.fits
4690/spec-4690-55653-0521.fits
4690/spec-4690-55653-0522.fits
4690/spec-4690-55653-0523.fits
4690/spec-4690-55653-0524.fits
4690/spec-4690-55653-0525.fits
4690/spec-4690-55653-0526.fits
4690/spec-4690-55653-0527.fits
4690/spec-4690-55653-0528.fits
4690/spec-4690-55653-0529.fits
4690/spec-4690-55653-0530.fits
4690/spec-4690-55653-0531.fits
4690/spec-4690-55653-0532.fits
4690/spec-4690-55653-0533.fits
4690/spec-4690-55653-0534.fits
4690/spec-4690-55653-0535.fits
4690/spec-4690-55653-0536.fits
4690/spec-4690-55653-0537.fits
4690/spec-4690-55653-0538.fits
4690/spec-4690-55653-0539.fits
4690/spec-4690-55653-0540.fits
4690/spec-4690-55653-0541.fits
4690/spec-4690-55653-0542.fits
4690/spec-4690-55653-0543.fits
4690/spec-4690-55653-0544.fits
4690/spec-4690-55653-0545.fits
4690/spec-4690-55653-0546.fits
4690/spec-4690-55653-0547.fits
4690/spec-4690-55653-0548.fits
4690/spec-4690-55653-0549.fits
4690/spec-4690-55653-0550.fits
4690/spec-4690-55653-0551.fits
4690/spec-4690-55653-0552.fits
4690/spec-4690-55653-0553.fits
4690/spec-4690-55653-0554.fits
4690/spec-4690-55653-0555.fits
4690/spec-4690-55653-0556.fits
4690/spec-4690-55653-0557.fits
4690/spec-4690-55653-0558.fits
4690/spec-4690-55653-0559.fits
4690/spec-4690-55653-0560.fits
4690/spec-4690-55653-0561.fits
4690/spec-4690-55653-0562.fits
4690/spec-4690-55653-0563.fits
4690/spec-4690-55653-0564.fits
4690/spec-4690-55653-0565.fits
4690/spec-4690-55653-0566.fits
4690/spec-4690-55653-0567.fits
4690/spec-4690-55653-0568.fits
4690/spec-4690-55653-0569.fits
4690/spec-4690-55653-0570.fits
4690/spec-4690-55653-0571.fits
4690/spec-4690-55653-0572.fits
4690/spec-4690-55653-0573.fits
4690/spec-4690-55653-0574.fits
4690/spec-4690-55653-0575.fits
4690/spec-4690-55653-0576.fits
4690/spec-4690-55653-0577.fits
4690/spec-4690-55653-0578.fits
4690/spec-4690-55653-0579.fits
4690/spec-4690-55653-0580.fits
4690/spec-4690-55653-0581.fits
4690/spec-4690-55653-0582.fits
4690/spec-4690-55653-0583.fits
4690/spec-4690-55653-0584.fits
4690/spec-4690-55653-0585.fits
4690/spec-4690-55653-0586.fits
4690/spec-4690-55653-0587.fits
4690/spec-4690-55653-0588.fits
4690/spec-4690-55653-0589.fits
4690/spec-4690-55653-0590.fits
4690/spec-4690-55653-0591.fits
4690/spec-4690-55653-0592.fits
4690/spec-4690-55653-0593.fits
4690/spec-4690-55653-0594.fits
4690/spec-4690-55653-0595.fits
4690/spec-4690-55653-0596.fits
4690/spec-4690-55653-0597.fits
4690/spec-4690-55653-0598.fits
4690/spec-4690-55653-0599.fits
4690/spec-4690-55653-0600.fits
4690/spec-4690-55653-0601.fits
4690/spec-4690-55653-0602.fits
4690/spec-4690-55653-0603.fits
4690/spec-4690-55653-0604.fits
4690/spec-4690-55653-0605.fits
4690/spec-4690-55653-0606.fits
4690/spec-4690-55653-0607.fits
4690/spec-4690-55653-0608.fits
4690/spec-4690-55653-0609.fits
4690/spec-4690-55653-0610.fits
4690/spec-4690-55653-0611.fits
4690/spec-4690-55653-0612.fits
4690/spec-4690-55653-0613.fits
4690/spec-4690-55653-0614.fits
4690/spec-4690-55653-0615.fits
4690/spec-4690-55653-0616.fits
4690/spec-4690-55653-0617.fits
4690/spec-4690-55653-0618.fits
4690/spec-4690-55653-0619.fits
4690/spec-4690-55653-0620.fits
4690/spec-4690-55653-0621.fits
4690/spec-4690-55653-0622.fits
4690/spec-4690-55653-0623.fits
4690/spec-4690-55653-0624.fits
4690/spec-4690-55653-0625.fits
4690/spec-4690-55653-0626.fits
4690/spec-4690-55653-0627.fits
4690/spec-4690-55653-0628.fits
4690/spec-4690-55653-0629.fits
4690/spec-4690-55653-0630.fits
4690/spec-4690-55653-0631.fits
4690/spec-4690-55653-0632.fits
4690/spec-4690-55653-0633.fits
4690/spec-4690-55653-0634.fits
4690/spec-4690-55653-0635.fits
4690/spec-4690-55653-0636.fits
4690/spec-4690-55653-0637.fits
4690/spec-4690-55653-0638.fits
4690/spec-4690-55653-0639.fits
4690/spec-4690-55653-0640.fits
4690/spec-4690-55653-0641.fits
4690/spec-4690-55653-0642.fits
4690/spec-4690-55653-0643.fits
4690/spec-4690-55653-0644.fits
4690/spec-4690-55653-0645.fits
4690/spec-4690-55653-0646.fits
4690/spec-4690-55653-0647.fits
4690/spec-4690-55653-0648.fits
4690/spec-4690-55653-0649.fits
4690/spec-4690-55653-0650.fits
4690/spec-4690-55653-0651.fits
4690/spec-4690-55653-0652.fits
4690/spec-4690-55653-0653.fits
4690/spec-4690-55653-0654.fits
4690/spec-4690-55653-0655.fits
4690/spec-4690-55653-0656.fits
4690/spec-4690-55653-0657.fits
4690/spec-4690-55653-0658.fits
4690/spec-4690-55653-0659.fits
4690/spec-4690-55653-0660.fits
4690/spec-4690-55653-0661.fits
4690/spec-4690-55653-0662.fits
4690/spec-4690-55653-0663.fits
4690/spec-4690-55653-0664.fits
4690/spec-4690-55653-0665.fits
4690/spec-4690-55653-0666.fits
4690/spec-4690-55653-0667.fits
4690/spec-4690-55653-0668.fits
4690/spec-4690-55653-0669.fits
4690/spec-4690-55653-0670.fits
4690/spec-4690-55653-0671.fits
4690/spec-4690-55653-0672.fits
4690/spec-4690-55653-0673.fits
4690/spec-4690-55653-0674.fits
4690/spec-4690-55653-0675.fits
4690/spec-4690-55653-0676.fits
4690/spec-4690-55653-0677.fits
4690/spec-4690-55653-0678.fits
4690/spec-4690-55653-0679.fits
4690/spec-4690-55653-0680.fits
4690/spec-4690-55653-0681.fits
4690/spec-4690-55653-0682.fits
4690/spec-4690-55653-0683.fits
4690/spec-4690-55653-0684.fits
4690/spec-4690-55653-0685.fits
4690/spec-4690-55653-0686.fits
4690/spec-4690-55653-0687.fits
4690/spec-4690-55653-0688.fits
4690/spec-4690-55653-0689.fits
4690/spec-4690-55653-0690.fits
4690/spec-4690-55653-0691.fits
4690/spec-4690-55653-0692.fits
4690/spec-4690-55653-0693.fits
4690/spec-4690-55653-0694.fits
4690/spec-4690-55653-0695.fits
4690/spec-4690-55653-0696.fits
4690/spec-4690-55653-0697.fits
4690/spec-4690-55653-0698.fits
4690/spec-4690-55653-0699.fits
4690/spec-4690-55653-0700.fits
4690/spec-4690-55653-0701.fits
4690/spec-4690-55653-0702.fits
4690/spec-4690-55653-0703.fits
4690/spec-4690-55653-0704.fits
4690/spec-4690-55653-0705.fits
4690/spec-4690-55653-0706.fits
4690/spec-4690-55653-0707.fits
4690/spec-4690-55653-0708.fits
4690/spec-4690-55653-0709.fits
4690/spec-4690-55653-0710.fits
4690/spec-4690-55653-0711.fits
4690/spec-4690-55653-0712.fits
4690/spec-4690-55653-0713.fits
4690/spec-4690-55653-0714.fits
4690/spec-4690-55653-0715.fits
4690/spec-4690-55653-0716.fits
4690/spec-4690-55653-0717.fits
4690/spec-4690-55653-0718.fits
4690/spec-4690-55653-0719.fits
4690/spec-4690-55653-0720.fits
4690/spec-4690-55653-0721.fits
4690/spec-4690-55653-0722.fits
4690/spec-4690-55653-0723.fits
4690/spec-4690-55653-0724.fits
4690/spec-4690-55653-0725.fits
4690/spec-4690-55653-0726.fits
4690/spec-4690-55653-0727.fits
4690/spec-4690-55653-0728.fits
4690/spec-4690-55653-0729.fits
4690/spec-4690-55653-0730.fits
4690/spec-4690-55653-0731.fits
4690/spec-4690-55653-0732.fits
4690/spec-4690-55653-0733.fits
4690/spec-4690-55653-0734.fits
4690/spec-4690-55653-0735.fits
4690/spec-4690-55653-0736.fits
4690/spec-4690-55653-0737.fits
4690/spec-4690-55653-0738.fits
4690/spec-4690-55653-0739.fits
4690/spec-4690-55653-0740.fits
4690/spec-4690-55653-0741.fits
4690/spec-4690-55653-0742.fits
4690/spec-4690-55653-0743.fits
4690/spec-4690-55653-0744.fits
4690/spec-4690-55653-0745.fits
4690/spec-4690-55653-0746.fits
4690/spec-4690-55653-0747.fits
4690/spec-4690-55653-0748.fits
4690/spec-4690-55653-0749.fits
4690/spec-4690-55653-0750.fits
4690/spec-4690-55653-0751.fits
4690/spec-4690-55653-0752.fits
4690/spec-4690-55653-0753.fits
4690/spec-4690-55653-0754.fits
4690/spec-4690-55653-0755.fits
4690/spec-4690-55653-0756.fits
4690/spec-4690-55653-0757.fits
4690/spec-4690-55653-0758.fits
4690/spec-4690-55653-0759.fits
4690/spec-4690-55653-0760.fits
4690/spec-4690-55653-0761.fits
4690/spec-4690-55653-0762.fits
4690/spec-4690-55653-0763.fits
4690/spec-4690-55653-0764.fits
4690/spec-4690-55653-0765.fits
4690/spec-4690-55653-0766.fits
4690/spec-4690-55653-0767.fits
4690/spec-4690-55653-0768.fits
4690/spec-4690-55653-0769.fits
4690/spec-4690-55653-0770.fits
4690/spec-4690-55653-0771.fits
4690/spec-4690-55653-0772.fits
4690/spec-4690-55653-0773.fits
4690/spec-4690-55653-0774.fits
4690/spec-4690-55653-0775.fits
4690/spec-4690-55653-0776.fits
4690/spec-4690-55653-0777.fits
4690/spec-4690-55653-0778.fits
4690/spec-4690-55653-0779.fits
4690/spec-4690-55653-0780.fits
4690/spec-4690-55653-0781.fits
4690/spec-4690-55653-0782.fits
4690/spec-4690-55653-0783.fits
4690/spec-4690-55653-0784.fits
4690/spec-4690-55653-0785.fits
4690/spec-4690-55653-0786.fits
4690/spec-4690-55653-0787.fits
4690/spec-4690-55653-0788.fits
4690/spec-4690-55653-0789.fits
4690/spec-4690-55653-0790.fits
4690/spec-4690-55653-0791.fits
4690/spec-4690-55653-0792.fits
4690/spec-4690-55653-0793.fits
4690/spec-4690-55653-0794.fits
4690/spec-4690-55653-0795.fits
4690/spec-4690-55653-0796.fits
4690/spec-4690-55653-0797.fits
4690/spec-4690-55653-0798.fits
4690/spec-4690-55653-0799.fits
4690/spec-4690-55653-0800.fits
4690/spec-4690-55653-0801.fits
4690/spec-4690-55653-0802.fits
4690/spec-4690-55653-0803.fits
4690/spec-4690-55653-0804.fits
4690/spec-4690-55653-0805.fits
4690/spec-4690-55653-0806.fits
4690/spec-4690-55653-0807.fits
4690/spec-4690-55653-0808.fits
4690/spec-4690-55653-0809.fits
4690/spec-4690-55653-0810.fits
4690/spec-4690-55653-0811.fits
4690/spec-4690-55653-0812.fits
4690/spec-4690-55653-0813.fits
4690/spec-4690-55653-0814.fits
4690/spec-4690-55653-0815.fits
4690/spec-4690-55653-0816.fits
4690/spec-4690-55653-0817.fits
4690/spec-4690-55653-0818.fits
4690/spec-4690-55653-0819.fits
4690/spec-4690-55653-0820.fits
4690/spec-4690-55653-0821.fits
4690/spec-4690-55653-0822.fits
4690/spec-4690-55653-0823.fits
4690/spec-4690-55653-0824.fits
4690/spec-4690-55653-0825.fits
4690/spec-4690-55653-0826.fits
4690/spec-4690-55653-0827.fits
4690/spec-4690-55653-0828.fits
4690/spec-4690-55653-0829.fits
4690/spec-4690-55653-0830.fits
4690/spec-4690-55653-0831.fits
4690/spec-4690-55653-0832.fits
4690/spec-4690-55653-0833.fits
4690/spec-4690-55653-0834.fits
4690/spec-4690-55653-0835.fits
4690/spec-4690-55653-0836.fits
4690/spec-4690-55653-0837.fits
4690/spec-4690-55653-0838.fits
4690/spec-4690-55653-0839.fits
4690/spec-4690-55653-0840.fits
4690/spec-4690-55653-0841.fits
4690/spec-4690-55653-0842.fits
4690/spec-4690-55653-0843.fits
4690/spec-4690-55653-0844.fits
4690/spec-4690-55653-0845.fits
4690/spec-4690-55653-0846.fits
4690/spec-4690-55653-0847.fits
4690/spec-4690-55653-0848.fits
4690/spec-4690-55653-0849.fits
4690/spec-4690-55653-0850.fits
4690/spec-4690-55653-0851.fits
4690/spec-4690-55653-0852.fits
4690/spec-4690-55653-0853.fits
4690/spec-4690-55653-0854.fits
4690/spec-4690-55653-0855.fits
4690/spec-4690-55653-0856.fits
4690/spec-4690-55653-0857.fits
4690/spec-4690-55653-0858.fits
4690/spec-4690-55653-0859.fits
4690/spec-4690-55653-0860.fits
4690/spec-4690-55653-0861.fits
4690/spec-4690-55653-0862.fits
4690/spec-4690-55653-0863.fits
4690/spec-4690-55653-0864.fits
4690/spec-4690-55653-0865.fits
4690/spec-4690-55653-0866.fits
4690/spec-4690-55653-0867.fits
4690/spec-4690-55653-0868.fits
4690/spec-4690-55653-0869.fits
4690/spec-4690-55653-0870.fits
4690/spec-4690-55653-0871.fits
4690/spec-4690-55653-0872.fits
4690/spec-4690-55653-0873.fits
4690/spec-4690-55653-0874.fits
4690/spec-4690-55653-0875.fits
4690/spec-4690-55653-0876.fits
4690/spec-4690-55653-0877.fits
4690/spec-4690-55653-0878.fits
4690/spec-4690-55653-0879.fits
4690/spec-4690-55653-0880.fits
4690/spec-4690-55653-0881.fits
4690/spec-4690-55653-0882.fits
4690/spec-4690-55653-0883.fits
4690/spec-4690-55653-0884.fits
4690/spec-4690-55653-0885.fits
4690/spec-4690-55653-0886.fits
4690/spec-4690-55653-0887.fits
4690/spec-4690-55653-0888.fits
4690/spec-4690-55653-0889.fits
4690/spec-4690-55653-0890.fits
4690/spec-4690-55653-0891.fits
4690/spec-4690-55653-0892.fits
4690/spec-4690-55653-0893.fits
4690/spec-4690-55653-0894.fits
4690/spec-4690-55653-0895.fits
4690/spec-4690-55653-0896.fits
4690/spec-4690-55653-0897.fits
4690/spec-4690-55653-0898.fits
4690/spec-4690-55653-0899.fits
4690/spec-4690-55653-0900.fits
4690/spec-4690-55653-0901.fits
4690/spec-4690-55653-0902.fits
4690/spec-4690-55653-0903.fits
4690/spec-4690-55653-0904.fits
4690/spec-4690-55653-0905.fits
4690/spec-4690-55653-0906.fits
4690/spec-4690-55653-0907.fits
4690/spec-4690-55653-0908.fits
4690/spec-4690-55653-0909.fits
4690/spec-4690-55653-0910.fits
4690/spec-4690-55653-0911.fits
4690/spec-4690-55653-0912.fits
4690/spec-4690-55653-0913.fits
4690/spec-4690-55653-0914.fits
4690/spec-4690-55653-0915.fits
4690/spec-4690-55653-0916.fits
4690/spec-4690-55653-0917.fits
4690/spec-4690-55653-0918.fits
4690/spec-4690-55653-0919.fits
4690/spec-4690-55653-0920.fits
4690/spec-4690-55653-0921.fits
4690/spec-4690-55653-0922.fits
4690/spec-4690-55653-0923.fits
4690/spec-4690-55653-0924.fits
4690/spec-4690-55653-0925.fits
4690/spec-4690-55653-0926.fits
4690/spec-4690-55653-0927.fits
4690/spec-4690-55653-0928.fits
4690/spec-4690-55653-0929.fits
4690/spec-4690-55653-0930.fits
4690/spec-4690-55653-0931.fits
4690/spec-4690-55653-0932.fits
4690/spec-4690-55653-0933.fits
4690/spec-4690-55653-0934.fits
4690/spec-4690-55653-0935.fits
4690/spec-4690-55653-0936.fits
4690/spec-4690-55653-0937.fits
4690/spec-4690-55653-0938.fits
4690/spec-4690-55653-0939.fits
4690/spec-4690-55653-0940.fits
4690/spec-4690-55653-0941.fits
4690/spec-4690-55653-0942.fits
4690/spec-4690-55653-0943.fits
4690/spec-4690-55653-0944.fits
4690/spec-4690-55653-0945.fits
4690/spec-4690-55653-0946.fits
4690/spec-4690-55653-0947.fits
4690/spec-4690-55653-0948.fits
4690/spec-4690-55653-0949.fits
4690/spec-4690-55653-0950.fits
4690/spec-4690-55653-0951.fits
4690/spec-4690-55653-0952.fits
4690/spec-4690-55653-0953.fits
4690/spec-4690-55653-0954.fits
4690/spec-4690-55653-0955.fits
4690/spec-4690-55653-0956.fits
4690/spec-4690-55653-0957.fits
4690/spec-4690-55653-0958.fits
4690/spec-4690-55653-0959.fits
4690/spec-4690-55653-0960.fits
4690/spec-4690-55653-0961.fits
4690/spec-4690-55653-0962.fits
4690/spec-4690-55653-0963.fits
4690/spec-4690-55653-0964.fits
4690/spec-4690-55653-0965.fits
4690/spec-4690-55653-0966.fits
4690/spec-4690-55653-0967.fits
4690/spec-4690-55653-0968.fits
4690/spec-4690-55653-0969.fits
4690/spec-4690-55653-0970.fits
4690/spec-4690-55653-0971.fits
4690/spec-4690-55653-0972.fits
4690/spec-4690-55653-0973.fits
4690/spec-4690-55653-0974.fits
4690/spec-4690-55653-0975.fits
4690/spec-4690-55653-0976.fits
4690/spec-4690-55653-0977.fits
4690/spec-4690-55653-0978.fits
4690/spec-4690-55653-0979.fits
4690/spec-4690-55653-0980.fits
4690/spec-4690-55653-0981.fits
4690/spec-4690-55653-0982.fits
4690/spec-4690-55653-0983.fits
4690/spec-4690-55653-0984.fits
4690/spec-4690-55653-0985.fits
4690/spec-4690-55653-0986.fits
4690/spec-4690-55653-0987.fits
4690/spec-4690-55653-0988.fits
4690/spec-4690-55653-0989.fits
4690/spec-4690-55653-0990.fits
4690/spec-4690-55653-0991.fits
4690/spec-4690-55653-0992.fits
4690/spec-4690-55653-0993.fits
4690/spec-4690-55653-0994.fits
4690/spec-4690-55653-0995.fits
4690/spec-4690-55653-0996.fits
4690/spec-4690-55653-0997.fits
4690/spec-4690-55653-0998.fits
4690/spec-4690-55653-0999.fits
4690/spec-4690-55653-1000.fits
/var/lib/condor/execute/slot1/dir_1890
4690 4690.tgz R R361.tar.gz _condor_stderr _condor_stdout cB58_Lyman_break.fit condor_exec.exe hw4.R packages packages.tar.gz tmp var
[1] "Loaded package astro."
[1] 1000
4690 4690.csv 4690.tgz R R361.tar.gz _condor_stderr _condor_stdout cB58_Lyman_break.fit condor_exec.exe hw4.R packages packages.tar.gz tmp var
