3770
3770/
3770/spec-3770-55234-0001.fits
3770/spec-3770-55234-0002.fits
3770/spec-3770-55234-0003.fits
3770/spec-3770-55234-0004.fits
3770/spec-3770-55234-0005.fits
3770/spec-3770-55234-0006.fits
3770/spec-3770-55234-0007.fits
3770/spec-3770-55234-0008.fits
3770/spec-3770-55234-0009.fits
3770/spec-3770-55234-0010.fits
3770/spec-3770-55234-0011.fits
3770/spec-3770-55234-0012.fits
3770/spec-3770-55234-0013.fits
3770/spec-3770-55234-0014.fits
3770/spec-3770-55234-0015.fits
3770/spec-3770-55234-0016.fits
3770/spec-3770-55234-0017.fits
3770/spec-3770-55234-0018.fits
3770/spec-3770-55234-0019.fits
3770/spec-3770-55234-0020.fits
3770/spec-3770-55234-0021.fits
3770/spec-3770-55234-0022.fits
3770/spec-3770-55234-0023.fits
3770/spec-3770-55234-0024.fits
3770/spec-3770-55234-0025.fits
3770/spec-3770-55234-0026.fits
3770/spec-3770-55234-0027.fits
3770/spec-3770-55234-0028.fits
3770/spec-3770-55234-0029.fits
3770/spec-3770-55234-0030.fits
3770/spec-3770-55234-0031.fits
3770/spec-3770-55234-0032.fits
3770/spec-3770-55234-0033.fits
3770/spec-3770-55234-0034.fits
3770/spec-3770-55234-0035.fits
3770/spec-3770-55234-0036.fits
3770/spec-3770-55234-0037.fits
3770/spec-3770-55234-0038.fits
3770/spec-3770-55234-0039.fits
3770/spec-3770-55234-0040.fits
3770/spec-3770-55234-0041.fits
3770/spec-3770-55234-0042.fits
3770/spec-3770-55234-0043.fits
3770/spec-3770-55234-0044.fits
3770/spec-3770-55234-0045.fits
3770/spec-3770-55234-0046.fits
3770/spec-3770-55234-0047.fits
3770/spec-3770-55234-0048.fits
3770/spec-3770-55234-0049.fits
3770/spec-3770-55234-0050.fits
3770/spec-3770-55234-0051.fits
3770/spec-3770-55234-0052.fits
3770/spec-3770-55234-0053.fits
3770/spec-3770-55234-0054.fits
3770/spec-3770-55234-0055.fits
3770/spec-3770-55234-0056.fits
3770/spec-3770-55234-0057.fits
3770/spec-3770-55234-0058.fits
3770/spec-3770-55234-0059.fits
3770/spec-3770-55234-0060.fits
3770/spec-3770-55234-0061.fits
3770/spec-3770-55234-0062.fits
3770/spec-3770-55234-0063.fits
3770/spec-3770-55234-0064.fits
3770/spec-3770-55234-0065.fits
3770/spec-3770-55234-0066.fits
3770/spec-3770-55234-0067.fits
3770/spec-3770-55234-0068.fits
3770/spec-3770-55234-0069.fits
3770/spec-3770-55234-0070.fits
3770/spec-3770-55234-0071.fits
3770/spec-3770-55234-0072.fits
3770/spec-3770-55234-0073.fits
3770/spec-3770-55234-0074.fits
3770/spec-3770-55234-0075.fits
3770/spec-3770-55234-0076.fits
3770/spec-3770-55234-0077.fits
3770/spec-3770-55234-0078.fits
3770/spec-3770-55234-0079.fits
3770/spec-3770-55234-0080.fits
3770/spec-3770-55234-0081.fits
3770/spec-3770-55234-0082.fits
3770/spec-3770-55234-0083.fits
3770/spec-3770-55234-0084.fits
3770/spec-3770-55234-0085.fits
3770/spec-3770-55234-0086.fits
3770/spec-3770-55234-0087.fits
3770/spec-3770-55234-0088.fits
3770/spec-3770-55234-0089.fits
3770/spec-3770-55234-0090.fits
3770/spec-3770-55234-0091.fits
3770/spec-3770-55234-0092.fits
3770/spec-3770-55234-0093.fits
3770/spec-3770-55234-0094.fits
3770/spec-3770-55234-0095.fits
3770/spec-3770-55234-0096.fits
3770/spec-3770-55234-0097.fits
3770/spec-3770-55234-0098.fits
3770/spec-3770-55234-0099.fits
3770/spec-3770-55234-0100.fits
3770/spec-3770-55234-0101.fits
3770/spec-3770-55234-0102.fits
3770/spec-3770-55234-0103.fits
3770/spec-3770-55234-0104.fits
3770/spec-3770-55234-0105.fits
3770/spec-3770-55234-0106.fits
3770/spec-3770-55234-0107.fits
3770/spec-3770-55234-0108.fits
3770/spec-3770-55234-0109.fits
3770/spec-3770-55234-0110.fits
3770/spec-3770-55234-0111.fits
3770/spec-3770-55234-0112.fits
3770/spec-3770-55234-0113.fits
3770/spec-3770-55234-0114.fits
3770/spec-3770-55234-0115.fits
3770/spec-3770-55234-0116.fits
3770/spec-3770-55234-0117.fits
3770/spec-3770-55234-0118.fits
3770/spec-3770-55234-0119.fits
3770/spec-3770-55234-0120.fits
3770/spec-3770-55234-0121.fits
3770/spec-3770-55234-0122.fits
3770/spec-3770-55234-0123.fits
3770/spec-3770-55234-0124.fits
3770/spec-3770-55234-0125.fits
3770/spec-3770-55234-0126.fits
3770/spec-3770-55234-0127.fits
3770/spec-3770-55234-0128.fits
3770/spec-3770-55234-0129.fits
3770/spec-3770-55234-0130.fits
3770/spec-3770-55234-0131.fits
3770/spec-3770-55234-0132.fits
3770/spec-3770-55234-0133.fits
3770/spec-3770-55234-0134.fits
3770/spec-3770-55234-0135.fits
3770/spec-3770-55234-0136.fits
3770/spec-3770-55234-0137.fits
3770/spec-3770-55234-0138.fits
3770/spec-3770-55234-0139.fits
3770/spec-3770-55234-0140.fits
3770/spec-3770-55234-0141.fits
3770/spec-3770-55234-0142.fits
3770/spec-3770-55234-0143.fits
3770/spec-3770-55234-0144.fits
3770/spec-3770-55234-0145.fits
3770/spec-3770-55234-0146.fits
3770/spec-3770-55234-0147.fits
3770/spec-3770-55234-0148.fits
3770/spec-3770-55234-0149.fits
3770/spec-3770-55234-0150.fits
3770/spec-3770-55234-0151.fits
3770/spec-3770-55234-0152.fits
3770/spec-3770-55234-0153.fits
3770/spec-3770-55234-0154.fits
3770/spec-3770-55234-0155.fits
3770/spec-3770-55234-0156.fits
3770/spec-3770-55234-0157.fits
3770/spec-3770-55234-0158.fits
3770/spec-3770-55234-0159.fits
3770/spec-3770-55234-0160.fits
3770/spec-3770-55234-0161.fits
3770/spec-3770-55234-0162.fits
3770/spec-3770-55234-0163.fits
3770/spec-3770-55234-0164.fits
3770/spec-3770-55234-0165.fits
3770/spec-3770-55234-0166.fits
3770/spec-3770-55234-0167.fits
3770/spec-3770-55234-0168.fits
3770/spec-3770-55234-0169.fits
3770/spec-3770-55234-0170.fits
3770/spec-3770-55234-0171.fits
3770/spec-3770-55234-0172.fits
3770/spec-3770-55234-0173.fits
3770/spec-3770-55234-0174.fits
3770/spec-3770-55234-0175.fits
3770/spec-3770-55234-0176.fits
3770/spec-3770-55234-0177.fits
3770/spec-3770-55234-0178.fits
3770/spec-3770-55234-0179.fits
3770/spec-3770-55234-0180.fits
3770/spec-3770-55234-0181.fits
3770/spec-3770-55234-0182.fits
3770/spec-3770-55234-0183.fits
3770/spec-3770-55234-0184.fits
3770/spec-3770-55234-0185.fits
3770/spec-3770-55234-0186.fits
3770/spec-3770-55234-0187.fits
3770/spec-3770-55234-0188.fits
3770/spec-3770-55234-0189.fits
3770/spec-3770-55234-0190.fits
3770/spec-3770-55234-0191.fits
3770/spec-3770-55234-0192.fits
3770/spec-3770-55234-0193.fits
3770/spec-3770-55234-0194.fits
3770/spec-3770-55234-0195.fits
3770/spec-3770-55234-0196.fits
3770/spec-3770-55234-0197.fits
3770/spec-3770-55234-0198.fits
3770/spec-3770-55234-0199.fits
3770/spec-3770-55234-0200.fits
3770/spec-3770-55234-0201.fits
3770/spec-3770-55234-0202.fits
3770/spec-3770-55234-0203.fits
3770/spec-3770-55234-0204.fits
3770/spec-3770-55234-0205.fits
3770/spec-3770-55234-0206.fits
3770/spec-3770-55234-0207.fits
3770/spec-3770-55234-0208.fits
3770/spec-3770-55234-0209.fits
3770/spec-3770-55234-0210.fits
3770/spec-3770-55234-0211.fits
3770/spec-3770-55234-0212.fits
3770/spec-3770-55234-0213.fits
3770/spec-3770-55234-0214.fits
3770/spec-3770-55234-0215.fits
3770/spec-3770-55234-0216.fits
3770/spec-3770-55234-0217.fits
3770/spec-3770-55234-0218.fits
3770/spec-3770-55234-0219.fits
3770/spec-3770-55234-0220.fits
3770/spec-3770-55234-0221.fits
3770/spec-3770-55234-0222.fits
3770/spec-3770-55234-0223.fits
3770/spec-3770-55234-0224.fits
3770/spec-3770-55234-0225.fits
3770/spec-3770-55234-0226.fits
3770/spec-3770-55234-0227.fits
3770/spec-3770-55234-0228.fits
3770/spec-3770-55234-0229.fits
3770/spec-3770-55234-0230.fits
3770/spec-3770-55234-0231.fits
3770/spec-3770-55234-0232.fits
3770/spec-3770-55234-0233.fits
3770/spec-3770-55234-0234.fits
3770/spec-3770-55234-0235.fits
3770/spec-3770-55234-0236.fits
3770/spec-3770-55234-0237.fits
3770/spec-3770-55234-0238.fits
3770/spec-3770-55234-0239.fits
3770/spec-3770-55234-0240.fits
3770/spec-3770-55234-0241.fits
3770/spec-3770-55234-0242.fits
3770/spec-3770-55234-0243.fits
3770/spec-3770-55234-0244.fits
3770/spec-3770-55234-0245.fits
3770/spec-3770-55234-0246.fits
3770/spec-3770-55234-0247.fits
3770/spec-3770-55234-0248.fits
3770/spec-3770-55234-0249.fits
3770/spec-3770-55234-0250.fits
3770/spec-3770-55234-0251.fits
3770/spec-3770-55234-0252.fits
3770/spec-3770-55234-0253.fits
3770/spec-3770-55234-0254.fits
3770/spec-3770-55234-0255.fits
3770/spec-3770-55234-0256.fits
3770/spec-3770-55234-0257.fits
3770/spec-3770-55234-0258.fits
3770/spec-3770-55234-0259.fits
3770/spec-3770-55234-0260.fits
3770/spec-3770-55234-0261.fits
3770/spec-3770-55234-0262.fits
3770/spec-3770-55234-0263.fits
3770/spec-3770-55234-0264.fits
3770/spec-3770-55234-0265.fits
3770/spec-3770-55234-0266.fits
3770/spec-3770-55234-0267.fits
3770/spec-3770-55234-0268.fits
3770/spec-3770-55234-0269.fits
3770/spec-3770-55234-0270.fits
3770/spec-3770-55234-0271.fits
3770/spec-3770-55234-0272.fits
3770/spec-3770-55234-0273.fits
3770/spec-3770-55234-0274.fits
3770/spec-3770-55234-0275.fits
3770/spec-3770-55234-0276.fits
3770/spec-3770-55234-0277.fits
3770/spec-3770-55234-0278.fits
3770/spec-3770-55234-0279.fits
3770/spec-3770-55234-0280.fits
3770/spec-3770-55234-0281.fits
3770/spec-3770-55234-0282.fits
3770/spec-3770-55234-0283.fits
3770/spec-3770-55234-0284.fits
3770/spec-3770-55234-0285.fits
3770/spec-3770-55234-0286.fits
3770/spec-3770-55234-0287.fits
3770/spec-3770-55234-0288.fits
3770/spec-3770-55234-0289.fits
3770/spec-3770-55234-0290.fits
3770/spec-3770-55234-0291.fits
3770/spec-3770-55234-0292.fits
3770/spec-3770-55234-0293.fits
3770/spec-3770-55234-0294.fits
3770/spec-3770-55234-0295.fits
3770/spec-3770-55234-0296.fits
3770/spec-3770-55234-0297.fits
3770/spec-3770-55234-0298.fits
3770/spec-3770-55234-0299.fits
3770/spec-3770-55234-0300.fits
3770/spec-3770-55234-0301.fits
3770/spec-3770-55234-0302.fits
3770/spec-3770-55234-0303.fits
3770/spec-3770-55234-0304.fits
3770/spec-3770-55234-0305.fits
3770/spec-3770-55234-0306.fits
3770/spec-3770-55234-0307.fits
3770/spec-3770-55234-0308.fits
3770/spec-3770-55234-0309.fits
3770/spec-3770-55234-0310.fits
3770/spec-3770-55234-0311.fits
3770/spec-3770-55234-0312.fits
3770/spec-3770-55234-0313.fits
3770/spec-3770-55234-0314.fits
3770/spec-3770-55234-0315.fits
3770/spec-3770-55234-0316.fits
3770/spec-3770-55234-0317.fits
3770/spec-3770-55234-0318.fits
3770/spec-3770-55234-0319.fits
3770/spec-3770-55234-0320.fits
3770/spec-3770-55234-0321.fits
3770/spec-3770-55234-0322.fits
3770/spec-3770-55234-0323.fits
3770/spec-3770-55234-0324.fits
3770/spec-3770-55234-0325.fits
3770/spec-3770-55234-0326.fits
3770/spec-3770-55234-0327.fits
3770/spec-3770-55234-0328.fits
3770/spec-3770-55234-0329.fits
3770/spec-3770-55234-0330.fits
3770/spec-3770-55234-0331.fits
3770/spec-3770-55234-0332.fits
3770/spec-3770-55234-0333.fits
3770/spec-3770-55234-0334.fits
3770/spec-3770-55234-0335.fits
3770/spec-3770-55234-0336.fits
3770/spec-3770-55234-0337.fits
3770/spec-3770-55234-0338.fits
3770/spec-3770-55234-0339.fits
3770/spec-3770-55234-0340.fits
3770/spec-3770-55234-0341.fits
3770/spec-3770-55234-0342.fits
3770/spec-3770-55234-0343.fits
3770/spec-3770-55234-0344.fits
3770/spec-3770-55234-0345.fits
3770/spec-3770-55234-0346.fits
3770/spec-3770-55234-0347.fits
3770/spec-3770-55234-0348.fits
3770/spec-3770-55234-0349.fits
3770/spec-3770-55234-0350.fits
3770/spec-3770-55234-0351.fits
3770/spec-3770-55234-0352.fits
3770/spec-3770-55234-0353.fits
3770/spec-3770-55234-0354.fits
3770/spec-3770-55234-0355.fits
3770/spec-3770-55234-0356.fits
3770/spec-3770-55234-0357.fits
3770/spec-3770-55234-0358.fits
3770/spec-3770-55234-0359.fits
3770/spec-3770-55234-0360.fits
3770/spec-3770-55234-0361.fits
3770/spec-3770-55234-0362.fits
3770/spec-3770-55234-0363.fits
3770/spec-3770-55234-0364.fits
3770/spec-3770-55234-0365.fits
3770/spec-3770-55234-0366.fits
3770/spec-3770-55234-0367.fits
3770/spec-3770-55234-0368.fits
3770/spec-3770-55234-0369.fits
3770/spec-3770-55234-0370.fits
3770/spec-3770-55234-0371.fits
3770/spec-3770-55234-0372.fits
3770/spec-3770-55234-0373.fits
3770/spec-3770-55234-0374.fits
3770/spec-3770-55234-0375.fits
3770/spec-3770-55234-0376.fits
3770/spec-3770-55234-0377.fits
3770/spec-3770-55234-0378.fits
3770/spec-3770-55234-0379.fits
3770/spec-3770-55234-0380.fits
3770/spec-3770-55234-0381.fits
3770/spec-3770-55234-0382.fits
3770/spec-3770-55234-0383.fits
3770/spec-3770-55234-0384.fits
3770/spec-3770-55234-0385.fits
3770/spec-3770-55234-0386.fits
3770/spec-3770-55234-0387.fits
3770/spec-3770-55234-0388.fits
3770/spec-3770-55234-0389.fits
3770/spec-3770-55234-0390.fits
3770/spec-3770-55234-0391.fits
3770/spec-3770-55234-0392.fits
3770/spec-3770-55234-0393.fits
3770/spec-3770-55234-0394.fits
3770/spec-3770-55234-0395.fits
3770/spec-3770-55234-0396.fits
3770/spec-3770-55234-0397.fits
3770/spec-3770-55234-0398.fits
3770/spec-3770-55234-0399.fits
3770/spec-3770-55234-0400.fits
3770/spec-3770-55234-0401.fits
3770/spec-3770-55234-0402.fits
3770/spec-3770-55234-0403.fits
3770/spec-3770-55234-0404.fits
3770/spec-3770-55234-0405.fits
3770/spec-3770-55234-0406.fits
3770/spec-3770-55234-0407.fits
3770/spec-3770-55234-0408.fits
3770/spec-3770-55234-0409.fits
3770/spec-3770-55234-0410.fits
3770/spec-3770-55234-0411.fits
3770/spec-3770-55234-0412.fits
3770/spec-3770-55234-0413.fits
3770/spec-3770-55234-0414.fits
3770/spec-3770-55234-0415.fits
3770/spec-3770-55234-0416.fits
3770/spec-3770-55234-0417.fits
3770/spec-3770-55234-0418.fits
3770/spec-3770-55234-0419.fits
3770/spec-3770-55234-0420.fits
3770/spec-3770-55234-0421.fits
3770/spec-3770-55234-0422.fits
3770/spec-3770-55234-0423.fits
3770/spec-3770-55234-0424.fits
3770/spec-3770-55234-0425.fits
3770/spec-3770-55234-0426.fits
3770/spec-3770-55234-0427.fits
3770/spec-3770-55234-0428.fits
3770/spec-3770-55234-0429.fits
3770/spec-3770-55234-0430.fits
3770/spec-3770-55234-0431.fits
3770/spec-3770-55234-0432.fits
3770/spec-3770-55234-0433.fits
3770/spec-3770-55234-0434.fits
3770/spec-3770-55234-0435.fits
3770/spec-3770-55234-0436.fits
3770/spec-3770-55234-0437.fits
3770/spec-3770-55234-0438.fits
3770/spec-3770-55234-0439.fits
3770/spec-3770-55234-0440.fits
3770/spec-3770-55234-0441.fits
3770/spec-3770-55234-0442.fits
3770/spec-3770-55234-0443.fits
3770/spec-3770-55234-0444.fits
3770/spec-3770-55234-0445.fits
3770/spec-3770-55234-0446.fits
3770/spec-3770-55234-0447.fits
3770/spec-3770-55234-0448.fits
3770/spec-3770-55234-0449.fits
3770/spec-3770-55234-0450.fits
3770/spec-3770-55234-0451.fits
3770/spec-3770-55234-0452.fits
3770/spec-3770-55234-0453.fits
3770/spec-3770-55234-0454.fits
3770/spec-3770-55234-0455.fits
3770/spec-3770-55234-0456.fits
3770/spec-3770-55234-0457.fits
3770/spec-3770-55234-0458.fits
3770/spec-3770-55234-0459.fits
3770/spec-3770-55234-0460.fits
3770/spec-3770-55234-0461.fits
3770/spec-3770-55234-0462.fits
3770/spec-3770-55234-0463.fits
3770/spec-3770-55234-0464.fits
3770/spec-3770-55234-0465.fits
3770/spec-3770-55234-0466.fits
3770/spec-3770-55234-0467.fits
3770/spec-3770-55234-0468.fits
3770/spec-3770-55234-0469.fits
3770/spec-3770-55234-0470.fits
3770/spec-3770-55234-0471.fits
3770/spec-3770-55234-0472.fits
3770/spec-3770-55234-0473.fits
3770/spec-3770-55234-0474.fits
3770/spec-3770-55234-0475.fits
3770/spec-3770-55234-0476.fits
3770/spec-3770-55234-0477.fits
3770/spec-3770-55234-0478.fits
3770/spec-3770-55234-0479.fits
3770/spec-3770-55234-0480.fits
3770/spec-3770-55234-0481.fits
3770/spec-3770-55234-0482.fits
3770/spec-3770-55234-0483.fits
3770/spec-3770-55234-0484.fits
3770/spec-3770-55234-0485.fits
3770/spec-3770-55234-0486.fits
3770/spec-3770-55234-0487.fits
3770/spec-3770-55234-0488.fits
3770/spec-3770-55234-0489.fits
3770/spec-3770-55234-0490.fits
3770/spec-3770-55234-0491.fits
3770/spec-3770-55234-0492.fits
3770/spec-3770-55234-0493.fits
3770/spec-3770-55234-0494.fits
3770/spec-3770-55234-0495.fits
3770/spec-3770-55234-0496.fits
3770/spec-3770-55234-0497.fits
3770/spec-3770-55234-0498.fits
3770/spec-3770-55234-0499.fits
3770/spec-3770-55234-0500.fits
3770/spec-3770-55234-0501.fits
3770/spec-3770-55234-0502.fits
3770/spec-3770-55234-0503.fits
3770/spec-3770-55234-0504.fits
3770/spec-3770-55234-0505.fits
3770/spec-3770-55234-0506.fits
3770/spec-3770-55234-0507.fits
3770/spec-3770-55234-0508.fits
3770/spec-3770-55234-0509.fits
3770/spec-3770-55234-0510.fits
3770/spec-3770-55234-0511.fits
3770/spec-3770-55234-0512.fits
3770/spec-3770-55234-0513.fits
3770/spec-3770-55234-0514.fits
3770/spec-3770-55234-0515.fits
3770/spec-3770-55234-0516.fits
3770/spec-3770-55234-0517.fits
3770/spec-3770-55234-0518.fits
3770/spec-3770-55234-0519.fits
3770/spec-3770-55234-0520.fits
3770/spec-3770-55234-0521.fits
3770/spec-3770-55234-0522.fits
3770/spec-3770-55234-0523.fits
3770/spec-3770-55234-0524.fits
3770/spec-3770-55234-0525.fits
3770/spec-3770-55234-0526.fits
3770/spec-3770-55234-0527.fits
3770/spec-3770-55234-0528.fits
3770/spec-3770-55234-0529.fits
3770/spec-3770-55234-0530.fits
3770/spec-3770-55234-0531.fits
3770/spec-3770-55234-0532.fits
3770/spec-3770-55234-0533.fits
3770/spec-3770-55234-0534.fits
3770/spec-3770-55234-0535.fits
3770/spec-3770-55234-0536.fits
3770/spec-3770-55234-0537.fits
3770/spec-3770-55234-0538.fits
3770/spec-3770-55234-0539.fits
3770/spec-3770-55234-0540.fits
3770/spec-3770-55234-0541.fits
3770/spec-3770-55234-0542.fits
3770/spec-3770-55234-0543.fits
3770/spec-3770-55234-0544.fits
3770/spec-3770-55234-0545.fits
3770/spec-3770-55234-0546.fits
3770/spec-3770-55234-0547.fits
3770/spec-3770-55234-0548.fits
3770/spec-3770-55234-0549.fits
3770/spec-3770-55234-0550.fits
3770/spec-3770-55234-0551.fits
3770/spec-3770-55234-0552.fits
3770/spec-3770-55234-0553.fits
3770/spec-3770-55234-0554.fits
3770/spec-3770-55234-0555.fits
3770/spec-3770-55234-0556.fits
3770/spec-3770-55234-0557.fits
3770/spec-3770-55234-0558.fits
3770/spec-3770-55234-0559.fits
3770/spec-3770-55234-0560.fits
3770/spec-3770-55234-0561.fits
3770/spec-3770-55234-0562.fits
3770/spec-3770-55234-0563.fits
3770/spec-3770-55234-0564.fits
3770/spec-3770-55234-0565.fits
3770/spec-3770-55234-0566.fits
3770/spec-3770-55234-0567.fits
3770/spec-3770-55234-0568.fits
3770/spec-3770-55234-0569.fits
3770/spec-3770-55234-0570.fits
3770/spec-3770-55234-0571.fits
3770/spec-3770-55234-0572.fits
3770/spec-3770-55234-0573.fits
3770/spec-3770-55234-0574.fits
3770/spec-3770-55234-0575.fits
3770/spec-3770-55234-0576.fits
3770/spec-3770-55234-0577.fits
3770/spec-3770-55234-0578.fits
3770/spec-3770-55234-0579.fits
3770/spec-3770-55234-0580.fits
3770/spec-3770-55234-0581.fits
3770/spec-3770-55234-0582.fits
3770/spec-3770-55234-0583.fits
3770/spec-3770-55234-0584.fits
3770/spec-3770-55234-0585.fits
3770/spec-3770-55234-0586.fits
3770/spec-3770-55234-0587.fits
3770/spec-3770-55234-0588.fits
3770/spec-3770-55234-0589.fits
3770/spec-3770-55234-0590.fits
3770/spec-3770-55234-0591.fits
3770/spec-3770-55234-0592.fits
3770/spec-3770-55234-0593.fits
3770/spec-3770-55234-0594.fits
3770/spec-3770-55234-0595.fits
3770/spec-3770-55234-0596.fits
3770/spec-3770-55234-0597.fits
3770/spec-3770-55234-0598.fits
3770/spec-3770-55234-0599.fits
3770/spec-3770-55234-0600.fits
3770/spec-3770-55234-0601.fits
3770/spec-3770-55234-0602.fits
3770/spec-3770-55234-0603.fits
3770/spec-3770-55234-0604.fits
3770/spec-3770-55234-0605.fits
3770/spec-3770-55234-0606.fits
3770/spec-3770-55234-0607.fits
3770/spec-3770-55234-0608.fits
3770/spec-3770-55234-0609.fits
3770/spec-3770-55234-0610.fits
3770/spec-3770-55234-0611.fits
3770/spec-3770-55234-0612.fits
3770/spec-3770-55234-0613.fits
3770/spec-3770-55234-0614.fits
3770/spec-3770-55234-0615.fits
3770/spec-3770-55234-0616.fits
3770/spec-3770-55234-0617.fits
3770/spec-3770-55234-0618.fits
3770/spec-3770-55234-0619.fits
3770/spec-3770-55234-0620.fits
3770/spec-3770-55234-0621.fits
3770/spec-3770-55234-0622.fits
3770/spec-3770-55234-0623.fits
3770/spec-3770-55234-0624.fits
3770/spec-3770-55234-0625.fits
3770/spec-3770-55234-0626.fits
3770/spec-3770-55234-0627.fits
3770/spec-3770-55234-0628.fits
3770/spec-3770-55234-0629.fits
3770/spec-3770-55234-0630.fits
3770/spec-3770-55234-0631.fits
3770/spec-3770-55234-0632.fits
3770/spec-3770-55234-0633.fits
3770/spec-3770-55234-0634.fits
3770/spec-3770-55234-0635.fits
3770/spec-3770-55234-0636.fits
3770/spec-3770-55234-0637.fits
3770/spec-3770-55234-0638.fits
3770/spec-3770-55234-0639.fits
3770/spec-3770-55234-0640.fits
3770/spec-3770-55234-0641.fits
3770/spec-3770-55234-0642.fits
3770/spec-3770-55234-0643.fits
3770/spec-3770-55234-0644.fits
3770/spec-3770-55234-0645.fits
3770/spec-3770-55234-0646.fits
3770/spec-3770-55234-0647.fits
3770/spec-3770-55234-0648.fits
3770/spec-3770-55234-0649.fits
3770/spec-3770-55234-0650.fits
3770/spec-3770-55234-0651.fits
3770/spec-3770-55234-0652.fits
3770/spec-3770-55234-0653.fits
3770/spec-3770-55234-0654.fits
3770/spec-3770-55234-0655.fits
3770/spec-3770-55234-0656.fits
3770/spec-3770-55234-0657.fits
3770/spec-3770-55234-0658.fits
3770/spec-3770-55234-0659.fits
3770/spec-3770-55234-0660.fits
3770/spec-3770-55234-0661.fits
3770/spec-3770-55234-0662.fits
3770/spec-3770-55234-0663.fits
3770/spec-3770-55234-0664.fits
3770/spec-3770-55234-0665.fits
3770/spec-3770-55234-0666.fits
3770/spec-3770-55234-0667.fits
3770/spec-3770-55234-0668.fits
3770/spec-3770-55234-0669.fits
3770/spec-3770-55234-0670.fits
3770/spec-3770-55234-0671.fits
3770/spec-3770-55234-0672.fits
3770/spec-3770-55234-0673.fits
3770/spec-3770-55234-0674.fits
3770/spec-3770-55234-0675.fits
3770/spec-3770-55234-0676.fits
3770/spec-3770-55234-0677.fits
3770/spec-3770-55234-0678.fits
3770/spec-3770-55234-0679.fits
3770/spec-3770-55234-0680.fits
3770/spec-3770-55234-0681.fits
3770/spec-3770-55234-0682.fits
3770/spec-3770-55234-0683.fits
3770/spec-3770-55234-0684.fits
3770/spec-3770-55234-0685.fits
3770/spec-3770-55234-0686.fits
3770/spec-3770-55234-0687.fits
3770/spec-3770-55234-0688.fits
3770/spec-3770-55234-0689.fits
3770/spec-3770-55234-0690.fits
3770/spec-3770-55234-0691.fits
3770/spec-3770-55234-0692.fits
3770/spec-3770-55234-0693.fits
3770/spec-3770-55234-0694.fits
3770/spec-3770-55234-0695.fits
3770/spec-3770-55234-0696.fits
3770/spec-3770-55234-0697.fits
3770/spec-3770-55234-0698.fits
3770/spec-3770-55234-0699.fits
3770/spec-3770-55234-0700.fits
3770/spec-3770-55234-0701.fits
3770/spec-3770-55234-0702.fits
3770/spec-3770-55234-0703.fits
3770/spec-3770-55234-0704.fits
3770/spec-3770-55234-0705.fits
3770/spec-3770-55234-0706.fits
3770/spec-3770-55234-0707.fits
3770/spec-3770-55234-0708.fits
3770/spec-3770-55234-0709.fits
3770/spec-3770-55234-0710.fits
3770/spec-3770-55234-0711.fits
3770/spec-3770-55234-0712.fits
3770/spec-3770-55234-0713.fits
3770/spec-3770-55234-0714.fits
3770/spec-3770-55234-0715.fits
3770/spec-3770-55234-0716.fits
3770/spec-3770-55234-0717.fits
3770/spec-3770-55234-0718.fits
3770/spec-3770-55234-0719.fits
3770/spec-3770-55234-0720.fits
3770/spec-3770-55234-0721.fits
3770/spec-3770-55234-0722.fits
3770/spec-3770-55234-0723.fits
3770/spec-3770-55234-0724.fits
3770/spec-3770-55234-0725.fits
3770/spec-3770-55234-0726.fits
3770/spec-3770-55234-0727.fits
3770/spec-3770-55234-0728.fits
3770/spec-3770-55234-0729.fits
3770/spec-3770-55234-0730.fits
3770/spec-3770-55234-0731.fits
3770/spec-3770-55234-0732.fits
3770/spec-3770-55234-0733.fits
3770/spec-3770-55234-0734.fits
3770/spec-3770-55234-0735.fits
3770/spec-3770-55234-0736.fits
3770/spec-3770-55234-0737.fits
3770/spec-3770-55234-0738.fits
3770/spec-3770-55234-0739.fits
3770/spec-3770-55234-0740.fits
3770/spec-3770-55234-0741.fits
3770/spec-3770-55234-0742.fits
3770/spec-3770-55234-0743.fits
3770/spec-3770-55234-0744.fits
3770/spec-3770-55234-0745.fits
3770/spec-3770-55234-0746.fits
3770/spec-3770-55234-0747.fits
3770/spec-3770-55234-0748.fits
3770/spec-3770-55234-0749.fits
3770/spec-3770-55234-0750.fits
3770/spec-3770-55234-0751.fits
3770/spec-3770-55234-0752.fits
3770/spec-3770-55234-0753.fits
3770/spec-3770-55234-0754.fits
3770/spec-3770-55234-0755.fits
3770/spec-3770-55234-0756.fits
3770/spec-3770-55234-0757.fits
3770/spec-3770-55234-0758.fits
3770/spec-3770-55234-0759.fits
3770/spec-3770-55234-0760.fits
3770/spec-3770-55234-0761.fits
3770/spec-3770-55234-0762.fits
3770/spec-3770-55234-0763.fits
3770/spec-3770-55234-0764.fits
3770/spec-3770-55234-0765.fits
3770/spec-3770-55234-0766.fits
3770/spec-3770-55234-0767.fits
3770/spec-3770-55234-0768.fits
3770/spec-3770-55234-0769.fits
3770/spec-3770-55234-0770.fits
3770/spec-3770-55234-0771.fits
3770/spec-3770-55234-0772.fits
3770/spec-3770-55234-0773.fits
3770/spec-3770-55234-0774.fits
3770/spec-3770-55234-0775.fits
3770/spec-3770-55234-0776.fits
3770/spec-3770-55234-0777.fits
3770/spec-3770-55234-0778.fits
3770/spec-3770-55234-0779.fits
3770/spec-3770-55234-0780.fits
3770/spec-3770-55234-0781.fits
3770/spec-3770-55234-0782.fits
3770/spec-3770-55234-0783.fits
3770/spec-3770-55234-0784.fits
3770/spec-3770-55234-0785.fits
3770/spec-3770-55234-0786.fits
3770/spec-3770-55234-0787.fits
3770/spec-3770-55234-0788.fits
3770/spec-3770-55234-0789.fits
3770/spec-3770-55234-0790.fits
3770/spec-3770-55234-0791.fits
3770/spec-3770-55234-0792.fits
3770/spec-3770-55234-0793.fits
3770/spec-3770-55234-0794.fits
3770/spec-3770-55234-0795.fits
3770/spec-3770-55234-0796.fits
3770/spec-3770-55234-0797.fits
3770/spec-3770-55234-0798.fits
3770/spec-3770-55234-0799.fits
3770/spec-3770-55234-0800.fits
3770/spec-3770-55234-0801.fits
3770/spec-3770-55234-0802.fits
3770/spec-3770-55234-0803.fits
3770/spec-3770-55234-0804.fits
3770/spec-3770-55234-0805.fits
3770/spec-3770-55234-0806.fits
3770/spec-3770-55234-0807.fits
3770/spec-3770-55234-0808.fits
3770/spec-3770-55234-0809.fits
3770/spec-3770-55234-0810.fits
3770/spec-3770-55234-0811.fits
3770/spec-3770-55234-0812.fits
3770/spec-3770-55234-0813.fits
3770/spec-3770-55234-0814.fits
3770/spec-3770-55234-0815.fits
3770/spec-3770-55234-0816.fits
3770/spec-3770-55234-0817.fits
3770/spec-3770-55234-0818.fits
3770/spec-3770-55234-0819.fits
3770/spec-3770-55234-0820.fits
3770/spec-3770-55234-0821.fits
3770/spec-3770-55234-0822.fits
3770/spec-3770-55234-0823.fits
3770/spec-3770-55234-0824.fits
3770/spec-3770-55234-0825.fits
3770/spec-3770-55234-0826.fits
3770/spec-3770-55234-0827.fits
3770/spec-3770-55234-0828.fits
3770/spec-3770-55234-0829.fits
3770/spec-3770-55234-0830.fits
3770/spec-3770-55234-0831.fits
3770/spec-3770-55234-0832.fits
3770/spec-3770-55234-0833.fits
3770/spec-3770-55234-0834.fits
3770/spec-3770-55234-0835.fits
3770/spec-3770-55234-0836.fits
3770/spec-3770-55234-0837.fits
3770/spec-3770-55234-0838.fits
3770/spec-3770-55234-0839.fits
3770/spec-3770-55234-0840.fits
3770/spec-3770-55234-0841.fits
3770/spec-3770-55234-0842.fits
3770/spec-3770-55234-0843.fits
3770/spec-3770-55234-0844.fits
3770/spec-3770-55234-0845.fits
3770/spec-3770-55234-0846.fits
3770/spec-3770-55234-0847.fits
3770/spec-3770-55234-0848.fits
3770/spec-3770-55234-0849.fits
3770/spec-3770-55234-0850.fits
3770/spec-3770-55234-0851.fits
3770/spec-3770-55234-0852.fits
3770/spec-3770-55234-0853.fits
3770/spec-3770-55234-0854.fits
3770/spec-3770-55234-0855.fits
3770/spec-3770-55234-0856.fits
3770/spec-3770-55234-0857.fits
3770/spec-3770-55234-0858.fits
3770/spec-3770-55234-0859.fits
3770/spec-3770-55234-0860.fits
3770/spec-3770-55234-0861.fits
3770/spec-3770-55234-0862.fits
3770/spec-3770-55234-0863.fits
3770/spec-3770-55234-0864.fits
3770/spec-3770-55234-0865.fits
3770/spec-3770-55234-0866.fits
3770/spec-3770-55234-0867.fits
3770/spec-3770-55234-0868.fits
3770/spec-3770-55234-0869.fits
3770/spec-3770-55234-0870.fits
3770/spec-3770-55234-0871.fits
3770/spec-3770-55234-0872.fits
3770/spec-3770-55234-0873.fits
3770/spec-3770-55234-0874.fits
3770/spec-3770-55234-0875.fits
3770/spec-3770-55234-0876.fits
3770/spec-3770-55234-0877.fits
3770/spec-3770-55234-0878.fits
3770/spec-3770-55234-0879.fits
3770/spec-3770-55234-0880.fits
3770/spec-3770-55234-0881.fits
3770/spec-3770-55234-0882.fits
3770/spec-3770-55234-0883.fits
3770/spec-3770-55234-0884.fits
3770/spec-3770-55234-0885.fits
3770/spec-3770-55234-0886.fits
3770/spec-3770-55234-0887.fits
3770/spec-3770-55234-0888.fits
3770/spec-3770-55234-0889.fits
3770/spec-3770-55234-0890.fits
3770/spec-3770-55234-0891.fits
3770/spec-3770-55234-0892.fits
3770/spec-3770-55234-0893.fits
3770/spec-3770-55234-0894.fits
3770/spec-3770-55234-0895.fits
3770/spec-3770-55234-0896.fits
3770/spec-3770-55234-0897.fits
3770/spec-3770-55234-0898.fits
3770/spec-3770-55234-0899.fits
3770/spec-3770-55234-0900.fits
3770/spec-3770-55234-0901.fits
3770/spec-3770-55234-0902.fits
3770/spec-3770-55234-0903.fits
3770/spec-3770-55234-0904.fits
3770/spec-3770-55234-0905.fits
3770/spec-3770-55234-0906.fits
3770/spec-3770-55234-0907.fits
3770/spec-3770-55234-0908.fits
3770/spec-3770-55234-0909.fits
3770/spec-3770-55234-0910.fits
3770/spec-3770-55234-0911.fits
3770/spec-3770-55234-0912.fits
3770/spec-3770-55234-0913.fits
3770/spec-3770-55234-0914.fits
3770/spec-3770-55234-0915.fits
3770/spec-3770-55234-0916.fits
3770/spec-3770-55234-0917.fits
3770/spec-3770-55234-0918.fits
3770/spec-3770-55234-0919.fits
3770/spec-3770-55234-0920.fits
3770/spec-3770-55234-0921.fits
3770/spec-3770-55234-0922.fits
3770/spec-3770-55234-0923.fits
3770/spec-3770-55234-0924.fits
3770/spec-3770-55234-0925.fits
3770/spec-3770-55234-0926.fits
3770/spec-3770-55234-0927.fits
3770/spec-3770-55234-0928.fits
3770/spec-3770-55234-0929.fits
3770/spec-3770-55234-0930.fits
3770/spec-3770-55234-0931.fits
3770/spec-3770-55234-0932.fits
3770/spec-3770-55234-0933.fits
3770/spec-3770-55234-0934.fits
3770/spec-3770-55234-0935.fits
3770/spec-3770-55234-0936.fits
3770/spec-3770-55234-0937.fits
3770/spec-3770-55234-0938.fits
3770/spec-3770-55234-0939.fits
3770/spec-3770-55234-0940.fits
3770/spec-3770-55234-0941.fits
3770/spec-3770-55234-0942.fits
3770/spec-3770-55234-0943.fits
3770/spec-3770-55234-0944.fits
3770/spec-3770-55234-0945.fits
3770/spec-3770-55234-0946.fits
3770/spec-3770-55234-0947.fits
3770/spec-3770-55234-0948.fits
3770/spec-3770-55234-0949.fits
3770/spec-3770-55234-0950.fits
3770/spec-3770-55234-0951.fits
3770/spec-3770-55234-0952.fits
3770/spec-3770-55234-0953.fits
3770/spec-3770-55234-0954.fits
3770/spec-3770-55234-0955.fits
3770/spec-3770-55234-0956.fits
3770/spec-3770-55234-0957.fits
3770/spec-3770-55234-0958.fits
3770/spec-3770-55234-0959.fits
3770/spec-3770-55234-0960.fits
3770/spec-3770-55234-0961.fits
3770/spec-3770-55234-0962.fits
3770/spec-3770-55234-0963.fits
3770/spec-3770-55234-0964.fits
3770/spec-3770-55234-0965.fits
3770/spec-3770-55234-0966.fits
3770/spec-3770-55234-0967.fits
3770/spec-3770-55234-0968.fits
3770/spec-3770-55234-0969.fits
3770/spec-3770-55234-0970.fits
3770/spec-3770-55234-0971.fits
3770/spec-3770-55234-0972.fits
3770/spec-3770-55234-0973.fits
3770/spec-3770-55234-0974.fits
3770/spec-3770-55234-0975.fits
3770/spec-3770-55234-0976.fits
3770/spec-3770-55234-0977.fits
3770/spec-3770-55234-0978.fits
3770/spec-3770-55234-0979.fits
3770/spec-3770-55234-0980.fits
3770/spec-3770-55234-0981.fits
3770/spec-3770-55234-0982.fits
3770/spec-3770-55234-0983.fits
3770/spec-3770-55234-0984.fits
3770/spec-3770-55234-0985.fits
3770/spec-3770-55234-0986.fits
3770/spec-3770-55234-0987.fits
3770/spec-3770-55234-0988.fits
3770/spec-3770-55234-0989.fits
3770/spec-3770-55234-0990.fits
3770/spec-3770-55234-0991.fits
3770/spec-3770-55234-0992.fits
3770/spec-3770-55234-0993.fits
3770/spec-3770-55234-0994.fits
3770/spec-3770-55234-0995.fits
3770/spec-3770-55234-0996.fits
3770/spec-3770-55234-0997.fits
3770/spec-3770-55234-0998.fits
3770/spec-3770-55234-0999.fits
3770/spec-3770-55234-1000.fits
/var/lib/condor/execute/slot1/dir_14568
3770 3770.tgz R R361.tar.gz _condor_stderr _condor_stdout cB58_Lyman_break.fit condor_exec.exe hw4.R packages packages.tar.gz tmp var
[1] "Loaded package astro."
[1] 1000
3770 3770.csv 3770.tgz R R361.tar.gz _condor_stderr _condor_stdout cB58_Lyman_break.fit condor_exec.exe hw4.R packages packages.tar.gz tmp var
