4703
4703/
4703/spec-4703-55617-0001.fits
4703/spec-4703-55617-0002.fits
4703/spec-4703-55617-0003.fits
4703/spec-4703-55617-0004.fits
4703/spec-4703-55617-0005.fits
4703/spec-4703-55617-0006.fits
4703/spec-4703-55617-0007.fits
4703/spec-4703-55617-0008.fits
4703/spec-4703-55617-0009.fits
4703/spec-4703-55617-0010.fits
4703/spec-4703-55617-0011.fits
4703/spec-4703-55617-0012.fits
4703/spec-4703-55617-0013.fits
4703/spec-4703-55617-0014.fits
4703/spec-4703-55617-0015.fits
4703/spec-4703-55617-0016.fits
4703/spec-4703-55617-0017.fits
4703/spec-4703-55617-0018.fits
4703/spec-4703-55617-0019.fits
4703/spec-4703-55617-0020.fits
4703/spec-4703-55617-0021.fits
4703/spec-4703-55617-0022.fits
4703/spec-4703-55617-0023.fits
4703/spec-4703-55617-0024.fits
4703/spec-4703-55617-0025.fits
4703/spec-4703-55617-0026.fits
4703/spec-4703-55617-0027.fits
4703/spec-4703-55617-0028.fits
4703/spec-4703-55617-0029.fits
4703/spec-4703-55617-0030.fits
4703/spec-4703-55617-0031.fits
4703/spec-4703-55617-0032.fits
4703/spec-4703-55617-0033.fits
4703/spec-4703-55617-0034.fits
4703/spec-4703-55617-0035.fits
4703/spec-4703-55617-0036.fits
4703/spec-4703-55617-0037.fits
4703/spec-4703-55617-0038.fits
4703/spec-4703-55617-0039.fits
4703/spec-4703-55617-0040.fits
4703/spec-4703-55617-0041.fits
4703/spec-4703-55617-0042.fits
4703/spec-4703-55617-0043.fits
4703/spec-4703-55617-0044.fits
4703/spec-4703-55617-0045.fits
4703/spec-4703-55617-0046.fits
4703/spec-4703-55617-0047.fits
4703/spec-4703-55617-0048.fits
4703/spec-4703-55617-0049.fits
4703/spec-4703-55617-0050.fits
4703/spec-4703-55617-0051.fits
4703/spec-4703-55617-0052.fits
4703/spec-4703-55617-0053.fits
4703/spec-4703-55617-0054.fits
4703/spec-4703-55617-0055.fits
4703/spec-4703-55617-0056.fits
4703/spec-4703-55617-0057.fits
4703/spec-4703-55617-0058.fits
4703/spec-4703-55617-0059.fits
4703/spec-4703-55617-0060.fits
4703/spec-4703-55617-0061.fits
4703/spec-4703-55617-0062.fits
4703/spec-4703-55617-0063.fits
4703/spec-4703-55617-0064.fits
4703/spec-4703-55617-0065.fits
4703/spec-4703-55617-0066.fits
4703/spec-4703-55617-0067.fits
4703/spec-4703-55617-0068.fits
4703/spec-4703-55617-0069.fits
4703/spec-4703-55617-0070.fits
4703/spec-4703-55617-0071.fits
4703/spec-4703-55617-0072.fits
4703/spec-4703-55617-0073.fits
4703/spec-4703-55617-0074.fits
4703/spec-4703-55617-0075.fits
4703/spec-4703-55617-0076.fits
4703/spec-4703-55617-0077.fits
4703/spec-4703-55617-0078.fits
4703/spec-4703-55617-0079.fits
4703/spec-4703-55617-0080.fits
4703/spec-4703-55617-0081.fits
4703/spec-4703-55617-0082.fits
4703/spec-4703-55617-0083.fits
4703/spec-4703-55617-0084.fits
4703/spec-4703-55617-0085.fits
4703/spec-4703-55617-0086.fits
4703/spec-4703-55617-0087.fits
4703/spec-4703-55617-0088.fits
4703/spec-4703-55617-0089.fits
4703/spec-4703-55617-0090.fits
4703/spec-4703-55617-0091.fits
4703/spec-4703-55617-0092.fits
4703/spec-4703-55617-0093.fits
4703/spec-4703-55617-0094.fits
4703/spec-4703-55617-0095.fits
4703/spec-4703-55617-0096.fits
4703/spec-4703-55617-0097.fits
4703/spec-4703-55617-0098.fits
4703/spec-4703-55617-0099.fits
4703/spec-4703-55617-0100.fits
4703/spec-4703-55617-0101.fits
4703/spec-4703-55617-0102.fits
4703/spec-4703-55617-0103.fits
4703/spec-4703-55617-0104.fits
4703/spec-4703-55617-0105.fits
4703/spec-4703-55617-0106.fits
4703/spec-4703-55617-0107.fits
4703/spec-4703-55617-0108.fits
4703/spec-4703-55617-0109.fits
4703/spec-4703-55617-0110.fits
4703/spec-4703-55617-0111.fits
4703/spec-4703-55617-0112.fits
4703/spec-4703-55617-0113.fits
4703/spec-4703-55617-0114.fits
4703/spec-4703-55617-0115.fits
4703/spec-4703-55617-0116.fits
4703/spec-4703-55617-0117.fits
4703/spec-4703-55617-0118.fits
4703/spec-4703-55617-0119.fits
4703/spec-4703-55617-0120.fits
4703/spec-4703-55617-0121.fits
4703/spec-4703-55617-0122.fits
4703/spec-4703-55617-0123.fits
4703/spec-4703-55617-0124.fits
4703/spec-4703-55617-0125.fits
4703/spec-4703-55617-0126.fits
4703/spec-4703-55617-0127.fits
4703/spec-4703-55617-0128.fits
4703/spec-4703-55617-0129.fits
4703/spec-4703-55617-0130.fits
4703/spec-4703-55617-0131.fits
4703/spec-4703-55617-0132.fits
4703/spec-4703-55617-0133.fits
4703/spec-4703-55617-0134.fits
4703/spec-4703-55617-0135.fits
4703/spec-4703-55617-0136.fits
4703/spec-4703-55617-0137.fits
4703/spec-4703-55617-0138.fits
4703/spec-4703-55617-0139.fits
4703/spec-4703-55617-0140.fits
4703/spec-4703-55617-0141.fits
4703/spec-4703-55617-0142.fits
4703/spec-4703-55617-0143.fits
4703/spec-4703-55617-0144.fits
4703/spec-4703-55617-0145.fits
4703/spec-4703-55617-0146.fits
4703/spec-4703-55617-0147.fits
4703/spec-4703-55617-0148.fits
4703/spec-4703-55617-0149.fits
4703/spec-4703-55617-0150.fits
4703/spec-4703-55617-0151.fits
4703/spec-4703-55617-0152.fits
4703/spec-4703-55617-0153.fits
4703/spec-4703-55617-0154.fits
4703/spec-4703-55617-0155.fits
4703/spec-4703-55617-0156.fits
4703/spec-4703-55617-0157.fits
4703/spec-4703-55617-0158.fits
4703/spec-4703-55617-0159.fits
4703/spec-4703-55617-0160.fits
4703/spec-4703-55617-0161.fits
4703/spec-4703-55617-0162.fits
4703/spec-4703-55617-0163.fits
4703/spec-4703-55617-0164.fits
4703/spec-4703-55617-0165.fits
4703/spec-4703-55617-0166.fits
4703/spec-4703-55617-0167.fits
4703/spec-4703-55617-0168.fits
4703/spec-4703-55617-0169.fits
4703/spec-4703-55617-0170.fits
4703/spec-4703-55617-0171.fits
4703/spec-4703-55617-0172.fits
4703/spec-4703-55617-0173.fits
4703/spec-4703-55617-0174.fits
4703/spec-4703-55617-0175.fits
4703/spec-4703-55617-0176.fits
4703/spec-4703-55617-0177.fits
4703/spec-4703-55617-0178.fits
4703/spec-4703-55617-0179.fits
4703/spec-4703-55617-0180.fits
4703/spec-4703-55617-0181.fits
4703/spec-4703-55617-0182.fits
4703/spec-4703-55617-0183.fits
4703/spec-4703-55617-0184.fits
4703/spec-4703-55617-0185.fits
4703/spec-4703-55617-0186.fits
4703/spec-4703-55617-0187.fits
4703/spec-4703-55617-0188.fits
4703/spec-4703-55617-0189.fits
4703/spec-4703-55617-0190.fits
4703/spec-4703-55617-0191.fits
4703/spec-4703-55617-0192.fits
4703/spec-4703-55617-0193.fits
4703/spec-4703-55617-0194.fits
4703/spec-4703-55617-0195.fits
4703/spec-4703-55617-0196.fits
4703/spec-4703-55617-0197.fits
4703/spec-4703-55617-0198.fits
4703/spec-4703-55617-0199.fits
4703/spec-4703-55617-0200.fits
4703/spec-4703-55617-0201.fits
4703/spec-4703-55617-0202.fits
4703/spec-4703-55617-0203.fits
4703/spec-4703-55617-0204.fits
4703/spec-4703-55617-0205.fits
4703/spec-4703-55617-0206.fits
4703/spec-4703-55617-0207.fits
4703/spec-4703-55617-0208.fits
4703/spec-4703-55617-0209.fits
4703/spec-4703-55617-0210.fits
4703/spec-4703-55617-0211.fits
4703/spec-4703-55617-0212.fits
4703/spec-4703-55617-0213.fits
4703/spec-4703-55617-0214.fits
4703/spec-4703-55617-0215.fits
4703/spec-4703-55617-0216.fits
4703/spec-4703-55617-0217.fits
4703/spec-4703-55617-0218.fits
4703/spec-4703-55617-0219.fits
4703/spec-4703-55617-0220.fits
4703/spec-4703-55617-0221.fits
4703/spec-4703-55617-0222.fits
4703/spec-4703-55617-0223.fits
4703/spec-4703-55617-0224.fits
4703/spec-4703-55617-0225.fits
4703/spec-4703-55617-0226.fits
4703/spec-4703-55617-0227.fits
4703/spec-4703-55617-0228.fits
4703/spec-4703-55617-0229.fits
4703/spec-4703-55617-0230.fits
4703/spec-4703-55617-0231.fits
4703/spec-4703-55617-0232.fits
4703/spec-4703-55617-0233.fits
4703/spec-4703-55617-0234.fits
4703/spec-4703-55617-0235.fits
4703/spec-4703-55617-0236.fits
4703/spec-4703-55617-0237.fits
4703/spec-4703-55617-0238.fits
4703/spec-4703-55617-0239.fits
4703/spec-4703-55617-0240.fits
4703/spec-4703-55617-0241.fits
4703/spec-4703-55617-0242.fits
4703/spec-4703-55617-0243.fits
4703/spec-4703-55617-0244.fits
4703/spec-4703-55617-0245.fits
4703/spec-4703-55617-0246.fits
4703/spec-4703-55617-0247.fits
4703/spec-4703-55617-0248.fits
4703/spec-4703-55617-0249.fits
4703/spec-4703-55617-0250.fits
4703/spec-4703-55617-0251.fits
4703/spec-4703-55617-0252.fits
4703/spec-4703-55617-0253.fits
4703/spec-4703-55617-0254.fits
4703/spec-4703-55617-0255.fits
4703/spec-4703-55617-0256.fits
4703/spec-4703-55617-0257.fits
4703/spec-4703-55617-0258.fits
4703/spec-4703-55617-0259.fits
4703/spec-4703-55617-0260.fits
4703/spec-4703-55617-0261.fits
4703/spec-4703-55617-0262.fits
4703/spec-4703-55617-0263.fits
4703/spec-4703-55617-0264.fits
4703/spec-4703-55617-0265.fits
4703/spec-4703-55617-0266.fits
4703/spec-4703-55617-0267.fits
4703/spec-4703-55617-0268.fits
4703/spec-4703-55617-0269.fits
4703/spec-4703-55617-0270.fits
4703/spec-4703-55617-0271.fits
4703/spec-4703-55617-0272.fits
4703/spec-4703-55617-0273.fits
4703/spec-4703-55617-0274.fits
4703/spec-4703-55617-0275.fits
4703/spec-4703-55617-0276.fits
4703/spec-4703-55617-0277.fits
4703/spec-4703-55617-0278.fits
4703/spec-4703-55617-0279.fits
4703/spec-4703-55617-0280.fits
4703/spec-4703-55617-0281.fits
4703/spec-4703-55617-0282.fits
4703/spec-4703-55617-0283.fits
4703/spec-4703-55617-0284.fits
4703/spec-4703-55617-0285.fits
4703/spec-4703-55617-0286.fits
4703/spec-4703-55617-0287.fits
4703/spec-4703-55617-0288.fits
4703/spec-4703-55617-0289.fits
4703/spec-4703-55617-0290.fits
4703/spec-4703-55617-0291.fits
4703/spec-4703-55617-0292.fits
4703/spec-4703-55617-0293.fits
4703/spec-4703-55617-0294.fits
4703/spec-4703-55617-0295.fits
4703/spec-4703-55617-0296.fits
4703/spec-4703-55617-0297.fits
4703/spec-4703-55617-0298.fits
4703/spec-4703-55617-0299.fits
4703/spec-4703-55617-0300.fits
4703/spec-4703-55617-0301.fits
4703/spec-4703-55617-0302.fits
4703/spec-4703-55617-0303.fits
4703/spec-4703-55617-0304.fits
4703/spec-4703-55617-0305.fits
4703/spec-4703-55617-0306.fits
4703/spec-4703-55617-0307.fits
4703/spec-4703-55617-0308.fits
4703/spec-4703-55617-0309.fits
4703/spec-4703-55617-0310.fits
4703/spec-4703-55617-0311.fits
4703/spec-4703-55617-0312.fits
4703/spec-4703-55617-0313.fits
4703/spec-4703-55617-0314.fits
4703/spec-4703-55617-0315.fits
4703/spec-4703-55617-0316.fits
4703/spec-4703-55617-0317.fits
4703/spec-4703-55617-0318.fits
4703/spec-4703-55617-0319.fits
4703/spec-4703-55617-0320.fits
4703/spec-4703-55617-0321.fits
4703/spec-4703-55617-0322.fits
4703/spec-4703-55617-0323.fits
4703/spec-4703-55617-0324.fits
4703/spec-4703-55617-0325.fits
4703/spec-4703-55617-0326.fits
4703/spec-4703-55617-0327.fits
4703/spec-4703-55617-0328.fits
4703/spec-4703-55617-0329.fits
4703/spec-4703-55617-0330.fits
4703/spec-4703-55617-0331.fits
4703/spec-4703-55617-0332.fits
4703/spec-4703-55617-0333.fits
4703/spec-4703-55617-0334.fits
4703/spec-4703-55617-0335.fits
4703/spec-4703-55617-0336.fits
4703/spec-4703-55617-0337.fits
4703/spec-4703-55617-0338.fits
4703/spec-4703-55617-0339.fits
4703/spec-4703-55617-0340.fits
4703/spec-4703-55617-0341.fits
4703/spec-4703-55617-0342.fits
4703/spec-4703-55617-0343.fits
4703/spec-4703-55617-0344.fits
4703/spec-4703-55617-0345.fits
4703/spec-4703-55617-0346.fits
4703/spec-4703-55617-0347.fits
4703/spec-4703-55617-0348.fits
4703/spec-4703-55617-0349.fits
4703/spec-4703-55617-0350.fits
4703/spec-4703-55617-0351.fits
4703/spec-4703-55617-0352.fits
4703/spec-4703-55617-0353.fits
4703/spec-4703-55617-0354.fits
4703/spec-4703-55617-0355.fits
4703/spec-4703-55617-0356.fits
4703/spec-4703-55617-0357.fits
4703/spec-4703-55617-0358.fits
4703/spec-4703-55617-0359.fits
4703/spec-4703-55617-0360.fits
4703/spec-4703-55617-0361.fits
4703/spec-4703-55617-0362.fits
4703/spec-4703-55617-0363.fits
4703/spec-4703-55617-0364.fits
4703/spec-4703-55617-0365.fits
4703/spec-4703-55617-0366.fits
4703/spec-4703-55617-0367.fits
4703/spec-4703-55617-0368.fits
4703/spec-4703-55617-0369.fits
4703/spec-4703-55617-0370.fits
4703/spec-4703-55617-0371.fits
4703/spec-4703-55617-0372.fits
4703/spec-4703-55617-0373.fits
4703/spec-4703-55617-0374.fits
4703/spec-4703-55617-0375.fits
4703/spec-4703-55617-0376.fits
4703/spec-4703-55617-0377.fits
4703/spec-4703-55617-0378.fits
4703/spec-4703-55617-0379.fits
4703/spec-4703-55617-0380.fits
4703/spec-4703-55617-0381.fits
4703/spec-4703-55617-0382.fits
4703/spec-4703-55617-0383.fits
4703/spec-4703-55617-0384.fits
4703/spec-4703-55617-0385.fits
4703/spec-4703-55617-0386.fits
4703/spec-4703-55617-0387.fits
4703/spec-4703-55617-0388.fits
4703/spec-4703-55617-0389.fits
4703/spec-4703-55617-0390.fits
4703/spec-4703-55617-0391.fits
4703/spec-4703-55617-0392.fits
4703/spec-4703-55617-0393.fits
4703/spec-4703-55617-0394.fits
4703/spec-4703-55617-0395.fits
4703/spec-4703-55617-0396.fits
4703/spec-4703-55617-0397.fits
4703/spec-4703-55617-0398.fits
4703/spec-4703-55617-0399.fits
4703/spec-4703-55617-0400.fits
4703/spec-4703-55617-0401.fits
4703/spec-4703-55617-0402.fits
4703/spec-4703-55617-0403.fits
4703/spec-4703-55617-0404.fits
4703/spec-4703-55617-0405.fits
4703/spec-4703-55617-0406.fits
4703/spec-4703-55617-0407.fits
4703/spec-4703-55617-0408.fits
4703/spec-4703-55617-0409.fits
4703/spec-4703-55617-0410.fits
4703/spec-4703-55617-0411.fits
4703/spec-4703-55617-0412.fits
4703/spec-4703-55617-0413.fits
4703/spec-4703-55617-0414.fits
4703/spec-4703-55617-0415.fits
4703/spec-4703-55617-0416.fits
4703/spec-4703-55617-0417.fits
4703/spec-4703-55617-0418.fits
4703/spec-4703-55617-0419.fits
4703/spec-4703-55617-0420.fits
4703/spec-4703-55617-0421.fits
4703/spec-4703-55617-0422.fits
4703/spec-4703-55617-0423.fits
4703/spec-4703-55617-0424.fits
4703/spec-4703-55617-0425.fits
4703/spec-4703-55617-0426.fits
4703/spec-4703-55617-0427.fits
4703/spec-4703-55617-0428.fits
4703/spec-4703-55617-0429.fits
4703/spec-4703-55617-0430.fits
4703/spec-4703-55617-0431.fits
4703/spec-4703-55617-0432.fits
4703/spec-4703-55617-0433.fits
4703/spec-4703-55617-0434.fits
4703/spec-4703-55617-0435.fits
4703/spec-4703-55617-0436.fits
4703/spec-4703-55617-0437.fits
4703/spec-4703-55617-0438.fits
4703/spec-4703-55617-0439.fits
4703/spec-4703-55617-0440.fits
4703/spec-4703-55617-0441.fits
4703/spec-4703-55617-0442.fits
4703/spec-4703-55617-0443.fits
4703/spec-4703-55617-0444.fits
4703/spec-4703-55617-0445.fits
4703/spec-4703-55617-0446.fits
4703/spec-4703-55617-0447.fits
4703/spec-4703-55617-0448.fits
4703/spec-4703-55617-0449.fits
4703/spec-4703-55617-0450.fits
4703/spec-4703-55617-0451.fits
4703/spec-4703-55617-0452.fits
4703/spec-4703-55617-0453.fits
4703/spec-4703-55617-0454.fits
4703/spec-4703-55617-0455.fits
4703/spec-4703-55617-0456.fits
4703/spec-4703-55617-0457.fits
4703/spec-4703-55617-0458.fits
4703/spec-4703-55617-0459.fits
4703/spec-4703-55617-0460.fits
4703/spec-4703-55617-0461.fits
4703/spec-4703-55617-0462.fits
4703/spec-4703-55617-0463.fits
4703/spec-4703-55617-0464.fits
4703/spec-4703-55617-0465.fits
4703/spec-4703-55617-0466.fits
4703/spec-4703-55617-0467.fits
4703/spec-4703-55617-0468.fits
4703/spec-4703-55617-0469.fits
4703/spec-4703-55617-0470.fits
4703/spec-4703-55617-0471.fits
4703/spec-4703-55617-0472.fits
4703/spec-4703-55617-0473.fits
4703/spec-4703-55617-0474.fits
4703/spec-4703-55617-0475.fits
4703/spec-4703-55617-0476.fits
4703/spec-4703-55617-0477.fits
4703/spec-4703-55617-0478.fits
4703/spec-4703-55617-0479.fits
4703/spec-4703-55617-0480.fits
4703/spec-4703-55617-0481.fits
4703/spec-4703-55617-0482.fits
4703/spec-4703-55617-0483.fits
4703/spec-4703-55617-0484.fits
4703/spec-4703-55617-0485.fits
4703/spec-4703-55617-0486.fits
4703/spec-4703-55617-0487.fits
4703/spec-4703-55617-0488.fits
4703/spec-4703-55617-0489.fits
4703/spec-4703-55617-0490.fits
4703/spec-4703-55617-0491.fits
4703/spec-4703-55617-0492.fits
4703/spec-4703-55617-0493.fits
4703/spec-4703-55617-0494.fits
4703/spec-4703-55617-0495.fits
4703/spec-4703-55617-0496.fits
4703/spec-4703-55617-0497.fits
4703/spec-4703-55617-0498.fits
4703/spec-4703-55617-0499.fits
4703/spec-4703-55617-0500.fits
4703/spec-4703-55617-0501.fits
4703/spec-4703-55617-0502.fits
4703/spec-4703-55617-0503.fits
4703/spec-4703-55617-0504.fits
4703/spec-4703-55617-0505.fits
4703/spec-4703-55617-0506.fits
4703/spec-4703-55617-0507.fits
4703/spec-4703-55617-0508.fits
4703/spec-4703-55617-0509.fits
4703/spec-4703-55617-0510.fits
4703/spec-4703-55617-0511.fits
4703/spec-4703-55617-0512.fits
4703/spec-4703-55617-0513.fits
4703/spec-4703-55617-0514.fits
4703/spec-4703-55617-0515.fits
4703/spec-4703-55617-0516.fits
4703/spec-4703-55617-0517.fits
4703/spec-4703-55617-0518.fits
4703/spec-4703-55617-0519.fits
4703/spec-4703-55617-0520.fits
4703/spec-4703-55617-0521.fits
4703/spec-4703-55617-0522.fits
4703/spec-4703-55617-0523.fits
4703/spec-4703-55617-0524.fits
4703/spec-4703-55617-0525.fits
4703/spec-4703-55617-0526.fits
4703/spec-4703-55617-0527.fits
4703/spec-4703-55617-0528.fits
4703/spec-4703-55617-0529.fits
4703/spec-4703-55617-0530.fits
4703/spec-4703-55617-0531.fits
4703/spec-4703-55617-0532.fits
4703/spec-4703-55617-0533.fits
4703/spec-4703-55617-0534.fits
4703/spec-4703-55617-0535.fits
4703/spec-4703-55617-0536.fits
4703/spec-4703-55617-0537.fits
4703/spec-4703-55617-0538.fits
4703/spec-4703-55617-0539.fits
4703/spec-4703-55617-0540.fits
4703/spec-4703-55617-0541.fits
4703/spec-4703-55617-0542.fits
4703/spec-4703-55617-0543.fits
4703/spec-4703-55617-0544.fits
4703/spec-4703-55617-0545.fits
4703/spec-4703-55617-0546.fits
4703/spec-4703-55617-0547.fits
4703/spec-4703-55617-0548.fits
4703/spec-4703-55617-0549.fits
4703/spec-4703-55617-0550.fits
4703/spec-4703-55617-0551.fits
4703/spec-4703-55617-0552.fits
4703/spec-4703-55617-0553.fits
4703/spec-4703-55617-0554.fits
4703/spec-4703-55617-0555.fits
4703/spec-4703-55617-0556.fits
4703/spec-4703-55617-0557.fits
4703/spec-4703-55617-0558.fits
4703/spec-4703-55617-0559.fits
4703/spec-4703-55617-0560.fits
4703/spec-4703-55617-0561.fits
4703/spec-4703-55617-0562.fits
4703/spec-4703-55617-0563.fits
4703/spec-4703-55617-0564.fits
4703/spec-4703-55617-0565.fits
4703/spec-4703-55617-0566.fits
4703/spec-4703-55617-0567.fits
4703/spec-4703-55617-0568.fits
4703/spec-4703-55617-0569.fits
4703/spec-4703-55617-0570.fits
4703/spec-4703-55617-0571.fits
4703/spec-4703-55617-0572.fits
4703/spec-4703-55617-0573.fits
4703/spec-4703-55617-0574.fits
4703/spec-4703-55617-0575.fits
4703/spec-4703-55617-0576.fits
4703/spec-4703-55617-0577.fits
4703/spec-4703-55617-0578.fits
4703/spec-4703-55617-0579.fits
4703/spec-4703-55617-0580.fits
4703/spec-4703-55617-0581.fits
4703/spec-4703-55617-0582.fits
4703/spec-4703-55617-0583.fits
4703/spec-4703-55617-0584.fits
4703/spec-4703-55617-0585.fits
4703/spec-4703-55617-0586.fits
4703/spec-4703-55617-0587.fits
4703/spec-4703-55617-0588.fits
4703/spec-4703-55617-0589.fits
4703/spec-4703-55617-0590.fits
4703/spec-4703-55617-0591.fits
4703/spec-4703-55617-0592.fits
4703/spec-4703-55617-0593.fits
4703/spec-4703-55617-0594.fits
4703/spec-4703-55617-0595.fits
4703/spec-4703-55617-0596.fits
4703/spec-4703-55617-0597.fits
4703/spec-4703-55617-0598.fits
4703/spec-4703-55617-0599.fits
4703/spec-4703-55617-0600.fits
4703/spec-4703-55617-0601.fits
4703/spec-4703-55617-0602.fits
4703/spec-4703-55617-0603.fits
4703/spec-4703-55617-0604.fits
4703/spec-4703-55617-0605.fits
4703/spec-4703-55617-0606.fits
4703/spec-4703-55617-0607.fits
4703/spec-4703-55617-0608.fits
4703/spec-4703-55617-0609.fits
4703/spec-4703-55617-0610.fits
4703/spec-4703-55617-0611.fits
4703/spec-4703-55617-0612.fits
4703/spec-4703-55617-0613.fits
4703/spec-4703-55617-0614.fits
4703/spec-4703-55617-0615.fits
4703/spec-4703-55617-0616.fits
4703/spec-4703-55617-0617.fits
4703/spec-4703-55617-0618.fits
4703/spec-4703-55617-0619.fits
4703/spec-4703-55617-0620.fits
4703/spec-4703-55617-0621.fits
4703/spec-4703-55617-0622.fits
4703/spec-4703-55617-0623.fits
4703/spec-4703-55617-0624.fits
4703/spec-4703-55617-0625.fits
4703/spec-4703-55617-0626.fits
4703/spec-4703-55617-0627.fits
4703/spec-4703-55617-0628.fits
4703/spec-4703-55617-0629.fits
4703/spec-4703-55617-0630.fits
4703/spec-4703-55617-0631.fits
4703/spec-4703-55617-0632.fits
4703/spec-4703-55617-0633.fits
4703/spec-4703-55617-0634.fits
4703/spec-4703-55617-0635.fits
4703/spec-4703-55617-0636.fits
4703/spec-4703-55617-0637.fits
4703/spec-4703-55617-0638.fits
4703/spec-4703-55617-0639.fits
4703/spec-4703-55617-0640.fits
4703/spec-4703-55617-0641.fits
4703/spec-4703-55617-0642.fits
4703/spec-4703-55617-0643.fits
4703/spec-4703-55617-0644.fits
4703/spec-4703-55617-0645.fits
4703/spec-4703-55617-0646.fits
4703/spec-4703-55617-0647.fits
4703/spec-4703-55617-0648.fits
4703/spec-4703-55617-0649.fits
4703/spec-4703-55617-0650.fits
4703/spec-4703-55617-0651.fits
4703/spec-4703-55617-0652.fits
4703/spec-4703-55617-0653.fits
4703/spec-4703-55617-0654.fits
4703/spec-4703-55617-0655.fits
4703/spec-4703-55617-0656.fits
4703/spec-4703-55617-0657.fits
4703/spec-4703-55617-0658.fits
4703/spec-4703-55617-0659.fits
4703/spec-4703-55617-0660.fits
4703/spec-4703-55617-0661.fits
4703/spec-4703-55617-0662.fits
4703/spec-4703-55617-0663.fits
4703/spec-4703-55617-0664.fits
4703/spec-4703-55617-0665.fits
4703/spec-4703-55617-0666.fits
4703/spec-4703-55617-0667.fits
4703/spec-4703-55617-0668.fits
4703/spec-4703-55617-0669.fits
4703/spec-4703-55617-0670.fits
4703/spec-4703-55617-0671.fits
4703/spec-4703-55617-0672.fits
4703/spec-4703-55617-0673.fits
4703/spec-4703-55617-0674.fits
4703/spec-4703-55617-0675.fits
4703/spec-4703-55617-0676.fits
4703/spec-4703-55617-0677.fits
4703/spec-4703-55617-0678.fits
4703/spec-4703-55617-0679.fits
4703/spec-4703-55617-0680.fits
4703/spec-4703-55617-0681.fits
4703/spec-4703-55617-0682.fits
4703/spec-4703-55617-0683.fits
4703/spec-4703-55617-0684.fits
4703/spec-4703-55617-0685.fits
4703/spec-4703-55617-0686.fits
4703/spec-4703-55617-0687.fits
4703/spec-4703-55617-0688.fits
4703/spec-4703-55617-0689.fits
4703/spec-4703-55617-0690.fits
4703/spec-4703-55617-0691.fits
4703/spec-4703-55617-0692.fits
4703/spec-4703-55617-0693.fits
4703/spec-4703-55617-0694.fits
4703/spec-4703-55617-0695.fits
4703/spec-4703-55617-0696.fits
4703/spec-4703-55617-0697.fits
4703/spec-4703-55617-0698.fits
4703/spec-4703-55617-0699.fits
4703/spec-4703-55617-0700.fits
4703/spec-4703-55617-0701.fits
4703/spec-4703-55617-0702.fits
4703/spec-4703-55617-0703.fits
4703/spec-4703-55617-0704.fits
4703/spec-4703-55617-0705.fits
4703/spec-4703-55617-0706.fits
4703/spec-4703-55617-0707.fits
4703/spec-4703-55617-0708.fits
4703/spec-4703-55617-0709.fits
4703/spec-4703-55617-0710.fits
4703/spec-4703-55617-0711.fits
4703/spec-4703-55617-0712.fits
4703/spec-4703-55617-0713.fits
4703/spec-4703-55617-0714.fits
4703/spec-4703-55617-0715.fits
4703/spec-4703-55617-0716.fits
4703/spec-4703-55617-0717.fits
4703/spec-4703-55617-0718.fits
4703/spec-4703-55617-0719.fits
4703/spec-4703-55617-0720.fits
4703/spec-4703-55617-0721.fits
4703/spec-4703-55617-0722.fits
4703/spec-4703-55617-0723.fits
4703/spec-4703-55617-0724.fits
4703/spec-4703-55617-0725.fits
4703/spec-4703-55617-0726.fits
4703/spec-4703-55617-0727.fits
4703/spec-4703-55617-0728.fits
4703/spec-4703-55617-0729.fits
4703/spec-4703-55617-0730.fits
4703/spec-4703-55617-0731.fits
4703/spec-4703-55617-0732.fits
4703/spec-4703-55617-0733.fits
4703/spec-4703-55617-0734.fits
4703/spec-4703-55617-0735.fits
4703/spec-4703-55617-0736.fits
4703/spec-4703-55617-0737.fits
4703/spec-4703-55617-0738.fits
4703/spec-4703-55617-0739.fits
4703/spec-4703-55617-0740.fits
4703/spec-4703-55617-0741.fits
4703/spec-4703-55617-0742.fits
4703/spec-4703-55617-0743.fits
4703/spec-4703-55617-0744.fits
4703/spec-4703-55617-0745.fits
4703/spec-4703-55617-0746.fits
4703/spec-4703-55617-0747.fits
4703/spec-4703-55617-0748.fits
4703/spec-4703-55617-0749.fits
4703/spec-4703-55617-0750.fits
4703/spec-4703-55617-0751.fits
4703/spec-4703-55617-0752.fits
4703/spec-4703-55617-0753.fits
4703/spec-4703-55617-0754.fits
4703/spec-4703-55617-0755.fits
4703/spec-4703-55617-0756.fits
4703/spec-4703-55617-0757.fits
4703/spec-4703-55617-0758.fits
4703/spec-4703-55617-0759.fits
4703/spec-4703-55617-0760.fits
4703/spec-4703-55617-0761.fits
4703/spec-4703-55617-0762.fits
4703/spec-4703-55617-0763.fits
4703/spec-4703-55617-0764.fits
4703/spec-4703-55617-0765.fits
4703/spec-4703-55617-0766.fits
4703/spec-4703-55617-0767.fits
4703/spec-4703-55617-0768.fits
4703/spec-4703-55617-0769.fits
4703/spec-4703-55617-0770.fits
4703/spec-4703-55617-0771.fits
4703/spec-4703-55617-0772.fits
4703/spec-4703-55617-0773.fits
4703/spec-4703-55617-0774.fits
4703/spec-4703-55617-0775.fits
4703/spec-4703-55617-0776.fits
4703/spec-4703-55617-0777.fits
4703/spec-4703-55617-0778.fits
4703/spec-4703-55617-0779.fits
4703/spec-4703-55617-0780.fits
4703/spec-4703-55617-0781.fits
4703/spec-4703-55617-0782.fits
4703/spec-4703-55617-0783.fits
4703/spec-4703-55617-0784.fits
4703/spec-4703-55617-0785.fits
4703/spec-4703-55617-0786.fits
4703/spec-4703-55617-0787.fits
4703/spec-4703-55617-0788.fits
4703/spec-4703-55617-0789.fits
4703/spec-4703-55617-0790.fits
4703/spec-4703-55617-0791.fits
4703/spec-4703-55617-0792.fits
4703/spec-4703-55617-0793.fits
4703/spec-4703-55617-0794.fits
4703/spec-4703-55617-0795.fits
4703/spec-4703-55617-0796.fits
4703/spec-4703-55617-0797.fits
4703/spec-4703-55617-0798.fits
4703/spec-4703-55617-0799.fits
4703/spec-4703-55617-0800.fits
4703/spec-4703-55617-0801.fits
4703/spec-4703-55617-0802.fits
4703/spec-4703-55617-0803.fits
4703/spec-4703-55617-0804.fits
4703/spec-4703-55617-0805.fits
4703/spec-4703-55617-0806.fits
4703/spec-4703-55617-0807.fits
4703/spec-4703-55617-0808.fits
4703/spec-4703-55617-0809.fits
4703/spec-4703-55617-0810.fits
4703/spec-4703-55617-0811.fits
4703/spec-4703-55617-0812.fits
4703/spec-4703-55617-0813.fits
4703/spec-4703-55617-0814.fits
4703/spec-4703-55617-0815.fits
4703/spec-4703-55617-0816.fits
4703/spec-4703-55617-0817.fits
4703/spec-4703-55617-0818.fits
4703/spec-4703-55617-0819.fits
4703/spec-4703-55617-0820.fits
4703/spec-4703-55617-0821.fits
4703/spec-4703-55617-0822.fits
4703/spec-4703-55617-0823.fits
4703/spec-4703-55617-0824.fits
4703/spec-4703-55617-0825.fits
4703/spec-4703-55617-0826.fits
4703/spec-4703-55617-0827.fits
4703/spec-4703-55617-0828.fits
4703/spec-4703-55617-0829.fits
4703/spec-4703-55617-0830.fits
4703/spec-4703-55617-0831.fits
4703/spec-4703-55617-0832.fits
4703/spec-4703-55617-0833.fits
4703/spec-4703-55617-0834.fits
4703/spec-4703-55617-0835.fits
4703/spec-4703-55617-0836.fits
4703/spec-4703-55617-0837.fits
4703/spec-4703-55617-0838.fits
4703/spec-4703-55617-0839.fits
4703/spec-4703-55617-0840.fits
4703/spec-4703-55617-0841.fits
4703/spec-4703-55617-0842.fits
4703/spec-4703-55617-0843.fits
4703/spec-4703-55617-0844.fits
4703/spec-4703-55617-0845.fits
4703/spec-4703-55617-0846.fits
4703/spec-4703-55617-0847.fits
4703/spec-4703-55617-0848.fits
4703/spec-4703-55617-0849.fits
4703/spec-4703-55617-0850.fits
4703/spec-4703-55617-0851.fits
4703/spec-4703-55617-0852.fits
4703/spec-4703-55617-0853.fits
4703/spec-4703-55617-0854.fits
4703/spec-4703-55617-0855.fits
4703/spec-4703-55617-0856.fits
4703/spec-4703-55617-0857.fits
4703/spec-4703-55617-0858.fits
4703/spec-4703-55617-0859.fits
4703/spec-4703-55617-0860.fits
4703/spec-4703-55617-0861.fits
4703/spec-4703-55617-0862.fits
4703/spec-4703-55617-0863.fits
4703/spec-4703-55617-0864.fits
4703/spec-4703-55617-0865.fits
4703/spec-4703-55617-0866.fits
4703/spec-4703-55617-0867.fits
4703/spec-4703-55617-0868.fits
4703/spec-4703-55617-0869.fits
4703/spec-4703-55617-0870.fits
4703/spec-4703-55617-0871.fits
4703/spec-4703-55617-0872.fits
4703/spec-4703-55617-0873.fits
4703/spec-4703-55617-0874.fits
4703/spec-4703-55617-0875.fits
4703/spec-4703-55617-0876.fits
4703/spec-4703-55617-0877.fits
4703/spec-4703-55617-0878.fits
4703/spec-4703-55617-0879.fits
4703/spec-4703-55617-0880.fits
4703/spec-4703-55617-0881.fits
4703/spec-4703-55617-0882.fits
4703/spec-4703-55617-0883.fits
4703/spec-4703-55617-0884.fits
4703/spec-4703-55617-0885.fits
4703/spec-4703-55617-0886.fits
4703/spec-4703-55617-0887.fits
4703/spec-4703-55617-0888.fits
4703/spec-4703-55617-0889.fits
4703/spec-4703-55617-0890.fits
4703/spec-4703-55617-0891.fits
4703/spec-4703-55617-0892.fits
4703/spec-4703-55617-0893.fits
4703/spec-4703-55617-0894.fits
4703/spec-4703-55617-0895.fits
4703/spec-4703-55617-0896.fits
4703/spec-4703-55617-0897.fits
4703/spec-4703-55617-0898.fits
4703/spec-4703-55617-0899.fits
4703/spec-4703-55617-0900.fits
4703/spec-4703-55617-0901.fits
4703/spec-4703-55617-0902.fits
4703/spec-4703-55617-0903.fits
4703/spec-4703-55617-0904.fits
4703/spec-4703-55617-0905.fits
4703/spec-4703-55617-0906.fits
4703/spec-4703-55617-0907.fits
4703/spec-4703-55617-0908.fits
4703/spec-4703-55617-0909.fits
4703/spec-4703-55617-0910.fits
4703/spec-4703-55617-0911.fits
4703/spec-4703-55617-0912.fits
4703/spec-4703-55617-0913.fits
4703/spec-4703-55617-0914.fits
4703/spec-4703-55617-0915.fits
4703/spec-4703-55617-0916.fits
4703/spec-4703-55617-0917.fits
4703/spec-4703-55617-0918.fits
4703/spec-4703-55617-0919.fits
4703/spec-4703-55617-0920.fits
4703/spec-4703-55617-0921.fits
4703/spec-4703-55617-0922.fits
4703/spec-4703-55617-0923.fits
4703/spec-4703-55617-0924.fits
4703/spec-4703-55617-0925.fits
4703/spec-4703-55617-0926.fits
4703/spec-4703-55617-0927.fits
4703/spec-4703-55617-0928.fits
4703/spec-4703-55617-0929.fits
4703/spec-4703-55617-0930.fits
4703/spec-4703-55617-0931.fits
4703/spec-4703-55617-0932.fits
4703/spec-4703-55617-0933.fits
4703/spec-4703-55617-0934.fits
4703/spec-4703-55617-0935.fits
4703/spec-4703-55617-0936.fits
4703/spec-4703-55617-0937.fits
4703/spec-4703-55617-0938.fits
4703/spec-4703-55617-0939.fits
4703/spec-4703-55617-0940.fits
4703/spec-4703-55617-0941.fits
4703/spec-4703-55617-0942.fits
4703/spec-4703-55617-0943.fits
4703/spec-4703-55617-0944.fits
4703/spec-4703-55617-0945.fits
4703/spec-4703-55617-0946.fits
4703/spec-4703-55617-0947.fits
4703/spec-4703-55617-0948.fits
4703/spec-4703-55617-0949.fits
4703/spec-4703-55617-0950.fits
4703/spec-4703-55617-0951.fits
4703/spec-4703-55617-0952.fits
4703/spec-4703-55617-0953.fits
4703/spec-4703-55617-0954.fits
4703/spec-4703-55617-0955.fits
4703/spec-4703-55617-0956.fits
4703/spec-4703-55617-0957.fits
4703/spec-4703-55617-0958.fits
4703/spec-4703-55617-0959.fits
4703/spec-4703-55617-0960.fits
4703/spec-4703-55617-0961.fits
4703/spec-4703-55617-0962.fits
4703/spec-4703-55617-0963.fits
4703/spec-4703-55617-0964.fits
4703/spec-4703-55617-0965.fits
4703/spec-4703-55617-0966.fits
4703/spec-4703-55617-0967.fits
4703/spec-4703-55617-0968.fits
4703/spec-4703-55617-0969.fits
4703/spec-4703-55617-0970.fits
4703/spec-4703-55617-0971.fits
4703/spec-4703-55617-0972.fits
4703/spec-4703-55617-0973.fits
4703/spec-4703-55617-0974.fits
4703/spec-4703-55617-0975.fits
4703/spec-4703-55617-0976.fits
4703/spec-4703-55617-0977.fits
4703/spec-4703-55617-0978.fits
4703/spec-4703-55617-0979.fits
4703/spec-4703-55617-0980.fits
4703/spec-4703-55617-0981.fits
4703/spec-4703-55617-0982.fits
4703/spec-4703-55617-0983.fits
4703/spec-4703-55617-0984.fits
4703/spec-4703-55617-0985.fits
4703/spec-4703-55617-0986.fits
4703/spec-4703-55617-0987.fits
4703/spec-4703-55617-0988.fits
4703/spec-4703-55617-0989.fits
4703/spec-4703-55617-0990.fits
4703/spec-4703-55617-0991.fits
4703/spec-4703-55617-0992.fits
4703/spec-4703-55617-0993.fits
4703/spec-4703-55617-0994.fits
4703/spec-4703-55617-0995.fits
4703/spec-4703-55617-0996.fits
4703/spec-4703-55617-0997.fits
4703/spec-4703-55617-0998.fits
4703/spec-4703-55617-0999.fits
4703/spec-4703-55617-1000.fits
/var/lib/condor/execute/slot1/dir_22932
4703 4703.tgz R R361.tar.gz _condor_stderr _condor_stdout cB58_Lyman_break.fit condor_exec.exe hw4.R packages packages.tar.gz tmp var
[1] "Loaded package astro."
[1] 1000
4703 4703.csv 4703.tgz R R361.tar.gz _condor_stderr _condor_stdout cB58_Lyman_break.fit condor_exec.exe hw4.R packages packages.tar.gz tmp var
