4713
4713/
4713/spec-4713-56044-0001.fits
4713/spec-4713-56044-0002.fits
4713/spec-4713-56044-0003.fits
4713/spec-4713-56044-0004.fits
4713/spec-4713-56044-0005.fits
4713/spec-4713-56044-0006.fits
4713/spec-4713-56044-0007.fits
4713/spec-4713-56044-0008.fits
4713/spec-4713-56044-0009.fits
4713/spec-4713-56044-0010.fits
4713/spec-4713-56044-0011.fits
4713/spec-4713-56044-0012.fits
4713/spec-4713-56044-0013.fits
4713/spec-4713-56044-0014.fits
4713/spec-4713-56044-0015.fits
4713/spec-4713-56044-0016.fits
4713/spec-4713-56044-0017.fits
4713/spec-4713-56044-0018.fits
4713/spec-4713-56044-0019.fits
4713/spec-4713-56044-0020.fits
4713/spec-4713-56044-0021.fits
4713/spec-4713-56044-0022.fits
4713/spec-4713-56044-0023.fits
4713/spec-4713-56044-0024.fits
4713/spec-4713-56044-0025.fits
4713/spec-4713-56044-0026.fits
4713/spec-4713-56044-0027.fits
4713/spec-4713-56044-0028.fits
4713/spec-4713-56044-0029.fits
4713/spec-4713-56044-0030.fits
4713/spec-4713-56044-0031.fits
4713/spec-4713-56044-0032.fits
4713/spec-4713-56044-0033.fits
4713/spec-4713-56044-0034.fits
4713/spec-4713-56044-0035.fits
4713/spec-4713-56044-0036.fits
4713/spec-4713-56044-0037.fits
4713/spec-4713-56044-0038.fits
4713/spec-4713-56044-0039.fits
4713/spec-4713-56044-0040.fits
4713/spec-4713-56044-0041.fits
4713/spec-4713-56044-0042.fits
4713/spec-4713-56044-0043.fits
4713/spec-4713-56044-0044.fits
4713/spec-4713-56044-0045.fits
4713/spec-4713-56044-0046.fits
4713/spec-4713-56044-0047.fits
4713/spec-4713-56044-0048.fits
4713/spec-4713-56044-0049.fits
4713/spec-4713-56044-0050.fits
4713/spec-4713-56044-0051.fits
4713/spec-4713-56044-0052.fits
4713/spec-4713-56044-0053.fits
4713/spec-4713-56044-0054.fits
4713/spec-4713-56044-0055.fits
4713/spec-4713-56044-0056.fits
4713/spec-4713-56044-0057.fits
4713/spec-4713-56044-0058.fits
4713/spec-4713-56044-0059.fits
4713/spec-4713-56044-0060.fits
4713/spec-4713-56044-0061.fits
4713/spec-4713-56044-0062.fits
4713/spec-4713-56044-0063.fits
4713/spec-4713-56044-0064.fits
4713/spec-4713-56044-0065.fits
4713/spec-4713-56044-0066.fits
4713/spec-4713-56044-0067.fits
4713/spec-4713-56044-0068.fits
4713/spec-4713-56044-0069.fits
4713/spec-4713-56044-0070.fits
4713/spec-4713-56044-0071.fits
4713/spec-4713-56044-0072.fits
4713/spec-4713-56044-0073.fits
4713/spec-4713-56044-0074.fits
4713/spec-4713-56044-0075.fits
4713/spec-4713-56044-0076.fits
4713/spec-4713-56044-0077.fits
4713/spec-4713-56044-0078.fits
4713/spec-4713-56044-0079.fits
4713/spec-4713-56044-0080.fits
4713/spec-4713-56044-0081.fits
4713/spec-4713-56044-0082.fits
4713/spec-4713-56044-0083.fits
4713/spec-4713-56044-0084.fits
4713/spec-4713-56044-0085.fits
4713/spec-4713-56044-0086.fits
4713/spec-4713-56044-0087.fits
4713/spec-4713-56044-0088.fits
4713/spec-4713-56044-0089.fits
4713/spec-4713-56044-0090.fits
4713/spec-4713-56044-0091.fits
4713/spec-4713-56044-0092.fits
4713/spec-4713-56044-0093.fits
4713/spec-4713-56044-0094.fits
4713/spec-4713-56044-0095.fits
4713/spec-4713-56044-0096.fits
4713/spec-4713-56044-0097.fits
4713/spec-4713-56044-0098.fits
4713/spec-4713-56044-0099.fits
4713/spec-4713-56044-0100.fits
4713/spec-4713-56044-0101.fits
4713/spec-4713-56044-0102.fits
4713/spec-4713-56044-0103.fits
4713/spec-4713-56044-0104.fits
4713/spec-4713-56044-0105.fits
4713/spec-4713-56044-0106.fits
4713/spec-4713-56044-0107.fits
4713/spec-4713-56044-0108.fits
4713/spec-4713-56044-0109.fits
4713/spec-4713-56044-0110.fits
4713/spec-4713-56044-0111.fits
4713/spec-4713-56044-0112.fits
4713/spec-4713-56044-0113.fits
4713/spec-4713-56044-0114.fits
4713/spec-4713-56044-0115.fits
4713/spec-4713-56044-0116.fits
4713/spec-4713-56044-0117.fits
4713/spec-4713-56044-0118.fits
4713/spec-4713-56044-0119.fits
4713/spec-4713-56044-0120.fits
4713/spec-4713-56044-0121.fits
4713/spec-4713-56044-0122.fits
4713/spec-4713-56044-0123.fits
4713/spec-4713-56044-0124.fits
4713/spec-4713-56044-0125.fits
4713/spec-4713-56044-0126.fits
4713/spec-4713-56044-0127.fits
4713/spec-4713-56044-0128.fits
4713/spec-4713-56044-0129.fits
4713/spec-4713-56044-0130.fits
4713/spec-4713-56044-0131.fits
4713/spec-4713-56044-0132.fits
4713/spec-4713-56044-0133.fits
4713/spec-4713-56044-0134.fits
4713/spec-4713-56044-0135.fits
4713/spec-4713-56044-0136.fits
4713/spec-4713-56044-0137.fits
4713/spec-4713-56044-0138.fits
4713/spec-4713-56044-0139.fits
4713/spec-4713-56044-0140.fits
4713/spec-4713-56044-0141.fits
4713/spec-4713-56044-0142.fits
4713/spec-4713-56044-0143.fits
4713/spec-4713-56044-0144.fits
4713/spec-4713-56044-0145.fits
4713/spec-4713-56044-0146.fits
4713/spec-4713-56044-0147.fits
4713/spec-4713-56044-0148.fits
4713/spec-4713-56044-0149.fits
4713/spec-4713-56044-0150.fits
4713/spec-4713-56044-0151.fits
4713/spec-4713-56044-0152.fits
4713/spec-4713-56044-0153.fits
4713/spec-4713-56044-0154.fits
4713/spec-4713-56044-0155.fits
4713/spec-4713-56044-0156.fits
4713/spec-4713-56044-0157.fits
4713/spec-4713-56044-0158.fits
4713/spec-4713-56044-0159.fits
4713/spec-4713-56044-0160.fits
4713/spec-4713-56044-0161.fits
4713/spec-4713-56044-0162.fits
4713/spec-4713-56044-0163.fits
4713/spec-4713-56044-0164.fits
4713/spec-4713-56044-0165.fits
4713/spec-4713-56044-0166.fits
4713/spec-4713-56044-0167.fits
4713/spec-4713-56044-0168.fits
4713/spec-4713-56044-0169.fits
4713/spec-4713-56044-0170.fits
4713/spec-4713-56044-0171.fits
4713/spec-4713-56044-0172.fits
4713/spec-4713-56044-0173.fits
4713/spec-4713-56044-0174.fits
4713/spec-4713-56044-0175.fits
4713/spec-4713-56044-0176.fits
4713/spec-4713-56044-0177.fits
4713/spec-4713-56044-0178.fits
4713/spec-4713-56044-0179.fits
4713/spec-4713-56044-0180.fits
4713/spec-4713-56044-0181.fits
4713/spec-4713-56044-0182.fits
4713/spec-4713-56044-0183.fits
4713/spec-4713-56044-0184.fits
4713/spec-4713-56044-0185.fits
4713/spec-4713-56044-0186.fits
4713/spec-4713-56044-0187.fits
4713/spec-4713-56044-0188.fits
4713/spec-4713-56044-0189.fits
4713/spec-4713-56044-0190.fits
4713/spec-4713-56044-0191.fits
4713/spec-4713-56044-0192.fits
4713/spec-4713-56044-0193.fits
4713/spec-4713-56044-0194.fits
4713/spec-4713-56044-0195.fits
4713/spec-4713-56044-0196.fits
4713/spec-4713-56044-0197.fits
4713/spec-4713-56044-0198.fits
4713/spec-4713-56044-0199.fits
4713/spec-4713-56044-0200.fits
4713/spec-4713-56044-0201.fits
4713/spec-4713-56044-0202.fits
4713/spec-4713-56044-0203.fits
4713/spec-4713-56044-0204.fits
4713/spec-4713-56044-0205.fits
4713/spec-4713-56044-0206.fits
4713/spec-4713-56044-0207.fits
4713/spec-4713-56044-0208.fits
4713/spec-4713-56044-0209.fits
4713/spec-4713-56044-0210.fits
4713/spec-4713-56044-0211.fits
4713/spec-4713-56044-0212.fits
4713/spec-4713-56044-0213.fits
4713/spec-4713-56044-0214.fits
4713/spec-4713-56044-0215.fits
4713/spec-4713-56044-0216.fits
4713/spec-4713-56044-0217.fits
4713/spec-4713-56044-0218.fits
4713/spec-4713-56044-0219.fits
4713/spec-4713-56044-0220.fits
4713/spec-4713-56044-0221.fits
4713/spec-4713-56044-0222.fits
4713/spec-4713-56044-0223.fits
4713/spec-4713-56044-0224.fits
4713/spec-4713-56044-0225.fits
4713/spec-4713-56044-0226.fits
4713/spec-4713-56044-0227.fits
4713/spec-4713-56044-0228.fits
4713/spec-4713-56044-0229.fits
4713/spec-4713-56044-0230.fits
4713/spec-4713-56044-0231.fits
4713/spec-4713-56044-0232.fits
4713/spec-4713-56044-0233.fits
4713/spec-4713-56044-0234.fits
4713/spec-4713-56044-0235.fits
4713/spec-4713-56044-0236.fits
4713/spec-4713-56044-0237.fits
4713/spec-4713-56044-0238.fits
4713/spec-4713-56044-0239.fits
4713/spec-4713-56044-0240.fits
4713/spec-4713-56044-0241.fits
4713/spec-4713-56044-0242.fits
4713/spec-4713-56044-0243.fits
4713/spec-4713-56044-0244.fits
4713/spec-4713-56044-0245.fits
4713/spec-4713-56044-0246.fits
4713/spec-4713-56044-0247.fits
4713/spec-4713-56044-0248.fits
4713/spec-4713-56044-0249.fits
4713/spec-4713-56044-0250.fits
4713/spec-4713-56044-0251.fits
4713/spec-4713-56044-0252.fits
4713/spec-4713-56044-0253.fits
4713/spec-4713-56044-0254.fits
4713/spec-4713-56044-0255.fits
4713/spec-4713-56044-0256.fits
4713/spec-4713-56044-0257.fits
4713/spec-4713-56044-0258.fits
4713/spec-4713-56044-0259.fits
4713/spec-4713-56044-0260.fits
4713/spec-4713-56044-0261.fits
4713/spec-4713-56044-0262.fits
4713/spec-4713-56044-0263.fits
4713/spec-4713-56044-0264.fits
4713/spec-4713-56044-0265.fits
4713/spec-4713-56044-0266.fits
4713/spec-4713-56044-0267.fits
4713/spec-4713-56044-0268.fits
4713/spec-4713-56044-0269.fits
4713/spec-4713-56044-0270.fits
4713/spec-4713-56044-0271.fits
4713/spec-4713-56044-0272.fits
4713/spec-4713-56044-0273.fits
4713/spec-4713-56044-0274.fits
4713/spec-4713-56044-0275.fits
4713/spec-4713-56044-0276.fits
4713/spec-4713-56044-0277.fits
4713/spec-4713-56044-0278.fits
4713/spec-4713-56044-0279.fits
4713/spec-4713-56044-0280.fits
4713/spec-4713-56044-0281.fits
4713/spec-4713-56044-0282.fits
4713/spec-4713-56044-0283.fits
4713/spec-4713-56044-0284.fits
4713/spec-4713-56044-0285.fits
4713/spec-4713-56044-0286.fits
4713/spec-4713-56044-0287.fits
4713/spec-4713-56044-0288.fits
4713/spec-4713-56044-0289.fits
4713/spec-4713-56044-0290.fits
4713/spec-4713-56044-0291.fits
4713/spec-4713-56044-0292.fits
4713/spec-4713-56044-0293.fits
4713/spec-4713-56044-0294.fits
4713/spec-4713-56044-0295.fits
4713/spec-4713-56044-0296.fits
4713/spec-4713-56044-0297.fits
4713/spec-4713-56044-0298.fits
4713/spec-4713-56044-0299.fits
4713/spec-4713-56044-0300.fits
4713/spec-4713-56044-0301.fits
4713/spec-4713-56044-0302.fits
4713/spec-4713-56044-0303.fits
4713/spec-4713-56044-0304.fits
4713/spec-4713-56044-0305.fits
4713/spec-4713-56044-0306.fits
4713/spec-4713-56044-0307.fits
4713/spec-4713-56044-0308.fits
4713/spec-4713-56044-0309.fits
4713/spec-4713-56044-0310.fits
4713/spec-4713-56044-0311.fits
4713/spec-4713-56044-0312.fits
4713/spec-4713-56044-0313.fits
4713/spec-4713-56044-0314.fits
4713/spec-4713-56044-0315.fits
4713/spec-4713-56044-0316.fits
4713/spec-4713-56044-0317.fits
4713/spec-4713-56044-0318.fits
4713/spec-4713-56044-0319.fits
4713/spec-4713-56044-0320.fits
4713/spec-4713-56044-0321.fits
4713/spec-4713-56044-0322.fits
4713/spec-4713-56044-0323.fits
4713/spec-4713-56044-0324.fits
4713/spec-4713-56044-0325.fits
4713/spec-4713-56044-0326.fits
4713/spec-4713-56044-0327.fits
4713/spec-4713-56044-0328.fits
4713/spec-4713-56044-0329.fits
4713/spec-4713-56044-0330.fits
4713/spec-4713-56044-0331.fits
4713/spec-4713-56044-0332.fits
4713/spec-4713-56044-0333.fits
4713/spec-4713-56044-0334.fits
4713/spec-4713-56044-0335.fits
4713/spec-4713-56044-0336.fits
4713/spec-4713-56044-0337.fits
4713/spec-4713-56044-0338.fits
4713/spec-4713-56044-0339.fits
4713/spec-4713-56044-0340.fits
4713/spec-4713-56044-0341.fits
4713/spec-4713-56044-0342.fits
4713/spec-4713-56044-0343.fits
4713/spec-4713-56044-0344.fits
4713/spec-4713-56044-0345.fits
4713/spec-4713-56044-0346.fits
4713/spec-4713-56044-0347.fits
4713/spec-4713-56044-0348.fits
4713/spec-4713-56044-0349.fits
4713/spec-4713-56044-0350.fits
4713/spec-4713-56044-0351.fits
4713/spec-4713-56044-0352.fits
4713/spec-4713-56044-0353.fits
4713/spec-4713-56044-0354.fits
4713/spec-4713-56044-0355.fits
4713/spec-4713-56044-0356.fits
4713/spec-4713-56044-0357.fits
4713/spec-4713-56044-0358.fits
4713/spec-4713-56044-0359.fits
4713/spec-4713-56044-0360.fits
4713/spec-4713-56044-0361.fits
4713/spec-4713-56044-0362.fits
4713/spec-4713-56044-0363.fits
4713/spec-4713-56044-0364.fits
4713/spec-4713-56044-0365.fits
4713/spec-4713-56044-0366.fits
4713/spec-4713-56044-0367.fits
4713/spec-4713-56044-0368.fits
4713/spec-4713-56044-0369.fits
4713/spec-4713-56044-0370.fits
4713/spec-4713-56044-0371.fits
4713/spec-4713-56044-0372.fits
4713/spec-4713-56044-0373.fits
4713/spec-4713-56044-0374.fits
4713/spec-4713-56044-0375.fits
4713/spec-4713-56044-0376.fits
4713/spec-4713-56044-0377.fits
4713/spec-4713-56044-0378.fits
4713/spec-4713-56044-0379.fits
4713/spec-4713-56044-0380.fits
4713/spec-4713-56044-0381.fits
4713/spec-4713-56044-0382.fits
4713/spec-4713-56044-0383.fits
4713/spec-4713-56044-0384.fits
4713/spec-4713-56044-0385.fits
4713/spec-4713-56044-0386.fits
4713/spec-4713-56044-0387.fits
4713/spec-4713-56044-0388.fits
4713/spec-4713-56044-0389.fits
4713/spec-4713-56044-0390.fits
4713/spec-4713-56044-0391.fits
4713/spec-4713-56044-0392.fits
4713/spec-4713-56044-0393.fits
4713/spec-4713-56044-0394.fits
4713/spec-4713-56044-0395.fits
4713/spec-4713-56044-0396.fits
4713/spec-4713-56044-0397.fits
4713/spec-4713-56044-0398.fits
4713/spec-4713-56044-0399.fits
4713/spec-4713-56044-0400.fits
4713/spec-4713-56044-0401.fits
4713/spec-4713-56044-0402.fits
4713/spec-4713-56044-0403.fits
4713/spec-4713-56044-0404.fits
4713/spec-4713-56044-0405.fits
4713/spec-4713-56044-0406.fits
4713/spec-4713-56044-0407.fits
4713/spec-4713-56044-0408.fits
4713/spec-4713-56044-0409.fits
4713/spec-4713-56044-0410.fits
4713/spec-4713-56044-0411.fits
4713/spec-4713-56044-0412.fits
4713/spec-4713-56044-0413.fits
4713/spec-4713-56044-0414.fits
4713/spec-4713-56044-0415.fits
4713/spec-4713-56044-0416.fits
4713/spec-4713-56044-0417.fits
4713/spec-4713-56044-0418.fits
4713/spec-4713-56044-0419.fits
4713/spec-4713-56044-0420.fits
4713/spec-4713-56044-0421.fits
4713/spec-4713-56044-0422.fits
4713/spec-4713-56044-0423.fits
4713/spec-4713-56044-0424.fits
4713/spec-4713-56044-0425.fits
4713/spec-4713-56044-0426.fits
4713/spec-4713-56044-0427.fits
4713/spec-4713-56044-0428.fits
4713/spec-4713-56044-0429.fits
4713/spec-4713-56044-0430.fits
4713/spec-4713-56044-0431.fits
4713/spec-4713-56044-0432.fits
4713/spec-4713-56044-0433.fits
4713/spec-4713-56044-0434.fits
4713/spec-4713-56044-0435.fits
4713/spec-4713-56044-0436.fits
4713/spec-4713-56044-0437.fits
4713/spec-4713-56044-0438.fits
4713/spec-4713-56044-0439.fits
4713/spec-4713-56044-0440.fits
4713/spec-4713-56044-0441.fits
4713/spec-4713-56044-0442.fits
4713/spec-4713-56044-0443.fits
4713/spec-4713-56044-0444.fits
4713/spec-4713-56044-0445.fits
4713/spec-4713-56044-0446.fits
4713/spec-4713-56044-0447.fits
4713/spec-4713-56044-0448.fits
4713/spec-4713-56044-0449.fits
4713/spec-4713-56044-0450.fits
4713/spec-4713-56044-0451.fits
4713/spec-4713-56044-0452.fits
4713/spec-4713-56044-0453.fits
4713/spec-4713-56044-0454.fits
4713/spec-4713-56044-0455.fits
4713/spec-4713-56044-0456.fits
4713/spec-4713-56044-0457.fits
4713/spec-4713-56044-0458.fits
4713/spec-4713-56044-0459.fits
4713/spec-4713-56044-0460.fits
4713/spec-4713-56044-0461.fits
4713/spec-4713-56044-0462.fits
4713/spec-4713-56044-0463.fits
4713/spec-4713-56044-0464.fits
4713/spec-4713-56044-0465.fits
4713/spec-4713-56044-0466.fits
4713/spec-4713-56044-0467.fits
4713/spec-4713-56044-0468.fits
4713/spec-4713-56044-0469.fits
4713/spec-4713-56044-0470.fits
4713/spec-4713-56044-0471.fits
4713/spec-4713-56044-0472.fits
4713/spec-4713-56044-0473.fits
4713/spec-4713-56044-0474.fits
4713/spec-4713-56044-0475.fits
4713/spec-4713-56044-0476.fits
4713/spec-4713-56044-0477.fits
4713/spec-4713-56044-0478.fits
4713/spec-4713-56044-0479.fits
4713/spec-4713-56044-0480.fits
4713/spec-4713-56044-0481.fits
4713/spec-4713-56044-0482.fits
4713/spec-4713-56044-0483.fits
4713/spec-4713-56044-0484.fits
4713/spec-4713-56044-0485.fits
4713/spec-4713-56044-0486.fits
4713/spec-4713-56044-0487.fits
4713/spec-4713-56044-0488.fits
4713/spec-4713-56044-0489.fits
4713/spec-4713-56044-0490.fits
4713/spec-4713-56044-0491.fits
4713/spec-4713-56044-0492.fits
4713/spec-4713-56044-0493.fits
4713/spec-4713-56044-0494.fits
4713/spec-4713-56044-0495.fits
4713/spec-4713-56044-0496.fits
4713/spec-4713-56044-0497.fits
4713/spec-4713-56044-0498.fits
4713/spec-4713-56044-0499.fits
4713/spec-4713-56044-0500.fits
4713/spec-4713-56044-0501.fits
4713/spec-4713-56044-0502.fits
4713/spec-4713-56044-0503.fits
4713/spec-4713-56044-0504.fits
4713/spec-4713-56044-0505.fits
4713/spec-4713-56044-0506.fits
4713/spec-4713-56044-0507.fits
4713/spec-4713-56044-0508.fits
4713/spec-4713-56044-0509.fits
4713/spec-4713-56044-0510.fits
4713/spec-4713-56044-0511.fits
4713/spec-4713-56044-0512.fits
4713/spec-4713-56044-0513.fits
4713/spec-4713-56044-0514.fits
4713/spec-4713-56044-0515.fits
4713/spec-4713-56044-0516.fits
4713/spec-4713-56044-0517.fits
4713/spec-4713-56044-0518.fits
4713/spec-4713-56044-0519.fits
4713/spec-4713-56044-0520.fits
4713/spec-4713-56044-0521.fits
4713/spec-4713-56044-0522.fits
4713/spec-4713-56044-0523.fits
4713/spec-4713-56044-0524.fits
4713/spec-4713-56044-0525.fits
4713/spec-4713-56044-0526.fits
4713/spec-4713-56044-0527.fits
4713/spec-4713-56044-0528.fits
4713/spec-4713-56044-0529.fits
4713/spec-4713-56044-0530.fits
4713/spec-4713-56044-0531.fits
4713/spec-4713-56044-0532.fits
4713/spec-4713-56044-0533.fits
4713/spec-4713-56044-0534.fits
4713/spec-4713-56044-0535.fits
4713/spec-4713-56044-0536.fits
4713/spec-4713-56044-0537.fits
4713/spec-4713-56044-0538.fits
4713/spec-4713-56044-0539.fits
4713/spec-4713-56044-0540.fits
4713/spec-4713-56044-0541.fits
4713/spec-4713-56044-0542.fits
4713/spec-4713-56044-0543.fits
4713/spec-4713-56044-0544.fits
4713/spec-4713-56044-0545.fits
4713/spec-4713-56044-0546.fits
4713/spec-4713-56044-0547.fits
4713/spec-4713-56044-0548.fits
4713/spec-4713-56044-0549.fits
4713/spec-4713-56044-0550.fits
4713/spec-4713-56044-0551.fits
4713/spec-4713-56044-0552.fits
4713/spec-4713-56044-0553.fits
4713/spec-4713-56044-0554.fits
4713/spec-4713-56044-0555.fits
4713/spec-4713-56044-0556.fits
4713/spec-4713-56044-0557.fits
4713/spec-4713-56044-0558.fits
4713/spec-4713-56044-0559.fits
4713/spec-4713-56044-0560.fits
4713/spec-4713-56044-0561.fits
4713/spec-4713-56044-0562.fits
4713/spec-4713-56044-0563.fits
4713/spec-4713-56044-0564.fits
4713/spec-4713-56044-0565.fits
4713/spec-4713-56044-0566.fits
4713/spec-4713-56044-0567.fits
4713/spec-4713-56044-0568.fits
4713/spec-4713-56044-0569.fits
4713/spec-4713-56044-0570.fits
4713/spec-4713-56044-0571.fits
4713/spec-4713-56044-0572.fits
4713/spec-4713-56044-0573.fits
4713/spec-4713-56044-0574.fits
4713/spec-4713-56044-0575.fits
4713/spec-4713-56044-0576.fits
4713/spec-4713-56044-0577.fits
4713/spec-4713-56044-0578.fits
4713/spec-4713-56044-0579.fits
4713/spec-4713-56044-0580.fits
4713/spec-4713-56044-0581.fits
4713/spec-4713-56044-0582.fits
4713/spec-4713-56044-0583.fits
4713/spec-4713-56044-0584.fits
4713/spec-4713-56044-0585.fits
4713/spec-4713-56044-0586.fits
4713/spec-4713-56044-0587.fits
4713/spec-4713-56044-0588.fits
4713/spec-4713-56044-0589.fits
4713/spec-4713-56044-0590.fits
4713/spec-4713-56044-0591.fits
4713/spec-4713-56044-0592.fits
4713/spec-4713-56044-0593.fits
4713/spec-4713-56044-0594.fits
4713/spec-4713-56044-0595.fits
4713/spec-4713-56044-0596.fits
4713/spec-4713-56044-0597.fits
4713/spec-4713-56044-0598.fits
4713/spec-4713-56044-0599.fits
4713/spec-4713-56044-0600.fits
4713/spec-4713-56044-0601.fits
4713/spec-4713-56044-0602.fits
4713/spec-4713-56044-0603.fits
4713/spec-4713-56044-0604.fits
4713/spec-4713-56044-0605.fits
4713/spec-4713-56044-0606.fits
4713/spec-4713-56044-0607.fits
4713/spec-4713-56044-0608.fits
4713/spec-4713-56044-0609.fits
4713/spec-4713-56044-0610.fits
4713/spec-4713-56044-0611.fits
4713/spec-4713-56044-0612.fits
4713/spec-4713-56044-0613.fits
4713/spec-4713-56044-0614.fits
4713/spec-4713-56044-0615.fits
4713/spec-4713-56044-0616.fits
4713/spec-4713-56044-0617.fits
4713/spec-4713-56044-0618.fits
4713/spec-4713-56044-0619.fits
4713/spec-4713-56044-0620.fits
4713/spec-4713-56044-0621.fits
4713/spec-4713-56044-0622.fits
4713/spec-4713-56044-0623.fits
4713/spec-4713-56044-0624.fits
4713/spec-4713-56044-0625.fits
4713/spec-4713-56044-0626.fits
4713/spec-4713-56044-0627.fits
4713/spec-4713-56044-0628.fits
4713/spec-4713-56044-0629.fits
4713/spec-4713-56044-0630.fits
4713/spec-4713-56044-0631.fits
4713/spec-4713-56044-0632.fits
4713/spec-4713-56044-0633.fits
4713/spec-4713-56044-0634.fits
4713/spec-4713-56044-0635.fits
4713/spec-4713-56044-0636.fits
4713/spec-4713-56044-0637.fits
4713/spec-4713-56044-0638.fits
4713/spec-4713-56044-0639.fits
4713/spec-4713-56044-0640.fits
4713/spec-4713-56044-0641.fits
4713/spec-4713-56044-0642.fits
4713/spec-4713-56044-0643.fits
4713/spec-4713-56044-0644.fits
4713/spec-4713-56044-0645.fits
4713/spec-4713-56044-0646.fits
4713/spec-4713-56044-0647.fits
4713/spec-4713-56044-0648.fits
4713/spec-4713-56044-0649.fits
4713/spec-4713-56044-0650.fits
4713/spec-4713-56044-0651.fits
4713/spec-4713-56044-0652.fits
4713/spec-4713-56044-0653.fits
4713/spec-4713-56044-0654.fits
4713/spec-4713-56044-0655.fits
4713/spec-4713-56044-0656.fits
4713/spec-4713-56044-0657.fits
4713/spec-4713-56044-0658.fits
4713/spec-4713-56044-0659.fits
4713/spec-4713-56044-0660.fits
4713/spec-4713-56044-0661.fits
4713/spec-4713-56044-0662.fits
4713/spec-4713-56044-0663.fits
4713/spec-4713-56044-0664.fits
4713/spec-4713-56044-0665.fits
4713/spec-4713-56044-0666.fits
4713/spec-4713-56044-0667.fits
4713/spec-4713-56044-0668.fits
4713/spec-4713-56044-0669.fits
4713/spec-4713-56044-0670.fits
4713/spec-4713-56044-0671.fits
4713/spec-4713-56044-0672.fits
4713/spec-4713-56044-0673.fits
4713/spec-4713-56044-0674.fits
4713/spec-4713-56044-0675.fits
4713/spec-4713-56044-0676.fits
4713/spec-4713-56044-0677.fits
4713/spec-4713-56044-0678.fits
4713/spec-4713-56044-0679.fits
4713/spec-4713-56044-0680.fits
4713/spec-4713-56044-0681.fits
4713/spec-4713-56044-0682.fits
4713/spec-4713-56044-0683.fits
4713/spec-4713-56044-0684.fits
4713/spec-4713-56044-0685.fits
4713/spec-4713-56044-0686.fits
4713/spec-4713-56044-0687.fits
4713/spec-4713-56044-0688.fits
4713/spec-4713-56044-0689.fits
4713/spec-4713-56044-0690.fits
4713/spec-4713-56044-0691.fits
4713/spec-4713-56044-0692.fits
4713/spec-4713-56044-0693.fits
4713/spec-4713-56044-0694.fits
4713/spec-4713-56044-0695.fits
4713/spec-4713-56044-0696.fits
4713/spec-4713-56044-0697.fits
4713/spec-4713-56044-0698.fits
4713/spec-4713-56044-0699.fits
4713/spec-4713-56044-0700.fits
4713/spec-4713-56044-0701.fits
4713/spec-4713-56044-0702.fits
4713/spec-4713-56044-0703.fits
4713/spec-4713-56044-0704.fits
4713/spec-4713-56044-0705.fits
4713/spec-4713-56044-0706.fits
4713/spec-4713-56044-0707.fits
4713/spec-4713-56044-0708.fits
4713/spec-4713-56044-0709.fits
4713/spec-4713-56044-0710.fits
4713/spec-4713-56044-0711.fits
4713/spec-4713-56044-0712.fits
4713/spec-4713-56044-0713.fits
4713/spec-4713-56044-0714.fits
4713/spec-4713-56044-0715.fits
4713/spec-4713-56044-0716.fits
4713/spec-4713-56044-0717.fits
4713/spec-4713-56044-0718.fits
4713/spec-4713-56044-0719.fits
4713/spec-4713-56044-0720.fits
4713/spec-4713-56044-0721.fits
4713/spec-4713-56044-0722.fits
4713/spec-4713-56044-0723.fits
4713/spec-4713-56044-0724.fits
4713/spec-4713-56044-0725.fits
4713/spec-4713-56044-0726.fits
4713/spec-4713-56044-0727.fits
4713/spec-4713-56044-0728.fits
4713/spec-4713-56044-0729.fits
4713/spec-4713-56044-0730.fits
4713/spec-4713-56044-0731.fits
4713/spec-4713-56044-0732.fits
4713/spec-4713-56044-0733.fits
4713/spec-4713-56044-0734.fits
4713/spec-4713-56044-0735.fits
4713/spec-4713-56044-0736.fits
4713/spec-4713-56044-0737.fits
4713/spec-4713-56044-0738.fits
4713/spec-4713-56044-0739.fits
4713/spec-4713-56044-0740.fits
4713/spec-4713-56044-0741.fits
4713/spec-4713-56044-0742.fits
4713/spec-4713-56044-0743.fits
4713/spec-4713-56044-0744.fits
4713/spec-4713-56044-0745.fits
4713/spec-4713-56044-0746.fits
4713/spec-4713-56044-0747.fits
4713/spec-4713-56044-0748.fits
4713/spec-4713-56044-0749.fits
4713/spec-4713-56044-0750.fits
4713/spec-4713-56044-0751.fits
4713/spec-4713-56044-0752.fits
4713/spec-4713-56044-0753.fits
4713/spec-4713-56044-0754.fits
4713/spec-4713-56044-0755.fits
4713/spec-4713-56044-0756.fits
4713/spec-4713-56044-0757.fits
4713/spec-4713-56044-0758.fits
4713/spec-4713-56044-0759.fits
4713/spec-4713-56044-0760.fits
4713/spec-4713-56044-0761.fits
4713/spec-4713-56044-0762.fits
4713/spec-4713-56044-0763.fits
4713/spec-4713-56044-0764.fits
4713/spec-4713-56044-0765.fits
4713/spec-4713-56044-0766.fits
4713/spec-4713-56044-0767.fits
4713/spec-4713-56044-0768.fits
4713/spec-4713-56044-0769.fits
4713/spec-4713-56044-0770.fits
4713/spec-4713-56044-0771.fits
4713/spec-4713-56044-0772.fits
4713/spec-4713-56044-0773.fits
4713/spec-4713-56044-0774.fits
4713/spec-4713-56044-0775.fits
4713/spec-4713-56044-0776.fits
4713/spec-4713-56044-0777.fits
4713/spec-4713-56044-0778.fits
4713/spec-4713-56044-0779.fits
4713/spec-4713-56044-0780.fits
4713/spec-4713-56044-0781.fits
4713/spec-4713-56044-0782.fits
4713/spec-4713-56044-0783.fits
4713/spec-4713-56044-0784.fits
4713/spec-4713-56044-0785.fits
4713/spec-4713-56044-0786.fits
4713/spec-4713-56044-0787.fits
4713/spec-4713-56044-0788.fits
4713/spec-4713-56044-0789.fits
4713/spec-4713-56044-0790.fits
4713/spec-4713-56044-0791.fits
4713/spec-4713-56044-0792.fits
4713/spec-4713-56044-0793.fits
4713/spec-4713-56044-0794.fits
4713/spec-4713-56044-0795.fits
4713/spec-4713-56044-0796.fits
4713/spec-4713-56044-0797.fits
4713/spec-4713-56044-0798.fits
4713/spec-4713-56044-0799.fits
4713/spec-4713-56044-0800.fits
4713/spec-4713-56044-0801.fits
4713/spec-4713-56044-0802.fits
4713/spec-4713-56044-0803.fits
4713/spec-4713-56044-0804.fits
4713/spec-4713-56044-0805.fits
4713/spec-4713-56044-0806.fits
4713/spec-4713-56044-0807.fits
4713/spec-4713-56044-0808.fits
4713/spec-4713-56044-0809.fits
4713/spec-4713-56044-0810.fits
4713/spec-4713-56044-0811.fits
4713/spec-4713-56044-0812.fits
4713/spec-4713-56044-0813.fits
4713/spec-4713-56044-0814.fits
4713/spec-4713-56044-0815.fits
4713/spec-4713-56044-0816.fits
4713/spec-4713-56044-0817.fits
4713/spec-4713-56044-0818.fits
4713/spec-4713-56044-0819.fits
4713/spec-4713-56044-0820.fits
4713/spec-4713-56044-0821.fits
4713/spec-4713-56044-0822.fits
4713/spec-4713-56044-0823.fits
4713/spec-4713-56044-0824.fits
4713/spec-4713-56044-0825.fits
4713/spec-4713-56044-0826.fits
4713/spec-4713-56044-0827.fits
4713/spec-4713-56044-0828.fits
4713/spec-4713-56044-0829.fits
4713/spec-4713-56044-0830.fits
4713/spec-4713-56044-0831.fits
4713/spec-4713-56044-0832.fits
4713/spec-4713-56044-0833.fits
4713/spec-4713-56044-0834.fits
4713/spec-4713-56044-0835.fits
4713/spec-4713-56044-0836.fits
4713/spec-4713-56044-0837.fits
4713/spec-4713-56044-0838.fits
4713/spec-4713-56044-0839.fits
4713/spec-4713-56044-0840.fits
4713/spec-4713-56044-0841.fits
4713/spec-4713-56044-0842.fits
4713/spec-4713-56044-0843.fits
4713/spec-4713-56044-0844.fits
4713/spec-4713-56044-0845.fits
4713/spec-4713-56044-0846.fits
4713/spec-4713-56044-0847.fits
4713/spec-4713-56044-0848.fits
4713/spec-4713-56044-0849.fits
4713/spec-4713-56044-0850.fits
4713/spec-4713-56044-0851.fits
4713/spec-4713-56044-0852.fits
4713/spec-4713-56044-0853.fits
4713/spec-4713-56044-0854.fits
4713/spec-4713-56044-0855.fits
4713/spec-4713-56044-0856.fits
4713/spec-4713-56044-0857.fits
4713/spec-4713-56044-0858.fits
4713/spec-4713-56044-0859.fits
4713/spec-4713-56044-0860.fits
4713/spec-4713-56044-0861.fits
4713/spec-4713-56044-0862.fits
4713/spec-4713-56044-0863.fits
4713/spec-4713-56044-0864.fits
4713/spec-4713-56044-0865.fits
4713/spec-4713-56044-0866.fits
4713/spec-4713-56044-0867.fits
4713/spec-4713-56044-0868.fits
4713/spec-4713-56044-0869.fits
4713/spec-4713-56044-0870.fits
4713/spec-4713-56044-0871.fits
4713/spec-4713-56044-0872.fits
4713/spec-4713-56044-0873.fits
4713/spec-4713-56044-0874.fits
4713/spec-4713-56044-0875.fits
4713/spec-4713-56044-0876.fits
4713/spec-4713-56044-0877.fits
4713/spec-4713-56044-0878.fits
4713/spec-4713-56044-0879.fits
4713/spec-4713-56044-0880.fits
4713/spec-4713-56044-0881.fits
4713/spec-4713-56044-0882.fits
4713/spec-4713-56044-0883.fits
4713/spec-4713-56044-0884.fits
4713/spec-4713-56044-0885.fits
4713/spec-4713-56044-0886.fits
4713/spec-4713-56044-0887.fits
4713/spec-4713-56044-0888.fits
4713/spec-4713-56044-0889.fits
4713/spec-4713-56044-0890.fits
4713/spec-4713-56044-0891.fits
4713/spec-4713-56044-0892.fits
4713/spec-4713-56044-0893.fits
4713/spec-4713-56044-0894.fits
4713/spec-4713-56044-0895.fits
4713/spec-4713-56044-0896.fits
4713/spec-4713-56044-0897.fits
4713/spec-4713-56044-0898.fits
4713/spec-4713-56044-0899.fits
4713/spec-4713-56044-0900.fits
4713/spec-4713-56044-0901.fits
4713/spec-4713-56044-0902.fits
4713/spec-4713-56044-0903.fits
4713/spec-4713-56044-0904.fits
4713/spec-4713-56044-0905.fits
4713/spec-4713-56044-0906.fits
4713/spec-4713-56044-0907.fits
4713/spec-4713-56044-0908.fits
4713/spec-4713-56044-0909.fits
4713/spec-4713-56044-0910.fits
4713/spec-4713-56044-0911.fits
4713/spec-4713-56044-0912.fits
4713/spec-4713-56044-0913.fits
4713/spec-4713-56044-0914.fits
4713/spec-4713-56044-0915.fits
4713/spec-4713-56044-0916.fits
4713/spec-4713-56044-0917.fits
4713/spec-4713-56044-0918.fits
4713/spec-4713-56044-0919.fits
4713/spec-4713-56044-0920.fits
4713/spec-4713-56044-0921.fits
4713/spec-4713-56044-0922.fits
4713/spec-4713-56044-0923.fits
4713/spec-4713-56044-0924.fits
4713/spec-4713-56044-0925.fits
4713/spec-4713-56044-0926.fits
4713/spec-4713-56044-0927.fits
4713/spec-4713-56044-0928.fits
4713/spec-4713-56044-0929.fits
4713/spec-4713-56044-0930.fits
4713/spec-4713-56044-0931.fits
4713/spec-4713-56044-0932.fits
4713/spec-4713-56044-0933.fits
4713/spec-4713-56044-0934.fits
4713/spec-4713-56044-0935.fits
4713/spec-4713-56044-0936.fits
4713/spec-4713-56044-0937.fits
4713/spec-4713-56044-0938.fits
4713/spec-4713-56044-0939.fits
4713/spec-4713-56044-0940.fits
4713/spec-4713-56044-0941.fits
4713/spec-4713-56044-0942.fits
4713/spec-4713-56044-0943.fits
4713/spec-4713-56044-0944.fits
4713/spec-4713-56044-0945.fits
4713/spec-4713-56044-0946.fits
4713/spec-4713-56044-0947.fits
4713/spec-4713-56044-0948.fits
4713/spec-4713-56044-0949.fits
4713/spec-4713-56044-0950.fits
4713/spec-4713-56044-0951.fits
4713/spec-4713-56044-0952.fits
4713/spec-4713-56044-0953.fits
4713/spec-4713-56044-0954.fits
4713/spec-4713-56044-0955.fits
4713/spec-4713-56044-0956.fits
4713/spec-4713-56044-0957.fits
4713/spec-4713-56044-0958.fits
4713/spec-4713-56044-0959.fits
4713/spec-4713-56044-0960.fits
4713/spec-4713-56044-0961.fits
4713/spec-4713-56044-0962.fits
4713/spec-4713-56044-0963.fits
4713/spec-4713-56044-0964.fits
4713/spec-4713-56044-0965.fits
4713/spec-4713-56044-0966.fits
4713/spec-4713-56044-0967.fits
4713/spec-4713-56044-0968.fits
4713/spec-4713-56044-0969.fits
4713/spec-4713-56044-0970.fits
4713/spec-4713-56044-0971.fits
4713/spec-4713-56044-0972.fits
4713/spec-4713-56044-0973.fits
4713/spec-4713-56044-0974.fits
4713/spec-4713-56044-0975.fits
4713/spec-4713-56044-0976.fits
4713/spec-4713-56044-0977.fits
4713/spec-4713-56044-0978.fits
4713/spec-4713-56044-0979.fits
4713/spec-4713-56044-0980.fits
4713/spec-4713-56044-0981.fits
4713/spec-4713-56044-0982.fits
4713/spec-4713-56044-0983.fits
4713/spec-4713-56044-0984.fits
4713/spec-4713-56044-0985.fits
4713/spec-4713-56044-0986.fits
4713/spec-4713-56044-0987.fits
4713/spec-4713-56044-0988.fits
4713/spec-4713-56044-0989.fits
4713/spec-4713-56044-0990.fits
4713/spec-4713-56044-0991.fits
4713/spec-4713-56044-0992.fits
4713/spec-4713-56044-0993.fits
4713/spec-4713-56044-0994.fits
4713/spec-4713-56044-0995.fits
4713/spec-4713-56044-0996.fits
4713/spec-4713-56044-0997.fits
4713/spec-4713-56044-0998.fits
4713/spec-4713-56044-0999.fits
4713/spec-4713-56044-1000.fits
/var/lib/condor/execute/slot1/dir_22173
4713 4713.tgz R R361.tar.gz _condor_stderr _condor_stdout cB58_Lyman_break.fit condor_exec.exe hw4.R packages packages.tar.gz tmp var
[1] "Loaded package astro."
[1] 1000
4713 4713.csv 4713.tgz R R361.tar.gz _condor_stderr _condor_stdout cB58_Lyman_break.fit condor_exec.exe hw4.R packages packages.tar.gz tmp var
