4723
4723/
4723/spec-4723-56033-0001.fits
4723/spec-4723-56033-0002.fits
4723/spec-4723-56033-0003.fits
4723/spec-4723-56033-0004.fits
4723/spec-4723-56033-0005.fits
4723/spec-4723-56033-0006.fits
4723/spec-4723-56033-0007.fits
4723/spec-4723-56033-0008.fits
4723/spec-4723-56033-0009.fits
4723/spec-4723-56033-0010.fits
4723/spec-4723-56033-0011.fits
4723/spec-4723-56033-0012.fits
4723/spec-4723-56033-0013.fits
4723/spec-4723-56033-0014.fits
4723/spec-4723-56033-0015.fits
4723/spec-4723-56033-0016.fits
4723/spec-4723-56033-0017.fits
4723/spec-4723-56033-0018.fits
4723/spec-4723-56033-0019.fits
4723/spec-4723-56033-0020.fits
4723/spec-4723-56033-0021.fits
4723/spec-4723-56033-0022.fits
4723/spec-4723-56033-0023.fits
4723/spec-4723-56033-0024.fits
4723/spec-4723-56033-0025.fits
4723/spec-4723-56033-0026.fits
4723/spec-4723-56033-0027.fits
4723/spec-4723-56033-0028.fits
4723/spec-4723-56033-0029.fits
4723/spec-4723-56033-0030.fits
4723/spec-4723-56033-0031.fits
4723/spec-4723-56033-0032.fits
4723/spec-4723-56033-0033.fits
4723/spec-4723-56033-0034.fits
4723/spec-4723-56033-0035.fits
4723/spec-4723-56033-0036.fits
4723/spec-4723-56033-0037.fits
4723/spec-4723-56033-0038.fits
4723/spec-4723-56033-0039.fits
4723/spec-4723-56033-0040.fits
4723/spec-4723-56033-0041.fits
4723/spec-4723-56033-0042.fits
4723/spec-4723-56033-0043.fits
4723/spec-4723-56033-0044.fits
4723/spec-4723-56033-0045.fits
4723/spec-4723-56033-0046.fits
4723/spec-4723-56033-0047.fits
4723/spec-4723-56033-0048.fits
4723/spec-4723-56033-0049.fits
4723/spec-4723-56033-0050.fits
4723/spec-4723-56033-0051.fits
4723/spec-4723-56033-0052.fits
4723/spec-4723-56033-0053.fits
4723/spec-4723-56033-0054.fits
4723/spec-4723-56033-0055.fits
4723/spec-4723-56033-0056.fits
4723/spec-4723-56033-0057.fits
4723/spec-4723-56033-0058.fits
4723/spec-4723-56033-0059.fits
4723/spec-4723-56033-0060.fits
4723/spec-4723-56033-0061.fits
4723/spec-4723-56033-0062.fits
4723/spec-4723-56033-0063.fits
4723/spec-4723-56033-0064.fits
4723/spec-4723-56033-0065.fits
4723/spec-4723-56033-0066.fits
4723/spec-4723-56033-0067.fits
4723/spec-4723-56033-0068.fits
4723/spec-4723-56033-0069.fits
4723/spec-4723-56033-0070.fits
4723/spec-4723-56033-0071.fits
4723/spec-4723-56033-0072.fits
4723/spec-4723-56033-0073.fits
4723/spec-4723-56033-0074.fits
4723/spec-4723-56033-0075.fits
4723/spec-4723-56033-0076.fits
4723/spec-4723-56033-0077.fits
4723/spec-4723-56033-0078.fits
4723/spec-4723-56033-0079.fits
4723/spec-4723-56033-0080.fits
4723/spec-4723-56033-0081.fits
4723/spec-4723-56033-0082.fits
4723/spec-4723-56033-0083.fits
4723/spec-4723-56033-0084.fits
4723/spec-4723-56033-0085.fits
4723/spec-4723-56033-0086.fits
4723/spec-4723-56033-0087.fits
4723/spec-4723-56033-0088.fits
4723/spec-4723-56033-0089.fits
4723/spec-4723-56033-0090.fits
4723/spec-4723-56033-0091.fits
4723/spec-4723-56033-0092.fits
4723/spec-4723-56033-0093.fits
4723/spec-4723-56033-0094.fits
4723/spec-4723-56033-0095.fits
4723/spec-4723-56033-0096.fits
4723/spec-4723-56033-0097.fits
4723/spec-4723-56033-0098.fits
4723/spec-4723-56033-0099.fits
4723/spec-4723-56033-0100.fits
4723/spec-4723-56033-0101.fits
4723/spec-4723-56033-0102.fits
4723/spec-4723-56033-0103.fits
4723/spec-4723-56033-0104.fits
4723/spec-4723-56033-0105.fits
4723/spec-4723-56033-0106.fits
4723/spec-4723-56033-0107.fits
4723/spec-4723-56033-0108.fits
4723/spec-4723-56033-0109.fits
4723/spec-4723-56033-0110.fits
4723/spec-4723-56033-0111.fits
4723/spec-4723-56033-0112.fits
4723/spec-4723-56033-0113.fits
4723/spec-4723-56033-0114.fits
4723/spec-4723-56033-0115.fits
4723/spec-4723-56033-0116.fits
4723/spec-4723-56033-0117.fits
4723/spec-4723-56033-0118.fits
4723/spec-4723-56033-0119.fits
4723/spec-4723-56033-0120.fits
4723/spec-4723-56033-0121.fits
4723/spec-4723-56033-0122.fits
4723/spec-4723-56033-0123.fits
4723/spec-4723-56033-0124.fits
4723/spec-4723-56033-0125.fits
4723/spec-4723-56033-0126.fits
4723/spec-4723-56033-0127.fits
4723/spec-4723-56033-0128.fits
4723/spec-4723-56033-0129.fits
4723/spec-4723-56033-0130.fits
4723/spec-4723-56033-0131.fits
4723/spec-4723-56033-0132.fits
4723/spec-4723-56033-0133.fits
4723/spec-4723-56033-0134.fits
4723/spec-4723-56033-0135.fits
4723/spec-4723-56033-0136.fits
4723/spec-4723-56033-0137.fits
4723/spec-4723-56033-0138.fits
4723/spec-4723-56033-0139.fits
4723/spec-4723-56033-0140.fits
4723/spec-4723-56033-0141.fits
4723/spec-4723-56033-0142.fits
4723/spec-4723-56033-0143.fits
4723/spec-4723-56033-0144.fits
4723/spec-4723-56033-0145.fits
4723/spec-4723-56033-0146.fits
4723/spec-4723-56033-0147.fits
4723/spec-4723-56033-0148.fits
4723/spec-4723-56033-0149.fits
4723/spec-4723-56033-0150.fits
4723/spec-4723-56033-0151.fits
4723/spec-4723-56033-0152.fits
4723/spec-4723-56033-0153.fits
4723/spec-4723-56033-0154.fits
4723/spec-4723-56033-0155.fits
4723/spec-4723-56033-0156.fits
4723/spec-4723-56033-0157.fits
4723/spec-4723-56033-0158.fits
4723/spec-4723-56033-0159.fits
4723/spec-4723-56033-0160.fits
4723/spec-4723-56033-0161.fits
4723/spec-4723-56033-0162.fits
4723/spec-4723-56033-0163.fits
4723/spec-4723-56033-0164.fits
4723/spec-4723-56033-0165.fits
4723/spec-4723-56033-0166.fits
4723/spec-4723-56033-0167.fits
4723/spec-4723-56033-0168.fits
4723/spec-4723-56033-0169.fits
4723/spec-4723-56033-0170.fits
4723/spec-4723-56033-0171.fits
4723/spec-4723-56033-0172.fits
4723/spec-4723-56033-0173.fits
4723/spec-4723-56033-0174.fits
4723/spec-4723-56033-0175.fits
4723/spec-4723-56033-0176.fits
4723/spec-4723-56033-0177.fits
4723/spec-4723-56033-0178.fits
4723/spec-4723-56033-0179.fits
4723/spec-4723-56033-0180.fits
4723/spec-4723-56033-0181.fits
4723/spec-4723-56033-0182.fits
4723/spec-4723-56033-0183.fits
4723/spec-4723-56033-0184.fits
4723/spec-4723-56033-0185.fits
4723/spec-4723-56033-0186.fits
4723/spec-4723-56033-0187.fits
4723/spec-4723-56033-0188.fits
4723/spec-4723-56033-0189.fits
4723/spec-4723-56033-0190.fits
4723/spec-4723-56033-0191.fits
4723/spec-4723-56033-0192.fits
4723/spec-4723-56033-0193.fits
4723/spec-4723-56033-0194.fits
4723/spec-4723-56033-0195.fits
4723/spec-4723-56033-0196.fits
4723/spec-4723-56033-0197.fits
4723/spec-4723-56033-0198.fits
4723/spec-4723-56033-0199.fits
4723/spec-4723-56033-0200.fits
4723/spec-4723-56033-0201.fits
4723/spec-4723-56033-0202.fits
4723/spec-4723-56033-0203.fits
4723/spec-4723-56033-0204.fits
4723/spec-4723-56033-0205.fits
4723/spec-4723-56033-0206.fits
4723/spec-4723-56033-0207.fits
4723/spec-4723-56033-0208.fits
4723/spec-4723-56033-0209.fits
4723/spec-4723-56033-0210.fits
4723/spec-4723-56033-0211.fits
4723/spec-4723-56033-0212.fits
4723/spec-4723-56033-0213.fits
4723/spec-4723-56033-0214.fits
4723/spec-4723-56033-0215.fits
4723/spec-4723-56033-0216.fits
4723/spec-4723-56033-0217.fits
4723/spec-4723-56033-0218.fits
4723/spec-4723-56033-0219.fits
4723/spec-4723-56033-0220.fits
4723/spec-4723-56033-0221.fits
4723/spec-4723-56033-0222.fits
4723/spec-4723-56033-0223.fits
4723/spec-4723-56033-0224.fits
4723/spec-4723-56033-0225.fits
4723/spec-4723-56033-0226.fits
4723/spec-4723-56033-0227.fits
4723/spec-4723-56033-0228.fits
4723/spec-4723-56033-0229.fits
4723/spec-4723-56033-0230.fits
4723/spec-4723-56033-0231.fits
4723/spec-4723-56033-0232.fits
4723/spec-4723-56033-0233.fits
4723/spec-4723-56033-0234.fits
4723/spec-4723-56033-0235.fits
4723/spec-4723-56033-0236.fits
4723/spec-4723-56033-0237.fits
4723/spec-4723-56033-0238.fits
4723/spec-4723-56033-0239.fits
4723/spec-4723-56033-0240.fits
4723/spec-4723-56033-0241.fits
4723/spec-4723-56033-0242.fits
4723/spec-4723-56033-0243.fits
4723/spec-4723-56033-0244.fits
4723/spec-4723-56033-0245.fits
4723/spec-4723-56033-0246.fits
4723/spec-4723-56033-0247.fits
4723/spec-4723-56033-0248.fits
4723/spec-4723-56033-0249.fits
4723/spec-4723-56033-0250.fits
4723/spec-4723-56033-0251.fits
4723/spec-4723-56033-0252.fits
4723/spec-4723-56033-0253.fits
4723/spec-4723-56033-0254.fits
4723/spec-4723-56033-0255.fits
4723/spec-4723-56033-0256.fits
4723/spec-4723-56033-0257.fits
4723/spec-4723-56033-0258.fits
4723/spec-4723-56033-0259.fits
4723/spec-4723-56033-0260.fits
4723/spec-4723-56033-0261.fits
4723/spec-4723-56033-0262.fits
4723/spec-4723-56033-0263.fits
4723/spec-4723-56033-0264.fits
4723/spec-4723-56033-0265.fits
4723/spec-4723-56033-0266.fits
4723/spec-4723-56033-0267.fits
4723/spec-4723-56033-0268.fits
4723/spec-4723-56033-0269.fits
4723/spec-4723-56033-0270.fits
4723/spec-4723-56033-0271.fits
4723/spec-4723-56033-0272.fits
4723/spec-4723-56033-0273.fits
4723/spec-4723-56033-0274.fits
4723/spec-4723-56033-0275.fits
4723/spec-4723-56033-0276.fits
4723/spec-4723-56033-0277.fits
4723/spec-4723-56033-0278.fits
4723/spec-4723-56033-0279.fits
4723/spec-4723-56033-0280.fits
4723/spec-4723-56033-0281.fits
4723/spec-4723-56033-0282.fits
4723/spec-4723-56033-0283.fits
4723/spec-4723-56033-0284.fits
4723/spec-4723-56033-0285.fits
4723/spec-4723-56033-0286.fits
4723/spec-4723-56033-0287.fits
4723/spec-4723-56033-0288.fits
4723/spec-4723-56033-0289.fits
4723/spec-4723-56033-0290.fits
4723/spec-4723-56033-0291.fits
4723/spec-4723-56033-0292.fits
4723/spec-4723-56033-0293.fits
4723/spec-4723-56033-0294.fits
4723/spec-4723-56033-0295.fits
4723/spec-4723-56033-0296.fits
4723/spec-4723-56033-0297.fits
4723/spec-4723-56033-0298.fits
4723/spec-4723-56033-0299.fits
4723/spec-4723-56033-0300.fits
4723/spec-4723-56033-0301.fits
4723/spec-4723-56033-0302.fits
4723/spec-4723-56033-0303.fits
4723/spec-4723-56033-0304.fits
4723/spec-4723-56033-0305.fits
4723/spec-4723-56033-0306.fits
4723/spec-4723-56033-0307.fits
4723/spec-4723-56033-0308.fits
4723/spec-4723-56033-0309.fits
4723/spec-4723-56033-0310.fits
4723/spec-4723-56033-0311.fits
4723/spec-4723-56033-0312.fits
4723/spec-4723-56033-0313.fits
4723/spec-4723-56033-0314.fits
4723/spec-4723-56033-0315.fits
4723/spec-4723-56033-0316.fits
4723/spec-4723-56033-0317.fits
4723/spec-4723-56033-0318.fits
4723/spec-4723-56033-0319.fits
4723/spec-4723-56033-0320.fits
4723/spec-4723-56033-0321.fits
4723/spec-4723-56033-0322.fits
4723/spec-4723-56033-0323.fits
4723/spec-4723-56033-0324.fits
4723/spec-4723-56033-0325.fits
4723/spec-4723-56033-0326.fits
4723/spec-4723-56033-0327.fits
4723/spec-4723-56033-0328.fits
4723/spec-4723-56033-0329.fits
4723/spec-4723-56033-0330.fits
4723/spec-4723-56033-0331.fits
4723/spec-4723-56033-0332.fits
4723/spec-4723-56033-0333.fits
4723/spec-4723-56033-0334.fits
4723/spec-4723-56033-0335.fits
4723/spec-4723-56033-0336.fits
4723/spec-4723-56033-0337.fits
4723/spec-4723-56033-0338.fits
4723/spec-4723-56033-0339.fits
4723/spec-4723-56033-0340.fits
4723/spec-4723-56033-0341.fits
4723/spec-4723-56033-0342.fits
4723/spec-4723-56033-0343.fits
4723/spec-4723-56033-0344.fits
4723/spec-4723-56033-0345.fits
4723/spec-4723-56033-0346.fits
4723/spec-4723-56033-0347.fits
4723/spec-4723-56033-0348.fits
4723/spec-4723-56033-0349.fits
4723/spec-4723-56033-0350.fits
4723/spec-4723-56033-0351.fits
4723/spec-4723-56033-0352.fits
4723/spec-4723-56033-0353.fits
4723/spec-4723-56033-0354.fits
4723/spec-4723-56033-0355.fits
4723/spec-4723-56033-0356.fits
4723/spec-4723-56033-0357.fits
4723/spec-4723-56033-0358.fits
4723/spec-4723-56033-0359.fits
4723/spec-4723-56033-0360.fits
4723/spec-4723-56033-0361.fits
4723/spec-4723-56033-0362.fits
4723/spec-4723-56033-0363.fits
4723/spec-4723-56033-0364.fits
4723/spec-4723-56033-0365.fits
4723/spec-4723-56033-0366.fits
4723/spec-4723-56033-0367.fits
4723/spec-4723-56033-0368.fits
4723/spec-4723-56033-0369.fits
4723/spec-4723-56033-0370.fits
4723/spec-4723-56033-0371.fits
4723/spec-4723-56033-0372.fits
4723/spec-4723-56033-0373.fits
4723/spec-4723-56033-0374.fits
4723/spec-4723-56033-0375.fits
4723/spec-4723-56033-0376.fits
4723/spec-4723-56033-0377.fits
4723/spec-4723-56033-0378.fits
4723/spec-4723-56033-0379.fits
4723/spec-4723-56033-0380.fits
4723/spec-4723-56033-0381.fits
4723/spec-4723-56033-0382.fits
4723/spec-4723-56033-0383.fits
4723/spec-4723-56033-0384.fits
4723/spec-4723-56033-0385.fits
4723/spec-4723-56033-0386.fits
4723/spec-4723-56033-0387.fits
4723/spec-4723-56033-0388.fits
4723/spec-4723-56033-0389.fits
4723/spec-4723-56033-0390.fits
4723/spec-4723-56033-0391.fits
4723/spec-4723-56033-0392.fits
4723/spec-4723-56033-0393.fits
4723/spec-4723-56033-0394.fits
4723/spec-4723-56033-0395.fits
4723/spec-4723-56033-0396.fits
4723/spec-4723-56033-0397.fits
4723/spec-4723-56033-0398.fits
4723/spec-4723-56033-0399.fits
4723/spec-4723-56033-0400.fits
4723/spec-4723-56033-0401.fits
4723/spec-4723-56033-0402.fits
4723/spec-4723-56033-0403.fits
4723/spec-4723-56033-0404.fits
4723/spec-4723-56033-0405.fits
4723/spec-4723-56033-0406.fits
4723/spec-4723-56033-0407.fits
4723/spec-4723-56033-0408.fits
4723/spec-4723-56033-0409.fits
4723/spec-4723-56033-0410.fits
4723/spec-4723-56033-0411.fits
4723/spec-4723-56033-0412.fits
4723/spec-4723-56033-0413.fits
4723/spec-4723-56033-0414.fits
4723/spec-4723-56033-0415.fits
4723/spec-4723-56033-0416.fits
4723/spec-4723-56033-0417.fits
4723/spec-4723-56033-0418.fits
4723/spec-4723-56033-0419.fits
4723/spec-4723-56033-0420.fits
4723/spec-4723-56033-0421.fits
4723/spec-4723-56033-0422.fits
4723/spec-4723-56033-0423.fits
4723/spec-4723-56033-0424.fits
4723/spec-4723-56033-0425.fits
4723/spec-4723-56033-0426.fits
4723/spec-4723-56033-0427.fits
4723/spec-4723-56033-0428.fits
4723/spec-4723-56033-0429.fits
4723/spec-4723-56033-0430.fits
4723/spec-4723-56033-0431.fits
4723/spec-4723-56033-0432.fits
4723/spec-4723-56033-0433.fits
4723/spec-4723-56033-0434.fits
4723/spec-4723-56033-0435.fits
4723/spec-4723-56033-0436.fits
4723/spec-4723-56033-0437.fits
4723/spec-4723-56033-0438.fits
4723/spec-4723-56033-0439.fits
4723/spec-4723-56033-0440.fits
4723/spec-4723-56033-0441.fits
4723/spec-4723-56033-0442.fits
4723/spec-4723-56033-0443.fits
4723/spec-4723-56033-0444.fits
4723/spec-4723-56033-0445.fits
4723/spec-4723-56033-0446.fits
4723/spec-4723-56033-0447.fits
4723/spec-4723-56033-0448.fits
4723/spec-4723-56033-0449.fits
4723/spec-4723-56033-0450.fits
4723/spec-4723-56033-0451.fits
4723/spec-4723-56033-0452.fits
4723/spec-4723-56033-0453.fits
4723/spec-4723-56033-0454.fits
4723/spec-4723-56033-0455.fits
4723/spec-4723-56033-0456.fits
4723/spec-4723-56033-0457.fits
4723/spec-4723-56033-0458.fits
4723/spec-4723-56033-0459.fits
4723/spec-4723-56033-0460.fits
4723/spec-4723-56033-0461.fits
4723/spec-4723-56033-0462.fits
4723/spec-4723-56033-0463.fits
4723/spec-4723-56033-0464.fits
4723/spec-4723-56033-0465.fits
4723/spec-4723-56033-0466.fits
4723/spec-4723-56033-0467.fits
4723/spec-4723-56033-0468.fits
4723/spec-4723-56033-0469.fits
4723/spec-4723-56033-0470.fits
4723/spec-4723-56033-0471.fits
4723/spec-4723-56033-0472.fits
4723/spec-4723-56033-0473.fits
4723/spec-4723-56033-0474.fits
4723/spec-4723-56033-0475.fits
4723/spec-4723-56033-0476.fits
4723/spec-4723-56033-0477.fits
4723/spec-4723-56033-0478.fits
4723/spec-4723-56033-0479.fits
4723/spec-4723-56033-0480.fits
4723/spec-4723-56033-0481.fits
4723/spec-4723-56033-0482.fits
4723/spec-4723-56033-0483.fits
4723/spec-4723-56033-0484.fits
4723/spec-4723-56033-0485.fits
4723/spec-4723-56033-0486.fits
4723/spec-4723-56033-0487.fits
4723/spec-4723-56033-0488.fits
4723/spec-4723-56033-0489.fits
4723/spec-4723-56033-0490.fits
4723/spec-4723-56033-0491.fits
4723/spec-4723-56033-0492.fits
4723/spec-4723-56033-0493.fits
4723/spec-4723-56033-0494.fits
4723/spec-4723-56033-0495.fits
4723/spec-4723-56033-0496.fits
4723/spec-4723-56033-0497.fits
4723/spec-4723-56033-0498.fits
4723/spec-4723-56033-0499.fits
4723/spec-4723-56033-0500.fits
4723/spec-4723-56033-0501.fits
4723/spec-4723-56033-0502.fits
4723/spec-4723-56033-0503.fits
4723/spec-4723-56033-0504.fits
4723/spec-4723-56033-0505.fits
4723/spec-4723-56033-0506.fits
4723/spec-4723-56033-0507.fits
4723/spec-4723-56033-0508.fits
4723/spec-4723-56033-0509.fits
4723/spec-4723-56033-0510.fits
4723/spec-4723-56033-0511.fits
4723/spec-4723-56033-0512.fits
4723/spec-4723-56033-0513.fits
4723/spec-4723-56033-0514.fits
4723/spec-4723-56033-0515.fits
4723/spec-4723-56033-0516.fits
4723/spec-4723-56033-0517.fits
4723/spec-4723-56033-0518.fits
4723/spec-4723-56033-0519.fits
4723/spec-4723-56033-0520.fits
4723/spec-4723-56033-0521.fits
4723/spec-4723-56033-0522.fits
4723/spec-4723-56033-0523.fits
4723/spec-4723-56033-0524.fits
4723/spec-4723-56033-0525.fits
4723/spec-4723-56033-0526.fits
4723/spec-4723-56033-0527.fits
4723/spec-4723-56033-0528.fits
4723/spec-4723-56033-0529.fits
4723/spec-4723-56033-0530.fits
4723/spec-4723-56033-0531.fits
4723/spec-4723-56033-0532.fits
4723/spec-4723-56033-0533.fits
4723/spec-4723-56033-0534.fits
4723/spec-4723-56033-0535.fits
4723/spec-4723-56033-0536.fits
4723/spec-4723-56033-0537.fits
4723/spec-4723-56033-0538.fits
4723/spec-4723-56033-0539.fits
4723/spec-4723-56033-0540.fits
4723/spec-4723-56033-0541.fits
4723/spec-4723-56033-0542.fits
4723/spec-4723-56033-0543.fits
4723/spec-4723-56033-0544.fits
4723/spec-4723-56033-0545.fits
4723/spec-4723-56033-0546.fits
4723/spec-4723-56033-0547.fits
4723/spec-4723-56033-0548.fits
4723/spec-4723-56033-0549.fits
4723/spec-4723-56033-0550.fits
4723/spec-4723-56033-0551.fits
4723/spec-4723-56033-0552.fits
4723/spec-4723-56033-0553.fits
4723/spec-4723-56033-0554.fits
4723/spec-4723-56033-0555.fits
4723/spec-4723-56033-0556.fits
4723/spec-4723-56033-0557.fits
4723/spec-4723-56033-0558.fits
4723/spec-4723-56033-0559.fits
4723/spec-4723-56033-0560.fits
4723/spec-4723-56033-0561.fits
4723/spec-4723-56033-0562.fits
4723/spec-4723-56033-0563.fits
4723/spec-4723-56033-0564.fits
4723/spec-4723-56033-0565.fits
4723/spec-4723-56033-0566.fits
4723/spec-4723-56033-0567.fits
4723/spec-4723-56033-0568.fits
4723/spec-4723-56033-0569.fits
4723/spec-4723-56033-0570.fits
4723/spec-4723-56033-0571.fits
4723/spec-4723-56033-0572.fits
4723/spec-4723-56033-0573.fits
4723/spec-4723-56033-0574.fits
4723/spec-4723-56033-0575.fits
4723/spec-4723-56033-0576.fits
4723/spec-4723-56033-0577.fits
4723/spec-4723-56033-0578.fits
4723/spec-4723-56033-0579.fits
4723/spec-4723-56033-0580.fits
4723/spec-4723-56033-0581.fits
4723/spec-4723-56033-0582.fits
4723/spec-4723-56033-0583.fits
4723/spec-4723-56033-0584.fits
4723/spec-4723-56033-0585.fits
4723/spec-4723-56033-0586.fits
4723/spec-4723-56033-0587.fits
4723/spec-4723-56033-0588.fits
4723/spec-4723-56033-0589.fits
4723/spec-4723-56033-0590.fits
4723/spec-4723-56033-0591.fits
4723/spec-4723-56033-0592.fits
4723/spec-4723-56033-0593.fits
4723/spec-4723-56033-0594.fits
4723/spec-4723-56033-0595.fits
4723/spec-4723-56033-0596.fits
4723/spec-4723-56033-0597.fits
4723/spec-4723-56033-0598.fits
4723/spec-4723-56033-0599.fits
4723/spec-4723-56033-0600.fits
4723/spec-4723-56033-0601.fits
4723/spec-4723-56033-0602.fits
4723/spec-4723-56033-0603.fits
4723/spec-4723-56033-0604.fits
4723/spec-4723-56033-0605.fits
4723/spec-4723-56033-0606.fits
4723/spec-4723-56033-0607.fits
4723/spec-4723-56033-0608.fits
4723/spec-4723-56033-0609.fits
4723/spec-4723-56033-0610.fits
4723/spec-4723-56033-0611.fits
4723/spec-4723-56033-0612.fits
4723/spec-4723-56033-0613.fits
4723/spec-4723-56033-0614.fits
4723/spec-4723-56033-0615.fits
4723/spec-4723-56033-0616.fits
4723/spec-4723-56033-0617.fits
4723/spec-4723-56033-0618.fits
4723/spec-4723-56033-0619.fits
4723/spec-4723-56033-0620.fits
4723/spec-4723-56033-0621.fits
4723/spec-4723-56033-0622.fits
4723/spec-4723-56033-0623.fits
4723/spec-4723-56033-0624.fits
4723/spec-4723-56033-0625.fits
4723/spec-4723-56033-0626.fits
4723/spec-4723-56033-0627.fits
4723/spec-4723-56033-0628.fits
4723/spec-4723-56033-0629.fits
4723/spec-4723-56033-0630.fits
4723/spec-4723-56033-0631.fits
4723/spec-4723-56033-0632.fits
4723/spec-4723-56033-0633.fits
4723/spec-4723-56033-0634.fits
4723/spec-4723-56033-0635.fits
4723/spec-4723-56033-0636.fits
4723/spec-4723-56033-0637.fits
4723/spec-4723-56033-0638.fits
4723/spec-4723-56033-0639.fits
4723/spec-4723-56033-0640.fits
4723/spec-4723-56033-0641.fits
4723/spec-4723-56033-0642.fits
4723/spec-4723-56033-0643.fits
4723/spec-4723-56033-0644.fits
4723/spec-4723-56033-0645.fits
4723/spec-4723-56033-0646.fits
4723/spec-4723-56033-0647.fits
4723/spec-4723-56033-0648.fits
4723/spec-4723-56033-0649.fits
4723/spec-4723-56033-0650.fits
4723/spec-4723-56033-0651.fits
4723/spec-4723-56033-0652.fits
4723/spec-4723-56033-0653.fits
4723/spec-4723-56033-0654.fits
4723/spec-4723-56033-0655.fits
4723/spec-4723-56033-0656.fits
4723/spec-4723-56033-0657.fits
4723/spec-4723-56033-0658.fits
4723/spec-4723-56033-0659.fits
4723/spec-4723-56033-0660.fits
4723/spec-4723-56033-0661.fits
4723/spec-4723-56033-0662.fits
4723/spec-4723-56033-0663.fits
4723/spec-4723-56033-0664.fits
4723/spec-4723-56033-0665.fits
4723/spec-4723-56033-0666.fits
4723/spec-4723-56033-0667.fits
4723/spec-4723-56033-0668.fits
4723/spec-4723-56033-0669.fits
4723/spec-4723-56033-0670.fits
4723/spec-4723-56033-0671.fits
4723/spec-4723-56033-0672.fits
4723/spec-4723-56033-0673.fits
4723/spec-4723-56033-0674.fits
4723/spec-4723-56033-0675.fits
4723/spec-4723-56033-0676.fits
4723/spec-4723-56033-0677.fits
4723/spec-4723-56033-0678.fits
4723/spec-4723-56033-0679.fits
4723/spec-4723-56033-0680.fits
4723/spec-4723-56033-0681.fits
4723/spec-4723-56033-0682.fits
4723/spec-4723-56033-0683.fits
4723/spec-4723-56033-0684.fits
4723/spec-4723-56033-0685.fits
4723/spec-4723-56033-0686.fits
4723/spec-4723-56033-0687.fits
4723/spec-4723-56033-0688.fits
4723/spec-4723-56033-0689.fits
4723/spec-4723-56033-0690.fits
4723/spec-4723-56033-0691.fits
4723/spec-4723-56033-0692.fits
4723/spec-4723-56033-0693.fits
4723/spec-4723-56033-0694.fits
4723/spec-4723-56033-0695.fits
4723/spec-4723-56033-0696.fits
4723/spec-4723-56033-0697.fits
4723/spec-4723-56033-0698.fits
4723/spec-4723-56033-0699.fits
4723/spec-4723-56033-0700.fits
4723/spec-4723-56033-0701.fits
4723/spec-4723-56033-0702.fits
4723/spec-4723-56033-0703.fits
4723/spec-4723-56033-0704.fits
4723/spec-4723-56033-0705.fits
4723/spec-4723-56033-0706.fits
4723/spec-4723-56033-0707.fits
4723/spec-4723-56033-0708.fits
4723/spec-4723-56033-0709.fits
4723/spec-4723-56033-0710.fits
4723/spec-4723-56033-0711.fits
4723/spec-4723-56033-0712.fits
4723/spec-4723-56033-0713.fits
4723/spec-4723-56033-0714.fits
4723/spec-4723-56033-0715.fits
4723/spec-4723-56033-0716.fits
4723/spec-4723-56033-0717.fits
4723/spec-4723-56033-0718.fits
4723/spec-4723-56033-0719.fits
4723/spec-4723-56033-0720.fits
4723/spec-4723-56033-0721.fits
4723/spec-4723-56033-0722.fits
4723/spec-4723-56033-0723.fits
4723/spec-4723-56033-0724.fits
4723/spec-4723-56033-0725.fits
4723/spec-4723-56033-0726.fits
4723/spec-4723-56033-0727.fits
4723/spec-4723-56033-0728.fits
4723/spec-4723-56033-0729.fits
4723/spec-4723-56033-0730.fits
4723/spec-4723-56033-0731.fits
4723/spec-4723-56033-0732.fits
4723/spec-4723-56033-0733.fits
4723/spec-4723-56033-0734.fits
4723/spec-4723-56033-0735.fits
4723/spec-4723-56033-0736.fits
4723/spec-4723-56033-0737.fits
4723/spec-4723-56033-0738.fits
4723/spec-4723-56033-0739.fits
4723/spec-4723-56033-0740.fits
4723/spec-4723-56033-0741.fits
4723/spec-4723-56033-0742.fits
4723/spec-4723-56033-0743.fits
4723/spec-4723-56033-0744.fits
4723/spec-4723-56033-0745.fits
4723/spec-4723-56033-0746.fits
4723/spec-4723-56033-0747.fits
4723/spec-4723-56033-0748.fits
4723/spec-4723-56033-0749.fits
4723/spec-4723-56033-0750.fits
4723/spec-4723-56033-0751.fits
4723/spec-4723-56033-0752.fits
4723/spec-4723-56033-0753.fits
4723/spec-4723-56033-0754.fits
4723/spec-4723-56033-0755.fits
4723/spec-4723-56033-0756.fits
4723/spec-4723-56033-0757.fits
4723/spec-4723-56033-0758.fits
4723/spec-4723-56033-0759.fits
4723/spec-4723-56033-0760.fits
4723/spec-4723-56033-0761.fits
4723/spec-4723-56033-0762.fits
4723/spec-4723-56033-0763.fits
4723/spec-4723-56033-0764.fits
4723/spec-4723-56033-0765.fits
4723/spec-4723-56033-0766.fits
4723/spec-4723-56033-0767.fits
4723/spec-4723-56033-0768.fits
4723/spec-4723-56033-0769.fits
4723/spec-4723-56033-0770.fits
4723/spec-4723-56033-0771.fits
4723/spec-4723-56033-0772.fits
4723/spec-4723-56033-0773.fits
4723/spec-4723-56033-0774.fits
4723/spec-4723-56033-0775.fits
4723/spec-4723-56033-0776.fits
4723/spec-4723-56033-0777.fits
4723/spec-4723-56033-0778.fits
4723/spec-4723-56033-0779.fits
4723/spec-4723-56033-0780.fits
4723/spec-4723-56033-0781.fits
4723/spec-4723-56033-0782.fits
4723/spec-4723-56033-0783.fits
4723/spec-4723-56033-0784.fits
4723/spec-4723-56033-0785.fits
4723/spec-4723-56033-0786.fits
4723/spec-4723-56033-0787.fits
4723/spec-4723-56033-0788.fits
4723/spec-4723-56033-0789.fits
4723/spec-4723-56033-0790.fits
4723/spec-4723-56033-0791.fits
4723/spec-4723-56033-0792.fits
4723/spec-4723-56033-0793.fits
4723/spec-4723-56033-0794.fits
4723/spec-4723-56033-0795.fits
4723/spec-4723-56033-0796.fits
4723/spec-4723-56033-0797.fits
4723/spec-4723-56033-0798.fits
4723/spec-4723-56033-0799.fits
4723/spec-4723-56033-0800.fits
4723/spec-4723-56033-0801.fits
4723/spec-4723-56033-0802.fits
4723/spec-4723-56033-0803.fits
4723/spec-4723-56033-0804.fits
4723/spec-4723-56033-0805.fits
4723/spec-4723-56033-0806.fits
4723/spec-4723-56033-0807.fits
4723/spec-4723-56033-0808.fits
4723/spec-4723-56033-0809.fits
4723/spec-4723-56033-0810.fits
4723/spec-4723-56033-0811.fits
4723/spec-4723-56033-0812.fits
4723/spec-4723-56033-0813.fits
4723/spec-4723-56033-0814.fits
4723/spec-4723-56033-0815.fits
4723/spec-4723-56033-0816.fits
4723/spec-4723-56033-0817.fits
4723/spec-4723-56033-0818.fits
4723/spec-4723-56033-0819.fits
4723/spec-4723-56033-0820.fits
4723/spec-4723-56033-0821.fits
4723/spec-4723-56033-0822.fits
4723/spec-4723-56033-0823.fits
4723/spec-4723-56033-0824.fits
4723/spec-4723-56033-0825.fits
4723/spec-4723-56033-0826.fits
4723/spec-4723-56033-0827.fits
4723/spec-4723-56033-0828.fits
4723/spec-4723-56033-0829.fits
4723/spec-4723-56033-0830.fits
4723/spec-4723-56033-0831.fits
4723/spec-4723-56033-0832.fits
4723/spec-4723-56033-0833.fits
4723/spec-4723-56033-0834.fits
4723/spec-4723-56033-0835.fits
4723/spec-4723-56033-0836.fits
4723/spec-4723-56033-0837.fits
4723/spec-4723-56033-0838.fits
4723/spec-4723-56033-0839.fits
4723/spec-4723-56033-0840.fits
4723/spec-4723-56033-0841.fits
4723/spec-4723-56033-0842.fits
4723/spec-4723-56033-0843.fits
4723/spec-4723-56033-0844.fits
4723/spec-4723-56033-0845.fits
4723/spec-4723-56033-0846.fits
4723/spec-4723-56033-0847.fits
4723/spec-4723-56033-0848.fits
4723/spec-4723-56033-0849.fits
4723/spec-4723-56033-0850.fits
4723/spec-4723-56033-0851.fits
4723/spec-4723-56033-0852.fits
4723/spec-4723-56033-0853.fits
4723/spec-4723-56033-0854.fits
4723/spec-4723-56033-0855.fits
4723/spec-4723-56033-0856.fits
4723/spec-4723-56033-0857.fits
4723/spec-4723-56033-0858.fits
4723/spec-4723-56033-0859.fits
4723/spec-4723-56033-0860.fits
4723/spec-4723-56033-0861.fits
4723/spec-4723-56033-0862.fits
4723/spec-4723-56033-0863.fits
4723/spec-4723-56033-0864.fits
4723/spec-4723-56033-0865.fits
4723/spec-4723-56033-0866.fits
4723/spec-4723-56033-0867.fits
4723/spec-4723-56033-0868.fits
4723/spec-4723-56033-0869.fits
4723/spec-4723-56033-0870.fits
4723/spec-4723-56033-0871.fits
4723/spec-4723-56033-0872.fits
4723/spec-4723-56033-0873.fits
4723/spec-4723-56033-0874.fits
4723/spec-4723-56033-0875.fits
4723/spec-4723-56033-0876.fits
4723/spec-4723-56033-0877.fits
4723/spec-4723-56033-0878.fits
4723/spec-4723-56033-0879.fits
4723/spec-4723-56033-0880.fits
4723/spec-4723-56033-0881.fits
4723/spec-4723-56033-0882.fits
4723/spec-4723-56033-0883.fits
4723/spec-4723-56033-0884.fits
4723/spec-4723-56033-0885.fits
4723/spec-4723-56033-0886.fits
4723/spec-4723-56033-0887.fits
4723/spec-4723-56033-0888.fits
4723/spec-4723-56033-0889.fits
4723/spec-4723-56033-0890.fits
4723/spec-4723-56033-0891.fits
4723/spec-4723-56033-0892.fits
4723/spec-4723-56033-0893.fits
4723/spec-4723-56033-0894.fits
4723/spec-4723-56033-0895.fits
4723/spec-4723-56033-0896.fits
4723/spec-4723-56033-0897.fits
4723/spec-4723-56033-0898.fits
4723/spec-4723-56033-0899.fits
4723/spec-4723-56033-0900.fits
4723/spec-4723-56033-0901.fits
4723/spec-4723-56033-0902.fits
4723/spec-4723-56033-0903.fits
4723/spec-4723-56033-0904.fits
4723/spec-4723-56033-0905.fits
4723/spec-4723-56033-0906.fits
4723/spec-4723-56033-0907.fits
4723/spec-4723-56033-0908.fits
4723/spec-4723-56033-0909.fits
4723/spec-4723-56033-0910.fits
4723/spec-4723-56033-0911.fits
4723/spec-4723-56033-0912.fits
4723/spec-4723-56033-0913.fits
4723/spec-4723-56033-0914.fits
4723/spec-4723-56033-0915.fits
4723/spec-4723-56033-0916.fits
4723/spec-4723-56033-0917.fits
4723/spec-4723-56033-0918.fits
4723/spec-4723-56033-0919.fits
4723/spec-4723-56033-0920.fits
4723/spec-4723-56033-0921.fits
4723/spec-4723-56033-0922.fits
4723/spec-4723-56033-0923.fits
4723/spec-4723-56033-0924.fits
4723/spec-4723-56033-0925.fits
4723/spec-4723-56033-0926.fits
4723/spec-4723-56033-0927.fits
4723/spec-4723-56033-0928.fits
4723/spec-4723-56033-0929.fits
4723/spec-4723-56033-0930.fits
4723/spec-4723-56033-0931.fits
4723/spec-4723-56033-0932.fits
4723/spec-4723-56033-0933.fits
4723/spec-4723-56033-0934.fits
4723/spec-4723-56033-0935.fits
4723/spec-4723-56033-0936.fits
4723/spec-4723-56033-0937.fits
4723/spec-4723-56033-0938.fits
4723/spec-4723-56033-0939.fits
4723/spec-4723-56033-0940.fits
4723/spec-4723-56033-0941.fits
4723/spec-4723-56033-0942.fits
4723/spec-4723-56033-0943.fits
4723/spec-4723-56033-0944.fits
4723/spec-4723-56033-0945.fits
4723/spec-4723-56033-0946.fits
4723/spec-4723-56033-0947.fits
4723/spec-4723-56033-0948.fits
4723/spec-4723-56033-0949.fits
4723/spec-4723-56033-0950.fits
4723/spec-4723-56033-0951.fits
4723/spec-4723-56033-0952.fits
4723/spec-4723-56033-0953.fits
4723/spec-4723-56033-0954.fits
4723/spec-4723-56033-0955.fits
4723/spec-4723-56033-0956.fits
4723/spec-4723-56033-0957.fits
4723/spec-4723-56033-0958.fits
4723/spec-4723-56033-0959.fits
4723/spec-4723-56033-0960.fits
4723/spec-4723-56033-0961.fits
4723/spec-4723-56033-0962.fits
4723/spec-4723-56033-0963.fits
4723/spec-4723-56033-0964.fits
4723/spec-4723-56033-0965.fits
4723/spec-4723-56033-0966.fits
4723/spec-4723-56033-0967.fits
4723/spec-4723-56033-0968.fits
4723/spec-4723-56033-0969.fits
4723/spec-4723-56033-0970.fits
4723/spec-4723-56033-0971.fits
4723/spec-4723-56033-0972.fits
4723/spec-4723-56033-0973.fits
4723/spec-4723-56033-0974.fits
4723/spec-4723-56033-0975.fits
4723/spec-4723-56033-0976.fits
4723/spec-4723-56033-0977.fits
4723/spec-4723-56033-0978.fits
4723/spec-4723-56033-0979.fits
4723/spec-4723-56033-0980.fits
4723/spec-4723-56033-0981.fits
4723/spec-4723-56033-0982.fits
4723/spec-4723-56033-0983.fits
4723/spec-4723-56033-0984.fits
4723/spec-4723-56033-0985.fits
4723/spec-4723-56033-0986.fits
4723/spec-4723-56033-0987.fits
4723/spec-4723-56033-0988.fits
4723/spec-4723-56033-0989.fits
4723/spec-4723-56033-0990.fits
4723/spec-4723-56033-0991.fits
4723/spec-4723-56033-0992.fits
4723/spec-4723-56033-0993.fits
4723/spec-4723-56033-0994.fits
4723/spec-4723-56033-0995.fits
4723/spec-4723-56033-0996.fits
4723/spec-4723-56033-0997.fits
4723/spec-4723-56033-0998.fits
4723/spec-4723-56033-0999.fits
4723/spec-4723-56033-1000.fits
/var/lib/condor/execute/slot1/dir_36632
4723 4723.tgz R R361.tar.gz _condor_stderr _condor_stdout cB58_Lyman_break.fit condor_exec.exe hw4.R packages packages.tar.gz tmp var
[1] "Loaded package astro."
[1] 1000
4723 4723.csv 4723.tgz R R361.tar.gz _condor_stderr _condor_stdout cB58_Lyman_break.fit condor_exec.exe hw4.R packages packages.tar.gz tmp var
