4756
4756/
4756/spec-4756-55631-0001.fits
4756/spec-4756-55631-0002.fits
4756/spec-4756-55631-0003.fits
4756/spec-4756-55631-0004.fits
4756/spec-4756-55631-0005.fits
4756/spec-4756-55631-0006.fits
4756/spec-4756-55631-0007.fits
4756/spec-4756-55631-0008.fits
4756/spec-4756-55631-0009.fits
4756/spec-4756-55631-0010.fits
4756/spec-4756-55631-0011.fits
4756/spec-4756-55631-0012.fits
4756/spec-4756-55631-0013.fits
4756/spec-4756-55631-0014.fits
4756/spec-4756-55631-0015.fits
4756/spec-4756-55631-0016.fits
4756/spec-4756-55631-0017.fits
4756/spec-4756-55631-0018.fits
4756/spec-4756-55631-0019.fits
4756/spec-4756-55631-0020.fits
4756/spec-4756-55631-0021.fits
4756/spec-4756-55631-0022.fits
4756/spec-4756-55631-0023.fits
4756/spec-4756-55631-0024.fits
4756/spec-4756-55631-0025.fits
4756/spec-4756-55631-0026.fits
4756/spec-4756-55631-0027.fits
4756/spec-4756-55631-0028.fits
4756/spec-4756-55631-0029.fits
4756/spec-4756-55631-0030.fits
4756/spec-4756-55631-0031.fits
4756/spec-4756-55631-0032.fits
4756/spec-4756-55631-0033.fits
4756/spec-4756-55631-0034.fits
4756/spec-4756-55631-0035.fits
4756/spec-4756-55631-0036.fits
4756/spec-4756-55631-0037.fits
4756/spec-4756-55631-0038.fits
4756/spec-4756-55631-0039.fits
4756/spec-4756-55631-0040.fits
4756/spec-4756-55631-0041.fits
4756/spec-4756-55631-0042.fits
4756/spec-4756-55631-0043.fits
4756/spec-4756-55631-0044.fits
4756/spec-4756-55631-0045.fits
4756/spec-4756-55631-0046.fits
4756/spec-4756-55631-0047.fits
4756/spec-4756-55631-0048.fits
4756/spec-4756-55631-0049.fits
4756/spec-4756-55631-0050.fits
4756/spec-4756-55631-0051.fits
4756/spec-4756-55631-0052.fits
4756/spec-4756-55631-0053.fits
4756/spec-4756-55631-0054.fits
4756/spec-4756-55631-0055.fits
4756/spec-4756-55631-0056.fits
4756/spec-4756-55631-0057.fits
4756/spec-4756-55631-0058.fits
4756/spec-4756-55631-0059.fits
4756/spec-4756-55631-0060.fits
4756/spec-4756-55631-0061.fits
4756/spec-4756-55631-0062.fits
4756/spec-4756-55631-0063.fits
4756/spec-4756-55631-0064.fits
4756/spec-4756-55631-0065.fits
4756/spec-4756-55631-0066.fits
4756/spec-4756-55631-0067.fits
4756/spec-4756-55631-0068.fits
4756/spec-4756-55631-0069.fits
4756/spec-4756-55631-0070.fits
4756/spec-4756-55631-0071.fits
4756/spec-4756-55631-0072.fits
4756/spec-4756-55631-0073.fits
4756/spec-4756-55631-0074.fits
4756/spec-4756-55631-0075.fits
4756/spec-4756-55631-0076.fits
4756/spec-4756-55631-0077.fits
4756/spec-4756-55631-0078.fits
4756/spec-4756-55631-0079.fits
4756/spec-4756-55631-0080.fits
4756/spec-4756-55631-0081.fits
4756/spec-4756-55631-0082.fits
4756/spec-4756-55631-0083.fits
4756/spec-4756-55631-0084.fits
4756/spec-4756-55631-0085.fits
4756/spec-4756-55631-0086.fits
4756/spec-4756-55631-0087.fits
4756/spec-4756-55631-0088.fits
4756/spec-4756-55631-0089.fits
4756/spec-4756-55631-0090.fits
4756/spec-4756-55631-0091.fits
4756/spec-4756-55631-0092.fits
4756/spec-4756-55631-0093.fits
4756/spec-4756-55631-0094.fits
4756/spec-4756-55631-0095.fits
4756/spec-4756-55631-0096.fits
4756/spec-4756-55631-0097.fits
4756/spec-4756-55631-0098.fits
4756/spec-4756-55631-0099.fits
4756/spec-4756-55631-0100.fits
4756/spec-4756-55631-0101.fits
4756/spec-4756-55631-0102.fits
4756/spec-4756-55631-0103.fits
4756/spec-4756-55631-0104.fits
4756/spec-4756-55631-0105.fits
4756/spec-4756-55631-0106.fits
4756/spec-4756-55631-0107.fits
4756/spec-4756-55631-0108.fits
4756/spec-4756-55631-0109.fits
4756/spec-4756-55631-0110.fits
4756/spec-4756-55631-0111.fits
4756/spec-4756-55631-0112.fits
4756/spec-4756-55631-0113.fits
4756/spec-4756-55631-0114.fits
4756/spec-4756-55631-0115.fits
4756/spec-4756-55631-0116.fits
4756/spec-4756-55631-0117.fits
4756/spec-4756-55631-0118.fits
4756/spec-4756-55631-0119.fits
4756/spec-4756-55631-0120.fits
4756/spec-4756-55631-0121.fits
4756/spec-4756-55631-0122.fits
4756/spec-4756-55631-0123.fits
4756/spec-4756-55631-0124.fits
4756/spec-4756-55631-0125.fits
4756/spec-4756-55631-0126.fits
4756/spec-4756-55631-0127.fits
4756/spec-4756-55631-0128.fits
4756/spec-4756-55631-0129.fits
4756/spec-4756-55631-0130.fits
4756/spec-4756-55631-0131.fits
4756/spec-4756-55631-0132.fits
4756/spec-4756-55631-0133.fits
4756/spec-4756-55631-0134.fits
4756/spec-4756-55631-0135.fits
4756/spec-4756-55631-0136.fits
4756/spec-4756-55631-0137.fits
4756/spec-4756-55631-0138.fits
4756/spec-4756-55631-0139.fits
4756/spec-4756-55631-0140.fits
4756/spec-4756-55631-0141.fits
4756/spec-4756-55631-0142.fits
4756/spec-4756-55631-0143.fits
4756/spec-4756-55631-0144.fits
4756/spec-4756-55631-0145.fits
4756/spec-4756-55631-0146.fits
4756/spec-4756-55631-0147.fits
4756/spec-4756-55631-0148.fits
4756/spec-4756-55631-0149.fits
4756/spec-4756-55631-0150.fits
4756/spec-4756-55631-0151.fits
4756/spec-4756-55631-0152.fits
4756/spec-4756-55631-0153.fits
4756/spec-4756-55631-0154.fits
4756/spec-4756-55631-0155.fits
4756/spec-4756-55631-0156.fits
4756/spec-4756-55631-0157.fits
4756/spec-4756-55631-0158.fits
4756/spec-4756-55631-0159.fits
4756/spec-4756-55631-0160.fits
4756/spec-4756-55631-0161.fits
4756/spec-4756-55631-0162.fits
4756/spec-4756-55631-0163.fits
4756/spec-4756-55631-0164.fits
4756/spec-4756-55631-0165.fits
4756/spec-4756-55631-0166.fits
4756/spec-4756-55631-0167.fits
4756/spec-4756-55631-0168.fits
4756/spec-4756-55631-0169.fits
4756/spec-4756-55631-0170.fits
4756/spec-4756-55631-0171.fits
4756/spec-4756-55631-0172.fits
4756/spec-4756-55631-0173.fits
4756/spec-4756-55631-0174.fits
4756/spec-4756-55631-0175.fits
4756/spec-4756-55631-0176.fits
4756/spec-4756-55631-0177.fits
4756/spec-4756-55631-0178.fits
4756/spec-4756-55631-0179.fits
4756/spec-4756-55631-0180.fits
4756/spec-4756-55631-0181.fits
4756/spec-4756-55631-0182.fits
4756/spec-4756-55631-0183.fits
4756/spec-4756-55631-0184.fits
4756/spec-4756-55631-0185.fits
4756/spec-4756-55631-0186.fits
4756/spec-4756-55631-0187.fits
4756/spec-4756-55631-0188.fits
4756/spec-4756-55631-0189.fits
4756/spec-4756-55631-0190.fits
4756/spec-4756-55631-0191.fits
4756/spec-4756-55631-0192.fits
4756/spec-4756-55631-0193.fits
4756/spec-4756-55631-0194.fits
4756/spec-4756-55631-0195.fits
4756/spec-4756-55631-0196.fits
4756/spec-4756-55631-0197.fits
4756/spec-4756-55631-0198.fits
4756/spec-4756-55631-0199.fits
4756/spec-4756-55631-0200.fits
4756/spec-4756-55631-0201.fits
4756/spec-4756-55631-0202.fits
4756/spec-4756-55631-0203.fits
4756/spec-4756-55631-0204.fits
4756/spec-4756-55631-0205.fits
4756/spec-4756-55631-0206.fits
4756/spec-4756-55631-0207.fits
4756/spec-4756-55631-0208.fits
4756/spec-4756-55631-0209.fits
4756/spec-4756-55631-0210.fits
4756/spec-4756-55631-0211.fits
4756/spec-4756-55631-0212.fits
4756/spec-4756-55631-0213.fits
4756/spec-4756-55631-0214.fits
4756/spec-4756-55631-0215.fits
4756/spec-4756-55631-0216.fits
4756/spec-4756-55631-0217.fits
4756/spec-4756-55631-0218.fits
4756/spec-4756-55631-0219.fits
4756/spec-4756-55631-0220.fits
4756/spec-4756-55631-0221.fits
4756/spec-4756-55631-0222.fits
4756/spec-4756-55631-0223.fits
4756/spec-4756-55631-0224.fits
4756/spec-4756-55631-0225.fits
4756/spec-4756-55631-0226.fits
4756/spec-4756-55631-0227.fits
4756/spec-4756-55631-0228.fits
4756/spec-4756-55631-0229.fits
4756/spec-4756-55631-0230.fits
4756/spec-4756-55631-0231.fits
4756/spec-4756-55631-0232.fits
4756/spec-4756-55631-0233.fits
4756/spec-4756-55631-0234.fits
4756/spec-4756-55631-0235.fits
4756/spec-4756-55631-0236.fits
4756/spec-4756-55631-0237.fits
4756/spec-4756-55631-0238.fits
4756/spec-4756-55631-0239.fits
4756/spec-4756-55631-0240.fits
4756/spec-4756-55631-0241.fits
4756/spec-4756-55631-0242.fits
4756/spec-4756-55631-0243.fits
4756/spec-4756-55631-0244.fits
4756/spec-4756-55631-0245.fits
4756/spec-4756-55631-0246.fits
4756/spec-4756-55631-0247.fits
4756/spec-4756-55631-0248.fits
4756/spec-4756-55631-0249.fits
4756/spec-4756-55631-0250.fits
4756/spec-4756-55631-0251.fits
4756/spec-4756-55631-0252.fits
4756/spec-4756-55631-0253.fits
4756/spec-4756-55631-0254.fits
4756/spec-4756-55631-0255.fits
4756/spec-4756-55631-0256.fits
4756/spec-4756-55631-0257.fits
4756/spec-4756-55631-0258.fits
4756/spec-4756-55631-0259.fits
4756/spec-4756-55631-0260.fits
4756/spec-4756-55631-0261.fits
4756/spec-4756-55631-0262.fits
4756/spec-4756-55631-0263.fits
4756/spec-4756-55631-0264.fits
4756/spec-4756-55631-0265.fits
4756/spec-4756-55631-0266.fits
4756/spec-4756-55631-0267.fits
4756/spec-4756-55631-0268.fits
4756/spec-4756-55631-0269.fits
4756/spec-4756-55631-0270.fits
4756/spec-4756-55631-0271.fits
4756/spec-4756-55631-0272.fits
4756/spec-4756-55631-0273.fits
4756/spec-4756-55631-0274.fits
4756/spec-4756-55631-0275.fits
4756/spec-4756-55631-0276.fits
4756/spec-4756-55631-0277.fits
4756/spec-4756-55631-0278.fits
4756/spec-4756-55631-0279.fits
4756/spec-4756-55631-0280.fits
4756/spec-4756-55631-0281.fits
4756/spec-4756-55631-0282.fits
4756/spec-4756-55631-0283.fits
4756/spec-4756-55631-0284.fits
4756/spec-4756-55631-0285.fits
4756/spec-4756-55631-0286.fits
4756/spec-4756-55631-0287.fits
4756/spec-4756-55631-0288.fits
4756/spec-4756-55631-0289.fits
4756/spec-4756-55631-0290.fits
4756/spec-4756-55631-0291.fits
4756/spec-4756-55631-0292.fits
4756/spec-4756-55631-0293.fits
4756/spec-4756-55631-0294.fits
4756/spec-4756-55631-0295.fits
4756/spec-4756-55631-0296.fits
4756/spec-4756-55631-0297.fits
4756/spec-4756-55631-0298.fits
4756/spec-4756-55631-0299.fits
4756/spec-4756-55631-0300.fits
4756/spec-4756-55631-0301.fits
4756/spec-4756-55631-0302.fits
4756/spec-4756-55631-0303.fits
4756/spec-4756-55631-0304.fits
4756/spec-4756-55631-0305.fits
4756/spec-4756-55631-0306.fits
4756/spec-4756-55631-0307.fits
4756/spec-4756-55631-0308.fits
4756/spec-4756-55631-0309.fits
4756/spec-4756-55631-0310.fits
4756/spec-4756-55631-0311.fits
4756/spec-4756-55631-0312.fits
4756/spec-4756-55631-0313.fits
4756/spec-4756-55631-0314.fits
4756/spec-4756-55631-0315.fits
4756/spec-4756-55631-0316.fits
4756/spec-4756-55631-0317.fits
4756/spec-4756-55631-0318.fits
4756/spec-4756-55631-0319.fits
4756/spec-4756-55631-0320.fits
4756/spec-4756-55631-0321.fits
4756/spec-4756-55631-0322.fits
4756/spec-4756-55631-0323.fits
4756/spec-4756-55631-0324.fits
4756/spec-4756-55631-0325.fits
4756/spec-4756-55631-0326.fits
4756/spec-4756-55631-0327.fits
4756/spec-4756-55631-0328.fits
4756/spec-4756-55631-0329.fits
4756/spec-4756-55631-0330.fits
4756/spec-4756-55631-0331.fits
4756/spec-4756-55631-0332.fits
4756/spec-4756-55631-0333.fits
4756/spec-4756-55631-0334.fits
4756/spec-4756-55631-0335.fits
4756/spec-4756-55631-0336.fits
4756/spec-4756-55631-0337.fits
4756/spec-4756-55631-0338.fits
4756/spec-4756-55631-0339.fits
4756/spec-4756-55631-0340.fits
4756/spec-4756-55631-0341.fits
4756/spec-4756-55631-0342.fits
4756/spec-4756-55631-0343.fits
4756/spec-4756-55631-0344.fits
4756/spec-4756-55631-0345.fits
4756/spec-4756-55631-0346.fits
4756/spec-4756-55631-0347.fits
4756/spec-4756-55631-0348.fits
4756/spec-4756-55631-0349.fits
4756/spec-4756-55631-0350.fits
4756/spec-4756-55631-0351.fits
4756/spec-4756-55631-0352.fits
4756/spec-4756-55631-0353.fits
4756/spec-4756-55631-0354.fits
4756/spec-4756-55631-0355.fits
4756/spec-4756-55631-0356.fits
4756/spec-4756-55631-0357.fits
4756/spec-4756-55631-0358.fits
4756/spec-4756-55631-0359.fits
4756/spec-4756-55631-0360.fits
4756/spec-4756-55631-0361.fits
4756/spec-4756-55631-0362.fits
4756/spec-4756-55631-0363.fits
4756/spec-4756-55631-0364.fits
4756/spec-4756-55631-0365.fits
4756/spec-4756-55631-0366.fits
4756/spec-4756-55631-0367.fits
4756/spec-4756-55631-0368.fits
4756/spec-4756-55631-0369.fits
4756/spec-4756-55631-0370.fits
4756/spec-4756-55631-0371.fits
4756/spec-4756-55631-0372.fits
4756/spec-4756-55631-0373.fits
4756/spec-4756-55631-0374.fits
4756/spec-4756-55631-0375.fits
4756/spec-4756-55631-0376.fits
4756/spec-4756-55631-0377.fits
4756/spec-4756-55631-0378.fits
4756/spec-4756-55631-0379.fits
4756/spec-4756-55631-0380.fits
4756/spec-4756-55631-0381.fits
4756/spec-4756-55631-0382.fits
4756/spec-4756-55631-0383.fits
4756/spec-4756-55631-0384.fits
4756/spec-4756-55631-0385.fits
4756/spec-4756-55631-0386.fits
4756/spec-4756-55631-0387.fits
4756/spec-4756-55631-0388.fits
4756/spec-4756-55631-0389.fits
4756/spec-4756-55631-0390.fits
4756/spec-4756-55631-0391.fits
4756/spec-4756-55631-0392.fits
4756/spec-4756-55631-0393.fits
4756/spec-4756-55631-0394.fits
4756/spec-4756-55631-0395.fits
4756/spec-4756-55631-0396.fits
4756/spec-4756-55631-0397.fits
4756/spec-4756-55631-0398.fits
4756/spec-4756-55631-0399.fits
4756/spec-4756-55631-0400.fits
4756/spec-4756-55631-0401.fits
4756/spec-4756-55631-0402.fits
4756/spec-4756-55631-0403.fits
4756/spec-4756-55631-0404.fits
4756/spec-4756-55631-0405.fits
4756/spec-4756-55631-0406.fits
4756/spec-4756-55631-0407.fits
4756/spec-4756-55631-0408.fits
4756/spec-4756-55631-0409.fits
4756/spec-4756-55631-0410.fits
4756/spec-4756-55631-0411.fits
4756/spec-4756-55631-0412.fits
4756/spec-4756-55631-0413.fits
4756/spec-4756-55631-0414.fits
4756/spec-4756-55631-0415.fits
4756/spec-4756-55631-0416.fits
4756/spec-4756-55631-0417.fits
4756/spec-4756-55631-0418.fits
4756/spec-4756-55631-0419.fits
4756/spec-4756-55631-0420.fits
4756/spec-4756-55631-0421.fits
4756/spec-4756-55631-0422.fits
4756/spec-4756-55631-0423.fits
4756/spec-4756-55631-0424.fits
4756/spec-4756-55631-0425.fits
4756/spec-4756-55631-0426.fits
4756/spec-4756-55631-0427.fits
4756/spec-4756-55631-0428.fits
4756/spec-4756-55631-0429.fits
4756/spec-4756-55631-0430.fits
4756/spec-4756-55631-0431.fits
4756/spec-4756-55631-0432.fits
4756/spec-4756-55631-0433.fits
4756/spec-4756-55631-0434.fits
4756/spec-4756-55631-0435.fits
4756/spec-4756-55631-0436.fits
4756/spec-4756-55631-0437.fits
4756/spec-4756-55631-0438.fits
4756/spec-4756-55631-0439.fits
4756/spec-4756-55631-0440.fits
4756/spec-4756-55631-0441.fits
4756/spec-4756-55631-0442.fits
4756/spec-4756-55631-0443.fits
4756/spec-4756-55631-0444.fits
4756/spec-4756-55631-0445.fits
4756/spec-4756-55631-0446.fits
4756/spec-4756-55631-0447.fits
4756/spec-4756-55631-0448.fits
4756/spec-4756-55631-0449.fits
4756/spec-4756-55631-0450.fits
4756/spec-4756-55631-0451.fits
4756/spec-4756-55631-0452.fits
4756/spec-4756-55631-0453.fits
4756/spec-4756-55631-0454.fits
4756/spec-4756-55631-0455.fits
4756/spec-4756-55631-0456.fits
4756/spec-4756-55631-0457.fits
4756/spec-4756-55631-0458.fits
4756/spec-4756-55631-0459.fits
4756/spec-4756-55631-0460.fits
4756/spec-4756-55631-0461.fits
4756/spec-4756-55631-0462.fits
4756/spec-4756-55631-0463.fits
4756/spec-4756-55631-0464.fits
4756/spec-4756-55631-0465.fits
4756/spec-4756-55631-0466.fits
4756/spec-4756-55631-0467.fits
4756/spec-4756-55631-0468.fits
4756/spec-4756-55631-0469.fits
4756/spec-4756-55631-0470.fits
4756/spec-4756-55631-0471.fits
4756/spec-4756-55631-0472.fits
4756/spec-4756-55631-0473.fits
4756/spec-4756-55631-0474.fits
4756/spec-4756-55631-0475.fits
4756/spec-4756-55631-0476.fits
4756/spec-4756-55631-0477.fits
4756/spec-4756-55631-0478.fits
4756/spec-4756-55631-0479.fits
4756/spec-4756-55631-0480.fits
4756/spec-4756-55631-0481.fits
4756/spec-4756-55631-0482.fits
4756/spec-4756-55631-0483.fits
4756/spec-4756-55631-0484.fits
4756/spec-4756-55631-0485.fits
4756/spec-4756-55631-0486.fits
4756/spec-4756-55631-0487.fits
4756/spec-4756-55631-0488.fits
4756/spec-4756-55631-0489.fits
4756/spec-4756-55631-0490.fits
4756/spec-4756-55631-0491.fits
4756/spec-4756-55631-0492.fits
4756/spec-4756-55631-0493.fits
4756/spec-4756-55631-0494.fits
4756/spec-4756-55631-0495.fits
4756/spec-4756-55631-0496.fits
4756/spec-4756-55631-0497.fits
4756/spec-4756-55631-0498.fits
4756/spec-4756-55631-0499.fits
4756/spec-4756-55631-0500.fits
4756/spec-4756-55631-0501.fits
4756/spec-4756-55631-0502.fits
4756/spec-4756-55631-0503.fits
4756/spec-4756-55631-0504.fits
4756/spec-4756-55631-0505.fits
4756/spec-4756-55631-0506.fits
4756/spec-4756-55631-0507.fits
4756/spec-4756-55631-0508.fits
4756/spec-4756-55631-0509.fits
4756/spec-4756-55631-0510.fits
4756/spec-4756-55631-0511.fits
4756/spec-4756-55631-0512.fits
4756/spec-4756-55631-0513.fits
4756/spec-4756-55631-0514.fits
4756/spec-4756-55631-0515.fits
4756/spec-4756-55631-0516.fits
4756/spec-4756-55631-0517.fits
4756/spec-4756-55631-0518.fits
4756/spec-4756-55631-0519.fits
4756/spec-4756-55631-0520.fits
4756/spec-4756-55631-0521.fits
4756/spec-4756-55631-0522.fits
4756/spec-4756-55631-0523.fits
4756/spec-4756-55631-0524.fits
4756/spec-4756-55631-0525.fits
4756/spec-4756-55631-0526.fits
4756/spec-4756-55631-0527.fits
4756/spec-4756-55631-0528.fits
4756/spec-4756-55631-0529.fits
4756/spec-4756-55631-0530.fits
4756/spec-4756-55631-0531.fits
4756/spec-4756-55631-0532.fits
4756/spec-4756-55631-0533.fits
4756/spec-4756-55631-0534.fits
4756/spec-4756-55631-0535.fits
4756/spec-4756-55631-0536.fits
4756/spec-4756-55631-0537.fits
4756/spec-4756-55631-0538.fits
4756/spec-4756-55631-0539.fits
4756/spec-4756-55631-0540.fits
4756/spec-4756-55631-0541.fits
4756/spec-4756-55631-0542.fits
4756/spec-4756-55631-0543.fits
4756/spec-4756-55631-0544.fits
4756/spec-4756-55631-0545.fits
4756/spec-4756-55631-0546.fits
4756/spec-4756-55631-0547.fits
4756/spec-4756-55631-0548.fits
4756/spec-4756-55631-0549.fits
4756/spec-4756-55631-0550.fits
4756/spec-4756-55631-0551.fits
4756/spec-4756-55631-0552.fits
4756/spec-4756-55631-0553.fits
4756/spec-4756-55631-0554.fits
4756/spec-4756-55631-0555.fits
4756/spec-4756-55631-0556.fits
4756/spec-4756-55631-0557.fits
4756/spec-4756-55631-0558.fits
4756/spec-4756-55631-0559.fits
4756/spec-4756-55631-0560.fits
4756/spec-4756-55631-0561.fits
4756/spec-4756-55631-0562.fits
4756/spec-4756-55631-0563.fits
4756/spec-4756-55631-0564.fits
4756/spec-4756-55631-0565.fits
4756/spec-4756-55631-0566.fits
4756/spec-4756-55631-0567.fits
4756/spec-4756-55631-0568.fits
4756/spec-4756-55631-0569.fits
4756/spec-4756-55631-0570.fits
4756/spec-4756-55631-0571.fits
4756/spec-4756-55631-0572.fits
4756/spec-4756-55631-0573.fits
4756/spec-4756-55631-0574.fits
4756/spec-4756-55631-0575.fits
4756/spec-4756-55631-0576.fits
4756/spec-4756-55631-0577.fits
4756/spec-4756-55631-0578.fits
4756/spec-4756-55631-0579.fits
4756/spec-4756-55631-0580.fits
4756/spec-4756-55631-0581.fits
4756/spec-4756-55631-0582.fits
4756/spec-4756-55631-0583.fits
4756/spec-4756-55631-0584.fits
4756/spec-4756-55631-0585.fits
4756/spec-4756-55631-0586.fits
4756/spec-4756-55631-0587.fits
4756/spec-4756-55631-0588.fits
4756/spec-4756-55631-0589.fits
4756/spec-4756-55631-0590.fits
4756/spec-4756-55631-0591.fits
4756/spec-4756-55631-0592.fits
4756/spec-4756-55631-0593.fits
4756/spec-4756-55631-0594.fits
4756/spec-4756-55631-0595.fits
4756/spec-4756-55631-0596.fits
4756/spec-4756-55631-0597.fits
4756/spec-4756-55631-0598.fits
4756/spec-4756-55631-0599.fits
4756/spec-4756-55631-0600.fits
4756/spec-4756-55631-0601.fits
4756/spec-4756-55631-0602.fits
4756/spec-4756-55631-0603.fits
4756/spec-4756-55631-0604.fits
4756/spec-4756-55631-0605.fits
4756/spec-4756-55631-0606.fits
4756/spec-4756-55631-0607.fits
4756/spec-4756-55631-0608.fits
4756/spec-4756-55631-0609.fits
4756/spec-4756-55631-0610.fits
4756/spec-4756-55631-0611.fits
4756/spec-4756-55631-0612.fits
4756/spec-4756-55631-0613.fits
4756/spec-4756-55631-0614.fits
4756/spec-4756-55631-0615.fits
4756/spec-4756-55631-0616.fits
4756/spec-4756-55631-0617.fits
4756/spec-4756-55631-0618.fits
4756/spec-4756-55631-0619.fits
4756/spec-4756-55631-0620.fits
4756/spec-4756-55631-0621.fits
4756/spec-4756-55631-0622.fits
4756/spec-4756-55631-0623.fits
4756/spec-4756-55631-0624.fits
4756/spec-4756-55631-0625.fits
4756/spec-4756-55631-0626.fits
4756/spec-4756-55631-0627.fits
4756/spec-4756-55631-0628.fits
4756/spec-4756-55631-0629.fits
4756/spec-4756-55631-0630.fits
4756/spec-4756-55631-0631.fits
4756/spec-4756-55631-0632.fits
4756/spec-4756-55631-0633.fits
4756/spec-4756-55631-0634.fits
4756/spec-4756-55631-0635.fits
4756/spec-4756-55631-0636.fits
4756/spec-4756-55631-0637.fits
4756/spec-4756-55631-0638.fits
4756/spec-4756-55631-0639.fits
4756/spec-4756-55631-0640.fits
4756/spec-4756-55631-0641.fits
4756/spec-4756-55631-0642.fits
4756/spec-4756-55631-0643.fits
4756/spec-4756-55631-0644.fits
4756/spec-4756-55631-0645.fits
4756/spec-4756-55631-0646.fits
4756/spec-4756-55631-0647.fits
4756/spec-4756-55631-0648.fits
4756/spec-4756-55631-0649.fits
4756/spec-4756-55631-0650.fits
4756/spec-4756-55631-0651.fits
4756/spec-4756-55631-0652.fits
4756/spec-4756-55631-0653.fits
4756/spec-4756-55631-0654.fits
4756/spec-4756-55631-0655.fits
4756/spec-4756-55631-0656.fits
4756/spec-4756-55631-0657.fits
4756/spec-4756-55631-0658.fits
4756/spec-4756-55631-0659.fits
4756/spec-4756-55631-0660.fits
4756/spec-4756-55631-0661.fits
4756/spec-4756-55631-0662.fits
4756/spec-4756-55631-0663.fits
4756/spec-4756-55631-0664.fits
4756/spec-4756-55631-0665.fits
4756/spec-4756-55631-0666.fits
4756/spec-4756-55631-0667.fits
4756/spec-4756-55631-0668.fits
4756/spec-4756-55631-0669.fits
4756/spec-4756-55631-0670.fits
4756/spec-4756-55631-0671.fits
4756/spec-4756-55631-0672.fits
4756/spec-4756-55631-0673.fits
4756/spec-4756-55631-0674.fits
4756/spec-4756-55631-0675.fits
4756/spec-4756-55631-0676.fits
4756/spec-4756-55631-0677.fits
4756/spec-4756-55631-0678.fits
4756/spec-4756-55631-0679.fits
4756/spec-4756-55631-0680.fits
4756/spec-4756-55631-0681.fits
4756/spec-4756-55631-0682.fits
4756/spec-4756-55631-0683.fits
4756/spec-4756-55631-0684.fits
4756/spec-4756-55631-0685.fits
4756/spec-4756-55631-0686.fits
4756/spec-4756-55631-0687.fits
4756/spec-4756-55631-0688.fits
4756/spec-4756-55631-0689.fits
4756/spec-4756-55631-0690.fits
4756/spec-4756-55631-0691.fits
4756/spec-4756-55631-0692.fits
4756/spec-4756-55631-0693.fits
4756/spec-4756-55631-0694.fits
4756/spec-4756-55631-0695.fits
4756/spec-4756-55631-0696.fits
4756/spec-4756-55631-0697.fits
4756/spec-4756-55631-0698.fits
4756/spec-4756-55631-0699.fits
4756/spec-4756-55631-0700.fits
4756/spec-4756-55631-0701.fits
4756/spec-4756-55631-0702.fits
4756/spec-4756-55631-0703.fits
4756/spec-4756-55631-0704.fits
4756/spec-4756-55631-0705.fits
4756/spec-4756-55631-0706.fits
4756/spec-4756-55631-0707.fits
4756/spec-4756-55631-0708.fits
4756/spec-4756-55631-0709.fits
4756/spec-4756-55631-0710.fits
4756/spec-4756-55631-0711.fits
4756/spec-4756-55631-0712.fits
4756/spec-4756-55631-0713.fits
4756/spec-4756-55631-0714.fits
4756/spec-4756-55631-0715.fits
4756/spec-4756-55631-0716.fits
4756/spec-4756-55631-0717.fits
4756/spec-4756-55631-0718.fits
4756/spec-4756-55631-0719.fits
4756/spec-4756-55631-0720.fits
4756/spec-4756-55631-0721.fits
4756/spec-4756-55631-0722.fits
4756/spec-4756-55631-0723.fits
4756/spec-4756-55631-0724.fits
4756/spec-4756-55631-0725.fits
4756/spec-4756-55631-0726.fits
4756/spec-4756-55631-0727.fits
4756/spec-4756-55631-0728.fits
4756/spec-4756-55631-0729.fits
4756/spec-4756-55631-0730.fits
4756/spec-4756-55631-0731.fits
4756/spec-4756-55631-0732.fits
4756/spec-4756-55631-0733.fits
4756/spec-4756-55631-0734.fits
4756/spec-4756-55631-0735.fits
4756/spec-4756-55631-0736.fits
4756/spec-4756-55631-0737.fits
4756/spec-4756-55631-0738.fits
4756/spec-4756-55631-0739.fits
4756/spec-4756-55631-0740.fits
4756/spec-4756-55631-0741.fits
4756/spec-4756-55631-0742.fits
4756/spec-4756-55631-0743.fits
4756/spec-4756-55631-0744.fits
4756/spec-4756-55631-0745.fits
4756/spec-4756-55631-0746.fits
4756/spec-4756-55631-0747.fits
4756/spec-4756-55631-0748.fits
4756/spec-4756-55631-0749.fits
4756/spec-4756-55631-0750.fits
4756/spec-4756-55631-0751.fits
4756/spec-4756-55631-0752.fits
4756/spec-4756-55631-0753.fits
4756/spec-4756-55631-0754.fits
4756/spec-4756-55631-0755.fits
4756/spec-4756-55631-0756.fits
4756/spec-4756-55631-0757.fits
4756/spec-4756-55631-0758.fits
4756/spec-4756-55631-0759.fits
4756/spec-4756-55631-0760.fits
4756/spec-4756-55631-0761.fits
4756/spec-4756-55631-0762.fits
4756/spec-4756-55631-0763.fits
4756/spec-4756-55631-0764.fits
4756/spec-4756-55631-0765.fits
4756/spec-4756-55631-0766.fits
4756/spec-4756-55631-0767.fits
4756/spec-4756-55631-0768.fits
4756/spec-4756-55631-0769.fits
4756/spec-4756-55631-0770.fits
4756/spec-4756-55631-0771.fits
4756/spec-4756-55631-0772.fits
4756/spec-4756-55631-0773.fits
4756/spec-4756-55631-0774.fits
4756/spec-4756-55631-0775.fits
4756/spec-4756-55631-0776.fits
4756/spec-4756-55631-0777.fits
4756/spec-4756-55631-0778.fits
4756/spec-4756-55631-0779.fits
4756/spec-4756-55631-0780.fits
4756/spec-4756-55631-0781.fits
4756/spec-4756-55631-0782.fits
4756/spec-4756-55631-0783.fits
4756/spec-4756-55631-0784.fits
4756/spec-4756-55631-0785.fits
4756/spec-4756-55631-0786.fits
4756/spec-4756-55631-0787.fits
4756/spec-4756-55631-0788.fits
4756/spec-4756-55631-0789.fits
4756/spec-4756-55631-0790.fits
4756/spec-4756-55631-0791.fits
4756/spec-4756-55631-0792.fits
4756/spec-4756-55631-0793.fits
4756/spec-4756-55631-0794.fits
4756/spec-4756-55631-0795.fits
4756/spec-4756-55631-0796.fits
4756/spec-4756-55631-0797.fits
4756/spec-4756-55631-0798.fits
4756/spec-4756-55631-0799.fits
4756/spec-4756-55631-0800.fits
4756/spec-4756-55631-0801.fits
4756/spec-4756-55631-0802.fits
4756/spec-4756-55631-0803.fits
4756/spec-4756-55631-0804.fits
4756/spec-4756-55631-0805.fits
4756/spec-4756-55631-0806.fits
4756/spec-4756-55631-0807.fits
4756/spec-4756-55631-0808.fits
4756/spec-4756-55631-0809.fits
4756/spec-4756-55631-0810.fits
4756/spec-4756-55631-0811.fits
4756/spec-4756-55631-0812.fits
4756/spec-4756-55631-0813.fits
4756/spec-4756-55631-0814.fits
4756/spec-4756-55631-0815.fits
4756/spec-4756-55631-0816.fits
4756/spec-4756-55631-0817.fits
4756/spec-4756-55631-0818.fits
4756/spec-4756-55631-0819.fits
4756/spec-4756-55631-0820.fits
4756/spec-4756-55631-0821.fits
4756/spec-4756-55631-0822.fits
4756/spec-4756-55631-0823.fits
4756/spec-4756-55631-0824.fits
4756/spec-4756-55631-0825.fits
4756/spec-4756-55631-0826.fits
4756/spec-4756-55631-0827.fits
4756/spec-4756-55631-0828.fits
4756/spec-4756-55631-0829.fits
4756/spec-4756-55631-0830.fits
4756/spec-4756-55631-0831.fits
4756/spec-4756-55631-0832.fits
4756/spec-4756-55631-0833.fits
4756/spec-4756-55631-0834.fits
4756/spec-4756-55631-0835.fits
4756/spec-4756-55631-0836.fits
4756/spec-4756-55631-0837.fits
4756/spec-4756-55631-0838.fits
4756/spec-4756-55631-0839.fits
4756/spec-4756-55631-0840.fits
4756/spec-4756-55631-0841.fits
4756/spec-4756-55631-0842.fits
4756/spec-4756-55631-0843.fits
4756/spec-4756-55631-0844.fits
4756/spec-4756-55631-0845.fits
4756/spec-4756-55631-0846.fits
4756/spec-4756-55631-0847.fits
4756/spec-4756-55631-0848.fits
4756/spec-4756-55631-0849.fits
4756/spec-4756-55631-0850.fits
4756/spec-4756-55631-0851.fits
4756/spec-4756-55631-0852.fits
4756/spec-4756-55631-0853.fits
4756/spec-4756-55631-0854.fits
4756/spec-4756-55631-0855.fits
4756/spec-4756-55631-0856.fits
4756/spec-4756-55631-0857.fits
4756/spec-4756-55631-0858.fits
4756/spec-4756-55631-0859.fits
4756/spec-4756-55631-0860.fits
4756/spec-4756-55631-0861.fits
4756/spec-4756-55631-0862.fits
4756/spec-4756-55631-0863.fits
4756/spec-4756-55631-0864.fits
4756/spec-4756-55631-0865.fits
4756/spec-4756-55631-0866.fits
4756/spec-4756-55631-0867.fits
4756/spec-4756-55631-0868.fits
4756/spec-4756-55631-0869.fits
4756/spec-4756-55631-0870.fits
4756/spec-4756-55631-0871.fits
4756/spec-4756-55631-0872.fits
4756/spec-4756-55631-0873.fits
4756/spec-4756-55631-0874.fits
4756/spec-4756-55631-0875.fits
4756/spec-4756-55631-0876.fits
4756/spec-4756-55631-0877.fits
4756/spec-4756-55631-0878.fits
4756/spec-4756-55631-0879.fits
4756/spec-4756-55631-0880.fits
4756/spec-4756-55631-0881.fits
4756/spec-4756-55631-0882.fits
4756/spec-4756-55631-0883.fits
4756/spec-4756-55631-0884.fits
4756/spec-4756-55631-0885.fits
4756/spec-4756-55631-0886.fits
4756/spec-4756-55631-0887.fits
4756/spec-4756-55631-0888.fits
4756/spec-4756-55631-0889.fits
4756/spec-4756-55631-0890.fits
4756/spec-4756-55631-0891.fits
4756/spec-4756-55631-0892.fits
4756/spec-4756-55631-0893.fits
4756/spec-4756-55631-0894.fits
4756/spec-4756-55631-0895.fits
4756/spec-4756-55631-0896.fits
4756/spec-4756-55631-0897.fits
4756/spec-4756-55631-0898.fits
4756/spec-4756-55631-0899.fits
4756/spec-4756-55631-0900.fits
4756/spec-4756-55631-0901.fits
4756/spec-4756-55631-0902.fits
4756/spec-4756-55631-0903.fits
4756/spec-4756-55631-0904.fits
4756/spec-4756-55631-0905.fits
4756/spec-4756-55631-0906.fits
4756/spec-4756-55631-0907.fits
4756/spec-4756-55631-0908.fits
4756/spec-4756-55631-0909.fits
4756/spec-4756-55631-0910.fits
4756/spec-4756-55631-0911.fits
4756/spec-4756-55631-0912.fits
4756/spec-4756-55631-0913.fits
4756/spec-4756-55631-0914.fits
4756/spec-4756-55631-0915.fits
4756/spec-4756-55631-0916.fits
4756/spec-4756-55631-0917.fits
4756/spec-4756-55631-0918.fits
4756/spec-4756-55631-0919.fits
4756/spec-4756-55631-0920.fits
4756/spec-4756-55631-0921.fits
4756/spec-4756-55631-0922.fits
4756/spec-4756-55631-0923.fits
4756/spec-4756-55631-0924.fits
4756/spec-4756-55631-0925.fits
4756/spec-4756-55631-0926.fits
4756/spec-4756-55631-0927.fits
4756/spec-4756-55631-0928.fits
4756/spec-4756-55631-0929.fits
4756/spec-4756-55631-0930.fits
4756/spec-4756-55631-0931.fits
4756/spec-4756-55631-0932.fits
4756/spec-4756-55631-0933.fits
4756/spec-4756-55631-0934.fits
4756/spec-4756-55631-0935.fits
4756/spec-4756-55631-0936.fits
4756/spec-4756-55631-0937.fits
4756/spec-4756-55631-0938.fits
4756/spec-4756-55631-0939.fits
4756/spec-4756-55631-0940.fits
4756/spec-4756-55631-0941.fits
4756/spec-4756-55631-0942.fits
4756/spec-4756-55631-0943.fits
4756/spec-4756-55631-0944.fits
4756/spec-4756-55631-0945.fits
4756/spec-4756-55631-0946.fits
4756/spec-4756-55631-0947.fits
4756/spec-4756-55631-0948.fits
4756/spec-4756-55631-0949.fits
4756/spec-4756-55631-0950.fits
4756/spec-4756-55631-0951.fits
4756/spec-4756-55631-0952.fits
4756/spec-4756-55631-0953.fits
4756/spec-4756-55631-0954.fits
4756/spec-4756-55631-0955.fits
4756/spec-4756-55631-0956.fits
4756/spec-4756-55631-0957.fits
4756/spec-4756-55631-0958.fits
4756/spec-4756-55631-0959.fits
4756/spec-4756-55631-0960.fits
4756/spec-4756-55631-0961.fits
4756/spec-4756-55631-0962.fits
4756/spec-4756-55631-0963.fits
4756/spec-4756-55631-0964.fits
4756/spec-4756-55631-0965.fits
4756/spec-4756-55631-0966.fits
4756/spec-4756-55631-0967.fits
4756/spec-4756-55631-0968.fits
4756/spec-4756-55631-0969.fits
4756/spec-4756-55631-0970.fits
4756/spec-4756-55631-0971.fits
4756/spec-4756-55631-0972.fits
4756/spec-4756-55631-0973.fits
4756/spec-4756-55631-0974.fits
4756/spec-4756-55631-0975.fits
4756/spec-4756-55631-0976.fits
4756/spec-4756-55631-0977.fits
4756/spec-4756-55631-0978.fits
4756/spec-4756-55631-0979.fits
4756/spec-4756-55631-0980.fits
4756/spec-4756-55631-0981.fits
4756/spec-4756-55631-0982.fits
4756/spec-4756-55631-0983.fits
4756/spec-4756-55631-0984.fits
4756/spec-4756-55631-0985.fits
4756/spec-4756-55631-0986.fits
4756/spec-4756-55631-0987.fits
4756/spec-4756-55631-0988.fits
4756/spec-4756-55631-0989.fits
4756/spec-4756-55631-0990.fits
4756/spec-4756-55631-0991.fits
4756/spec-4756-55631-0992.fits
4756/spec-4756-55631-0993.fits
4756/spec-4756-55631-0994.fits
4756/spec-4756-55631-0995.fits
4756/spec-4756-55631-0996.fits
4756/spec-4756-55631-0997.fits
4756/spec-4756-55631-0998.fits
4756/spec-4756-55631-0999.fits
4756/spec-4756-55631-1000.fits
/var/lib/condor/execute/slot1/dir_7786
4756 4756.tgz R R361.tar.gz _condor_stderr _condor_stdout cB58_Lyman_break.fit condor_exec.exe hw4.R packages packages.tar.gz tmp var
[1] "Loaded package astro."
[1] 1000
4756 4756.csv 4756.tgz R R361.tar.gz _condor_stderr _condor_stdout cB58_Lyman_break.fit condor_exec.exe hw4.R packages packages.tar.gz tmp var
