4763
4763/
4763/spec-4763-55869-0001.fits
4763/spec-4763-55869-0002.fits
4763/spec-4763-55869-0003.fits
4763/spec-4763-55869-0004.fits
4763/spec-4763-55869-0005.fits
4763/spec-4763-55869-0006.fits
4763/spec-4763-55869-0007.fits
4763/spec-4763-55869-0008.fits
4763/spec-4763-55869-0009.fits
4763/spec-4763-55869-0010.fits
4763/spec-4763-55869-0011.fits
4763/spec-4763-55869-0012.fits
4763/spec-4763-55869-0013.fits
4763/spec-4763-55869-0014.fits
4763/spec-4763-55869-0015.fits
4763/spec-4763-55869-0016.fits
4763/spec-4763-55869-0017.fits
4763/spec-4763-55869-0018.fits
4763/spec-4763-55869-0019.fits
4763/spec-4763-55869-0020.fits
4763/spec-4763-55869-0021.fits
4763/spec-4763-55869-0022.fits
4763/spec-4763-55869-0023.fits
4763/spec-4763-55869-0024.fits
4763/spec-4763-55869-0025.fits
4763/spec-4763-55869-0026.fits
4763/spec-4763-55869-0027.fits
4763/spec-4763-55869-0028.fits
4763/spec-4763-55869-0029.fits
4763/spec-4763-55869-0030.fits
4763/spec-4763-55869-0031.fits
4763/spec-4763-55869-0032.fits
4763/spec-4763-55869-0033.fits
4763/spec-4763-55869-0034.fits
4763/spec-4763-55869-0035.fits
4763/spec-4763-55869-0036.fits
4763/spec-4763-55869-0037.fits
4763/spec-4763-55869-0038.fits
4763/spec-4763-55869-0039.fits
4763/spec-4763-55869-0040.fits
4763/spec-4763-55869-0041.fits
4763/spec-4763-55869-0042.fits
4763/spec-4763-55869-0043.fits
4763/spec-4763-55869-0044.fits
4763/spec-4763-55869-0045.fits
4763/spec-4763-55869-0046.fits
4763/spec-4763-55869-0047.fits
4763/spec-4763-55869-0048.fits
4763/spec-4763-55869-0049.fits
4763/spec-4763-55869-0050.fits
4763/spec-4763-55869-0051.fits
4763/spec-4763-55869-0052.fits
4763/spec-4763-55869-0053.fits
4763/spec-4763-55869-0054.fits
4763/spec-4763-55869-0055.fits
4763/spec-4763-55869-0056.fits
4763/spec-4763-55869-0057.fits
4763/spec-4763-55869-0058.fits
4763/spec-4763-55869-0059.fits
4763/spec-4763-55869-0060.fits
4763/spec-4763-55869-0061.fits
4763/spec-4763-55869-0062.fits
4763/spec-4763-55869-0063.fits
4763/spec-4763-55869-0064.fits
4763/spec-4763-55869-0065.fits
4763/spec-4763-55869-0066.fits
4763/spec-4763-55869-0067.fits
4763/spec-4763-55869-0068.fits
4763/spec-4763-55869-0069.fits
4763/spec-4763-55869-0070.fits
4763/spec-4763-55869-0071.fits
4763/spec-4763-55869-0072.fits
4763/spec-4763-55869-0073.fits
4763/spec-4763-55869-0074.fits
4763/spec-4763-55869-0075.fits
4763/spec-4763-55869-0076.fits
4763/spec-4763-55869-0077.fits
4763/spec-4763-55869-0078.fits
4763/spec-4763-55869-0079.fits
4763/spec-4763-55869-0080.fits
4763/spec-4763-55869-0081.fits
4763/spec-4763-55869-0082.fits
4763/spec-4763-55869-0083.fits
4763/spec-4763-55869-0084.fits
4763/spec-4763-55869-0085.fits
4763/spec-4763-55869-0086.fits
4763/spec-4763-55869-0087.fits
4763/spec-4763-55869-0088.fits
4763/spec-4763-55869-0089.fits
4763/spec-4763-55869-0090.fits
4763/spec-4763-55869-0091.fits
4763/spec-4763-55869-0092.fits
4763/spec-4763-55869-0093.fits
4763/spec-4763-55869-0094.fits
4763/spec-4763-55869-0095.fits
4763/spec-4763-55869-0096.fits
4763/spec-4763-55869-0097.fits
4763/spec-4763-55869-0098.fits
4763/spec-4763-55869-0099.fits
4763/spec-4763-55869-0100.fits
4763/spec-4763-55869-0101.fits
4763/spec-4763-55869-0102.fits
4763/spec-4763-55869-0103.fits
4763/spec-4763-55869-0104.fits
4763/spec-4763-55869-0105.fits
4763/spec-4763-55869-0106.fits
4763/spec-4763-55869-0107.fits
4763/spec-4763-55869-0108.fits
4763/spec-4763-55869-0109.fits
4763/spec-4763-55869-0110.fits
4763/spec-4763-55869-0111.fits
4763/spec-4763-55869-0112.fits
4763/spec-4763-55869-0113.fits
4763/spec-4763-55869-0114.fits
4763/spec-4763-55869-0115.fits
4763/spec-4763-55869-0116.fits
4763/spec-4763-55869-0117.fits
4763/spec-4763-55869-0118.fits
4763/spec-4763-55869-0119.fits
4763/spec-4763-55869-0120.fits
4763/spec-4763-55869-0121.fits
4763/spec-4763-55869-0122.fits
4763/spec-4763-55869-0123.fits
4763/spec-4763-55869-0124.fits
4763/spec-4763-55869-0125.fits
4763/spec-4763-55869-0126.fits
4763/spec-4763-55869-0127.fits
4763/spec-4763-55869-0128.fits
4763/spec-4763-55869-0129.fits
4763/spec-4763-55869-0130.fits
4763/spec-4763-55869-0131.fits
4763/spec-4763-55869-0132.fits
4763/spec-4763-55869-0133.fits
4763/spec-4763-55869-0134.fits
4763/spec-4763-55869-0135.fits
4763/spec-4763-55869-0136.fits
4763/spec-4763-55869-0137.fits
4763/spec-4763-55869-0138.fits
4763/spec-4763-55869-0139.fits
4763/spec-4763-55869-0140.fits
4763/spec-4763-55869-0141.fits
4763/spec-4763-55869-0142.fits
4763/spec-4763-55869-0143.fits
4763/spec-4763-55869-0144.fits
4763/spec-4763-55869-0145.fits
4763/spec-4763-55869-0146.fits
4763/spec-4763-55869-0147.fits
4763/spec-4763-55869-0148.fits
4763/spec-4763-55869-0149.fits
4763/spec-4763-55869-0150.fits
4763/spec-4763-55869-0151.fits
4763/spec-4763-55869-0152.fits
4763/spec-4763-55869-0153.fits
4763/spec-4763-55869-0154.fits
4763/spec-4763-55869-0155.fits
4763/spec-4763-55869-0156.fits
4763/spec-4763-55869-0157.fits
4763/spec-4763-55869-0158.fits
4763/spec-4763-55869-0159.fits
4763/spec-4763-55869-0160.fits
4763/spec-4763-55869-0161.fits
4763/spec-4763-55869-0162.fits
4763/spec-4763-55869-0163.fits
4763/spec-4763-55869-0164.fits
4763/spec-4763-55869-0165.fits
4763/spec-4763-55869-0166.fits
4763/spec-4763-55869-0167.fits
4763/spec-4763-55869-0168.fits
4763/spec-4763-55869-0169.fits
4763/spec-4763-55869-0170.fits
4763/spec-4763-55869-0171.fits
4763/spec-4763-55869-0172.fits
4763/spec-4763-55869-0173.fits
4763/spec-4763-55869-0174.fits
4763/spec-4763-55869-0175.fits
4763/spec-4763-55869-0176.fits
4763/spec-4763-55869-0177.fits
4763/spec-4763-55869-0178.fits
4763/spec-4763-55869-0179.fits
4763/spec-4763-55869-0180.fits
4763/spec-4763-55869-0181.fits
4763/spec-4763-55869-0182.fits
4763/spec-4763-55869-0183.fits
4763/spec-4763-55869-0184.fits
4763/spec-4763-55869-0185.fits
4763/spec-4763-55869-0186.fits
4763/spec-4763-55869-0187.fits
4763/spec-4763-55869-0188.fits
4763/spec-4763-55869-0189.fits
4763/spec-4763-55869-0190.fits
4763/spec-4763-55869-0191.fits
4763/spec-4763-55869-0192.fits
4763/spec-4763-55869-0193.fits
4763/spec-4763-55869-0194.fits
4763/spec-4763-55869-0195.fits
4763/spec-4763-55869-0196.fits
4763/spec-4763-55869-0197.fits
4763/spec-4763-55869-0198.fits
4763/spec-4763-55869-0199.fits
4763/spec-4763-55869-0200.fits
4763/spec-4763-55869-0201.fits
4763/spec-4763-55869-0202.fits
4763/spec-4763-55869-0203.fits
4763/spec-4763-55869-0204.fits
4763/spec-4763-55869-0205.fits
4763/spec-4763-55869-0206.fits
4763/spec-4763-55869-0207.fits
4763/spec-4763-55869-0208.fits
4763/spec-4763-55869-0209.fits
4763/spec-4763-55869-0210.fits
4763/spec-4763-55869-0211.fits
4763/spec-4763-55869-0212.fits
4763/spec-4763-55869-0213.fits
4763/spec-4763-55869-0214.fits
4763/spec-4763-55869-0215.fits
4763/spec-4763-55869-0216.fits
4763/spec-4763-55869-0217.fits
4763/spec-4763-55869-0218.fits
4763/spec-4763-55869-0219.fits
4763/spec-4763-55869-0220.fits
4763/spec-4763-55869-0221.fits
4763/spec-4763-55869-0222.fits
4763/spec-4763-55869-0223.fits
4763/spec-4763-55869-0224.fits
4763/spec-4763-55869-0225.fits
4763/spec-4763-55869-0226.fits
4763/spec-4763-55869-0227.fits
4763/spec-4763-55869-0228.fits
4763/spec-4763-55869-0229.fits
4763/spec-4763-55869-0230.fits
4763/spec-4763-55869-0231.fits
4763/spec-4763-55869-0232.fits
4763/spec-4763-55869-0233.fits
4763/spec-4763-55869-0234.fits
4763/spec-4763-55869-0235.fits
4763/spec-4763-55869-0236.fits
4763/spec-4763-55869-0237.fits
4763/spec-4763-55869-0238.fits
4763/spec-4763-55869-0239.fits
4763/spec-4763-55869-0240.fits
4763/spec-4763-55869-0241.fits
4763/spec-4763-55869-0242.fits
4763/spec-4763-55869-0243.fits
4763/spec-4763-55869-0244.fits
4763/spec-4763-55869-0245.fits
4763/spec-4763-55869-0246.fits
4763/spec-4763-55869-0247.fits
4763/spec-4763-55869-0248.fits
4763/spec-4763-55869-0249.fits
4763/spec-4763-55869-0250.fits
4763/spec-4763-55869-0251.fits
4763/spec-4763-55869-0252.fits
4763/spec-4763-55869-0253.fits
4763/spec-4763-55869-0254.fits
4763/spec-4763-55869-0255.fits
4763/spec-4763-55869-0256.fits
4763/spec-4763-55869-0257.fits
4763/spec-4763-55869-0258.fits
4763/spec-4763-55869-0259.fits
4763/spec-4763-55869-0260.fits
4763/spec-4763-55869-0261.fits
4763/spec-4763-55869-0262.fits
4763/spec-4763-55869-0263.fits
4763/spec-4763-55869-0264.fits
4763/spec-4763-55869-0265.fits
4763/spec-4763-55869-0266.fits
4763/spec-4763-55869-0267.fits
4763/spec-4763-55869-0268.fits
4763/spec-4763-55869-0269.fits
4763/spec-4763-55869-0270.fits
4763/spec-4763-55869-0271.fits
4763/spec-4763-55869-0272.fits
4763/spec-4763-55869-0273.fits
4763/spec-4763-55869-0274.fits
4763/spec-4763-55869-0275.fits
4763/spec-4763-55869-0276.fits
4763/spec-4763-55869-0277.fits
4763/spec-4763-55869-0278.fits
4763/spec-4763-55869-0279.fits
4763/spec-4763-55869-0280.fits
4763/spec-4763-55869-0281.fits
4763/spec-4763-55869-0282.fits
4763/spec-4763-55869-0283.fits
4763/spec-4763-55869-0284.fits
4763/spec-4763-55869-0285.fits
4763/spec-4763-55869-0286.fits
4763/spec-4763-55869-0287.fits
4763/spec-4763-55869-0288.fits
4763/spec-4763-55869-0289.fits
4763/spec-4763-55869-0290.fits
4763/spec-4763-55869-0291.fits
4763/spec-4763-55869-0292.fits
4763/spec-4763-55869-0293.fits
4763/spec-4763-55869-0294.fits
4763/spec-4763-55869-0295.fits
4763/spec-4763-55869-0296.fits
4763/spec-4763-55869-0297.fits
4763/spec-4763-55869-0298.fits
4763/spec-4763-55869-0299.fits
4763/spec-4763-55869-0300.fits
4763/spec-4763-55869-0301.fits
4763/spec-4763-55869-0302.fits
4763/spec-4763-55869-0303.fits
4763/spec-4763-55869-0304.fits
4763/spec-4763-55869-0305.fits
4763/spec-4763-55869-0306.fits
4763/spec-4763-55869-0307.fits
4763/spec-4763-55869-0308.fits
4763/spec-4763-55869-0309.fits
4763/spec-4763-55869-0310.fits
4763/spec-4763-55869-0311.fits
4763/spec-4763-55869-0312.fits
4763/spec-4763-55869-0313.fits
4763/spec-4763-55869-0314.fits
4763/spec-4763-55869-0315.fits
4763/spec-4763-55869-0316.fits
4763/spec-4763-55869-0317.fits
4763/spec-4763-55869-0318.fits
4763/spec-4763-55869-0319.fits
4763/spec-4763-55869-0320.fits
4763/spec-4763-55869-0321.fits
4763/spec-4763-55869-0322.fits
4763/spec-4763-55869-0323.fits
4763/spec-4763-55869-0324.fits
4763/spec-4763-55869-0325.fits
4763/spec-4763-55869-0326.fits
4763/spec-4763-55869-0327.fits
4763/spec-4763-55869-0328.fits
4763/spec-4763-55869-0329.fits
4763/spec-4763-55869-0330.fits
4763/spec-4763-55869-0331.fits
4763/spec-4763-55869-0332.fits
4763/spec-4763-55869-0333.fits
4763/spec-4763-55869-0334.fits
4763/spec-4763-55869-0335.fits
4763/spec-4763-55869-0336.fits
4763/spec-4763-55869-0337.fits
4763/spec-4763-55869-0338.fits
4763/spec-4763-55869-0339.fits
4763/spec-4763-55869-0340.fits
4763/spec-4763-55869-0341.fits
4763/spec-4763-55869-0342.fits
4763/spec-4763-55869-0343.fits
4763/spec-4763-55869-0344.fits
4763/spec-4763-55869-0345.fits
4763/spec-4763-55869-0346.fits
4763/spec-4763-55869-0347.fits
4763/spec-4763-55869-0348.fits
4763/spec-4763-55869-0349.fits
4763/spec-4763-55869-0350.fits
4763/spec-4763-55869-0351.fits
4763/spec-4763-55869-0352.fits
4763/spec-4763-55869-0353.fits
4763/spec-4763-55869-0354.fits
4763/spec-4763-55869-0355.fits
4763/spec-4763-55869-0356.fits
4763/spec-4763-55869-0357.fits
4763/spec-4763-55869-0358.fits
4763/spec-4763-55869-0359.fits
4763/spec-4763-55869-0360.fits
4763/spec-4763-55869-0361.fits
4763/spec-4763-55869-0362.fits
4763/spec-4763-55869-0363.fits
4763/spec-4763-55869-0364.fits
4763/spec-4763-55869-0365.fits
4763/spec-4763-55869-0366.fits
4763/spec-4763-55869-0367.fits
4763/spec-4763-55869-0368.fits
4763/spec-4763-55869-0369.fits
4763/spec-4763-55869-0370.fits
4763/spec-4763-55869-0371.fits
4763/spec-4763-55869-0372.fits
4763/spec-4763-55869-0373.fits
4763/spec-4763-55869-0374.fits
4763/spec-4763-55869-0375.fits
4763/spec-4763-55869-0376.fits
4763/spec-4763-55869-0377.fits
4763/spec-4763-55869-0378.fits
4763/spec-4763-55869-0379.fits
4763/spec-4763-55869-0380.fits
4763/spec-4763-55869-0381.fits
4763/spec-4763-55869-0382.fits
4763/spec-4763-55869-0383.fits
4763/spec-4763-55869-0384.fits
4763/spec-4763-55869-0385.fits
4763/spec-4763-55869-0386.fits
4763/spec-4763-55869-0387.fits
4763/spec-4763-55869-0388.fits
4763/spec-4763-55869-0389.fits
4763/spec-4763-55869-0390.fits
4763/spec-4763-55869-0391.fits
4763/spec-4763-55869-0392.fits
4763/spec-4763-55869-0393.fits
4763/spec-4763-55869-0394.fits
4763/spec-4763-55869-0395.fits
4763/spec-4763-55869-0396.fits
4763/spec-4763-55869-0397.fits
4763/spec-4763-55869-0398.fits
4763/spec-4763-55869-0399.fits
4763/spec-4763-55869-0400.fits
4763/spec-4763-55869-0401.fits
4763/spec-4763-55869-0402.fits
4763/spec-4763-55869-0403.fits
4763/spec-4763-55869-0404.fits
4763/spec-4763-55869-0405.fits
4763/spec-4763-55869-0406.fits
4763/spec-4763-55869-0407.fits
4763/spec-4763-55869-0408.fits
4763/spec-4763-55869-0409.fits
4763/spec-4763-55869-0410.fits
4763/spec-4763-55869-0411.fits
4763/spec-4763-55869-0412.fits
4763/spec-4763-55869-0413.fits
4763/spec-4763-55869-0414.fits
4763/spec-4763-55869-0415.fits
4763/spec-4763-55869-0416.fits
4763/spec-4763-55869-0417.fits
4763/spec-4763-55869-0418.fits
4763/spec-4763-55869-0419.fits
4763/spec-4763-55869-0420.fits
4763/spec-4763-55869-0421.fits
4763/spec-4763-55869-0422.fits
4763/spec-4763-55869-0423.fits
4763/spec-4763-55869-0424.fits
4763/spec-4763-55869-0425.fits
4763/spec-4763-55869-0426.fits
4763/spec-4763-55869-0427.fits
4763/spec-4763-55869-0428.fits
4763/spec-4763-55869-0429.fits
4763/spec-4763-55869-0430.fits
4763/spec-4763-55869-0431.fits
4763/spec-4763-55869-0432.fits
4763/spec-4763-55869-0433.fits
4763/spec-4763-55869-0434.fits
4763/spec-4763-55869-0435.fits
4763/spec-4763-55869-0436.fits
4763/spec-4763-55869-0437.fits
4763/spec-4763-55869-0438.fits
4763/spec-4763-55869-0439.fits
4763/spec-4763-55869-0440.fits
4763/spec-4763-55869-0441.fits
4763/spec-4763-55869-0442.fits
4763/spec-4763-55869-0443.fits
4763/spec-4763-55869-0444.fits
4763/spec-4763-55869-0445.fits
4763/spec-4763-55869-0446.fits
4763/spec-4763-55869-0447.fits
4763/spec-4763-55869-0448.fits
4763/spec-4763-55869-0449.fits
4763/spec-4763-55869-0450.fits
4763/spec-4763-55869-0451.fits
4763/spec-4763-55869-0452.fits
4763/spec-4763-55869-0453.fits
4763/spec-4763-55869-0454.fits
4763/spec-4763-55869-0455.fits
4763/spec-4763-55869-0456.fits
4763/spec-4763-55869-0457.fits
4763/spec-4763-55869-0458.fits
4763/spec-4763-55869-0459.fits
4763/spec-4763-55869-0460.fits
4763/spec-4763-55869-0461.fits
4763/spec-4763-55869-0462.fits
4763/spec-4763-55869-0463.fits
4763/spec-4763-55869-0464.fits
4763/spec-4763-55869-0465.fits
4763/spec-4763-55869-0466.fits
4763/spec-4763-55869-0467.fits
4763/spec-4763-55869-0468.fits
4763/spec-4763-55869-0469.fits
4763/spec-4763-55869-0470.fits
4763/spec-4763-55869-0471.fits
4763/spec-4763-55869-0472.fits
4763/spec-4763-55869-0473.fits
4763/spec-4763-55869-0474.fits
4763/spec-4763-55869-0475.fits
4763/spec-4763-55869-0476.fits
4763/spec-4763-55869-0477.fits
4763/spec-4763-55869-0478.fits
4763/spec-4763-55869-0479.fits
4763/spec-4763-55869-0480.fits
4763/spec-4763-55869-0481.fits
4763/spec-4763-55869-0482.fits
4763/spec-4763-55869-0483.fits
4763/spec-4763-55869-0484.fits
4763/spec-4763-55869-0485.fits
4763/spec-4763-55869-0486.fits
4763/spec-4763-55869-0487.fits
4763/spec-4763-55869-0488.fits
4763/spec-4763-55869-0489.fits
4763/spec-4763-55869-0490.fits
4763/spec-4763-55869-0491.fits
4763/spec-4763-55869-0492.fits
4763/spec-4763-55869-0493.fits
4763/spec-4763-55869-0494.fits
4763/spec-4763-55869-0495.fits
4763/spec-4763-55869-0496.fits
4763/spec-4763-55869-0497.fits
4763/spec-4763-55869-0498.fits
4763/spec-4763-55869-0499.fits
4763/spec-4763-55869-0500.fits
4763/spec-4763-55869-0501.fits
4763/spec-4763-55869-0502.fits
4763/spec-4763-55869-0503.fits
4763/spec-4763-55869-0504.fits
4763/spec-4763-55869-0505.fits
4763/spec-4763-55869-0506.fits
4763/spec-4763-55869-0507.fits
4763/spec-4763-55869-0508.fits
4763/spec-4763-55869-0509.fits
4763/spec-4763-55869-0510.fits
4763/spec-4763-55869-0511.fits
4763/spec-4763-55869-0512.fits
4763/spec-4763-55869-0513.fits
4763/spec-4763-55869-0514.fits
4763/spec-4763-55869-0515.fits
4763/spec-4763-55869-0516.fits
4763/spec-4763-55869-0517.fits
4763/spec-4763-55869-0518.fits
4763/spec-4763-55869-0519.fits
4763/spec-4763-55869-0520.fits
4763/spec-4763-55869-0521.fits
4763/spec-4763-55869-0522.fits
4763/spec-4763-55869-0523.fits
4763/spec-4763-55869-0524.fits
4763/spec-4763-55869-0525.fits
4763/spec-4763-55869-0526.fits
4763/spec-4763-55869-0527.fits
4763/spec-4763-55869-0528.fits
4763/spec-4763-55869-0529.fits
4763/spec-4763-55869-0530.fits
4763/spec-4763-55869-0531.fits
4763/spec-4763-55869-0532.fits
4763/spec-4763-55869-0533.fits
4763/spec-4763-55869-0534.fits
4763/spec-4763-55869-0535.fits
4763/spec-4763-55869-0536.fits
4763/spec-4763-55869-0537.fits
4763/spec-4763-55869-0538.fits
4763/spec-4763-55869-0539.fits
4763/spec-4763-55869-0540.fits
4763/spec-4763-55869-0541.fits
4763/spec-4763-55869-0542.fits
4763/spec-4763-55869-0543.fits
4763/spec-4763-55869-0544.fits
4763/spec-4763-55869-0545.fits
4763/spec-4763-55869-0546.fits
4763/spec-4763-55869-0547.fits
4763/spec-4763-55869-0548.fits
4763/spec-4763-55869-0549.fits
4763/spec-4763-55869-0550.fits
4763/spec-4763-55869-0551.fits
4763/spec-4763-55869-0552.fits
4763/spec-4763-55869-0553.fits
4763/spec-4763-55869-0554.fits
4763/spec-4763-55869-0555.fits
4763/spec-4763-55869-0556.fits
4763/spec-4763-55869-0557.fits
4763/spec-4763-55869-0558.fits
4763/spec-4763-55869-0559.fits
4763/spec-4763-55869-0560.fits
4763/spec-4763-55869-0561.fits
4763/spec-4763-55869-0562.fits
4763/spec-4763-55869-0563.fits
4763/spec-4763-55869-0564.fits
4763/spec-4763-55869-0565.fits
4763/spec-4763-55869-0566.fits
4763/spec-4763-55869-0567.fits
4763/spec-4763-55869-0568.fits
4763/spec-4763-55869-0569.fits
4763/spec-4763-55869-0570.fits
4763/spec-4763-55869-0571.fits
4763/spec-4763-55869-0572.fits
4763/spec-4763-55869-0573.fits
4763/spec-4763-55869-0574.fits
4763/spec-4763-55869-0575.fits
4763/spec-4763-55869-0576.fits
4763/spec-4763-55869-0577.fits
4763/spec-4763-55869-0578.fits
4763/spec-4763-55869-0579.fits
4763/spec-4763-55869-0580.fits
4763/spec-4763-55869-0581.fits
4763/spec-4763-55869-0582.fits
4763/spec-4763-55869-0583.fits
4763/spec-4763-55869-0584.fits
4763/spec-4763-55869-0585.fits
4763/spec-4763-55869-0586.fits
4763/spec-4763-55869-0587.fits
4763/spec-4763-55869-0588.fits
4763/spec-4763-55869-0589.fits
4763/spec-4763-55869-0590.fits
4763/spec-4763-55869-0591.fits
4763/spec-4763-55869-0592.fits
4763/spec-4763-55869-0593.fits
4763/spec-4763-55869-0594.fits
4763/spec-4763-55869-0595.fits
4763/spec-4763-55869-0596.fits
4763/spec-4763-55869-0597.fits
4763/spec-4763-55869-0598.fits
4763/spec-4763-55869-0599.fits
4763/spec-4763-55869-0600.fits
4763/spec-4763-55869-0601.fits
4763/spec-4763-55869-0602.fits
4763/spec-4763-55869-0603.fits
4763/spec-4763-55869-0604.fits
4763/spec-4763-55869-0605.fits
4763/spec-4763-55869-0606.fits
4763/spec-4763-55869-0607.fits
4763/spec-4763-55869-0608.fits
4763/spec-4763-55869-0609.fits
4763/spec-4763-55869-0610.fits
4763/spec-4763-55869-0611.fits
4763/spec-4763-55869-0612.fits
4763/spec-4763-55869-0613.fits
4763/spec-4763-55869-0614.fits
4763/spec-4763-55869-0615.fits
4763/spec-4763-55869-0616.fits
4763/spec-4763-55869-0617.fits
4763/spec-4763-55869-0618.fits
4763/spec-4763-55869-0619.fits
4763/spec-4763-55869-0620.fits
4763/spec-4763-55869-0621.fits
4763/spec-4763-55869-0622.fits
4763/spec-4763-55869-0623.fits
4763/spec-4763-55869-0624.fits
4763/spec-4763-55869-0625.fits
4763/spec-4763-55869-0626.fits
4763/spec-4763-55869-0627.fits
4763/spec-4763-55869-0628.fits
4763/spec-4763-55869-0629.fits
4763/spec-4763-55869-0630.fits
4763/spec-4763-55869-0631.fits
4763/spec-4763-55869-0632.fits
4763/spec-4763-55869-0633.fits
4763/spec-4763-55869-0634.fits
4763/spec-4763-55869-0635.fits
4763/spec-4763-55869-0636.fits
4763/spec-4763-55869-0637.fits
4763/spec-4763-55869-0638.fits
4763/spec-4763-55869-0639.fits
4763/spec-4763-55869-0640.fits
4763/spec-4763-55869-0641.fits
4763/spec-4763-55869-0642.fits
4763/spec-4763-55869-0643.fits
4763/spec-4763-55869-0644.fits
4763/spec-4763-55869-0645.fits
4763/spec-4763-55869-0646.fits
4763/spec-4763-55869-0647.fits
4763/spec-4763-55869-0648.fits
4763/spec-4763-55869-0649.fits
4763/spec-4763-55869-0650.fits
4763/spec-4763-55869-0651.fits
4763/spec-4763-55869-0652.fits
4763/spec-4763-55869-0653.fits
4763/spec-4763-55869-0654.fits
4763/spec-4763-55869-0655.fits
4763/spec-4763-55869-0656.fits
4763/spec-4763-55869-0657.fits
4763/spec-4763-55869-0658.fits
4763/spec-4763-55869-0659.fits
4763/spec-4763-55869-0660.fits
4763/spec-4763-55869-0661.fits
4763/spec-4763-55869-0662.fits
4763/spec-4763-55869-0663.fits
4763/spec-4763-55869-0664.fits
4763/spec-4763-55869-0665.fits
4763/spec-4763-55869-0666.fits
4763/spec-4763-55869-0667.fits
4763/spec-4763-55869-0668.fits
4763/spec-4763-55869-0669.fits
4763/spec-4763-55869-0670.fits
4763/spec-4763-55869-0671.fits
4763/spec-4763-55869-0672.fits
4763/spec-4763-55869-0673.fits
4763/spec-4763-55869-0674.fits
4763/spec-4763-55869-0675.fits
4763/spec-4763-55869-0676.fits
4763/spec-4763-55869-0677.fits
4763/spec-4763-55869-0678.fits
4763/spec-4763-55869-0679.fits
4763/spec-4763-55869-0680.fits
4763/spec-4763-55869-0681.fits
4763/spec-4763-55869-0682.fits
4763/spec-4763-55869-0683.fits
4763/spec-4763-55869-0684.fits
4763/spec-4763-55869-0685.fits
4763/spec-4763-55869-0686.fits
4763/spec-4763-55869-0687.fits
4763/spec-4763-55869-0688.fits
4763/spec-4763-55869-0689.fits
4763/spec-4763-55869-0690.fits
4763/spec-4763-55869-0691.fits
4763/spec-4763-55869-0692.fits
4763/spec-4763-55869-0693.fits
4763/spec-4763-55869-0694.fits
4763/spec-4763-55869-0695.fits
4763/spec-4763-55869-0696.fits
4763/spec-4763-55869-0697.fits
4763/spec-4763-55869-0698.fits
4763/spec-4763-55869-0699.fits
4763/spec-4763-55869-0700.fits
4763/spec-4763-55869-0701.fits
4763/spec-4763-55869-0702.fits
4763/spec-4763-55869-0703.fits
4763/spec-4763-55869-0704.fits
4763/spec-4763-55869-0705.fits
4763/spec-4763-55869-0706.fits
4763/spec-4763-55869-0707.fits
4763/spec-4763-55869-0708.fits
4763/spec-4763-55869-0709.fits
4763/spec-4763-55869-0710.fits
4763/spec-4763-55869-0711.fits
4763/spec-4763-55869-0712.fits
4763/spec-4763-55869-0713.fits
4763/spec-4763-55869-0714.fits
4763/spec-4763-55869-0715.fits
4763/spec-4763-55869-0716.fits
4763/spec-4763-55869-0717.fits
4763/spec-4763-55869-0718.fits
4763/spec-4763-55869-0719.fits
4763/spec-4763-55869-0720.fits
4763/spec-4763-55869-0721.fits
4763/spec-4763-55869-0722.fits
4763/spec-4763-55869-0723.fits
4763/spec-4763-55869-0724.fits
4763/spec-4763-55869-0725.fits
4763/spec-4763-55869-0726.fits
4763/spec-4763-55869-0727.fits
4763/spec-4763-55869-0728.fits
4763/spec-4763-55869-0729.fits
4763/spec-4763-55869-0730.fits
4763/spec-4763-55869-0731.fits
4763/spec-4763-55869-0732.fits
4763/spec-4763-55869-0733.fits
4763/spec-4763-55869-0734.fits
4763/spec-4763-55869-0735.fits
4763/spec-4763-55869-0736.fits
4763/spec-4763-55869-0737.fits
4763/spec-4763-55869-0738.fits
4763/spec-4763-55869-0739.fits
4763/spec-4763-55869-0740.fits
4763/spec-4763-55869-0741.fits
4763/spec-4763-55869-0742.fits
4763/spec-4763-55869-0743.fits
4763/spec-4763-55869-0744.fits
4763/spec-4763-55869-0745.fits
4763/spec-4763-55869-0746.fits
4763/spec-4763-55869-0747.fits
4763/spec-4763-55869-0748.fits
4763/spec-4763-55869-0749.fits
4763/spec-4763-55869-0750.fits
4763/spec-4763-55869-0751.fits
4763/spec-4763-55869-0752.fits
4763/spec-4763-55869-0753.fits
4763/spec-4763-55869-0754.fits
4763/spec-4763-55869-0755.fits
4763/spec-4763-55869-0756.fits
4763/spec-4763-55869-0757.fits
4763/spec-4763-55869-0758.fits
4763/spec-4763-55869-0759.fits
4763/spec-4763-55869-0760.fits
4763/spec-4763-55869-0761.fits
4763/spec-4763-55869-0762.fits
4763/spec-4763-55869-0763.fits
4763/spec-4763-55869-0764.fits
4763/spec-4763-55869-0765.fits
4763/spec-4763-55869-0766.fits
4763/spec-4763-55869-0767.fits
4763/spec-4763-55869-0768.fits
4763/spec-4763-55869-0769.fits
4763/spec-4763-55869-0770.fits
4763/spec-4763-55869-0771.fits
4763/spec-4763-55869-0772.fits
4763/spec-4763-55869-0773.fits
4763/spec-4763-55869-0774.fits
4763/spec-4763-55869-0775.fits
4763/spec-4763-55869-0776.fits
4763/spec-4763-55869-0777.fits
4763/spec-4763-55869-0778.fits
4763/spec-4763-55869-0779.fits
4763/spec-4763-55869-0780.fits
4763/spec-4763-55869-0781.fits
4763/spec-4763-55869-0782.fits
4763/spec-4763-55869-0783.fits
4763/spec-4763-55869-0784.fits
4763/spec-4763-55869-0785.fits
4763/spec-4763-55869-0786.fits
4763/spec-4763-55869-0787.fits
4763/spec-4763-55869-0788.fits
4763/spec-4763-55869-0789.fits
4763/spec-4763-55869-0790.fits
4763/spec-4763-55869-0791.fits
4763/spec-4763-55869-0792.fits
4763/spec-4763-55869-0793.fits
4763/spec-4763-55869-0794.fits
4763/spec-4763-55869-0795.fits
4763/spec-4763-55869-0796.fits
4763/spec-4763-55869-0797.fits
4763/spec-4763-55869-0798.fits
4763/spec-4763-55869-0799.fits
4763/spec-4763-55869-0800.fits
4763/spec-4763-55869-0801.fits
4763/spec-4763-55869-0802.fits
4763/spec-4763-55869-0803.fits
4763/spec-4763-55869-0804.fits
4763/spec-4763-55869-0805.fits
4763/spec-4763-55869-0806.fits
4763/spec-4763-55869-0807.fits
4763/spec-4763-55869-0808.fits
4763/spec-4763-55869-0809.fits
4763/spec-4763-55869-0810.fits
4763/spec-4763-55869-0811.fits
4763/spec-4763-55869-0812.fits
4763/spec-4763-55869-0813.fits
4763/spec-4763-55869-0814.fits
4763/spec-4763-55869-0815.fits
4763/spec-4763-55869-0816.fits
4763/spec-4763-55869-0817.fits
4763/spec-4763-55869-0818.fits
4763/spec-4763-55869-0819.fits
4763/spec-4763-55869-0820.fits
4763/spec-4763-55869-0821.fits
4763/spec-4763-55869-0822.fits
4763/spec-4763-55869-0823.fits
4763/spec-4763-55869-0824.fits
4763/spec-4763-55869-0825.fits
4763/spec-4763-55869-0826.fits
4763/spec-4763-55869-0827.fits
4763/spec-4763-55869-0828.fits
4763/spec-4763-55869-0829.fits
4763/spec-4763-55869-0830.fits
4763/spec-4763-55869-0831.fits
4763/spec-4763-55869-0832.fits
4763/spec-4763-55869-0833.fits
4763/spec-4763-55869-0834.fits
4763/spec-4763-55869-0835.fits
4763/spec-4763-55869-0836.fits
4763/spec-4763-55869-0837.fits
4763/spec-4763-55869-0838.fits
4763/spec-4763-55869-0839.fits
4763/spec-4763-55869-0840.fits
4763/spec-4763-55869-0841.fits
4763/spec-4763-55869-0842.fits
4763/spec-4763-55869-0843.fits
4763/spec-4763-55869-0844.fits
4763/spec-4763-55869-0845.fits
4763/spec-4763-55869-0846.fits
4763/spec-4763-55869-0847.fits
4763/spec-4763-55869-0848.fits
4763/spec-4763-55869-0849.fits
4763/spec-4763-55869-0850.fits
4763/spec-4763-55869-0851.fits
4763/spec-4763-55869-0852.fits
4763/spec-4763-55869-0853.fits
4763/spec-4763-55869-0854.fits
4763/spec-4763-55869-0855.fits
4763/spec-4763-55869-0856.fits
4763/spec-4763-55869-0857.fits
4763/spec-4763-55869-0858.fits
4763/spec-4763-55869-0859.fits
4763/spec-4763-55869-0860.fits
4763/spec-4763-55869-0861.fits
4763/spec-4763-55869-0862.fits
4763/spec-4763-55869-0863.fits
4763/spec-4763-55869-0864.fits
4763/spec-4763-55869-0865.fits
4763/spec-4763-55869-0866.fits
4763/spec-4763-55869-0867.fits
4763/spec-4763-55869-0868.fits
4763/spec-4763-55869-0869.fits
4763/spec-4763-55869-0870.fits
4763/spec-4763-55869-0871.fits
4763/spec-4763-55869-0872.fits
4763/spec-4763-55869-0873.fits
4763/spec-4763-55869-0874.fits
4763/spec-4763-55869-0875.fits
4763/spec-4763-55869-0876.fits
4763/spec-4763-55869-0877.fits
4763/spec-4763-55869-0878.fits
4763/spec-4763-55869-0879.fits
4763/spec-4763-55869-0880.fits
4763/spec-4763-55869-0881.fits
4763/spec-4763-55869-0882.fits
4763/spec-4763-55869-0883.fits
4763/spec-4763-55869-0884.fits
4763/spec-4763-55869-0885.fits
4763/spec-4763-55869-0886.fits
4763/spec-4763-55869-0887.fits
4763/spec-4763-55869-0888.fits
4763/spec-4763-55869-0889.fits
4763/spec-4763-55869-0890.fits
4763/spec-4763-55869-0891.fits
4763/spec-4763-55869-0892.fits
4763/spec-4763-55869-0893.fits
4763/spec-4763-55869-0894.fits
4763/spec-4763-55869-0895.fits
4763/spec-4763-55869-0896.fits
4763/spec-4763-55869-0897.fits
4763/spec-4763-55869-0898.fits
4763/spec-4763-55869-0899.fits
4763/spec-4763-55869-0900.fits
4763/spec-4763-55869-0901.fits
4763/spec-4763-55869-0902.fits
4763/spec-4763-55869-0903.fits
4763/spec-4763-55869-0904.fits
4763/spec-4763-55869-0905.fits
4763/spec-4763-55869-0906.fits
4763/spec-4763-55869-0907.fits
4763/spec-4763-55869-0908.fits
4763/spec-4763-55869-0909.fits
4763/spec-4763-55869-0910.fits
4763/spec-4763-55869-0911.fits
4763/spec-4763-55869-0912.fits
4763/spec-4763-55869-0913.fits
4763/spec-4763-55869-0914.fits
4763/spec-4763-55869-0915.fits
4763/spec-4763-55869-0916.fits
4763/spec-4763-55869-0917.fits
4763/spec-4763-55869-0918.fits
4763/spec-4763-55869-0919.fits
4763/spec-4763-55869-0920.fits
4763/spec-4763-55869-0921.fits
4763/spec-4763-55869-0922.fits
4763/spec-4763-55869-0923.fits
4763/spec-4763-55869-0924.fits
4763/spec-4763-55869-0925.fits
4763/spec-4763-55869-0926.fits
4763/spec-4763-55869-0927.fits
4763/spec-4763-55869-0928.fits
4763/spec-4763-55869-0929.fits
4763/spec-4763-55869-0930.fits
4763/spec-4763-55869-0931.fits
4763/spec-4763-55869-0932.fits
4763/spec-4763-55869-0933.fits
4763/spec-4763-55869-0934.fits
4763/spec-4763-55869-0935.fits
4763/spec-4763-55869-0936.fits
4763/spec-4763-55869-0937.fits
4763/spec-4763-55869-0938.fits
4763/spec-4763-55869-0939.fits
4763/spec-4763-55869-0940.fits
4763/spec-4763-55869-0941.fits
4763/spec-4763-55869-0942.fits
4763/spec-4763-55869-0943.fits
4763/spec-4763-55869-0944.fits
4763/spec-4763-55869-0945.fits
4763/spec-4763-55869-0946.fits
4763/spec-4763-55869-0947.fits
4763/spec-4763-55869-0948.fits
4763/spec-4763-55869-0949.fits
4763/spec-4763-55869-0950.fits
4763/spec-4763-55869-0951.fits
4763/spec-4763-55869-0952.fits
4763/spec-4763-55869-0953.fits
4763/spec-4763-55869-0954.fits
4763/spec-4763-55869-0955.fits
4763/spec-4763-55869-0956.fits
4763/spec-4763-55869-0957.fits
4763/spec-4763-55869-0958.fits
4763/spec-4763-55869-0959.fits
4763/spec-4763-55869-0960.fits
4763/spec-4763-55869-0961.fits
4763/spec-4763-55869-0962.fits
4763/spec-4763-55869-0963.fits
4763/spec-4763-55869-0964.fits
4763/spec-4763-55869-0965.fits
4763/spec-4763-55869-0966.fits
4763/spec-4763-55869-0967.fits
4763/spec-4763-55869-0968.fits
4763/spec-4763-55869-0969.fits
4763/spec-4763-55869-0970.fits
4763/spec-4763-55869-0971.fits
4763/spec-4763-55869-0972.fits
4763/spec-4763-55869-0973.fits
4763/spec-4763-55869-0974.fits
4763/spec-4763-55869-0975.fits
4763/spec-4763-55869-0976.fits
4763/spec-4763-55869-0977.fits
4763/spec-4763-55869-0978.fits
4763/spec-4763-55869-0979.fits
4763/spec-4763-55869-0980.fits
4763/spec-4763-55869-0981.fits
4763/spec-4763-55869-0982.fits
4763/spec-4763-55869-0983.fits
4763/spec-4763-55869-0984.fits
4763/spec-4763-55869-0985.fits
4763/spec-4763-55869-0986.fits
4763/spec-4763-55869-0987.fits
4763/spec-4763-55869-0988.fits
4763/spec-4763-55869-0989.fits
4763/spec-4763-55869-0990.fits
4763/spec-4763-55869-0991.fits
4763/spec-4763-55869-0992.fits
4763/spec-4763-55869-0993.fits
4763/spec-4763-55869-0994.fits
4763/spec-4763-55869-0995.fits
4763/spec-4763-55869-0996.fits
4763/spec-4763-55869-0997.fits
4763/spec-4763-55869-0998.fits
4763/spec-4763-55869-0999.fits
4763/spec-4763-55869-1000.fits
/var/lib/condor/execute/slot1/dir_21671
4763 4763.tgz R R361.tar.gz _condor_stderr _condor_stdout cB58_Lyman_break.fit condor_exec.exe hw4.R packages packages.tar.gz tmp var
[1] "Loaded package astro."
[1] 1000
4763 4763.csv 4763.tgz R R361.tar.gz _condor_stderr _condor_stdout cB58_Lyman_break.fit condor_exec.exe hw4.R packages packages.tar.gz tmp var
