4776
4776/
4776/spec-4776-55652-0001.fits
4776/spec-4776-55652-0002.fits
4776/spec-4776-55652-0003.fits
4776/spec-4776-55652-0004.fits
4776/spec-4776-55652-0005.fits
4776/spec-4776-55652-0006.fits
4776/spec-4776-55652-0007.fits
4776/spec-4776-55652-0008.fits
4776/spec-4776-55652-0009.fits
4776/spec-4776-55652-0010.fits
4776/spec-4776-55652-0011.fits
4776/spec-4776-55652-0012.fits
4776/spec-4776-55652-0013.fits
4776/spec-4776-55652-0014.fits
4776/spec-4776-55652-0015.fits
4776/spec-4776-55652-0016.fits
4776/spec-4776-55652-0017.fits
4776/spec-4776-55652-0018.fits
4776/spec-4776-55652-0019.fits
4776/spec-4776-55652-0020.fits
4776/spec-4776-55652-0021.fits
4776/spec-4776-55652-0022.fits
4776/spec-4776-55652-0023.fits
4776/spec-4776-55652-0024.fits
4776/spec-4776-55652-0025.fits
4776/spec-4776-55652-0026.fits
4776/spec-4776-55652-0027.fits
4776/spec-4776-55652-0028.fits
4776/spec-4776-55652-0029.fits
4776/spec-4776-55652-0030.fits
4776/spec-4776-55652-0031.fits
4776/spec-4776-55652-0032.fits
4776/spec-4776-55652-0033.fits
4776/spec-4776-55652-0034.fits
4776/spec-4776-55652-0035.fits
4776/spec-4776-55652-0036.fits
4776/spec-4776-55652-0037.fits
4776/spec-4776-55652-0038.fits
4776/spec-4776-55652-0039.fits
4776/spec-4776-55652-0040.fits
4776/spec-4776-55652-0041.fits
4776/spec-4776-55652-0042.fits
4776/spec-4776-55652-0043.fits
4776/spec-4776-55652-0044.fits
4776/spec-4776-55652-0045.fits
4776/spec-4776-55652-0046.fits
4776/spec-4776-55652-0047.fits
4776/spec-4776-55652-0048.fits
4776/spec-4776-55652-0049.fits
4776/spec-4776-55652-0050.fits
4776/spec-4776-55652-0051.fits
4776/spec-4776-55652-0052.fits
4776/spec-4776-55652-0053.fits
4776/spec-4776-55652-0054.fits
4776/spec-4776-55652-0055.fits
4776/spec-4776-55652-0056.fits
4776/spec-4776-55652-0057.fits
4776/spec-4776-55652-0058.fits
4776/spec-4776-55652-0059.fits
4776/spec-4776-55652-0060.fits
4776/spec-4776-55652-0061.fits
4776/spec-4776-55652-0062.fits
4776/spec-4776-55652-0063.fits
4776/spec-4776-55652-0064.fits
4776/spec-4776-55652-0065.fits
4776/spec-4776-55652-0066.fits
4776/spec-4776-55652-0067.fits
4776/spec-4776-55652-0068.fits
4776/spec-4776-55652-0069.fits
4776/spec-4776-55652-0070.fits
4776/spec-4776-55652-0071.fits
4776/spec-4776-55652-0072.fits
4776/spec-4776-55652-0073.fits
4776/spec-4776-55652-0074.fits
4776/spec-4776-55652-0075.fits
4776/spec-4776-55652-0076.fits
4776/spec-4776-55652-0077.fits
4776/spec-4776-55652-0078.fits
4776/spec-4776-55652-0079.fits
4776/spec-4776-55652-0080.fits
4776/spec-4776-55652-0081.fits
4776/spec-4776-55652-0082.fits
4776/spec-4776-55652-0083.fits
4776/spec-4776-55652-0084.fits
4776/spec-4776-55652-0085.fits
4776/spec-4776-55652-0086.fits
4776/spec-4776-55652-0087.fits
4776/spec-4776-55652-0088.fits
4776/spec-4776-55652-0089.fits
4776/spec-4776-55652-0090.fits
4776/spec-4776-55652-0091.fits
4776/spec-4776-55652-0092.fits
4776/spec-4776-55652-0093.fits
4776/spec-4776-55652-0094.fits
4776/spec-4776-55652-0095.fits
4776/spec-4776-55652-0096.fits
4776/spec-4776-55652-0097.fits
4776/spec-4776-55652-0098.fits
4776/spec-4776-55652-0099.fits
4776/spec-4776-55652-0100.fits
4776/spec-4776-55652-0101.fits
4776/spec-4776-55652-0102.fits
4776/spec-4776-55652-0103.fits
4776/spec-4776-55652-0104.fits
4776/spec-4776-55652-0105.fits
4776/spec-4776-55652-0106.fits
4776/spec-4776-55652-0107.fits
4776/spec-4776-55652-0108.fits
4776/spec-4776-55652-0109.fits
4776/spec-4776-55652-0110.fits
4776/spec-4776-55652-0111.fits
4776/spec-4776-55652-0112.fits
4776/spec-4776-55652-0113.fits
4776/spec-4776-55652-0114.fits
4776/spec-4776-55652-0115.fits
4776/spec-4776-55652-0116.fits
4776/spec-4776-55652-0117.fits
4776/spec-4776-55652-0118.fits
4776/spec-4776-55652-0119.fits
4776/spec-4776-55652-0120.fits
4776/spec-4776-55652-0121.fits
4776/spec-4776-55652-0122.fits
4776/spec-4776-55652-0123.fits
4776/spec-4776-55652-0124.fits
4776/spec-4776-55652-0125.fits
4776/spec-4776-55652-0126.fits
4776/spec-4776-55652-0127.fits
4776/spec-4776-55652-0128.fits
4776/spec-4776-55652-0129.fits
4776/spec-4776-55652-0130.fits
4776/spec-4776-55652-0131.fits
4776/spec-4776-55652-0132.fits
4776/spec-4776-55652-0133.fits
4776/spec-4776-55652-0134.fits
4776/spec-4776-55652-0135.fits
4776/spec-4776-55652-0136.fits
4776/spec-4776-55652-0137.fits
4776/spec-4776-55652-0138.fits
4776/spec-4776-55652-0139.fits
4776/spec-4776-55652-0140.fits
4776/spec-4776-55652-0141.fits
4776/spec-4776-55652-0142.fits
4776/spec-4776-55652-0143.fits
4776/spec-4776-55652-0144.fits
4776/spec-4776-55652-0145.fits
4776/spec-4776-55652-0146.fits
4776/spec-4776-55652-0147.fits
4776/spec-4776-55652-0148.fits
4776/spec-4776-55652-0149.fits
4776/spec-4776-55652-0150.fits
4776/spec-4776-55652-0151.fits
4776/spec-4776-55652-0152.fits
4776/spec-4776-55652-0153.fits
4776/spec-4776-55652-0154.fits
4776/spec-4776-55652-0155.fits
4776/spec-4776-55652-0156.fits
4776/spec-4776-55652-0157.fits
4776/spec-4776-55652-0158.fits
4776/spec-4776-55652-0159.fits
4776/spec-4776-55652-0160.fits
4776/spec-4776-55652-0161.fits
4776/spec-4776-55652-0162.fits
4776/spec-4776-55652-0163.fits
4776/spec-4776-55652-0164.fits
4776/spec-4776-55652-0165.fits
4776/spec-4776-55652-0166.fits
4776/spec-4776-55652-0167.fits
4776/spec-4776-55652-0168.fits
4776/spec-4776-55652-0169.fits
4776/spec-4776-55652-0170.fits
4776/spec-4776-55652-0171.fits
4776/spec-4776-55652-0172.fits
4776/spec-4776-55652-0173.fits
4776/spec-4776-55652-0174.fits
4776/spec-4776-55652-0175.fits
4776/spec-4776-55652-0176.fits
4776/spec-4776-55652-0177.fits
4776/spec-4776-55652-0178.fits
4776/spec-4776-55652-0179.fits
4776/spec-4776-55652-0180.fits
4776/spec-4776-55652-0181.fits
4776/spec-4776-55652-0182.fits
4776/spec-4776-55652-0183.fits
4776/spec-4776-55652-0184.fits
4776/spec-4776-55652-0185.fits
4776/spec-4776-55652-0186.fits
4776/spec-4776-55652-0187.fits
4776/spec-4776-55652-0188.fits
4776/spec-4776-55652-0189.fits
4776/spec-4776-55652-0190.fits
4776/spec-4776-55652-0191.fits
4776/spec-4776-55652-0192.fits
4776/spec-4776-55652-0193.fits
4776/spec-4776-55652-0194.fits
4776/spec-4776-55652-0195.fits
4776/spec-4776-55652-0196.fits
4776/spec-4776-55652-0197.fits
4776/spec-4776-55652-0198.fits
4776/spec-4776-55652-0199.fits
4776/spec-4776-55652-0200.fits
4776/spec-4776-55652-0201.fits
4776/spec-4776-55652-0202.fits
4776/spec-4776-55652-0203.fits
4776/spec-4776-55652-0204.fits
4776/spec-4776-55652-0205.fits
4776/spec-4776-55652-0206.fits
4776/spec-4776-55652-0207.fits
4776/spec-4776-55652-0208.fits
4776/spec-4776-55652-0209.fits
4776/spec-4776-55652-0210.fits
4776/spec-4776-55652-0211.fits
4776/spec-4776-55652-0212.fits
4776/spec-4776-55652-0213.fits
4776/spec-4776-55652-0214.fits
4776/spec-4776-55652-0215.fits
4776/spec-4776-55652-0216.fits
4776/spec-4776-55652-0217.fits
4776/spec-4776-55652-0218.fits
4776/spec-4776-55652-0219.fits
4776/spec-4776-55652-0220.fits
4776/spec-4776-55652-0221.fits
4776/spec-4776-55652-0222.fits
4776/spec-4776-55652-0223.fits
4776/spec-4776-55652-0224.fits
4776/spec-4776-55652-0225.fits
4776/spec-4776-55652-0226.fits
4776/spec-4776-55652-0227.fits
4776/spec-4776-55652-0228.fits
4776/spec-4776-55652-0229.fits
4776/spec-4776-55652-0230.fits
4776/spec-4776-55652-0231.fits
4776/spec-4776-55652-0232.fits
4776/spec-4776-55652-0233.fits
4776/spec-4776-55652-0234.fits
4776/spec-4776-55652-0235.fits
4776/spec-4776-55652-0236.fits
4776/spec-4776-55652-0237.fits
4776/spec-4776-55652-0238.fits
4776/spec-4776-55652-0239.fits
4776/spec-4776-55652-0240.fits
4776/spec-4776-55652-0241.fits
4776/spec-4776-55652-0242.fits
4776/spec-4776-55652-0243.fits
4776/spec-4776-55652-0244.fits
4776/spec-4776-55652-0245.fits
4776/spec-4776-55652-0246.fits
4776/spec-4776-55652-0247.fits
4776/spec-4776-55652-0248.fits
4776/spec-4776-55652-0249.fits
4776/spec-4776-55652-0250.fits
4776/spec-4776-55652-0251.fits
4776/spec-4776-55652-0252.fits
4776/spec-4776-55652-0253.fits
4776/spec-4776-55652-0254.fits
4776/spec-4776-55652-0255.fits
4776/spec-4776-55652-0256.fits
4776/spec-4776-55652-0257.fits
4776/spec-4776-55652-0258.fits
4776/spec-4776-55652-0259.fits
4776/spec-4776-55652-0260.fits
4776/spec-4776-55652-0261.fits
4776/spec-4776-55652-0262.fits
4776/spec-4776-55652-0263.fits
4776/spec-4776-55652-0264.fits
4776/spec-4776-55652-0265.fits
4776/spec-4776-55652-0266.fits
4776/spec-4776-55652-0267.fits
4776/spec-4776-55652-0268.fits
4776/spec-4776-55652-0269.fits
4776/spec-4776-55652-0270.fits
4776/spec-4776-55652-0271.fits
4776/spec-4776-55652-0272.fits
4776/spec-4776-55652-0273.fits
4776/spec-4776-55652-0274.fits
4776/spec-4776-55652-0275.fits
4776/spec-4776-55652-0276.fits
4776/spec-4776-55652-0277.fits
4776/spec-4776-55652-0278.fits
4776/spec-4776-55652-0279.fits
4776/spec-4776-55652-0280.fits
4776/spec-4776-55652-0281.fits
4776/spec-4776-55652-0282.fits
4776/spec-4776-55652-0283.fits
4776/spec-4776-55652-0284.fits
4776/spec-4776-55652-0285.fits
4776/spec-4776-55652-0286.fits
4776/spec-4776-55652-0287.fits
4776/spec-4776-55652-0288.fits
4776/spec-4776-55652-0289.fits
4776/spec-4776-55652-0290.fits
4776/spec-4776-55652-0291.fits
4776/spec-4776-55652-0292.fits
4776/spec-4776-55652-0293.fits
4776/spec-4776-55652-0294.fits
4776/spec-4776-55652-0295.fits
4776/spec-4776-55652-0296.fits
4776/spec-4776-55652-0297.fits
4776/spec-4776-55652-0298.fits
4776/spec-4776-55652-0299.fits
4776/spec-4776-55652-0300.fits
4776/spec-4776-55652-0301.fits
4776/spec-4776-55652-0302.fits
4776/spec-4776-55652-0303.fits
4776/spec-4776-55652-0304.fits
4776/spec-4776-55652-0305.fits
4776/spec-4776-55652-0306.fits
4776/spec-4776-55652-0307.fits
4776/spec-4776-55652-0308.fits
4776/spec-4776-55652-0309.fits
4776/spec-4776-55652-0310.fits
4776/spec-4776-55652-0311.fits
4776/spec-4776-55652-0312.fits
4776/spec-4776-55652-0313.fits
4776/spec-4776-55652-0314.fits
4776/spec-4776-55652-0315.fits
4776/spec-4776-55652-0316.fits
4776/spec-4776-55652-0317.fits
4776/spec-4776-55652-0318.fits
4776/spec-4776-55652-0319.fits
4776/spec-4776-55652-0320.fits
4776/spec-4776-55652-0321.fits
4776/spec-4776-55652-0322.fits
4776/spec-4776-55652-0323.fits
4776/spec-4776-55652-0324.fits
4776/spec-4776-55652-0325.fits
4776/spec-4776-55652-0326.fits
4776/spec-4776-55652-0327.fits
4776/spec-4776-55652-0328.fits
4776/spec-4776-55652-0329.fits
4776/spec-4776-55652-0330.fits
4776/spec-4776-55652-0331.fits
4776/spec-4776-55652-0332.fits
4776/spec-4776-55652-0333.fits
4776/spec-4776-55652-0334.fits
4776/spec-4776-55652-0335.fits
4776/spec-4776-55652-0336.fits
4776/spec-4776-55652-0337.fits
4776/spec-4776-55652-0338.fits
4776/spec-4776-55652-0339.fits
4776/spec-4776-55652-0340.fits
4776/spec-4776-55652-0341.fits
4776/spec-4776-55652-0342.fits
4776/spec-4776-55652-0343.fits
4776/spec-4776-55652-0344.fits
4776/spec-4776-55652-0345.fits
4776/spec-4776-55652-0346.fits
4776/spec-4776-55652-0347.fits
4776/spec-4776-55652-0348.fits
4776/spec-4776-55652-0349.fits
4776/spec-4776-55652-0350.fits
4776/spec-4776-55652-0351.fits
4776/spec-4776-55652-0352.fits
4776/spec-4776-55652-0353.fits
4776/spec-4776-55652-0354.fits
4776/spec-4776-55652-0355.fits
4776/spec-4776-55652-0356.fits
4776/spec-4776-55652-0357.fits
4776/spec-4776-55652-0358.fits
4776/spec-4776-55652-0359.fits
4776/spec-4776-55652-0360.fits
4776/spec-4776-55652-0361.fits
4776/spec-4776-55652-0362.fits
4776/spec-4776-55652-0363.fits
4776/spec-4776-55652-0364.fits
4776/spec-4776-55652-0365.fits
4776/spec-4776-55652-0366.fits
4776/spec-4776-55652-0367.fits
4776/spec-4776-55652-0368.fits
4776/spec-4776-55652-0369.fits
4776/spec-4776-55652-0370.fits
4776/spec-4776-55652-0371.fits
4776/spec-4776-55652-0372.fits
4776/spec-4776-55652-0373.fits
4776/spec-4776-55652-0374.fits
4776/spec-4776-55652-0375.fits
4776/spec-4776-55652-0376.fits
4776/spec-4776-55652-0377.fits
4776/spec-4776-55652-0378.fits
4776/spec-4776-55652-0379.fits
4776/spec-4776-55652-0380.fits
4776/spec-4776-55652-0381.fits
4776/spec-4776-55652-0382.fits
4776/spec-4776-55652-0383.fits
4776/spec-4776-55652-0384.fits
4776/spec-4776-55652-0385.fits
4776/spec-4776-55652-0386.fits
4776/spec-4776-55652-0387.fits
4776/spec-4776-55652-0388.fits
4776/spec-4776-55652-0389.fits
4776/spec-4776-55652-0390.fits
4776/spec-4776-55652-0391.fits
4776/spec-4776-55652-0392.fits
4776/spec-4776-55652-0393.fits
4776/spec-4776-55652-0394.fits
4776/spec-4776-55652-0395.fits
4776/spec-4776-55652-0396.fits
4776/spec-4776-55652-0397.fits
4776/spec-4776-55652-0398.fits
4776/spec-4776-55652-0399.fits
4776/spec-4776-55652-0400.fits
4776/spec-4776-55652-0401.fits
4776/spec-4776-55652-0402.fits
4776/spec-4776-55652-0403.fits
4776/spec-4776-55652-0404.fits
4776/spec-4776-55652-0405.fits
4776/spec-4776-55652-0406.fits
4776/spec-4776-55652-0407.fits
4776/spec-4776-55652-0408.fits
4776/spec-4776-55652-0409.fits
4776/spec-4776-55652-0410.fits
4776/spec-4776-55652-0411.fits
4776/spec-4776-55652-0412.fits
4776/spec-4776-55652-0413.fits
4776/spec-4776-55652-0414.fits
4776/spec-4776-55652-0415.fits
4776/spec-4776-55652-0416.fits
4776/spec-4776-55652-0417.fits
4776/spec-4776-55652-0418.fits
4776/spec-4776-55652-0419.fits
4776/spec-4776-55652-0420.fits
4776/spec-4776-55652-0421.fits
4776/spec-4776-55652-0422.fits
4776/spec-4776-55652-0423.fits
4776/spec-4776-55652-0424.fits
4776/spec-4776-55652-0425.fits
4776/spec-4776-55652-0426.fits
4776/spec-4776-55652-0427.fits
4776/spec-4776-55652-0428.fits
4776/spec-4776-55652-0429.fits
4776/spec-4776-55652-0430.fits
4776/spec-4776-55652-0431.fits
4776/spec-4776-55652-0432.fits
4776/spec-4776-55652-0433.fits
4776/spec-4776-55652-0434.fits
4776/spec-4776-55652-0435.fits
4776/spec-4776-55652-0436.fits
4776/spec-4776-55652-0437.fits
4776/spec-4776-55652-0438.fits
4776/spec-4776-55652-0439.fits
4776/spec-4776-55652-0440.fits
4776/spec-4776-55652-0441.fits
4776/spec-4776-55652-0442.fits
4776/spec-4776-55652-0443.fits
4776/spec-4776-55652-0444.fits
4776/spec-4776-55652-0445.fits
4776/spec-4776-55652-0446.fits
4776/spec-4776-55652-0447.fits
4776/spec-4776-55652-0448.fits
4776/spec-4776-55652-0449.fits
4776/spec-4776-55652-0450.fits
4776/spec-4776-55652-0451.fits
4776/spec-4776-55652-0452.fits
4776/spec-4776-55652-0453.fits
4776/spec-4776-55652-0454.fits
4776/spec-4776-55652-0455.fits
4776/spec-4776-55652-0456.fits
4776/spec-4776-55652-0457.fits
4776/spec-4776-55652-0458.fits
4776/spec-4776-55652-0459.fits
4776/spec-4776-55652-0460.fits
4776/spec-4776-55652-0461.fits
4776/spec-4776-55652-0462.fits
4776/spec-4776-55652-0463.fits
4776/spec-4776-55652-0464.fits
4776/spec-4776-55652-0465.fits
4776/spec-4776-55652-0466.fits
4776/spec-4776-55652-0467.fits
4776/spec-4776-55652-0468.fits
4776/spec-4776-55652-0469.fits
4776/spec-4776-55652-0470.fits
4776/spec-4776-55652-0471.fits
4776/spec-4776-55652-0472.fits
4776/spec-4776-55652-0473.fits
4776/spec-4776-55652-0474.fits
4776/spec-4776-55652-0475.fits
4776/spec-4776-55652-0476.fits
4776/spec-4776-55652-0477.fits
4776/spec-4776-55652-0478.fits
4776/spec-4776-55652-0479.fits
4776/spec-4776-55652-0480.fits
4776/spec-4776-55652-0481.fits
4776/spec-4776-55652-0482.fits
4776/spec-4776-55652-0483.fits
4776/spec-4776-55652-0484.fits
4776/spec-4776-55652-0485.fits
4776/spec-4776-55652-0486.fits
4776/spec-4776-55652-0487.fits
4776/spec-4776-55652-0488.fits
4776/spec-4776-55652-0489.fits
4776/spec-4776-55652-0490.fits
4776/spec-4776-55652-0491.fits
4776/spec-4776-55652-0492.fits
4776/spec-4776-55652-0493.fits
4776/spec-4776-55652-0494.fits
4776/spec-4776-55652-0495.fits
4776/spec-4776-55652-0496.fits
4776/spec-4776-55652-0497.fits
4776/spec-4776-55652-0498.fits
4776/spec-4776-55652-0499.fits
4776/spec-4776-55652-0500.fits
4776/spec-4776-55652-0501.fits
4776/spec-4776-55652-0502.fits
4776/spec-4776-55652-0503.fits
4776/spec-4776-55652-0504.fits
4776/spec-4776-55652-0505.fits
4776/spec-4776-55652-0506.fits
4776/spec-4776-55652-0507.fits
4776/spec-4776-55652-0508.fits
4776/spec-4776-55652-0509.fits
4776/spec-4776-55652-0510.fits
4776/spec-4776-55652-0511.fits
4776/spec-4776-55652-0512.fits
4776/spec-4776-55652-0513.fits
4776/spec-4776-55652-0514.fits
4776/spec-4776-55652-0515.fits
4776/spec-4776-55652-0516.fits
4776/spec-4776-55652-0517.fits
4776/spec-4776-55652-0518.fits
4776/spec-4776-55652-0519.fits
4776/spec-4776-55652-0520.fits
4776/spec-4776-55652-0521.fits
4776/spec-4776-55652-0522.fits
4776/spec-4776-55652-0523.fits
4776/spec-4776-55652-0524.fits
4776/spec-4776-55652-0525.fits
4776/spec-4776-55652-0526.fits
4776/spec-4776-55652-0527.fits
4776/spec-4776-55652-0528.fits
4776/spec-4776-55652-0529.fits
4776/spec-4776-55652-0530.fits
4776/spec-4776-55652-0531.fits
4776/spec-4776-55652-0532.fits
4776/spec-4776-55652-0533.fits
4776/spec-4776-55652-0534.fits
4776/spec-4776-55652-0535.fits
4776/spec-4776-55652-0536.fits
4776/spec-4776-55652-0537.fits
4776/spec-4776-55652-0538.fits
4776/spec-4776-55652-0539.fits
4776/spec-4776-55652-0540.fits
4776/spec-4776-55652-0541.fits
4776/spec-4776-55652-0542.fits
4776/spec-4776-55652-0543.fits
4776/spec-4776-55652-0544.fits
4776/spec-4776-55652-0545.fits
4776/spec-4776-55652-0546.fits
4776/spec-4776-55652-0547.fits
4776/spec-4776-55652-0548.fits
4776/spec-4776-55652-0549.fits
4776/spec-4776-55652-0550.fits
4776/spec-4776-55652-0551.fits
4776/spec-4776-55652-0552.fits
4776/spec-4776-55652-0553.fits
4776/spec-4776-55652-0554.fits
4776/spec-4776-55652-0555.fits
4776/spec-4776-55652-0556.fits
4776/spec-4776-55652-0557.fits
4776/spec-4776-55652-0558.fits
4776/spec-4776-55652-0559.fits
4776/spec-4776-55652-0560.fits
4776/spec-4776-55652-0561.fits
4776/spec-4776-55652-0562.fits
4776/spec-4776-55652-0563.fits
4776/spec-4776-55652-0564.fits
4776/spec-4776-55652-0565.fits
4776/spec-4776-55652-0566.fits
4776/spec-4776-55652-0567.fits
4776/spec-4776-55652-0568.fits
4776/spec-4776-55652-0569.fits
4776/spec-4776-55652-0570.fits
4776/spec-4776-55652-0571.fits
4776/spec-4776-55652-0572.fits
4776/spec-4776-55652-0573.fits
4776/spec-4776-55652-0574.fits
4776/spec-4776-55652-0575.fits
4776/spec-4776-55652-0576.fits
4776/spec-4776-55652-0577.fits
4776/spec-4776-55652-0578.fits
4776/spec-4776-55652-0579.fits
4776/spec-4776-55652-0580.fits
4776/spec-4776-55652-0581.fits
4776/spec-4776-55652-0582.fits
4776/spec-4776-55652-0583.fits
4776/spec-4776-55652-0584.fits
4776/spec-4776-55652-0585.fits
4776/spec-4776-55652-0586.fits
4776/spec-4776-55652-0587.fits
4776/spec-4776-55652-0588.fits
4776/spec-4776-55652-0589.fits
4776/spec-4776-55652-0590.fits
4776/spec-4776-55652-0591.fits
4776/spec-4776-55652-0592.fits
4776/spec-4776-55652-0593.fits
4776/spec-4776-55652-0594.fits
4776/spec-4776-55652-0595.fits
4776/spec-4776-55652-0596.fits
4776/spec-4776-55652-0597.fits
4776/spec-4776-55652-0598.fits
4776/spec-4776-55652-0599.fits
4776/spec-4776-55652-0600.fits
4776/spec-4776-55652-0601.fits
4776/spec-4776-55652-0602.fits
4776/spec-4776-55652-0603.fits
4776/spec-4776-55652-0604.fits
4776/spec-4776-55652-0605.fits
4776/spec-4776-55652-0606.fits
4776/spec-4776-55652-0607.fits
4776/spec-4776-55652-0608.fits
4776/spec-4776-55652-0609.fits
4776/spec-4776-55652-0610.fits
4776/spec-4776-55652-0611.fits
4776/spec-4776-55652-0612.fits
4776/spec-4776-55652-0613.fits
4776/spec-4776-55652-0614.fits
4776/spec-4776-55652-0615.fits
4776/spec-4776-55652-0616.fits
4776/spec-4776-55652-0617.fits
4776/spec-4776-55652-0618.fits
4776/spec-4776-55652-0619.fits
4776/spec-4776-55652-0620.fits
4776/spec-4776-55652-0621.fits
4776/spec-4776-55652-0622.fits
4776/spec-4776-55652-0623.fits
4776/spec-4776-55652-0624.fits
4776/spec-4776-55652-0625.fits
4776/spec-4776-55652-0626.fits
4776/spec-4776-55652-0627.fits
4776/spec-4776-55652-0628.fits
4776/spec-4776-55652-0629.fits
4776/spec-4776-55652-0630.fits
4776/spec-4776-55652-0631.fits
4776/spec-4776-55652-0632.fits
4776/spec-4776-55652-0633.fits
4776/spec-4776-55652-0634.fits
4776/spec-4776-55652-0635.fits
4776/spec-4776-55652-0636.fits
4776/spec-4776-55652-0637.fits
4776/spec-4776-55652-0638.fits
4776/spec-4776-55652-0639.fits
4776/spec-4776-55652-0640.fits
4776/spec-4776-55652-0641.fits
4776/spec-4776-55652-0642.fits
4776/spec-4776-55652-0643.fits
4776/spec-4776-55652-0644.fits
4776/spec-4776-55652-0645.fits
4776/spec-4776-55652-0646.fits
4776/spec-4776-55652-0647.fits
4776/spec-4776-55652-0648.fits
4776/spec-4776-55652-0649.fits
4776/spec-4776-55652-0650.fits
4776/spec-4776-55652-0651.fits
4776/spec-4776-55652-0652.fits
4776/spec-4776-55652-0653.fits
4776/spec-4776-55652-0654.fits
4776/spec-4776-55652-0655.fits
4776/spec-4776-55652-0656.fits
4776/spec-4776-55652-0657.fits
4776/spec-4776-55652-0658.fits
4776/spec-4776-55652-0659.fits
4776/spec-4776-55652-0660.fits
4776/spec-4776-55652-0661.fits
4776/spec-4776-55652-0662.fits
4776/spec-4776-55652-0663.fits
4776/spec-4776-55652-0664.fits
4776/spec-4776-55652-0665.fits
4776/spec-4776-55652-0666.fits
4776/spec-4776-55652-0667.fits
4776/spec-4776-55652-0668.fits
4776/spec-4776-55652-0669.fits
4776/spec-4776-55652-0670.fits
4776/spec-4776-55652-0671.fits
4776/spec-4776-55652-0672.fits
4776/spec-4776-55652-0673.fits
4776/spec-4776-55652-0674.fits
4776/spec-4776-55652-0675.fits
4776/spec-4776-55652-0676.fits
4776/spec-4776-55652-0677.fits
4776/spec-4776-55652-0678.fits
4776/spec-4776-55652-0679.fits
4776/spec-4776-55652-0680.fits
4776/spec-4776-55652-0681.fits
4776/spec-4776-55652-0682.fits
4776/spec-4776-55652-0683.fits
4776/spec-4776-55652-0684.fits
4776/spec-4776-55652-0685.fits
4776/spec-4776-55652-0686.fits
4776/spec-4776-55652-0687.fits
4776/spec-4776-55652-0688.fits
4776/spec-4776-55652-0689.fits
4776/spec-4776-55652-0690.fits
4776/spec-4776-55652-0691.fits
4776/spec-4776-55652-0692.fits
4776/spec-4776-55652-0693.fits
4776/spec-4776-55652-0694.fits
4776/spec-4776-55652-0695.fits
4776/spec-4776-55652-0696.fits
4776/spec-4776-55652-0697.fits
4776/spec-4776-55652-0698.fits
4776/spec-4776-55652-0699.fits
4776/spec-4776-55652-0700.fits
4776/spec-4776-55652-0701.fits
4776/spec-4776-55652-0702.fits
4776/spec-4776-55652-0703.fits
4776/spec-4776-55652-0704.fits
4776/spec-4776-55652-0705.fits
4776/spec-4776-55652-0706.fits
4776/spec-4776-55652-0707.fits
4776/spec-4776-55652-0708.fits
4776/spec-4776-55652-0709.fits
4776/spec-4776-55652-0710.fits
4776/spec-4776-55652-0711.fits
4776/spec-4776-55652-0712.fits
4776/spec-4776-55652-0713.fits
4776/spec-4776-55652-0714.fits
4776/spec-4776-55652-0715.fits
4776/spec-4776-55652-0716.fits
4776/spec-4776-55652-0717.fits
4776/spec-4776-55652-0718.fits
4776/spec-4776-55652-0719.fits
4776/spec-4776-55652-0720.fits
4776/spec-4776-55652-0721.fits
4776/spec-4776-55652-0722.fits
4776/spec-4776-55652-0723.fits
4776/spec-4776-55652-0724.fits
4776/spec-4776-55652-0725.fits
4776/spec-4776-55652-0726.fits
4776/spec-4776-55652-0727.fits
4776/spec-4776-55652-0728.fits
4776/spec-4776-55652-0729.fits
4776/spec-4776-55652-0730.fits
4776/spec-4776-55652-0731.fits
4776/spec-4776-55652-0732.fits
4776/spec-4776-55652-0733.fits
4776/spec-4776-55652-0734.fits
4776/spec-4776-55652-0735.fits
4776/spec-4776-55652-0736.fits
4776/spec-4776-55652-0737.fits
4776/spec-4776-55652-0738.fits
4776/spec-4776-55652-0739.fits
4776/spec-4776-55652-0740.fits
4776/spec-4776-55652-0741.fits
4776/spec-4776-55652-0742.fits
4776/spec-4776-55652-0743.fits
4776/spec-4776-55652-0744.fits
4776/spec-4776-55652-0745.fits
4776/spec-4776-55652-0746.fits
4776/spec-4776-55652-0747.fits
4776/spec-4776-55652-0748.fits
4776/spec-4776-55652-0749.fits
4776/spec-4776-55652-0750.fits
4776/spec-4776-55652-0751.fits
4776/spec-4776-55652-0752.fits
4776/spec-4776-55652-0753.fits
4776/spec-4776-55652-0754.fits
4776/spec-4776-55652-0755.fits
4776/spec-4776-55652-0756.fits
4776/spec-4776-55652-0757.fits
4776/spec-4776-55652-0758.fits
4776/spec-4776-55652-0759.fits
4776/spec-4776-55652-0760.fits
4776/spec-4776-55652-0761.fits
4776/spec-4776-55652-0762.fits
4776/spec-4776-55652-0763.fits
4776/spec-4776-55652-0764.fits
4776/spec-4776-55652-0765.fits
4776/spec-4776-55652-0766.fits
4776/spec-4776-55652-0767.fits
4776/spec-4776-55652-0768.fits
4776/spec-4776-55652-0769.fits
4776/spec-4776-55652-0770.fits
4776/spec-4776-55652-0771.fits
4776/spec-4776-55652-0772.fits
4776/spec-4776-55652-0773.fits
4776/spec-4776-55652-0774.fits
4776/spec-4776-55652-0775.fits
4776/spec-4776-55652-0776.fits
4776/spec-4776-55652-0777.fits
4776/spec-4776-55652-0778.fits
4776/spec-4776-55652-0779.fits
4776/spec-4776-55652-0780.fits
4776/spec-4776-55652-0781.fits
4776/spec-4776-55652-0782.fits
4776/spec-4776-55652-0783.fits
4776/spec-4776-55652-0784.fits
4776/spec-4776-55652-0785.fits
4776/spec-4776-55652-0786.fits
4776/spec-4776-55652-0787.fits
4776/spec-4776-55652-0788.fits
4776/spec-4776-55652-0789.fits
4776/spec-4776-55652-0790.fits
4776/spec-4776-55652-0791.fits
4776/spec-4776-55652-0792.fits
4776/spec-4776-55652-0793.fits
4776/spec-4776-55652-0794.fits
4776/spec-4776-55652-0795.fits
4776/spec-4776-55652-0796.fits
4776/spec-4776-55652-0797.fits
4776/spec-4776-55652-0798.fits
4776/spec-4776-55652-0799.fits
4776/spec-4776-55652-0800.fits
4776/spec-4776-55652-0801.fits
4776/spec-4776-55652-0802.fits
4776/spec-4776-55652-0803.fits
4776/spec-4776-55652-0804.fits
4776/spec-4776-55652-0805.fits
4776/spec-4776-55652-0806.fits
4776/spec-4776-55652-0807.fits
4776/spec-4776-55652-0808.fits
4776/spec-4776-55652-0809.fits
4776/spec-4776-55652-0810.fits
4776/spec-4776-55652-0811.fits
4776/spec-4776-55652-0812.fits
4776/spec-4776-55652-0813.fits
4776/spec-4776-55652-0814.fits
4776/spec-4776-55652-0815.fits
4776/spec-4776-55652-0816.fits
4776/spec-4776-55652-0817.fits
4776/spec-4776-55652-0818.fits
4776/spec-4776-55652-0819.fits
4776/spec-4776-55652-0820.fits
4776/spec-4776-55652-0821.fits
4776/spec-4776-55652-0822.fits
4776/spec-4776-55652-0823.fits
4776/spec-4776-55652-0824.fits
4776/spec-4776-55652-0825.fits
4776/spec-4776-55652-0826.fits
4776/spec-4776-55652-0827.fits
4776/spec-4776-55652-0828.fits
4776/spec-4776-55652-0829.fits
4776/spec-4776-55652-0830.fits
4776/spec-4776-55652-0831.fits
4776/spec-4776-55652-0832.fits
4776/spec-4776-55652-0833.fits
4776/spec-4776-55652-0834.fits
4776/spec-4776-55652-0835.fits
4776/spec-4776-55652-0836.fits
4776/spec-4776-55652-0837.fits
4776/spec-4776-55652-0838.fits
4776/spec-4776-55652-0839.fits
4776/spec-4776-55652-0840.fits
4776/spec-4776-55652-0841.fits
4776/spec-4776-55652-0842.fits
4776/spec-4776-55652-0843.fits
4776/spec-4776-55652-0844.fits
4776/spec-4776-55652-0845.fits
4776/spec-4776-55652-0846.fits
4776/spec-4776-55652-0847.fits
4776/spec-4776-55652-0848.fits
4776/spec-4776-55652-0849.fits
4776/spec-4776-55652-0850.fits
4776/spec-4776-55652-0851.fits
4776/spec-4776-55652-0852.fits
4776/spec-4776-55652-0853.fits
4776/spec-4776-55652-0854.fits
4776/spec-4776-55652-0855.fits
4776/spec-4776-55652-0856.fits
4776/spec-4776-55652-0857.fits
4776/spec-4776-55652-0858.fits
4776/spec-4776-55652-0859.fits
4776/spec-4776-55652-0860.fits
4776/spec-4776-55652-0861.fits
4776/spec-4776-55652-0862.fits
4776/spec-4776-55652-0863.fits
4776/spec-4776-55652-0864.fits
4776/spec-4776-55652-0865.fits
4776/spec-4776-55652-0866.fits
4776/spec-4776-55652-0867.fits
4776/spec-4776-55652-0868.fits
4776/spec-4776-55652-0869.fits
4776/spec-4776-55652-0870.fits
4776/spec-4776-55652-0871.fits
4776/spec-4776-55652-0872.fits
4776/spec-4776-55652-0873.fits
4776/spec-4776-55652-0874.fits
4776/spec-4776-55652-0875.fits
4776/spec-4776-55652-0876.fits
4776/spec-4776-55652-0877.fits
4776/spec-4776-55652-0878.fits
4776/spec-4776-55652-0879.fits
4776/spec-4776-55652-0880.fits
4776/spec-4776-55652-0881.fits
4776/spec-4776-55652-0882.fits
4776/spec-4776-55652-0883.fits
4776/spec-4776-55652-0884.fits
4776/spec-4776-55652-0885.fits
4776/spec-4776-55652-0886.fits
4776/spec-4776-55652-0887.fits
4776/spec-4776-55652-0888.fits
4776/spec-4776-55652-0889.fits
4776/spec-4776-55652-0890.fits
4776/spec-4776-55652-0891.fits
4776/spec-4776-55652-0892.fits
4776/spec-4776-55652-0893.fits
4776/spec-4776-55652-0894.fits
4776/spec-4776-55652-0895.fits
4776/spec-4776-55652-0896.fits
4776/spec-4776-55652-0897.fits
4776/spec-4776-55652-0898.fits
4776/spec-4776-55652-0899.fits
4776/spec-4776-55652-0900.fits
4776/spec-4776-55652-0901.fits
4776/spec-4776-55652-0902.fits
4776/spec-4776-55652-0903.fits
4776/spec-4776-55652-0904.fits
4776/spec-4776-55652-0905.fits
4776/spec-4776-55652-0906.fits
4776/spec-4776-55652-0907.fits
4776/spec-4776-55652-0908.fits
4776/spec-4776-55652-0909.fits
4776/spec-4776-55652-0910.fits
4776/spec-4776-55652-0911.fits
4776/spec-4776-55652-0912.fits
4776/spec-4776-55652-0913.fits
4776/spec-4776-55652-0914.fits
4776/spec-4776-55652-0915.fits
4776/spec-4776-55652-0916.fits
4776/spec-4776-55652-0917.fits
4776/spec-4776-55652-0918.fits
4776/spec-4776-55652-0919.fits
4776/spec-4776-55652-0920.fits
4776/spec-4776-55652-0921.fits
4776/spec-4776-55652-0922.fits
4776/spec-4776-55652-0923.fits
4776/spec-4776-55652-0924.fits
4776/spec-4776-55652-0925.fits
4776/spec-4776-55652-0926.fits
4776/spec-4776-55652-0927.fits
4776/spec-4776-55652-0928.fits
4776/spec-4776-55652-0929.fits
4776/spec-4776-55652-0930.fits
4776/spec-4776-55652-0931.fits
4776/spec-4776-55652-0932.fits
4776/spec-4776-55652-0933.fits
4776/spec-4776-55652-0934.fits
4776/spec-4776-55652-0935.fits
4776/spec-4776-55652-0936.fits
4776/spec-4776-55652-0937.fits
4776/spec-4776-55652-0938.fits
4776/spec-4776-55652-0939.fits
4776/spec-4776-55652-0940.fits
4776/spec-4776-55652-0941.fits
4776/spec-4776-55652-0942.fits
4776/spec-4776-55652-0943.fits
4776/spec-4776-55652-0944.fits
4776/spec-4776-55652-0945.fits
4776/spec-4776-55652-0946.fits
4776/spec-4776-55652-0947.fits
4776/spec-4776-55652-0948.fits
4776/spec-4776-55652-0949.fits
4776/spec-4776-55652-0950.fits
4776/spec-4776-55652-0951.fits
4776/spec-4776-55652-0952.fits
4776/spec-4776-55652-0953.fits
4776/spec-4776-55652-0954.fits
4776/spec-4776-55652-0955.fits
4776/spec-4776-55652-0956.fits
4776/spec-4776-55652-0957.fits
4776/spec-4776-55652-0958.fits
4776/spec-4776-55652-0959.fits
4776/spec-4776-55652-0960.fits
4776/spec-4776-55652-0961.fits
4776/spec-4776-55652-0962.fits
4776/spec-4776-55652-0963.fits
4776/spec-4776-55652-0964.fits
4776/spec-4776-55652-0965.fits
4776/spec-4776-55652-0966.fits
4776/spec-4776-55652-0967.fits
4776/spec-4776-55652-0968.fits
4776/spec-4776-55652-0969.fits
4776/spec-4776-55652-0970.fits
4776/spec-4776-55652-0971.fits
4776/spec-4776-55652-0972.fits
4776/spec-4776-55652-0973.fits
4776/spec-4776-55652-0974.fits
4776/spec-4776-55652-0975.fits
4776/spec-4776-55652-0976.fits
4776/spec-4776-55652-0977.fits
4776/spec-4776-55652-0978.fits
4776/spec-4776-55652-0979.fits
4776/spec-4776-55652-0980.fits
4776/spec-4776-55652-0981.fits
4776/spec-4776-55652-0982.fits
4776/spec-4776-55652-0983.fits
4776/spec-4776-55652-0984.fits
4776/spec-4776-55652-0985.fits
4776/spec-4776-55652-0986.fits
4776/spec-4776-55652-0987.fits
4776/spec-4776-55652-0988.fits
4776/spec-4776-55652-0989.fits
4776/spec-4776-55652-0990.fits
4776/spec-4776-55652-0991.fits
4776/spec-4776-55652-0992.fits
4776/spec-4776-55652-0993.fits
4776/spec-4776-55652-0994.fits
4776/spec-4776-55652-0995.fits
4776/spec-4776-55652-0996.fits
4776/spec-4776-55652-0997.fits
4776/spec-4776-55652-0998.fits
4776/spec-4776-55652-0999.fits
4776/spec-4776-55652-1000.fits
/var/lib/condor/execute/slot1/dir_12069
4776 4776.tgz R R361.tar.gz _condor_stderr _condor_stdout cB58_Lyman_break.fit condor_exec.exe hw4.R packages packages.tar.gz tmp var
[1] "Loaded package astro."
[1] 1000
4776 4776.csv 4776.tgz R R361.tar.gz _condor_stderr _condor_stdout cB58_Lyman_break.fit condor_exec.exe hw4.R packages packages.tar.gz tmp var
