3779
3779/
3779/spec-3779-55222-0001.fits
3779/spec-3779-55222-0002.fits
3779/spec-3779-55222-0003.fits
3779/spec-3779-55222-0004.fits
3779/spec-3779-55222-0005.fits
3779/spec-3779-55222-0006.fits
3779/spec-3779-55222-0007.fits
3779/spec-3779-55222-0008.fits
3779/spec-3779-55222-0009.fits
3779/spec-3779-55222-0010.fits
3779/spec-3779-55222-0011.fits
3779/spec-3779-55222-0012.fits
3779/spec-3779-55222-0013.fits
3779/spec-3779-55222-0014.fits
3779/spec-3779-55222-0015.fits
3779/spec-3779-55222-0016.fits
3779/spec-3779-55222-0017.fits
3779/spec-3779-55222-0018.fits
3779/spec-3779-55222-0019.fits
3779/spec-3779-55222-0020.fits
3779/spec-3779-55222-0021.fits
3779/spec-3779-55222-0022.fits
3779/spec-3779-55222-0023.fits
3779/spec-3779-55222-0024.fits
3779/spec-3779-55222-0025.fits
3779/spec-3779-55222-0026.fits
3779/spec-3779-55222-0027.fits
3779/spec-3779-55222-0028.fits
3779/spec-3779-55222-0029.fits
3779/spec-3779-55222-0030.fits
3779/spec-3779-55222-0031.fits
3779/spec-3779-55222-0032.fits
3779/spec-3779-55222-0033.fits
3779/spec-3779-55222-0034.fits
3779/spec-3779-55222-0035.fits
3779/spec-3779-55222-0036.fits
3779/spec-3779-55222-0037.fits
3779/spec-3779-55222-0038.fits
3779/spec-3779-55222-0039.fits
3779/spec-3779-55222-0040.fits
3779/spec-3779-55222-0041.fits
3779/spec-3779-55222-0042.fits
3779/spec-3779-55222-0043.fits
3779/spec-3779-55222-0044.fits
3779/spec-3779-55222-0045.fits
3779/spec-3779-55222-0046.fits
3779/spec-3779-55222-0047.fits
3779/spec-3779-55222-0048.fits
3779/spec-3779-55222-0049.fits
3779/spec-3779-55222-0050.fits
3779/spec-3779-55222-0051.fits
3779/spec-3779-55222-0052.fits
3779/spec-3779-55222-0053.fits
3779/spec-3779-55222-0054.fits
3779/spec-3779-55222-0055.fits
3779/spec-3779-55222-0056.fits
3779/spec-3779-55222-0057.fits
3779/spec-3779-55222-0058.fits
3779/spec-3779-55222-0059.fits
3779/spec-3779-55222-0060.fits
3779/spec-3779-55222-0061.fits
3779/spec-3779-55222-0062.fits
3779/spec-3779-55222-0063.fits
3779/spec-3779-55222-0064.fits
3779/spec-3779-55222-0065.fits
3779/spec-3779-55222-0066.fits
3779/spec-3779-55222-0067.fits
3779/spec-3779-55222-0068.fits
3779/spec-3779-55222-0069.fits
3779/spec-3779-55222-0070.fits
3779/spec-3779-55222-0071.fits
3779/spec-3779-55222-0072.fits
3779/spec-3779-55222-0073.fits
3779/spec-3779-55222-0074.fits
3779/spec-3779-55222-0075.fits
3779/spec-3779-55222-0076.fits
3779/spec-3779-55222-0077.fits
3779/spec-3779-55222-0078.fits
3779/spec-3779-55222-0079.fits
3779/spec-3779-55222-0080.fits
3779/spec-3779-55222-0081.fits
3779/spec-3779-55222-0082.fits
3779/spec-3779-55222-0083.fits
3779/spec-3779-55222-0084.fits
3779/spec-3779-55222-0085.fits
3779/spec-3779-55222-0086.fits
3779/spec-3779-55222-0087.fits
3779/spec-3779-55222-0088.fits
3779/spec-3779-55222-0089.fits
3779/spec-3779-55222-0090.fits
3779/spec-3779-55222-0091.fits
3779/spec-3779-55222-0092.fits
3779/spec-3779-55222-0093.fits
3779/spec-3779-55222-0094.fits
3779/spec-3779-55222-0095.fits
3779/spec-3779-55222-0096.fits
3779/spec-3779-55222-0097.fits
3779/spec-3779-55222-0098.fits
3779/spec-3779-55222-0099.fits
3779/spec-3779-55222-0100.fits
3779/spec-3779-55222-0101.fits
3779/spec-3779-55222-0102.fits
3779/spec-3779-55222-0103.fits
3779/spec-3779-55222-0104.fits
3779/spec-3779-55222-0105.fits
3779/spec-3779-55222-0106.fits
3779/spec-3779-55222-0107.fits
3779/spec-3779-55222-0108.fits
3779/spec-3779-55222-0109.fits
3779/spec-3779-55222-0110.fits
3779/spec-3779-55222-0111.fits
3779/spec-3779-55222-0112.fits
3779/spec-3779-55222-0113.fits
3779/spec-3779-55222-0114.fits
3779/spec-3779-55222-0115.fits
3779/spec-3779-55222-0116.fits
3779/spec-3779-55222-0117.fits
3779/spec-3779-55222-0118.fits
3779/spec-3779-55222-0119.fits
3779/spec-3779-55222-0120.fits
3779/spec-3779-55222-0121.fits
3779/spec-3779-55222-0122.fits
3779/spec-3779-55222-0123.fits
3779/spec-3779-55222-0124.fits
3779/spec-3779-55222-0125.fits
3779/spec-3779-55222-0126.fits
3779/spec-3779-55222-0127.fits
3779/spec-3779-55222-0128.fits
3779/spec-3779-55222-0129.fits
3779/spec-3779-55222-0130.fits
3779/spec-3779-55222-0131.fits
3779/spec-3779-55222-0132.fits
3779/spec-3779-55222-0133.fits
3779/spec-3779-55222-0134.fits
3779/spec-3779-55222-0135.fits
3779/spec-3779-55222-0136.fits
3779/spec-3779-55222-0137.fits
3779/spec-3779-55222-0138.fits
3779/spec-3779-55222-0139.fits
3779/spec-3779-55222-0140.fits
3779/spec-3779-55222-0141.fits
3779/spec-3779-55222-0142.fits
3779/spec-3779-55222-0143.fits
3779/spec-3779-55222-0144.fits
3779/spec-3779-55222-0145.fits
3779/spec-3779-55222-0146.fits
3779/spec-3779-55222-0147.fits
3779/spec-3779-55222-0148.fits
3779/spec-3779-55222-0149.fits
3779/spec-3779-55222-0150.fits
3779/spec-3779-55222-0151.fits
3779/spec-3779-55222-0152.fits
3779/spec-3779-55222-0153.fits
3779/spec-3779-55222-0154.fits
3779/spec-3779-55222-0155.fits
3779/spec-3779-55222-0156.fits
3779/spec-3779-55222-0157.fits
3779/spec-3779-55222-0158.fits
3779/spec-3779-55222-0159.fits
3779/spec-3779-55222-0160.fits
3779/spec-3779-55222-0161.fits
3779/spec-3779-55222-0162.fits
3779/spec-3779-55222-0163.fits
3779/spec-3779-55222-0164.fits
3779/spec-3779-55222-0165.fits
3779/spec-3779-55222-0166.fits
3779/spec-3779-55222-0167.fits
3779/spec-3779-55222-0168.fits
3779/spec-3779-55222-0169.fits
3779/spec-3779-55222-0170.fits
3779/spec-3779-55222-0171.fits
3779/spec-3779-55222-0172.fits
3779/spec-3779-55222-0173.fits
3779/spec-3779-55222-0174.fits
3779/spec-3779-55222-0175.fits
3779/spec-3779-55222-0176.fits
3779/spec-3779-55222-0177.fits
3779/spec-3779-55222-0178.fits
3779/spec-3779-55222-0179.fits
3779/spec-3779-55222-0180.fits
3779/spec-3779-55222-0181.fits
3779/spec-3779-55222-0182.fits
3779/spec-3779-55222-0183.fits
3779/spec-3779-55222-0184.fits
3779/spec-3779-55222-0185.fits
3779/spec-3779-55222-0186.fits
3779/spec-3779-55222-0187.fits
3779/spec-3779-55222-0188.fits
3779/spec-3779-55222-0189.fits
3779/spec-3779-55222-0190.fits
3779/spec-3779-55222-0191.fits
3779/spec-3779-55222-0192.fits
3779/spec-3779-55222-0193.fits
3779/spec-3779-55222-0194.fits
3779/spec-3779-55222-0195.fits
3779/spec-3779-55222-0196.fits
3779/spec-3779-55222-0197.fits
3779/spec-3779-55222-0198.fits
3779/spec-3779-55222-0199.fits
3779/spec-3779-55222-0200.fits
3779/spec-3779-55222-0201.fits
3779/spec-3779-55222-0202.fits
3779/spec-3779-55222-0203.fits
3779/spec-3779-55222-0204.fits
3779/spec-3779-55222-0205.fits
3779/spec-3779-55222-0206.fits
3779/spec-3779-55222-0207.fits
3779/spec-3779-55222-0208.fits
3779/spec-3779-55222-0209.fits
3779/spec-3779-55222-0210.fits
3779/spec-3779-55222-0211.fits
3779/spec-3779-55222-0212.fits
3779/spec-3779-55222-0213.fits
3779/spec-3779-55222-0214.fits
3779/spec-3779-55222-0215.fits
3779/spec-3779-55222-0216.fits
3779/spec-3779-55222-0217.fits
3779/spec-3779-55222-0218.fits
3779/spec-3779-55222-0219.fits
3779/spec-3779-55222-0220.fits
3779/spec-3779-55222-0221.fits
3779/spec-3779-55222-0222.fits
3779/spec-3779-55222-0223.fits
3779/spec-3779-55222-0224.fits
3779/spec-3779-55222-0225.fits
3779/spec-3779-55222-0226.fits
3779/spec-3779-55222-0227.fits
3779/spec-3779-55222-0228.fits
3779/spec-3779-55222-0229.fits
3779/spec-3779-55222-0230.fits
3779/spec-3779-55222-0231.fits
3779/spec-3779-55222-0232.fits
3779/spec-3779-55222-0233.fits
3779/spec-3779-55222-0234.fits
3779/spec-3779-55222-0235.fits
3779/spec-3779-55222-0236.fits
3779/spec-3779-55222-0237.fits
3779/spec-3779-55222-0238.fits
3779/spec-3779-55222-0239.fits
3779/spec-3779-55222-0240.fits
3779/spec-3779-55222-0241.fits
3779/spec-3779-55222-0242.fits
3779/spec-3779-55222-0243.fits
3779/spec-3779-55222-0244.fits
3779/spec-3779-55222-0245.fits
3779/spec-3779-55222-0246.fits
3779/spec-3779-55222-0247.fits
3779/spec-3779-55222-0248.fits
3779/spec-3779-55222-0249.fits
3779/spec-3779-55222-0250.fits
3779/spec-3779-55222-0251.fits
3779/spec-3779-55222-0252.fits
3779/spec-3779-55222-0253.fits
3779/spec-3779-55222-0254.fits
3779/spec-3779-55222-0255.fits
3779/spec-3779-55222-0256.fits
3779/spec-3779-55222-0257.fits
3779/spec-3779-55222-0258.fits
3779/spec-3779-55222-0259.fits
3779/spec-3779-55222-0260.fits
3779/spec-3779-55222-0261.fits
3779/spec-3779-55222-0262.fits
3779/spec-3779-55222-0263.fits
3779/spec-3779-55222-0264.fits
3779/spec-3779-55222-0265.fits
3779/spec-3779-55222-0266.fits
3779/spec-3779-55222-0267.fits
3779/spec-3779-55222-0268.fits
3779/spec-3779-55222-0269.fits
3779/spec-3779-55222-0270.fits
3779/spec-3779-55222-0271.fits
3779/spec-3779-55222-0272.fits
3779/spec-3779-55222-0273.fits
3779/spec-3779-55222-0274.fits
3779/spec-3779-55222-0275.fits
3779/spec-3779-55222-0276.fits
3779/spec-3779-55222-0277.fits
3779/spec-3779-55222-0278.fits
3779/spec-3779-55222-0279.fits
3779/spec-3779-55222-0280.fits
3779/spec-3779-55222-0281.fits
3779/spec-3779-55222-0282.fits
3779/spec-3779-55222-0283.fits
3779/spec-3779-55222-0284.fits
3779/spec-3779-55222-0285.fits
3779/spec-3779-55222-0286.fits
3779/spec-3779-55222-0287.fits
3779/spec-3779-55222-0288.fits
3779/spec-3779-55222-0289.fits
3779/spec-3779-55222-0290.fits
3779/spec-3779-55222-0291.fits
3779/spec-3779-55222-0292.fits
3779/spec-3779-55222-0293.fits
3779/spec-3779-55222-0294.fits
3779/spec-3779-55222-0295.fits
3779/spec-3779-55222-0296.fits
3779/spec-3779-55222-0297.fits
3779/spec-3779-55222-0298.fits
3779/spec-3779-55222-0299.fits
3779/spec-3779-55222-0300.fits
3779/spec-3779-55222-0301.fits
3779/spec-3779-55222-0302.fits
3779/spec-3779-55222-0303.fits
3779/spec-3779-55222-0304.fits
3779/spec-3779-55222-0305.fits
3779/spec-3779-55222-0306.fits
3779/spec-3779-55222-0307.fits
3779/spec-3779-55222-0308.fits
3779/spec-3779-55222-0309.fits
3779/spec-3779-55222-0310.fits
3779/spec-3779-55222-0311.fits
3779/spec-3779-55222-0312.fits
3779/spec-3779-55222-0313.fits
3779/spec-3779-55222-0314.fits
3779/spec-3779-55222-0315.fits
3779/spec-3779-55222-0316.fits
3779/spec-3779-55222-0317.fits
3779/spec-3779-55222-0318.fits
3779/spec-3779-55222-0319.fits
3779/spec-3779-55222-0320.fits
3779/spec-3779-55222-0321.fits
3779/spec-3779-55222-0322.fits
3779/spec-3779-55222-0323.fits
3779/spec-3779-55222-0324.fits
3779/spec-3779-55222-0325.fits
3779/spec-3779-55222-0326.fits
3779/spec-3779-55222-0327.fits
3779/spec-3779-55222-0328.fits
3779/spec-3779-55222-0329.fits
3779/spec-3779-55222-0330.fits
3779/spec-3779-55222-0331.fits
3779/spec-3779-55222-0332.fits
3779/spec-3779-55222-0333.fits
3779/spec-3779-55222-0334.fits
3779/spec-3779-55222-0335.fits
3779/spec-3779-55222-0336.fits
3779/spec-3779-55222-0337.fits
3779/spec-3779-55222-0338.fits
3779/spec-3779-55222-0339.fits
3779/spec-3779-55222-0340.fits
3779/spec-3779-55222-0341.fits
3779/spec-3779-55222-0342.fits
3779/spec-3779-55222-0343.fits
3779/spec-3779-55222-0344.fits
3779/spec-3779-55222-0345.fits
3779/spec-3779-55222-0346.fits
3779/spec-3779-55222-0347.fits
3779/spec-3779-55222-0348.fits
3779/spec-3779-55222-0349.fits
3779/spec-3779-55222-0350.fits
3779/spec-3779-55222-0351.fits
3779/spec-3779-55222-0352.fits
3779/spec-3779-55222-0353.fits
3779/spec-3779-55222-0354.fits
3779/spec-3779-55222-0355.fits
3779/spec-3779-55222-0356.fits
3779/spec-3779-55222-0357.fits
3779/spec-3779-55222-0358.fits
3779/spec-3779-55222-0359.fits
3779/spec-3779-55222-0360.fits
3779/spec-3779-55222-0361.fits
3779/spec-3779-55222-0362.fits
3779/spec-3779-55222-0363.fits
3779/spec-3779-55222-0364.fits
3779/spec-3779-55222-0365.fits
3779/spec-3779-55222-0366.fits
3779/spec-3779-55222-0367.fits
3779/spec-3779-55222-0368.fits
3779/spec-3779-55222-0369.fits
3779/spec-3779-55222-0370.fits
3779/spec-3779-55222-0371.fits
3779/spec-3779-55222-0372.fits
3779/spec-3779-55222-0373.fits
3779/spec-3779-55222-0374.fits
3779/spec-3779-55222-0375.fits
3779/spec-3779-55222-0376.fits
3779/spec-3779-55222-0377.fits
3779/spec-3779-55222-0378.fits
3779/spec-3779-55222-0379.fits
3779/spec-3779-55222-0380.fits
3779/spec-3779-55222-0381.fits
3779/spec-3779-55222-0382.fits
3779/spec-3779-55222-0383.fits
3779/spec-3779-55222-0384.fits
3779/spec-3779-55222-0385.fits
3779/spec-3779-55222-0386.fits
3779/spec-3779-55222-0387.fits
3779/spec-3779-55222-0388.fits
3779/spec-3779-55222-0389.fits
3779/spec-3779-55222-0390.fits
3779/spec-3779-55222-0391.fits
3779/spec-3779-55222-0392.fits
3779/spec-3779-55222-0393.fits
3779/spec-3779-55222-0394.fits
3779/spec-3779-55222-0395.fits
3779/spec-3779-55222-0396.fits
3779/spec-3779-55222-0397.fits
3779/spec-3779-55222-0398.fits
3779/spec-3779-55222-0399.fits
3779/spec-3779-55222-0400.fits
3779/spec-3779-55222-0401.fits
3779/spec-3779-55222-0402.fits
3779/spec-3779-55222-0403.fits
3779/spec-3779-55222-0404.fits
3779/spec-3779-55222-0405.fits
3779/spec-3779-55222-0406.fits
3779/spec-3779-55222-0407.fits
3779/spec-3779-55222-0408.fits
3779/spec-3779-55222-0409.fits
3779/spec-3779-55222-0410.fits
3779/spec-3779-55222-0411.fits
3779/spec-3779-55222-0412.fits
3779/spec-3779-55222-0413.fits
3779/spec-3779-55222-0414.fits
3779/spec-3779-55222-0415.fits
3779/spec-3779-55222-0416.fits
3779/spec-3779-55222-0417.fits
3779/spec-3779-55222-0418.fits
3779/spec-3779-55222-0419.fits
3779/spec-3779-55222-0420.fits
3779/spec-3779-55222-0421.fits
3779/spec-3779-55222-0422.fits
3779/spec-3779-55222-0423.fits
3779/spec-3779-55222-0424.fits
3779/spec-3779-55222-0425.fits
3779/spec-3779-55222-0426.fits
3779/spec-3779-55222-0427.fits
3779/spec-3779-55222-0428.fits
3779/spec-3779-55222-0429.fits
3779/spec-3779-55222-0430.fits
3779/spec-3779-55222-0431.fits
3779/spec-3779-55222-0432.fits
3779/spec-3779-55222-0433.fits
3779/spec-3779-55222-0434.fits
3779/spec-3779-55222-0435.fits
3779/spec-3779-55222-0436.fits
3779/spec-3779-55222-0437.fits
3779/spec-3779-55222-0438.fits
3779/spec-3779-55222-0439.fits
3779/spec-3779-55222-0440.fits
3779/spec-3779-55222-0441.fits
3779/spec-3779-55222-0442.fits
3779/spec-3779-55222-0443.fits
3779/spec-3779-55222-0444.fits
3779/spec-3779-55222-0445.fits
3779/spec-3779-55222-0446.fits
3779/spec-3779-55222-0447.fits
3779/spec-3779-55222-0448.fits
3779/spec-3779-55222-0449.fits
3779/spec-3779-55222-0450.fits
3779/spec-3779-55222-0451.fits
3779/spec-3779-55222-0452.fits
3779/spec-3779-55222-0453.fits
3779/spec-3779-55222-0454.fits
3779/spec-3779-55222-0455.fits
3779/spec-3779-55222-0456.fits
3779/spec-3779-55222-0457.fits
3779/spec-3779-55222-0458.fits
3779/spec-3779-55222-0459.fits
3779/spec-3779-55222-0460.fits
3779/spec-3779-55222-0461.fits
3779/spec-3779-55222-0462.fits
3779/spec-3779-55222-0463.fits
3779/spec-3779-55222-0464.fits
3779/spec-3779-55222-0465.fits
3779/spec-3779-55222-0466.fits
3779/spec-3779-55222-0467.fits
3779/spec-3779-55222-0468.fits
3779/spec-3779-55222-0469.fits
3779/spec-3779-55222-0470.fits
3779/spec-3779-55222-0471.fits
3779/spec-3779-55222-0472.fits
3779/spec-3779-55222-0473.fits
3779/spec-3779-55222-0474.fits
3779/spec-3779-55222-0475.fits
3779/spec-3779-55222-0476.fits
3779/spec-3779-55222-0477.fits
3779/spec-3779-55222-0478.fits
3779/spec-3779-55222-0479.fits
3779/spec-3779-55222-0480.fits
3779/spec-3779-55222-0481.fits
3779/spec-3779-55222-0482.fits
3779/spec-3779-55222-0483.fits
3779/spec-3779-55222-0484.fits
3779/spec-3779-55222-0485.fits
3779/spec-3779-55222-0486.fits
3779/spec-3779-55222-0487.fits
3779/spec-3779-55222-0488.fits
3779/spec-3779-55222-0489.fits
3779/spec-3779-55222-0490.fits
3779/spec-3779-55222-0491.fits
3779/spec-3779-55222-0492.fits
3779/spec-3779-55222-0493.fits
3779/spec-3779-55222-0494.fits
3779/spec-3779-55222-0495.fits
3779/spec-3779-55222-0496.fits
3779/spec-3779-55222-0497.fits
3779/spec-3779-55222-0498.fits
3779/spec-3779-55222-0499.fits
3779/spec-3779-55222-0500.fits
3779/spec-3779-55222-0501.fits
3779/spec-3779-55222-0502.fits
3779/spec-3779-55222-0503.fits
3779/spec-3779-55222-0504.fits
3779/spec-3779-55222-0505.fits
3779/spec-3779-55222-0506.fits
3779/spec-3779-55222-0507.fits
3779/spec-3779-55222-0508.fits
3779/spec-3779-55222-0509.fits
3779/spec-3779-55222-0510.fits
3779/spec-3779-55222-0511.fits
3779/spec-3779-55222-0512.fits
3779/spec-3779-55222-0513.fits
3779/spec-3779-55222-0514.fits
3779/spec-3779-55222-0515.fits
3779/spec-3779-55222-0516.fits
3779/spec-3779-55222-0517.fits
3779/spec-3779-55222-0518.fits
3779/spec-3779-55222-0519.fits
3779/spec-3779-55222-0520.fits
3779/spec-3779-55222-0521.fits
3779/spec-3779-55222-0522.fits
3779/spec-3779-55222-0523.fits
3779/spec-3779-55222-0524.fits
3779/spec-3779-55222-0525.fits
3779/spec-3779-55222-0526.fits
3779/spec-3779-55222-0527.fits
3779/spec-3779-55222-0528.fits
3779/spec-3779-55222-0529.fits
3779/spec-3779-55222-0530.fits
3779/spec-3779-55222-0531.fits
3779/spec-3779-55222-0532.fits
3779/spec-3779-55222-0533.fits
3779/spec-3779-55222-0534.fits
3779/spec-3779-55222-0535.fits
3779/spec-3779-55222-0536.fits
3779/spec-3779-55222-0537.fits
3779/spec-3779-55222-0538.fits
3779/spec-3779-55222-0539.fits
3779/spec-3779-55222-0540.fits
3779/spec-3779-55222-0541.fits
3779/spec-3779-55222-0542.fits
3779/spec-3779-55222-0543.fits
3779/spec-3779-55222-0544.fits
3779/spec-3779-55222-0545.fits
3779/spec-3779-55222-0546.fits
3779/spec-3779-55222-0547.fits
3779/spec-3779-55222-0548.fits
3779/spec-3779-55222-0549.fits
3779/spec-3779-55222-0550.fits
3779/spec-3779-55222-0551.fits
3779/spec-3779-55222-0552.fits
3779/spec-3779-55222-0553.fits
3779/spec-3779-55222-0554.fits
3779/spec-3779-55222-0555.fits
3779/spec-3779-55222-0556.fits
3779/spec-3779-55222-0557.fits
3779/spec-3779-55222-0558.fits
3779/spec-3779-55222-0559.fits
3779/spec-3779-55222-0560.fits
3779/spec-3779-55222-0561.fits
3779/spec-3779-55222-0562.fits
3779/spec-3779-55222-0563.fits
3779/spec-3779-55222-0564.fits
3779/spec-3779-55222-0565.fits
3779/spec-3779-55222-0566.fits
3779/spec-3779-55222-0567.fits
3779/spec-3779-55222-0568.fits
3779/spec-3779-55222-0569.fits
3779/spec-3779-55222-0570.fits
3779/spec-3779-55222-0571.fits
3779/spec-3779-55222-0572.fits
3779/spec-3779-55222-0573.fits
3779/spec-3779-55222-0574.fits
3779/spec-3779-55222-0575.fits
3779/spec-3779-55222-0576.fits
3779/spec-3779-55222-0577.fits
3779/spec-3779-55222-0578.fits
3779/spec-3779-55222-0579.fits
3779/spec-3779-55222-0580.fits
3779/spec-3779-55222-0581.fits
3779/spec-3779-55222-0582.fits
3779/spec-3779-55222-0583.fits
3779/spec-3779-55222-0584.fits
3779/spec-3779-55222-0585.fits
3779/spec-3779-55222-0586.fits
3779/spec-3779-55222-0587.fits
3779/spec-3779-55222-0588.fits
3779/spec-3779-55222-0589.fits
3779/spec-3779-55222-0590.fits
3779/spec-3779-55222-0591.fits
3779/spec-3779-55222-0592.fits
3779/spec-3779-55222-0593.fits
3779/spec-3779-55222-0594.fits
3779/spec-3779-55222-0595.fits
3779/spec-3779-55222-0596.fits
3779/spec-3779-55222-0597.fits
3779/spec-3779-55222-0598.fits
3779/spec-3779-55222-0599.fits
3779/spec-3779-55222-0600.fits
3779/spec-3779-55222-0601.fits
3779/spec-3779-55222-0602.fits
3779/spec-3779-55222-0603.fits
3779/spec-3779-55222-0604.fits
3779/spec-3779-55222-0605.fits
3779/spec-3779-55222-0606.fits
3779/spec-3779-55222-0607.fits
3779/spec-3779-55222-0608.fits
3779/spec-3779-55222-0609.fits
3779/spec-3779-55222-0610.fits
3779/spec-3779-55222-0611.fits
3779/spec-3779-55222-0612.fits
3779/spec-3779-55222-0613.fits
3779/spec-3779-55222-0614.fits
3779/spec-3779-55222-0615.fits
3779/spec-3779-55222-0616.fits
3779/spec-3779-55222-0617.fits
3779/spec-3779-55222-0618.fits
3779/spec-3779-55222-0619.fits
3779/spec-3779-55222-0620.fits
3779/spec-3779-55222-0621.fits
3779/spec-3779-55222-0622.fits
3779/spec-3779-55222-0623.fits
3779/spec-3779-55222-0624.fits
3779/spec-3779-55222-0625.fits
3779/spec-3779-55222-0626.fits
3779/spec-3779-55222-0627.fits
3779/spec-3779-55222-0628.fits
3779/spec-3779-55222-0629.fits
3779/spec-3779-55222-0630.fits
3779/spec-3779-55222-0631.fits
3779/spec-3779-55222-0632.fits
3779/spec-3779-55222-0633.fits
3779/spec-3779-55222-0634.fits
3779/spec-3779-55222-0635.fits
3779/spec-3779-55222-0636.fits
3779/spec-3779-55222-0637.fits
3779/spec-3779-55222-0638.fits
3779/spec-3779-55222-0639.fits
3779/spec-3779-55222-0640.fits
3779/spec-3779-55222-0641.fits
3779/spec-3779-55222-0642.fits
3779/spec-3779-55222-0643.fits
3779/spec-3779-55222-0644.fits
3779/spec-3779-55222-0645.fits
3779/spec-3779-55222-0646.fits
3779/spec-3779-55222-0647.fits
3779/spec-3779-55222-0648.fits
3779/spec-3779-55222-0649.fits
3779/spec-3779-55222-0650.fits
3779/spec-3779-55222-0651.fits
3779/spec-3779-55222-0652.fits
3779/spec-3779-55222-0653.fits
3779/spec-3779-55222-0654.fits
3779/spec-3779-55222-0655.fits
3779/spec-3779-55222-0656.fits
3779/spec-3779-55222-0657.fits
3779/spec-3779-55222-0658.fits
3779/spec-3779-55222-0659.fits
3779/spec-3779-55222-0660.fits
3779/spec-3779-55222-0661.fits
3779/spec-3779-55222-0662.fits
3779/spec-3779-55222-0663.fits
3779/spec-3779-55222-0664.fits
3779/spec-3779-55222-0665.fits
3779/spec-3779-55222-0666.fits
3779/spec-3779-55222-0667.fits
3779/spec-3779-55222-0668.fits
3779/spec-3779-55222-0669.fits
3779/spec-3779-55222-0670.fits
3779/spec-3779-55222-0671.fits
3779/spec-3779-55222-0672.fits
3779/spec-3779-55222-0673.fits
3779/spec-3779-55222-0674.fits
3779/spec-3779-55222-0675.fits
3779/spec-3779-55222-0676.fits
3779/spec-3779-55222-0677.fits
3779/spec-3779-55222-0678.fits
3779/spec-3779-55222-0679.fits
3779/spec-3779-55222-0680.fits
3779/spec-3779-55222-0681.fits
3779/spec-3779-55222-0682.fits
3779/spec-3779-55222-0683.fits
3779/spec-3779-55222-0684.fits
3779/spec-3779-55222-0685.fits
3779/spec-3779-55222-0686.fits
3779/spec-3779-55222-0687.fits
3779/spec-3779-55222-0688.fits
3779/spec-3779-55222-0689.fits
3779/spec-3779-55222-0690.fits
3779/spec-3779-55222-0691.fits
3779/spec-3779-55222-0692.fits
3779/spec-3779-55222-0693.fits
3779/spec-3779-55222-0694.fits
3779/spec-3779-55222-0695.fits
3779/spec-3779-55222-0696.fits
3779/spec-3779-55222-0697.fits
3779/spec-3779-55222-0698.fits
3779/spec-3779-55222-0699.fits
3779/spec-3779-55222-0700.fits
3779/spec-3779-55222-0701.fits
3779/spec-3779-55222-0702.fits
3779/spec-3779-55222-0703.fits
3779/spec-3779-55222-0704.fits
3779/spec-3779-55222-0705.fits
3779/spec-3779-55222-0706.fits
3779/spec-3779-55222-0707.fits
3779/spec-3779-55222-0708.fits
3779/spec-3779-55222-0709.fits
3779/spec-3779-55222-0710.fits
3779/spec-3779-55222-0711.fits
3779/spec-3779-55222-0712.fits
3779/spec-3779-55222-0713.fits
3779/spec-3779-55222-0714.fits
3779/spec-3779-55222-0715.fits
3779/spec-3779-55222-0716.fits
3779/spec-3779-55222-0717.fits
3779/spec-3779-55222-0718.fits
3779/spec-3779-55222-0719.fits
3779/spec-3779-55222-0720.fits
3779/spec-3779-55222-0721.fits
3779/spec-3779-55222-0722.fits
3779/spec-3779-55222-0723.fits
3779/spec-3779-55222-0724.fits
3779/spec-3779-55222-0725.fits
3779/spec-3779-55222-0726.fits
3779/spec-3779-55222-0727.fits
3779/spec-3779-55222-0728.fits
3779/spec-3779-55222-0729.fits
3779/spec-3779-55222-0730.fits
3779/spec-3779-55222-0731.fits
3779/spec-3779-55222-0732.fits
3779/spec-3779-55222-0733.fits
3779/spec-3779-55222-0734.fits
3779/spec-3779-55222-0735.fits
3779/spec-3779-55222-0736.fits
3779/spec-3779-55222-0737.fits
3779/spec-3779-55222-0738.fits
3779/spec-3779-55222-0739.fits
3779/spec-3779-55222-0740.fits
3779/spec-3779-55222-0741.fits
3779/spec-3779-55222-0742.fits
3779/spec-3779-55222-0743.fits
3779/spec-3779-55222-0744.fits
3779/spec-3779-55222-0745.fits
3779/spec-3779-55222-0746.fits
3779/spec-3779-55222-0747.fits
3779/spec-3779-55222-0748.fits
3779/spec-3779-55222-0749.fits
3779/spec-3779-55222-0750.fits
3779/spec-3779-55222-0751.fits
3779/spec-3779-55222-0752.fits
3779/spec-3779-55222-0753.fits
3779/spec-3779-55222-0754.fits
3779/spec-3779-55222-0755.fits
3779/spec-3779-55222-0756.fits
3779/spec-3779-55222-0757.fits
3779/spec-3779-55222-0758.fits
3779/spec-3779-55222-0759.fits
3779/spec-3779-55222-0760.fits
3779/spec-3779-55222-0761.fits
3779/spec-3779-55222-0762.fits
3779/spec-3779-55222-0763.fits
3779/spec-3779-55222-0764.fits
3779/spec-3779-55222-0765.fits
3779/spec-3779-55222-0766.fits
3779/spec-3779-55222-0767.fits
3779/spec-3779-55222-0768.fits
3779/spec-3779-55222-0769.fits
3779/spec-3779-55222-0770.fits
3779/spec-3779-55222-0771.fits
3779/spec-3779-55222-0772.fits
3779/spec-3779-55222-0773.fits
3779/spec-3779-55222-0774.fits
3779/spec-3779-55222-0775.fits
3779/spec-3779-55222-0776.fits
3779/spec-3779-55222-0777.fits
3779/spec-3779-55222-0778.fits
3779/spec-3779-55222-0779.fits
3779/spec-3779-55222-0780.fits
3779/spec-3779-55222-0781.fits
3779/spec-3779-55222-0782.fits
3779/spec-3779-55222-0783.fits
3779/spec-3779-55222-0784.fits
3779/spec-3779-55222-0785.fits
3779/spec-3779-55222-0786.fits
3779/spec-3779-55222-0787.fits
3779/spec-3779-55222-0788.fits
3779/spec-3779-55222-0789.fits
3779/spec-3779-55222-0790.fits
3779/spec-3779-55222-0791.fits
3779/spec-3779-55222-0792.fits
3779/spec-3779-55222-0793.fits
3779/spec-3779-55222-0794.fits
3779/spec-3779-55222-0795.fits
3779/spec-3779-55222-0796.fits
3779/spec-3779-55222-0797.fits
3779/spec-3779-55222-0798.fits
3779/spec-3779-55222-0799.fits
3779/spec-3779-55222-0800.fits
3779/spec-3779-55222-0801.fits
3779/spec-3779-55222-0802.fits
3779/spec-3779-55222-0803.fits
3779/spec-3779-55222-0804.fits
3779/spec-3779-55222-0805.fits
3779/spec-3779-55222-0806.fits
3779/spec-3779-55222-0807.fits
3779/spec-3779-55222-0808.fits
3779/spec-3779-55222-0809.fits
3779/spec-3779-55222-0810.fits
3779/spec-3779-55222-0811.fits
3779/spec-3779-55222-0812.fits
3779/spec-3779-55222-0813.fits
3779/spec-3779-55222-0814.fits
3779/spec-3779-55222-0815.fits
3779/spec-3779-55222-0816.fits
3779/spec-3779-55222-0817.fits
3779/spec-3779-55222-0818.fits
3779/spec-3779-55222-0819.fits
3779/spec-3779-55222-0820.fits
3779/spec-3779-55222-0821.fits
3779/spec-3779-55222-0822.fits
3779/spec-3779-55222-0823.fits
3779/spec-3779-55222-0824.fits
3779/spec-3779-55222-0825.fits
3779/spec-3779-55222-0826.fits
3779/spec-3779-55222-0827.fits
3779/spec-3779-55222-0828.fits
3779/spec-3779-55222-0829.fits
3779/spec-3779-55222-0830.fits
3779/spec-3779-55222-0831.fits
3779/spec-3779-55222-0832.fits
3779/spec-3779-55222-0833.fits
3779/spec-3779-55222-0834.fits
3779/spec-3779-55222-0835.fits
3779/spec-3779-55222-0836.fits
3779/spec-3779-55222-0837.fits
3779/spec-3779-55222-0838.fits
3779/spec-3779-55222-0839.fits
3779/spec-3779-55222-0840.fits
3779/spec-3779-55222-0841.fits
3779/spec-3779-55222-0842.fits
3779/spec-3779-55222-0843.fits
3779/spec-3779-55222-0844.fits
3779/spec-3779-55222-0845.fits
3779/spec-3779-55222-0846.fits
3779/spec-3779-55222-0847.fits
3779/spec-3779-55222-0848.fits
3779/spec-3779-55222-0849.fits
3779/spec-3779-55222-0850.fits
3779/spec-3779-55222-0851.fits
3779/spec-3779-55222-0852.fits
3779/spec-3779-55222-0853.fits
3779/spec-3779-55222-0854.fits
3779/spec-3779-55222-0855.fits
3779/spec-3779-55222-0856.fits
3779/spec-3779-55222-0857.fits
3779/spec-3779-55222-0858.fits
3779/spec-3779-55222-0859.fits
3779/spec-3779-55222-0860.fits
3779/spec-3779-55222-0861.fits
3779/spec-3779-55222-0862.fits
3779/spec-3779-55222-0863.fits
3779/spec-3779-55222-0864.fits
3779/spec-3779-55222-0865.fits
3779/spec-3779-55222-0866.fits
3779/spec-3779-55222-0867.fits
3779/spec-3779-55222-0868.fits
3779/spec-3779-55222-0869.fits
3779/spec-3779-55222-0870.fits
3779/spec-3779-55222-0871.fits
3779/spec-3779-55222-0872.fits
3779/spec-3779-55222-0873.fits
3779/spec-3779-55222-0874.fits
3779/spec-3779-55222-0875.fits
3779/spec-3779-55222-0876.fits
3779/spec-3779-55222-0877.fits
3779/spec-3779-55222-0878.fits
3779/spec-3779-55222-0879.fits
3779/spec-3779-55222-0880.fits
3779/spec-3779-55222-0881.fits
3779/spec-3779-55222-0882.fits
3779/spec-3779-55222-0883.fits
3779/spec-3779-55222-0884.fits
3779/spec-3779-55222-0885.fits
3779/spec-3779-55222-0886.fits
3779/spec-3779-55222-0887.fits
3779/spec-3779-55222-0888.fits
3779/spec-3779-55222-0889.fits
3779/spec-3779-55222-0890.fits
3779/spec-3779-55222-0891.fits
3779/spec-3779-55222-0892.fits
3779/spec-3779-55222-0893.fits
3779/spec-3779-55222-0894.fits
3779/spec-3779-55222-0895.fits
3779/spec-3779-55222-0896.fits
3779/spec-3779-55222-0897.fits
3779/spec-3779-55222-0898.fits
3779/spec-3779-55222-0899.fits
3779/spec-3779-55222-0900.fits
3779/spec-3779-55222-0901.fits
3779/spec-3779-55222-0902.fits
3779/spec-3779-55222-0903.fits
3779/spec-3779-55222-0904.fits
3779/spec-3779-55222-0905.fits
3779/spec-3779-55222-0906.fits
3779/spec-3779-55222-0907.fits
3779/spec-3779-55222-0908.fits
3779/spec-3779-55222-0909.fits
3779/spec-3779-55222-0910.fits
3779/spec-3779-55222-0911.fits
3779/spec-3779-55222-0912.fits
3779/spec-3779-55222-0913.fits
3779/spec-3779-55222-0914.fits
3779/spec-3779-55222-0915.fits
3779/spec-3779-55222-0916.fits
3779/spec-3779-55222-0917.fits
3779/spec-3779-55222-0918.fits
3779/spec-3779-55222-0919.fits
3779/spec-3779-55222-0920.fits
3779/spec-3779-55222-0921.fits
3779/spec-3779-55222-0922.fits
3779/spec-3779-55222-0923.fits
3779/spec-3779-55222-0924.fits
3779/spec-3779-55222-0925.fits
3779/spec-3779-55222-0926.fits
3779/spec-3779-55222-0927.fits
3779/spec-3779-55222-0928.fits
3779/spec-3779-55222-0929.fits
3779/spec-3779-55222-0930.fits
3779/spec-3779-55222-0931.fits
3779/spec-3779-55222-0932.fits
3779/spec-3779-55222-0933.fits
3779/spec-3779-55222-0934.fits
3779/spec-3779-55222-0935.fits
3779/spec-3779-55222-0936.fits
3779/spec-3779-55222-0937.fits
3779/spec-3779-55222-0938.fits
3779/spec-3779-55222-0939.fits
3779/spec-3779-55222-0940.fits
3779/spec-3779-55222-0941.fits
3779/spec-3779-55222-0942.fits
3779/spec-3779-55222-0943.fits
3779/spec-3779-55222-0944.fits
3779/spec-3779-55222-0945.fits
3779/spec-3779-55222-0946.fits
3779/spec-3779-55222-0947.fits
3779/spec-3779-55222-0948.fits
3779/spec-3779-55222-0949.fits
3779/spec-3779-55222-0950.fits
3779/spec-3779-55222-0951.fits
3779/spec-3779-55222-0952.fits
3779/spec-3779-55222-0953.fits
3779/spec-3779-55222-0954.fits
3779/spec-3779-55222-0955.fits
3779/spec-3779-55222-0956.fits
3779/spec-3779-55222-0957.fits
3779/spec-3779-55222-0958.fits
3779/spec-3779-55222-0959.fits
3779/spec-3779-55222-0960.fits
3779/spec-3779-55222-0961.fits
3779/spec-3779-55222-0962.fits
3779/spec-3779-55222-0963.fits
3779/spec-3779-55222-0964.fits
3779/spec-3779-55222-0965.fits
3779/spec-3779-55222-0966.fits
3779/spec-3779-55222-0967.fits
3779/spec-3779-55222-0968.fits
3779/spec-3779-55222-0969.fits
3779/spec-3779-55222-0970.fits
3779/spec-3779-55222-0971.fits
3779/spec-3779-55222-0972.fits
3779/spec-3779-55222-0973.fits
3779/spec-3779-55222-0974.fits
3779/spec-3779-55222-0975.fits
3779/spec-3779-55222-0976.fits
3779/spec-3779-55222-0977.fits
3779/spec-3779-55222-0978.fits
3779/spec-3779-55222-0979.fits
3779/spec-3779-55222-0980.fits
3779/spec-3779-55222-0981.fits
3779/spec-3779-55222-0982.fits
3779/spec-3779-55222-0983.fits
3779/spec-3779-55222-0984.fits
3779/spec-3779-55222-0985.fits
3779/spec-3779-55222-0986.fits
3779/spec-3779-55222-0987.fits
3779/spec-3779-55222-0988.fits
3779/spec-3779-55222-0989.fits
3779/spec-3779-55222-0990.fits
3779/spec-3779-55222-0991.fits
3779/spec-3779-55222-0992.fits
3779/spec-3779-55222-0993.fits
3779/spec-3779-55222-0994.fits
3779/spec-3779-55222-0995.fits
3779/spec-3779-55222-0996.fits
3779/spec-3779-55222-0997.fits
3779/spec-3779-55222-0998.fits
3779/spec-3779-55222-0999.fits
3779/spec-3779-55222-1000.fits
/var/lib/condor/execute/slot1/dir_39129
3779 3779.tgz R R361.tar.gz _condor_stderr _condor_stdout cB58_Lyman_break.fit condor_exec.exe hw4.R packages packages.tar.gz tmp var
[1] "Loaded package astro."
[1] 1000
3779 3779.csv 3779.tgz R R361.tar.gz _condor_stderr _condor_stdout cB58_Lyman_break.fit condor_exec.exe hw4.R packages packages.tar.gz tmp var
