4833
4833/
4833/spec-4833-55679-0001.fits
4833/spec-4833-55679-0002.fits
4833/spec-4833-55679-0003.fits
4833/spec-4833-55679-0004.fits
4833/spec-4833-55679-0005.fits
4833/spec-4833-55679-0006.fits
4833/spec-4833-55679-0007.fits
4833/spec-4833-55679-0008.fits
4833/spec-4833-55679-0009.fits
4833/spec-4833-55679-0010.fits
4833/spec-4833-55679-0011.fits
4833/spec-4833-55679-0012.fits
4833/spec-4833-55679-0013.fits
4833/spec-4833-55679-0014.fits
4833/spec-4833-55679-0015.fits
4833/spec-4833-55679-0016.fits
4833/spec-4833-55679-0017.fits
4833/spec-4833-55679-0018.fits
4833/spec-4833-55679-0019.fits
4833/spec-4833-55679-0020.fits
4833/spec-4833-55679-0021.fits
4833/spec-4833-55679-0022.fits
4833/spec-4833-55679-0023.fits
4833/spec-4833-55679-0024.fits
4833/spec-4833-55679-0025.fits
4833/spec-4833-55679-0026.fits
4833/spec-4833-55679-0027.fits
4833/spec-4833-55679-0028.fits
4833/spec-4833-55679-0029.fits
4833/spec-4833-55679-0030.fits
4833/spec-4833-55679-0031.fits
4833/spec-4833-55679-0032.fits
4833/spec-4833-55679-0033.fits
4833/spec-4833-55679-0034.fits
4833/spec-4833-55679-0035.fits
4833/spec-4833-55679-0036.fits
4833/spec-4833-55679-0037.fits
4833/spec-4833-55679-0038.fits
4833/spec-4833-55679-0039.fits
4833/spec-4833-55679-0040.fits
4833/spec-4833-55679-0041.fits
4833/spec-4833-55679-0042.fits
4833/spec-4833-55679-0043.fits
4833/spec-4833-55679-0044.fits
4833/spec-4833-55679-0045.fits
4833/spec-4833-55679-0046.fits
4833/spec-4833-55679-0047.fits
4833/spec-4833-55679-0048.fits
4833/spec-4833-55679-0049.fits
4833/spec-4833-55679-0050.fits
4833/spec-4833-55679-0051.fits
4833/spec-4833-55679-0052.fits
4833/spec-4833-55679-0053.fits
4833/spec-4833-55679-0054.fits
4833/spec-4833-55679-0055.fits
4833/spec-4833-55679-0056.fits
4833/spec-4833-55679-0057.fits
4833/spec-4833-55679-0058.fits
4833/spec-4833-55679-0059.fits
4833/spec-4833-55679-0060.fits
4833/spec-4833-55679-0061.fits
4833/spec-4833-55679-0062.fits
4833/spec-4833-55679-0063.fits
4833/spec-4833-55679-0064.fits
4833/spec-4833-55679-0065.fits
4833/spec-4833-55679-0066.fits
4833/spec-4833-55679-0067.fits
4833/spec-4833-55679-0068.fits
4833/spec-4833-55679-0069.fits
4833/spec-4833-55679-0070.fits
4833/spec-4833-55679-0071.fits
4833/spec-4833-55679-0072.fits
4833/spec-4833-55679-0073.fits
4833/spec-4833-55679-0074.fits
4833/spec-4833-55679-0075.fits
4833/spec-4833-55679-0076.fits
4833/spec-4833-55679-0077.fits
4833/spec-4833-55679-0078.fits
4833/spec-4833-55679-0079.fits
4833/spec-4833-55679-0080.fits
4833/spec-4833-55679-0081.fits
4833/spec-4833-55679-0082.fits
4833/spec-4833-55679-0083.fits
4833/spec-4833-55679-0084.fits
4833/spec-4833-55679-0085.fits
4833/spec-4833-55679-0086.fits
4833/spec-4833-55679-0087.fits
4833/spec-4833-55679-0088.fits
4833/spec-4833-55679-0089.fits
4833/spec-4833-55679-0090.fits
4833/spec-4833-55679-0091.fits
4833/spec-4833-55679-0092.fits
4833/spec-4833-55679-0093.fits
4833/spec-4833-55679-0094.fits
4833/spec-4833-55679-0095.fits
4833/spec-4833-55679-0096.fits
4833/spec-4833-55679-0097.fits
4833/spec-4833-55679-0098.fits
4833/spec-4833-55679-0099.fits
4833/spec-4833-55679-0100.fits
4833/spec-4833-55679-0101.fits
4833/spec-4833-55679-0102.fits
4833/spec-4833-55679-0103.fits
4833/spec-4833-55679-0104.fits
4833/spec-4833-55679-0105.fits
4833/spec-4833-55679-0106.fits
4833/spec-4833-55679-0107.fits
4833/spec-4833-55679-0108.fits
4833/spec-4833-55679-0109.fits
4833/spec-4833-55679-0110.fits
4833/spec-4833-55679-0111.fits
4833/spec-4833-55679-0112.fits
4833/spec-4833-55679-0113.fits
4833/spec-4833-55679-0114.fits
4833/spec-4833-55679-0115.fits
4833/spec-4833-55679-0116.fits
4833/spec-4833-55679-0117.fits
4833/spec-4833-55679-0118.fits
4833/spec-4833-55679-0119.fits
4833/spec-4833-55679-0120.fits
4833/spec-4833-55679-0121.fits
4833/spec-4833-55679-0122.fits
4833/spec-4833-55679-0123.fits
4833/spec-4833-55679-0124.fits
4833/spec-4833-55679-0125.fits
4833/spec-4833-55679-0126.fits
4833/spec-4833-55679-0127.fits
4833/spec-4833-55679-0128.fits
4833/spec-4833-55679-0129.fits
4833/spec-4833-55679-0130.fits
4833/spec-4833-55679-0131.fits
4833/spec-4833-55679-0132.fits
4833/spec-4833-55679-0133.fits
4833/spec-4833-55679-0134.fits
4833/spec-4833-55679-0135.fits
4833/spec-4833-55679-0136.fits
4833/spec-4833-55679-0137.fits
4833/spec-4833-55679-0138.fits
4833/spec-4833-55679-0139.fits
4833/spec-4833-55679-0140.fits
4833/spec-4833-55679-0141.fits
4833/spec-4833-55679-0142.fits
4833/spec-4833-55679-0143.fits
4833/spec-4833-55679-0144.fits
4833/spec-4833-55679-0145.fits
4833/spec-4833-55679-0146.fits
4833/spec-4833-55679-0147.fits
4833/spec-4833-55679-0148.fits
4833/spec-4833-55679-0149.fits
4833/spec-4833-55679-0150.fits
4833/spec-4833-55679-0151.fits
4833/spec-4833-55679-0152.fits
4833/spec-4833-55679-0153.fits
4833/spec-4833-55679-0154.fits
4833/spec-4833-55679-0155.fits
4833/spec-4833-55679-0156.fits
4833/spec-4833-55679-0157.fits
4833/spec-4833-55679-0158.fits
4833/spec-4833-55679-0159.fits
4833/spec-4833-55679-0160.fits
4833/spec-4833-55679-0161.fits
4833/spec-4833-55679-0162.fits
4833/spec-4833-55679-0163.fits
4833/spec-4833-55679-0164.fits
4833/spec-4833-55679-0165.fits
4833/spec-4833-55679-0166.fits
4833/spec-4833-55679-0167.fits
4833/spec-4833-55679-0168.fits
4833/spec-4833-55679-0169.fits
4833/spec-4833-55679-0170.fits
4833/spec-4833-55679-0171.fits
4833/spec-4833-55679-0172.fits
4833/spec-4833-55679-0173.fits
4833/spec-4833-55679-0174.fits
4833/spec-4833-55679-0175.fits
4833/spec-4833-55679-0176.fits
4833/spec-4833-55679-0177.fits
4833/spec-4833-55679-0178.fits
4833/spec-4833-55679-0179.fits
4833/spec-4833-55679-0180.fits
4833/spec-4833-55679-0181.fits
4833/spec-4833-55679-0182.fits
4833/spec-4833-55679-0183.fits
4833/spec-4833-55679-0184.fits
4833/spec-4833-55679-0185.fits
4833/spec-4833-55679-0186.fits
4833/spec-4833-55679-0187.fits
4833/spec-4833-55679-0188.fits
4833/spec-4833-55679-0189.fits
4833/spec-4833-55679-0190.fits
4833/spec-4833-55679-0191.fits
4833/spec-4833-55679-0192.fits
4833/spec-4833-55679-0193.fits
4833/spec-4833-55679-0194.fits
4833/spec-4833-55679-0195.fits
4833/spec-4833-55679-0196.fits
4833/spec-4833-55679-0197.fits
4833/spec-4833-55679-0198.fits
4833/spec-4833-55679-0199.fits
4833/spec-4833-55679-0200.fits
4833/spec-4833-55679-0201.fits
4833/spec-4833-55679-0202.fits
4833/spec-4833-55679-0203.fits
4833/spec-4833-55679-0204.fits
4833/spec-4833-55679-0205.fits
4833/spec-4833-55679-0206.fits
4833/spec-4833-55679-0207.fits
4833/spec-4833-55679-0208.fits
4833/spec-4833-55679-0209.fits
4833/spec-4833-55679-0210.fits
4833/spec-4833-55679-0211.fits
4833/spec-4833-55679-0212.fits
4833/spec-4833-55679-0213.fits
4833/spec-4833-55679-0214.fits
4833/spec-4833-55679-0215.fits
4833/spec-4833-55679-0216.fits
4833/spec-4833-55679-0217.fits
4833/spec-4833-55679-0218.fits
4833/spec-4833-55679-0219.fits
4833/spec-4833-55679-0220.fits
4833/spec-4833-55679-0221.fits
4833/spec-4833-55679-0222.fits
4833/spec-4833-55679-0223.fits
4833/spec-4833-55679-0224.fits
4833/spec-4833-55679-0225.fits
4833/spec-4833-55679-0226.fits
4833/spec-4833-55679-0227.fits
4833/spec-4833-55679-0228.fits
4833/spec-4833-55679-0229.fits
4833/spec-4833-55679-0230.fits
4833/spec-4833-55679-0231.fits
4833/spec-4833-55679-0232.fits
4833/spec-4833-55679-0233.fits
4833/spec-4833-55679-0234.fits
4833/spec-4833-55679-0235.fits
4833/spec-4833-55679-0236.fits
4833/spec-4833-55679-0237.fits
4833/spec-4833-55679-0238.fits
4833/spec-4833-55679-0239.fits
4833/spec-4833-55679-0240.fits
4833/spec-4833-55679-0241.fits
4833/spec-4833-55679-0242.fits
4833/spec-4833-55679-0243.fits
4833/spec-4833-55679-0244.fits
4833/spec-4833-55679-0245.fits
4833/spec-4833-55679-0246.fits
4833/spec-4833-55679-0247.fits
4833/spec-4833-55679-0248.fits
4833/spec-4833-55679-0249.fits
4833/spec-4833-55679-0250.fits
4833/spec-4833-55679-0251.fits
4833/spec-4833-55679-0252.fits
4833/spec-4833-55679-0253.fits
4833/spec-4833-55679-0254.fits
4833/spec-4833-55679-0255.fits
4833/spec-4833-55679-0256.fits
4833/spec-4833-55679-0257.fits
4833/spec-4833-55679-0258.fits
4833/spec-4833-55679-0259.fits
4833/spec-4833-55679-0260.fits
4833/spec-4833-55679-0261.fits
4833/spec-4833-55679-0262.fits
4833/spec-4833-55679-0263.fits
4833/spec-4833-55679-0264.fits
4833/spec-4833-55679-0265.fits
4833/spec-4833-55679-0266.fits
4833/spec-4833-55679-0267.fits
4833/spec-4833-55679-0268.fits
4833/spec-4833-55679-0269.fits
4833/spec-4833-55679-0270.fits
4833/spec-4833-55679-0271.fits
4833/spec-4833-55679-0272.fits
4833/spec-4833-55679-0273.fits
4833/spec-4833-55679-0274.fits
4833/spec-4833-55679-0275.fits
4833/spec-4833-55679-0276.fits
4833/spec-4833-55679-0277.fits
4833/spec-4833-55679-0278.fits
4833/spec-4833-55679-0279.fits
4833/spec-4833-55679-0280.fits
4833/spec-4833-55679-0281.fits
4833/spec-4833-55679-0282.fits
4833/spec-4833-55679-0283.fits
4833/spec-4833-55679-0284.fits
4833/spec-4833-55679-0285.fits
4833/spec-4833-55679-0286.fits
4833/spec-4833-55679-0287.fits
4833/spec-4833-55679-0288.fits
4833/spec-4833-55679-0289.fits
4833/spec-4833-55679-0290.fits
4833/spec-4833-55679-0291.fits
4833/spec-4833-55679-0292.fits
4833/spec-4833-55679-0293.fits
4833/spec-4833-55679-0294.fits
4833/spec-4833-55679-0295.fits
4833/spec-4833-55679-0296.fits
4833/spec-4833-55679-0297.fits
4833/spec-4833-55679-0298.fits
4833/spec-4833-55679-0299.fits
4833/spec-4833-55679-0300.fits
4833/spec-4833-55679-0301.fits
4833/spec-4833-55679-0302.fits
4833/spec-4833-55679-0303.fits
4833/spec-4833-55679-0304.fits
4833/spec-4833-55679-0305.fits
4833/spec-4833-55679-0306.fits
4833/spec-4833-55679-0307.fits
4833/spec-4833-55679-0308.fits
4833/spec-4833-55679-0309.fits
4833/spec-4833-55679-0310.fits
4833/spec-4833-55679-0311.fits
4833/spec-4833-55679-0312.fits
4833/spec-4833-55679-0313.fits
4833/spec-4833-55679-0314.fits
4833/spec-4833-55679-0315.fits
4833/spec-4833-55679-0316.fits
4833/spec-4833-55679-0317.fits
4833/spec-4833-55679-0318.fits
4833/spec-4833-55679-0319.fits
4833/spec-4833-55679-0320.fits
4833/spec-4833-55679-0321.fits
4833/spec-4833-55679-0322.fits
4833/spec-4833-55679-0323.fits
4833/spec-4833-55679-0324.fits
4833/spec-4833-55679-0325.fits
4833/spec-4833-55679-0326.fits
4833/spec-4833-55679-0327.fits
4833/spec-4833-55679-0328.fits
4833/spec-4833-55679-0329.fits
4833/spec-4833-55679-0330.fits
4833/spec-4833-55679-0331.fits
4833/spec-4833-55679-0332.fits
4833/spec-4833-55679-0333.fits
4833/spec-4833-55679-0334.fits
4833/spec-4833-55679-0335.fits
4833/spec-4833-55679-0336.fits
4833/spec-4833-55679-0337.fits
4833/spec-4833-55679-0338.fits
4833/spec-4833-55679-0339.fits
4833/spec-4833-55679-0340.fits
4833/spec-4833-55679-0341.fits
4833/spec-4833-55679-0342.fits
4833/spec-4833-55679-0343.fits
4833/spec-4833-55679-0344.fits
4833/spec-4833-55679-0345.fits
4833/spec-4833-55679-0346.fits
4833/spec-4833-55679-0347.fits
4833/spec-4833-55679-0348.fits
4833/spec-4833-55679-0349.fits
4833/spec-4833-55679-0350.fits
4833/spec-4833-55679-0351.fits
4833/spec-4833-55679-0352.fits
4833/spec-4833-55679-0353.fits
4833/spec-4833-55679-0354.fits
4833/spec-4833-55679-0355.fits
4833/spec-4833-55679-0356.fits
4833/spec-4833-55679-0357.fits
4833/spec-4833-55679-0358.fits
4833/spec-4833-55679-0359.fits
4833/spec-4833-55679-0360.fits
4833/spec-4833-55679-0361.fits
4833/spec-4833-55679-0362.fits
4833/spec-4833-55679-0363.fits
4833/spec-4833-55679-0364.fits
4833/spec-4833-55679-0365.fits
4833/spec-4833-55679-0366.fits
4833/spec-4833-55679-0367.fits
4833/spec-4833-55679-0368.fits
4833/spec-4833-55679-0369.fits
4833/spec-4833-55679-0370.fits
4833/spec-4833-55679-0371.fits
4833/spec-4833-55679-0372.fits
4833/spec-4833-55679-0373.fits
4833/spec-4833-55679-0374.fits
4833/spec-4833-55679-0375.fits
4833/spec-4833-55679-0376.fits
4833/spec-4833-55679-0377.fits
4833/spec-4833-55679-0378.fits
4833/spec-4833-55679-0379.fits
4833/spec-4833-55679-0380.fits
4833/spec-4833-55679-0381.fits
4833/spec-4833-55679-0382.fits
4833/spec-4833-55679-0383.fits
4833/spec-4833-55679-0384.fits
4833/spec-4833-55679-0385.fits
4833/spec-4833-55679-0386.fits
4833/spec-4833-55679-0387.fits
4833/spec-4833-55679-0388.fits
4833/spec-4833-55679-0389.fits
4833/spec-4833-55679-0390.fits
4833/spec-4833-55679-0391.fits
4833/spec-4833-55679-0392.fits
4833/spec-4833-55679-0393.fits
4833/spec-4833-55679-0394.fits
4833/spec-4833-55679-0395.fits
4833/spec-4833-55679-0396.fits
4833/spec-4833-55679-0397.fits
4833/spec-4833-55679-0398.fits
4833/spec-4833-55679-0399.fits
4833/spec-4833-55679-0400.fits
4833/spec-4833-55679-0401.fits
4833/spec-4833-55679-0402.fits
4833/spec-4833-55679-0403.fits
4833/spec-4833-55679-0404.fits
4833/spec-4833-55679-0405.fits
4833/spec-4833-55679-0406.fits
4833/spec-4833-55679-0407.fits
4833/spec-4833-55679-0408.fits
4833/spec-4833-55679-0409.fits
4833/spec-4833-55679-0410.fits
4833/spec-4833-55679-0411.fits
4833/spec-4833-55679-0412.fits
4833/spec-4833-55679-0413.fits
4833/spec-4833-55679-0414.fits
4833/spec-4833-55679-0415.fits
4833/spec-4833-55679-0416.fits
4833/spec-4833-55679-0417.fits
4833/spec-4833-55679-0418.fits
4833/spec-4833-55679-0419.fits
4833/spec-4833-55679-0420.fits
4833/spec-4833-55679-0421.fits
4833/spec-4833-55679-0422.fits
4833/spec-4833-55679-0423.fits
4833/spec-4833-55679-0424.fits
4833/spec-4833-55679-0425.fits
4833/spec-4833-55679-0426.fits
4833/spec-4833-55679-0427.fits
4833/spec-4833-55679-0428.fits
4833/spec-4833-55679-0429.fits
4833/spec-4833-55679-0430.fits
4833/spec-4833-55679-0431.fits
4833/spec-4833-55679-0432.fits
4833/spec-4833-55679-0433.fits
4833/spec-4833-55679-0434.fits
4833/spec-4833-55679-0435.fits
4833/spec-4833-55679-0436.fits
4833/spec-4833-55679-0437.fits
4833/spec-4833-55679-0438.fits
4833/spec-4833-55679-0439.fits
4833/spec-4833-55679-0440.fits
4833/spec-4833-55679-0441.fits
4833/spec-4833-55679-0442.fits
4833/spec-4833-55679-0443.fits
4833/spec-4833-55679-0444.fits
4833/spec-4833-55679-0445.fits
4833/spec-4833-55679-0446.fits
4833/spec-4833-55679-0447.fits
4833/spec-4833-55679-0448.fits
4833/spec-4833-55679-0449.fits
4833/spec-4833-55679-0450.fits
4833/spec-4833-55679-0451.fits
4833/spec-4833-55679-0452.fits
4833/spec-4833-55679-0453.fits
4833/spec-4833-55679-0454.fits
4833/spec-4833-55679-0455.fits
4833/spec-4833-55679-0456.fits
4833/spec-4833-55679-0457.fits
4833/spec-4833-55679-0458.fits
4833/spec-4833-55679-0459.fits
4833/spec-4833-55679-0460.fits
4833/spec-4833-55679-0461.fits
4833/spec-4833-55679-0462.fits
4833/spec-4833-55679-0463.fits
4833/spec-4833-55679-0464.fits
4833/spec-4833-55679-0465.fits
4833/spec-4833-55679-0466.fits
4833/spec-4833-55679-0467.fits
4833/spec-4833-55679-0468.fits
4833/spec-4833-55679-0469.fits
4833/spec-4833-55679-0470.fits
4833/spec-4833-55679-0471.fits
4833/spec-4833-55679-0472.fits
4833/spec-4833-55679-0473.fits
4833/spec-4833-55679-0474.fits
4833/spec-4833-55679-0475.fits
4833/spec-4833-55679-0476.fits
4833/spec-4833-55679-0477.fits
4833/spec-4833-55679-0478.fits
4833/spec-4833-55679-0479.fits
4833/spec-4833-55679-0480.fits
4833/spec-4833-55679-0481.fits
4833/spec-4833-55679-0482.fits
4833/spec-4833-55679-0483.fits
4833/spec-4833-55679-0484.fits
4833/spec-4833-55679-0485.fits
4833/spec-4833-55679-0486.fits
4833/spec-4833-55679-0487.fits
4833/spec-4833-55679-0488.fits
4833/spec-4833-55679-0489.fits
4833/spec-4833-55679-0490.fits
4833/spec-4833-55679-0491.fits
4833/spec-4833-55679-0492.fits
4833/spec-4833-55679-0493.fits
4833/spec-4833-55679-0494.fits
4833/spec-4833-55679-0495.fits
4833/spec-4833-55679-0496.fits
4833/spec-4833-55679-0497.fits
4833/spec-4833-55679-0498.fits
4833/spec-4833-55679-0499.fits
4833/spec-4833-55679-0500.fits
4833/spec-4833-55679-0501.fits
4833/spec-4833-55679-0502.fits
4833/spec-4833-55679-0503.fits
4833/spec-4833-55679-0504.fits
4833/spec-4833-55679-0505.fits
4833/spec-4833-55679-0506.fits
4833/spec-4833-55679-0507.fits
4833/spec-4833-55679-0508.fits
4833/spec-4833-55679-0509.fits
4833/spec-4833-55679-0510.fits
4833/spec-4833-55679-0511.fits
4833/spec-4833-55679-0512.fits
4833/spec-4833-55679-0513.fits
4833/spec-4833-55679-0514.fits
4833/spec-4833-55679-0515.fits
4833/spec-4833-55679-0516.fits
4833/spec-4833-55679-0517.fits
4833/spec-4833-55679-0518.fits
4833/spec-4833-55679-0519.fits
4833/spec-4833-55679-0520.fits
4833/spec-4833-55679-0521.fits
4833/spec-4833-55679-0522.fits
4833/spec-4833-55679-0523.fits
4833/spec-4833-55679-0524.fits
4833/spec-4833-55679-0525.fits
4833/spec-4833-55679-0526.fits
4833/spec-4833-55679-0527.fits
4833/spec-4833-55679-0528.fits
4833/spec-4833-55679-0529.fits
4833/spec-4833-55679-0530.fits
4833/spec-4833-55679-0531.fits
4833/spec-4833-55679-0532.fits
4833/spec-4833-55679-0533.fits
4833/spec-4833-55679-0534.fits
4833/spec-4833-55679-0535.fits
4833/spec-4833-55679-0536.fits
4833/spec-4833-55679-0537.fits
4833/spec-4833-55679-0538.fits
4833/spec-4833-55679-0539.fits
4833/spec-4833-55679-0540.fits
4833/spec-4833-55679-0541.fits
4833/spec-4833-55679-0542.fits
4833/spec-4833-55679-0543.fits
4833/spec-4833-55679-0544.fits
4833/spec-4833-55679-0545.fits
4833/spec-4833-55679-0546.fits
4833/spec-4833-55679-0547.fits
4833/spec-4833-55679-0548.fits
4833/spec-4833-55679-0549.fits
4833/spec-4833-55679-0550.fits
4833/spec-4833-55679-0551.fits
4833/spec-4833-55679-0552.fits
4833/spec-4833-55679-0553.fits
4833/spec-4833-55679-0554.fits
4833/spec-4833-55679-0555.fits
4833/spec-4833-55679-0556.fits
4833/spec-4833-55679-0557.fits
4833/spec-4833-55679-0558.fits
4833/spec-4833-55679-0559.fits
4833/spec-4833-55679-0560.fits
4833/spec-4833-55679-0561.fits
4833/spec-4833-55679-0562.fits
4833/spec-4833-55679-0563.fits
4833/spec-4833-55679-0564.fits
4833/spec-4833-55679-0565.fits
4833/spec-4833-55679-0566.fits
4833/spec-4833-55679-0567.fits
4833/spec-4833-55679-0568.fits
4833/spec-4833-55679-0569.fits
4833/spec-4833-55679-0570.fits
4833/spec-4833-55679-0571.fits
4833/spec-4833-55679-0572.fits
4833/spec-4833-55679-0573.fits
4833/spec-4833-55679-0574.fits
4833/spec-4833-55679-0575.fits
4833/spec-4833-55679-0576.fits
4833/spec-4833-55679-0577.fits
4833/spec-4833-55679-0578.fits
4833/spec-4833-55679-0579.fits
4833/spec-4833-55679-0580.fits
4833/spec-4833-55679-0581.fits
4833/spec-4833-55679-0582.fits
4833/spec-4833-55679-0583.fits
4833/spec-4833-55679-0584.fits
4833/spec-4833-55679-0585.fits
4833/spec-4833-55679-0586.fits
4833/spec-4833-55679-0587.fits
4833/spec-4833-55679-0588.fits
4833/spec-4833-55679-0589.fits
4833/spec-4833-55679-0590.fits
4833/spec-4833-55679-0591.fits
4833/spec-4833-55679-0592.fits
4833/spec-4833-55679-0593.fits
4833/spec-4833-55679-0594.fits
4833/spec-4833-55679-0595.fits
4833/spec-4833-55679-0596.fits
4833/spec-4833-55679-0597.fits
4833/spec-4833-55679-0598.fits
4833/spec-4833-55679-0599.fits
4833/spec-4833-55679-0600.fits
4833/spec-4833-55679-0601.fits
4833/spec-4833-55679-0602.fits
4833/spec-4833-55679-0603.fits
4833/spec-4833-55679-0604.fits
4833/spec-4833-55679-0605.fits
4833/spec-4833-55679-0606.fits
4833/spec-4833-55679-0607.fits
4833/spec-4833-55679-0608.fits
4833/spec-4833-55679-0609.fits
4833/spec-4833-55679-0610.fits
4833/spec-4833-55679-0611.fits
4833/spec-4833-55679-0612.fits
4833/spec-4833-55679-0613.fits
4833/spec-4833-55679-0614.fits
4833/spec-4833-55679-0615.fits
4833/spec-4833-55679-0616.fits
4833/spec-4833-55679-0617.fits
4833/spec-4833-55679-0618.fits
4833/spec-4833-55679-0619.fits
4833/spec-4833-55679-0620.fits
4833/spec-4833-55679-0621.fits
4833/spec-4833-55679-0622.fits
4833/spec-4833-55679-0623.fits
4833/spec-4833-55679-0624.fits
4833/spec-4833-55679-0625.fits
4833/spec-4833-55679-0626.fits
4833/spec-4833-55679-0627.fits
4833/spec-4833-55679-0628.fits
4833/spec-4833-55679-0629.fits
4833/spec-4833-55679-0630.fits
4833/spec-4833-55679-0631.fits
4833/spec-4833-55679-0632.fits
4833/spec-4833-55679-0633.fits
4833/spec-4833-55679-0634.fits
4833/spec-4833-55679-0635.fits
4833/spec-4833-55679-0636.fits
4833/spec-4833-55679-0637.fits
4833/spec-4833-55679-0638.fits
4833/spec-4833-55679-0639.fits
4833/spec-4833-55679-0640.fits
4833/spec-4833-55679-0641.fits
4833/spec-4833-55679-0642.fits
4833/spec-4833-55679-0643.fits
4833/spec-4833-55679-0644.fits
4833/spec-4833-55679-0645.fits
4833/spec-4833-55679-0646.fits
4833/spec-4833-55679-0647.fits
4833/spec-4833-55679-0648.fits
4833/spec-4833-55679-0649.fits
4833/spec-4833-55679-0650.fits
4833/spec-4833-55679-0651.fits
4833/spec-4833-55679-0652.fits
4833/spec-4833-55679-0653.fits
4833/spec-4833-55679-0654.fits
4833/spec-4833-55679-0655.fits
4833/spec-4833-55679-0656.fits
4833/spec-4833-55679-0657.fits
4833/spec-4833-55679-0658.fits
4833/spec-4833-55679-0659.fits
4833/spec-4833-55679-0660.fits
4833/spec-4833-55679-0661.fits
4833/spec-4833-55679-0662.fits
4833/spec-4833-55679-0663.fits
4833/spec-4833-55679-0664.fits
4833/spec-4833-55679-0665.fits
4833/spec-4833-55679-0666.fits
4833/spec-4833-55679-0667.fits
4833/spec-4833-55679-0668.fits
4833/spec-4833-55679-0669.fits
4833/spec-4833-55679-0670.fits
4833/spec-4833-55679-0671.fits
4833/spec-4833-55679-0672.fits
4833/spec-4833-55679-0673.fits
4833/spec-4833-55679-0674.fits
4833/spec-4833-55679-0675.fits
4833/spec-4833-55679-0676.fits
4833/spec-4833-55679-0677.fits
4833/spec-4833-55679-0678.fits
4833/spec-4833-55679-0679.fits
4833/spec-4833-55679-0680.fits
4833/spec-4833-55679-0681.fits
4833/spec-4833-55679-0682.fits
4833/spec-4833-55679-0683.fits
4833/spec-4833-55679-0684.fits
4833/spec-4833-55679-0685.fits
4833/spec-4833-55679-0686.fits
4833/spec-4833-55679-0687.fits
4833/spec-4833-55679-0688.fits
4833/spec-4833-55679-0689.fits
4833/spec-4833-55679-0690.fits
4833/spec-4833-55679-0691.fits
4833/spec-4833-55679-0692.fits
4833/spec-4833-55679-0693.fits
4833/spec-4833-55679-0694.fits
4833/spec-4833-55679-0695.fits
4833/spec-4833-55679-0696.fits
4833/spec-4833-55679-0697.fits
4833/spec-4833-55679-0698.fits
4833/spec-4833-55679-0699.fits
4833/spec-4833-55679-0700.fits
4833/spec-4833-55679-0701.fits
4833/spec-4833-55679-0702.fits
4833/spec-4833-55679-0703.fits
4833/spec-4833-55679-0704.fits
4833/spec-4833-55679-0705.fits
4833/spec-4833-55679-0706.fits
4833/spec-4833-55679-0707.fits
4833/spec-4833-55679-0708.fits
4833/spec-4833-55679-0709.fits
4833/spec-4833-55679-0710.fits
4833/spec-4833-55679-0711.fits
4833/spec-4833-55679-0712.fits
4833/spec-4833-55679-0713.fits
4833/spec-4833-55679-0714.fits
4833/spec-4833-55679-0715.fits
4833/spec-4833-55679-0716.fits
4833/spec-4833-55679-0717.fits
4833/spec-4833-55679-0718.fits
4833/spec-4833-55679-0719.fits
4833/spec-4833-55679-0720.fits
4833/spec-4833-55679-0721.fits
4833/spec-4833-55679-0722.fits
4833/spec-4833-55679-0723.fits
4833/spec-4833-55679-0724.fits
4833/spec-4833-55679-0725.fits
4833/spec-4833-55679-0726.fits
4833/spec-4833-55679-0727.fits
4833/spec-4833-55679-0728.fits
4833/spec-4833-55679-0729.fits
4833/spec-4833-55679-0730.fits
4833/spec-4833-55679-0731.fits
4833/spec-4833-55679-0732.fits
4833/spec-4833-55679-0733.fits
4833/spec-4833-55679-0734.fits
4833/spec-4833-55679-0735.fits
4833/spec-4833-55679-0736.fits
4833/spec-4833-55679-0737.fits
4833/spec-4833-55679-0738.fits
4833/spec-4833-55679-0739.fits
4833/spec-4833-55679-0740.fits
4833/spec-4833-55679-0741.fits
4833/spec-4833-55679-0742.fits
4833/spec-4833-55679-0743.fits
4833/spec-4833-55679-0744.fits
4833/spec-4833-55679-0745.fits
4833/spec-4833-55679-0746.fits
4833/spec-4833-55679-0747.fits
4833/spec-4833-55679-0748.fits
4833/spec-4833-55679-0749.fits
4833/spec-4833-55679-0750.fits
4833/spec-4833-55679-0751.fits
4833/spec-4833-55679-0752.fits
4833/spec-4833-55679-0753.fits
4833/spec-4833-55679-0754.fits
4833/spec-4833-55679-0755.fits
4833/spec-4833-55679-0756.fits
4833/spec-4833-55679-0757.fits
4833/spec-4833-55679-0758.fits
4833/spec-4833-55679-0759.fits
4833/spec-4833-55679-0760.fits
4833/spec-4833-55679-0761.fits
4833/spec-4833-55679-0762.fits
4833/spec-4833-55679-0763.fits
4833/spec-4833-55679-0764.fits
4833/spec-4833-55679-0765.fits
4833/spec-4833-55679-0766.fits
4833/spec-4833-55679-0767.fits
4833/spec-4833-55679-0768.fits
4833/spec-4833-55679-0769.fits
4833/spec-4833-55679-0770.fits
4833/spec-4833-55679-0771.fits
4833/spec-4833-55679-0772.fits
4833/spec-4833-55679-0773.fits
4833/spec-4833-55679-0774.fits
4833/spec-4833-55679-0775.fits
4833/spec-4833-55679-0776.fits
4833/spec-4833-55679-0777.fits
4833/spec-4833-55679-0778.fits
4833/spec-4833-55679-0779.fits
4833/spec-4833-55679-0780.fits
4833/spec-4833-55679-0781.fits
4833/spec-4833-55679-0782.fits
4833/spec-4833-55679-0783.fits
4833/spec-4833-55679-0784.fits
4833/spec-4833-55679-0785.fits
4833/spec-4833-55679-0786.fits
4833/spec-4833-55679-0787.fits
4833/spec-4833-55679-0788.fits
4833/spec-4833-55679-0789.fits
4833/spec-4833-55679-0790.fits
4833/spec-4833-55679-0791.fits
4833/spec-4833-55679-0792.fits
4833/spec-4833-55679-0793.fits
4833/spec-4833-55679-0794.fits
4833/spec-4833-55679-0795.fits
4833/spec-4833-55679-0796.fits
4833/spec-4833-55679-0797.fits
4833/spec-4833-55679-0798.fits
4833/spec-4833-55679-0799.fits
4833/spec-4833-55679-0800.fits
4833/spec-4833-55679-0801.fits
4833/spec-4833-55679-0802.fits
4833/spec-4833-55679-0803.fits
4833/spec-4833-55679-0804.fits
4833/spec-4833-55679-0805.fits
4833/spec-4833-55679-0806.fits
4833/spec-4833-55679-0807.fits
4833/spec-4833-55679-0808.fits
4833/spec-4833-55679-0809.fits
4833/spec-4833-55679-0810.fits
4833/spec-4833-55679-0811.fits
4833/spec-4833-55679-0812.fits
4833/spec-4833-55679-0813.fits
4833/spec-4833-55679-0814.fits
4833/spec-4833-55679-0815.fits
4833/spec-4833-55679-0816.fits
4833/spec-4833-55679-0817.fits
4833/spec-4833-55679-0818.fits
4833/spec-4833-55679-0819.fits
4833/spec-4833-55679-0820.fits
4833/spec-4833-55679-0821.fits
4833/spec-4833-55679-0822.fits
4833/spec-4833-55679-0823.fits
4833/spec-4833-55679-0824.fits
4833/spec-4833-55679-0825.fits
4833/spec-4833-55679-0826.fits
4833/spec-4833-55679-0827.fits
4833/spec-4833-55679-0828.fits
4833/spec-4833-55679-0829.fits
4833/spec-4833-55679-0830.fits
4833/spec-4833-55679-0831.fits
4833/spec-4833-55679-0832.fits
4833/spec-4833-55679-0833.fits
4833/spec-4833-55679-0834.fits
4833/spec-4833-55679-0835.fits
4833/spec-4833-55679-0836.fits
4833/spec-4833-55679-0837.fits
4833/spec-4833-55679-0838.fits
4833/spec-4833-55679-0839.fits
4833/spec-4833-55679-0840.fits
4833/spec-4833-55679-0841.fits
4833/spec-4833-55679-0842.fits
4833/spec-4833-55679-0843.fits
4833/spec-4833-55679-0844.fits
4833/spec-4833-55679-0845.fits
4833/spec-4833-55679-0846.fits
4833/spec-4833-55679-0847.fits
4833/spec-4833-55679-0848.fits
4833/spec-4833-55679-0849.fits
4833/spec-4833-55679-0850.fits
4833/spec-4833-55679-0851.fits
4833/spec-4833-55679-0852.fits
4833/spec-4833-55679-0853.fits
4833/spec-4833-55679-0854.fits
4833/spec-4833-55679-0855.fits
4833/spec-4833-55679-0856.fits
4833/spec-4833-55679-0857.fits
4833/spec-4833-55679-0858.fits
4833/spec-4833-55679-0859.fits
4833/spec-4833-55679-0860.fits
4833/spec-4833-55679-0861.fits
4833/spec-4833-55679-0862.fits
4833/spec-4833-55679-0863.fits
4833/spec-4833-55679-0864.fits
4833/spec-4833-55679-0865.fits
4833/spec-4833-55679-0866.fits
4833/spec-4833-55679-0867.fits
4833/spec-4833-55679-0868.fits
4833/spec-4833-55679-0869.fits
4833/spec-4833-55679-0870.fits
4833/spec-4833-55679-0871.fits
4833/spec-4833-55679-0872.fits
4833/spec-4833-55679-0873.fits
4833/spec-4833-55679-0874.fits
4833/spec-4833-55679-0875.fits
4833/spec-4833-55679-0876.fits
4833/spec-4833-55679-0877.fits
4833/spec-4833-55679-0878.fits
4833/spec-4833-55679-0879.fits
4833/spec-4833-55679-0880.fits
4833/spec-4833-55679-0881.fits
4833/spec-4833-55679-0882.fits
4833/spec-4833-55679-0883.fits
4833/spec-4833-55679-0884.fits
4833/spec-4833-55679-0885.fits
4833/spec-4833-55679-0886.fits
4833/spec-4833-55679-0887.fits
4833/spec-4833-55679-0888.fits
4833/spec-4833-55679-0889.fits
4833/spec-4833-55679-0890.fits
4833/spec-4833-55679-0891.fits
4833/spec-4833-55679-0892.fits
4833/spec-4833-55679-0893.fits
4833/spec-4833-55679-0894.fits
4833/spec-4833-55679-0895.fits
4833/spec-4833-55679-0896.fits
4833/spec-4833-55679-0897.fits
4833/spec-4833-55679-0898.fits
4833/spec-4833-55679-0899.fits
4833/spec-4833-55679-0900.fits
4833/spec-4833-55679-0901.fits
4833/spec-4833-55679-0902.fits
4833/spec-4833-55679-0903.fits
4833/spec-4833-55679-0904.fits
4833/spec-4833-55679-0905.fits
4833/spec-4833-55679-0906.fits
4833/spec-4833-55679-0907.fits
4833/spec-4833-55679-0908.fits
4833/spec-4833-55679-0909.fits
4833/spec-4833-55679-0910.fits
4833/spec-4833-55679-0911.fits
4833/spec-4833-55679-0912.fits
4833/spec-4833-55679-0913.fits
4833/spec-4833-55679-0914.fits
4833/spec-4833-55679-0915.fits
4833/spec-4833-55679-0916.fits
4833/spec-4833-55679-0917.fits
4833/spec-4833-55679-0918.fits
4833/spec-4833-55679-0919.fits
4833/spec-4833-55679-0920.fits
4833/spec-4833-55679-0921.fits
4833/spec-4833-55679-0922.fits
4833/spec-4833-55679-0923.fits
4833/spec-4833-55679-0924.fits
4833/spec-4833-55679-0925.fits
4833/spec-4833-55679-0926.fits
4833/spec-4833-55679-0927.fits
4833/spec-4833-55679-0928.fits
4833/spec-4833-55679-0929.fits
4833/spec-4833-55679-0930.fits
4833/spec-4833-55679-0931.fits
4833/spec-4833-55679-0932.fits
4833/spec-4833-55679-0933.fits
4833/spec-4833-55679-0934.fits
4833/spec-4833-55679-0935.fits
4833/spec-4833-55679-0936.fits
4833/spec-4833-55679-0937.fits
4833/spec-4833-55679-0938.fits
4833/spec-4833-55679-0939.fits
4833/spec-4833-55679-0940.fits
4833/spec-4833-55679-0941.fits
4833/spec-4833-55679-0942.fits
4833/spec-4833-55679-0943.fits
4833/spec-4833-55679-0944.fits
4833/spec-4833-55679-0945.fits
4833/spec-4833-55679-0946.fits
4833/spec-4833-55679-0947.fits
4833/spec-4833-55679-0948.fits
4833/spec-4833-55679-0949.fits
4833/spec-4833-55679-0950.fits
4833/spec-4833-55679-0951.fits
4833/spec-4833-55679-0952.fits
4833/spec-4833-55679-0953.fits
4833/spec-4833-55679-0954.fits
4833/spec-4833-55679-0955.fits
4833/spec-4833-55679-0956.fits
4833/spec-4833-55679-0957.fits
4833/spec-4833-55679-0958.fits
4833/spec-4833-55679-0959.fits
4833/spec-4833-55679-0960.fits
4833/spec-4833-55679-0961.fits
4833/spec-4833-55679-0962.fits
4833/spec-4833-55679-0963.fits
4833/spec-4833-55679-0964.fits
4833/spec-4833-55679-0965.fits
4833/spec-4833-55679-0966.fits
4833/spec-4833-55679-0967.fits
4833/spec-4833-55679-0968.fits
4833/spec-4833-55679-0969.fits
4833/spec-4833-55679-0970.fits
4833/spec-4833-55679-0971.fits
4833/spec-4833-55679-0972.fits
4833/spec-4833-55679-0973.fits
4833/spec-4833-55679-0974.fits
4833/spec-4833-55679-0975.fits
4833/spec-4833-55679-0976.fits
4833/spec-4833-55679-0977.fits
4833/spec-4833-55679-0978.fits
4833/spec-4833-55679-0979.fits
4833/spec-4833-55679-0980.fits
4833/spec-4833-55679-0981.fits
4833/spec-4833-55679-0982.fits
4833/spec-4833-55679-0983.fits
4833/spec-4833-55679-0984.fits
4833/spec-4833-55679-0985.fits
4833/spec-4833-55679-0986.fits
4833/spec-4833-55679-0987.fits
4833/spec-4833-55679-0988.fits
4833/spec-4833-55679-0989.fits
4833/spec-4833-55679-0990.fits
4833/spec-4833-55679-0991.fits
4833/spec-4833-55679-0992.fits
4833/spec-4833-55679-0993.fits
4833/spec-4833-55679-0994.fits
4833/spec-4833-55679-0995.fits
4833/spec-4833-55679-0996.fits
4833/spec-4833-55679-0997.fits
4833/spec-4833-55679-0998.fits
4833/spec-4833-55679-0999.fits
4833/spec-4833-55679-1000.fits
/var/lib/condor/execute/slot1/dir_10705
4833 4833.tgz R R361.tar.gz _condor_stderr _condor_stdout cB58_Lyman_break.fit condor_exec.exe hw4.R packages packages.tar.gz tmp var
[1] "Loaded package astro."
[1] 1000
4833 4833.csv 4833.tgz R R361.tar.gz _condor_stderr _condor_stdout cB58_Lyman_break.fit condor_exec.exe hw4.R packages packages.tar.gz tmp var
