4889
4889/
4889/spec-4889-55709-0001.fits
4889/spec-4889-55709-0002.fits
4889/spec-4889-55709-0003.fits
4889/spec-4889-55709-0004.fits
4889/spec-4889-55709-0005.fits
4889/spec-4889-55709-0006.fits
4889/spec-4889-55709-0007.fits
4889/spec-4889-55709-0008.fits
4889/spec-4889-55709-0009.fits
4889/spec-4889-55709-0010.fits
4889/spec-4889-55709-0011.fits
4889/spec-4889-55709-0012.fits
4889/spec-4889-55709-0013.fits
4889/spec-4889-55709-0014.fits
4889/spec-4889-55709-0015.fits
4889/spec-4889-55709-0016.fits
4889/spec-4889-55709-0017.fits
4889/spec-4889-55709-0018.fits
4889/spec-4889-55709-0019.fits
4889/spec-4889-55709-0020.fits
4889/spec-4889-55709-0021.fits
4889/spec-4889-55709-0022.fits
4889/spec-4889-55709-0023.fits
4889/spec-4889-55709-0024.fits
4889/spec-4889-55709-0025.fits
4889/spec-4889-55709-0026.fits
4889/spec-4889-55709-0027.fits
4889/spec-4889-55709-0028.fits
4889/spec-4889-55709-0029.fits
4889/spec-4889-55709-0030.fits
4889/spec-4889-55709-0031.fits
4889/spec-4889-55709-0032.fits
4889/spec-4889-55709-0033.fits
4889/spec-4889-55709-0034.fits
4889/spec-4889-55709-0035.fits
4889/spec-4889-55709-0036.fits
4889/spec-4889-55709-0037.fits
4889/spec-4889-55709-0038.fits
4889/spec-4889-55709-0039.fits
4889/spec-4889-55709-0040.fits
4889/spec-4889-55709-0041.fits
4889/spec-4889-55709-0042.fits
4889/spec-4889-55709-0043.fits
4889/spec-4889-55709-0044.fits
4889/spec-4889-55709-0045.fits
4889/spec-4889-55709-0046.fits
4889/spec-4889-55709-0047.fits
4889/spec-4889-55709-0048.fits
4889/spec-4889-55709-0049.fits
4889/spec-4889-55709-0050.fits
4889/spec-4889-55709-0051.fits
4889/spec-4889-55709-0052.fits
4889/spec-4889-55709-0053.fits
4889/spec-4889-55709-0054.fits
4889/spec-4889-55709-0055.fits
4889/spec-4889-55709-0056.fits
4889/spec-4889-55709-0057.fits
4889/spec-4889-55709-0058.fits
4889/spec-4889-55709-0059.fits
4889/spec-4889-55709-0060.fits
4889/spec-4889-55709-0061.fits
4889/spec-4889-55709-0062.fits
4889/spec-4889-55709-0063.fits
4889/spec-4889-55709-0064.fits
4889/spec-4889-55709-0065.fits
4889/spec-4889-55709-0066.fits
4889/spec-4889-55709-0067.fits
4889/spec-4889-55709-0068.fits
4889/spec-4889-55709-0069.fits
4889/spec-4889-55709-0070.fits
4889/spec-4889-55709-0071.fits
4889/spec-4889-55709-0072.fits
4889/spec-4889-55709-0073.fits
4889/spec-4889-55709-0074.fits
4889/spec-4889-55709-0075.fits
4889/spec-4889-55709-0076.fits
4889/spec-4889-55709-0077.fits
4889/spec-4889-55709-0078.fits
4889/spec-4889-55709-0079.fits
4889/spec-4889-55709-0080.fits
4889/spec-4889-55709-0081.fits
4889/spec-4889-55709-0082.fits
4889/spec-4889-55709-0083.fits
4889/spec-4889-55709-0084.fits
4889/spec-4889-55709-0085.fits
4889/spec-4889-55709-0086.fits
4889/spec-4889-55709-0087.fits
4889/spec-4889-55709-0088.fits
4889/spec-4889-55709-0089.fits
4889/spec-4889-55709-0090.fits
4889/spec-4889-55709-0091.fits
4889/spec-4889-55709-0092.fits
4889/spec-4889-55709-0093.fits
4889/spec-4889-55709-0094.fits
4889/spec-4889-55709-0095.fits
4889/spec-4889-55709-0096.fits
4889/spec-4889-55709-0097.fits
4889/spec-4889-55709-0098.fits
4889/spec-4889-55709-0099.fits
4889/spec-4889-55709-0100.fits
4889/spec-4889-55709-0101.fits
4889/spec-4889-55709-0102.fits
4889/spec-4889-55709-0103.fits
4889/spec-4889-55709-0104.fits
4889/spec-4889-55709-0105.fits
4889/spec-4889-55709-0106.fits
4889/spec-4889-55709-0107.fits
4889/spec-4889-55709-0108.fits
4889/spec-4889-55709-0109.fits
4889/spec-4889-55709-0110.fits
4889/spec-4889-55709-0111.fits
4889/spec-4889-55709-0112.fits
4889/spec-4889-55709-0113.fits
4889/spec-4889-55709-0114.fits
4889/spec-4889-55709-0115.fits
4889/spec-4889-55709-0116.fits
4889/spec-4889-55709-0117.fits
4889/spec-4889-55709-0118.fits
4889/spec-4889-55709-0119.fits
4889/spec-4889-55709-0120.fits
4889/spec-4889-55709-0121.fits
4889/spec-4889-55709-0122.fits
4889/spec-4889-55709-0123.fits
4889/spec-4889-55709-0124.fits
4889/spec-4889-55709-0125.fits
4889/spec-4889-55709-0126.fits
4889/spec-4889-55709-0127.fits
4889/spec-4889-55709-0128.fits
4889/spec-4889-55709-0129.fits
4889/spec-4889-55709-0130.fits
4889/spec-4889-55709-0131.fits
4889/spec-4889-55709-0132.fits
4889/spec-4889-55709-0133.fits
4889/spec-4889-55709-0134.fits
4889/spec-4889-55709-0135.fits
4889/spec-4889-55709-0136.fits
4889/spec-4889-55709-0137.fits
4889/spec-4889-55709-0138.fits
4889/spec-4889-55709-0139.fits
4889/spec-4889-55709-0140.fits
4889/spec-4889-55709-0141.fits
4889/spec-4889-55709-0142.fits
4889/spec-4889-55709-0143.fits
4889/spec-4889-55709-0144.fits
4889/spec-4889-55709-0145.fits
4889/spec-4889-55709-0146.fits
4889/spec-4889-55709-0147.fits
4889/spec-4889-55709-0148.fits
4889/spec-4889-55709-0149.fits
4889/spec-4889-55709-0150.fits
4889/spec-4889-55709-0151.fits
4889/spec-4889-55709-0152.fits
4889/spec-4889-55709-0153.fits
4889/spec-4889-55709-0154.fits
4889/spec-4889-55709-0155.fits
4889/spec-4889-55709-0156.fits
4889/spec-4889-55709-0157.fits
4889/spec-4889-55709-0158.fits
4889/spec-4889-55709-0159.fits
4889/spec-4889-55709-0160.fits
4889/spec-4889-55709-0161.fits
4889/spec-4889-55709-0162.fits
4889/spec-4889-55709-0163.fits
4889/spec-4889-55709-0164.fits
4889/spec-4889-55709-0165.fits
4889/spec-4889-55709-0166.fits
4889/spec-4889-55709-0167.fits
4889/spec-4889-55709-0168.fits
4889/spec-4889-55709-0169.fits
4889/spec-4889-55709-0170.fits
4889/spec-4889-55709-0171.fits
4889/spec-4889-55709-0172.fits
4889/spec-4889-55709-0173.fits
4889/spec-4889-55709-0174.fits
4889/spec-4889-55709-0175.fits
4889/spec-4889-55709-0176.fits
4889/spec-4889-55709-0177.fits
4889/spec-4889-55709-0178.fits
4889/spec-4889-55709-0179.fits
4889/spec-4889-55709-0180.fits
4889/spec-4889-55709-0181.fits
4889/spec-4889-55709-0182.fits
4889/spec-4889-55709-0183.fits
4889/spec-4889-55709-0184.fits
4889/spec-4889-55709-0185.fits
4889/spec-4889-55709-0186.fits
4889/spec-4889-55709-0187.fits
4889/spec-4889-55709-0188.fits
4889/spec-4889-55709-0189.fits
4889/spec-4889-55709-0190.fits
4889/spec-4889-55709-0191.fits
4889/spec-4889-55709-0192.fits
4889/spec-4889-55709-0193.fits
4889/spec-4889-55709-0194.fits
4889/spec-4889-55709-0195.fits
4889/spec-4889-55709-0196.fits
4889/spec-4889-55709-0197.fits
4889/spec-4889-55709-0198.fits
4889/spec-4889-55709-0199.fits
4889/spec-4889-55709-0200.fits
4889/spec-4889-55709-0201.fits
4889/spec-4889-55709-0202.fits
4889/spec-4889-55709-0203.fits
4889/spec-4889-55709-0204.fits
4889/spec-4889-55709-0205.fits
4889/spec-4889-55709-0206.fits
4889/spec-4889-55709-0207.fits
4889/spec-4889-55709-0208.fits
4889/spec-4889-55709-0209.fits
4889/spec-4889-55709-0210.fits
4889/spec-4889-55709-0211.fits
4889/spec-4889-55709-0212.fits
4889/spec-4889-55709-0213.fits
4889/spec-4889-55709-0214.fits
4889/spec-4889-55709-0215.fits
4889/spec-4889-55709-0216.fits
4889/spec-4889-55709-0217.fits
4889/spec-4889-55709-0218.fits
4889/spec-4889-55709-0219.fits
4889/spec-4889-55709-0220.fits
4889/spec-4889-55709-0221.fits
4889/spec-4889-55709-0222.fits
4889/spec-4889-55709-0223.fits
4889/spec-4889-55709-0224.fits
4889/spec-4889-55709-0225.fits
4889/spec-4889-55709-0226.fits
4889/spec-4889-55709-0227.fits
4889/spec-4889-55709-0228.fits
4889/spec-4889-55709-0229.fits
4889/spec-4889-55709-0230.fits
4889/spec-4889-55709-0231.fits
4889/spec-4889-55709-0232.fits
4889/spec-4889-55709-0233.fits
4889/spec-4889-55709-0234.fits
4889/spec-4889-55709-0235.fits
4889/spec-4889-55709-0236.fits
4889/spec-4889-55709-0237.fits
4889/spec-4889-55709-0238.fits
4889/spec-4889-55709-0239.fits
4889/spec-4889-55709-0240.fits
4889/spec-4889-55709-0241.fits
4889/spec-4889-55709-0242.fits
4889/spec-4889-55709-0243.fits
4889/spec-4889-55709-0244.fits
4889/spec-4889-55709-0245.fits
4889/spec-4889-55709-0246.fits
4889/spec-4889-55709-0247.fits
4889/spec-4889-55709-0248.fits
4889/spec-4889-55709-0249.fits
4889/spec-4889-55709-0250.fits
4889/spec-4889-55709-0251.fits
4889/spec-4889-55709-0252.fits
4889/spec-4889-55709-0253.fits
4889/spec-4889-55709-0254.fits
4889/spec-4889-55709-0255.fits
4889/spec-4889-55709-0256.fits
4889/spec-4889-55709-0257.fits
4889/spec-4889-55709-0258.fits
4889/spec-4889-55709-0259.fits
4889/spec-4889-55709-0260.fits
4889/spec-4889-55709-0261.fits
4889/spec-4889-55709-0262.fits
4889/spec-4889-55709-0263.fits
4889/spec-4889-55709-0264.fits
4889/spec-4889-55709-0265.fits
4889/spec-4889-55709-0266.fits
4889/spec-4889-55709-0267.fits
4889/spec-4889-55709-0268.fits
4889/spec-4889-55709-0269.fits
4889/spec-4889-55709-0270.fits
4889/spec-4889-55709-0271.fits
4889/spec-4889-55709-0272.fits
4889/spec-4889-55709-0273.fits
4889/spec-4889-55709-0274.fits
4889/spec-4889-55709-0275.fits
4889/spec-4889-55709-0276.fits
4889/spec-4889-55709-0277.fits
4889/spec-4889-55709-0278.fits
4889/spec-4889-55709-0279.fits
4889/spec-4889-55709-0280.fits
4889/spec-4889-55709-0281.fits
4889/spec-4889-55709-0282.fits
4889/spec-4889-55709-0283.fits
4889/spec-4889-55709-0284.fits
4889/spec-4889-55709-0285.fits
4889/spec-4889-55709-0286.fits
4889/spec-4889-55709-0287.fits
4889/spec-4889-55709-0288.fits
4889/spec-4889-55709-0289.fits
4889/spec-4889-55709-0290.fits
4889/spec-4889-55709-0291.fits
4889/spec-4889-55709-0292.fits
4889/spec-4889-55709-0293.fits
4889/spec-4889-55709-0294.fits
4889/spec-4889-55709-0295.fits
4889/spec-4889-55709-0296.fits
4889/spec-4889-55709-0297.fits
4889/spec-4889-55709-0298.fits
4889/spec-4889-55709-0299.fits
4889/spec-4889-55709-0300.fits
4889/spec-4889-55709-0301.fits
4889/spec-4889-55709-0302.fits
4889/spec-4889-55709-0303.fits
4889/spec-4889-55709-0304.fits
4889/spec-4889-55709-0305.fits
4889/spec-4889-55709-0306.fits
4889/spec-4889-55709-0307.fits
4889/spec-4889-55709-0308.fits
4889/spec-4889-55709-0309.fits
4889/spec-4889-55709-0310.fits
4889/spec-4889-55709-0311.fits
4889/spec-4889-55709-0312.fits
4889/spec-4889-55709-0313.fits
4889/spec-4889-55709-0314.fits
4889/spec-4889-55709-0315.fits
4889/spec-4889-55709-0316.fits
4889/spec-4889-55709-0317.fits
4889/spec-4889-55709-0318.fits
4889/spec-4889-55709-0319.fits
4889/spec-4889-55709-0320.fits
4889/spec-4889-55709-0321.fits
4889/spec-4889-55709-0322.fits
4889/spec-4889-55709-0323.fits
4889/spec-4889-55709-0324.fits
4889/spec-4889-55709-0325.fits
4889/spec-4889-55709-0326.fits
4889/spec-4889-55709-0327.fits
4889/spec-4889-55709-0328.fits
4889/spec-4889-55709-0329.fits
4889/spec-4889-55709-0330.fits
4889/spec-4889-55709-0331.fits
4889/spec-4889-55709-0332.fits
4889/spec-4889-55709-0333.fits
4889/spec-4889-55709-0334.fits
4889/spec-4889-55709-0335.fits
4889/spec-4889-55709-0336.fits
4889/spec-4889-55709-0337.fits
4889/spec-4889-55709-0338.fits
4889/spec-4889-55709-0339.fits
4889/spec-4889-55709-0340.fits
4889/spec-4889-55709-0341.fits
4889/spec-4889-55709-0342.fits
4889/spec-4889-55709-0343.fits
4889/spec-4889-55709-0344.fits
4889/spec-4889-55709-0345.fits
4889/spec-4889-55709-0346.fits
4889/spec-4889-55709-0347.fits
4889/spec-4889-55709-0348.fits
4889/spec-4889-55709-0349.fits
4889/spec-4889-55709-0350.fits
4889/spec-4889-55709-0351.fits
4889/spec-4889-55709-0352.fits
4889/spec-4889-55709-0353.fits
4889/spec-4889-55709-0354.fits
4889/spec-4889-55709-0355.fits
4889/spec-4889-55709-0356.fits
4889/spec-4889-55709-0357.fits
4889/spec-4889-55709-0358.fits
4889/spec-4889-55709-0359.fits
4889/spec-4889-55709-0360.fits
4889/spec-4889-55709-0361.fits
4889/spec-4889-55709-0362.fits
4889/spec-4889-55709-0363.fits
4889/spec-4889-55709-0364.fits
4889/spec-4889-55709-0365.fits
4889/spec-4889-55709-0366.fits
4889/spec-4889-55709-0367.fits
4889/spec-4889-55709-0368.fits
4889/spec-4889-55709-0369.fits
4889/spec-4889-55709-0370.fits
4889/spec-4889-55709-0371.fits
4889/spec-4889-55709-0372.fits
4889/spec-4889-55709-0373.fits
4889/spec-4889-55709-0374.fits
4889/spec-4889-55709-0375.fits
4889/spec-4889-55709-0376.fits
4889/spec-4889-55709-0377.fits
4889/spec-4889-55709-0378.fits
4889/spec-4889-55709-0379.fits
4889/spec-4889-55709-0380.fits
4889/spec-4889-55709-0381.fits
4889/spec-4889-55709-0382.fits
4889/spec-4889-55709-0383.fits
4889/spec-4889-55709-0384.fits
4889/spec-4889-55709-0385.fits
4889/spec-4889-55709-0386.fits
4889/spec-4889-55709-0387.fits
4889/spec-4889-55709-0388.fits
4889/spec-4889-55709-0389.fits
4889/spec-4889-55709-0390.fits
4889/spec-4889-55709-0391.fits
4889/spec-4889-55709-0392.fits
4889/spec-4889-55709-0393.fits
4889/spec-4889-55709-0394.fits
4889/spec-4889-55709-0395.fits
4889/spec-4889-55709-0396.fits
4889/spec-4889-55709-0397.fits
4889/spec-4889-55709-0398.fits
4889/spec-4889-55709-0399.fits
4889/spec-4889-55709-0400.fits
4889/spec-4889-55709-0401.fits
4889/spec-4889-55709-0402.fits
4889/spec-4889-55709-0403.fits
4889/spec-4889-55709-0404.fits
4889/spec-4889-55709-0405.fits
4889/spec-4889-55709-0406.fits
4889/spec-4889-55709-0407.fits
4889/spec-4889-55709-0408.fits
4889/spec-4889-55709-0409.fits
4889/spec-4889-55709-0410.fits
4889/spec-4889-55709-0411.fits
4889/spec-4889-55709-0412.fits
4889/spec-4889-55709-0413.fits
4889/spec-4889-55709-0414.fits
4889/spec-4889-55709-0415.fits
4889/spec-4889-55709-0416.fits
4889/spec-4889-55709-0417.fits
4889/spec-4889-55709-0418.fits
4889/spec-4889-55709-0419.fits
4889/spec-4889-55709-0420.fits
4889/spec-4889-55709-0421.fits
4889/spec-4889-55709-0422.fits
4889/spec-4889-55709-0423.fits
4889/spec-4889-55709-0424.fits
4889/spec-4889-55709-0425.fits
4889/spec-4889-55709-0426.fits
4889/spec-4889-55709-0427.fits
4889/spec-4889-55709-0428.fits
4889/spec-4889-55709-0429.fits
4889/spec-4889-55709-0430.fits
4889/spec-4889-55709-0431.fits
4889/spec-4889-55709-0432.fits
4889/spec-4889-55709-0433.fits
4889/spec-4889-55709-0434.fits
4889/spec-4889-55709-0435.fits
4889/spec-4889-55709-0436.fits
4889/spec-4889-55709-0437.fits
4889/spec-4889-55709-0438.fits
4889/spec-4889-55709-0439.fits
4889/spec-4889-55709-0440.fits
4889/spec-4889-55709-0441.fits
4889/spec-4889-55709-0442.fits
4889/spec-4889-55709-0443.fits
4889/spec-4889-55709-0444.fits
4889/spec-4889-55709-0445.fits
4889/spec-4889-55709-0446.fits
4889/spec-4889-55709-0447.fits
4889/spec-4889-55709-0448.fits
4889/spec-4889-55709-0449.fits
4889/spec-4889-55709-0450.fits
4889/spec-4889-55709-0451.fits
4889/spec-4889-55709-0452.fits
4889/spec-4889-55709-0453.fits
4889/spec-4889-55709-0454.fits
4889/spec-4889-55709-0455.fits
4889/spec-4889-55709-0456.fits
4889/spec-4889-55709-0457.fits
4889/spec-4889-55709-0458.fits
4889/spec-4889-55709-0459.fits
4889/spec-4889-55709-0460.fits
4889/spec-4889-55709-0461.fits
4889/spec-4889-55709-0462.fits
4889/spec-4889-55709-0463.fits
4889/spec-4889-55709-0464.fits
4889/spec-4889-55709-0465.fits
4889/spec-4889-55709-0466.fits
4889/spec-4889-55709-0467.fits
4889/spec-4889-55709-0468.fits
4889/spec-4889-55709-0469.fits
4889/spec-4889-55709-0470.fits
4889/spec-4889-55709-0471.fits
4889/spec-4889-55709-0472.fits
4889/spec-4889-55709-0473.fits
4889/spec-4889-55709-0474.fits
4889/spec-4889-55709-0475.fits
4889/spec-4889-55709-0476.fits
4889/spec-4889-55709-0477.fits
4889/spec-4889-55709-0478.fits
4889/spec-4889-55709-0479.fits
4889/spec-4889-55709-0480.fits
4889/spec-4889-55709-0481.fits
4889/spec-4889-55709-0482.fits
4889/spec-4889-55709-0483.fits
4889/spec-4889-55709-0484.fits
4889/spec-4889-55709-0485.fits
4889/spec-4889-55709-0486.fits
4889/spec-4889-55709-0487.fits
4889/spec-4889-55709-0488.fits
4889/spec-4889-55709-0489.fits
4889/spec-4889-55709-0490.fits
4889/spec-4889-55709-0491.fits
4889/spec-4889-55709-0492.fits
4889/spec-4889-55709-0493.fits
4889/spec-4889-55709-0494.fits
4889/spec-4889-55709-0495.fits
4889/spec-4889-55709-0496.fits
4889/spec-4889-55709-0497.fits
4889/spec-4889-55709-0498.fits
4889/spec-4889-55709-0499.fits
4889/spec-4889-55709-0500.fits
4889/spec-4889-55709-0501.fits
4889/spec-4889-55709-0502.fits
4889/spec-4889-55709-0503.fits
4889/spec-4889-55709-0504.fits
4889/spec-4889-55709-0505.fits
4889/spec-4889-55709-0506.fits
4889/spec-4889-55709-0507.fits
4889/spec-4889-55709-0508.fits
4889/spec-4889-55709-0509.fits
4889/spec-4889-55709-0510.fits
4889/spec-4889-55709-0511.fits
4889/spec-4889-55709-0512.fits
4889/spec-4889-55709-0513.fits
4889/spec-4889-55709-0514.fits
4889/spec-4889-55709-0515.fits
4889/spec-4889-55709-0516.fits
4889/spec-4889-55709-0517.fits
4889/spec-4889-55709-0518.fits
4889/spec-4889-55709-0519.fits
4889/spec-4889-55709-0520.fits
4889/spec-4889-55709-0521.fits
4889/spec-4889-55709-0522.fits
4889/spec-4889-55709-0523.fits
4889/spec-4889-55709-0524.fits
4889/spec-4889-55709-0525.fits
4889/spec-4889-55709-0526.fits
4889/spec-4889-55709-0527.fits
4889/spec-4889-55709-0528.fits
4889/spec-4889-55709-0529.fits
4889/spec-4889-55709-0530.fits
4889/spec-4889-55709-0531.fits
4889/spec-4889-55709-0532.fits
4889/spec-4889-55709-0533.fits
4889/spec-4889-55709-0534.fits
4889/spec-4889-55709-0535.fits
4889/spec-4889-55709-0536.fits
4889/spec-4889-55709-0537.fits
4889/spec-4889-55709-0538.fits
4889/spec-4889-55709-0539.fits
4889/spec-4889-55709-0540.fits
4889/spec-4889-55709-0541.fits
4889/spec-4889-55709-0542.fits
4889/spec-4889-55709-0543.fits
4889/spec-4889-55709-0544.fits
4889/spec-4889-55709-0545.fits
4889/spec-4889-55709-0546.fits
4889/spec-4889-55709-0547.fits
4889/spec-4889-55709-0548.fits
4889/spec-4889-55709-0549.fits
4889/spec-4889-55709-0550.fits
4889/spec-4889-55709-0551.fits
4889/spec-4889-55709-0552.fits
4889/spec-4889-55709-0553.fits
4889/spec-4889-55709-0554.fits
4889/spec-4889-55709-0555.fits
4889/spec-4889-55709-0556.fits
4889/spec-4889-55709-0557.fits
4889/spec-4889-55709-0558.fits
4889/spec-4889-55709-0559.fits
4889/spec-4889-55709-0560.fits
4889/spec-4889-55709-0561.fits
4889/spec-4889-55709-0562.fits
4889/spec-4889-55709-0563.fits
4889/spec-4889-55709-0564.fits
4889/spec-4889-55709-0565.fits
4889/spec-4889-55709-0566.fits
4889/spec-4889-55709-0567.fits
4889/spec-4889-55709-0568.fits
4889/spec-4889-55709-0569.fits
4889/spec-4889-55709-0570.fits
4889/spec-4889-55709-0571.fits
4889/spec-4889-55709-0572.fits
4889/spec-4889-55709-0573.fits
4889/spec-4889-55709-0574.fits
4889/spec-4889-55709-0575.fits
4889/spec-4889-55709-0576.fits
4889/spec-4889-55709-0577.fits
4889/spec-4889-55709-0578.fits
4889/spec-4889-55709-0579.fits
4889/spec-4889-55709-0580.fits
4889/spec-4889-55709-0581.fits
4889/spec-4889-55709-0582.fits
4889/spec-4889-55709-0583.fits
4889/spec-4889-55709-0584.fits
4889/spec-4889-55709-0585.fits
4889/spec-4889-55709-0586.fits
4889/spec-4889-55709-0587.fits
4889/spec-4889-55709-0588.fits
4889/spec-4889-55709-0589.fits
4889/spec-4889-55709-0590.fits
4889/spec-4889-55709-0591.fits
4889/spec-4889-55709-0592.fits
4889/spec-4889-55709-0593.fits
4889/spec-4889-55709-0594.fits
4889/spec-4889-55709-0595.fits
4889/spec-4889-55709-0596.fits
4889/spec-4889-55709-0597.fits
4889/spec-4889-55709-0598.fits
4889/spec-4889-55709-0599.fits
4889/spec-4889-55709-0600.fits
4889/spec-4889-55709-0601.fits
4889/spec-4889-55709-0602.fits
4889/spec-4889-55709-0603.fits
4889/spec-4889-55709-0604.fits
4889/spec-4889-55709-0605.fits
4889/spec-4889-55709-0606.fits
4889/spec-4889-55709-0607.fits
4889/spec-4889-55709-0608.fits
4889/spec-4889-55709-0609.fits
4889/spec-4889-55709-0610.fits
4889/spec-4889-55709-0611.fits
4889/spec-4889-55709-0612.fits
4889/spec-4889-55709-0613.fits
4889/spec-4889-55709-0614.fits
4889/spec-4889-55709-0615.fits
4889/spec-4889-55709-0616.fits
4889/spec-4889-55709-0617.fits
4889/spec-4889-55709-0618.fits
4889/spec-4889-55709-0619.fits
4889/spec-4889-55709-0620.fits
4889/spec-4889-55709-0621.fits
4889/spec-4889-55709-0622.fits
4889/spec-4889-55709-0623.fits
4889/spec-4889-55709-0624.fits
4889/spec-4889-55709-0625.fits
4889/spec-4889-55709-0626.fits
4889/spec-4889-55709-0627.fits
4889/spec-4889-55709-0628.fits
4889/spec-4889-55709-0629.fits
4889/spec-4889-55709-0630.fits
4889/spec-4889-55709-0631.fits
4889/spec-4889-55709-0632.fits
4889/spec-4889-55709-0633.fits
4889/spec-4889-55709-0634.fits
4889/spec-4889-55709-0635.fits
4889/spec-4889-55709-0636.fits
4889/spec-4889-55709-0637.fits
4889/spec-4889-55709-0638.fits
4889/spec-4889-55709-0639.fits
4889/spec-4889-55709-0640.fits
4889/spec-4889-55709-0641.fits
4889/spec-4889-55709-0642.fits
4889/spec-4889-55709-0643.fits
4889/spec-4889-55709-0644.fits
4889/spec-4889-55709-0645.fits
4889/spec-4889-55709-0646.fits
4889/spec-4889-55709-0647.fits
4889/spec-4889-55709-0648.fits
4889/spec-4889-55709-0649.fits
4889/spec-4889-55709-0650.fits
4889/spec-4889-55709-0651.fits
4889/spec-4889-55709-0652.fits
4889/spec-4889-55709-0653.fits
4889/spec-4889-55709-0654.fits
4889/spec-4889-55709-0655.fits
4889/spec-4889-55709-0656.fits
4889/spec-4889-55709-0657.fits
4889/spec-4889-55709-0658.fits
4889/spec-4889-55709-0659.fits
4889/spec-4889-55709-0660.fits
4889/spec-4889-55709-0661.fits
4889/spec-4889-55709-0662.fits
4889/spec-4889-55709-0663.fits
4889/spec-4889-55709-0664.fits
4889/spec-4889-55709-0665.fits
4889/spec-4889-55709-0666.fits
4889/spec-4889-55709-0667.fits
4889/spec-4889-55709-0668.fits
4889/spec-4889-55709-0669.fits
4889/spec-4889-55709-0670.fits
4889/spec-4889-55709-0671.fits
4889/spec-4889-55709-0672.fits
4889/spec-4889-55709-0673.fits
4889/spec-4889-55709-0674.fits
4889/spec-4889-55709-0675.fits
4889/spec-4889-55709-0676.fits
4889/spec-4889-55709-0677.fits
4889/spec-4889-55709-0678.fits
4889/spec-4889-55709-0679.fits
4889/spec-4889-55709-0680.fits
4889/spec-4889-55709-0681.fits
4889/spec-4889-55709-0682.fits
4889/spec-4889-55709-0683.fits
4889/spec-4889-55709-0684.fits
4889/spec-4889-55709-0685.fits
4889/spec-4889-55709-0686.fits
4889/spec-4889-55709-0687.fits
4889/spec-4889-55709-0688.fits
4889/spec-4889-55709-0689.fits
4889/spec-4889-55709-0690.fits
4889/spec-4889-55709-0691.fits
4889/spec-4889-55709-0692.fits
4889/spec-4889-55709-0693.fits
4889/spec-4889-55709-0694.fits
4889/spec-4889-55709-0695.fits
4889/spec-4889-55709-0696.fits
4889/spec-4889-55709-0697.fits
4889/spec-4889-55709-0698.fits
4889/spec-4889-55709-0699.fits
4889/spec-4889-55709-0700.fits
4889/spec-4889-55709-0701.fits
4889/spec-4889-55709-0702.fits
4889/spec-4889-55709-0703.fits
4889/spec-4889-55709-0704.fits
4889/spec-4889-55709-0705.fits
4889/spec-4889-55709-0706.fits
4889/spec-4889-55709-0707.fits
4889/spec-4889-55709-0708.fits
4889/spec-4889-55709-0709.fits
4889/spec-4889-55709-0710.fits
4889/spec-4889-55709-0711.fits
4889/spec-4889-55709-0712.fits
4889/spec-4889-55709-0713.fits
4889/spec-4889-55709-0714.fits
4889/spec-4889-55709-0715.fits
4889/spec-4889-55709-0716.fits
4889/spec-4889-55709-0717.fits
4889/spec-4889-55709-0718.fits
4889/spec-4889-55709-0719.fits
4889/spec-4889-55709-0720.fits
4889/spec-4889-55709-0721.fits
4889/spec-4889-55709-0722.fits
4889/spec-4889-55709-0723.fits
4889/spec-4889-55709-0724.fits
4889/spec-4889-55709-0725.fits
4889/spec-4889-55709-0726.fits
4889/spec-4889-55709-0727.fits
4889/spec-4889-55709-0728.fits
4889/spec-4889-55709-0729.fits
4889/spec-4889-55709-0730.fits
4889/spec-4889-55709-0731.fits
4889/spec-4889-55709-0732.fits
4889/spec-4889-55709-0733.fits
4889/spec-4889-55709-0734.fits
4889/spec-4889-55709-0735.fits
4889/spec-4889-55709-0736.fits
4889/spec-4889-55709-0737.fits
4889/spec-4889-55709-0738.fits
4889/spec-4889-55709-0739.fits
4889/spec-4889-55709-0740.fits
4889/spec-4889-55709-0741.fits
4889/spec-4889-55709-0742.fits
4889/spec-4889-55709-0743.fits
4889/spec-4889-55709-0744.fits
4889/spec-4889-55709-0745.fits
4889/spec-4889-55709-0746.fits
4889/spec-4889-55709-0747.fits
4889/spec-4889-55709-0748.fits
4889/spec-4889-55709-0749.fits
4889/spec-4889-55709-0750.fits
4889/spec-4889-55709-0751.fits
4889/spec-4889-55709-0752.fits
4889/spec-4889-55709-0753.fits
4889/spec-4889-55709-0754.fits
4889/spec-4889-55709-0755.fits
4889/spec-4889-55709-0756.fits
4889/spec-4889-55709-0757.fits
4889/spec-4889-55709-0758.fits
4889/spec-4889-55709-0759.fits
4889/spec-4889-55709-0760.fits
4889/spec-4889-55709-0761.fits
4889/spec-4889-55709-0762.fits
4889/spec-4889-55709-0763.fits
4889/spec-4889-55709-0764.fits
4889/spec-4889-55709-0765.fits
4889/spec-4889-55709-0766.fits
4889/spec-4889-55709-0767.fits
4889/spec-4889-55709-0768.fits
4889/spec-4889-55709-0769.fits
4889/spec-4889-55709-0770.fits
4889/spec-4889-55709-0771.fits
4889/spec-4889-55709-0772.fits
4889/spec-4889-55709-0773.fits
4889/spec-4889-55709-0774.fits
4889/spec-4889-55709-0775.fits
4889/spec-4889-55709-0776.fits
4889/spec-4889-55709-0777.fits
4889/spec-4889-55709-0778.fits
4889/spec-4889-55709-0779.fits
4889/spec-4889-55709-0780.fits
4889/spec-4889-55709-0781.fits
4889/spec-4889-55709-0782.fits
4889/spec-4889-55709-0783.fits
4889/spec-4889-55709-0784.fits
4889/spec-4889-55709-0785.fits
4889/spec-4889-55709-0786.fits
4889/spec-4889-55709-0787.fits
4889/spec-4889-55709-0788.fits
4889/spec-4889-55709-0789.fits
4889/spec-4889-55709-0790.fits
4889/spec-4889-55709-0791.fits
4889/spec-4889-55709-0792.fits
4889/spec-4889-55709-0793.fits
4889/spec-4889-55709-0794.fits
4889/spec-4889-55709-0795.fits
4889/spec-4889-55709-0796.fits
4889/spec-4889-55709-0797.fits
4889/spec-4889-55709-0798.fits
4889/spec-4889-55709-0799.fits
4889/spec-4889-55709-0800.fits
4889/spec-4889-55709-0801.fits
4889/spec-4889-55709-0802.fits
4889/spec-4889-55709-0803.fits
4889/spec-4889-55709-0804.fits
4889/spec-4889-55709-0805.fits
4889/spec-4889-55709-0806.fits
4889/spec-4889-55709-0807.fits
4889/spec-4889-55709-0808.fits
4889/spec-4889-55709-0809.fits
4889/spec-4889-55709-0810.fits
4889/spec-4889-55709-0811.fits
4889/spec-4889-55709-0812.fits
4889/spec-4889-55709-0813.fits
4889/spec-4889-55709-0814.fits
4889/spec-4889-55709-0815.fits
4889/spec-4889-55709-0816.fits
4889/spec-4889-55709-0817.fits
4889/spec-4889-55709-0818.fits
4889/spec-4889-55709-0819.fits
4889/spec-4889-55709-0820.fits
4889/spec-4889-55709-0821.fits
4889/spec-4889-55709-0822.fits
4889/spec-4889-55709-0823.fits
4889/spec-4889-55709-0824.fits
4889/spec-4889-55709-0825.fits
4889/spec-4889-55709-0826.fits
4889/spec-4889-55709-0827.fits
4889/spec-4889-55709-0828.fits
4889/spec-4889-55709-0829.fits
4889/spec-4889-55709-0830.fits
4889/spec-4889-55709-0831.fits
4889/spec-4889-55709-0832.fits
4889/spec-4889-55709-0833.fits
4889/spec-4889-55709-0834.fits
4889/spec-4889-55709-0835.fits
4889/spec-4889-55709-0836.fits
4889/spec-4889-55709-0837.fits
4889/spec-4889-55709-0838.fits
4889/spec-4889-55709-0839.fits
4889/spec-4889-55709-0840.fits
4889/spec-4889-55709-0841.fits
4889/spec-4889-55709-0842.fits
4889/spec-4889-55709-0843.fits
4889/spec-4889-55709-0844.fits
4889/spec-4889-55709-0845.fits
4889/spec-4889-55709-0846.fits
4889/spec-4889-55709-0847.fits
4889/spec-4889-55709-0848.fits
4889/spec-4889-55709-0849.fits
4889/spec-4889-55709-0850.fits
4889/spec-4889-55709-0851.fits
4889/spec-4889-55709-0852.fits
4889/spec-4889-55709-0853.fits
4889/spec-4889-55709-0854.fits
4889/spec-4889-55709-0855.fits
4889/spec-4889-55709-0856.fits
4889/spec-4889-55709-0857.fits
4889/spec-4889-55709-0858.fits
4889/spec-4889-55709-0859.fits
4889/spec-4889-55709-0860.fits
4889/spec-4889-55709-0861.fits
4889/spec-4889-55709-0862.fits
4889/spec-4889-55709-0863.fits
4889/spec-4889-55709-0864.fits
4889/spec-4889-55709-0865.fits
4889/spec-4889-55709-0866.fits
4889/spec-4889-55709-0867.fits
4889/spec-4889-55709-0868.fits
4889/spec-4889-55709-0869.fits
4889/spec-4889-55709-0870.fits
4889/spec-4889-55709-0871.fits
4889/spec-4889-55709-0872.fits
4889/spec-4889-55709-0873.fits
4889/spec-4889-55709-0874.fits
4889/spec-4889-55709-0875.fits
4889/spec-4889-55709-0876.fits
4889/spec-4889-55709-0877.fits
4889/spec-4889-55709-0878.fits
4889/spec-4889-55709-0879.fits
4889/spec-4889-55709-0880.fits
4889/spec-4889-55709-0881.fits
4889/spec-4889-55709-0882.fits
4889/spec-4889-55709-0883.fits
4889/spec-4889-55709-0884.fits
4889/spec-4889-55709-0885.fits
4889/spec-4889-55709-0886.fits
4889/spec-4889-55709-0887.fits
4889/spec-4889-55709-0888.fits
4889/spec-4889-55709-0889.fits
4889/spec-4889-55709-0890.fits
4889/spec-4889-55709-0891.fits
4889/spec-4889-55709-0892.fits
4889/spec-4889-55709-0893.fits
4889/spec-4889-55709-0894.fits
4889/spec-4889-55709-0895.fits
4889/spec-4889-55709-0896.fits
4889/spec-4889-55709-0897.fits
4889/spec-4889-55709-0898.fits
4889/spec-4889-55709-0899.fits
4889/spec-4889-55709-0900.fits
4889/spec-4889-55709-0901.fits
4889/spec-4889-55709-0902.fits
4889/spec-4889-55709-0903.fits
4889/spec-4889-55709-0904.fits
4889/spec-4889-55709-0905.fits
4889/spec-4889-55709-0906.fits
4889/spec-4889-55709-0907.fits
4889/spec-4889-55709-0908.fits
4889/spec-4889-55709-0909.fits
4889/spec-4889-55709-0910.fits
4889/spec-4889-55709-0911.fits
4889/spec-4889-55709-0912.fits
4889/spec-4889-55709-0913.fits
4889/spec-4889-55709-0914.fits
4889/spec-4889-55709-0915.fits
4889/spec-4889-55709-0916.fits
4889/spec-4889-55709-0917.fits
4889/spec-4889-55709-0918.fits
4889/spec-4889-55709-0919.fits
4889/spec-4889-55709-0920.fits
4889/spec-4889-55709-0921.fits
4889/spec-4889-55709-0922.fits
4889/spec-4889-55709-0923.fits
4889/spec-4889-55709-0924.fits
4889/spec-4889-55709-0925.fits
4889/spec-4889-55709-0926.fits
4889/spec-4889-55709-0927.fits
4889/spec-4889-55709-0928.fits
4889/spec-4889-55709-0929.fits
4889/spec-4889-55709-0930.fits
4889/spec-4889-55709-0931.fits
4889/spec-4889-55709-0932.fits
4889/spec-4889-55709-0933.fits
4889/spec-4889-55709-0934.fits
4889/spec-4889-55709-0935.fits
4889/spec-4889-55709-0936.fits
4889/spec-4889-55709-0937.fits
4889/spec-4889-55709-0938.fits
4889/spec-4889-55709-0939.fits
4889/spec-4889-55709-0940.fits
4889/spec-4889-55709-0941.fits
4889/spec-4889-55709-0942.fits
4889/spec-4889-55709-0943.fits
4889/spec-4889-55709-0944.fits
4889/spec-4889-55709-0945.fits
4889/spec-4889-55709-0946.fits
4889/spec-4889-55709-0947.fits
4889/spec-4889-55709-0948.fits
4889/spec-4889-55709-0949.fits
4889/spec-4889-55709-0950.fits
4889/spec-4889-55709-0951.fits
4889/spec-4889-55709-0952.fits
4889/spec-4889-55709-0953.fits
4889/spec-4889-55709-0954.fits
4889/spec-4889-55709-0955.fits
4889/spec-4889-55709-0956.fits
4889/spec-4889-55709-0957.fits
4889/spec-4889-55709-0958.fits
4889/spec-4889-55709-0959.fits
4889/spec-4889-55709-0960.fits
4889/spec-4889-55709-0961.fits
4889/spec-4889-55709-0962.fits
4889/spec-4889-55709-0963.fits
4889/spec-4889-55709-0964.fits
4889/spec-4889-55709-0965.fits
4889/spec-4889-55709-0966.fits
4889/spec-4889-55709-0967.fits
4889/spec-4889-55709-0968.fits
4889/spec-4889-55709-0969.fits
4889/spec-4889-55709-0970.fits
4889/spec-4889-55709-0971.fits
4889/spec-4889-55709-0972.fits
4889/spec-4889-55709-0973.fits
4889/spec-4889-55709-0974.fits
4889/spec-4889-55709-0975.fits
4889/spec-4889-55709-0976.fits
4889/spec-4889-55709-0977.fits
4889/spec-4889-55709-0978.fits
4889/spec-4889-55709-0979.fits
4889/spec-4889-55709-0980.fits
4889/spec-4889-55709-0981.fits
4889/spec-4889-55709-0982.fits
4889/spec-4889-55709-0983.fits
4889/spec-4889-55709-0984.fits
4889/spec-4889-55709-0985.fits
4889/spec-4889-55709-0986.fits
4889/spec-4889-55709-0987.fits
4889/spec-4889-55709-0988.fits
4889/spec-4889-55709-0989.fits
4889/spec-4889-55709-0990.fits
4889/spec-4889-55709-0991.fits
4889/spec-4889-55709-0992.fits
4889/spec-4889-55709-0993.fits
4889/spec-4889-55709-0994.fits
4889/spec-4889-55709-0995.fits
4889/spec-4889-55709-0996.fits
4889/spec-4889-55709-0997.fits
4889/spec-4889-55709-0998.fits
4889/spec-4889-55709-0999.fits
4889/spec-4889-55709-1000.fits
/var/lib/condor/execute/slot1/dir_13819
4889 4889.tgz R R361.tar.gz _condor_stderr _condor_stdout cB58_Lyman_break.fit condor_exec.exe hw4.R packages packages.tar.gz tmp var
[1] "Loaded package astro."
[1] 1000
4889 4889.csv 4889.tgz R R361.tar.gz _condor_stderr _condor_stdout cB58_Lyman_break.fit condor_exec.exe hw4.R packages packages.tar.gz tmp var
