4960
4960/
4960/spec-4960-55747-0001.fits
4960/spec-4960-55747-0002.fits
4960/spec-4960-55747-0003.fits
4960/spec-4960-55747-0004.fits
4960/spec-4960-55747-0005.fits
4960/spec-4960-55747-0006.fits
4960/spec-4960-55747-0007.fits
4960/spec-4960-55747-0008.fits
4960/spec-4960-55747-0009.fits
4960/spec-4960-55747-0010.fits
4960/spec-4960-55747-0011.fits
4960/spec-4960-55747-0012.fits
4960/spec-4960-55747-0013.fits
4960/spec-4960-55747-0014.fits
4960/spec-4960-55747-0015.fits
4960/spec-4960-55747-0016.fits
4960/spec-4960-55747-0017.fits
4960/spec-4960-55747-0018.fits
4960/spec-4960-55747-0019.fits
4960/spec-4960-55747-0020.fits
4960/spec-4960-55747-0021.fits
4960/spec-4960-55747-0022.fits
4960/spec-4960-55747-0023.fits
4960/spec-4960-55747-0024.fits
4960/spec-4960-55747-0025.fits
4960/spec-4960-55747-0026.fits
4960/spec-4960-55747-0027.fits
4960/spec-4960-55747-0028.fits
4960/spec-4960-55747-0029.fits
4960/spec-4960-55747-0030.fits
4960/spec-4960-55747-0031.fits
4960/spec-4960-55747-0032.fits
4960/spec-4960-55747-0033.fits
4960/spec-4960-55747-0034.fits
4960/spec-4960-55747-0035.fits
4960/spec-4960-55747-0036.fits
4960/spec-4960-55747-0037.fits
4960/spec-4960-55747-0038.fits
4960/spec-4960-55747-0039.fits
4960/spec-4960-55747-0040.fits
4960/spec-4960-55747-0041.fits
4960/spec-4960-55747-0042.fits
4960/spec-4960-55747-0043.fits
4960/spec-4960-55747-0044.fits
4960/spec-4960-55747-0045.fits
4960/spec-4960-55747-0046.fits
4960/spec-4960-55747-0047.fits
4960/spec-4960-55747-0048.fits
4960/spec-4960-55747-0049.fits
4960/spec-4960-55747-0050.fits
4960/spec-4960-55747-0051.fits
4960/spec-4960-55747-0052.fits
4960/spec-4960-55747-0053.fits
4960/spec-4960-55747-0054.fits
4960/spec-4960-55747-0055.fits
4960/spec-4960-55747-0056.fits
4960/spec-4960-55747-0057.fits
4960/spec-4960-55747-0058.fits
4960/spec-4960-55747-0059.fits
4960/spec-4960-55747-0060.fits
4960/spec-4960-55747-0061.fits
4960/spec-4960-55747-0062.fits
4960/spec-4960-55747-0063.fits
4960/spec-4960-55747-0064.fits
4960/spec-4960-55747-0065.fits
4960/spec-4960-55747-0066.fits
4960/spec-4960-55747-0067.fits
4960/spec-4960-55747-0068.fits
4960/spec-4960-55747-0069.fits
4960/spec-4960-55747-0070.fits
4960/spec-4960-55747-0071.fits
4960/spec-4960-55747-0072.fits
4960/spec-4960-55747-0073.fits
4960/spec-4960-55747-0074.fits
4960/spec-4960-55747-0075.fits
4960/spec-4960-55747-0076.fits
4960/spec-4960-55747-0077.fits
4960/spec-4960-55747-0078.fits
4960/spec-4960-55747-0079.fits
4960/spec-4960-55747-0080.fits
4960/spec-4960-55747-0081.fits
4960/spec-4960-55747-0082.fits
4960/spec-4960-55747-0083.fits
4960/spec-4960-55747-0084.fits
4960/spec-4960-55747-0085.fits
4960/spec-4960-55747-0086.fits
4960/spec-4960-55747-0087.fits
4960/spec-4960-55747-0088.fits
4960/spec-4960-55747-0089.fits
4960/spec-4960-55747-0090.fits
4960/spec-4960-55747-0091.fits
4960/spec-4960-55747-0092.fits
4960/spec-4960-55747-0093.fits
4960/spec-4960-55747-0094.fits
4960/spec-4960-55747-0095.fits
4960/spec-4960-55747-0096.fits
4960/spec-4960-55747-0097.fits
4960/spec-4960-55747-0098.fits
4960/spec-4960-55747-0099.fits
4960/spec-4960-55747-0100.fits
4960/spec-4960-55747-0101.fits
4960/spec-4960-55747-0102.fits
4960/spec-4960-55747-0103.fits
4960/spec-4960-55747-0104.fits
4960/spec-4960-55747-0105.fits
4960/spec-4960-55747-0106.fits
4960/spec-4960-55747-0107.fits
4960/spec-4960-55747-0108.fits
4960/spec-4960-55747-0109.fits
4960/spec-4960-55747-0110.fits
4960/spec-4960-55747-0111.fits
4960/spec-4960-55747-0112.fits
4960/spec-4960-55747-0113.fits
4960/spec-4960-55747-0114.fits
4960/spec-4960-55747-0115.fits
4960/spec-4960-55747-0116.fits
4960/spec-4960-55747-0117.fits
4960/spec-4960-55747-0118.fits
4960/spec-4960-55747-0119.fits
4960/spec-4960-55747-0120.fits
4960/spec-4960-55747-0121.fits
4960/spec-4960-55747-0122.fits
4960/spec-4960-55747-0123.fits
4960/spec-4960-55747-0124.fits
4960/spec-4960-55747-0125.fits
4960/spec-4960-55747-0126.fits
4960/spec-4960-55747-0127.fits
4960/spec-4960-55747-0128.fits
4960/spec-4960-55747-0129.fits
4960/spec-4960-55747-0130.fits
4960/spec-4960-55747-0131.fits
4960/spec-4960-55747-0132.fits
4960/spec-4960-55747-0133.fits
4960/spec-4960-55747-0134.fits
4960/spec-4960-55747-0135.fits
4960/spec-4960-55747-0136.fits
4960/spec-4960-55747-0137.fits
4960/spec-4960-55747-0138.fits
4960/spec-4960-55747-0139.fits
4960/spec-4960-55747-0140.fits
4960/spec-4960-55747-0141.fits
4960/spec-4960-55747-0142.fits
4960/spec-4960-55747-0143.fits
4960/spec-4960-55747-0144.fits
4960/spec-4960-55747-0145.fits
4960/spec-4960-55747-0146.fits
4960/spec-4960-55747-0147.fits
4960/spec-4960-55747-0148.fits
4960/spec-4960-55747-0149.fits
4960/spec-4960-55747-0150.fits
4960/spec-4960-55747-0151.fits
4960/spec-4960-55747-0152.fits
4960/spec-4960-55747-0153.fits
4960/spec-4960-55747-0154.fits
4960/spec-4960-55747-0155.fits
4960/spec-4960-55747-0156.fits
4960/spec-4960-55747-0157.fits
4960/spec-4960-55747-0158.fits
4960/spec-4960-55747-0159.fits
4960/spec-4960-55747-0160.fits
4960/spec-4960-55747-0161.fits
4960/spec-4960-55747-0162.fits
4960/spec-4960-55747-0163.fits
4960/spec-4960-55747-0164.fits
4960/spec-4960-55747-0165.fits
4960/spec-4960-55747-0166.fits
4960/spec-4960-55747-0167.fits
4960/spec-4960-55747-0168.fits
4960/spec-4960-55747-0169.fits
4960/spec-4960-55747-0170.fits
4960/spec-4960-55747-0171.fits
4960/spec-4960-55747-0172.fits
4960/spec-4960-55747-0173.fits
4960/spec-4960-55747-0174.fits
4960/spec-4960-55747-0175.fits
4960/spec-4960-55747-0176.fits
4960/spec-4960-55747-0177.fits
4960/spec-4960-55747-0178.fits
4960/spec-4960-55747-0179.fits
4960/spec-4960-55747-0180.fits
4960/spec-4960-55747-0181.fits
4960/spec-4960-55747-0182.fits
4960/spec-4960-55747-0183.fits
4960/spec-4960-55747-0184.fits
4960/spec-4960-55747-0185.fits
4960/spec-4960-55747-0186.fits
4960/spec-4960-55747-0187.fits
4960/spec-4960-55747-0188.fits
4960/spec-4960-55747-0189.fits
4960/spec-4960-55747-0190.fits
4960/spec-4960-55747-0191.fits
4960/spec-4960-55747-0192.fits
4960/spec-4960-55747-0193.fits
4960/spec-4960-55747-0194.fits
4960/spec-4960-55747-0195.fits
4960/spec-4960-55747-0196.fits
4960/spec-4960-55747-0197.fits
4960/spec-4960-55747-0198.fits
4960/spec-4960-55747-0199.fits
4960/spec-4960-55747-0200.fits
4960/spec-4960-55747-0201.fits
4960/spec-4960-55747-0202.fits
4960/spec-4960-55747-0203.fits
4960/spec-4960-55747-0204.fits
4960/spec-4960-55747-0205.fits
4960/spec-4960-55747-0206.fits
4960/spec-4960-55747-0207.fits
4960/spec-4960-55747-0208.fits
4960/spec-4960-55747-0209.fits
4960/spec-4960-55747-0210.fits
4960/spec-4960-55747-0211.fits
4960/spec-4960-55747-0212.fits
4960/spec-4960-55747-0213.fits
4960/spec-4960-55747-0214.fits
4960/spec-4960-55747-0215.fits
4960/spec-4960-55747-0216.fits
4960/spec-4960-55747-0217.fits
4960/spec-4960-55747-0218.fits
4960/spec-4960-55747-0219.fits
4960/spec-4960-55747-0220.fits
4960/spec-4960-55747-0221.fits
4960/spec-4960-55747-0222.fits
4960/spec-4960-55747-0223.fits
4960/spec-4960-55747-0224.fits
4960/spec-4960-55747-0225.fits
4960/spec-4960-55747-0226.fits
4960/spec-4960-55747-0227.fits
4960/spec-4960-55747-0228.fits
4960/spec-4960-55747-0229.fits
4960/spec-4960-55747-0230.fits
4960/spec-4960-55747-0231.fits
4960/spec-4960-55747-0232.fits
4960/spec-4960-55747-0233.fits
4960/spec-4960-55747-0234.fits
4960/spec-4960-55747-0235.fits
4960/spec-4960-55747-0236.fits
4960/spec-4960-55747-0237.fits
4960/spec-4960-55747-0238.fits
4960/spec-4960-55747-0239.fits
4960/spec-4960-55747-0240.fits
4960/spec-4960-55747-0241.fits
4960/spec-4960-55747-0242.fits
4960/spec-4960-55747-0243.fits
4960/spec-4960-55747-0244.fits
4960/spec-4960-55747-0245.fits
4960/spec-4960-55747-0246.fits
4960/spec-4960-55747-0247.fits
4960/spec-4960-55747-0248.fits
4960/spec-4960-55747-0249.fits
4960/spec-4960-55747-0250.fits
4960/spec-4960-55747-0251.fits
4960/spec-4960-55747-0252.fits
4960/spec-4960-55747-0253.fits
4960/spec-4960-55747-0254.fits
4960/spec-4960-55747-0255.fits
4960/spec-4960-55747-0256.fits
4960/spec-4960-55747-0257.fits
4960/spec-4960-55747-0258.fits
4960/spec-4960-55747-0259.fits
4960/spec-4960-55747-0260.fits
4960/spec-4960-55747-0261.fits
4960/spec-4960-55747-0262.fits
4960/spec-4960-55747-0263.fits
4960/spec-4960-55747-0264.fits
4960/spec-4960-55747-0265.fits
4960/spec-4960-55747-0266.fits
4960/spec-4960-55747-0267.fits
4960/spec-4960-55747-0268.fits
4960/spec-4960-55747-0269.fits
4960/spec-4960-55747-0270.fits
4960/spec-4960-55747-0271.fits
4960/spec-4960-55747-0272.fits
4960/spec-4960-55747-0273.fits
4960/spec-4960-55747-0274.fits
4960/spec-4960-55747-0275.fits
4960/spec-4960-55747-0276.fits
4960/spec-4960-55747-0277.fits
4960/spec-4960-55747-0278.fits
4960/spec-4960-55747-0279.fits
4960/spec-4960-55747-0280.fits
4960/spec-4960-55747-0281.fits
4960/spec-4960-55747-0282.fits
4960/spec-4960-55747-0283.fits
4960/spec-4960-55747-0284.fits
4960/spec-4960-55747-0285.fits
4960/spec-4960-55747-0286.fits
4960/spec-4960-55747-0287.fits
4960/spec-4960-55747-0288.fits
4960/spec-4960-55747-0289.fits
4960/spec-4960-55747-0290.fits
4960/spec-4960-55747-0291.fits
4960/spec-4960-55747-0292.fits
4960/spec-4960-55747-0293.fits
4960/spec-4960-55747-0294.fits
4960/spec-4960-55747-0295.fits
4960/spec-4960-55747-0296.fits
4960/spec-4960-55747-0297.fits
4960/spec-4960-55747-0298.fits
4960/spec-4960-55747-0299.fits
4960/spec-4960-55747-0300.fits
4960/spec-4960-55747-0301.fits
4960/spec-4960-55747-0302.fits
4960/spec-4960-55747-0303.fits
4960/spec-4960-55747-0304.fits
4960/spec-4960-55747-0305.fits
4960/spec-4960-55747-0306.fits
4960/spec-4960-55747-0307.fits
4960/spec-4960-55747-0308.fits
4960/spec-4960-55747-0309.fits
4960/spec-4960-55747-0310.fits
4960/spec-4960-55747-0311.fits
4960/spec-4960-55747-0312.fits
4960/spec-4960-55747-0313.fits
4960/spec-4960-55747-0314.fits
4960/spec-4960-55747-0315.fits
4960/spec-4960-55747-0316.fits
4960/spec-4960-55747-0317.fits
4960/spec-4960-55747-0318.fits
4960/spec-4960-55747-0319.fits
4960/spec-4960-55747-0320.fits
4960/spec-4960-55747-0321.fits
4960/spec-4960-55747-0322.fits
4960/spec-4960-55747-0323.fits
4960/spec-4960-55747-0324.fits
4960/spec-4960-55747-0325.fits
4960/spec-4960-55747-0326.fits
4960/spec-4960-55747-0327.fits
4960/spec-4960-55747-0328.fits
4960/spec-4960-55747-0329.fits
4960/spec-4960-55747-0330.fits
4960/spec-4960-55747-0331.fits
4960/spec-4960-55747-0332.fits
4960/spec-4960-55747-0333.fits
4960/spec-4960-55747-0334.fits
4960/spec-4960-55747-0335.fits
4960/spec-4960-55747-0336.fits
4960/spec-4960-55747-0337.fits
4960/spec-4960-55747-0338.fits
4960/spec-4960-55747-0339.fits
4960/spec-4960-55747-0340.fits
4960/spec-4960-55747-0341.fits
4960/spec-4960-55747-0342.fits
4960/spec-4960-55747-0343.fits
4960/spec-4960-55747-0344.fits
4960/spec-4960-55747-0345.fits
4960/spec-4960-55747-0346.fits
4960/spec-4960-55747-0347.fits
4960/spec-4960-55747-0348.fits
4960/spec-4960-55747-0349.fits
4960/spec-4960-55747-0350.fits
4960/spec-4960-55747-0351.fits
4960/spec-4960-55747-0352.fits
4960/spec-4960-55747-0353.fits
4960/spec-4960-55747-0354.fits
4960/spec-4960-55747-0355.fits
4960/spec-4960-55747-0356.fits
4960/spec-4960-55747-0357.fits
4960/spec-4960-55747-0358.fits
4960/spec-4960-55747-0359.fits
4960/spec-4960-55747-0360.fits
4960/spec-4960-55747-0361.fits
4960/spec-4960-55747-0362.fits
4960/spec-4960-55747-0363.fits
4960/spec-4960-55747-0364.fits
4960/spec-4960-55747-0365.fits
4960/spec-4960-55747-0366.fits
4960/spec-4960-55747-0367.fits
4960/spec-4960-55747-0368.fits
4960/spec-4960-55747-0369.fits
4960/spec-4960-55747-0370.fits
4960/spec-4960-55747-0371.fits
4960/spec-4960-55747-0372.fits
4960/spec-4960-55747-0373.fits
4960/spec-4960-55747-0374.fits
4960/spec-4960-55747-0375.fits
4960/spec-4960-55747-0376.fits
4960/spec-4960-55747-0377.fits
4960/spec-4960-55747-0378.fits
4960/spec-4960-55747-0379.fits
4960/spec-4960-55747-0380.fits
4960/spec-4960-55747-0381.fits
4960/spec-4960-55747-0382.fits
4960/spec-4960-55747-0383.fits
4960/spec-4960-55747-0384.fits
4960/spec-4960-55747-0385.fits
4960/spec-4960-55747-0386.fits
4960/spec-4960-55747-0387.fits
4960/spec-4960-55747-0388.fits
4960/spec-4960-55747-0389.fits
4960/spec-4960-55747-0390.fits
4960/spec-4960-55747-0391.fits
4960/spec-4960-55747-0392.fits
4960/spec-4960-55747-0393.fits
4960/spec-4960-55747-0394.fits
4960/spec-4960-55747-0395.fits
4960/spec-4960-55747-0396.fits
4960/spec-4960-55747-0397.fits
4960/spec-4960-55747-0398.fits
4960/spec-4960-55747-0399.fits
4960/spec-4960-55747-0400.fits
4960/spec-4960-55747-0401.fits
4960/spec-4960-55747-0402.fits
4960/spec-4960-55747-0403.fits
4960/spec-4960-55747-0404.fits
4960/spec-4960-55747-0405.fits
4960/spec-4960-55747-0406.fits
4960/spec-4960-55747-0407.fits
4960/spec-4960-55747-0408.fits
4960/spec-4960-55747-0409.fits
4960/spec-4960-55747-0410.fits
4960/spec-4960-55747-0411.fits
4960/spec-4960-55747-0412.fits
4960/spec-4960-55747-0413.fits
4960/spec-4960-55747-0414.fits
4960/spec-4960-55747-0415.fits
4960/spec-4960-55747-0416.fits
4960/spec-4960-55747-0417.fits
4960/spec-4960-55747-0418.fits
4960/spec-4960-55747-0419.fits
4960/spec-4960-55747-0420.fits
4960/spec-4960-55747-0421.fits
4960/spec-4960-55747-0422.fits
4960/spec-4960-55747-0423.fits
4960/spec-4960-55747-0424.fits
4960/spec-4960-55747-0425.fits
4960/spec-4960-55747-0426.fits
4960/spec-4960-55747-0427.fits
4960/spec-4960-55747-0428.fits
4960/spec-4960-55747-0429.fits
4960/spec-4960-55747-0430.fits
4960/spec-4960-55747-0431.fits
4960/spec-4960-55747-0432.fits
4960/spec-4960-55747-0433.fits
4960/spec-4960-55747-0434.fits
4960/spec-4960-55747-0435.fits
4960/spec-4960-55747-0436.fits
4960/spec-4960-55747-0437.fits
4960/spec-4960-55747-0438.fits
4960/spec-4960-55747-0439.fits
4960/spec-4960-55747-0440.fits
4960/spec-4960-55747-0441.fits
4960/spec-4960-55747-0442.fits
4960/spec-4960-55747-0443.fits
4960/spec-4960-55747-0444.fits
4960/spec-4960-55747-0445.fits
4960/spec-4960-55747-0446.fits
4960/spec-4960-55747-0447.fits
4960/spec-4960-55747-0448.fits
4960/spec-4960-55747-0449.fits
4960/spec-4960-55747-0450.fits
4960/spec-4960-55747-0451.fits
4960/spec-4960-55747-0452.fits
4960/spec-4960-55747-0453.fits
4960/spec-4960-55747-0454.fits
4960/spec-4960-55747-0455.fits
4960/spec-4960-55747-0456.fits
4960/spec-4960-55747-0457.fits
4960/spec-4960-55747-0458.fits
4960/spec-4960-55747-0459.fits
4960/spec-4960-55747-0460.fits
4960/spec-4960-55747-0461.fits
4960/spec-4960-55747-0462.fits
4960/spec-4960-55747-0463.fits
4960/spec-4960-55747-0464.fits
4960/spec-4960-55747-0465.fits
4960/spec-4960-55747-0466.fits
4960/spec-4960-55747-0467.fits
4960/spec-4960-55747-0468.fits
4960/spec-4960-55747-0469.fits
4960/spec-4960-55747-0470.fits
4960/spec-4960-55747-0471.fits
4960/spec-4960-55747-0472.fits
4960/spec-4960-55747-0473.fits
4960/spec-4960-55747-0474.fits
4960/spec-4960-55747-0475.fits
4960/spec-4960-55747-0476.fits
4960/spec-4960-55747-0477.fits
4960/spec-4960-55747-0478.fits
4960/spec-4960-55747-0479.fits
4960/spec-4960-55747-0480.fits
4960/spec-4960-55747-0481.fits
4960/spec-4960-55747-0482.fits
4960/spec-4960-55747-0483.fits
4960/spec-4960-55747-0484.fits
4960/spec-4960-55747-0485.fits
4960/spec-4960-55747-0486.fits
4960/spec-4960-55747-0487.fits
4960/spec-4960-55747-0488.fits
4960/spec-4960-55747-0489.fits
4960/spec-4960-55747-0490.fits
4960/spec-4960-55747-0491.fits
4960/spec-4960-55747-0492.fits
4960/spec-4960-55747-0493.fits
4960/spec-4960-55747-0494.fits
4960/spec-4960-55747-0495.fits
4960/spec-4960-55747-0496.fits
4960/spec-4960-55747-0497.fits
4960/spec-4960-55747-0498.fits
4960/spec-4960-55747-0499.fits
4960/spec-4960-55747-0500.fits
4960/spec-4960-55747-0501.fits
4960/spec-4960-55747-0502.fits
4960/spec-4960-55747-0503.fits
4960/spec-4960-55747-0504.fits
4960/spec-4960-55747-0505.fits
4960/spec-4960-55747-0506.fits
4960/spec-4960-55747-0507.fits
4960/spec-4960-55747-0508.fits
4960/spec-4960-55747-0509.fits
4960/spec-4960-55747-0510.fits
4960/spec-4960-55747-0511.fits
4960/spec-4960-55747-0512.fits
4960/spec-4960-55747-0513.fits
4960/spec-4960-55747-0514.fits
4960/spec-4960-55747-0515.fits
4960/spec-4960-55747-0516.fits
4960/spec-4960-55747-0517.fits
4960/spec-4960-55747-0518.fits
4960/spec-4960-55747-0519.fits
4960/spec-4960-55747-0520.fits
4960/spec-4960-55747-0521.fits
4960/spec-4960-55747-0522.fits
4960/spec-4960-55747-0523.fits
4960/spec-4960-55747-0524.fits
4960/spec-4960-55747-0525.fits
4960/spec-4960-55747-0526.fits
4960/spec-4960-55747-0527.fits
4960/spec-4960-55747-0528.fits
4960/spec-4960-55747-0529.fits
4960/spec-4960-55747-0530.fits
4960/spec-4960-55747-0531.fits
4960/spec-4960-55747-0532.fits
4960/spec-4960-55747-0533.fits
4960/spec-4960-55747-0534.fits
4960/spec-4960-55747-0535.fits
4960/spec-4960-55747-0536.fits
4960/spec-4960-55747-0537.fits
4960/spec-4960-55747-0538.fits
4960/spec-4960-55747-0539.fits
4960/spec-4960-55747-0540.fits
4960/spec-4960-55747-0541.fits
4960/spec-4960-55747-0542.fits
4960/spec-4960-55747-0543.fits
4960/spec-4960-55747-0544.fits
4960/spec-4960-55747-0545.fits
4960/spec-4960-55747-0546.fits
4960/spec-4960-55747-0547.fits
4960/spec-4960-55747-0548.fits
4960/spec-4960-55747-0549.fits
4960/spec-4960-55747-0550.fits
4960/spec-4960-55747-0551.fits
4960/spec-4960-55747-0552.fits
4960/spec-4960-55747-0553.fits
4960/spec-4960-55747-0554.fits
4960/spec-4960-55747-0555.fits
4960/spec-4960-55747-0556.fits
4960/spec-4960-55747-0557.fits
4960/spec-4960-55747-0558.fits
4960/spec-4960-55747-0559.fits
4960/spec-4960-55747-0560.fits
4960/spec-4960-55747-0561.fits
4960/spec-4960-55747-0562.fits
4960/spec-4960-55747-0563.fits
4960/spec-4960-55747-0564.fits
4960/spec-4960-55747-0565.fits
4960/spec-4960-55747-0566.fits
4960/spec-4960-55747-0567.fits
4960/spec-4960-55747-0568.fits
4960/spec-4960-55747-0569.fits
4960/spec-4960-55747-0570.fits
4960/spec-4960-55747-0571.fits
4960/spec-4960-55747-0572.fits
4960/spec-4960-55747-0573.fits
4960/spec-4960-55747-0574.fits
4960/spec-4960-55747-0575.fits
4960/spec-4960-55747-0576.fits
4960/spec-4960-55747-0577.fits
4960/spec-4960-55747-0578.fits
4960/spec-4960-55747-0579.fits
4960/spec-4960-55747-0580.fits
4960/spec-4960-55747-0581.fits
4960/spec-4960-55747-0582.fits
4960/spec-4960-55747-0583.fits
4960/spec-4960-55747-0584.fits
4960/spec-4960-55747-0585.fits
4960/spec-4960-55747-0586.fits
4960/spec-4960-55747-0587.fits
4960/spec-4960-55747-0588.fits
4960/spec-4960-55747-0589.fits
4960/spec-4960-55747-0590.fits
4960/spec-4960-55747-0591.fits
4960/spec-4960-55747-0592.fits
4960/spec-4960-55747-0593.fits
4960/spec-4960-55747-0594.fits
4960/spec-4960-55747-0595.fits
4960/spec-4960-55747-0596.fits
4960/spec-4960-55747-0597.fits
4960/spec-4960-55747-0598.fits
4960/spec-4960-55747-0599.fits
4960/spec-4960-55747-0600.fits
4960/spec-4960-55747-0601.fits
4960/spec-4960-55747-0602.fits
4960/spec-4960-55747-0603.fits
4960/spec-4960-55747-0604.fits
4960/spec-4960-55747-0605.fits
4960/spec-4960-55747-0606.fits
4960/spec-4960-55747-0607.fits
4960/spec-4960-55747-0608.fits
4960/spec-4960-55747-0609.fits
4960/spec-4960-55747-0610.fits
4960/spec-4960-55747-0611.fits
4960/spec-4960-55747-0612.fits
4960/spec-4960-55747-0613.fits
4960/spec-4960-55747-0614.fits
4960/spec-4960-55747-0615.fits
4960/spec-4960-55747-0616.fits
4960/spec-4960-55747-0617.fits
4960/spec-4960-55747-0618.fits
4960/spec-4960-55747-0619.fits
4960/spec-4960-55747-0620.fits
4960/spec-4960-55747-0621.fits
4960/spec-4960-55747-0622.fits
4960/spec-4960-55747-0623.fits
4960/spec-4960-55747-0624.fits
4960/spec-4960-55747-0625.fits
4960/spec-4960-55747-0626.fits
4960/spec-4960-55747-0627.fits
4960/spec-4960-55747-0628.fits
4960/spec-4960-55747-0629.fits
4960/spec-4960-55747-0630.fits
4960/spec-4960-55747-0631.fits
4960/spec-4960-55747-0632.fits
4960/spec-4960-55747-0633.fits
4960/spec-4960-55747-0634.fits
4960/spec-4960-55747-0635.fits
4960/spec-4960-55747-0636.fits
4960/spec-4960-55747-0637.fits
4960/spec-4960-55747-0638.fits
4960/spec-4960-55747-0639.fits
4960/spec-4960-55747-0640.fits
4960/spec-4960-55747-0641.fits
4960/spec-4960-55747-0642.fits
4960/spec-4960-55747-0643.fits
4960/spec-4960-55747-0644.fits
4960/spec-4960-55747-0645.fits
4960/spec-4960-55747-0646.fits
4960/spec-4960-55747-0647.fits
4960/spec-4960-55747-0648.fits
4960/spec-4960-55747-0649.fits
4960/spec-4960-55747-0650.fits
4960/spec-4960-55747-0651.fits
4960/spec-4960-55747-0652.fits
4960/spec-4960-55747-0653.fits
4960/spec-4960-55747-0654.fits
4960/spec-4960-55747-0655.fits
4960/spec-4960-55747-0656.fits
4960/spec-4960-55747-0657.fits
4960/spec-4960-55747-0658.fits
4960/spec-4960-55747-0659.fits
4960/spec-4960-55747-0660.fits
4960/spec-4960-55747-0661.fits
4960/spec-4960-55747-0662.fits
4960/spec-4960-55747-0663.fits
4960/spec-4960-55747-0664.fits
4960/spec-4960-55747-0665.fits
4960/spec-4960-55747-0666.fits
4960/spec-4960-55747-0667.fits
4960/spec-4960-55747-0668.fits
4960/spec-4960-55747-0669.fits
4960/spec-4960-55747-0670.fits
4960/spec-4960-55747-0671.fits
4960/spec-4960-55747-0672.fits
4960/spec-4960-55747-0673.fits
4960/spec-4960-55747-0674.fits
4960/spec-4960-55747-0675.fits
4960/spec-4960-55747-0676.fits
4960/spec-4960-55747-0677.fits
4960/spec-4960-55747-0678.fits
4960/spec-4960-55747-0679.fits
4960/spec-4960-55747-0680.fits
4960/spec-4960-55747-0681.fits
4960/spec-4960-55747-0682.fits
4960/spec-4960-55747-0683.fits
4960/spec-4960-55747-0684.fits
4960/spec-4960-55747-0685.fits
4960/spec-4960-55747-0686.fits
4960/spec-4960-55747-0687.fits
4960/spec-4960-55747-0688.fits
4960/spec-4960-55747-0689.fits
4960/spec-4960-55747-0690.fits
4960/spec-4960-55747-0691.fits
4960/spec-4960-55747-0692.fits
4960/spec-4960-55747-0693.fits
4960/spec-4960-55747-0694.fits
4960/spec-4960-55747-0695.fits
4960/spec-4960-55747-0696.fits
4960/spec-4960-55747-0697.fits
4960/spec-4960-55747-0698.fits
4960/spec-4960-55747-0699.fits
4960/spec-4960-55747-0700.fits
4960/spec-4960-55747-0701.fits
4960/spec-4960-55747-0702.fits
4960/spec-4960-55747-0703.fits
4960/spec-4960-55747-0704.fits
4960/spec-4960-55747-0705.fits
4960/spec-4960-55747-0706.fits
4960/spec-4960-55747-0707.fits
4960/spec-4960-55747-0708.fits
4960/spec-4960-55747-0709.fits
4960/spec-4960-55747-0710.fits
4960/spec-4960-55747-0711.fits
4960/spec-4960-55747-0712.fits
4960/spec-4960-55747-0713.fits
4960/spec-4960-55747-0714.fits
4960/spec-4960-55747-0715.fits
4960/spec-4960-55747-0716.fits
4960/spec-4960-55747-0717.fits
4960/spec-4960-55747-0718.fits
4960/spec-4960-55747-0719.fits
4960/spec-4960-55747-0720.fits
4960/spec-4960-55747-0721.fits
4960/spec-4960-55747-0722.fits
4960/spec-4960-55747-0723.fits
4960/spec-4960-55747-0724.fits
4960/spec-4960-55747-0725.fits
4960/spec-4960-55747-0726.fits
4960/spec-4960-55747-0727.fits
4960/spec-4960-55747-0728.fits
4960/spec-4960-55747-0729.fits
4960/spec-4960-55747-0730.fits
4960/spec-4960-55747-0731.fits
4960/spec-4960-55747-0732.fits
4960/spec-4960-55747-0733.fits
4960/spec-4960-55747-0734.fits
4960/spec-4960-55747-0735.fits
4960/spec-4960-55747-0736.fits
4960/spec-4960-55747-0737.fits
4960/spec-4960-55747-0738.fits
4960/spec-4960-55747-0739.fits
4960/spec-4960-55747-0740.fits
4960/spec-4960-55747-0741.fits
4960/spec-4960-55747-0742.fits
4960/spec-4960-55747-0743.fits
4960/spec-4960-55747-0744.fits
4960/spec-4960-55747-0745.fits
4960/spec-4960-55747-0746.fits
4960/spec-4960-55747-0747.fits
4960/spec-4960-55747-0748.fits
4960/spec-4960-55747-0749.fits
4960/spec-4960-55747-0750.fits
4960/spec-4960-55747-0751.fits
4960/spec-4960-55747-0752.fits
4960/spec-4960-55747-0753.fits
4960/spec-4960-55747-0754.fits
4960/spec-4960-55747-0755.fits
4960/spec-4960-55747-0756.fits
4960/spec-4960-55747-0757.fits
4960/spec-4960-55747-0758.fits
4960/spec-4960-55747-0759.fits
4960/spec-4960-55747-0760.fits
4960/spec-4960-55747-0761.fits
4960/spec-4960-55747-0762.fits
4960/spec-4960-55747-0763.fits
4960/spec-4960-55747-0764.fits
4960/spec-4960-55747-0765.fits
4960/spec-4960-55747-0766.fits
4960/spec-4960-55747-0767.fits
4960/spec-4960-55747-0768.fits
4960/spec-4960-55747-0769.fits
4960/spec-4960-55747-0770.fits
4960/spec-4960-55747-0771.fits
4960/spec-4960-55747-0772.fits
4960/spec-4960-55747-0773.fits
4960/spec-4960-55747-0774.fits
4960/spec-4960-55747-0775.fits
4960/spec-4960-55747-0776.fits
4960/spec-4960-55747-0777.fits
4960/spec-4960-55747-0778.fits
4960/spec-4960-55747-0779.fits
4960/spec-4960-55747-0780.fits
4960/spec-4960-55747-0781.fits
4960/spec-4960-55747-0782.fits
4960/spec-4960-55747-0783.fits
4960/spec-4960-55747-0784.fits
4960/spec-4960-55747-0785.fits
4960/spec-4960-55747-0786.fits
4960/spec-4960-55747-0787.fits
4960/spec-4960-55747-0788.fits
4960/spec-4960-55747-0789.fits
4960/spec-4960-55747-0790.fits
4960/spec-4960-55747-0791.fits
4960/spec-4960-55747-0792.fits
4960/spec-4960-55747-0793.fits
4960/spec-4960-55747-0794.fits
4960/spec-4960-55747-0795.fits
4960/spec-4960-55747-0796.fits
4960/spec-4960-55747-0797.fits
4960/spec-4960-55747-0798.fits
4960/spec-4960-55747-0799.fits
4960/spec-4960-55747-0800.fits
4960/spec-4960-55747-0801.fits
4960/spec-4960-55747-0802.fits
4960/spec-4960-55747-0803.fits
4960/spec-4960-55747-0804.fits
4960/spec-4960-55747-0805.fits
4960/spec-4960-55747-0806.fits
4960/spec-4960-55747-0807.fits
4960/spec-4960-55747-0808.fits
4960/spec-4960-55747-0809.fits
4960/spec-4960-55747-0810.fits
4960/spec-4960-55747-0811.fits
4960/spec-4960-55747-0812.fits
4960/spec-4960-55747-0813.fits
4960/spec-4960-55747-0814.fits
4960/spec-4960-55747-0815.fits
4960/spec-4960-55747-0816.fits
4960/spec-4960-55747-0817.fits
4960/spec-4960-55747-0818.fits
4960/spec-4960-55747-0819.fits
4960/spec-4960-55747-0820.fits
4960/spec-4960-55747-0821.fits
4960/spec-4960-55747-0822.fits
4960/spec-4960-55747-0823.fits
4960/spec-4960-55747-0824.fits
4960/spec-4960-55747-0825.fits
4960/spec-4960-55747-0826.fits
4960/spec-4960-55747-0827.fits
4960/spec-4960-55747-0828.fits
4960/spec-4960-55747-0829.fits
4960/spec-4960-55747-0830.fits
4960/spec-4960-55747-0831.fits
4960/spec-4960-55747-0832.fits
4960/spec-4960-55747-0833.fits
4960/spec-4960-55747-0834.fits
4960/spec-4960-55747-0835.fits
4960/spec-4960-55747-0836.fits
4960/spec-4960-55747-0837.fits
4960/spec-4960-55747-0838.fits
4960/spec-4960-55747-0839.fits
4960/spec-4960-55747-0840.fits
4960/spec-4960-55747-0841.fits
4960/spec-4960-55747-0842.fits
4960/spec-4960-55747-0843.fits
4960/spec-4960-55747-0844.fits
4960/spec-4960-55747-0845.fits
4960/spec-4960-55747-0846.fits
4960/spec-4960-55747-0847.fits
4960/spec-4960-55747-0848.fits
4960/spec-4960-55747-0849.fits
4960/spec-4960-55747-0850.fits
4960/spec-4960-55747-0851.fits
4960/spec-4960-55747-0852.fits
4960/spec-4960-55747-0853.fits
4960/spec-4960-55747-0854.fits
4960/spec-4960-55747-0855.fits
4960/spec-4960-55747-0856.fits
4960/spec-4960-55747-0857.fits
4960/spec-4960-55747-0858.fits
4960/spec-4960-55747-0859.fits
4960/spec-4960-55747-0860.fits
4960/spec-4960-55747-0861.fits
4960/spec-4960-55747-0862.fits
4960/spec-4960-55747-0863.fits
4960/spec-4960-55747-0864.fits
4960/spec-4960-55747-0865.fits
4960/spec-4960-55747-0866.fits
4960/spec-4960-55747-0867.fits
4960/spec-4960-55747-0868.fits
4960/spec-4960-55747-0869.fits
4960/spec-4960-55747-0870.fits
4960/spec-4960-55747-0871.fits
4960/spec-4960-55747-0872.fits
4960/spec-4960-55747-0873.fits
4960/spec-4960-55747-0874.fits
4960/spec-4960-55747-0875.fits
4960/spec-4960-55747-0876.fits
4960/spec-4960-55747-0877.fits
4960/spec-4960-55747-0878.fits
4960/spec-4960-55747-0879.fits
4960/spec-4960-55747-0880.fits
4960/spec-4960-55747-0881.fits
4960/spec-4960-55747-0882.fits
4960/spec-4960-55747-0883.fits
4960/spec-4960-55747-0884.fits
4960/spec-4960-55747-0885.fits
4960/spec-4960-55747-0886.fits
4960/spec-4960-55747-0887.fits
4960/spec-4960-55747-0888.fits
4960/spec-4960-55747-0889.fits
4960/spec-4960-55747-0890.fits
4960/spec-4960-55747-0891.fits
4960/spec-4960-55747-0892.fits
4960/spec-4960-55747-0893.fits
4960/spec-4960-55747-0894.fits
4960/spec-4960-55747-0895.fits
4960/spec-4960-55747-0896.fits
4960/spec-4960-55747-0897.fits
4960/spec-4960-55747-0898.fits
4960/spec-4960-55747-0899.fits
4960/spec-4960-55747-0900.fits
4960/spec-4960-55747-0901.fits
4960/spec-4960-55747-0902.fits
4960/spec-4960-55747-0903.fits
4960/spec-4960-55747-0904.fits
4960/spec-4960-55747-0905.fits
4960/spec-4960-55747-0906.fits
4960/spec-4960-55747-0907.fits
4960/spec-4960-55747-0908.fits
4960/spec-4960-55747-0909.fits
4960/spec-4960-55747-0910.fits
4960/spec-4960-55747-0911.fits
4960/spec-4960-55747-0912.fits
4960/spec-4960-55747-0913.fits
4960/spec-4960-55747-0914.fits
4960/spec-4960-55747-0915.fits
4960/spec-4960-55747-0916.fits
4960/spec-4960-55747-0917.fits
4960/spec-4960-55747-0918.fits
4960/spec-4960-55747-0919.fits
4960/spec-4960-55747-0920.fits
4960/spec-4960-55747-0921.fits
4960/spec-4960-55747-0922.fits
4960/spec-4960-55747-0923.fits
4960/spec-4960-55747-0924.fits
4960/spec-4960-55747-0925.fits
4960/spec-4960-55747-0926.fits
4960/spec-4960-55747-0927.fits
4960/spec-4960-55747-0928.fits
4960/spec-4960-55747-0929.fits
4960/spec-4960-55747-0930.fits
4960/spec-4960-55747-0931.fits
4960/spec-4960-55747-0932.fits
4960/spec-4960-55747-0933.fits
4960/spec-4960-55747-0934.fits
4960/spec-4960-55747-0935.fits
4960/spec-4960-55747-0936.fits
4960/spec-4960-55747-0937.fits
4960/spec-4960-55747-0938.fits
4960/spec-4960-55747-0939.fits
4960/spec-4960-55747-0940.fits
4960/spec-4960-55747-0941.fits
4960/spec-4960-55747-0942.fits
4960/spec-4960-55747-0943.fits
4960/spec-4960-55747-0944.fits
4960/spec-4960-55747-0945.fits
4960/spec-4960-55747-0946.fits
4960/spec-4960-55747-0947.fits
4960/spec-4960-55747-0948.fits
4960/spec-4960-55747-0949.fits
4960/spec-4960-55747-0950.fits
4960/spec-4960-55747-0951.fits
4960/spec-4960-55747-0952.fits
4960/spec-4960-55747-0953.fits
4960/spec-4960-55747-0954.fits
4960/spec-4960-55747-0955.fits
4960/spec-4960-55747-0956.fits
4960/spec-4960-55747-0957.fits
4960/spec-4960-55747-0958.fits
4960/spec-4960-55747-0959.fits
4960/spec-4960-55747-0960.fits
4960/spec-4960-55747-0961.fits
4960/spec-4960-55747-0962.fits
4960/spec-4960-55747-0963.fits
4960/spec-4960-55747-0964.fits
4960/spec-4960-55747-0965.fits
4960/spec-4960-55747-0966.fits
4960/spec-4960-55747-0967.fits
4960/spec-4960-55747-0968.fits
4960/spec-4960-55747-0969.fits
4960/spec-4960-55747-0970.fits
4960/spec-4960-55747-0971.fits
4960/spec-4960-55747-0972.fits
4960/spec-4960-55747-0973.fits
4960/spec-4960-55747-0974.fits
4960/spec-4960-55747-0975.fits
4960/spec-4960-55747-0976.fits
4960/spec-4960-55747-0977.fits
4960/spec-4960-55747-0978.fits
4960/spec-4960-55747-0979.fits
4960/spec-4960-55747-0980.fits
4960/spec-4960-55747-0981.fits
4960/spec-4960-55747-0982.fits
4960/spec-4960-55747-0983.fits
4960/spec-4960-55747-0984.fits
4960/spec-4960-55747-0985.fits
4960/spec-4960-55747-0986.fits
4960/spec-4960-55747-0987.fits
4960/spec-4960-55747-0988.fits
4960/spec-4960-55747-0989.fits
4960/spec-4960-55747-0990.fits
4960/spec-4960-55747-0991.fits
4960/spec-4960-55747-0992.fits
4960/spec-4960-55747-0993.fits
4960/spec-4960-55747-0994.fits
4960/spec-4960-55747-0995.fits
4960/spec-4960-55747-0996.fits
4960/spec-4960-55747-0997.fits
4960/spec-4960-55747-0998.fits
4960/spec-4960-55747-0999.fits
4960/spec-4960-55747-1000.fits
/var/lib/condor/execute/slot1/dir_52826
4960 4960.tgz R R361.tar.gz _condor_stderr _condor_stdout cB58_Lyman_break.fit condor_exec.exe hw4.R packages packages.tar.gz tmp var
[1] "Loaded package astro."
[1] 1000
4960 4960.csv 4960.tgz R R361.tar.gz _condor_stderr _condor_stdout cB58_Lyman_break.fit condor_exec.exe hw4.R packages packages.tar.gz tmp var
