4976
4976/
4976/spec-4976-56046-0001.fits
4976/spec-4976-56046-0002.fits
4976/spec-4976-56046-0003.fits
4976/spec-4976-56046-0004.fits
4976/spec-4976-56046-0005.fits
4976/spec-4976-56046-0006.fits
4976/spec-4976-56046-0007.fits
4976/spec-4976-56046-0008.fits
4976/spec-4976-56046-0009.fits
4976/spec-4976-56046-0010.fits
4976/spec-4976-56046-0011.fits
4976/spec-4976-56046-0012.fits
4976/spec-4976-56046-0013.fits
4976/spec-4976-56046-0014.fits
4976/spec-4976-56046-0015.fits
4976/spec-4976-56046-0016.fits
4976/spec-4976-56046-0017.fits
4976/spec-4976-56046-0018.fits
4976/spec-4976-56046-0019.fits
4976/spec-4976-56046-0020.fits
4976/spec-4976-56046-0021.fits
4976/spec-4976-56046-0022.fits
4976/spec-4976-56046-0023.fits
4976/spec-4976-56046-0024.fits
4976/spec-4976-56046-0025.fits
4976/spec-4976-56046-0026.fits
4976/spec-4976-56046-0027.fits
4976/spec-4976-56046-0028.fits
4976/spec-4976-56046-0029.fits
4976/spec-4976-56046-0030.fits
4976/spec-4976-56046-0031.fits
4976/spec-4976-56046-0032.fits
4976/spec-4976-56046-0033.fits
4976/spec-4976-56046-0034.fits
4976/spec-4976-56046-0035.fits
4976/spec-4976-56046-0036.fits
4976/spec-4976-56046-0037.fits
4976/spec-4976-56046-0038.fits
4976/spec-4976-56046-0039.fits
4976/spec-4976-56046-0040.fits
4976/spec-4976-56046-0041.fits
4976/spec-4976-56046-0042.fits
4976/spec-4976-56046-0043.fits
4976/spec-4976-56046-0044.fits
4976/spec-4976-56046-0045.fits
4976/spec-4976-56046-0046.fits
4976/spec-4976-56046-0047.fits
4976/spec-4976-56046-0048.fits
4976/spec-4976-56046-0049.fits
4976/spec-4976-56046-0050.fits
4976/spec-4976-56046-0051.fits
4976/spec-4976-56046-0052.fits
4976/spec-4976-56046-0053.fits
4976/spec-4976-56046-0054.fits
4976/spec-4976-56046-0055.fits
4976/spec-4976-56046-0056.fits
4976/spec-4976-56046-0057.fits
4976/spec-4976-56046-0058.fits
4976/spec-4976-56046-0059.fits
4976/spec-4976-56046-0060.fits
4976/spec-4976-56046-0061.fits
4976/spec-4976-56046-0062.fits
4976/spec-4976-56046-0063.fits
4976/spec-4976-56046-0064.fits
4976/spec-4976-56046-0065.fits
4976/spec-4976-56046-0066.fits
4976/spec-4976-56046-0067.fits
4976/spec-4976-56046-0068.fits
4976/spec-4976-56046-0069.fits
4976/spec-4976-56046-0070.fits
4976/spec-4976-56046-0071.fits
4976/spec-4976-56046-0072.fits
4976/spec-4976-56046-0073.fits
4976/spec-4976-56046-0074.fits
4976/spec-4976-56046-0075.fits
4976/spec-4976-56046-0076.fits
4976/spec-4976-56046-0077.fits
4976/spec-4976-56046-0078.fits
4976/spec-4976-56046-0079.fits
4976/spec-4976-56046-0080.fits
4976/spec-4976-56046-0081.fits
4976/spec-4976-56046-0082.fits
4976/spec-4976-56046-0083.fits
4976/spec-4976-56046-0084.fits
4976/spec-4976-56046-0085.fits
4976/spec-4976-56046-0086.fits
4976/spec-4976-56046-0087.fits
4976/spec-4976-56046-0088.fits
4976/spec-4976-56046-0089.fits
4976/spec-4976-56046-0090.fits
4976/spec-4976-56046-0091.fits
4976/spec-4976-56046-0092.fits
4976/spec-4976-56046-0093.fits
4976/spec-4976-56046-0094.fits
4976/spec-4976-56046-0095.fits
4976/spec-4976-56046-0096.fits
4976/spec-4976-56046-0097.fits
4976/spec-4976-56046-0098.fits
4976/spec-4976-56046-0099.fits
4976/spec-4976-56046-0100.fits
4976/spec-4976-56046-0101.fits
4976/spec-4976-56046-0102.fits
4976/spec-4976-56046-0103.fits
4976/spec-4976-56046-0104.fits
4976/spec-4976-56046-0105.fits
4976/spec-4976-56046-0106.fits
4976/spec-4976-56046-0107.fits
4976/spec-4976-56046-0108.fits
4976/spec-4976-56046-0109.fits
4976/spec-4976-56046-0110.fits
4976/spec-4976-56046-0111.fits
4976/spec-4976-56046-0112.fits
4976/spec-4976-56046-0113.fits
4976/spec-4976-56046-0114.fits
4976/spec-4976-56046-0115.fits
4976/spec-4976-56046-0116.fits
4976/spec-4976-56046-0117.fits
4976/spec-4976-56046-0118.fits
4976/spec-4976-56046-0119.fits
4976/spec-4976-56046-0120.fits
4976/spec-4976-56046-0121.fits
4976/spec-4976-56046-0122.fits
4976/spec-4976-56046-0123.fits
4976/spec-4976-56046-0124.fits
4976/spec-4976-56046-0125.fits
4976/spec-4976-56046-0126.fits
4976/spec-4976-56046-0127.fits
4976/spec-4976-56046-0128.fits
4976/spec-4976-56046-0129.fits
4976/spec-4976-56046-0130.fits
4976/spec-4976-56046-0131.fits
4976/spec-4976-56046-0132.fits
4976/spec-4976-56046-0133.fits
4976/spec-4976-56046-0134.fits
4976/spec-4976-56046-0135.fits
4976/spec-4976-56046-0136.fits
4976/spec-4976-56046-0137.fits
4976/spec-4976-56046-0138.fits
4976/spec-4976-56046-0139.fits
4976/spec-4976-56046-0140.fits
4976/spec-4976-56046-0141.fits
4976/spec-4976-56046-0142.fits
4976/spec-4976-56046-0143.fits
4976/spec-4976-56046-0144.fits
4976/spec-4976-56046-0145.fits
4976/spec-4976-56046-0146.fits
4976/spec-4976-56046-0147.fits
4976/spec-4976-56046-0148.fits
4976/spec-4976-56046-0149.fits
4976/spec-4976-56046-0150.fits
4976/spec-4976-56046-0151.fits
4976/spec-4976-56046-0152.fits
4976/spec-4976-56046-0153.fits
4976/spec-4976-56046-0154.fits
4976/spec-4976-56046-0155.fits
4976/spec-4976-56046-0156.fits
4976/spec-4976-56046-0157.fits
4976/spec-4976-56046-0158.fits
4976/spec-4976-56046-0159.fits
4976/spec-4976-56046-0160.fits
4976/spec-4976-56046-0161.fits
4976/spec-4976-56046-0162.fits
4976/spec-4976-56046-0163.fits
4976/spec-4976-56046-0164.fits
4976/spec-4976-56046-0165.fits
4976/spec-4976-56046-0166.fits
4976/spec-4976-56046-0167.fits
4976/spec-4976-56046-0168.fits
4976/spec-4976-56046-0169.fits
4976/spec-4976-56046-0170.fits
4976/spec-4976-56046-0171.fits
4976/spec-4976-56046-0172.fits
4976/spec-4976-56046-0173.fits
4976/spec-4976-56046-0174.fits
4976/spec-4976-56046-0175.fits
4976/spec-4976-56046-0176.fits
4976/spec-4976-56046-0177.fits
4976/spec-4976-56046-0178.fits
4976/spec-4976-56046-0179.fits
4976/spec-4976-56046-0180.fits
4976/spec-4976-56046-0181.fits
4976/spec-4976-56046-0182.fits
4976/spec-4976-56046-0183.fits
4976/spec-4976-56046-0184.fits
4976/spec-4976-56046-0185.fits
4976/spec-4976-56046-0186.fits
4976/spec-4976-56046-0187.fits
4976/spec-4976-56046-0188.fits
4976/spec-4976-56046-0189.fits
4976/spec-4976-56046-0190.fits
4976/spec-4976-56046-0191.fits
4976/spec-4976-56046-0192.fits
4976/spec-4976-56046-0193.fits
4976/spec-4976-56046-0194.fits
4976/spec-4976-56046-0195.fits
4976/spec-4976-56046-0196.fits
4976/spec-4976-56046-0197.fits
4976/spec-4976-56046-0198.fits
4976/spec-4976-56046-0199.fits
4976/spec-4976-56046-0200.fits
4976/spec-4976-56046-0201.fits
4976/spec-4976-56046-0202.fits
4976/spec-4976-56046-0203.fits
4976/spec-4976-56046-0204.fits
4976/spec-4976-56046-0205.fits
4976/spec-4976-56046-0206.fits
4976/spec-4976-56046-0207.fits
4976/spec-4976-56046-0208.fits
4976/spec-4976-56046-0209.fits
4976/spec-4976-56046-0210.fits
4976/spec-4976-56046-0211.fits
4976/spec-4976-56046-0212.fits
4976/spec-4976-56046-0213.fits
4976/spec-4976-56046-0214.fits
4976/spec-4976-56046-0215.fits
4976/spec-4976-56046-0216.fits
4976/spec-4976-56046-0217.fits
4976/spec-4976-56046-0218.fits
4976/spec-4976-56046-0219.fits
4976/spec-4976-56046-0220.fits
4976/spec-4976-56046-0221.fits
4976/spec-4976-56046-0222.fits
4976/spec-4976-56046-0223.fits
4976/spec-4976-56046-0224.fits
4976/spec-4976-56046-0225.fits
4976/spec-4976-56046-0226.fits
4976/spec-4976-56046-0227.fits
4976/spec-4976-56046-0228.fits
4976/spec-4976-56046-0229.fits
4976/spec-4976-56046-0230.fits
4976/spec-4976-56046-0231.fits
4976/spec-4976-56046-0232.fits
4976/spec-4976-56046-0233.fits
4976/spec-4976-56046-0234.fits
4976/spec-4976-56046-0235.fits
4976/spec-4976-56046-0236.fits
4976/spec-4976-56046-0237.fits
4976/spec-4976-56046-0238.fits
4976/spec-4976-56046-0239.fits
4976/spec-4976-56046-0240.fits
4976/spec-4976-56046-0241.fits
4976/spec-4976-56046-0242.fits
4976/spec-4976-56046-0243.fits
4976/spec-4976-56046-0244.fits
4976/spec-4976-56046-0245.fits
4976/spec-4976-56046-0246.fits
4976/spec-4976-56046-0247.fits
4976/spec-4976-56046-0248.fits
4976/spec-4976-56046-0249.fits
4976/spec-4976-56046-0250.fits
4976/spec-4976-56046-0251.fits
4976/spec-4976-56046-0252.fits
4976/spec-4976-56046-0253.fits
4976/spec-4976-56046-0254.fits
4976/spec-4976-56046-0255.fits
4976/spec-4976-56046-0256.fits
4976/spec-4976-56046-0257.fits
4976/spec-4976-56046-0258.fits
4976/spec-4976-56046-0259.fits
4976/spec-4976-56046-0260.fits
4976/spec-4976-56046-0261.fits
4976/spec-4976-56046-0262.fits
4976/spec-4976-56046-0263.fits
4976/spec-4976-56046-0264.fits
4976/spec-4976-56046-0265.fits
4976/spec-4976-56046-0266.fits
4976/spec-4976-56046-0267.fits
4976/spec-4976-56046-0268.fits
4976/spec-4976-56046-0269.fits
4976/spec-4976-56046-0270.fits
4976/spec-4976-56046-0271.fits
4976/spec-4976-56046-0272.fits
4976/spec-4976-56046-0273.fits
4976/spec-4976-56046-0274.fits
4976/spec-4976-56046-0275.fits
4976/spec-4976-56046-0276.fits
4976/spec-4976-56046-0277.fits
4976/spec-4976-56046-0278.fits
4976/spec-4976-56046-0279.fits
4976/spec-4976-56046-0280.fits
4976/spec-4976-56046-0281.fits
4976/spec-4976-56046-0282.fits
4976/spec-4976-56046-0283.fits
4976/spec-4976-56046-0284.fits
4976/spec-4976-56046-0285.fits
4976/spec-4976-56046-0286.fits
4976/spec-4976-56046-0287.fits
4976/spec-4976-56046-0288.fits
4976/spec-4976-56046-0289.fits
4976/spec-4976-56046-0290.fits
4976/spec-4976-56046-0291.fits
4976/spec-4976-56046-0292.fits
4976/spec-4976-56046-0293.fits
4976/spec-4976-56046-0294.fits
4976/spec-4976-56046-0295.fits
4976/spec-4976-56046-0296.fits
4976/spec-4976-56046-0297.fits
4976/spec-4976-56046-0298.fits
4976/spec-4976-56046-0299.fits
4976/spec-4976-56046-0300.fits
4976/spec-4976-56046-0301.fits
4976/spec-4976-56046-0302.fits
4976/spec-4976-56046-0303.fits
4976/spec-4976-56046-0304.fits
4976/spec-4976-56046-0305.fits
4976/spec-4976-56046-0306.fits
4976/spec-4976-56046-0307.fits
4976/spec-4976-56046-0308.fits
4976/spec-4976-56046-0309.fits
4976/spec-4976-56046-0310.fits
4976/spec-4976-56046-0311.fits
4976/spec-4976-56046-0312.fits
4976/spec-4976-56046-0313.fits
4976/spec-4976-56046-0314.fits
4976/spec-4976-56046-0315.fits
4976/spec-4976-56046-0316.fits
4976/spec-4976-56046-0317.fits
4976/spec-4976-56046-0318.fits
4976/spec-4976-56046-0319.fits
4976/spec-4976-56046-0320.fits
4976/spec-4976-56046-0321.fits
4976/spec-4976-56046-0322.fits
4976/spec-4976-56046-0323.fits
4976/spec-4976-56046-0324.fits
4976/spec-4976-56046-0325.fits
4976/spec-4976-56046-0326.fits
4976/spec-4976-56046-0327.fits
4976/spec-4976-56046-0328.fits
4976/spec-4976-56046-0329.fits
4976/spec-4976-56046-0330.fits
4976/spec-4976-56046-0331.fits
4976/spec-4976-56046-0332.fits
4976/spec-4976-56046-0333.fits
4976/spec-4976-56046-0334.fits
4976/spec-4976-56046-0335.fits
4976/spec-4976-56046-0336.fits
4976/spec-4976-56046-0337.fits
4976/spec-4976-56046-0338.fits
4976/spec-4976-56046-0339.fits
4976/spec-4976-56046-0340.fits
4976/spec-4976-56046-0341.fits
4976/spec-4976-56046-0342.fits
4976/spec-4976-56046-0343.fits
4976/spec-4976-56046-0344.fits
4976/spec-4976-56046-0345.fits
4976/spec-4976-56046-0346.fits
4976/spec-4976-56046-0347.fits
4976/spec-4976-56046-0348.fits
4976/spec-4976-56046-0349.fits
4976/spec-4976-56046-0350.fits
4976/spec-4976-56046-0351.fits
4976/spec-4976-56046-0352.fits
4976/spec-4976-56046-0353.fits
4976/spec-4976-56046-0354.fits
4976/spec-4976-56046-0355.fits
4976/spec-4976-56046-0356.fits
4976/spec-4976-56046-0357.fits
4976/spec-4976-56046-0358.fits
4976/spec-4976-56046-0359.fits
4976/spec-4976-56046-0360.fits
4976/spec-4976-56046-0361.fits
4976/spec-4976-56046-0362.fits
4976/spec-4976-56046-0363.fits
4976/spec-4976-56046-0364.fits
4976/spec-4976-56046-0365.fits
4976/spec-4976-56046-0366.fits
4976/spec-4976-56046-0367.fits
4976/spec-4976-56046-0368.fits
4976/spec-4976-56046-0369.fits
4976/spec-4976-56046-0370.fits
4976/spec-4976-56046-0371.fits
4976/spec-4976-56046-0372.fits
4976/spec-4976-56046-0373.fits
4976/spec-4976-56046-0374.fits
4976/spec-4976-56046-0375.fits
4976/spec-4976-56046-0376.fits
4976/spec-4976-56046-0377.fits
4976/spec-4976-56046-0378.fits
4976/spec-4976-56046-0379.fits
4976/spec-4976-56046-0380.fits
4976/spec-4976-56046-0381.fits
4976/spec-4976-56046-0382.fits
4976/spec-4976-56046-0383.fits
4976/spec-4976-56046-0384.fits
4976/spec-4976-56046-0385.fits
4976/spec-4976-56046-0386.fits
4976/spec-4976-56046-0387.fits
4976/spec-4976-56046-0388.fits
4976/spec-4976-56046-0389.fits
4976/spec-4976-56046-0390.fits
4976/spec-4976-56046-0391.fits
4976/spec-4976-56046-0392.fits
4976/spec-4976-56046-0393.fits
4976/spec-4976-56046-0394.fits
4976/spec-4976-56046-0395.fits
4976/spec-4976-56046-0396.fits
4976/spec-4976-56046-0397.fits
4976/spec-4976-56046-0398.fits
4976/spec-4976-56046-0399.fits
4976/spec-4976-56046-0400.fits
4976/spec-4976-56046-0401.fits
4976/spec-4976-56046-0402.fits
4976/spec-4976-56046-0403.fits
4976/spec-4976-56046-0404.fits
4976/spec-4976-56046-0405.fits
4976/spec-4976-56046-0406.fits
4976/spec-4976-56046-0407.fits
4976/spec-4976-56046-0408.fits
4976/spec-4976-56046-0409.fits
4976/spec-4976-56046-0410.fits
4976/spec-4976-56046-0411.fits
4976/spec-4976-56046-0412.fits
4976/spec-4976-56046-0413.fits
4976/spec-4976-56046-0414.fits
4976/spec-4976-56046-0415.fits
4976/spec-4976-56046-0416.fits
4976/spec-4976-56046-0417.fits
4976/spec-4976-56046-0418.fits
4976/spec-4976-56046-0419.fits
4976/spec-4976-56046-0420.fits
4976/spec-4976-56046-0421.fits
4976/spec-4976-56046-0422.fits
4976/spec-4976-56046-0423.fits
4976/spec-4976-56046-0424.fits
4976/spec-4976-56046-0425.fits
4976/spec-4976-56046-0426.fits
4976/spec-4976-56046-0427.fits
4976/spec-4976-56046-0428.fits
4976/spec-4976-56046-0429.fits
4976/spec-4976-56046-0430.fits
4976/spec-4976-56046-0431.fits
4976/spec-4976-56046-0432.fits
4976/spec-4976-56046-0433.fits
4976/spec-4976-56046-0434.fits
4976/spec-4976-56046-0435.fits
4976/spec-4976-56046-0436.fits
4976/spec-4976-56046-0437.fits
4976/spec-4976-56046-0438.fits
4976/spec-4976-56046-0439.fits
4976/spec-4976-56046-0440.fits
4976/spec-4976-56046-0441.fits
4976/spec-4976-56046-0442.fits
4976/spec-4976-56046-0443.fits
4976/spec-4976-56046-0444.fits
4976/spec-4976-56046-0445.fits
4976/spec-4976-56046-0446.fits
4976/spec-4976-56046-0447.fits
4976/spec-4976-56046-0448.fits
4976/spec-4976-56046-0449.fits
4976/spec-4976-56046-0450.fits
4976/spec-4976-56046-0451.fits
4976/spec-4976-56046-0452.fits
4976/spec-4976-56046-0453.fits
4976/spec-4976-56046-0454.fits
4976/spec-4976-56046-0455.fits
4976/spec-4976-56046-0456.fits
4976/spec-4976-56046-0457.fits
4976/spec-4976-56046-0458.fits
4976/spec-4976-56046-0459.fits
4976/spec-4976-56046-0460.fits
4976/spec-4976-56046-0461.fits
4976/spec-4976-56046-0462.fits
4976/spec-4976-56046-0463.fits
4976/spec-4976-56046-0464.fits
4976/spec-4976-56046-0465.fits
4976/spec-4976-56046-0466.fits
4976/spec-4976-56046-0467.fits
4976/spec-4976-56046-0468.fits
4976/spec-4976-56046-0469.fits
4976/spec-4976-56046-0470.fits
4976/spec-4976-56046-0471.fits
4976/spec-4976-56046-0472.fits
4976/spec-4976-56046-0473.fits
4976/spec-4976-56046-0474.fits
4976/spec-4976-56046-0475.fits
4976/spec-4976-56046-0476.fits
4976/spec-4976-56046-0477.fits
4976/spec-4976-56046-0478.fits
4976/spec-4976-56046-0479.fits
4976/spec-4976-56046-0480.fits
4976/spec-4976-56046-0481.fits
4976/spec-4976-56046-0482.fits
4976/spec-4976-56046-0483.fits
4976/spec-4976-56046-0484.fits
4976/spec-4976-56046-0485.fits
4976/spec-4976-56046-0486.fits
4976/spec-4976-56046-0487.fits
4976/spec-4976-56046-0488.fits
4976/spec-4976-56046-0489.fits
4976/spec-4976-56046-0490.fits
4976/spec-4976-56046-0491.fits
4976/spec-4976-56046-0492.fits
4976/spec-4976-56046-0493.fits
4976/spec-4976-56046-0494.fits
4976/spec-4976-56046-0495.fits
4976/spec-4976-56046-0496.fits
4976/spec-4976-56046-0497.fits
4976/spec-4976-56046-0498.fits
4976/spec-4976-56046-0499.fits
4976/spec-4976-56046-0500.fits
4976/spec-4976-56046-0501.fits
4976/spec-4976-56046-0502.fits
4976/spec-4976-56046-0503.fits
4976/spec-4976-56046-0504.fits
4976/spec-4976-56046-0505.fits
4976/spec-4976-56046-0506.fits
4976/spec-4976-56046-0507.fits
4976/spec-4976-56046-0508.fits
4976/spec-4976-56046-0509.fits
4976/spec-4976-56046-0510.fits
4976/spec-4976-56046-0511.fits
4976/spec-4976-56046-0512.fits
4976/spec-4976-56046-0513.fits
4976/spec-4976-56046-0514.fits
4976/spec-4976-56046-0515.fits
4976/spec-4976-56046-0516.fits
4976/spec-4976-56046-0517.fits
4976/spec-4976-56046-0518.fits
4976/spec-4976-56046-0519.fits
4976/spec-4976-56046-0520.fits
4976/spec-4976-56046-0521.fits
4976/spec-4976-56046-0522.fits
4976/spec-4976-56046-0523.fits
4976/spec-4976-56046-0524.fits
4976/spec-4976-56046-0525.fits
4976/spec-4976-56046-0526.fits
4976/spec-4976-56046-0527.fits
4976/spec-4976-56046-0528.fits
4976/spec-4976-56046-0529.fits
4976/spec-4976-56046-0530.fits
4976/spec-4976-56046-0531.fits
4976/spec-4976-56046-0532.fits
4976/spec-4976-56046-0533.fits
4976/spec-4976-56046-0534.fits
4976/spec-4976-56046-0535.fits
4976/spec-4976-56046-0536.fits
4976/spec-4976-56046-0537.fits
4976/spec-4976-56046-0538.fits
4976/spec-4976-56046-0539.fits
4976/spec-4976-56046-0540.fits
4976/spec-4976-56046-0541.fits
4976/spec-4976-56046-0542.fits
4976/spec-4976-56046-0543.fits
4976/spec-4976-56046-0544.fits
4976/spec-4976-56046-0545.fits
4976/spec-4976-56046-0546.fits
4976/spec-4976-56046-0547.fits
4976/spec-4976-56046-0548.fits
4976/spec-4976-56046-0549.fits
4976/spec-4976-56046-0550.fits
4976/spec-4976-56046-0551.fits
4976/spec-4976-56046-0552.fits
4976/spec-4976-56046-0553.fits
4976/spec-4976-56046-0554.fits
4976/spec-4976-56046-0555.fits
4976/spec-4976-56046-0556.fits
4976/spec-4976-56046-0557.fits
4976/spec-4976-56046-0558.fits
4976/spec-4976-56046-0559.fits
4976/spec-4976-56046-0560.fits
4976/spec-4976-56046-0561.fits
4976/spec-4976-56046-0562.fits
4976/spec-4976-56046-0563.fits
4976/spec-4976-56046-0564.fits
4976/spec-4976-56046-0565.fits
4976/spec-4976-56046-0566.fits
4976/spec-4976-56046-0567.fits
4976/spec-4976-56046-0568.fits
4976/spec-4976-56046-0569.fits
4976/spec-4976-56046-0570.fits
4976/spec-4976-56046-0571.fits
4976/spec-4976-56046-0572.fits
4976/spec-4976-56046-0573.fits
4976/spec-4976-56046-0574.fits
4976/spec-4976-56046-0575.fits
4976/spec-4976-56046-0576.fits
4976/spec-4976-56046-0577.fits
4976/spec-4976-56046-0578.fits
4976/spec-4976-56046-0579.fits
4976/spec-4976-56046-0580.fits
4976/spec-4976-56046-0581.fits
4976/spec-4976-56046-0582.fits
4976/spec-4976-56046-0583.fits
4976/spec-4976-56046-0584.fits
4976/spec-4976-56046-0585.fits
4976/spec-4976-56046-0586.fits
4976/spec-4976-56046-0587.fits
4976/spec-4976-56046-0588.fits
4976/spec-4976-56046-0589.fits
4976/spec-4976-56046-0590.fits
4976/spec-4976-56046-0591.fits
4976/spec-4976-56046-0592.fits
4976/spec-4976-56046-0593.fits
4976/spec-4976-56046-0594.fits
4976/spec-4976-56046-0595.fits
4976/spec-4976-56046-0596.fits
4976/spec-4976-56046-0597.fits
4976/spec-4976-56046-0598.fits
4976/spec-4976-56046-0599.fits
4976/spec-4976-56046-0600.fits
4976/spec-4976-56046-0601.fits
4976/spec-4976-56046-0602.fits
4976/spec-4976-56046-0603.fits
4976/spec-4976-56046-0604.fits
4976/spec-4976-56046-0605.fits
4976/spec-4976-56046-0606.fits
4976/spec-4976-56046-0607.fits
4976/spec-4976-56046-0608.fits
4976/spec-4976-56046-0609.fits
4976/spec-4976-56046-0610.fits
4976/spec-4976-56046-0611.fits
4976/spec-4976-56046-0612.fits
4976/spec-4976-56046-0613.fits
4976/spec-4976-56046-0614.fits
4976/spec-4976-56046-0615.fits
4976/spec-4976-56046-0616.fits
4976/spec-4976-56046-0617.fits
4976/spec-4976-56046-0618.fits
4976/spec-4976-56046-0619.fits
4976/spec-4976-56046-0620.fits
4976/spec-4976-56046-0621.fits
4976/spec-4976-56046-0622.fits
4976/spec-4976-56046-0623.fits
4976/spec-4976-56046-0624.fits
4976/spec-4976-56046-0625.fits
4976/spec-4976-56046-0626.fits
4976/spec-4976-56046-0627.fits
4976/spec-4976-56046-0628.fits
4976/spec-4976-56046-0629.fits
4976/spec-4976-56046-0630.fits
4976/spec-4976-56046-0631.fits
4976/spec-4976-56046-0632.fits
4976/spec-4976-56046-0633.fits
4976/spec-4976-56046-0634.fits
4976/spec-4976-56046-0635.fits
4976/spec-4976-56046-0636.fits
4976/spec-4976-56046-0637.fits
4976/spec-4976-56046-0638.fits
4976/spec-4976-56046-0639.fits
4976/spec-4976-56046-0640.fits
4976/spec-4976-56046-0641.fits
4976/spec-4976-56046-0642.fits
4976/spec-4976-56046-0643.fits
4976/spec-4976-56046-0644.fits
4976/spec-4976-56046-0645.fits
4976/spec-4976-56046-0646.fits
4976/spec-4976-56046-0647.fits
4976/spec-4976-56046-0648.fits
4976/spec-4976-56046-0649.fits
4976/spec-4976-56046-0650.fits
4976/spec-4976-56046-0651.fits
4976/spec-4976-56046-0652.fits
4976/spec-4976-56046-0653.fits
4976/spec-4976-56046-0654.fits
4976/spec-4976-56046-0655.fits
4976/spec-4976-56046-0656.fits
4976/spec-4976-56046-0657.fits
4976/spec-4976-56046-0658.fits
4976/spec-4976-56046-0659.fits
4976/spec-4976-56046-0660.fits
4976/spec-4976-56046-0661.fits
4976/spec-4976-56046-0662.fits
4976/spec-4976-56046-0663.fits
4976/spec-4976-56046-0664.fits
4976/spec-4976-56046-0665.fits
4976/spec-4976-56046-0666.fits
4976/spec-4976-56046-0667.fits
4976/spec-4976-56046-0668.fits
4976/spec-4976-56046-0669.fits
4976/spec-4976-56046-0670.fits
4976/spec-4976-56046-0671.fits
4976/spec-4976-56046-0672.fits
4976/spec-4976-56046-0673.fits
4976/spec-4976-56046-0674.fits
4976/spec-4976-56046-0675.fits
4976/spec-4976-56046-0676.fits
4976/spec-4976-56046-0677.fits
4976/spec-4976-56046-0678.fits
4976/spec-4976-56046-0679.fits
4976/spec-4976-56046-0680.fits
4976/spec-4976-56046-0681.fits
4976/spec-4976-56046-0682.fits
4976/spec-4976-56046-0683.fits
4976/spec-4976-56046-0684.fits
4976/spec-4976-56046-0685.fits
4976/spec-4976-56046-0686.fits
4976/spec-4976-56046-0687.fits
4976/spec-4976-56046-0688.fits
4976/spec-4976-56046-0689.fits
4976/spec-4976-56046-0690.fits
4976/spec-4976-56046-0691.fits
4976/spec-4976-56046-0692.fits
4976/spec-4976-56046-0693.fits
4976/spec-4976-56046-0694.fits
4976/spec-4976-56046-0695.fits
4976/spec-4976-56046-0696.fits
4976/spec-4976-56046-0697.fits
4976/spec-4976-56046-0698.fits
4976/spec-4976-56046-0699.fits
4976/spec-4976-56046-0700.fits
4976/spec-4976-56046-0701.fits
4976/spec-4976-56046-0702.fits
4976/spec-4976-56046-0703.fits
4976/spec-4976-56046-0704.fits
4976/spec-4976-56046-0705.fits
4976/spec-4976-56046-0706.fits
4976/spec-4976-56046-0707.fits
4976/spec-4976-56046-0708.fits
4976/spec-4976-56046-0709.fits
4976/spec-4976-56046-0710.fits
4976/spec-4976-56046-0711.fits
4976/spec-4976-56046-0712.fits
4976/spec-4976-56046-0713.fits
4976/spec-4976-56046-0714.fits
4976/spec-4976-56046-0715.fits
4976/spec-4976-56046-0716.fits
4976/spec-4976-56046-0717.fits
4976/spec-4976-56046-0718.fits
4976/spec-4976-56046-0719.fits
4976/spec-4976-56046-0720.fits
4976/spec-4976-56046-0721.fits
4976/spec-4976-56046-0722.fits
4976/spec-4976-56046-0723.fits
4976/spec-4976-56046-0724.fits
4976/spec-4976-56046-0725.fits
4976/spec-4976-56046-0726.fits
4976/spec-4976-56046-0727.fits
4976/spec-4976-56046-0728.fits
4976/spec-4976-56046-0729.fits
4976/spec-4976-56046-0730.fits
4976/spec-4976-56046-0731.fits
4976/spec-4976-56046-0732.fits
4976/spec-4976-56046-0733.fits
4976/spec-4976-56046-0734.fits
4976/spec-4976-56046-0735.fits
4976/spec-4976-56046-0736.fits
4976/spec-4976-56046-0737.fits
4976/spec-4976-56046-0738.fits
4976/spec-4976-56046-0739.fits
4976/spec-4976-56046-0740.fits
4976/spec-4976-56046-0741.fits
4976/spec-4976-56046-0742.fits
4976/spec-4976-56046-0743.fits
4976/spec-4976-56046-0744.fits
4976/spec-4976-56046-0745.fits
4976/spec-4976-56046-0746.fits
4976/spec-4976-56046-0747.fits
4976/spec-4976-56046-0748.fits
4976/spec-4976-56046-0749.fits
4976/spec-4976-56046-0750.fits
4976/spec-4976-56046-0751.fits
4976/spec-4976-56046-0752.fits
4976/spec-4976-56046-0753.fits
4976/spec-4976-56046-0754.fits
4976/spec-4976-56046-0755.fits
4976/spec-4976-56046-0756.fits
4976/spec-4976-56046-0757.fits
4976/spec-4976-56046-0758.fits
4976/spec-4976-56046-0759.fits
4976/spec-4976-56046-0760.fits
4976/spec-4976-56046-0761.fits
4976/spec-4976-56046-0762.fits
4976/spec-4976-56046-0763.fits
4976/spec-4976-56046-0764.fits
4976/spec-4976-56046-0765.fits
4976/spec-4976-56046-0766.fits
4976/spec-4976-56046-0767.fits
4976/spec-4976-56046-0768.fits
4976/spec-4976-56046-0769.fits
4976/spec-4976-56046-0770.fits
4976/spec-4976-56046-0771.fits
4976/spec-4976-56046-0772.fits
4976/spec-4976-56046-0773.fits
4976/spec-4976-56046-0774.fits
4976/spec-4976-56046-0775.fits
4976/spec-4976-56046-0776.fits
4976/spec-4976-56046-0777.fits
4976/spec-4976-56046-0778.fits
4976/spec-4976-56046-0779.fits
4976/spec-4976-56046-0780.fits
4976/spec-4976-56046-0781.fits
4976/spec-4976-56046-0782.fits
4976/spec-4976-56046-0783.fits
4976/spec-4976-56046-0784.fits
4976/spec-4976-56046-0785.fits
4976/spec-4976-56046-0786.fits
4976/spec-4976-56046-0787.fits
4976/spec-4976-56046-0788.fits
4976/spec-4976-56046-0789.fits
4976/spec-4976-56046-0790.fits
4976/spec-4976-56046-0791.fits
4976/spec-4976-56046-0792.fits
4976/spec-4976-56046-0793.fits
4976/spec-4976-56046-0794.fits
4976/spec-4976-56046-0795.fits
4976/spec-4976-56046-0796.fits
4976/spec-4976-56046-0797.fits
4976/spec-4976-56046-0798.fits
4976/spec-4976-56046-0799.fits
4976/spec-4976-56046-0800.fits
4976/spec-4976-56046-0801.fits
4976/spec-4976-56046-0802.fits
4976/spec-4976-56046-0803.fits
4976/spec-4976-56046-0804.fits
4976/spec-4976-56046-0805.fits
4976/spec-4976-56046-0806.fits
4976/spec-4976-56046-0807.fits
4976/spec-4976-56046-0808.fits
4976/spec-4976-56046-0809.fits
4976/spec-4976-56046-0810.fits
4976/spec-4976-56046-0811.fits
4976/spec-4976-56046-0812.fits
4976/spec-4976-56046-0813.fits
4976/spec-4976-56046-0814.fits
4976/spec-4976-56046-0815.fits
4976/spec-4976-56046-0816.fits
4976/spec-4976-56046-0817.fits
4976/spec-4976-56046-0818.fits
4976/spec-4976-56046-0819.fits
4976/spec-4976-56046-0820.fits
4976/spec-4976-56046-0821.fits
4976/spec-4976-56046-0822.fits
4976/spec-4976-56046-0823.fits
4976/spec-4976-56046-0824.fits
4976/spec-4976-56046-0825.fits
4976/spec-4976-56046-0826.fits
4976/spec-4976-56046-0827.fits
4976/spec-4976-56046-0828.fits
4976/spec-4976-56046-0829.fits
4976/spec-4976-56046-0830.fits
4976/spec-4976-56046-0831.fits
4976/spec-4976-56046-0832.fits
4976/spec-4976-56046-0833.fits
4976/spec-4976-56046-0834.fits
4976/spec-4976-56046-0835.fits
4976/spec-4976-56046-0836.fits
4976/spec-4976-56046-0837.fits
4976/spec-4976-56046-0838.fits
4976/spec-4976-56046-0839.fits
4976/spec-4976-56046-0840.fits
4976/spec-4976-56046-0841.fits
4976/spec-4976-56046-0842.fits
4976/spec-4976-56046-0843.fits
4976/spec-4976-56046-0844.fits
4976/spec-4976-56046-0845.fits
4976/spec-4976-56046-0846.fits
4976/spec-4976-56046-0847.fits
4976/spec-4976-56046-0848.fits
4976/spec-4976-56046-0849.fits
4976/spec-4976-56046-0850.fits
4976/spec-4976-56046-0851.fits
4976/spec-4976-56046-0852.fits
4976/spec-4976-56046-0853.fits
4976/spec-4976-56046-0854.fits
4976/spec-4976-56046-0855.fits
4976/spec-4976-56046-0856.fits
4976/spec-4976-56046-0857.fits
4976/spec-4976-56046-0858.fits
4976/spec-4976-56046-0859.fits
4976/spec-4976-56046-0860.fits
4976/spec-4976-56046-0861.fits
4976/spec-4976-56046-0862.fits
4976/spec-4976-56046-0863.fits
4976/spec-4976-56046-0864.fits
4976/spec-4976-56046-0865.fits
4976/spec-4976-56046-0866.fits
4976/spec-4976-56046-0867.fits
4976/spec-4976-56046-0868.fits
4976/spec-4976-56046-0869.fits
4976/spec-4976-56046-0870.fits
4976/spec-4976-56046-0871.fits
4976/spec-4976-56046-0872.fits
4976/spec-4976-56046-0873.fits
4976/spec-4976-56046-0874.fits
4976/spec-4976-56046-0875.fits
4976/spec-4976-56046-0876.fits
4976/spec-4976-56046-0877.fits
4976/spec-4976-56046-0878.fits
4976/spec-4976-56046-0879.fits
4976/spec-4976-56046-0880.fits
4976/spec-4976-56046-0881.fits
4976/spec-4976-56046-0882.fits
4976/spec-4976-56046-0883.fits
4976/spec-4976-56046-0884.fits
4976/spec-4976-56046-0885.fits
4976/spec-4976-56046-0886.fits
4976/spec-4976-56046-0887.fits
4976/spec-4976-56046-0888.fits
4976/spec-4976-56046-0889.fits
4976/spec-4976-56046-0890.fits
4976/spec-4976-56046-0891.fits
4976/spec-4976-56046-0892.fits
4976/spec-4976-56046-0893.fits
4976/spec-4976-56046-0894.fits
4976/spec-4976-56046-0895.fits
4976/spec-4976-56046-0896.fits
4976/spec-4976-56046-0897.fits
4976/spec-4976-56046-0898.fits
4976/spec-4976-56046-0899.fits
4976/spec-4976-56046-0900.fits
4976/spec-4976-56046-0901.fits
4976/spec-4976-56046-0902.fits
4976/spec-4976-56046-0903.fits
4976/spec-4976-56046-0904.fits
4976/spec-4976-56046-0905.fits
4976/spec-4976-56046-0906.fits
4976/spec-4976-56046-0907.fits
4976/spec-4976-56046-0908.fits
4976/spec-4976-56046-0909.fits
4976/spec-4976-56046-0910.fits
4976/spec-4976-56046-0911.fits
4976/spec-4976-56046-0912.fits
4976/spec-4976-56046-0913.fits
4976/spec-4976-56046-0914.fits
4976/spec-4976-56046-0915.fits
4976/spec-4976-56046-0916.fits
4976/spec-4976-56046-0917.fits
4976/spec-4976-56046-0918.fits
4976/spec-4976-56046-0919.fits
4976/spec-4976-56046-0920.fits
4976/spec-4976-56046-0921.fits
4976/spec-4976-56046-0922.fits
4976/spec-4976-56046-0923.fits
4976/spec-4976-56046-0924.fits
4976/spec-4976-56046-0925.fits
4976/spec-4976-56046-0926.fits
4976/spec-4976-56046-0927.fits
4976/spec-4976-56046-0928.fits
4976/spec-4976-56046-0929.fits
4976/spec-4976-56046-0930.fits
4976/spec-4976-56046-0931.fits
4976/spec-4976-56046-0932.fits
4976/spec-4976-56046-0933.fits
4976/spec-4976-56046-0934.fits
4976/spec-4976-56046-0935.fits
4976/spec-4976-56046-0936.fits
4976/spec-4976-56046-0937.fits
4976/spec-4976-56046-0938.fits
4976/spec-4976-56046-0939.fits
4976/spec-4976-56046-0940.fits
4976/spec-4976-56046-0941.fits
4976/spec-4976-56046-0942.fits
4976/spec-4976-56046-0943.fits
4976/spec-4976-56046-0944.fits
4976/spec-4976-56046-0945.fits
4976/spec-4976-56046-0946.fits
4976/spec-4976-56046-0947.fits
4976/spec-4976-56046-0948.fits
4976/spec-4976-56046-0949.fits
4976/spec-4976-56046-0950.fits
4976/spec-4976-56046-0951.fits
4976/spec-4976-56046-0952.fits
4976/spec-4976-56046-0953.fits
4976/spec-4976-56046-0954.fits
4976/spec-4976-56046-0955.fits
4976/spec-4976-56046-0956.fits
4976/spec-4976-56046-0957.fits
4976/spec-4976-56046-0958.fits
4976/spec-4976-56046-0959.fits
4976/spec-4976-56046-0960.fits
4976/spec-4976-56046-0961.fits
4976/spec-4976-56046-0962.fits
4976/spec-4976-56046-0963.fits
4976/spec-4976-56046-0964.fits
4976/spec-4976-56046-0965.fits
4976/spec-4976-56046-0966.fits
4976/spec-4976-56046-0967.fits
4976/spec-4976-56046-0968.fits
4976/spec-4976-56046-0969.fits
4976/spec-4976-56046-0970.fits
4976/spec-4976-56046-0971.fits
4976/spec-4976-56046-0972.fits
4976/spec-4976-56046-0973.fits
4976/spec-4976-56046-0974.fits
4976/spec-4976-56046-0975.fits
4976/spec-4976-56046-0976.fits
4976/spec-4976-56046-0977.fits
4976/spec-4976-56046-0978.fits
4976/spec-4976-56046-0979.fits
4976/spec-4976-56046-0980.fits
4976/spec-4976-56046-0981.fits
4976/spec-4976-56046-0982.fits
4976/spec-4976-56046-0983.fits
4976/spec-4976-56046-0984.fits
4976/spec-4976-56046-0985.fits
4976/spec-4976-56046-0986.fits
4976/spec-4976-56046-0987.fits
4976/spec-4976-56046-0988.fits
4976/spec-4976-56046-0989.fits
4976/spec-4976-56046-0990.fits
4976/spec-4976-56046-0991.fits
4976/spec-4976-56046-0992.fits
4976/spec-4976-56046-0993.fits
4976/spec-4976-56046-0994.fits
4976/spec-4976-56046-0995.fits
4976/spec-4976-56046-0996.fits
4976/spec-4976-56046-0997.fits
4976/spec-4976-56046-0998.fits
4976/spec-4976-56046-0999.fits
4976/spec-4976-56046-1000.fits
/var/lib/condor/execute/slot1/dir_29781
4976 4976.tgz R R361.tar.gz _condor_stderr _condor_stdout cB58_Lyman_break.fit condor_exec.exe hw4.R packages packages.tar.gz tmp var
[1] "Loaded package astro."
[1] 1000
4976 4976.csv 4976.tgz R R361.tar.gz _condor_stderr _condor_stdout cB58_Lyman_break.fit condor_exec.exe hw4.R packages packages.tar.gz tmp var
