4979
4979/
4979/spec-4979-56045-0001.fits
4979/spec-4979-56045-0002.fits
4979/spec-4979-56045-0003.fits
4979/spec-4979-56045-0004.fits
4979/spec-4979-56045-0005.fits
4979/spec-4979-56045-0006.fits
4979/spec-4979-56045-0007.fits
4979/spec-4979-56045-0008.fits
4979/spec-4979-56045-0009.fits
4979/spec-4979-56045-0010.fits
4979/spec-4979-56045-0011.fits
4979/spec-4979-56045-0012.fits
4979/spec-4979-56045-0013.fits
4979/spec-4979-56045-0014.fits
4979/spec-4979-56045-0015.fits
4979/spec-4979-56045-0016.fits
4979/spec-4979-56045-0017.fits
4979/spec-4979-56045-0018.fits
4979/spec-4979-56045-0019.fits
4979/spec-4979-56045-0020.fits
4979/spec-4979-56045-0021.fits
4979/spec-4979-56045-0022.fits
4979/spec-4979-56045-0023.fits
4979/spec-4979-56045-0024.fits
4979/spec-4979-56045-0025.fits
4979/spec-4979-56045-0026.fits
4979/spec-4979-56045-0027.fits
4979/spec-4979-56045-0028.fits
4979/spec-4979-56045-0029.fits
4979/spec-4979-56045-0030.fits
4979/spec-4979-56045-0031.fits
4979/spec-4979-56045-0032.fits
4979/spec-4979-56045-0033.fits
4979/spec-4979-56045-0034.fits
4979/spec-4979-56045-0035.fits
4979/spec-4979-56045-0036.fits
4979/spec-4979-56045-0037.fits
4979/spec-4979-56045-0038.fits
4979/spec-4979-56045-0039.fits
4979/spec-4979-56045-0040.fits
4979/spec-4979-56045-0041.fits
4979/spec-4979-56045-0042.fits
4979/spec-4979-56045-0043.fits
4979/spec-4979-56045-0044.fits
4979/spec-4979-56045-0045.fits
4979/spec-4979-56045-0046.fits
4979/spec-4979-56045-0047.fits
4979/spec-4979-56045-0048.fits
4979/spec-4979-56045-0049.fits
4979/spec-4979-56045-0050.fits
4979/spec-4979-56045-0051.fits
4979/spec-4979-56045-0052.fits
4979/spec-4979-56045-0053.fits
4979/spec-4979-56045-0054.fits
4979/spec-4979-56045-0055.fits
4979/spec-4979-56045-0056.fits
4979/spec-4979-56045-0057.fits
4979/spec-4979-56045-0058.fits
4979/spec-4979-56045-0059.fits
4979/spec-4979-56045-0060.fits
4979/spec-4979-56045-0061.fits
4979/spec-4979-56045-0062.fits
4979/spec-4979-56045-0063.fits
4979/spec-4979-56045-0064.fits
4979/spec-4979-56045-0065.fits
4979/spec-4979-56045-0066.fits
4979/spec-4979-56045-0067.fits
4979/spec-4979-56045-0068.fits
4979/spec-4979-56045-0069.fits
4979/spec-4979-56045-0070.fits
4979/spec-4979-56045-0071.fits
4979/spec-4979-56045-0072.fits
4979/spec-4979-56045-0073.fits
4979/spec-4979-56045-0074.fits
4979/spec-4979-56045-0075.fits
4979/spec-4979-56045-0076.fits
4979/spec-4979-56045-0077.fits
4979/spec-4979-56045-0078.fits
4979/spec-4979-56045-0079.fits
4979/spec-4979-56045-0080.fits
4979/spec-4979-56045-0081.fits
4979/spec-4979-56045-0082.fits
4979/spec-4979-56045-0083.fits
4979/spec-4979-56045-0084.fits
4979/spec-4979-56045-0085.fits
4979/spec-4979-56045-0086.fits
4979/spec-4979-56045-0087.fits
4979/spec-4979-56045-0088.fits
4979/spec-4979-56045-0089.fits
4979/spec-4979-56045-0090.fits
4979/spec-4979-56045-0091.fits
4979/spec-4979-56045-0092.fits
4979/spec-4979-56045-0093.fits
4979/spec-4979-56045-0094.fits
4979/spec-4979-56045-0095.fits
4979/spec-4979-56045-0096.fits
4979/spec-4979-56045-0097.fits
4979/spec-4979-56045-0098.fits
4979/spec-4979-56045-0099.fits
4979/spec-4979-56045-0100.fits
4979/spec-4979-56045-0101.fits
4979/spec-4979-56045-0102.fits
4979/spec-4979-56045-0103.fits
4979/spec-4979-56045-0104.fits
4979/spec-4979-56045-0105.fits
4979/spec-4979-56045-0106.fits
4979/spec-4979-56045-0107.fits
4979/spec-4979-56045-0108.fits
4979/spec-4979-56045-0109.fits
4979/spec-4979-56045-0110.fits
4979/spec-4979-56045-0111.fits
4979/spec-4979-56045-0112.fits
4979/spec-4979-56045-0113.fits
4979/spec-4979-56045-0114.fits
4979/spec-4979-56045-0115.fits
4979/spec-4979-56045-0116.fits
4979/spec-4979-56045-0117.fits
4979/spec-4979-56045-0118.fits
4979/spec-4979-56045-0119.fits
4979/spec-4979-56045-0120.fits
4979/spec-4979-56045-0121.fits
4979/spec-4979-56045-0122.fits
4979/spec-4979-56045-0123.fits
4979/spec-4979-56045-0124.fits
4979/spec-4979-56045-0125.fits
4979/spec-4979-56045-0126.fits
4979/spec-4979-56045-0127.fits
4979/spec-4979-56045-0128.fits
4979/spec-4979-56045-0129.fits
4979/spec-4979-56045-0130.fits
4979/spec-4979-56045-0131.fits
4979/spec-4979-56045-0132.fits
4979/spec-4979-56045-0133.fits
4979/spec-4979-56045-0134.fits
4979/spec-4979-56045-0135.fits
4979/spec-4979-56045-0136.fits
4979/spec-4979-56045-0137.fits
4979/spec-4979-56045-0138.fits
4979/spec-4979-56045-0139.fits
4979/spec-4979-56045-0140.fits
4979/spec-4979-56045-0141.fits
4979/spec-4979-56045-0142.fits
4979/spec-4979-56045-0143.fits
4979/spec-4979-56045-0144.fits
4979/spec-4979-56045-0145.fits
4979/spec-4979-56045-0146.fits
4979/spec-4979-56045-0147.fits
4979/spec-4979-56045-0148.fits
4979/spec-4979-56045-0149.fits
4979/spec-4979-56045-0150.fits
4979/spec-4979-56045-0151.fits
4979/spec-4979-56045-0152.fits
4979/spec-4979-56045-0153.fits
4979/spec-4979-56045-0154.fits
4979/spec-4979-56045-0155.fits
4979/spec-4979-56045-0156.fits
4979/spec-4979-56045-0157.fits
4979/spec-4979-56045-0158.fits
4979/spec-4979-56045-0159.fits
4979/spec-4979-56045-0160.fits
4979/spec-4979-56045-0161.fits
4979/spec-4979-56045-0162.fits
4979/spec-4979-56045-0163.fits
4979/spec-4979-56045-0164.fits
4979/spec-4979-56045-0165.fits
4979/spec-4979-56045-0166.fits
4979/spec-4979-56045-0167.fits
4979/spec-4979-56045-0168.fits
4979/spec-4979-56045-0169.fits
4979/spec-4979-56045-0170.fits
4979/spec-4979-56045-0171.fits
4979/spec-4979-56045-0172.fits
4979/spec-4979-56045-0173.fits
4979/spec-4979-56045-0174.fits
4979/spec-4979-56045-0175.fits
4979/spec-4979-56045-0176.fits
4979/spec-4979-56045-0177.fits
4979/spec-4979-56045-0178.fits
4979/spec-4979-56045-0179.fits
4979/spec-4979-56045-0180.fits
4979/spec-4979-56045-0181.fits
4979/spec-4979-56045-0182.fits
4979/spec-4979-56045-0183.fits
4979/spec-4979-56045-0184.fits
4979/spec-4979-56045-0185.fits
4979/spec-4979-56045-0186.fits
4979/spec-4979-56045-0187.fits
4979/spec-4979-56045-0188.fits
4979/spec-4979-56045-0189.fits
4979/spec-4979-56045-0190.fits
4979/spec-4979-56045-0191.fits
4979/spec-4979-56045-0192.fits
4979/spec-4979-56045-0193.fits
4979/spec-4979-56045-0194.fits
4979/spec-4979-56045-0195.fits
4979/spec-4979-56045-0196.fits
4979/spec-4979-56045-0197.fits
4979/spec-4979-56045-0198.fits
4979/spec-4979-56045-0199.fits
4979/spec-4979-56045-0200.fits
4979/spec-4979-56045-0201.fits
4979/spec-4979-56045-0202.fits
4979/spec-4979-56045-0203.fits
4979/spec-4979-56045-0204.fits
4979/spec-4979-56045-0205.fits
4979/spec-4979-56045-0206.fits
4979/spec-4979-56045-0207.fits
4979/spec-4979-56045-0208.fits
4979/spec-4979-56045-0209.fits
4979/spec-4979-56045-0210.fits
4979/spec-4979-56045-0211.fits
4979/spec-4979-56045-0212.fits
4979/spec-4979-56045-0213.fits
4979/spec-4979-56045-0214.fits
4979/spec-4979-56045-0215.fits
4979/spec-4979-56045-0216.fits
4979/spec-4979-56045-0217.fits
4979/spec-4979-56045-0218.fits
4979/spec-4979-56045-0219.fits
4979/spec-4979-56045-0220.fits
4979/spec-4979-56045-0221.fits
4979/spec-4979-56045-0222.fits
4979/spec-4979-56045-0223.fits
4979/spec-4979-56045-0224.fits
4979/spec-4979-56045-0225.fits
4979/spec-4979-56045-0226.fits
4979/spec-4979-56045-0227.fits
4979/spec-4979-56045-0228.fits
4979/spec-4979-56045-0229.fits
4979/spec-4979-56045-0230.fits
4979/spec-4979-56045-0231.fits
4979/spec-4979-56045-0232.fits
4979/spec-4979-56045-0233.fits
4979/spec-4979-56045-0234.fits
4979/spec-4979-56045-0235.fits
4979/spec-4979-56045-0236.fits
4979/spec-4979-56045-0237.fits
4979/spec-4979-56045-0238.fits
4979/spec-4979-56045-0239.fits
4979/spec-4979-56045-0240.fits
4979/spec-4979-56045-0241.fits
4979/spec-4979-56045-0242.fits
4979/spec-4979-56045-0243.fits
4979/spec-4979-56045-0244.fits
4979/spec-4979-56045-0245.fits
4979/spec-4979-56045-0246.fits
4979/spec-4979-56045-0247.fits
4979/spec-4979-56045-0248.fits
4979/spec-4979-56045-0249.fits
4979/spec-4979-56045-0250.fits
4979/spec-4979-56045-0251.fits
4979/spec-4979-56045-0252.fits
4979/spec-4979-56045-0253.fits
4979/spec-4979-56045-0254.fits
4979/spec-4979-56045-0255.fits
4979/spec-4979-56045-0256.fits
4979/spec-4979-56045-0257.fits
4979/spec-4979-56045-0258.fits
4979/spec-4979-56045-0259.fits
4979/spec-4979-56045-0260.fits
4979/spec-4979-56045-0261.fits
4979/spec-4979-56045-0262.fits
4979/spec-4979-56045-0263.fits
4979/spec-4979-56045-0264.fits
4979/spec-4979-56045-0265.fits
4979/spec-4979-56045-0266.fits
4979/spec-4979-56045-0267.fits
4979/spec-4979-56045-0268.fits
4979/spec-4979-56045-0269.fits
4979/spec-4979-56045-0270.fits
4979/spec-4979-56045-0271.fits
4979/spec-4979-56045-0272.fits
4979/spec-4979-56045-0273.fits
4979/spec-4979-56045-0274.fits
4979/spec-4979-56045-0275.fits
4979/spec-4979-56045-0276.fits
4979/spec-4979-56045-0277.fits
4979/spec-4979-56045-0278.fits
4979/spec-4979-56045-0279.fits
4979/spec-4979-56045-0280.fits
4979/spec-4979-56045-0281.fits
4979/spec-4979-56045-0282.fits
4979/spec-4979-56045-0283.fits
4979/spec-4979-56045-0284.fits
4979/spec-4979-56045-0285.fits
4979/spec-4979-56045-0286.fits
4979/spec-4979-56045-0287.fits
4979/spec-4979-56045-0288.fits
4979/spec-4979-56045-0289.fits
4979/spec-4979-56045-0290.fits
4979/spec-4979-56045-0291.fits
4979/spec-4979-56045-0292.fits
4979/spec-4979-56045-0293.fits
4979/spec-4979-56045-0294.fits
4979/spec-4979-56045-0295.fits
4979/spec-4979-56045-0296.fits
4979/spec-4979-56045-0297.fits
4979/spec-4979-56045-0298.fits
4979/spec-4979-56045-0299.fits
4979/spec-4979-56045-0300.fits
4979/spec-4979-56045-0301.fits
4979/spec-4979-56045-0302.fits
4979/spec-4979-56045-0303.fits
4979/spec-4979-56045-0304.fits
4979/spec-4979-56045-0305.fits
4979/spec-4979-56045-0306.fits
4979/spec-4979-56045-0307.fits
4979/spec-4979-56045-0308.fits
4979/spec-4979-56045-0309.fits
4979/spec-4979-56045-0310.fits
4979/spec-4979-56045-0311.fits
4979/spec-4979-56045-0312.fits
4979/spec-4979-56045-0313.fits
4979/spec-4979-56045-0314.fits
4979/spec-4979-56045-0315.fits
4979/spec-4979-56045-0316.fits
4979/spec-4979-56045-0317.fits
4979/spec-4979-56045-0318.fits
4979/spec-4979-56045-0319.fits
4979/spec-4979-56045-0320.fits
4979/spec-4979-56045-0321.fits
4979/spec-4979-56045-0322.fits
4979/spec-4979-56045-0323.fits
4979/spec-4979-56045-0324.fits
4979/spec-4979-56045-0325.fits
4979/spec-4979-56045-0326.fits
4979/spec-4979-56045-0327.fits
4979/spec-4979-56045-0328.fits
4979/spec-4979-56045-0329.fits
4979/spec-4979-56045-0330.fits
4979/spec-4979-56045-0331.fits
4979/spec-4979-56045-0332.fits
4979/spec-4979-56045-0333.fits
4979/spec-4979-56045-0334.fits
4979/spec-4979-56045-0335.fits
4979/spec-4979-56045-0336.fits
4979/spec-4979-56045-0337.fits
4979/spec-4979-56045-0338.fits
4979/spec-4979-56045-0339.fits
4979/spec-4979-56045-0340.fits
4979/spec-4979-56045-0341.fits
4979/spec-4979-56045-0342.fits
4979/spec-4979-56045-0343.fits
4979/spec-4979-56045-0344.fits
4979/spec-4979-56045-0345.fits
4979/spec-4979-56045-0346.fits
4979/spec-4979-56045-0347.fits
4979/spec-4979-56045-0348.fits
4979/spec-4979-56045-0349.fits
4979/spec-4979-56045-0350.fits
4979/spec-4979-56045-0351.fits
4979/spec-4979-56045-0352.fits
4979/spec-4979-56045-0353.fits
4979/spec-4979-56045-0354.fits
4979/spec-4979-56045-0355.fits
4979/spec-4979-56045-0356.fits
4979/spec-4979-56045-0357.fits
4979/spec-4979-56045-0358.fits
4979/spec-4979-56045-0359.fits
4979/spec-4979-56045-0360.fits
4979/spec-4979-56045-0361.fits
4979/spec-4979-56045-0362.fits
4979/spec-4979-56045-0363.fits
4979/spec-4979-56045-0364.fits
4979/spec-4979-56045-0365.fits
4979/spec-4979-56045-0366.fits
4979/spec-4979-56045-0367.fits
4979/spec-4979-56045-0368.fits
4979/spec-4979-56045-0369.fits
4979/spec-4979-56045-0370.fits
4979/spec-4979-56045-0371.fits
4979/spec-4979-56045-0372.fits
4979/spec-4979-56045-0373.fits
4979/spec-4979-56045-0374.fits
4979/spec-4979-56045-0375.fits
4979/spec-4979-56045-0376.fits
4979/spec-4979-56045-0377.fits
4979/spec-4979-56045-0378.fits
4979/spec-4979-56045-0379.fits
4979/spec-4979-56045-0380.fits
4979/spec-4979-56045-0381.fits
4979/spec-4979-56045-0382.fits
4979/spec-4979-56045-0383.fits
4979/spec-4979-56045-0384.fits
4979/spec-4979-56045-0385.fits
4979/spec-4979-56045-0386.fits
4979/spec-4979-56045-0387.fits
4979/spec-4979-56045-0388.fits
4979/spec-4979-56045-0389.fits
4979/spec-4979-56045-0390.fits
4979/spec-4979-56045-0391.fits
4979/spec-4979-56045-0392.fits
4979/spec-4979-56045-0393.fits
4979/spec-4979-56045-0394.fits
4979/spec-4979-56045-0395.fits
4979/spec-4979-56045-0396.fits
4979/spec-4979-56045-0397.fits
4979/spec-4979-56045-0398.fits
4979/spec-4979-56045-0399.fits
4979/spec-4979-56045-0400.fits
4979/spec-4979-56045-0401.fits
4979/spec-4979-56045-0402.fits
4979/spec-4979-56045-0403.fits
4979/spec-4979-56045-0404.fits
4979/spec-4979-56045-0405.fits
4979/spec-4979-56045-0406.fits
4979/spec-4979-56045-0407.fits
4979/spec-4979-56045-0408.fits
4979/spec-4979-56045-0409.fits
4979/spec-4979-56045-0410.fits
4979/spec-4979-56045-0411.fits
4979/spec-4979-56045-0412.fits
4979/spec-4979-56045-0413.fits
4979/spec-4979-56045-0414.fits
4979/spec-4979-56045-0415.fits
4979/spec-4979-56045-0416.fits
4979/spec-4979-56045-0417.fits
4979/spec-4979-56045-0418.fits
4979/spec-4979-56045-0419.fits
4979/spec-4979-56045-0420.fits
4979/spec-4979-56045-0421.fits
4979/spec-4979-56045-0422.fits
4979/spec-4979-56045-0423.fits
4979/spec-4979-56045-0424.fits
4979/spec-4979-56045-0425.fits
4979/spec-4979-56045-0426.fits
4979/spec-4979-56045-0427.fits
4979/spec-4979-56045-0428.fits
4979/spec-4979-56045-0429.fits
4979/spec-4979-56045-0430.fits
4979/spec-4979-56045-0431.fits
4979/spec-4979-56045-0432.fits
4979/spec-4979-56045-0433.fits
4979/spec-4979-56045-0434.fits
4979/spec-4979-56045-0435.fits
4979/spec-4979-56045-0436.fits
4979/spec-4979-56045-0437.fits
4979/spec-4979-56045-0438.fits
4979/spec-4979-56045-0439.fits
4979/spec-4979-56045-0440.fits
4979/spec-4979-56045-0441.fits
4979/spec-4979-56045-0442.fits
4979/spec-4979-56045-0443.fits
4979/spec-4979-56045-0444.fits
4979/spec-4979-56045-0445.fits
4979/spec-4979-56045-0446.fits
4979/spec-4979-56045-0447.fits
4979/spec-4979-56045-0448.fits
4979/spec-4979-56045-0449.fits
4979/spec-4979-56045-0450.fits
4979/spec-4979-56045-0451.fits
4979/spec-4979-56045-0452.fits
4979/spec-4979-56045-0453.fits
4979/spec-4979-56045-0454.fits
4979/spec-4979-56045-0455.fits
4979/spec-4979-56045-0456.fits
4979/spec-4979-56045-0457.fits
4979/spec-4979-56045-0458.fits
4979/spec-4979-56045-0459.fits
4979/spec-4979-56045-0460.fits
4979/spec-4979-56045-0461.fits
4979/spec-4979-56045-0462.fits
4979/spec-4979-56045-0463.fits
4979/spec-4979-56045-0464.fits
4979/spec-4979-56045-0465.fits
4979/spec-4979-56045-0466.fits
4979/spec-4979-56045-0467.fits
4979/spec-4979-56045-0468.fits
4979/spec-4979-56045-0469.fits
4979/spec-4979-56045-0470.fits
4979/spec-4979-56045-0471.fits
4979/spec-4979-56045-0472.fits
4979/spec-4979-56045-0473.fits
4979/spec-4979-56045-0474.fits
4979/spec-4979-56045-0475.fits
4979/spec-4979-56045-0476.fits
4979/spec-4979-56045-0477.fits
4979/spec-4979-56045-0478.fits
4979/spec-4979-56045-0479.fits
4979/spec-4979-56045-0480.fits
4979/spec-4979-56045-0481.fits
4979/spec-4979-56045-0482.fits
4979/spec-4979-56045-0483.fits
4979/spec-4979-56045-0484.fits
4979/spec-4979-56045-0485.fits
4979/spec-4979-56045-0486.fits
4979/spec-4979-56045-0487.fits
4979/spec-4979-56045-0488.fits
4979/spec-4979-56045-0489.fits
4979/spec-4979-56045-0490.fits
4979/spec-4979-56045-0491.fits
4979/spec-4979-56045-0492.fits
4979/spec-4979-56045-0493.fits
4979/spec-4979-56045-0494.fits
4979/spec-4979-56045-0495.fits
4979/spec-4979-56045-0496.fits
4979/spec-4979-56045-0497.fits
4979/spec-4979-56045-0498.fits
4979/spec-4979-56045-0499.fits
4979/spec-4979-56045-0500.fits
4979/spec-4979-56045-0501.fits
4979/spec-4979-56045-0502.fits
4979/spec-4979-56045-0503.fits
4979/spec-4979-56045-0504.fits
4979/spec-4979-56045-0505.fits
4979/spec-4979-56045-0506.fits
4979/spec-4979-56045-0507.fits
4979/spec-4979-56045-0508.fits
4979/spec-4979-56045-0509.fits
4979/spec-4979-56045-0510.fits
4979/spec-4979-56045-0511.fits
4979/spec-4979-56045-0512.fits
4979/spec-4979-56045-0513.fits
4979/spec-4979-56045-0514.fits
4979/spec-4979-56045-0515.fits
4979/spec-4979-56045-0516.fits
4979/spec-4979-56045-0517.fits
4979/spec-4979-56045-0518.fits
4979/spec-4979-56045-0519.fits
4979/spec-4979-56045-0520.fits
4979/spec-4979-56045-0521.fits
4979/spec-4979-56045-0522.fits
4979/spec-4979-56045-0523.fits
4979/spec-4979-56045-0524.fits
4979/spec-4979-56045-0525.fits
4979/spec-4979-56045-0526.fits
4979/spec-4979-56045-0527.fits
4979/spec-4979-56045-0528.fits
4979/spec-4979-56045-0529.fits
4979/spec-4979-56045-0530.fits
4979/spec-4979-56045-0531.fits
4979/spec-4979-56045-0532.fits
4979/spec-4979-56045-0533.fits
4979/spec-4979-56045-0534.fits
4979/spec-4979-56045-0535.fits
4979/spec-4979-56045-0536.fits
4979/spec-4979-56045-0537.fits
4979/spec-4979-56045-0538.fits
4979/spec-4979-56045-0539.fits
4979/spec-4979-56045-0540.fits
4979/spec-4979-56045-0541.fits
4979/spec-4979-56045-0542.fits
4979/spec-4979-56045-0543.fits
4979/spec-4979-56045-0544.fits
4979/spec-4979-56045-0545.fits
4979/spec-4979-56045-0546.fits
4979/spec-4979-56045-0547.fits
4979/spec-4979-56045-0548.fits
4979/spec-4979-56045-0549.fits
4979/spec-4979-56045-0550.fits
4979/spec-4979-56045-0551.fits
4979/spec-4979-56045-0552.fits
4979/spec-4979-56045-0553.fits
4979/spec-4979-56045-0554.fits
4979/spec-4979-56045-0555.fits
4979/spec-4979-56045-0556.fits
4979/spec-4979-56045-0557.fits
4979/spec-4979-56045-0558.fits
4979/spec-4979-56045-0559.fits
4979/spec-4979-56045-0560.fits
4979/spec-4979-56045-0561.fits
4979/spec-4979-56045-0562.fits
4979/spec-4979-56045-0563.fits
4979/spec-4979-56045-0564.fits
4979/spec-4979-56045-0565.fits
4979/spec-4979-56045-0566.fits
4979/spec-4979-56045-0567.fits
4979/spec-4979-56045-0568.fits
4979/spec-4979-56045-0569.fits
4979/spec-4979-56045-0570.fits
4979/spec-4979-56045-0571.fits
4979/spec-4979-56045-0572.fits
4979/spec-4979-56045-0573.fits
4979/spec-4979-56045-0574.fits
4979/spec-4979-56045-0575.fits
4979/spec-4979-56045-0576.fits
4979/spec-4979-56045-0577.fits
4979/spec-4979-56045-0578.fits
4979/spec-4979-56045-0579.fits
4979/spec-4979-56045-0580.fits
4979/spec-4979-56045-0581.fits
4979/spec-4979-56045-0582.fits
4979/spec-4979-56045-0583.fits
4979/spec-4979-56045-0584.fits
4979/spec-4979-56045-0585.fits
4979/spec-4979-56045-0586.fits
4979/spec-4979-56045-0587.fits
4979/spec-4979-56045-0588.fits
4979/spec-4979-56045-0589.fits
4979/spec-4979-56045-0590.fits
4979/spec-4979-56045-0591.fits
4979/spec-4979-56045-0592.fits
4979/spec-4979-56045-0593.fits
4979/spec-4979-56045-0594.fits
4979/spec-4979-56045-0595.fits
4979/spec-4979-56045-0596.fits
4979/spec-4979-56045-0597.fits
4979/spec-4979-56045-0598.fits
4979/spec-4979-56045-0599.fits
4979/spec-4979-56045-0600.fits
4979/spec-4979-56045-0601.fits
4979/spec-4979-56045-0602.fits
4979/spec-4979-56045-0603.fits
4979/spec-4979-56045-0604.fits
4979/spec-4979-56045-0605.fits
4979/spec-4979-56045-0606.fits
4979/spec-4979-56045-0607.fits
4979/spec-4979-56045-0608.fits
4979/spec-4979-56045-0609.fits
4979/spec-4979-56045-0610.fits
4979/spec-4979-56045-0611.fits
4979/spec-4979-56045-0612.fits
4979/spec-4979-56045-0613.fits
4979/spec-4979-56045-0614.fits
4979/spec-4979-56045-0615.fits
4979/spec-4979-56045-0616.fits
4979/spec-4979-56045-0617.fits
4979/spec-4979-56045-0618.fits
4979/spec-4979-56045-0619.fits
4979/spec-4979-56045-0620.fits
4979/spec-4979-56045-0621.fits
4979/spec-4979-56045-0622.fits
4979/spec-4979-56045-0623.fits
4979/spec-4979-56045-0624.fits
4979/spec-4979-56045-0625.fits
4979/spec-4979-56045-0626.fits
4979/spec-4979-56045-0627.fits
4979/spec-4979-56045-0628.fits
4979/spec-4979-56045-0629.fits
4979/spec-4979-56045-0630.fits
4979/spec-4979-56045-0631.fits
4979/spec-4979-56045-0632.fits
4979/spec-4979-56045-0633.fits
4979/spec-4979-56045-0634.fits
4979/spec-4979-56045-0635.fits
4979/spec-4979-56045-0636.fits
4979/spec-4979-56045-0637.fits
4979/spec-4979-56045-0638.fits
4979/spec-4979-56045-0639.fits
4979/spec-4979-56045-0640.fits
4979/spec-4979-56045-0641.fits
4979/spec-4979-56045-0642.fits
4979/spec-4979-56045-0643.fits
4979/spec-4979-56045-0644.fits
4979/spec-4979-56045-0645.fits
4979/spec-4979-56045-0646.fits
4979/spec-4979-56045-0647.fits
4979/spec-4979-56045-0648.fits
4979/spec-4979-56045-0649.fits
4979/spec-4979-56045-0650.fits
4979/spec-4979-56045-0651.fits
4979/spec-4979-56045-0652.fits
4979/spec-4979-56045-0653.fits
4979/spec-4979-56045-0654.fits
4979/spec-4979-56045-0655.fits
4979/spec-4979-56045-0656.fits
4979/spec-4979-56045-0657.fits
4979/spec-4979-56045-0658.fits
4979/spec-4979-56045-0659.fits
4979/spec-4979-56045-0660.fits
4979/spec-4979-56045-0661.fits
4979/spec-4979-56045-0662.fits
4979/spec-4979-56045-0663.fits
4979/spec-4979-56045-0664.fits
4979/spec-4979-56045-0665.fits
4979/spec-4979-56045-0666.fits
4979/spec-4979-56045-0667.fits
4979/spec-4979-56045-0668.fits
4979/spec-4979-56045-0669.fits
4979/spec-4979-56045-0670.fits
4979/spec-4979-56045-0671.fits
4979/spec-4979-56045-0672.fits
4979/spec-4979-56045-0673.fits
4979/spec-4979-56045-0674.fits
4979/spec-4979-56045-0675.fits
4979/spec-4979-56045-0676.fits
4979/spec-4979-56045-0677.fits
4979/spec-4979-56045-0678.fits
4979/spec-4979-56045-0679.fits
4979/spec-4979-56045-0680.fits
4979/spec-4979-56045-0681.fits
4979/spec-4979-56045-0682.fits
4979/spec-4979-56045-0683.fits
4979/spec-4979-56045-0684.fits
4979/spec-4979-56045-0685.fits
4979/spec-4979-56045-0686.fits
4979/spec-4979-56045-0687.fits
4979/spec-4979-56045-0688.fits
4979/spec-4979-56045-0689.fits
4979/spec-4979-56045-0690.fits
4979/spec-4979-56045-0691.fits
4979/spec-4979-56045-0692.fits
4979/spec-4979-56045-0693.fits
4979/spec-4979-56045-0694.fits
4979/spec-4979-56045-0695.fits
4979/spec-4979-56045-0696.fits
4979/spec-4979-56045-0697.fits
4979/spec-4979-56045-0698.fits
4979/spec-4979-56045-0699.fits
4979/spec-4979-56045-0700.fits
4979/spec-4979-56045-0701.fits
4979/spec-4979-56045-0702.fits
4979/spec-4979-56045-0703.fits
4979/spec-4979-56045-0704.fits
4979/spec-4979-56045-0705.fits
4979/spec-4979-56045-0706.fits
4979/spec-4979-56045-0707.fits
4979/spec-4979-56045-0708.fits
4979/spec-4979-56045-0709.fits
4979/spec-4979-56045-0710.fits
4979/spec-4979-56045-0711.fits
4979/spec-4979-56045-0712.fits
4979/spec-4979-56045-0713.fits
4979/spec-4979-56045-0714.fits
4979/spec-4979-56045-0715.fits
4979/spec-4979-56045-0716.fits
4979/spec-4979-56045-0717.fits
4979/spec-4979-56045-0718.fits
4979/spec-4979-56045-0719.fits
4979/spec-4979-56045-0720.fits
4979/spec-4979-56045-0721.fits
4979/spec-4979-56045-0722.fits
4979/spec-4979-56045-0723.fits
4979/spec-4979-56045-0724.fits
4979/spec-4979-56045-0725.fits
4979/spec-4979-56045-0726.fits
4979/spec-4979-56045-0727.fits
4979/spec-4979-56045-0728.fits
4979/spec-4979-56045-0729.fits
4979/spec-4979-56045-0730.fits
4979/spec-4979-56045-0731.fits
4979/spec-4979-56045-0732.fits
4979/spec-4979-56045-0733.fits
4979/spec-4979-56045-0734.fits
4979/spec-4979-56045-0735.fits
4979/spec-4979-56045-0736.fits
4979/spec-4979-56045-0737.fits
4979/spec-4979-56045-0738.fits
4979/spec-4979-56045-0739.fits
4979/spec-4979-56045-0740.fits
4979/spec-4979-56045-0741.fits
4979/spec-4979-56045-0742.fits
4979/spec-4979-56045-0743.fits
4979/spec-4979-56045-0744.fits
4979/spec-4979-56045-0745.fits
4979/spec-4979-56045-0746.fits
4979/spec-4979-56045-0747.fits
4979/spec-4979-56045-0748.fits
4979/spec-4979-56045-0749.fits
4979/spec-4979-56045-0750.fits
4979/spec-4979-56045-0751.fits
4979/spec-4979-56045-0752.fits
4979/spec-4979-56045-0753.fits
4979/spec-4979-56045-0754.fits
4979/spec-4979-56045-0755.fits
4979/spec-4979-56045-0756.fits
4979/spec-4979-56045-0757.fits
4979/spec-4979-56045-0758.fits
4979/spec-4979-56045-0759.fits
4979/spec-4979-56045-0760.fits
4979/spec-4979-56045-0761.fits
4979/spec-4979-56045-0762.fits
4979/spec-4979-56045-0763.fits
4979/spec-4979-56045-0764.fits
4979/spec-4979-56045-0765.fits
4979/spec-4979-56045-0766.fits
4979/spec-4979-56045-0767.fits
4979/spec-4979-56045-0768.fits
4979/spec-4979-56045-0769.fits
4979/spec-4979-56045-0770.fits
4979/spec-4979-56045-0771.fits
4979/spec-4979-56045-0772.fits
4979/spec-4979-56045-0773.fits
4979/spec-4979-56045-0774.fits
4979/spec-4979-56045-0775.fits
4979/spec-4979-56045-0776.fits
4979/spec-4979-56045-0777.fits
4979/spec-4979-56045-0778.fits
4979/spec-4979-56045-0779.fits
4979/spec-4979-56045-0780.fits
4979/spec-4979-56045-0781.fits
4979/spec-4979-56045-0782.fits
4979/spec-4979-56045-0783.fits
4979/spec-4979-56045-0784.fits
4979/spec-4979-56045-0785.fits
4979/spec-4979-56045-0786.fits
4979/spec-4979-56045-0787.fits
4979/spec-4979-56045-0788.fits
4979/spec-4979-56045-0789.fits
4979/spec-4979-56045-0790.fits
4979/spec-4979-56045-0791.fits
4979/spec-4979-56045-0792.fits
4979/spec-4979-56045-0793.fits
4979/spec-4979-56045-0794.fits
4979/spec-4979-56045-0795.fits
4979/spec-4979-56045-0796.fits
4979/spec-4979-56045-0797.fits
4979/spec-4979-56045-0798.fits
4979/spec-4979-56045-0799.fits
4979/spec-4979-56045-0800.fits
4979/spec-4979-56045-0801.fits
4979/spec-4979-56045-0802.fits
4979/spec-4979-56045-0803.fits
4979/spec-4979-56045-0804.fits
4979/spec-4979-56045-0805.fits
4979/spec-4979-56045-0806.fits
4979/spec-4979-56045-0807.fits
4979/spec-4979-56045-0808.fits
4979/spec-4979-56045-0809.fits
4979/spec-4979-56045-0810.fits
4979/spec-4979-56045-0811.fits
4979/spec-4979-56045-0812.fits
4979/spec-4979-56045-0813.fits
4979/spec-4979-56045-0814.fits
4979/spec-4979-56045-0815.fits
4979/spec-4979-56045-0816.fits
4979/spec-4979-56045-0817.fits
4979/spec-4979-56045-0818.fits
4979/spec-4979-56045-0819.fits
4979/spec-4979-56045-0820.fits
4979/spec-4979-56045-0821.fits
4979/spec-4979-56045-0822.fits
4979/spec-4979-56045-0823.fits
4979/spec-4979-56045-0824.fits
4979/spec-4979-56045-0825.fits
4979/spec-4979-56045-0826.fits
4979/spec-4979-56045-0827.fits
4979/spec-4979-56045-0828.fits
4979/spec-4979-56045-0829.fits
4979/spec-4979-56045-0830.fits
4979/spec-4979-56045-0831.fits
4979/spec-4979-56045-0832.fits
4979/spec-4979-56045-0833.fits
4979/spec-4979-56045-0834.fits
4979/spec-4979-56045-0835.fits
4979/spec-4979-56045-0836.fits
4979/spec-4979-56045-0837.fits
4979/spec-4979-56045-0838.fits
4979/spec-4979-56045-0839.fits
4979/spec-4979-56045-0840.fits
4979/spec-4979-56045-0841.fits
4979/spec-4979-56045-0842.fits
4979/spec-4979-56045-0843.fits
4979/spec-4979-56045-0844.fits
4979/spec-4979-56045-0845.fits
4979/spec-4979-56045-0846.fits
4979/spec-4979-56045-0847.fits
4979/spec-4979-56045-0848.fits
4979/spec-4979-56045-0849.fits
4979/spec-4979-56045-0850.fits
4979/spec-4979-56045-0851.fits
4979/spec-4979-56045-0852.fits
4979/spec-4979-56045-0853.fits
4979/spec-4979-56045-0854.fits
4979/spec-4979-56045-0855.fits
4979/spec-4979-56045-0856.fits
4979/spec-4979-56045-0857.fits
4979/spec-4979-56045-0858.fits
4979/spec-4979-56045-0859.fits
4979/spec-4979-56045-0860.fits
4979/spec-4979-56045-0861.fits
4979/spec-4979-56045-0862.fits
4979/spec-4979-56045-0863.fits
4979/spec-4979-56045-0864.fits
4979/spec-4979-56045-0865.fits
4979/spec-4979-56045-0866.fits
4979/spec-4979-56045-0867.fits
4979/spec-4979-56045-0868.fits
4979/spec-4979-56045-0869.fits
4979/spec-4979-56045-0870.fits
4979/spec-4979-56045-0871.fits
4979/spec-4979-56045-0872.fits
4979/spec-4979-56045-0873.fits
4979/spec-4979-56045-0874.fits
4979/spec-4979-56045-0875.fits
4979/spec-4979-56045-0876.fits
4979/spec-4979-56045-0877.fits
4979/spec-4979-56045-0878.fits
4979/spec-4979-56045-0879.fits
4979/spec-4979-56045-0880.fits
4979/spec-4979-56045-0881.fits
4979/spec-4979-56045-0882.fits
4979/spec-4979-56045-0883.fits
4979/spec-4979-56045-0884.fits
4979/spec-4979-56045-0885.fits
4979/spec-4979-56045-0886.fits
4979/spec-4979-56045-0887.fits
4979/spec-4979-56045-0888.fits
4979/spec-4979-56045-0889.fits
4979/spec-4979-56045-0890.fits
4979/spec-4979-56045-0891.fits
4979/spec-4979-56045-0892.fits
4979/spec-4979-56045-0893.fits
4979/spec-4979-56045-0894.fits
4979/spec-4979-56045-0895.fits
4979/spec-4979-56045-0896.fits
4979/spec-4979-56045-0897.fits
4979/spec-4979-56045-0898.fits
4979/spec-4979-56045-0899.fits
4979/spec-4979-56045-0900.fits
4979/spec-4979-56045-0901.fits
4979/spec-4979-56045-0902.fits
4979/spec-4979-56045-0903.fits
4979/spec-4979-56045-0904.fits
4979/spec-4979-56045-0905.fits
4979/spec-4979-56045-0906.fits
4979/spec-4979-56045-0907.fits
4979/spec-4979-56045-0908.fits
4979/spec-4979-56045-0909.fits
4979/spec-4979-56045-0910.fits
4979/spec-4979-56045-0911.fits
4979/spec-4979-56045-0912.fits
4979/spec-4979-56045-0913.fits
4979/spec-4979-56045-0914.fits
4979/spec-4979-56045-0915.fits
4979/spec-4979-56045-0916.fits
4979/spec-4979-56045-0917.fits
4979/spec-4979-56045-0918.fits
4979/spec-4979-56045-0919.fits
4979/spec-4979-56045-0920.fits
4979/spec-4979-56045-0921.fits
4979/spec-4979-56045-0922.fits
4979/spec-4979-56045-0923.fits
4979/spec-4979-56045-0924.fits
4979/spec-4979-56045-0925.fits
4979/spec-4979-56045-0926.fits
4979/spec-4979-56045-0927.fits
4979/spec-4979-56045-0928.fits
4979/spec-4979-56045-0929.fits
4979/spec-4979-56045-0930.fits
4979/spec-4979-56045-0931.fits
4979/spec-4979-56045-0932.fits
4979/spec-4979-56045-0933.fits
4979/spec-4979-56045-0934.fits
4979/spec-4979-56045-0935.fits
4979/spec-4979-56045-0936.fits
4979/spec-4979-56045-0937.fits
4979/spec-4979-56045-0938.fits
4979/spec-4979-56045-0939.fits
4979/spec-4979-56045-0940.fits
4979/spec-4979-56045-0941.fits
4979/spec-4979-56045-0942.fits
4979/spec-4979-56045-0943.fits
4979/spec-4979-56045-0944.fits
4979/spec-4979-56045-0945.fits
4979/spec-4979-56045-0946.fits
4979/spec-4979-56045-0947.fits
4979/spec-4979-56045-0948.fits
4979/spec-4979-56045-0949.fits
4979/spec-4979-56045-0950.fits
4979/spec-4979-56045-0951.fits
4979/spec-4979-56045-0952.fits
4979/spec-4979-56045-0953.fits
4979/spec-4979-56045-0954.fits
4979/spec-4979-56045-0955.fits
4979/spec-4979-56045-0956.fits
4979/spec-4979-56045-0957.fits
4979/spec-4979-56045-0958.fits
4979/spec-4979-56045-0959.fits
4979/spec-4979-56045-0960.fits
4979/spec-4979-56045-0961.fits
4979/spec-4979-56045-0962.fits
4979/spec-4979-56045-0963.fits
4979/spec-4979-56045-0964.fits
4979/spec-4979-56045-0965.fits
4979/spec-4979-56045-0966.fits
4979/spec-4979-56045-0967.fits
4979/spec-4979-56045-0968.fits
4979/spec-4979-56045-0969.fits
4979/spec-4979-56045-0970.fits
4979/spec-4979-56045-0971.fits
4979/spec-4979-56045-0972.fits
4979/spec-4979-56045-0973.fits
4979/spec-4979-56045-0974.fits
4979/spec-4979-56045-0975.fits
4979/spec-4979-56045-0976.fits
4979/spec-4979-56045-0977.fits
4979/spec-4979-56045-0978.fits
4979/spec-4979-56045-0979.fits
4979/spec-4979-56045-0980.fits
4979/spec-4979-56045-0981.fits
4979/spec-4979-56045-0982.fits
4979/spec-4979-56045-0983.fits
4979/spec-4979-56045-0984.fits
4979/spec-4979-56045-0985.fits
4979/spec-4979-56045-0986.fits
4979/spec-4979-56045-0987.fits
4979/spec-4979-56045-0988.fits
4979/spec-4979-56045-0989.fits
4979/spec-4979-56045-0990.fits
4979/spec-4979-56045-0991.fits
4979/spec-4979-56045-0992.fits
4979/spec-4979-56045-0993.fits
4979/spec-4979-56045-0994.fits
4979/spec-4979-56045-0995.fits
4979/spec-4979-56045-0996.fits
4979/spec-4979-56045-0997.fits
4979/spec-4979-56045-0998.fits
4979/spec-4979-56045-0999.fits
4979/spec-4979-56045-1000.fits
/var/lib/condor/execute/slot1/dir_34679
4979 4979.tgz R R361.tar.gz _condor_stderr _condor_stdout cB58_Lyman_break.fit condor_exec.exe hw4.R packages packages.tar.gz tmp var
[1] "Loaded package astro."
[1] 1000
4979 4979.csv 4979.tgz R R361.tar.gz _condor_stderr _condor_stdout cB58_Lyman_break.fit condor_exec.exe hw4.R packages packages.tar.gz tmp var
