4988
4988/
4988/spec-4988-55825-0001.fits
4988/spec-4988-55825-0002.fits
4988/spec-4988-55825-0003.fits
4988/spec-4988-55825-0004.fits
4988/spec-4988-55825-0005.fits
4988/spec-4988-55825-0006.fits
4988/spec-4988-55825-0007.fits
4988/spec-4988-55825-0008.fits
4988/spec-4988-55825-0009.fits
4988/spec-4988-55825-0010.fits
4988/spec-4988-55825-0011.fits
4988/spec-4988-55825-0012.fits
4988/spec-4988-55825-0013.fits
4988/spec-4988-55825-0014.fits
4988/spec-4988-55825-0015.fits
4988/spec-4988-55825-0016.fits
4988/spec-4988-55825-0017.fits
4988/spec-4988-55825-0018.fits
4988/spec-4988-55825-0019.fits
4988/spec-4988-55825-0020.fits
4988/spec-4988-55825-0021.fits
4988/spec-4988-55825-0022.fits
4988/spec-4988-55825-0023.fits
4988/spec-4988-55825-0024.fits
4988/spec-4988-55825-0025.fits
4988/spec-4988-55825-0026.fits
4988/spec-4988-55825-0027.fits
4988/spec-4988-55825-0028.fits
4988/spec-4988-55825-0029.fits
4988/spec-4988-55825-0030.fits
4988/spec-4988-55825-0031.fits
4988/spec-4988-55825-0032.fits
4988/spec-4988-55825-0033.fits
4988/spec-4988-55825-0034.fits
4988/spec-4988-55825-0035.fits
4988/spec-4988-55825-0036.fits
4988/spec-4988-55825-0037.fits
4988/spec-4988-55825-0038.fits
4988/spec-4988-55825-0039.fits
4988/spec-4988-55825-0040.fits
4988/spec-4988-55825-0041.fits
4988/spec-4988-55825-0042.fits
4988/spec-4988-55825-0043.fits
4988/spec-4988-55825-0044.fits
4988/spec-4988-55825-0045.fits
4988/spec-4988-55825-0046.fits
4988/spec-4988-55825-0047.fits
4988/spec-4988-55825-0048.fits
4988/spec-4988-55825-0049.fits
4988/spec-4988-55825-0050.fits
4988/spec-4988-55825-0051.fits
4988/spec-4988-55825-0052.fits
4988/spec-4988-55825-0053.fits
4988/spec-4988-55825-0054.fits
4988/spec-4988-55825-0055.fits
4988/spec-4988-55825-0056.fits
4988/spec-4988-55825-0057.fits
4988/spec-4988-55825-0058.fits
4988/spec-4988-55825-0059.fits
4988/spec-4988-55825-0060.fits
4988/spec-4988-55825-0061.fits
4988/spec-4988-55825-0062.fits
4988/spec-4988-55825-0063.fits
4988/spec-4988-55825-0064.fits
4988/spec-4988-55825-0065.fits
4988/spec-4988-55825-0066.fits
4988/spec-4988-55825-0067.fits
4988/spec-4988-55825-0068.fits
4988/spec-4988-55825-0069.fits
4988/spec-4988-55825-0070.fits
4988/spec-4988-55825-0071.fits
4988/spec-4988-55825-0072.fits
4988/spec-4988-55825-0073.fits
4988/spec-4988-55825-0074.fits
4988/spec-4988-55825-0075.fits
4988/spec-4988-55825-0076.fits
4988/spec-4988-55825-0077.fits
4988/spec-4988-55825-0078.fits
4988/spec-4988-55825-0079.fits
4988/spec-4988-55825-0080.fits
4988/spec-4988-55825-0081.fits
4988/spec-4988-55825-0082.fits
4988/spec-4988-55825-0083.fits
4988/spec-4988-55825-0084.fits
4988/spec-4988-55825-0085.fits
4988/spec-4988-55825-0086.fits
4988/spec-4988-55825-0087.fits
4988/spec-4988-55825-0088.fits
4988/spec-4988-55825-0089.fits
4988/spec-4988-55825-0090.fits
4988/spec-4988-55825-0091.fits
4988/spec-4988-55825-0092.fits
4988/spec-4988-55825-0093.fits
4988/spec-4988-55825-0094.fits
4988/spec-4988-55825-0095.fits
4988/spec-4988-55825-0096.fits
4988/spec-4988-55825-0097.fits
4988/spec-4988-55825-0098.fits
4988/spec-4988-55825-0099.fits
4988/spec-4988-55825-0100.fits
4988/spec-4988-55825-0101.fits
4988/spec-4988-55825-0102.fits
4988/spec-4988-55825-0103.fits
4988/spec-4988-55825-0104.fits
4988/spec-4988-55825-0105.fits
4988/spec-4988-55825-0106.fits
4988/spec-4988-55825-0107.fits
4988/spec-4988-55825-0108.fits
4988/spec-4988-55825-0109.fits
4988/spec-4988-55825-0110.fits
4988/spec-4988-55825-0111.fits
4988/spec-4988-55825-0112.fits
4988/spec-4988-55825-0113.fits
4988/spec-4988-55825-0114.fits
4988/spec-4988-55825-0115.fits
4988/spec-4988-55825-0116.fits
4988/spec-4988-55825-0117.fits
4988/spec-4988-55825-0118.fits
4988/spec-4988-55825-0119.fits
4988/spec-4988-55825-0120.fits
4988/spec-4988-55825-0121.fits
4988/spec-4988-55825-0122.fits
4988/spec-4988-55825-0123.fits
4988/spec-4988-55825-0124.fits
4988/spec-4988-55825-0125.fits
4988/spec-4988-55825-0126.fits
4988/spec-4988-55825-0127.fits
4988/spec-4988-55825-0128.fits
4988/spec-4988-55825-0129.fits
4988/spec-4988-55825-0130.fits
4988/spec-4988-55825-0131.fits
4988/spec-4988-55825-0132.fits
4988/spec-4988-55825-0133.fits
4988/spec-4988-55825-0134.fits
4988/spec-4988-55825-0135.fits
4988/spec-4988-55825-0136.fits
4988/spec-4988-55825-0137.fits
4988/spec-4988-55825-0138.fits
4988/spec-4988-55825-0139.fits
4988/spec-4988-55825-0140.fits
4988/spec-4988-55825-0141.fits
4988/spec-4988-55825-0142.fits
4988/spec-4988-55825-0143.fits
4988/spec-4988-55825-0144.fits
4988/spec-4988-55825-0145.fits
4988/spec-4988-55825-0146.fits
4988/spec-4988-55825-0147.fits
4988/spec-4988-55825-0148.fits
4988/spec-4988-55825-0149.fits
4988/spec-4988-55825-0150.fits
4988/spec-4988-55825-0151.fits
4988/spec-4988-55825-0152.fits
4988/spec-4988-55825-0153.fits
4988/spec-4988-55825-0154.fits
4988/spec-4988-55825-0155.fits
4988/spec-4988-55825-0156.fits
4988/spec-4988-55825-0157.fits
4988/spec-4988-55825-0158.fits
4988/spec-4988-55825-0159.fits
4988/spec-4988-55825-0160.fits
4988/spec-4988-55825-0161.fits
4988/spec-4988-55825-0162.fits
4988/spec-4988-55825-0163.fits
4988/spec-4988-55825-0164.fits
4988/spec-4988-55825-0165.fits
4988/spec-4988-55825-0166.fits
4988/spec-4988-55825-0167.fits
4988/spec-4988-55825-0168.fits
4988/spec-4988-55825-0169.fits
4988/spec-4988-55825-0170.fits
4988/spec-4988-55825-0171.fits
4988/spec-4988-55825-0172.fits
4988/spec-4988-55825-0173.fits
4988/spec-4988-55825-0174.fits
4988/spec-4988-55825-0175.fits
4988/spec-4988-55825-0176.fits
4988/spec-4988-55825-0177.fits
4988/spec-4988-55825-0178.fits
4988/spec-4988-55825-0179.fits
4988/spec-4988-55825-0180.fits
4988/spec-4988-55825-0181.fits
4988/spec-4988-55825-0182.fits
4988/spec-4988-55825-0183.fits
4988/spec-4988-55825-0184.fits
4988/spec-4988-55825-0185.fits
4988/spec-4988-55825-0186.fits
4988/spec-4988-55825-0187.fits
4988/spec-4988-55825-0188.fits
4988/spec-4988-55825-0189.fits
4988/spec-4988-55825-0190.fits
4988/spec-4988-55825-0191.fits
4988/spec-4988-55825-0192.fits
4988/spec-4988-55825-0193.fits
4988/spec-4988-55825-0194.fits
4988/spec-4988-55825-0195.fits
4988/spec-4988-55825-0196.fits
4988/spec-4988-55825-0197.fits
4988/spec-4988-55825-0198.fits
4988/spec-4988-55825-0199.fits
4988/spec-4988-55825-0200.fits
4988/spec-4988-55825-0201.fits
4988/spec-4988-55825-0202.fits
4988/spec-4988-55825-0203.fits
4988/spec-4988-55825-0204.fits
4988/spec-4988-55825-0205.fits
4988/spec-4988-55825-0206.fits
4988/spec-4988-55825-0207.fits
4988/spec-4988-55825-0208.fits
4988/spec-4988-55825-0209.fits
4988/spec-4988-55825-0210.fits
4988/spec-4988-55825-0211.fits
4988/spec-4988-55825-0212.fits
4988/spec-4988-55825-0213.fits
4988/spec-4988-55825-0214.fits
4988/spec-4988-55825-0215.fits
4988/spec-4988-55825-0216.fits
4988/spec-4988-55825-0217.fits
4988/spec-4988-55825-0218.fits
4988/spec-4988-55825-0219.fits
4988/spec-4988-55825-0220.fits
4988/spec-4988-55825-0221.fits
4988/spec-4988-55825-0222.fits
4988/spec-4988-55825-0223.fits
4988/spec-4988-55825-0224.fits
4988/spec-4988-55825-0225.fits
4988/spec-4988-55825-0226.fits
4988/spec-4988-55825-0227.fits
4988/spec-4988-55825-0228.fits
4988/spec-4988-55825-0229.fits
4988/spec-4988-55825-0230.fits
4988/spec-4988-55825-0231.fits
4988/spec-4988-55825-0232.fits
4988/spec-4988-55825-0233.fits
4988/spec-4988-55825-0234.fits
4988/spec-4988-55825-0235.fits
4988/spec-4988-55825-0236.fits
4988/spec-4988-55825-0237.fits
4988/spec-4988-55825-0238.fits
4988/spec-4988-55825-0239.fits
4988/spec-4988-55825-0240.fits
4988/spec-4988-55825-0241.fits
4988/spec-4988-55825-0242.fits
4988/spec-4988-55825-0243.fits
4988/spec-4988-55825-0244.fits
4988/spec-4988-55825-0245.fits
4988/spec-4988-55825-0246.fits
4988/spec-4988-55825-0247.fits
4988/spec-4988-55825-0248.fits
4988/spec-4988-55825-0249.fits
4988/spec-4988-55825-0250.fits
4988/spec-4988-55825-0251.fits
4988/spec-4988-55825-0252.fits
4988/spec-4988-55825-0253.fits
4988/spec-4988-55825-0254.fits
4988/spec-4988-55825-0255.fits
4988/spec-4988-55825-0256.fits
4988/spec-4988-55825-0257.fits
4988/spec-4988-55825-0258.fits
4988/spec-4988-55825-0259.fits
4988/spec-4988-55825-0260.fits
4988/spec-4988-55825-0261.fits
4988/spec-4988-55825-0262.fits
4988/spec-4988-55825-0263.fits
4988/spec-4988-55825-0264.fits
4988/spec-4988-55825-0265.fits
4988/spec-4988-55825-0266.fits
4988/spec-4988-55825-0267.fits
4988/spec-4988-55825-0268.fits
4988/spec-4988-55825-0269.fits
4988/spec-4988-55825-0270.fits
4988/spec-4988-55825-0271.fits
4988/spec-4988-55825-0272.fits
4988/spec-4988-55825-0273.fits
4988/spec-4988-55825-0274.fits
4988/spec-4988-55825-0275.fits
4988/spec-4988-55825-0276.fits
4988/spec-4988-55825-0277.fits
4988/spec-4988-55825-0278.fits
4988/spec-4988-55825-0279.fits
4988/spec-4988-55825-0280.fits
4988/spec-4988-55825-0281.fits
4988/spec-4988-55825-0282.fits
4988/spec-4988-55825-0283.fits
4988/spec-4988-55825-0284.fits
4988/spec-4988-55825-0285.fits
4988/spec-4988-55825-0286.fits
4988/spec-4988-55825-0287.fits
4988/spec-4988-55825-0288.fits
4988/spec-4988-55825-0289.fits
4988/spec-4988-55825-0290.fits
4988/spec-4988-55825-0291.fits
4988/spec-4988-55825-0292.fits
4988/spec-4988-55825-0293.fits
4988/spec-4988-55825-0294.fits
4988/spec-4988-55825-0295.fits
4988/spec-4988-55825-0296.fits
4988/spec-4988-55825-0297.fits
4988/spec-4988-55825-0298.fits
4988/spec-4988-55825-0299.fits
4988/spec-4988-55825-0300.fits
4988/spec-4988-55825-0301.fits
4988/spec-4988-55825-0302.fits
4988/spec-4988-55825-0303.fits
4988/spec-4988-55825-0304.fits
4988/spec-4988-55825-0305.fits
4988/spec-4988-55825-0306.fits
4988/spec-4988-55825-0307.fits
4988/spec-4988-55825-0308.fits
4988/spec-4988-55825-0309.fits
4988/spec-4988-55825-0310.fits
4988/spec-4988-55825-0311.fits
4988/spec-4988-55825-0312.fits
4988/spec-4988-55825-0313.fits
4988/spec-4988-55825-0314.fits
4988/spec-4988-55825-0315.fits
4988/spec-4988-55825-0316.fits
4988/spec-4988-55825-0317.fits
4988/spec-4988-55825-0318.fits
4988/spec-4988-55825-0319.fits
4988/spec-4988-55825-0320.fits
4988/spec-4988-55825-0321.fits
4988/spec-4988-55825-0322.fits
4988/spec-4988-55825-0323.fits
4988/spec-4988-55825-0324.fits
4988/spec-4988-55825-0325.fits
4988/spec-4988-55825-0326.fits
4988/spec-4988-55825-0327.fits
4988/spec-4988-55825-0328.fits
4988/spec-4988-55825-0329.fits
4988/spec-4988-55825-0330.fits
4988/spec-4988-55825-0331.fits
4988/spec-4988-55825-0332.fits
4988/spec-4988-55825-0333.fits
4988/spec-4988-55825-0334.fits
4988/spec-4988-55825-0335.fits
4988/spec-4988-55825-0336.fits
4988/spec-4988-55825-0337.fits
4988/spec-4988-55825-0338.fits
4988/spec-4988-55825-0339.fits
4988/spec-4988-55825-0340.fits
4988/spec-4988-55825-0341.fits
4988/spec-4988-55825-0342.fits
4988/spec-4988-55825-0343.fits
4988/spec-4988-55825-0344.fits
4988/spec-4988-55825-0345.fits
4988/spec-4988-55825-0346.fits
4988/spec-4988-55825-0347.fits
4988/spec-4988-55825-0348.fits
4988/spec-4988-55825-0349.fits
4988/spec-4988-55825-0350.fits
4988/spec-4988-55825-0351.fits
4988/spec-4988-55825-0352.fits
4988/spec-4988-55825-0353.fits
4988/spec-4988-55825-0354.fits
4988/spec-4988-55825-0355.fits
4988/spec-4988-55825-0356.fits
4988/spec-4988-55825-0357.fits
4988/spec-4988-55825-0358.fits
4988/spec-4988-55825-0359.fits
4988/spec-4988-55825-0360.fits
4988/spec-4988-55825-0361.fits
4988/spec-4988-55825-0362.fits
4988/spec-4988-55825-0363.fits
4988/spec-4988-55825-0364.fits
4988/spec-4988-55825-0365.fits
4988/spec-4988-55825-0366.fits
4988/spec-4988-55825-0367.fits
4988/spec-4988-55825-0368.fits
4988/spec-4988-55825-0369.fits
4988/spec-4988-55825-0370.fits
4988/spec-4988-55825-0371.fits
4988/spec-4988-55825-0372.fits
4988/spec-4988-55825-0373.fits
4988/spec-4988-55825-0374.fits
4988/spec-4988-55825-0375.fits
4988/spec-4988-55825-0376.fits
4988/spec-4988-55825-0377.fits
4988/spec-4988-55825-0378.fits
4988/spec-4988-55825-0379.fits
4988/spec-4988-55825-0380.fits
4988/spec-4988-55825-0381.fits
4988/spec-4988-55825-0382.fits
4988/spec-4988-55825-0383.fits
4988/spec-4988-55825-0384.fits
4988/spec-4988-55825-0385.fits
4988/spec-4988-55825-0386.fits
4988/spec-4988-55825-0387.fits
4988/spec-4988-55825-0388.fits
4988/spec-4988-55825-0389.fits
4988/spec-4988-55825-0390.fits
4988/spec-4988-55825-0391.fits
4988/spec-4988-55825-0392.fits
4988/spec-4988-55825-0393.fits
4988/spec-4988-55825-0394.fits
4988/spec-4988-55825-0395.fits
4988/spec-4988-55825-0396.fits
4988/spec-4988-55825-0397.fits
4988/spec-4988-55825-0398.fits
4988/spec-4988-55825-0399.fits
4988/spec-4988-55825-0400.fits
4988/spec-4988-55825-0401.fits
4988/spec-4988-55825-0402.fits
4988/spec-4988-55825-0403.fits
4988/spec-4988-55825-0404.fits
4988/spec-4988-55825-0405.fits
4988/spec-4988-55825-0406.fits
4988/spec-4988-55825-0407.fits
4988/spec-4988-55825-0408.fits
4988/spec-4988-55825-0409.fits
4988/spec-4988-55825-0410.fits
4988/spec-4988-55825-0411.fits
4988/spec-4988-55825-0412.fits
4988/spec-4988-55825-0413.fits
4988/spec-4988-55825-0414.fits
4988/spec-4988-55825-0415.fits
4988/spec-4988-55825-0416.fits
4988/spec-4988-55825-0417.fits
4988/spec-4988-55825-0418.fits
4988/spec-4988-55825-0419.fits
4988/spec-4988-55825-0420.fits
4988/spec-4988-55825-0421.fits
4988/spec-4988-55825-0422.fits
4988/spec-4988-55825-0423.fits
4988/spec-4988-55825-0424.fits
4988/spec-4988-55825-0425.fits
4988/spec-4988-55825-0426.fits
4988/spec-4988-55825-0427.fits
4988/spec-4988-55825-0428.fits
4988/spec-4988-55825-0429.fits
4988/spec-4988-55825-0430.fits
4988/spec-4988-55825-0431.fits
4988/spec-4988-55825-0432.fits
4988/spec-4988-55825-0433.fits
4988/spec-4988-55825-0434.fits
4988/spec-4988-55825-0435.fits
4988/spec-4988-55825-0436.fits
4988/spec-4988-55825-0437.fits
4988/spec-4988-55825-0438.fits
4988/spec-4988-55825-0439.fits
4988/spec-4988-55825-0440.fits
4988/spec-4988-55825-0441.fits
4988/spec-4988-55825-0442.fits
4988/spec-4988-55825-0443.fits
4988/spec-4988-55825-0444.fits
4988/spec-4988-55825-0445.fits
4988/spec-4988-55825-0446.fits
4988/spec-4988-55825-0447.fits
4988/spec-4988-55825-0448.fits
4988/spec-4988-55825-0449.fits
4988/spec-4988-55825-0450.fits
4988/spec-4988-55825-0451.fits
4988/spec-4988-55825-0452.fits
4988/spec-4988-55825-0453.fits
4988/spec-4988-55825-0454.fits
4988/spec-4988-55825-0455.fits
4988/spec-4988-55825-0456.fits
4988/spec-4988-55825-0457.fits
4988/spec-4988-55825-0458.fits
4988/spec-4988-55825-0459.fits
4988/spec-4988-55825-0460.fits
4988/spec-4988-55825-0461.fits
4988/spec-4988-55825-0462.fits
4988/spec-4988-55825-0463.fits
4988/spec-4988-55825-0464.fits
4988/spec-4988-55825-0465.fits
4988/spec-4988-55825-0466.fits
4988/spec-4988-55825-0467.fits
4988/spec-4988-55825-0468.fits
4988/spec-4988-55825-0469.fits
4988/spec-4988-55825-0470.fits
4988/spec-4988-55825-0471.fits
4988/spec-4988-55825-0472.fits
4988/spec-4988-55825-0473.fits
4988/spec-4988-55825-0474.fits
4988/spec-4988-55825-0475.fits
4988/spec-4988-55825-0476.fits
4988/spec-4988-55825-0477.fits
4988/spec-4988-55825-0478.fits
4988/spec-4988-55825-0479.fits
4988/spec-4988-55825-0480.fits
4988/spec-4988-55825-0481.fits
4988/spec-4988-55825-0482.fits
4988/spec-4988-55825-0483.fits
4988/spec-4988-55825-0484.fits
4988/spec-4988-55825-0485.fits
4988/spec-4988-55825-0486.fits
4988/spec-4988-55825-0487.fits
4988/spec-4988-55825-0488.fits
4988/spec-4988-55825-0489.fits
4988/spec-4988-55825-0490.fits
4988/spec-4988-55825-0491.fits
4988/spec-4988-55825-0492.fits
4988/spec-4988-55825-0493.fits
4988/spec-4988-55825-0494.fits
4988/spec-4988-55825-0495.fits
4988/spec-4988-55825-0496.fits
4988/spec-4988-55825-0497.fits
4988/spec-4988-55825-0498.fits
4988/spec-4988-55825-0499.fits
4988/spec-4988-55825-0500.fits
4988/spec-4988-55825-0501.fits
4988/spec-4988-55825-0502.fits
4988/spec-4988-55825-0503.fits
4988/spec-4988-55825-0504.fits
4988/spec-4988-55825-0505.fits
4988/spec-4988-55825-0506.fits
4988/spec-4988-55825-0507.fits
4988/spec-4988-55825-0508.fits
4988/spec-4988-55825-0509.fits
4988/spec-4988-55825-0510.fits
4988/spec-4988-55825-0511.fits
4988/spec-4988-55825-0512.fits
4988/spec-4988-55825-0513.fits
4988/spec-4988-55825-0514.fits
4988/spec-4988-55825-0515.fits
4988/spec-4988-55825-0516.fits
4988/spec-4988-55825-0517.fits
4988/spec-4988-55825-0518.fits
4988/spec-4988-55825-0519.fits
4988/spec-4988-55825-0520.fits
4988/spec-4988-55825-0521.fits
4988/spec-4988-55825-0522.fits
4988/spec-4988-55825-0523.fits
4988/spec-4988-55825-0524.fits
4988/spec-4988-55825-0525.fits
4988/spec-4988-55825-0526.fits
4988/spec-4988-55825-0527.fits
4988/spec-4988-55825-0528.fits
4988/spec-4988-55825-0529.fits
4988/spec-4988-55825-0530.fits
4988/spec-4988-55825-0531.fits
4988/spec-4988-55825-0532.fits
4988/spec-4988-55825-0533.fits
4988/spec-4988-55825-0534.fits
4988/spec-4988-55825-0535.fits
4988/spec-4988-55825-0536.fits
4988/spec-4988-55825-0537.fits
4988/spec-4988-55825-0538.fits
4988/spec-4988-55825-0539.fits
4988/spec-4988-55825-0540.fits
4988/spec-4988-55825-0541.fits
4988/spec-4988-55825-0542.fits
4988/spec-4988-55825-0543.fits
4988/spec-4988-55825-0544.fits
4988/spec-4988-55825-0545.fits
4988/spec-4988-55825-0546.fits
4988/spec-4988-55825-0547.fits
4988/spec-4988-55825-0548.fits
4988/spec-4988-55825-0549.fits
4988/spec-4988-55825-0550.fits
4988/spec-4988-55825-0551.fits
4988/spec-4988-55825-0552.fits
4988/spec-4988-55825-0553.fits
4988/spec-4988-55825-0554.fits
4988/spec-4988-55825-0555.fits
4988/spec-4988-55825-0556.fits
4988/spec-4988-55825-0557.fits
4988/spec-4988-55825-0558.fits
4988/spec-4988-55825-0559.fits
4988/spec-4988-55825-0560.fits
4988/spec-4988-55825-0561.fits
4988/spec-4988-55825-0562.fits
4988/spec-4988-55825-0563.fits
4988/spec-4988-55825-0564.fits
4988/spec-4988-55825-0565.fits
4988/spec-4988-55825-0566.fits
4988/spec-4988-55825-0567.fits
4988/spec-4988-55825-0568.fits
4988/spec-4988-55825-0569.fits
4988/spec-4988-55825-0570.fits
4988/spec-4988-55825-0571.fits
4988/spec-4988-55825-0572.fits
4988/spec-4988-55825-0573.fits
4988/spec-4988-55825-0574.fits
4988/spec-4988-55825-0575.fits
4988/spec-4988-55825-0576.fits
4988/spec-4988-55825-0577.fits
4988/spec-4988-55825-0578.fits
4988/spec-4988-55825-0579.fits
4988/spec-4988-55825-0580.fits
4988/spec-4988-55825-0581.fits
4988/spec-4988-55825-0582.fits
4988/spec-4988-55825-0583.fits
4988/spec-4988-55825-0584.fits
4988/spec-4988-55825-0585.fits
4988/spec-4988-55825-0586.fits
4988/spec-4988-55825-0587.fits
4988/spec-4988-55825-0588.fits
4988/spec-4988-55825-0589.fits
4988/spec-4988-55825-0590.fits
4988/spec-4988-55825-0591.fits
4988/spec-4988-55825-0592.fits
4988/spec-4988-55825-0593.fits
4988/spec-4988-55825-0594.fits
4988/spec-4988-55825-0595.fits
4988/spec-4988-55825-0596.fits
4988/spec-4988-55825-0597.fits
4988/spec-4988-55825-0598.fits
4988/spec-4988-55825-0599.fits
4988/spec-4988-55825-0600.fits
4988/spec-4988-55825-0601.fits
4988/spec-4988-55825-0602.fits
4988/spec-4988-55825-0603.fits
4988/spec-4988-55825-0604.fits
4988/spec-4988-55825-0605.fits
4988/spec-4988-55825-0606.fits
4988/spec-4988-55825-0607.fits
4988/spec-4988-55825-0608.fits
4988/spec-4988-55825-0609.fits
4988/spec-4988-55825-0610.fits
4988/spec-4988-55825-0611.fits
4988/spec-4988-55825-0612.fits
4988/spec-4988-55825-0613.fits
4988/spec-4988-55825-0614.fits
4988/spec-4988-55825-0615.fits
4988/spec-4988-55825-0616.fits
4988/spec-4988-55825-0617.fits
4988/spec-4988-55825-0618.fits
4988/spec-4988-55825-0619.fits
4988/spec-4988-55825-0620.fits
4988/spec-4988-55825-0621.fits
4988/spec-4988-55825-0622.fits
4988/spec-4988-55825-0623.fits
4988/spec-4988-55825-0624.fits
4988/spec-4988-55825-0625.fits
4988/spec-4988-55825-0626.fits
4988/spec-4988-55825-0627.fits
4988/spec-4988-55825-0628.fits
4988/spec-4988-55825-0629.fits
4988/spec-4988-55825-0630.fits
4988/spec-4988-55825-0631.fits
4988/spec-4988-55825-0632.fits
4988/spec-4988-55825-0633.fits
4988/spec-4988-55825-0634.fits
4988/spec-4988-55825-0635.fits
4988/spec-4988-55825-0636.fits
4988/spec-4988-55825-0637.fits
4988/spec-4988-55825-0638.fits
4988/spec-4988-55825-0639.fits
4988/spec-4988-55825-0640.fits
4988/spec-4988-55825-0641.fits
4988/spec-4988-55825-0642.fits
4988/spec-4988-55825-0643.fits
4988/spec-4988-55825-0644.fits
4988/spec-4988-55825-0645.fits
4988/spec-4988-55825-0646.fits
4988/spec-4988-55825-0647.fits
4988/spec-4988-55825-0648.fits
4988/spec-4988-55825-0649.fits
4988/spec-4988-55825-0650.fits
4988/spec-4988-55825-0651.fits
4988/spec-4988-55825-0652.fits
4988/spec-4988-55825-0653.fits
4988/spec-4988-55825-0654.fits
4988/spec-4988-55825-0655.fits
4988/spec-4988-55825-0656.fits
4988/spec-4988-55825-0657.fits
4988/spec-4988-55825-0658.fits
4988/spec-4988-55825-0659.fits
4988/spec-4988-55825-0660.fits
4988/spec-4988-55825-0661.fits
4988/spec-4988-55825-0662.fits
4988/spec-4988-55825-0663.fits
4988/spec-4988-55825-0664.fits
4988/spec-4988-55825-0665.fits
4988/spec-4988-55825-0666.fits
4988/spec-4988-55825-0667.fits
4988/spec-4988-55825-0668.fits
4988/spec-4988-55825-0669.fits
4988/spec-4988-55825-0670.fits
4988/spec-4988-55825-0671.fits
4988/spec-4988-55825-0672.fits
4988/spec-4988-55825-0673.fits
4988/spec-4988-55825-0674.fits
4988/spec-4988-55825-0675.fits
4988/spec-4988-55825-0676.fits
4988/spec-4988-55825-0677.fits
4988/spec-4988-55825-0678.fits
4988/spec-4988-55825-0679.fits
4988/spec-4988-55825-0680.fits
4988/spec-4988-55825-0681.fits
4988/spec-4988-55825-0682.fits
4988/spec-4988-55825-0683.fits
4988/spec-4988-55825-0684.fits
4988/spec-4988-55825-0685.fits
4988/spec-4988-55825-0686.fits
4988/spec-4988-55825-0687.fits
4988/spec-4988-55825-0688.fits
4988/spec-4988-55825-0689.fits
4988/spec-4988-55825-0690.fits
4988/spec-4988-55825-0691.fits
4988/spec-4988-55825-0692.fits
4988/spec-4988-55825-0693.fits
4988/spec-4988-55825-0694.fits
4988/spec-4988-55825-0695.fits
4988/spec-4988-55825-0696.fits
4988/spec-4988-55825-0697.fits
4988/spec-4988-55825-0698.fits
4988/spec-4988-55825-0699.fits
4988/spec-4988-55825-0700.fits
4988/spec-4988-55825-0701.fits
4988/spec-4988-55825-0702.fits
4988/spec-4988-55825-0703.fits
4988/spec-4988-55825-0704.fits
4988/spec-4988-55825-0705.fits
4988/spec-4988-55825-0706.fits
4988/spec-4988-55825-0707.fits
4988/spec-4988-55825-0708.fits
4988/spec-4988-55825-0709.fits
4988/spec-4988-55825-0710.fits
4988/spec-4988-55825-0711.fits
4988/spec-4988-55825-0712.fits
4988/spec-4988-55825-0713.fits
4988/spec-4988-55825-0714.fits
4988/spec-4988-55825-0715.fits
4988/spec-4988-55825-0716.fits
4988/spec-4988-55825-0717.fits
4988/spec-4988-55825-0718.fits
4988/spec-4988-55825-0719.fits
4988/spec-4988-55825-0720.fits
4988/spec-4988-55825-0721.fits
4988/spec-4988-55825-0722.fits
4988/spec-4988-55825-0723.fits
4988/spec-4988-55825-0724.fits
4988/spec-4988-55825-0725.fits
4988/spec-4988-55825-0726.fits
4988/spec-4988-55825-0727.fits
4988/spec-4988-55825-0728.fits
4988/spec-4988-55825-0729.fits
4988/spec-4988-55825-0730.fits
4988/spec-4988-55825-0731.fits
4988/spec-4988-55825-0732.fits
4988/spec-4988-55825-0733.fits
4988/spec-4988-55825-0734.fits
4988/spec-4988-55825-0735.fits
4988/spec-4988-55825-0736.fits
4988/spec-4988-55825-0737.fits
4988/spec-4988-55825-0738.fits
4988/spec-4988-55825-0739.fits
4988/spec-4988-55825-0740.fits
4988/spec-4988-55825-0741.fits
4988/spec-4988-55825-0742.fits
4988/spec-4988-55825-0743.fits
4988/spec-4988-55825-0744.fits
4988/spec-4988-55825-0745.fits
4988/spec-4988-55825-0746.fits
4988/spec-4988-55825-0747.fits
4988/spec-4988-55825-0748.fits
4988/spec-4988-55825-0749.fits
4988/spec-4988-55825-0750.fits
4988/spec-4988-55825-0751.fits
4988/spec-4988-55825-0752.fits
4988/spec-4988-55825-0753.fits
4988/spec-4988-55825-0754.fits
4988/spec-4988-55825-0755.fits
4988/spec-4988-55825-0756.fits
4988/spec-4988-55825-0757.fits
4988/spec-4988-55825-0758.fits
4988/spec-4988-55825-0759.fits
4988/spec-4988-55825-0760.fits
4988/spec-4988-55825-0761.fits
4988/spec-4988-55825-0762.fits
4988/spec-4988-55825-0763.fits
4988/spec-4988-55825-0764.fits
4988/spec-4988-55825-0765.fits
4988/spec-4988-55825-0766.fits
4988/spec-4988-55825-0767.fits
4988/spec-4988-55825-0768.fits
4988/spec-4988-55825-0769.fits
4988/spec-4988-55825-0770.fits
4988/spec-4988-55825-0771.fits
4988/spec-4988-55825-0772.fits
4988/spec-4988-55825-0773.fits
4988/spec-4988-55825-0774.fits
4988/spec-4988-55825-0775.fits
4988/spec-4988-55825-0776.fits
4988/spec-4988-55825-0777.fits
4988/spec-4988-55825-0778.fits
4988/spec-4988-55825-0779.fits
4988/spec-4988-55825-0780.fits
4988/spec-4988-55825-0781.fits
4988/spec-4988-55825-0782.fits
4988/spec-4988-55825-0783.fits
4988/spec-4988-55825-0784.fits
4988/spec-4988-55825-0785.fits
4988/spec-4988-55825-0786.fits
4988/spec-4988-55825-0787.fits
4988/spec-4988-55825-0788.fits
4988/spec-4988-55825-0789.fits
4988/spec-4988-55825-0790.fits
4988/spec-4988-55825-0791.fits
4988/spec-4988-55825-0792.fits
4988/spec-4988-55825-0793.fits
4988/spec-4988-55825-0794.fits
4988/spec-4988-55825-0795.fits
4988/spec-4988-55825-0796.fits
4988/spec-4988-55825-0797.fits
4988/spec-4988-55825-0798.fits
4988/spec-4988-55825-0799.fits
4988/spec-4988-55825-0800.fits
4988/spec-4988-55825-0801.fits
4988/spec-4988-55825-0802.fits
4988/spec-4988-55825-0803.fits
4988/spec-4988-55825-0804.fits
4988/spec-4988-55825-0805.fits
4988/spec-4988-55825-0806.fits
4988/spec-4988-55825-0807.fits
4988/spec-4988-55825-0808.fits
4988/spec-4988-55825-0809.fits
4988/spec-4988-55825-0810.fits
4988/spec-4988-55825-0811.fits
4988/spec-4988-55825-0812.fits
4988/spec-4988-55825-0813.fits
4988/spec-4988-55825-0814.fits
4988/spec-4988-55825-0815.fits
4988/spec-4988-55825-0816.fits
4988/spec-4988-55825-0817.fits
4988/spec-4988-55825-0818.fits
4988/spec-4988-55825-0819.fits
4988/spec-4988-55825-0820.fits
4988/spec-4988-55825-0821.fits
4988/spec-4988-55825-0822.fits
4988/spec-4988-55825-0823.fits
4988/spec-4988-55825-0824.fits
4988/spec-4988-55825-0825.fits
4988/spec-4988-55825-0826.fits
4988/spec-4988-55825-0827.fits
4988/spec-4988-55825-0828.fits
4988/spec-4988-55825-0829.fits
4988/spec-4988-55825-0830.fits
4988/spec-4988-55825-0831.fits
4988/spec-4988-55825-0832.fits
4988/spec-4988-55825-0833.fits
4988/spec-4988-55825-0834.fits
4988/spec-4988-55825-0835.fits
4988/spec-4988-55825-0836.fits
4988/spec-4988-55825-0837.fits
4988/spec-4988-55825-0838.fits
4988/spec-4988-55825-0839.fits
4988/spec-4988-55825-0840.fits
4988/spec-4988-55825-0841.fits
4988/spec-4988-55825-0842.fits
4988/spec-4988-55825-0843.fits
4988/spec-4988-55825-0844.fits
4988/spec-4988-55825-0845.fits
4988/spec-4988-55825-0846.fits
4988/spec-4988-55825-0847.fits
4988/spec-4988-55825-0848.fits
4988/spec-4988-55825-0849.fits
4988/spec-4988-55825-0850.fits
4988/spec-4988-55825-0851.fits
4988/spec-4988-55825-0852.fits
4988/spec-4988-55825-0853.fits
4988/spec-4988-55825-0854.fits
4988/spec-4988-55825-0855.fits
4988/spec-4988-55825-0856.fits
4988/spec-4988-55825-0857.fits
4988/spec-4988-55825-0858.fits
4988/spec-4988-55825-0859.fits
4988/spec-4988-55825-0860.fits
4988/spec-4988-55825-0861.fits
4988/spec-4988-55825-0862.fits
4988/spec-4988-55825-0863.fits
4988/spec-4988-55825-0864.fits
4988/spec-4988-55825-0865.fits
4988/spec-4988-55825-0866.fits
4988/spec-4988-55825-0867.fits
4988/spec-4988-55825-0868.fits
4988/spec-4988-55825-0869.fits
4988/spec-4988-55825-0870.fits
4988/spec-4988-55825-0871.fits
4988/spec-4988-55825-0872.fits
4988/spec-4988-55825-0873.fits
4988/spec-4988-55825-0874.fits
4988/spec-4988-55825-0875.fits
4988/spec-4988-55825-0876.fits
4988/spec-4988-55825-0877.fits
4988/spec-4988-55825-0878.fits
4988/spec-4988-55825-0879.fits
4988/spec-4988-55825-0880.fits
4988/spec-4988-55825-0881.fits
4988/spec-4988-55825-0882.fits
4988/spec-4988-55825-0883.fits
4988/spec-4988-55825-0884.fits
4988/spec-4988-55825-0885.fits
4988/spec-4988-55825-0886.fits
4988/spec-4988-55825-0887.fits
4988/spec-4988-55825-0888.fits
4988/spec-4988-55825-0889.fits
4988/spec-4988-55825-0890.fits
4988/spec-4988-55825-0891.fits
4988/spec-4988-55825-0892.fits
4988/spec-4988-55825-0893.fits
4988/spec-4988-55825-0894.fits
4988/spec-4988-55825-0895.fits
4988/spec-4988-55825-0896.fits
4988/spec-4988-55825-0897.fits
4988/spec-4988-55825-0898.fits
4988/spec-4988-55825-0899.fits
4988/spec-4988-55825-0900.fits
4988/spec-4988-55825-0901.fits
4988/spec-4988-55825-0902.fits
4988/spec-4988-55825-0903.fits
4988/spec-4988-55825-0904.fits
4988/spec-4988-55825-0905.fits
4988/spec-4988-55825-0906.fits
4988/spec-4988-55825-0907.fits
4988/spec-4988-55825-0908.fits
4988/spec-4988-55825-0909.fits
4988/spec-4988-55825-0910.fits
4988/spec-4988-55825-0911.fits
4988/spec-4988-55825-0912.fits
4988/spec-4988-55825-0913.fits
4988/spec-4988-55825-0914.fits
4988/spec-4988-55825-0915.fits
4988/spec-4988-55825-0916.fits
4988/spec-4988-55825-0917.fits
4988/spec-4988-55825-0918.fits
4988/spec-4988-55825-0919.fits
4988/spec-4988-55825-0920.fits
4988/spec-4988-55825-0921.fits
4988/spec-4988-55825-0922.fits
4988/spec-4988-55825-0923.fits
4988/spec-4988-55825-0924.fits
4988/spec-4988-55825-0925.fits
4988/spec-4988-55825-0926.fits
4988/spec-4988-55825-0927.fits
4988/spec-4988-55825-0928.fits
4988/spec-4988-55825-0929.fits
4988/spec-4988-55825-0930.fits
4988/spec-4988-55825-0931.fits
4988/spec-4988-55825-0932.fits
4988/spec-4988-55825-0933.fits
4988/spec-4988-55825-0934.fits
4988/spec-4988-55825-0935.fits
4988/spec-4988-55825-0936.fits
4988/spec-4988-55825-0937.fits
4988/spec-4988-55825-0938.fits
4988/spec-4988-55825-0939.fits
4988/spec-4988-55825-0940.fits
4988/spec-4988-55825-0941.fits
4988/spec-4988-55825-0942.fits
4988/spec-4988-55825-0943.fits
4988/spec-4988-55825-0944.fits
4988/spec-4988-55825-0945.fits
4988/spec-4988-55825-0946.fits
4988/spec-4988-55825-0947.fits
4988/spec-4988-55825-0948.fits
4988/spec-4988-55825-0949.fits
4988/spec-4988-55825-0950.fits
4988/spec-4988-55825-0951.fits
4988/spec-4988-55825-0952.fits
4988/spec-4988-55825-0953.fits
4988/spec-4988-55825-0954.fits
4988/spec-4988-55825-0955.fits
4988/spec-4988-55825-0956.fits
4988/spec-4988-55825-0957.fits
4988/spec-4988-55825-0958.fits
4988/spec-4988-55825-0959.fits
4988/spec-4988-55825-0960.fits
4988/spec-4988-55825-0961.fits
4988/spec-4988-55825-0962.fits
4988/spec-4988-55825-0963.fits
4988/spec-4988-55825-0964.fits
4988/spec-4988-55825-0965.fits
4988/spec-4988-55825-0966.fits
4988/spec-4988-55825-0967.fits
4988/spec-4988-55825-0968.fits
4988/spec-4988-55825-0969.fits
4988/spec-4988-55825-0970.fits
4988/spec-4988-55825-0971.fits
4988/spec-4988-55825-0972.fits
4988/spec-4988-55825-0973.fits
4988/spec-4988-55825-0974.fits
4988/spec-4988-55825-0975.fits
4988/spec-4988-55825-0976.fits
4988/spec-4988-55825-0977.fits
4988/spec-4988-55825-0978.fits
4988/spec-4988-55825-0979.fits
4988/spec-4988-55825-0980.fits
4988/spec-4988-55825-0981.fits
4988/spec-4988-55825-0982.fits
4988/spec-4988-55825-0983.fits
4988/spec-4988-55825-0984.fits
4988/spec-4988-55825-0985.fits
4988/spec-4988-55825-0986.fits
4988/spec-4988-55825-0987.fits
4988/spec-4988-55825-0988.fits
4988/spec-4988-55825-0989.fits
4988/spec-4988-55825-0990.fits
4988/spec-4988-55825-0991.fits
4988/spec-4988-55825-0992.fits
4988/spec-4988-55825-0993.fits
4988/spec-4988-55825-0994.fits
4988/spec-4988-55825-0995.fits
4988/spec-4988-55825-0996.fits
4988/spec-4988-55825-0997.fits
4988/spec-4988-55825-0998.fits
4988/spec-4988-55825-0999.fits
4988/spec-4988-55825-1000.fits
/var/lib/condor/execute/slot1/dir_83274
4988 4988.tgz R R361.tar.gz _condor_stderr _condor_stdout cB58_Lyman_break.fit condor_exec.exe hw4.R packages packages.tar.gz tmp var
[1] "Loaded package astro."
[1] 1000
4988 4988.csv 4988.tgz R R361.tar.gz _condor_stderr _condor_stdout cB58_Lyman_break.fit condor_exec.exe hw4.R packages packages.tar.gz tmp var
