4993
4993/
4993/spec-4993-55738-0001.fits
4993/spec-4993-55738-0002.fits
4993/spec-4993-55738-0003.fits
4993/spec-4993-55738-0004.fits
4993/spec-4993-55738-0005.fits
4993/spec-4993-55738-0006.fits
4993/spec-4993-55738-0007.fits
4993/spec-4993-55738-0008.fits
4993/spec-4993-55738-0009.fits
4993/spec-4993-55738-0010.fits
4993/spec-4993-55738-0011.fits
4993/spec-4993-55738-0012.fits
4993/spec-4993-55738-0013.fits
4993/spec-4993-55738-0014.fits
4993/spec-4993-55738-0015.fits
4993/spec-4993-55738-0016.fits
4993/spec-4993-55738-0017.fits
4993/spec-4993-55738-0018.fits
4993/spec-4993-55738-0019.fits
4993/spec-4993-55738-0020.fits
4993/spec-4993-55738-0021.fits
4993/spec-4993-55738-0022.fits
4993/spec-4993-55738-0023.fits
4993/spec-4993-55738-0024.fits
4993/spec-4993-55738-0025.fits
4993/spec-4993-55738-0026.fits
4993/spec-4993-55738-0027.fits
4993/spec-4993-55738-0028.fits
4993/spec-4993-55738-0029.fits
4993/spec-4993-55738-0030.fits
4993/spec-4993-55738-0031.fits
4993/spec-4993-55738-0032.fits
4993/spec-4993-55738-0033.fits
4993/spec-4993-55738-0034.fits
4993/spec-4993-55738-0035.fits
4993/spec-4993-55738-0036.fits
4993/spec-4993-55738-0037.fits
4993/spec-4993-55738-0038.fits
4993/spec-4993-55738-0039.fits
4993/spec-4993-55738-0040.fits
4993/spec-4993-55738-0041.fits
4993/spec-4993-55738-0042.fits
4993/spec-4993-55738-0043.fits
4993/spec-4993-55738-0044.fits
4993/spec-4993-55738-0045.fits
4993/spec-4993-55738-0046.fits
4993/spec-4993-55738-0047.fits
4993/spec-4993-55738-0048.fits
4993/spec-4993-55738-0049.fits
4993/spec-4993-55738-0050.fits
4993/spec-4993-55738-0051.fits
4993/spec-4993-55738-0052.fits
4993/spec-4993-55738-0053.fits
4993/spec-4993-55738-0054.fits
4993/spec-4993-55738-0055.fits
4993/spec-4993-55738-0056.fits
4993/spec-4993-55738-0057.fits
4993/spec-4993-55738-0058.fits
4993/spec-4993-55738-0059.fits
4993/spec-4993-55738-0060.fits
4993/spec-4993-55738-0061.fits
4993/spec-4993-55738-0062.fits
4993/spec-4993-55738-0063.fits
4993/spec-4993-55738-0064.fits
4993/spec-4993-55738-0065.fits
4993/spec-4993-55738-0066.fits
4993/spec-4993-55738-0067.fits
4993/spec-4993-55738-0068.fits
4993/spec-4993-55738-0069.fits
4993/spec-4993-55738-0070.fits
4993/spec-4993-55738-0071.fits
4993/spec-4993-55738-0072.fits
4993/spec-4993-55738-0073.fits
4993/spec-4993-55738-0074.fits
4993/spec-4993-55738-0075.fits
4993/spec-4993-55738-0076.fits
4993/spec-4993-55738-0077.fits
4993/spec-4993-55738-0078.fits
4993/spec-4993-55738-0079.fits
4993/spec-4993-55738-0080.fits
4993/spec-4993-55738-0081.fits
4993/spec-4993-55738-0082.fits
4993/spec-4993-55738-0083.fits
4993/spec-4993-55738-0084.fits
4993/spec-4993-55738-0085.fits
4993/spec-4993-55738-0086.fits
4993/spec-4993-55738-0087.fits
4993/spec-4993-55738-0088.fits
4993/spec-4993-55738-0089.fits
4993/spec-4993-55738-0090.fits
4993/spec-4993-55738-0091.fits
4993/spec-4993-55738-0092.fits
4993/spec-4993-55738-0093.fits
4993/spec-4993-55738-0094.fits
4993/spec-4993-55738-0095.fits
4993/spec-4993-55738-0096.fits
4993/spec-4993-55738-0097.fits
4993/spec-4993-55738-0098.fits
4993/spec-4993-55738-0099.fits
4993/spec-4993-55738-0100.fits
4993/spec-4993-55738-0101.fits
4993/spec-4993-55738-0102.fits
4993/spec-4993-55738-0103.fits
4993/spec-4993-55738-0104.fits
4993/spec-4993-55738-0105.fits
4993/spec-4993-55738-0106.fits
4993/spec-4993-55738-0107.fits
4993/spec-4993-55738-0108.fits
4993/spec-4993-55738-0109.fits
4993/spec-4993-55738-0110.fits
4993/spec-4993-55738-0111.fits
4993/spec-4993-55738-0112.fits
4993/spec-4993-55738-0113.fits
4993/spec-4993-55738-0114.fits
4993/spec-4993-55738-0115.fits
4993/spec-4993-55738-0116.fits
4993/spec-4993-55738-0117.fits
4993/spec-4993-55738-0118.fits
4993/spec-4993-55738-0119.fits
4993/spec-4993-55738-0120.fits
4993/spec-4993-55738-0121.fits
4993/spec-4993-55738-0122.fits
4993/spec-4993-55738-0123.fits
4993/spec-4993-55738-0124.fits
4993/spec-4993-55738-0125.fits
4993/spec-4993-55738-0126.fits
4993/spec-4993-55738-0127.fits
4993/spec-4993-55738-0128.fits
4993/spec-4993-55738-0129.fits
4993/spec-4993-55738-0130.fits
4993/spec-4993-55738-0131.fits
4993/spec-4993-55738-0132.fits
4993/spec-4993-55738-0133.fits
4993/spec-4993-55738-0134.fits
4993/spec-4993-55738-0135.fits
4993/spec-4993-55738-0136.fits
4993/spec-4993-55738-0137.fits
4993/spec-4993-55738-0138.fits
4993/spec-4993-55738-0139.fits
4993/spec-4993-55738-0140.fits
4993/spec-4993-55738-0141.fits
4993/spec-4993-55738-0142.fits
4993/spec-4993-55738-0143.fits
4993/spec-4993-55738-0144.fits
4993/spec-4993-55738-0145.fits
4993/spec-4993-55738-0146.fits
4993/spec-4993-55738-0147.fits
4993/spec-4993-55738-0148.fits
4993/spec-4993-55738-0149.fits
4993/spec-4993-55738-0150.fits
4993/spec-4993-55738-0151.fits
4993/spec-4993-55738-0152.fits
4993/spec-4993-55738-0153.fits
4993/spec-4993-55738-0154.fits
4993/spec-4993-55738-0155.fits
4993/spec-4993-55738-0156.fits
4993/spec-4993-55738-0157.fits
4993/spec-4993-55738-0158.fits
4993/spec-4993-55738-0159.fits
4993/spec-4993-55738-0160.fits
4993/spec-4993-55738-0161.fits
4993/spec-4993-55738-0162.fits
4993/spec-4993-55738-0163.fits
4993/spec-4993-55738-0164.fits
4993/spec-4993-55738-0165.fits
4993/spec-4993-55738-0166.fits
4993/spec-4993-55738-0167.fits
4993/spec-4993-55738-0168.fits
4993/spec-4993-55738-0169.fits
4993/spec-4993-55738-0170.fits
4993/spec-4993-55738-0171.fits
4993/spec-4993-55738-0172.fits
4993/spec-4993-55738-0173.fits
4993/spec-4993-55738-0174.fits
4993/spec-4993-55738-0175.fits
4993/spec-4993-55738-0176.fits
4993/spec-4993-55738-0177.fits
4993/spec-4993-55738-0178.fits
4993/spec-4993-55738-0179.fits
4993/spec-4993-55738-0180.fits
4993/spec-4993-55738-0181.fits
4993/spec-4993-55738-0182.fits
4993/spec-4993-55738-0183.fits
4993/spec-4993-55738-0184.fits
4993/spec-4993-55738-0185.fits
4993/spec-4993-55738-0186.fits
4993/spec-4993-55738-0187.fits
4993/spec-4993-55738-0188.fits
4993/spec-4993-55738-0189.fits
4993/spec-4993-55738-0190.fits
4993/spec-4993-55738-0191.fits
4993/spec-4993-55738-0192.fits
4993/spec-4993-55738-0193.fits
4993/spec-4993-55738-0194.fits
4993/spec-4993-55738-0195.fits
4993/spec-4993-55738-0196.fits
4993/spec-4993-55738-0197.fits
4993/spec-4993-55738-0198.fits
4993/spec-4993-55738-0199.fits
4993/spec-4993-55738-0200.fits
4993/spec-4993-55738-0201.fits
4993/spec-4993-55738-0202.fits
4993/spec-4993-55738-0203.fits
4993/spec-4993-55738-0204.fits
4993/spec-4993-55738-0205.fits
4993/spec-4993-55738-0206.fits
4993/spec-4993-55738-0207.fits
4993/spec-4993-55738-0208.fits
4993/spec-4993-55738-0209.fits
4993/spec-4993-55738-0210.fits
4993/spec-4993-55738-0211.fits
4993/spec-4993-55738-0212.fits
4993/spec-4993-55738-0213.fits
4993/spec-4993-55738-0214.fits
4993/spec-4993-55738-0215.fits
4993/spec-4993-55738-0216.fits
4993/spec-4993-55738-0217.fits
4993/spec-4993-55738-0218.fits
4993/spec-4993-55738-0219.fits
4993/spec-4993-55738-0220.fits
4993/spec-4993-55738-0221.fits
4993/spec-4993-55738-0222.fits
4993/spec-4993-55738-0223.fits
4993/spec-4993-55738-0224.fits
4993/spec-4993-55738-0225.fits
4993/spec-4993-55738-0226.fits
4993/spec-4993-55738-0227.fits
4993/spec-4993-55738-0228.fits
4993/spec-4993-55738-0229.fits
4993/spec-4993-55738-0230.fits
4993/spec-4993-55738-0231.fits
4993/spec-4993-55738-0232.fits
4993/spec-4993-55738-0233.fits
4993/spec-4993-55738-0234.fits
4993/spec-4993-55738-0235.fits
4993/spec-4993-55738-0236.fits
4993/spec-4993-55738-0237.fits
4993/spec-4993-55738-0238.fits
4993/spec-4993-55738-0239.fits
4993/spec-4993-55738-0240.fits
4993/spec-4993-55738-0241.fits
4993/spec-4993-55738-0242.fits
4993/spec-4993-55738-0243.fits
4993/spec-4993-55738-0244.fits
4993/spec-4993-55738-0245.fits
4993/spec-4993-55738-0246.fits
4993/spec-4993-55738-0247.fits
4993/spec-4993-55738-0248.fits
4993/spec-4993-55738-0249.fits
4993/spec-4993-55738-0250.fits
4993/spec-4993-55738-0251.fits
4993/spec-4993-55738-0252.fits
4993/spec-4993-55738-0253.fits
4993/spec-4993-55738-0254.fits
4993/spec-4993-55738-0255.fits
4993/spec-4993-55738-0256.fits
4993/spec-4993-55738-0257.fits
4993/spec-4993-55738-0258.fits
4993/spec-4993-55738-0259.fits
4993/spec-4993-55738-0260.fits
4993/spec-4993-55738-0261.fits
4993/spec-4993-55738-0262.fits
4993/spec-4993-55738-0263.fits
4993/spec-4993-55738-0264.fits
4993/spec-4993-55738-0265.fits
4993/spec-4993-55738-0266.fits
4993/spec-4993-55738-0267.fits
4993/spec-4993-55738-0268.fits
4993/spec-4993-55738-0269.fits
4993/spec-4993-55738-0270.fits
4993/spec-4993-55738-0271.fits
4993/spec-4993-55738-0272.fits
4993/spec-4993-55738-0273.fits
4993/spec-4993-55738-0274.fits
4993/spec-4993-55738-0275.fits
4993/spec-4993-55738-0276.fits
4993/spec-4993-55738-0277.fits
4993/spec-4993-55738-0278.fits
4993/spec-4993-55738-0279.fits
4993/spec-4993-55738-0280.fits
4993/spec-4993-55738-0281.fits
4993/spec-4993-55738-0282.fits
4993/spec-4993-55738-0283.fits
4993/spec-4993-55738-0284.fits
4993/spec-4993-55738-0285.fits
4993/spec-4993-55738-0286.fits
4993/spec-4993-55738-0287.fits
4993/spec-4993-55738-0288.fits
4993/spec-4993-55738-0289.fits
4993/spec-4993-55738-0290.fits
4993/spec-4993-55738-0291.fits
4993/spec-4993-55738-0292.fits
4993/spec-4993-55738-0293.fits
4993/spec-4993-55738-0294.fits
4993/spec-4993-55738-0295.fits
4993/spec-4993-55738-0296.fits
4993/spec-4993-55738-0297.fits
4993/spec-4993-55738-0298.fits
4993/spec-4993-55738-0299.fits
4993/spec-4993-55738-0300.fits
4993/spec-4993-55738-0301.fits
4993/spec-4993-55738-0302.fits
4993/spec-4993-55738-0303.fits
4993/spec-4993-55738-0304.fits
4993/spec-4993-55738-0305.fits
4993/spec-4993-55738-0306.fits
4993/spec-4993-55738-0307.fits
4993/spec-4993-55738-0308.fits
4993/spec-4993-55738-0309.fits
4993/spec-4993-55738-0310.fits
4993/spec-4993-55738-0311.fits
4993/spec-4993-55738-0312.fits
4993/spec-4993-55738-0313.fits
4993/spec-4993-55738-0314.fits
4993/spec-4993-55738-0315.fits
4993/spec-4993-55738-0316.fits
4993/spec-4993-55738-0317.fits
4993/spec-4993-55738-0318.fits
4993/spec-4993-55738-0319.fits
4993/spec-4993-55738-0320.fits
4993/spec-4993-55738-0321.fits
4993/spec-4993-55738-0322.fits
4993/spec-4993-55738-0323.fits
4993/spec-4993-55738-0324.fits
4993/spec-4993-55738-0325.fits
4993/spec-4993-55738-0326.fits
4993/spec-4993-55738-0327.fits
4993/spec-4993-55738-0328.fits
4993/spec-4993-55738-0329.fits
4993/spec-4993-55738-0330.fits
4993/spec-4993-55738-0331.fits
4993/spec-4993-55738-0332.fits
4993/spec-4993-55738-0333.fits
4993/spec-4993-55738-0334.fits
4993/spec-4993-55738-0335.fits
4993/spec-4993-55738-0336.fits
4993/spec-4993-55738-0337.fits
4993/spec-4993-55738-0338.fits
4993/spec-4993-55738-0339.fits
4993/spec-4993-55738-0340.fits
4993/spec-4993-55738-0341.fits
4993/spec-4993-55738-0342.fits
4993/spec-4993-55738-0343.fits
4993/spec-4993-55738-0344.fits
4993/spec-4993-55738-0345.fits
4993/spec-4993-55738-0346.fits
4993/spec-4993-55738-0347.fits
4993/spec-4993-55738-0348.fits
4993/spec-4993-55738-0349.fits
4993/spec-4993-55738-0350.fits
4993/spec-4993-55738-0351.fits
4993/spec-4993-55738-0352.fits
4993/spec-4993-55738-0353.fits
4993/spec-4993-55738-0354.fits
4993/spec-4993-55738-0355.fits
4993/spec-4993-55738-0356.fits
4993/spec-4993-55738-0357.fits
4993/spec-4993-55738-0358.fits
4993/spec-4993-55738-0359.fits
4993/spec-4993-55738-0360.fits
4993/spec-4993-55738-0361.fits
4993/spec-4993-55738-0362.fits
4993/spec-4993-55738-0363.fits
4993/spec-4993-55738-0364.fits
4993/spec-4993-55738-0365.fits
4993/spec-4993-55738-0366.fits
4993/spec-4993-55738-0367.fits
4993/spec-4993-55738-0368.fits
4993/spec-4993-55738-0369.fits
4993/spec-4993-55738-0370.fits
4993/spec-4993-55738-0371.fits
4993/spec-4993-55738-0372.fits
4993/spec-4993-55738-0373.fits
4993/spec-4993-55738-0374.fits
4993/spec-4993-55738-0375.fits
4993/spec-4993-55738-0376.fits
4993/spec-4993-55738-0377.fits
4993/spec-4993-55738-0378.fits
4993/spec-4993-55738-0379.fits
4993/spec-4993-55738-0380.fits
4993/spec-4993-55738-0381.fits
4993/spec-4993-55738-0382.fits
4993/spec-4993-55738-0383.fits
4993/spec-4993-55738-0384.fits
4993/spec-4993-55738-0385.fits
4993/spec-4993-55738-0386.fits
4993/spec-4993-55738-0387.fits
4993/spec-4993-55738-0388.fits
4993/spec-4993-55738-0389.fits
4993/spec-4993-55738-0390.fits
4993/spec-4993-55738-0391.fits
4993/spec-4993-55738-0392.fits
4993/spec-4993-55738-0393.fits
4993/spec-4993-55738-0394.fits
4993/spec-4993-55738-0395.fits
4993/spec-4993-55738-0396.fits
4993/spec-4993-55738-0397.fits
4993/spec-4993-55738-0398.fits
4993/spec-4993-55738-0399.fits
4993/spec-4993-55738-0400.fits
4993/spec-4993-55738-0401.fits
4993/spec-4993-55738-0402.fits
4993/spec-4993-55738-0403.fits
4993/spec-4993-55738-0404.fits
4993/spec-4993-55738-0405.fits
4993/spec-4993-55738-0406.fits
4993/spec-4993-55738-0407.fits
4993/spec-4993-55738-0408.fits
4993/spec-4993-55738-0409.fits
4993/spec-4993-55738-0410.fits
4993/spec-4993-55738-0411.fits
4993/spec-4993-55738-0412.fits
4993/spec-4993-55738-0413.fits
4993/spec-4993-55738-0414.fits
4993/spec-4993-55738-0415.fits
4993/spec-4993-55738-0416.fits
4993/spec-4993-55738-0417.fits
4993/spec-4993-55738-0418.fits
4993/spec-4993-55738-0419.fits
4993/spec-4993-55738-0420.fits
4993/spec-4993-55738-0421.fits
4993/spec-4993-55738-0422.fits
4993/spec-4993-55738-0423.fits
4993/spec-4993-55738-0424.fits
4993/spec-4993-55738-0425.fits
4993/spec-4993-55738-0426.fits
4993/spec-4993-55738-0427.fits
4993/spec-4993-55738-0428.fits
4993/spec-4993-55738-0429.fits
4993/spec-4993-55738-0430.fits
4993/spec-4993-55738-0431.fits
4993/spec-4993-55738-0432.fits
4993/spec-4993-55738-0433.fits
4993/spec-4993-55738-0434.fits
4993/spec-4993-55738-0435.fits
4993/spec-4993-55738-0436.fits
4993/spec-4993-55738-0437.fits
4993/spec-4993-55738-0438.fits
4993/spec-4993-55738-0439.fits
4993/spec-4993-55738-0440.fits
4993/spec-4993-55738-0441.fits
4993/spec-4993-55738-0442.fits
4993/spec-4993-55738-0443.fits
4993/spec-4993-55738-0444.fits
4993/spec-4993-55738-0445.fits
4993/spec-4993-55738-0446.fits
4993/spec-4993-55738-0447.fits
4993/spec-4993-55738-0448.fits
4993/spec-4993-55738-0449.fits
4993/spec-4993-55738-0450.fits
4993/spec-4993-55738-0451.fits
4993/spec-4993-55738-0452.fits
4993/spec-4993-55738-0453.fits
4993/spec-4993-55738-0454.fits
4993/spec-4993-55738-0455.fits
4993/spec-4993-55738-0456.fits
4993/spec-4993-55738-0457.fits
4993/spec-4993-55738-0458.fits
4993/spec-4993-55738-0459.fits
4993/spec-4993-55738-0460.fits
4993/spec-4993-55738-0461.fits
4993/spec-4993-55738-0462.fits
4993/spec-4993-55738-0463.fits
4993/spec-4993-55738-0464.fits
4993/spec-4993-55738-0465.fits
4993/spec-4993-55738-0466.fits
4993/spec-4993-55738-0467.fits
4993/spec-4993-55738-0468.fits
4993/spec-4993-55738-0469.fits
4993/spec-4993-55738-0470.fits
4993/spec-4993-55738-0471.fits
4993/spec-4993-55738-0472.fits
4993/spec-4993-55738-0473.fits
4993/spec-4993-55738-0474.fits
4993/spec-4993-55738-0475.fits
4993/spec-4993-55738-0476.fits
4993/spec-4993-55738-0477.fits
4993/spec-4993-55738-0478.fits
4993/spec-4993-55738-0479.fits
4993/spec-4993-55738-0480.fits
4993/spec-4993-55738-0481.fits
4993/spec-4993-55738-0482.fits
4993/spec-4993-55738-0483.fits
4993/spec-4993-55738-0484.fits
4993/spec-4993-55738-0485.fits
4993/spec-4993-55738-0486.fits
4993/spec-4993-55738-0487.fits
4993/spec-4993-55738-0488.fits
4993/spec-4993-55738-0489.fits
4993/spec-4993-55738-0490.fits
4993/spec-4993-55738-0491.fits
4993/spec-4993-55738-0492.fits
4993/spec-4993-55738-0493.fits
4993/spec-4993-55738-0494.fits
4993/spec-4993-55738-0495.fits
4993/spec-4993-55738-0496.fits
4993/spec-4993-55738-0497.fits
4993/spec-4993-55738-0498.fits
4993/spec-4993-55738-0499.fits
4993/spec-4993-55738-0500.fits
4993/spec-4993-55738-0501.fits
4993/spec-4993-55738-0502.fits
4993/spec-4993-55738-0503.fits
4993/spec-4993-55738-0504.fits
4993/spec-4993-55738-0505.fits
4993/spec-4993-55738-0506.fits
4993/spec-4993-55738-0507.fits
4993/spec-4993-55738-0508.fits
4993/spec-4993-55738-0509.fits
4993/spec-4993-55738-0510.fits
4993/spec-4993-55738-0511.fits
4993/spec-4993-55738-0512.fits
4993/spec-4993-55738-0513.fits
4993/spec-4993-55738-0514.fits
4993/spec-4993-55738-0515.fits
4993/spec-4993-55738-0516.fits
4993/spec-4993-55738-0517.fits
4993/spec-4993-55738-0518.fits
4993/spec-4993-55738-0519.fits
4993/spec-4993-55738-0520.fits
4993/spec-4993-55738-0521.fits
4993/spec-4993-55738-0522.fits
4993/spec-4993-55738-0523.fits
4993/spec-4993-55738-0524.fits
4993/spec-4993-55738-0525.fits
4993/spec-4993-55738-0526.fits
4993/spec-4993-55738-0527.fits
4993/spec-4993-55738-0528.fits
4993/spec-4993-55738-0529.fits
4993/spec-4993-55738-0530.fits
4993/spec-4993-55738-0531.fits
4993/spec-4993-55738-0532.fits
4993/spec-4993-55738-0533.fits
4993/spec-4993-55738-0534.fits
4993/spec-4993-55738-0535.fits
4993/spec-4993-55738-0536.fits
4993/spec-4993-55738-0537.fits
4993/spec-4993-55738-0538.fits
4993/spec-4993-55738-0539.fits
4993/spec-4993-55738-0540.fits
4993/spec-4993-55738-0541.fits
4993/spec-4993-55738-0542.fits
4993/spec-4993-55738-0543.fits
4993/spec-4993-55738-0544.fits
4993/spec-4993-55738-0545.fits
4993/spec-4993-55738-0546.fits
4993/spec-4993-55738-0547.fits
4993/spec-4993-55738-0548.fits
4993/spec-4993-55738-0549.fits
4993/spec-4993-55738-0550.fits
4993/spec-4993-55738-0551.fits
4993/spec-4993-55738-0552.fits
4993/spec-4993-55738-0553.fits
4993/spec-4993-55738-0554.fits
4993/spec-4993-55738-0555.fits
4993/spec-4993-55738-0556.fits
4993/spec-4993-55738-0557.fits
4993/spec-4993-55738-0558.fits
4993/spec-4993-55738-0559.fits
4993/spec-4993-55738-0560.fits
4993/spec-4993-55738-0561.fits
4993/spec-4993-55738-0562.fits
4993/spec-4993-55738-0563.fits
4993/spec-4993-55738-0564.fits
4993/spec-4993-55738-0565.fits
4993/spec-4993-55738-0566.fits
4993/spec-4993-55738-0567.fits
4993/spec-4993-55738-0568.fits
4993/spec-4993-55738-0569.fits
4993/spec-4993-55738-0570.fits
4993/spec-4993-55738-0571.fits
4993/spec-4993-55738-0572.fits
4993/spec-4993-55738-0573.fits
4993/spec-4993-55738-0574.fits
4993/spec-4993-55738-0575.fits
4993/spec-4993-55738-0576.fits
4993/spec-4993-55738-0577.fits
4993/spec-4993-55738-0578.fits
4993/spec-4993-55738-0579.fits
4993/spec-4993-55738-0580.fits
4993/spec-4993-55738-0581.fits
4993/spec-4993-55738-0582.fits
4993/spec-4993-55738-0583.fits
4993/spec-4993-55738-0584.fits
4993/spec-4993-55738-0585.fits
4993/spec-4993-55738-0586.fits
4993/spec-4993-55738-0587.fits
4993/spec-4993-55738-0588.fits
4993/spec-4993-55738-0589.fits
4993/spec-4993-55738-0590.fits
4993/spec-4993-55738-0591.fits
4993/spec-4993-55738-0592.fits
4993/spec-4993-55738-0593.fits
4993/spec-4993-55738-0594.fits
4993/spec-4993-55738-0595.fits
4993/spec-4993-55738-0596.fits
4993/spec-4993-55738-0597.fits
4993/spec-4993-55738-0598.fits
4993/spec-4993-55738-0599.fits
4993/spec-4993-55738-0600.fits
4993/spec-4993-55738-0601.fits
4993/spec-4993-55738-0602.fits
4993/spec-4993-55738-0603.fits
4993/spec-4993-55738-0604.fits
4993/spec-4993-55738-0605.fits
4993/spec-4993-55738-0606.fits
4993/spec-4993-55738-0607.fits
4993/spec-4993-55738-0608.fits
4993/spec-4993-55738-0609.fits
4993/spec-4993-55738-0610.fits
4993/spec-4993-55738-0611.fits
4993/spec-4993-55738-0612.fits
4993/spec-4993-55738-0613.fits
4993/spec-4993-55738-0614.fits
4993/spec-4993-55738-0615.fits
4993/spec-4993-55738-0616.fits
4993/spec-4993-55738-0617.fits
4993/spec-4993-55738-0618.fits
4993/spec-4993-55738-0619.fits
4993/spec-4993-55738-0620.fits
4993/spec-4993-55738-0621.fits
4993/spec-4993-55738-0622.fits
4993/spec-4993-55738-0623.fits
4993/spec-4993-55738-0624.fits
4993/spec-4993-55738-0625.fits
4993/spec-4993-55738-0626.fits
4993/spec-4993-55738-0627.fits
4993/spec-4993-55738-0628.fits
4993/spec-4993-55738-0629.fits
4993/spec-4993-55738-0630.fits
4993/spec-4993-55738-0631.fits
4993/spec-4993-55738-0632.fits
4993/spec-4993-55738-0633.fits
4993/spec-4993-55738-0634.fits
4993/spec-4993-55738-0635.fits
4993/spec-4993-55738-0636.fits
4993/spec-4993-55738-0637.fits
4993/spec-4993-55738-0638.fits
4993/spec-4993-55738-0639.fits
4993/spec-4993-55738-0640.fits
4993/spec-4993-55738-0641.fits
4993/spec-4993-55738-0642.fits
4993/spec-4993-55738-0643.fits
4993/spec-4993-55738-0644.fits
4993/spec-4993-55738-0645.fits
4993/spec-4993-55738-0646.fits
4993/spec-4993-55738-0647.fits
4993/spec-4993-55738-0648.fits
4993/spec-4993-55738-0649.fits
4993/spec-4993-55738-0650.fits
4993/spec-4993-55738-0651.fits
4993/spec-4993-55738-0652.fits
4993/spec-4993-55738-0653.fits
4993/spec-4993-55738-0654.fits
4993/spec-4993-55738-0655.fits
4993/spec-4993-55738-0656.fits
4993/spec-4993-55738-0657.fits
4993/spec-4993-55738-0658.fits
4993/spec-4993-55738-0659.fits
4993/spec-4993-55738-0660.fits
4993/spec-4993-55738-0661.fits
4993/spec-4993-55738-0662.fits
4993/spec-4993-55738-0663.fits
4993/spec-4993-55738-0664.fits
4993/spec-4993-55738-0665.fits
4993/spec-4993-55738-0666.fits
4993/spec-4993-55738-0667.fits
4993/spec-4993-55738-0668.fits
4993/spec-4993-55738-0669.fits
4993/spec-4993-55738-0670.fits
4993/spec-4993-55738-0671.fits
4993/spec-4993-55738-0672.fits
4993/spec-4993-55738-0673.fits
4993/spec-4993-55738-0674.fits
4993/spec-4993-55738-0675.fits
4993/spec-4993-55738-0676.fits
4993/spec-4993-55738-0677.fits
4993/spec-4993-55738-0678.fits
4993/spec-4993-55738-0679.fits
4993/spec-4993-55738-0680.fits
4993/spec-4993-55738-0681.fits
4993/spec-4993-55738-0682.fits
4993/spec-4993-55738-0683.fits
4993/spec-4993-55738-0684.fits
4993/spec-4993-55738-0685.fits
4993/spec-4993-55738-0686.fits
4993/spec-4993-55738-0687.fits
4993/spec-4993-55738-0688.fits
4993/spec-4993-55738-0689.fits
4993/spec-4993-55738-0690.fits
4993/spec-4993-55738-0691.fits
4993/spec-4993-55738-0692.fits
4993/spec-4993-55738-0693.fits
4993/spec-4993-55738-0694.fits
4993/spec-4993-55738-0695.fits
4993/spec-4993-55738-0696.fits
4993/spec-4993-55738-0697.fits
4993/spec-4993-55738-0698.fits
4993/spec-4993-55738-0699.fits
4993/spec-4993-55738-0700.fits
4993/spec-4993-55738-0701.fits
4993/spec-4993-55738-0702.fits
4993/spec-4993-55738-0703.fits
4993/spec-4993-55738-0704.fits
4993/spec-4993-55738-0705.fits
4993/spec-4993-55738-0706.fits
4993/spec-4993-55738-0707.fits
4993/spec-4993-55738-0708.fits
4993/spec-4993-55738-0709.fits
4993/spec-4993-55738-0710.fits
4993/spec-4993-55738-0711.fits
4993/spec-4993-55738-0712.fits
4993/spec-4993-55738-0713.fits
4993/spec-4993-55738-0714.fits
4993/spec-4993-55738-0715.fits
4993/spec-4993-55738-0716.fits
4993/spec-4993-55738-0717.fits
4993/spec-4993-55738-0718.fits
4993/spec-4993-55738-0719.fits
4993/spec-4993-55738-0720.fits
4993/spec-4993-55738-0721.fits
4993/spec-4993-55738-0722.fits
4993/spec-4993-55738-0723.fits
4993/spec-4993-55738-0724.fits
4993/spec-4993-55738-0725.fits
4993/spec-4993-55738-0726.fits
4993/spec-4993-55738-0727.fits
4993/spec-4993-55738-0728.fits
4993/spec-4993-55738-0729.fits
4993/spec-4993-55738-0730.fits
4993/spec-4993-55738-0731.fits
4993/spec-4993-55738-0732.fits
4993/spec-4993-55738-0733.fits
4993/spec-4993-55738-0734.fits
4993/spec-4993-55738-0735.fits
4993/spec-4993-55738-0736.fits
4993/spec-4993-55738-0737.fits
4993/spec-4993-55738-0738.fits
4993/spec-4993-55738-0739.fits
4993/spec-4993-55738-0740.fits
4993/spec-4993-55738-0741.fits
4993/spec-4993-55738-0742.fits
4993/spec-4993-55738-0743.fits
4993/spec-4993-55738-0744.fits
4993/spec-4993-55738-0745.fits
4993/spec-4993-55738-0746.fits
4993/spec-4993-55738-0747.fits
4993/spec-4993-55738-0748.fits
4993/spec-4993-55738-0749.fits
4993/spec-4993-55738-0750.fits
4993/spec-4993-55738-0751.fits
4993/spec-4993-55738-0752.fits
4993/spec-4993-55738-0753.fits
4993/spec-4993-55738-0754.fits
4993/spec-4993-55738-0755.fits
4993/spec-4993-55738-0756.fits
4993/spec-4993-55738-0757.fits
4993/spec-4993-55738-0758.fits
4993/spec-4993-55738-0759.fits
4993/spec-4993-55738-0760.fits
4993/spec-4993-55738-0761.fits
4993/spec-4993-55738-0762.fits
4993/spec-4993-55738-0763.fits
4993/spec-4993-55738-0764.fits
4993/spec-4993-55738-0765.fits
4993/spec-4993-55738-0766.fits
4993/spec-4993-55738-0767.fits
4993/spec-4993-55738-0768.fits
4993/spec-4993-55738-0769.fits
4993/spec-4993-55738-0770.fits
4993/spec-4993-55738-0771.fits
4993/spec-4993-55738-0772.fits
4993/spec-4993-55738-0773.fits
4993/spec-4993-55738-0774.fits
4993/spec-4993-55738-0775.fits
4993/spec-4993-55738-0776.fits
4993/spec-4993-55738-0777.fits
4993/spec-4993-55738-0778.fits
4993/spec-4993-55738-0779.fits
4993/spec-4993-55738-0780.fits
4993/spec-4993-55738-0781.fits
4993/spec-4993-55738-0782.fits
4993/spec-4993-55738-0783.fits
4993/spec-4993-55738-0784.fits
4993/spec-4993-55738-0785.fits
4993/spec-4993-55738-0786.fits
4993/spec-4993-55738-0787.fits
4993/spec-4993-55738-0788.fits
4993/spec-4993-55738-0789.fits
4993/spec-4993-55738-0790.fits
4993/spec-4993-55738-0791.fits
4993/spec-4993-55738-0792.fits
4993/spec-4993-55738-0793.fits
4993/spec-4993-55738-0794.fits
4993/spec-4993-55738-0795.fits
4993/spec-4993-55738-0796.fits
4993/spec-4993-55738-0797.fits
4993/spec-4993-55738-0798.fits
4993/spec-4993-55738-0799.fits
4993/spec-4993-55738-0800.fits
4993/spec-4993-55738-0801.fits
4993/spec-4993-55738-0802.fits
4993/spec-4993-55738-0803.fits
4993/spec-4993-55738-0804.fits
4993/spec-4993-55738-0805.fits
4993/spec-4993-55738-0806.fits
4993/spec-4993-55738-0807.fits
4993/spec-4993-55738-0808.fits
4993/spec-4993-55738-0809.fits
4993/spec-4993-55738-0810.fits
4993/spec-4993-55738-0811.fits
4993/spec-4993-55738-0812.fits
4993/spec-4993-55738-0813.fits
4993/spec-4993-55738-0814.fits
4993/spec-4993-55738-0815.fits
4993/spec-4993-55738-0816.fits
4993/spec-4993-55738-0817.fits
4993/spec-4993-55738-0818.fits
4993/spec-4993-55738-0819.fits
4993/spec-4993-55738-0820.fits
4993/spec-4993-55738-0821.fits
4993/spec-4993-55738-0822.fits
4993/spec-4993-55738-0823.fits
4993/spec-4993-55738-0824.fits
4993/spec-4993-55738-0825.fits
4993/spec-4993-55738-0826.fits
4993/spec-4993-55738-0827.fits
4993/spec-4993-55738-0828.fits
4993/spec-4993-55738-0829.fits
4993/spec-4993-55738-0830.fits
4993/spec-4993-55738-0831.fits
4993/spec-4993-55738-0832.fits
4993/spec-4993-55738-0833.fits
4993/spec-4993-55738-0834.fits
4993/spec-4993-55738-0835.fits
4993/spec-4993-55738-0836.fits
4993/spec-4993-55738-0837.fits
4993/spec-4993-55738-0838.fits
4993/spec-4993-55738-0839.fits
4993/spec-4993-55738-0840.fits
4993/spec-4993-55738-0841.fits
4993/spec-4993-55738-0842.fits
4993/spec-4993-55738-0843.fits
4993/spec-4993-55738-0844.fits
4993/spec-4993-55738-0845.fits
4993/spec-4993-55738-0846.fits
4993/spec-4993-55738-0847.fits
4993/spec-4993-55738-0848.fits
4993/spec-4993-55738-0849.fits
4993/spec-4993-55738-0850.fits
4993/spec-4993-55738-0851.fits
4993/spec-4993-55738-0852.fits
4993/spec-4993-55738-0853.fits
4993/spec-4993-55738-0854.fits
4993/spec-4993-55738-0855.fits
4993/spec-4993-55738-0856.fits
4993/spec-4993-55738-0857.fits
4993/spec-4993-55738-0858.fits
4993/spec-4993-55738-0859.fits
4993/spec-4993-55738-0860.fits
4993/spec-4993-55738-0861.fits
4993/spec-4993-55738-0862.fits
4993/spec-4993-55738-0863.fits
4993/spec-4993-55738-0864.fits
4993/spec-4993-55738-0865.fits
4993/spec-4993-55738-0866.fits
4993/spec-4993-55738-0867.fits
4993/spec-4993-55738-0868.fits
4993/spec-4993-55738-0869.fits
4993/spec-4993-55738-0870.fits
4993/spec-4993-55738-0871.fits
4993/spec-4993-55738-0872.fits
4993/spec-4993-55738-0873.fits
4993/spec-4993-55738-0874.fits
4993/spec-4993-55738-0875.fits
4993/spec-4993-55738-0876.fits
4993/spec-4993-55738-0877.fits
4993/spec-4993-55738-0878.fits
4993/spec-4993-55738-0879.fits
4993/spec-4993-55738-0880.fits
4993/spec-4993-55738-0881.fits
4993/spec-4993-55738-0882.fits
4993/spec-4993-55738-0883.fits
4993/spec-4993-55738-0884.fits
4993/spec-4993-55738-0885.fits
4993/spec-4993-55738-0886.fits
4993/spec-4993-55738-0887.fits
4993/spec-4993-55738-0888.fits
4993/spec-4993-55738-0889.fits
4993/spec-4993-55738-0890.fits
4993/spec-4993-55738-0891.fits
4993/spec-4993-55738-0892.fits
4993/spec-4993-55738-0893.fits
4993/spec-4993-55738-0894.fits
4993/spec-4993-55738-0895.fits
4993/spec-4993-55738-0896.fits
4993/spec-4993-55738-0897.fits
4993/spec-4993-55738-0898.fits
4993/spec-4993-55738-0899.fits
4993/spec-4993-55738-0900.fits
4993/spec-4993-55738-0901.fits
4993/spec-4993-55738-0902.fits
4993/spec-4993-55738-0903.fits
4993/spec-4993-55738-0904.fits
4993/spec-4993-55738-0905.fits
4993/spec-4993-55738-0906.fits
4993/spec-4993-55738-0907.fits
4993/spec-4993-55738-0908.fits
4993/spec-4993-55738-0909.fits
4993/spec-4993-55738-0910.fits
4993/spec-4993-55738-0911.fits
4993/spec-4993-55738-0912.fits
4993/spec-4993-55738-0913.fits
4993/spec-4993-55738-0914.fits
4993/spec-4993-55738-0915.fits
4993/spec-4993-55738-0916.fits
4993/spec-4993-55738-0917.fits
4993/spec-4993-55738-0918.fits
4993/spec-4993-55738-0919.fits
4993/spec-4993-55738-0920.fits
4993/spec-4993-55738-0921.fits
4993/spec-4993-55738-0922.fits
4993/spec-4993-55738-0923.fits
4993/spec-4993-55738-0924.fits
4993/spec-4993-55738-0925.fits
4993/spec-4993-55738-0926.fits
4993/spec-4993-55738-0927.fits
4993/spec-4993-55738-0928.fits
4993/spec-4993-55738-0929.fits
4993/spec-4993-55738-0930.fits
4993/spec-4993-55738-0931.fits
4993/spec-4993-55738-0932.fits
4993/spec-4993-55738-0933.fits
4993/spec-4993-55738-0934.fits
4993/spec-4993-55738-0935.fits
4993/spec-4993-55738-0936.fits
4993/spec-4993-55738-0937.fits
4993/spec-4993-55738-0938.fits
4993/spec-4993-55738-0939.fits
4993/spec-4993-55738-0940.fits
4993/spec-4993-55738-0941.fits
4993/spec-4993-55738-0942.fits
4993/spec-4993-55738-0943.fits
4993/spec-4993-55738-0944.fits
4993/spec-4993-55738-0945.fits
4993/spec-4993-55738-0946.fits
4993/spec-4993-55738-0947.fits
4993/spec-4993-55738-0948.fits
4993/spec-4993-55738-0949.fits
4993/spec-4993-55738-0950.fits
4993/spec-4993-55738-0951.fits
4993/spec-4993-55738-0952.fits
4993/spec-4993-55738-0953.fits
4993/spec-4993-55738-0954.fits
4993/spec-4993-55738-0955.fits
4993/spec-4993-55738-0956.fits
4993/spec-4993-55738-0957.fits
4993/spec-4993-55738-0958.fits
4993/spec-4993-55738-0959.fits
4993/spec-4993-55738-0960.fits
4993/spec-4993-55738-0961.fits
4993/spec-4993-55738-0962.fits
4993/spec-4993-55738-0963.fits
4993/spec-4993-55738-0964.fits
4993/spec-4993-55738-0965.fits
4993/spec-4993-55738-0966.fits
4993/spec-4993-55738-0967.fits
4993/spec-4993-55738-0968.fits
4993/spec-4993-55738-0969.fits
4993/spec-4993-55738-0970.fits
4993/spec-4993-55738-0971.fits
4993/spec-4993-55738-0972.fits
4993/spec-4993-55738-0973.fits
4993/spec-4993-55738-0974.fits
4993/spec-4993-55738-0975.fits
4993/spec-4993-55738-0976.fits
4993/spec-4993-55738-0977.fits
4993/spec-4993-55738-0978.fits
4993/spec-4993-55738-0979.fits
4993/spec-4993-55738-0980.fits
4993/spec-4993-55738-0981.fits
4993/spec-4993-55738-0982.fits
4993/spec-4993-55738-0983.fits
4993/spec-4993-55738-0984.fits
4993/spec-4993-55738-0985.fits
4993/spec-4993-55738-0986.fits
4993/spec-4993-55738-0987.fits
4993/spec-4993-55738-0988.fits
4993/spec-4993-55738-0989.fits
4993/spec-4993-55738-0990.fits
4993/spec-4993-55738-0991.fits
4993/spec-4993-55738-0992.fits
4993/spec-4993-55738-0993.fits
4993/spec-4993-55738-0994.fits
4993/spec-4993-55738-0995.fits
4993/spec-4993-55738-0996.fits
4993/spec-4993-55738-0997.fits
4993/spec-4993-55738-0998.fits
4993/spec-4993-55738-0999.fits
4993/spec-4993-55738-1000.fits
/var/lib/condor/execute/slot1/dir_22353
4993 4993.tgz R R361.tar.gz _condor_stderr _condor_stdout cB58_Lyman_break.fit condor_exec.exe hw4.R packages packages.tar.gz tmp var
[1] "Loaded package astro."
[1] 1000
4993 4993.csv 4993.tgz R R361.tar.gz _condor_stderr _condor_stdout cB58_Lyman_break.fit condor_exec.exe hw4.R packages packages.tar.gz tmp var
