5003
5003/
5003/spec-5003-55715-0001.fits
5003/spec-5003-55715-0002.fits
5003/spec-5003-55715-0003.fits
5003/spec-5003-55715-0004.fits
5003/spec-5003-55715-0005.fits
5003/spec-5003-55715-0006.fits
5003/spec-5003-55715-0007.fits
5003/spec-5003-55715-0008.fits
5003/spec-5003-55715-0009.fits
5003/spec-5003-55715-0010.fits
5003/spec-5003-55715-0011.fits
5003/spec-5003-55715-0012.fits
5003/spec-5003-55715-0013.fits
5003/spec-5003-55715-0014.fits
5003/spec-5003-55715-0015.fits
5003/spec-5003-55715-0016.fits
5003/spec-5003-55715-0017.fits
5003/spec-5003-55715-0018.fits
5003/spec-5003-55715-0019.fits
5003/spec-5003-55715-0020.fits
5003/spec-5003-55715-0021.fits
5003/spec-5003-55715-0022.fits
5003/spec-5003-55715-0023.fits
5003/spec-5003-55715-0024.fits
5003/spec-5003-55715-0025.fits
5003/spec-5003-55715-0026.fits
5003/spec-5003-55715-0027.fits
5003/spec-5003-55715-0028.fits
5003/spec-5003-55715-0029.fits
5003/spec-5003-55715-0030.fits
5003/spec-5003-55715-0031.fits
5003/spec-5003-55715-0032.fits
5003/spec-5003-55715-0033.fits
5003/spec-5003-55715-0034.fits
5003/spec-5003-55715-0035.fits
5003/spec-5003-55715-0036.fits
5003/spec-5003-55715-0037.fits
5003/spec-5003-55715-0038.fits
5003/spec-5003-55715-0039.fits
5003/spec-5003-55715-0040.fits
5003/spec-5003-55715-0041.fits
5003/spec-5003-55715-0042.fits
5003/spec-5003-55715-0043.fits
5003/spec-5003-55715-0044.fits
5003/spec-5003-55715-0045.fits
5003/spec-5003-55715-0046.fits
5003/spec-5003-55715-0047.fits
5003/spec-5003-55715-0048.fits
5003/spec-5003-55715-0049.fits
5003/spec-5003-55715-0050.fits
5003/spec-5003-55715-0051.fits
5003/spec-5003-55715-0052.fits
5003/spec-5003-55715-0053.fits
5003/spec-5003-55715-0054.fits
5003/spec-5003-55715-0055.fits
5003/spec-5003-55715-0056.fits
5003/spec-5003-55715-0057.fits
5003/spec-5003-55715-0058.fits
5003/spec-5003-55715-0059.fits
5003/spec-5003-55715-0060.fits
5003/spec-5003-55715-0061.fits
5003/spec-5003-55715-0062.fits
5003/spec-5003-55715-0063.fits
5003/spec-5003-55715-0064.fits
5003/spec-5003-55715-0065.fits
5003/spec-5003-55715-0066.fits
5003/spec-5003-55715-0067.fits
5003/spec-5003-55715-0068.fits
5003/spec-5003-55715-0069.fits
5003/spec-5003-55715-0070.fits
5003/spec-5003-55715-0071.fits
5003/spec-5003-55715-0072.fits
5003/spec-5003-55715-0073.fits
5003/spec-5003-55715-0074.fits
5003/spec-5003-55715-0075.fits
5003/spec-5003-55715-0076.fits
5003/spec-5003-55715-0077.fits
5003/spec-5003-55715-0078.fits
5003/spec-5003-55715-0079.fits
5003/spec-5003-55715-0080.fits
5003/spec-5003-55715-0081.fits
5003/spec-5003-55715-0082.fits
5003/spec-5003-55715-0083.fits
5003/spec-5003-55715-0084.fits
5003/spec-5003-55715-0085.fits
5003/spec-5003-55715-0086.fits
5003/spec-5003-55715-0087.fits
5003/spec-5003-55715-0088.fits
5003/spec-5003-55715-0089.fits
5003/spec-5003-55715-0090.fits
5003/spec-5003-55715-0091.fits
5003/spec-5003-55715-0092.fits
5003/spec-5003-55715-0093.fits
5003/spec-5003-55715-0094.fits
5003/spec-5003-55715-0095.fits
5003/spec-5003-55715-0096.fits
5003/spec-5003-55715-0097.fits
5003/spec-5003-55715-0098.fits
5003/spec-5003-55715-0099.fits
5003/spec-5003-55715-0100.fits
5003/spec-5003-55715-0101.fits
5003/spec-5003-55715-0102.fits
5003/spec-5003-55715-0103.fits
5003/spec-5003-55715-0104.fits
5003/spec-5003-55715-0105.fits
5003/spec-5003-55715-0106.fits
5003/spec-5003-55715-0107.fits
5003/spec-5003-55715-0108.fits
5003/spec-5003-55715-0109.fits
5003/spec-5003-55715-0110.fits
5003/spec-5003-55715-0111.fits
5003/spec-5003-55715-0112.fits
5003/spec-5003-55715-0113.fits
5003/spec-5003-55715-0114.fits
5003/spec-5003-55715-0115.fits
5003/spec-5003-55715-0116.fits
5003/spec-5003-55715-0117.fits
5003/spec-5003-55715-0118.fits
5003/spec-5003-55715-0119.fits
5003/spec-5003-55715-0120.fits
5003/spec-5003-55715-0121.fits
5003/spec-5003-55715-0122.fits
5003/spec-5003-55715-0123.fits
5003/spec-5003-55715-0124.fits
5003/spec-5003-55715-0125.fits
5003/spec-5003-55715-0126.fits
5003/spec-5003-55715-0127.fits
5003/spec-5003-55715-0128.fits
5003/spec-5003-55715-0129.fits
5003/spec-5003-55715-0130.fits
5003/spec-5003-55715-0131.fits
5003/spec-5003-55715-0132.fits
5003/spec-5003-55715-0133.fits
5003/spec-5003-55715-0134.fits
5003/spec-5003-55715-0135.fits
5003/spec-5003-55715-0136.fits
5003/spec-5003-55715-0137.fits
5003/spec-5003-55715-0138.fits
5003/spec-5003-55715-0139.fits
5003/spec-5003-55715-0140.fits
5003/spec-5003-55715-0141.fits
5003/spec-5003-55715-0142.fits
5003/spec-5003-55715-0143.fits
5003/spec-5003-55715-0144.fits
5003/spec-5003-55715-0145.fits
5003/spec-5003-55715-0146.fits
5003/spec-5003-55715-0147.fits
5003/spec-5003-55715-0148.fits
5003/spec-5003-55715-0149.fits
5003/spec-5003-55715-0150.fits
5003/spec-5003-55715-0151.fits
5003/spec-5003-55715-0152.fits
5003/spec-5003-55715-0153.fits
5003/spec-5003-55715-0154.fits
5003/spec-5003-55715-0155.fits
5003/spec-5003-55715-0156.fits
5003/spec-5003-55715-0157.fits
5003/spec-5003-55715-0158.fits
5003/spec-5003-55715-0159.fits
5003/spec-5003-55715-0160.fits
5003/spec-5003-55715-0161.fits
5003/spec-5003-55715-0162.fits
5003/spec-5003-55715-0163.fits
5003/spec-5003-55715-0164.fits
5003/spec-5003-55715-0165.fits
5003/spec-5003-55715-0166.fits
5003/spec-5003-55715-0167.fits
5003/spec-5003-55715-0168.fits
5003/spec-5003-55715-0169.fits
5003/spec-5003-55715-0170.fits
5003/spec-5003-55715-0171.fits
5003/spec-5003-55715-0172.fits
5003/spec-5003-55715-0173.fits
5003/spec-5003-55715-0174.fits
5003/spec-5003-55715-0175.fits
5003/spec-5003-55715-0176.fits
5003/spec-5003-55715-0177.fits
5003/spec-5003-55715-0178.fits
5003/spec-5003-55715-0179.fits
5003/spec-5003-55715-0180.fits
5003/spec-5003-55715-0181.fits
5003/spec-5003-55715-0182.fits
5003/spec-5003-55715-0183.fits
5003/spec-5003-55715-0184.fits
5003/spec-5003-55715-0185.fits
5003/spec-5003-55715-0186.fits
5003/spec-5003-55715-0187.fits
5003/spec-5003-55715-0188.fits
5003/spec-5003-55715-0189.fits
5003/spec-5003-55715-0190.fits
5003/spec-5003-55715-0191.fits
5003/spec-5003-55715-0192.fits
5003/spec-5003-55715-0193.fits
5003/spec-5003-55715-0194.fits
5003/spec-5003-55715-0195.fits
5003/spec-5003-55715-0196.fits
5003/spec-5003-55715-0197.fits
5003/spec-5003-55715-0198.fits
5003/spec-5003-55715-0199.fits
5003/spec-5003-55715-0200.fits
5003/spec-5003-55715-0201.fits
5003/spec-5003-55715-0202.fits
5003/spec-5003-55715-0203.fits
5003/spec-5003-55715-0204.fits
5003/spec-5003-55715-0205.fits
5003/spec-5003-55715-0206.fits
5003/spec-5003-55715-0207.fits
5003/spec-5003-55715-0208.fits
5003/spec-5003-55715-0209.fits
5003/spec-5003-55715-0210.fits
5003/spec-5003-55715-0211.fits
5003/spec-5003-55715-0212.fits
5003/spec-5003-55715-0213.fits
5003/spec-5003-55715-0214.fits
5003/spec-5003-55715-0215.fits
5003/spec-5003-55715-0216.fits
5003/spec-5003-55715-0217.fits
5003/spec-5003-55715-0218.fits
5003/spec-5003-55715-0219.fits
5003/spec-5003-55715-0220.fits
5003/spec-5003-55715-0221.fits
5003/spec-5003-55715-0222.fits
5003/spec-5003-55715-0223.fits
5003/spec-5003-55715-0224.fits
5003/spec-5003-55715-0225.fits
5003/spec-5003-55715-0226.fits
5003/spec-5003-55715-0227.fits
5003/spec-5003-55715-0228.fits
5003/spec-5003-55715-0229.fits
5003/spec-5003-55715-0230.fits
5003/spec-5003-55715-0231.fits
5003/spec-5003-55715-0232.fits
5003/spec-5003-55715-0233.fits
5003/spec-5003-55715-0234.fits
5003/spec-5003-55715-0235.fits
5003/spec-5003-55715-0236.fits
5003/spec-5003-55715-0237.fits
5003/spec-5003-55715-0238.fits
5003/spec-5003-55715-0239.fits
5003/spec-5003-55715-0240.fits
5003/spec-5003-55715-0241.fits
5003/spec-5003-55715-0242.fits
5003/spec-5003-55715-0243.fits
5003/spec-5003-55715-0244.fits
5003/spec-5003-55715-0245.fits
5003/spec-5003-55715-0246.fits
5003/spec-5003-55715-0247.fits
5003/spec-5003-55715-0248.fits
5003/spec-5003-55715-0249.fits
5003/spec-5003-55715-0250.fits
5003/spec-5003-55715-0251.fits
5003/spec-5003-55715-0252.fits
5003/spec-5003-55715-0253.fits
5003/spec-5003-55715-0254.fits
5003/spec-5003-55715-0255.fits
5003/spec-5003-55715-0256.fits
5003/spec-5003-55715-0257.fits
5003/spec-5003-55715-0258.fits
5003/spec-5003-55715-0259.fits
5003/spec-5003-55715-0260.fits
5003/spec-5003-55715-0261.fits
5003/spec-5003-55715-0262.fits
5003/spec-5003-55715-0263.fits
5003/spec-5003-55715-0264.fits
5003/spec-5003-55715-0265.fits
5003/spec-5003-55715-0266.fits
5003/spec-5003-55715-0267.fits
5003/spec-5003-55715-0268.fits
5003/spec-5003-55715-0269.fits
5003/spec-5003-55715-0270.fits
5003/spec-5003-55715-0271.fits
5003/spec-5003-55715-0272.fits
5003/spec-5003-55715-0273.fits
5003/spec-5003-55715-0274.fits
5003/spec-5003-55715-0275.fits
5003/spec-5003-55715-0276.fits
5003/spec-5003-55715-0277.fits
5003/spec-5003-55715-0278.fits
5003/spec-5003-55715-0279.fits
5003/spec-5003-55715-0280.fits
5003/spec-5003-55715-0281.fits
5003/spec-5003-55715-0282.fits
5003/spec-5003-55715-0283.fits
5003/spec-5003-55715-0284.fits
5003/spec-5003-55715-0285.fits
5003/spec-5003-55715-0286.fits
5003/spec-5003-55715-0287.fits
5003/spec-5003-55715-0288.fits
5003/spec-5003-55715-0289.fits
5003/spec-5003-55715-0290.fits
5003/spec-5003-55715-0291.fits
5003/spec-5003-55715-0292.fits
5003/spec-5003-55715-0293.fits
5003/spec-5003-55715-0294.fits
5003/spec-5003-55715-0295.fits
5003/spec-5003-55715-0296.fits
5003/spec-5003-55715-0297.fits
5003/spec-5003-55715-0298.fits
5003/spec-5003-55715-0299.fits
5003/spec-5003-55715-0300.fits
5003/spec-5003-55715-0301.fits
5003/spec-5003-55715-0302.fits
5003/spec-5003-55715-0303.fits
5003/spec-5003-55715-0304.fits
5003/spec-5003-55715-0305.fits
5003/spec-5003-55715-0306.fits
5003/spec-5003-55715-0307.fits
5003/spec-5003-55715-0308.fits
5003/spec-5003-55715-0309.fits
5003/spec-5003-55715-0310.fits
5003/spec-5003-55715-0311.fits
5003/spec-5003-55715-0312.fits
5003/spec-5003-55715-0313.fits
5003/spec-5003-55715-0314.fits
5003/spec-5003-55715-0315.fits
5003/spec-5003-55715-0316.fits
5003/spec-5003-55715-0317.fits
5003/spec-5003-55715-0318.fits
5003/spec-5003-55715-0319.fits
5003/spec-5003-55715-0320.fits
5003/spec-5003-55715-0321.fits
5003/spec-5003-55715-0322.fits
5003/spec-5003-55715-0323.fits
5003/spec-5003-55715-0324.fits
5003/spec-5003-55715-0325.fits
5003/spec-5003-55715-0326.fits
5003/spec-5003-55715-0327.fits
5003/spec-5003-55715-0328.fits
5003/spec-5003-55715-0329.fits
5003/spec-5003-55715-0330.fits
5003/spec-5003-55715-0331.fits
5003/spec-5003-55715-0332.fits
5003/spec-5003-55715-0333.fits
5003/spec-5003-55715-0334.fits
5003/spec-5003-55715-0335.fits
5003/spec-5003-55715-0336.fits
5003/spec-5003-55715-0337.fits
5003/spec-5003-55715-0338.fits
5003/spec-5003-55715-0339.fits
5003/spec-5003-55715-0340.fits
5003/spec-5003-55715-0341.fits
5003/spec-5003-55715-0342.fits
5003/spec-5003-55715-0343.fits
5003/spec-5003-55715-0344.fits
5003/spec-5003-55715-0345.fits
5003/spec-5003-55715-0346.fits
5003/spec-5003-55715-0347.fits
5003/spec-5003-55715-0348.fits
5003/spec-5003-55715-0349.fits
5003/spec-5003-55715-0350.fits
5003/spec-5003-55715-0351.fits
5003/spec-5003-55715-0352.fits
5003/spec-5003-55715-0353.fits
5003/spec-5003-55715-0354.fits
5003/spec-5003-55715-0355.fits
5003/spec-5003-55715-0356.fits
5003/spec-5003-55715-0357.fits
5003/spec-5003-55715-0358.fits
5003/spec-5003-55715-0359.fits
5003/spec-5003-55715-0360.fits
5003/spec-5003-55715-0361.fits
5003/spec-5003-55715-0362.fits
5003/spec-5003-55715-0363.fits
5003/spec-5003-55715-0364.fits
5003/spec-5003-55715-0365.fits
5003/spec-5003-55715-0366.fits
5003/spec-5003-55715-0367.fits
5003/spec-5003-55715-0368.fits
5003/spec-5003-55715-0369.fits
5003/spec-5003-55715-0370.fits
5003/spec-5003-55715-0371.fits
5003/spec-5003-55715-0372.fits
5003/spec-5003-55715-0373.fits
5003/spec-5003-55715-0374.fits
5003/spec-5003-55715-0375.fits
5003/spec-5003-55715-0376.fits
5003/spec-5003-55715-0377.fits
5003/spec-5003-55715-0378.fits
5003/spec-5003-55715-0379.fits
5003/spec-5003-55715-0380.fits
5003/spec-5003-55715-0381.fits
5003/spec-5003-55715-0382.fits
5003/spec-5003-55715-0383.fits
5003/spec-5003-55715-0384.fits
5003/spec-5003-55715-0385.fits
5003/spec-5003-55715-0386.fits
5003/spec-5003-55715-0387.fits
5003/spec-5003-55715-0388.fits
5003/spec-5003-55715-0389.fits
5003/spec-5003-55715-0390.fits
5003/spec-5003-55715-0391.fits
5003/spec-5003-55715-0392.fits
5003/spec-5003-55715-0393.fits
5003/spec-5003-55715-0394.fits
5003/spec-5003-55715-0395.fits
5003/spec-5003-55715-0396.fits
5003/spec-5003-55715-0397.fits
5003/spec-5003-55715-0398.fits
5003/spec-5003-55715-0399.fits
5003/spec-5003-55715-0400.fits
5003/spec-5003-55715-0401.fits
5003/spec-5003-55715-0402.fits
5003/spec-5003-55715-0403.fits
5003/spec-5003-55715-0404.fits
5003/spec-5003-55715-0405.fits
5003/spec-5003-55715-0406.fits
5003/spec-5003-55715-0407.fits
5003/spec-5003-55715-0408.fits
5003/spec-5003-55715-0409.fits
5003/spec-5003-55715-0410.fits
5003/spec-5003-55715-0411.fits
5003/spec-5003-55715-0412.fits
5003/spec-5003-55715-0413.fits
5003/spec-5003-55715-0414.fits
5003/spec-5003-55715-0415.fits
5003/spec-5003-55715-0416.fits
5003/spec-5003-55715-0417.fits
5003/spec-5003-55715-0418.fits
5003/spec-5003-55715-0419.fits
5003/spec-5003-55715-0420.fits
5003/spec-5003-55715-0421.fits
5003/spec-5003-55715-0422.fits
5003/spec-5003-55715-0423.fits
5003/spec-5003-55715-0424.fits
5003/spec-5003-55715-0425.fits
5003/spec-5003-55715-0426.fits
5003/spec-5003-55715-0427.fits
5003/spec-5003-55715-0428.fits
5003/spec-5003-55715-0429.fits
5003/spec-5003-55715-0430.fits
5003/spec-5003-55715-0431.fits
5003/spec-5003-55715-0432.fits
5003/spec-5003-55715-0433.fits
5003/spec-5003-55715-0434.fits
5003/spec-5003-55715-0435.fits
5003/spec-5003-55715-0436.fits
5003/spec-5003-55715-0437.fits
5003/spec-5003-55715-0438.fits
5003/spec-5003-55715-0439.fits
5003/spec-5003-55715-0440.fits
5003/spec-5003-55715-0441.fits
5003/spec-5003-55715-0442.fits
5003/spec-5003-55715-0443.fits
5003/spec-5003-55715-0444.fits
5003/spec-5003-55715-0445.fits
5003/spec-5003-55715-0446.fits
5003/spec-5003-55715-0447.fits
5003/spec-5003-55715-0448.fits
5003/spec-5003-55715-0449.fits
5003/spec-5003-55715-0450.fits
5003/spec-5003-55715-0451.fits
5003/spec-5003-55715-0452.fits
5003/spec-5003-55715-0453.fits
5003/spec-5003-55715-0454.fits
5003/spec-5003-55715-0455.fits
5003/spec-5003-55715-0456.fits
5003/spec-5003-55715-0457.fits
5003/spec-5003-55715-0458.fits
5003/spec-5003-55715-0459.fits
5003/spec-5003-55715-0460.fits
5003/spec-5003-55715-0461.fits
5003/spec-5003-55715-0462.fits
5003/spec-5003-55715-0463.fits
5003/spec-5003-55715-0464.fits
5003/spec-5003-55715-0465.fits
5003/spec-5003-55715-0466.fits
5003/spec-5003-55715-0467.fits
5003/spec-5003-55715-0468.fits
5003/spec-5003-55715-0469.fits
5003/spec-5003-55715-0470.fits
5003/spec-5003-55715-0471.fits
5003/spec-5003-55715-0472.fits
5003/spec-5003-55715-0473.fits
5003/spec-5003-55715-0474.fits
5003/spec-5003-55715-0475.fits
5003/spec-5003-55715-0476.fits
5003/spec-5003-55715-0477.fits
5003/spec-5003-55715-0478.fits
5003/spec-5003-55715-0479.fits
5003/spec-5003-55715-0480.fits
5003/spec-5003-55715-0481.fits
5003/spec-5003-55715-0482.fits
5003/spec-5003-55715-0483.fits
5003/spec-5003-55715-0484.fits
5003/spec-5003-55715-0485.fits
5003/spec-5003-55715-0486.fits
5003/spec-5003-55715-0487.fits
5003/spec-5003-55715-0488.fits
5003/spec-5003-55715-0489.fits
5003/spec-5003-55715-0490.fits
5003/spec-5003-55715-0491.fits
5003/spec-5003-55715-0492.fits
5003/spec-5003-55715-0493.fits
5003/spec-5003-55715-0494.fits
5003/spec-5003-55715-0495.fits
5003/spec-5003-55715-0496.fits
5003/spec-5003-55715-0497.fits
5003/spec-5003-55715-0498.fits
5003/spec-5003-55715-0499.fits
5003/spec-5003-55715-0500.fits
5003/spec-5003-55715-0501.fits
5003/spec-5003-55715-0502.fits
5003/spec-5003-55715-0503.fits
5003/spec-5003-55715-0504.fits
5003/spec-5003-55715-0505.fits
5003/spec-5003-55715-0506.fits
5003/spec-5003-55715-0507.fits
5003/spec-5003-55715-0508.fits
5003/spec-5003-55715-0509.fits
5003/spec-5003-55715-0510.fits
5003/spec-5003-55715-0511.fits
5003/spec-5003-55715-0512.fits
5003/spec-5003-55715-0513.fits
5003/spec-5003-55715-0514.fits
5003/spec-5003-55715-0515.fits
5003/spec-5003-55715-0516.fits
5003/spec-5003-55715-0517.fits
5003/spec-5003-55715-0518.fits
5003/spec-5003-55715-0519.fits
5003/spec-5003-55715-0520.fits
5003/spec-5003-55715-0521.fits
5003/spec-5003-55715-0522.fits
5003/spec-5003-55715-0523.fits
5003/spec-5003-55715-0524.fits
5003/spec-5003-55715-0525.fits
5003/spec-5003-55715-0526.fits
5003/spec-5003-55715-0527.fits
5003/spec-5003-55715-0528.fits
5003/spec-5003-55715-0529.fits
5003/spec-5003-55715-0530.fits
5003/spec-5003-55715-0531.fits
5003/spec-5003-55715-0532.fits
5003/spec-5003-55715-0533.fits
5003/spec-5003-55715-0534.fits
5003/spec-5003-55715-0535.fits
5003/spec-5003-55715-0536.fits
5003/spec-5003-55715-0537.fits
5003/spec-5003-55715-0538.fits
5003/spec-5003-55715-0539.fits
5003/spec-5003-55715-0540.fits
5003/spec-5003-55715-0541.fits
5003/spec-5003-55715-0542.fits
5003/spec-5003-55715-0543.fits
5003/spec-5003-55715-0544.fits
5003/spec-5003-55715-0545.fits
5003/spec-5003-55715-0546.fits
5003/spec-5003-55715-0547.fits
5003/spec-5003-55715-0548.fits
5003/spec-5003-55715-0549.fits
5003/spec-5003-55715-0550.fits
5003/spec-5003-55715-0551.fits
5003/spec-5003-55715-0552.fits
5003/spec-5003-55715-0553.fits
5003/spec-5003-55715-0554.fits
5003/spec-5003-55715-0555.fits
5003/spec-5003-55715-0556.fits
5003/spec-5003-55715-0557.fits
5003/spec-5003-55715-0558.fits
5003/spec-5003-55715-0559.fits
5003/spec-5003-55715-0560.fits
5003/spec-5003-55715-0561.fits
5003/spec-5003-55715-0562.fits
5003/spec-5003-55715-0563.fits
5003/spec-5003-55715-0564.fits
5003/spec-5003-55715-0565.fits
5003/spec-5003-55715-0566.fits
5003/spec-5003-55715-0567.fits
5003/spec-5003-55715-0568.fits
5003/spec-5003-55715-0569.fits
5003/spec-5003-55715-0570.fits
5003/spec-5003-55715-0571.fits
5003/spec-5003-55715-0572.fits
5003/spec-5003-55715-0573.fits
5003/spec-5003-55715-0574.fits
5003/spec-5003-55715-0575.fits
5003/spec-5003-55715-0576.fits
5003/spec-5003-55715-0577.fits
5003/spec-5003-55715-0578.fits
5003/spec-5003-55715-0579.fits
5003/spec-5003-55715-0580.fits
5003/spec-5003-55715-0581.fits
5003/spec-5003-55715-0582.fits
5003/spec-5003-55715-0583.fits
5003/spec-5003-55715-0584.fits
5003/spec-5003-55715-0585.fits
5003/spec-5003-55715-0586.fits
5003/spec-5003-55715-0587.fits
5003/spec-5003-55715-0588.fits
5003/spec-5003-55715-0589.fits
5003/spec-5003-55715-0590.fits
5003/spec-5003-55715-0591.fits
5003/spec-5003-55715-0592.fits
5003/spec-5003-55715-0593.fits
5003/spec-5003-55715-0594.fits
5003/spec-5003-55715-0595.fits
5003/spec-5003-55715-0596.fits
5003/spec-5003-55715-0597.fits
5003/spec-5003-55715-0598.fits
5003/spec-5003-55715-0599.fits
5003/spec-5003-55715-0600.fits
5003/spec-5003-55715-0601.fits
5003/spec-5003-55715-0602.fits
5003/spec-5003-55715-0603.fits
5003/spec-5003-55715-0604.fits
5003/spec-5003-55715-0605.fits
5003/spec-5003-55715-0606.fits
5003/spec-5003-55715-0607.fits
5003/spec-5003-55715-0608.fits
5003/spec-5003-55715-0609.fits
5003/spec-5003-55715-0610.fits
5003/spec-5003-55715-0611.fits
5003/spec-5003-55715-0612.fits
5003/spec-5003-55715-0613.fits
5003/spec-5003-55715-0614.fits
5003/spec-5003-55715-0615.fits
5003/spec-5003-55715-0616.fits
5003/spec-5003-55715-0617.fits
5003/spec-5003-55715-0618.fits
5003/spec-5003-55715-0619.fits
5003/spec-5003-55715-0620.fits
5003/spec-5003-55715-0621.fits
5003/spec-5003-55715-0622.fits
5003/spec-5003-55715-0623.fits
5003/spec-5003-55715-0624.fits
5003/spec-5003-55715-0625.fits
5003/spec-5003-55715-0626.fits
5003/spec-5003-55715-0627.fits
5003/spec-5003-55715-0628.fits
5003/spec-5003-55715-0629.fits
5003/spec-5003-55715-0630.fits
5003/spec-5003-55715-0631.fits
5003/spec-5003-55715-0632.fits
5003/spec-5003-55715-0633.fits
5003/spec-5003-55715-0634.fits
5003/spec-5003-55715-0635.fits
5003/spec-5003-55715-0636.fits
5003/spec-5003-55715-0637.fits
5003/spec-5003-55715-0638.fits
5003/spec-5003-55715-0639.fits
5003/spec-5003-55715-0640.fits
5003/spec-5003-55715-0641.fits
5003/spec-5003-55715-0642.fits
5003/spec-5003-55715-0643.fits
5003/spec-5003-55715-0644.fits
5003/spec-5003-55715-0645.fits
5003/spec-5003-55715-0646.fits
5003/spec-5003-55715-0647.fits
5003/spec-5003-55715-0648.fits
5003/spec-5003-55715-0649.fits
5003/spec-5003-55715-0650.fits
5003/spec-5003-55715-0651.fits
5003/spec-5003-55715-0652.fits
5003/spec-5003-55715-0653.fits
5003/spec-5003-55715-0654.fits
5003/spec-5003-55715-0655.fits
5003/spec-5003-55715-0656.fits
5003/spec-5003-55715-0657.fits
5003/spec-5003-55715-0658.fits
5003/spec-5003-55715-0659.fits
5003/spec-5003-55715-0660.fits
5003/spec-5003-55715-0661.fits
5003/spec-5003-55715-0662.fits
5003/spec-5003-55715-0663.fits
5003/spec-5003-55715-0664.fits
5003/spec-5003-55715-0665.fits
5003/spec-5003-55715-0666.fits
5003/spec-5003-55715-0667.fits
5003/spec-5003-55715-0668.fits
5003/spec-5003-55715-0669.fits
5003/spec-5003-55715-0670.fits
5003/spec-5003-55715-0671.fits
5003/spec-5003-55715-0672.fits
5003/spec-5003-55715-0673.fits
5003/spec-5003-55715-0674.fits
5003/spec-5003-55715-0675.fits
5003/spec-5003-55715-0676.fits
5003/spec-5003-55715-0677.fits
5003/spec-5003-55715-0678.fits
5003/spec-5003-55715-0679.fits
5003/spec-5003-55715-0680.fits
5003/spec-5003-55715-0681.fits
5003/spec-5003-55715-0682.fits
5003/spec-5003-55715-0683.fits
5003/spec-5003-55715-0684.fits
5003/spec-5003-55715-0685.fits
5003/spec-5003-55715-0686.fits
5003/spec-5003-55715-0687.fits
5003/spec-5003-55715-0688.fits
5003/spec-5003-55715-0689.fits
5003/spec-5003-55715-0690.fits
5003/spec-5003-55715-0691.fits
5003/spec-5003-55715-0692.fits
5003/spec-5003-55715-0693.fits
5003/spec-5003-55715-0694.fits
5003/spec-5003-55715-0695.fits
5003/spec-5003-55715-0696.fits
5003/spec-5003-55715-0697.fits
5003/spec-5003-55715-0698.fits
5003/spec-5003-55715-0699.fits
5003/spec-5003-55715-0700.fits
5003/spec-5003-55715-0701.fits
5003/spec-5003-55715-0702.fits
5003/spec-5003-55715-0703.fits
5003/spec-5003-55715-0704.fits
5003/spec-5003-55715-0705.fits
5003/spec-5003-55715-0706.fits
5003/spec-5003-55715-0707.fits
5003/spec-5003-55715-0708.fits
5003/spec-5003-55715-0709.fits
5003/spec-5003-55715-0710.fits
5003/spec-5003-55715-0711.fits
5003/spec-5003-55715-0712.fits
5003/spec-5003-55715-0713.fits
5003/spec-5003-55715-0714.fits
5003/spec-5003-55715-0715.fits
5003/spec-5003-55715-0716.fits
5003/spec-5003-55715-0717.fits
5003/spec-5003-55715-0718.fits
5003/spec-5003-55715-0719.fits
5003/spec-5003-55715-0720.fits
5003/spec-5003-55715-0721.fits
5003/spec-5003-55715-0722.fits
5003/spec-5003-55715-0723.fits
5003/spec-5003-55715-0724.fits
5003/spec-5003-55715-0725.fits
5003/spec-5003-55715-0726.fits
5003/spec-5003-55715-0727.fits
5003/spec-5003-55715-0728.fits
5003/spec-5003-55715-0729.fits
5003/spec-5003-55715-0730.fits
5003/spec-5003-55715-0731.fits
5003/spec-5003-55715-0732.fits
5003/spec-5003-55715-0733.fits
5003/spec-5003-55715-0734.fits
5003/spec-5003-55715-0735.fits
5003/spec-5003-55715-0736.fits
5003/spec-5003-55715-0737.fits
5003/spec-5003-55715-0738.fits
5003/spec-5003-55715-0739.fits
5003/spec-5003-55715-0740.fits
5003/spec-5003-55715-0741.fits
5003/spec-5003-55715-0742.fits
5003/spec-5003-55715-0743.fits
5003/spec-5003-55715-0744.fits
5003/spec-5003-55715-0745.fits
5003/spec-5003-55715-0746.fits
5003/spec-5003-55715-0747.fits
5003/spec-5003-55715-0748.fits
5003/spec-5003-55715-0749.fits
5003/spec-5003-55715-0750.fits
5003/spec-5003-55715-0751.fits
5003/spec-5003-55715-0752.fits
5003/spec-5003-55715-0753.fits
5003/spec-5003-55715-0754.fits
5003/spec-5003-55715-0755.fits
5003/spec-5003-55715-0756.fits
5003/spec-5003-55715-0757.fits
5003/spec-5003-55715-0758.fits
5003/spec-5003-55715-0759.fits
5003/spec-5003-55715-0760.fits
5003/spec-5003-55715-0761.fits
5003/spec-5003-55715-0762.fits
5003/spec-5003-55715-0763.fits
5003/spec-5003-55715-0764.fits
5003/spec-5003-55715-0765.fits
5003/spec-5003-55715-0766.fits
5003/spec-5003-55715-0767.fits
5003/spec-5003-55715-0768.fits
5003/spec-5003-55715-0769.fits
5003/spec-5003-55715-0770.fits
5003/spec-5003-55715-0771.fits
5003/spec-5003-55715-0772.fits
5003/spec-5003-55715-0773.fits
5003/spec-5003-55715-0774.fits
5003/spec-5003-55715-0775.fits
5003/spec-5003-55715-0776.fits
5003/spec-5003-55715-0777.fits
5003/spec-5003-55715-0778.fits
5003/spec-5003-55715-0779.fits
5003/spec-5003-55715-0780.fits
5003/spec-5003-55715-0781.fits
5003/spec-5003-55715-0782.fits
5003/spec-5003-55715-0783.fits
5003/spec-5003-55715-0784.fits
5003/spec-5003-55715-0785.fits
5003/spec-5003-55715-0786.fits
5003/spec-5003-55715-0787.fits
5003/spec-5003-55715-0788.fits
5003/spec-5003-55715-0789.fits
5003/spec-5003-55715-0790.fits
5003/spec-5003-55715-0791.fits
5003/spec-5003-55715-0792.fits
5003/spec-5003-55715-0793.fits
5003/spec-5003-55715-0794.fits
5003/spec-5003-55715-0795.fits
5003/spec-5003-55715-0796.fits
5003/spec-5003-55715-0797.fits
5003/spec-5003-55715-0798.fits
5003/spec-5003-55715-0799.fits
5003/spec-5003-55715-0800.fits
5003/spec-5003-55715-0801.fits
5003/spec-5003-55715-0802.fits
5003/spec-5003-55715-0803.fits
5003/spec-5003-55715-0804.fits
5003/spec-5003-55715-0805.fits
5003/spec-5003-55715-0806.fits
5003/spec-5003-55715-0807.fits
5003/spec-5003-55715-0808.fits
5003/spec-5003-55715-0809.fits
5003/spec-5003-55715-0810.fits
5003/spec-5003-55715-0811.fits
5003/spec-5003-55715-0812.fits
5003/spec-5003-55715-0813.fits
5003/spec-5003-55715-0814.fits
5003/spec-5003-55715-0815.fits
5003/spec-5003-55715-0816.fits
5003/spec-5003-55715-0817.fits
5003/spec-5003-55715-0818.fits
5003/spec-5003-55715-0819.fits
5003/spec-5003-55715-0820.fits
5003/spec-5003-55715-0821.fits
5003/spec-5003-55715-0822.fits
5003/spec-5003-55715-0823.fits
5003/spec-5003-55715-0824.fits
5003/spec-5003-55715-0825.fits
5003/spec-5003-55715-0826.fits
5003/spec-5003-55715-0827.fits
5003/spec-5003-55715-0828.fits
5003/spec-5003-55715-0829.fits
5003/spec-5003-55715-0830.fits
5003/spec-5003-55715-0831.fits
5003/spec-5003-55715-0832.fits
5003/spec-5003-55715-0833.fits
5003/spec-5003-55715-0834.fits
5003/spec-5003-55715-0835.fits
5003/spec-5003-55715-0836.fits
5003/spec-5003-55715-0837.fits
5003/spec-5003-55715-0838.fits
5003/spec-5003-55715-0839.fits
5003/spec-5003-55715-0840.fits
5003/spec-5003-55715-0841.fits
5003/spec-5003-55715-0842.fits
5003/spec-5003-55715-0843.fits
5003/spec-5003-55715-0844.fits
5003/spec-5003-55715-0845.fits
5003/spec-5003-55715-0846.fits
5003/spec-5003-55715-0847.fits
5003/spec-5003-55715-0848.fits
5003/spec-5003-55715-0849.fits
5003/spec-5003-55715-0850.fits
5003/spec-5003-55715-0851.fits
5003/spec-5003-55715-0852.fits
5003/spec-5003-55715-0853.fits
5003/spec-5003-55715-0854.fits
5003/spec-5003-55715-0855.fits
5003/spec-5003-55715-0856.fits
5003/spec-5003-55715-0857.fits
5003/spec-5003-55715-0858.fits
5003/spec-5003-55715-0859.fits
5003/spec-5003-55715-0860.fits
5003/spec-5003-55715-0861.fits
5003/spec-5003-55715-0862.fits
5003/spec-5003-55715-0863.fits
5003/spec-5003-55715-0864.fits
5003/spec-5003-55715-0865.fits
5003/spec-5003-55715-0866.fits
5003/spec-5003-55715-0867.fits
5003/spec-5003-55715-0868.fits
5003/spec-5003-55715-0869.fits
5003/spec-5003-55715-0870.fits
5003/spec-5003-55715-0871.fits
5003/spec-5003-55715-0872.fits
5003/spec-5003-55715-0873.fits
5003/spec-5003-55715-0874.fits
5003/spec-5003-55715-0875.fits
5003/spec-5003-55715-0876.fits
5003/spec-5003-55715-0877.fits
5003/spec-5003-55715-0878.fits
5003/spec-5003-55715-0879.fits
5003/spec-5003-55715-0880.fits
5003/spec-5003-55715-0881.fits
5003/spec-5003-55715-0882.fits
5003/spec-5003-55715-0883.fits
5003/spec-5003-55715-0884.fits
5003/spec-5003-55715-0885.fits
5003/spec-5003-55715-0886.fits
5003/spec-5003-55715-0887.fits
5003/spec-5003-55715-0888.fits
5003/spec-5003-55715-0889.fits
5003/spec-5003-55715-0890.fits
5003/spec-5003-55715-0891.fits
5003/spec-5003-55715-0892.fits
5003/spec-5003-55715-0893.fits
5003/spec-5003-55715-0894.fits
5003/spec-5003-55715-0895.fits
5003/spec-5003-55715-0896.fits
5003/spec-5003-55715-0897.fits
5003/spec-5003-55715-0898.fits
5003/spec-5003-55715-0899.fits
5003/spec-5003-55715-0900.fits
5003/spec-5003-55715-0901.fits
5003/spec-5003-55715-0902.fits
5003/spec-5003-55715-0903.fits
5003/spec-5003-55715-0904.fits
5003/spec-5003-55715-0905.fits
5003/spec-5003-55715-0906.fits
5003/spec-5003-55715-0907.fits
5003/spec-5003-55715-0908.fits
5003/spec-5003-55715-0909.fits
5003/spec-5003-55715-0910.fits
5003/spec-5003-55715-0911.fits
5003/spec-5003-55715-0912.fits
5003/spec-5003-55715-0913.fits
5003/spec-5003-55715-0914.fits
5003/spec-5003-55715-0915.fits
5003/spec-5003-55715-0916.fits
5003/spec-5003-55715-0917.fits
5003/spec-5003-55715-0918.fits
5003/spec-5003-55715-0919.fits
5003/spec-5003-55715-0920.fits
5003/spec-5003-55715-0921.fits
5003/spec-5003-55715-0922.fits
5003/spec-5003-55715-0923.fits
5003/spec-5003-55715-0924.fits
5003/spec-5003-55715-0925.fits
5003/spec-5003-55715-0926.fits
5003/spec-5003-55715-0927.fits
5003/spec-5003-55715-0928.fits
5003/spec-5003-55715-0929.fits
5003/spec-5003-55715-0930.fits
5003/spec-5003-55715-0931.fits
5003/spec-5003-55715-0932.fits
5003/spec-5003-55715-0933.fits
5003/spec-5003-55715-0934.fits
5003/spec-5003-55715-0935.fits
5003/spec-5003-55715-0936.fits
5003/spec-5003-55715-0937.fits
5003/spec-5003-55715-0938.fits
5003/spec-5003-55715-0939.fits
5003/spec-5003-55715-0940.fits
5003/spec-5003-55715-0941.fits
5003/spec-5003-55715-0942.fits
5003/spec-5003-55715-0943.fits
5003/spec-5003-55715-0944.fits
5003/spec-5003-55715-0945.fits
5003/spec-5003-55715-0946.fits
5003/spec-5003-55715-0947.fits
5003/spec-5003-55715-0948.fits
5003/spec-5003-55715-0949.fits
5003/spec-5003-55715-0950.fits
5003/spec-5003-55715-0951.fits
5003/spec-5003-55715-0952.fits
5003/spec-5003-55715-0953.fits
5003/spec-5003-55715-0954.fits
5003/spec-5003-55715-0955.fits
5003/spec-5003-55715-0956.fits
5003/spec-5003-55715-0957.fits
5003/spec-5003-55715-0958.fits
5003/spec-5003-55715-0959.fits
5003/spec-5003-55715-0960.fits
5003/spec-5003-55715-0961.fits
5003/spec-5003-55715-0962.fits
5003/spec-5003-55715-0963.fits
5003/spec-5003-55715-0964.fits
5003/spec-5003-55715-0965.fits
5003/spec-5003-55715-0966.fits
5003/spec-5003-55715-0967.fits
5003/spec-5003-55715-0968.fits
5003/spec-5003-55715-0969.fits
5003/spec-5003-55715-0970.fits
5003/spec-5003-55715-0971.fits
5003/spec-5003-55715-0972.fits
5003/spec-5003-55715-0973.fits
5003/spec-5003-55715-0974.fits
5003/spec-5003-55715-0975.fits
5003/spec-5003-55715-0976.fits
5003/spec-5003-55715-0977.fits
5003/spec-5003-55715-0978.fits
5003/spec-5003-55715-0979.fits
5003/spec-5003-55715-0980.fits
5003/spec-5003-55715-0981.fits
5003/spec-5003-55715-0982.fits
5003/spec-5003-55715-0983.fits
5003/spec-5003-55715-0984.fits
5003/spec-5003-55715-0985.fits
5003/spec-5003-55715-0986.fits
5003/spec-5003-55715-0987.fits
5003/spec-5003-55715-0988.fits
5003/spec-5003-55715-0989.fits
5003/spec-5003-55715-0990.fits
5003/spec-5003-55715-0991.fits
5003/spec-5003-55715-0992.fits
5003/spec-5003-55715-0993.fits
5003/spec-5003-55715-0994.fits
5003/spec-5003-55715-0995.fits
5003/spec-5003-55715-0996.fits
5003/spec-5003-55715-0997.fits
5003/spec-5003-55715-0998.fits
5003/spec-5003-55715-0999.fits
5003/spec-5003-55715-1000.fits
/var/lib/condor/execute/slot1/dir_11504
5003 5003.tgz R R361.tar.gz _condor_stderr _condor_stdout cB58_Lyman_break.fit condor_exec.exe hw4.R packages packages.tar.gz tmp var
[1] "Loaded package astro."
[1] 1000
5003 5003.csv 5003.tgz R R361.tar.gz _condor_stderr _condor_stdout cB58_Lyman_break.fit condor_exec.exe hw4.R packages packages.tar.gz tmp var
