5027
5027/
5027/spec-5027-56218-0001.fits
5027/spec-5027-56218-0002.fits
5027/spec-5027-56218-0003.fits
5027/spec-5027-56218-0004.fits
5027/spec-5027-56218-0005.fits
5027/spec-5027-56218-0006.fits
5027/spec-5027-56218-0007.fits
5027/spec-5027-56218-0008.fits
5027/spec-5027-56218-0009.fits
5027/spec-5027-56218-0010.fits
5027/spec-5027-56218-0011.fits
5027/spec-5027-56218-0012.fits
5027/spec-5027-56218-0013.fits
5027/spec-5027-56218-0014.fits
5027/spec-5027-56218-0015.fits
5027/spec-5027-56218-0016.fits
5027/spec-5027-56218-0017.fits
5027/spec-5027-56218-0018.fits
5027/spec-5027-56218-0019.fits
5027/spec-5027-56218-0020.fits
5027/spec-5027-56218-0021.fits
5027/spec-5027-56218-0022.fits
5027/spec-5027-56218-0023.fits
5027/spec-5027-56218-0024.fits
5027/spec-5027-56218-0025.fits
5027/spec-5027-56218-0026.fits
5027/spec-5027-56218-0027.fits
5027/spec-5027-56218-0028.fits
5027/spec-5027-56218-0029.fits
5027/spec-5027-56218-0030.fits
5027/spec-5027-56218-0031.fits
5027/spec-5027-56218-0032.fits
5027/spec-5027-56218-0033.fits
5027/spec-5027-56218-0034.fits
5027/spec-5027-56218-0035.fits
5027/spec-5027-56218-0036.fits
5027/spec-5027-56218-0037.fits
5027/spec-5027-56218-0038.fits
5027/spec-5027-56218-0039.fits
5027/spec-5027-56218-0040.fits
5027/spec-5027-56218-0041.fits
5027/spec-5027-56218-0042.fits
5027/spec-5027-56218-0043.fits
5027/spec-5027-56218-0044.fits
5027/spec-5027-56218-0045.fits
5027/spec-5027-56218-0046.fits
5027/spec-5027-56218-0047.fits
5027/spec-5027-56218-0048.fits
5027/spec-5027-56218-0049.fits
5027/spec-5027-56218-0050.fits
5027/spec-5027-56218-0051.fits
5027/spec-5027-56218-0052.fits
5027/spec-5027-56218-0053.fits
5027/spec-5027-56218-0054.fits
5027/spec-5027-56218-0055.fits
5027/spec-5027-56218-0056.fits
5027/spec-5027-56218-0057.fits
5027/spec-5027-56218-0058.fits
5027/spec-5027-56218-0059.fits
5027/spec-5027-56218-0060.fits
5027/spec-5027-56218-0061.fits
5027/spec-5027-56218-0062.fits
5027/spec-5027-56218-0063.fits
5027/spec-5027-56218-0064.fits
5027/spec-5027-56218-0065.fits
5027/spec-5027-56218-0066.fits
5027/spec-5027-56218-0067.fits
5027/spec-5027-56218-0068.fits
5027/spec-5027-56218-0069.fits
5027/spec-5027-56218-0070.fits
5027/spec-5027-56218-0071.fits
5027/spec-5027-56218-0072.fits
5027/spec-5027-56218-0073.fits
5027/spec-5027-56218-0074.fits
5027/spec-5027-56218-0075.fits
5027/spec-5027-56218-0076.fits
5027/spec-5027-56218-0077.fits
5027/spec-5027-56218-0078.fits
5027/spec-5027-56218-0079.fits
5027/spec-5027-56218-0080.fits
5027/spec-5027-56218-0081.fits
5027/spec-5027-56218-0082.fits
5027/spec-5027-56218-0083.fits
5027/spec-5027-56218-0084.fits
5027/spec-5027-56218-0085.fits
5027/spec-5027-56218-0086.fits
5027/spec-5027-56218-0087.fits
5027/spec-5027-56218-0088.fits
5027/spec-5027-56218-0089.fits
5027/spec-5027-56218-0090.fits
5027/spec-5027-56218-0091.fits
5027/spec-5027-56218-0092.fits
5027/spec-5027-56218-0093.fits
5027/spec-5027-56218-0094.fits
5027/spec-5027-56218-0095.fits
5027/spec-5027-56218-0096.fits
5027/spec-5027-56218-0097.fits
5027/spec-5027-56218-0098.fits
5027/spec-5027-56218-0099.fits
5027/spec-5027-56218-0100.fits
5027/spec-5027-56218-0101.fits
5027/spec-5027-56218-0102.fits
5027/spec-5027-56218-0103.fits
5027/spec-5027-56218-0104.fits
5027/spec-5027-56218-0105.fits
5027/spec-5027-56218-0106.fits
5027/spec-5027-56218-0107.fits
5027/spec-5027-56218-0108.fits
5027/spec-5027-56218-0109.fits
5027/spec-5027-56218-0110.fits
5027/spec-5027-56218-0111.fits
5027/spec-5027-56218-0112.fits
5027/spec-5027-56218-0113.fits
5027/spec-5027-56218-0114.fits
5027/spec-5027-56218-0115.fits
5027/spec-5027-56218-0116.fits
5027/spec-5027-56218-0117.fits
5027/spec-5027-56218-0118.fits
5027/spec-5027-56218-0119.fits
5027/spec-5027-56218-0120.fits
5027/spec-5027-56218-0121.fits
5027/spec-5027-56218-0122.fits
5027/spec-5027-56218-0123.fits
5027/spec-5027-56218-0124.fits
5027/spec-5027-56218-0125.fits
5027/spec-5027-56218-0126.fits
5027/spec-5027-56218-0127.fits
5027/spec-5027-56218-0128.fits
5027/spec-5027-56218-0129.fits
5027/spec-5027-56218-0130.fits
5027/spec-5027-56218-0131.fits
5027/spec-5027-56218-0132.fits
5027/spec-5027-56218-0133.fits
5027/spec-5027-56218-0134.fits
5027/spec-5027-56218-0135.fits
5027/spec-5027-56218-0136.fits
5027/spec-5027-56218-0137.fits
5027/spec-5027-56218-0138.fits
5027/spec-5027-56218-0139.fits
5027/spec-5027-56218-0140.fits
5027/spec-5027-56218-0141.fits
5027/spec-5027-56218-0142.fits
5027/spec-5027-56218-0143.fits
5027/spec-5027-56218-0144.fits
5027/spec-5027-56218-0145.fits
5027/spec-5027-56218-0146.fits
5027/spec-5027-56218-0147.fits
5027/spec-5027-56218-0148.fits
5027/spec-5027-56218-0149.fits
5027/spec-5027-56218-0150.fits
5027/spec-5027-56218-0151.fits
5027/spec-5027-56218-0152.fits
5027/spec-5027-56218-0153.fits
5027/spec-5027-56218-0154.fits
5027/spec-5027-56218-0155.fits
5027/spec-5027-56218-0156.fits
5027/spec-5027-56218-0157.fits
5027/spec-5027-56218-0158.fits
5027/spec-5027-56218-0159.fits
5027/spec-5027-56218-0160.fits
5027/spec-5027-56218-0161.fits
5027/spec-5027-56218-0162.fits
5027/spec-5027-56218-0163.fits
5027/spec-5027-56218-0164.fits
5027/spec-5027-56218-0165.fits
5027/spec-5027-56218-0166.fits
5027/spec-5027-56218-0167.fits
5027/spec-5027-56218-0168.fits
5027/spec-5027-56218-0169.fits
5027/spec-5027-56218-0170.fits
5027/spec-5027-56218-0171.fits
5027/spec-5027-56218-0172.fits
5027/spec-5027-56218-0173.fits
5027/spec-5027-56218-0174.fits
5027/spec-5027-56218-0175.fits
5027/spec-5027-56218-0176.fits
5027/spec-5027-56218-0177.fits
5027/spec-5027-56218-0178.fits
5027/spec-5027-56218-0179.fits
5027/spec-5027-56218-0180.fits
5027/spec-5027-56218-0181.fits
5027/spec-5027-56218-0182.fits
5027/spec-5027-56218-0183.fits
5027/spec-5027-56218-0184.fits
5027/spec-5027-56218-0185.fits
5027/spec-5027-56218-0186.fits
5027/spec-5027-56218-0187.fits
5027/spec-5027-56218-0188.fits
5027/spec-5027-56218-0189.fits
5027/spec-5027-56218-0190.fits
5027/spec-5027-56218-0191.fits
5027/spec-5027-56218-0192.fits
5027/spec-5027-56218-0193.fits
5027/spec-5027-56218-0194.fits
5027/spec-5027-56218-0195.fits
5027/spec-5027-56218-0196.fits
5027/spec-5027-56218-0197.fits
5027/spec-5027-56218-0198.fits
5027/spec-5027-56218-0199.fits
5027/spec-5027-56218-0200.fits
5027/spec-5027-56218-0201.fits
5027/spec-5027-56218-0202.fits
5027/spec-5027-56218-0203.fits
5027/spec-5027-56218-0204.fits
5027/spec-5027-56218-0205.fits
5027/spec-5027-56218-0206.fits
5027/spec-5027-56218-0207.fits
5027/spec-5027-56218-0208.fits
5027/spec-5027-56218-0209.fits
5027/spec-5027-56218-0210.fits
5027/spec-5027-56218-0211.fits
5027/spec-5027-56218-0212.fits
5027/spec-5027-56218-0213.fits
5027/spec-5027-56218-0214.fits
5027/spec-5027-56218-0215.fits
5027/spec-5027-56218-0216.fits
5027/spec-5027-56218-0217.fits
5027/spec-5027-56218-0218.fits
5027/spec-5027-56218-0219.fits
5027/spec-5027-56218-0220.fits
5027/spec-5027-56218-0221.fits
5027/spec-5027-56218-0222.fits
5027/spec-5027-56218-0223.fits
5027/spec-5027-56218-0224.fits
5027/spec-5027-56218-0225.fits
5027/spec-5027-56218-0226.fits
5027/spec-5027-56218-0227.fits
5027/spec-5027-56218-0228.fits
5027/spec-5027-56218-0229.fits
5027/spec-5027-56218-0230.fits
5027/spec-5027-56218-0231.fits
5027/spec-5027-56218-0232.fits
5027/spec-5027-56218-0233.fits
5027/spec-5027-56218-0234.fits
5027/spec-5027-56218-0235.fits
5027/spec-5027-56218-0236.fits
5027/spec-5027-56218-0237.fits
5027/spec-5027-56218-0238.fits
5027/spec-5027-56218-0239.fits
5027/spec-5027-56218-0240.fits
5027/spec-5027-56218-0241.fits
5027/spec-5027-56218-0242.fits
5027/spec-5027-56218-0243.fits
5027/spec-5027-56218-0244.fits
5027/spec-5027-56218-0245.fits
5027/spec-5027-56218-0246.fits
5027/spec-5027-56218-0247.fits
5027/spec-5027-56218-0248.fits
5027/spec-5027-56218-0249.fits
5027/spec-5027-56218-0250.fits
5027/spec-5027-56218-0251.fits
5027/spec-5027-56218-0252.fits
5027/spec-5027-56218-0253.fits
5027/spec-5027-56218-0254.fits
5027/spec-5027-56218-0255.fits
5027/spec-5027-56218-0256.fits
5027/spec-5027-56218-0257.fits
5027/spec-5027-56218-0258.fits
5027/spec-5027-56218-0259.fits
5027/spec-5027-56218-0260.fits
5027/spec-5027-56218-0261.fits
5027/spec-5027-56218-0262.fits
5027/spec-5027-56218-0263.fits
5027/spec-5027-56218-0264.fits
5027/spec-5027-56218-0265.fits
5027/spec-5027-56218-0266.fits
5027/spec-5027-56218-0267.fits
5027/spec-5027-56218-0268.fits
5027/spec-5027-56218-0269.fits
5027/spec-5027-56218-0270.fits
5027/spec-5027-56218-0271.fits
5027/spec-5027-56218-0272.fits
5027/spec-5027-56218-0273.fits
5027/spec-5027-56218-0274.fits
5027/spec-5027-56218-0275.fits
5027/spec-5027-56218-0276.fits
5027/spec-5027-56218-0277.fits
5027/spec-5027-56218-0278.fits
5027/spec-5027-56218-0279.fits
5027/spec-5027-56218-0280.fits
5027/spec-5027-56218-0281.fits
5027/spec-5027-56218-0282.fits
5027/spec-5027-56218-0283.fits
5027/spec-5027-56218-0284.fits
5027/spec-5027-56218-0285.fits
5027/spec-5027-56218-0286.fits
5027/spec-5027-56218-0287.fits
5027/spec-5027-56218-0288.fits
5027/spec-5027-56218-0289.fits
5027/spec-5027-56218-0290.fits
5027/spec-5027-56218-0291.fits
5027/spec-5027-56218-0292.fits
5027/spec-5027-56218-0293.fits
5027/spec-5027-56218-0294.fits
5027/spec-5027-56218-0295.fits
5027/spec-5027-56218-0296.fits
5027/spec-5027-56218-0297.fits
5027/spec-5027-56218-0298.fits
5027/spec-5027-56218-0299.fits
5027/spec-5027-56218-0300.fits
5027/spec-5027-56218-0301.fits
5027/spec-5027-56218-0302.fits
5027/spec-5027-56218-0303.fits
5027/spec-5027-56218-0304.fits
5027/spec-5027-56218-0305.fits
5027/spec-5027-56218-0306.fits
5027/spec-5027-56218-0307.fits
5027/spec-5027-56218-0308.fits
5027/spec-5027-56218-0309.fits
5027/spec-5027-56218-0310.fits
5027/spec-5027-56218-0311.fits
5027/spec-5027-56218-0312.fits
5027/spec-5027-56218-0313.fits
5027/spec-5027-56218-0314.fits
5027/spec-5027-56218-0315.fits
5027/spec-5027-56218-0316.fits
5027/spec-5027-56218-0317.fits
5027/spec-5027-56218-0318.fits
5027/spec-5027-56218-0319.fits
5027/spec-5027-56218-0320.fits
5027/spec-5027-56218-0321.fits
5027/spec-5027-56218-0322.fits
5027/spec-5027-56218-0323.fits
5027/spec-5027-56218-0324.fits
5027/spec-5027-56218-0325.fits
5027/spec-5027-56218-0326.fits
5027/spec-5027-56218-0327.fits
5027/spec-5027-56218-0328.fits
5027/spec-5027-56218-0329.fits
5027/spec-5027-56218-0330.fits
5027/spec-5027-56218-0331.fits
5027/spec-5027-56218-0332.fits
5027/spec-5027-56218-0333.fits
5027/spec-5027-56218-0334.fits
5027/spec-5027-56218-0335.fits
5027/spec-5027-56218-0336.fits
5027/spec-5027-56218-0337.fits
5027/spec-5027-56218-0338.fits
5027/spec-5027-56218-0339.fits
5027/spec-5027-56218-0340.fits
5027/spec-5027-56218-0341.fits
5027/spec-5027-56218-0342.fits
5027/spec-5027-56218-0343.fits
5027/spec-5027-56218-0344.fits
5027/spec-5027-56218-0345.fits
5027/spec-5027-56218-0346.fits
5027/spec-5027-56218-0347.fits
5027/spec-5027-56218-0348.fits
5027/spec-5027-56218-0349.fits
5027/spec-5027-56218-0350.fits
5027/spec-5027-56218-0351.fits
5027/spec-5027-56218-0352.fits
5027/spec-5027-56218-0353.fits
5027/spec-5027-56218-0354.fits
5027/spec-5027-56218-0355.fits
5027/spec-5027-56218-0356.fits
5027/spec-5027-56218-0357.fits
5027/spec-5027-56218-0358.fits
5027/spec-5027-56218-0359.fits
5027/spec-5027-56218-0360.fits
5027/spec-5027-56218-0361.fits
5027/spec-5027-56218-0362.fits
5027/spec-5027-56218-0363.fits
5027/spec-5027-56218-0364.fits
5027/spec-5027-56218-0365.fits
5027/spec-5027-56218-0366.fits
5027/spec-5027-56218-0367.fits
5027/spec-5027-56218-0368.fits
5027/spec-5027-56218-0369.fits
5027/spec-5027-56218-0370.fits
5027/spec-5027-56218-0371.fits
5027/spec-5027-56218-0372.fits
5027/spec-5027-56218-0373.fits
5027/spec-5027-56218-0374.fits
5027/spec-5027-56218-0375.fits
5027/spec-5027-56218-0376.fits
5027/spec-5027-56218-0377.fits
5027/spec-5027-56218-0378.fits
5027/spec-5027-56218-0379.fits
5027/spec-5027-56218-0380.fits
5027/spec-5027-56218-0381.fits
5027/spec-5027-56218-0382.fits
5027/spec-5027-56218-0383.fits
5027/spec-5027-56218-0384.fits
5027/spec-5027-56218-0385.fits
5027/spec-5027-56218-0386.fits
5027/spec-5027-56218-0387.fits
5027/spec-5027-56218-0388.fits
5027/spec-5027-56218-0389.fits
5027/spec-5027-56218-0390.fits
5027/spec-5027-56218-0391.fits
5027/spec-5027-56218-0392.fits
5027/spec-5027-56218-0393.fits
5027/spec-5027-56218-0394.fits
5027/spec-5027-56218-0395.fits
5027/spec-5027-56218-0396.fits
5027/spec-5027-56218-0397.fits
5027/spec-5027-56218-0398.fits
5027/spec-5027-56218-0399.fits
5027/spec-5027-56218-0400.fits
5027/spec-5027-56218-0401.fits
5027/spec-5027-56218-0402.fits
5027/spec-5027-56218-0403.fits
5027/spec-5027-56218-0404.fits
5027/spec-5027-56218-0405.fits
5027/spec-5027-56218-0406.fits
5027/spec-5027-56218-0407.fits
5027/spec-5027-56218-0408.fits
5027/spec-5027-56218-0409.fits
5027/spec-5027-56218-0410.fits
5027/spec-5027-56218-0411.fits
5027/spec-5027-56218-0412.fits
5027/spec-5027-56218-0413.fits
5027/spec-5027-56218-0414.fits
5027/spec-5027-56218-0415.fits
5027/spec-5027-56218-0416.fits
5027/spec-5027-56218-0417.fits
5027/spec-5027-56218-0418.fits
5027/spec-5027-56218-0419.fits
5027/spec-5027-56218-0420.fits
5027/spec-5027-56218-0421.fits
5027/spec-5027-56218-0422.fits
5027/spec-5027-56218-0423.fits
5027/spec-5027-56218-0424.fits
5027/spec-5027-56218-0425.fits
5027/spec-5027-56218-0426.fits
5027/spec-5027-56218-0427.fits
5027/spec-5027-56218-0428.fits
5027/spec-5027-56218-0429.fits
5027/spec-5027-56218-0430.fits
5027/spec-5027-56218-0431.fits
5027/spec-5027-56218-0432.fits
5027/spec-5027-56218-0433.fits
5027/spec-5027-56218-0434.fits
5027/spec-5027-56218-0435.fits
5027/spec-5027-56218-0436.fits
5027/spec-5027-56218-0437.fits
5027/spec-5027-56218-0438.fits
5027/spec-5027-56218-0439.fits
5027/spec-5027-56218-0440.fits
5027/spec-5027-56218-0441.fits
5027/spec-5027-56218-0442.fits
5027/spec-5027-56218-0443.fits
5027/spec-5027-56218-0444.fits
5027/spec-5027-56218-0445.fits
5027/spec-5027-56218-0446.fits
5027/spec-5027-56218-0447.fits
5027/spec-5027-56218-0448.fits
5027/spec-5027-56218-0449.fits
5027/spec-5027-56218-0450.fits
5027/spec-5027-56218-0451.fits
5027/spec-5027-56218-0452.fits
5027/spec-5027-56218-0453.fits
5027/spec-5027-56218-0454.fits
5027/spec-5027-56218-0455.fits
5027/spec-5027-56218-0456.fits
5027/spec-5027-56218-0457.fits
5027/spec-5027-56218-0458.fits
5027/spec-5027-56218-0459.fits
5027/spec-5027-56218-0460.fits
5027/spec-5027-56218-0461.fits
5027/spec-5027-56218-0462.fits
5027/spec-5027-56218-0463.fits
5027/spec-5027-56218-0464.fits
5027/spec-5027-56218-0465.fits
5027/spec-5027-56218-0466.fits
5027/spec-5027-56218-0467.fits
5027/spec-5027-56218-0468.fits
5027/spec-5027-56218-0469.fits
5027/spec-5027-56218-0470.fits
5027/spec-5027-56218-0471.fits
5027/spec-5027-56218-0472.fits
5027/spec-5027-56218-0473.fits
5027/spec-5027-56218-0474.fits
5027/spec-5027-56218-0475.fits
5027/spec-5027-56218-0476.fits
5027/spec-5027-56218-0477.fits
5027/spec-5027-56218-0478.fits
5027/spec-5027-56218-0479.fits
5027/spec-5027-56218-0480.fits
5027/spec-5027-56218-0481.fits
5027/spec-5027-56218-0482.fits
5027/spec-5027-56218-0483.fits
5027/spec-5027-56218-0484.fits
5027/spec-5027-56218-0485.fits
5027/spec-5027-56218-0486.fits
5027/spec-5027-56218-0487.fits
5027/spec-5027-56218-0488.fits
5027/spec-5027-56218-0489.fits
5027/spec-5027-56218-0490.fits
5027/spec-5027-56218-0491.fits
5027/spec-5027-56218-0492.fits
5027/spec-5027-56218-0493.fits
5027/spec-5027-56218-0494.fits
5027/spec-5027-56218-0495.fits
5027/spec-5027-56218-0496.fits
5027/spec-5027-56218-0497.fits
5027/spec-5027-56218-0498.fits
5027/spec-5027-56218-0499.fits
5027/spec-5027-56218-0500.fits
5027/spec-5027-56218-0501.fits
5027/spec-5027-56218-0502.fits
5027/spec-5027-56218-0503.fits
5027/spec-5027-56218-0504.fits
5027/spec-5027-56218-0505.fits
5027/spec-5027-56218-0506.fits
5027/spec-5027-56218-0507.fits
5027/spec-5027-56218-0508.fits
5027/spec-5027-56218-0509.fits
5027/spec-5027-56218-0510.fits
5027/spec-5027-56218-0511.fits
5027/spec-5027-56218-0512.fits
5027/spec-5027-56218-0513.fits
5027/spec-5027-56218-0514.fits
5027/spec-5027-56218-0515.fits
5027/spec-5027-56218-0516.fits
5027/spec-5027-56218-0517.fits
5027/spec-5027-56218-0518.fits
5027/spec-5027-56218-0519.fits
5027/spec-5027-56218-0520.fits
5027/spec-5027-56218-0521.fits
5027/spec-5027-56218-0522.fits
5027/spec-5027-56218-0523.fits
5027/spec-5027-56218-0524.fits
5027/spec-5027-56218-0525.fits
5027/spec-5027-56218-0526.fits
5027/spec-5027-56218-0527.fits
5027/spec-5027-56218-0528.fits
5027/spec-5027-56218-0529.fits
5027/spec-5027-56218-0530.fits
5027/spec-5027-56218-0531.fits
5027/spec-5027-56218-0532.fits
5027/spec-5027-56218-0533.fits
5027/spec-5027-56218-0534.fits
5027/spec-5027-56218-0535.fits
5027/spec-5027-56218-0536.fits
5027/spec-5027-56218-0537.fits
5027/spec-5027-56218-0538.fits
5027/spec-5027-56218-0539.fits
5027/spec-5027-56218-0540.fits
5027/spec-5027-56218-0541.fits
5027/spec-5027-56218-0542.fits
5027/spec-5027-56218-0543.fits
5027/spec-5027-56218-0544.fits
5027/spec-5027-56218-0545.fits
5027/spec-5027-56218-0546.fits
5027/spec-5027-56218-0547.fits
5027/spec-5027-56218-0548.fits
5027/spec-5027-56218-0549.fits
5027/spec-5027-56218-0550.fits
5027/spec-5027-56218-0551.fits
5027/spec-5027-56218-0552.fits
5027/spec-5027-56218-0553.fits
5027/spec-5027-56218-0554.fits
5027/spec-5027-56218-0555.fits
5027/spec-5027-56218-0556.fits
5027/spec-5027-56218-0557.fits
5027/spec-5027-56218-0558.fits
5027/spec-5027-56218-0559.fits
5027/spec-5027-56218-0560.fits
5027/spec-5027-56218-0561.fits
5027/spec-5027-56218-0562.fits
5027/spec-5027-56218-0563.fits
5027/spec-5027-56218-0564.fits
5027/spec-5027-56218-0565.fits
5027/spec-5027-56218-0566.fits
5027/spec-5027-56218-0567.fits
5027/spec-5027-56218-0568.fits
5027/spec-5027-56218-0569.fits
5027/spec-5027-56218-0570.fits
5027/spec-5027-56218-0571.fits
5027/spec-5027-56218-0572.fits
5027/spec-5027-56218-0573.fits
5027/spec-5027-56218-0574.fits
5027/spec-5027-56218-0575.fits
5027/spec-5027-56218-0576.fits
5027/spec-5027-56218-0577.fits
5027/spec-5027-56218-0578.fits
5027/spec-5027-56218-0579.fits
5027/spec-5027-56218-0580.fits
5027/spec-5027-56218-0581.fits
5027/spec-5027-56218-0582.fits
5027/spec-5027-56218-0583.fits
5027/spec-5027-56218-0584.fits
5027/spec-5027-56218-0585.fits
5027/spec-5027-56218-0586.fits
5027/spec-5027-56218-0587.fits
5027/spec-5027-56218-0588.fits
5027/spec-5027-56218-0589.fits
5027/spec-5027-56218-0590.fits
5027/spec-5027-56218-0591.fits
5027/spec-5027-56218-0592.fits
5027/spec-5027-56218-0593.fits
5027/spec-5027-56218-0594.fits
5027/spec-5027-56218-0595.fits
5027/spec-5027-56218-0596.fits
5027/spec-5027-56218-0597.fits
5027/spec-5027-56218-0598.fits
5027/spec-5027-56218-0599.fits
5027/spec-5027-56218-0600.fits
5027/spec-5027-56218-0601.fits
5027/spec-5027-56218-0602.fits
5027/spec-5027-56218-0603.fits
5027/spec-5027-56218-0604.fits
5027/spec-5027-56218-0605.fits
5027/spec-5027-56218-0606.fits
5027/spec-5027-56218-0607.fits
5027/spec-5027-56218-0608.fits
5027/spec-5027-56218-0609.fits
5027/spec-5027-56218-0610.fits
5027/spec-5027-56218-0611.fits
5027/spec-5027-56218-0612.fits
5027/spec-5027-56218-0613.fits
5027/spec-5027-56218-0614.fits
5027/spec-5027-56218-0615.fits
5027/spec-5027-56218-0616.fits
5027/spec-5027-56218-0617.fits
5027/spec-5027-56218-0618.fits
5027/spec-5027-56218-0619.fits
5027/spec-5027-56218-0620.fits
5027/spec-5027-56218-0621.fits
5027/spec-5027-56218-0622.fits
5027/spec-5027-56218-0623.fits
5027/spec-5027-56218-0624.fits
5027/spec-5027-56218-0625.fits
5027/spec-5027-56218-0626.fits
5027/spec-5027-56218-0627.fits
5027/spec-5027-56218-0628.fits
5027/spec-5027-56218-0629.fits
5027/spec-5027-56218-0630.fits
5027/spec-5027-56218-0631.fits
5027/spec-5027-56218-0632.fits
5027/spec-5027-56218-0633.fits
5027/spec-5027-56218-0634.fits
5027/spec-5027-56218-0635.fits
5027/spec-5027-56218-0636.fits
5027/spec-5027-56218-0637.fits
5027/spec-5027-56218-0638.fits
5027/spec-5027-56218-0639.fits
5027/spec-5027-56218-0640.fits
5027/spec-5027-56218-0641.fits
5027/spec-5027-56218-0642.fits
5027/spec-5027-56218-0643.fits
5027/spec-5027-56218-0644.fits
5027/spec-5027-56218-0645.fits
5027/spec-5027-56218-0646.fits
5027/spec-5027-56218-0647.fits
5027/spec-5027-56218-0648.fits
5027/spec-5027-56218-0649.fits
5027/spec-5027-56218-0650.fits
5027/spec-5027-56218-0651.fits
5027/spec-5027-56218-0652.fits
5027/spec-5027-56218-0653.fits
5027/spec-5027-56218-0654.fits
5027/spec-5027-56218-0655.fits
5027/spec-5027-56218-0656.fits
5027/spec-5027-56218-0657.fits
5027/spec-5027-56218-0658.fits
5027/spec-5027-56218-0659.fits
5027/spec-5027-56218-0660.fits
5027/spec-5027-56218-0661.fits
5027/spec-5027-56218-0662.fits
5027/spec-5027-56218-0663.fits
5027/spec-5027-56218-0664.fits
5027/spec-5027-56218-0665.fits
5027/spec-5027-56218-0666.fits
5027/spec-5027-56218-0667.fits
5027/spec-5027-56218-0668.fits
5027/spec-5027-56218-0669.fits
5027/spec-5027-56218-0670.fits
5027/spec-5027-56218-0671.fits
5027/spec-5027-56218-0672.fits
5027/spec-5027-56218-0673.fits
5027/spec-5027-56218-0674.fits
5027/spec-5027-56218-0675.fits
5027/spec-5027-56218-0676.fits
5027/spec-5027-56218-0677.fits
5027/spec-5027-56218-0678.fits
5027/spec-5027-56218-0679.fits
5027/spec-5027-56218-0680.fits
5027/spec-5027-56218-0681.fits
5027/spec-5027-56218-0682.fits
5027/spec-5027-56218-0683.fits
5027/spec-5027-56218-0684.fits
5027/spec-5027-56218-0685.fits
5027/spec-5027-56218-0686.fits
5027/spec-5027-56218-0687.fits
5027/spec-5027-56218-0688.fits
5027/spec-5027-56218-0689.fits
5027/spec-5027-56218-0690.fits
5027/spec-5027-56218-0691.fits
5027/spec-5027-56218-0692.fits
5027/spec-5027-56218-0693.fits
5027/spec-5027-56218-0694.fits
5027/spec-5027-56218-0695.fits
5027/spec-5027-56218-0696.fits
5027/spec-5027-56218-0697.fits
5027/spec-5027-56218-0698.fits
5027/spec-5027-56218-0699.fits
5027/spec-5027-56218-0700.fits
5027/spec-5027-56218-0701.fits
5027/spec-5027-56218-0702.fits
5027/spec-5027-56218-0703.fits
5027/spec-5027-56218-0704.fits
5027/spec-5027-56218-0705.fits
5027/spec-5027-56218-0706.fits
5027/spec-5027-56218-0707.fits
5027/spec-5027-56218-0708.fits
5027/spec-5027-56218-0709.fits
5027/spec-5027-56218-0710.fits
5027/spec-5027-56218-0711.fits
5027/spec-5027-56218-0712.fits
5027/spec-5027-56218-0713.fits
5027/spec-5027-56218-0714.fits
5027/spec-5027-56218-0715.fits
5027/spec-5027-56218-0716.fits
5027/spec-5027-56218-0717.fits
5027/spec-5027-56218-0718.fits
5027/spec-5027-56218-0719.fits
5027/spec-5027-56218-0720.fits
5027/spec-5027-56218-0721.fits
5027/spec-5027-56218-0722.fits
5027/spec-5027-56218-0723.fits
5027/spec-5027-56218-0724.fits
5027/spec-5027-56218-0725.fits
5027/spec-5027-56218-0726.fits
5027/spec-5027-56218-0727.fits
5027/spec-5027-56218-0728.fits
5027/spec-5027-56218-0729.fits
5027/spec-5027-56218-0730.fits
5027/spec-5027-56218-0731.fits
5027/spec-5027-56218-0732.fits
5027/spec-5027-56218-0733.fits
5027/spec-5027-56218-0734.fits
5027/spec-5027-56218-0735.fits
5027/spec-5027-56218-0736.fits
5027/spec-5027-56218-0737.fits
5027/spec-5027-56218-0738.fits
5027/spec-5027-56218-0739.fits
5027/spec-5027-56218-0740.fits
5027/spec-5027-56218-0741.fits
5027/spec-5027-56218-0742.fits
5027/spec-5027-56218-0743.fits
5027/spec-5027-56218-0744.fits
5027/spec-5027-56218-0745.fits
5027/spec-5027-56218-0746.fits
5027/spec-5027-56218-0747.fits
5027/spec-5027-56218-0748.fits
5027/spec-5027-56218-0749.fits
5027/spec-5027-56218-0750.fits
5027/spec-5027-56218-0751.fits
5027/spec-5027-56218-0752.fits
5027/spec-5027-56218-0753.fits
5027/spec-5027-56218-0754.fits
5027/spec-5027-56218-0755.fits
5027/spec-5027-56218-0756.fits
5027/spec-5027-56218-0757.fits
5027/spec-5027-56218-0758.fits
5027/spec-5027-56218-0759.fits
5027/spec-5027-56218-0760.fits
5027/spec-5027-56218-0761.fits
5027/spec-5027-56218-0762.fits
5027/spec-5027-56218-0763.fits
5027/spec-5027-56218-0764.fits
5027/spec-5027-56218-0765.fits
5027/spec-5027-56218-0766.fits
5027/spec-5027-56218-0767.fits
5027/spec-5027-56218-0768.fits
5027/spec-5027-56218-0769.fits
5027/spec-5027-56218-0770.fits
5027/spec-5027-56218-0771.fits
5027/spec-5027-56218-0772.fits
5027/spec-5027-56218-0773.fits
5027/spec-5027-56218-0774.fits
5027/spec-5027-56218-0775.fits
5027/spec-5027-56218-0776.fits
5027/spec-5027-56218-0777.fits
5027/spec-5027-56218-0778.fits
5027/spec-5027-56218-0779.fits
5027/spec-5027-56218-0780.fits
5027/spec-5027-56218-0781.fits
5027/spec-5027-56218-0782.fits
5027/spec-5027-56218-0783.fits
5027/spec-5027-56218-0784.fits
5027/spec-5027-56218-0785.fits
5027/spec-5027-56218-0786.fits
5027/spec-5027-56218-0787.fits
5027/spec-5027-56218-0788.fits
5027/spec-5027-56218-0789.fits
5027/spec-5027-56218-0790.fits
5027/spec-5027-56218-0791.fits
5027/spec-5027-56218-0792.fits
5027/spec-5027-56218-0793.fits
5027/spec-5027-56218-0794.fits
5027/spec-5027-56218-0795.fits
5027/spec-5027-56218-0796.fits
5027/spec-5027-56218-0797.fits
5027/spec-5027-56218-0798.fits
5027/spec-5027-56218-0799.fits
5027/spec-5027-56218-0800.fits
5027/spec-5027-56218-0801.fits
5027/spec-5027-56218-0802.fits
5027/spec-5027-56218-0803.fits
5027/spec-5027-56218-0804.fits
5027/spec-5027-56218-0805.fits
5027/spec-5027-56218-0806.fits
5027/spec-5027-56218-0807.fits
5027/spec-5027-56218-0808.fits
5027/spec-5027-56218-0809.fits
5027/spec-5027-56218-0810.fits
5027/spec-5027-56218-0811.fits
5027/spec-5027-56218-0812.fits
5027/spec-5027-56218-0813.fits
5027/spec-5027-56218-0814.fits
5027/spec-5027-56218-0815.fits
5027/spec-5027-56218-0816.fits
5027/spec-5027-56218-0817.fits
5027/spec-5027-56218-0818.fits
5027/spec-5027-56218-0819.fits
5027/spec-5027-56218-0820.fits
5027/spec-5027-56218-0821.fits
5027/spec-5027-56218-0822.fits
5027/spec-5027-56218-0823.fits
5027/spec-5027-56218-0824.fits
5027/spec-5027-56218-0825.fits
5027/spec-5027-56218-0826.fits
5027/spec-5027-56218-0827.fits
5027/spec-5027-56218-0828.fits
5027/spec-5027-56218-0829.fits
5027/spec-5027-56218-0830.fits
5027/spec-5027-56218-0831.fits
5027/spec-5027-56218-0832.fits
5027/spec-5027-56218-0833.fits
5027/spec-5027-56218-0834.fits
5027/spec-5027-56218-0835.fits
5027/spec-5027-56218-0836.fits
5027/spec-5027-56218-0837.fits
5027/spec-5027-56218-0838.fits
5027/spec-5027-56218-0839.fits
5027/spec-5027-56218-0840.fits
5027/spec-5027-56218-0841.fits
5027/spec-5027-56218-0842.fits
5027/spec-5027-56218-0843.fits
5027/spec-5027-56218-0844.fits
5027/spec-5027-56218-0845.fits
5027/spec-5027-56218-0846.fits
5027/spec-5027-56218-0847.fits
5027/spec-5027-56218-0848.fits
5027/spec-5027-56218-0849.fits
5027/spec-5027-56218-0850.fits
5027/spec-5027-56218-0851.fits
5027/spec-5027-56218-0852.fits
5027/spec-5027-56218-0853.fits
5027/spec-5027-56218-0854.fits
5027/spec-5027-56218-0855.fits
5027/spec-5027-56218-0856.fits
5027/spec-5027-56218-0857.fits
5027/spec-5027-56218-0858.fits
5027/spec-5027-56218-0859.fits
5027/spec-5027-56218-0860.fits
5027/spec-5027-56218-0861.fits
5027/spec-5027-56218-0862.fits
5027/spec-5027-56218-0863.fits
5027/spec-5027-56218-0864.fits
5027/spec-5027-56218-0865.fits
5027/spec-5027-56218-0866.fits
5027/spec-5027-56218-0867.fits
5027/spec-5027-56218-0868.fits
5027/spec-5027-56218-0869.fits
5027/spec-5027-56218-0870.fits
5027/spec-5027-56218-0871.fits
5027/spec-5027-56218-0872.fits
5027/spec-5027-56218-0873.fits
5027/spec-5027-56218-0874.fits
5027/spec-5027-56218-0875.fits
5027/spec-5027-56218-0876.fits
5027/spec-5027-56218-0877.fits
5027/spec-5027-56218-0878.fits
5027/spec-5027-56218-0879.fits
5027/spec-5027-56218-0880.fits
5027/spec-5027-56218-0881.fits
5027/spec-5027-56218-0882.fits
5027/spec-5027-56218-0883.fits
5027/spec-5027-56218-0884.fits
5027/spec-5027-56218-0885.fits
5027/spec-5027-56218-0886.fits
5027/spec-5027-56218-0887.fits
5027/spec-5027-56218-0888.fits
5027/spec-5027-56218-0889.fits
5027/spec-5027-56218-0890.fits
5027/spec-5027-56218-0891.fits
5027/spec-5027-56218-0892.fits
5027/spec-5027-56218-0893.fits
5027/spec-5027-56218-0894.fits
5027/spec-5027-56218-0895.fits
5027/spec-5027-56218-0896.fits
5027/spec-5027-56218-0897.fits
5027/spec-5027-56218-0898.fits
5027/spec-5027-56218-0899.fits
5027/spec-5027-56218-0900.fits
5027/spec-5027-56218-0901.fits
5027/spec-5027-56218-0902.fits
5027/spec-5027-56218-0903.fits
5027/spec-5027-56218-0904.fits
5027/spec-5027-56218-0905.fits
5027/spec-5027-56218-0906.fits
5027/spec-5027-56218-0907.fits
5027/spec-5027-56218-0908.fits
5027/spec-5027-56218-0909.fits
5027/spec-5027-56218-0910.fits
5027/spec-5027-56218-0911.fits
5027/spec-5027-56218-0912.fits
5027/spec-5027-56218-0913.fits
5027/spec-5027-56218-0914.fits
5027/spec-5027-56218-0915.fits
5027/spec-5027-56218-0916.fits
5027/spec-5027-56218-0917.fits
5027/spec-5027-56218-0918.fits
5027/spec-5027-56218-0919.fits
5027/spec-5027-56218-0920.fits
5027/spec-5027-56218-0921.fits
5027/spec-5027-56218-0922.fits
5027/spec-5027-56218-0923.fits
5027/spec-5027-56218-0924.fits
5027/spec-5027-56218-0925.fits
5027/spec-5027-56218-0926.fits
5027/spec-5027-56218-0927.fits
5027/spec-5027-56218-0928.fits
5027/spec-5027-56218-0929.fits
5027/spec-5027-56218-0930.fits
5027/spec-5027-56218-0931.fits
5027/spec-5027-56218-0932.fits
5027/spec-5027-56218-0933.fits
5027/spec-5027-56218-0934.fits
5027/spec-5027-56218-0935.fits
5027/spec-5027-56218-0936.fits
5027/spec-5027-56218-0937.fits
5027/spec-5027-56218-0938.fits
5027/spec-5027-56218-0939.fits
5027/spec-5027-56218-0940.fits
5027/spec-5027-56218-0941.fits
5027/spec-5027-56218-0942.fits
5027/spec-5027-56218-0943.fits
5027/spec-5027-56218-0944.fits
5027/spec-5027-56218-0945.fits
5027/spec-5027-56218-0946.fits
5027/spec-5027-56218-0947.fits
5027/spec-5027-56218-0948.fits
5027/spec-5027-56218-0949.fits
5027/spec-5027-56218-0950.fits
5027/spec-5027-56218-0951.fits
5027/spec-5027-56218-0952.fits
5027/spec-5027-56218-0953.fits
5027/spec-5027-56218-0954.fits
5027/spec-5027-56218-0955.fits
5027/spec-5027-56218-0956.fits
5027/spec-5027-56218-0957.fits
5027/spec-5027-56218-0958.fits
5027/spec-5027-56218-0959.fits
5027/spec-5027-56218-0960.fits
5027/spec-5027-56218-0961.fits
5027/spec-5027-56218-0962.fits
5027/spec-5027-56218-0963.fits
5027/spec-5027-56218-0964.fits
5027/spec-5027-56218-0965.fits
5027/spec-5027-56218-0966.fits
5027/spec-5027-56218-0967.fits
5027/spec-5027-56218-0968.fits
5027/spec-5027-56218-0969.fits
5027/spec-5027-56218-0970.fits
5027/spec-5027-56218-0971.fits
5027/spec-5027-56218-0972.fits
5027/spec-5027-56218-0973.fits
5027/spec-5027-56218-0974.fits
5027/spec-5027-56218-0975.fits
5027/spec-5027-56218-0976.fits
5027/spec-5027-56218-0977.fits
5027/spec-5027-56218-0978.fits
5027/spec-5027-56218-0979.fits
5027/spec-5027-56218-0980.fits
5027/spec-5027-56218-0981.fits
5027/spec-5027-56218-0982.fits
5027/spec-5027-56218-0983.fits
5027/spec-5027-56218-0984.fits
5027/spec-5027-56218-0985.fits
5027/spec-5027-56218-0986.fits
5027/spec-5027-56218-0987.fits
5027/spec-5027-56218-0988.fits
5027/spec-5027-56218-0989.fits
5027/spec-5027-56218-0990.fits
5027/spec-5027-56218-0991.fits
5027/spec-5027-56218-0992.fits
5027/spec-5027-56218-0993.fits
5027/spec-5027-56218-0994.fits
5027/spec-5027-56218-0995.fits
5027/spec-5027-56218-0996.fits
5027/spec-5027-56218-0997.fits
5027/spec-5027-56218-0998.fits
5027/spec-5027-56218-0999.fits
5027/spec-5027-56218-1000.fits
/var/lib/condor/execute/slot1/dir_20369
5027 5027.tgz R R361.tar.gz _condor_stderr _condor_stdout cB58_Lyman_break.fit condor_exec.exe hw4.R packages packages.tar.gz tmp var
[1] "Loaded package astro."
[1] 1000
5027 5027.csv 5027.tgz R R361.tar.gz _condor_stderr _condor_stdout cB58_Lyman_break.fit condor_exec.exe hw4.R packages packages.tar.gz tmp var
