5042
5042/
5042/spec-5042-55856-0001.fits
5042/spec-5042-55856-0002.fits
5042/spec-5042-55856-0003.fits
5042/spec-5042-55856-0004.fits
5042/spec-5042-55856-0005.fits
5042/spec-5042-55856-0006.fits
5042/spec-5042-55856-0007.fits
5042/spec-5042-55856-0008.fits
5042/spec-5042-55856-0009.fits
5042/spec-5042-55856-0010.fits
5042/spec-5042-55856-0011.fits
5042/spec-5042-55856-0012.fits
5042/spec-5042-55856-0013.fits
5042/spec-5042-55856-0014.fits
5042/spec-5042-55856-0015.fits
5042/spec-5042-55856-0016.fits
5042/spec-5042-55856-0017.fits
5042/spec-5042-55856-0018.fits
5042/spec-5042-55856-0019.fits
5042/spec-5042-55856-0020.fits
5042/spec-5042-55856-0021.fits
5042/spec-5042-55856-0022.fits
5042/spec-5042-55856-0023.fits
5042/spec-5042-55856-0024.fits
5042/spec-5042-55856-0025.fits
5042/spec-5042-55856-0026.fits
5042/spec-5042-55856-0027.fits
5042/spec-5042-55856-0028.fits
5042/spec-5042-55856-0029.fits
5042/spec-5042-55856-0030.fits
5042/spec-5042-55856-0031.fits
5042/spec-5042-55856-0032.fits
5042/spec-5042-55856-0033.fits
5042/spec-5042-55856-0034.fits
5042/spec-5042-55856-0035.fits
5042/spec-5042-55856-0036.fits
5042/spec-5042-55856-0037.fits
5042/spec-5042-55856-0038.fits
5042/spec-5042-55856-0039.fits
5042/spec-5042-55856-0040.fits
5042/spec-5042-55856-0041.fits
5042/spec-5042-55856-0042.fits
5042/spec-5042-55856-0043.fits
5042/spec-5042-55856-0044.fits
5042/spec-5042-55856-0045.fits
5042/spec-5042-55856-0046.fits
5042/spec-5042-55856-0047.fits
5042/spec-5042-55856-0048.fits
5042/spec-5042-55856-0049.fits
5042/spec-5042-55856-0050.fits
5042/spec-5042-55856-0051.fits
5042/spec-5042-55856-0052.fits
5042/spec-5042-55856-0053.fits
5042/spec-5042-55856-0054.fits
5042/spec-5042-55856-0055.fits
5042/spec-5042-55856-0056.fits
5042/spec-5042-55856-0057.fits
5042/spec-5042-55856-0058.fits
5042/spec-5042-55856-0059.fits
5042/spec-5042-55856-0060.fits
5042/spec-5042-55856-0061.fits
5042/spec-5042-55856-0062.fits
5042/spec-5042-55856-0063.fits
5042/spec-5042-55856-0064.fits
5042/spec-5042-55856-0065.fits
5042/spec-5042-55856-0066.fits
5042/spec-5042-55856-0067.fits
5042/spec-5042-55856-0068.fits
5042/spec-5042-55856-0069.fits
5042/spec-5042-55856-0070.fits
5042/spec-5042-55856-0071.fits
5042/spec-5042-55856-0072.fits
5042/spec-5042-55856-0073.fits
5042/spec-5042-55856-0074.fits
5042/spec-5042-55856-0075.fits
5042/spec-5042-55856-0076.fits
5042/spec-5042-55856-0077.fits
5042/spec-5042-55856-0078.fits
5042/spec-5042-55856-0079.fits
5042/spec-5042-55856-0080.fits
5042/spec-5042-55856-0081.fits
5042/spec-5042-55856-0082.fits
5042/spec-5042-55856-0083.fits
5042/spec-5042-55856-0084.fits
5042/spec-5042-55856-0085.fits
5042/spec-5042-55856-0086.fits
5042/spec-5042-55856-0087.fits
5042/spec-5042-55856-0088.fits
5042/spec-5042-55856-0089.fits
5042/spec-5042-55856-0090.fits
5042/spec-5042-55856-0091.fits
5042/spec-5042-55856-0092.fits
5042/spec-5042-55856-0093.fits
5042/spec-5042-55856-0094.fits
5042/spec-5042-55856-0095.fits
5042/spec-5042-55856-0096.fits
5042/spec-5042-55856-0097.fits
5042/spec-5042-55856-0098.fits
5042/spec-5042-55856-0099.fits
5042/spec-5042-55856-0100.fits
5042/spec-5042-55856-0101.fits
5042/spec-5042-55856-0102.fits
5042/spec-5042-55856-0103.fits
5042/spec-5042-55856-0104.fits
5042/spec-5042-55856-0105.fits
5042/spec-5042-55856-0106.fits
5042/spec-5042-55856-0107.fits
5042/spec-5042-55856-0108.fits
5042/spec-5042-55856-0109.fits
5042/spec-5042-55856-0110.fits
5042/spec-5042-55856-0111.fits
5042/spec-5042-55856-0112.fits
5042/spec-5042-55856-0113.fits
5042/spec-5042-55856-0114.fits
5042/spec-5042-55856-0115.fits
5042/spec-5042-55856-0116.fits
5042/spec-5042-55856-0117.fits
5042/spec-5042-55856-0118.fits
5042/spec-5042-55856-0119.fits
5042/spec-5042-55856-0120.fits
5042/spec-5042-55856-0121.fits
5042/spec-5042-55856-0122.fits
5042/spec-5042-55856-0123.fits
5042/spec-5042-55856-0124.fits
5042/spec-5042-55856-0125.fits
5042/spec-5042-55856-0126.fits
5042/spec-5042-55856-0127.fits
5042/spec-5042-55856-0128.fits
5042/spec-5042-55856-0129.fits
5042/spec-5042-55856-0130.fits
5042/spec-5042-55856-0131.fits
5042/spec-5042-55856-0132.fits
5042/spec-5042-55856-0133.fits
5042/spec-5042-55856-0134.fits
5042/spec-5042-55856-0135.fits
5042/spec-5042-55856-0136.fits
5042/spec-5042-55856-0137.fits
5042/spec-5042-55856-0138.fits
5042/spec-5042-55856-0139.fits
5042/spec-5042-55856-0140.fits
5042/spec-5042-55856-0141.fits
5042/spec-5042-55856-0142.fits
5042/spec-5042-55856-0143.fits
5042/spec-5042-55856-0144.fits
5042/spec-5042-55856-0145.fits
5042/spec-5042-55856-0146.fits
5042/spec-5042-55856-0147.fits
5042/spec-5042-55856-0148.fits
5042/spec-5042-55856-0149.fits
5042/spec-5042-55856-0150.fits
5042/spec-5042-55856-0151.fits
5042/spec-5042-55856-0152.fits
5042/spec-5042-55856-0153.fits
5042/spec-5042-55856-0154.fits
5042/spec-5042-55856-0155.fits
5042/spec-5042-55856-0156.fits
5042/spec-5042-55856-0157.fits
5042/spec-5042-55856-0158.fits
5042/spec-5042-55856-0159.fits
5042/spec-5042-55856-0160.fits
5042/spec-5042-55856-0161.fits
5042/spec-5042-55856-0162.fits
5042/spec-5042-55856-0163.fits
5042/spec-5042-55856-0164.fits
5042/spec-5042-55856-0165.fits
5042/spec-5042-55856-0166.fits
5042/spec-5042-55856-0167.fits
5042/spec-5042-55856-0168.fits
5042/spec-5042-55856-0169.fits
5042/spec-5042-55856-0170.fits
5042/spec-5042-55856-0171.fits
5042/spec-5042-55856-0172.fits
5042/spec-5042-55856-0173.fits
5042/spec-5042-55856-0174.fits
5042/spec-5042-55856-0175.fits
5042/spec-5042-55856-0176.fits
5042/spec-5042-55856-0177.fits
5042/spec-5042-55856-0178.fits
5042/spec-5042-55856-0179.fits
5042/spec-5042-55856-0180.fits
5042/spec-5042-55856-0181.fits
5042/spec-5042-55856-0182.fits
5042/spec-5042-55856-0183.fits
5042/spec-5042-55856-0184.fits
5042/spec-5042-55856-0185.fits
5042/spec-5042-55856-0186.fits
5042/spec-5042-55856-0187.fits
5042/spec-5042-55856-0188.fits
5042/spec-5042-55856-0189.fits
5042/spec-5042-55856-0190.fits
5042/spec-5042-55856-0191.fits
5042/spec-5042-55856-0192.fits
5042/spec-5042-55856-0193.fits
5042/spec-5042-55856-0194.fits
5042/spec-5042-55856-0195.fits
5042/spec-5042-55856-0196.fits
5042/spec-5042-55856-0197.fits
5042/spec-5042-55856-0198.fits
5042/spec-5042-55856-0199.fits
5042/spec-5042-55856-0200.fits
5042/spec-5042-55856-0201.fits
5042/spec-5042-55856-0202.fits
5042/spec-5042-55856-0203.fits
5042/spec-5042-55856-0204.fits
5042/spec-5042-55856-0205.fits
5042/spec-5042-55856-0206.fits
5042/spec-5042-55856-0207.fits
5042/spec-5042-55856-0208.fits
5042/spec-5042-55856-0209.fits
5042/spec-5042-55856-0210.fits
5042/spec-5042-55856-0211.fits
5042/spec-5042-55856-0212.fits
5042/spec-5042-55856-0213.fits
5042/spec-5042-55856-0214.fits
5042/spec-5042-55856-0215.fits
5042/spec-5042-55856-0216.fits
5042/spec-5042-55856-0217.fits
5042/spec-5042-55856-0218.fits
5042/spec-5042-55856-0219.fits
5042/spec-5042-55856-0220.fits
5042/spec-5042-55856-0221.fits
5042/spec-5042-55856-0222.fits
5042/spec-5042-55856-0223.fits
5042/spec-5042-55856-0224.fits
5042/spec-5042-55856-0225.fits
5042/spec-5042-55856-0226.fits
5042/spec-5042-55856-0227.fits
5042/spec-5042-55856-0228.fits
5042/spec-5042-55856-0229.fits
5042/spec-5042-55856-0230.fits
5042/spec-5042-55856-0231.fits
5042/spec-5042-55856-0232.fits
5042/spec-5042-55856-0233.fits
5042/spec-5042-55856-0234.fits
5042/spec-5042-55856-0235.fits
5042/spec-5042-55856-0236.fits
5042/spec-5042-55856-0237.fits
5042/spec-5042-55856-0238.fits
5042/spec-5042-55856-0239.fits
5042/spec-5042-55856-0240.fits
5042/spec-5042-55856-0241.fits
5042/spec-5042-55856-0242.fits
5042/spec-5042-55856-0243.fits
5042/spec-5042-55856-0244.fits
5042/spec-5042-55856-0245.fits
5042/spec-5042-55856-0246.fits
5042/spec-5042-55856-0247.fits
5042/spec-5042-55856-0248.fits
5042/spec-5042-55856-0249.fits
5042/spec-5042-55856-0250.fits
5042/spec-5042-55856-0251.fits
5042/spec-5042-55856-0252.fits
5042/spec-5042-55856-0253.fits
5042/spec-5042-55856-0254.fits
5042/spec-5042-55856-0255.fits
5042/spec-5042-55856-0256.fits
5042/spec-5042-55856-0257.fits
5042/spec-5042-55856-0258.fits
5042/spec-5042-55856-0259.fits
5042/spec-5042-55856-0260.fits
5042/spec-5042-55856-0261.fits
5042/spec-5042-55856-0262.fits
5042/spec-5042-55856-0263.fits
5042/spec-5042-55856-0264.fits
5042/spec-5042-55856-0265.fits
5042/spec-5042-55856-0266.fits
5042/spec-5042-55856-0267.fits
5042/spec-5042-55856-0268.fits
5042/spec-5042-55856-0269.fits
5042/spec-5042-55856-0270.fits
5042/spec-5042-55856-0271.fits
5042/spec-5042-55856-0272.fits
5042/spec-5042-55856-0273.fits
5042/spec-5042-55856-0274.fits
5042/spec-5042-55856-0275.fits
5042/spec-5042-55856-0276.fits
5042/spec-5042-55856-0277.fits
5042/spec-5042-55856-0278.fits
5042/spec-5042-55856-0279.fits
5042/spec-5042-55856-0280.fits
5042/spec-5042-55856-0281.fits
5042/spec-5042-55856-0282.fits
5042/spec-5042-55856-0283.fits
5042/spec-5042-55856-0284.fits
5042/spec-5042-55856-0285.fits
5042/spec-5042-55856-0286.fits
5042/spec-5042-55856-0287.fits
5042/spec-5042-55856-0288.fits
5042/spec-5042-55856-0289.fits
5042/spec-5042-55856-0290.fits
5042/spec-5042-55856-0291.fits
5042/spec-5042-55856-0292.fits
5042/spec-5042-55856-0293.fits
5042/spec-5042-55856-0294.fits
5042/spec-5042-55856-0295.fits
5042/spec-5042-55856-0296.fits
5042/spec-5042-55856-0297.fits
5042/spec-5042-55856-0298.fits
5042/spec-5042-55856-0299.fits
5042/spec-5042-55856-0300.fits
5042/spec-5042-55856-0301.fits
5042/spec-5042-55856-0302.fits
5042/spec-5042-55856-0303.fits
5042/spec-5042-55856-0304.fits
5042/spec-5042-55856-0305.fits
5042/spec-5042-55856-0306.fits
5042/spec-5042-55856-0307.fits
5042/spec-5042-55856-0308.fits
5042/spec-5042-55856-0309.fits
5042/spec-5042-55856-0310.fits
5042/spec-5042-55856-0311.fits
5042/spec-5042-55856-0312.fits
5042/spec-5042-55856-0313.fits
5042/spec-5042-55856-0314.fits
5042/spec-5042-55856-0315.fits
5042/spec-5042-55856-0316.fits
5042/spec-5042-55856-0317.fits
5042/spec-5042-55856-0318.fits
5042/spec-5042-55856-0319.fits
5042/spec-5042-55856-0320.fits
5042/spec-5042-55856-0321.fits
5042/spec-5042-55856-0322.fits
5042/spec-5042-55856-0323.fits
5042/spec-5042-55856-0324.fits
5042/spec-5042-55856-0325.fits
5042/spec-5042-55856-0326.fits
5042/spec-5042-55856-0327.fits
5042/spec-5042-55856-0328.fits
5042/spec-5042-55856-0329.fits
5042/spec-5042-55856-0330.fits
5042/spec-5042-55856-0331.fits
5042/spec-5042-55856-0332.fits
5042/spec-5042-55856-0333.fits
5042/spec-5042-55856-0334.fits
5042/spec-5042-55856-0335.fits
5042/spec-5042-55856-0336.fits
5042/spec-5042-55856-0337.fits
5042/spec-5042-55856-0338.fits
5042/spec-5042-55856-0339.fits
5042/spec-5042-55856-0340.fits
5042/spec-5042-55856-0341.fits
5042/spec-5042-55856-0342.fits
5042/spec-5042-55856-0343.fits
5042/spec-5042-55856-0344.fits
5042/spec-5042-55856-0345.fits
5042/spec-5042-55856-0346.fits
5042/spec-5042-55856-0347.fits
5042/spec-5042-55856-0348.fits
5042/spec-5042-55856-0349.fits
5042/spec-5042-55856-0350.fits
5042/spec-5042-55856-0351.fits
5042/spec-5042-55856-0352.fits
5042/spec-5042-55856-0353.fits
5042/spec-5042-55856-0354.fits
5042/spec-5042-55856-0355.fits
5042/spec-5042-55856-0356.fits
5042/spec-5042-55856-0357.fits
5042/spec-5042-55856-0358.fits
5042/spec-5042-55856-0359.fits
5042/spec-5042-55856-0360.fits
5042/spec-5042-55856-0361.fits
5042/spec-5042-55856-0362.fits
5042/spec-5042-55856-0363.fits
5042/spec-5042-55856-0364.fits
5042/spec-5042-55856-0365.fits
5042/spec-5042-55856-0366.fits
5042/spec-5042-55856-0367.fits
5042/spec-5042-55856-0368.fits
5042/spec-5042-55856-0369.fits
5042/spec-5042-55856-0370.fits
5042/spec-5042-55856-0371.fits
5042/spec-5042-55856-0372.fits
5042/spec-5042-55856-0373.fits
5042/spec-5042-55856-0374.fits
5042/spec-5042-55856-0375.fits
5042/spec-5042-55856-0376.fits
5042/spec-5042-55856-0377.fits
5042/spec-5042-55856-0378.fits
5042/spec-5042-55856-0379.fits
5042/spec-5042-55856-0380.fits
5042/spec-5042-55856-0381.fits
5042/spec-5042-55856-0382.fits
5042/spec-5042-55856-0383.fits
5042/spec-5042-55856-0384.fits
5042/spec-5042-55856-0385.fits
5042/spec-5042-55856-0386.fits
5042/spec-5042-55856-0387.fits
5042/spec-5042-55856-0388.fits
5042/spec-5042-55856-0389.fits
5042/spec-5042-55856-0390.fits
5042/spec-5042-55856-0391.fits
5042/spec-5042-55856-0392.fits
5042/spec-5042-55856-0393.fits
5042/spec-5042-55856-0394.fits
5042/spec-5042-55856-0395.fits
5042/spec-5042-55856-0396.fits
5042/spec-5042-55856-0397.fits
5042/spec-5042-55856-0398.fits
5042/spec-5042-55856-0399.fits
5042/spec-5042-55856-0400.fits
5042/spec-5042-55856-0401.fits
5042/spec-5042-55856-0402.fits
5042/spec-5042-55856-0403.fits
5042/spec-5042-55856-0404.fits
5042/spec-5042-55856-0405.fits
5042/spec-5042-55856-0406.fits
5042/spec-5042-55856-0407.fits
5042/spec-5042-55856-0408.fits
5042/spec-5042-55856-0409.fits
5042/spec-5042-55856-0410.fits
5042/spec-5042-55856-0411.fits
5042/spec-5042-55856-0412.fits
5042/spec-5042-55856-0413.fits
5042/spec-5042-55856-0414.fits
5042/spec-5042-55856-0415.fits
5042/spec-5042-55856-0416.fits
5042/spec-5042-55856-0417.fits
5042/spec-5042-55856-0418.fits
5042/spec-5042-55856-0419.fits
5042/spec-5042-55856-0420.fits
5042/spec-5042-55856-0421.fits
5042/spec-5042-55856-0422.fits
5042/spec-5042-55856-0423.fits
5042/spec-5042-55856-0424.fits
5042/spec-5042-55856-0425.fits
5042/spec-5042-55856-0426.fits
5042/spec-5042-55856-0427.fits
5042/spec-5042-55856-0428.fits
5042/spec-5042-55856-0429.fits
5042/spec-5042-55856-0430.fits
5042/spec-5042-55856-0431.fits
5042/spec-5042-55856-0432.fits
5042/spec-5042-55856-0433.fits
5042/spec-5042-55856-0434.fits
5042/spec-5042-55856-0435.fits
5042/spec-5042-55856-0436.fits
5042/spec-5042-55856-0437.fits
5042/spec-5042-55856-0438.fits
5042/spec-5042-55856-0439.fits
5042/spec-5042-55856-0440.fits
5042/spec-5042-55856-0441.fits
5042/spec-5042-55856-0442.fits
5042/spec-5042-55856-0443.fits
5042/spec-5042-55856-0444.fits
5042/spec-5042-55856-0445.fits
5042/spec-5042-55856-0446.fits
5042/spec-5042-55856-0447.fits
5042/spec-5042-55856-0448.fits
5042/spec-5042-55856-0449.fits
5042/spec-5042-55856-0450.fits
5042/spec-5042-55856-0451.fits
5042/spec-5042-55856-0452.fits
5042/spec-5042-55856-0453.fits
5042/spec-5042-55856-0454.fits
5042/spec-5042-55856-0455.fits
5042/spec-5042-55856-0456.fits
5042/spec-5042-55856-0457.fits
5042/spec-5042-55856-0458.fits
5042/spec-5042-55856-0459.fits
5042/spec-5042-55856-0460.fits
5042/spec-5042-55856-0461.fits
5042/spec-5042-55856-0462.fits
5042/spec-5042-55856-0463.fits
5042/spec-5042-55856-0464.fits
5042/spec-5042-55856-0465.fits
5042/spec-5042-55856-0466.fits
5042/spec-5042-55856-0467.fits
5042/spec-5042-55856-0468.fits
5042/spec-5042-55856-0469.fits
5042/spec-5042-55856-0470.fits
5042/spec-5042-55856-0471.fits
5042/spec-5042-55856-0472.fits
5042/spec-5042-55856-0473.fits
5042/spec-5042-55856-0474.fits
5042/spec-5042-55856-0475.fits
5042/spec-5042-55856-0476.fits
5042/spec-5042-55856-0477.fits
5042/spec-5042-55856-0478.fits
5042/spec-5042-55856-0479.fits
5042/spec-5042-55856-0480.fits
5042/spec-5042-55856-0481.fits
5042/spec-5042-55856-0482.fits
5042/spec-5042-55856-0483.fits
5042/spec-5042-55856-0484.fits
5042/spec-5042-55856-0485.fits
5042/spec-5042-55856-0486.fits
5042/spec-5042-55856-0487.fits
5042/spec-5042-55856-0488.fits
5042/spec-5042-55856-0489.fits
5042/spec-5042-55856-0490.fits
5042/spec-5042-55856-0491.fits
5042/spec-5042-55856-0492.fits
5042/spec-5042-55856-0493.fits
5042/spec-5042-55856-0494.fits
5042/spec-5042-55856-0495.fits
5042/spec-5042-55856-0496.fits
5042/spec-5042-55856-0497.fits
5042/spec-5042-55856-0498.fits
5042/spec-5042-55856-0499.fits
5042/spec-5042-55856-0500.fits
5042/spec-5042-55856-0501.fits
5042/spec-5042-55856-0502.fits
5042/spec-5042-55856-0503.fits
5042/spec-5042-55856-0504.fits
5042/spec-5042-55856-0505.fits
5042/spec-5042-55856-0506.fits
5042/spec-5042-55856-0507.fits
5042/spec-5042-55856-0508.fits
5042/spec-5042-55856-0509.fits
5042/spec-5042-55856-0510.fits
5042/spec-5042-55856-0511.fits
5042/spec-5042-55856-0512.fits
5042/spec-5042-55856-0513.fits
5042/spec-5042-55856-0514.fits
5042/spec-5042-55856-0515.fits
5042/spec-5042-55856-0516.fits
5042/spec-5042-55856-0517.fits
5042/spec-5042-55856-0518.fits
5042/spec-5042-55856-0519.fits
5042/spec-5042-55856-0520.fits
5042/spec-5042-55856-0521.fits
5042/spec-5042-55856-0522.fits
5042/spec-5042-55856-0523.fits
5042/spec-5042-55856-0524.fits
5042/spec-5042-55856-0525.fits
5042/spec-5042-55856-0526.fits
5042/spec-5042-55856-0527.fits
5042/spec-5042-55856-0528.fits
5042/spec-5042-55856-0529.fits
5042/spec-5042-55856-0530.fits
5042/spec-5042-55856-0531.fits
5042/spec-5042-55856-0532.fits
5042/spec-5042-55856-0533.fits
5042/spec-5042-55856-0534.fits
5042/spec-5042-55856-0535.fits
5042/spec-5042-55856-0536.fits
5042/spec-5042-55856-0537.fits
5042/spec-5042-55856-0538.fits
5042/spec-5042-55856-0539.fits
5042/spec-5042-55856-0540.fits
5042/spec-5042-55856-0541.fits
5042/spec-5042-55856-0542.fits
5042/spec-5042-55856-0543.fits
5042/spec-5042-55856-0544.fits
5042/spec-5042-55856-0545.fits
5042/spec-5042-55856-0546.fits
5042/spec-5042-55856-0547.fits
5042/spec-5042-55856-0548.fits
5042/spec-5042-55856-0549.fits
5042/spec-5042-55856-0550.fits
5042/spec-5042-55856-0551.fits
5042/spec-5042-55856-0552.fits
5042/spec-5042-55856-0553.fits
5042/spec-5042-55856-0554.fits
5042/spec-5042-55856-0555.fits
5042/spec-5042-55856-0556.fits
5042/spec-5042-55856-0557.fits
5042/spec-5042-55856-0558.fits
5042/spec-5042-55856-0559.fits
5042/spec-5042-55856-0560.fits
5042/spec-5042-55856-0561.fits
5042/spec-5042-55856-0562.fits
5042/spec-5042-55856-0563.fits
5042/spec-5042-55856-0564.fits
5042/spec-5042-55856-0565.fits
5042/spec-5042-55856-0566.fits
5042/spec-5042-55856-0567.fits
5042/spec-5042-55856-0568.fits
5042/spec-5042-55856-0569.fits
5042/spec-5042-55856-0570.fits
5042/spec-5042-55856-0571.fits
5042/spec-5042-55856-0572.fits
5042/spec-5042-55856-0573.fits
5042/spec-5042-55856-0574.fits
5042/spec-5042-55856-0575.fits
5042/spec-5042-55856-0576.fits
5042/spec-5042-55856-0577.fits
5042/spec-5042-55856-0578.fits
5042/spec-5042-55856-0579.fits
5042/spec-5042-55856-0580.fits
5042/spec-5042-55856-0581.fits
5042/spec-5042-55856-0582.fits
5042/spec-5042-55856-0583.fits
5042/spec-5042-55856-0584.fits
5042/spec-5042-55856-0585.fits
5042/spec-5042-55856-0586.fits
5042/spec-5042-55856-0587.fits
5042/spec-5042-55856-0588.fits
5042/spec-5042-55856-0589.fits
5042/spec-5042-55856-0590.fits
5042/spec-5042-55856-0591.fits
5042/spec-5042-55856-0592.fits
5042/spec-5042-55856-0593.fits
5042/spec-5042-55856-0594.fits
5042/spec-5042-55856-0595.fits
5042/spec-5042-55856-0596.fits
5042/spec-5042-55856-0597.fits
5042/spec-5042-55856-0598.fits
5042/spec-5042-55856-0599.fits
5042/spec-5042-55856-0600.fits
5042/spec-5042-55856-0601.fits
5042/spec-5042-55856-0602.fits
5042/spec-5042-55856-0603.fits
5042/spec-5042-55856-0604.fits
5042/spec-5042-55856-0605.fits
5042/spec-5042-55856-0606.fits
5042/spec-5042-55856-0607.fits
5042/spec-5042-55856-0608.fits
5042/spec-5042-55856-0609.fits
5042/spec-5042-55856-0610.fits
5042/spec-5042-55856-0611.fits
5042/spec-5042-55856-0612.fits
5042/spec-5042-55856-0613.fits
5042/spec-5042-55856-0614.fits
5042/spec-5042-55856-0615.fits
5042/spec-5042-55856-0616.fits
5042/spec-5042-55856-0617.fits
5042/spec-5042-55856-0618.fits
5042/spec-5042-55856-0619.fits
5042/spec-5042-55856-0620.fits
5042/spec-5042-55856-0621.fits
5042/spec-5042-55856-0622.fits
5042/spec-5042-55856-0623.fits
5042/spec-5042-55856-0624.fits
5042/spec-5042-55856-0625.fits
5042/spec-5042-55856-0626.fits
5042/spec-5042-55856-0627.fits
5042/spec-5042-55856-0628.fits
5042/spec-5042-55856-0629.fits
5042/spec-5042-55856-0630.fits
5042/spec-5042-55856-0631.fits
5042/spec-5042-55856-0632.fits
5042/spec-5042-55856-0633.fits
5042/spec-5042-55856-0634.fits
5042/spec-5042-55856-0635.fits
5042/spec-5042-55856-0636.fits
5042/spec-5042-55856-0637.fits
5042/spec-5042-55856-0638.fits
5042/spec-5042-55856-0639.fits
5042/spec-5042-55856-0640.fits
5042/spec-5042-55856-0641.fits
5042/spec-5042-55856-0642.fits
5042/spec-5042-55856-0643.fits
5042/spec-5042-55856-0644.fits
5042/spec-5042-55856-0645.fits
5042/spec-5042-55856-0646.fits
5042/spec-5042-55856-0647.fits
5042/spec-5042-55856-0648.fits
5042/spec-5042-55856-0649.fits
5042/spec-5042-55856-0650.fits
5042/spec-5042-55856-0651.fits
5042/spec-5042-55856-0652.fits
5042/spec-5042-55856-0653.fits
5042/spec-5042-55856-0654.fits
5042/spec-5042-55856-0655.fits
5042/spec-5042-55856-0656.fits
5042/spec-5042-55856-0657.fits
5042/spec-5042-55856-0658.fits
5042/spec-5042-55856-0659.fits
5042/spec-5042-55856-0660.fits
5042/spec-5042-55856-0661.fits
5042/spec-5042-55856-0662.fits
5042/spec-5042-55856-0663.fits
5042/spec-5042-55856-0664.fits
5042/spec-5042-55856-0665.fits
5042/spec-5042-55856-0666.fits
5042/spec-5042-55856-0667.fits
5042/spec-5042-55856-0668.fits
5042/spec-5042-55856-0669.fits
5042/spec-5042-55856-0670.fits
5042/spec-5042-55856-0671.fits
5042/spec-5042-55856-0672.fits
5042/spec-5042-55856-0673.fits
5042/spec-5042-55856-0674.fits
5042/spec-5042-55856-0675.fits
5042/spec-5042-55856-0676.fits
5042/spec-5042-55856-0677.fits
5042/spec-5042-55856-0678.fits
5042/spec-5042-55856-0679.fits
5042/spec-5042-55856-0680.fits
5042/spec-5042-55856-0681.fits
5042/spec-5042-55856-0682.fits
5042/spec-5042-55856-0683.fits
5042/spec-5042-55856-0684.fits
5042/spec-5042-55856-0685.fits
5042/spec-5042-55856-0686.fits
5042/spec-5042-55856-0687.fits
5042/spec-5042-55856-0688.fits
5042/spec-5042-55856-0689.fits
5042/spec-5042-55856-0690.fits
5042/spec-5042-55856-0691.fits
5042/spec-5042-55856-0692.fits
5042/spec-5042-55856-0693.fits
5042/spec-5042-55856-0694.fits
5042/spec-5042-55856-0695.fits
5042/spec-5042-55856-0696.fits
5042/spec-5042-55856-0697.fits
5042/spec-5042-55856-0698.fits
5042/spec-5042-55856-0699.fits
5042/spec-5042-55856-0700.fits
5042/spec-5042-55856-0701.fits
5042/spec-5042-55856-0702.fits
5042/spec-5042-55856-0703.fits
5042/spec-5042-55856-0704.fits
5042/spec-5042-55856-0705.fits
5042/spec-5042-55856-0706.fits
5042/spec-5042-55856-0707.fits
5042/spec-5042-55856-0708.fits
5042/spec-5042-55856-0709.fits
5042/spec-5042-55856-0710.fits
5042/spec-5042-55856-0711.fits
5042/spec-5042-55856-0712.fits
5042/spec-5042-55856-0713.fits
5042/spec-5042-55856-0714.fits
5042/spec-5042-55856-0715.fits
5042/spec-5042-55856-0716.fits
5042/spec-5042-55856-0717.fits
5042/spec-5042-55856-0718.fits
5042/spec-5042-55856-0719.fits
5042/spec-5042-55856-0720.fits
5042/spec-5042-55856-0721.fits
5042/spec-5042-55856-0722.fits
5042/spec-5042-55856-0723.fits
5042/spec-5042-55856-0724.fits
5042/spec-5042-55856-0725.fits
5042/spec-5042-55856-0726.fits
5042/spec-5042-55856-0727.fits
5042/spec-5042-55856-0728.fits
5042/spec-5042-55856-0729.fits
5042/spec-5042-55856-0730.fits
5042/spec-5042-55856-0731.fits
5042/spec-5042-55856-0732.fits
5042/spec-5042-55856-0733.fits
5042/spec-5042-55856-0734.fits
5042/spec-5042-55856-0735.fits
5042/spec-5042-55856-0736.fits
5042/spec-5042-55856-0737.fits
5042/spec-5042-55856-0738.fits
5042/spec-5042-55856-0739.fits
5042/spec-5042-55856-0740.fits
5042/spec-5042-55856-0741.fits
5042/spec-5042-55856-0742.fits
5042/spec-5042-55856-0743.fits
5042/spec-5042-55856-0744.fits
5042/spec-5042-55856-0745.fits
5042/spec-5042-55856-0746.fits
5042/spec-5042-55856-0747.fits
5042/spec-5042-55856-0748.fits
5042/spec-5042-55856-0749.fits
5042/spec-5042-55856-0750.fits
5042/spec-5042-55856-0751.fits
5042/spec-5042-55856-0752.fits
5042/spec-5042-55856-0753.fits
5042/spec-5042-55856-0754.fits
5042/spec-5042-55856-0755.fits
5042/spec-5042-55856-0756.fits
5042/spec-5042-55856-0757.fits
5042/spec-5042-55856-0758.fits
5042/spec-5042-55856-0759.fits
5042/spec-5042-55856-0760.fits
5042/spec-5042-55856-0761.fits
5042/spec-5042-55856-0762.fits
5042/spec-5042-55856-0763.fits
5042/spec-5042-55856-0764.fits
5042/spec-5042-55856-0765.fits
5042/spec-5042-55856-0766.fits
5042/spec-5042-55856-0767.fits
5042/spec-5042-55856-0768.fits
5042/spec-5042-55856-0769.fits
5042/spec-5042-55856-0770.fits
5042/spec-5042-55856-0771.fits
5042/spec-5042-55856-0772.fits
5042/spec-5042-55856-0773.fits
5042/spec-5042-55856-0774.fits
5042/spec-5042-55856-0775.fits
5042/spec-5042-55856-0776.fits
5042/spec-5042-55856-0777.fits
5042/spec-5042-55856-0778.fits
5042/spec-5042-55856-0779.fits
5042/spec-5042-55856-0780.fits
5042/spec-5042-55856-0781.fits
5042/spec-5042-55856-0782.fits
5042/spec-5042-55856-0783.fits
5042/spec-5042-55856-0784.fits
5042/spec-5042-55856-0785.fits
5042/spec-5042-55856-0786.fits
5042/spec-5042-55856-0787.fits
5042/spec-5042-55856-0788.fits
5042/spec-5042-55856-0789.fits
5042/spec-5042-55856-0790.fits
5042/spec-5042-55856-0791.fits
5042/spec-5042-55856-0792.fits
5042/spec-5042-55856-0793.fits
5042/spec-5042-55856-0794.fits
5042/spec-5042-55856-0795.fits
5042/spec-5042-55856-0796.fits
5042/spec-5042-55856-0797.fits
5042/spec-5042-55856-0798.fits
5042/spec-5042-55856-0799.fits
5042/spec-5042-55856-0800.fits
5042/spec-5042-55856-0801.fits
5042/spec-5042-55856-0802.fits
5042/spec-5042-55856-0803.fits
5042/spec-5042-55856-0804.fits
5042/spec-5042-55856-0805.fits
5042/spec-5042-55856-0806.fits
5042/spec-5042-55856-0807.fits
5042/spec-5042-55856-0808.fits
5042/spec-5042-55856-0809.fits
5042/spec-5042-55856-0810.fits
5042/spec-5042-55856-0811.fits
5042/spec-5042-55856-0812.fits
5042/spec-5042-55856-0813.fits
5042/spec-5042-55856-0814.fits
5042/spec-5042-55856-0815.fits
5042/spec-5042-55856-0816.fits
5042/spec-5042-55856-0817.fits
5042/spec-5042-55856-0818.fits
5042/spec-5042-55856-0819.fits
5042/spec-5042-55856-0820.fits
5042/spec-5042-55856-0821.fits
5042/spec-5042-55856-0822.fits
5042/spec-5042-55856-0823.fits
5042/spec-5042-55856-0824.fits
5042/spec-5042-55856-0825.fits
5042/spec-5042-55856-0826.fits
5042/spec-5042-55856-0827.fits
5042/spec-5042-55856-0828.fits
5042/spec-5042-55856-0829.fits
5042/spec-5042-55856-0830.fits
5042/spec-5042-55856-0831.fits
5042/spec-5042-55856-0832.fits
5042/spec-5042-55856-0833.fits
5042/spec-5042-55856-0834.fits
5042/spec-5042-55856-0835.fits
5042/spec-5042-55856-0836.fits
5042/spec-5042-55856-0837.fits
5042/spec-5042-55856-0838.fits
5042/spec-5042-55856-0839.fits
5042/spec-5042-55856-0840.fits
5042/spec-5042-55856-0841.fits
5042/spec-5042-55856-0842.fits
5042/spec-5042-55856-0843.fits
5042/spec-5042-55856-0844.fits
5042/spec-5042-55856-0845.fits
5042/spec-5042-55856-0846.fits
5042/spec-5042-55856-0847.fits
5042/spec-5042-55856-0848.fits
5042/spec-5042-55856-0849.fits
5042/spec-5042-55856-0850.fits
5042/spec-5042-55856-0851.fits
5042/spec-5042-55856-0852.fits
5042/spec-5042-55856-0853.fits
5042/spec-5042-55856-0854.fits
5042/spec-5042-55856-0855.fits
5042/spec-5042-55856-0856.fits
5042/spec-5042-55856-0857.fits
5042/spec-5042-55856-0858.fits
5042/spec-5042-55856-0859.fits
5042/spec-5042-55856-0860.fits
5042/spec-5042-55856-0861.fits
5042/spec-5042-55856-0862.fits
5042/spec-5042-55856-0863.fits
5042/spec-5042-55856-0864.fits
5042/spec-5042-55856-0865.fits
5042/spec-5042-55856-0866.fits
5042/spec-5042-55856-0867.fits
5042/spec-5042-55856-0868.fits
5042/spec-5042-55856-0869.fits
5042/spec-5042-55856-0870.fits
5042/spec-5042-55856-0871.fits
5042/spec-5042-55856-0872.fits
5042/spec-5042-55856-0873.fits
5042/spec-5042-55856-0874.fits
5042/spec-5042-55856-0875.fits
5042/spec-5042-55856-0876.fits
5042/spec-5042-55856-0877.fits
5042/spec-5042-55856-0878.fits
5042/spec-5042-55856-0879.fits
5042/spec-5042-55856-0880.fits
5042/spec-5042-55856-0881.fits
5042/spec-5042-55856-0882.fits
5042/spec-5042-55856-0883.fits
5042/spec-5042-55856-0884.fits
5042/spec-5042-55856-0885.fits
5042/spec-5042-55856-0886.fits
5042/spec-5042-55856-0887.fits
5042/spec-5042-55856-0888.fits
5042/spec-5042-55856-0889.fits
5042/spec-5042-55856-0890.fits
5042/spec-5042-55856-0891.fits
5042/spec-5042-55856-0892.fits
5042/spec-5042-55856-0893.fits
5042/spec-5042-55856-0894.fits
5042/spec-5042-55856-0895.fits
5042/spec-5042-55856-0896.fits
5042/spec-5042-55856-0897.fits
5042/spec-5042-55856-0898.fits
5042/spec-5042-55856-0899.fits
5042/spec-5042-55856-0900.fits
5042/spec-5042-55856-0901.fits
5042/spec-5042-55856-0902.fits
5042/spec-5042-55856-0903.fits
5042/spec-5042-55856-0904.fits
5042/spec-5042-55856-0905.fits
5042/spec-5042-55856-0906.fits
5042/spec-5042-55856-0907.fits
5042/spec-5042-55856-0908.fits
5042/spec-5042-55856-0909.fits
5042/spec-5042-55856-0910.fits
5042/spec-5042-55856-0911.fits
5042/spec-5042-55856-0912.fits
5042/spec-5042-55856-0913.fits
5042/spec-5042-55856-0914.fits
5042/spec-5042-55856-0915.fits
5042/spec-5042-55856-0916.fits
5042/spec-5042-55856-0917.fits
5042/spec-5042-55856-0918.fits
5042/spec-5042-55856-0919.fits
5042/spec-5042-55856-0920.fits
5042/spec-5042-55856-0921.fits
5042/spec-5042-55856-0922.fits
5042/spec-5042-55856-0923.fits
5042/spec-5042-55856-0924.fits
5042/spec-5042-55856-0925.fits
5042/spec-5042-55856-0926.fits
5042/spec-5042-55856-0927.fits
5042/spec-5042-55856-0928.fits
5042/spec-5042-55856-0929.fits
5042/spec-5042-55856-0930.fits
5042/spec-5042-55856-0931.fits
5042/spec-5042-55856-0932.fits
5042/spec-5042-55856-0933.fits
5042/spec-5042-55856-0934.fits
5042/spec-5042-55856-0935.fits
5042/spec-5042-55856-0936.fits
5042/spec-5042-55856-0937.fits
5042/spec-5042-55856-0938.fits
5042/spec-5042-55856-0939.fits
5042/spec-5042-55856-0940.fits
5042/spec-5042-55856-0941.fits
5042/spec-5042-55856-0942.fits
5042/spec-5042-55856-0943.fits
5042/spec-5042-55856-0944.fits
5042/spec-5042-55856-0945.fits
5042/spec-5042-55856-0946.fits
5042/spec-5042-55856-0947.fits
5042/spec-5042-55856-0948.fits
5042/spec-5042-55856-0949.fits
5042/spec-5042-55856-0950.fits
5042/spec-5042-55856-0951.fits
5042/spec-5042-55856-0952.fits
5042/spec-5042-55856-0953.fits
5042/spec-5042-55856-0954.fits
5042/spec-5042-55856-0955.fits
5042/spec-5042-55856-0956.fits
5042/spec-5042-55856-0957.fits
5042/spec-5042-55856-0958.fits
5042/spec-5042-55856-0959.fits
5042/spec-5042-55856-0960.fits
5042/spec-5042-55856-0961.fits
5042/spec-5042-55856-0962.fits
5042/spec-5042-55856-0963.fits
5042/spec-5042-55856-0964.fits
5042/spec-5042-55856-0965.fits
5042/spec-5042-55856-0966.fits
5042/spec-5042-55856-0967.fits
5042/spec-5042-55856-0968.fits
5042/spec-5042-55856-0969.fits
5042/spec-5042-55856-0970.fits
5042/spec-5042-55856-0971.fits
5042/spec-5042-55856-0972.fits
5042/spec-5042-55856-0973.fits
5042/spec-5042-55856-0974.fits
5042/spec-5042-55856-0975.fits
5042/spec-5042-55856-0976.fits
5042/spec-5042-55856-0977.fits
5042/spec-5042-55856-0978.fits
5042/spec-5042-55856-0979.fits
5042/spec-5042-55856-0980.fits
5042/spec-5042-55856-0981.fits
5042/spec-5042-55856-0982.fits
5042/spec-5042-55856-0983.fits
5042/spec-5042-55856-0984.fits
5042/spec-5042-55856-0985.fits
5042/spec-5042-55856-0986.fits
5042/spec-5042-55856-0987.fits
5042/spec-5042-55856-0988.fits
5042/spec-5042-55856-0989.fits
5042/spec-5042-55856-0990.fits
5042/spec-5042-55856-0991.fits
5042/spec-5042-55856-0992.fits
5042/spec-5042-55856-0993.fits
5042/spec-5042-55856-0994.fits
5042/spec-5042-55856-0995.fits
5042/spec-5042-55856-0996.fits
5042/spec-5042-55856-0997.fits
5042/spec-5042-55856-0998.fits
5042/spec-5042-55856-0999.fits
5042/spec-5042-55856-1000.fits
/var/lib/condor/execute/slot1/dir_7331
5042 5042.tgz R R361.tar.gz _condor_stderr _condor_stdout cB58_Lyman_break.fit condor_exec.exe hw4.R packages packages.tar.gz tmp var
[1] "Loaded package astro."
[1] 1000
5042 5042.csv 5042.tgz R R361.tar.gz _condor_stderr _condor_stdout cB58_Lyman_break.fit condor_exec.exe hw4.R packages packages.tar.gz tmp var
