000 (183356.003.000) 2019-10-31 11:37:41 Job submitted from host: <128.104.100.148:9618?addrs=128.104.100.148-9618+[2607-f388-107c-501-216-3eff-feb2-bc11]-9618&alias=learn.chtc.wisc.edu&noUDP&sock=schedd_2092_8437_3>
...
040 (183356.003.000) 2019-10-31 11:39:43 Started transferring input files
	Transferring to host: <128.104.101.127:9618?addrs=128.104.101.127-9618+[2607-f388-107c-501-4603-a7ff-fe29-9f83]-9618&alias=e127.chtc.wisc.edu&noUDP&sock=starter_2721_f0c8_14078>
...
040 (183356.003.000) 2019-10-31 11:39:43 Finished transferring input files
...
001 (183356.003.000) 2019-10-31 11:39:44 Job executing on host: <128.104.101.127:9618?addrs=128.104.101.127-9618+[2607-f388-107c-501-4603-a7ff-fe29-9f83]-9618&alias=e127.chtc.wisc.edu&noUDP&sock=startd_2189_0ce7_3>
...
006 (183356.003.000) 2019-10-31 11:39:44 Image size of job updated: 132
	1  -  MemoryUsage of job (MB)
	132  -  ResidentSetSize of job (KB)
...
040 (183356.003.000) 2019-10-31 11:39:44 Started transferring output files
...
040 (183356.003.000) 2019-10-31 11:39:44 Finished transferring output files
...
005 (183356.003.000) 2019-10-31 11:39:44 Job terminated.
	(1) Normal termination (return value 1)
		Usr 0 00:00:00, Sys 0 00:00:00  -  Run Remote Usage
		Usr 0 00:00:00, Sys 0 00:00:00  -  Run Local Usage
		Usr 0 00:00:00, Sys 0 00:00:00  -  Total Remote Usage
		Usr 0 00:00:00, Sys 0 00:00:00  -  Total Local Usage
	125  -  Run Bytes Sent By Job
	244  -  Run Bytes Received By Job
	125  -  Total Bytes Sent By Job
	244  -  Total Bytes Received By Job
	Partitionable Resources :    Usage  Request Allocated 
	   Cpus                 :        0        1         1 
	   Disk (KB)            :       24   102400   1701924 
	   IoHeavy              :                           0 
	   Memory (MB)          :        1      500       512 

	Job terminated of its own accord at 2019-10-31T16:39:44Z.
...
