000 (182750.000.000) 2019-10-29 13:56:14 Job submitted from host: <128.104.100.148:9618?addrs=128.104.100.148-9618+[2607-f388-107c-501-216-3eff-feb2-bc11]-9618&alias=learn.chtc.wisc.edu&noUDP&sock=schedd_2092_8437_3>
...
000 (182750.001.000) 2019-10-29 13:56:14 Job submitted from host: <128.104.100.148:9618?addrs=128.104.100.148-9618+[2607-f388-107c-501-216-3eff-feb2-bc11]-9618&alias=learn.chtc.wisc.edu&noUDP&sock=schedd_2092_8437_3>
...
000 (182750.002.000) 2019-10-29 13:56:14 Job submitted from host: <128.104.100.148:9618?addrs=128.104.100.148-9618+[2607-f388-107c-501-216-3eff-feb2-bc11]-9618&alias=learn.chtc.wisc.edu&noUDP&sock=schedd_2092_8437_3>
...
000 (182750.003.000) 2019-10-29 13:56:14 Job submitted from host: <128.104.100.148:9618?addrs=128.104.100.148-9618+[2607-f388-107c-501-216-3eff-feb2-bc11]-9618&alias=learn.chtc.wisc.edu&noUDP&sock=schedd_2092_8437_3>
...
040 (182750.000.000) 2019-10-29 13:58:27 Started transferring input files
	Transferring to host: <128.104.58.128:9618?addrs=128.104.58.128-9618+[2607-f388-1086-0-67d-7bff-fe41-9140]-9618&alias=e545.chtc.wisc.edu&noUDP&sock=starter_26497_488f_27374>
...
040 (182750.000.000) 2019-10-29 13:58:27 Finished transferring input files
...
001 (182750.000.000) 2019-10-29 13:58:28 Job executing on host: <128.104.58.128:9618?addrs=128.104.58.128-9618+[2607-f388-1086-0-67d-7bff-fe41-9140]-9618&alias=e545.chtc.wisc.edu&noUDP&sock=startd_4430_30a4_3>
...
006 (182750.000.000) 2019-10-29 13:58:28 Image size of job updated: 1
	0  -  MemoryUsage of job (MB)
	0  -  ResidentSetSize of job (KB)
...
040 (182750.002.000) 2019-10-29 13:58:28 Started transferring input files
	Transferring to host: <128.105.245.162:9618?addrs=128.105.245.162-9618&alias=e2362.chtc.wisc.edu&noUDP&sock=starter_14059_9655_28015>
...
040 (182750.002.000) 2019-10-29 13:58:28 Finished transferring input files
...
040 (182750.000.000) 2019-10-29 13:58:28 Started transferring output files
...
040 (182750.000.000) 2019-10-29 13:58:28 Finished transferring output files
...
005 (182750.000.000) 2019-10-29 13:58:28 Job terminated.
	(1) Normal termination (return value 0)
		Usr 0 00:00:00, Sys 0 00:00:00  -  Run Remote Usage
		Usr 0 00:00:00, Sys 0 00:00:00  -  Run Local Usage
		Usr 0 00:00:00, Sys 0 00:00:00  -  Total Remote Usage
		Usr 0 00:00:00, Sys 0 00:00:00  -  Total Local Usage
	54  -  Run Bytes Sent By Job
	197  -  Run Bytes Received By Job
	54  -  Total Bytes Sent By Job
	197  -  Total Bytes Received By Job
	Partitionable Resources :    Usage  Request Allocated 
	   Cpus                 :        0        1         1 
	   Disk (KB)            :       23   102400  13796277 
	   IoHeavy              :                           0 
	   Memory (MB)          :        0      500       512 

	Job terminated of its own accord at 2019-10-29T18:58:28Z.
...
001 (182750.002.000) 2019-10-29 13:58:29 Job executing on host: <128.105.245.162:9618?addrs=128.105.245.162-9618&alias=e2362.chtc.wisc.edu&noUDP&sock=startd_4586_316a_3>
...
006 (182750.002.000) 2019-10-29 13:58:29 Image size of job updated: 64
	1  -  MemoryUsage of job (MB)
	64  -  ResidentSetSize of job (KB)
...
040 (182750.003.000) 2019-10-29 13:58:30 Started transferring input files
	Transferring to host: <128.105.245.158:9618?addrs=128.105.245.158-9618&alias=e2358.chtc.wisc.edu&noUDP&sock=starter_33776_ff57_10858>
...
040 (182750.002.000) 2019-10-29 13:58:30 Started transferring output files
...
040 (182750.002.000) 2019-10-29 13:58:30 Finished transferring output files
...
040 (182750.003.000) 2019-10-29 13:58:30 Finished transferring input files
...
040 (182750.001.000) 2019-10-29 13:58:30 Started transferring input files
	Transferring to host: <128.104.58.207:9618?addrs=128.104.58.207-9618+[2607-f388-1086-0-16fe-b5ff-fec6-7b2b]-9618&alias=e1058.chtc.wisc.edu&noUDP&sock=starter_27415_18f4_32386>
...
040 (182750.001.000) 2019-10-29 13:58:30 Finished transferring input files
...
005 (182750.002.000) 2019-10-29 13:58:30 Job terminated.
	(1) Normal termination (return value 0)
		Usr 0 00:00:00, Sys 0 00:00:00  -  Run Remote Usage
		Usr 0 00:00:00, Sys 0 00:00:00  -  Run Local Usage
		Usr 0 00:00:00, Sys 0 00:00:00  -  Total Remote Usage
		Usr 0 00:00:00, Sys 0 00:00:00  -  Total Local Usage
	52  -  Run Bytes Sent By Job
	197  -  Run Bytes Received By Job
	52  -  Total Bytes Sent By Job
	197  -  Total Bytes Received By Job
	Partitionable Resources :    Usage  Request Allocated 
	   Cpus                 :                 1         1 
	   Disk (KB)            :       15   102400    334508 
	   IoHeavy              :                           0 
	   Memory (MB)          :        1      500       512 

	Job terminated of its own accord at 2019-10-29T18:58:29Z.
...
001 (182750.003.000) 2019-10-29 13:58:31 Job executing on host: <128.105.245.158:9618?addrs=128.105.245.158-9618&alias=e2358.chtc.wisc.edu&noUDP&sock=startd_4516_2dc9_14>
...
001 (182750.001.000) 2019-10-29 13:58:31 Job executing on host: <128.104.58.207:9618?addrs=128.104.58.207-9618+[2607-f388-1086-0-16fe-b5ff-fec6-7b2b]-9618&alias=e1058.chtc.wisc.edu&noUDP&sock=startd_8814_3fd5_3>
...
006 (182750.001.000) 2019-10-29 13:58:31 Image size of job updated: 1
	0  -  MemoryUsage of job (MB)
	0  -  ResidentSetSize of job (KB)
...
040 (182750.001.000) 2019-10-29 13:58:31 Started transferring output files
...
040 (182750.001.000) 2019-10-29 13:58:31 Finished transferring output files
...
005 (182750.001.000) 2019-10-29 13:58:31 Job terminated.
	(1) Normal termination (return value 0)
		Usr 0 00:00:00, Sys 0 00:00:00  -  Run Remote Usage
		Usr 0 00:00:00, Sys 0 00:00:00  -  Run Local Usage
		Usr 0 00:00:00, Sys 0 00:00:00  -  Total Remote Usage
		Usr 0 00:00:00, Sys 0 00:00:00  -  Total Local Usage
	50  -  Run Bytes Sent By Job
	197  -  Run Bytes Received By Job
	50  -  Total Bytes Sent By Job
	197  -  Total Bytes Received By Job
	Partitionable Resources :    Usage  Request Allocated 
	   Cpus                 :        0        1         1 
	   Disk (KB)            :       24   102400    331856 
	   IoHeavy              :                           0 
	   Memory (MB)          :        0      500       512 

	Job terminated of its own accord at 2019-10-29T18:58:31Z.
...
006 (182750.003.000) 2019-10-29 13:58:31 Image size of job updated: 132
	1  -  MemoryUsage of job (MB)
	132  -  ResidentSetSize of job (KB)
...
040 (182750.003.000) 2019-10-29 13:58:31 Started transferring output files
...
040 (182750.003.000) 2019-10-29 13:58:31 Finished transferring output files
...
005 (182750.003.000) 2019-10-29 13:58:32 Job terminated.
	(1) Normal termination (return value 0)
		Usr 0 00:00:00, Sys 0 00:00:00  -  Run Remote Usage
		Usr 0 00:00:00, Sys 0 00:00:00  -  Run Local Usage
		Usr 0 00:00:00, Sys 0 00:00:00  -  Total Remote Usage
		Usr 0 00:00:00, Sys 0 00:00:00  -  Total Local Usage
	50  -  Run Bytes Sent By Job
	197  -  Run Bytes Received By Job
	50  -  Total Bytes Sent By Job
	197  -  Total Bytes Received By Job
	Partitionable Resources :    Usage  Request Allocated 
	   Cpus                 :        0        1         1 
	   Disk (KB)            :       23   102400    331919 
	   IoHeavy              :                           0 
	   Memory (MB)          :        1      500       512 

	Job terminated of its own accord at 2019-10-29T18:58:31Z.
...
